scw/0030/003000060010.001/swg.fits[1]
scw/0036/003600140010.001/swg.fits[1]
scw/0055/005500670010.001/swg.fits[1]
scw/0055/005500680010.001/swg.fits[1]
scw/0055/005500690010.001/swg.fits[1]
scw/0063/006300150010.001/swg.fits[1]
scw/0063/006300160010.001/swg.fits[1]
scw/0063/006300170010.001/swg.fits[1]
scw/0066/006600130010.001/swg.fits[1]
scw/0071/007100080010.001/swg.fits[1]
scw/0071/007100090010.001/swg.fits[1]
scw/0076/007600130010.001/swg.fits[1]
scw/0076/007600140010.001/swg.fits[1]
scw/0081/008100030010.001/swg.fits[1]
scw/0081/008100030020.001/swg.fits[1]
scw/0081/008100040010.001/swg.fits[1]
scw/0081/008100050010.001/swg.fits[1]
scw/0081/008100090010.001/swg.fits[1]
scw/0081/008100100010.001/swg.fits[1]
scw/0081/008100110010.001/swg.fits[1]
scw/0081/008100120010.001/swg.fits[1]
scw/0081/008100130010.001/swg.fits[1]
scw/0081/008100140010.001/swg.fits[1]
scw/0081/008100150010.001/swg.fits[1]
scw/0081/008100160010.001/swg.fits[1]
scw/0081/008100170010.001/swg.fits[1]
scw/0081/008100180010.001/swg.fits[1]
scw/0081/008100190010.001/swg.fits[1]
scw/0081/008100200010.001/swg.fits[1]
scw/0081/008100210010.001/swg.fits[1]
scw/0081/008100220010.001/swg.fits[1]
scw/0081/008100230010.001/swg.fits[1]
scw/0081/008100240010.001/swg.fits[1]
scw/0081/008100250010.001/swg.fits[1]
scw/0081/008100260010.001/swg.fits[1]
scw/0081/008100270010.001/swg.fits[1]
scw/0081/008100280010.001/swg.fits[1]
scw/0081/008100290010.001/swg.fits[1]
scw/0081/008100300010.001/swg.fits[1]
scw/0081/008100310010.001/swg.fits[1]
scw/0081/008100320010.001/swg.fits[1]
scw/0081/008100330010.001/swg.fits[1]
scw/0081/008100340010.001/swg.fits[1]
scw/0081/008100350010.001/swg.fits[1]
scw/0081/008100360010.001/swg.fits[1]
scw/0081/008100370010.001/swg.fits[1]
scw/0081/008100380010.001/swg.fits[1]
scw/0081/008100390010.001/swg.fits[1]
scw/0081/008100400010.001/swg.fits[1]
scw/0081/008100410010.001/swg.fits[1]
scw/0081/008100420010.001/swg.fits[1]
scw/0081/008100430010.001/swg.fits[1]
scw/0081/008100440010.001/swg.fits[1]
scw/0081/008100450010.001/swg.fits[1]
scw/0081/008100490010.001/swg.fits[1]
scw/0081/008100500010.001/swg.fits[1]
scw/0081/008100510010.001/swg.fits[1]
scw/0081/008100520010.001/swg.fits[1]
scw/0081/008100530010.001/swg.fits[1]
scw/0082/008200350010.001/swg.fits[1]
scw/0082/008200360010.001/swg.fits[1]
scw/0082/008200370010.001/swg.fits[1]
scw/0082/008200380010.001/swg.fits[1]
scw/0082/008200390010.001/swg.fits[1]
scw/0082/008200400010.001/swg.fits[1]
scw/0082/008200410010.001/swg.fits[1]
scw/0082/008200420010.001/swg.fits[1]
scw/0082/008200430010.001/swg.fits[1]
scw/0082/008200440010.001/swg.fits[1]
scw/0082/008200450010.001/swg.fits[1]
scw/0082/008200460010.001/swg.fits[1]
scw/0082/008200470010.001/swg.fits[1]
scw/0082/008200480010.001/swg.fits[1]
scw/0082/008200490010.001/swg.fits[1]
scw/0082/008200500010.001/swg.fits[1]
scw/0082/008200510010.001/swg.fits[1]
scw/0082/008200520010.001/swg.fits[1]
scw/0082/008200530010.001/swg.fits[1]
scw/0082/008200540010.001/swg.fits[1]
scw/0082/008200550010.001/swg.fits[1]
scw/0082/008200560010.001/swg.fits[1]
scw/0082/008200570010.001/swg.fits[1]
scw/0082/008200580010.001/swg.fits[1]
scw/0082/008200590010.001/swg.fits[1]
