scw/0379/037900660010.001/swg.fits[1]
scw/0380/038000100010.001/swg.fits[1]
scw/0380/038000150010.001/swg.fits[1]
scw/0380/038000160010.001/swg.fits[1]
scw/0380/038000170010.001/swg.fits[1]
scw/0380/038000180010.001/swg.fits[1]
scw/0380/038000190010.001/swg.fits[1]
scw/0380/038000230010.001/swg.fits[1]
scw/0380/038000240010.001/swg.fits[1]
scw/0380/038000250010.001/swg.fits[1]
scw/0380/038000260010.001/swg.fits[1]
scw/0380/038000270010.001/swg.fits[1]
scw/0380/038000280010.001/swg.fits[1]
scw/0380/038000290010.001/swg.fits[1]
scw/0380/038000300010.001/swg.fits[1]
scw/0380/038000310010.001/swg.fits[1]
scw/0380/038000330010.001/swg.fits[1]
scw/0380/038000340010.001/swg.fits[1]
scw/0380/038000350010.001/swg.fits[1]
scw/0380/038000360010.001/swg.fits[1]
scw/0380/038000370010.001/swg.fits[1]
scw/0380/038000380010.001/swg.fits[1]
scw/0380/038000390010.001/swg.fits[1]
scw/0380/038000400010.001/swg.fits[1]
scw/0380/038000420010.001/swg.fits[1]
scw/0380/038000430010.001/swg.fits[1]
scw/0380/038000440010.001/swg.fits[1]
scw/0380/038000450010.001/swg.fits[1]
scw/0380/038000460010.001/swg.fits[1]
scw/0380/038000470010.001/swg.fits[1]
scw/0380/038000480010.001/swg.fits[1]
scw/0380/038000490010.001/swg.fits[1]
scw/0380/038000500010.001/swg.fits[1]
scw/0380/038000530010.001/swg.fits[1]
scw/0380/038000540010.001/swg.fits[1]
scw/0380/038000550010.001/swg.fits[1]
scw/0380/038000560010.001/swg.fits[1]
scw/0380/038000570010.001/swg.fits[1]
scw/0380/038000580010.001/swg.fits[1]
scw/0380/038000590010.001/swg.fits[1]
scw/0381/038100020010.001/swg.fits[1]
scw/0381/038100030010.001/swg.fits[1]
