scw/2042/204200070010.001/swg.fits[1]
scw/2042/204200080010.001/swg.fits[1]
scw/2042/204200090010.001/swg.fits[1]
scw/2042/204200100010.001/swg.fits[1]
scw/2042/204200110010.001/swg.fits[1]
scw/2042/204200120010.001/swg.fits[1]
scw/2042/204200130010.001/swg.fits[1]
scw/2042/204200140010.001/swg.fits[1]
scw/2042/204200150010.001/swg.fits[1]
scw/2042/204200160010.001/swg.fits[1]
scw/2042/204200170010.001/swg.fits[1]
scw/2042/204200180010.001/swg.fits[1]
scw/2042/204200190010.001/swg.fits[1]
scw/2042/204200200010.001/swg.fits[1]
scw/2042/204200210010.001/swg.fits[1]
scw/2042/204200220010.001/swg.fits[1]
scw/2042/204200230010.001/swg.fits[1]
scw/2042/204200240010.001/swg.fits[1]
scw/2042/204200250010.001/swg.fits[1]
scw/2042/204200260010.001/swg.fits[1]
scw/2042/204200270010.001/swg.fits[1]
