scw/0882/088200430010.001/swg.fits[1]
scw/0882/088200440010.001/swg.fits[1]
scw/0882/088200490010.001/swg.fits[1]
scw/0882/088200500010.001/swg.fits[1]
scw/0882/088200510010.001/swg.fits[1]
scw/0882/088200520010.001/swg.fits[1]
scw/0882/088200530010.001/swg.fits[1]
scw/0882/088200540010.001/swg.fits[1]
scw/0912/091200270010.001/swg.fits[1]
scw/0912/091200280010.001/swg.fits[1]
scw/0912/091200290010.001/swg.fits[1]
scw/0912/091200300010.001/swg.fits[1]
scw/0912/091200310010.001/swg.fits[1]
scw/0912/091200320010.001/swg.fits[1]
scw/0912/091200330010.001/swg.fits[1]
scw/0912/091200340010.001/swg.fits[1]
scw/0912/091200350010.001/swg.fits[1]
scw/0912/091200360010.001/swg.fits[1]
scw/0913/091300030010.001/swg.fits[1]
scw/0913/091300040010.001/swg.fits[1]
scw/0913/091300080010.001/swg.fits[1]
scw/0913/091300090010.001/swg.fits[1]
scw/0913/091300100010.001/swg.fits[1]
scw/0913/091300110010.001/swg.fits[1]
scw/0913/091300120010.001/swg.fits[1]
scw/0913/091300130010.001/swg.fits[1]
scw/0913/091300140010.001/swg.fits[1]
scw/0913/091300150010.001/swg.fits[1]
scw/0913/091300160010.001/swg.fits[1]
scw/0913/091300170010.001/swg.fits[1]
scw/0913/091300180010.001/swg.fits[1]
scw/0913/091300190010.001/swg.fits[1]
scw/0913/091300200010.001/swg.fits[1]
scw/0913/091300210010.001/swg.fits[1]
scw/0913/091300220010.001/swg.fits[1]
scw/0913/091300230010.001/swg.fits[1]
scw/0913/091300240010.001/swg.fits[1]
scw/0913/091300250010.001/swg.fits[1]
scw/0913/091300260010.001/swg.fits[1]
scw/0913/091300270010.001/swg.fits[1]
scw/0913/091300280010.001/swg.fits[1]
scw/0913/091300290010.001/swg.fits[1]
