scw/1168/116800960010.001/swg.fits[1]
scw/1168/116800960030.001/swg.fits[1]
scw/1168/116800960040.001/swg.fits[1]
scw/1168/116800960050.001/swg.fits[1]
scw/1168/116800960060.001/swg.fits[1]
scw/1168/116800960070.001/swg.fits[1]
scw/1171/117100960010.001/swg.fits[1]
scw/1171/117100970010.001/swg.fits[1]
scw/1172/117200360010.001/swg.fits[1]
scw/1172/117200370010.001/swg.fits[1]
scw/1172/117200380010.001/swg.fits[1]
scw/1173/117300310010.001/swg.fits[1]
scw/1173/117300320010.001/swg.fits[1]
scw/1178/117800910010.001/swg.fits[1]
scw/1178/117800920010.001/swg.fits[1]
scw/1178/117800930010.001/swg.fits[1]
scw/1178/117801000010.001/swg.fits[1]
scw/1178/117801010010.001/swg.fits[1]
scw/1178/117801020010.001/swg.fits[1]
scw/1180/118000700010.001/swg.fits[1]
scw/1180/118000710010.001/swg.fits[1]
scw/1180/118000780010.001/swg.fits[1]
scw/1180/118000790010.001/swg.fits[1]
scw/1181/118100800010.001/swg.fits[1]
scw/1181/118100810010.001/swg.fits[1]
scw/1182/118200660010.001/swg.fits[1]
scw/1182/118200670010.001/swg.fits[1]
scw/1182/118200730010.001/swg.fits[1]
scw/1182/118200740010.001/swg.fits[1]
scw/1184/118400620010.001/swg.fits[1]
scw/1186/118600580010.001/swg.fits[1]
scw/1186/118600660010.001/swg.fits[1]
scw/1187/118700550010.001/swg.fits[1]
scw/1187/118700560010.001/swg.fits[1]
scw/1187/118700570010.001/swg.fits[1]
scw/1187/118700650010.001/swg.fits[1]
scw/1243/124300640010.001/swg.fits[1]
scw/1243/124300650010.001/swg.fits[1]
scw/1243/124300660010.001/swg.fits[1]
scw/1245/124500680010.001/swg.fits[1]
scw/1245/124500690010.001/swg.fits[1]
scw/1245/124500700010.001/swg.fits[1]
scw/1295/129500680010.001/swg.fits[1]
scw/1295/129500690010.001/swg.fits[1]
scw/1295/129500700010.001/swg.fits[1]
scw/1295/129500750010.001/swg.fits[1]
scw/1295/129500760010.001/swg.fits[1]
scw/1295/129500770010.001/swg.fits[1]
scw/1297/129700790010.001/swg.fits[1]
scw/1297/129700800010.001/swg.fits[1]
scw/1297/129700820010.001/swg.fits[1]
scw/1297/129700830010.001/swg.fits[1]
scw/1300/130000080010.001/swg.fits[1]
scw/1300/130000090010.001/swg.fits[1]
scw/1300/130000630010.001/swg.fits[1]
scw/1300/130000690010.001/swg.fits[1]
scw/1300/130000700010.001/swg.fits[1]
scw/1301/130100560010.001/swg.fits[1]
scw/1301/130100570010.001/swg.fits[1]
scw/1301/130100630010.001/swg.fits[1]
scw/1301/130100640010.001/swg.fits[1]
scw/1302/130200560010.001/swg.fits[1]
scw/1302/130200570010.001/swg.fits[1]
scw/1302/130200580010.001/swg.fits[1]
scw/1302/130200650010.001/swg.fits[1]
scw/1302/130200660010.001/swg.fits[1]
scw/1302/130200670010.001/swg.fits[1]
scw/1306/130600600010.001/swg.fits[1]
scw/1306/130600650010.001/swg.fits[1]
scw/1365/136500100010.001/swg.fits[1]
scw/1365/136500110010.001/swg.fits[1]
scw/1365/136500160010.001/swg.fits[1]
scw/1365/136500170010.001/swg.fits[1]
scw/1366/136600100010.001/swg.fits[1]
scw/1366/136600110010.001/swg.fits[1]
scw/1366/136600170010.001/swg.fits[1]
scw/1366/136600180010.001/swg.fits[1]
scw/1366/136600190010.001/swg.fits[1]
scw/1373/137300060010.001/swg.fits[1]
scw/1373/137300070010.001/swg.fits[1]
scw/1374/137400030010.001/swg.fits[1]
scw/1374/137400040010.001/swg.fits[1]
scw/1375/137500040010.001/swg.fits[1]
scw/1375/137500050010.001/swg.fits[1]
scw/1375/137500060010.001/swg.fits[1]
scw/1375/137500240010.001/swg.fits[1]
scw/1376/137600040010.001/swg.fits[1]
scw/1376/137600050010.001/swg.fits[1]
scw/1472/147200080010.001/swg.fits[1]
scw/1472/147200090010.001/swg.fits[1]
scw/1472/147200100010.001/swg.fits[1]
scw/1480/148000080010.001/swg.fits[1]
scw/1480/148000190010.001/swg.fits[1]
scw/1480/148000200010.001/swg.fits[1]
scw/1485/148500070010.001/swg.fits[1]
scw/1485/148500080010.001/swg.fits[1]
scw/1485/148500090010.001/swg.fits[1]
scw/1485/148500140010.001/swg.fits[1]
scw/1485/148500150010.001/swg.fits[1]
scw/1488/148800080010.001/swg.fits[1]
scw/1488/148800090010.001/swg.fits[1]
scw/1488/148800140010.001/swg.fits[1]
scw/1488/148800150010.001/swg.fits[1]
scw/1610/161000280010.001/swg.fits[1]
scw/1610/161000410010.001/swg.fits[1]
scw/1620/162000320010.001/swg.fits[1]
scw/1620/162000330010.001/swg.fits[1]
scw/1620/162000460010.001/swg.fits[1]
scw/1620/162000470010.001/swg.fits[1]
scw/1621/162100070010.001/swg.fits[1]
scw/1621/162100080010.001/swg.fits[1]
scw/1621/162100090010.001/swg.fits[1]
scw/1621/162100140010.001/swg.fits[1]
scw/1621/162100150010.001/swg.fits[1]
scw/1621/162100160010.001/swg.fits[1]
scw/1625/162500360010.001/swg.fits[1]
scw/1625/162500370010.001/swg.fits[1]
scw/1625/162500380010.001/swg.fits[1]
scw/1625/162500430010.001/swg.fits[1]
scw/1625/162500440010.001/swg.fits[1]
scw/2006/200600280010.001/swg.fits[1]
scw/2030/203000410010.001/swg.fits[1]
scw/2031/203100420010.001/swg.fits[1]
scw/2042/204200040010.001/swg.fits[1]
scw/2042/204200050010.001/swg.fits[1]
scw/2042/204200060010.001/swg.fits[1]
scw/2042/204200070010.001/swg.fits[1]
scw/2042/204200080010.001/swg.fits[1]
scw/2042/204200090010.001/swg.fits[1]
scw/2042/204200100010.001/swg.fits[1]
scw/2042/204200110010.001/swg.fits[1]
scw/2042/204200120010.001/swg.fits[1]
scw/2042/204200130010.001/swg.fits[1]
scw/2042/204200140010.001/swg.fits[1]
scw/2042/204200150010.001/swg.fits[1]
scw/2042/204200160010.001/swg.fits[1]
scw/2042/204200170010.001/swg.fits[1]
scw/2042/204200180010.001/swg.fits[1]
scw/2042/204200190010.001/swg.fits[1]
scw/2042/204200200010.001/swg.fits[1]
scw/2042/204200210010.001/swg.fits[1]
scw/2042/204200220010.001/swg.fits[1]
scw/2042/204200230010.001/swg.fits[1]
scw/2042/204200240010.001/swg.fits[1]
scw/2042/204200250010.001/swg.fits[1]
scw/2042/204200260010.001/swg.fits[1]
scw/2042/204200270010.001/swg.fits[1]
scw/2042/204200280010.001/swg.fits[1]
scw/2042/204200290010.001/swg.fits[1]
scw/2042/204200300010.001/swg.fits[1]
scw/2042/204200310010.001/swg.fits[1]
scw/2042/204200320010.001/swg.fits[1]
scw/2042/204200330010.001/swg.fits[1]
scw/2042/204200340010.001/swg.fits[1]
scw/2042/204200350010.001/swg.fits[1]
scw/2042/204200360010.001/swg.fits[1]
scw/2042/204200370010.001/swg.fits[1]
scw/2042/204200380010.001/swg.fits[1]
scw/2042/204200390010.001/swg.fits[1]
scw/2042/204200400010.001/swg.fits[1]
scw/2042/204200410010.001/swg.fits[1]
scw/2042/204200420010.001/swg.fits[1]
scw/2042/204200430010.001/swg.fits[1]
scw/2042/204200440010.001/swg.fits[1]
scw/2042/204200450010.001/swg.fits[1]
scw/2042/204200460010.001/swg.fits[1]
scw/2042/204200470010.001/swg.fits[1]
scw/2042/204200480010.001/swg.fits[1]
