scw/0083/008300270010.001/swg.fits[1]
scw/0083/008300280010.001/swg.fits[1]
scw/0083/008300290010.001/swg.fits[1]
scw/0083/008300300010.001/swg.fits[1]
scw/0083/008300310010.001/swg.fits[1]
scw/0083/008300320010.001/swg.fits[1]
scw/0083/008300330010.001/swg.fits[1]
scw/0083/008300340010.001/swg.fits[1]
scw/0083/008300350010.001/swg.fits[1]
scw/0083/008300360010.001/swg.fits[1]
scw/0083/008300370010.001/swg.fits[1]
scw/0083/008300380010.001/swg.fits[1]
scw/0083/008300390010.001/swg.fits[1]
scw/0083/008300400010.001/swg.fits[1]
scw/0083/008300410010.001/swg.fits[1]
scw/0083/008300420010.001/swg.fits[1]
scw/0083/008300430010.001/swg.fits[1]
scw/0083/008300440010.001/swg.fits[1]
scw/0083/008300450010.001/swg.fits[1]
scw/0083/008300460010.001/swg.fits[1]
scw/0083/008300470010.001/swg.fits[1]
