scw/2044/204400290010.001/swg.fits[1]
scw/2044/204400300010.001/swg.fits[1]
scw/2044/204400310010.001/swg.fits[1]
scw/2044/204400320010.001/swg.fits[1]
scw/2044/204400330010.001/swg.fits[1]
scw/2044/204400340010.001/swg.fits[1]
scw/2044/204400350010.001/swg.fits[1]
scw/2044/204400360010.001/swg.fits[1]
scw/2044/204400370010.001/swg.fits[1]
scw/2044/204400380010.001/swg.fits[1]
scw/2044/204400390010.001/swg.fits[1]
scw/2044/204400400010.001/swg.fits[1]
scw/2044/204400410010.001/swg.fits[1]
scw/2044/204400420010.001/swg.fits[1]
scw/2044/204400430010.001/swg.fits[1]
scw/2044/204400440010.001/swg.fits[1]
scw/2044/204400450010.001/swg.fits[1]
scw/2044/204400460010.001/swg.fits[1]
scw/2044/204400470010.001/swg.fits[1]
scw/2044/204400480010.001/swg.fits[1]
scw/2044/204400490010.001/swg.fits[1]
scw/2044/204400500010.001/swg.fits[1]
scw/2044/204400510010.001/swg.fits[1]
scw/2044/204400520010.001/swg.fits[1]
scw/2044/204400530010.001/swg.fits[1]
scw/2058/205800020010.001/swg.fits[1]
scw/2245/224500040010.001/swg.fits[1]
scw/2245/224500050010.001/swg.fits[1]
scw/2245/224500060010.001/swg.fits[1]
scw/2245/224500070010.001/swg.fits[1]
scw/2245/224500080010.001/swg.fits[1]
scw/2245/224500090010.001/swg.fits[1]
scw/2245/224500100010.001/swg.fits[1]
scw/2245/224500110010.001/swg.fits[1]
scw/2245/224500120010.001/swg.fits[1]
scw/2245/224500130010.001/swg.fits[1]
scw/2245/224500140010.001/swg.fits[1]
scw/2245/224500150010.001/swg.fits[1]
scw/2245/224500160010.001/swg.fits[1]
scw/2245/224500170010.001/swg.fits[1]
scw/2245/224500180010.001/swg.fits[1]
scw/2245/224500190010.001/swg.fits[1]
scw/2245/224500200010.001/swg.fits[1]
scw/2245/224500210010.001/swg.fits[1]
scw/2245/224500220010.001/swg.fits[1]
scw/2245/224500230010.001/swg.fits[1]
scw/2245/224500240010.001/swg.fits[1]
scw/2245/224500250010.001/swg.fits[1]
scw/2245/224500260010.001/swg.fits[1]
scw/2245/224500270010.001/swg.fits[1]
scw/2245/224500280010.001/swg.fits[1]
scw/2245/224500290010.001/swg.fits[1]
scw/2245/224500300010.001/swg.fits[1]
scw/2245/224500310010.001/swg.fits[1]
scw/2245/224500320010.001/swg.fits[1]
scw/2245/224500330010.001/swg.fits[1]
scw/2245/224500340010.001/swg.fits[1]
scw/2245/224500350010.001/swg.fits[1]
scw/2245/224500360010.001/swg.fits[1]
scw/2245/224500370010.001/swg.fits[1]
scw/2245/224500380010.001/swg.fits[1]
scw/2245/224500390010.001/swg.fits[1]
scw/2245/224500400010.001/swg.fits[1]
scw/2245/224500410010.001/swg.fits[1]
scw/2245/224500420010.001/swg.fits[1]
scw/2245/224500430010.001/swg.fits[1]
scw/2245/224500440010.001/swg.fits[1]
scw/2245/224500450010.001/swg.fits[1]
scw/2245/224500460010.001/swg.fits[1]
scw/2245/224500470010.001/swg.fits[1]
scw/2245/224500480010.001/swg.fits[1]
scw/2245/224500490010.001/swg.fits[1]
scw/2245/224500500010.001/swg.fits[1]
scw/2245/224500510010.001/swg.fits[1]
scw/2247/224700560010.001/swg.fits[1]
scw/2247/224700570010.001/swg.fits[1]
scw/2247/224700580010.001/swg.fits[1]
scw/2247/224700590010.001/swg.fits[1]
scw/2247/224700600010.001/swg.fits[1]
scw/2247/224700610010.001/swg.fits[1]
scw/2247/224700620010.001/swg.fits[1]
scw/2247/224700630010.001/swg.fits[1]
scw/2247/224700640010.001/swg.fits[1]
scw/2247/224700650010.001/swg.fits[1]
