scw/0377/037700400010.001/swg.fits[1]
scw/0377/037700410010.001/swg.fits[1]
scw/0377/037700420010.001/swg.fits[1]
scw/0377/037700460010.001/swg.fits[1]
scw/0377/037700470010.001/swg.fits[1]
scw/0377/037700480010.001/swg.fits[1]
scw/0377/037700490010.001/swg.fits[1]
scw/0377/037700500010.001/swg.fits[1]
scw/0377/037700510010.001/swg.fits[1]
scw/0377/037700520010.001/swg.fits[1]
scw/0377/037700530010.001/swg.fits[1]
scw/0377/037700570010.001/swg.fits[1]
scw/0377/037700580010.001/swg.fits[1]
scw/0377/037700590010.001/swg.fits[1]
scw/0378/037800010010.001/swg.fits[1]
scw/0378/037800020010.001/swg.fits[1]
scw/0378/037800030010.001/swg.fits[1]
scw/0378/037800070010.001/swg.fits[1]
scw/0378/037800080010.001/swg.fits[1]
scw/0378/037800090010.001/swg.fits[1]
scw/0378/037800100010.001/swg.fits[1]
