scw/0382/038200570010.001/swg.fits[1]
scw/0382/038200580010.001/swg.fits[1]
scw/0383/038300010010.001/swg.fits[1]
scw/0383/038300020010.001/swg.fits[1]
scw/0383/038300030010.001/swg.fits[1]
scw/0383/038300040010.001/swg.fits[1]
scw/0383/038300050010.001/swg.fits[1]
scw/0383/038300100010.001/swg.fits[1]
scw/0383/038300110010.001/swg.fits[1]
scw/0383/038300120010.001/swg.fits[1]
scw/0383/038300130010.001/swg.fits[1]
scw/0383/038300140010.001/swg.fits[1]
scw/0383/038300150010.001/swg.fits[1]
scw/0383/038300180010.001/swg.fits[1]
scw/0383/038300190010.001/swg.fits[1]
scw/0383/038300200010.001/swg.fits[1]
scw/0383/038300210010.001/swg.fits[1]
scw/0383/038300220010.001/swg.fits[1]
scw/0383/038300230010.001/swg.fits[1]
scw/0383/038300240010.001/swg.fits[1]
scw/0383/038300250010.001/swg.fits[1]
scw/0383/038300290010.001/swg.fits[1]
scw/0383/038300300010.001/swg.fits[1]
scw/0383/038300310010.001/swg.fits[1]
scw/0383/038300320010.001/swg.fits[1]
scw/0383/038300330010.001/swg.fits[1]
scw/0383/038300340010.001/swg.fits[1]
scw/0383/038300390010.001/swg.fits[1]
scw/0383/038300400010.001/swg.fits[1]
scw/0383/038300410010.001/swg.fits[1]
scw/0383/038300420010.001/swg.fits[1]
scw/0383/038300430010.001/swg.fits[1]
scw/0383/038300440010.001/swg.fits[1]
scw/0383/038300480010.001/swg.fits[1]
scw/0387/038700070010.001/swg.fits[1]
scw/0391/039100030010.001/swg.fits[1]
scw/0391/039100040010.001/swg.fits[1]
scw/0391/039100050010.001/swg.fits[1]
scw/0398/039800060010.001/swg.fits[1]
scw/0398/039800070010.001/swg.fits[1]
scw/0399/039900450010.001/swg.fits[1]
scw/0400/040000040010.001/swg.fits[1]
