scw/2383/238300340010.001/swg.fits[1]
scw/2383/238300350010.001/swg.fits[1]
scw/2383/238300360010.001/swg.fits[1]
scw/2383/238300380010.001/swg.fits[1]
scw/2383/238300390010.001/swg.fits[1]
scw/2383/238300400010.001/swg.fits[1]
scw/2383/238300410010.001/swg.fits[1]
scw/2383/238300420010.001/swg.fits[1]
scw/2383/238300430010.001/swg.fits[1]
scw/2383/238300440010.001/swg.fits[1]
scw/2383/238300450010.001/swg.fits[1]
scw/2383/238300460010.001/swg.fits[1]
scw/2383/238300470010.001/swg.fits[1]
scw/2383/238300480010.001/swg.fits[1]
scw/2383/238300490010.001/swg.fits[1]
scw/2383/238300500010.001/swg.fits[1]
scw/2384/238400550010.001/swg.fits[1]
scw/2384/238400560010.001/swg.fits[1]
scw/2384/238400570010.001/swg.fits[1]
scw/2384/238400590010.001/swg.fits[1]
scw/2384/238400600010.001/swg.fits[1]
