scw/2044/204400500010.001/swg.fits[1]
scw/2044/204400510010.001/swg.fits[1]
scw/2044/204400520010.001/swg.fits[1]
scw/2044/204400530010.001/swg.fits[1]
scw/2058/205800020010.001/swg.fits[1]
scw/2245/224500040010.001/swg.fits[1]
scw/2245/224500050010.001/swg.fits[1]
scw/2245/224500060010.001/swg.fits[1]
scw/2245/224500070010.001/swg.fits[1]
scw/2245/224500080010.001/swg.fits[1]
scw/2245/224500090010.001/swg.fits[1]
scw/2245/224500100010.001/swg.fits[1]
scw/2245/224500110010.001/swg.fits[1]
scw/2245/224500120010.001/swg.fits[1]
scw/2245/224500130010.001/swg.fits[1]
scw/2245/224500140010.001/swg.fits[1]
scw/2245/224500150010.001/swg.fits[1]
scw/2245/224500160010.001/swg.fits[1]
scw/2245/224500170010.001/swg.fits[1]
scw/2245/224500180010.001/swg.fits[1]
scw/2245/224500190010.001/swg.fits[1]
