scw/0082/008200390010.001/swg.fits[1]
scw/0082/008200400010.001/swg.fits[1]
scw/0082/008200410010.001/swg.fits[1]
scw/0082/008200420010.001/swg.fits[1]
scw/0082/008200430010.001/swg.fits[1]
scw/0082/008200440010.001/swg.fits[1]
scw/0082/008200450010.001/swg.fits[1]
scw/0082/008200460010.001/swg.fits[1]
scw/0082/008200470010.001/swg.fits[1]
scw/0082/008200480010.001/swg.fits[1]
scw/0082/008200490010.001/swg.fits[1]
scw/0082/008200500010.001/swg.fits[1]
scw/0082/008200510010.001/swg.fits[1]
scw/0082/008200520010.001/swg.fits[1]
scw/0082/008200530010.001/swg.fits[1]
scw/0082/008200540010.001/swg.fits[1]
scw/0082/008200550010.001/swg.fits[1]
scw/0082/008200560010.001/swg.fits[1]
scw/0082/008200570010.001/swg.fits[1]
scw/0082/008200580010.001/swg.fits[1]
scw/0082/008200590010.001/swg.fits[1]
