scw/0281/028100030010.001/swg.fits[1]
scw/0281/028100040010.001/swg.fits[1]
scw/0281/028100050010.001/swg.fits[1]
scw/0283/028300050010.001/swg.fits[1]
scw/0283/028300060010.001/swg.fits[1]
scw/0283/028300070010.001/swg.fits[1]
scw/0301/030100020010.001/swg.fits[1]
scw/0301/030100030010.001/swg.fits[1]
scw/0308/030800140010.001/swg.fits[1]
scw/0308/030800150010.001/swg.fits[1]
scw/0317/031700060010.001/swg.fits[1]
scw/0317/031700070010.001/swg.fits[1]
scw/0317/031700080010.001/swg.fits[1]
scw/0324/032400070010.001/swg.fits[1]
scw/0324/032400080010.001/swg.fits[1]
scw/0325/032500480010.001/swg.fits[1]
scw/0325/032500490010.001/swg.fits[1]
scw/0327/032700030010.001/swg.fits[1]
scw/0327/032700040010.001/swg.fits[1]
scw/0327/032700050010.001/swg.fits[1]
scw/0330/033000830010.001/swg.fits[1]
scw/0335/033500080010.001/swg.fits[1]
scw/0335/033500090010.001/swg.fits[1]
scw/0335/033500100010.001/swg.fits[1]
scw/0338/033800070010.001/swg.fits[1]
scw/0338/033800080010.001/swg.fits[1]
scw/0343/034300090010.001/swg.fits[1]
scw/0372/037200080010.001/swg.fits[1]
scw/0372/037200090010.001/swg.fits[1]
scw/0373/037300490010.001/swg.fits[1]
scw/0373/037300500010.001/swg.fits[1]
scw/0373/037300510010.001/swg.fits[1]
scw/0373/037300520010.001/swg.fits[1]
scw/0373/037300540010.001/swg.fits[1]
scw/0373/037300550010.001/swg.fits[1]
scw/0373/037300560010.001/swg.fits[1]
scw/0373/037300570010.001/swg.fits[1]
scw/0373/037300580010.001/swg.fits[1]
scw/0373/037300590010.001/swg.fits[1]
scw/0373/037300600010.001/swg.fits[1]
scw/0373/037300610010.001/swg.fits[1]
scw/0373/037300620010.001/swg.fits[1]
scw/0373/037300630010.001/swg.fits[1]
scw/0374/037400490010.001/swg.fits[1]
scw/0374/037400500010.001/swg.fits[1]
scw/0374/037400510010.001/swg.fits[1]
scw/0374/037400520010.001/swg.fits[1]
scw/0374/037400580010.001/swg.fits[1]
scw/0374/037400590010.001/swg.fits[1]
scw/0374/037400600010.001/swg.fits[1]
scw/0374/037400610010.001/swg.fits[1]
scw/0374/037400620010.001/swg.fits[1]
scw/0374/037400630010.001/swg.fits[1]
scw/0374/037400640010.001/swg.fits[1]
scw/0374/037400660010.001/swg.fits[1]
scw/0374/037400670010.001/swg.fits[1]
scw/0374/037400680010.001/swg.fits[1]
scw/0374/037400690010.001/swg.fits[1]
scw/0374/037400700010.001/swg.fits[1]
scw/0374/037400710010.001/swg.fits[1]
scw/0374/037400720010.001/swg.fits[1]
scw/0374/037400730010.001/swg.fits[1]
scw/0375/037500020010.001/swg.fits[1]
scw/0375/037500030010.001/swg.fits[1]
scw/0375/037500050010.001/swg.fits[1]
scw/0375/037500060010.001/swg.fits[1]
scw/0375/037500070010.001/swg.fits[1]
scw/0375/037500080010.001/swg.fits[1]
scw/0375/037500090010.001/swg.fits[1]
scw/0375/037500100010.001/swg.fits[1]
scw/0375/037500110010.001/swg.fits[1]
scw/0375/037500120010.001/swg.fits[1]
scw/0375/037500140010.001/swg.fits[1]
scw/0375/037500150010.001/swg.fits[1]
scw/0375/037500160010.001/swg.fits[1]
scw/0375/037500170010.001/swg.fits[1]
scw/0375/037500180010.001/swg.fits[1]
scw/0375/037500190010.001/swg.fits[1]
scw/0375/037500200010.001/swg.fits[1]
scw/0375/037500210010.001/swg.fits[1]
scw/0375/037500220010.001/swg.fits[1]
scw/0376/037600040010.001/swg.fits[1]
scw/0376/037600050010.001/swg.fits[1]
scw/0376/037600060010.001/swg.fits[1]
scw/0376/037600070010.001/swg.fits[1]
scw/0376/037600080010.001/swg.fits[1]
scw/0376/037600150010.001/swg.fits[1]
scw/0376/037600160010.001/swg.fits[1]
scw/0376/037600170010.001/swg.fits[1]
scw/0376/037600180010.001/swg.fits[1]
scw/0376/037600190010.001/swg.fits[1]
scw/0376/037600230010.001/swg.fits[1]
scw/0376/037600240010.001/swg.fits[1]
scw/0376/037600250010.001/swg.fits[1]
scw/0376/037600260010.001/swg.fits[1]
scw/0376/037600270010.001/swg.fits[1]
scw/0376/037600280010.001/swg.fits[1]
scw/0376/037600290010.001/swg.fits[1]
scw/0376/037600300010.001/swg.fits[1]
scw/0376/037600310010.001/swg.fits[1]
scw/0376/037600320010.001/swg.fits[1]
scw/0376/037600330010.001/swg.fits[1]
scw/0376/037600340010.001/swg.fits[1]
scw/0376/037600350010.001/swg.fits[1]
scw/0376/037600360010.001/swg.fits[1]
scw/0376/037600370010.001/swg.fits[1]
scw/0376/037600380010.001/swg.fits[1]
scw/0376/037600390010.001/swg.fits[1]
scw/0376/037600430010.001/swg.fits[1]
scw/0376/037600440010.001/swg.fits[1]
scw/0376/037600450010.001/swg.fits[1]
scw/0376/037600460010.001/swg.fits[1]
scw/0376/037600480010.001/swg.fits[1]
scw/0376/037600490010.001/swg.fits[1]
scw/0376/037600500010.001/swg.fits[1]
scw/0376/037600540010.001/swg.fits[1]
scw/0376/037600550010.001/swg.fits[1]
scw/0376/037600560010.001/swg.fits[1]
scw/0376/037600570010.001/swg.fits[1]
scw/0376/037600580010.001/swg.fits[1]
scw/0377/037700020010.001/swg.fits[1]
scw/0377/037700030010.001/swg.fits[1]
scw/0377/037700070010.001/swg.fits[1]
scw/0377/037700080010.001/swg.fits[1]
scw/0377/037700090010.001/swg.fits[1]
scw/0377/037700100010.001/swg.fits[1]
scw/0377/037700110010.001/swg.fits[1]
scw/0377/037700120010.001/swg.fits[1]
scw/0377/037700160010.001/swg.fits[1]
scw/0377/037700170010.001/swg.fits[1]
scw/0377/037700180010.001/swg.fits[1]
scw/0377/037700190010.001/swg.fits[1]
scw/0377/037700200010.001/swg.fits[1]
scw/0377/037700210010.001/swg.fits[1]
scw/0377/037700220010.001/swg.fits[1]
scw/0377/037700230010.001/swg.fits[1]
scw/0377/037700240010.001/swg.fits[1]
scw/0377/037700260010.001/swg.fits[1]
scw/0377/037700270010.001/swg.fits[1]
scw/0377/037700280010.001/swg.fits[1]
scw/0377/037700290010.001/swg.fits[1]
scw/0377/037700300010.001/swg.fits[1]
scw/0377/037700310010.001/swg.fits[1]
scw/0377/037700320010.001/swg.fits[1]
scw/0377/037700370010.001/swg.fits[1]
scw/0377/037700380010.001/swg.fits[1]
scw/0377/037700390010.001/swg.fits[1]
scw/0377/037700400010.001/swg.fits[1]
scw/0377/037700410010.001/swg.fits[1]
scw/0377/037700420010.001/swg.fits[1]
scw/0377/037700460010.001/swg.fits[1]
scw/0377/037700470010.001/swg.fits[1]
scw/0377/037700480010.001/swg.fits[1]
scw/0377/037700490010.001/swg.fits[1]
scw/0377/037700500010.001/swg.fits[1]
scw/0377/037700510010.001/swg.fits[1]
scw/0377/037700520010.001/swg.fits[1]
scw/0377/037700530010.001/swg.fits[1]
scw/0377/037700570010.001/swg.fits[1]
scw/0377/037700580010.001/swg.fits[1]
scw/0377/037700590010.001/swg.fits[1]
scw/0378/037800010010.001/swg.fits[1]
scw/0378/037800020010.001/swg.fits[1]
scw/0378/037800030010.001/swg.fits[1]
scw/0378/037800070010.001/swg.fits[1]
scw/0378/037800080010.001/swg.fits[1]
scw/0378/037800090010.001/swg.fits[1]
scw/0378/037800100010.001/swg.fits[1]
