scw/2392/239200990010.001/swg.fits[1]
scw/2392/239201000010.001/swg.fits[1]
scw/2392/239201010010.001/swg.fits[1]
scw/2404/240400020010.001/swg.fits[1]
scw/2427/242700580010.001/swg.fits[1]
scw/2427/242700590010.001/swg.fits[1]
scw/2427/242700600010.001/swg.fits[1]
scw/2427/242700610010.001/swg.fits[1]
scw/2427/242700620010.001/swg.fits[1]
scw/2427/242700630010.001/swg.fits[1]
scw/2427/242700640010.001/swg.fits[1]
scw/2427/242700650010.001/swg.fits[1]
scw/2427/242700660010.001/swg.fits[1]
scw/2427/242700670010.001/swg.fits[1]
scw/2427/242700680010.001/swg.fits[1]
scw/2427/242700690010.001/swg.fits[1]
scw/2427/242700700010.001/swg.fits[1]
scw/2427/242700710010.001/swg.fits[1]
scw/2427/242700720010.001/swg.fits[1]
scw/2427/242700740010.001/swg.fits[1]
scw/2427/242700750010.001/swg.fits[1]
scw/2427/242700760010.001/swg.fits[1]
scw/2427/242700770010.001/swg.fits[1]
scw/2427/242700780010.001/swg.fits[1]
scw/2427/242700790010.001/swg.fits[1]
scw/2430/243000440010.001/swg.fits[1]
scw/2430/243000660010.001/swg.fits[1]
scw/2430/243000670010.001/swg.fits[1]
scw/2430/243000680010.001/swg.fits[1]
scw/2430/243000690010.001/swg.fits[1]
scw/2430/243000700010.001/swg.fits[1]
scw/2430/243000710010.001/swg.fits[1]
scw/2430/243000720010.001/swg.fits[1]
scw/2430/243000730010.001/swg.fits[1]
scw/2430/243000750010.001/swg.fits[1]
scw/2430/243000760010.001/swg.fits[1]
scw/2430/243000770010.001/swg.fits[1]
scw/2430/243000780010.001/swg.fits[1]
scw/2430/243000790010.001/swg.fits[1]
scw/2430/243000800010.001/swg.fits[1]
scw/2430/243000810010.001/swg.fits[1]
scw/2430/243000820010.001/swg.fits[1]
