scw/0088/008800720010.001/swg.fits[1]
scw/0088/008800730010.001/swg.fits[1]
scw/0088/008800740010.001/swg.fits[1]
scw/0088/008800750010.001/swg.fits[1]
scw/0088/008800760010.001/swg.fits[1]
scw/0088/008800770010.001/swg.fits[1]
scw/0088/008800780010.001/swg.fits[1]
scw/0088/008800790010.001/swg.fits[1]
scw/0088/008800800010.001/swg.fits[1]
scw/0088/008800810010.001/swg.fits[1]
scw/0088/008800820010.001/swg.fits[1]
scw/0088/008800830010.001/swg.fits[1]
scw/0088/008800830020.001/swg.fits[1]
scw/0091/009100090010.001/swg.fits[1]
scw/0137/013700140010.001/swg.fits[1]
scw/0137/013700150010.001/swg.fits[1]
scw/0137/013700160010.001/swg.fits[1]
scw/0137/013700220010.001/swg.fits[1]
scw/0137/013700230010.001/swg.fits[1]
scw/0137/013700240010.001/swg.fits[1]
scw/0137/013700250010.001/swg.fits[1]
