scw/0335/033500080010.001/swg.fits[1]
scw/0335/033500090010.001/swg.fits[1]
scw/0335/033500100010.001/swg.fits[1]
scw/0338/033800070010.001/swg.fits[1]
scw/0338/033800080010.001/swg.fits[1]
scw/0343/034300090010.001/swg.fits[1]
scw/0372/037200080010.001/swg.fits[1]
scw/0372/037200090010.001/swg.fits[1]
scw/0373/037300490010.001/swg.fits[1]
scw/0373/037300500010.001/swg.fits[1]
scw/0373/037300510010.001/swg.fits[1]
scw/0373/037300520010.001/swg.fits[1]
scw/0373/037300540010.001/swg.fits[1]
scw/0373/037300550010.001/swg.fits[1]
scw/0373/037300560010.001/swg.fits[1]
scw/0373/037300570010.001/swg.fits[1]
scw/0373/037300580010.001/swg.fits[1]
scw/0373/037300590010.001/swg.fits[1]
scw/0373/037300600010.001/swg.fits[1]
scw/0373/037300610010.001/swg.fits[1]
scw/0373/037300620010.001/swg.fits[1]
