scw/0138/013800520010.001/swg.fits[1]
scw/0138/013800530010.001/swg.fits[1]
scw/0138/013800540010.001/swg.fits[1]
scw/0138/013800560010.001/swg.fits[1]
scw/0138/013800570010.001/swg.fits[1]
scw/0138/013800580010.001/swg.fits[1]
scw/0138/013800590010.001/swg.fits[1]
scw/0138/013800600010.001/swg.fits[1]
scw/0138/013800610010.001/swg.fits[1]
scw/0138/013800620010.001/swg.fits[1]
scw/0138/013800680010.001/swg.fits[1]
scw/0138/013800690010.001/swg.fits[1]
scw/0138/013800700010.001/swg.fits[1]
scw/0138/013800790010.001/swg.fits[1]
scw/0138/013800880010.001/swg.fits[1]
scw/0138/013800890010.001/swg.fits[1]
scw/0138/013800900010.001/swg.fits[1]
scw/0138/013800960010.001/swg.fits[1]
scw/0138/013800970010.001/swg.fits[1]
scw/0138/013800980010.001/swg.fits[1]
scw/0138/013800990010.001/swg.fits[1]
scw/0138/013801000010.001/swg.fits[1]
scw/0138/013801010010.001/swg.fits[1]
scw/0138/013801020010.001/swg.fits[1]
scw/0138/013801040010.001/swg.fits[1]
scw/0138/013801050010.001/swg.fits[1]
scw/0138/013801060010.001/swg.fits[1]
scw/0138/013801080010.001/swg.fits[1]
scw/0138/013801090010.001/swg.fits[1]
scw/0138/013801100010.001/swg.fits[1]
scw/0138/013801110010.001/swg.fits[1]
scw/0138/013801120010.001/swg.fits[1]
scw/0138/013801130010.001/swg.fits[1]
scw/0139/013900020010.001/swg.fits[1]
scw/0139/013900020060.001/swg.fits[1]
scw/0139/013900030010.001/swg.fits[1]
scw/0139/013900040010.001/swg.fits[1]
scw/0139/013900130010.001/swg.fits[1]
scw/0139/013900220010.001/swg.fits[1]
scw/0139/013900230010.001/swg.fits[1]
scw/0139/013900240010.001/swg.fits[1]
scw/0139/013900300010.001/swg.fits[1]
