scw/1168/116800960010.001/swg.fits[1]
scw/1168/116800960030.001/swg.fits[1]
scw/1168/116800960040.001/swg.fits[1]
scw/1168/116800960050.001/swg.fits[1]
scw/1168/116800960060.001/swg.fits[1]
scw/1168/116800960070.001/swg.fits[1]
scw/1171/117100960010.001/swg.fits[1]
scw/1171/117100970010.001/swg.fits[1]
scw/1172/117200360010.001/swg.fits[1]
scw/1172/117200370010.001/swg.fits[1]
scw/1172/117200380010.001/swg.fits[1]
scw/1173/117300310010.001/swg.fits[1]
scw/1173/117300320010.001/swg.fits[1]
scw/1178/117800910010.001/swg.fits[1]
scw/1178/117800920010.001/swg.fits[1]
scw/1178/117800930010.001/swg.fits[1]
scw/1178/117801000010.001/swg.fits[1]
scw/1178/117801010010.001/swg.fits[1]
scw/1178/117801020010.001/swg.fits[1]
scw/1180/118000700010.001/swg.fits[1]
scw/1180/118000710010.001/swg.fits[1]
