scw/0082/008200600010.001/swg.fits[1]
scw/0082/008200610010.001/swg.fits[1]
scw/0082/008200620010.001/swg.fits[1]
scw/0082/008200630010.001/swg.fits[1]
scw/0082/008200640010.001/swg.fits[1]
scw/0082/008200650010.001/swg.fits[1]
scw/0082/008200660010.001/swg.fits[1]
scw/0082/008200670010.001/swg.fits[1]
scw/0082/008200680010.001/swg.fits[1]
scw/0082/008200690010.001/swg.fits[1]
scw/0082/008200700010.001/swg.fits[1]
scw/0082/008200710010.001/swg.fits[1]
scw/0083/008300090010.001/swg.fits[1]
scw/0083/008300100010.001/swg.fits[1]
scw/0083/008300110010.001/swg.fits[1]
scw/0083/008300180010.001/swg.fits[1]
scw/0083/008300190010.001/swg.fits[1]
scw/0083/008300200010.001/swg.fits[1]
scw/0083/008300210010.001/swg.fits[1]
scw/0083/008300220010.001/swg.fits[1]
scw/0083/008300260010.001/swg.fits[1]
scw/0083/008300270010.001/swg.fits[1]
scw/0083/008300280010.001/swg.fits[1]
scw/0083/008300290010.001/swg.fits[1]
scw/0083/008300300010.001/swg.fits[1]
scw/0083/008300310010.001/swg.fits[1]
scw/0083/008300320010.001/swg.fits[1]
scw/0083/008300330010.001/swg.fits[1]
scw/0083/008300340010.001/swg.fits[1]
scw/0083/008300350010.001/swg.fits[1]
scw/0083/008300360010.001/swg.fits[1]
scw/0083/008300370010.001/swg.fits[1]
scw/0083/008300380010.001/swg.fits[1]
scw/0083/008300390010.001/swg.fits[1]
scw/0083/008300400010.001/swg.fits[1]
scw/0083/008300410010.001/swg.fits[1]
scw/0083/008300420010.001/swg.fits[1]
scw/0083/008300430010.001/swg.fits[1]
scw/0083/008300440010.001/swg.fits[1]
scw/0083/008300450010.001/swg.fits[1]
scw/0083/008300460010.001/swg.fits[1]
scw/0083/008300470010.001/swg.fits[1]
