scw/0140/014000240010.001/swg.fits[1]
scw/0140/014000250010.001/swg.fits[1]
scw/0140/014000260010.001/swg.fits[1]
scw/0140/014000270010.001/swg.fits[1]
scw/0140/014000280010.001/swg.fits[1]
scw/0140/014000290010.001/swg.fits[1]
scw/0140/014000310010.001/swg.fits[1]
scw/0140/014000320010.001/swg.fits[1]
scw/0140/014000330010.001/swg.fits[1]
scw/0140/014000340010.001/swg.fits[1]
scw/0140/014000350010.001/swg.fits[1]
scw/0140/014000360010.001/swg.fits[1]
scw/0140/014000370010.001/swg.fits[1]
scw/0140/014000430010.001/swg.fits[1]
scw/0140/014000440010.001/swg.fits[1]
scw/0140/014000450010.001/swg.fits[1]
scw/0140/014000540010.001/swg.fits[1]
scw/0140/014000630010.001/swg.fits[1]
scw/0140/014000640010.001/swg.fits[1]
scw/0140/014000650010.001/swg.fits[1]
scw/0140/014000710010.001/swg.fits[1]
