scw/2254/225400060010.001/swg.fits[1]
scw/2254/225400070010.001/swg.fits[1]
scw/2254/225400080010.001/swg.fits[1]
scw/2254/225400090010.001/swg.fits[1]
scw/2254/225400100010.001/swg.fits[1]
scw/2254/225400110010.001/swg.fits[1]
scw/2254/225400120010.001/swg.fits[1]
scw/2254/225400130010.001/swg.fits[1]
scw/2254/225400140010.001/swg.fits[1]
scw/2254/225400150010.001/swg.fits[1]
scw/2254/225400160010.001/swg.fits[1]
scw/2254/225400180010.001/swg.fits[1]
scw/2254/225400190010.001/swg.fits[1]
scw/2254/225400200010.001/swg.fits[1]
scw/2254/225400210010.001/swg.fits[1]
scw/2254/225400230010.001/swg.fits[1]
scw/2254/225400240010.001/swg.fits[1]
scw/2254/225400250010.001/swg.fits[1]
scw/2254/225400260010.001/swg.fits[1]
scw/2254/225400270010.001/swg.fits[1]
scw/2254/225400280010.001/swg.fits[1]
