scw/0381/038100040010.001/swg.fits[1]
scw/0381/038100050010.001/swg.fits[1]
scw/0381/038100060010.001/swg.fits[1]
scw/0381/038100100010.001/swg.fits[1]
scw/0381/038100110010.001/swg.fits[1]
scw/0381/038100120010.001/swg.fits[1]
scw/0381/038100130010.001/swg.fits[1]
scw/0381/038100140010.001/swg.fits[1]
scw/0381/038100150010.001/swg.fits[1]
scw/0381/038100160010.001/swg.fits[1]
scw/0381/038100170010.001/swg.fits[1]
scw/0381/038100200010.001/swg.fits[1]
scw/0381/038100210010.001/swg.fits[1]
scw/0381/038100220010.001/swg.fits[1]
scw/0381/038100230010.001/swg.fits[1]
scw/0381/038100240010.001/swg.fits[1]
scw/0381/038100250010.001/swg.fits[1]
scw/0381/038100260010.001/swg.fits[1]
scw/0381/038100270010.001/swg.fits[1]
scw/0381/038100290010.001/swg.fits[1]
scw/0381/038100300010.001/swg.fits[1]
