scw/0382/038200020010.001/swg.fits[1]
scw/0382/038200030010.001/swg.fits[1]
scw/0382/038200040010.001/swg.fits[1]
scw/0382/038200050010.001/swg.fits[1]
scw/0382/038200060010.001/swg.fits[1]
scw/0382/038200070010.001/swg.fits[1]
scw/0382/038200080010.001/swg.fits[1]
scw/0382/038200090010.001/swg.fits[1]
scw/0382/038200100010.001/swg.fits[1]
scw/0382/038200120010.001/swg.fits[1]
scw/0382/038200130010.001/swg.fits[1]
scw/0382/038200140010.001/swg.fits[1]
scw/0382/038200150010.001/swg.fits[1]
scw/0382/038200160010.001/swg.fits[1]
scw/0382/038200170010.001/swg.fits[1]
scw/0382/038200180010.001/swg.fits[1]
scw/0382/038200190010.001/swg.fits[1]
scw/0382/038200200010.001/swg.fits[1]
scw/0382/038200210010.001/swg.fits[1]
scw/0382/038200220010.001/swg.fits[1]
scw/0382/038200230010.001/swg.fits[1]
