scw/0137/013700740010.001/swg.fits[1]
scw/0137/013700750010.001/swg.fits[1]
scw/0137/013700760010.001/swg.fits[1]
scw/0137/013700780010.001/swg.fits[1]
scw/0137/013700790010.001/swg.fits[1]
scw/0137/013700800010.001/swg.fits[1]
scw/0137/013700810010.001/swg.fits[1]
scw/0137/013700820010.001/swg.fits[1]
scw/0137/013700830010.001/swg.fits[1]
scw/0137/013700840010.001/swg.fits[1]
scw/0137/013700900010.001/swg.fits[1]
scw/0137/013700910010.001/swg.fits[1]
scw/0137/013700920010.001/swg.fits[1]
scw/0137/013701010010.001/swg.fits[1]
scw/0137/013701100010.001/swg.fits[1]
scw/0137/013701110010.001/swg.fits[1]
scw/0137/013701120010.001/swg.fits[1]
scw/0138/013800010010.001/swg.fits[1]
scw/0138/013800020010.001/swg.fits[1]
scw/0138/013800030010.001/swg.fits[1]
scw/0138/013800040010.001/swg.fits[1]
