scw/0913/091300090010.001/swg.fits[1]
scw/0913/091300100010.001/swg.fits[1]
scw/0913/091300110010.001/swg.fits[1]
scw/0913/091300120010.001/swg.fits[1]
scw/0913/091300130010.001/swg.fits[1]
scw/0913/091300140010.001/swg.fits[1]
scw/0913/091300150010.001/swg.fits[1]
scw/0913/091300160010.001/swg.fits[1]
scw/0913/091300170010.001/swg.fits[1]
scw/0913/091300180010.001/swg.fits[1]
scw/0913/091300190010.001/swg.fits[1]
scw/0913/091300200010.001/swg.fits[1]
scw/0913/091300210010.001/swg.fits[1]
scw/0913/091300220010.001/swg.fits[1]
scw/0913/091300230010.001/swg.fits[1]
scw/0913/091300240010.001/swg.fits[1]
scw/0913/091300250010.001/swg.fits[1]
scw/0913/091300260010.001/swg.fits[1]
scw/0913/091300270010.001/swg.fits[1]
scw/0913/091300280010.001/swg.fits[1]
scw/0913/091300290010.001/swg.fits[1]
