scw/0436/043600340010.001/swg.fits[1]
scw/0436/043600350010.001/swg.fits[1]
scw/0436/043600360010.001/swg.fits[1]
scw/0436/043600370010.001/swg.fits[1]
scw/0436/043600390010.001/swg.fits[1]
scw/0436/043600400010.001/swg.fits[1]
scw/0436/043600410010.001/swg.fits[1]
scw/0436/043600420010.001/swg.fits[1]
scw/0436/043600460010.001/swg.fits[1]
scw/0436/043600470010.001/swg.fits[1]
scw/0436/043600480010.001/swg.fits[1]
scw/0436/043600490010.001/swg.fits[1]
scw/0436/043600500010.001/swg.fits[1]
scw/0436/043600580010.001/swg.fits[1]
scw/0436/043600590010.001/swg.fits[1]
scw/0436/043600600010.001/swg.fits[1]
scw/0436/043600610010.001/swg.fits[1]
scw/0436/043600650010.001/swg.fits[1]
scw/0436/043600660010.001/swg.fits[1]
scw/0437/043700610010.001/swg.fits[1]
scw/0437/043700620010.001/swg.fits[1]
