scw/2430/243000830010.001/swg.fits[1]
scw/2430/243000840010.001/swg.fits[1]
scw/2430/243000850010.001/swg.fits[1]
scw/2430/243000870010.001/swg.fits[1]
scw/2430/243000880010.001/swg.fits[1]
scw/2431/243100440010.001/swg.fits[1]
scw/2431/243100450010.001/swg.fits[1]
scw/2431/243100460010.001/swg.fits[1]
scw/2431/243100470010.001/swg.fits[1]
scw/2431/243100480010.001/swg.fits[1]
scw/2431/243100520010.001/swg.fits[1]
scw/2431/243100530010.001/swg.fits[1]
scw/2431/243100540010.001/swg.fits[1]
scw/2431/243100550010.001/swg.fits[1]
scw/2431/243100560010.001/swg.fits[1]
scw/2431/243100570010.001/swg.fits[1]
scw/2431/243100580010.001/swg.fits[1]
scw/2434/243400320010.001/swg.fits[1]
scw/2434/243400330010.001/swg.fits[1]
scw/2434/243400340010.001/swg.fits[1]
scw/2434/243400350010.001/swg.fits[1]
scw/2434/243400360010.001/swg.fits[1]
scw/2434/243400370010.001/swg.fits[1]
scw/2434/243400380010.001/swg.fits[1]
scw/2434/243400440010.001/swg.fits[1]
scw/2434/243400450010.001/swg.fits[1]
scw/2434/243400570010.001/swg.fits[1]
scw/2434/243400580010.001/swg.fits[1]
scw/2434/243400590010.001/swg.fits[1]
scw/2434/243400600010.001/swg.fits[1]
scw/2434/243400610010.001/swg.fits[1]
scw/2434/243400620010.001/swg.fits[1]
scw/2434/243400630010.001/swg.fits[1]
scw/2434/243400640010.001/swg.fits[1]
scw/2434/243400650010.001/swg.fits[1]
scw/2434/243400660010.001/swg.fits[1]
scw/2434/243400670010.001/swg.fits[1]
scw/2434/243400680010.001/swg.fits[1]
scw/2434/243400690010.001/swg.fits[1]
scw/2434/243400700010.001/swg.fits[1]
scw/2434/243400710010.001/swg.fits[1]
scw/2434/243400730010.001/swg.fits[1]
scw/2434/243400740010.001/swg.fits[1]
scw/2434/243400750010.001/swg.fits[1]
scw/2434/243400760010.001/swg.fits[1]
scw/2434/243400770010.001/swg.fits[1]
scw/2434/243400780010.001/swg.fits[1]
scw/2434/243400790010.001/swg.fits[1]
scw/2435/243500520010.001/swg.fits[1]
scw/2435/243500530010.001/swg.fits[1]
scw/2435/243500540010.001/swg.fits[1]
scw/2435/243500550010.001/swg.fits[1]
scw/2435/243500560010.001/swg.fits[1]
scw/2437/243700560010.001/swg.fits[1]
scw/2437/243700570010.001/swg.fits[1]
scw/2437/243700580010.001/swg.fits[1]
scw/2437/243700590010.001/swg.fits[1]
scw/2437/243700600010.001/swg.fits[1]
scw/2437/243700610010.001/swg.fits[1]
scw/2437/243700620010.001/swg.fits[1]
scw/2437/243700630010.001/swg.fits[1]
scw/2437/243700640010.001/swg.fits[1]
scw/2437/243700650010.001/swg.fits[1]
scw/2437/243700660010.001/swg.fits[1]
scw/2437/243700670010.001/swg.fits[1]
scw/2437/243700680010.001/swg.fits[1]
scw/2437/243700690010.001/swg.fits[1]
scw/2437/243700700010.001/swg.fits[1]
scw/2437/243700720010.001/swg.fits[1]
scw/2437/243700730010.001/swg.fits[1]
scw/2437/243700740010.001/swg.fits[1]
scw/2438/243800050010.001/swg.fits[1]
scw/2438/243800060010.001/swg.fits[1]
scw/2438/243800070010.001/swg.fits[1]
scw/2438/243800080010.001/swg.fits[1]
scw/2438/243800090010.001/swg.fits[1]
scw/2438/243800100010.001/swg.fits[1]
scw/2438/243800110010.001/swg.fits[1]
scw/2438/243800120010.001/swg.fits[1]
scw/2438/243800130010.001/swg.fits[1]
scw/2438/243800140010.001/swg.fits[1]
scw/2438/243800150010.001/swg.fits[1]
scw/2438/243800160010.001/swg.fits[1]
scw/2438/243800170010.001/swg.fits[1]
scw/2438/243800180010.001/swg.fits[1]
scw/2438/243800190010.001/swg.fits[1]
scw/2438/243800200010.001/swg.fits[1]
scw/2438/243800210010.001/swg.fits[1]
scw/2438/243800260010.001/swg.fits[1]
scw/2438/243800270010.001/swg.fits[1]
scw/2438/243800280010.001/swg.fits[1]
scw/2439/243900400010.001/swg.fits[1]
scw/2439/243900480010.001/swg.fits[1]
scw/2439/243900490010.001/swg.fits[1]
scw/2439/243900500010.001/swg.fits[1]
scw/2439/243900590010.001/swg.fits[1]
scw/2439/243900600010.001/swg.fits[1]
scw/2439/243900610010.001/swg.fits[1]
scw/2439/243900690010.001/swg.fits[1]
scw/2441/244100430010.001/swg.fits[1]
scw/2441/244100440010.001/swg.fits[1]
scw/2441/244100450010.001/swg.fits[1]
scw/2441/244100530010.001/swg.fits[1]
scw/2441/244100540010.001/swg.fits[1]
scw/2441/244100550010.001/swg.fits[1]
scw/2441/244100560010.001/swg.fits[1]
scw/2441/244100640010.001/swg.fits[1]
scw/2443/244300510010.001/swg.fits[1]
scw/2443/244300520010.001/swg.fits[1]
scw/2443/244300530010.001/swg.fits[1]
scw/2444/244400310010.001/swg.fits[1]
scw/2444/244400320010.001/swg.fits[1]
scw/2444/244400330010.001/swg.fits[1]
scw/2444/244400340010.001/swg.fits[1]
scw/2444/244400350010.001/swg.fits[1]
scw/2444/244400560010.001/swg.fits[1]
scw/2444/244400570010.001/swg.fits[1]
scw/2444/244400580010.001/swg.fits[1]
scw/2444/244400590010.001/swg.fits[1]
scw/2444/244400610010.001/swg.fits[1]
scw/2444/244400620010.001/swg.fits[1]
scw/2444/244400630010.001/swg.fits[1]
scw/2444/244400640010.001/swg.fits[1]
scw/2444/244400650010.001/swg.fits[1]
scw/2444/244400660010.001/swg.fits[1]
scw/2444/244400670010.001/swg.fits[1]
scw/2444/244400680010.001/swg.fits[1]
scw/2444/244400690010.001/swg.fits[1]
scw/2444/244400700010.001/swg.fits[1]
scw/2444/244400710010.001/swg.fits[1]
scw/2444/244400720010.001/swg.fits[1]
scw/2445/244500580010.001/swg.fits[1]
scw/2445/244500590010.001/swg.fits[1]
scw/2445/244500600010.001/swg.fits[1]
scw/2445/244500610010.001/swg.fits[1]
scw/2446/244600550010.001/swg.fits[1]
scw/2446/244600560010.001/swg.fits[1]
scw/2446/244600570010.001/swg.fits[1]
scw/2446/244600590010.001/swg.fits[1]
scw/2446/244600600010.001/swg.fits[1]
scw/2446/244600610010.001/swg.fits[1]
scw/2446/244600620010.001/swg.fits[1]
scw/2446/244600630010.001/swg.fits[1]
scw/2446/244600670010.001/swg.fits[1]
scw/2446/244600680010.001/swg.fits[1]
scw/2449/244900570010.001/swg.fits[1]
scw/2449/244900580010.001/swg.fits[1]
scw/2449/244900590010.001/swg.fits[1]
scw/2449/244900600010.001/swg.fits[1]
scw/2449/244900610010.001/swg.fits[1]
scw/2449/244900620010.001/swg.fits[1]
scw/2449/244900630010.001/swg.fits[1]
scw/2449/244900640010.001/swg.fits[1]
scw/2449/244900650010.001/swg.fits[1]
scw/2449/244900660010.001/swg.fits[1]
scw/2450/245000020010.001/swg.fits[1]
scw/2450/245000030010.001/swg.fits[1]
scw/2450/245000040010.001/swg.fits[1]
scw/2450/245000050010.001/swg.fits[1]
scw/2450/245000060010.001/swg.fits[1]
scw/2450/245000080010.001/swg.fits[1]
scw/2450/245000090010.001/swg.fits[1]
scw/2450/245000100010.001/swg.fits[1]
scw/2450/245000110010.001/swg.fits[1]
scw/2450/245000120010.001/swg.fits[1]
scw/2450/245000130010.001/swg.fits[1]
scw/2450/245000140010.001/swg.fits[1]
scw/2450/245000150010.001/swg.fits[1]
