scw/0407/040700250010.001/swg.fits[1]
scw/0407/040700260010.001/swg.fits[1]
scw/0407/040700270010.001/swg.fits[1]
scw/0411/041100050010.001/swg.fits[1]
scw/0415/041500270010.001/swg.fits[1]
scw/0428/042800580010.001/swg.fits[1]
scw/0428/042800590010.001/swg.fits[1]
scw/0433/043300480010.001/swg.fits[1]
scw/0433/043300490010.001/swg.fits[1]
scw/0433/043300530010.001/swg.fits[1]
scw/0433/043300540010.001/swg.fits[1]
scw/0433/043300550010.001/swg.fits[1]
scw/0433/043300560010.001/swg.fits[1]
scw/0433/043300570010.001/swg.fits[1]
scw/0433/043300650010.001/swg.fits[1]
scw/0433/043300660010.001/swg.fits[1]
scw/0433/043300670010.001/swg.fits[1]
scw/0433/043300680010.001/swg.fits[1]
scw/0434/043400010010.001/swg.fits[1]
scw/0434/043400020010.001/swg.fits[1]
scw/0434/043400030010.001/swg.fits[1]
