scw/0435/043500260010.001/swg.fits[1]
scw/0435/043500270010.001/swg.fits[1]
scw/0435/043500280010.001/swg.fits[1]
scw/0435/043500320010.001/swg.fits[1]
scw/0435/043500330010.001/swg.fits[1]
scw/0435/043500340010.001/swg.fits[1]
scw/0435/043500350010.001/swg.fits[1]
scw/0435/043500360010.001/swg.fits[1]
scw/0435/043500370010.001/swg.fits[1]
scw/0435/043500380010.001/swg.fits[1]
scw/0435/043500390010.001/swg.fits[1]
scw/0435/043500430010.001/swg.fits[1]
scw/0435/043500440010.001/swg.fits[1]
scw/0435/043500450010.001/swg.fits[1]
scw/0435/043500460010.001/swg.fits[1]
scw/0435/043500470010.001/swg.fits[1]
scw/0435/043500540010.001/swg.fits[1]
scw/0435/043500550010.001/swg.fits[1]
scw/0435/043500560010.001/swg.fits[1]
scw/0435/043500570010.001/swg.fits[1]
scw/0435/043500580010.001/swg.fits[1]
