scw/0863/086300660010.001/swg.fits[1]
scw/0863/086300670010.001/swg.fits[1]
scw/0864/086400540010.001/swg.fits[1]
scw/0864/086400550010.001/swg.fits[1]
scw/0864/086400560010.001/swg.fits[1]
scw/0864/086400570010.001/swg.fits[1]
scw/0864/086400580010.001/swg.fits[1]
scw/0864/086400590010.001/swg.fits[1]
scw/0864/086400600010.001/swg.fits[1]
scw/0864/086400610010.001/swg.fits[1]
scw/0864/086400620010.001/swg.fits[1]
scw/0864/086400630010.001/swg.fits[1]
scw/0864/086400640010.001/swg.fits[1]
scw/0864/086400650010.001/swg.fits[1]
scw/0864/086400660010.001/swg.fits[1]
scw/0864/086400670010.001/swg.fits[1]
scw/0864/086400680010.001/swg.fits[1]
scw/0864/086400690010.001/swg.fits[1]
scw/0864/086400700010.001/swg.fits[1]
scw/0864/086400710010.001/swg.fits[1]
scw/0864/086400720010.001/swg.fits[1]
scw/0864/086400740010.001/swg.fits[1]
scw/0864/086400750010.001/swg.fits[1]
scw/0864/086400760010.001/swg.fits[1]
scw/0864/086400770010.001/swg.fits[1]
scw/0865/086500010010.001/swg.fits[1]
scw/0865/086500020010.001/swg.fits[1]
scw/0865/086500030010.001/swg.fits[1]
scw/0865/086500090010.001/swg.fits[1]
scw/0865/086500100010.001/swg.fits[1]
scw/0865/086500110010.001/swg.fits[1]
scw/0866/086600050010.001/swg.fits[1]
scw/0866/086600060010.001/swg.fits[1]
scw/0866/086600070010.001/swg.fits[1]
scw/0866/086600080010.001/swg.fits[1]
scw/0866/086600140010.001/swg.fits[1]
scw/0866/086600150010.001/swg.fits[1]
scw/0866/086600160010.001/swg.fits[1]
scw/0866/086600170010.001/swg.fits[1]
scw/0866/086600180010.001/swg.fits[1]
scw/0866/086600190010.001/swg.fits[1]
scw/0866/086600200010.001/swg.fits[1]
scw/0866/086600220010.001/swg.fits[1]
scw/0866/086600230010.001/swg.fits[1]
scw/0866/086600240010.001/swg.fits[1]
scw/0866/086600250010.001/swg.fits[1]
scw/0866/086600260010.001/swg.fits[1]
scw/0866/086600270010.001/swg.fits[1]
scw/0866/086600280010.001/swg.fits[1]
scw/0866/086600290010.001/swg.fits[1]
scw/0866/086600300010.001/swg.fits[1]
scw/0866/086600310010.001/swg.fits[1]
scw/0866/086600330010.001/swg.fits[1]
scw/0866/086600340010.001/swg.fits[1]
scw/0866/086600350010.001/swg.fits[1]
scw/0866/086600360010.001/swg.fits[1]
scw/0866/086600370010.001/swg.fits[1]
scw/0866/086600380010.001/swg.fits[1]
scw/0866/086600390010.001/swg.fits[1]
scw/0866/086600440010.001/swg.fits[1]
scw/0866/086600450010.001/swg.fits[1]
scw/0866/086600460010.001/swg.fits[1]
scw/0867/086700750010.001/swg.fits[1]
scw/0867/086700760010.001/swg.fits[1]
scw/0867/086700830010.001/swg.fits[1]
scw/0867/086700830020.001/swg.fits[1]
scw/0868/086800010010.001/swg.fits[1]
scw/0868/086800020010.001/swg.fits[1]
scw/0868/086800030010.001/swg.fits[1]
scw/0868/086800040010.001/swg.fits[1]
scw/0868/086800090010.001/swg.fits[1]
scw/0868/086800100010.001/swg.fits[1]
scw/0868/086800110010.001/swg.fits[1]
scw/0868/086800120010.001/swg.fits[1]
scw/0868/086800130010.001/swg.fits[1]
scw/0868/086800140010.001/swg.fits[1]
scw/0868/086800150010.001/swg.fits[1]
scw/0868/086800170010.001/swg.fits[1]
scw/0868/086800180010.001/swg.fits[1]
scw/0868/086800190010.001/swg.fits[1]
scw/0868/086800200010.001/swg.fits[1]
scw/0868/086800210010.001/swg.fits[1]
scw/0868/086800220010.001/swg.fits[1]
scw/0868/086800230010.001/swg.fits[1]
scw/0868/086800240010.001/swg.fits[1]
scw/0868/086800250010.001/swg.fits[1]
scw/0868/086800280010.001/swg.fits[1]
scw/0868/086800290010.001/swg.fits[1]
scw/0868/086800300010.001/swg.fits[1]
scw/0880/088000350010.001/swg.fits[1]
scw/0880/088000360010.001/swg.fits[1]
scw/0880/088000370010.001/swg.fits[1]
scw/0880/088000380010.001/swg.fits[1]
scw/0880/088000430010.001/swg.fits[1]
scw/0880/088000440010.001/swg.fits[1]
scw/0880/088000450010.001/swg.fits[1]
scw/0880/088000460010.001/swg.fits[1]
scw/0880/088000470010.001/swg.fits[1]
scw/0880/088000480010.001/swg.fits[1]
scw/0880/088000530010.001/swg.fits[1]
scw/0880/088000540010.001/swg.fits[1]
scw/0880/088000550010.001/swg.fits[1]
scw/0880/088000560010.001/swg.fits[1]
scw/0880/088000570010.001/swg.fits[1]
scw/0880/088000580010.001/swg.fits[1]
scw/0881/088100030010.001/swg.fits[1]
scw/0881/088100040010.001/swg.fits[1]
scw/0881/088100050010.001/swg.fits[1]
scw/0881/088100060010.001/swg.fits[1]
scw/0881/088100100010.001/swg.fits[1]
scw/0881/088100110010.001/swg.fits[1]
scw/0881/088100120010.001/swg.fits[1]
scw/0881/088100130010.001/swg.fits[1]
scw/0881/088100140010.001/swg.fits[1]
scw/0881/088100150010.001/swg.fits[1]
scw/0881/088100160010.001/swg.fits[1]
scw/0881/088100210010.001/swg.fits[1]
scw/0881/088100220010.001/swg.fits[1]
scw/0881/088100230010.001/swg.fits[1]
scw/0881/088100240010.001/swg.fits[1]
scw/0881/088100250010.001/swg.fits[1]
scw/0881/088100260010.001/swg.fits[1]
scw/0881/088100310010.001/swg.fits[1]
scw/0881/088100320010.001/swg.fits[1]
scw/0881/088100330010.001/swg.fits[1]
scw/0881/088100340010.001/swg.fits[1]
scw/0881/088100350010.001/swg.fits[1]
scw/0881/088100360010.001/swg.fits[1]
scw/0881/088100410010.001/swg.fits[1]
scw/0881/088100420010.001/swg.fits[1]
scw/0881/088100430010.001/swg.fits[1]
scw/0881/088100440010.001/swg.fits[1]
scw/0881/088100450010.001/swg.fits[1]
scw/0881/088100460010.001/swg.fits[1]
scw/0881/088100510010.001/swg.fits[1]
scw/0881/088100520010.001/swg.fits[1]
scw/0881/088100530010.001/swg.fits[1]
scw/0881/088100540010.001/swg.fits[1]
scw/0881/088100550010.001/swg.fits[1]
scw/0881/088100560010.001/swg.fits[1]
scw/0881/088100610010.001/swg.fits[1]
scw/0881/088100620010.001/swg.fits[1]
scw/0882/088200010010.001/swg.fits[1]
scw/0882/088200020010.001/swg.fits[1]
scw/0882/088200030010.001/swg.fits[1]
scw/0882/088200040010.001/swg.fits[1]
scw/0882/088200090010.001/swg.fits[1]
scw/0882/088200100010.001/swg.fits[1]
scw/0882/088200110010.001/swg.fits[1]
scw/0882/088200120010.001/swg.fits[1]
scw/0882/088200130010.001/swg.fits[1]
scw/0882/088200140010.001/swg.fits[1]
scw/0882/088200180010.001/swg.fits[1]
scw/0882/088200190010.001/swg.fits[1]
scw/0882/088200210010.001/swg.fits[1]
scw/0882/088200220010.001/swg.fits[1]
scw/0882/088200230010.001/swg.fits[1]
scw/0882/088200240010.001/swg.fits[1]
scw/0882/088200250010.001/swg.fits[1]
scw/0882/088200290010.001/swg.fits[1]
scw/0882/088200300010.001/swg.fits[1]
scw/0882/088200310010.001/swg.fits[1]
scw/0882/088200320010.001/swg.fits[1]
scw/0882/088200330010.001/swg.fits[1]
scw/0882/088200340010.001/swg.fits[1]
scw/0882/088200390010.001/swg.fits[1]
scw/0882/088200400010.001/swg.fits[1]
scw/0882/088200420010.001/swg.fits[1]
