scw/0863/086300660010.001/swg.fits[1]
scw/0863/086300670010.001/swg.fits[1]
scw/0864/086400540010.001/swg.fits[1]
scw/0864/086400550010.001/swg.fits[1]
scw/0864/086400560010.001/swg.fits[1]
scw/0864/086400570010.001/swg.fits[1]
scw/0864/086400580010.001/swg.fits[1]
scw/0864/086400590010.001/swg.fits[1]
scw/0864/086400600010.001/swg.fits[1]
scw/0864/086400610010.001/swg.fits[1]
scw/0864/086400620010.001/swg.fits[1]
scw/0864/086400630010.001/swg.fits[1]
scw/0864/086400640010.001/swg.fits[1]
scw/0864/086400650010.001/swg.fits[1]
scw/0864/086400660010.001/swg.fits[1]
scw/0864/086400670010.001/swg.fits[1]
scw/0864/086400680010.001/swg.fits[1]
scw/0864/086400690010.001/swg.fits[1]
scw/0864/086400700010.001/swg.fits[1]
scw/0864/086400710010.001/swg.fits[1]
scw/0864/086400720010.001/swg.fits[1]
scw/0864/086400740010.001/swg.fits[1]
scw/0864/086400750010.001/swg.fits[1]
scw/0864/086400760010.001/swg.fits[1]
scw/0864/086400770010.001/swg.fits[1]
scw/0865/086500010010.001/swg.fits[1]
scw/0865/086500020010.001/swg.fits[1]
scw/0865/086500030010.001/swg.fits[1]
scw/0865/086500090010.001/swg.fits[1]
scw/0865/086500100010.001/swg.fits[1]
scw/0865/086500110010.001/swg.fits[1]
scw/0866/086600050010.001/swg.fits[1]
scw/0866/086600060010.001/swg.fits[1]
scw/0866/086600070010.001/swg.fits[1]
scw/0866/086600080010.001/swg.fits[1]
scw/0866/086600140010.001/swg.fits[1]
scw/0866/086600150010.001/swg.fits[1]
scw/0866/086600160010.001/swg.fits[1]
scw/0866/086600170010.001/swg.fits[1]
scw/0866/086600180010.001/swg.fits[1]
scw/0866/086600190010.001/swg.fits[1]
scw/0866/086600200010.001/swg.fits[1]
scw/0866/086600220010.001/swg.fits[1]
scw/0866/086600230010.001/swg.fits[1]
scw/0866/086600240010.001/swg.fits[1]
scw/0866/086600250010.001/swg.fits[1]
scw/0866/086600260010.001/swg.fits[1]
scw/0866/086600270010.001/swg.fits[1]
scw/0866/086600280010.001/swg.fits[1]
scw/0866/086600290010.001/swg.fits[1]
scw/0866/086600300010.001/swg.fits[1]
scw/0866/086600310010.001/swg.fits[1]
scw/0866/086600330010.001/swg.fits[1]
scw/0866/086600340010.001/swg.fits[1]
scw/0866/086600350010.001/swg.fits[1]
scw/0866/086600360010.001/swg.fits[1]
scw/0866/086600370010.001/swg.fits[1]
scw/0866/086600380010.001/swg.fits[1]
scw/0866/086600390010.001/swg.fits[1]
scw/0866/086600440010.001/swg.fits[1]
scw/0866/086600450010.001/swg.fits[1]
scw/0866/086600460010.001/swg.fits[1]
scw/0867/086700750010.001/swg.fits[1]
scw/0867/086700760010.001/swg.fits[1]
scw/0867/086700830010.001/swg.fits[1]
scw/0867/086700830020.001/swg.fits[1]
scw/0868/086800010010.001/swg.fits[1]
scw/0868/086800020010.001/swg.fits[1]
scw/0868/086800030010.001/swg.fits[1]
scw/0868/086800040010.001/swg.fits[1]
scw/0868/086800090010.001/swg.fits[1]
scw/0868/086800100010.001/swg.fits[1]
scw/0868/086800110010.001/swg.fits[1]
scw/0868/086800120010.001/swg.fits[1]
scw/0868/086800130010.001/swg.fits[1]
scw/0868/086800140010.001/swg.fits[1]
scw/0868/086800150010.001/swg.fits[1]
scw/0868/086800170010.001/swg.fits[1]
scw/0868/086800180010.001/swg.fits[1]
scw/0868/086800190010.001/swg.fits[1]
scw/0868/086800200010.001/swg.fits[1]
scw/0868/086800210010.001/swg.fits[1]
scw/0868/086800220010.001/swg.fits[1]
scw/0868/086800230010.001/swg.fits[1]
scw/0868/086800240010.001/swg.fits[1]
scw/0868/086800250010.001/swg.fits[1]
scw/0868/086800280010.001/swg.fits[1]
scw/0868/086800290010.001/swg.fits[1]
scw/0868/086800300010.001/swg.fits[1]
scw/0880/088000350010.001/swg.fits[1]
scw/0880/088000360010.001/swg.fits[1]
scw/0880/088000370010.001/swg.fits[1]
scw/0880/088000380010.001/swg.fits[1]
scw/0880/088000430010.001/swg.fits[1]
scw/0880/088000440010.001/swg.fits[1]
scw/0880/088000450010.001/swg.fits[1]
scw/0880/088000460010.001/swg.fits[1]
scw/0880/088000470010.001/swg.fits[1]
scw/0880/088000480010.001/swg.fits[1]
scw/0880/088000530010.001/swg.fits[1]
scw/0880/088000540010.001/swg.fits[1]
scw/0880/088000550010.001/swg.fits[1]
scw/0880/088000560010.001/swg.fits[1]
scw/0880/088000570010.001/swg.fits[1]
scw/0880/088000580010.001/swg.fits[1]
scw/0881/088100030010.001/swg.fits[1]
scw/0881/088100040010.001/swg.fits[1]
scw/0881/088100050010.001/swg.fits[1]
scw/0881/088100060010.001/swg.fits[1]
scw/0881/088100100010.001/swg.fits[1]
scw/0881/088100110010.001/swg.fits[1]
scw/0881/088100120010.001/swg.fits[1]
scw/0881/088100130010.001/swg.fits[1]
scw/0881/088100140010.001/swg.fits[1]
scw/0881/088100150010.001/swg.fits[1]
scw/0881/088100160010.001/swg.fits[1]
scw/0881/088100210010.001/swg.fits[1]
scw/0881/088100220010.001/swg.fits[1]
scw/0881/088100230010.001/swg.fits[1]
scw/0881/088100240010.001/swg.fits[1]
scw/0881/088100250010.001/swg.fits[1]
scw/0881/088100260010.001/swg.fits[1]
scw/0881/088100310010.001/swg.fits[1]
scw/0881/088100320010.001/swg.fits[1]
scw/0881/088100330010.001/swg.fits[1]
scw/0881/088100340010.001/swg.fits[1]
scw/0881/088100350010.001/swg.fits[1]
scw/0881/088100360010.001/swg.fits[1]
scw/0881/088100410010.001/swg.fits[1]
scw/0881/088100420010.001/swg.fits[1]
scw/0881/088100430010.001/swg.fits[1]
scw/0881/088100440010.001/swg.fits[1]
scw/0881/088100450010.001/swg.fits[1]
scw/0881/088100460010.001/swg.fits[1]
scw/0881/088100510010.001/swg.fits[1]
scw/0881/088100520010.001/swg.fits[1]
scw/0881/088100530010.001/swg.fits[1]
scw/0881/088100540010.001/swg.fits[1]
scw/0881/088100550010.001/swg.fits[1]
scw/0881/088100560010.001/swg.fits[1]
scw/0881/088100610010.001/swg.fits[1]
scw/0881/088100620010.001/swg.fits[1]
scw/0882/088200010010.001/swg.fits[1]
scw/0882/088200020010.001/swg.fits[1]
scw/0882/088200030010.001/swg.fits[1]
scw/0882/088200040010.001/swg.fits[1]
scw/0882/088200090010.001/swg.fits[1]
scw/0882/088200100010.001/swg.fits[1]
scw/0882/088200110010.001/swg.fits[1]
scw/0882/088200120010.001/swg.fits[1]
scw/0882/088200130010.001/swg.fits[1]
scw/0882/088200140010.001/swg.fits[1]
scw/0882/088200180010.001/swg.fits[1]
scw/0882/088200190010.001/swg.fits[1]
scw/0882/088200210010.001/swg.fits[1]
scw/0882/088200220010.001/swg.fits[1]
scw/0882/088200230010.001/swg.fits[1]
scw/0882/088200240010.001/swg.fits[1]
scw/0882/088200250010.001/swg.fits[1]
scw/0882/088200290010.001/swg.fits[1]
scw/0882/088200300010.001/swg.fits[1]
scw/0882/088200310010.001/swg.fits[1]
scw/0882/088200320010.001/swg.fits[1]
scw/0882/088200330010.001/swg.fits[1]
scw/0882/088200340010.001/swg.fits[1]
scw/0882/088200390010.001/swg.fits[1]
scw/0882/088200400010.001/swg.fits[1]
scw/0882/088200420010.001/swg.fits[1]
scw/0882/088200430010.001/swg.fits[1]
scw/0882/088200440010.001/swg.fits[1]
scw/0882/088200490010.001/swg.fits[1]
scw/0882/088200500010.001/swg.fits[1]
scw/0882/088200510010.001/swg.fits[1]
scw/0882/088200520010.001/swg.fits[1]
scw/0882/088200530010.001/swg.fits[1]
scw/0882/088200540010.001/swg.fits[1]
scw/0912/091200270010.001/swg.fits[1]
scw/0912/091200280010.001/swg.fits[1]
scw/0912/091200290010.001/swg.fits[1]
scw/0912/091200300010.001/swg.fits[1]
scw/0912/091200310010.001/swg.fits[1]
scw/0912/091200320010.001/swg.fits[1]
scw/0912/091200330010.001/swg.fits[1]
scw/0912/091200340010.001/swg.fits[1]
scw/0912/091200350010.001/swg.fits[1]
scw/0912/091200360010.001/swg.fits[1]
scw/0913/091300030010.001/swg.fits[1]
scw/0913/091300040010.001/swg.fits[1]
scw/0913/091300080010.001/swg.fits[1]
scw/0913/091300090010.001/swg.fits[1]
scw/0913/091300100010.001/swg.fits[1]
scw/0913/091300110010.001/swg.fits[1]
scw/0913/091300120010.001/swg.fits[1]
scw/0913/091300130010.001/swg.fits[1]
scw/0913/091300140010.001/swg.fits[1]
scw/0913/091300150010.001/swg.fits[1]
scw/0913/091300160010.001/swg.fits[1]
scw/0913/091300170010.001/swg.fits[1]
scw/0913/091300180010.001/swg.fits[1]
scw/0913/091300190010.001/swg.fits[1]
scw/0913/091300200010.001/swg.fits[1]
scw/0913/091300210010.001/swg.fits[1]
scw/0913/091300220010.001/swg.fits[1]
scw/0913/091300230010.001/swg.fits[1]
scw/0913/091300240010.001/swg.fits[1]
scw/0913/091300250010.001/swg.fits[1]
scw/0913/091300260010.001/swg.fits[1]
scw/0913/091300270010.001/swg.fits[1]
scw/0913/091300280010.001/swg.fits[1]
scw/0913/091300290010.001/swg.fits[1]
scw/0913/091300300010.001/swg.fits[1]
scw/0913/091300310010.001/swg.fits[1]
scw/0913/091300320010.001/swg.fits[1]
scw/0913/091300330010.001/swg.fits[1]
scw/0913/091300340010.001/swg.fits[1]
scw/0913/091300350010.001/swg.fits[1]
scw/0913/091300360010.001/swg.fits[1]
scw/0914/091400240010.001/swg.fits[1]
scw/0914/091400290010.001/swg.fits[1]
scw/0914/091400300010.001/swg.fits[1]
scw/0914/091400310010.001/swg.fits[1]
scw/0914/091400320010.001/swg.fits[1]
scw/0914/091400330010.001/swg.fits[1]
scw/0914/091400340010.001/swg.fits[1]
scw/0914/091400350010.001/swg.fits[1]
scw/0914/091400360010.001/swg.fits[1]
scw/0914/091400370010.001/swg.fits[1]
scw/0914/091400380010.001/swg.fits[1]
scw/0914/091400390010.001/swg.fits[1]
scw/0914/091400400010.001/swg.fits[1]
scw/0914/091400410010.001/swg.fits[1]
scw/0914/091400420010.001/swg.fits[1]
scw/0914/091400430010.001/swg.fits[1]
scw/0914/091400440010.001/swg.fits[1]
scw/0914/091400450010.001/swg.fits[1]
scw/0914/091400460010.001/swg.fits[1]
scw/0914/091400470010.001/swg.fits[1]
scw/0914/091400480010.001/swg.fits[1]
scw/0914/091400490010.001/swg.fits[1]
scw/0914/091400510010.001/swg.fits[1]
scw/0914/091400520010.001/swg.fits[1]
scw/0914/091400530010.001/swg.fits[1]
scw/0914/091400540010.001/swg.fits[1]
scw/0914/091400550010.001/swg.fits[1]
scw/0914/091400560010.001/swg.fits[1]
scw/0915/091500330010.001/swg.fits[1]
scw/0915/091500340010.001/swg.fits[1]
scw/0915/091500350010.001/swg.fits[1]
scw/0915/091500380010.001/swg.fits[1]
scw/0915/091500390010.001/swg.fits[1]
scw/0915/091500400010.001/swg.fits[1]
scw/0915/091500410010.001/swg.fits[1]
scw/0915/091500420010.001/swg.fits[1]
scw/0915/091500430010.001/swg.fits[1]
scw/0915/091500440010.001/swg.fits[1]
scw/0915/091500450010.001/swg.fits[1]
scw/0915/091500460010.001/swg.fits[1]
scw/0915/091500470010.001/swg.fits[1]
scw/0915/091500480010.001/swg.fits[1]
scw/0915/091500490010.001/swg.fits[1]
scw/0915/091500500010.001/swg.fits[1]
scw/0915/091500510010.001/swg.fits[1]
scw/0915/091500520010.001/swg.fits[1]
scw/0915/091500530010.001/swg.fits[1]
scw/0915/091500530020.001/swg.fits[1]
scw/0976/097600220010.001/swg.fits[1]
scw/0976/097600230010.001/swg.fits[1]
scw/0976/097600270010.001/swg.fits[1]
scw/0976/097600280010.001/swg.fits[1]
scw/0976/097600290010.001/swg.fits[1]
scw/0976/097600300010.001/swg.fits[1]
scw/0976/097600310010.001/swg.fits[1]
scw/0976/097600320010.001/swg.fits[1]
scw/0976/097600330010.001/swg.fits[1]
scw/0976/097600340010.001/swg.fits[1]
scw/0976/097600350010.001/swg.fits[1]
scw/0976/097600360010.001/swg.fits[1]
scw/0976/097600370010.001/swg.fits[1]
scw/0976/097600380010.001/swg.fits[1]
scw/0976/097600390010.001/swg.fits[1]
scw/0976/097600400010.001/swg.fits[1]
scw/0976/097600410010.001/swg.fits[1]
scw/0976/097600420010.001/swg.fits[1]
scw/0976/097600430010.001/swg.fits[1]
scw/0976/097600440010.001/swg.fits[1]
scw/0976/097600450010.001/swg.fits[1]
scw/0976/097600460010.001/swg.fits[1]
scw/0976/097600470010.001/swg.fits[1]
scw/0976/097600480010.001/swg.fits[1]
scw/0976/097600490010.001/swg.fits[1]
scw/0976/097600500010.001/swg.fits[1]
scw/0976/097600510010.001/swg.fits[1]
scw/0976/097600520010.001/swg.fits[1]
scw/0976/097600530010.001/swg.fits[1]
scw/0976/097600540010.001/swg.fits[1]
scw/0976/097600550010.001/swg.fits[1]
scw/0976/097600560010.001/swg.fits[1]
scw/0976/097600610010.001/swg.fits[1]
scw/1050/105000900010.001/swg.fits[1]
scw/1051/105100810010.001/swg.fits[1]
scw/1051/105100830010.001/swg.fits[1]
scw/1051/105100850010.001/swg.fits[1]
scw/1051/105100950010.001/swg.fits[1]
scw/1051/105100970010.001/swg.fits[1]
scw/1051/105100990010.001/swg.fits[1]
scw/1053/105300550010.001/swg.fits[1]
scw/1053/105300560010.001/swg.fits[1]
scw/1053/105300570010.001/swg.fits[1]
scw/1053/105300670010.001/swg.fits[1]
scw/1053/105300680010.001/swg.fits[1]
scw/1053/105300690010.001/swg.fits[1]
scw/1054/105400570010.001/swg.fits[1]
scw/1054/105400580010.001/swg.fits[1]
scw/1055/105500590010.001/swg.fits[1]
scw/1055/105500600010.001/swg.fits[1]
scw/1055/105500690010.001/swg.fits[1]
scw/1055/105500700010.001/swg.fits[1]
scw/1056/105600860010.001/swg.fits[1]
scw/1058/105800590010.001/swg.fits[1]
scw/1058/105800600010.001/swg.fits[1]
scw/1058/105800670010.001/swg.fits[1]
scw/1058/105800680010.001/swg.fits[1]
scw/1114/111400650010.001/swg.fits[1]
scw/1114/111400660010.001/swg.fits[1]
scw/1114/111400670010.001/swg.fits[1]
scw/1114/111400680010.001/swg.fits[1]
scw/1115/111500630010.001/swg.fits[1]
scw/1115/111500680010.001/swg.fits[1]
scw/1115/111500690010.001/swg.fits[1]
scw/1116/111600330010.001/swg.fits[1]
scw/1116/111600340010.001/swg.fits[1]
scw/1116/111600350010.001/swg.fits[1]
scw/1126/112600520010.001/swg.fits[1]
scw/1126/112600530010.001/swg.fits[1]
scw/1126/112600540010.001/swg.fits[1]
scw/1133/113300840010.001/swg.fits[1]
scw/1168/116800960010.001/swg.fits[1]
scw/1168/116800960030.001/swg.fits[1]
scw/1168/116800960040.001/swg.fits[1]
scw/1168/116800960050.001/swg.fits[1]
scw/1168/116800960060.001/swg.fits[1]
scw/1168/116800960070.001/swg.fits[1]
scw/1171/117100960010.001/swg.fits[1]
scw/1171/117100970010.001/swg.fits[1]
scw/1172/117200360010.001/swg.fits[1]
scw/1172/117200370010.001/swg.fits[1]
scw/1172/117200380010.001/swg.fits[1]
scw/1173/117300310010.001/swg.fits[1]
scw/1173/117300320010.001/swg.fits[1]
scw/1178/117800910010.001/swg.fits[1]
scw/1178/117800920010.001/swg.fits[1]
scw/1178/117800930010.001/swg.fits[1]
scw/1178/117801000010.001/swg.fits[1]
scw/1178/117801010010.001/swg.fits[1]
scw/1178/117801020010.001/swg.fits[1]
scw/1180/118000700010.001/swg.fits[1]
scw/1180/118000710010.001/swg.fits[1]
scw/1180/118000780010.001/swg.fits[1]
scw/1180/118000790010.001/swg.fits[1]
scw/1181/118100800010.001/swg.fits[1]
scw/1181/118100810010.001/swg.fits[1]
scw/1182/118200660010.001/swg.fits[1]
scw/1182/118200670010.001/swg.fits[1]
scw/1182/118200730010.001/swg.fits[1]
scw/1182/118200740010.001/swg.fits[1]
scw/1184/118400620010.001/swg.fits[1]
scw/1186/118600580010.001/swg.fits[1]
scw/1186/118600660010.001/swg.fits[1]
scw/1187/118700550010.001/swg.fits[1]
scw/1187/118700560010.001/swg.fits[1]
scw/1187/118700570010.001/swg.fits[1]
scw/1187/118700650010.001/swg.fits[1]
scw/1243/124300640010.001/swg.fits[1]
scw/1243/124300650010.001/swg.fits[1]
scw/1243/124300660010.001/swg.fits[1]
scw/1245/124500680010.001/swg.fits[1]
scw/1245/124500690010.001/swg.fits[1]
scw/1245/124500700010.001/swg.fits[1]
scw/1295/129500680010.001/swg.fits[1]
scw/1295/129500690010.001/swg.fits[1]
scw/1295/129500700010.001/swg.fits[1]
scw/1295/129500750010.001/swg.fits[1]
scw/1295/129500760010.001/swg.fits[1]
scw/1295/129500770010.001/swg.fits[1]
scw/1297/129700790010.001/swg.fits[1]
scw/1297/129700800010.001/swg.fits[1]
scw/1297/129700820010.001/swg.fits[1]
scw/1297/129700830010.001/swg.fits[1]
scw/1300/130000080010.001/swg.fits[1]
scw/1300/130000090010.001/swg.fits[1]
scw/1300/130000630010.001/swg.fits[1]
scw/1300/130000690010.001/swg.fits[1]
scw/1300/130000700010.001/swg.fits[1]
scw/1301/130100560010.001/swg.fits[1]
scw/1301/130100570010.001/swg.fits[1]
scw/1301/130100630010.001/swg.fits[1]
scw/1301/130100640010.001/swg.fits[1]
scw/1302/130200560010.001/swg.fits[1]
scw/1302/130200570010.001/swg.fits[1]
scw/1302/130200580010.001/swg.fits[1]
scw/1302/130200650010.001/swg.fits[1]
scw/1302/130200660010.001/swg.fits[1]
scw/1302/130200670010.001/swg.fits[1]
scw/1306/130600600010.001/swg.fits[1]
scw/1306/130600650010.001/swg.fits[1]
scw/1365/136500100010.001/swg.fits[1]
scw/1365/136500110010.001/swg.fits[1]
scw/1365/136500160010.001/swg.fits[1]
scw/1365/136500170010.001/swg.fits[1]
scw/1366/136600100010.001/swg.fits[1]
scw/1366/136600110010.001/swg.fits[1]
scw/1366/136600170010.001/swg.fits[1]
scw/1366/136600180010.001/swg.fits[1]
scw/1366/136600190010.001/swg.fits[1]
scw/1373/137300060010.001/swg.fits[1]
scw/1373/137300070010.001/swg.fits[1]
scw/1374/137400030010.001/swg.fits[1]
scw/1374/137400040010.001/swg.fits[1]
scw/1375/137500040010.001/swg.fits[1]
scw/1375/137500050010.001/swg.fits[1]
scw/1375/137500060010.001/swg.fits[1]
scw/1375/137500240010.001/swg.fits[1]
scw/1376/137600040010.001/swg.fits[1]
scw/1376/137600050010.001/swg.fits[1]
scw/1472/147200080010.001/swg.fits[1]
scw/1472/147200090010.001/swg.fits[1]
scw/1472/147200100010.001/swg.fits[1]
scw/1480/148000080010.001/swg.fits[1]
scw/1480/148000190010.001/swg.fits[1]
scw/1480/148000200010.001/swg.fits[1]
scw/1485/148500070010.001/swg.fits[1]
scw/1485/148500080010.001/swg.fits[1]
scw/1485/148500090010.001/swg.fits[1]
scw/1485/148500140010.001/swg.fits[1]
scw/1485/148500150010.001/swg.fits[1]
scw/1488/148800080010.001/swg.fits[1]
scw/1488/148800090010.001/swg.fits[1]
scw/1488/148800140010.001/swg.fits[1]
scw/1488/148800150010.001/swg.fits[1]
scw/1610/161000280010.001/swg.fits[1]
scw/1610/161000410010.001/swg.fits[1]
scw/1620/162000320010.001/swg.fits[1]
scw/1620/162000330010.001/swg.fits[1]
scw/1620/162000460010.001/swg.fits[1]
scw/1620/162000470010.001/swg.fits[1]
scw/1621/162100070010.001/swg.fits[1]
scw/1621/162100080010.001/swg.fits[1]
scw/1621/162100090010.001/swg.fits[1]
scw/1621/162100140010.001/swg.fits[1]
scw/1621/162100150010.001/swg.fits[1]
scw/1621/162100160010.001/swg.fits[1]
scw/1625/162500360010.001/swg.fits[1]
scw/1625/162500370010.001/swg.fits[1]
scw/1625/162500380010.001/swg.fits[1]
scw/1625/162500430010.001/swg.fits[1]
scw/1625/162500440010.001/swg.fits[1]
scw/2006/200600280010.001/swg.fits[1]
scw/2030/203000410010.001/swg.fits[1]
scw/2031/203100420010.001/swg.fits[1]
scw/2042/204200040010.001/swg.fits[1]
scw/2042/204200050010.001/swg.fits[1]
scw/2042/204200060010.001/swg.fits[1]
scw/2042/204200070010.001/swg.fits[1]
scw/2042/204200080010.001/swg.fits[1]
scw/2042/204200090010.001/swg.fits[1]
scw/2042/204200100010.001/swg.fits[1]
scw/2042/204200110010.001/swg.fits[1]
scw/2042/204200120010.001/swg.fits[1]
scw/2042/204200130010.001/swg.fits[1]
scw/2042/204200140010.001/swg.fits[1]
scw/2042/204200150010.001/swg.fits[1]
scw/2042/204200160010.001/swg.fits[1]
scw/2042/204200170010.001/swg.fits[1]
scw/2042/204200180010.001/swg.fits[1]
scw/2042/204200190010.001/swg.fits[1]
scw/2042/204200200010.001/swg.fits[1]
scw/2042/204200210010.001/swg.fits[1]
scw/2042/204200220010.001/swg.fits[1]
scw/2042/204200230010.001/swg.fits[1]
scw/2042/204200240010.001/swg.fits[1]
scw/2042/204200250010.001/swg.fits[1]
scw/2042/204200260010.001/swg.fits[1]
scw/2042/204200270010.001/swg.fits[1]
scw/2042/204200280010.001/swg.fits[1]
scw/2042/204200290010.001/swg.fits[1]
scw/2042/204200300010.001/swg.fits[1]
scw/2042/204200310010.001/swg.fits[1]
scw/2042/204200320010.001/swg.fits[1]
scw/2042/204200330010.001/swg.fits[1]
scw/2042/204200340010.001/swg.fits[1]
scw/2042/204200350010.001/swg.fits[1]
scw/2042/204200360010.001/swg.fits[1]
scw/2042/204200370010.001/swg.fits[1]
scw/2042/204200380010.001/swg.fits[1]
scw/2042/204200390010.001/swg.fits[1]
scw/2042/204200400010.001/swg.fits[1]
scw/2042/204200410010.001/swg.fits[1]
scw/2042/204200420010.001/swg.fits[1]
scw/2042/204200430010.001/swg.fits[1]
scw/2042/204200440010.001/swg.fits[1]
scw/2042/204200450010.001/swg.fits[1]
scw/2042/204200460010.001/swg.fits[1]
scw/2042/204200470010.001/swg.fits[1]
scw/2042/204200480010.001/swg.fits[1]
scw/2042/204200490010.001/swg.fits[1]
scw/2042/204200500010.001/swg.fits[1]
scw/2042/204200530010.001/swg.fits[1]
scw/2042/204200540010.001/swg.fits[1]
scw/2043/204300020010.001/swg.fits[1]
scw/2043/204300030010.001/swg.fits[1]
scw/2043/204300040010.001/swg.fits[1]
scw/2043/204300050010.001/swg.fits[1]
scw/2043/204300060010.001/swg.fits[1]
scw/2043/204300070010.001/swg.fits[1]
scw/2043/204300080010.001/swg.fits[1]
scw/2043/204300090010.001/swg.fits[1]
scw/2043/204300100010.001/swg.fits[1]
scw/2043/204300110010.001/swg.fits[1]
scw/2043/204300120010.001/swg.fits[1]
scw/2043/204300130010.001/swg.fits[1]
scw/2043/204300140010.001/swg.fits[1]
scw/2043/204300150010.001/swg.fits[1]
scw/2043/204300160010.001/swg.fits[1]
scw/2043/204300170010.001/swg.fits[1]
scw/2043/204300180010.001/swg.fits[1]
scw/2043/204300190010.001/swg.fits[1]
scw/2043/204300200010.001/swg.fits[1]
scw/2043/204300210010.001/swg.fits[1]
scw/2043/204300220010.001/swg.fits[1]
scw/2043/204300230010.001/swg.fits[1]
scw/2043/204300240010.001/swg.fits[1]
scw/2043/204300250010.001/swg.fits[1]
scw/2043/204300260010.001/swg.fits[1]
scw/2043/204300270010.001/swg.fits[1]
scw/2043/204300280010.001/swg.fits[1]
scw/2043/204300290010.001/swg.fits[1]
scw/2043/204300300010.001/swg.fits[1]
scw/2043/204300310010.001/swg.fits[1]
scw/2043/204300320010.001/swg.fits[1]
scw/2043/204300330010.001/swg.fits[1]
scw/2043/204300340010.001/swg.fits[1]
scw/2043/204300350010.001/swg.fits[1]
scw/2043/204300360010.001/swg.fits[1]
scw/2043/204300370010.001/swg.fits[1]
scw/2043/204300380010.001/swg.fits[1]
scw/2043/204300390010.001/swg.fits[1]
scw/2043/204300400010.001/swg.fits[1]
scw/2043/204300410010.001/swg.fits[1]
scw/2043/204300420010.001/swg.fits[1]
scw/2043/204300430010.001/swg.fits[1]
scw/2043/204300440010.001/swg.fits[1]
scw/2043/204300450010.001/swg.fits[1]
scw/2043/204300460010.001/swg.fits[1]
scw/2043/204300470010.001/swg.fits[1]
scw/2043/204300490010.001/swg.fits[1]
scw/2043/204300500010.001/swg.fits[1]
scw/2043/204300510010.001/swg.fits[1]
scw/2043/204300520010.001/swg.fits[1]
scw/2043/204300530010.001/swg.fits[1]
scw/2043/204300540010.001/swg.fits[1]
scw/2043/204300540020.001/swg.fits[1]
scw/2044/204400020010.001/swg.fits[1]
scw/2044/204400030010.001/swg.fits[1]
scw/2044/204400040010.001/swg.fits[1]
scw/2044/204400050010.001/swg.fits[1]
scw/2044/204400060010.001/swg.fits[1]
scw/2044/204400070010.001/swg.fits[1]
scw/2044/204400080010.001/swg.fits[1]
scw/2044/204400090010.001/swg.fits[1]
scw/2044/204400100010.001/swg.fits[1]
scw/2044/204400110010.001/swg.fits[1]
scw/2044/204400120010.001/swg.fits[1]
scw/2044/204400130010.001/swg.fits[1]
scw/2044/204400140010.001/swg.fits[1]
scw/2044/204400150010.001/swg.fits[1]
scw/2044/204400160010.001/swg.fits[1]
scw/2044/204400170010.001/swg.fits[1]
scw/2044/204400180010.001/swg.fits[1]
scw/2044/204400190010.001/swg.fits[1]
scw/2044/204400200010.001/swg.fits[1]
scw/2044/204400210010.001/swg.fits[1]
scw/2044/204400220010.001/swg.fits[1]
scw/2044/204400230010.001/swg.fits[1]
scw/2044/204400240010.001/swg.fits[1]
scw/2044/204400250010.001/swg.fits[1]
scw/2044/204400260010.001/swg.fits[1]
scw/2044/204400270010.001/swg.fits[1]
scw/2044/204400280010.001/swg.fits[1]
scw/2044/204400290010.001/swg.fits[1]
scw/2044/204400300010.001/swg.fits[1]
scw/2044/204400310010.001/swg.fits[1]
scw/2044/204400320010.001/swg.fits[1]
scw/2044/204400330010.001/swg.fits[1]
scw/2044/204400340010.001/swg.fits[1]
scw/2044/204400350010.001/swg.fits[1]
scw/2044/204400360010.001/swg.fits[1]
scw/2044/204400370010.001/swg.fits[1]
scw/2044/204400380010.001/swg.fits[1]
scw/2044/204400390010.001/swg.fits[1]
scw/2044/204400400010.001/swg.fits[1]
scw/2044/204400410010.001/swg.fits[1]
scw/2044/204400420010.001/swg.fits[1]
scw/2044/204400430010.001/swg.fits[1]
scw/2044/204400440010.001/swg.fits[1]
scw/2044/204400450010.001/swg.fits[1]
scw/2044/204400460010.001/swg.fits[1]
scw/2044/204400470010.001/swg.fits[1]
scw/2044/204400480010.001/swg.fits[1]
scw/2044/204400490010.001/swg.fits[1]
scw/2044/204400500010.001/swg.fits[1]
scw/2044/204400510010.001/swg.fits[1]
scw/2044/204400520010.001/swg.fits[1]
scw/2044/204400530010.001/swg.fits[1]
scw/2058/205800020010.001/swg.fits[1]
scw/2245/224500040010.001/swg.fits[1]
scw/2245/224500050010.001/swg.fits[1]
scw/2245/224500060010.001/swg.fits[1]
scw/2245/224500070010.001/swg.fits[1]
scw/2245/224500080010.001/swg.fits[1]
scw/2245/224500090010.001/swg.fits[1]
scw/2245/224500100010.001/swg.fits[1]
scw/2245/224500110010.001/swg.fits[1]
scw/2245/224500120010.001/swg.fits[1]
scw/2245/224500130010.001/swg.fits[1]
scw/2245/224500140010.001/swg.fits[1]
scw/2245/224500150010.001/swg.fits[1]
scw/2245/224500160010.001/swg.fits[1]
scw/2245/224500170010.001/swg.fits[1]
scw/2245/224500180010.001/swg.fits[1]
scw/2245/224500190010.001/swg.fits[1]
scw/2245/224500200010.001/swg.fits[1]
scw/2245/224500210010.001/swg.fits[1]
scw/2245/224500220010.001/swg.fits[1]
scw/2245/224500230010.001/swg.fits[1]
scw/2245/224500240010.001/swg.fits[1]
scw/2245/224500250010.001/swg.fits[1]
scw/2245/224500260010.001/swg.fits[1]
scw/2245/224500270010.001/swg.fits[1]
scw/2245/224500280010.001/swg.fits[1]
scw/2245/224500290010.001/swg.fits[1]
scw/2245/224500300010.001/swg.fits[1]
scw/2245/224500310010.001/swg.fits[1]
scw/2245/224500320010.001/swg.fits[1]
scw/2245/224500330010.001/swg.fits[1]
scw/2245/224500340010.001/swg.fits[1]
scw/2245/224500350010.001/swg.fits[1]
scw/2245/224500360010.001/swg.fits[1]
scw/2245/224500370010.001/swg.fits[1]
scw/2245/224500380010.001/swg.fits[1]
scw/2245/224500390010.001/swg.fits[1]
scw/2245/224500400010.001/swg.fits[1]
scw/2245/224500410010.001/swg.fits[1]
scw/2245/224500420010.001/swg.fits[1]
scw/2245/224500430010.001/swg.fits[1]
scw/2245/224500440010.001/swg.fits[1]
scw/2245/224500450010.001/swg.fits[1]
scw/2245/224500460010.001/swg.fits[1]
scw/2245/224500470010.001/swg.fits[1]
scw/2245/224500480010.001/swg.fits[1]
scw/2245/224500490010.001/swg.fits[1]
scw/2245/224500500010.001/swg.fits[1]
scw/2245/224500510010.001/swg.fits[1]
scw/2247/224700560010.001/swg.fits[1]
scw/2247/224700570010.001/swg.fits[1]
scw/2247/224700580010.001/swg.fits[1]
scw/2247/224700590010.001/swg.fits[1]
scw/2247/224700600010.001/swg.fits[1]
scw/2247/224700610010.001/swg.fits[1]
scw/2247/224700620010.001/swg.fits[1]
scw/2247/224700630010.001/swg.fits[1]
scw/2247/224700640010.001/swg.fits[1]
scw/2247/224700650010.001/swg.fits[1]
