scw/2392/239200610010.001/swg.fits[1]
scw/2392/239200620010.001/swg.fits[1]
scw/2392/239200640010.001/swg.fits[1]
scw/2392/239200650010.001/swg.fits[1]
scw/2392/239200660010.001/swg.fits[1]
scw/2392/239200670010.001/swg.fits[1]
scw/2392/239200680010.001/swg.fits[1]
scw/2392/239200840010.001/swg.fits[1]
scw/2392/239200850010.001/swg.fits[1]
scw/2392/239200860010.001/swg.fits[1]
scw/2392/239200870010.001/swg.fits[1]
scw/2392/239200880010.001/swg.fits[1]
scw/2392/239200890010.001/swg.fits[1]
scw/2392/239200900010.001/swg.fits[1]
scw/2392/239200910010.001/swg.fits[1]
scw/2392/239200920010.001/swg.fits[1]
scw/2392/239200930010.001/swg.fits[1]
scw/2392/239200950010.001/swg.fits[1]
scw/2392/239200960010.001/swg.fits[1]
scw/2392/239200970010.001/swg.fits[1]
scw/2392/239200980010.001/swg.fits[1]
