scw/2254/225400290010.001/swg.fits[1]
scw/2269/226900800010.001/swg.fits[1]
scw/2279/227900020010.001/swg.fits[1]
scw/2279/227900030010.001/swg.fits[1]
scw/2279/227900040010.001/swg.fits[1]
scw/2279/227900050010.001/swg.fits[1]
scw/2279/227900060010.001/swg.fits[1]
scw/2279/227900070010.001/swg.fits[1]
scw/2279/227900080010.001/swg.fits[1]
scw/2279/227900090010.001/swg.fits[1]
scw/2279/227900100010.001/swg.fits[1]
scw/2279/227900110010.001/swg.fits[1]
scw/2279/227900120010.001/swg.fits[1]
scw/2279/227900130010.001/swg.fits[1]
scw/2279/227900140010.001/swg.fits[1]
scw/2279/227900150010.001/swg.fits[1]
scw/2279/227900160010.001/swg.fits[1]
scw/2279/227900170010.001/swg.fits[1]
scw/2279/227900180010.001/swg.fits[1]
scw/2279/227900190010.001/swg.fits[1]
scw/2279/227900200010.001/swg.fits[1]
scw/2279/227900210010.001/swg.fits[1]
scw/2279/227900220010.001/swg.fits[1]
scw/2279/227900230010.001/swg.fits[1]
scw/2279/227900240010.001/swg.fits[1]
scw/2279/227900250010.001/swg.fits[1]
scw/2279/227900260010.001/swg.fits[1]
scw/2279/227900270010.001/swg.fits[1]
scw/2279/227900280010.001/swg.fits[1]
scw/2279/227900290010.001/swg.fits[1]
scw/2279/227900300010.001/swg.fits[1]
scw/2279/227900310010.001/swg.fits[1]
scw/2279/227900320010.001/swg.fits[1]
scw/2279/227900330010.001/swg.fits[1]
scw/2279/227900340010.001/swg.fits[1]
scw/2279/227900350010.001/swg.fits[1]
scw/2279/227900360010.001/swg.fits[1]
scw/2279/227900370010.001/swg.fits[1]
scw/2279/227900380010.001/swg.fits[1]
scw/2279/227900390010.001/swg.fits[1]
scw/2279/227900400010.001/swg.fits[1]
scw/2279/227900410010.001/swg.fits[1]
