scw/0141/014100530010.001/swg.fits[1]
scw/0141/014100540010.001/swg.fits[1]
scw/0141/014100550010.001/swg.fits[1]
scw/0141/014100560010.001/swg.fits[1]
scw/0141/014100570010.001/swg.fits[1]
scw/0141/014100580010.001/swg.fits[1]
scw/0141/014100590010.001/swg.fits[1]
scw/0141/014100610010.001/swg.fits[1]
scw/0141/014100620010.001/swg.fits[1]
scw/0141/014100630010.001/swg.fits[1]
scw/0141/014100640010.001/swg.fits[1]
scw/0141/014100650010.001/swg.fits[1]
scw/0141/014100660010.001/swg.fits[1]
scw/0141/014100670010.001/swg.fits[1]
scw/0141/014100740010.001/swg.fits[1]
scw/0141/014100750010.001/swg.fits[1]
scw/0141/014100760010.001/swg.fits[1]
scw/0141/014100840010.001/swg.fits[1]
scw/0141/014100920010.001/swg.fits[1]
scw/0141/014100930010.001/swg.fits[1]
scw/0141/014100940010.001/swg.fits[1]
