scw/0881/088100350010.001/swg.fits[1]
scw/0881/088100360010.001/swg.fits[1]
scw/0881/088100410010.001/swg.fits[1]
scw/0881/088100420010.001/swg.fits[1]
scw/0881/088100430010.001/swg.fits[1]
scw/0881/088100440010.001/swg.fits[1]
scw/0881/088100450010.001/swg.fits[1]
scw/0881/088100460010.001/swg.fits[1]
scw/0881/088100510010.001/swg.fits[1]
scw/0881/088100520010.001/swg.fits[1]
scw/0881/088100530010.001/swg.fits[1]
scw/0881/088100540010.001/swg.fits[1]
scw/0881/088100550010.001/swg.fits[1]
scw/0881/088100560010.001/swg.fits[1]
scw/0881/088100610010.001/swg.fits[1]
scw/0881/088100620010.001/swg.fits[1]
scw/0882/088200010010.001/swg.fits[1]
scw/0882/088200020010.001/swg.fits[1]
scw/0882/088200030010.001/swg.fits[1]
scw/0882/088200040010.001/swg.fits[1]
scw/0882/088200090010.001/swg.fits[1]
scw/0882/088200100010.001/swg.fits[1]
scw/0882/088200110010.001/swg.fits[1]
scw/0882/088200120010.001/swg.fits[1]
scw/0882/088200130010.001/swg.fits[1]
scw/0882/088200140010.001/swg.fits[1]
scw/0882/088200180010.001/swg.fits[1]
scw/0882/088200190010.001/swg.fits[1]
scw/0882/088200210010.001/swg.fits[1]
scw/0882/088200220010.001/swg.fits[1]
scw/0882/088200230010.001/swg.fits[1]
scw/0882/088200240010.001/swg.fits[1]
scw/0882/088200250010.001/swg.fits[1]
scw/0882/088200290010.001/swg.fits[1]
scw/0882/088200300010.001/swg.fits[1]
scw/0882/088200310010.001/swg.fits[1]
scw/0882/088200320010.001/swg.fits[1]
scw/0882/088200330010.001/swg.fits[1]
scw/0882/088200340010.001/swg.fits[1]
scw/0882/088200390010.001/swg.fits[1]
scw/0882/088200400010.001/swg.fits[1]
scw/0882/088200420010.001/swg.fits[1]
