scw/2042/204200490010.001/swg.fits[1]
scw/2042/204200500010.001/swg.fits[1]
scw/2042/204200530010.001/swg.fits[1]
scw/2042/204200540010.001/swg.fits[1]
scw/2043/204300020010.001/swg.fits[1]
scw/2043/204300030010.001/swg.fits[1]
scw/2043/204300040010.001/swg.fits[1]
scw/2043/204300050010.001/swg.fits[1]
scw/2043/204300060010.001/swg.fits[1]
scw/2043/204300070010.001/swg.fits[1]
scw/2043/204300080010.001/swg.fits[1]
scw/2043/204300090010.001/swg.fits[1]
scw/2043/204300100010.001/swg.fits[1]
scw/2043/204300110010.001/swg.fits[1]
scw/2043/204300120010.001/swg.fits[1]
scw/2043/204300130010.001/swg.fits[1]
scw/2043/204300140010.001/swg.fits[1]
scw/2043/204300150010.001/swg.fits[1]
scw/2043/204300160010.001/swg.fits[1]
scw/2043/204300170010.001/swg.fits[1]
scw/2043/204300180010.001/swg.fits[1]
scw/2043/204300190010.001/swg.fits[1]
scw/2043/204300200010.001/swg.fits[1]
scw/2043/204300210010.001/swg.fits[1]
scw/2043/204300220010.001/swg.fits[1]
scw/2043/204300230010.001/swg.fits[1]
scw/2043/204300240010.001/swg.fits[1]
scw/2043/204300250010.001/swg.fits[1]
scw/2043/204300260010.001/swg.fits[1]
scw/2043/204300270010.001/swg.fits[1]
scw/2043/204300280010.001/swg.fits[1]
scw/2043/204300290010.001/swg.fits[1]
scw/2043/204300300010.001/swg.fits[1]
scw/2043/204300310010.001/swg.fits[1]
scw/2043/204300320010.001/swg.fits[1]
scw/2043/204300330010.001/swg.fits[1]
scw/2043/204300340010.001/swg.fits[1]
scw/2043/204300350010.001/swg.fits[1]
scw/2043/204300360010.001/swg.fits[1]
scw/2043/204300370010.001/swg.fits[1]
scw/2043/204300380010.001/swg.fits[1]
scw/2043/204300390010.001/swg.fits[1]
