scw/0281/028100030010.001/swg.fits[1]
scw/0281/028100040010.001/swg.fits[1]
scw/0281/028100050010.001/swg.fits[1]
scw/0283/028300050010.001/swg.fits[1]
scw/0283/028300060010.001/swg.fits[1]
scw/0283/028300070010.001/swg.fits[1]
scw/0301/030100020010.001/swg.fits[1]
scw/0301/030100030010.001/swg.fits[1]
scw/0308/030800140010.001/swg.fits[1]
scw/0308/030800150010.001/swg.fits[1]
scw/0317/031700060010.001/swg.fits[1]
scw/0317/031700070010.001/swg.fits[1]
scw/0317/031700080010.001/swg.fits[1]
scw/0324/032400070010.001/swg.fits[1]
scw/0324/032400080010.001/swg.fits[1]
scw/0325/032500480010.001/swg.fits[1]
scw/0325/032500490010.001/swg.fits[1]
scw/0327/032700030010.001/swg.fits[1]
scw/0327/032700040010.001/swg.fits[1]
scw/0327/032700050010.001/swg.fits[1]
scw/0330/033000830010.001/swg.fits[1]
