scw/0550/055000120010.001/swg.fits[1]
scw/0636/063600560010.001/swg.fits[1]
scw/0696/069600430010.001/swg.fits[1]
scw/0863/086300350010.001/swg.fits[1]
scw/0863/086300360010.001/swg.fits[1]
scw/0863/086300370010.001/swg.fits[1]
scw/0863/086300380010.001/swg.fits[1]
scw/0863/086300390010.001/swg.fits[1]
scw/0863/086300410010.001/swg.fits[1]
scw/0863/086300420010.001/swg.fits[1]
scw/0863/086300430010.001/swg.fits[1]
scw/0863/086300440010.001/swg.fits[1]
scw/0863/086300450010.001/swg.fits[1]
scw/0863/086300460010.001/swg.fits[1]
scw/0863/086300470010.001/swg.fits[1]
scw/0863/086300530010.001/swg.fits[1]
scw/0863/086300540010.001/swg.fits[1]
scw/0863/086300550010.001/swg.fits[1]
scw/0863/086300630010.001/swg.fits[1]
scw/0863/086300640010.001/swg.fits[1]
scw/0863/086300650010.001/swg.fits[1]
