scw/0379/037900660010.001/swg.fits[1]
scw/0380/038000100010.001/swg.fits[1]
scw/0380/038000150010.001/swg.fits[1]
scw/0380/038000160010.001/swg.fits[1]
scw/0380/038000170010.001/swg.fits[1]
scw/0380/038000180010.001/swg.fits[1]
scw/0380/038000190010.001/swg.fits[1]
scw/0380/038000230010.001/swg.fits[1]
scw/0380/038000240010.001/swg.fits[1]
scw/0380/038000250010.001/swg.fits[1]
scw/0380/038000260010.001/swg.fits[1]
scw/0380/038000270010.001/swg.fits[1]
scw/0380/038000280010.001/swg.fits[1]
scw/0380/038000290010.001/swg.fits[1]
scw/0380/038000300010.001/swg.fits[1]
scw/0380/038000310010.001/swg.fits[1]
scw/0380/038000330010.001/swg.fits[1]
scw/0380/038000340010.001/swg.fits[1]
scw/0380/038000350010.001/swg.fits[1]
scw/0380/038000360010.001/swg.fits[1]
scw/0380/038000370010.001/swg.fits[1]
