scw/0866/086600220010.001/swg.fits[1]
scw/0866/086600230010.001/swg.fits[1]
scw/0866/086600240010.001/swg.fits[1]
scw/0866/086600250010.001/swg.fits[1]
scw/0866/086600260010.001/swg.fits[1]
scw/0866/086600270010.001/swg.fits[1]
scw/0866/086600280010.001/swg.fits[1]
scw/0866/086600290010.001/swg.fits[1]
scw/0866/086600300010.001/swg.fits[1]
scw/0866/086600310010.001/swg.fits[1]
scw/0866/086600330010.001/swg.fits[1]
scw/0866/086600340010.001/swg.fits[1]
scw/0866/086600350010.001/swg.fits[1]
scw/0866/086600360010.001/swg.fits[1]
scw/0866/086600370010.001/swg.fits[1]
scw/0866/086600380010.001/swg.fits[1]
scw/0866/086600390010.001/swg.fits[1]
scw/0866/086600440010.001/swg.fits[1]
scw/0866/086600450010.001/swg.fits[1]
scw/0866/086600460010.001/swg.fits[1]
scw/0867/086700750010.001/swg.fits[1]
