scw/0281/028100030010.001/swg.fits[1]
scw/0281/028100040010.001/swg.fits[1]
scw/0281/028100050010.001/swg.fits[1]
scw/0283/028300050010.001/swg.fits[1]
scw/0283/028300060010.001/swg.fits[1]
scw/0283/028300070010.001/swg.fits[1]
scw/0301/030100020010.001/swg.fits[1]
scw/0301/030100030010.001/swg.fits[1]
scw/0308/030800140010.001/swg.fits[1]
scw/0308/030800150010.001/swg.fits[1]
scw/0317/031700060010.001/swg.fits[1]
scw/0317/031700070010.001/swg.fits[1]
scw/0317/031700080010.001/swg.fits[1]
scw/0324/032400070010.001/swg.fits[1]
scw/0324/032400080010.001/swg.fits[1]
scw/0325/032500480010.001/swg.fits[1]
scw/0325/032500490010.001/swg.fits[1]
scw/0327/032700030010.001/swg.fits[1]
scw/0327/032700040010.001/swg.fits[1]
scw/0327/032700050010.001/swg.fits[1]
scw/0330/033000830010.001/swg.fits[1]
scw/0335/033500080010.001/swg.fits[1]
scw/0335/033500090010.001/swg.fits[1]
scw/0335/033500100010.001/swg.fits[1]
scw/0338/033800070010.001/swg.fits[1]
scw/0338/033800080010.001/swg.fits[1]
scw/0343/034300090010.001/swg.fits[1]
scw/0372/037200080010.001/swg.fits[1]
scw/0372/037200090010.001/swg.fits[1]
scw/0373/037300490010.001/swg.fits[1]
scw/0373/037300500010.001/swg.fits[1]
scw/0373/037300510010.001/swg.fits[1]
scw/0373/037300520010.001/swg.fits[1]
scw/0373/037300540010.001/swg.fits[1]
scw/0373/037300550010.001/swg.fits[1]
scw/0373/037300560010.001/swg.fits[1]
scw/0373/037300570010.001/swg.fits[1]
scw/0373/037300580010.001/swg.fits[1]
scw/0373/037300590010.001/swg.fits[1]
scw/0373/037300600010.001/swg.fits[1]
scw/0373/037300610010.001/swg.fits[1]
scw/0373/037300620010.001/swg.fits[1]
scw/0373/037300630010.001/swg.fits[1]
scw/0374/037400490010.001/swg.fits[1]
scw/0374/037400500010.001/swg.fits[1]
scw/0374/037400510010.001/swg.fits[1]
scw/0374/037400520010.001/swg.fits[1]
scw/0374/037400580010.001/swg.fits[1]
scw/0374/037400590010.001/swg.fits[1]
scw/0374/037400600010.001/swg.fits[1]
scw/0374/037400610010.001/swg.fits[1]
scw/0374/037400620010.001/swg.fits[1]
scw/0374/037400630010.001/swg.fits[1]
scw/0374/037400640010.001/swg.fits[1]
scw/0374/037400660010.001/swg.fits[1]
scw/0374/037400670010.001/swg.fits[1]
scw/0374/037400680010.001/swg.fits[1]
scw/0374/037400690010.001/swg.fits[1]
scw/0374/037400700010.001/swg.fits[1]
scw/0374/037400710010.001/swg.fits[1]
scw/0374/037400720010.001/swg.fits[1]
scw/0374/037400730010.001/swg.fits[1]
scw/0375/037500020010.001/swg.fits[1]
scw/0375/037500030010.001/swg.fits[1]
scw/0375/037500050010.001/swg.fits[1]
scw/0375/037500060010.001/swg.fits[1]
scw/0375/037500070010.001/swg.fits[1]
scw/0375/037500080010.001/swg.fits[1]
scw/0375/037500090010.001/swg.fits[1]
scw/0375/037500100010.001/swg.fits[1]
scw/0375/037500110010.001/swg.fits[1]
scw/0375/037500120010.001/swg.fits[1]
scw/0375/037500140010.001/swg.fits[1]
scw/0375/037500150010.001/swg.fits[1]
scw/0375/037500160010.001/swg.fits[1]
scw/0375/037500170010.001/swg.fits[1]
scw/0375/037500180010.001/swg.fits[1]
scw/0375/037500190010.001/swg.fits[1]
scw/0375/037500200010.001/swg.fits[1]
scw/0375/037500210010.001/swg.fits[1]
scw/0375/037500220010.001/swg.fits[1]
scw/0376/037600040010.001/swg.fits[1]
scw/0376/037600050010.001/swg.fits[1]
scw/0376/037600060010.001/swg.fits[1]
