scw/2441/244100560010.001/swg.fits[1]
scw/2441/244100640010.001/swg.fits[1]
scw/2443/244300510010.001/swg.fits[1]
scw/2443/244300520010.001/swg.fits[1]
scw/2443/244300530010.001/swg.fits[1]
scw/2444/244400310010.001/swg.fits[1]
scw/2444/244400320010.001/swg.fits[1]
scw/2444/244400330010.001/swg.fits[1]
scw/2444/244400340010.001/swg.fits[1]
scw/2444/244400350010.001/swg.fits[1]
scw/2444/244400560010.001/swg.fits[1]
scw/2444/244400570010.001/swg.fits[1]
scw/2444/244400580010.001/swg.fits[1]
scw/2444/244400590010.001/swg.fits[1]
scw/2444/244400610010.001/swg.fits[1]
scw/2444/244400620010.001/swg.fits[1]
scw/2444/244400630010.001/swg.fits[1]
scw/2444/244400640010.001/swg.fits[1]
scw/2444/244400650010.001/swg.fits[1]
scw/2444/244400660010.001/swg.fits[1]
scw/2444/244400670010.001/swg.fits[1]
