scw/2247/224700660010.001/swg.fits[1]
scw/2247/224700670010.001/swg.fits[1]
scw/2247/224700680010.001/swg.fits[1]
scw/2247/224700690010.001/swg.fits[1]
scw/2247/224700690020.001/swg.fits[1]
scw/2249/224900450010.001/swg.fits[1]
scw/2249/224900460010.001/swg.fits[1]
scw/2249/224900470010.001/swg.fits[1]
scw/2249/224900480010.001/swg.fits[1]
scw/2249/224900490010.001/swg.fits[1]
scw/2249/224900500010.001/swg.fits[1]
scw/2249/224900510010.001/swg.fits[1]
scw/2249/224900520010.001/swg.fits[1]
scw/2249/224900530010.001/swg.fits[1]
scw/2249/224900540010.001/swg.fits[1]
scw/2249/224900550010.001/swg.fits[1]
scw/2249/224900560010.001/swg.fits[1]
scw/2249/224900570010.001/swg.fits[1]
scw/2249/224900580010.001/swg.fits[1]
scw/2249/224900590010.001/swg.fits[1]
scw/2249/224900600010.001/swg.fits[1]
