scw/2507/250700480010.001/swg.fits[1]
scw/2508/250800320010.001/swg.fits[1]
scw/2508/250800390010.001/swg.fits[1]
scw/2508/250800400010.001/swg.fits[1]
scw/2508/250800410010.001/swg.fits[1]
scw/2508/250800420010.001/swg.fits[1]
scw/2508/250800430010.001/swg.fits[1]
scw/2508/250800440010.001/swg.fits[1]
scw/2508/250800450010.001/swg.fits[1]
scw/2508/250800460010.001/swg.fits[1]
scw/2511/251100460010.001/swg.fits[1]
scw/2511/251100470010.001/swg.fits[1]
scw/2511/251100480010.001/swg.fits[1]
scw/2511/251100490010.001/swg.fits[1]
scw/2511/251100500010.001/swg.fits[1]
scw/2511/251100510010.001/swg.fits[1]
scw/2511/251100520010.001/swg.fits[1]
scw/2511/251100530010.001/swg.fits[1]
scw/2511/251100540010.001/swg.fits[1]
scw/2511/251100590010.001/swg.fits[1]
scw/2512/251200540010.001/swg.fits[1]
