scw/0440/044000360010.001/swg.fits[1]
scw/0440/044000370010.001/swg.fits[1]
scw/0440/044000380010.001/swg.fits[1]
scw/0440/044000390010.001/swg.fits[1]
scw/0440/044000430010.001/swg.fits[1]
scw/0440/044000440010.001/swg.fits[1]
scw/0440/044000450010.001/swg.fits[1]
scw/0440/044000460010.001/swg.fits[1]
scw/0440/044000470010.001/swg.fits[1]
scw/0440/044000480010.001/swg.fits[1]
scw/0440/044000490010.001/swg.fits[1]
scw/0440/044000510010.001/swg.fits[1]
scw/0440/044000520010.001/swg.fits[1]
scw/0440/044000530010.001/swg.fits[1]
scw/0440/044000540010.001/swg.fits[1]
scw/0440/044000550010.001/swg.fits[1]
scw/0440/044000560010.001/swg.fits[1]
scw/0440/044000570010.001/swg.fits[1]
scw/0440/044000580010.001/swg.fits[1]
scw/0440/044000590010.001/swg.fits[1]
scw/0440/044000600010.001/swg.fits[1]
