scw/0381/038100040010.001/swg.fits[1]
scw/0381/038100050010.001/swg.fits[1]
scw/0381/038100060010.001/swg.fits[1]
scw/0381/038100100010.001/swg.fits[1]
scw/0381/038100110010.001/swg.fits[1]
scw/0381/038100120010.001/swg.fits[1]
scw/0381/038100130010.001/swg.fits[1]
scw/0381/038100140010.001/swg.fits[1]
scw/0381/038100150010.001/swg.fits[1]
scw/0381/038100160010.001/swg.fits[1]
scw/0381/038100170010.001/swg.fits[1]
scw/0381/038100200010.001/swg.fits[1]
scw/0381/038100210010.001/swg.fits[1]
scw/0381/038100220010.001/swg.fits[1]
scw/0381/038100230010.001/swg.fits[1]
scw/0381/038100240010.001/swg.fits[1]
scw/0381/038100250010.001/swg.fits[1]
scw/0381/038100260010.001/swg.fits[1]
scw/0381/038100270010.001/swg.fits[1]
scw/0381/038100290010.001/swg.fits[1]
scw/0381/038100300010.001/swg.fits[1]
scw/0381/038100310010.001/swg.fits[1]
scw/0381/038100320010.001/swg.fits[1]
scw/0381/038100330010.001/swg.fits[1]
scw/0381/038100340010.001/swg.fits[1]
scw/0381/038100360010.001/swg.fits[1]
scw/0381/038100370010.001/swg.fits[1]
scw/0381/038100380010.001/swg.fits[1]
scw/0381/038100400010.001/swg.fits[1]
scw/0381/038100410010.001/swg.fits[1]
scw/0381/038100420010.001/swg.fits[1]
scw/0381/038100430010.001/swg.fits[1]
scw/0381/038100440010.001/swg.fits[1]
scw/0381/038100450010.001/swg.fits[1]
scw/0381/038100460010.001/swg.fits[1]
scw/0381/038100510010.001/swg.fits[1]
scw/0381/038100520010.001/swg.fits[1]
scw/0381/038100530010.001/swg.fits[1]
scw/0381/038100540010.001/swg.fits[1]
scw/0381/038100550010.001/swg.fits[1]
scw/0381/038100560010.001/swg.fits[1]
scw/0381/038100570010.001/swg.fits[1]
scw/0382/038200020010.001/swg.fits[1]
scw/0382/038200030010.001/swg.fits[1]
scw/0382/038200040010.001/swg.fits[1]
scw/0382/038200050010.001/swg.fits[1]
scw/0382/038200060010.001/swg.fits[1]
scw/0382/038200070010.001/swg.fits[1]
scw/0382/038200080010.001/swg.fits[1]
scw/0382/038200090010.001/swg.fits[1]
scw/0382/038200100010.001/swg.fits[1]
scw/0382/038200120010.001/swg.fits[1]
scw/0382/038200130010.001/swg.fits[1]
scw/0382/038200140010.001/swg.fits[1]
scw/0382/038200150010.001/swg.fits[1]
scw/0382/038200160010.001/swg.fits[1]
scw/0382/038200170010.001/swg.fits[1]
scw/0382/038200180010.001/swg.fits[1]
scw/0382/038200190010.001/swg.fits[1]
scw/0382/038200200010.001/swg.fits[1]
scw/0382/038200210010.001/swg.fits[1]
scw/0382/038200220010.001/swg.fits[1]
scw/0382/038200230010.001/swg.fits[1]
scw/0382/038200240010.001/swg.fits[1]
scw/0382/038200250010.001/swg.fits[1]
scw/0382/038200260010.001/swg.fits[1]
scw/0382/038200270010.001/swg.fits[1]
scw/0382/038200280010.001/swg.fits[1]
scw/0382/038200290010.001/swg.fits[1]
scw/0382/038200320010.001/swg.fits[1]
scw/0382/038200330010.001/swg.fits[1]
scw/0382/038200380010.001/swg.fits[1]
scw/0382/038200390010.001/swg.fits[1]
scw/0382/038200400010.001/swg.fits[1]
scw/0382/038200410010.001/swg.fits[1]
scw/0382/038200420010.001/swg.fits[1]
scw/0382/038200470010.001/swg.fits[1]
scw/0382/038200480010.001/swg.fits[1]
scw/0382/038200490010.001/swg.fits[1]
scw/0382/038200500010.001/swg.fits[1]
scw/0382/038200510010.001/swg.fits[1]
scw/0382/038200520010.001/swg.fits[1]
scw/0382/038200530010.001/swg.fits[1]
scw/0382/038200560010.001/swg.fits[1]
