scw/0378/037800110010.001/swg.fits[1]
scw/0378/037800120010.001/swg.fits[1]
scw/0378/037800130010.001/swg.fits[1]
scw/0378/037800140010.001/swg.fits[1]
scw/0378/037800180010.001/swg.fits[1]
scw/0378/037800190010.001/swg.fits[1]
scw/0378/037800200010.001/swg.fits[1]
scw/0378/037800210010.001/swg.fits[1]
scw/0378/037800220010.001/swg.fits[1]
scw/0378/037800290010.001/swg.fits[1]
scw/0378/037800300010.001/swg.fits[1]
scw/0378/037800310010.001/swg.fits[1]
scw/0378/037800320010.001/swg.fits[1]
scw/0378/037800330010.001/swg.fits[1]
scw/0378/037800370010.001/swg.fits[1]
scw/0378/037800380010.001/swg.fits[1]
scw/0378/037800390010.001/swg.fits[1]
scw/0378/037800400010.001/swg.fits[1]
scw/0378/037800410010.001/swg.fits[1]
scw/0378/037800420010.001/swg.fits[1]
scw/0378/037800430010.001/swg.fits[1]
scw/0378/037800440010.001/swg.fits[1]
scw/0378/037800450010.001/swg.fits[1]
scw/0378/037800480010.001/swg.fits[1]
scw/0378/037800490010.001/swg.fits[1]
scw/0378/037800500010.001/swg.fits[1]
scw/0378/037800510010.001/swg.fits[1]
scw/0378/037800520010.001/swg.fits[1]
scw/0378/037800530010.001/swg.fits[1]
scw/0378/037800570010.001/swg.fits[1]
scw/0378/037800580010.001/swg.fits[1]
scw/0379/037900500010.001/swg.fits[1]
scw/0379/037900510010.001/swg.fits[1]
scw/0379/037900520010.001/swg.fits[1]
scw/0379/037900530010.001/swg.fits[1]
scw/0379/037900550010.001/swg.fits[1]
scw/0379/037900560010.001/swg.fits[1]
scw/0379/037900570010.001/swg.fits[1]
scw/0379/037900580010.001/swg.fits[1]
scw/0379/037900590010.001/swg.fits[1]
scw/0379/037900600010.001/swg.fits[1]
scw/0379/037900610010.001/swg.fits[1]
