scw/0085/008500700010.001/swg.fits[1]
scw/0085/008500710010.001/swg.fits[1]
scw/0085/008500720010.001/swg.fits[1]
scw/0085/008500730010.001/swg.fits[1]
scw/0085/008500740010.001/swg.fits[1]
scw/0085/008500750010.001/swg.fits[1]
scw/0085/008500760010.001/swg.fits[1]
scw/0085/008500770010.001/swg.fits[1]
scw/0085/008500780010.001/swg.fits[1]
scw/0085/008500790010.001/swg.fits[1]
scw/0085/008500800010.001/swg.fits[1]
scw/0086/008600100010.001/swg.fits[1]
scw/0086/008600110010.001/swg.fits[1]
scw/0086/008600160010.001/swg.fits[1]
scw/0086/008600170010.001/swg.fits[1]
scw/0086/008600180010.001/swg.fits[1]
scw/0086/008600190010.001/swg.fits[1]
scw/0086/008600200010.001/swg.fits[1]
scw/0086/008600210010.001/swg.fits[1]
scw/0086/008600220010.001/swg.fits[1]
scw/0086/008600230010.001/swg.fits[1]
