scw/2249/224900610010.001/swg.fits[1]
scw/2252/225200040010.001/swg.fits[1]
scw/2252/225200050010.001/swg.fits[1]
scw/2252/225200060010.001/swg.fits[1]
scw/2252/225200070010.001/swg.fits[1]
scw/2252/225200080010.001/swg.fits[1]
scw/2252/225200090010.001/swg.fits[1]
scw/2252/225200100010.001/swg.fits[1]
scw/2252/225200110010.001/swg.fits[1]
scw/2252/225200120010.001/swg.fits[1]
scw/2252/225200130010.001/swg.fits[1]
scw/2252/225200140010.001/swg.fits[1]
scw/2252/225200150010.001/swg.fits[1]
scw/2252/225200160010.001/swg.fits[1]
scw/2252/225200170010.001/swg.fits[1]
scw/2253/225300440010.001/swg.fits[1]
scw/2253/225300450010.001/swg.fits[1]
scw/2253/225300460010.001/swg.fits[1]
scw/2253/225300470010.001/swg.fits[1]
scw/2253/225300480010.001/swg.fits[1]
scw/2253/225300490010.001/swg.fits[1]
