scw/2450/245000180010.001/swg.fits[1]
scw/2450/245000190010.001/swg.fits[1]
scw/2450/245000200010.001/swg.fits[1]
scw/2450/245000210010.001/swg.fits[1]
scw/2450/245000220010.001/swg.fits[1]
scw/2450/245000230010.001/swg.fits[1]
scw/2450/245000240010.001/swg.fits[1]
scw/2450/245000250010.001/swg.fits[1]
scw/2452/245200520010.001/swg.fits[1]
scw/2454/245400590010.001/swg.fits[1]
scw/2454/245400600010.001/swg.fits[1]
scw/2454/245400610010.001/swg.fits[1]
scw/2454/245400620010.001/swg.fits[1]
scw/2454/245400650010.001/swg.fits[1]
scw/2454/245400660010.001/swg.fits[1]
scw/2454/245400670010.001/swg.fits[1]
scw/2454/245400680010.001/swg.fits[1]
scw/2455/245500360010.001/swg.fits[1]
scw/2455/245500370010.001/swg.fits[1]
scw/2455/245500380010.001/swg.fits[1]
scw/2455/245500390010.001/swg.fits[1]
