scw/0081/008100340010.001/swg.fits[1]
scw/0081/008100350010.001/swg.fits[1]
scw/0081/008100360010.001/swg.fits[1]
scw/0081/008100370010.001/swg.fits[1]
scw/0081/008100380010.001/swg.fits[1]
scw/0081/008100390010.001/swg.fits[1]
scw/0081/008100400010.001/swg.fits[1]
scw/0081/008100410010.001/swg.fits[1]
scw/0081/008100420010.001/swg.fits[1]
scw/0081/008100430010.001/swg.fits[1]
scw/0081/008100440010.001/swg.fits[1]
scw/0081/008100450010.001/swg.fits[1]
scw/0081/008100490010.001/swg.fits[1]
scw/0081/008100500010.001/swg.fits[1]
scw/0081/008100510010.001/swg.fits[1]
scw/0081/008100520010.001/swg.fits[1]
scw/0081/008100530010.001/swg.fits[1]
scw/0082/008200350010.001/swg.fits[1]
scw/0082/008200360010.001/swg.fits[1]
scw/0082/008200370010.001/swg.fits[1]
scw/0082/008200380010.001/swg.fits[1]
