scw/0267/026700600170.001/swg.fits[1]
scw/0267/026700600180.001/swg.fits[1]
scw/0267/026700600200.001/swg.fits[1]
scw/0267/026700610010.001/swg.fits[1]
scw/0268/026800040010.001/swg.fits[1]
scw/0268/026800050010.001/swg.fits[1]
scw/0268/026800060010.001/swg.fits[1]
scw/0270/027000570010.001/swg.fits[1]
scw/0270/027000580010.001/swg.fits[1]
scw/0271/027100040010.001/swg.fits[1]
scw/0271/027100050010.001/swg.fits[1]
scw/0271/027100060010.001/swg.fits[1]
scw/0275/027500120010.001/swg.fits[1]
scw/0275/027500130010.001/swg.fits[1]
scw/0275/027500140010.001/swg.fits[1]
scw/0275/027500140020.001/swg.fits[1]
scw/0275/027500150010.001/swg.fits[1]
scw/0279/027900020010.001/swg.fits[1]
scw/0279/027900040010.001/swg.fits[1]
scw/0280/028000050010.001/swg.fits[1]
scw/0280/028000060010.001/swg.fits[1]
