scw/0867/086700760010.001/swg.fits[1]
scw/0867/086700830010.001/swg.fits[1]
scw/0867/086700830020.001/swg.fits[1]
scw/0868/086800010010.001/swg.fits[1]
scw/0868/086800020010.001/swg.fits[1]
scw/0868/086800030010.001/swg.fits[1]
scw/0868/086800040010.001/swg.fits[1]
scw/0868/086800090010.001/swg.fits[1]
scw/0868/086800100010.001/swg.fits[1]
scw/0868/086800110010.001/swg.fits[1]
scw/0868/086800120010.001/swg.fits[1]
scw/0868/086800130010.001/swg.fits[1]
scw/0868/086800140010.001/swg.fits[1]
scw/0868/086800150010.001/swg.fits[1]
scw/0868/086800170010.001/swg.fits[1]
scw/0868/086800180010.001/swg.fits[1]
scw/0868/086800190010.001/swg.fits[1]
scw/0868/086800200010.001/swg.fits[1]
scw/0868/086800210010.001/swg.fits[1]
scw/0868/086800220010.001/swg.fits[1]
scw/0868/086800230010.001/swg.fits[1]
