scw/0976/097600540010.001/swg.fits[1]
scw/0976/097600550010.001/swg.fits[1]
scw/0976/097600560010.001/swg.fits[1]
scw/0976/097600610010.001/swg.fits[1]
scw/1050/105000900010.001/swg.fits[1]
scw/1051/105100810010.001/swg.fits[1]
scw/1051/105100830010.001/swg.fits[1]
scw/1051/105100850010.001/swg.fits[1]
scw/1051/105100950010.001/swg.fits[1]
scw/1051/105100970010.001/swg.fits[1]
scw/1051/105100990010.001/swg.fits[1]
scw/1053/105300550010.001/swg.fits[1]
scw/1053/105300560010.001/swg.fits[1]
scw/1053/105300570010.001/swg.fits[1]
scw/1053/105300670010.001/swg.fits[1]
scw/1053/105300680010.001/swg.fits[1]
scw/1053/105300690010.001/swg.fits[1]
scw/1054/105400570010.001/swg.fits[1]
scw/1054/105400580010.001/swg.fits[1]
scw/1055/105500590010.001/swg.fits[1]
scw/1055/105500600010.001/swg.fits[1]
