scw/0868/086800240010.001/swg.fits[1]
scw/0868/086800250010.001/swg.fits[1]
scw/0868/086800280010.001/swg.fits[1]
scw/0868/086800290010.001/swg.fits[1]
scw/0868/086800300010.001/swg.fits[1]
scw/0880/088000350010.001/swg.fits[1]
scw/0880/088000360010.001/swg.fits[1]
scw/0880/088000370010.001/swg.fits[1]
scw/0880/088000380010.001/swg.fits[1]
scw/0880/088000430010.001/swg.fits[1]
scw/0880/088000440010.001/swg.fits[1]
scw/0880/088000450010.001/swg.fits[1]
scw/0880/088000460010.001/swg.fits[1]
scw/0880/088000470010.001/swg.fits[1]
scw/0880/088000480010.001/swg.fits[1]
scw/0880/088000530010.001/swg.fits[1]
scw/0880/088000540010.001/swg.fits[1]
scw/0880/088000550010.001/swg.fits[1]
scw/0880/088000560010.001/swg.fits[1]
scw/0880/088000570010.001/swg.fits[1]
scw/0880/088000580010.001/swg.fits[1]
scw/0881/088100030010.001/swg.fits[1]
scw/0881/088100040010.001/swg.fits[1]
scw/0881/088100050010.001/swg.fits[1]
scw/0881/088100060010.001/swg.fits[1]
scw/0881/088100100010.001/swg.fits[1]
scw/0881/088100110010.001/swg.fits[1]
scw/0881/088100120010.001/swg.fits[1]
scw/0881/088100130010.001/swg.fits[1]
scw/0881/088100140010.001/swg.fits[1]
scw/0881/088100150010.001/swg.fits[1]
scw/0881/088100160010.001/swg.fits[1]
scw/0881/088100210010.001/swg.fits[1]
scw/0881/088100220010.001/swg.fits[1]
scw/0881/088100230010.001/swg.fits[1]
scw/0881/088100240010.001/swg.fits[1]
scw/0881/088100250010.001/swg.fits[1]
scw/0881/088100260010.001/swg.fits[1]
scw/0881/088100310010.001/swg.fits[1]
scw/0881/088100320010.001/swg.fits[1]
scw/0881/088100330010.001/swg.fits[1]
scw/0881/088100340010.001/swg.fits[1]
