scw/0382/038200570010.001/swg.fits[1]
scw/0382/038200580010.001/swg.fits[1]
scw/0383/038300010010.001/swg.fits[1]
scw/0383/038300020010.001/swg.fits[1]
scw/0383/038300030010.001/swg.fits[1]
scw/0383/038300040010.001/swg.fits[1]
scw/0383/038300050010.001/swg.fits[1]
scw/0383/038300100010.001/swg.fits[1]
scw/0383/038300110010.001/swg.fits[1]
scw/0383/038300120010.001/swg.fits[1]
scw/0383/038300130010.001/swg.fits[1]
scw/0383/038300140010.001/swg.fits[1]
scw/0383/038300150010.001/swg.fits[1]
scw/0383/038300180010.001/swg.fits[1]
scw/0383/038300190010.001/swg.fits[1]
scw/0383/038300200010.001/swg.fits[1]
scw/0383/038300210010.001/swg.fits[1]
scw/0383/038300220010.001/swg.fits[1]
scw/0383/038300230010.001/swg.fits[1]
scw/0383/038300240010.001/swg.fits[1]
scw/0383/038300250010.001/swg.fits[1]
scw/0383/038300290010.001/swg.fits[1]
scw/0383/038300300010.001/swg.fits[1]
scw/0383/038300310010.001/swg.fits[1]
scw/0383/038300320010.001/swg.fits[1]
scw/0383/038300330010.001/swg.fits[1]
scw/0383/038300340010.001/swg.fits[1]
scw/0383/038300390010.001/swg.fits[1]
scw/0383/038300400010.001/swg.fits[1]
scw/0383/038300410010.001/swg.fits[1]
scw/0383/038300420010.001/swg.fits[1]
scw/0383/038300430010.001/swg.fits[1]
scw/0383/038300440010.001/swg.fits[1]
scw/0383/038300480010.001/swg.fits[1]
scw/0387/038700070010.001/swg.fits[1]
scw/0391/039100030010.001/swg.fits[1]
scw/0391/039100040010.001/swg.fits[1]
scw/0391/039100050010.001/swg.fits[1]
scw/0398/039800060010.001/swg.fits[1]
scw/0398/039800070010.001/swg.fits[1]
scw/0399/039900450010.001/swg.fits[1]
scw/0400/040000040010.001/swg.fits[1]
scw/0407/040700250010.001/swg.fits[1]
scw/0407/040700260010.001/swg.fits[1]
scw/0407/040700270010.001/swg.fits[1]
scw/0411/041100050010.001/swg.fits[1]
scw/0415/041500270010.001/swg.fits[1]
scw/0428/042800580010.001/swg.fits[1]
scw/0428/042800590010.001/swg.fits[1]
scw/0433/043300480010.001/swg.fits[1]
scw/0433/043300490010.001/swg.fits[1]
scw/0433/043300530010.001/swg.fits[1]
scw/0433/043300540010.001/swg.fits[1]
scw/0433/043300550010.001/swg.fits[1]
scw/0433/043300560010.001/swg.fits[1]
scw/0433/043300570010.001/swg.fits[1]
scw/0433/043300650010.001/swg.fits[1]
scw/0433/043300660010.001/swg.fits[1]
scw/0433/043300670010.001/swg.fits[1]
scw/0433/043300680010.001/swg.fits[1]
scw/0434/043400010010.001/swg.fits[1]
scw/0434/043400020010.001/swg.fits[1]
scw/0434/043400030010.001/swg.fits[1]
scw/0434/043400040010.001/swg.fits[1]
scw/0434/043400050010.001/swg.fits[1]
scw/0434/043400060010.001/swg.fits[1]
scw/0434/043400070010.001/swg.fits[1]
scw/0434/043400080010.001/swg.fits[1]
scw/0434/043400120010.001/swg.fits[1]
scw/0434/043400130010.001/swg.fits[1]
scw/0434/043400140010.001/swg.fits[1]
scw/0434/043400150010.001/swg.fits[1]
scw/0434/043400160010.001/swg.fits[1]
scw/0434/043400170010.001/swg.fits[1]
scw/0434/043400180010.001/swg.fits[1]
scw/0434/043400210010.001/swg.fits[1]
scw/0434/043400220010.001/swg.fits[1]
scw/0434/043400230010.001/swg.fits[1]
scw/0434/043400240010.001/swg.fits[1]
scw/0434/043400250010.001/swg.fits[1]
scw/0434/043400260010.001/swg.fits[1]
scw/0434/043400270010.001/swg.fits[1]
scw/0434/043400330010.001/swg.fits[1]
scw/0434/043400340010.001/swg.fits[1]
scw/0434/043400350010.001/swg.fits[1]
scw/0434/043400430010.001/swg.fits[1]
scw/0434/043400440010.001/swg.fits[1]
scw/0434/043400450010.001/swg.fits[1]
scw/0434/043400460010.001/swg.fits[1]
scw/0434/043400470010.001/swg.fits[1]
scw/0434/043400510010.001/swg.fits[1]
scw/0434/043400520010.001/swg.fits[1]
scw/0434/043400530010.001/swg.fits[1]
scw/0434/043400540010.001/swg.fits[1]
scw/0434/043400550010.001/swg.fits[1]
scw/0434/043400560010.001/swg.fits[1]
scw/0434/043400560020.001/swg.fits[1]
scw/0434/043400560030.001/swg.fits[1]
scw/0435/043500180010.001/swg.fits[1]
scw/0435/043500190010.001/swg.fits[1]
scw/0435/043500200010.001/swg.fits[1]
scw/0435/043500220010.001/swg.fits[1]
scw/0435/043500230010.001/swg.fits[1]
scw/0435/043500240010.001/swg.fits[1]
scw/0435/043500250010.001/swg.fits[1]
scw/0435/043500260010.001/swg.fits[1]
scw/0435/043500270010.001/swg.fits[1]
scw/0435/043500280010.001/swg.fits[1]
scw/0435/043500320010.001/swg.fits[1]
scw/0435/043500330010.001/swg.fits[1]
scw/0435/043500340010.001/swg.fits[1]
scw/0435/043500350010.001/swg.fits[1]
scw/0435/043500360010.001/swg.fits[1]
scw/0435/043500370010.001/swg.fits[1]
scw/0435/043500380010.001/swg.fits[1]
scw/0435/043500390010.001/swg.fits[1]
scw/0435/043500430010.001/swg.fits[1]
scw/0435/043500440010.001/swg.fits[1]
scw/0435/043500450010.001/swg.fits[1]
scw/0435/043500460010.001/swg.fits[1]
scw/0435/043500470010.001/swg.fits[1]
scw/0435/043500540010.001/swg.fits[1]
scw/0435/043500550010.001/swg.fits[1]
scw/0435/043500560010.001/swg.fits[1]
scw/0435/043500570010.001/swg.fits[1]
scw/0435/043500580010.001/swg.fits[1]
scw/0435/043500620010.001/swg.fits[1]
scw/0435/043500630010.001/swg.fits[1]
scw/0435/043500630020.001/swg.fits[1]
scw/0436/043600090010.001/swg.fits[1]
scw/0436/043600100010.001/swg.fits[1]
scw/0436/043600110010.001/swg.fits[1]
scw/0436/043600170010.001/swg.fits[1]
scw/0436/043600180010.001/swg.fits[1]
scw/0436/043600190010.001/swg.fits[1]
scw/0436/043600200010.001/swg.fits[1]
scw/0436/043600210010.001/swg.fits[1]
scw/0436/043600220010.001/swg.fits[1]
scw/0436/043600230010.001/swg.fits[1]
scw/0436/043600250010.001/swg.fits[1]
scw/0436/043600260010.001/swg.fits[1]
scw/0436/043600270010.001/swg.fits[1]
scw/0436/043600280010.001/swg.fits[1]
scw/0436/043600290010.001/swg.fits[1]
scw/0436/043600300010.001/swg.fits[1]
scw/0436/043600310010.001/swg.fits[1]
scw/0436/043600320010.001/swg.fits[1]
scw/0436/043600340010.001/swg.fits[1]
scw/0436/043600350010.001/swg.fits[1]
scw/0436/043600360010.001/swg.fits[1]
scw/0436/043600370010.001/swg.fits[1]
scw/0436/043600390010.001/swg.fits[1]
scw/0436/043600400010.001/swg.fits[1]
scw/0436/043600410010.001/swg.fits[1]
scw/0436/043600420010.001/swg.fits[1]
scw/0436/043600460010.001/swg.fits[1]
scw/0436/043600470010.001/swg.fits[1]
scw/0436/043600480010.001/swg.fits[1]
scw/0436/043600490010.001/swg.fits[1]
scw/0436/043600500010.001/swg.fits[1]
scw/0436/043600580010.001/swg.fits[1]
scw/0436/043600590010.001/swg.fits[1]
scw/0436/043600600010.001/swg.fits[1]
scw/0436/043600610010.001/swg.fits[1]
scw/0436/043600650010.001/swg.fits[1]
scw/0436/043600660010.001/swg.fits[1]
scw/0437/043700610010.001/swg.fits[1]
scw/0437/043700620010.001/swg.fits[1]
scw/0437/043700630010.001/swg.fits[1]
scw/0437/043700640010.001/swg.fits[1]
scw/0437/043700650010.001/swg.fits[1]
scw/0437/043700660010.001/swg.fits[1]
scw/0437/043700690010.001/swg.fits[1]
scw/0437/043700700010.001/swg.fits[1]
scw/0437/043700710010.001/swg.fits[1]
scw/0437/043700720010.001/swg.fits[1]
scw/0437/043700730010.001/swg.fits[1]
scw/0437/043700740010.001/swg.fits[1]
scw/0437/043700750010.001/swg.fits[1]
scw/0437/043700790010.001/swg.fits[1]
scw/0437/043700800010.001/swg.fits[1]
scw/0437/043700810010.001/swg.fits[1]
scw/0437/043700820010.001/swg.fits[1]
scw/0437/043700830010.001/swg.fits[1]
scw/0437/043700840010.001/swg.fits[1]
scw/0437/043700850010.001/swg.fits[1]
scw/0437/043700860010.001/swg.fits[1]
scw/0438/043800040010.001/swg.fits[1]
scw/0438/043800050010.001/swg.fits[1]
scw/0438/043800060010.001/swg.fits[1]
scw/0438/043800070010.001/swg.fits[1]
scw/0438/043800080010.001/swg.fits[1]
scw/0438/043800140010.001/swg.fits[1]
scw/0438/043800150010.001/swg.fits[1]
scw/0438/043800160010.001/swg.fits[1]
scw/0438/043800170010.001/swg.fits[1]
scw/0438/043800180010.001/swg.fits[1]
scw/0438/043800190010.001/swg.fits[1]
scw/0438/043800200010.001/swg.fits[1]
scw/0438/043800230010.001/swg.fits[1]
scw/0438/043800240010.001/swg.fits[1]
scw/0438/043800250010.001/swg.fits[1]
scw/0438/043800260010.001/swg.fits[1]
scw/0438/043800270010.001/swg.fits[1]
scw/0438/043800280010.001/swg.fits[1]
scw/0438/043800290010.001/swg.fits[1]
scw/0438/043800300010.001/swg.fits[1]
scw/0438/043800310010.001/swg.fits[1]
scw/0439/043900020010.001/swg.fits[1]
scw/0439/043900030010.001/swg.fits[1]
scw/0439/043900040010.001/swg.fits[1]
scw/0439/043900050010.001/swg.fits[1]
scw/0439/043900060010.001/swg.fits[1]
scw/0439/043900070010.001/swg.fits[1]
scw/0439/043900080010.001/swg.fits[1]
scw/0439/043900120010.001/swg.fits[1]
scw/0439/043900130010.001/swg.fits[1]
scw/0439/043900140010.001/swg.fits[1]
scw/0439/043900150010.001/swg.fits[1]
scw/0439/043900160010.001/swg.fits[1]
scw/0439/043900170010.001/swg.fits[1]
scw/0439/043900180010.001/swg.fits[1]
scw/0439/043900190010.001/swg.fits[1]
scw/0439/043900220010.001/swg.fits[1]
scw/0439/043900230010.001/swg.fits[1]
scw/0439/043900240010.001/swg.fits[1]
scw/0439/043900250010.001/swg.fits[1]
scw/0439/043900260010.001/swg.fits[1]
scw/0439/043900270010.001/swg.fits[1]
scw/0439/043900280010.001/swg.fits[1]
scw/0439/043900330010.001/swg.fits[1]
scw/0439/043900340010.001/swg.fits[1]
scw/0439/043900350010.001/swg.fits[1]
scw/0439/043900360010.001/swg.fits[1]
scw/0439/043900370010.001/swg.fits[1]
scw/0439/043900380010.001/swg.fits[1]
scw/0439/043900390010.001/swg.fits[1]
scw/0439/043900420010.001/swg.fits[1]
scw/0439/043900430010.001/swg.fits[1]
scw/0439/043900440010.001/swg.fits[1]
scw/0439/043900460010.001/swg.fits[1]
scw/0439/043900470010.001/swg.fits[1]
scw/0439/043900480010.001/swg.fits[1]
scw/0439/043900490010.001/swg.fits[1]
scw/0439/043900500010.001/swg.fits[1]
scw/0439/043900530010.001/swg.fits[1]
scw/0439/043900540010.001/swg.fits[1]
scw/0439/043900550010.001/swg.fits[1]
scw/0439/043900560010.001/swg.fits[1]
scw/0439/043900570010.001/swg.fits[1]
scw/0439/043900580010.001/swg.fits[1]
scw/0439/043900590010.001/swg.fits[1]
scw/0440/044000020010.001/swg.fits[1]
scw/0440/044000030010.001/swg.fits[1]
scw/0440/044000040010.001/swg.fits[1]
scw/0440/044000050010.001/swg.fits[1]
scw/0440/044000060010.001/swg.fits[1]
scw/0440/044000070010.001/swg.fits[1]
scw/0440/044000080010.001/swg.fits[1]
scw/0440/044000130010.001/swg.fits[1]
scw/0440/044000140010.001/swg.fits[1]
scw/0440/044000150010.001/swg.fits[1]
scw/0440/044000160010.001/swg.fits[1]
scw/0440/044000170010.001/swg.fits[1]
scw/0440/044000240010.001/swg.fits[1]
scw/0440/044000250010.001/swg.fits[1]
scw/0440/044000260010.001/swg.fits[1]
scw/0440/044000270010.001/swg.fits[1]
scw/0440/044000280010.001/swg.fits[1]
scw/0440/044000320010.001/swg.fits[1]
scw/0440/044000330010.001/swg.fits[1]
scw/0440/044000340010.001/swg.fits[1]
scw/0440/044000350010.001/swg.fits[1]
scw/0440/044000360010.001/swg.fits[1]
scw/0440/044000370010.001/swg.fits[1]
scw/0440/044000380010.001/swg.fits[1]
scw/0440/044000390010.001/swg.fits[1]
scw/0440/044000430010.001/swg.fits[1]
scw/0440/044000440010.001/swg.fits[1]
scw/0440/044000450010.001/swg.fits[1]
scw/0440/044000460010.001/swg.fits[1]
scw/0440/044000470010.001/swg.fits[1]
scw/0440/044000480010.001/swg.fits[1]
scw/0440/044000490010.001/swg.fits[1]
scw/0440/044000510010.001/swg.fits[1]
scw/0440/044000520010.001/swg.fits[1]
scw/0440/044000530010.001/swg.fits[1]
scw/0440/044000540010.001/swg.fits[1]
scw/0440/044000550010.001/swg.fits[1]
scw/0440/044000560010.001/swg.fits[1]
scw/0440/044000570010.001/swg.fits[1]
scw/0440/044000580010.001/swg.fits[1]
scw/0440/044000590010.001/swg.fits[1]
scw/0440/044000600010.001/swg.fits[1]
scw/0444/044400070010.001/swg.fits[1]
scw/0444/044400080010.001/swg.fits[1]
scw/0445/044500030010.001/swg.fits[1]
scw/0445/044500040010.001/swg.fits[1]
scw/0445/044500050010.001/swg.fits[1]
scw/0445/044500060010.001/swg.fits[1]
scw/0445/044500070010.001/swg.fits[1]
scw/0445/044500080010.001/swg.fits[1]
scw/0445/044500090010.001/swg.fits[1]
scw/0445/044500100010.001/swg.fits[1]
scw/0446/044600100010.001/swg.fits[1]
scw/0446/044600110010.001/swg.fits[1]
scw/0446/044600220010.001/swg.fits[1]
scw/0446/044600230010.001/swg.fits[1]
scw/0446/044600240010.001/swg.fits[1]
scw/0446/044600250010.001/swg.fits[1]
scw/0455/045500380010.001/swg.fits[1]
scw/0455/045500390010.001/swg.fits[1]
scw/0463/046300270010.001/swg.fits[1]
scw/0467/046700040010.001/swg.fits[1]
scw/0467/046700050010.001/swg.fits[1]
scw/0550/055000120010.001/swg.fits[1]
scw/0636/063600560010.001/swg.fits[1]
scw/0696/069600430010.001/swg.fits[1]
scw/0863/086300350010.001/swg.fits[1]
scw/0863/086300360010.001/swg.fits[1]
scw/0863/086300370010.001/swg.fits[1]
scw/0863/086300380010.001/swg.fits[1]
scw/0863/086300390010.001/swg.fits[1]
scw/0863/086300410010.001/swg.fits[1]
scw/0863/086300420010.001/swg.fits[1]
scw/0863/086300430010.001/swg.fits[1]
scw/0863/086300440010.001/swg.fits[1]
scw/0863/086300450010.001/swg.fits[1]
scw/0863/086300460010.001/swg.fits[1]
scw/0863/086300470010.001/swg.fits[1]
scw/0863/086300530010.001/swg.fits[1]
scw/0863/086300540010.001/swg.fits[1]
scw/0863/086300550010.001/swg.fits[1]
scw/0863/086300630010.001/swg.fits[1]
scw/0863/086300640010.001/swg.fits[1]
scw/0863/086300650010.001/swg.fits[1]
