scw/0434/043400350010.001/swg.fits[1]
scw/0434/043400430010.001/swg.fits[1]
scw/0434/043400440010.001/swg.fits[1]
scw/0434/043400450010.001/swg.fits[1]
scw/0434/043400460010.001/swg.fits[1]
scw/0434/043400470010.001/swg.fits[1]
scw/0434/043400510010.001/swg.fits[1]
scw/0434/043400520010.001/swg.fits[1]
scw/0434/043400530010.001/swg.fits[1]
scw/0434/043400540010.001/swg.fits[1]
scw/0434/043400550010.001/swg.fits[1]
scw/0434/043400560010.001/swg.fits[1]
scw/0434/043400560020.001/swg.fits[1]
scw/0434/043400560030.001/swg.fits[1]
scw/0435/043500180010.001/swg.fits[1]
scw/0435/043500190010.001/swg.fits[1]
scw/0435/043500200010.001/swg.fits[1]
scw/0435/043500220010.001/swg.fits[1]
scw/0435/043500230010.001/swg.fits[1]
scw/0435/043500240010.001/swg.fits[1]
scw/0435/043500250010.001/swg.fits[1]
scw/0435/043500260010.001/swg.fits[1]
scw/0435/043500270010.001/swg.fits[1]
scw/0435/043500280010.001/swg.fits[1]
scw/0435/043500320010.001/swg.fits[1]
scw/0435/043500330010.001/swg.fits[1]
scw/0435/043500340010.001/swg.fits[1]
scw/0435/043500350010.001/swg.fits[1]
scw/0435/043500360010.001/swg.fits[1]
scw/0435/043500370010.001/swg.fits[1]
scw/0435/043500380010.001/swg.fits[1]
scw/0435/043500390010.001/swg.fits[1]
scw/0435/043500430010.001/swg.fits[1]
scw/0435/043500440010.001/swg.fits[1]
scw/0435/043500450010.001/swg.fits[1]
scw/0435/043500460010.001/swg.fits[1]
scw/0435/043500470010.001/swg.fits[1]
scw/0435/043500540010.001/swg.fits[1]
scw/0435/043500550010.001/swg.fits[1]
scw/0435/043500560010.001/swg.fits[1]
scw/0435/043500570010.001/swg.fits[1]
scw/0435/043500580010.001/swg.fits[1]
