scw/2512/251200610010.001/swg.fits[1]
scw/2512/251200620010.001/swg.fits[1]
scw/2512/251200630010.001/swg.fits[1]
scw/2512/251200640010.001/swg.fits[1]
scw/2512/251200650010.001/swg.fits[1]
scw/2512/251200660010.001/swg.fits[1]
scw/2512/251200670010.001/swg.fits[1]
scw/2512/251200680010.001/swg.fits[1]
scw/2512/251200690010.001/swg.fits[1]
scw/2512/251200700010.001/swg.fits[1]
scw/2512/251200710010.001/swg.fits[1]
scw/2512/251200720010.001/swg.fits[1]
scw/2512/251200740010.001/swg.fits[1]
scw/2512/251200750010.001/swg.fits[1]
scw/2512/251200760010.001/swg.fits[1]
scw/2512/251200770010.001/swg.fits[1]
scw/2512/251200780010.001/swg.fits[1]
scw/2512/251200790010.001/swg.fits[1]
scw/2515/251500780010.001/swg.fits[1]
scw/2515/251500790010.001/swg.fits[1]
scw/2515/251500800010.001/swg.fits[1]
scw/2515/251500810010.001/swg.fits[1]
scw/2515/251500820010.001/swg.fits[1]
scw/2516/251600530010.001/swg.fits[1]
scw/2516/251600540010.001/swg.fits[1]
scw/2516/251600550010.001/swg.fits[1]
scw/2516/251600560010.001/swg.fits[1]
scw/2516/251600570010.001/swg.fits[1]
scw/2516/251600580010.001/swg.fits[1]
scw/2516/251600590010.001/swg.fits[1]
scw/2516/251600620010.001/swg.fits[1]
scw/2516/251600630010.001/swg.fits[1]
scw/2516/251600640010.001/swg.fits[1]
scw/2516/251600650010.001/swg.fits[1]
scw/2516/251600660010.001/swg.fits[1]
scw/2516/251600670010.001/swg.fits[1]
scw/2516/251600680010.001/swg.fits[1]
scw/2516/251600690010.001/swg.fits[1]
scw/2516/251600700010.001/swg.fits[1]
scw/2516/251600710010.001/swg.fits[1]
scw/2516/251600720010.001/swg.fits[1]
scw/2516/251600730010.001/swg.fits[1]
