scw/0081/008100130010.001/swg.fits[1]
scw/0081/008100140010.001/swg.fits[1]
scw/0081/008100150010.001/swg.fits[1]
scw/0081/008100160010.001/swg.fits[1]
scw/0081/008100170010.001/swg.fits[1]
scw/0081/008100180010.001/swg.fits[1]
scw/0081/008100190010.001/swg.fits[1]
scw/0081/008100200010.001/swg.fits[1]
scw/0081/008100210010.001/swg.fits[1]
scw/0081/008100220010.001/swg.fits[1]
scw/0081/008100230010.001/swg.fits[1]
scw/0081/008100240010.001/swg.fits[1]
scw/0081/008100250010.001/swg.fits[1]
scw/0081/008100260010.001/swg.fits[1]
scw/0081/008100270010.001/swg.fits[1]
scw/0081/008100280010.001/swg.fits[1]
scw/0081/008100290010.001/swg.fits[1]
scw/0081/008100300010.001/swg.fits[1]
scw/0081/008100310010.001/swg.fits[1]
scw/0081/008100320010.001/swg.fits[1]
scw/0081/008100330010.001/swg.fits[1]
