scw/0382/038200020010.001/swg.fits[1]
scw/0382/038200030010.001/swg.fits[1]
scw/0382/038200040010.001/swg.fits[1]
scw/0382/038200050010.001/swg.fits[1]
scw/0382/038200060010.001/swg.fits[1]
scw/0382/038200070010.001/swg.fits[1]
scw/0382/038200080010.001/swg.fits[1]
scw/0382/038200090010.001/swg.fits[1]
scw/0382/038200100010.001/swg.fits[1]
scw/0382/038200120010.001/swg.fits[1]
scw/0382/038200130010.001/swg.fits[1]
scw/0382/038200140010.001/swg.fits[1]
scw/0382/038200150010.001/swg.fits[1]
scw/0382/038200160010.001/swg.fits[1]
scw/0382/038200170010.001/swg.fits[1]
scw/0382/038200180010.001/swg.fits[1]
scw/0382/038200190010.001/swg.fits[1]
scw/0382/038200200010.001/swg.fits[1]
scw/0382/038200210010.001/swg.fits[1]
scw/0382/038200220010.001/swg.fits[1]
scw/0382/038200230010.001/swg.fits[1]
scw/0382/038200240010.001/swg.fits[1]
scw/0382/038200250010.001/swg.fits[1]
scw/0382/038200260010.001/swg.fits[1]
scw/0382/038200270010.001/swg.fits[1]
scw/0382/038200280010.001/swg.fits[1]
scw/0382/038200290010.001/swg.fits[1]
scw/0382/038200320010.001/swg.fits[1]
scw/0382/038200330010.001/swg.fits[1]
scw/0382/038200380010.001/swg.fits[1]
scw/0382/038200390010.001/swg.fits[1]
scw/0382/038200400010.001/swg.fits[1]
scw/0382/038200410010.001/swg.fits[1]
scw/0382/038200420010.001/swg.fits[1]
scw/0382/038200470010.001/swg.fits[1]
scw/0382/038200480010.001/swg.fits[1]
scw/0382/038200490010.001/swg.fits[1]
scw/0382/038200500010.001/swg.fits[1]
scw/0382/038200510010.001/swg.fits[1]
scw/0382/038200520010.001/swg.fits[1]
scw/0382/038200530010.001/swg.fits[1]
scw/0382/038200560010.001/swg.fits[1]
