scw/2455/245500760010.001/swg.fits[1]
scw/2455/245500770010.001/swg.fits[1]
scw/2455/245500780010.001/swg.fits[1]
scw/2455/245500790010.001/swg.fits[1]
scw/2455/245500800010.001/swg.fits[1]
scw/2455/245500810010.001/swg.fits[1]
scw/2455/245500820010.001/swg.fits[1]
scw/2455/245500830010.001/swg.fits[1]
scw/2455/245500840010.001/swg.fits[1]
scw/2495/249500110010.001/swg.fits[1]
scw/2503/250300290010.001/swg.fits[1]
scw/2503/250300300010.001/swg.fits[1]
scw/2503/250300310010.001/swg.fits[1]
scw/2503/250300320010.001/swg.fits[1]
scw/2503/250300330010.001/swg.fits[1]
scw/2503/250300340010.001/swg.fits[1]
scw/2503/250300350010.001/swg.fits[1]
scw/2503/250300370010.001/swg.fits[1]
scw/2503/250300380010.001/swg.fits[1]
scw/2503/250300390010.001/swg.fits[1]
scw/2503/250300400010.001/swg.fits[1]
scw/2503/250300410010.001/swg.fits[1]
scw/2503/250300420010.001/swg.fits[1]
scw/2503/250300430010.001/swg.fits[1]
scw/2503/250300440010.001/swg.fits[1]
scw/2503/250300450010.001/swg.fits[1]
scw/2503/250300460010.001/swg.fits[1]
scw/2503/250300470010.001/swg.fits[1]
scw/2503/250300480010.001/swg.fits[1]
scw/2503/250300490010.001/swg.fits[1]
scw/2503/250300500010.001/swg.fits[1]
scw/2503/250300510010.001/swg.fits[1]
scw/2503/250300530010.001/swg.fits[1]
scw/2503/250300740010.001/swg.fits[1]
scw/2503/250300750010.001/swg.fits[1]
scw/2506/250600340010.001/swg.fits[1]
scw/2506/250600420010.001/swg.fits[1]
scw/2506/250600430010.001/swg.fits[1]
scw/2506/250600440010.001/swg.fits[1]
scw/2506/250600450010.001/swg.fits[1]
scw/2506/250600460010.001/swg.fits[1]
scw/2506/250600470010.001/swg.fits[1]
