scw/2384/238400610010.001/swg.fits[1]
scw/2384/238400620010.001/swg.fits[1]
scw/2384/238400650010.001/swg.fits[1]
scw/2384/238400660010.001/swg.fits[1]
scw/2384/238400670010.001/swg.fits[1]
scw/2384/238400680010.001/swg.fits[1]
scw/2388/238800170010.001/swg.fits[1]
scw/2388/238800180010.001/swg.fits[1]
scw/2388/238800190010.001/swg.fits[1]
scw/2388/238800230010.001/swg.fits[1]
scw/2388/238800240010.001/swg.fits[1]
scw/2388/238800250010.001/swg.fits[1]
scw/2388/238800260010.001/swg.fits[1]
scw/2388/238800270010.001/swg.fits[1]
scw/2388/238800280010.001/swg.fits[1]
scw/2388/238800290010.001/swg.fits[1]
scw/2388/238800300010.001/swg.fits[1]
scw/2388/238800310010.001/swg.fits[1]
scw/2388/238800320010.001/swg.fits[1]
scw/2388/238800330010.001/swg.fits[1]
scw/2388/238800360010.001/swg.fits[1]
