scw/2455/245500760010.001/swg.fits[1]
scw/2455/245500770010.001/swg.fits[1]
scw/2455/245500780010.001/swg.fits[1]
scw/2455/245500790010.001/swg.fits[1]
scw/2455/245500800010.001/swg.fits[1]
scw/2455/245500810010.001/swg.fits[1]
scw/2455/245500820010.001/swg.fits[1]
scw/2455/245500830010.001/swg.fits[1]
scw/2455/245500840010.001/swg.fits[1]
scw/2495/249500110010.001/swg.fits[1]
scw/2503/250300290010.001/swg.fits[1]
scw/2503/250300300010.001/swg.fits[1]
scw/2503/250300310010.001/swg.fits[1]
scw/2503/250300320010.001/swg.fits[1]
scw/2503/250300330010.001/swg.fits[1]
scw/2503/250300340010.001/swg.fits[1]
scw/2503/250300350010.001/swg.fits[1]
scw/2503/250300370010.001/swg.fits[1]
scw/2503/250300380010.001/swg.fits[1]
scw/2503/250300390010.001/swg.fits[1]
scw/2503/250300400010.001/swg.fits[1]
