scw/0086/008600440040.001/swg.fits[1]
scw/0086/008600440050.001/swg.fits[1]
scw/0086/008600440060.001/swg.fits[1]
scw/0086/008600440070.001/swg.fits[1]
scw/0086/008600440080.001/swg.fits[1]
scw/0086/008600440100.001/swg.fits[1]
scw/0086/008600460010.001/swg.fits[1]
scw/0086/008600470010.001/swg.fits[1]
scw/0086/008600480010.001/swg.fits[1]
scw/0086/008600490010.001/swg.fits[1]
scw/0086/008600500010.001/swg.fits[1]
scw/0086/008600540010.001/swg.fits[1]
scw/0086/008600550010.001/swg.fits[1]
scw/0086/008600560010.001/swg.fits[1]
scw/0086/008600570010.001/swg.fits[1]
scw/0086/008600580010.001/swg.fits[1]
scw/0086/008600590010.001/swg.fits[1]
scw/0087/008700220010.001/swg.fits[1]
scw/0087/008700230010.001/swg.fits[1]
scw/0087/008700240010.001/swg.fits[1]
scw/0087/008700250010.001/swg.fits[1]
