scw/0381/038100310010.001/swg.fits[1]
scw/0381/038100320010.001/swg.fits[1]
scw/0381/038100330010.001/swg.fits[1]
scw/0381/038100340010.001/swg.fits[1]
scw/0381/038100360010.001/swg.fits[1]
scw/0381/038100370010.001/swg.fits[1]
scw/0381/038100380010.001/swg.fits[1]
scw/0381/038100400010.001/swg.fits[1]
scw/0381/038100410010.001/swg.fits[1]
scw/0381/038100420010.001/swg.fits[1]
scw/0381/038100430010.001/swg.fits[1]
scw/0381/038100440010.001/swg.fits[1]
scw/0381/038100450010.001/swg.fits[1]
scw/0381/038100460010.001/swg.fits[1]
scw/0381/038100510010.001/swg.fits[1]
scw/0381/038100520010.001/swg.fits[1]
scw/0381/038100530010.001/swg.fits[1]
scw/0381/038100540010.001/swg.fits[1]
scw/0381/038100550010.001/swg.fits[1]
scw/0381/038100560010.001/swg.fits[1]
scw/0381/038100570010.001/swg.fits[1]
