scw/0882/088200100010.001/swg.fits[1]
scw/0882/088200110010.001/swg.fits[1]
scw/0882/088200120010.001/swg.fits[1]
scw/0882/088200130010.001/swg.fits[1]
scw/0882/088200140010.001/swg.fits[1]
scw/0882/088200180010.001/swg.fits[1]
scw/0882/088200190010.001/swg.fits[1]
scw/0882/088200210010.001/swg.fits[1]
scw/0882/088200220010.001/swg.fits[1]
scw/0882/088200230010.001/swg.fits[1]
scw/0882/088200240010.001/swg.fits[1]
scw/0882/088200250010.001/swg.fits[1]
scw/0882/088200290010.001/swg.fits[1]
scw/0882/088200300010.001/swg.fits[1]
scw/0882/088200310010.001/swg.fits[1]
scw/0882/088200320010.001/swg.fits[1]
scw/0882/088200330010.001/swg.fits[1]
scw/0882/088200340010.001/swg.fits[1]
scw/0882/088200390010.001/swg.fits[1]
scw/0882/088200400010.001/swg.fits[1]
scw/0882/088200420010.001/swg.fits[1]
