scw/2438/243800180010.001/swg.fits[1]
scw/2438/243800190010.001/swg.fits[1]
scw/2438/243800200010.001/swg.fits[1]
scw/2438/243800210010.001/swg.fits[1]
scw/2438/243800260010.001/swg.fits[1]
scw/2438/243800270010.001/swg.fits[1]
scw/2438/243800280010.001/swg.fits[1]
scw/2439/243900400010.001/swg.fits[1]
scw/2439/243900480010.001/swg.fits[1]
scw/2439/243900490010.001/swg.fits[1]
scw/2439/243900500010.001/swg.fits[1]
scw/2439/243900590010.001/swg.fits[1]
scw/2439/243900600010.001/swg.fits[1]
scw/2439/243900610010.001/swg.fits[1]
scw/2439/243900690010.001/swg.fits[1]
scw/2441/244100430010.001/swg.fits[1]
scw/2441/244100440010.001/swg.fits[1]
scw/2441/244100450010.001/swg.fits[1]
scw/2441/244100530010.001/swg.fits[1]
scw/2441/244100540010.001/swg.fits[1]
scw/2441/244100550010.001/swg.fits[1]
scw/2441/244100560010.001/swg.fits[1]
scw/2441/244100640010.001/swg.fits[1]
scw/2443/244300510010.001/swg.fits[1]
scw/2443/244300520010.001/swg.fits[1]
scw/2443/244300530010.001/swg.fits[1]
scw/2444/244400310010.001/swg.fits[1]
scw/2444/244400320010.001/swg.fits[1]
scw/2444/244400330010.001/swg.fits[1]
scw/2444/244400340010.001/swg.fits[1]
scw/2444/244400350010.001/swg.fits[1]
scw/2444/244400560010.001/swg.fits[1]
scw/2444/244400570010.001/swg.fits[1]
scw/2444/244400580010.001/swg.fits[1]
scw/2444/244400590010.001/swg.fits[1]
scw/2444/244400610010.001/swg.fits[1]
scw/2444/244400620010.001/swg.fits[1]
scw/2444/244400630010.001/swg.fits[1]
scw/2444/244400640010.001/swg.fits[1]
scw/2444/244400650010.001/swg.fits[1]
scw/2444/244400660010.001/swg.fits[1]
scw/2444/244400670010.001/swg.fits[1]
