scw/2444/244400680010.001/swg.fits[1]
scw/2444/244400690010.001/swg.fits[1]
scw/2444/244400700010.001/swg.fits[1]
scw/2444/244400710010.001/swg.fits[1]
scw/2444/244400720010.001/swg.fits[1]
scw/2445/244500580010.001/swg.fits[1]
scw/2445/244500590010.001/swg.fits[1]
scw/2445/244500600010.001/swg.fits[1]
scw/2445/244500610010.001/swg.fits[1]
scw/2446/244600550010.001/swg.fits[1]
scw/2446/244600560010.001/swg.fits[1]
scw/2446/244600570010.001/swg.fits[1]
scw/2446/244600590010.001/swg.fits[1]
scw/2446/244600600010.001/swg.fits[1]
scw/2446/244600610010.001/swg.fits[1]
scw/2446/244600620010.001/swg.fits[1]
scw/2446/244600630010.001/swg.fits[1]
scw/2446/244600670010.001/swg.fits[1]
scw/2446/244600680010.001/swg.fits[1]
scw/2449/244900570010.001/swg.fits[1]
scw/2449/244900580010.001/swg.fits[1]
scw/2449/244900590010.001/swg.fits[1]
scw/2449/244900600010.001/swg.fits[1]
scw/2449/244900610010.001/swg.fits[1]
scw/2449/244900620010.001/swg.fits[1]
scw/2449/244900630010.001/swg.fits[1]
scw/2449/244900640010.001/swg.fits[1]
scw/2449/244900650010.001/swg.fits[1]
scw/2449/244900660010.001/swg.fits[1]
scw/2450/245000020010.001/swg.fits[1]
scw/2450/245000030010.001/swg.fits[1]
scw/2450/245000040010.001/swg.fits[1]
scw/2450/245000050010.001/swg.fits[1]
scw/2450/245000060010.001/swg.fits[1]
scw/2450/245000080010.001/swg.fits[1]
scw/2450/245000090010.001/swg.fits[1]
scw/2450/245000100010.001/swg.fits[1]
scw/2450/245000110010.001/swg.fits[1]
scw/2450/245000120010.001/swg.fits[1]
scw/2450/245000130010.001/swg.fits[1]
scw/2450/245000140010.001/swg.fits[1]
scw/2450/245000150010.001/swg.fits[1]
