scw/0137/013700260010.001/swg.fits[1]
scw/0137/013700270010.001/swg.fits[1]
scw/0137/013700280010.001/swg.fits[1]
scw/0137/013700300010.001/swg.fits[1]
scw/0137/013700310010.001/swg.fits[1]
scw/0137/013700320010.001/swg.fits[1]
scw/0137/013700330010.001/swg.fits[1]
scw/0137/013700340010.001/swg.fits[1]
scw/0137/013700350010.001/swg.fits[1]
scw/0137/013700360010.001/swg.fits[1]
scw/0137/013700420010.001/swg.fits[1]
scw/0137/013700430010.001/swg.fits[1]
scw/0137/013700440010.001/swg.fits[1]
scw/0137/013700530010.001/swg.fits[1]
scw/0137/013700620010.001/swg.fits[1]
scw/0137/013700630010.001/swg.fits[1]
scw/0137/013700640010.001/swg.fits[1]
scw/0137/013700700010.001/swg.fits[1]
scw/0137/013700710010.001/swg.fits[1]
scw/0137/013700720010.001/swg.fits[1]
scw/0137/013700730010.001/swg.fits[1]
