scw/2378/237800580010.001/swg.fits[1]
scw/2378/237800590010.001/swg.fits[1]
scw/2378/237800600010.001/swg.fits[1]
scw/2378/237800610010.001/swg.fits[1]
scw/2378/237800620010.001/swg.fits[1]
scw/2378/237800630010.001/swg.fits[1]
scw/2378/237800640010.001/swg.fits[1]
scw/2378/237800670010.001/swg.fits[1]
scw/2378/237800690010.001/swg.fits[1]
scw/2378/237800700010.001/swg.fits[1]
scw/2378/237800710010.001/swg.fits[1]
scw/2378/237800720010.001/swg.fits[1]
scw/2378/237800730010.001/swg.fits[1]
scw/2378/237800740010.001/swg.fits[1]
scw/2378/237800750010.001/swg.fits[1]
scw/2378/237800760010.001/swg.fits[1]
scw/2383/238300290010.001/swg.fits[1]
scw/2383/238300300010.001/swg.fits[1]
scw/2383/238300310010.001/swg.fits[1]
scw/2383/238300320010.001/swg.fits[1]
scw/2383/238300330010.001/swg.fits[1]
