scw/2434/243400740010.001/swg.fits[1]
scw/2434/243400750010.001/swg.fits[1]
scw/2434/243400760010.001/swg.fits[1]
scw/2434/243400770010.001/swg.fits[1]
scw/2434/243400780010.001/swg.fits[1]
scw/2434/243400790010.001/swg.fits[1]
scw/2435/243500520010.001/swg.fits[1]
scw/2435/243500530010.001/swg.fits[1]
scw/2435/243500540010.001/swg.fits[1]
scw/2435/243500550010.001/swg.fits[1]
scw/2435/243500560010.001/swg.fits[1]
scw/2437/243700560010.001/swg.fits[1]
scw/2437/243700570010.001/swg.fits[1]
scw/2437/243700580010.001/swg.fits[1]
scw/2437/243700590010.001/swg.fits[1]
scw/2437/243700600010.001/swg.fits[1]
scw/2437/243700610010.001/swg.fits[1]
scw/2437/243700620010.001/swg.fits[1]
scw/2437/243700630010.001/swg.fits[1]
scw/2437/243700640010.001/swg.fits[1]
scw/2437/243700650010.001/swg.fits[1]
