scw/0082/008200600010.001/swg.fits[1]
scw/0082/008200610010.001/swg.fits[1]
scw/0082/008200620010.001/swg.fits[1]
scw/0082/008200630010.001/swg.fits[1]
scw/0082/008200640010.001/swg.fits[1]
scw/0082/008200650010.001/swg.fits[1]
scw/0082/008200660010.001/swg.fits[1]
scw/0082/008200670010.001/swg.fits[1]
scw/0082/008200680010.001/swg.fits[1]
scw/0082/008200690010.001/swg.fits[1]
scw/0082/008200700010.001/swg.fits[1]
scw/0082/008200710010.001/swg.fits[1]
scw/0083/008300090010.001/swg.fits[1]
scw/0083/008300100010.001/swg.fits[1]
scw/0083/008300110010.001/swg.fits[1]
scw/0083/008300180010.001/swg.fits[1]
scw/0083/008300190010.001/swg.fits[1]
scw/0083/008300200010.001/swg.fits[1]
scw/0083/008300210010.001/swg.fits[1]
scw/0083/008300220010.001/swg.fits[1]
scw/0083/008300260010.001/swg.fits[1]
