scw/0084/008400310010.001/swg.fits[1]
scw/0084/008400320010.001/swg.fits[1]
scw/0084/008400330010.001/swg.fits[1]
scw/0084/008400340010.001/swg.fits[1]
scw/0084/008400350010.001/swg.fits[1]
scw/0084/008400360010.001/swg.fits[1]
scw/0084/008400370010.001/swg.fits[1]
scw/0084/008400380010.001/swg.fits[1]
scw/0084/008400390010.001/swg.fits[1]
scw/0084/008400400010.001/swg.fits[1]
scw/0084/008400410010.001/swg.fits[1]
scw/0084/008400420010.001/swg.fits[1]
scw/0084/008400430010.001/swg.fits[1]
scw/0084/008400440010.001/swg.fits[1]
scw/0084/008400480010.001/swg.fits[1]
scw/0084/008400490010.001/swg.fits[1]
scw/0084/008400500010.001/swg.fits[1]
scw/0084/008400510010.001/swg.fits[1]
scw/0084/008400520010.001/swg.fits[1]
scw/0084/008400560010.001/swg.fits[1]
scw/0084/008400570010.001/swg.fits[1]
scw/0084/008400580010.001/swg.fits[1]
scw/0084/008400590010.001/swg.fits[1]
scw/0084/008400600010.001/swg.fits[1]
scw/0085/008500520010.001/swg.fits[1]
scw/0085/008500530010.001/swg.fits[1]
scw/0085/008500540010.001/swg.fits[1]
scw/0085/008500550010.001/swg.fits[1]
scw/0085/008500560010.001/swg.fits[1]
scw/0085/008500570010.001/swg.fits[1]
scw/0085/008500580010.001/swg.fits[1]
scw/0085/008500590010.001/swg.fits[1]
scw/0085/008500600010.001/swg.fits[1]
scw/0085/008500610010.001/swg.fits[1]
scw/0085/008500620010.001/swg.fits[1]
scw/0085/008500630010.001/swg.fits[1]
scw/0085/008500640010.001/swg.fits[1]
scw/0085/008500650010.001/swg.fits[1]
scw/0085/008500660010.001/swg.fits[1]
scw/0085/008500670010.001/swg.fits[1]
scw/0085/008500680010.001/swg.fits[1]
scw/0085/008500690010.001/swg.fits[1]
