scw/2507/250700250010.001/swg.fits[1]
scw/2507/250700260010.001/swg.fits[1]
scw/2507/250700270010.001/swg.fits[1]
scw/2507/250700280010.001/swg.fits[1]
scw/2507/250700290010.001/swg.fits[1]
scw/2507/250700300010.001/swg.fits[1]
scw/2507/250700310010.001/swg.fits[1]
scw/2507/250700320010.001/swg.fits[1]
scw/2507/250700330010.001/swg.fits[1]
scw/2507/250700340010.001/swg.fits[1]
scw/2507/250700350010.001/swg.fits[1]
scw/2507/250700360010.001/swg.fits[1]
scw/2507/250700370010.001/swg.fits[1]
scw/2507/250700380010.001/swg.fits[1]
scw/2507/250700390010.001/swg.fits[1]
scw/2507/250700410010.001/swg.fits[1]
scw/2507/250700430010.001/swg.fits[1]
scw/2507/250700440010.001/swg.fits[1]
scw/2507/250700450010.001/swg.fits[1]
scw/2507/250700460010.001/swg.fits[1]
scw/2507/250700470010.001/swg.fits[1]
scw/2507/250700480010.001/swg.fits[1]
scw/2508/250800320010.001/swg.fits[1]
scw/2508/250800390010.001/swg.fits[1]
scw/2508/250800400010.001/swg.fits[1]
scw/2508/250800410010.001/swg.fits[1]
scw/2508/250800420010.001/swg.fits[1]
scw/2508/250800430010.001/swg.fits[1]
scw/2508/250800440010.001/swg.fits[1]
scw/2508/250800450010.001/swg.fits[1]
scw/2508/250800460010.001/swg.fits[1]
scw/2511/251100460010.001/swg.fits[1]
scw/2511/251100470010.001/swg.fits[1]
scw/2511/251100480010.001/swg.fits[1]
scw/2511/251100490010.001/swg.fits[1]
scw/2511/251100500010.001/swg.fits[1]
scw/2511/251100510010.001/swg.fits[1]
scw/2511/251100520010.001/swg.fits[1]
scw/2511/251100530010.001/swg.fits[1]
scw/2511/251100540010.001/swg.fits[1]
scw/2511/251100590010.001/swg.fits[1]
scw/2512/251200540010.001/swg.fits[1]
scw/2512/251200610010.001/swg.fits[1]
scw/2512/251200620010.001/swg.fits[1]
scw/2512/251200630010.001/swg.fits[1]
scw/2512/251200640010.001/swg.fits[1]
scw/2512/251200650010.001/swg.fits[1]
scw/2512/251200660010.001/swg.fits[1]
scw/2512/251200670010.001/swg.fits[1]
scw/2512/251200680010.001/swg.fits[1]
scw/2512/251200690010.001/swg.fits[1]
scw/2512/251200700010.001/swg.fits[1]
scw/2512/251200710010.001/swg.fits[1]
scw/2512/251200720010.001/swg.fits[1]
scw/2512/251200740010.001/swg.fits[1]
scw/2512/251200750010.001/swg.fits[1]
scw/2512/251200760010.001/swg.fits[1]
scw/2512/251200770010.001/swg.fits[1]
scw/2512/251200780010.001/swg.fits[1]
scw/2512/251200790010.001/swg.fits[1]
scw/2515/251500780010.001/swg.fits[1]
scw/2515/251500790010.001/swg.fits[1]
scw/2515/251500800010.001/swg.fits[1]
scw/2515/251500810010.001/swg.fits[1]
scw/2515/251500820010.001/swg.fits[1]
scw/2516/251600530010.001/swg.fits[1]
scw/2516/251600540010.001/swg.fits[1]
scw/2516/251600550010.001/swg.fits[1]
scw/2516/251600560010.001/swg.fits[1]
scw/2516/251600570010.001/swg.fits[1]
scw/2516/251600580010.001/swg.fits[1]
scw/2516/251600590010.001/swg.fits[1]
scw/2516/251600620010.001/swg.fits[1]
scw/2516/251600630010.001/swg.fits[1]
scw/2516/251600640010.001/swg.fits[1]
scw/2516/251600650010.001/swg.fits[1]
scw/2516/251600660010.001/swg.fits[1]
scw/2516/251600670010.001/swg.fits[1]
scw/2516/251600680010.001/swg.fits[1]
scw/2516/251600690010.001/swg.fits[1]
scw/2516/251600700010.001/swg.fits[1]
scw/2516/251600710010.001/swg.fits[1]
scw/2516/251600720010.001/swg.fits[1]
scw/2516/251600730010.001/swg.fits[1]
