scw/2279/227900420010.001/swg.fits[1]
scw/2279/227900430010.001/swg.fits[1]
scw/2279/227900440010.001/swg.fits[1]
scw/2279/227900450010.001/swg.fits[1]
scw/2279/227900460010.001/swg.fits[1]
scw/2279/227900470010.001/swg.fits[1]
scw/2279/227900480010.001/swg.fits[1]
scw/2279/227900490010.001/swg.fits[1]
scw/2279/227900500010.001/swg.fits[1]
scw/2279/227900510010.001/swg.fits[1]
scw/2279/227900520010.001/swg.fits[1]
scw/2279/227900530010.001/swg.fits[1]
scw/2279/227900540010.001/swg.fits[1]
scw/2324/232400970010.001/swg.fits[1]
scw/2362/236200510010.001/swg.fits[1]
scw/2362/236200520010.001/swg.fits[1]
scw/2362/236200530010.001/swg.fits[1]
scw/2362/236200540010.001/swg.fits[1]
scw/2362/236200620010.001/swg.fits[1]
scw/2371/237100390010.001/swg.fits[1]
scw/2371/237100400010.001/swg.fits[1]
