scw/2430/243000830010.001/swg.fits[1]
scw/2430/243000840010.001/swg.fits[1]
scw/2430/243000850010.001/swg.fits[1]
scw/2430/243000870010.001/swg.fits[1]
scw/2430/243000880010.001/swg.fits[1]
scw/2431/243100440010.001/swg.fits[1]
scw/2431/243100450010.001/swg.fits[1]
scw/2431/243100460010.001/swg.fits[1]
scw/2431/243100470010.001/swg.fits[1]
scw/2431/243100480010.001/swg.fits[1]
scw/2431/243100520010.001/swg.fits[1]
scw/2431/243100530010.001/swg.fits[1]
scw/2431/243100540010.001/swg.fits[1]
scw/2431/243100550010.001/swg.fits[1]
scw/2431/243100560010.001/swg.fits[1]
scw/2431/243100570010.001/swg.fits[1]
scw/2431/243100580010.001/swg.fits[1]
scw/2434/243400320010.001/swg.fits[1]
scw/2434/243400330010.001/swg.fits[1]
scw/2434/243400340010.001/swg.fits[1]
scw/2434/243400350010.001/swg.fits[1]
