scw/0881/088100030010.001/swg.fits[1]
scw/0881/088100040010.001/swg.fits[1]
scw/0881/088100050010.001/swg.fits[1]
scw/0881/088100060010.001/swg.fits[1]
scw/0881/088100100010.001/swg.fits[1]
scw/0881/088100110010.001/swg.fits[1]
scw/0881/088100120010.001/swg.fits[1]
scw/0881/088100130010.001/swg.fits[1]
scw/0881/088100140010.001/swg.fits[1]
scw/0881/088100150010.001/swg.fits[1]
scw/0881/088100160010.001/swg.fits[1]
scw/0881/088100210010.001/swg.fits[1]
scw/0881/088100220010.001/swg.fits[1]
scw/0881/088100230010.001/swg.fits[1]
scw/0881/088100240010.001/swg.fits[1]
scw/0881/088100250010.001/swg.fits[1]
scw/0881/088100260010.001/swg.fits[1]
scw/0881/088100310010.001/swg.fits[1]
scw/0881/088100320010.001/swg.fits[1]
scw/0881/088100330010.001/swg.fits[1]
scw/0881/088100340010.001/swg.fits[1]
