scw/0439/043900040010.001/swg.fits[1]
scw/0439/043900050010.001/swg.fits[1]
scw/0439/043900060010.001/swg.fits[1]
scw/0439/043900070010.001/swg.fits[1]
scw/0439/043900080010.001/swg.fits[1]
scw/0439/043900120010.001/swg.fits[1]
scw/0439/043900130010.001/swg.fits[1]
scw/0439/043900140010.001/swg.fits[1]
scw/0439/043900150010.001/swg.fits[1]
scw/0439/043900160010.001/swg.fits[1]
scw/0439/043900170010.001/swg.fits[1]
scw/0439/043900180010.001/swg.fits[1]
scw/0439/043900190010.001/swg.fits[1]
scw/0439/043900220010.001/swg.fits[1]
scw/0439/043900230010.001/swg.fits[1]
scw/0439/043900240010.001/swg.fits[1]
scw/0439/043900250010.001/swg.fits[1]
scw/0439/043900260010.001/swg.fits[1]
scw/0439/043900270010.001/swg.fits[1]
scw/0439/043900280010.001/swg.fits[1]
scw/0439/043900330010.001/swg.fits[1]
scw/0439/043900340010.001/swg.fits[1]
scw/0439/043900350010.001/swg.fits[1]
scw/0439/043900360010.001/swg.fits[1]
scw/0439/043900370010.001/swg.fits[1]
scw/0439/043900380010.001/swg.fits[1]
scw/0439/043900390010.001/swg.fits[1]
scw/0439/043900420010.001/swg.fits[1]
scw/0439/043900430010.001/swg.fits[1]
scw/0439/043900440010.001/swg.fits[1]
scw/0439/043900460010.001/swg.fits[1]
scw/0439/043900470010.001/swg.fits[1]
scw/0439/043900480010.001/swg.fits[1]
scw/0439/043900490010.001/swg.fits[1]
scw/0439/043900500010.001/swg.fits[1]
scw/0439/043900530010.001/swg.fits[1]
scw/0439/043900540010.001/swg.fits[1]
scw/0439/043900550010.001/swg.fits[1]
scw/0439/043900560010.001/swg.fits[1]
scw/0439/043900570010.001/swg.fits[1]
scw/0439/043900580010.001/swg.fits[1]
scw/0439/043900590010.001/swg.fits[1]
