scw/0084/008400310010.001/swg.fits[1]
scw/0084/008400320010.001/swg.fits[1]
scw/0084/008400330010.001/swg.fits[1]
scw/0084/008400340010.001/swg.fits[1]
scw/0084/008400350010.001/swg.fits[1]
scw/0084/008400360010.001/swg.fits[1]
scw/0084/008400370010.001/swg.fits[1]
scw/0084/008400380010.001/swg.fits[1]
scw/0084/008400390010.001/swg.fits[1]
scw/0084/008400400010.001/swg.fits[1]
scw/0084/008400410010.001/swg.fits[1]
scw/0084/008400420010.001/swg.fits[1]
scw/0084/008400430010.001/swg.fits[1]
scw/0084/008400440010.001/swg.fits[1]
scw/0084/008400480010.001/swg.fits[1]
scw/0084/008400490010.001/swg.fits[1]
scw/0084/008400500010.001/swg.fits[1]
scw/0084/008400510010.001/swg.fits[1]
scw/0084/008400520010.001/swg.fits[1]
scw/0084/008400560010.001/swg.fits[1]
scw/0084/008400570010.001/swg.fits[1]
scw/0084/008400580010.001/swg.fits[1]
scw/0084/008400590010.001/swg.fits[1]
scw/0084/008400600010.001/swg.fits[1]
scw/0085/008500520010.001/swg.fits[1]
scw/0085/008500530010.001/swg.fits[1]
scw/0085/008500540010.001/swg.fits[1]
scw/0085/008500550010.001/swg.fits[1]
scw/0085/008500560010.001/swg.fits[1]
scw/0085/008500570010.001/swg.fits[1]
scw/0085/008500580010.001/swg.fits[1]
scw/0085/008500590010.001/swg.fits[1]
scw/0085/008500600010.001/swg.fits[1]
scw/0085/008500610010.001/swg.fits[1]
scw/0085/008500620010.001/swg.fits[1]
scw/0085/008500630010.001/swg.fits[1]
scw/0085/008500640010.001/swg.fits[1]
scw/0085/008500650010.001/swg.fits[1]
scw/0085/008500660010.001/swg.fits[1]
scw/0085/008500670010.001/swg.fits[1]
scw/0085/008500680010.001/swg.fits[1]
scw/0085/008500690010.001/swg.fits[1]
scw/0085/008500700010.001/swg.fits[1]
scw/0085/008500710010.001/swg.fits[1]
scw/0085/008500720010.001/swg.fits[1]
scw/0085/008500730010.001/swg.fits[1]
scw/0085/008500740010.001/swg.fits[1]
scw/0085/008500750010.001/swg.fits[1]
scw/0085/008500760010.001/swg.fits[1]
scw/0085/008500770010.001/swg.fits[1]
scw/0085/008500780010.001/swg.fits[1]
scw/0085/008500790010.001/swg.fits[1]
scw/0085/008500800010.001/swg.fits[1]
scw/0086/008600100010.001/swg.fits[1]
scw/0086/008600110010.001/swg.fits[1]
scw/0086/008600160010.001/swg.fits[1]
scw/0086/008600170010.001/swg.fits[1]
scw/0086/008600180010.001/swg.fits[1]
scw/0086/008600190010.001/swg.fits[1]
scw/0086/008600200010.001/swg.fits[1]
scw/0086/008600210010.001/swg.fits[1]
scw/0086/008600220010.001/swg.fits[1]
scw/0086/008600230010.001/swg.fits[1]
scw/0086/008600240010.001/swg.fits[1]
scw/0086/008600250010.001/swg.fits[1]
scw/0086/008600260010.001/swg.fits[1]
scw/0086/008600270010.001/swg.fits[1]
scw/0086/008600280010.001/swg.fits[1]
scw/0086/008600290010.001/swg.fits[1]
scw/0086/008600300010.001/swg.fits[1]
scw/0086/008600310010.001/swg.fits[1]
scw/0086/008600320010.001/swg.fits[1]
scw/0086/008600330010.001/swg.fits[1]
scw/0086/008600340010.001/swg.fits[1]
scw/0086/008600350010.001/swg.fits[1]
scw/0086/008600360010.001/swg.fits[1]
scw/0086/008600370010.001/swg.fits[1]
scw/0086/008600380010.001/swg.fits[1]
scw/0086/008600390010.001/swg.fits[1]
scw/0086/008600400010.001/swg.fits[1]
scw/0086/008600410010.001/swg.fits[1]
scw/0086/008600440010.001/swg.fits[1]
scw/0086/008600440020.001/swg.fits[1]
scw/0086/008600440030.001/swg.fits[1]
