scw/0087/008700470010.001/swg.fits[1]
scw/0087/008700480010.001/swg.fits[1]
scw/0087/008700490010.001/swg.fits[1]
scw/0087/008700500010.001/swg.fits[1]
scw/0087/008700510010.001/swg.fits[1]
scw/0087/008700520010.001/swg.fits[1]
scw/0087/008700530010.001/swg.fits[1]
scw/0087/008700540010.001/swg.fits[1]
scw/0087/008700550010.001/swg.fits[1]
scw/0087/008700560010.001/swg.fits[1]
scw/0087/008700570010.001/swg.fits[1]
scw/0087/008700580010.001/swg.fits[1]
scw/0087/008700590010.001/swg.fits[1]
scw/0087/008700600010.001/swg.fits[1]
scw/0087/008700610010.001/swg.fits[1]
scw/0087/008700620010.001/swg.fits[1]
scw/0087/008700630010.001/swg.fits[1]
scw/0087/008700640010.001/swg.fits[1]
scw/0087/008700650010.001/swg.fits[1]
scw/0087/008700660010.001/swg.fits[1]
scw/0087/008700670010.001/swg.fits[1]
