scw/0435/043500620010.001/swg.fits[1]
scw/0435/043500630010.001/swg.fits[1]
scw/0435/043500630020.001/swg.fits[1]
scw/0436/043600090010.001/swg.fits[1]
scw/0436/043600100010.001/swg.fits[1]
scw/0436/043600110010.001/swg.fits[1]
scw/0436/043600170010.001/swg.fits[1]
scw/0436/043600180010.001/swg.fits[1]
scw/0436/043600190010.001/swg.fits[1]
scw/0436/043600200010.001/swg.fits[1]
scw/0436/043600210010.001/swg.fits[1]
scw/0436/043600220010.001/swg.fits[1]
scw/0436/043600230010.001/swg.fits[1]
scw/0436/043600250010.001/swg.fits[1]
scw/0436/043600260010.001/swg.fits[1]
scw/0436/043600270010.001/swg.fits[1]
scw/0436/043600280010.001/swg.fits[1]
scw/0436/043600290010.001/swg.fits[1]
scw/0436/043600300010.001/swg.fits[1]
scw/0436/043600310010.001/swg.fits[1]
scw/0436/043600320010.001/swg.fits[1]
scw/0436/043600340010.001/swg.fits[1]
scw/0436/043600350010.001/swg.fits[1]
scw/0436/043600360010.001/swg.fits[1]
scw/0436/043600370010.001/swg.fits[1]
scw/0436/043600390010.001/swg.fits[1]
scw/0436/043600400010.001/swg.fits[1]
scw/0436/043600410010.001/swg.fits[1]
scw/0436/043600420010.001/swg.fits[1]
scw/0436/043600460010.001/swg.fits[1]
scw/0436/043600470010.001/swg.fits[1]
scw/0436/043600480010.001/swg.fits[1]
scw/0436/043600490010.001/swg.fits[1]
scw/0436/043600500010.001/swg.fits[1]
scw/0436/043600580010.001/swg.fits[1]
scw/0436/043600590010.001/swg.fits[1]
scw/0436/043600600010.001/swg.fits[1]
scw/0436/043600610010.001/swg.fits[1]
scw/0436/043600650010.001/swg.fits[1]
scw/0436/043600660010.001/swg.fits[1]
scw/0437/043700610010.001/swg.fits[1]
scw/0437/043700620010.001/swg.fits[1]
