scw/0373/037300630010.001/swg.fits[1]
scw/0374/037400490010.001/swg.fits[1]
scw/0374/037400500010.001/swg.fits[1]
scw/0374/037400510010.001/swg.fits[1]
scw/0374/037400520010.001/swg.fits[1]
scw/0374/037400580010.001/swg.fits[1]
scw/0374/037400590010.001/swg.fits[1]
scw/0374/037400600010.001/swg.fits[1]
scw/0374/037400610010.001/swg.fits[1]
scw/0374/037400620010.001/swg.fits[1]
scw/0374/037400630010.001/swg.fits[1]
scw/0374/037400640010.001/swg.fits[1]
scw/0374/037400660010.001/swg.fits[1]
scw/0374/037400670010.001/swg.fits[1]
scw/0374/037400680010.001/swg.fits[1]
scw/0374/037400690010.001/swg.fits[1]
scw/0374/037400700010.001/swg.fits[1]
scw/0374/037400710010.001/swg.fits[1]
scw/0374/037400720010.001/swg.fits[1]
scw/0374/037400730010.001/swg.fits[1]
scw/0375/037500020010.001/swg.fits[1]
