scw/2450/245000180010.001/swg.fits[1]
scw/2450/245000190010.001/swg.fits[1]
scw/2450/245000200010.001/swg.fits[1]
scw/2450/245000210010.001/swg.fits[1]
scw/2450/245000220010.001/swg.fits[1]
scw/2450/245000230010.001/swg.fits[1]
scw/2450/245000240010.001/swg.fits[1]
scw/2450/245000250010.001/swg.fits[1]
scw/2452/245200520010.001/swg.fits[1]
scw/2454/245400590010.001/swg.fits[1]
scw/2454/245400600010.001/swg.fits[1]
scw/2454/245400610010.001/swg.fits[1]
scw/2454/245400620010.001/swg.fits[1]
scw/2454/245400650010.001/swg.fits[1]
scw/2454/245400660010.001/swg.fits[1]
scw/2454/245400670010.001/swg.fits[1]
scw/2454/245400680010.001/swg.fits[1]
scw/2455/245500360010.001/swg.fits[1]
scw/2455/245500370010.001/swg.fits[1]
scw/2455/245500380010.001/swg.fits[1]
scw/2455/245500390010.001/swg.fits[1]
scw/2455/245500400010.001/swg.fits[1]
scw/2455/245500410010.001/swg.fits[1]
scw/2455/245500420010.001/swg.fits[1]
scw/2455/245500430010.001/swg.fits[1]
scw/2455/245500460010.001/swg.fits[1]
scw/2455/245500470010.001/swg.fits[1]
scw/2455/245500480010.001/swg.fits[1]
scw/2455/245500490010.001/swg.fits[1]
scw/2455/245500500010.001/swg.fits[1]
scw/2455/245500510010.001/swg.fits[1]
scw/2455/245500520010.001/swg.fits[1]
scw/2455/245500530010.001/swg.fits[1]
scw/2455/245500560010.001/swg.fits[1]
scw/2455/245500570010.001/swg.fits[1]
scw/2455/245500580010.001/swg.fits[1]
scw/2455/245500590010.001/swg.fits[1]
scw/2455/245500710010.001/swg.fits[1]
scw/2455/245500720010.001/swg.fits[1]
scw/2455/245500730010.001/swg.fits[1]
scw/2455/245500740010.001/swg.fits[1]
scw/2455/245500750010.001/swg.fits[1]
scw/2455/245500760010.001/swg.fits[1]
scw/2455/245500770010.001/swg.fits[1]
scw/2455/245500780010.001/swg.fits[1]
scw/2455/245500790010.001/swg.fits[1]
scw/2455/245500800010.001/swg.fits[1]
scw/2455/245500810010.001/swg.fits[1]
scw/2455/245500820010.001/swg.fits[1]
scw/2455/245500830010.001/swg.fits[1]
scw/2455/245500840010.001/swg.fits[1]
scw/2495/249500110010.001/swg.fits[1]
scw/2503/250300290010.001/swg.fits[1]
scw/2503/250300300010.001/swg.fits[1]
scw/2503/250300310010.001/swg.fits[1]
scw/2503/250300320010.001/swg.fits[1]
scw/2503/250300330010.001/swg.fits[1]
scw/2503/250300340010.001/swg.fits[1]
scw/2503/250300350010.001/swg.fits[1]
scw/2503/250300370010.001/swg.fits[1]
scw/2503/250300380010.001/swg.fits[1]
scw/2503/250300390010.001/swg.fits[1]
scw/2503/250300400010.001/swg.fits[1]
scw/2503/250300410010.001/swg.fits[1]
scw/2503/250300420010.001/swg.fits[1]
scw/2503/250300430010.001/swg.fits[1]
scw/2503/250300440010.001/swg.fits[1]
scw/2503/250300450010.001/swg.fits[1]
scw/2503/250300460010.001/swg.fits[1]
scw/2503/250300470010.001/swg.fits[1]
scw/2503/250300480010.001/swg.fits[1]
scw/2503/250300490010.001/swg.fits[1]
scw/2503/250300500010.001/swg.fits[1]
scw/2503/250300510010.001/swg.fits[1]
scw/2503/250300530010.001/swg.fits[1]
scw/2503/250300740010.001/swg.fits[1]
scw/2503/250300750010.001/swg.fits[1]
scw/2506/250600340010.001/swg.fits[1]
scw/2506/250600420010.001/swg.fits[1]
scw/2506/250600430010.001/swg.fits[1]
scw/2506/250600440010.001/swg.fits[1]
scw/2506/250600450010.001/swg.fits[1]
scw/2506/250600460010.001/swg.fits[1]
scw/2506/250600470010.001/swg.fits[1]
scw/2507/250700250010.001/swg.fits[1]
scw/2507/250700260010.001/swg.fits[1]
scw/2507/250700270010.001/swg.fits[1]
scw/2507/250700280010.001/swg.fits[1]
scw/2507/250700290010.001/swg.fits[1]
scw/2507/250700300010.001/swg.fits[1]
scw/2507/250700310010.001/swg.fits[1]
scw/2507/250700320010.001/swg.fits[1]
scw/2507/250700330010.001/swg.fits[1]
scw/2507/250700340010.001/swg.fits[1]
scw/2507/250700350010.001/swg.fits[1]
scw/2507/250700360010.001/swg.fits[1]
scw/2507/250700370010.001/swg.fits[1]
scw/2507/250700380010.001/swg.fits[1]
scw/2507/250700390010.001/swg.fits[1]
scw/2507/250700410010.001/swg.fits[1]
scw/2507/250700430010.001/swg.fits[1]
scw/2507/250700440010.001/swg.fits[1]
scw/2507/250700450010.001/swg.fits[1]
scw/2507/250700460010.001/swg.fits[1]
scw/2507/250700470010.001/swg.fits[1]
scw/2507/250700480010.001/swg.fits[1]
scw/2508/250800320010.001/swg.fits[1]
scw/2508/250800390010.001/swg.fits[1]
scw/2508/250800400010.001/swg.fits[1]
scw/2508/250800410010.001/swg.fits[1]
scw/2508/250800420010.001/swg.fits[1]
scw/2508/250800430010.001/swg.fits[1]
scw/2508/250800440010.001/swg.fits[1]
scw/2508/250800450010.001/swg.fits[1]
scw/2508/250800460010.001/swg.fits[1]
scw/2511/251100460010.001/swg.fits[1]
scw/2511/251100470010.001/swg.fits[1]
scw/2511/251100480010.001/swg.fits[1]
scw/2511/251100490010.001/swg.fits[1]
scw/2511/251100500010.001/swg.fits[1]
scw/2511/251100510010.001/swg.fits[1]
scw/2511/251100520010.001/swg.fits[1]
scw/2511/251100530010.001/swg.fits[1]
scw/2511/251100540010.001/swg.fits[1]
scw/2511/251100590010.001/swg.fits[1]
scw/2512/251200540010.001/swg.fits[1]
scw/2512/251200610010.001/swg.fits[1]
scw/2512/251200620010.001/swg.fits[1]
scw/2512/251200630010.001/swg.fits[1]
scw/2512/251200640010.001/swg.fits[1]
scw/2512/251200650010.001/swg.fits[1]
scw/2512/251200660010.001/swg.fits[1]
scw/2512/251200670010.001/swg.fits[1]
scw/2512/251200680010.001/swg.fits[1]
scw/2512/251200690010.001/swg.fits[1]
scw/2512/251200700010.001/swg.fits[1]
scw/2512/251200710010.001/swg.fits[1]
scw/2512/251200720010.001/swg.fits[1]
scw/2512/251200740010.001/swg.fits[1]
scw/2512/251200750010.001/swg.fits[1]
scw/2512/251200760010.001/swg.fits[1]
scw/2512/251200770010.001/swg.fits[1]
scw/2512/251200780010.001/swg.fits[1]
scw/2512/251200790010.001/swg.fits[1]
scw/2515/251500780010.001/swg.fits[1]
scw/2515/251500790010.001/swg.fits[1]
scw/2515/251500800010.001/swg.fits[1]
scw/2515/251500810010.001/swg.fits[1]
scw/2515/251500820010.001/swg.fits[1]
scw/2516/251600530010.001/swg.fits[1]
scw/2516/251600540010.001/swg.fits[1]
scw/2516/251600550010.001/swg.fits[1]
scw/2516/251600560010.001/swg.fits[1]
scw/2516/251600570010.001/swg.fits[1]
scw/2516/251600580010.001/swg.fits[1]
scw/2516/251600590010.001/swg.fits[1]
scw/2516/251600620010.001/swg.fits[1]
scw/2516/251600630010.001/swg.fits[1]
scw/2516/251600640010.001/swg.fits[1]
scw/2516/251600650010.001/swg.fits[1]
scw/2516/251600660010.001/swg.fits[1]
scw/2516/251600670010.001/swg.fits[1]
scw/2516/251600680010.001/swg.fits[1]
scw/2516/251600690010.001/swg.fits[1]
scw/2516/251600700010.001/swg.fits[1]
scw/2516/251600710010.001/swg.fits[1]
scw/2516/251600720010.001/swg.fits[1]
scw/2516/251600730010.001/swg.fits[1]
