scw/0030/003000060010.001/swg.fits[1]
scw/0036/003600140010.001/swg.fits[1]
scw/0055/005500670010.001/swg.fits[1]
scw/0055/005500680010.001/swg.fits[1]
scw/0055/005500690010.001/swg.fits[1]
scw/0063/006300150010.001/swg.fits[1]
scw/0063/006300160010.001/swg.fits[1]
scw/0063/006300170010.001/swg.fits[1]
scw/0066/006600130010.001/swg.fits[1]
scw/0071/007100080010.001/swg.fits[1]
scw/0071/007100090010.001/swg.fits[1]
scw/0076/007600130010.001/swg.fits[1]
scw/0076/007600140010.001/swg.fits[1]
scw/0081/008100030010.001/swg.fits[1]
scw/0081/008100030020.001/swg.fits[1]
scw/0081/008100040010.001/swg.fits[1]
scw/0081/008100050010.001/swg.fits[1]
scw/0081/008100090010.001/swg.fits[1]
scw/0081/008100100010.001/swg.fits[1]
scw/0081/008100110010.001/swg.fits[1]
scw/0081/008100120010.001/swg.fits[1]
scw/0081/008100130010.001/swg.fits[1]
scw/0081/008100140010.001/swg.fits[1]
scw/0081/008100150010.001/swg.fits[1]
scw/0081/008100160010.001/swg.fits[1]
scw/0081/008100170010.001/swg.fits[1]
scw/0081/008100180010.001/swg.fits[1]
scw/0081/008100190010.001/swg.fits[1]
scw/0081/008100200010.001/swg.fits[1]
scw/0081/008100210010.001/swg.fits[1]
scw/0081/008100220010.001/swg.fits[1]
scw/0081/008100230010.001/swg.fits[1]
scw/0081/008100240010.001/swg.fits[1]
scw/0081/008100250010.001/swg.fits[1]
scw/0081/008100260010.001/swg.fits[1]
scw/0081/008100270010.001/swg.fits[1]
scw/0081/008100280010.001/swg.fits[1]
scw/0081/008100290010.001/swg.fits[1]
scw/0081/008100300010.001/swg.fits[1]
scw/0081/008100310010.001/swg.fits[1]
scw/0081/008100320010.001/swg.fits[1]
scw/0081/008100330010.001/swg.fits[1]
scw/0081/008100340010.001/swg.fits[1]
scw/0081/008100350010.001/swg.fits[1]
scw/0081/008100360010.001/swg.fits[1]
scw/0081/008100370010.001/swg.fits[1]
scw/0081/008100380010.001/swg.fits[1]
scw/0081/008100390010.001/swg.fits[1]
scw/0081/008100400010.001/swg.fits[1]
scw/0081/008100410010.001/swg.fits[1]
scw/0081/008100420010.001/swg.fits[1]
scw/0081/008100430010.001/swg.fits[1]
scw/0081/008100440010.001/swg.fits[1]
scw/0081/008100450010.001/swg.fits[1]
scw/0081/008100490010.001/swg.fits[1]
scw/0081/008100500010.001/swg.fits[1]
scw/0081/008100510010.001/swg.fits[1]
scw/0081/008100520010.001/swg.fits[1]
scw/0081/008100530010.001/swg.fits[1]
scw/0082/008200350010.001/swg.fits[1]
scw/0082/008200360010.001/swg.fits[1]
scw/0082/008200370010.001/swg.fits[1]
scw/0082/008200380010.001/swg.fits[1]
scw/0082/008200390010.001/swg.fits[1]
scw/0082/008200400010.001/swg.fits[1]
scw/0082/008200410010.001/swg.fits[1]
scw/0082/008200420010.001/swg.fits[1]
scw/0082/008200430010.001/swg.fits[1]
scw/0082/008200440010.001/swg.fits[1]
scw/0082/008200450010.001/swg.fits[1]
scw/0082/008200460010.001/swg.fits[1]
scw/0082/008200470010.001/swg.fits[1]
scw/0082/008200480010.001/swg.fits[1]
scw/0082/008200490010.001/swg.fits[1]
scw/0082/008200500010.001/swg.fits[1]
scw/0082/008200510010.001/swg.fits[1]
scw/0082/008200520010.001/swg.fits[1]
scw/0082/008200530010.001/swg.fits[1]
scw/0082/008200540010.001/swg.fits[1]
scw/0082/008200550010.001/swg.fits[1]
scw/0082/008200560010.001/swg.fits[1]
scw/0082/008200570010.001/swg.fits[1]
scw/0082/008200580010.001/swg.fits[1]
scw/0082/008200590010.001/swg.fits[1]
scw/0082/008200600010.001/swg.fits[1]
scw/0082/008200610010.001/swg.fits[1]
scw/0082/008200620010.001/swg.fits[1]
scw/0082/008200630010.001/swg.fits[1]
scw/0082/008200640010.001/swg.fits[1]
scw/0082/008200650010.001/swg.fits[1]
scw/0082/008200660010.001/swg.fits[1]
scw/0082/008200670010.001/swg.fits[1]
scw/0082/008200680010.001/swg.fits[1]
scw/0082/008200690010.001/swg.fits[1]
scw/0082/008200700010.001/swg.fits[1]
scw/0082/008200710010.001/swg.fits[1]
scw/0083/008300090010.001/swg.fits[1]
scw/0083/008300100010.001/swg.fits[1]
scw/0083/008300110010.001/swg.fits[1]
scw/0083/008300180010.001/swg.fits[1]
scw/0083/008300190010.001/swg.fits[1]
scw/0083/008300200010.001/swg.fits[1]
scw/0083/008300210010.001/swg.fits[1]
scw/0083/008300220010.001/swg.fits[1]
scw/0083/008300260010.001/swg.fits[1]
scw/0083/008300270010.001/swg.fits[1]
scw/0083/008300280010.001/swg.fits[1]
scw/0083/008300290010.001/swg.fits[1]
scw/0083/008300300010.001/swg.fits[1]
scw/0083/008300310010.001/swg.fits[1]
scw/0083/008300320010.001/swg.fits[1]
scw/0083/008300330010.001/swg.fits[1]
scw/0083/008300340010.001/swg.fits[1]
scw/0083/008300350010.001/swg.fits[1]
scw/0083/008300360010.001/swg.fits[1]
scw/0083/008300370010.001/swg.fits[1]
scw/0083/008300380010.001/swg.fits[1]
scw/0083/008300390010.001/swg.fits[1]
scw/0083/008300400010.001/swg.fits[1]
scw/0083/008300410010.001/swg.fits[1]
scw/0083/008300420010.001/swg.fits[1]
scw/0083/008300430010.001/swg.fits[1]
scw/0083/008300440010.001/swg.fits[1]
scw/0083/008300450010.001/swg.fits[1]
scw/0083/008300460010.001/swg.fits[1]
scw/0083/008300470010.001/swg.fits[1]
scw/0083/008300470020.001/swg.fits[1]
scw/0083/008300480010.001/swg.fits[1]
scw/0083/008300490010.001/swg.fits[1]
scw/0083/008300500010.001/swg.fits[1]
scw/0083/008300510010.001/swg.fits[1]
scw/0083/008300520010.001/swg.fits[1]
scw/0083/008300530010.001/swg.fits[1]
scw/0083/008300540010.001/swg.fits[1]
scw/0083/008300550010.001/swg.fits[1]
scw/0083/008300560010.001/swg.fits[1]
scw/0083/008300570010.001/swg.fits[1]
scw/0083/008300580010.001/swg.fits[1]
scw/0083/008300590010.001/swg.fits[1]
scw/0083/008300600010.001/swg.fits[1]
scw/0083/008300610010.001/swg.fits[1]
scw/0083/008300620010.001/swg.fits[1]
scw/0083/008300660010.001/swg.fits[1]
scw/0084/008400010010.001/swg.fits[1]
scw/0084/008400010020.001/swg.fits[1]
scw/0084/008400020010.001/swg.fits[1]
scw/0084/008400030010.001/swg.fits[1]
scw/0084/008400040010.001/swg.fits[1]
scw/0084/008400080010.001/swg.fits[1]
scw/0084/008400090010.001/swg.fits[1]
scw/0084/008400100010.001/swg.fits[1]
scw/0084/008400110010.001/swg.fits[1]
scw/0084/008400120010.001/swg.fits[1]
scw/0084/008400130010.001/swg.fits[1]
scw/0084/008400170010.001/swg.fits[1]
scw/0084/008400180010.001/swg.fits[1]
scw/0084/008400190010.001/swg.fits[1]
scw/0084/008400200010.001/swg.fits[1]
scw/0084/008400210010.001/swg.fits[1]
scw/0084/008400220010.001/swg.fits[1]
scw/0084/008400230010.001/swg.fits[1]
scw/0084/008400240010.001/swg.fits[1]
scw/0084/008400250010.001/swg.fits[1]
scw/0084/008400260010.001/swg.fits[1]
scw/0084/008400270010.001/swg.fits[1]
scw/0084/008400280010.001/swg.fits[1]
scw/0084/008400290010.001/swg.fits[1]
scw/0084/008400300010.001/swg.fits[1]
scw/0084/008400310010.001/swg.fits[1]
scw/0084/008400320010.001/swg.fits[1]
scw/0084/008400330010.001/swg.fits[1]
scw/0084/008400340010.001/swg.fits[1]
scw/0084/008400350010.001/swg.fits[1]
scw/0084/008400360010.001/swg.fits[1]
scw/0084/008400370010.001/swg.fits[1]
scw/0084/008400380010.001/swg.fits[1]
scw/0084/008400390010.001/swg.fits[1]
scw/0084/008400400010.001/swg.fits[1]
scw/0084/008400410010.001/swg.fits[1]
scw/0084/008400420010.001/swg.fits[1]
scw/0084/008400430010.001/swg.fits[1]
scw/0084/008400440010.001/swg.fits[1]
scw/0084/008400480010.001/swg.fits[1]
scw/0084/008400490010.001/swg.fits[1]
scw/0084/008400500010.001/swg.fits[1]
scw/0084/008400510010.001/swg.fits[1]
scw/0084/008400520010.001/swg.fits[1]
scw/0084/008400560010.001/swg.fits[1]
scw/0084/008400570010.001/swg.fits[1]
scw/0084/008400580010.001/swg.fits[1]
scw/0084/008400590010.001/swg.fits[1]
scw/0084/008400600010.001/swg.fits[1]
scw/0085/008500520010.001/swg.fits[1]
scw/0085/008500530010.001/swg.fits[1]
scw/0085/008500540010.001/swg.fits[1]
scw/0085/008500550010.001/swg.fits[1]
scw/0085/008500560010.001/swg.fits[1]
scw/0085/008500570010.001/swg.fits[1]
scw/0085/008500580010.001/swg.fits[1]
scw/0085/008500590010.001/swg.fits[1]
scw/0085/008500600010.001/swg.fits[1]
scw/0085/008500610010.001/swg.fits[1]
scw/0085/008500620010.001/swg.fits[1]
scw/0085/008500630010.001/swg.fits[1]
scw/0085/008500640010.001/swg.fits[1]
scw/0085/008500650010.001/swg.fits[1]
scw/0085/008500660010.001/swg.fits[1]
scw/0085/008500670010.001/swg.fits[1]
scw/0085/008500680010.001/swg.fits[1]
scw/0085/008500690010.001/swg.fits[1]
scw/0085/008500700010.001/swg.fits[1]
scw/0085/008500710010.001/swg.fits[1]
scw/0085/008500720010.001/swg.fits[1]
scw/0085/008500730010.001/swg.fits[1]
scw/0085/008500740010.001/swg.fits[1]
scw/0085/008500750010.001/swg.fits[1]
scw/0085/008500760010.001/swg.fits[1]
scw/0085/008500770010.001/swg.fits[1]
scw/0085/008500780010.001/swg.fits[1]
scw/0085/008500790010.001/swg.fits[1]
scw/0085/008500800010.001/swg.fits[1]
scw/0086/008600100010.001/swg.fits[1]
scw/0086/008600110010.001/swg.fits[1]
scw/0086/008600160010.001/swg.fits[1]
scw/0086/008600170010.001/swg.fits[1]
scw/0086/008600180010.001/swg.fits[1]
scw/0086/008600190010.001/swg.fits[1]
scw/0086/008600200010.001/swg.fits[1]
scw/0086/008600210010.001/swg.fits[1]
scw/0086/008600220010.001/swg.fits[1]
scw/0086/008600230010.001/swg.fits[1]
scw/0086/008600240010.001/swg.fits[1]
scw/0086/008600250010.001/swg.fits[1]
scw/0086/008600260010.001/swg.fits[1]
scw/0086/008600270010.001/swg.fits[1]
scw/0086/008600280010.001/swg.fits[1]
scw/0086/008600290010.001/swg.fits[1]
scw/0086/008600300010.001/swg.fits[1]
scw/0086/008600310010.001/swg.fits[1]
scw/0086/008600320010.001/swg.fits[1]
scw/0086/008600330010.001/swg.fits[1]
scw/0086/008600340010.001/swg.fits[1]
scw/0086/008600350010.001/swg.fits[1]
scw/0086/008600360010.001/swg.fits[1]
scw/0086/008600370010.001/swg.fits[1]
scw/0086/008600380010.001/swg.fits[1]
scw/0086/008600390010.001/swg.fits[1]
scw/0086/008600400010.001/swg.fits[1]
scw/0086/008600410010.001/swg.fits[1]
scw/0086/008600440010.001/swg.fits[1]
scw/0086/008600440020.001/swg.fits[1]
scw/0086/008600440030.001/swg.fits[1]
scw/0086/008600440040.001/swg.fits[1]
scw/0086/008600440050.001/swg.fits[1]
scw/0086/008600440060.001/swg.fits[1]
scw/0086/008600440070.001/swg.fits[1]
scw/0086/008600440080.001/swg.fits[1]
scw/0086/008600440100.001/swg.fits[1]
scw/0086/008600460010.001/swg.fits[1]
scw/0086/008600470010.001/swg.fits[1]
scw/0086/008600480010.001/swg.fits[1]
scw/0086/008600490010.001/swg.fits[1]
scw/0086/008600500010.001/swg.fits[1]
scw/0086/008600540010.001/swg.fits[1]
scw/0086/008600550010.001/swg.fits[1]
scw/0086/008600560010.001/swg.fits[1]
scw/0086/008600570010.001/swg.fits[1]
scw/0086/008600580010.001/swg.fits[1]
scw/0086/008600590010.001/swg.fits[1]
scw/0087/008700220010.001/swg.fits[1]
scw/0087/008700230010.001/swg.fits[1]
scw/0087/008700240010.001/swg.fits[1]
scw/0087/008700250010.001/swg.fits[1]
scw/0087/008700260010.001/swg.fits[1]
scw/0087/008700270010.001/swg.fits[1]
scw/0087/008700280010.001/swg.fits[1]
scw/0087/008700290010.001/swg.fits[1]
scw/0087/008700300010.001/swg.fits[1]
scw/0087/008700310010.001/swg.fits[1]
scw/0087/008700320010.001/swg.fits[1]
scw/0087/008700330010.001/swg.fits[1]
scw/0087/008700340010.001/swg.fits[1]
scw/0087/008700350010.001/swg.fits[1]
scw/0087/008700360010.001/swg.fits[1]
scw/0087/008700370010.001/swg.fits[1]
scw/0087/008700380010.001/swg.fits[1]
scw/0087/008700390010.001/swg.fits[1]
scw/0087/008700400010.001/swg.fits[1]
scw/0087/008700410010.001/swg.fits[1]
scw/0087/008700420010.001/swg.fits[1]
scw/0087/008700430010.001/swg.fits[1]
scw/0087/008700440010.001/swg.fits[1]
scw/0087/008700450010.001/swg.fits[1]
scw/0087/008700460010.001/swg.fits[1]
scw/0087/008700470010.001/swg.fits[1]
scw/0087/008700480010.001/swg.fits[1]
scw/0087/008700490010.001/swg.fits[1]
scw/0087/008700500010.001/swg.fits[1]
scw/0087/008700510010.001/swg.fits[1]
scw/0087/008700520010.001/swg.fits[1]
scw/0087/008700530010.001/swg.fits[1]
scw/0087/008700540010.001/swg.fits[1]
scw/0087/008700550010.001/swg.fits[1]
scw/0087/008700560010.001/swg.fits[1]
scw/0087/008700570010.001/swg.fits[1]
scw/0087/008700580010.001/swg.fits[1]
scw/0087/008700590010.001/swg.fits[1]
scw/0087/008700600010.001/swg.fits[1]
scw/0087/008700610010.001/swg.fits[1]
scw/0087/008700620010.001/swg.fits[1]
scw/0087/008700630010.001/swg.fits[1]
scw/0087/008700640010.001/swg.fits[1]
scw/0087/008700650010.001/swg.fits[1]
scw/0087/008700660010.001/swg.fits[1]
scw/0087/008700670010.001/swg.fits[1]
scw/0087/008700680010.001/swg.fits[1]
scw/0087/008700690010.001/swg.fits[1]
scw/0087/008700700010.001/swg.fits[1]
scw/0088/008800520010.001/swg.fits[1]
scw/0088/008800530010.001/swg.fits[1]
scw/0088/008800540010.001/swg.fits[1]
scw/0088/008800550010.001/swg.fits[1]
scw/0088/008800560010.001/swg.fits[1]
scw/0088/008800570010.001/swg.fits[1]
scw/0088/008800580010.001/swg.fits[1]
scw/0088/008800590010.001/swg.fits[1]
scw/0088/008800600010.001/swg.fits[1]
scw/0088/008800620010.001/swg.fits[1]
scw/0088/008800630010.001/swg.fits[1]
scw/0088/008800640010.001/swg.fits[1]
scw/0088/008800650010.001/swg.fits[1]
scw/0088/008800670010.001/swg.fits[1]
scw/0088/008800680010.001/swg.fits[1]
scw/0088/008800690010.001/swg.fits[1]
scw/0088/008800700010.001/swg.fits[1]
scw/0088/008800710010.001/swg.fits[1]
