scw/0439/043900340010.001/swg.fits[1]
scw/0439/043900350010.001/swg.fits[1]
scw/0439/043900360010.001/swg.fits[1]
scw/0439/043900370010.001/swg.fits[1]
scw/0439/043900380010.001/swg.fits[1]
scw/0439/043900390010.001/swg.fits[1]
scw/0439/043900420010.001/swg.fits[1]
scw/0439/043900430010.001/swg.fits[1]
scw/0439/043900440010.001/swg.fits[1]
scw/0439/043900460010.001/swg.fits[1]
scw/0439/043900470010.001/swg.fits[1]
scw/0439/043900480010.001/swg.fits[1]
scw/0439/043900490010.001/swg.fits[1]
scw/0439/043900500010.001/swg.fits[1]
scw/0439/043900530010.001/swg.fits[1]
scw/0439/043900540010.001/swg.fits[1]
scw/0439/043900550010.001/swg.fits[1]
scw/0439/043900560010.001/swg.fits[1]
scw/0439/043900570010.001/swg.fits[1]
scw/0439/043900580010.001/swg.fits[1]
scw/0439/043900590010.001/swg.fits[1]
