scw/2245/224500200010.001/swg.fits[1]
scw/2245/224500210010.001/swg.fits[1]
scw/2245/224500220010.001/swg.fits[1]
scw/2245/224500230010.001/swg.fits[1]
scw/2245/224500240010.001/swg.fits[1]
scw/2245/224500250010.001/swg.fits[1]
scw/2245/224500260010.001/swg.fits[1]
scw/2245/224500270010.001/swg.fits[1]
scw/2245/224500280010.001/swg.fits[1]
scw/2245/224500290010.001/swg.fits[1]
scw/2245/224500300010.001/swg.fits[1]
scw/2245/224500310010.001/swg.fits[1]
scw/2245/224500320010.001/swg.fits[1]
scw/2245/224500330010.001/swg.fits[1]
scw/2245/224500340010.001/swg.fits[1]
scw/2245/224500350010.001/swg.fits[1]
scw/2245/224500360010.001/swg.fits[1]
scw/2245/224500370010.001/swg.fits[1]
scw/2245/224500380010.001/swg.fits[1]
scw/2245/224500390010.001/swg.fits[1]
scw/2245/224500400010.001/swg.fits[1]
