scw/0863/086300660010.001/swg.fits[1]
scw/0863/086300670010.001/swg.fits[1]
scw/0864/086400540010.001/swg.fits[1]
scw/0864/086400550010.001/swg.fits[1]
scw/0864/086400560010.001/swg.fits[1]
scw/0864/086400570010.001/swg.fits[1]
scw/0864/086400580010.001/swg.fits[1]
scw/0864/086400590010.001/swg.fits[1]
scw/0864/086400600010.001/swg.fits[1]
scw/0864/086400610010.001/swg.fits[1]
scw/0864/086400620010.001/swg.fits[1]
scw/0864/086400630010.001/swg.fits[1]
scw/0864/086400640010.001/swg.fits[1]
scw/0864/086400650010.001/swg.fits[1]
scw/0864/086400660010.001/swg.fits[1]
scw/0864/086400670010.001/swg.fits[1]
scw/0864/086400680010.001/swg.fits[1]
scw/0864/086400690010.001/swg.fits[1]
scw/0864/086400700010.001/swg.fits[1]
scw/0864/086400710010.001/swg.fits[1]
scw/0864/086400720010.001/swg.fits[1]
