scw/1295/129500680010.001/swg.fits[1]
scw/1295/129500690010.001/swg.fits[1]
scw/1295/129500700010.001/swg.fits[1]
scw/1295/129500750010.001/swg.fits[1]
scw/1295/129500760010.001/swg.fits[1]
scw/1295/129500770010.001/swg.fits[1]
scw/1297/129700790010.001/swg.fits[1]
scw/1297/129700800010.001/swg.fits[1]
scw/1297/129700820010.001/swg.fits[1]
scw/1297/129700830010.001/swg.fits[1]
scw/1300/130000080010.001/swg.fits[1]
scw/1300/130000090010.001/swg.fits[1]
scw/1300/130000630010.001/swg.fits[1]
scw/1300/130000690010.001/swg.fits[1]
scw/1300/130000700010.001/swg.fits[1]
scw/1301/130100560010.001/swg.fits[1]
scw/1301/130100570010.001/swg.fits[1]
scw/1301/130100630010.001/swg.fits[1]
scw/1301/130100640010.001/swg.fits[1]
scw/1302/130200560010.001/swg.fits[1]
scw/1302/130200570010.001/swg.fits[1]
