scw/2044/204400080010.001/swg.fits[1]
scw/2044/204400090010.001/swg.fits[1]
scw/2044/204400100010.001/swg.fits[1]
scw/2044/204400110010.001/swg.fits[1]
scw/2044/204400120010.001/swg.fits[1]
scw/2044/204400130010.001/swg.fits[1]
scw/2044/204400140010.001/swg.fits[1]
scw/2044/204400150010.001/swg.fits[1]
scw/2044/204400160010.001/swg.fits[1]
scw/2044/204400170010.001/swg.fits[1]
scw/2044/204400180010.001/swg.fits[1]
scw/2044/204400190010.001/swg.fits[1]
scw/2044/204400200010.001/swg.fits[1]
scw/2044/204400210010.001/swg.fits[1]
scw/2044/204400220010.001/swg.fits[1]
scw/2044/204400230010.001/swg.fits[1]
scw/2044/204400240010.001/swg.fits[1]
scw/2044/204400250010.001/swg.fits[1]
scw/2044/204400260010.001/swg.fits[1]
scw/2044/204400270010.001/swg.fits[1]
scw/2044/204400280010.001/swg.fits[1]
