scw/2245/224500410010.001/swg.fits[1]
scw/2245/224500420010.001/swg.fits[1]
scw/2245/224500430010.001/swg.fits[1]
scw/2245/224500440010.001/swg.fits[1]
scw/2245/224500450010.001/swg.fits[1]
scw/2245/224500460010.001/swg.fits[1]
scw/2245/224500470010.001/swg.fits[1]
scw/2245/224500480010.001/swg.fits[1]
scw/2245/224500490010.001/swg.fits[1]
scw/2245/224500500010.001/swg.fits[1]
scw/2245/224500510010.001/swg.fits[1]
scw/2247/224700560010.001/swg.fits[1]
scw/2247/224700570010.001/swg.fits[1]
scw/2247/224700580010.001/swg.fits[1]
scw/2247/224700590010.001/swg.fits[1]
scw/2247/224700600010.001/swg.fits[1]
scw/2247/224700610010.001/swg.fits[1]
scw/2247/224700620010.001/swg.fits[1]
scw/2247/224700630010.001/swg.fits[1]
scw/2247/224700640010.001/swg.fits[1]
scw/2247/224700650010.001/swg.fits[1]
