scw/0863/086300660010.001/swg.fits[1]
scw/0863/086300670010.001/swg.fits[1]
scw/0864/086400540010.001/swg.fits[1]
scw/0864/086400550010.001/swg.fits[1]
scw/0864/086400560010.001/swg.fits[1]
scw/0864/086400570010.001/swg.fits[1]
scw/0864/086400580010.001/swg.fits[1]
scw/0864/086400590010.001/swg.fits[1]
scw/0864/086400600010.001/swg.fits[1]
scw/0864/086400610010.001/swg.fits[1]
scw/0864/086400620010.001/swg.fits[1]
scw/0864/086400630010.001/swg.fits[1]
scw/0864/086400640010.001/swg.fits[1]
scw/0864/086400650010.001/swg.fits[1]
scw/0864/086400660010.001/swg.fits[1]
scw/0864/086400670010.001/swg.fits[1]
scw/0864/086400680010.001/swg.fits[1]
scw/0864/086400690010.001/swg.fits[1]
scw/0864/086400700010.001/swg.fits[1]
scw/0864/086400710010.001/swg.fits[1]
scw/0864/086400720010.001/swg.fits[1]
scw/0864/086400740010.001/swg.fits[1]
scw/0864/086400750010.001/swg.fits[1]
scw/0864/086400760010.001/swg.fits[1]
scw/0864/086400770010.001/swg.fits[1]
scw/0865/086500010010.001/swg.fits[1]
scw/0865/086500020010.001/swg.fits[1]
scw/0865/086500030010.001/swg.fits[1]
scw/0865/086500090010.001/swg.fits[1]
scw/0865/086500100010.001/swg.fits[1]
scw/0865/086500110010.001/swg.fits[1]
scw/0866/086600050010.001/swg.fits[1]
scw/0866/086600060010.001/swg.fits[1]
scw/0866/086600070010.001/swg.fits[1]
scw/0866/086600080010.001/swg.fits[1]
scw/0866/086600140010.001/swg.fits[1]
scw/0866/086600150010.001/swg.fits[1]
scw/0866/086600160010.001/swg.fits[1]
scw/0866/086600170010.001/swg.fits[1]
scw/0866/086600180010.001/swg.fits[1]
scw/0866/086600190010.001/swg.fits[1]
scw/0866/086600200010.001/swg.fits[1]
scw/0866/086600220010.001/swg.fits[1]
scw/0866/086600230010.001/swg.fits[1]
scw/0866/086600240010.001/swg.fits[1]
scw/0866/086600250010.001/swg.fits[1]
scw/0866/086600260010.001/swg.fits[1]
scw/0866/086600270010.001/swg.fits[1]
scw/0866/086600280010.001/swg.fits[1]
scw/0866/086600290010.001/swg.fits[1]
scw/0866/086600300010.001/swg.fits[1]
scw/0866/086600310010.001/swg.fits[1]
scw/0866/086600330010.001/swg.fits[1]
scw/0866/086600340010.001/swg.fits[1]
scw/0866/086600350010.001/swg.fits[1]
scw/0866/086600360010.001/swg.fits[1]
scw/0866/086600370010.001/swg.fits[1]
scw/0866/086600380010.001/swg.fits[1]
scw/0866/086600390010.001/swg.fits[1]
scw/0866/086600440010.001/swg.fits[1]
scw/0866/086600450010.001/swg.fits[1]
scw/0866/086600460010.001/swg.fits[1]
scw/0867/086700750010.001/swg.fits[1]
scw/0867/086700760010.001/swg.fits[1]
scw/0867/086700830010.001/swg.fits[1]
scw/0867/086700830020.001/swg.fits[1]
scw/0868/086800010010.001/swg.fits[1]
scw/0868/086800020010.001/swg.fits[1]
scw/0868/086800030010.001/swg.fits[1]
scw/0868/086800040010.001/swg.fits[1]
scw/0868/086800090010.001/swg.fits[1]
scw/0868/086800100010.001/swg.fits[1]
scw/0868/086800110010.001/swg.fits[1]
scw/0868/086800120010.001/swg.fits[1]
scw/0868/086800130010.001/swg.fits[1]
scw/0868/086800140010.001/swg.fits[1]
scw/0868/086800150010.001/swg.fits[1]
scw/0868/086800170010.001/swg.fits[1]
scw/0868/086800180010.001/swg.fits[1]
scw/0868/086800190010.001/swg.fits[1]
scw/0868/086800200010.001/swg.fits[1]
scw/0868/086800210010.001/swg.fits[1]
scw/0868/086800220010.001/swg.fits[1]
scw/0868/086800230010.001/swg.fits[1]
scw/0868/086800240010.001/swg.fits[1]
scw/0868/086800250010.001/swg.fits[1]
scw/0868/086800280010.001/swg.fits[1]
scw/0868/086800290010.001/swg.fits[1]
scw/0868/086800300010.001/swg.fits[1]
scw/0880/088000350010.001/swg.fits[1]
scw/0880/088000360010.001/swg.fits[1]
scw/0880/088000370010.001/swg.fits[1]
scw/0880/088000380010.001/swg.fits[1]
scw/0880/088000430010.001/swg.fits[1]
scw/0880/088000440010.001/swg.fits[1]
scw/0880/088000450010.001/swg.fits[1]
scw/0880/088000460010.001/swg.fits[1]
scw/0880/088000470010.001/swg.fits[1]
scw/0880/088000480010.001/swg.fits[1]
scw/0880/088000530010.001/swg.fits[1]
scw/0880/088000540010.001/swg.fits[1]
scw/0880/088000550010.001/swg.fits[1]
scw/0880/088000560010.001/swg.fits[1]
scw/0880/088000570010.001/swg.fits[1]
scw/0880/088000580010.001/swg.fits[1]
scw/0881/088100030010.001/swg.fits[1]
scw/0881/088100040010.001/swg.fits[1]
scw/0881/088100050010.001/swg.fits[1]
scw/0881/088100060010.001/swg.fits[1]
scw/0881/088100100010.001/swg.fits[1]
scw/0881/088100110010.001/swg.fits[1]
scw/0881/088100120010.001/swg.fits[1]
scw/0881/088100130010.001/swg.fits[1]
scw/0881/088100140010.001/swg.fits[1]
scw/0881/088100150010.001/swg.fits[1]
scw/0881/088100160010.001/swg.fits[1]
scw/0881/088100210010.001/swg.fits[1]
scw/0881/088100220010.001/swg.fits[1]
scw/0881/088100230010.001/swg.fits[1]
scw/0881/088100240010.001/swg.fits[1]
scw/0881/088100250010.001/swg.fits[1]
scw/0881/088100260010.001/swg.fits[1]
scw/0881/088100310010.001/swg.fits[1]
scw/0881/088100320010.001/swg.fits[1]
scw/0881/088100330010.001/swg.fits[1]
scw/0881/088100340010.001/swg.fits[1]
scw/0881/088100350010.001/swg.fits[1]
scw/0881/088100360010.001/swg.fits[1]
scw/0881/088100410010.001/swg.fits[1]
scw/0881/088100420010.001/swg.fits[1]
scw/0881/088100430010.001/swg.fits[1]
scw/0881/088100440010.001/swg.fits[1]
scw/0881/088100450010.001/swg.fits[1]
scw/0881/088100460010.001/swg.fits[1]
scw/0881/088100510010.001/swg.fits[1]
scw/0881/088100520010.001/swg.fits[1]
scw/0881/088100530010.001/swg.fits[1]
scw/0881/088100540010.001/swg.fits[1]
scw/0881/088100550010.001/swg.fits[1]
scw/0881/088100560010.001/swg.fits[1]
scw/0881/088100610010.001/swg.fits[1]
scw/0881/088100620010.001/swg.fits[1]
scw/0882/088200010010.001/swg.fits[1]
scw/0882/088200020010.001/swg.fits[1]
scw/0882/088200030010.001/swg.fits[1]
scw/0882/088200040010.001/swg.fits[1]
scw/0882/088200090010.001/swg.fits[1]
scw/0882/088200100010.001/swg.fits[1]
scw/0882/088200110010.001/swg.fits[1]
scw/0882/088200120010.001/swg.fits[1]
scw/0882/088200130010.001/swg.fits[1]
scw/0882/088200140010.001/swg.fits[1]
scw/0882/088200180010.001/swg.fits[1]
scw/0882/088200190010.001/swg.fits[1]
scw/0882/088200210010.001/swg.fits[1]
scw/0882/088200220010.001/swg.fits[1]
scw/0882/088200230010.001/swg.fits[1]
scw/0882/088200240010.001/swg.fits[1]
scw/0882/088200250010.001/swg.fits[1]
scw/0882/088200290010.001/swg.fits[1]
scw/0882/088200300010.001/swg.fits[1]
scw/0882/088200310010.001/swg.fits[1]
scw/0882/088200320010.001/swg.fits[1]
scw/0882/088200330010.001/swg.fits[1]
scw/0882/088200340010.001/swg.fits[1]
scw/0882/088200390010.001/swg.fits[1]
scw/0882/088200400010.001/swg.fits[1]
scw/0882/088200420010.001/swg.fits[1]
scw/0882/088200430010.001/swg.fits[1]
scw/0882/088200440010.001/swg.fits[1]
scw/0882/088200490010.001/swg.fits[1]
scw/0882/088200500010.001/swg.fits[1]
scw/0882/088200510010.001/swg.fits[1]
scw/0882/088200520010.001/swg.fits[1]
scw/0882/088200530010.001/swg.fits[1]
scw/0882/088200540010.001/swg.fits[1]
scw/0912/091200270010.001/swg.fits[1]
scw/0912/091200280010.001/swg.fits[1]
scw/0912/091200290010.001/swg.fits[1]
scw/0912/091200300010.001/swg.fits[1]
scw/0912/091200310010.001/swg.fits[1]
scw/0912/091200320010.001/swg.fits[1]
scw/0912/091200330010.001/swg.fits[1]
scw/0912/091200340010.001/swg.fits[1]
scw/0912/091200350010.001/swg.fits[1]
scw/0912/091200360010.001/swg.fits[1]
scw/0913/091300030010.001/swg.fits[1]
scw/0913/091300040010.001/swg.fits[1]
scw/0913/091300080010.001/swg.fits[1]
scw/0913/091300090010.001/swg.fits[1]
scw/0913/091300100010.001/swg.fits[1]
scw/0913/091300110010.001/swg.fits[1]
scw/0913/091300120010.001/swg.fits[1]
scw/0913/091300130010.001/swg.fits[1]
scw/0913/091300140010.001/swg.fits[1]
scw/0913/091300150010.001/swg.fits[1]
scw/0913/091300160010.001/swg.fits[1]
scw/0913/091300170010.001/swg.fits[1]
scw/0913/091300180010.001/swg.fits[1]
scw/0913/091300190010.001/swg.fits[1]
scw/0913/091300200010.001/swg.fits[1]
scw/0913/091300210010.001/swg.fits[1]
scw/0913/091300220010.001/swg.fits[1]
scw/0913/091300230010.001/swg.fits[1]
scw/0913/091300240010.001/swg.fits[1]
scw/0913/091300250010.001/swg.fits[1]
scw/0913/091300260010.001/swg.fits[1]
scw/0913/091300270010.001/swg.fits[1]
scw/0913/091300280010.001/swg.fits[1]
scw/0913/091300290010.001/swg.fits[1]
scw/0913/091300300010.001/swg.fits[1]
scw/0913/091300310010.001/swg.fits[1]
scw/0913/091300320010.001/swg.fits[1]
scw/0913/091300330010.001/swg.fits[1]
scw/0913/091300340010.001/swg.fits[1]
scw/0913/091300350010.001/swg.fits[1]
scw/0913/091300360010.001/swg.fits[1]
scw/0914/091400240010.001/swg.fits[1]
scw/0914/091400290010.001/swg.fits[1]
scw/0914/091400300010.001/swg.fits[1]
scw/0914/091400310010.001/swg.fits[1]
scw/0914/091400320010.001/swg.fits[1]
scw/0914/091400330010.001/swg.fits[1]
scw/0914/091400340010.001/swg.fits[1]
scw/0914/091400350010.001/swg.fits[1]
scw/0914/091400360010.001/swg.fits[1]
scw/0914/091400370010.001/swg.fits[1]
scw/0914/091400380010.001/swg.fits[1]
scw/0914/091400390010.001/swg.fits[1]
scw/0914/091400400010.001/swg.fits[1]
scw/0914/091400410010.001/swg.fits[1]
scw/0914/091400420010.001/swg.fits[1]
scw/0914/091400430010.001/swg.fits[1]
scw/0914/091400440010.001/swg.fits[1]
scw/0914/091400450010.001/swg.fits[1]
scw/0914/091400460010.001/swg.fits[1]
scw/0914/091400470010.001/swg.fits[1]
scw/0914/091400480010.001/swg.fits[1]
scw/0914/091400490010.001/swg.fits[1]
scw/0914/091400510010.001/swg.fits[1]
scw/0914/091400520010.001/swg.fits[1]
scw/0914/091400530010.001/swg.fits[1]
scw/0914/091400540010.001/swg.fits[1]
scw/0914/091400550010.001/swg.fits[1]
scw/0914/091400560010.001/swg.fits[1]
scw/0915/091500330010.001/swg.fits[1]
scw/0915/091500340010.001/swg.fits[1]
scw/0915/091500350010.001/swg.fits[1]
scw/0915/091500380010.001/swg.fits[1]
scw/0915/091500390010.001/swg.fits[1]
scw/0915/091500400010.001/swg.fits[1]
scw/0915/091500410010.001/swg.fits[1]
scw/0915/091500420010.001/swg.fits[1]
scw/0915/091500430010.001/swg.fits[1]
scw/0915/091500440010.001/swg.fits[1]
scw/0915/091500450010.001/swg.fits[1]
scw/0915/091500460010.001/swg.fits[1]
scw/0915/091500470010.001/swg.fits[1]
scw/0915/091500480010.001/swg.fits[1]
scw/0915/091500490010.001/swg.fits[1]
scw/0915/091500500010.001/swg.fits[1]
scw/0915/091500510010.001/swg.fits[1]
scw/0915/091500520010.001/swg.fits[1]
scw/0915/091500530010.001/swg.fits[1]
scw/0915/091500530020.001/swg.fits[1]
scw/0976/097600220010.001/swg.fits[1]
scw/0976/097600230010.001/swg.fits[1]
scw/0976/097600270010.001/swg.fits[1]
scw/0976/097600280010.001/swg.fits[1]
scw/0976/097600290010.001/swg.fits[1]
scw/0976/097600300010.001/swg.fits[1]
scw/0976/097600310010.001/swg.fits[1]
scw/0976/097600320010.001/swg.fits[1]
scw/0976/097600330010.001/swg.fits[1]
scw/0976/097600340010.001/swg.fits[1]
scw/0976/097600350010.001/swg.fits[1]
scw/0976/097600360010.001/swg.fits[1]
scw/0976/097600370010.001/swg.fits[1]
scw/0976/097600380010.001/swg.fits[1]
scw/0976/097600390010.001/swg.fits[1]
scw/0976/097600400010.001/swg.fits[1]
scw/0976/097600410010.001/swg.fits[1]
scw/0976/097600420010.001/swg.fits[1]
scw/0976/097600430010.001/swg.fits[1]
scw/0976/097600440010.001/swg.fits[1]
scw/0976/097600450010.001/swg.fits[1]
scw/0976/097600460010.001/swg.fits[1]
scw/0976/097600470010.001/swg.fits[1]
scw/0976/097600480010.001/swg.fits[1]
scw/0976/097600490010.001/swg.fits[1]
scw/0976/097600500010.001/swg.fits[1]
scw/0976/097600510010.001/swg.fits[1]
scw/0976/097600520010.001/swg.fits[1]
scw/0976/097600530010.001/swg.fits[1]
scw/0976/097600540010.001/swg.fits[1]
scw/0976/097600550010.001/swg.fits[1]
scw/0976/097600560010.001/swg.fits[1]
scw/0976/097600610010.001/swg.fits[1]
scw/1050/105000900010.001/swg.fits[1]
scw/1051/105100810010.001/swg.fits[1]
scw/1051/105100830010.001/swg.fits[1]
scw/1051/105100850010.001/swg.fits[1]
scw/1051/105100950010.001/swg.fits[1]
scw/1051/105100970010.001/swg.fits[1]
scw/1051/105100990010.001/swg.fits[1]
scw/1053/105300550010.001/swg.fits[1]
scw/1053/105300560010.001/swg.fits[1]
scw/1053/105300570010.001/swg.fits[1]
scw/1053/105300670010.001/swg.fits[1]
scw/1053/105300680010.001/swg.fits[1]
scw/1053/105300690010.001/swg.fits[1]
scw/1054/105400570010.001/swg.fits[1]
scw/1054/105400580010.001/swg.fits[1]
scw/1055/105500590010.001/swg.fits[1]
scw/1055/105500600010.001/swg.fits[1]
scw/1055/105500690010.001/swg.fits[1]
scw/1055/105500700010.001/swg.fits[1]
scw/1056/105600860010.001/swg.fits[1]
scw/1058/105800590010.001/swg.fits[1]
scw/1058/105800600010.001/swg.fits[1]
scw/1058/105800670010.001/swg.fits[1]
scw/1058/105800680010.001/swg.fits[1]
scw/1114/111400650010.001/swg.fits[1]
scw/1114/111400660010.001/swg.fits[1]
scw/1114/111400670010.001/swg.fits[1]
scw/1114/111400680010.001/swg.fits[1]
scw/1115/111500630010.001/swg.fits[1]
scw/1115/111500680010.001/swg.fits[1]
scw/1115/111500690010.001/swg.fits[1]
scw/1116/111600330010.001/swg.fits[1]
scw/1116/111600340010.001/swg.fits[1]
scw/1116/111600350010.001/swg.fits[1]
scw/1126/112600520010.001/swg.fits[1]
scw/1126/112600530010.001/swg.fits[1]
scw/1126/112600540010.001/swg.fits[1]
scw/1133/113300840010.001/swg.fits[1]
