scw/0437/043700630010.001/swg.fits[1]
scw/0437/043700640010.001/swg.fits[1]
scw/0437/043700650010.001/swg.fits[1]
scw/0437/043700660010.001/swg.fits[1]
scw/0437/043700690010.001/swg.fits[1]
scw/0437/043700700010.001/swg.fits[1]
scw/0437/043700710010.001/swg.fits[1]
scw/0437/043700720010.001/swg.fits[1]
scw/0437/043700730010.001/swg.fits[1]
scw/0437/043700740010.001/swg.fits[1]
scw/0437/043700750010.001/swg.fits[1]
scw/0437/043700790010.001/swg.fits[1]
scw/0437/043700800010.001/swg.fits[1]
scw/0437/043700810010.001/swg.fits[1]
scw/0437/043700820010.001/swg.fits[1]
scw/0437/043700830010.001/swg.fits[1]
scw/0437/043700840010.001/swg.fits[1]
scw/0437/043700850010.001/swg.fits[1]
scw/0437/043700860010.001/swg.fits[1]
scw/0438/043800040010.001/swg.fits[1]
scw/0438/043800050010.001/swg.fits[1]
scw/0438/043800060010.001/swg.fits[1]
scw/0438/043800070010.001/swg.fits[1]
scw/0438/043800080010.001/swg.fits[1]
scw/0438/043800140010.001/swg.fits[1]
scw/0438/043800150010.001/swg.fits[1]
scw/0438/043800160010.001/swg.fits[1]
scw/0438/043800170010.001/swg.fits[1]
scw/0438/043800180010.001/swg.fits[1]
scw/0438/043800190010.001/swg.fits[1]
scw/0438/043800200010.001/swg.fits[1]
scw/0438/043800230010.001/swg.fits[1]
scw/0438/043800240010.001/swg.fits[1]
scw/0438/043800250010.001/swg.fits[1]
scw/0438/043800260010.001/swg.fits[1]
scw/0438/043800270010.001/swg.fits[1]
scw/0438/043800280010.001/swg.fits[1]
scw/0438/043800290010.001/swg.fits[1]
scw/0438/043800300010.001/swg.fits[1]
scw/0438/043800310010.001/swg.fits[1]
scw/0439/043900020010.001/swg.fits[1]
scw/0439/043900030010.001/swg.fits[1]
scw/0439/043900040010.001/swg.fits[1]
scw/0439/043900050010.001/swg.fits[1]
scw/0439/043900060010.001/swg.fits[1]
scw/0439/043900070010.001/swg.fits[1]
scw/0439/043900080010.001/swg.fits[1]
scw/0439/043900120010.001/swg.fits[1]
scw/0439/043900130010.001/swg.fits[1]
scw/0439/043900140010.001/swg.fits[1]
scw/0439/043900150010.001/swg.fits[1]
scw/0439/043900160010.001/swg.fits[1]
scw/0439/043900170010.001/swg.fits[1]
scw/0439/043900180010.001/swg.fits[1]
scw/0439/043900190010.001/swg.fits[1]
scw/0439/043900220010.001/swg.fits[1]
scw/0439/043900230010.001/swg.fits[1]
scw/0439/043900240010.001/swg.fits[1]
scw/0439/043900250010.001/swg.fits[1]
scw/0439/043900260010.001/swg.fits[1]
scw/0439/043900270010.001/swg.fits[1]
scw/0439/043900280010.001/swg.fits[1]
scw/0439/043900330010.001/swg.fits[1]
scw/0439/043900340010.001/swg.fits[1]
scw/0439/043900350010.001/swg.fits[1]
scw/0439/043900360010.001/swg.fits[1]
scw/0439/043900370010.001/swg.fits[1]
scw/0439/043900380010.001/swg.fits[1]
scw/0439/043900390010.001/swg.fits[1]
scw/0439/043900420010.001/swg.fits[1]
scw/0439/043900430010.001/swg.fits[1]
scw/0439/043900440010.001/swg.fits[1]
scw/0439/043900460010.001/swg.fits[1]
scw/0439/043900470010.001/swg.fits[1]
scw/0439/043900480010.001/swg.fits[1]
scw/0439/043900490010.001/swg.fits[1]
scw/0439/043900500010.001/swg.fits[1]
scw/0439/043900530010.001/swg.fits[1]
scw/0439/043900540010.001/swg.fits[1]
scw/0439/043900550010.001/swg.fits[1]
scw/0439/043900560010.001/swg.fits[1]
scw/0439/043900570010.001/swg.fits[1]
scw/0439/043900580010.001/swg.fits[1]
scw/0439/043900590010.001/swg.fits[1]
