scw/1620/162000320010.001/swg.fits[1]
scw/1620/162000330010.001/swg.fits[1]
scw/1620/162000460010.001/swg.fits[1]
scw/1620/162000470010.001/swg.fits[1]
scw/1621/162100070010.001/swg.fits[1]
scw/1621/162100080010.001/swg.fits[1]
scw/1621/162100090010.001/swg.fits[1]
scw/1621/162100140010.001/swg.fits[1]
scw/1621/162100150010.001/swg.fits[1]
scw/1621/162100160010.001/swg.fits[1]
scw/1625/162500360010.001/swg.fits[1]
scw/1625/162500370010.001/swg.fits[1]
scw/1625/162500380010.001/swg.fits[1]
scw/1625/162500430010.001/swg.fits[1]
scw/1625/162500440010.001/swg.fits[1]
scw/2006/200600280010.001/swg.fits[1]
scw/2030/203000410010.001/swg.fits[1]
scw/2031/203100420010.001/swg.fits[1]
scw/2042/204200040010.001/swg.fits[1]
scw/2042/204200050010.001/swg.fits[1]
scw/2042/204200060010.001/swg.fits[1]
