scw/2247/224700660010.001/swg.fits[1]
scw/2247/224700670010.001/swg.fits[1]
scw/2247/224700680010.001/swg.fits[1]
scw/2247/224700690010.001/swg.fits[1]
scw/2247/224700690020.001/swg.fits[1]
scw/2249/224900450010.001/swg.fits[1]
scw/2249/224900460010.001/swg.fits[1]
scw/2249/224900470010.001/swg.fits[1]
scw/2249/224900480010.001/swg.fits[1]
scw/2249/224900490010.001/swg.fits[1]
scw/2249/224900500010.001/swg.fits[1]
scw/2249/224900510010.001/swg.fits[1]
scw/2249/224900520010.001/swg.fits[1]
scw/2249/224900530010.001/swg.fits[1]
scw/2249/224900540010.001/swg.fits[1]
scw/2249/224900550010.001/swg.fits[1]
scw/2249/224900560010.001/swg.fits[1]
scw/2249/224900570010.001/swg.fits[1]
scw/2249/224900580010.001/swg.fits[1]
scw/2249/224900590010.001/swg.fits[1]
scw/2249/224900600010.001/swg.fits[1]
scw/2249/224900610010.001/swg.fits[1]
scw/2252/225200040010.001/swg.fits[1]
scw/2252/225200050010.001/swg.fits[1]
scw/2252/225200060010.001/swg.fits[1]
scw/2252/225200070010.001/swg.fits[1]
scw/2252/225200080010.001/swg.fits[1]
scw/2252/225200090010.001/swg.fits[1]
scw/2252/225200100010.001/swg.fits[1]
scw/2252/225200110010.001/swg.fits[1]
scw/2252/225200120010.001/swg.fits[1]
scw/2252/225200130010.001/swg.fits[1]
scw/2252/225200140010.001/swg.fits[1]
scw/2252/225200150010.001/swg.fits[1]
scw/2252/225200160010.001/swg.fits[1]
scw/2252/225200170010.001/swg.fits[1]
scw/2253/225300440010.001/swg.fits[1]
scw/2253/225300450010.001/swg.fits[1]
scw/2253/225300460010.001/swg.fits[1]
scw/2253/225300470010.001/swg.fits[1]
scw/2253/225300480010.001/swg.fits[1]
scw/2253/225300490010.001/swg.fits[1]
scw/2253/225300500010.001/swg.fits[1]
scw/2253/225300510010.001/swg.fits[1]
scw/2253/225300520010.001/swg.fits[1]
scw/2253/225300530010.001/swg.fits[1]
scw/2253/225300540010.001/swg.fits[1]
scw/2253/225300550010.001/swg.fits[1]
scw/2253/225300560010.001/swg.fits[1]
scw/2253/225300570010.001/swg.fits[1]
scw/2253/225300580010.001/swg.fits[1]
scw/2253/225300590010.001/swg.fits[1]
scw/2253/225300600010.001/swg.fits[1]
scw/2253/225300610010.001/swg.fits[1]
scw/2253/225300620010.001/swg.fits[1]
scw/2253/225300630010.001/swg.fits[1]
scw/2253/225300640010.001/swg.fits[1]
scw/2253/225300650010.001/swg.fits[1]
scw/2253/225300660010.001/swg.fits[1]
scw/2254/225400020010.001/swg.fits[1]
scw/2254/225400030010.001/swg.fits[1]
scw/2254/225400040010.001/swg.fits[1]
scw/2254/225400050010.001/swg.fits[1]
scw/2254/225400060010.001/swg.fits[1]
scw/2254/225400070010.001/swg.fits[1]
scw/2254/225400080010.001/swg.fits[1]
scw/2254/225400090010.001/swg.fits[1]
scw/2254/225400100010.001/swg.fits[1]
scw/2254/225400110010.001/swg.fits[1]
scw/2254/225400120010.001/swg.fits[1]
scw/2254/225400130010.001/swg.fits[1]
scw/2254/225400140010.001/swg.fits[1]
scw/2254/225400150010.001/swg.fits[1]
scw/2254/225400160010.001/swg.fits[1]
scw/2254/225400180010.001/swg.fits[1]
scw/2254/225400190010.001/swg.fits[1]
scw/2254/225400200010.001/swg.fits[1]
scw/2254/225400210010.001/swg.fits[1]
scw/2254/225400230010.001/swg.fits[1]
scw/2254/225400240010.001/swg.fits[1]
scw/2254/225400250010.001/swg.fits[1]
scw/2254/225400260010.001/swg.fits[1]
scw/2254/225400270010.001/swg.fits[1]
scw/2254/225400280010.001/swg.fits[1]
