scw/0915/091500420010.001/swg.fits[1]
scw/0915/091500430010.001/swg.fits[1]
scw/0915/091500440010.001/swg.fits[1]
scw/0915/091500450010.001/swg.fits[1]
scw/0915/091500460010.001/swg.fits[1]
scw/0915/091500470010.001/swg.fits[1]
scw/0915/091500480010.001/swg.fits[1]
scw/0915/091500490010.001/swg.fits[1]
scw/0915/091500500010.001/swg.fits[1]
scw/0915/091500510010.001/swg.fits[1]
scw/0915/091500520010.001/swg.fits[1]
scw/0915/091500530010.001/swg.fits[1]
scw/0915/091500530020.001/swg.fits[1]
scw/0976/097600220010.001/swg.fits[1]
scw/0976/097600230010.001/swg.fits[1]
scw/0976/097600270010.001/swg.fits[1]
scw/0976/097600280010.001/swg.fits[1]
scw/0976/097600290010.001/swg.fits[1]
scw/0976/097600300010.001/swg.fits[1]
scw/0976/097600310010.001/swg.fits[1]
scw/0976/097600320010.001/swg.fits[1]
