scw/2043/204300400010.001/swg.fits[1]
scw/2043/204300410010.001/swg.fits[1]
scw/2043/204300420010.001/swg.fits[1]
scw/2043/204300430010.001/swg.fits[1]
scw/2043/204300440010.001/swg.fits[1]
scw/2043/204300450010.001/swg.fits[1]
scw/2043/204300460010.001/swg.fits[1]
scw/2043/204300470010.001/swg.fits[1]
scw/2043/204300490010.001/swg.fits[1]
scw/2043/204300500010.001/swg.fits[1]
scw/2043/204300510010.001/swg.fits[1]
scw/2043/204300520010.001/swg.fits[1]
scw/2043/204300530010.001/swg.fits[1]
scw/2043/204300540010.001/swg.fits[1]
scw/2043/204300540020.001/swg.fits[1]
scw/2044/204400020010.001/swg.fits[1]
scw/2044/204400030010.001/swg.fits[1]
scw/2044/204400040010.001/swg.fits[1]
scw/2044/204400050010.001/swg.fits[1]
scw/2044/204400060010.001/swg.fits[1]
scw/2044/204400070010.001/swg.fits[1]
