scw/2371/237100670010.001/swg.fits[1]
scw/2371/237100680010.001/swg.fits[1]
scw/2371/237100690010.001/swg.fits[1]
scw/2371/237100700010.001/swg.fits[1]
scw/2371/237100710010.001/swg.fits[1]
scw/2371/237100760010.001/swg.fits[1]
scw/2371/237100770010.001/swg.fits[1]
scw/2377/237700760010.001/swg.fits[1]
scw/2377/237700770010.001/swg.fits[1]
scw/2377/237700780010.001/swg.fits[1]
scw/2377/237700790010.001/swg.fits[1]
scw/2377/237700800010.001/swg.fits[1]
scw/2378/237800430010.001/swg.fits[1]
scw/2378/237800480010.001/swg.fits[1]
scw/2378/237800510010.001/swg.fits[1]
scw/2378/237800520010.001/swg.fits[1]
scw/2378/237800530010.001/swg.fits[1]
scw/2378/237800540010.001/swg.fits[1]
scw/2378/237800550010.001/swg.fits[1]
scw/2378/237800560010.001/swg.fits[1]
scw/2378/237800570010.001/swg.fits[1]
