scw/1055/105500690010.001/swg.fits[1]
scw/1055/105500700010.001/swg.fits[1]
scw/1056/105600860010.001/swg.fits[1]
scw/1058/105800590010.001/swg.fits[1]
scw/1058/105800600010.001/swg.fits[1]
scw/1058/105800670010.001/swg.fits[1]
scw/1058/105800680010.001/swg.fits[1]
scw/1114/111400650010.001/swg.fits[1]
scw/1114/111400660010.001/swg.fits[1]
scw/1114/111400670010.001/swg.fits[1]
scw/1114/111400680010.001/swg.fits[1]
scw/1115/111500630010.001/swg.fits[1]
scw/1115/111500680010.001/swg.fits[1]
scw/1115/111500690010.001/swg.fits[1]
scw/1116/111600330010.001/swg.fits[1]
scw/1116/111600340010.001/swg.fits[1]
scw/1116/111600350010.001/swg.fits[1]
scw/1126/112600520010.001/swg.fits[1]
scw/1126/112600530010.001/swg.fits[1]
scw/1126/112600540010.001/swg.fits[1]
scw/1133/113300840010.001/swg.fits[1]
