scw/0377/037700110010.001/swg.fits[1]
scw/0377/037700120010.001/swg.fits[1]
scw/0377/037700160010.001/swg.fits[1]
scw/0377/037700170010.001/swg.fits[1]
scw/0377/037700180010.001/swg.fits[1]
scw/0377/037700190010.001/swg.fits[1]
scw/0377/037700200010.001/swg.fits[1]
scw/0377/037700210010.001/swg.fits[1]
scw/0377/037700220010.001/swg.fits[1]
scw/0377/037700230010.001/swg.fits[1]
scw/0377/037700240010.001/swg.fits[1]
scw/0377/037700260010.001/swg.fits[1]
scw/0377/037700270010.001/swg.fits[1]
scw/0377/037700280010.001/swg.fits[1]
scw/0377/037700290010.001/swg.fits[1]
scw/0377/037700300010.001/swg.fits[1]
scw/0377/037700310010.001/swg.fits[1]
scw/0377/037700320010.001/swg.fits[1]
scw/0377/037700370010.001/swg.fits[1]
scw/0377/037700380010.001/swg.fits[1]
scw/0377/037700390010.001/swg.fits[1]
