Checking completion status for isgri
 - Counting successfully completed ...
 - Counting failed ...
 - Results:
 - 398471 scw processed
 - 398471 scw terminating with status = 0
 - 0 scw terminating with status != 0
Checking completion status for jmx1
 - Counting successfully completed ...
 - Counting failed ...
 - Results:
 - 0 scw processed
 - 0 scw terminating with status = 0
 - 0 scw terminating with status != 0
Checking completion status for jmx2
 - Counting successfully completed ...
 - Counting failed ...
 - Results:
 - 30653 scw processed
 - 30653 scw terminating with status = 0
 - 0 scw terminating with status != 0
Checking completion status for spi
 - Counting successfully completed ...
 - Counting failed ...
 - Results:
 - 0 scw processed
 - 0 scw terminating with status = 0
 - 0 scw terminating with status != 0
