scw/0038/003800470010.001/swg.fits[1]
scw/0038/003800470020.001/swg.fits[1]
scw/0038/003800480010.001/swg.fits[1]
scw/0038/003800480020.001/swg.fits[1]
scw/0038/003800650040.001/swg.fits[1]
scw/0038/003800650050.001/swg.fits[1]
scw/0038/003800650060.001/swg.fits[1]
scw/0066/006600100010.001/swg.fits[1]
scw/0086/008600130010.001/swg.fits[1]
scw/0146/014600140010.001/swg.fits[1]
scw/0186/018600840010.001/swg.fits[1]
scw/0203/020300050010.001/swg.fits[1]
scw/0256/025600090010.001/swg.fits[1]
scw/0268/026800020010.001/swg.fits[1]
scw/0280/028000030010.001/swg.fits[1]
scw/0283/028300020010.001/swg.fits[1]
scw/0300/030000500010.001/swg.fits[1]
scw/0300/030000500020.001/swg.fits[1]
scw/0301/030100050010.001/swg.fits[1]
scw/0327/032700010010.001/swg.fits[1]
scw/0380/038000080010.001/swg.fits[1]
scw/0387/038700090010.001/swg.fits[1]
scw/0398/039800040010.001/swg.fits[1]
scw/0400/040000020010.001/swg.fits[1]
scw/0444/044400050010.001/swg.fits[1]
scw/0463/046300250010.001/swg.fits[1]
scw/0494/049400500010.001/swg.fits[1]
scw/0549/054900220010.001/swg.fits[1]
scw/0549/054900310010.001/swg.fits[1]
scw/0550/055000250010.001/swg.fits[1]
scw/0550/055000660010.001/swg.fits[1]
scw/0552/055200320010.001/swg.fits[1]
scw/0558/055800090010.001/swg.fits[1]
scw/0558/055800160010.001/swg.fits[1]
scw/0913/091300430010.001/swg.fits[1]
scw/0915/091500230010.001/swg.fits[1]
scw/0991/099100810010.001/swg.fits[1]
scw/0993/099300830010.001/swg.fits[1]
scw/1051/105101030010.001/swg.fits[1]
scw/1053/105300590010.001/swg.fits[1]
scw/1055/105500620010.001/swg.fits[1]
scw/1058/105800620010.001/swg.fits[1]
scw/1114/111400630010.001/swg.fits[1]
scw/1116/111600370010.001/swg.fits[1]
scw/1129/112900230010.001/swg.fits[1]
scw/1172/117200340010.001/swg.fits[1]
scw/1182/118200690010.001/swg.fits[1]
scw/1186/118600560010.001/swg.fits[1]
scw/1192/119200290010.001/swg.fits[1]
scw/1233/123300630010.001/swg.fits[1]
scw/1306/130600580010.001/swg.fits[1]
scw/1306/130600670010.001/swg.fits[1]
scw/1317/131700480010.001/swg.fits[1]
scw/1373/137300040010.001/swg.fits[1]
scw/1472/147200120010.001/swg.fits[1]
scw/1472/147200290010.001/swg.fits[1]
scw/1479/147900310010.001/swg.fits[1]
scw/1479/147900320010.001/swg.fits[1]
scw/1979/197900020010.001/swg.fits[1]
scw/2126/212600020010.001/swg.fits[1]
scw/2187/218700020010.001/swg.fits[1]
scw/2199/219900280010.001/swg.fits[1]
scw/2261/226100620010.001/swg.fits[1]
scw/2262/226200470010.001/swg.fits[1]
scw/2262/226200480010.001/swg.fits[1]
scw/2262/226200490010.001/swg.fits[1]
scw/2262/226200500010.001/swg.fits[1]
scw/2262/226200510010.001/swg.fits[1]
scw/2262/226200520010.001/swg.fits[1]
scw/2262/226200530010.001/swg.fits[1]
scw/2262/226200540010.001/swg.fits[1]
scw/2262/226200550010.001/swg.fits[1]
scw/2262/226200560010.001/swg.fits[1]
scw/2262/226200570010.001/swg.fits[1]
scw/2262/226200580010.001/swg.fits[1]
scw/2262/226200590010.001/swg.fits[1]
scw/2262/226200600010.001/swg.fits[1]
scw/2262/226200610010.001/swg.fits[1]
scw/2262/226200620010.001/swg.fits[1]
scw/2262/226200630010.001/swg.fits[1]
scw/2262/226200640010.001/swg.fits[1]
scw/2262/226200650010.001/swg.fits[1]
scw/2262/226200660010.001/swg.fits[1]
scw/2262/226200670010.001/swg.fits[1]
scw/2262/226200680010.001/swg.fits[1]
scw/2262/226200690010.001/swg.fits[1]
scw/2262/226200700010.001/swg.fits[1]
scw/2262/226200710010.001/swg.fits[1]
scw/2262/226200720010.001/swg.fits[1]
scw/2263/226300490010.001/swg.fits[1]
scw/2263/226300500010.001/swg.fits[1]
scw/2263/226300510010.001/swg.fits[1]
scw/2263/226300520010.001/swg.fits[1]
scw/2263/226300530010.001/swg.fits[1]
scw/2263/226300540010.001/swg.fits[1]
scw/2263/226300550010.001/swg.fits[1]
scw/2263/226300560010.001/swg.fits[1]
scw/2263/226300570010.001/swg.fits[1]
scw/2263/226300580010.001/swg.fits[1]
scw/2263/226300590010.001/swg.fits[1]
scw/2263/226300600010.001/swg.fits[1]
scw/2263/226300610010.001/swg.fits[1]
scw/2263/226300620010.001/swg.fits[1]
scw/2263/226300630010.001/swg.fits[1]
scw/2263/226300640010.001/swg.fits[1]
scw/2263/226300650010.001/swg.fits[1]
scw/2263/226300660010.001/swg.fits[1]
scw/2263/226300670010.001/swg.fits[1]
scw/2263/226300680010.001/swg.fits[1]
scw/2263/226300690010.001/swg.fits[1]
scw/2263/226300700010.001/swg.fits[1]
scw/2263/226300710010.001/swg.fits[1]
scw/2263/226300730010.001/swg.fits[1]
scw/2263/226300740010.001/swg.fits[1]
scw/2265/226500340010.001/swg.fits[1]
scw/2266/226600360010.001/swg.fits[1]
scw/2267/226700380010.001/swg.fits[1]
scw/2272/227200520010.001/swg.fits[1]
scw/2276/227600500010.001/swg.fits[1]
scw/2280/228000300010.001/swg.fits[1]
scw/2284/228400040010.001/swg.fits[1]
scw/2284/228400600010.001/swg.fits[1]
scw/2309/230900020010.001/swg.fits[1]
scw/2326/232600530010.001/swg.fits[1]
scw/2328/232800670010.001/swg.fits[1]
scw/2339/233900290010.001/swg.fits[1]
scw/2340/234000400010.001/swg.fits[1]
scw/2341/234100270010.001/swg.fits[1]
scw/2343/234300280010.001/swg.fits[1]
scw/2345/234500410010.001/swg.fits[1]
scw/2347/234700020010.001/swg.fits[1]
scw/2370/237000020010.001/swg.fits[1]
scw/2399/239900020010.001/swg.fits[1]
scw/2400/240000310010.001/swg.fits[1]
scw/2405/240500660010.001/swg.fits[1]
scw/2407/240700290010.001/swg.fits[1]
scw/2422/242200550010.001/swg.fits[1]
scw/2423/242300280010.001/swg.fits[1]
scw/2430/243000380010.001/swg.fits[1]
scw/2434/243400550010.001/swg.fits[1]
scw/2437/243700540010.001/swg.fits[1]
scw/2437/243700800010.001/swg.fits[1]
scw/2463/246300410010.001/swg.fits[1]
scw/2503/250300550010.001/swg.fits[1]
scw/2508/250800220010.001/swg.fits[1]
scw/2508/250800630010.001/swg.fits[1]
scw/2510/251000220010.001/swg.fits[1]
scw/2511/251100700010.001/swg.fits[1]
scw/2515/251500330010.001/swg.fits[1]
