scw/0036/003600330010.001/swg.fits[1]
scw/0036/003600410010.001/swg.fits[1]
scw/0036/003600490010.001/swg.fits[1]
scw/0036/003600810010.001/swg.fits[1]
scw/0036/003600890010.001/swg.fits[1]
scw/0071/007100180010.001/swg.fits[1]
scw/0071/007100500010.001/swg.fits[1]
scw/0071/007100580010.001/swg.fits[1]
scw/0071/007100660010.001/swg.fits[1]
scw/0072/007200060010.001/swg.fits[1]
scw/0072/007200140010.001/swg.fits[1]
scw/0072/007200220010.001/swg.fits[1]
scw/0072/007200540010.001/swg.fits[1]
scw/0072/007200620010.001/swg.fits[1]
scw/0072/007200630010.001/swg.fits[1]
scw/0204/020400070010.001/swg.fits[1]
scw/0204/020400080010.001/swg.fits[1]
scw/0204/020400480010.001/swg.fits[1]
scw/0204/020400490010.001/swg.fits[1]
scw/0204/020400550010.001/swg.fits[1]
scw/0204/020400560010.001/swg.fits[1]
scw/0274/027400400010.001/swg.fits[1]
scw/0274/027400410010.001/swg.fits[1]
scw/0274/027400420010.001/swg.fits[1]
scw/0275/027500500010.001/swg.fits[1]
scw/0275/027500510010.001/swg.fits[1]
scw/0317/031700150010.001/swg.fits[1]
scw/0317/031700230010.001/swg.fits[1]
scw/0317/031700240010.001/swg.fits[1]
scw/0317/031700640010.001/swg.fits[1]
scw/0318/031800040010.001/swg.fits[1]
scw/0318/031800050010.001/swg.fits[1]
scw/0318/031800440010.001/swg.fits[1]
scw/0318/031800450010.001/swg.fits[1]
scw/0318/031800460010.001/swg.fits[1]
scw/0318/031800540010.001/swg.fits[1]
scw/0318/031800550010.001/swg.fits[1]
scw/0324/032400240010.001/swg.fits[1]
scw/0325/032500080010.001/swg.fits[1]
scw/0704/070400020010.001/swg.fits[1]
scw/0713/071300020010.001/swg.fits[1]
scw/0889/088900650010.001/swg.fits[1]
scw/0889/088900670010.001/swg.fits[1]
scw/0889/088900680010.001/swg.fits[1]
scw/0889/088900690010.001/swg.fits[1]
scw/0889/088900700010.001/swg.fits[1]
scw/0889/088900710010.001/swg.fits[1]
scw/0889/088900720010.001/swg.fits[1]
scw/0889/088900730010.001/swg.fits[1]
scw/0889/088900740010.001/swg.fits[1]
scw/0889/088900750010.001/swg.fits[1]
scw/0890/089000260010.001/swg.fits[1]
scw/0890/089000270010.001/swg.fits[1]
scw/0890/089000280010.001/swg.fits[1]
scw/0890/089000290010.001/swg.fits[1]
scw/0890/089000300010.001/swg.fits[1]
scw/0890/089000310010.001/swg.fits[1]
scw/0890/089000320010.001/swg.fits[1]
scw/0890/089000330010.001/swg.fits[1]
scw/0890/089000340010.001/swg.fits[1]
scw/0890/089000350010.001/swg.fits[1]
scw/0890/089000400010.001/swg.fits[1]
scw/0890/089000410010.001/swg.fits[1]
scw/0890/089000420010.001/swg.fits[1]
scw/0890/089000430010.001/swg.fits[1]
scw/0890/089000440010.001/swg.fits[1]
scw/0890/089000450010.001/swg.fits[1]
scw/0890/089000460010.001/swg.fits[1]
scw/0890/089000470010.001/swg.fits[1]
scw/0890/089000480010.001/swg.fits[1]
scw/0890/089000490010.001/swg.fits[1]
scw/0950/095000270010.001/swg.fits[1]
scw/0950/095000280010.001/swg.fits[1]
scw/0950/095000290010.001/swg.fits[1]
scw/0950/095000300010.001/swg.fits[1]
scw/0950/095000310010.001/swg.fits[1]
scw/0950/095000320010.001/swg.fits[1]
scw/0950/095000330010.001/swg.fits[1]
scw/0950/095000340010.001/swg.fits[1]
scw/0950/095000350010.001/swg.fits[1]
scw/0950/095000360010.001/swg.fits[1]
scw/0950/095000650010.001/swg.fits[1]
scw/0950/095000660010.001/swg.fits[1]
scw/0950/095000670010.001/swg.fits[1]
scw/0950/095000680010.001/swg.fits[1]
scw/0950/095000690010.001/swg.fits[1]
scw/0950/095000700010.001/swg.fits[1]
scw/0950/095000710010.001/swg.fits[1]
scw/0950/095000720010.001/swg.fits[1]
scw/0950/095000730010.001/swg.fits[1]
scw/0950/095000740010.001/swg.fits[1]
scw/0952/095200370010.001/swg.fits[1]
scw/0952/095200390010.001/swg.fits[1]
scw/0952/095200400010.001/swg.fits[1]
scw/0952/095200410010.001/swg.fits[1]
scw/0952/095200420010.001/swg.fits[1]
scw/0952/095200430010.001/swg.fits[1]
scw/0952/095200440010.001/swg.fits[1]
scw/0952/095200450010.001/swg.fits[1]
scw/0952/095200460010.001/swg.fits[1]
scw/0952/095200480010.001/swg.fits[1]
scw/1012/101200270010.001/swg.fits[1]
scw/1012/101200280010.001/swg.fits[1]
scw/1012/101200290010.001/swg.fits[1]
scw/1012/101200320010.001/swg.fits[1]
scw/1012/101200330010.001/swg.fits[1]
scw/1012/101200340010.001/swg.fits[1]
scw/1012/101200350010.001/swg.fits[1]
scw/1012/101200360010.001/swg.fits[1]
scw/1012/101200670010.001/swg.fits[1]
scw/1012/101200680010.001/swg.fits[1]
scw/1012/101200690010.001/swg.fits[1]
scw/1012/101200700010.001/swg.fits[1]
scw/1012/101200710010.001/swg.fits[1]
scw/1012/101200720010.001/swg.fits[1]
scw/1012/101200730010.001/swg.fits[1]
scw/1012/101200740010.001/swg.fits[1]
scw/1012/101200750010.001/swg.fits[1]
scw/1012/101200760010.001/swg.fits[1]
scw/1013/101300280010.001/swg.fits[1]
scw/1013/101300290010.001/swg.fits[1]
scw/1013/101300300010.001/swg.fits[1]
scw/1013/101300310010.001/swg.fits[1]
scw/1013/101300320010.001/swg.fits[1]
scw/1013/101300330010.001/swg.fits[1]
scw/1013/101300340010.001/swg.fits[1]
scw/1013/101300350010.001/swg.fits[1]
scw/1013/101300360010.001/swg.fits[1]
scw/1013/101300370010.001/swg.fits[1]
scw/1013/101300420010.001/swg.fits[1]
scw/1013/101300430010.001/swg.fits[1]
scw/1013/101300440010.001/swg.fits[1]
scw/1013/101300450010.001/swg.fits[1]
scw/1013/101300460010.001/swg.fits[1]
scw/1013/101300470010.001/swg.fits[1]
scw/1013/101300480010.001/swg.fits[1]
scw/1013/101300490010.001/swg.fits[1]
scw/1013/101300500010.001/swg.fits[1]
scw/1013/101300510010.001/swg.fits[1]
scw/1074/107400050010.001/swg.fits[1]
scw/1074/107400060010.001/swg.fits[1]
scw/1074/107400070010.001/swg.fits[1]
scw/1074/107400080010.001/swg.fits[1]
scw/1074/107400090010.001/swg.fits[1]
scw/1074/107400100010.001/swg.fits[1]
scw/1074/107400110010.001/swg.fits[1]
scw/1074/107400120010.001/swg.fits[1]
scw/1074/107400130010.001/swg.fits[1]
scw/1074/107400140010.001/swg.fits[1]
scw/1074/107400610010.001/swg.fits[1]
scw/1074/107400620010.001/swg.fits[1]
scw/1074/107400630010.001/swg.fits[1]
scw/1074/107400640010.001/swg.fits[1]
scw/1074/107400650010.001/swg.fits[1]
scw/1074/107400660010.001/swg.fits[1]
scw/1074/107400670010.001/swg.fits[1]
scw/1074/107400680010.001/swg.fits[1]
scw/1074/107400690010.001/swg.fits[1]
scw/1074/107400700010.001/swg.fits[1]
scw/1135/113500570010.001/swg.fits[1]
scw/1135/113500580010.001/swg.fits[1]
scw/1135/113500590010.001/swg.fits[1]
scw/1135/113500600010.001/swg.fits[1]
scw/1135/113500610010.001/swg.fits[1]
scw/1135/113500620010.001/swg.fits[1]
scw/1135/113500650010.001/swg.fits[1]
scw/1135/113500660010.001/swg.fits[1]
scw/1135/113500670010.001/swg.fits[1]
scw/1135/113500680010.001/swg.fits[1]
scw/1135/113500690010.001/swg.fits[1]
scw/1135/113500700010.001/swg.fits[1]
scw/1135/113500710010.001/swg.fits[1]
scw/1135/113500720010.001/swg.fits[1]
scw/1135/113500730010.001/swg.fits[1]
scw/1135/113500740010.001/swg.fits[1]
scw/1135/113500750010.001/swg.fits[1]
scw/1135/113500760010.001/swg.fits[1]
scw/1135/113500770010.001/swg.fits[1]
scw/1136/113600400010.001/swg.fits[1]
scw/1136/113600420010.001/swg.fits[1]
scw/1136/113600430010.001/swg.fits[1]
scw/1136/113600440010.001/swg.fits[1]
scw/1136/113600450010.001/swg.fits[1]
scw/1136/113600460010.001/swg.fits[1]
scw/1136/113600470010.001/swg.fits[1]
scw/1136/113600480010.001/swg.fits[1]
scw/1136/113600490010.001/swg.fits[1]
scw/1196/119600270010.001/swg.fits[1]
scw/1196/119600280010.001/swg.fits[1]
scw/1196/119600290010.001/swg.fits[1]
scw/1196/119600300010.001/swg.fits[1]
scw/1196/119600310010.001/swg.fits[1]
scw/1196/119600320010.001/swg.fits[1]
scw/1196/119600330010.001/swg.fits[1]
scw/1196/119600340010.001/swg.fits[1]
scw/1196/119600350010.001/swg.fits[1]
scw/1196/119600360010.001/swg.fits[1]
scw/1196/119600410010.001/swg.fits[1]
scw/1196/119600420010.001/swg.fits[1]
scw/1196/119600430010.001/swg.fits[1]
scw/1196/119600440010.001/swg.fits[1]
scw/1196/119600450010.001/swg.fits[1]
scw/1196/119600460010.001/swg.fits[1]
scw/1196/119600470010.001/swg.fits[1]
scw/1196/119600480010.001/swg.fits[1]
scw/1198/119800450010.001/swg.fits[1]
scw/1198/119800470010.001/swg.fits[1]
scw/1198/119800480010.001/swg.fits[1]
scw/1198/119800490010.001/swg.fits[1]
scw/1198/119800500010.001/swg.fits[1]
scw/1198/119800510010.001/swg.fits[1]
scw/1198/119800520010.001/swg.fits[1]
scw/1198/119800530010.001/swg.fits[1]
scw/1198/119800540010.001/swg.fits[1]
scw/1198/119800550010.001/swg.fits[1]
scw/1255/125500850010.001/swg.fits[1]
scw/1255/125500860010.001/swg.fits[1]
scw/1255/125500870010.001/swg.fits[1]
scw/1255/125500880010.001/swg.fits[1]
scw/1255/125500890010.001/swg.fits[1]
scw/1255/125500900010.001/swg.fits[1]
scw/1255/125500910010.001/swg.fits[1]
scw/1255/125500920010.001/swg.fits[1]
scw/1255/125500930010.001/swg.fits[1]
scw/1255/125500940010.001/swg.fits[1]
scw/1256/125600030010.001/swg.fits[1]
scw/1256/125600040010.001/swg.fits[1]
scw/1256/125600050010.001/swg.fits[1]
scw/1256/125600060010.001/swg.fits[1]
scw/1256/125600070010.001/swg.fits[1]
scw/1256/125600080010.001/swg.fits[1]
scw/1256/125600090010.001/swg.fits[1]
scw/1256/125600100010.001/swg.fits[1]
scw/1256/125600110010.001/swg.fits[1]
scw/1256/125600120010.001/swg.fits[1]
scw/1256/125600720010.001/swg.fits[1]
scw/1256/125600730010.001/swg.fits[1]
scw/1256/125600740010.001/swg.fits[1]
scw/1256/125600750010.001/swg.fits[1]
scw/1256/125600760010.001/swg.fits[1]
scw/1256/125600770010.001/swg.fits[1]
scw/1256/125600780010.001/swg.fits[1]
scw/1256/125600790010.001/swg.fits[1]
scw/1256/125600800010.001/swg.fits[1]
scw/1256/125600810010.001/swg.fits[1]
scw/1257/125700130010.001/swg.fits[1]
scw/1257/125700140010.001/swg.fits[1]
scw/1257/125700150010.001/swg.fits[1]
scw/1257/125700160010.001/swg.fits[1]
scw/1257/125700170010.001/swg.fits[1]
scw/1257/125700180010.001/swg.fits[1]
scw/1257/125700190010.001/swg.fits[1]
scw/1257/125700200010.001/swg.fits[1]
scw/1257/125700210010.001/swg.fits[1]
scw/1257/125700220010.001/swg.fits[1]
scw/1312/131200020010.001/swg.fits[1]
scw/1312/131200110010.001/swg.fits[1]
scw/1313/131300360010.001/swg.fits[1]
scw/1313/131300450010.001/swg.fits[1]
scw/1313/131300850010.001/swg.fits[1]
scw/1315/131500610010.001/swg.fits[1]
scw/1315/131500700010.001/swg.fits[1]
scw/1316/131600360010.001/swg.fits[1]
scw/1375/137500430010.001/swg.fits[1]
scw/1376/137600260010.001/swg.fits[1]
scw/1377/137700350010.001/swg.fits[1]
scw/1377/137700360010.001/swg.fits[1]
scw/1377/137700450010.001/swg.fits[1]
scw/1377/137700460010.001/swg.fits[1]
scw/1383/138300020010.001/swg.fits[1]
scw/1429/142900430010.001/swg.fits[1]
scw/1429/142900520010.001/swg.fits[1]
scw/1429/142900530010.001/swg.fits[1]
scw/1429/142900620010.001/swg.fits[1]
scw/1429/142900930010.001/swg.fits[1]
scw/1430/143000470010.001/swg.fits[1]
scw/1430/143000480010.001/swg.fits[1]
scw/1430/143000570010.001/swg.fits[1]
scw/1430/143000580010.001/swg.fits[1]
scw/1430/143000880010.001/swg.fits[1]
scw/1431/143100580010.001/swg.fits[1]
scw/1431/143100590010.001/swg.fits[1]
scw/1431/143100680010.001/swg.fits[1]
scw/1431/143100690010.001/swg.fits[1]
scw/1431/143100780010.001/swg.fits[1]
scw/2322/232200480010.001/swg.fits[1]
