scw/0274/027400460010.001/swg.fits[1]
scw/0275/027500560010.001/swg.fits[1]
scw/0317/031700590010.001/swg.fits[1]
scw/0318/031800100010.001/swg.fits[1]
scw/0318/031800600010.001/swg.fits[1]
scw/0802/080200090010.001/swg.fits[1]
scw/0820/082000550010.001/swg.fits[1]
scw/0821/082100360010.001/swg.fits[1]
scw/0950/095000390010.001/swg.fits[1]
scw/0950/095000770010.001/swg.fits[1]
scw/0951/095100400010.001/swg.fits[1]
scw/0951/095100780010.001/swg.fits[1]
scw/0952/095200340010.001/swg.fits[1]
scw/1071/107100220010.001/swg.fits[1]
scw/1071/107100960010.001/swg.fits[1]
scw/1072/107200020010.001/swg.fits[1]
scw/1072/107200730010.001/swg.fits[1]
scw/1073/107300020010.001/swg.fits[1]
scw/1073/107300740010.001/swg.fits[1]
scw/1074/107400020010.001/swg.fits[1]
scw/1074/107400730010.001/swg.fits[1]
scw/1193/119300400010.001/swg.fits[1]
scw/1193/119300410010.001/swg.fits[1]
scw/1194/119400390010.001/swg.fits[1]
scw/1194/119400400010.001/swg.fits[1]
scw/1195/119500390010.001/swg.fits[1]
scw/1196/119600390010.001/swg.fits[1]
scw/1198/119800580010.001/swg.fits[1]
scw/1198/119800590010.001/swg.fits[1]
scw/1318/131800600010.001/swg.fits[1]
scw/1318/131800610010.001/swg.fits[1]
scw/2314/231400560010.001/swg.fits[1]
