scw/0336/033600550010.001/swg.fits[1]
scw/0341/034100130010.001/swg.fits[1]
scw/0456/045600080010.001/swg.fits[1]
scw/0457/045700080010.001/swg.fits[1]
scw/0457/045700580010.001/swg.fits[1]
scw/0570/057000530010.001/swg.fits[1]
scw/0571/057100030010.001/swg.fits[1]
scw/0571/057100440010.001/swg.fits[1]
scw/0571/057100530010.001/swg.fits[1]
scw/0572/057200390010.001/swg.fits[1]
scw/0572/057200480010.001/swg.fits[1]
scw/0573/057300320010.001/swg.fits[1]
scw/0573/057300330010.001/swg.fits[1]
scw/0573/057300410010.001/swg.fits[1]
scw/0695/069500080010.001/swg.fits[1]
scw/0696/069600030010.001/swg.fits[1]
scw/0696/069600120010.001/swg.fits[1]
scw/0697/069700490010.001/swg.fits[1]
scw/0697/069700570010.001/swg.fits[1]
scw/0697/069700580010.001/swg.fits[1]
scw/0698/069800370010.001/swg.fits[1]
scw/0699/069900070010.001/swg.fits[1]
scw/0700/070000100010.001/swg.fits[1]
scw/0700/070000190010.001/swg.fits[1]
scw/0701/070100220010.001/swg.fits[1]
scw/0701/070100230010.001/swg.fits[1]
scw/0701/070100310010.001/swg.fits[1]
scw/1067/106700020010.001/swg.fits[1]
scw/1067/106700290010.001/swg.fits[1]
scw/1067/106700300010.001/swg.fits[1]
scw/1068/106800040010.001/swg.fits[1]
scw/1068/106800210010.001/swg.fits[1]
