scw/0272/027200730010.001/swg.fits[1]
scw/0372/037200230010.001/swg.fits[1]
scw/0372/037200240010.001/swg.fits[1]
scw/0372/037200250010.001/swg.fits[1]
scw/0372/037200260010.001/swg.fits[1]
scw/0372/037200270010.001/swg.fits[1]
scw/0372/037200280010.001/swg.fits[1]
scw/0372/037200290010.001/swg.fits[1]
scw/0372/037200300010.001/swg.fits[1]
scw/0372/037200310010.001/swg.fits[1]
scw/0372/037200320010.001/swg.fits[1]
scw/0372/037200330010.001/swg.fits[1]
scw/0372/037200340010.001/swg.fits[1]
scw/0372/037200350010.001/swg.fits[1]
scw/0372/037200360010.001/swg.fits[1]
scw/0372/037200370010.001/swg.fits[1]
scw/0372/037200380010.001/swg.fits[1]
scw/0372/037200390010.001/swg.fits[1]
scw/0372/037200400010.001/swg.fits[1]
scw/0372/037200410010.001/swg.fits[1]
scw/0372/037200420010.001/swg.fits[1]
scw/0372/037200430010.001/swg.fits[1]
scw/0372/037200440010.001/swg.fits[1]
scw/0372/037200460010.001/swg.fits[1]
scw/0372/037200500010.001/swg.fits[1]
scw/0372/037200510010.001/swg.fits[1]
scw/0372/037200520010.001/swg.fits[1]
scw/0372/037200530010.001/swg.fits[1]
scw/0372/037200540010.001/swg.fits[1]
scw/0372/037200550010.001/swg.fits[1]
scw/0372/037200560010.001/swg.fits[1]
scw/0372/037200570010.001/swg.fits[1]
scw/0372/037200580010.001/swg.fits[1]
scw/0372/037200590010.001/swg.fits[1]
scw/0372/037200600010.001/swg.fits[1]
scw/0372/037200610010.001/swg.fits[1]
scw/0372/037200620010.001/swg.fits[1]
scw/0372/037200630010.001/swg.fits[1]
scw/0372/037200640010.001/swg.fits[1]
scw/0372/037200650010.001/swg.fits[1]
scw/0372/037200660010.001/swg.fits[1]
scw/0372/037200670010.001/swg.fits[1]
scw/0372/037200680010.001/swg.fits[1]
scw/0372/037200700010.001/swg.fits[1]
scw/0372/037200710010.001/swg.fits[1]
scw/0372/037200720010.001/swg.fits[1]
scw/0372/037200730010.001/swg.fits[1]
scw/0372/037200740010.001/swg.fits[1]
scw/0372/037200750010.001/swg.fits[1]
scw/0372/037200760010.001/swg.fits[1]
scw/0372/037200770010.001/swg.fits[1]
scw/0372/037200780010.001/swg.fits[1]
scw/0372/037200790010.001/swg.fits[1]
scw/0372/037200800010.001/swg.fits[1]
scw/0372/037200810010.001/swg.fits[1]
scw/0372/037200820010.001/swg.fits[1]
scw/0373/037300320010.001/swg.fits[1]
scw/0373/037300330010.001/swg.fits[1]
scw/0373/037300340010.001/swg.fits[1]
scw/0373/037300350010.001/swg.fits[1]
scw/0373/037300360010.001/swg.fits[1]
scw/0373/037300370010.001/swg.fits[1]
scw/0373/037300380010.001/swg.fits[1]
scw/0373/037300390010.001/swg.fits[1]
scw/0373/037300400010.001/swg.fits[1]
scw/0373/037300410010.001/swg.fits[1]
scw/0373/037300420010.001/swg.fits[1]
scw/0373/037300430010.001/swg.fits[1]
scw/0373/037300440010.001/swg.fits[1]
scw/0373/037300450010.001/swg.fits[1]
scw/0808/080800060010.001/swg.fits[1]
scw/0808/080800070010.001/swg.fits[1]
scw/0808/080800080010.001/swg.fits[1]
scw/0808/080800090010.001/swg.fits[1]
scw/0808/080800100010.001/swg.fits[1]
scw/0808/080800110010.001/swg.fits[1]
scw/0808/080800120010.001/swg.fits[1]
scw/1037/103700380010.001/swg.fits[1]
scw/1037/103700390010.001/swg.fits[1]
scw/1037/103700400010.001/swg.fits[1]
scw/1037/103700420010.001/swg.fits[1]
scw/1037/103700430010.001/swg.fits[1]
scw/1037/103700440010.001/swg.fits[1]
scw/1037/103700450010.001/swg.fits[1]
scw/2091/209100020010.001/swg.fits[1]
scw/2091/209100030010.001/swg.fits[1]
scw/2091/209100040010.001/swg.fits[1]
scw/2091/209100050010.001/swg.fits[1]
scw/2091/209100060010.001/swg.fits[1]
scw/2091/209100070010.001/swg.fits[1]
scw/2091/209100080010.001/swg.fits[1]
scw/2091/209100090010.001/swg.fits[1]
scw/2091/209100100010.001/swg.fits[1]
scw/2091/209100110010.001/swg.fits[1]
scw/2091/209100120010.001/swg.fits[1]
scw/2091/209100130010.001/swg.fits[1]
scw/2091/209100140010.001/swg.fits[1]
scw/2091/209100210010.001/swg.fits[1]
scw/2091/209100280010.001/swg.fits[1]
scw/2091/209100290010.001/swg.fits[1]
scw/2091/209100300010.001/swg.fits[1]
scw/2091/209100310010.001/swg.fits[1]
scw/2091/209100320010.001/swg.fits[1]
scw/2091/209100330010.001/swg.fits[1]
scw/2091/209100340010.001/swg.fits[1]
scw/2091/209100350010.001/swg.fits[1]
scw/2091/209100360010.001/swg.fits[1]
scw/2091/209100370010.001/swg.fits[1]
scw/2091/209100380010.001/swg.fits[1]
scw/2091/209100390010.001/swg.fits[1]
scw/2091/209100400010.001/swg.fits[1]
scw/2091/209100470010.001/swg.fits[1]
scw/2248/224800320010.001/swg.fits[1]
scw/2286/228600040010.001/swg.fits[1]
scw/2301/230100140010.001/swg.fits[1]
scw/2301/230100150010.001/swg.fits[1]
scw/2301/230100160010.001/swg.fits[1]
scw/2301/230100170010.001/swg.fits[1]
scw/2301/230100180010.001/swg.fits[1]
scw/2301/230100190010.001/swg.fits[1]
scw/2301/230100200010.001/swg.fits[1]
scw/2301/230100210010.001/swg.fits[1]
scw/2301/230100220010.001/swg.fits[1]
scw/2301/230100230010.001/swg.fits[1]
scw/2301/230100240010.001/swg.fits[1]
scw/2301/230100250010.001/swg.fits[1]
scw/2301/230100260010.001/swg.fits[1]
scw/2301/230100400010.001/swg.fits[1]
scw/2301/230100410010.001/swg.fits[1]
scw/2301/230100420010.001/swg.fits[1]
scw/2301/230100430010.001/swg.fits[1]
scw/2301/230100440010.001/swg.fits[1]
scw/2301/230100450010.001/swg.fits[1]
scw/2301/230100460010.001/swg.fits[1]
scw/2301/230100470010.001/swg.fits[1]
scw/2301/230100480010.001/swg.fits[1]
scw/2301/230100490010.001/swg.fits[1]
scw/2301/230100500010.001/swg.fits[1]
scw/2301/230100510010.001/swg.fits[1]
scw/2301/230100520010.001/swg.fits[1]
scw/2373/237300290010.001/swg.fits[1]
scw/2373/237300300010.001/swg.fits[1]
scw/2373/237300310010.001/swg.fits[1]
scw/2373/237300320010.001/swg.fits[1]
scw/2373/237300330010.001/swg.fits[1]
scw/2373/237300340010.001/swg.fits[1]
scw/2373/237300350010.001/swg.fits[1]
scw/2373/237300360010.001/swg.fits[1]
scw/2373/237300370010.001/swg.fits[1]
scw/2373/237300380010.001/swg.fits[1]
scw/2373/237300390010.001/swg.fits[1]
scw/2373/237300400010.001/swg.fits[1]
scw/2373/237300410010.001/swg.fits[1]
scw/2373/237300420010.001/swg.fits[1]
scw/2373/237300430010.001/swg.fits[1]
scw/2374/237400380010.001/swg.fits[1]
scw/2374/237400390010.001/swg.fits[1]
scw/2374/237400500010.001/swg.fits[1]
scw/2374/237400510010.001/swg.fits[1]
scw/2374/237400520010.001/swg.fits[1]
scw/2374/237400550010.001/swg.fits[1]
scw/2374/237400560010.001/swg.fits[1]
scw/2374/237400570010.001/swg.fits[1]
scw/2374/237400580010.001/swg.fits[1]
scw/2374/237400590010.001/swg.fits[1]
scw/2374/237400600010.001/swg.fits[1]
scw/2374/237400610010.001/swg.fits[1]
scw/2375/237500040010.001/swg.fits[1]
scw/2375/237500050010.001/swg.fits[1]
scw/2375/237500060010.001/swg.fits[1]
scw/2375/237500070010.001/swg.fits[1]
scw/2375/237500080010.001/swg.fits[1]
scw/2375/237500090010.001/swg.fits[1]
scw/2375/237500100010.001/swg.fits[1]
scw/2375/237500110010.001/swg.fits[1]
scw/2375/237500120010.001/swg.fits[1]
scw/2375/237500130010.001/swg.fits[1]
scw/2375/237500140010.001/swg.fits[1]
scw/2375/237500150010.001/swg.fits[1]
scw/2375/237500160010.001/swg.fits[1]
scw/2375/237500170010.001/swg.fits[1]
scw/2376/237600280010.001/swg.fits[1]
scw/2376/237600290010.001/swg.fits[1]
scw/2376/237600300010.001/swg.fits[1]
scw/2376/237600310010.001/swg.fits[1]
scw/2376/237600320010.001/swg.fits[1]
scw/2376/237600330010.001/swg.fits[1]
scw/2376/237600340010.001/swg.fits[1]
scw/2376/237600350010.001/swg.fits[1]
scw/2376/237600360010.001/swg.fits[1]
scw/2376/237600410010.001/swg.fits[1]
scw/2376/237600520010.001/swg.fits[1]
scw/2376/237600530010.001/swg.fits[1]
scw/2377/237700040010.001/swg.fits[1]
scw/2377/237700050010.001/swg.fits[1]
scw/2377/237700060010.001/swg.fits[1]
scw/2377/237700070010.001/swg.fits[1]
scw/2377/237700080010.001/swg.fits[1]
scw/2377/237700090010.001/swg.fits[1]
scw/2377/237700100010.001/swg.fits[1]
scw/2377/237700110010.001/swg.fits[1]
scw/2377/237700120010.001/swg.fits[1]
scw/2377/237700130010.001/swg.fits[1]
scw/2377/237700140010.001/swg.fits[1]
scw/2377/237700150010.001/swg.fits[1]
scw/2377/237700160010.001/swg.fits[1]
scw/2377/237700170010.001/swg.fits[1]
scw/2377/237700180010.001/swg.fits[1]
scw/2377/237700190010.001/swg.fits[1]
scw/2377/237700200010.001/swg.fits[1]
scw/2377/237700210010.001/swg.fits[1]
scw/2377/237700220010.001/swg.fits[1]
scw/2377/237700230010.001/swg.fits[1]
scw/2378/237800040010.001/swg.fits[1]
scw/2378/237800050010.001/swg.fits[1]
scw/2378/237800060010.001/swg.fits[1]
scw/2378/237800070010.001/swg.fits[1]
scw/2378/237800080010.001/swg.fits[1]
scw/2378/237800090010.001/swg.fits[1]
scw/2378/237800100010.001/swg.fits[1]
scw/2378/237800110010.001/swg.fits[1]
scw/2378/237800120010.001/swg.fits[1]
scw/2378/237800130010.001/swg.fits[1]
scw/2378/237800170010.001/swg.fits[1]
scw/2378/237800180010.001/swg.fits[1]
scw/2379/237900080010.001/swg.fits[1]
scw/2379/237900090010.001/swg.fits[1]
scw/2379/237900130010.001/swg.fits[1]
scw/2379/237900140010.001/swg.fits[1]
scw/2379/237900150010.001/swg.fits[1]
scw/2379/237900160010.001/swg.fits[1]
scw/2379/237900170010.001/swg.fits[1]
scw/2379/237900180010.001/swg.fits[1]
scw/2379/237900190010.001/swg.fits[1]
scw/2379/237900200010.001/swg.fits[1]
scw/2379/237900210010.001/swg.fits[1]
scw/2379/237900220010.001/swg.fits[1]
scw/2379/237900230010.001/swg.fits[1]
scw/2379/237900240010.001/swg.fits[1]
scw/2379/237900250010.001/swg.fits[1]
scw/2379/237900260010.001/swg.fits[1]
scw/2379/237900270010.001/swg.fits[1]
scw/2445/244500010010.001/swg.fits[1]
scw/2445/244500020010.001/swg.fits[1]
scw/2445/244500050010.001/swg.fits[1]
scw/2445/244500060010.001/swg.fits[1]
scw/2445/244500070010.001/swg.fits[1]
scw/2445/244500080010.001/swg.fits[1]
scw/2447/244700660010.001/swg.fits[1]
scw/2490/249000710010.001/swg.fits[1]
scw/2511/251100260010.001/swg.fits[1]
scw/2511/251100270010.001/swg.fits[1]
scw/2511/251100280010.001/swg.fits[1]
scw/2511/251100290010.001/swg.fits[1]
scw/2511/251100300010.001/swg.fits[1]
scw/2511/251100310010.001/swg.fits[1]
scw/2511/251100320010.001/swg.fits[1]
scw/2511/251100330010.001/swg.fits[1]
scw/2511/251100340010.001/swg.fits[1]
scw/2511/251100350010.001/swg.fits[1]
scw/2511/251100360010.001/swg.fits[1]
scw/2511/251100370010.001/swg.fits[1]
scw/2511/251100380010.001/swg.fits[1]
scw/2511/251100390010.001/swg.fits[1]
scw/2511/251100400010.001/swg.fits[1]
