scw/0204/020400040010.001/swg.fits[1]
scw/0204/020400130010.001/swg.fits[1]
scw/0204/020400140010.001/swg.fits[1]
scw/0204/020400420010.001/swg.fits[1]
scw/0204/020400430010.001/swg.fits[1]
scw/0204/020400520010.001/swg.fits[1]
scw/0204/020400610010.001/swg.fits[1]
scw/0204/020400620010.001/swg.fits[1]
scw/0401/040100050010.001/swg.fits[1]
scw/0401/040100060010.001/swg.fits[1]
scw/0401/040100110010.001/swg.fits[1]
scw/0401/040100120010.001/swg.fits[1]
scw/0401/040100130010.001/swg.fits[1]
scw/0401/040100140010.001/swg.fits[1]
scw/0401/040100150010.001/swg.fits[1]
scw/0401/040100160010.001/swg.fits[1]
scw/0401/040100170010.001/swg.fits[1]
scw/0401/040100180010.001/swg.fits[1]
scw/0401/040100220010.001/swg.fits[1]
scw/0401/040100230010.001/swg.fits[1]
scw/0401/040100240010.001/swg.fits[1]
scw/0401/040100250010.001/swg.fits[1]
scw/0401/040100260010.001/swg.fits[1]
scw/0401/040100270010.001/swg.fits[1]
scw/0401/040100320010.001/swg.fits[1]
scw/0401/040100330010.001/swg.fits[1]
scw/0401/040100340010.001/swg.fits[1]
scw/0401/040100350010.001/swg.fits[1]
scw/0401/040100360010.001/swg.fits[1]
scw/0401/040100370010.001/swg.fits[1]
scw/0401/040100380010.001/swg.fits[1]
scw/0401/040100410010.001/swg.fits[1]
scw/0401/040100420010.001/swg.fits[1]
scw/0401/040100430010.001/swg.fits[1]
scw/0401/040100440010.001/swg.fits[1]
scw/0401/040100450010.001/swg.fits[1]
scw/0401/040100460010.001/swg.fits[1]
scw/0401/040100470010.001/swg.fits[1]
scw/0401/040100480010.001/swg.fits[1]
scw/0401/040100520010.001/swg.fits[1]
scw/0401/040100530010.001/swg.fits[1]
scw/0401/040100540010.001/swg.fits[1]
scw/0401/040100550010.001/swg.fits[1]
scw/0401/040100560010.001/swg.fits[1]
scw/0401/040100570010.001/swg.fits[1]
scw/0401/040100580010.001/swg.fits[1]
scw/0401/040100590010.001/swg.fits[1]
scw/0401/040100600010.001/swg.fits[1]
scw/0401/040100610010.001/swg.fits[1]
scw/0401/040100620010.001/swg.fits[1]
scw/0401/040100640010.001/swg.fits[1]
scw/0401/040100650010.001/swg.fits[1]
scw/0401/040100660010.001/swg.fits[1]
scw/0401/040100670010.001/swg.fits[1]
scw/0401/040100680010.001/swg.fits[1]
scw/0401/040100690010.001/swg.fits[1]
scw/0711/071100070010.001/swg.fits[1]
scw/0711/071100160010.001/swg.fits[1]
scw/0711/071100170010.001/swg.fits[1]
scw/0711/071100180010.001/swg.fits[1]
scw/0711/071100250010.001/swg.fits[1]
scw/0711/071100260010.001/swg.fits[1]
scw/0711/071100270010.001/swg.fits[1]
scw/0711/071100280010.001/swg.fits[1]
scw/0711/071100290010.001/swg.fits[1]
scw/0711/071100350010.001/swg.fits[1]
scw/0711/071100360010.001/swg.fits[1]
scw/0711/071100370010.001/swg.fits[1]
scw/0711/071100380010.001/swg.fits[1]
scw/0711/071100460010.001/swg.fits[1]
scw/0711/071100470010.001/swg.fits[1]
scw/0711/071100660010.001/swg.fits[1]
scw/0711/071100670010.001/swg.fits[1]
scw/0711/071100680010.001/swg.fits[1]
scw/0711/071100750010.001/swg.fits[1]
scw/0951/095100190010.001/swg.fits[1]
scw/0951/095100200010.001/swg.fits[1]
scw/0951/095100210010.001/swg.fits[1]
scw/0951/095100220010.001/swg.fits[1]
scw/0951/095100230010.001/swg.fits[1]
scw/0951/095100240010.001/swg.fits[1]
scw/0951/095100250010.001/swg.fits[1]
scw/0951/095100260010.001/swg.fits[1]
scw/0951/095100270010.001/swg.fits[1]
scw/0951/095100280010.001/swg.fits[1]
scw/0951/095100560010.001/swg.fits[1]
scw/0951/095100570010.001/swg.fits[1]
scw/0951/095100580010.001/swg.fits[1]
scw/0951/095100590010.001/swg.fits[1]
scw/0951/095100600010.001/swg.fits[1]
scw/0951/095100610010.001/swg.fits[1]
scw/0951/095100620010.001/swg.fits[1]
scw/0951/095100630010.001/swg.fits[1]
scw/0951/095100640010.001/swg.fits[1]
scw/0951/095100660010.001/swg.fits[1]
scw/0952/095200150010.001/swg.fits[1]
scw/0952/095200160010.001/swg.fits[1]
scw/0952/095200170010.001/swg.fits[1]
scw/0952/095200180010.001/swg.fits[1]
scw/0952/095200190010.001/swg.fits[1]
scw/0952/095200200010.001/swg.fits[1]
scw/0952/095200210010.001/swg.fits[1]
scw/0952/095200220010.001/swg.fits[1]
scw/0952/095200230010.001/swg.fits[1]
scw/0952/095200240010.001/swg.fits[1]
scw/1072/107200750010.001/swg.fits[1]
scw/1073/107300140010.001/swg.fits[1]
scw/1073/107300160010.001/swg.fits[1]
scw/1073/107300170010.001/swg.fits[1]
scw/1073/107300180010.001/swg.fits[1]
scw/1073/107300190010.001/swg.fits[1]
scw/1073/107300200010.001/swg.fits[1]
scw/1073/107300210010.001/swg.fits[1]
scw/1073/107300220010.001/swg.fits[1]
scw/1073/107300230010.001/swg.fits[1]
scw/1073/107300240010.001/swg.fits[1]
scw/1073/107300530010.001/swg.fits[1]
scw/1073/107300540010.001/swg.fits[1]
scw/1073/107300550010.001/swg.fits[1]
scw/1073/107300560010.001/swg.fits[1]
scw/1073/107300570010.001/swg.fits[1]
scw/1073/107300580010.001/swg.fits[1]
scw/1073/107300590010.001/swg.fits[1]
scw/1073/107300600010.001/swg.fits[1]
scw/1073/107300610010.001/swg.fits[1]
scw/1073/107300620010.001/swg.fits[1]
scw/1074/107400750010.001/swg.fits[1]
scw/1198/119800710010.001/swg.fits[1]
scw/1198/119800720010.001/swg.fits[1]
scw/1198/119800730010.001/swg.fits[1]
scw/1198/119800740010.001/swg.fits[1]
scw/1198/119800750010.001/swg.fits[1]
scw/1198/119800760010.001/swg.fits[1]
scw/1198/119800770010.001/swg.fits[1]
scw/1198/119800780010.001/swg.fits[1]
scw/1198/119800790010.001/swg.fits[1]
scw/1198/119800800010.001/swg.fits[1]
scw/1257/125700710010.001/swg.fits[1]
scw/1257/125700720010.001/swg.fits[1]
scw/1257/125700730010.001/swg.fits[1]
scw/1257/125700740010.001/swg.fits[1]
scw/1257/125700750010.001/swg.fits[1]
scw/1257/125700760010.001/swg.fits[1]
scw/1257/125700770010.001/swg.fits[1]
scw/1257/125700780010.001/swg.fits[1]
scw/1257/125700790010.001/swg.fits[1]
scw/1257/125700800010.001/swg.fits[1]
scw/1308/130800220010.001/swg.fits[1]
scw/1308/130800230010.001/swg.fits[1]
scw/1308/130800240010.001/swg.fits[1]
scw/1308/130800250010.001/swg.fits[1]
scw/1308/130800290010.001/swg.fits[1]
scw/1308/130800300010.001/swg.fits[1]
scw/1308/130800310010.001/swg.fits[1]
scw/1312/131200220010.001/swg.fits[1]
scw/1312/131200230010.001/swg.fits[1]
scw/1312/131200240010.001/swg.fits[1]
scw/1312/131200290010.001/swg.fits[1]
scw/1312/131200300010.001/swg.fits[1]
scw/1312/131200310010.001/swg.fits[1]
scw/1313/131300560010.001/swg.fits[1]
scw/1313/131300570010.001/swg.fits[1]
scw/1313/131300580010.001/swg.fits[1]
scw/1313/131300630010.001/swg.fits[1]
scw/1313/131300640010.001/swg.fits[1]
scw/1313/131300650010.001/swg.fits[1]
scw/1316/131600070010.001/swg.fits[1]
scw/1316/131600080010.001/swg.fits[1]
scw/1316/131600090010.001/swg.fits[1]
scw/1316/131600140010.001/swg.fits[1]
scw/1316/131600150010.001/swg.fits[1]
scw/1316/131600160010.001/swg.fits[1]
scw/1318/131800390010.001/swg.fits[1]
scw/1318/131800400010.001/swg.fits[1]
scw/1318/131800410010.001/swg.fits[1]
scw/1318/131800420010.001/swg.fits[1]
scw/1318/131800430010.001/swg.fits[1]
scw/1318/131800440010.001/swg.fits[1]
scw/1318/131800450010.001/swg.fits[1]
scw/1318/131800460010.001/swg.fits[1]
scw/1318/131800470010.001/swg.fits[1]
scw/1318/131800480010.001/swg.fits[1]
scw/1318/131800730010.001/swg.fits[1]
scw/1318/131800740010.001/swg.fits[1]
scw/1318/131800750010.001/swg.fits[1]
scw/1318/131800760010.001/swg.fits[1]
scw/1318/131800770010.001/swg.fits[1]
scw/1318/131800780010.001/swg.fits[1]
scw/1318/131800790010.001/swg.fits[1]
scw/1318/131800800010.001/swg.fits[1]
scw/1318/131800810010.001/swg.fits[1]
scw/1318/131800820010.001/swg.fits[1]
scw/1375/137500300010.001/swg.fits[1]
scw/1375/137500310010.001/swg.fits[1]
scw/1375/137500320010.001/swg.fits[1]
scw/1376/137600470010.001/swg.fits[1]
scw/1376/137600480010.001/swg.fits[1]
scw/1376/137600490010.001/swg.fits[1]
scw/1377/137700230010.001/swg.fits[1]
scw/1377/137700240010.001/swg.fits[1]
scw/1377/137700250010.001/swg.fits[1]
scw/1383/138300220010.001/swg.fits[1]
scw/1383/138300230010.001/swg.fits[1]
scw/1429/142900630010.001/swg.fits[1]
scw/1429/142900650010.001/swg.fits[1]
scw/1429/142900660010.001/swg.fits[1]
scw/1429/142900700010.001/swg.fits[1]
scw/1429/142900710010.001/swg.fits[1]
scw/1429/142900720010.001/swg.fits[1]
scw/1430/143000580010.001/swg.fits[1]
scw/1430/143000590010.001/swg.fits[1]
scw/1430/143000600010.001/swg.fits[1]
scw/1430/143000610010.001/swg.fits[1]
scw/1430/143000650010.001/swg.fits[1]
scw/1430/143000660010.001/swg.fits[1]
scw/1430/143000670010.001/swg.fits[1]
scw/1431/143100490010.001/swg.fits[1]
scw/1431/143100500010.001/swg.fits[1]
scw/1431/143100510010.001/swg.fits[1]
scw/1431/143100550010.001/swg.fits[1]
scw/1431/143100560010.001/swg.fits[1]
scw/1431/143100570010.001/swg.fits[1]
scw/1431/143100580010.001/swg.fits[1]
scw/1432/143200450010.001/swg.fits[1]
scw/1432/143200460010.001/swg.fits[1]
scw/1432/143200470010.001/swg.fits[1]
scw/1623/162300680010.001/swg.fits[1]
scw/1968/196800140010.001/swg.fits[1]
scw/1969/196900120010.001/swg.fits[1]
scw/1970/197000110010.001/swg.fits[1]
scw/1970/197000520010.001/swg.fits[1]
scw/1971/197100070010.001/swg.fits[1]
scw/1971/197100380010.001/swg.fits[1]
scw/1973/197300170010.001/swg.fits[1]
scw/1973/197300260010.001/swg.fits[1]
scw/1973/197300270010.001/swg.fits[1]
scw/1973/197300360010.001/swg.fits[1]
scw/2045/204500040010.001/swg.fits[1]
scw/2120/212000060010.001/swg.fits[1]
scw/2120/212000070010.001/swg.fits[1]
scw/2120/212000160010.001/swg.fits[1]
scw/2120/212000170010.001/swg.fits[1]
scw/2120/212000180010.001/swg.fits[1]
scw/2120/212000250010.001/swg.fits[1]
scw/2120/212000260010.001/swg.fits[1]
scw/2120/212000270010.001/swg.fits[1]
scw/2120/212000280010.001/swg.fits[1]
scw/2120/212000350010.001/swg.fits[1]
scw/2120/212000360010.001/swg.fits[1]
scw/2120/212000370010.001/swg.fits[1]
scw/2120/212000380010.001/swg.fits[1]
scw/2120/212000460010.001/swg.fits[1]
scw/2120/212000470010.001/swg.fits[1]
scw/2278/227800660010.001/swg.fits[1]
scw/2456/245600190010.001/swg.fits[1]
scw/2469/246900240010.001/swg.fits[1]
scw/2472/247200170010.001/swg.fits[1]
scw/2473/247300360010.001/swg.fits[1]
