scw/0130/013000140010.001/swg.fits[1]
scw/0130/013000150010.001/swg.fits[1]
scw/0130/013000160010.001/swg.fits[1]
scw/0130/013000170010.001/swg.fits[1]
scw/0130/013000240010.001/swg.fits[1]
scw/0130/013000250010.001/swg.fits[1]
scw/0130/013000260010.001/swg.fits[1]
scw/0130/013000340010.001/swg.fits[1]
scw/0130/013000350010.001/swg.fits[1]
scw/0130/013000360010.001/swg.fits[1]
scw/0130/013000440010.001/swg.fits[1]
scw/0130/013000450010.001/swg.fits[1]
scw/0130/013000460010.001/swg.fits[1]
scw/0732/073200640010.001/swg.fits[1]
scw/0732/073200660010.001/swg.fits[1]
scw/0732/073200670010.001/swg.fits[1]
scw/0733/073300180010.001/swg.fits[1]
scw/0733/073300190010.001/swg.fits[1]
scw/0733/073300200010.001/swg.fits[1]
scw/0733/073300800010.001/swg.fits[1]
scw/0733/073300810010.001/swg.fits[1]
scw/0737/073700720010.001/swg.fits[1]
scw/0737/073700730010.001/swg.fits[1]
scw/0737/073700740010.001/swg.fits[1]
scw/0737/073700750010.001/swg.fits[1]
scw/0737/073700760010.001/swg.fits[1]
scw/0737/073700770010.001/swg.fits[1]
scw/0793/079300120010.001/swg.fits[1]
scw/0793/079300140010.001/swg.fits[1]
scw/0793/079300750010.001/swg.fits[1]
scw/0793/079300760010.001/swg.fits[1]
scw/0793/079300770010.001/swg.fits[1]
scw/0795/079500290010.001/swg.fits[1]
scw/0795/079500300010.001/swg.fits[1]
scw/0795/079500310010.001/swg.fits[1]
scw/0795/079500900010.001/swg.fits[1]
scw/0795/079500910010.001/swg.fits[1]
scw/0795/079500920010.001/swg.fits[1]
scw/0853/085300100010.001/swg.fits[1]
scw/0853/085300110010.001/swg.fits[1]
scw/0853/085300120010.001/swg.fits[1]
scw/0855/085500390010.001/swg.fits[1]
scw/0855/085500470010.001/swg.fits[1]
scw/0855/085500480010.001/swg.fits[1]
scw/0855/085500490010.001/swg.fits[1]
scw/0855/085500500010.001/swg.fits[1]
scw/0855/085500580010.001/swg.fits[1]
scw/0857/085700190010.001/swg.fits[1]
scw/0857/085700270010.001/swg.fits[1]
scw/0857/085700280010.001/swg.fits[1]
scw/0857/085700290010.001/swg.fits[1]
scw/0857/085700300010.001/swg.fits[1]
scw/0857/085700380010.001/swg.fits[1]
scw/0858/085800190010.001/swg.fits[1]
scw/0858/085800270010.001/swg.fits[1]
scw/0858/085800280010.001/swg.fits[1]
scw/0858/085800290010.001/swg.fits[1]
scw/0858/085800300010.001/swg.fits[1]
scw/0858/085800380010.001/swg.fits[1]
scw/0860/086000170010.001/swg.fits[1]
scw/0860/086000250010.001/swg.fits[1]
scw/0860/086000260010.001/swg.fits[1]
scw/0860/086000270010.001/swg.fits[1]
scw/0860/086000280010.001/swg.fits[1]
scw/0860/086000290010.001/swg.fits[1]
scw/0860/086000360010.001/swg.fits[1]
scw/0861/086100250010.001/swg.fits[1]
scw/0861/086100330010.001/swg.fits[1]
scw/0861/086100340010.001/swg.fits[1]
scw/0861/086100350010.001/swg.fits[1]
scw/0861/086100360010.001/swg.fits[1]
scw/0861/086100370010.001/swg.fits[1]
scw/0861/086100440010.001/swg.fits[1]
scw/0862/086200630010.001/swg.fits[1]
scw/0863/086300010010.001/swg.fits[1]
scw/0863/086300020010.001/swg.fits[1]
scw/0863/086300100010.001/swg.fits[1]
scw/0863/086300110010.001/swg.fits[1]
scw/0864/086400250010.001/swg.fits[1]
scw/0864/086400260010.001/swg.fits[1]
scw/0864/086400270010.001/swg.fits[1]
scw/0864/086400280010.001/swg.fits[1]
scw/0864/086400290010.001/swg.fits[1]
scw/0864/086400360010.001/swg.fits[1]
scw/0865/086500520010.001/swg.fits[1]
scw/0865/086500530010.001/swg.fits[1]
scw/0865/086500540010.001/swg.fits[1]
scw/0865/086500550010.001/swg.fits[1]
scw/0865/086500560010.001/swg.fits[1]
scw/0865/086500630010.001/swg.fits[1]
scw/0866/086600710010.001/swg.fits[1]
scw/0867/086700010010.001/swg.fits[1]
scw/0867/086700020010.001/swg.fits[1]
scw/0867/086700030010.001/swg.fits[1]
scw/0867/086700100010.001/swg.fits[1]
scw/0867/086700490010.001/swg.fits[1]
scw/0867/086700500010.001/swg.fits[1]
scw/0867/086700510010.001/swg.fits[1]
scw/0867/086700520010.001/swg.fits[1]
scw/0867/086700530010.001/swg.fits[1]
scw/0867/086700600010.001/swg.fits[1]
scw/1037/103700430010.001/swg.fits[1]
scw/1037/103700440010.001/swg.fits[1]
scw/1037/103700450010.001/swg.fits[1]
scw/1038/103800020010.001/swg.fits[1]
scw/1038/103800030010.001/swg.fits[1]
scw/1038/103800040010.001/swg.fits[1]
scw/1038/103800610010.001/swg.fits[1]
scw/1038/103800630010.001/swg.fits[1]
scw/1038/103800640010.001/swg.fits[1]
scw/1039/103900020010.001/swg.fits[1]
scw/1039/103900030010.001/swg.fits[1]
scw/1039/103900040010.001/swg.fits[1]
scw/1039/103900610010.001/swg.fits[1]
scw/1039/103900620010.001/swg.fits[1]
scw/1039/103900630010.001/swg.fits[1]
scw/1039/103900640010.001/swg.fits[1]
scw/1039/103900650010.001/swg.fits[1]
scw/1039/103900660010.001/swg.fits[1]
scw/1154/115400620010.001/swg.fits[1]
scw/1161/116100860010.001/swg.fits[1]
scw/1161/116100870010.001/swg.fits[1]
scw/1161/116100880010.001/swg.fits[1]
scw/1163/116300180010.001/swg.fits[1]
scw/1163/116300190010.001/swg.fits[1]
scw/1163/116300770010.001/swg.fits[1]
scw/1163/116300780010.001/swg.fits[1]
scw/1163/116300790010.001/swg.fits[1]
scw/1163/116300800010.001/swg.fits[1]
scw/1163/116300810010.001/swg.fits[1]
scw/1164/116400310010.001/swg.fits[1]
scw/1164/116400320010.001/swg.fits[1]
scw/1164/116400330010.001/swg.fits[1]
scw/1164/116400340010.001/swg.fits[1]
scw/1164/116400350010.001/swg.fits[1]
scw/1164/116400360010.001/swg.fits[1]
scw/1164/116400930010.001/swg.fits[1]
scw/1164/116400940010.001/swg.fits[1]
scw/1164/116400950010.001/swg.fits[1]
scw/1165/116500300010.001/swg.fits[1]
scw/1165/116500310010.001/swg.fits[1]
scw/1165/116500320010.001/swg.fits[1]
scw/1165/116500330010.001/swg.fits[1]
scw/1165/116500910010.001/swg.fits[1]
scw/1165/116500920010.001/swg.fits[1]
scw/1165/116500930010.001/swg.fits[1]
scw/1166/116600300010.001/swg.fits[1]
scw/1166/116600310010.001/swg.fits[1]
scw/1166/116600320010.001/swg.fits[1]
scw/1166/116600330010.001/swg.fits[1]
scw/1166/116600340010.001/swg.fits[1]
scw/1166/116600350010.001/swg.fits[1]
scw/1166/116600950010.001/swg.fits[1]
scw/1166/116600960010.001/swg.fits[1]
scw/1166/116600970010.001/swg.fits[1]
scw/1167/116700170010.001/swg.fits[1]
scw/1167/116700180010.001/swg.fits[1]
scw/1167/116700190010.001/swg.fits[1]
scw/1167/116700770010.001/swg.fits[1]
scw/1167/116700780010.001/swg.fits[1]
scw/1167/116700790010.001/swg.fits[1]
scw/1167/116700800010.001/swg.fits[1]
scw/1167/116700810010.001/swg.fits[1]
scw/1168/116800300010.001/swg.fits[1]
scw/1168/116800310010.001/swg.fits[1]
scw/1168/116800320010.001/swg.fits[1]
scw/1168/116800330010.001/swg.fits[1]
scw/1168/116800340010.001/swg.fits[1]
scw/1168/116800350010.001/swg.fits[1]
scw/1168/116800920010.001/swg.fits[1]
scw/1168/116800930010.001/swg.fits[1]
scw/1168/116800940010.001/swg.fits[1]
scw/1169/116900460010.001/swg.fits[1]
scw/1169/116900470010.001/swg.fits[1]
scw/1169/116900480010.001/swg.fits[1]
scw/1478/147800060010.001/swg.fits[1]
scw/1478/147800070010.001/swg.fits[1]
scw/1478/147800080010.001/swg.fits[1]
scw/2015/201500440010.001/swg.fits[1]
scw/2015/201500450010.001/swg.fits[1]
scw/2015/201500460010.001/swg.fits[1]
scw/2015/201500470010.001/swg.fits[1]
scw/2015/201500480010.001/swg.fits[1]
scw/2015/201500610010.001/swg.fits[1]
scw/2015/201500620010.001/swg.fits[1]
scw/2015/201500630010.001/swg.fits[1]
scw/2015/201500760010.001/swg.fits[1]
scw/2015/201500770010.001/swg.fits[1]
scw/2015/201500780010.001/swg.fits[1]
scw/2015/201500790010.001/swg.fits[1]
scw/2015/201500920010.001/swg.fits[1]
scw/2016/201600610010.001/swg.fits[1]
scw/2016/201600620010.001/swg.fits[1]
scw/2016/201600630010.001/swg.fits[1]
scw/2016/201600640010.001/swg.fits[1]
scw/2016/201600760010.001/swg.fits[1]
scw/2016/201600770010.001/swg.fits[1]
scw/2016/201600780010.001/swg.fits[1]
scw/2016/201600790010.001/swg.fits[1]
scw/2017/201700100010.001/swg.fits[1]
scw/2017/201700110010.001/swg.fits[1]
scw/2017/201700120010.001/swg.fits[1]
scw/2017/201700130010.001/swg.fits[1]
scw/2017/201700260010.001/swg.fits[1]
scw/2017/201700270010.001/swg.fits[1]
scw/2017/201700280010.001/swg.fits[1]
scw/2017/201700290010.001/swg.fits[1]
scw/2017/201700300010.001/swg.fits[1]
scw/2017/201700430010.001/swg.fits[1]
scw/2017/201700440010.001/swg.fits[1]
scw/2017/201700450010.001/swg.fits[1]
scw/2017/201700580010.001/swg.fits[1]
scw/2017/201700590010.001/swg.fits[1]
scw/2017/201700600010.001/swg.fits[1]
scw/2017/201700610010.001/swg.fits[1]
scw/2017/201700740010.001/swg.fits[1]
scw/2017/201700750010.001/swg.fits[1]
scw/2017/201700760010.001/swg.fits[1]
scw/2017/201700770010.001/swg.fits[1]
scw/2017/201700780010.001/swg.fits[1]
scw/2017/201700900010.001/swg.fits[1]
scw/2017/201700910010.001/swg.fits[1]
scw/2018/201800380010.001/swg.fits[1]
scw/2018/201800390010.001/swg.fits[1]
scw/2018/201800520010.001/swg.fits[1]
scw/2018/201800530010.001/swg.fits[1]
scw/2018/201800540010.001/swg.fits[1]
scw/2018/201800550010.001/swg.fits[1]
scw/2019/201900040010.001/swg.fits[1]
scw/2019/201900050010.001/swg.fits[1]
scw/2019/201900060010.001/swg.fits[1]
scw/2019/201900070010.001/swg.fits[1]
scw/2019/201900080010.001/swg.fits[1]
scw/2019/201900210010.001/swg.fits[1]
scw/2019/201900220010.001/swg.fits[1]
scw/2019/201900230010.001/swg.fits[1]
scw/2019/201900360010.001/swg.fits[1]
scw/2019/201900370010.001/swg.fits[1]
scw/2019/201900380010.001/swg.fits[1]
scw/2019/201900390010.001/swg.fits[1]
scw/2019/201900520010.001/swg.fits[1]
scw/2019/201900530010.001/swg.fits[1]
scw/2019/201900540010.001/swg.fits[1]
scw/2019/201900550010.001/swg.fits[1]
scw/2019/201900560010.001/swg.fits[1]
scw/2020/202000040010.001/swg.fits[1]
scw/2020/202000050010.001/swg.fits[1]
scw/2020/202000060010.001/swg.fits[1]
scw/2020/202000070010.001/swg.fits[1]
scw/2020/202000080010.001/swg.fits[1]
scw/2020/202000220010.001/swg.fits[1]
scw/2020/202000230010.001/swg.fits[1]
scw/2020/202000620010.001/swg.fits[1]
scw/2020/202000630010.001/swg.fits[1]
scw/2020/202000640010.001/swg.fits[1]
scw/2020/202000650010.001/swg.fits[1]
scw/2020/202000780010.001/swg.fits[1]
scw/2020/202000790010.001/swg.fits[1]
scw/2020/202000800010.001/swg.fits[1]
scw/2020/202000810010.001/swg.fits[1]
scw/2020/202000820010.001/swg.fits[1]
scw/2021/202100110010.001/swg.fits[1]
scw/2021/202100120010.001/swg.fits[1]
scw/2021/202100130010.001/swg.fits[1]
scw/2021/202100260010.001/swg.fits[1]
scw/2021/202100270010.001/swg.fits[1]
scw/2021/202100280010.001/swg.fits[1]
scw/2021/202100290010.001/swg.fits[1]
scw/2021/202100420010.001/swg.fits[1]
scw/2021/202100430010.001/swg.fits[1]
scw/2021/202100440010.001/swg.fits[1]
scw/2021/202100450010.001/swg.fits[1]
scw/2021/202100460010.001/swg.fits[1]
scw/2021/202100580010.001/swg.fits[1]
scw/2021/202100590010.001/swg.fits[1]
scw/2021/202100600010.001/swg.fits[1]
scw/2021/202100610010.001/swg.fits[1]
scw/2021/202100620010.001/swg.fits[1]
scw/2021/202100760010.001/swg.fits[1]
scw/2021/202100770010.001/swg.fits[1]
scw/2021/202100900010.001/swg.fits[1]
scw/2021/202100910010.001/swg.fits[1]
scw/2022/202200100010.001/swg.fits[1]
scw/2022/202200110010.001/swg.fits[1]
scw/2022/202200120010.001/swg.fits[1]
scw/2022/202200260010.001/swg.fits[1]
scw/2022/202200270010.001/swg.fits[1]
scw/2022/202200280010.001/swg.fits[1]
scw/2022/202200290010.001/swg.fits[1]
scw/2022/202200300010.001/swg.fits[1]
scw/2022/202200430010.001/swg.fits[1]
scw/2022/202200440010.001/swg.fits[1]
scw/2022/202200450010.001/swg.fits[1]
scw/2022/202200580010.001/swg.fits[1]
scw/2022/202200590010.001/swg.fits[1]
scw/2022/202200600010.001/swg.fits[1]
scw/2022/202200610010.001/swg.fits[1]
scw/2084/208400280010.001/swg.fits[1]
scw/2084/208400290010.001/swg.fits[1]
scw/2084/208400310010.001/swg.fits[1]
scw/2084/208400320010.001/swg.fits[1]
scw/2084/208400330010.001/swg.fits[1]
scw/2084/208400340010.001/swg.fits[1]
scw/2084/208400440010.001/swg.fits[1]
scw/2084/208400480010.001/swg.fits[1]
scw/2084/208400490010.001/swg.fits[1]
scw/2084/208400500010.001/swg.fits[1]
scw/2084/208400640010.001/swg.fits[1]
scw/2084/208400650010.001/swg.fits[1]
scw/2084/208400660010.001/swg.fits[1]
scw/2084/208400760010.001/swg.fits[1]
scw/2084/208400770010.001/swg.fits[1]
scw/2084/208400800010.001/swg.fits[1]
scw/2084/208400810010.001/swg.fits[1]
scw/2084/208400820010.001/swg.fits[1]
scw/2084/208400920010.001/swg.fits[1]
scw/2085/208500620010.001/swg.fits[1]
scw/2085/208500630010.001/swg.fits[1]
scw/2085/208500640010.001/swg.fits[1]
scw/2085/208500740010.001/swg.fits[1]
scw/2085/208500780010.001/swg.fits[1]
scw/2085/208500790010.001/swg.fits[1]
scw/2085/208500800010.001/swg.fits[1]
scw/2085/208500900010.001/swg.fits[1]
scw/2085/208500910010.001/swg.fits[1]
scw/2085/208500930010.001/swg.fits[1]
scw/2085/208500940010.001/swg.fits[1]
scw/2085/208500950010.001/swg.fits[1]
scw/2086/208600360010.001/swg.fits[1]
scw/2086/208600400010.001/swg.fits[1]
scw/2086/208600410010.001/swg.fits[1]
scw/2086/208600420010.001/swg.fits[1]
scw/2086/208600560010.001/swg.fits[1]
scw/2086/208600570010.001/swg.fits[1]
scw/2086/208600580010.001/swg.fits[1]
scw/2086/208600680010.001/swg.fits[1]
scw/2086/208600690010.001/swg.fits[1]
scw/2086/208600720010.001/swg.fits[1]
scw/2086/208600730010.001/swg.fits[1]
scw/2086/208600740010.001/swg.fits[1]
scw/2086/208600840010.001/swg.fits[1]
scw/2086/208600880010.001/swg.fits[1]
scw/2086/208600890010.001/swg.fits[1]
scw/2086/208600900010.001/swg.fits[1]
scw/2087/208700610010.001/swg.fits[1]
scw/2087/208700620010.001/swg.fits[1]
scw/2087/208700630010.001/swg.fits[1]
scw/2087/208700730010.001/swg.fits[1]
scw/2087/208700770010.001/swg.fits[1]
scw/2087/208700780010.001/swg.fits[1]
scw/2087/208700790010.001/swg.fits[1]
scw/2087/208700890010.001/swg.fits[1]
scw/2087/208700900010.001/swg.fits[1]
scw/2087/208700920010.001/swg.fits[1]
scw/2087/208700930010.001/swg.fits[1]
scw/2088/208800360010.001/swg.fits[1]
scw/2088/208800400010.001/swg.fits[1]
scw/2088/208800410010.001/swg.fits[1]
scw/2088/208800420010.001/swg.fits[1]
scw/2088/208800560010.001/swg.fits[1]
scw/2088/208800570010.001/swg.fits[1]
scw/2088/208800580010.001/swg.fits[1]
scw/2088/208800680010.001/swg.fits[1]
scw/2088/208800690010.001/swg.fits[1]
scw/2088/208800720010.001/swg.fits[1]
scw/2088/208800730010.001/swg.fits[1]
scw/2088/208800740010.001/swg.fits[1]
scw/2088/208800840010.001/swg.fits[1]
scw/2088/208800880010.001/swg.fits[1]
scw/2088/208800890010.001/swg.fits[1]
scw/2088/208800900010.001/swg.fits[1]
scw/2089/208900460010.001/swg.fits[1]
scw/2089/208900470010.001/swg.fits[1]
scw/2089/208900480010.001/swg.fits[1]
scw/2089/208900580010.001/swg.fits[1]
scw/2089/208900620010.001/swg.fits[1]
scw/2089/208900630010.001/swg.fits[1]
scw/2089/208900640010.001/swg.fits[1]
scw/2089/208900740010.001/swg.fits[1]
scw/2089/208900750010.001/swg.fits[1]
scw/2089/208900770010.001/swg.fits[1]
scw/2089/208900780010.001/swg.fits[1]
scw/2089/208900790010.001/swg.fits[1]
scw/2089/208900800010.001/swg.fits[1]
scw/2089/208900900010.001/swg.fits[1]
scw/2089/208900940010.001/swg.fits[1]
scw/2090/209000520010.001/swg.fits[1]
scw/2090/209000530010.001/swg.fits[1]
scw/2090/209000540010.001/swg.fits[1]
scw/2090/209000640010.001/swg.fits[1]
scw/2090/209000680010.001/swg.fits[1]
scw/2090/209000690010.001/swg.fits[1]
scw/2090/209000700010.001/swg.fits[1]
scw/2090/209000840010.001/swg.fits[1]
scw/2090/209000850010.001/swg.fits[1]
scw/2090/209000860010.001/swg.fits[1]
scw/2090/209000960010.001/swg.fits[1]
scw/2090/209000970010.001/swg.fits[1]
scw/2091/209100070010.001/swg.fits[1]
scw/2091/209100080010.001/swg.fits[1]
scw/2091/209100150010.001/swg.fits[1]
scw/2091/209100160010.001/swg.fits[1]
scw/2091/209100170010.001/swg.fits[1]
scw/2091/209100260010.001/swg.fits[1]
scw/2091/209100330010.001/swg.fits[1]
scw/2091/209100340010.001/swg.fits[1]
scw/2091/209100410010.001/swg.fits[1]
scw/2091/209100420010.001/swg.fits[1]
scw/2091/209100430010.001/swg.fits[1]
scw/2091/209100520010.001/swg.fits[1]
scw/2091/209100570010.001/swg.fits[1]
scw/2091/209100580010.001/swg.fits[1]
scw/2091/209100590010.001/swg.fits[1]
scw/2091/209100600010.001/swg.fits[1]
scw/2091/209100680010.001/swg.fits[1]
scw/2091/209100690010.001/swg.fits[1]
scw/2091/209100830010.001/swg.fits[1]
scw/2091/209100840010.001/swg.fits[1]
scw/2091/209100850010.001/swg.fits[1]
scw/2091/209100860010.001/swg.fits[1]
scw/2092/209200040010.001/swg.fits[1]
scw/2092/209200050010.001/swg.fits[1]
scw/2092/209200170010.001/swg.fits[1]
scw/2092/209200180010.001/swg.fits[1]
scw/2092/209200430010.001/swg.fits[1]
scw/2092/209200440010.001/swg.fits[1]
scw/2105/210500020010.001/swg.fits[1]
scw/2156/215600690010.001/swg.fits[1]
scw/2156/215600700010.001/swg.fits[1]
scw/2156/215600710010.001/swg.fits[1]
scw/2156/215600720010.001/swg.fits[1]
scw/2156/215600850010.001/swg.fits[1]
scw/2156/215600860010.001/swg.fits[1]
scw/2156/215600870010.001/swg.fits[1]
scw/2156/215600880010.001/swg.fits[1]
scw/2286/228600020010.001/swg.fits[1]
scw/2301/230100020010.001/swg.fits[1]
scw/2301/230100110010.001/swg.fits[1]
scw/2301/230100120010.001/swg.fits[1]
scw/2301/230100130010.001/swg.fits[1]
scw/2301/230100200010.001/swg.fits[1]
scw/2301/230100210010.001/swg.fits[1]
scw/2301/230100280010.001/swg.fits[1]
scw/2301/230100370010.001/swg.fits[1]
scw/2301/230100380010.001/swg.fits[1]
scw/2301/230100390010.001/swg.fits[1]
scw/2301/230100460010.001/swg.fits[1]
scw/2301/230100470010.001/swg.fits[1]
scw/2301/230100630010.001/swg.fits[1]
scw/2301/230100640010.001/swg.fits[1]
scw/2301/230100720010.001/swg.fits[1]
scw/2301/230100730010.001/swg.fits[1]
scw/2301/230100740010.001/swg.fits[1]
scw/2301/230100750010.001/swg.fits[1]
scw/2301/230100890010.001/swg.fits[1]
scw/2364/236400230010.001/swg.fits[1]
scw/2364/236400240010.001/swg.fits[1]
scw/2364/236400320010.001/swg.fits[1]
scw/2364/236400330010.001/swg.fits[1]
scw/2364/236400340010.001/swg.fits[1]
scw/2364/236400640010.001/swg.fits[1]
scw/2366/236600060010.001/swg.fits[1]
scw/2366/236600070010.001/swg.fits[1]
scw/2366/236600080010.001/swg.fits[1]
scw/2366/236600090010.001/swg.fits[1]
scw/2366/236600130010.001/swg.fits[1]
scw/2366/236600140010.001/swg.fits[1]
scw/2366/236600150010.001/swg.fits[1]
scw/2366/236600160010.001/swg.fits[1]
scw/2366/236600170010.001/swg.fits[1]
scw/2366/236600250010.001/swg.fits[1]
scw/2367/236700410010.001/swg.fits[1]
scw/2367/236700480010.001/swg.fits[1]
scw/2367/236700490010.001/swg.fits[1]
scw/2367/236700500010.001/swg.fits[1]
scw/2367/236700510010.001/swg.fits[1]
scw/2367/236700520010.001/swg.fits[1]
scw/2367/236700530010.001/swg.fits[1]
scw/2367/236700540010.001/swg.fits[1]
scw/2367/236700570010.001/swg.fits[1]
scw/2367/236700580010.001/swg.fits[1]
scw/2367/236700590010.001/swg.fits[1]
scw/2367/236700600010.001/swg.fits[1]
scw/2367/236700610010.001/swg.fits[1]
scw/2368/236800420010.001/swg.fits[1]
scw/2368/236800430010.001/swg.fits[1]
scw/2368/236800440010.001/swg.fits[1]
scw/2368/236800480010.001/swg.fits[1]
scw/2368/236800490010.001/swg.fits[1]
scw/2368/236800500010.001/swg.fits[1]
scw/2368/236800510010.001/swg.fits[1]
scw/2368/236800520010.001/swg.fits[1]
scw/2369/236900440010.001/swg.fits[1]
scw/2369/236900520010.001/swg.fits[1]
scw/2369/236900530010.001/swg.fits[1]
scw/2369/236900540010.001/swg.fits[1]
scw/2369/236900550010.001/swg.fits[1]
scw/2369/236900560010.001/swg.fits[1]
scw/2369/236900570010.001/swg.fits[1]
scw/2369/236900600010.001/swg.fits[1]
scw/2369/236900610010.001/swg.fits[1]
scw/2369/236900620010.001/swg.fits[1]
scw/2370/237000320010.001/swg.fits[1]
scw/2370/237000330010.001/swg.fits[1]
scw/2370/237000340010.001/swg.fits[1]
scw/2370/237000350010.001/swg.fits[1]
scw/2370/237000400010.001/swg.fits[1]
scw/2370/237000410010.001/swg.fits[1]
scw/2370/237000420010.001/swg.fits[1]
scw/2370/237000430010.001/swg.fits[1]
scw/2370/237000440010.001/swg.fits[1]
scw/2371/237100150010.001/swg.fits[1]
scw/2371/237100160010.001/swg.fits[1]
scw/2371/237100170010.001/swg.fits[1]
scw/2371/237100180010.001/swg.fits[1]
scw/2371/237100190010.001/swg.fits[1]
scw/2371/237100200010.001/swg.fits[1]
scw/2372/237200360010.001/swg.fits[1]
scw/2372/237200370010.001/swg.fits[1]
scw/2373/237300400010.001/swg.fits[1]
scw/2373/237300410010.001/swg.fits[1]
scw/2373/237300420010.001/swg.fits[1]
scw/2373/237300430010.001/swg.fits[1]
scw/2374/237400350010.001/swg.fits[1]
scw/2374/237400360010.001/swg.fits[1]
scw/2374/237400370010.001/swg.fits[1]
scw/2374/237400380010.001/swg.fits[1]
scw/2374/237400390010.001/swg.fits[1]
scw/2374/237400410010.001/swg.fits[1]
scw/2374/237400420010.001/swg.fits[1]
scw/2374/237400430010.001/swg.fits[1]
scw/2374/237400440010.001/swg.fits[1]
scw/2374/237400450010.001/swg.fits[1]
scw/2374/237400460010.001/swg.fits[1]
scw/2374/237400470010.001/swg.fits[1]
scw/2374/237400480010.001/swg.fits[1]
scw/2374/237400500010.001/swg.fits[1]
scw/2374/237400510010.001/swg.fits[1]
scw/2374/237400520010.001/swg.fits[1]
scw/2374/237400530010.001/swg.fits[1]
scw/2374/237400540010.001/swg.fits[1]
scw/2374/237400550010.001/swg.fits[1]
scw/2374/237400560010.001/swg.fits[1]
scw/2375/237500170010.001/swg.fits[1]
scw/2376/237600320010.001/swg.fits[1]
scw/2376/237600330010.001/swg.fits[1]
scw/2376/237600340010.001/swg.fits[1]
scw/2376/237600350010.001/swg.fits[1]
scw/2376/237600360010.001/swg.fits[1]
scw/2376/237600370010.001/swg.fits[1]
scw/2376/237600380010.001/swg.fits[1]
scw/2376/237600390010.001/swg.fits[1]
scw/2376/237600400010.001/swg.fits[1]
scw/2376/237600430010.001/swg.fits[1]
scw/2376/237600440010.001/swg.fits[1]
scw/2376/237600450010.001/swg.fits[1]
scw/2376/237600460010.001/swg.fits[1]
scw/2376/237600470010.001/swg.fits[1]
scw/2376/237600480010.001/swg.fits[1]
scw/2376/237600490010.001/swg.fits[1]
scw/2376/237600500010.001/swg.fits[1]
scw/2376/237600530010.001/swg.fits[1]
scw/2376/237600540010.001/swg.fits[1]
scw/2376/237600540020.001/swg.fits[1]
scw/2377/237700020010.001/swg.fits[1]
scw/2377/237700030010.001/swg.fits[1]
scw/2377/237700040010.001/swg.fits[1]
scw/2377/237700050010.001/swg.fits[1]
scw/2377/237700060010.001/swg.fits[1]
scw/2377/237700070010.001/swg.fits[1]
scw/2378/237800090010.001/swg.fits[1]
scw/2378/237800100010.001/swg.fits[1]
scw/2378/237800110010.001/swg.fits[1]
scw/2378/237800120010.001/swg.fits[1]
scw/2378/237800130010.001/swg.fits[1]
scw/2378/237800140010.001/swg.fits[1]
scw/2378/237800150010.001/swg.fits[1]
scw/2378/237800160010.001/swg.fits[1]
scw/2378/237800170010.001/swg.fits[1]
scw/2378/237800180010.001/swg.fits[1]
scw/2378/237800190010.001/swg.fits[1]
scw/2378/237800200010.001/swg.fits[1]
scw/2378/237800210010.001/swg.fits[1]
scw/2378/237800220010.001/swg.fits[1]
scw/2379/237900020010.001/swg.fits[1]
scw/2379/237900030010.001/swg.fits[1]
scw/2379/237900040010.001/swg.fits[1]
scw/2379/237900050010.001/swg.fits[1]
scw/2379/237900060010.001/swg.fits[1]
scw/2379/237900070010.001/swg.fits[1]
scw/2379/237900080010.001/swg.fits[1]
scw/2379/237900090010.001/swg.fits[1]
scw/2379/237900100010.001/swg.fits[1]
scw/2379/237900110010.001/swg.fits[1]
scw/2379/237900120010.001/swg.fits[1]
scw/2379/237900130010.001/swg.fits[1]
scw/2379/237900140010.001/swg.fits[1]
scw/2379/237900150010.001/swg.fits[1]
scw/2379/237900160010.001/swg.fits[1]
scw/2379/237900170010.001/swg.fits[1]
scw/2445/244500010010.001/swg.fits[1]
scw/2445/244500020010.001/swg.fits[1]
scw/2445/244500030010.001/swg.fits[1]
scw/2445/244500040010.001/swg.fits[1]
scw/2492/249200700010.001/swg.fits[1]
scw/2500/250000040010.001/swg.fits[1]
scw/2500/250000050010.001/swg.fits[1]
scw/2500/250000090010.001/swg.fits[1]
scw/2500/250000100010.001/swg.fits[1]
scw/2500/250000110010.001/swg.fits[1]
scw/2500/250000120010.001/swg.fits[1]
scw/2500/250000130010.001/swg.fits[1]
scw/2500/250000210010.001/swg.fits[1]
scw/2502/250200070010.001/swg.fits[1]
scw/2502/250200140010.001/swg.fits[1]
scw/2502/250200150010.001/swg.fits[1]
scw/2502/250200160010.001/swg.fits[1]
scw/2502/250200170010.001/swg.fits[1]
scw/2502/250200180010.001/swg.fits[1]
scw/2502/250200190010.001/swg.fits[1]
scw/2502/250200200010.001/swg.fits[1]
scw/2502/250200230010.001/swg.fits[1]
scw/2502/250200240010.001/swg.fits[1]
scw/2502/250200250010.001/swg.fits[1]
scw/2502/250200260010.001/swg.fits[1]
scw/2502/250200270010.001/swg.fits[1]
scw/2505/250500190010.001/swg.fits[1]
scw/2505/250500200010.001/swg.fits[1]
scw/2505/250500220010.001/swg.fits[1]
scw/2505/250500250010.001/swg.fits[1]
scw/2505/250500260010.001/swg.fits[1]
scw/2505/250500270010.001/swg.fits[1]
scw/2505/250500280010.001/swg.fits[1]
scw/2505/250500290010.001/swg.fits[1]
scw/2506/250600680010.001/swg.fits[1]
scw/2507/250700580010.001/swg.fits[1]
scw/2507/250700590010.001/swg.fits[1]
scw/2507/250700600010.001/swg.fits[1]
scw/2507/250700610010.001/swg.fits[1]
scw/2507/250700620010.001/swg.fits[1]
scw/2507/250700630010.001/swg.fits[1]
scw/2507/250700660010.001/swg.fits[1]
scw/2507/250700670010.001/swg.fits[1]
scw/2508/250800780010.001/swg.fits[1]
scw/2508/250800790010.001/swg.fits[1]
scw/2508/250800800010.001/swg.fits[1]
scw/2508/250800810010.001/swg.fits[1]
scw/2510/251000600010.001/swg.fits[1]
scw/2510/251000610010.001/swg.fits[1]
scw/2510/251000620010.001/swg.fits[1]
scw/2510/251000630010.001/swg.fits[1]
scw/2510/251000640010.001/swg.fits[1]
scw/2510/251000650010.001/swg.fits[1]
scw/2511/251100370010.001/swg.fits[1]
scw/2511/251100380010.001/swg.fits[1]
scw/2511/251100390010.001/swg.fits[1]
scw/2511/251100400010.001/swg.fits[1]
scw/2511/251100410010.001/swg.fits[1]
scw/2511/251100420010.001/swg.fits[1]
