scw/0267/026700000210.001/swg.fits[1]
scw/0267/026700000230.001/swg.fits[1]
scw/0267/026700000250.001/swg.fits[1]
scw/0267/026700000270.001/swg.fits[1]
scw/0267/026700000290.001/swg.fits[1]
scw/0267/026700000310.001/swg.fits[1]
scw/0267/026700000330.001/swg.fits[1]
scw/0267/026700000350.001/swg.fits[1]
scw/1667/166700450010.001/swg.fits[1]
scw/2227/222700570010.001/swg.fits[1]
scw/2300/230000020010.001/swg.fits[1]
scw/2302/230200080010.001/swg.fits[1]
scw/2302/230200160010.001/swg.fits[1]
scw/2302/230200170010.001/swg.fits[1]
scw/2302/230200180010.001/swg.fits[1]
scw/2302/230200190010.001/swg.fits[1]
scw/2302/230200200010.001/swg.fits[1]
scw/2302/230200240010.001/swg.fits[1]
scw/2302/230200250010.001/swg.fits[1]
scw/2302/230200260010.001/swg.fits[1]
scw/2302/230200270010.001/swg.fits[1]
scw/2302/230200280010.001/swg.fits[1]
scw/2302/230200290010.001/swg.fits[1]
scw/2302/230200300010.001/swg.fits[1]
scw/2302/230200310010.001/swg.fits[1]
scw/2302/230200320010.001/swg.fits[1]
scw/2302/230200330010.001/swg.fits[1]
scw/2302/230200340010.001/swg.fits[1]
scw/2302/230200350010.001/swg.fits[1]
scw/2302/230200360010.001/swg.fits[1]
scw/2302/230200370010.001/swg.fits[1]
scw/2302/230200380010.001/swg.fits[1]
scw/2302/230200390010.001/swg.fits[1]
scw/2302/230200400010.001/swg.fits[1]
scw/2302/230200410010.001/swg.fits[1]
scw/2302/230200450010.001/swg.fits[1]
scw/2302/230200460010.001/swg.fits[1]
scw/2302/230200470010.001/swg.fits[1]
scw/2302/230200480010.001/swg.fits[1]
scw/2302/230200490010.001/swg.fits[1]
scw/2302/230200570010.001/swg.fits[1]
scw/2302/230200570020.001/swg.fits[1]
scw/2366/236600390010.001/swg.fits[1]
scw/2366/236600400010.001/swg.fits[1]
scw/2366/236600410010.001/swg.fits[1]
scw/2366/236600420010.001/swg.fits[1]
scw/2366/236600430010.001/swg.fits[1]
scw/2366/236600440010.001/swg.fits[1]
scw/2366/236600450010.001/swg.fits[1]
scw/2366/236600460010.001/swg.fits[1]
scw/2366/236600470010.001/swg.fits[1]
scw/2366/236600480010.001/swg.fits[1]
scw/2366/236600490010.001/swg.fits[1]
scw/2366/236600500010.001/swg.fits[1]
scw/2366/236600510010.001/swg.fits[1]
scw/2366/236600520010.001/swg.fits[1]
scw/2366/236600530010.001/swg.fits[1]
scw/2366/236600550010.001/swg.fits[1]
scw/2366/236600560010.001/swg.fits[1]
scw/2366/236600570010.001/swg.fits[1]
scw/2366/236600610010.001/swg.fits[1]
scw/2367/236700050010.001/swg.fits[1]
scw/2367/236700090010.001/swg.fits[1]
scw/2367/236700100010.001/swg.fits[1]
scw/2367/236700110010.001/swg.fits[1]
scw/2367/236700130010.001/swg.fits[1]
scw/2367/236700140010.001/swg.fits[1]
scw/2367/236700150010.001/swg.fits[1]
scw/2367/236700160010.001/swg.fits[1]
scw/2367/236700170010.001/swg.fits[1]
scw/2367/236700180010.001/swg.fits[1]
scw/2367/236700190010.001/swg.fits[1]
scw/2367/236700200010.001/swg.fits[1]
scw/2367/236700210010.001/swg.fits[1]
scw/2367/236700220010.001/swg.fits[1]
scw/2367/236700230010.001/swg.fits[1]
scw/2367/236700240010.001/swg.fits[1]
scw/2367/236700250010.001/swg.fits[1]
scw/2368/236800040010.001/swg.fits[1]
scw/2368/236800050010.001/swg.fits[1]
scw/2368/236800060010.001/swg.fits[1]
scw/2368/236800070010.001/swg.fits[1]
scw/2368/236800080010.001/swg.fits[1]
scw/2368/236800090010.001/swg.fits[1]
scw/2368/236800100010.001/swg.fits[1]
scw/2368/236800110010.001/swg.fits[1]
scw/2368/236800120010.001/swg.fits[1]
scw/2368/236800130010.001/swg.fits[1]
scw/2368/236800140010.001/swg.fits[1]
scw/2368/236800150010.001/swg.fits[1]
scw/2368/236800160010.001/swg.fits[1]
scw/2368/236800170010.001/swg.fits[1]
scw/2368/236800180010.001/swg.fits[1]
scw/2368/236800190010.001/swg.fits[1]
scw/2368/236800200010.001/swg.fits[1]
scw/2368/236800210010.001/swg.fits[1]
scw/2369/236900040010.001/swg.fits[1]
scw/2369/236900050010.001/swg.fits[1]
scw/2369/236900060010.001/swg.fits[1]
scw/2369/236900100010.001/swg.fits[1]
scw/2369/236900110010.001/swg.fits[1]
scw/2372/237200020010.001/swg.fits[1]
scw/2373/237300020010.001/swg.fits[1]
scw/2431/243100340010.001/swg.fits[1]
scw/2443/244300310010.001/swg.fits[1]
scw/2444/244400280010.001/swg.fits[1]
scw/2445/244500380010.001/swg.fits[1]
scw/2496/249600530010.001/swg.fits[1]
scw/2499/249900280010.001/swg.fits[1]
scw/2499/249900390010.001/swg.fits[1]
scw/2499/249900400010.001/swg.fits[1]
scw/2499/249900410010.001/swg.fits[1]
scw/2499/249900470010.001/swg.fits[1]
scw/2499/249900480010.001/swg.fits[1]
scw/2499/249900490010.001/swg.fits[1]
scw/2499/249900500010.001/swg.fits[1]
scw/2499/249900510010.001/swg.fits[1]
scw/2499/249900520010.001/swg.fits[1]
scw/2501/250100320010.001/swg.fits[1]
scw/2501/250100330010.001/swg.fits[1]
scw/2501/250100340010.001/swg.fits[1]
scw/2501/250100350010.001/swg.fits[1]
scw/2501/250100360010.001/swg.fits[1]
scw/2501/250100430010.001/swg.fits[1]
scw/2501/250100450010.001/swg.fits[1]
scw/2502/250200390010.001/swg.fits[1]
scw/2502/250200400010.001/swg.fits[1]
scw/2502/250200410010.001/swg.fits[1]
scw/2502/250200480010.001/swg.fits[1]
scw/2502/250200490010.001/swg.fits[1]
scw/2502/250200500010.001/swg.fits[1]
scw/2502/250200510010.001/swg.fits[1]
scw/2502/250200520010.001/swg.fits[1]
scw/2506/250600220010.001/swg.fits[1]
