scw/0026/002600230010.001/swg.fits[1]
scw/0026/002600270010.001/swg.fits[1]
scw/0026/002600280010.001/swg.fits[1]
scw/0026/002600290010.001/swg.fits[1]
scw/0026/002600300010.001/swg.fits[1]
scw/0026/002600310010.001/swg.fits[1]
scw/0026/002600320010.001/swg.fits[1]
scw/0026/002600330010.001/swg.fits[1]
scw/0026/002600340010.001/swg.fits[1]
scw/0026/002600360010.001/swg.fits[1]
scw/0026/002600370010.001/swg.fits[1]
scw/0026/002600380010.001/swg.fits[1]
scw/0026/002600390010.001/swg.fits[1]
scw/0026/002600400010.001/swg.fits[1]
scw/0026/002600410010.001/swg.fits[1]
scw/0026/002600420010.001/swg.fits[1]
scw/0026/002600430010.001/swg.fits[1]
scw/0026/002600440010.001/swg.fits[1]
scw/0026/002600460010.001/swg.fits[1]
scw/0026/002600470010.001/swg.fits[1]
scw/0026/002600480010.001/swg.fits[1]
scw/0026/002600490010.001/swg.fits[1]
scw/0026/002600500010.001/swg.fits[1]
scw/0026/002600510010.001/swg.fits[1]
scw/0026/002600520010.001/swg.fits[1]
scw/0026/002600530010.001/swg.fits[1]
scw/0026/002600570010.001/swg.fits[1]
scw/0026/002600710010.001/swg.fits[1]
scw/0026/002600750010.001/swg.fits[1]
scw/0026/002600760010.001/swg.fits[1]
scw/0026/002600770010.001/swg.fits[1]
scw/0026/002600780010.001/swg.fits[1]
scw/0026/002600790010.001/swg.fits[1]
scw/0026/002600800010.001/swg.fits[1]
scw/0026/002600810010.001/swg.fits[1]
scw/0026/002600820010.001/swg.fits[1]
scw/0026/002600840010.001/swg.fits[1]
scw/0026/002600850010.001/swg.fits[1]
scw/0026/002600860010.001/swg.fits[1]
scw/0026/002600870010.001/swg.fits[1]
scw/0026/002600880010.001/swg.fits[1]
scw/0026/002600890010.001/swg.fits[1]
scw/0026/002600900010.001/swg.fits[1]
scw/0026/002600910010.001/swg.fits[1]
scw/0130/013000040020.001/swg.fits[1]
scw/0130/013000040030.001/swg.fits[1]
scw/0130/013000040040.001/swg.fits[1]
scw/0130/013000040050.001/swg.fits[1]
scw/0130/013000040060.001/swg.fits[1]
scw/0130/013000040070.001/swg.fits[1]
scw/0130/013000040080.001/swg.fits[1]
scw/0130/013000040090.001/swg.fits[1]
scw/0130/013000180010.001/swg.fits[1]
scw/0130/013000220010.001/swg.fits[1]
scw/0130/013000230010.001/swg.fits[1]
scw/0130/013000240010.001/swg.fits[1]
scw/0130/013000260010.001/swg.fits[1]
scw/0130/013000270010.001/swg.fits[1]
scw/0130/013000280010.001/swg.fits[1]
scw/0130/013000290010.001/swg.fits[1]
scw/0130/013000300010.001/swg.fits[1]
scw/0130/013000310010.001/swg.fits[1]
scw/0130/013000320010.001/swg.fits[1]
scw/0130/013000330010.001/swg.fits[1]
scw/0130/013000340010.001/swg.fits[1]
scw/0130/013000360010.001/swg.fits[1]
scw/0130/013000370010.001/swg.fits[1]
scw/0130/013000380010.001/swg.fits[1]
scw/0130/013000560010.001/swg.fits[1]
scw/0130/013000560020.001/swg.fits[1]
scw/0130/013000560030.001/swg.fits[1]
scw/0130/013000560040.001/swg.fits[1]
scw/0130/013000560050.001/swg.fits[1]
scw/0130/013000560060.001/swg.fits[1]
scw/0130/013000560070.001/swg.fits[1]
scw/0130/013000560080.001/swg.fits[1]
scw/0130/013000560090.001/swg.fits[1]
scw/0130/013000560100.001/swg.fits[1]
scw/0130/013000560110.001/swg.fits[1]
scw/0130/013000560120.001/swg.fits[1]
scw/0130/013000560130.001/swg.fits[1]
scw/0130/013000560140.001/swg.fits[1]
scw/0134/013400210010.001/swg.fits[1]
scw/0134/013400210020.001/swg.fits[1]
scw/0135/013500010010.001/swg.fits[1]
scw/0135/013500020010.001/swg.fits[1]
scw/0135/013500020020.001/swg.fits[1]
scw/0135/013500020030.001/swg.fits[1]
scw/0135/013500020040.001/swg.fits[1]
scw/0135/013500020050.001/swg.fits[1]
scw/0135/013500020060.001/swg.fits[1]
scw/0135/013500020070.001/swg.fits[1]
scw/0135/013500020080.001/swg.fits[1]
scw/0135/013500020090.001/swg.fits[1]
scw/0135/013500020100.001/swg.fits[1]
scw/0135/013500020110.001/swg.fits[1]
scw/0135/013500020120.001/swg.fits[1]
scw/0135/013500020130.001/swg.fits[1]
scw/0135/013500020140.001/swg.fits[1]
scw/0135/013500020150.001/swg.fits[1]
scw/0135/013500020160.001/swg.fits[1]
scw/0135/013500020170.001/swg.fits[1]
scw/0135/013500020180.001/swg.fits[1]
scw/0135/013500020190.001/swg.fits[1]
scw/0135/013500020200.001/swg.fits[1]
scw/0135/013500020210.001/swg.fits[1]
scw/0135/013500020220.001/swg.fits[1]
scw/0135/013500020230.001/swg.fits[1]
scw/0135/013500020240.001/swg.fits[1]
scw/0135/013500020250.001/swg.fits[1]
scw/0135/013500020260.001/swg.fits[1]
scw/0135/013500020270.001/swg.fits[1]
scw/0135/013500020280.001/swg.fits[1]
scw/0135/013500020290.001/swg.fits[1]
scw/0135/013500020300.001/swg.fits[1]
scw/0136/013600040010.001/swg.fits[1]
scw/0136/013600040020.001/swg.fits[1]
scw/0136/013600040030.001/swg.fits[1]
scw/0136/013600040040.001/swg.fits[1]
scw/0136/013600040050.001/swg.fits[1]
scw/0136/013600040060.001/swg.fits[1]
scw/0136/013600040070.001/swg.fits[1]
scw/0136/013600040080.001/swg.fits[1]
scw/0136/013600040090.001/swg.fits[1]
scw/0136/013600040100.001/swg.fits[1]
scw/0136/013600040110.001/swg.fits[1]
scw/0136/013600040120.001/swg.fits[1]
scw/0136/013600040130.001/swg.fits[1]
scw/0136/013600040140.001/swg.fits[1]
scw/0136/013600040150.001/swg.fits[1]
scw/0136/013600040160.001/swg.fits[1]
scw/0136/013600040170.001/swg.fits[1]
scw/0136/013600040180.001/swg.fits[1]
scw/0136/013600040190.001/swg.fits[1]
scw/0136/013600040200.001/swg.fits[1]
scw/0136/013600040210.001/swg.fits[1]
scw/0136/013600040220.001/swg.fits[1]
scw/0136/013600040230.001/swg.fits[1]
scw/0136/013600040240.001/swg.fits[1]
scw/0136/013600040250.001/swg.fits[1]
scw/0136/013600040260.001/swg.fits[1]
scw/0136/013600040270.001/swg.fits[1]
scw/0136/013600040280.001/swg.fits[1]
scw/0136/013600040290.001/swg.fits[1]
scw/0136/013600040300.001/swg.fits[1]
scw/0136/013600040310.001/swg.fits[1]
scw/0136/013600040320.001/swg.fits[1]
scw/0136/013600050010.001/swg.fits[1]
scw/0136/013600050020.001/swg.fits[1]
scw/0136/013600050030.001/swg.fits[1]
scw/0136/013600050040.001/swg.fits[1]
scw/0136/013600050050.001/swg.fits[1]
scw/0136/013600050060.001/swg.fits[1]
scw/0136/013600050070.001/swg.fits[1]
scw/0136/013600050080.001/swg.fits[1]
scw/0136/013600050090.001/swg.fits[1]
scw/0136/013600050100.001/swg.fits[1]
scw/0136/013600050110.001/swg.fits[1]
scw/0136/013600050120.001/swg.fits[1]
scw/0136/013600050130.001/swg.fits[1]
scw/0136/013600050140.001/swg.fits[1]
scw/0136/013600050150.001/swg.fits[1]
scw/0136/013600050160.001/swg.fits[1]
scw/0136/013600050170.001/swg.fits[1]
scw/0136/013600050180.001/swg.fits[1]
scw/0136/013600050190.001/swg.fits[1]
scw/0136/013600050200.001/swg.fits[1]
scw/0136/013600050210.001/swg.fits[1]
scw/0136/013600050220.001/swg.fits[1]
scw/0136/013600050230.001/swg.fits[1]
scw/0136/013600050240.001/swg.fits[1]
scw/0136/013600050250.001/swg.fits[1]
scw/0136/013600050260.001/swg.fits[1]
scw/0136/013600050270.001/swg.fits[1]
scw/0136/013600060010.001/swg.fits[1]
scw/0260/026000300010.001/swg.fits[1]
scw/0260/026000310010.001/swg.fits[1]
scw/0260/026000320010.001/swg.fits[1]
scw/0260/026000330010.001/swg.fits[1]
scw/0260/026000340010.001/swg.fits[1]
scw/0260/026000350010.001/swg.fits[1]
scw/0260/026000430010.001/swg.fits[1]
scw/0260/026000640010.001/swg.fits[1]
scw/0260/026000650010.001/swg.fits[1]
scw/0260/026000710010.001/swg.fits[1]
scw/0260/026000720010.001/swg.fits[1]
scw/0260/026000730010.001/swg.fits[1]
scw/0261/026100450010.001/swg.fits[1]
scw/0261/026100460010.001/swg.fits[1]
scw/0261/026100500010.001/swg.fits[1]
scw/0261/026100510010.001/swg.fits[1]
scw/0261/026100520010.001/swg.fits[1]
scw/0261/026100530010.001/swg.fits[1]
scw/0261/026100540010.001/swg.fits[1]
scw/0261/026100620010.001/swg.fits[1]
scw/0917/091700190010.001/swg.fits[1]
scw/1478/147800040010.001/swg.fits[1]
scw/1478/147800050010.001/swg.fits[1]
scw/2364/236400040010.001/swg.fits[1]
scw/2364/236400050010.001/swg.fits[1]
scw/2364/236400060010.001/swg.fits[1]
scw/2364/236400070010.001/swg.fits[1]
scw/2364/236400080010.001/swg.fits[1]
scw/2364/236400090010.001/swg.fits[1]
scw/2364/236400100010.001/swg.fits[1]
scw/2364/236400110010.001/swg.fits[1]
scw/2364/236400120010.001/swg.fits[1]
scw/2364/236400130010.001/swg.fits[1]
scw/2364/236400140010.001/swg.fits[1]
scw/2364/236400150010.001/swg.fits[1]
scw/2364/236400160010.001/swg.fits[1]
scw/2364/236400170010.001/swg.fits[1]
scw/2364/236400180010.001/swg.fits[1]
scw/2364/236400200010.001/swg.fits[1]
scw/2364/236400210010.001/swg.fits[1]
scw/2364/236400220010.001/swg.fits[1]
scw/2364/236400230010.001/swg.fits[1]
scw/2364/236400250010.001/swg.fits[1]
scw/2364/236400310010.001/swg.fits[1]
scw/2364/236400320010.001/swg.fits[1]
scw/2364/236400350010.001/swg.fits[1]
scw/2364/236400360010.001/swg.fits[1]
scw/2364/236400370010.001/swg.fits[1]
scw/2364/236400390010.001/swg.fits[1]
scw/2364/236400400010.001/swg.fits[1]
scw/2364/236400410010.001/swg.fits[1]
scw/2364/236400420010.001/swg.fits[1]
scw/2364/236400430010.001/swg.fits[1]
scw/2364/236400440010.001/swg.fits[1]
scw/2364/236400450010.001/swg.fits[1]
scw/2364/236400460010.001/swg.fits[1]
scw/2364/236400470010.001/swg.fits[1]
scw/2364/236400480010.001/swg.fits[1]
scw/2364/236400490010.001/swg.fits[1]
scw/2364/236400500010.001/swg.fits[1]
scw/2364/236400510010.001/swg.fits[1]
scw/2364/236400520010.001/swg.fits[1]
scw/2364/236400530010.001/swg.fits[1]
scw/2364/236400540010.001/swg.fits[1]
scw/2364/236400550010.001/swg.fits[1]
scw/2364/236400560010.001/swg.fits[1]
scw/2364/236400570010.001/swg.fits[1]
scw/2364/236400580010.001/swg.fits[1]
scw/2364/236400590010.001/swg.fits[1]
scw/2364/236400600010.001/swg.fits[1]
scw/2364/236400610010.001/swg.fits[1]
scw/2364/236400620010.001/swg.fits[1]
scw/2364/236400630010.001/swg.fits[1]
scw/2364/236400640010.001/swg.fits[1]
scw/2364/236400650010.001/swg.fits[1]
scw/2366/236600090010.001/swg.fits[1]
scw/2366/236600100010.001/swg.fits[1]
scw/2367/236700560010.001/swg.fits[1]
scw/2367/236700570010.001/swg.fits[1]
scw/2368/236800450010.001/swg.fits[1]
scw/2369/236900590010.001/swg.fits[1]
scw/2370/237000360010.001/swg.fits[1]
scw/2370/237000370010.001/swg.fits[1]
scw/2372/237200290010.001/swg.fits[1]
scw/2372/237200300010.001/swg.fits[1]
scw/2372/237200310010.001/swg.fits[1]
scw/2372/237200340010.001/swg.fits[1]
scw/2372/237200350010.001/swg.fits[1]
scw/2372/237200430010.001/swg.fits[1]
scw/2372/237200440010.001/swg.fits[1]
scw/2372/237200450010.001/swg.fits[1]
scw/2372/237200460010.001/swg.fits[1]
scw/2372/237200470010.001/swg.fits[1]
scw/2372/237200480010.001/swg.fits[1]
scw/2372/237200490010.001/swg.fits[1]
scw/2372/237200500010.001/swg.fits[1]
scw/2372/237200510010.001/swg.fits[1]
scw/2372/237200520010.001/swg.fits[1]
scw/2372/237200530010.001/swg.fits[1]
scw/2372/237200540010.001/swg.fits[1]
scw/2372/237200550010.001/swg.fits[1]
scw/2372/237200560010.001/swg.fits[1]
scw/2372/237200570010.001/swg.fits[1]
scw/2372/237200580010.001/swg.fits[1]
scw/2430/243000320010.001/swg.fits[1]
scw/2491/249100050010.001/swg.fits[1]
scw/2491/249100070010.001/swg.fits[1]
scw/2491/249100070020.001/swg.fits[1]
scw/2491/249100070030.001/swg.fits[1]
scw/2491/249100070040.001/swg.fits[1]
scw/2491/249100070050.001/swg.fits[1]
scw/2491/249100070060.001/swg.fits[1]
scw/2491/249100070070.001/swg.fits[1]
scw/2491/249100070080.001/swg.fits[1]
scw/2491/249100090010.001/swg.fits[1]
scw/2491/249100090020.001/swg.fits[1]
scw/2491/249100090030.001/swg.fits[1]
scw/2491/249100090040.001/swg.fits[1]
scw/2491/249100090050.001/swg.fits[1]
scw/2491/249100090060.001/swg.fits[1]
scw/2491/249100090070.001/swg.fits[1]
scw/2491/249100090080.001/swg.fits[1]
scw/2500/250000050010.001/swg.fits[1]
scw/2500/250000060010.001/swg.fits[1]
scw/2502/250200220010.001/swg.fits[1]
scw/2502/250200230010.001/swg.fits[1]
scw/2507/250700510010.001/swg.fits[1]
scw/2507/250700650010.001/swg.fits[1]
scw/2508/250800820010.001/swg.fits[1]
scw/2508/250800830010.001/swg.fits[1]
scw/2517/251700350010.001/swg.fits[1]
scw/2518/251800300010.001/swg.fits[1]
scw/2518/251800310010.001/swg.fits[1]
scw/2518/251800320010.001/swg.fits[1]
scw/2518/251800330010.001/swg.fits[1]
scw/2518/251800340010.001/swg.fits[1]
scw/2518/251800350010.001/swg.fits[1]
scw/2518/251800360010.001/swg.fits[1]
scw/2518/251800370010.001/swg.fits[1]
scw/2518/251800380010.001/swg.fits[1]
scw/2518/251800390010.001/swg.fits[1]
scw/2518/251800400010.001/swg.fits[1]
scw/2518/251800410010.001/swg.fits[1]
scw/2518/251800410020.001/swg.fits[1]
