scw/0098/009800100010.001/swg.fits[1]
scw/0098/009800110010.001/swg.fits[1]
scw/0098/009800170010.001/swg.fits[1]
scw/0098/009800180010.001/swg.fits[1]
scw/0098/009800240010.001/swg.fits[1]
scw/0098/009800250010.001/swg.fits[1]
scw/0098/009800310010.001/swg.fits[1]
scw/0098/009800320010.001/swg.fits[1]
scw/0098/009800380010.001/swg.fits[1]
scw/0098/009800390010.001/swg.fits[1]
scw/0098/009800450010.001/swg.fits[1]
scw/0098/009800460010.001/swg.fits[1]
scw/0098/009800520010.001/swg.fits[1]
scw/0098/009800530010.001/swg.fits[1]
scw/0098/009800590010.001/swg.fits[1]
scw/0098/009800600010.001/swg.fits[1]
scw/0099/009900040010.001/swg.fits[1]
scw/0099/009900050010.001/swg.fits[1]
scw/0099/009900110010.001/swg.fits[1]
scw/0099/009900120010.001/swg.fits[1]
scw/0099/009900180010.001/swg.fits[1]
scw/0099/009900190010.001/swg.fits[1]
scw/0099/009900250010.001/swg.fits[1]
scw/0099/009900260010.001/swg.fits[1]
scw/0207/020700580010.001/swg.fits[1]
scw/0207/020700670010.001/swg.fits[1]
scw/0208/020800020010.001/swg.fits[1]
scw/0208/020800110010.001/swg.fits[1]
scw/0208/020800410010.001/swg.fits[1]
scw/0208/020800500010.001/swg.fits[1]
scw/0208/020800590010.001/swg.fits[1]
scw/0209/020900310010.001/swg.fits[1]
scw/0209/020900400010.001/swg.fits[1]
scw/0209/020900490010.001/swg.fits[1]
scw/0336/033600520010.001/swg.fits[1]
scw/0336/033600530010.001/swg.fits[1]
scw/0336/033600540010.001/swg.fits[1]
scw/0336/033600550010.001/swg.fits[1]
scw/0341/034100130010.001/swg.fits[1]
scw/0341/034100140010.001/swg.fits[1]
scw/0341/034100150010.001/swg.fits[1]
scw/0341/034100160010.001/swg.fits[1]
scw/0341/034100190010.001/swg.fits[1]
scw/0456/045600050010.001/swg.fits[1]
scw/0456/045600060010.001/swg.fits[1]
scw/0456/045600070010.001/swg.fits[1]
scw/0456/045600080010.001/swg.fits[1]
scw/0457/045700080010.001/swg.fits[1]
scw/0457/045700090010.001/swg.fits[1]
scw/0457/045700100010.001/swg.fits[1]
scw/0457/045700150010.001/swg.fits[1]
scw/0457/045700160010.001/swg.fits[1]
scw/0457/045700580010.001/swg.fits[1]
scw/0570/057000040010.001/swg.fits[1]
scw/0570/057000050010.001/swg.fits[1]
scw/0570/057000530010.001/swg.fits[1]
scw/0570/057000540010.001/swg.fits[1]
scw/0570/057000550010.001/swg.fits[1]
scw/0570/057000600010.001/swg.fits[1]
scw/0570/057000600020.001/swg.fits[1]
scw/0571/057100020010.001/swg.fits[1]
scw/0571/057100030010.001/swg.fits[1]
scw/0571/057100440010.001/swg.fits[1]
scw/0571/057100450010.001/swg.fits[1]
scw/0571/057100460010.001/swg.fits[1]
scw/0571/057100510010.001/swg.fits[1]
scw/0571/057100520010.001/swg.fits[1]
scw/0571/057100530010.001/swg.fits[1]
scw/0572/057200390010.001/swg.fits[1]
scw/0572/057200400010.001/swg.fits[1]
scw/0572/057200410010.001/swg.fits[1]
scw/0572/057200450010.001/swg.fits[1]
scw/0572/057200460010.001/swg.fits[1]
scw/0572/057200470010.001/swg.fits[1]
scw/0572/057200480010.001/swg.fits[1]
scw/0573/057300320010.001/swg.fits[1]
scw/0573/057300330010.001/swg.fits[1]
scw/0573/057300340010.001/swg.fits[1]
scw/0573/057300350010.001/swg.fits[1]
scw/0573/057300380010.001/swg.fits[1]
scw/0573/057300390010.001/swg.fits[1]
scw/0573/057300400010.001/swg.fits[1]
scw/0573/057300410010.001/swg.fits[1]
scw/0695/069500060010.001/swg.fits[1]
scw/0695/069500070010.001/swg.fits[1]
scw/0695/069500080010.001/swg.fits[1]
scw/0696/069600030010.001/swg.fits[1]
scw/0696/069600040010.001/swg.fits[1]
scw/0696/069600050010.001/swg.fits[1]
scw/0696/069600100010.001/swg.fits[1]
scw/0696/069600110010.001/swg.fits[1]
scw/0696/069600120010.001/swg.fits[1]
scw/0697/069700490010.001/swg.fits[1]
scw/0697/069700500010.001/swg.fits[1]
scw/0697/069700510010.001/swg.fits[1]
scw/0697/069700550010.001/swg.fits[1]
scw/0697/069700560010.001/swg.fits[1]
scw/0697/069700570010.001/swg.fits[1]
scw/0697/069700580010.001/swg.fits[1]
scw/0698/069800370010.001/swg.fits[1]
scw/0698/069800380010.001/swg.fits[1]
scw/0698/069800390010.001/swg.fits[1]
scw/0699/069900050010.001/swg.fits[1]
scw/0699/069900060010.001/swg.fits[1]
scw/0699/069900070010.001/swg.fits[1]
scw/0700/070000100010.001/swg.fits[1]
scw/0700/070000110010.001/swg.fits[1]
scw/0700/070000120010.001/swg.fits[1]
scw/0700/070000130010.001/swg.fits[1]
scw/0700/070000160010.001/swg.fits[1]
scw/0700/070000170010.001/swg.fits[1]
scw/0700/070000180010.001/swg.fits[1]
scw/0700/070000190010.001/swg.fits[1]
scw/0701/070100220010.001/swg.fits[1]
scw/0701/070100230010.001/swg.fits[1]
scw/0701/070100240010.001/swg.fits[1]
scw/0701/070100250010.001/swg.fits[1]
scw/0701/070100280010.001/swg.fits[1]
scw/0701/070100290010.001/swg.fits[1]
scw/0701/070100300010.001/swg.fits[1]
scw/0701/070100310010.001/swg.fits[1]
scw/0701/070100350010.001/swg.fits[1]
scw/1066/106600020010.001/swg.fits[1]
scw/1067/106700020010.001/swg.fits[1]
scw/1067/106700290010.001/swg.fits[1]
scw/1067/106700300010.001/swg.fits[1]
scw/1068/106800040010.001/swg.fits[1]
scw/1068/106800210010.001/swg.fits[1]
