scw/0260/026000290010.001/swg.fits[1]
scw/0260/026000300010.001/swg.fits[1]
scw/0260/026000350010.001/swg.fits[1]
scw/0260/026000360010.001/swg.fits[1]
scw/0260/026000370010.001/swg.fits[1]
scw/0260/026000380010.001/swg.fits[1]
scw/0260/026000390010.001/swg.fits[1]
scw/0260/026000400010.001/swg.fits[1]
scw/0260/026000410010.001/swg.fits[1]
scw/0260/026000420010.001/swg.fits[1]
scw/0260/026000460010.001/swg.fits[1]
scw/0260/026000470010.001/swg.fits[1]
scw/0260/026000480010.001/swg.fits[1]
scw/0260/026000490010.001/swg.fits[1]
scw/0260/026000500010.001/swg.fits[1]
scw/0260/026000590010.001/swg.fits[1]
scw/0260/026000600010.001/swg.fits[1]
scw/0260/026000610010.001/swg.fits[1]
scw/0260/026000620010.001/swg.fits[1]
scw/0260/026000650010.001/swg.fits[1]
scw/0260/026000660010.001/swg.fits[1]
scw/0260/026000670010.001/swg.fits[1]
scw/0260/026000680010.001/swg.fits[1]
scw/0260/026000690010.001/swg.fits[1]
scw/0260/026000700010.001/swg.fits[1]
scw/0260/026000710010.001/swg.fits[1]
scw/0261/026100460010.001/swg.fits[1]
scw/0261/026100470010.001/swg.fits[1]
scw/0261/026100480010.001/swg.fits[1]
scw/0261/026100490010.001/swg.fits[1]
scw/0261/026100500010.001/swg.fits[1]
scw/0261/026100510010.001/swg.fits[1]
scw/0261/026100540010.001/swg.fits[1]
scw/0261/026100550010.001/swg.fits[1]
scw/0261/026100560010.001/swg.fits[1]
scw/0261/026100570010.001/swg.fits[1]
scw/0261/026100580010.001/swg.fits[1]
scw/0261/026100590010.001/swg.fits[1]
scw/0261/026100600010.001/swg.fits[1]
scw/0261/026100610010.001/swg.fits[1]
scw/0261/026100620010.001/swg.fits[1]
scw/0261/026100640010.001/swg.fits[1]
scw/0261/026100650010.001/swg.fits[1]
scw/0261/026100660010.001/swg.fits[1]
scw/0261/026100670010.001/swg.fits[1]
scw/0261/026100680010.001/swg.fits[1]
scw/0261/026100690010.001/swg.fits[1]
scw/0261/026100700010.001/swg.fits[1]
scw/2037/203700440010.001/swg.fits[1]
scw/2038/203800020010.001/swg.fits[1]
scw/2314/231400020010.001/swg.fits[1]
scw/2518/251800310010.001/swg.fits[1]
