scw/0495/049500420010.001/swg.fits[1]
scw/0607/060700480010.001/swg.fits[1]
scw/0607/060700490010.001/swg.fits[1]
scw/0607/060700500010.001/swg.fits[1]
scw/0607/060700510010.001/swg.fits[1]
scw/0610/061000460010.001/swg.fits[1]
scw/0610/061000470010.001/swg.fits[1]
scw/0610/061000480010.001/swg.fits[1]
scw/0610/061000490010.001/swg.fits[1]
scw/0611/061100380010.001/swg.fits[1]
scw/0611/061100390010.001/swg.fits[1]
scw/0611/061100400010.001/swg.fits[1]
scw/0611/061100410010.001/swg.fits[1]
scw/0614/061400100010.001/swg.fits[1]
scw/0614/061400110010.001/swg.fits[1]
scw/0614/061400640010.001/swg.fits[1]
scw/0614/061400650010.001/swg.fits[1]
scw/0614/061400660010.001/swg.fits[1]
scw/0614/061400670010.001/swg.fits[1]
scw/0615/061500260010.001/swg.fits[1]
scw/0615/061500270010.001/swg.fits[1]
scw/0615/061500280010.001/swg.fits[1]
scw/0615/061500290010.001/swg.fits[1]
scw/0615/061500800010.001/swg.fits[1]
scw/0615/061500810010.001/swg.fits[1]
scw/0667/066700480010.001/swg.fits[1]
scw/0667/066700490010.001/swg.fits[1]
scw/0667/066700500010.001/swg.fits[1]
scw/0667/066700510010.001/swg.fits[1]
scw/0670/067000500010.001/swg.fits[1]
scw/0670/067000510010.001/swg.fits[1]
scw/0670/067000520010.001/swg.fits[1]
scw/0670/067000530010.001/swg.fits[1]
scw/0671/067100180010.001/swg.fits[1]
scw/0671/067100190010.001/swg.fits[1]
scw/0671/067100790010.001/swg.fits[1]
scw/0671/067100800010.001/swg.fits[1]
scw/0672/067200410010.001/swg.fits[1]
scw/0672/067200420010.001/swg.fits[1]
scw/0672/067200440010.001/swg.fits[1]
scw/0672/067200450010.001/swg.fits[1]
scw/0672/067201030010.001/swg.fits[1]
scw/0672/067201040010.001/swg.fits[1]
scw/0674/067400610010.001/swg.fits[1]
scw/0674/067400620010.001/swg.fits[1]
scw/0674/067400630010.001/swg.fits[1]
scw/0674/067400640010.001/swg.fits[1]
scw/0674/067400920010.001/swg.fits[1]
scw/0674/067400930010.001/swg.fits[1]
scw/0733/073300850010.001/swg.fits[1]
scw/0798/079800020010.001/swg.fits[1]
scw/0798/079800030010.001/swg.fits[1]
scw/0798/079800040010.001/swg.fits[1]
scw/0798/079800110010.001/swg.fits[1]
scw/0798/079800120010.001/swg.fits[1]
scw/0798/079800170010.001/swg.fits[1]
scw/0798/079800560010.001/swg.fits[1]
scw/0798/079800570010.001/swg.fits[1]
scw/0798/079800580010.001/swg.fits[1]
scw/0799/079900020010.001/swg.fits[1]
scw/0799/079900070010.001/swg.fits[1]
scw/0799/079900080010.001/swg.fits[1]
scw/0799/079900090010.001/swg.fits[1]
scw/0799/079900100010.001/swg.fits[1]
scw/0799/079900110010.001/swg.fits[1]
scw/0799/079900190010.001/swg.fits[1]
scw/0799/079900500010.001/swg.fits[1]
scw/0799/079900580010.001/swg.fits[1]
scw/0799/079900590010.001/swg.fits[1]
scw/0799/079900600010.001/swg.fits[1]
scw/0847/084700390010.001/swg.fits[1]
scw/0847/084700400010.001/swg.fits[1]
scw/0847/084700710010.001/swg.fits[1]
scw/0847/084700720010.001/swg.fits[1]
scw/0848/084800070010.001/swg.fits[1]
scw/0848/084800080010.001/swg.fits[1]
scw/0848/084800720010.001/swg.fits[1]
scw/0848/084800730010.001/swg.fits[1]
scw/0849/084900020010.001/swg.fits[1]
scw/0849/084900030010.001/swg.fits[1]
scw/0849/084900360010.001/swg.fits[1]
scw/0849/084900370010.001/swg.fits[1]
scw/0851/085100400010.001/swg.fits[1]
scw/0851/085100410010.001/swg.fits[1]
scw/0852/085200310010.001/swg.fits[1]
scw/0852/085200320010.001/swg.fits[1]
scw/0926/092600260010.001/swg.fits[1]
scw/0926/092600270010.001/swg.fits[1]
scw/0926/092600280010.001/swg.fits[1]
scw/0926/092600290010.001/swg.fits[1]
scw/0926/092600300010.001/swg.fits[1]
scw/0926/092600310010.001/swg.fits[1]
scw/0926/092600320010.001/swg.fits[1]
scw/0926/092600330010.001/swg.fits[1]
scw/0926/092600340010.001/swg.fits[1]
scw/0926/092600350010.001/swg.fits[1]
scw/0926/092600450010.001/swg.fits[1]
scw/0926/092600460010.001/swg.fits[1]
scw/0926/092600500010.001/swg.fits[1]
scw/0926/092600510010.001/swg.fits[1]
scw/0926/092600520010.001/swg.fits[1]
scw/0926/092600540010.001/swg.fits[1]
scw/0926/092600550010.001/swg.fits[1]
scw/0927/092700290010.001/swg.fits[1]
scw/0927/092700300010.001/swg.fits[1]
scw/0927/092700310010.001/swg.fits[1]
scw/0927/092700320010.001/swg.fits[1]
scw/0927/092700330010.001/swg.fits[1]
scw/0927/092700340010.001/swg.fits[1]
scw/0927/092700350010.001/swg.fits[1]
scw/0927/092700360010.001/swg.fits[1]
scw/0927/092700370010.001/swg.fits[1]
scw/0927/092700380010.001/swg.fits[1]
scw/0927/092700480010.001/swg.fits[1]
scw/0927/092700490010.001/swg.fits[1]
scw/0927/092700500010.001/swg.fits[1]
scw/0927/092700510010.001/swg.fits[1]
scw/0927/092700520010.001/swg.fits[1]
scw/0927/092700530010.001/swg.fits[1]
scw/0927/092700540010.001/swg.fits[1]
scw/0927/092700550010.001/swg.fits[1]
scw/0927/092700560010.001/swg.fits[1]
scw/0927/092700570010.001/swg.fits[1]
scw/0928/092800260010.001/swg.fits[1]
scw/0928/092800280010.001/swg.fits[1]
scw/0928/092800290010.001/swg.fits[1]
scw/0928/092800300010.001/swg.fits[1]
scw/0928/092800310010.001/swg.fits[1]
scw/0928/092800320010.001/swg.fits[1]
scw/0928/092800330010.001/swg.fits[1]
scw/0928/092800340010.001/swg.fits[1]
scw/0928/092800350010.001/swg.fits[1]
scw/0928/092800360010.001/swg.fits[1]
scw/0928/092800430010.001/swg.fits[1]
scw/0928/092800440010.001/swg.fits[1]
scw/0928/092800450010.001/swg.fits[1]
scw/0928/092800460010.001/swg.fits[1]
scw/0928/092800470010.001/swg.fits[1]
scw/0928/092800480010.001/swg.fits[1]
scw/0928/092800490010.001/swg.fits[1]
scw/0928/092800500010.001/swg.fits[1]
scw/0928/092800510010.001/swg.fits[1]
scw/0928/092800520010.001/swg.fits[1]
scw/0975/097500980010.001/swg.fits[1]
scw/1035/103500360010.001/swg.fits[1]
scw/1042/104200480010.001/swg.fits[1]
scw/1042/104200490010.001/swg.fits[1]
scw/1042/104200500010.001/swg.fits[1]
scw/1042/104200570010.001/swg.fits[1]
scw/1042/104200580010.001/swg.fits[1]
scw/1042/104200590010.001/swg.fits[1]
scw/1043/104300360010.001/swg.fits[1]
scw/1043/104300370010.001/swg.fits[1]
scw/1043/104300390010.001/swg.fits[1]
scw/1043/104300440010.001/swg.fits[1]
scw/1043/104300450010.001/swg.fits[1]
scw/1043/104300460010.001/swg.fits[1]
scw/1043/104300470010.001/swg.fits[1]
scw/1043/104300480010.001/swg.fits[1]
scw/1044/104400370010.001/swg.fits[1]
scw/1044/104400440010.001/swg.fits[1]
scw/1044/104400450010.001/swg.fits[1]
scw/1044/104400460010.001/swg.fits[1]
scw/1045/104500230010.001/swg.fits[1]
scw/1045/104500240010.001/swg.fits[1]
scw/1045/104500250010.001/swg.fits[1]
scw/1045/104500320010.001/swg.fits[1]
scw/1045/104500330010.001/swg.fits[1]
scw/1045/104500340010.001/swg.fits[1]
scw/1736/173600300010.001/swg.fits[1]
scw/2294/229400710010.001/swg.fits[1]
