scw/0051/005100530010.001/swg.fits[1]
scw/0055/005500760010.001/swg.fits[1]
scw/0055/005500770010.001/swg.fits[1]
scw/0055/005500780010.001/swg.fits[1]
scw/0058/005800170010.001/swg.fits[1]
scw/0058/005800180010.001/swg.fits[1]
scw/0058/005800190010.001/swg.fits[1]
scw/0063/006300060010.001/swg.fits[1]
scw/0066/006600030010.001/swg.fits[1]
scw/0066/006600040010.001/swg.fits[1]
scw/0066/006600050010.001/swg.fits[1]
scw/0170/017001010010.001/swg.fits[1]
scw/0170/017001020010.001/swg.fits[1]
scw/0170/017001030010.001/swg.fits[1]
scw/0177/017700110010.001/swg.fits[1]
scw/0177/017700120010.001/swg.fits[1]
scw/0186/018600890010.001/swg.fits[1]
scw/0186/018600900010.001/swg.fits[1]
scw/0186/018600910010.001/swg.fits[1]
scw/0229/022900550010.001/swg.fits[1]
scw/0229/022900560010.001/swg.fits[1]
scw/0256/025600040010.001/swg.fits[1]
scw/0256/025600050010.001/swg.fits[1]
scw/0301/030100090010.001/swg.fits[1]
scw/0301/030100100010.001/swg.fits[1]
scw/0301/030100110010.001/swg.fits[1]
scw/0308/030800080010.001/swg.fits[1]
scw/0308/030800090010.001/swg.fits[1]
scw/0380/038000020010.001/swg.fits[1]
scw/0380/038000030010.001/swg.fits[1]
scw/0428/042800640010.001/swg.fits[1]
scw/0428/042800650010.001/swg.fits[1]
scw/0618/061800110010.001/swg.fits[1]
scw/0618/061800120010.001/swg.fits[1]
scw/0618/061800130010.001/swg.fits[1]
scw/0618/061800200010.001/swg.fits[1]
scw/0618/061800210010.001/swg.fits[1]
scw/0618/061800220010.001/swg.fits[1]
scw/0618/061800310010.001/swg.fits[1]
scw/0618/061800310020.001/swg.fits[1]
scw/0618/061800360010.001/swg.fits[1]
scw/0618/061800370010.001/swg.fits[1]
scw/0618/061800380010.001/swg.fits[1]
scw/0618/061800440010.001/swg.fits[1]
scw/0618/061800450010.001/swg.fits[1]
scw/0618/061800460010.001/swg.fits[1]
scw/0618/061800470010.001/swg.fits[1]
scw/0618/061800550010.001/swg.fits[1]
scw/0619/061900010010.001/swg.fits[1]
scw/0619/061900100010.001/swg.fits[1]
scw/0619/061900110010.001/swg.fits[1]
scw/0619/061900120010.001/swg.fits[1]
scw/0619/061900190010.001/swg.fits[1]
scw/0619/061900200010.001/swg.fits[1]
scw/0619/061900300010.001/swg.fits[1]
scw/0619/061900310010.001/swg.fits[1]
scw/0619/061900320010.001/swg.fits[1]
scw/0619/061900380010.001/swg.fits[1]
scw/0619/061900390010.001/swg.fits[1]
scw/0619/061900400010.001/swg.fits[1]
scw/0619/061900540010.001/swg.fits[1]
scw/0619/061900550010.001/swg.fits[1]
scw/0620/062000030010.001/swg.fits[1]
scw/0620/062000130010.001/swg.fits[1]
scw/0620/062000140010.001/swg.fits[1]
scw/0620/062000220010.001/swg.fits[1]
scw/0620/062000230010.001/swg.fits[1]
scw/0620/062000240010.001/swg.fits[1]
scw/0620/062000330010.001/swg.fits[1]
scw/0620/062000340010.001/swg.fits[1]
scw/0620/062000350010.001/swg.fits[1]
scw/0620/062000420010.001/swg.fits[1]
scw/0620/062000430010.001/swg.fits[1]
scw/0620/062000440010.001/swg.fits[1]
scw/0674/067400970010.001/swg.fits[1]
scw/0675/067500050010.001/swg.fits[1]
scw/0675/067500060010.001/swg.fits[1]
scw/0675/067500070010.001/swg.fits[1]
scw/0675/067500160010.001/swg.fits[1]
scw/0675/067500170010.001/swg.fits[1]
scw/0676/067600060010.001/swg.fits[1]
scw/0676/067600070010.001/swg.fits[1]
scw/0676/067600080010.001/swg.fits[1]
scw/0676/067600090010.001/swg.fits[1]
scw/0676/067600150010.001/swg.fits[1]
scw/0676/067600160010.001/swg.fits[1]
scw/0676/067600170010.001/swg.fits[1]
scw/0676/067600180010.001/swg.fits[1]
scw/0676/067600270010.001/swg.fits[1]
scw/0676/067600280010.001/swg.fits[1]
scw/0676/067600290010.001/swg.fits[1]
scw/0676/067600360010.001/swg.fits[1]
scw/0676/067600370010.001/swg.fits[1]
scw/0676/067600380010.001/swg.fits[1]
scw/0676/067600470010.001/swg.fits[1]
scw/0676/067600570010.001/swg.fits[1]
scw/0676/067600580010.001/swg.fits[1]
scw/0676/067600590010.001/swg.fits[1]
scw/0677/067700430010.001/swg.fits[1]
scw/0677/067700440010.001/swg.fits[1]
scw/0677/067700450010.001/swg.fits[1]
scw/0677/067700460010.001/swg.fits[1]
scw/0677/067700520010.001/swg.fits[1]
scw/0677/067700530010.001/swg.fits[1]
scw/0677/067700540010.001/swg.fits[1]
scw/0677/067700630010.001/swg.fits[1]
scw/0678/067800070010.001/swg.fits[1]
scw/0678/067800080010.001/swg.fits[1]
scw/0678/067800090010.001/swg.fits[1]
scw/0679/067900140010.001/swg.fits[1]
scw/0679/067900140020.001/swg.fits[1]
scw/0679/067900730010.001/swg.fits[1]
scw/0679/067900740010.001/swg.fits[1]
scw/0679/067900750010.001/swg.fits[1]
scw/0679/067900840010.001/swg.fits[1]
scw/0679/067900850010.001/swg.fits[1]
scw/0903/090301000010.001/swg.fits[1]
scw/0918/091800520010.001/swg.fits[1]
scw/0918/091800530010.001/swg.fits[1]
scw/0918/091800540010.001/swg.fits[1]
scw/0918/091800550010.001/swg.fits[1]
scw/0918/091800560010.001/swg.fits[1]
scw/0918/091800670010.001/swg.fits[1]
scw/0918/091800680010.001/swg.fits[1]
scw/0918/091800690010.001/swg.fits[1]
scw/0918/091800700010.001/swg.fits[1]
scw/0918/091800710010.001/swg.fits[1]
scw/0918/091800720010.001/swg.fits[1]
scw/0918/091800730010.001/swg.fits[1]
scw/0918/091800740010.001/swg.fits[1]
scw/0918/091800750010.001/swg.fits[1]
scw/0918/091800760010.001/swg.fits[1]
scw/0919/091900580010.001/swg.fits[1]
scw/0919/091900590010.001/swg.fits[1]
scw/0919/091900600010.001/swg.fits[1]
scw/0919/091900610010.001/swg.fits[1]
scw/0919/091900620010.001/swg.fits[1]
scw/0919/091900630010.001/swg.fits[1]
scw/0919/091900640010.001/swg.fits[1]
scw/0919/091900650010.001/swg.fits[1]
scw/0919/091900660010.001/swg.fits[1]
scw/0919/091900670010.001/swg.fits[1]
scw/0919/091900780010.001/swg.fits[1]
scw/0919/091900790010.001/swg.fits[1]
scw/0919/091900800010.001/swg.fits[1]
scw/0919/091900810010.001/swg.fits[1]
scw/0919/091900820010.001/swg.fits[1]
scw/0919/091900830010.001/swg.fits[1]
scw/0919/091900840010.001/swg.fits[1]
scw/0919/091900850010.001/swg.fits[1]
scw/0919/091900860010.001/swg.fits[1]
scw/0919/091900870010.001/swg.fits[1]
scw/0919/091900980010.001/swg.fits[1]
scw/0919/091900990010.001/swg.fits[1]
scw/0919/091901000010.001/swg.fits[1]
scw/0919/091901010010.001/swg.fits[1]
scw/0919/091901020010.001/swg.fits[1]
scw/0919/091901030010.001/swg.fits[1]
scw/0919/091901040010.001/swg.fits[1]
scw/0919/091901050010.001/swg.fits[1]
scw/0920/092000010010.001/swg.fits[1]
scw/0920/092000020010.001/swg.fits[1]
scw/0920/092000530010.001/swg.fits[1]
scw/0920/092000540010.001/swg.fits[1]
scw/0920/092000550010.001/swg.fits[1]
scw/0920/092000560010.001/swg.fits[1]
scw/0920/092000570010.001/swg.fits[1]
scw/0920/092000580010.001/swg.fits[1]
scw/0920/092000590010.001/swg.fits[1]
scw/0920/092000600010.001/swg.fits[1]
scw/0920/092000610010.001/swg.fits[1]
scw/0920/092000620010.001/swg.fits[1]
scw/0920/092000730010.001/swg.fits[1]
scw/0920/092000740010.001/swg.fits[1]
scw/0920/092000750010.001/swg.fits[1]
scw/0920/092000760010.001/swg.fits[1]
scw/0920/092000770010.001/swg.fits[1]
scw/0920/092000780010.001/swg.fits[1]
scw/0920/092000790010.001/swg.fits[1]
scw/0920/092000800010.001/swg.fits[1]
scw/0920/092000810010.001/swg.fits[1]
scw/0920/092000940010.001/swg.fits[1]
scw/0920/092000950010.001/swg.fits[1]
scw/0920/092000960010.001/swg.fits[1]
scw/0920/092000970010.001/swg.fits[1]
scw/0920/092000980010.001/swg.fits[1]
scw/0920/092000990010.001/swg.fits[1]
scw/0920/092001000010.001/swg.fits[1]
scw/0920/092001010010.001/swg.fits[1]
scw/0921/092100600010.001/swg.fits[1]
scw/0921/092100610010.001/swg.fits[1]
scw/0921/092100620010.001/swg.fits[1]
scw/0921/092100630010.001/swg.fits[1]
scw/0921/092100640010.001/swg.fits[1]
scw/0921/092100650010.001/swg.fits[1]
scw/0921/092100660010.001/swg.fits[1]
scw/0921/092100670010.001/swg.fits[1]
scw/0921/092100680010.001/swg.fits[1]
scw/0921/092100690010.001/swg.fits[1]
scw/0921/092100800010.001/swg.fits[1]
scw/0921/092100810010.001/swg.fits[1]
scw/0921/092100820010.001/swg.fits[1]
scw/0921/092100830010.001/swg.fits[1]
scw/0921/092100840010.001/swg.fits[1]
scw/0921/092100850010.001/swg.fits[1]
scw/0921/092100860010.001/swg.fits[1]
scw/0921/092100870010.001/swg.fits[1]
scw/0921/092100880010.001/swg.fits[1]
scw/0921/092101010010.001/swg.fits[1]
scw/0921/092101020010.001/swg.fits[1]
scw/0921/092101030010.001/swg.fits[1]
scw/0921/092101040010.001/swg.fits[1]
scw/0921/092101050010.001/swg.fits[1]
scw/0921/092101060010.001/swg.fits[1]
scw/0921/092101070010.001/swg.fits[1]
scw/0922/092200010010.001/swg.fits[1]
scw/0922/092200530010.001/swg.fits[1]
scw/0922/092200540010.001/swg.fits[1]
scw/0922/092200550010.001/swg.fits[1]
scw/0922/092200560010.001/swg.fits[1]
scw/0922/092200570010.001/swg.fits[1]
scw/0922/092200580010.001/swg.fits[1]
scw/0922/092200590010.001/swg.fits[1]
scw/0922/092200600010.001/swg.fits[1]
scw/0922/092200610010.001/swg.fits[1]
scw/0922/092200620010.001/swg.fits[1]
scw/0922/092200730010.001/swg.fits[1]
scw/0922/092200740010.001/swg.fits[1]
scw/0922/092200750010.001/swg.fits[1]
scw/0922/092200760010.001/swg.fits[1]
scw/0922/092200770010.001/swg.fits[1]
scw/0922/092200780010.001/swg.fits[1]
scw/0922/092200790010.001/swg.fits[1]
scw/0922/092200800010.001/swg.fits[1]
scw/0922/092200810010.001/swg.fits[1]
scw/0922/092200940010.001/swg.fits[1]
scw/0922/092200950010.001/swg.fits[1]
scw/0922/092200960010.001/swg.fits[1]
scw/0922/092200970010.001/swg.fits[1]
scw/0922/092200980010.001/swg.fits[1]
scw/0922/092200990010.001/swg.fits[1]
scw/0922/092201000010.001/swg.fits[1]
scw/0922/092201010010.001/swg.fits[1]
scw/0923/092300610010.001/swg.fits[1]
scw/0923/092300620010.001/swg.fits[1]
scw/0923/092300630010.001/swg.fits[1]
scw/0923/092300640010.001/swg.fits[1]
scw/0923/092300650010.001/swg.fits[1]
scw/0923/092300660010.001/swg.fits[1]
scw/0923/092300670010.001/swg.fits[1]
scw/0923/092300680010.001/swg.fits[1]
scw/0923/092300810010.001/swg.fits[1]
scw/0923/092300820010.001/swg.fits[1]
scw/0923/092300830010.001/swg.fits[1]
scw/0923/092300840010.001/swg.fits[1]
scw/0923/092300850010.001/swg.fits[1]
scw/0923/092300860010.001/swg.fits[1]
scw/0923/092300870010.001/swg.fits[1]
scw/0923/092300880010.001/swg.fits[1]
scw/0923/092300890010.001/swg.fits[1]
scw/0923/092301000010.001/swg.fits[1]
scw/0923/092301010010.001/swg.fits[1]
scw/0923/092301020010.001/swg.fits[1]
scw/0923/092301030010.001/swg.fits[1]
scw/0923/092301040010.001/swg.fits[1]
scw/0923/092301050010.001/swg.fits[1]
scw/0923/092301060010.001/swg.fits[1]
scw/0923/092301070010.001/swg.fits[1]
scw/0924/092400470010.001/swg.fits[1]
scw/0924/092400480010.001/swg.fits[1]
scw/0924/092400590010.001/swg.fits[1]
scw/0924/092400600010.001/swg.fits[1]
scw/0924/092400610010.001/swg.fits[1]
scw/0924/092400620010.001/swg.fits[1]
scw/0924/092400630010.001/swg.fits[1]
scw/0924/092401000010.001/swg.fits[1]
scw/0924/092401010010.001/swg.fits[1]
scw/0971/097100500010.001/swg.fits[1]
scw/0971/097100510010.001/swg.fits[1]
scw/0971/097100520010.001/swg.fits[1]
scw/0971/097100530010.001/swg.fits[1]
scw/0971/097100540010.001/swg.fits[1]
scw/0971/097100550010.001/swg.fits[1]
scw/0971/097100560010.001/swg.fits[1]
scw/0971/097100570010.001/swg.fits[1]
scw/0971/097100580010.001/swg.fits[1]
scw/0971/097100590010.001/swg.fits[1]
scw/0973/097300540010.001/swg.fits[1]
scw/0973/097300550010.001/swg.fits[1]
scw/0973/097300570010.001/swg.fits[1]
scw/0973/097300580010.001/swg.fits[1]
scw/0973/097300590010.001/swg.fits[1]
scw/0973/097300600010.001/swg.fits[1]
scw/0973/097300610010.001/swg.fits[1]
scw/0973/097300620010.001/swg.fits[1]
scw/0973/097300630010.001/swg.fits[1]
scw/0973/097300760010.001/swg.fits[1]
scw/0973/097300770010.001/swg.fits[1]
scw/0973/097300780010.001/swg.fits[1]
scw/0973/097300800010.001/swg.fits[1]
scw/0973/097300810010.001/swg.fits[1]
scw/0973/097300820010.001/swg.fits[1]
scw/0973/097300830010.001/swg.fits[1]
scw/0973/097300840010.001/swg.fits[1]
scw/0973/097300850010.001/swg.fits[1]
scw/0974/097400160010.001/swg.fits[1]
scw/0974/097400170010.001/swg.fits[1]
scw/0974/097400180010.001/swg.fits[1]
scw/0974/097400190010.001/swg.fits[1]
scw/0974/097400200010.001/swg.fits[1]
scw/0974/097400210010.001/swg.fits[1]
scw/0974/097400220010.001/swg.fits[1]
scw/0974/097400230010.001/swg.fits[1]
scw/0974/097400240010.001/swg.fits[1]
scw/0974/097400250010.001/swg.fits[1]
scw/0974/097400380010.001/swg.fits[1]
scw/0974/097400390010.001/swg.fits[1]
scw/0974/097400400010.001/swg.fits[1]
scw/0974/097400410010.001/swg.fits[1]
scw/0974/097400420010.001/swg.fits[1]
scw/0974/097400430010.001/swg.fits[1]
scw/0974/097400440010.001/swg.fits[1]
scw/0974/097400450010.001/swg.fits[1]
scw/0974/097400460010.001/swg.fits[1]
scw/0974/097400470010.001/swg.fits[1]
scw/0975/097500100010.001/swg.fits[1]
scw/0975/097500110010.001/swg.fits[1]
scw/0975/097500120010.001/swg.fits[1]
scw/0975/097500130010.001/swg.fits[1]
scw/0975/097500140010.001/swg.fits[1]
scw/0975/097500150010.001/swg.fits[1]
scw/0975/097500160010.001/swg.fits[1]
scw/0975/097500170010.001/swg.fits[1]
scw/0975/097500180010.001/swg.fits[1]
scw/0975/097500190010.001/swg.fits[1]
scw/0975/097500500010.001/swg.fits[1]
scw/0975/097500510010.001/swg.fits[1]
scw/0975/097500520010.001/swg.fits[1]
scw/0975/097500530010.001/swg.fits[1]
scw/0975/097500540010.001/swg.fits[1]
scw/0975/097500550010.001/swg.fits[1]
scw/0975/097500560010.001/swg.fits[1]
scw/0975/097500570010.001/swg.fits[1]
scw/0975/097500580010.001/swg.fits[1]
scw/0975/097500590010.001/swg.fits[1]
scw/0975/097500720010.001/swg.fits[1]
scw/0975/097500730010.001/swg.fits[1]
scw/0975/097500740010.001/swg.fits[1]
scw/0975/097500750010.001/swg.fits[1]
scw/0975/097500760010.001/swg.fits[1]
scw/0975/097500770010.001/swg.fits[1]
scw/0975/097500780010.001/swg.fits[1]
scw/0975/097500790010.001/swg.fits[1]
scw/0975/097500800010.001/swg.fits[1]
scw/0975/097500810010.001/swg.fits[1]
scw/0978/097800660010.001/swg.fits[1]
scw/0978/097800670010.001/swg.fits[1]
scw/0978/097800690010.001/swg.fits[1]
scw/0978/097800700010.001/swg.fits[1]
scw/0978/097800710010.001/swg.fits[1]
scw/0979/097900210010.001/swg.fits[1]
scw/0979/097900220010.001/swg.fits[1]
scw/0979/097900230010.001/swg.fits[1]
scw/0979/097900240010.001/swg.fits[1]
scw/0979/097900250010.001/swg.fits[1]
scw/0979/097900260010.001/swg.fits[1]
scw/0979/097900270010.001/swg.fits[1]
scw/0979/097900280010.001/swg.fits[1]
scw/0979/097900410010.001/swg.fits[1]
scw/0979/097900420010.001/swg.fits[1]
scw/0979/097900430010.001/swg.fits[1]
scw/0979/097900440010.001/swg.fits[1]
scw/0979/097900450010.001/swg.fits[1]
scw/0979/097900460010.001/swg.fits[1]
scw/0979/097900470010.001/swg.fits[1]
scw/0979/097900480010.001/swg.fits[1]
scw/0979/097901010010.001/swg.fits[1]
scw/0979/097901020010.001/swg.fits[1]
scw/0979/097901030010.001/swg.fits[1]
scw/0979/097901040010.001/swg.fits[1]
scw/0979/097901050010.001/swg.fits[1]
scw/0979/097901060010.001/swg.fits[1]
scw/0979/097901070010.001/swg.fits[1]
scw/0979/097901080010.001/swg.fits[1]
scw/0980/098000290010.001/swg.fits[1]
scw/0980/098000300010.001/swg.fits[1]
scw/0980/098000310010.001/swg.fits[1]
scw/0980/098000320010.001/swg.fits[1]
scw/0980/098000330010.001/swg.fits[1]
scw/0980/098000340010.001/swg.fits[1]
scw/0980/098000350010.001/swg.fits[1]
scw/0980/098000360010.001/swg.fits[1]
scw/0980/098000490010.001/swg.fits[1]
scw/0980/098000500010.001/swg.fits[1]
scw/0980/098000510010.001/swg.fits[1]
scw/0980/098000520010.001/swg.fits[1]
scw/0980/098000530010.001/swg.fits[1]
scw/0980/098000540010.001/swg.fits[1]
scw/0980/098000550010.001/swg.fits[1]
scw/0980/098000560010.001/swg.fits[1]
scw/0982/098200220010.001/swg.fits[1]
scw/0982/098200230010.001/swg.fits[1]
scw/0982/098200240010.001/swg.fits[1]
scw/0982/098200250010.001/swg.fits[1]
scw/0982/098200260010.001/swg.fits[1]
scw/0982/098200270010.001/swg.fits[1]
scw/0982/098200280010.001/swg.fits[1]
scw/0982/098200290010.001/swg.fits[1]
scw/1035/103500100010.001/swg.fits[1]
scw/1035/103500110010.001/swg.fits[1]
scw/1035/103500120010.001/swg.fits[1]
scw/1035/103500130010.001/swg.fits[1]
scw/1035/103500140010.001/swg.fits[1]
scw/1035/103500150010.001/swg.fits[1]
scw/1035/103500160010.001/swg.fits[1]
scw/1035/103500170010.001/swg.fits[1]
scw/1035/103500180010.001/swg.fits[1]
scw/1035/103500190010.001/swg.fits[1]
scw/1048/104801040010.001/swg.fits[1]
scw/1049/104900260010.001/swg.fits[1]
scw/1049/104900280010.001/swg.fits[1]
scw/1050/105000780010.001/swg.fits[1]
scw/1053/105300620010.001/swg.fits[1]
scw/1095/109500270010.001/swg.fits[1]
scw/1095/109500280010.001/swg.fits[1]
scw/1095/109500290010.001/swg.fits[1]
scw/1095/109500300010.001/swg.fits[1]
scw/1095/109500310010.001/swg.fits[1]
scw/1095/109500320010.001/swg.fits[1]
scw/1095/109500330010.001/swg.fits[1]
scw/1095/109500340010.001/swg.fits[1]
scw/1095/109500350010.001/swg.fits[1]
scw/1095/109500360010.001/swg.fits[1]
scw/1095/109500590010.001/swg.fits[1]
scw/1095/109500600010.001/swg.fits[1]
scw/1095/109500610010.001/swg.fits[1]
scw/1095/109500620010.001/swg.fits[1]
scw/1095/109500630010.001/swg.fits[1]
scw/1095/109500640010.001/swg.fits[1]
scw/1095/109500650010.001/swg.fits[1]
scw/1095/109500660010.001/swg.fits[1]
scw/1095/109500670010.001/swg.fits[1]
scw/1095/109500680010.001/swg.fits[1]
scw/1095/109500910010.001/swg.fits[1]
scw/1095/109500920010.001/swg.fits[1]
scw/1095/109500930010.001/swg.fits[1]
scw/1095/109500940010.001/swg.fits[1]
scw/1095/109500950010.001/swg.fits[1]
scw/1095/109500960010.001/swg.fits[1]
scw/1095/109500970010.001/swg.fits[1]
scw/1095/109500980010.001/swg.fits[1]
scw/1095/109500990010.001/swg.fits[1]
scw/1095/109501000010.001/swg.fits[1]
scw/1114/111400590010.001/swg.fits[1]
scw/1171/117100460010.001/swg.fits[1]
scw/1172/117200300010.001/swg.fits[1]
scw/1284/128400650010.001/swg.fits[1]
scw/1284/128400660010.001/swg.fits[1]
scw/1472/147200150010.001/swg.fits[1]
scw/1472/147200160010.001/swg.fits[1]
scw/1472/147200170010.001/swg.fits[1]
scw/1472/147200250010.001/swg.fits[1]
scw/1472/147200260010.001/swg.fits[1]
scw/1478/147800650010.001/swg.fits[1]
scw/1478/147800660010.001/swg.fits[1]
scw/1479/147900270010.001/swg.fits[1]
scw/1479/147900360010.001/swg.fits[1]
scw/2272/227200300010.001/swg.fits[1]
scw/2272/227200310010.001/swg.fits[1]
scw/2272/227200320010.001/swg.fits[1]
scw/2272/227200330010.001/swg.fits[1]
scw/2272/227200340010.001/swg.fits[1]
scw/2272/227200350010.001/swg.fits[1]
scw/2272/227200400010.001/swg.fits[1]
scw/2272/227200410010.001/swg.fits[1]
scw/2272/227200420010.001/swg.fits[1]
scw/2280/228000020010.001/swg.fits[1]
scw/2290/229000610010.001/swg.fits[1]
scw/2290/229000690010.001/swg.fits[1]
scw/2290/229000700010.001/swg.fits[1]
scw/2290/229000710010.001/swg.fits[1]
scw/2290/229000720010.001/swg.fits[1]
scw/2290/229000790010.001/swg.fits[1]
scw/2290/229000800010.001/swg.fits[1]
scw/2290/229000810010.001/swg.fits[1]
scw/2294/229400020010.001/swg.fits[1]
scw/2294/229400030010.001/swg.fits[1]
scw/2294/229400090010.001/swg.fits[1]
scw/2294/229400100010.001/swg.fits[1]
scw/2294/229400110010.001/swg.fits[1]
scw/2294/229400120010.001/swg.fits[1]
scw/2294/229400130010.001/swg.fits[1]
scw/2294/229400140010.001/swg.fits[1]
scw/2294/229400200010.001/swg.fits[1]
scw/2294/229400210010.001/swg.fits[1]
scw/2294/229400220010.001/swg.fits[1]
scw/2342/234200680010.001/swg.fits[1]
scw/2348/234800770010.001/swg.fits[1]
scw/2428/242800020010.001/swg.fits[1]
scw/2428/242800030010.001/swg.fits[1]
scw/2428/242800040010.001/swg.fits[1]
scw/2428/242800080010.001/swg.fits[1]
scw/2428/242800090010.001/swg.fits[1]
scw/2428/242800100010.001/swg.fits[1]
scw/2428/242800110010.001/swg.fits[1]
scw/2428/242800130010.001/swg.fits[1]
scw/2428/242800140010.001/swg.fits[1]
scw/2428/242800150010.001/swg.fits[1]
scw/2428/242800190010.001/swg.fits[1]
scw/2428/242800200010.001/swg.fits[1]
scw/2428/242800210010.001/swg.fits[1]
scw/2428/242800220010.001/swg.fits[1]
scw/2433/243300360010.001/swg.fits[1]
scw/2433/243300440010.001/swg.fits[1]
scw/2433/243300450010.001/swg.fits[1]
scw/2433/243300460010.001/swg.fits[1]
scw/2433/243300470010.001/swg.fits[1]
scw/2433/243300540010.001/swg.fits[1]
scw/2433/243300550010.001/swg.fits[1]
scw/2433/243300560010.001/swg.fits[1]
scw/2436/243600560010.001/swg.fits[1]
scw/2436/243600570010.001/swg.fits[1]
scw/2497/249700710010.001/swg.fits[1]
scw/2497/249700720010.001/swg.fits[1]
scw/2497/249700730010.001/swg.fits[1]
scw/2497/249700740010.001/swg.fits[1]
scw/2497/249700750010.001/swg.fits[1]
scw/2497/249700760010.001/swg.fits[1]
scw/2497/249700770010.001/swg.fits[1]
scw/2497/249700780010.001/swg.fits[1]
scw/2497/249700790010.001/swg.fits[1]
scw/2497/249700800010.001/swg.fits[1]
scw/2497/249700810010.001/swg.fits[1]
scw/2497/249700820010.001/swg.fits[1]
scw/2497/249700830010.001/swg.fits[1]
