scw/0432/043200670010.001/swg.fits[1]
scw/0432/043200680010.001/swg.fits[1]
scw/0432/043200690010.001/swg.fits[1]
scw/0432/043200700010.001/swg.fits[1]
scw/0432/043200710010.001/swg.fits[1]
scw/0432/043200720010.001/swg.fits[1]
scw/0432/043200730010.001/swg.fits[1]
scw/0432/043200740010.001/swg.fits[1]
scw/0432/043200750010.001/swg.fits[1]
scw/0432/043200760010.001/swg.fits[1]
scw/0432/043200770010.001/swg.fits[1]
scw/0432/043200780010.001/swg.fits[1]
scw/0432/043200790010.001/swg.fits[1]
scw/0432/043200800010.001/swg.fits[1]
scw/0432/043200810010.001/swg.fits[1]
scw/0432/043200830010.001/swg.fits[1]
scw/0432/043200840010.001/swg.fits[1]
scw/0432/043200850010.001/swg.fits[1]
scw/0432/043200860010.001/swg.fits[1]
scw/0432/043200870010.001/swg.fits[1]
scw/0432/043200880010.001/swg.fits[1]
scw/0433/043300010010.001/swg.fits[1]
scw/0433/043300020010.001/swg.fits[1]
scw/0433/043300030010.001/swg.fits[1]
scw/0433/043300040010.001/swg.fits[1]
scw/0433/043300050010.001/swg.fits[1]
scw/0433/043300070010.001/swg.fits[1]
scw/0433/043300080010.001/swg.fits[1]
scw/0433/043300090010.001/swg.fits[1]
scw/0433/043300100010.001/swg.fits[1]
scw/0433/043300110010.001/swg.fits[1]
scw/0433/043300120010.001/swg.fits[1]
scw/0433/043300130010.001/swg.fits[1]
scw/0433/043300140010.001/swg.fits[1]
scw/0433/043300150010.001/swg.fits[1]
scw/0433/043300160010.001/swg.fits[1]
scw/0433/043300180010.001/swg.fits[1]
scw/0433/043300190010.001/swg.fits[1]
scw/0433/043300200010.001/swg.fits[1]
scw/0433/043300210010.001/swg.fits[1]
scw/0433/043300220010.001/swg.fits[1]
scw/0433/043300230010.001/swg.fits[1]
scw/0433/043300240010.001/swg.fits[1]
scw/0433/043300250010.001/swg.fits[1]
scw/0433/043300260010.001/swg.fits[1]
scw/0433/043300270010.001/swg.fits[1]
scw/0433/043300280010.001/swg.fits[1]
scw/0433/043300290010.001/swg.fits[1]
scw/0433/043300300010.001/swg.fits[1]
scw/0433/043300310010.001/swg.fits[1]
scw/0433/043300320010.001/swg.fits[1]
scw/0433/043300330010.001/swg.fits[1]
scw/0433/043300340010.001/swg.fits[1]
scw/0433/043300350010.001/swg.fits[1]
scw/0433/043300360010.001/swg.fits[1]
scw/0433/043300370010.001/swg.fits[1]
scw/0433/043300380010.001/swg.fits[1]
scw/0433/043300390010.001/swg.fits[1]
scw/0433/043300400010.001/swg.fits[1]
scw/0433/043300410010.001/swg.fits[1]
scw/0433/043300420010.001/swg.fits[1]
scw/0433/043300430010.001/swg.fits[1]
scw/0433/043300440010.001/swg.fits[1]
scw/0433/043300450010.001/swg.fits[1]
scw/0433/043300460010.001/swg.fits[1]
scw/0971/097100590010.001/swg.fits[1]
scw/0971/097100600010.001/swg.fits[1]
scw/0971/097100610010.001/swg.fits[1]
scw/0971/097100620010.001/swg.fits[1]
scw/0971/097100630010.001/swg.fits[1]
scw/0971/097100640010.001/swg.fits[1]
scw/0971/097100650010.001/swg.fits[1]
scw/0973/097300630010.001/swg.fits[1]
scw/0973/097300640010.001/swg.fits[1]
scw/0973/097300650010.001/swg.fits[1]
scw/0973/097300660010.001/swg.fits[1]
scw/0973/097300670010.001/swg.fits[1]
scw/0973/097300680010.001/swg.fits[1]
scw/0973/097300690010.001/swg.fits[1]
scw/0973/097300700010.001/swg.fits[1]
scw/0973/097300710010.001/swg.fits[1]
scw/0973/097300720010.001/swg.fits[1]
scw/0973/097300730010.001/swg.fits[1]
scw/0973/097300740010.001/swg.fits[1]
scw/0973/097300750010.001/swg.fits[1]
scw/0973/097300760010.001/swg.fits[1]
scw/0974/097400250010.001/swg.fits[1]
scw/0974/097400260010.001/swg.fits[1]
scw/0974/097400270010.001/swg.fits[1]
scw/0974/097400280010.001/swg.fits[1]
scw/0974/097400290010.001/swg.fits[1]
scw/0974/097400300010.001/swg.fits[1]
scw/0974/097400310010.001/swg.fits[1]
scw/0974/097400320010.001/swg.fits[1]
scw/0974/097400330010.001/swg.fits[1]
scw/0974/097400340010.001/swg.fits[1]
scw/0974/097400350010.001/swg.fits[1]
scw/0974/097400360010.001/swg.fits[1]
scw/0974/097400370010.001/swg.fits[1]
scw/0974/097400380010.001/swg.fits[1]
scw/0975/097500040010.001/swg.fits[1]
scw/0975/097500050010.001/swg.fits[1]
scw/0975/097500060010.001/swg.fits[1]
scw/0975/097500070010.001/swg.fits[1]
scw/0975/097500080010.001/swg.fits[1]
scw/0975/097500090010.001/swg.fits[1]
scw/0975/097500100010.001/swg.fits[1]
scw/0975/097500590010.001/swg.fits[1]
scw/0975/097500600010.001/swg.fits[1]
scw/0975/097500610010.001/swg.fits[1]
scw/0975/097500640010.001/swg.fits[1]
scw/0975/097500650010.001/swg.fits[1]
scw/0975/097500660010.001/swg.fits[1]
scw/0975/097500670010.001/swg.fits[1]
scw/0975/097500680010.001/swg.fits[1]
scw/0975/097500690010.001/swg.fits[1]
scw/0975/097500700010.001/swg.fits[1]
scw/0975/097500710010.001/swg.fits[1]
scw/0975/097500720010.001/swg.fits[1]
scw/1035/103500090010.001/swg.fits[1]
scw/1035/103500100010.001/swg.fits[1]
scw/1095/109500360010.001/swg.fits[1]
scw/1095/109500370010.001/swg.fits[1]
scw/1095/109500380010.001/swg.fits[1]
scw/1095/109500390010.001/swg.fits[1]
scw/1095/109500400010.001/swg.fits[1]
scw/1095/109500410010.001/swg.fits[1]
scw/1095/109500420010.001/swg.fits[1]
scw/1095/109500680010.001/swg.fits[1]
scw/1095/109500690010.001/swg.fits[1]
scw/1095/109500700010.001/swg.fits[1]
scw/1095/109500710010.001/swg.fits[1]
scw/1095/109500720010.001/swg.fits[1]
scw/1095/109500730010.001/swg.fits[1]
scw/1095/109500740010.001/swg.fits[1]
scw/1095/109501000010.001/swg.fits[1]
scw/1095/109501010010.001/swg.fits[1]
scw/1095/109501020010.001/swg.fits[1]
scw/1095/109501030010.001/swg.fits[1]
scw/1095/109501040010.001/swg.fits[1]
scw/1095/109501050010.001/swg.fits[1]
scw/1095/109501060010.001/swg.fits[1]
scw/1528/152800020010.001/swg.fits[1]
scw/1593/159300270010.001/swg.fits[1]
scw/1593/159300280010.001/swg.fits[1]
scw/1593/159300290010.001/swg.fits[1]
scw/1593/159300300010.001/swg.fits[1]
scw/1593/159300310010.001/swg.fits[1]
scw/1593/159300320010.001/swg.fits[1]
scw/1593/159300330010.001/swg.fits[1]
scw/1593/159300340010.001/swg.fits[1]
scw/1598/159800040010.001/swg.fits[1]
scw/2030/203000020010.001/swg.fits[1]
scw/2031/203100020010.001/swg.fits[1]
scw/2225/222500060010.001/swg.fits[1]
scw/2225/222500070010.001/swg.fits[1]
scw/2225/222500080010.001/swg.fits[1]
scw/2225/222500130010.001/swg.fits[1]
scw/2225/222500140010.001/swg.fits[1]
scw/2225/222500150010.001/swg.fits[1]
scw/2225/222500160010.001/swg.fits[1]
scw/2225/222500170010.001/swg.fits[1]
scw/2225/222500180010.001/swg.fits[1]
scw/2225/222500190010.001/swg.fits[1]
scw/2225/222500230010.001/swg.fits[1]
scw/2225/222500240010.001/swg.fits[1]
scw/2225/222500250010.001/swg.fits[1]
scw/2225/222500260010.001/swg.fits[1]
scw/2225/222500360010.001/swg.fits[1]
scw/2225/222500370010.001/swg.fits[1]
scw/2225/222500430010.001/swg.fits[1]
scw/2225/222500440010.001/swg.fits[1]
scw/2225/222500450010.001/swg.fits[1]
scw/2225/222500460010.001/swg.fits[1]
scw/2225/222500470010.001/swg.fits[1]
scw/2225/222500480010.001/swg.fits[1]
scw/2225/222500540010.001/swg.fits[1]
scw/2225/222500550010.001/swg.fits[1]
scw/2225/222500560010.001/swg.fits[1]
scw/2225/222500570010.001/swg.fits[1]
scw/2225/222500580010.001/swg.fits[1]
scw/2226/222600060010.001/swg.fits[1]
scw/2226/222600070010.001/swg.fits[1]
scw/2226/222600080010.001/swg.fits[1]
scw/2226/222600090010.001/swg.fits[1]
scw/2226/222600100010.001/swg.fits[1]
scw/2226/222600110010.001/swg.fits[1]
scw/2226/222600160010.001/swg.fits[1]
scw/2226/222600170010.001/swg.fits[1]
scw/2226/222600180010.001/swg.fits[1]
scw/2226/222600190010.001/swg.fits[1]
scw/2226/222600280010.001/swg.fits[1]
scw/2226/222600290010.001/swg.fits[1]
scw/2226/222600300010.001/swg.fits[1]
scw/2226/222600310010.001/swg.fits[1]
scw/2226/222600360010.001/swg.fits[1]
scw/2226/222600370010.001/swg.fits[1]
scw/2226/222600380010.001/swg.fits[1]
scw/2226/222600390010.001/swg.fits[1]
scw/2226/222600400010.001/swg.fits[1]
scw/2226/222600410010.001/swg.fits[1]
scw/2226/222600470010.001/swg.fits[1]
scw/2226/222600480010.001/swg.fits[1]
scw/2226/222600490010.001/swg.fits[1]
scw/2226/222600500010.001/swg.fits[1]
scw/2226/222600510010.001/swg.fits[1]
scw/2226/222600550010.001/swg.fits[1]
scw/2226/222600560010.001/swg.fits[1]
scw/2227/222700020010.001/swg.fits[1]
scw/2227/222700030010.001/swg.fits[1]
scw/2227/222700040010.001/swg.fits[1]
scw/2227/222700090010.001/swg.fits[1]
scw/2227/222700100010.001/swg.fits[1]
scw/2227/222700210010.001/swg.fits[1]
scw/2227/222700220010.001/swg.fits[1]
scw/2227/222700230010.001/swg.fits[1]
scw/2227/222700290010.001/swg.fits[1]
scw/2227/222700300010.001/swg.fits[1]
scw/2227/222700310010.001/swg.fits[1]
scw/2227/222700320010.001/swg.fits[1]
scw/2227/222700330010.001/swg.fits[1]
scw/2227/222700380010.001/swg.fits[1]
scw/2227/222700390010.001/swg.fits[1]
scw/2227/222700400010.001/swg.fits[1]
scw/2227/222700410010.001/swg.fits[1]
scw/2227/222700420010.001/swg.fits[1]
scw/2356/235600020010.001/swg.fits[1]
scw/2356/235600030010.001/swg.fits[1]
scw/2356/235600100010.001/swg.fits[1]
scw/2356/235600110010.001/swg.fits[1]
scw/2356/235600120010.001/swg.fits[1]
scw/2356/235600130010.001/swg.fits[1]
scw/2356/235600140010.001/swg.fits[1]
scw/2356/235600200010.001/swg.fits[1]
scw/2356/235600210010.001/swg.fits[1]
scw/2356/235600220010.001/swg.fits[1]
scw/2358/235800560010.001/swg.fits[1]
scw/2358/235800570010.001/swg.fits[1]
scw/2358/235800640010.001/swg.fits[1]
scw/2360/236000040010.001/swg.fits[1]
scw/2360/236000050010.001/swg.fits[1]
scw/2360/236000060010.001/swg.fits[1]
scw/2360/236000130010.001/swg.fits[1]
scw/2360/236000150010.001/swg.fits[1]
scw/2360/236000160010.001/swg.fits[1]
scw/2360/236000230010.001/swg.fits[1]
scw/2360/236000240010.001/swg.fits[1]
scw/2362/236200300010.001/swg.fits[1]
scw/2362/236200310010.001/swg.fits[1]
scw/2362/236200320010.001/swg.fits[1]
scw/2362/236200370010.001/swg.fits[1]
scw/2362/236200380010.001/swg.fits[1]
scw/2362/236200390010.001/swg.fits[1]
scw/2362/236200400010.001/swg.fits[1]
scw/2363/236300680010.001/swg.fits[1]
scw/2433/243300340010.001/swg.fits[1]
scw/2434/243400020010.001/swg.fits[1]
scw/2434/243400290010.001/swg.fits[1]
scw/2499/249900300010.001/swg.fits[1]
scw/2499/249900310010.001/swg.fits[1]
scw/2499/249900390010.001/swg.fits[1]
scw/2501/250100530010.001/swg.fits[1]
scw/2502/250200290010.001/swg.fits[1]
scw/2502/250200300010.001/swg.fits[1]
scw/2502/250200310010.001/swg.fits[1]
scw/2502/250200320010.001/swg.fits[1]
scw/2502/250200390010.001/swg.fits[1]
