scw/0319/031900320010.001/swg.fits[1]
scw/0319/031900330010.001/swg.fits[1]
scw/0319/031900340010.001/swg.fits[1]
scw/0319/031900350010.001/swg.fits[1]
scw/0319/031900380010.001/swg.fits[1]
scw/0319/031900390010.001/swg.fits[1]
scw/0319/031900400010.001/swg.fits[1]
scw/0319/031900410010.001/swg.fits[1]
scw/0319/031900420010.001/swg.fits[1]
scw/0319/031900430010.001/swg.fits[1]
scw/0319/031900440010.001/swg.fits[1]
scw/0319/031900450010.001/swg.fits[1]
scw/0319/031900460010.001/swg.fits[1]
scw/0319/031900470010.001/swg.fits[1]
scw/0319/031900480010.001/swg.fits[1]
scw/0319/031900490010.001/swg.fits[1]
scw/0319/031900500010.001/swg.fits[1]
scw/0319/031900510010.001/swg.fits[1]
scw/0319/031900520010.001/swg.fits[1]
scw/0319/031900530010.001/swg.fits[1]
scw/0319/031900540010.001/swg.fits[1]
scw/0319/031900550010.001/swg.fits[1]
scw/0319/031900580010.001/swg.fits[1]
scw/0319/031900590010.001/swg.fits[1]
scw/0319/031900600010.001/swg.fits[1]
scw/0319/031900610010.001/swg.fits[1]
scw/0319/031900770010.001/swg.fits[1]
scw/0320/032000010010.001/swg.fits[1]
scw/0320/032000020010.001/swg.fits[1]
scw/0320/032000030010.001/swg.fits[1]
scw/0320/032000040010.001/swg.fits[1]
scw/0320/032000050010.001/swg.fits[1]
scw/0320/032000060010.001/swg.fits[1]
scw/0320/032000070010.001/swg.fits[1]
scw/0320/032000080010.001/swg.fits[1]
scw/0320/032000090010.001/swg.fits[1]
scw/0320/032000100010.001/swg.fits[1]
scw/0320/032000110010.001/swg.fits[1]
scw/0320/032000120010.001/swg.fits[1]
scw/0320/032000130010.001/swg.fits[1]
scw/0320/032000140010.001/swg.fits[1]
scw/0320/032000150010.001/swg.fits[1]
scw/0438/043800340010.001/swg.fits[1]
scw/1179/117900020010.001/swg.fits[1]
scw/1623/162300080010.001/swg.fits[1]
scw/1623/162300090010.001/swg.fits[1]
scw/1623/162300180010.001/swg.fits[1]
scw/1623/162300190010.001/swg.fits[1]
scw/1623/162300280010.001/swg.fits[1]
scw/1623/162300290010.001/swg.fits[1]
scw/1623/162300380010.001/swg.fits[1]
scw/1623/162300390010.001/swg.fits[1]
scw/1623/162300480010.001/swg.fits[1]
scw/1623/162300580010.001/swg.fits[1]
scw/1623/162300590010.001/swg.fits[1]
scw/2101/210100060010.001/swg.fits[1]
scw/2101/210100150010.001/swg.fits[1]
scw/2101/210100160010.001/swg.fits[1]
scw/2101/210100250010.001/swg.fits[1]
scw/2101/210100260010.001/swg.fits[1]
scw/2101/210100350010.001/swg.fits[1]
scw/2101/210100360010.001/swg.fits[1]
scw/2101/210100450010.001/swg.fits[1]
scw/2101/210100460010.001/swg.fits[1]
scw/2168/216800040010.001/swg.fits[1]
scw/2290/229000590010.001/swg.fits[1]
scw/2300/230000080010.001/swg.fits[1]
scw/2300/230000090010.001/swg.fits[1]
scw/2300/230000180010.001/swg.fits[1]
scw/2300/230000190010.001/swg.fits[1]
scw/2300/230000280010.001/swg.fits[1]
scw/2300/230000290010.001/swg.fits[1]
scw/2300/230000290020.001/swg.fits[1]
scw/2300/230000380010.001/swg.fits[1]
scw/2300/230000390010.001/swg.fits[1]
scw/2308/230800120010.001/swg.fits[1]
scw/2308/230800220010.001/swg.fits[1]
scw/2308/230800230010.001/swg.fits[1]
scw/2308/230800320010.001/swg.fits[1]
scw/2308/230800330010.001/swg.fits[1]
scw/2308/230800420010.001/swg.fits[1]
scw/2308/230800430010.001/swg.fits[1]
scw/2308/230800520010.001/swg.fits[1]
scw/2308/230800530010.001/swg.fits[1]
scw/2312/231200600010.001/swg.fits[1]
scw/2436/243600020010.001/swg.fits[1]
