scw/1126/112600230010.001/swg.fits[1]
scw/1550/155000260010.001/swg.fits[1]
scw/1550/155000270010.001/swg.fits[1]
scw/1550/155000270020.001/swg.fits[1]
scw/1550/155000270050.001/swg.fits[1]
scw/1551/155100110050.001/swg.fits[1]
scw/1551/155100110060.001/swg.fits[1]
scw/1551/155100110070.001/swg.fits[1]
scw/1551/155100110080.001/swg.fits[1]
scw/1551/155100110090.001/swg.fits[1]
scw/1551/155100280070.001/swg.fits[1]
scw/1551/155100280080.001/swg.fits[1]
scw/1551/155100280090.001/swg.fits[1]
scw/1551/155100280100.001/swg.fits[1]
scw/1551/155100280110.001/swg.fits[1]
scw/1553/155300030010.001/swg.fits[1]
scw/1553/155300030250.001/swg.fits[1]
scw/2366/236600600010.001/swg.fits[1]
scw/2366/236600610010.001/swg.fits[1]
scw/2367/236700050010.001/swg.fits[1]
scw/2367/236700060010.001/swg.fits[1]
scw/2369/236900090010.001/swg.fits[1]
scw/2369/236900100010.001/swg.fits[1]
scw/2369/236900160010.001/swg.fits[1]
scw/2369/236900170010.001/swg.fits[1]
scw/2369/236900180010.001/swg.fits[1]
scw/2369/236900190010.001/swg.fits[1]
scw/2374/237400070010.001/swg.fits[1]
scw/2374/237400080010.001/swg.fits[1]
scw/2374/237400090010.001/swg.fits[1]
scw/2374/237400100010.001/swg.fits[1]
scw/2374/237400160010.001/swg.fits[1]
scw/2374/237400170010.001/swg.fits[1]
scw/2374/237400180010.001/swg.fits[1]
scw/2374/237400190010.001/swg.fits[1]
scw/2438/243800300010.001/swg.fits[1]
