scw/0094/009400040200.001/swg.fits[1]
scw/1126/112600230010.001/swg.fits[1]
scw/1550/155000260010.001/swg.fits[1]
scw/1550/155000270010.001/swg.fits[1]
scw/1550/155000270020.001/swg.fits[1]
scw/1550/155000270050.001/swg.fits[1]
scw/1551/155100110050.001/swg.fits[1]
scw/1551/155100110060.001/swg.fits[1]
scw/1551/155100110070.001/swg.fits[1]
scw/1551/155100110080.001/swg.fits[1]
scw/1551/155100110090.001/swg.fits[1]
scw/1551/155100280070.001/swg.fits[1]
scw/1551/155100280080.001/swg.fits[1]
scw/1551/155100280090.001/swg.fits[1]
scw/1551/155100280100.001/swg.fits[1]
scw/1551/155100280110.001/swg.fits[1]
scw/2366/236600530010.001/swg.fits[1]
scw/2366/236600540010.001/swg.fits[1]
scw/2366/236600550010.001/swg.fits[1]
scw/2366/236600610010.001/swg.fits[1]
scw/2366/236600620010.001/swg.fits[1]
scw/2367/236700020010.001/swg.fits[1]
scw/2367/236700030010.001/swg.fits[1]
scw/2367/236700040010.001/swg.fits[1]
scw/2367/236700050010.001/swg.fits[1]
scw/2367/236700110010.001/swg.fits[1]
scw/2367/236700120010.001/swg.fits[1]
scw/2368/236800210010.001/swg.fits[1]
scw/2369/236900110010.001/swg.fits[1]
scw/2369/236900120010.001/swg.fits[1]
scw/2372/237200020010.001/swg.fits[1]
scw/2373/237300020010.001/swg.fits[1]
scw/2438/243800300010.001/swg.fits[1]
scw/2506/250600220010.001/swg.fits[1]
