scw/0026/002600330010.001/swg.fits[1]
scw/0026/002600370010.001/swg.fits[1]
scw/0026/002600380010.001/swg.fits[1]
scw/0026/002600390010.001/swg.fits[1]
scw/0026/002600400010.001/swg.fits[1]
scw/0026/002600410010.001/swg.fits[1]
scw/0026/002600420010.001/swg.fits[1]
scw/0026/002600430010.001/swg.fits[1]
scw/0026/002600470010.001/swg.fits[1]
scw/0026/002600810010.001/swg.fits[1]
scw/0026/002600850010.001/swg.fits[1]
scw/0026/002600860010.001/swg.fits[1]
scw/0026/002600870010.001/swg.fits[1]
scw/0026/002600880010.001/swg.fits[1]
scw/0026/002600890010.001/swg.fits[1]
scw/0026/002600900010.001/swg.fits[1]
scw/0026/002600910010.001/swg.fits[1]
scw/0130/013000040020.001/swg.fits[1]
scw/0130/013000040030.001/swg.fits[1]
scw/0130/013000040040.001/swg.fits[1]
scw/0130/013000040050.001/swg.fits[1]
scw/0130/013000040060.001/swg.fits[1]
scw/0130/013000040070.001/swg.fits[1]
scw/0130/013000040080.001/swg.fits[1]
scw/0130/013000040090.001/swg.fits[1]
scw/0130/013000080010.001/swg.fits[1]
scw/0130/013000090010.001/swg.fits[1]
scw/0130/013000100010.001/swg.fits[1]
scw/0130/013000110010.001/swg.fits[1]
scw/0130/013000120010.001/swg.fits[1]
scw/0130/013000130010.001/swg.fits[1]
scw/0130/013000140010.001/swg.fits[1]
scw/0130/013000160010.001/swg.fits[1]
scw/0130/013000170010.001/swg.fits[1]
scw/0130/013000180010.001/swg.fits[1]
scw/0130/013000190010.001/swg.fits[1]
scw/0130/013000200010.001/swg.fits[1]
scw/0130/013000210010.001/swg.fits[1]
scw/0130/013000220010.001/swg.fits[1]
scw/0130/013000230010.001/swg.fits[1]
scw/0130/013000240010.001/swg.fits[1]
scw/0130/013000250010.001/swg.fits[1]
scw/0130/013000260010.001/swg.fits[1]
scw/0130/013000270010.001/swg.fits[1]
scw/0130/013000280010.001/swg.fits[1]
scw/0130/013000290010.001/swg.fits[1]
scw/0130/013000300010.001/swg.fits[1]
scw/0130/013000310010.001/swg.fits[1]
scw/0130/013000320010.001/swg.fits[1]
scw/0130/013000330010.001/swg.fits[1]
scw/0130/013000340010.001/swg.fits[1]
scw/0130/013000350010.001/swg.fits[1]
scw/0130/013000360010.001/swg.fits[1]
scw/0130/013000370010.001/swg.fits[1]
scw/0130/013000380010.001/swg.fits[1]
scw/0130/013000390010.001/swg.fits[1]
scw/0130/013000400010.001/swg.fits[1]
scw/0130/013000410010.001/swg.fits[1]
scw/0130/013000440010.001/swg.fits[1]
scw/0130/013000460010.001/swg.fits[1]
scw/0130/013000470010.001/swg.fits[1]
scw/0130/013000480010.001/swg.fits[1]
scw/0130/013000490010.001/swg.fits[1]
scw/0130/013000500010.001/swg.fits[1]
scw/0130/013000510010.001/swg.fits[1]
scw/0130/013000520010.001/swg.fits[1]
scw/0130/013000560010.001/swg.fits[1]
scw/0130/013000560020.001/swg.fits[1]
scw/0130/013000560030.001/swg.fits[1]
scw/0130/013000560040.001/swg.fits[1]
scw/0130/013000560050.001/swg.fits[1]
scw/0130/013000560060.001/swg.fits[1]
scw/0130/013000560070.001/swg.fits[1]
scw/0130/013000560080.001/swg.fits[1]
scw/0130/013000560090.001/swg.fits[1]
scw/0130/013000560100.001/swg.fits[1]
scw/0130/013000560110.001/swg.fits[1]
scw/0130/013000560120.001/swg.fits[1]
scw/0130/013000560130.001/swg.fits[1]
scw/0130/013000560140.001/swg.fits[1]
scw/0260/026000310010.001/swg.fits[1]
scw/0260/026000320010.001/swg.fits[1]
scw/0260/026000330010.001/swg.fits[1]
scw/0260/026000340010.001/swg.fits[1]
scw/0260/026000350010.001/swg.fits[1]
scw/0260/026000360010.001/swg.fits[1]
scw/0260/026000370010.001/swg.fits[1]
scw/0260/026000400010.001/swg.fits[1]
scw/0260/026000410010.001/swg.fits[1]
scw/0260/026000420010.001/swg.fits[1]
scw/0260/026000430010.001/swg.fits[1]
scw/0260/026000440010.001/swg.fits[1]
scw/0260/026000450010.001/swg.fits[1]
scw/0260/026000460010.001/swg.fits[1]
scw/0260/026000520010.001/swg.fits[1]
scw/0260/026000530010.001/swg.fits[1]
scw/0260/026000540010.001/swg.fits[1]
scw/0260/026000550010.001/swg.fits[1]
scw/0260/026000600010.001/swg.fits[1]
scw/0260/026000610010.001/swg.fits[1]
scw/0260/026000620010.001/swg.fits[1]
scw/0260/026000630010.001/swg.fits[1]
scw/0260/026000640010.001/swg.fits[1]
scw/0260/026000650010.001/swg.fits[1]
scw/0260/026000660010.001/swg.fits[1]
scw/0260/026000670010.001/swg.fits[1]
scw/0260/026000710010.001/swg.fits[1]
scw/0260/026000720010.001/swg.fits[1]
scw/0260/026000730010.001/swg.fits[1]
scw/0261/026100450010.001/swg.fits[1]
scw/0261/026100520010.001/swg.fits[1]
scw/0261/026100530010.001/swg.fits[1]
scw/0261/026100540010.001/swg.fits[1]
scw/0261/026100550010.001/swg.fits[1]
scw/0261/026100590010.001/swg.fits[1]
scw/0261/026100600010.001/swg.fits[1]
scw/0261/026100610010.001/swg.fits[1]
scw/0261/026100620010.001/swg.fits[1]
scw/0261/026100630010.001/swg.fits[1]
scw/0261/026100640010.001/swg.fits[1]
scw/0261/026100650010.001/swg.fits[1]
scw/0261/026100710010.001/swg.fits[1]
scw/0261/026100720010.001/swg.fits[1]
scw/0917/091700190010.001/swg.fits[1]
scw/1119/111900950010.001/swg.fits[1]
scw/1478/147800040010.001/swg.fits[1]
scw/1478/147800050010.001/swg.fits[1]
scw/1478/147800060010.001/swg.fits[1]
scw/1478/147800070010.001/swg.fits[1]
scw/1478/147800080010.001/swg.fits[1]
scw/1886/188600020010.001/swg.fits[1]
scw/1886/188600030010.001/swg.fits[1]
scw/2364/236400040010.001/swg.fits[1]
scw/2364/236400050010.001/swg.fits[1]
scw/2364/236400060010.001/swg.fits[1]
scw/2364/236400070010.001/swg.fits[1]
scw/2364/236400120010.001/swg.fits[1]
scw/2364/236400130010.001/swg.fits[1]
scw/2364/236400430010.001/swg.fits[1]
scw/2364/236400440010.001/swg.fits[1]
scw/2364/236400450010.001/swg.fits[1]
scw/2364/236400460010.001/swg.fits[1]
scw/2364/236400490010.001/swg.fits[1]
scw/2364/236400500010.001/swg.fits[1]
scw/2364/236400510010.001/swg.fits[1]
scw/2364/236400520010.001/swg.fits[1]
scw/2364/236400530010.001/swg.fits[1]
scw/2364/236400540010.001/swg.fits[1]
scw/2364/236400550010.001/swg.fits[1]
scw/2364/236400560010.001/swg.fits[1]
scw/2364/236400570010.001/swg.fits[1]
scw/2364/236400620010.001/swg.fits[1]
scw/2364/236400630010.001/swg.fits[1]
scw/2372/237200430010.001/swg.fits[1]
scw/2491/249100050010.001/swg.fits[1]
scw/2491/249100070010.001/swg.fits[1]
scw/2491/249100070020.001/swg.fits[1]
scw/2491/249100070030.001/swg.fits[1]
scw/2491/249100070040.001/swg.fits[1]
scw/2491/249100070050.001/swg.fits[1]
scw/2491/249100070060.001/swg.fits[1]
scw/2491/249100070070.001/swg.fits[1]
scw/2491/249100070080.001/swg.fits[1]
scw/2491/249100090010.001/swg.fits[1]
scw/2491/249100090020.001/swg.fits[1]
scw/2491/249100090030.001/swg.fits[1]
scw/2491/249100090040.001/swg.fits[1]
scw/2491/249100090050.001/swg.fits[1]
scw/2491/249100090060.001/swg.fits[1]
scw/2491/249100090070.001/swg.fits[1]
scw/2491/249100090080.001/swg.fits[1]
scw/2507/250700510010.001/swg.fits[1]
scw/2518/251800280010.001/swg.fits[1]
scw/2518/251800290010.001/swg.fits[1]
scw/2518/251800300010.001/swg.fits[1]
scw/2518/251800310010.001/swg.fits[1]
scw/2518/251800320010.001/swg.fits[1]
scw/2518/251800330010.001/swg.fits[1]
scw/2518/251800340010.001/swg.fits[1]
scw/2518/251800350010.001/swg.fits[1]
scw/2518/251800360010.001/swg.fits[1]
scw/2518/251800370010.001/swg.fits[1]
scw/2518/251800380010.001/swg.fits[1]
scw/2518/251800390010.001/swg.fits[1]
scw/2518/251800400010.001/swg.fits[1]
scw/2518/251800410010.001/swg.fits[1]
scw/2518/251800410020.001/swg.fits[1]
