scw/0209/020900160470.001/swg.fits[1]
scw/0209/020900160490.001/swg.fits[1]
scw/0312/031200230010.001/swg.fits[1]
scw/0312/031200240010.001/swg.fits[1]
scw/0312/031200250010.001/swg.fits[1]
scw/0312/031200260010.001/swg.fits[1]
scw/0312/031200270010.001/swg.fits[1]
scw/0312/031200280010.001/swg.fits[1]
scw/0312/031200290010.001/swg.fits[1]
scw/0312/031200300010.001/swg.fits[1]
scw/0312/031200310010.001/swg.fits[1]
scw/0312/031200320010.001/swg.fits[1]
scw/0312/031200330010.001/swg.fits[1]
scw/0312/031200340010.001/swg.fits[1]
scw/0312/031200350010.001/swg.fits[1]
scw/0312/031200360010.001/swg.fits[1]
scw/0312/031200370010.001/swg.fits[1]
scw/0312/031200380010.001/swg.fits[1]
scw/0312/031200390010.001/swg.fits[1]
scw/0312/031200400010.001/swg.fits[1]
scw/0312/031200410010.001/swg.fits[1]
scw/0312/031200420010.001/swg.fits[1]
scw/0312/031200440010.001/swg.fits[1]
scw/0312/031200450010.001/swg.fits[1]
scw/0312/031200460010.001/swg.fits[1]
scw/0312/031200470010.001/swg.fits[1]
scw/0312/031200480010.001/swg.fits[1]
scw/0312/031200490010.001/swg.fits[1]
scw/0312/031200500010.001/swg.fits[1]
scw/0312/031200510010.001/swg.fits[1]
scw/0312/031200530010.001/swg.fits[1]
scw/0312/031200540010.001/swg.fits[1]
scw/0312/031200550010.001/swg.fits[1]
scw/0312/031200560010.001/swg.fits[1]
scw/0312/031200570010.001/swg.fits[1]
scw/0312/031200580010.001/swg.fits[1]
scw/0312/031200590010.001/swg.fits[1]
scw/0312/031200600010.001/swg.fits[1]
scw/0312/031200610010.001/swg.fits[1]
scw/0312/031200620010.001/swg.fits[1]
scw/0312/031200640010.001/swg.fits[1]
scw/0312/031200650010.001/swg.fits[1]
scw/0312/031200660010.001/swg.fits[1]
scw/0312/031200670010.001/swg.fits[1]
scw/0312/031200680010.001/swg.fits[1]
scw/0313/031300010010.001/swg.fits[1]
scw/0313/031300020010.001/swg.fits[1]
scw/0313/031300030010.001/swg.fits[1]
scw/0313/031300040010.001/swg.fits[1]
scw/0313/031300060010.001/swg.fits[1]
scw/0313/031300070010.001/swg.fits[1]
scw/0313/031300080010.001/swg.fits[1]
scw/0313/031300090010.001/swg.fits[1]
scw/0313/031300100010.001/swg.fits[1]
scw/0313/031300110010.001/swg.fits[1]
scw/0313/031300120010.001/swg.fits[1]
scw/0313/031300130010.001/swg.fits[1]
scw/0313/031300140010.001/swg.fits[1]
scw/0313/031300150010.001/swg.fits[1]
scw/0313/031300160010.001/swg.fits[1]
scw/0313/031300170010.001/swg.fits[1]
scw/0313/031300180010.001/swg.fits[1]
scw/0313/031300190010.001/swg.fits[1]
scw/0313/031300200010.001/swg.fits[1]
scw/0313/031300210010.001/swg.fits[1]
scw/0313/031300220010.001/swg.fits[1]
scw/0313/031300230010.001/swg.fits[1]
scw/0313/031300240010.001/swg.fits[1]
scw/0313/031300280010.001/swg.fits[1]
scw/0313/031300290010.001/swg.fits[1]
scw/0313/031300300010.001/swg.fits[1]
scw/0313/031300310010.001/swg.fits[1]
scw/0313/031300320010.001/swg.fits[1]
scw/0313/031300330010.001/swg.fits[1]
scw/0313/031300340010.001/swg.fits[1]
scw/0313/031300360010.001/swg.fits[1]
scw/0313/031300370010.001/swg.fits[1]
scw/0313/031300380010.001/swg.fits[1]
scw/0313/031300390010.001/swg.fits[1]
scw/0313/031300400010.001/swg.fits[1]
scw/0313/031300410010.001/swg.fits[1]
scw/0313/031300420010.001/swg.fits[1]
scw/0313/031300430010.001/swg.fits[1]
scw/0313/031300440010.001/swg.fits[1]
scw/0313/031300450010.001/swg.fits[1]
scw/0313/031300460010.001/swg.fits[1]
scw/0313/031300470010.001/swg.fits[1]
scw/0313/031300480010.001/swg.fits[1]
scw/0313/031300490010.001/swg.fits[1]
scw/0313/031300500010.001/swg.fits[1]
scw/0313/031300510010.001/swg.fits[1]
scw/0313/031300520010.001/swg.fits[1]
scw/0313/031300530010.001/swg.fits[1]
scw/0313/031300540010.001/swg.fits[1]
scw/0313/031300550010.001/swg.fits[1]
scw/0313/031300570010.001/swg.fits[1]
scw/0313/031300580010.001/swg.fits[1]
scw/0313/031300590010.001/swg.fits[1]
scw/0313/031300600010.001/swg.fits[1]
scw/0313/031300610010.001/swg.fits[1]
scw/0313/031300620010.001/swg.fits[1]
scw/0313/031300630010.001/swg.fits[1]
scw/0313/031300640010.001/swg.fits[1]
scw/0313/031300650010.001/swg.fits[1]
scw/0313/031300660010.001/swg.fits[1]
scw/0313/031300670010.001/swg.fits[1]
scw/0313/031300680010.001/swg.fits[1]
scw/0314/031400010010.001/swg.fits[1]
scw/0314/031400020010.001/swg.fits[1]
scw/0314/031400030010.001/swg.fits[1]
scw/0314/031400040010.001/swg.fits[1]
scw/0314/031400050010.001/swg.fits[1]
scw/0314/031400060010.001/swg.fits[1]
scw/0314/031400070010.001/swg.fits[1]
scw/0314/031400080010.001/swg.fits[1]
scw/0314/031400100010.001/swg.fits[1]
scw/0314/031400110010.001/swg.fits[1]
scw/0314/031400120010.001/swg.fits[1]
scw/0314/031400130010.001/swg.fits[1]
scw/0856/085600100010.001/swg.fits[1]
scw/1127/112700390010.001/swg.fits[1]
scw/1279/127900400010.001/swg.fits[1]
scw/1285/128500230010.001/swg.fits[1]
scw/1285/128500240010.001/swg.fits[1]
scw/1285/128500530010.001/swg.fits[1]
scw/1285/128500540010.001/swg.fits[1]
scw/1285/128500580010.001/swg.fits[1]
scw/1285/128500590010.001/swg.fits[1]
scw/1285/128500880010.001/swg.fits[1]
scw/1285/128500890010.001/swg.fits[1]
scw/1286/128600040010.001/swg.fits[1]
scw/1286/128600050010.001/swg.fits[1]
scw/1286/128600340010.001/swg.fits[1]
scw/1286/128600350010.001/swg.fits[1]
scw/1286/128600390010.001/swg.fits[1]
scw/1286/128600400010.001/swg.fits[1]
scw/1286/128600690010.001/swg.fits[1]
scw/1286/128600700010.001/swg.fits[1]
scw/1287/128700070010.001/swg.fits[1]
scw/1287/128700080010.001/swg.fits[1]
scw/1287/128700370010.001/swg.fits[1]
scw/1287/128700380010.001/swg.fits[1]
scw/1287/128700420010.001/swg.fits[1]
scw/1287/128700430010.001/swg.fits[1]
scw/1287/128700720010.001/swg.fits[1]
scw/1287/128700730010.001/swg.fits[1]
scw/1288/128800340010.001/swg.fits[1]
scw/1288/128800350010.001/swg.fits[1]
scw/1288/128800640010.001/swg.fits[1]
scw/1288/128800650010.001/swg.fits[1]
scw/1288/128800690010.001/swg.fits[1]
scw/1288/128800700010.001/swg.fits[1]
scw/1289/128900040010.001/swg.fits[1]
scw/1289/128900050010.001/swg.fits[1]
scw/1289/128900340010.001/swg.fits[1]
scw/1289/128900350010.001/swg.fits[1]
scw/1289/128900390010.001/swg.fits[1]
scw/1289/128900400010.001/swg.fits[1]
scw/1289/128900690010.001/swg.fits[1]
scw/1289/128900700010.001/swg.fits[1]
scw/1290/129000330010.001/swg.fits[1]
scw/1290/129000340010.001/swg.fits[1]
scw/1290/129000630010.001/swg.fits[1]
scw/1290/129000640010.001/swg.fits[1]
scw/1290/129000680010.001/swg.fits[1]
scw/1290/129000690010.001/swg.fits[1]
scw/1290/129000980010.001/swg.fits[1]
scw/1290/129000990010.001/swg.fits[1]
scw/1291/129100020010.001/swg.fits[1]
scw/1291/129100030010.001/swg.fits[1]
scw/1291/129100040010.001/swg.fits[1]
scw/1291/129100050010.001/swg.fits[1]
scw/1291/129100060010.001/swg.fits[1]
scw/1291/129100070010.001/swg.fits[1]
scw/1291/129100080010.001/swg.fits[1]
scw/1291/129100090010.001/swg.fits[1]
scw/1291/129100100010.001/swg.fits[1]
scw/1291/129100110010.001/swg.fits[1]
scw/1291/129100120010.001/swg.fits[1]
scw/1291/129100130010.001/swg.fits[1]
scw/1291/129100140010.001/swg.fits[1]
scw/1291/129100150010.001/swg.fits[1]
scw/1291/129100160010.001/swg.fits[1]
scw/1291/129100170010.001/swg.fits[1]
scw/1291/129100180010.001/swg.fits[1]
scw/1291/129100190010.001/swg.fits[1]
scw/1291/129100200010.001/swg.fits[1]
scw/1291/129100210010.001/swg.fits[1]
scw/1291/129100220010.001/swg.fits[1]
scw/1291/129100230010.001/swg.fits[1]
scw/1291/129100240010.001/swg.fits[1]
scw/1291/129100250010.001/swg.fits[1]
scw/1291/129100260010.001/swg.fits[1]
scw/1291/129100270010.001/swg.fits[1]
scw/1291/129100280010.001/swg.fits[1]
scw/1291/129100290010.001/swg.fits[1]
scw/1291/129100300010.001/swg.fits[1]
scw/1291/129100310010.001/swg.fits[1]
scw/1291/129100320010.001/swg.fits[1]
scw/1291/129100330010.001/swg.fits[1]
scw/1291/129100340010.001/swg.fits[1]
scw/1291/129100350010.001/swg.fits[1]
scw/1291/129100360010.001/swg.fits[1]
scw/1291/129100370010.001/swg.fits[1]
scw/1291/129100380010.001/swg.fits[1]
scw/1291/129100390010.001/swg.fits[1]
scw/1291/129100400010.001/swg.fits[1]
scw/1291/129100410010.001/swg.fits[1]
scw/1291/129100420010.001/swg.fits[1]
scw/1291/129100430010.001/swg.fits[1]
scw/1291/129100440010.001/swg.fits[1]
scw/1291/129100450010.001/swg.fits[1]
scw/1291/129100460010.001/swg.fits[1]
scw/1291/129100470010.001/swg.fits[1]
scw/1291/129100480010.001/swg.fits[1]
scw/1291/129100490010.001/swg.fits[1]
scw/1291/129100500010.001/swg.fits[1]
scw/1291/129100510010.001/swg.fits[1]
scw/1291/129100520010.001/swg.fits[1]
scw/1291/129100530010.001/swg.fits[1]
scw/1291/129100540010.001/swg.fits[1]
scw/1291/129100550010.001/swg.fits[1]
scw/1291/129100560010.001/swg.fits[1]
scw/1291/129100570010.001/swg.fits[1]
scw/1291/129100580010.001/swg.fits[1]
scw/1291/129100590010.001/swg.fits[1]
scw/1291/129100600010.001/swg.fits[1]
scw/1291/129100610010.001/swg.fits[1]
scw/1292/129200020010.001/swg.fits[1]
scw/1292/129200030010.001/swg.fits[1]
scw/1292/129200040010.001/swg.fits[1]
scw/1292/129200050010.001/swg.fits[1]
scw/1292/129200060010.001/swg.fits[1]
scw/1292/129200070010.001/swg.fits[1]
scw/1292/129200080010.001/swg.fits[1]
scw/1292/129200090010.001/swg.fits[1]
scw/1292/129200100010.001/swg.fits[1]
scw/1292/129200110010.001/swg.fits[1]
scw/1292/129200120010.001/swg.fits[1]
scw/1292/129200130010.001/swg.fits[1]
scw/1292/129200140010.001/swg.fits[1]
scw/1292/129200150010.001/swg.fits[1]
scw/1292/129200160010.001/swg.fits[1]
scw/1292/129200170010.001/swg.fits[1]
scw/1292/129200180010.001/swg.fits[1]
scw/1292/129200190010.001/swg.fits[1]
scw/1292/129200200010.001/swg.fits[1]
scw/1292/129200210010.001/swg.fits[1]
scw/1292/129200220010.001/swg.fits[1]
scw/1292/129200230010.001/swg.fits[1]
scw/1292/129200240010.001/swg.fits[1]
scw/1292/129200250010.001/swg.fits[1]
scw/1292/129200260010.001/swg.fits[1]
scw/1292/129200270010.001/swg.fits[1]
scw/1292/129200280010.001/swg.fits[1]
scw/1292/129200290010.001/swg.fits[1]
scw/1292/129200300010.001/swg.fits[1]
scw/1292/129200310010.001/swg.fits[1]
scw/1292/129200320010.001/swg.fits[1]
scw/1292/129200330010.001/swg.fits[1]
scw/1292/129200340010.001/swg.fits[1]
scw/1292/129200350010.001/swg.fits[1]
scw/1292/129200360010.001/swg.fits[1]
scw/1292/129200370010.001/swg.fits[1]
scw/1292/129200380010.001/swg.fits[1]
scw/1292/129200390010.001/swg.fits[1]
scw/1292/129200400010.001/swg.fits[1]
scw/1292/129200410010.001/swg.fits[1]
scw/1292/129200420010.001/swg.fits[1]
scw/1292/129200430010.001/swg.fits[1]
scw/1292/129200440010.001/swg.fits[1]
scw/1292/129200450010.001/swg.fits[1]
scw/1292/129200460010.001/swg.fits[1]
scw/1292/129200470010.001/swg.fits[1]
scw/1292/129200480010.001/swg.fits[1]
scw/1292/129200490010.001/swg.fits[1]
scw/1292/129200500010.001/swg.fits[1]
scw/1292/129200510010.001/swg.fits[1]
scw/1292/129200520010.001/swg.fits[1]
scw/1292/129200530010.001/swg.fits[1]
scw/1292/129200540010.001/swg.fits[1]
scw/1292/129200550010.001/swg.fits[1]
scw/1292/129200560010.001/swg.fits[1]
scw/1292/129200570010.001/swg.fits[1]
scw/1292/129200580010.001/swg.fits[1]
scw/1292/129200590010.001/swg.fits[1]
scw/1292/129200590020.001/swg.fits[1]
scw/1293/129300020010.001/swg.fits[1]
scw/1293/129300030010.001/swg.fits[1]
scw/1293/129300040010.001/swg.fits[1]
scw/1293/129300050010.001/swg.fits[1]
scw/1293/129300060010.001/swg.fits[1]
scw/1294/129400230010.001/swg.fits[1]
scw/1294/129400240010.001/swg.fits[1]
scw/1294/129400250010.001/swg.fits[1]
scw/1294/129400260010.001/swg.fits[1]
scw/1294/129400270010.001/swg.fits[1]
scw/1294/129400280010.001/swg.fits[1]
scw/1294/129400290010.001/swg.fits[1]
scw/1294/129400300010.001/swg.fits[1]
scw/1294/129400310010.001/swg.fits[1]
scw/1294/129400320010.001/swg.fits[1]
scw/1294/129400330010.001/swg.fits[1]
scw/1294/129400340010.001/swg.fits[1]
scw/1294/129400350010.001/swg.fits[1]
scw/1294/129400360010.001/swg.fits[1]
scw/1294/129400370010.001/swg.fits[1]
scw/1294/129400380010.001/swg.fits[1]
scw/1294/129400390010.001/swg.fits[1]
scw/1294/129400440010.001/swg.fits[1]
scw/1294/129400450010.001/swg.fits[1]
scw/1294/129400740010.001/swg.fits[1]
scw/1294/129400750010.001/swg.fits[1]
scw/1295/129500050010.001/swg.fits[1]
scw/1295/129500060010.001/swg.fits[1]
scw/1296/129600050010.001/swg.fits[1]
scw/1296/129600060010.001/swg.fits[1]
scw/1296/129600350010.001/swg.fits[1]
scw/1296/129600360010.001/swg.fits[1]
scw/1296/129600400010.001/swg.fits[1]
scw/1296/129600410010.001/swg.fits[1]
scw/1296/129600700010.001/swg.fits[1]
scw/1296/129600710010.001/swg.fits[1]
scw/1297/129700070010.001/swg.fits[1]
scw/1297/129700080010.001/swg.fits[1]
scw/1297/129700370010.001/swg.fits[1]
scw/1297/129700380010.001/swg.fits[1]
scw/1297/129700420010.001/swg.fits[1]
scw/1297/129700430010.001/swg.fits[1]
scw/1297/129700720010.001/swg.fits[1]
scw/1297/129700730010.001/swg.fits[1]
scw/1298/129800130010.001/swg.fits[1]
scw/1298/129800140010.001/swg.fits[1]
scw/1298/129800430010.001/swg.fits[1]
scw/1298/129800440010.001/swg.fits[1]
scw/1298/129800480010.001/swg.fits[1]
scw/1298/129800490010.001/swg.fits[1]
scw/1298/129800780010.001/swg.fits[1]
scw/1298/129800790010.001/swg.fits[1]
scw/1350/135000240010.001/swg.fits[1]
scw/1350/135000250010.001/swg.fits[1]
scw/1350/135000540010.001/swg.fits[1]
scw/1350/135000550010.001/swg.fits[1]
scw/1351/135100540010.001/swg.fits[1]
scw/1351/135100550010.001/swg.fits[1]
scw/1351/135100840010.001/swg.fits[1]
scw/1351/135100850010.001/swg.fits[1]
scw/1352/135200190010.001/swg.fits[1]
scw/1352/135200200010.001/swg.fits[1]
scw/1352/135200490010.001/swg.fits[1]
scw/1352/135200500010.001/swg.fits[1]
scw/1353/135300050010.001/swg.fits[1]
scw/1353/135300060010.001/swg.fits[1]
scw/1353/135300350010.001/swg.fits[1]
scw/1353/135300360010.001/swg.fits[1]
scw/1353/135300400010.001/swg.fits[1]
scw/1353/135300410010.001/swg.fits[1]
scw/1353/135300700010.001/swg.fits[1]
scw/1353/135300710010.001/swg.fits[1]
scw/1354/135400550010.001/swg.fits[1]
scw/1354/135400600010.001/swg.fits[1]
scw/1354/135400610010.001/swg.fits[1]
scw/1354/135400900010.001/swg.fits[1]
scw/1354/135400910010.001/swg.fits[1]
scw/1355/135500070010.001/swg.fits[1]
scw/1355/135500080010.001/swg.fits[1]
scw/1355/135500370010.001/swg.fits[1]
scw/1355/135500380010.001/swg.fits[1]
scw/1355/135500420010.001/swg.fits[1]
scw/1355/135500430010.001/swg.fits[1]
scw/1355/135500720010.001/swg.fits[1]
scw/1355/135500730010.001/swg.fits[1]
scw/1356/135600070010.001/swg.fits[1]
scw/1356/135600080010.001/swg.fits[1]
scw/1356/135600370010.001/swg.fits[1]
scw/1356/135600380010.001/swg.fits[1]
scw/1356/135600420010.001/swg.fits[1]
scw/1356/135600430010.001/swg.fits[1]
scw/1356/135600720010.001/swg.fits[1]
scw/1356/135600730010.001/swg.fits[1]
scw/1597/159700280010.001/swg.fits[1]
scw/1941/194100190010.001/swg.fits[1]
scw/2303/230300380010.001/swg.fits[1]
scw/2304/230400380010.001/swg.fits[1]
scw/2305/230500470010.001/swg.fits[1]
scw/2306/230600390010.001/swg.fits[1]
scw/2307/230700380010.001/swg.fits[1]
scw/2362/236200460010.001/swg.fits[1]
scw/2447/244700380010.001/swg.fits[1]
