scw/0207/020700580010.001/swg.fits[1]
scw/0207/020700590010.001/swg.fits[1]
scw/0208/020800020010.001/swg.fits[1]
scw/0208/020800030010.001/swg.fits[1]
scw/0208/020800490010.001/swg.fits[1]
scw/0208/020800500010.001/swg.fits[1]
scw/0208/020800510010.001/swg.fits[1]
scw/0209/020900390010.001/swg.fits[1]
scw/0209/020900400010.001/swg.fits[1]
scw/0209/020900410010.001/swg.fits[1]
scw/0336/033600530010.001/swg.fits[1]
scw/0336/033600540010.001/swg.fits[1]
scw/0336/033600550010.001/swg.fits[1]
scw/0336/033600560010.001/swg.fits[1]
scw/0336/033600570010.001/swg.fits[1]
scw/0336/033600580010.001/swg.fits[1]
scw/0338/033800120010.001/swg.fits[1]
scw/0338/033800130010.001/swg.fits[1]
scw/0338/033800140010.001/swg.fits[1]
scw/0338/033800150010.001/swg.fits[1]
scw/0338/033800160010.001/swg.fits[1]
scw/0338/033800210010.001/swg.fits[1]
scw/0338/033800220010.001/swg.fits[1]
scw/0338/033800230010.001/swg.fits[1]
scw/0338/033800240010.001/swg.fits[1]
scw/0338/033800250010.001/swg.fits[1]
scw/0338/033800310010.001/swg.fits[1]
scw/0338/033800320010.001/swg.fits[1]
scw/0341/034100020010.001/swg.fits[1]
scw/0341/034100030010.001/swg.fits[1]
scw/0341/034100040010.001/swg.fits[1]
scw/0341/034100050010.001/swg.fits[1]
scw/0341/034100100010.001/swg.fits[1]
scw/0341/034100110010.001/swg.fits[1]
scw/0341/034100120010.001/swg.fits[1]
scw/0341/034100130010.001/swg.fits[1]
scw/0341/034100140010.001/swg.fits[1]
scw/0341/034100190010.001/swg.fits[1]
scw/0341/034100220010.001/swg.fits[1]
scw/0341/034100230010.001/swg.fits[1]
scw/0341/034100240010.001/swg.fits[1]
scw/0341/034100250010.001/swg.fits[1]
scw/0342/034200410010.001/swg.fits[1]
scw/0342/034200420010.001/swg.fits[1]
scw/0342/034200430010.001/swg.fits[1]
scw/0342/034200440010.001/swg.fits[1]
scw/0342/034200450010.001/swg.fits[1]
scw/0342/034200520010.001/swg.fits[1]
scw/0342/034200530010.001/swg.fits[1]
scw/0342/034200540010.001/swg.fits[1]
scw/0342/034200550010.001/swg.fits[1]
scw/0342/034200620010.001/swg.fits[1]
scw/0342/034200630010.001/swg.fits[1]
scw/0342/034200640010.001/swg.fits[1]
scw/0342/034200650010.001/swg.fits[1]
scw/0342/034200660010.001/swg.fits[1]
scw/0452/045200350010.001/swg.fits[1]
scw/0452/045200360010.001/swg.fits[1]
scw/0452/045200370010.001/swg.fits[1]
scw/0452/045200400010.001/swg.fits[1]
scw/0452/045200410010.001/swg.fits[1]
scw/0452/045200420010.001/swg.fits[1]
scw/0452/045200450010.001/swg.fits[1]
scw/0452/045200460010.001/swg.fits[1]
scw/0452/045200470010.001/swg.fits[1]
scw/0452/045200500010.001/swg.fits[1]
scw/0452/045200510010.001/swg.fits[1]
scw/0453/045300110010.001/swg.fits[1]
scw/0453/045300120010.001/swg.fits[1]
scw/0453/045300150010.001/swg.fits[1]
scw/0453/045300160010.001/swg.fits[1]
scw/0453/045300210010.001/swg.fits[1]
scw/0453/045300220010.001/swg.fits[1]
scw/0453/045300230010.001/swg.fits[1]
scw/0453/045300240010.001/swg.fits[1]
scw/0453/045300250010.001/swg.fits[1]
scw/0453/045300260010.001/swg.fits[1]
scw/0453/045300270010.001/swg.fits[1]
scw/0453/045300290010.001/swg.fits[1]
scw/0453/045300300010.001/swg.fits[1]
scw/0453/045300310010.001/swg.fits[1]
scw/0453/045300320010.001/swg.fits[1]
scw/0453/045300330010.001/swg.fits[1]
scw/0453/045300340010.001/swg.fits[1]
scw/0453/045300360010.001/swg.fits[1]
scw/0453/045300370010.001/swg.fits[1]
scw/0453/045300380010.001/swg.fits[1]
scw/0453/045300390010.001/swg.fits[1]
scw/0453/045300420010.001/swg.fits[1]
scw/0453/045300430010.001/swg.fits[1]
scw/0453/045300440010.001/swg.fits[1]
scw/0453/045300450010.001/swg.fits[1]
scw/0453/045300480010.001/swg.fits[1]
scw/0453/045300490010.001/swg.fits[1]
scw/0453/045300500010.001/swg.fits[1]
scw/0453/045300510010.001/swg.fits[1]
scw/0456/045600070010.001/swg.fits[1]
scw/0456/045600080010.001/swg.fits[1]
scw/0456/045600090010.001/swg.fits[1]
scw/0456/045600100010.001/swg.fits[1]
scw/0456/045600110010.001/swg.fits[1]
scw/0456/045600160010.001/swg.fits[1]
scw/0456/045600170010.001/swg.fits[1]
scw/0456/045600180010.001/swg.fits[1]
scw/0456/045600190010.001/swg.fits[1]
scw/0456/045600200010.001/swg.fits[1]
scw/0456/045600210010.001/swg.fits[1]
scw/0456/045600260010.001/swg.fits[1]
scw/0456/045600270010.001/swg.fits[1]
scw/0456/045600280010.001/swg.fits[1]
scw/0456/045600290010.001/swg.fits[1]
scw/0456/045600300010.001/swg.fits[1]
scw/0456/045600380010.001/swg.fits[1]
scw/0456/045600390010.001/swg.fits[1]
scw/0456/045600400010.001/swg.fits[1]
scw/0456/045600410010.001/swg.fits[1]
scw/0457/045700050010.001/swg.fits[1]
scw/0457/045700060010.001/swg.fits[1]
scw/0457/045700070010.001/swg.fits[1]
scw/0457/045700150010.001/swg.fits[1]
scw/0457/045700160010.001/swg.fits[1]
scw/0457/045700170010.001/swg.fits[1]
scw/0457/045700180010.001/swg.fits[1]
scw/0457/045700190010.001/swg.fits[1]
scw/0457/045700200010.001/swg.fits[1]
scw/0457/045700250010.001/swg.fits[1]
scw/0457/045700260010.001/swg.fits[1]
scw/0457/045700270010.001/swg.fits[1]
scw/0457/045700280010.001/swg.fits[1]
scw/0457/045700290010.001/swg.fits[1]
scw/0457/045700300010.001/swg.fits[1]
scw/0457/045700360010.001/swg.fits[1]
scw/0457/045700370010.001/swg.fits[1]
scw/0457/045700380010.001/swg.fits[1]
scw/0457/045700390010.001/swg.fits[1]
scw/0457/045700460010.001/swg.fits[1]
scw/0457/045700470010.001/swg.fits[1]
scw/0457/045700480010.001/swg.fits[1]
scw/0457/045700490010.001/swg.fits[1]
scw/0457/045700500010.001/swg.fits[1]
scw/0457/045700550010.001/swg.fits[1]
scw/0457/045700560010.001/swg.fits[1]
scw/0457/045700570010.001/swg.fits[1]
scw/0457/045700580010.001/swg.fits[1]
scw/0570/057000210010.001/swg.fits[1]
scw/0570/057000220010.001/swg.fits[1]
scw/0570/057000230010.001/swg.fits[1]
scw/0570/057000240010.001/swg.fits[1]
scw/0570/057000250010.001/swg.fits[1]
scw/0570/057000300010.001/swg.fits[1]
scw/0570/057000310010.001/swg.fits[1]
scw/0570/057000320010.001/swg.fits[1]
scw/0570/057000330010.001/swg.fits[1]
scw/0570/057000340010.001/swg.fits[1]
scw/0570/057000350010.001/swg.fits[1]
scw/0570/057000400010.001/swg.fits[1]
scw/0570/057000410010.001/swg.fits[1]
scw/0570/057000420010.001/swg.fits[1]
scw/0570/057000430010.001/swg.fits[1]
scw/0570/057000440010.001/swg.fits[1]
scw/0570/057000450010.001/swg.fits[1]
scw/0570/057000500010.001/swg.fits[1]
scw/0570/057000510010.001/swg.fits[1]
scw/0570/057000520010.001/swg.fits[1]
scw/0570/057000600010.001/swg.fits[1]
scw/0570/057000600020.001/swg.fits[1]
scw/0571/057100020010.001/swg.fits[1]
scw/0571/057100030010.001/swg.fits[1]
scw/0571/057100040010.001/swg.fits[1]
scw/0571/057100050010.001/swg.fits[1]
scw/0571/057100060010.001/swg.fits[1]
scw/0571/057100110010.001/swg.fits[1]
scw/0571/057100120010.001/swg.fits[1]
scw/0571/057100130010.001/swg.fits[1]
scw/0571/057100140010.001/swg.fits[1]
scw/0571/057100150010.001/swg.fits[1]
scw/0571/057100160010.001/swg.fits[1]
scw/0571/057100210010.001/swg.fits[1]
scw/0571/057100220010.001/swg.fits[1]
scw/0571/057100230010.001/swg.fits[1]
scw/0571/057100240010.001/swg.fits[1]
scw/0571/057100250010.001/swg.fits[1]
scw/0571/057100260010.001/swg.fits[1]
scw/0571/057100310010.001/swg.fits[1]
scw/0571/057100320010.001/swg.fits[1]
scw/0571/057100330010.001/swg.fits[1]
scw/0571/057100340010.001/swg.fits[1]
scw/0571/057100350010.001/swg.fits[1]
scw/0571/057100360010.001/swg.fits[1]
scw/0571/057100410010.001/swg.fits[1]
scw/0571/057100420010.001/swg.fits[1]
scw/0571/057100430010.001/swg.fits[1]
scw/0571/057100540010.001/swg.fits[1]
scw/0571/057100550010.001/swg.fits[1]
scw/0571/057100560010.001/swg.fits[1]
scw/0572/057200060010.001/swg.fits[1]
scw/0572/057200070010.001/swg.fits[1]
scw/0572/057200080010.001/swg.fits[1]
scw/0572/057200090010.001/swg.fits[1]
scw/0572/057200100010.001/swg.fits[1]
scw/0572/057200110010.001/swg.fits[1]
scw/0572/057200160010.001/swg.fits[1]
scw/0572/057200170010.001/swg.fits[1]
scw/0572/057200180010.001/swg.fits[1]
scw/0572/057200190010.001/swg.fits[1]
scw/0572/057200200010.001/swg.fits[1]
scw/0572/057200210010.001/swg.fits[1]
scw/0572/057200260010.001/swg.fits[1]
scw/0572/057200270010.001/swg.fits[1]
scw/0572/057200280010.001/swg.fits[1]
scw/0572/057200290010.001/swg.fits[1]
scw/0572/057200300010.001/swg.fits[1]
scw/0572/057200310010.001/swg.fits[1]
scw/0572/057200360010.001/swg.fits[1]
scw/0572/057200370010.001/swg.fits[1]
scw/0572/057200380010.001/swg.fits[1]
scw/0572/057200390010.001/swg.fits[1]
scw/0572/057200400010.001/swg.fits[1]
scw/0572/057200410010.001/swg.fits[1]
scw/0572/057200490010.001/swg.fits[1]
scw/0572/057200500010.001/swg.fits[1]
scw/0572/057200510010.001/swg.fits[1]
scw/0572/057200560010.001/swg.fits[1]
scw/0572/057200570010.001/swg.fits[1]
scw/0572/057200580010.001/swg.fits[1]
scw/0572/057200580020.001/swg.fits[1]
scw/0573/057300020010.001/swg.fits[1]
scw/0573/057300030010.001/swg.fits[1]
scw/0573/057300040010.001/swg.fits[1]
scw/0573/057300090010.001/swg.fits[1]
scw/0573/057300100010.001/swg.fits[1]
scw/0573/057300110010.001/swg.fits[1]
scw/0573/057300120010.001/swg.fits[1]
scw/0573/057300130010.001/swg.fits[1]
scw/0573/057300140010.001/swg.fits[1]
scw/0573/057300180010.001/swg.fits[1]
scw/0573/057300190010.001/swg.fits[1]
scw/0573/057300200010.001/swg.fits[1]
scw/0573/057300210010.001/swg.fits[1]
scw/0573/057300220010.001/swg.fits[1]
scw/0573/057300230010.001/swg.fits[1]
scw/0573/057300240010.001/swg.fits[1]
scw/0573/057300250010.001/swg.fits[1]
scw/0573/057300280010.001/swg.fits[1]
scw/0573/057300290010.001/swg.fits[1]
scw/0573/057300300010.001/swg.fits[1]
scw/0573/057300310010.001/swg.fits[1]
scw/0573/057300380010.001/swg.fits[1]
scw/0573/057300390010.001/swg.fits[1]
scw/0573/057300400010.001/swg.fits[1]
scw/0573/057300410010.001/swg.fits[1]
scw/0573/057300420010.001/swg.fits[1]
scw/0573/057300430010.001/swg.fits[1]
scw/0573/057300440010.001/swg.fits[1]
scw/0573/057300440020.001/swg.fits[1]
scw/0582/058200020010.001/swg.fits[1]
scw/0582/058200060010.001/swg.fits[1]
scw/0582/058200070010.001/swg.fits[1]
scw/0582/058200080010.001/swg.fits[1]
scw/0582/058200090010.001/swg.fits[1]
scw/0582/058200100010.001/swg.fits[1]
scw/0695/069500080010.001/swg.fits[1]
scw/0695/069500090010.001/swg.fits[1]
scw/0695/069500100010.001/swg.fits[1]
scw/0695/069500110010.001/swg.fits[1]
scw/0695/069500160010.001/swg.fits[1]
scw/0695/069500170010.001/swg.fits[1]
scw/0695/069500180010.001/swg.fits[1]
scw/0695/069500190010.001/swg.fits[1]
scw/0695/069500200010.001/swg.fits[1]
scw/0695/069500210010.001/swg.fits[1]
scw/0695/069500260010.001/swg.fits[1]
scw/0695/069500270010.001/swg.fits[1]
scw/0695/069500280010.001/swg.fits[1]
scw/0695/069500290010.001/swg.fits[1]
scw/0695/069500300010.001/swg.fits[1]
scw/0695/069500360010.001/swg.fits[1]
scw/0695/069500370010.001/swg.fits[1]
scw/0695/069500380010.001/swg.fits[1]
scw/0695/069500390010.001/swg.fits[1]
scw/0695/069500400010.001/swg.fits[1]
scw/0695/069500410010.001/swg.fits[1]
scw/0695/069500460010.001/swg.fits[1]
scw/0695/069500470010.001/swg.fits[1]
scw/0696/069600020010.001/swg.fits[1]
scw/0696/069600100010.001/swg.fits[1]
scw/0696/069600110010.001/swg.fits[1]
scw/0696/069600120010.001/swg.fits[1]
scw/0696/069600130010.001/swg.fits[1]
scw/0696/069600140010.001/swg.fits[1]
scw/0696/069600150010.001/swg.fits[1]
scw/0696/069600200010.001/swg.fits[1]
scw/0696/069600210010.001/swg.fits[1]
scw/0696/069600220010.001/swg.fits[1]
scw/0696/069600230010.001/swg.fits[1]
scw/0696/069600240010.001/swg.fits[1]
scw/0696/069600250010.001/swg.fits[1]
scw/0696/069600310010.001/swg.fits[1]
scw/0696/069600320010.001/swg.fits[1]
scw/0696/069600330010.001/swg.fits[1]
scw/0696/069600340010.001/swg.fits[1]
scw/0696/069600410010.001/swg.fits[1]
scw/0697/069700380010.001/swg.fits[1]
scw/0697/069700380020.001/swg.fits[1]
scw/0697/069700390010.001/swg.fits[1]
scw/0697/069700400010.001/swg.fits[1]
scw/0697/069700460010.001/swg.fits[1]
scw/0697/069700470010.001/swg.fits[1]
scw/0697/069700480010.001/swg.fits[1]
scw/0697/069700490010.001/swg.fits[1]
scw/0697/069700500010.001/swg.fits[1]
scw/0697/069700580010.001/swg.fits[1]
scw/0697/069700590010.001/swg.fits[1]
scw/0697/069700600010.001/swg.fits[1]
scw/0697/069700610010.001/swg.fits[1]
scw/0697/069700620010.001/swg.fits[1]
scw/0697/069700630010.001/swg.fits[1]
scw/0698/069800070010.001/swg.fits[1]
scw/0698/069800080010.001/swg.fits[1]
scw/0698/069800090010.001/swg.fits[1]
scw/0698/069800140010.001/swg.fits[1]
scw/0698/069800150010.001/swg.fits[1]
scw/0698/069800160010.001/swg.fits[1]
scw/0698/069800170010.001/swg.fits[1]
scw/0698/069800180010.001/swg.fits[1]
scw/0698/069800240010.001/swg.fits[1]
scw/0698/069800250010.001/swg.fits[1]
scw/0698/069800260010.001/swg.fits[1]
scw/0698/069800270010.001/swg.fits[1]
scw/0698/069800280010.001/swg.fits[1]
scw/0698/069800290010.001/swg.fits[1]
scw/0698/069800340010.001/swg.fits[1]
scw/0698/069800350010.001/swg.fits[1]
scw/0698/069800360010.001/swg.fits[1]
scw/0698/069800370010.001/swg.fits[1]
scw/0698/069800380010.001/swg.fits[1]
scw/0699/069900050010.001/swg.fits[1]
scw/0699/069900060010.001/swg.fits[1]
scw/0699/069900070010.001/swg.fits[1]
scw/0699/069900080010.001/swg.fits[1]
scw/0699/069900090010.001/swg.fits[1]
scw/0699/069900100010.001/swg.fits[1]
scw/0699/069900150010.001/swg.fits[1]
scw/0699/069900160010.001/swg.fits[1]
scw/0699/069900170010.001/swg.fits[1]
scw/0699/069900180010.001/swg.fits[1]
scw/0699/069900190010.001/swg.fits[1]
scw/0699/069900200010.001/swg.fits[1]
scw/0699/069900250010.001/swg.fits[1]
scw/0699/069900260010.001/swg.fits[1]
scw/0699/069900270010.001/swg.fits[1]
scw/0699/069900280010.001/swg.fits[1]
scw/0699/069900290010.001/swg.fits[1]
scw/0699/069900300010.001/swg.fits[1]
scw/0699/069900350010.001/swg.fits[1]
scw/0699/069900360010.001/swg.fits[1]
scw/0699/069900370010.001/swg.fits[1]
scw/0699/069900380010.001/swg.fits[1]
scw/0699/069900390010.001/swg.fits[1]
scw/0700/070000020010.001/swg.fits[1]
scw/0700/070000070010.001/swg.fits[1]
scw/0700/070000080010.001/swg.fits[1]
scw/0700/070000090010.001/swg.fits[1]
scw/0700/070000200010.001/swg.fits[1]
scw/0700/070000210010.001/swg.fits[1]
scw/0700/070000220010.001/swg.fits[1]
scw/0700/070000270010.001/swg.fits[1]
scw/0700/070000280010.001/swg.fits[1]
scw/0700/070000290010.001/swg.fits[1]
scw/0700/070000300010.001/swg.fits[1]
scw/0700/070000310010.001/swg.fits[1]
scw/0700/070000320010.001/swg.fits[1]
scw/0700/070000370010.001/swg.fits[1]
scw/0700/070000380010.001/swg.fits[1]
scw/0700/070000390010.001/swg.fits[1]
scw/0701/070100020010.001/swg.fits[1]
scw/0701/070100030010.001/swg.fits[1]
scw/0701/070100040010.001/swg.fits[1]
scw/0701/070100090010.001/swg.fits[1]
scw/0701/070100100010.001/swg.fits[1]
scw/0701/070100110010.001/swg.fits[1]
scw/0701/070100120010.001/swg.fits[1]
scw/0701/070100130010.001/swg.fits[1]
scw/0701/070100140010.001/swg.fits[1]
scw/0701/070100190010.001/swg.fits[1]
scw/0701/070100200010.001/swg.fits[1]
scw/0701/070100210010.001/swg.fits[1]
scw/0701/070100220010.001/swg.fits[1]
scw/0701/070100230010.001/swg.fits[1]
scw/0701/070100240010.001/swg.fits[1]
scw/0701/070100320010.001/swg.fits[1]
scw/0701/070100330010.001/swg.fits[1]
scw/0701/070100340010.001/swg.fits[1]
scw/0701/070100350010.001/swg.fits[1]
scw/0701/070100390010.001/swg.fits[1]
scw/0701/070100400010.001/swg.fits[1]
scw/1066/106600440010.001/swg.fits[1]
scw/1246/124600460010.001/swg.fits[1]
scw/1247/124700260010.001/swg.fits[1]
scw/1248/124800450010.001/swg.fits[1]
scw/1297/129700020010.001/swg.fits[1]
scw/2313/231300500010.001/swg.fits[1]
scw/2453/245300580010.001/swg.fits[1]
scw/2460/246000250010.001/swg.fits[1]
