scw/0267/026700000290.001/swg.fits[1]
scw/0267/026700000310.001/swg.fits[1]
scw/0267/026700000330.001/swg.fits[1]
scw/0267/026700000350.001/swg.fits[1]
scw/0312/031200420010.001/swg.fits[1]
scw/0312/031200430010.001/swg.fits[1]
scw/0312/031200520010.001/swg.fits[1]
scw/0313/031300250010.001/swg.fits[1]
scw/0313/031300260010.001/swg.fits[1]
scw/0313/031300270010.001/swg.fits[1]
scw/0313/031300340010.001/swg.fits[1]
scw/0313/031300350010.001/swg.fits[1]
scw/0313/031300360010.001/swg.fits[1]
scw/0314/031400080010.001/swg.fits[1]
scw/0314/031400090010.001/swg.fits[1]
scw/1183/118300020010.001/swg.fits[1]
scw/2302/230200080010.001/swg.fits[1]
scw/2302/230200090010.001/swg.fits[1]
scw/2302/230200100010.001/swg.fits[1]
scw/2302/230200110010.001/swg.fits[1]
scw/2302/230200120010.001/swg.fits[1]
scw/2302/230200130010.001/swg.fits[1]
scw/2302/230200140010.001/swg.fits[1]
scw/2302/230200150010.001/swg.fits[1]
scw/2302/230200160010.001/swg.fits[1]
scw/2302/230200170010.001/swg.fits[1]
scw/2302/230200200010.001/swg.fits[1]
scw/2302/230200210010.001/swg.fits[1]
scw/2302/230200220010.001/swg.fits[1]
scw/2302/230200230010.001/swg.fits[1]
scw/2302/230200240010.001/swg.fits[1]
scw/2302/230200320010.001/swg.fits[1]
scw/2302/230200330010.001/swg.fits[1]
scw/2302/230200410010.001/swg.fits[1]
scw/2302/230200420010.001/swg.fits[1]
scw/2302/230200430010.001/swg.fits[1]
scw/2302/230200440010.001/swg.fits[1]
scw/2302/230200450010.001/swg.fits[1]
scw/2302/230200490010.001/swg.fits[1]
scw/2302/230200500010.001/swg.fits[1]
scw/2302/230200510010.001/swg.fits[1]
scw/2302/230200520010.001/swg.fits[1]
scw/2302/230200530010.001/swg.fits[1]
scw/2302/230200540010.001/swg.fits[1]
scw/2302/230200550010.001/swg.fits[1]
scw/2302/230200560010.001/swg.fits[1]
scw/2302/230200570010.001/swg.fits[1]
scw/2302/230200570020.001/swg.fits[1]
scw/2366/236600490010.001/swg.fits[1]
scw/2366/236600570010.001/swg.fits[1]
scw/2366/236600580010.001/swg.fits[1]
scw/2366/236600590010.001/swg.fits[1]
scw/2367/236700070010.001/swg.fits[1]
scw/2367/236700080010.001/swg.fits[1]
scw/2367/236700090010.001/swg.fits[1]
scw/2367/236700170010.001/swg.fits[1]
scw/2368/236800160010.001/swg.fits[1]
scw/2369/236900060010.001/swg.fits[1]
scw/2369/236900070010.001/swg.fits[1]
scw/2369/236900080010.001/swg.fits[1]
scw/2369/236900090010.001/swg.fits[1]
scw/2376/237600020010.001/swg.fits[1]
scw/2450/245000460010.001/swg.fits[1]
scw/2496/249600530010.001/swg.fits[1]
