scw/0338/033800560010.001/swg.fits[1]
scw/0339/033900400010.001/swg.fits[1]
scw/0339/033900410010.001/swg.fits[1]
scw/0340/034000270010.001/swg.fits[1]
scw/0340/034000280010.001/swg.fits[1]
scw/0341/034100510010.001/swg.fits[1]
scw/0342/034200350010.001/swg.fits[1]
scw/0729/072900610010.001/swg.fits[1]
scw/0729/072900620010.001/swg.fits[1]
scw/0730/073000410010.001/swg.fits[1]
scw/0730/073000420010.001/swg.fits[1]
scw/0730/073001070010.001/swg.fits[1]
scw/0731/073100400010.001/swg.fits[1]
scw/0732/073200360010.001/swg.fits[1]
scw/0733/073300490010.001/swg.fits[1]
scw/0733/073300500010.001/swg.fits[1]
scw/0734/073400430010.001/swg.fits[1]
scw/0735/073500510010.001/swg.fits[1]
scw/0735/073500520010.001/swg.fits[1]
scw/0736/073600610010.001/swg.fits[1]
scw/0737/073700430010.001/swg.fits[1]
scw/0737/073700440010.001/swg.fits[1]
scw/0738/073800020010.001/swg.fits[1]
scw/0738/073800740010.001/swg.fits[1]
scw/0738/073800750010.001/swg.fits[1]
scw/0789/078900320010.001/swg.fits[1]
scw/0793/079300440010.001/swg.fits[1]
scw/0793/079300450010.001/swg.fits[1]
scw/0794/079400710010.001/swg.fits[1]
scw/0795/079500610010.001/swg.fits[1]
scw/0795/079500620010.001/swg.fits[1]
scw/0851/085100740010.001/swg.fits[1]
scw/0852/085200660010.001/swg.fits[1]
scw/0853/085300420010.001/swg.fits[1]
scw/0945/094500230010.001/swg.fits[1]
scw/0945/094500240010.001/swg.fits[1]
scw/0945/094500330010.001/swg.fits[1]
scw/0945/094500730010.001/swg.fits[1]
scw/0945/094500740010.001/swg.fits[1]
scw/0946/094600210010.001/swg.fits[1]
scw/0946/094600220010.001/swg.fits[1]
scw/0946/094600310010.001/swg.fits[1]
scw/0946/094600710010.001/swg.fits[1]
scw/0946/094600720010.001/swg.fits[1]
scw/0947/094700210010.001/swg.fits[1]
scw/0947/094700220010.001/swg.fits[1]
scw/0947/094700310010.001/swg.fits[1]
scw/0947/094700710010.001/swg.fits[1]
scw/0947/094700720010.001/swg.fits[1]
scw/1062/106200260010.001/swg.fits[1]
scw/1062/106200270010.001/swg.fits[1]
scw/1062/106200350010.001/swg.fits[1]
scw/1062/106200750010.001/swg.fits[1]
scw/1062/106200760010.001/swg.fits[1]
scw/1064/106400210010.001/swg.fits[1]
scw/1064/106400220010.001/swg.fits[1]
scw/1064/106400310010.001/swg.fits[1]
scw/1064/106400710010.001/swg.fits[1]
scw/1064/106400720010.001/swg.fits[1]
scw/1069/106900210010.001/swg.fits[1]
scw/1069/106900220010.001/swg.fits[1]
scw/1069/106900310010.001/swg.fits[1]
scw/1069/106900710010.001/swg.fits[1]
scw/1069/106900720010.001/swg.fits[1]
scw/1183/118300380010.001/swg.fits[1]
scw/1189/118900230010.001/swg.fits[1]
scw/1663/166300190010.001/swg.fits[1]
scw/1663/166300280010.001/swg.fits[1]
scw/1663/166300290010.001/swg.fits[1]
scw/1715/171500390010.001/swg.fits[1]
scw/1847/184700210010.001/swg.fits[1]
scw/1847/184700220010.001/swg.fits[1]
scw/1910/191000430010.001/swg.fits[1]
scw/1910/191000440010.001/swg.fits[1]
scw/1911/191100250010.001/swg.fits[1]
scw/1911/191100340010.001/swg.fits[1]
scw/1911/191100350010.001/swg.fits[1]
scw/1911/191100440010.001/swg.fits[1]
scw/1968/196800080010.001/swg.fits[1]
scw/1968/196800090010.001/swg.fits[1]
scw/1968/196800100010.001/swg.fits[1]
scw/1968/196800110010.001/swg.fits[1]
scw/1968/196800150010.001/swg.fits[1]
scw/1968/196800160010.001/swg.fits[1]
scw/1968/196800170010.001/swg.fits[1]
scw/1968/196800180010.001/swg.fits[1]
scw/1968/196800190010.001/swg.fits[1]
scw/1968/196800200010.001/swg.fits[1]
scw/1968/196800210010.001/swg.fits[1]
scw/1968/196800220010.001/swg.fits[1]
scw/1968/196800230010.001/swg.fits[1]
scw/1968/196800250010.001/swg.fits[1]
scw/1968/196800260010.001/swg.fits[1]
scw/1968/196800270010.001/swg.fits[1]
scw/1968/196800280010.001/swg.fits[1]
scw/1968/196800290010.001/swg.fits[1]
scw/1968/196800300010.001/swg.fits[1]
scw/1968/196800310010.001/swg.fits[1]
scw/1968/196800320010.001/swg.fits[1]
scw/1968/196800330010.001/swg.fits[1]
scw/1968/196800340010.001/swg.fits[1]
scw/1968/196800350010.001/swg.fits[1]
scw/1968/196800360010.001/swg.fits[1]
scw/1968/196800380010.001/swg.fits[1]
scw/1968/196800390010.001/swg.fits[1]
scw/1968/196800400010.001/swg.fits[1]
scw/1968/196800410010.001/swg.fits[1]
scw/1968/196800460010.001/swg.fits[1]
scw/1968/196800470010.001/swg.fits[1]
scw/1968/196800480010.001/swg.fits[1]
scw/1968/196800490010.001/swg.fits[1]
scw/1969/196900070010.001/swg.fits[1]
scw/1969/196900080010.001/swg.fits[1]
scw/1969/196900130010.001/swg.fits[1]
scw/1969/196900140010.001/swg.fits[1]
scw/1969/196900150010.001/swg.fits[1]
scw/1969/196900160010.001/swg.fits[1]
scw/1969/196900170010.001/swg.fits[1]
scw/1969/196900180010.001/swg.fits[1]
scw/1969/196900190010.001/swg.fits[1]
scw/1969/196900200010.001/swg.fits[1]
scw/1969/196900210010.001/swg.fits[1]
scw/1969/196900230010.001/swg.fits[1]
scw/1969/196900240010.001/swg.fits[1]
scw/1969/196900250010.001/swg.fits[1]
scw/1969/196900260010.001/swg.fits[1]
scw/1969/196900290010.001/swg.fits[1]
scw/1969/196900300010.001/swg.fits[1]
scw/1969/196900310010.001/swg.fits[1]
scw/1969/196900320010.001/swg.fits[1]
scw/1969/196900330010.001/swg.fits[1]
scw/1969/196900340010.001/swg.fits[1]
scw/1969/196900350010.001/swg.fits[1]
scw/1969/196900360010.001/swg.fits[1]
scw/1969/196900370010.001/swg.fits[1]
scw/1969/196900380010.001/swg.fits[1]
scw/1969/196900390010.001/swg.fits[1]
scw/1969/196900400010.001/swg.fits[1]
scw/1969/196900410010.001/swg.fits[1]
scw/1969/196900420010.001/swg.fits[1]
scw/1969/196900430010.001/swg.fits[1]
scw/1969/196900440010.001/swg.fits[1]
scw/1969/196900480010.001/swg.fits[1]
scw/1969/196900490010.001/swg.fits[1]
scw/1969/196900500010.001/swg.fits[1]
scw/1969/196900500020.001/swg.fits[1]
scw/1970/197000040010.001/swg.fits[1]
scw/1970/197000050010.001/swg.fits[1]
scw/1970/197000060010.001/swg.fits[1]
scw/1970/197000070010.001/swg.fits[1]
scw/1970/197000080010.001/swg.fits[1]
scw/1970/197000090010.001/swg.fits[1]
scw/1970/197000100010.001/swg.fits[1]
scw/1970/197000110010.001/swg.fits[1]
scw/1970/197000120010.001/swg.fits[1]
scw/1970/197000130010.001/swg.fits[1]
scw/1970/197000140010.001/swg.fits[1]
scw/1970/197000150010.001/swg.fits[1]
scw/1970/197000160010.001/swg.fits[1]
scw/1970/197000170010.001/swg.fits[1]
scw/1970/197000180010.001/swg.fits[1]
scw/1970/197000190010.001/swg.fits[1]
scw/1970/197000200010.001/swg.fits[1]
scw/1970/197000230010.001/swg.fits[1]
scw/1970/197000240010.001/swg.fits[1]
scw/1970/197000250010.001/swg.fits[1]
scw/1970/197000260010.001/swg.fits[1]
scw/1970/197000270010.001/swg.fits[1]
scw/1970/197000280010.001/swg.fits[1]
scw/1970/197000290010.001/swg.fits[1]
scw/1970/197000300010.001/swg.fits[1]
scw/1970/197000320010.001/swg.fits[1]
scw/1970/197000330010.001/swg.fits[1]
scw/1970/197000340010.001/swg.fits[1]
scw/1970/197000350010.001/swg.fits[1]
scw/1970/197000360010.001/swg.fits[1]
scw/1970/197000370010.001/swg.fits[1]
scw/1970/197000380010.001/swg.fits[1]
scw/1970/197000390010.001/swg.fits[1]
scw/1970/197000400010.001/swg.fits[1]
scw/1970/197000410010.001/swg.fits[1]
scw/1970/197000420010.001/swg.fits[1]
scw/1970/197000430010.001/swg.fits[1]
scw/1970/197000440010.001/swg.fits[1]
scw/1970/197000450010.001/swg.fits[1]
scw/1970/197000460010.001/swg.fits[1]
scw/1970/197000470010.001/swg.fits[1]
scw/1970/197000480010.001/swg.fits[1]
scw/1970/197000490010.001/swg.fits[1]
scw/1970/197000550010.001/swg.fits[1]
scw/1970/197000560010.001/swg.fits[1]
scw/1970/197000570010.001/swg.fits[1]
scw/1971/197100040010.001/swg.fits[1]
scw/1971/197100050010.001/swg.fits[1]
scw/1971/197100060010.001/swg.fits[1]
scw/1971/197100070010.001/swg.fits[1]
scw/1971/197100080010.001/swg.fits[1]
scw/1971/197100090010.001/swg.fits[1]
scw/1971/197100100010.001/swg.fits[1]
scw/1971/197100110010.001/swg.fits[1]
scw/1971/197100120010.001/swg.fits[1]
scw/1971/197100130010.001/swg.fits[1]
scw/1971/197100140010.001/swg.fits[1]
scw/1971/197100150010.001/swg.fits[1]
scw/1971/197100190010.001/swg.fits[1]
scw/1971/197100200010.001/swg.fits[1]
scw/1971/197100210010.001/swg.fits[1]
scw/1971/197100220010.001/swg.fits[1]
scw/1971/197100230010.001/swg.fits[1]
scw/1971/197100240010.001/swg.fits[1]
scw/1971/197100250010.001/swg.fits[1]
scw/1971/197100260010.001/swg.fits[1]
scw/1971/197100280010.001/swg.fits[1]
scw/1971/197100290010.001/swg.fits[1]
scw/1971/197100300010.001/swg.fits[1]
scw/1971/197100310010.001/swg.fits[1]
scw/1971/197100320010.001/swg.fits[1]
scw/1971/197100330010.001/swg.fits[1]
scw/1971/197100340010.001/swg.fits[1]
scw/1971/197100350010.001/swg.fits[1]
scw/1971/197100360010.001/swg.fits[1]
scw/1971/197100370010.001/swg.fits[1]
scw/1971/197100390010.001/swg.fits[1]
scw/1971/197100400010.001/swg.fits[1]
scw/1971/197100410010.001/swg.fits[1]
scw/1971/197100420010.001/swg.fits[1]
scw/1971/197100430010.001/swg.fits[1]
scw/1971/197100440010.001/swg.fits[1]
scw/1971/197100480010.001/swg.fits[1]
scw/1971/197100490010.001/swg.fits[1]
scw/1971/197100500010.001/swg.fits[1]
scw/1971/197100510010.001/swg.fits[1]
scw/1971/197100520010.001/swg.fits[1]
scw/1971/197100530010.001/swg.fits[1]
scw/1971/197100540010.001/swg.fits[1]
scw/1972/197200020010.001/swg.fits[1]
scw/1972/197200030010.001/swg.fits[1]
scw/1972/197200040010.001/swg.fits[1]
scw/1972/197200060010.001/swg.fits[1]
scw/1972/197200070010.001/swg.fits[1]
scw/1972/197200080010.001/swg.fits[1]
scw/1972/197200090010.001/swg.fits[1]
scw/1972/197200100010.001/swg.fits[1]
scw/1972/197200110010.001/swg.fits[1]
scw/1972/197200120010.001/swg.fits[1]
scw/1972/197200130010.001/swg.fits[1]
scw/1972/197200160010.001/swg.fits[1]
scw/1972/197200180010.001/swg.fits[1]
scw/1972/197200190010.001/swg.fits[1]
scw/1973/197300020010.001/swg.fits[1]
scw/1973/197300030010.001/swg.fits[1]
scw/1973/197300040010.001/swg.fits[1]
scw/1973/197300050010.001/swg.fits[1]
scw/1973/197300080010.001/swg.fits[1]
scw/1973/197300090010.001/swg.fits[1]
scw/1973/197300100010.001/swg.fits[1]
scw/1973/197300110010.001/swg.fits[1]
scw/1973/197300120010.001/swg.fits[1]
scw/1973/197300130010.001/swg.fits[1]
scw/1973/197300140010.001/swg.fits[1]
scw/1973/197300150010.001/swg.fits[1]
scw/1973/197300160010.001/swg.fits[1]
scw/1973/197300170010.001/swg.fits[1]
scw/1973/197300180010.001/swg.fits[1]
scw/1973/197300190010.001/swg.fits[1]
scw/1973/197300200010.001/swg.fits[1]
scw/1973/197300210010.001/swg.fits[1]
scw/1973/197300220010.001/swg.fits[1]
scw/1973/197300230010.001/swg.fits[1]
scw/1973/197300300010.001/swg.fits[1]
scw/1973/197300310010.001/swg.fits[1]
scw/1973/197300320010.001/swg.fits[1]
scw/1973/197300330010.001/swg.fits[1]
scw/1973/197300340010.001/swg.fits[1]
scw/1973/197300350010.001/swg.fits[1]
scw/1973/197300380010.001/swg.fits[1]
scw/1973/197300390010.001/swg.fits[1]
scw/1973/197300400010.001/swg.fits[1]
scw/1973/197300410010.001/swg.fits[1]
scw/1973/197300420010.001/swg.fits[1]
scw/1973/197300430010.001/swg.fits[1]
scw/1973/197300440010.001/swg.fits[1]
scw/1973/197300450010.001/swg.fits[1]
scw/1973/197300480010.001/swg.fits[1]
scw/1973/197300480020.001/swg.fits[1]
scw/1976/197600050010.001/swg.fits[1]
scw/1976/197600060010.001/swg.fits[1]
scw/1976/197600150010.001/swg.fits[1]
scw/1976/197600550010.001/swg.fits[1]
scw/1976/197600560010.001/swg.fits[1]
scw/2059/205900020010.001/swg.fits[1]
scw/2105/210500240010.001/swg.fits[1]
scw/2105/210500250010.001/swg.fits[1]
scw/2105/210500330010.001/swg.fits[1]
scw/2106/210600020010.001/swg.fits[1]
scw/2106/210600560010.001/swg.fits[1]
scw/2107/210700020010.001/swg.fits[1]
scw/2107/210700580010.001/swg.fits[1]
scw/2108/210800020010.001/swg.fits[1]
scw/2108/210800560010.001/swg.fits[1]
scw/2109/210900530010.001/swg.fits[1]
scw/2109/210900760010.001/swg.fits[1]
scw/2110/211000020010.001/swg.fits[1]
scw/2110/211000550010.001/swg.fits[1]
scw/2111/211100020010.001/swg.fits[1]
scw/2111/211100560010.001/swg.fits[1]
scw/2112/211200020010.001/swg.fits[1]
scw/2112/211200530010.001/swg.fits[1]
scw/2192/219200020010.001/swg.fits[1]
scw/2247/224700140010.001/swg.fits[1]
scw/2247/224700150010.001/swg.fits[1]
scw/2247/224700160010.001/swg.fits[1]
scw/2247/224700170010.001/swg.fits[1]
scw/2247/224700180010.001/swg.fits[1]
scw/2247/224700190010.001/swg.fits[1]
scw/2247/224700200010.001/swg.fits[1]
scw/2247/224700210010.001/swg.fits[1]
scw/2247/224700220010.001/swg.fits[1]
scw/2247/224700230010.001/swg.fits[1]
scw/2247/224700240010.001/swg.fits[1]
scw/2247/224700250010.001/swg.fits[1]
scw/2247/224700260010.001/swg.fits[1]
scw/2247/224700270010.001/swg.fits[1]
scw/2249/224900190010.001/swg.fits[1]
scw/2254/225400430010.001/swg.fits[1]
scw/2254/225400440010.001/swg.fits[1]
scw/2255/225500300010.001/swg.fits[1]
scw/2262/226200250010.001/swg.fits[1]
scw/2262/226200260010.001/swg.fits[1]
scw/2263/226300170010.001/swg.fits[1]
scw/2263/226300260010.001/swg.fits[1]
scw/2263/226300270010.001/swg.fits[1]
scw/2264/226400770010.001/swg.fits[1]
scw/2264/226400780010.001/swg.fits[1]
scw/2334/233400360010.001/swg.fits[1]
scw/2344/234400340010.001/swg.fits[1]
scw/2385/238500040010.001/swg.fits[1]
scw/2386/238600040010.001/swg.fits[1]
scw/2387/238700040010.001/swg.fits[1]
scw/2464/246400280010.001/swg.fits[1]
scw/2471/247100100010.001/swg.fits[1]
scw/2472/247200170010.001/swg.fits[1]
