scw/0280/028000360010.001/swg.fits[1]
scw/0280/028000370010.001/swg.fits[1]
scw/0280/028000380010.001/swg.fits[1]
scw/0280/028000450010.001/swg.fits[1]
scw/0280/028000460010.001/swg.fits[1]
scw/0280/028000470010.001/swg.fits[1]
scw/0280/028000480010.001/swg.fits[1]
scw/0280/028000490010.001/swg.fits[1]
scw/0280/028000540010.001/swg.fits[1]
scw/0280/028000550010.001/swg.fits[1]
scw/0280/028000560010.001/swg.fits[1]
scw/0280/028000570010.001/swg.fits[1]
scw/0280/028000580010.001/swg.fits[1]
scw/0280/028000590010.001/swg.fits[1]
scw/0280/028000650010.001/swg.fits[1]
scw/0280/028000660010.001/swg.fits[1]
scw/0280/028000670010.001/swg.fits[1]
scw/0280/028000680010.001/swg.fits[1]
scw/0281/028100200010.001/swg.fits[1]
scw/0281/028100210010.001/swg.fits[1]
scw/0281/028100300010.001/swg.fits[1]
scw/0281/028100310010.001/swg.fits[1]
scw/0281/028100390010.001/swg.fits[1]
scw/0281/028100400010.001/swg.fits[1]
scw/0281/028100410010.001/swg.fits[1]
scw/0281/028100420010.001/swg.fits[1]
scw/0281/028100480010.001/swg.fits[1]
scw/0281/028100490010.001/swg.fits[1]
scw/0281/028100500010.001/swg.fits[1]
scw/0281/028100510010.001/swg.fits[1]
scw/0281/028100520010.001/swg.fits[1]
scw/0281/028100530010.001/swg.fits[1]
scw/0281/028100590010.001/swg.fits[1]
scw/0281/028100600010.001/swg.fits[1]
scw/0281/028100610010.001/swg.fits[1]
scw/0281/028100700010.001/swg.fits[1]
scw/0282/028200310010.001/swg.fits[1]
scw/0282/028200320010.001/swg.fits[1]
scw/0282/028200330010.001/swg.fits[1]
scw/0282/028200340010.001/swg.fits[1]
scw/0282/028200400010.001/swg.fits[1]
scw/0282/028200410010.001/swg.fits[1]
scw/0282/028200420010.001/swg.fits[1]
scw/0282/028200430010.001/swg.fits[1]
scw/0282/028200440010.001/swg.fits[1]
scw/0282/028200450010.001/swg.fits[1]
scw/0282/028200490010.001/swg.fits[1]
scw/0282/028200500010.001/swg.fits[1]
scw/0282/028200510010.001/swg.fits[1]
scw/0282/028200520010.001/swg.fits[1]
scw/0401/040100050010.001/swg.fits[1]
scw/0401/040100060010.001/swg.fits[1]
scw/0401/040100070010.001/swg.fits[1]
scw/0401/040100080010.001/swg.fits[1]
scw/0401/040100090010.001/swg.fits[1]
scw/0401/040100100010.001/swg.fits[1]
scw/0401/040100500010.001/swg.fits[1]
scw/0401/040100510010.001/swg.fits[1]
scw/0401/040100520010.001/swg.fits[1]
scw/0401/040100530010.001/swg.fits[1]
scw/0607/060700180010.001/swg.fits[1]
scw/0607/060700190010.001/swg.fits[1]
scw/0607/060700800010.001/swg.fits[1]
scw/0607/060700810010.001/swg.fits[1]
scw/0610/061000170010.001/swg.fits[1]
scw/0610/061000180010.001/swg.fits[1]
scw/0610/061000780010.001/swg.fits[1]
scw/0610/061000790010.001/swg.fits[1]
scw/0611/061100090010.001/swg.fits[1]
scw/0611/061100100010.001/swg.fits[1]
scw/0611/061100700010.001/swg.fits[1]
scw/0611/061100710010.001/swg.fits[1]
scw/0667/066700810010.001/swg.fits[1]
scw/0670/067000190010.001/swg.fits[1]
scw/0670/067000830010.001/swg.fits[1]
scw/0671/067100480010.001/swg.fits[1]
scw/0671/067100490010.001/swg.fits[1]
scw/0672/067200100010.001/swg.fits[1]
scw/0847/084700090010.001/swg.fits[1]
scw/0847/084700100010.001/swg.fits[1]
scw/0847/084700420010.001/swg.fits[1]
scw/0847/084700430010.001/swg.fits[1]
scw/0847/084700740010.001/swg.fits[1]
scw/0847/084700750010.001/swg.fits[1]
scw/0848/084800410010.001/swg.fits[1]
scw/0848/084800420010.001/swg.fits[1]
scw/0848/084800430010.001/swg.fits[1]
scw/0848/084800440010.001/swg.fits[1]
scw/0848/084800750010.001/swg.fits[1]
scw/0848/084800760010.001/swg.fits[1]
scw/0849/084900330010.001/swg.fits[1]
scw/0849/084900340010.001/swg.fits[1]
scw/0849/084900650010.001/swg.fits[1]
scw/0849/084900660010.001/swg.fits[1]
scw/0851/085100090010.001/swg.fits[1]
scw/0851/085100100010.001/swg.fits[1]
scw/0852/085200020010.001/swg.fits[1]
scw/0852/085200030010.001/swg.fits[1]
scw/0889/088900460010.001/swg.fits[1]
scw/0889/088900470010.001/swg.fits[1]
scw/0889/088900480010.001/swg.fits[1]
scw/0889/088900490010.001/swg.fits[1]
scw/0889/088900500010.001/swg.fits[1]
scw/0889/088900510010.001/swg.fits[1]
scw/0889/088900520010.001/swg.fits[1]
scw/0889/088900530010.001/swg.fits[1]
scw/0889/088900550010.001/swg.fits[1]
scw/0890/089000070010.001/swg.fits[1]
scw/0890/089000080010.001/swg.fits[1]
scw/0890/089000090010.001/swg.fits[1]
scw/0890/089000100010.001/swg.fits[1]
scw/0890/089000110010.001/swg.fits[1]
scw/0890/089000120010.001/swg.fits[1]
scw/0890/089000130010.001/swg.fits[1]
scw/0890/089000140010.001/swg.fits[1]
scw/0890/089000150010.001/swg.fits[1]
scw/0890/089000160010.001/swg.fits[1]
scw/0890/089000590010.001/swg.fits[1]
scw/0890/089000600010.001/swg.fits[1]
scw/0890/089000610010.001/swg.fits[1]
scw/0890/089000620010.001/swg.fits[1]
scw/0890/089000630010.001/swg.fits[1]
scw/0890/089000640010.001/swg.fits[1]
scw/0890/089000650010.001/swg.fits[1]
scw/0890/089000660010.001/swg.fits[1]
scw/0890/089000670010.001/swg.fits[1]
scw/0890/089000680010.001/swg.fits[1]
scw/0951/095100080010.001/swg.fits[1]
scw/0951/095100090010.001/swg.fits[1]
scw/0951/095100110010.001/swg.fits[1]
scw/0951/095100120010.001/swg.fits[1]
scw/0951/095100130010.001/swg.fits[1]
scw/0951/095100140010.001/swg.fits[1]
scw/0951/095100150010.001/swg.fits[1]
scw/0951/095100160010.001/swg.fits[1]
scw/0951/095100170010.001/swg.fits[1]
scw/0951/095100180010.001/swg.fits[1]
scw/0951/095100460010.001/swg.fits[1]
scw/0951/095100470010.001/swg.fits[1]
scw/0951/095100480010.001/swg.fits[1]
scw/0951/095100490010.001/swg.fits[1]
scw/0951/095100500010.001/swg.fits[1]
scw/0951/095100510010.001/swg.fits[1]
scw/0951/095100520010.001/swg.fits[1]
scw/0951/095100530010.001/swg.fits[1]
scw/0951/095100540010.001/swg.fits[1]
scw/0951/095100550010.001/swg.fits[1]
scw/0952/095200050010.001/swg.fits[1]
scw/0952/095200060010.001/swg.fits[1]
scw/0952/095200070010.001/swg.fits[1]
scw/0952/095200080010.001/swg.fits[1]
scw/0952/095200090010.001/swg.fits[1]
scw/0952/095200100010.001/swg.fits[1]
scw/0952/095200110010.001/swg.fits[1]
scw/0952/095200120010.001/swg.fits[1]
scw/0952/095200130010.001/swg.fits[1]
scw/0952/095200140010.001/swg.fits[1]
scw/1073/107300250010.001/swg.fits[1]
scw/1073/107300260010.001/swg.fits[1]
scw/1073/107300270010.001/swg.fits[1]
scw/1073/107300280010.001/swg.fits[1]
scw/1073/107300290010.001/swg.fits[1]
scw/1073/107300300010.001/swg.fits[1]
scw/1073/107300310010.001/swg.fits[1]
scw/1073/107300320010.001/swg.fits[1]
scw/1073/107300330010.001/swg.fits[1]
scw/1073/107300340010.001/swg.fits[1]
scw/1073/107300430010.001/swg.fits[1]
scw/1073/107300440010.001/swg.fits[1]
scw/1073/107300450010.001/swg.fits[1]
scw/1073/107300460010.001/swg.fits[1]
scw/1073/107300470010.001/swg.fits[1]
scw/1073/107300480010.001/swg.fits[1]
scw/1073/107300490010.001/swg.fits[1]
scw/1073/107300500010.001/swg.fits[1]
scw/1073/107300510010.001/swg.fits[1]
scw/1073/107300520010.001/swg.fits[1]
scw/1074/107400240010.001/swg.fits[1]
scw/1074/107400250010.001/swg.fits[1]
scw/1074/107400260010.001/swg.fits[1]
scw/1074/107400270010.001/swg.fits[1]
scw/1074/107400280010.001/swg.fits[1]
scw/1074/107400290010.001/swg.fits[1]
scw/1074/107400300010.001/swg.fits[1]
scw/1074/107400310010.001/swg.fits[1]
scw/1074/107400320010.001/swg.fits[1]
scw/1074/107400330010.001/swg.fits[1]
scw/1074/107400420010.001/swg.fits[1]
scw/1074/107400430010.001/swg.fits[1]
scw/1074/107400440010.001/swg.fits[1]
scw/1074/107400450010.001/swg.fits[1]
scw/1074/107400460010.001/swg.fits[1]
scw/1074/107400470010.001/swg.fits[1]
scw/1074/107400480010.001/swg.fits[1]
scw/1074/107400490010.001/swg.fits[1]
scw/1074/107400500010.001/swg.fits[1]
scw/1074/107400510010.001/swg.fits[1]
scw/1135/113500790010.001/swg.fits[1]
scw/1135/113500800010.001/swg.fits[1]
scw/1135/113500810010.001/swg.fits[1]
scw/1135/113500820010.001/swg.fits[1]
scw/1135/113500830010.001/swg.fits[1]
scw/1135/113500840010.001/swg.fits[1]
scw/1135/113500850010.001/swg.fits[1]
scw/1135/113500860010.001/swg.fits[1]
scw/1196/119600080010.001/swg.fits[1]
scw/1196/119600090010.001/swg.fits[1]
scw/1196/119600100010.001/swg.fits[1]
scw/1196/119600110010.001/swg.fits[1]
scw/1196/119600120010.001/swg.fits[1]
scw/1196/119600130010.001/swg.fits[1]
scw/1196/119600140010.001/swg.fits[1]
scw/1196/119600150010.001/swg.fits[1]
scw/1196/119600160010.001/swg.fits[1]
scw/1196/119600170010.001/swg.fits[1]
scw/1196/119600580010.001/swg.fits[1]
scw/1196/119600590010.001/swg.fits[1]
scw/1196/119600600010.001/swg.fits[1]
scw/1196/119600610010.001/swg.fits[1]
scw/1196/119600620010.001/swg.fits[1]
scw/1196/119600630010.001/swg.fits[1]
scw/1196/119600640010.001/swg.fits[1]
scw/1196/119600650010.001/swg.fits[1]
scw/1196/119600660010.001/swg.fits[1]
scw/1196/119600670010.001/swg.fits[1]
scw/1198/119800810010.001/swg.fits[1]
scw/1198/119800830010.001/swg.fits[1]
scw/1198/119800840010.001/swg.fits[1]
scw/1198/119800850010.001/swg.fits[1]
scw/1198/119800860010.001/swg.fits[1]
scw/1198/119800870010.001/swg.fits[1]
scw/1198/119800880010.001/swg.fits[1]
scw/1198/119800890010.001/swg.fits[1]
scw/1198/119800900010.001/swg.fits[1]
scw/1198/119800910010.001/swg.fits[1]
scw/1256/125600230010.001/swg.fits[1]
scw/1256/125600240010.001/swg.fits[1]
scw/1256/125600250010.001/swg.fits[1]
scw/1256/125600260010.001/swg.fits[1]
scw/1256/125600270010.001/swg.fits[1]
scw/1256/125600280010.001/swg.fits[1]
scw/1256/125600290010.001/swg.fits[1]
scw/1256/125600300010.001/swg.fits[1]
scw/1256/125600310010.001/swg.fits[1]
scw/1256/125600320010.001/swg.fits[1]
scw/1257/125700320010.001/swg.fits[1]
scw/1257/125700330010.001/swg.fits[1]
scw/1257/125700340010.001/swg.fits[1]
scw/1257/125700350010.001/swg.fits[1]
scw/1257/125700360010.001/swg.fits[1]
scw/1257/125700370010.001/swg.fits[1]
scw/1257/125700380010.001/swg.fits[1]
scw/1257/125700390010.001/swg.fits[1]
scw/1257/125700400010.001/swg.fits[1]
scw/1257/125700410010.001/swg.fits[1]
scw/1257/125700620010.001/swg.fits[1]
scw/1257/125700630010.001/swg.fits[1]
scw/1257/125700640010.001/swg.fits[1]
scw/1257/125700650010.001/swg.fits[1]
scw/1257/125700660010.001/swg.fits[1]
scw/1257/125700670010.001/swg.fits[1]
scw/1257/125700680010.001/swg.fits[1]
scw/1257/125700690010.001/swg.fits[1]
scw/1257/125700700010.001/swg.fits[1]
scw/1257/125700710010.001/swg.fits[1]
scw/1318/131800290010.001/swg.fits[1]
scw/1318/131800300010.001/swg.fits[1]
scw/1318/131800310010.001/swg.fits[1]
scw/1318/131800320010.001/swg.fits[1]
scw/1318/131800330010.001/swg.fits[1]
scw/1318/131800340010.001/swg.fits[1]
scw/1318/131800350010.001/swg.fits[1]
scw/1318/131800360010.001/swg.fits[1]
scw/1318/131800370010.001/swg.fits[1]
scw/1318/131800380010.001/swg.fits[1]
scw/1318/131800830010.001/swg.fits[1]
scw/1318/131800850010.001/swg.fits[1]
scw/1318/131800860010.001/swg.fits[1]
scw/1318/131800870010.001/swg.fits[1]
scw/1318/131800880010.001/swg.fits[1]
scw/1318/131800890010.001/swg.fits[1]
scw/1318/131800900010.001/swg.fits[1]
scw/1318/131800910010.001/swg.fits[1]
scw/1318/131800920010.001/swg.fits[1]
scw/1318/131800930010.001/swg.fits[1]
scw/1495/149500560010.001/swg.fits[1]
scw/1496/149600020010.001/swg.fits[1]
scw/1496/149600570010.001/swg.fits[1]
scw/2254/225400410010.001/swg.fits[1]
scw/2278/227800020010.001/swg.fits[1]
scw/2327/232700410010.001/swg.fits[1]
scw/2338/233800380010.001/swg.fits[1]
scw/2474/247400380010.001/swg.fits[1]
