scw/0319/031900220010.001/swg.fits[1]
scw/0319/031900230010.001/swg.fits[1]
scw/0319/031900240010.001/swg.fits[1]
scw/0319/031900250010.001/swg.fits[1]
scw/0319/031900280010.001/swg.fits[1]
scw/0319/031900290010.001/swg.fits[1]
scw/0319/031900300010.001/swg.fits[1]
scw/0319/031900310010.001/swg.fits[1]
scw/0319/031900320010.001/swg.fits[1]
scw/0319/031900330010.001/swg.fits[1]
scw/0319/031900340010.001/swg.fits[1]
scw/0319/031900350010.001/swg.fits[1]
scw/0319/031900370010.001/swg.fits[1]
scw/0319/031900380010.001/swg.fits[1]
scw/0319/031900390010.001/swg.fits[1]
scw/0319/031900400010.001/swg.fits[1]
scw/0319/031900410010.001/swg.fits[1]
scw/0319/031900420010.001/swg.fits[1]
scw/0319/031900430010.001/swg.fits[1]
scw/0319/031900440010.001/swg.fits[1]
scw/0319/031900450010.001/swg.fits[1]
scw/0319/031900460010.001/swg.fits[1]
scw/0319/031900470010.001/swg.fits[1]
scw/0319/031900480010.001/swg.fits[1]
scw/0319/031900490010.001/swg.fits[1]
scw/0319/031900500010.001/swg.fits[1]
scw/0319/031900510010.001/swg.fits[1]
scw/0319/031900520010.001/swg.fits[1]
scw/0319/031900530010.001/swg.fits[1]
scw/0319/031900540010.001/swg.fits[1]
scw/0319/031900550010.001/swg.fits[1]
scw/0319/031900580010.001/swg.fits[1]
scw/0319/031900590010.001/swg.fits[1]
scw/0319/031900600010.001/swg.fits[1]
scw/0319/031900610010.001/swg.fits[1]
scw/0319/031900620010.001/swg.fits[1]
scw/0319/031900630010.001/swg.fits[1]
scw/0319/031900640010.001/swg.fits[1]
scw/0319/031900650010.001/swg.fits[1]
scw/0319/031900680010.001/swg.fits[1]
scw/0319/031900690010.001/swg.fits[1]
scw/0319/031900700010.001/swg.fits[1]
scw/0319/031900720010.001/swg.fits[1]
scw/0319/031900730010.001/swg.fits[1]
scw/0319/031900740010.001/swg.fits[1]
scw/0319/031900750010.001/swg.fits[1]
scw/0319/031900760010.001/swg.fits[1]
scw/0319/031900770010.001/swg.fits[1]
scw/0319/031900780010.001/swg.fits[1]
scw/0319/031900790010.001/swg.fits[1]
scw/0319/031900800010.001/swg.fits[1]
scw/0319/031900810010.001/swg.fits[1]
scw/0320/032000010010.001/swg.fits[1]
scw/0320/032000020010.001/swg.fits[1]
scw/0320/032000030010.001/swg.fits[1]
scw/0320/032000040010.001/swg.fits[1]
scw/0320/032000050010.001/swg.fits[1]
scw/0320/032000060010.001/swg.fits[1]
scw/0320/032000070010.001/swg.fits[1]
scw/0320/032000080010.001/swg.fits[1]
scw/0320/032000090010.001/swg.fits[1]
scw/0320/032000100010.001/swg.fits[1]
scw/0320/032000110010.001/swg.fits[1]
scw/0320/032000120010.001/swg.fits[1]
scw/0320/032000130010.001/swg.fits[1]
scw/0320/032000140010.001/swg.fits[1]
scw/0320/032000150010.001/swg.fits[1]
scw/0438/043800340010.001/swg.fits[1]
scw/1179/117900020010.001/swg.fits[1]
scw/2168/216800040010.001/swg.fits[1]
scw/2172/217200040010.001/swg.fits[1]
scw/2290/229000590010.001/swg.fits[1]
scw/2436/243600020010.001/swg.fits[1]
