scw/0204/020400140010.001/swg.fits[1]
scw/0204/020400230010.001/swg.fits[1]
scw/0204/020400240010.001/swg.fits[1]
scw/0204/020400320010.001/swg.fits[1]
scw/0204/020400330010.001/swg.fits[1]
scw/0204/020400420010.001/swg.fits[1]
scw/0204/020400620010.001/swg.fits[1]
scw/0204/020400710010.001/swg.fits[1]
scw/0204/020400720010.001/swg.fits[1]
scw/1114/111400250010.001/swg.fits[1]
scw/1180/118000170010.001/swg.fits[1]
scw/1308/130800170010.001/swg.fits[1]
scw/1308/130800250010.001/swg.fits[1]
scw/1308/130800260010.001/swg.fits[1]
scw/1308/130800270010.001/swg.fits[1]
scw/1308/130800280010.001/swg.fits[1]
scw/1308/130800290010.001/swg.fits[1]
scw/1312/131200250010.001/swg.fits[1]
scw/1312/131200260010.001/swg.fits[1]
scw/1312/131200270010.001/swg.fits[1]
scw/1312/131200280010.001/swg.fits[1]
scw/1312/131200290010.001/swg.fits[1]
scw/1313/131300590010.001/swg.fits[1]
scw/1313/131300600010.001/swg.fits[1]
scw/1313/131300610010.001/swg.fits[1]
scw/1313/131300620010.001/swg.fits[1]
scw/1313/131300630010.001/swg.fits[1]
scw/1316/131600100010.001/swg.fits[1]
scw/1316/131600110010.001/swg.fits[1]
scw/1316/131600120010.001/swg.fits[1]
scw/1316/131600130010.001/swg.fits[1]
scw/1316/131600140010.001/swg.fits[1]
scw/1375/137500280010.001/swg.fits[1]
scw/1375/137500290010.001/swg.fits[1]
scw/1376/137600490010.001/swg.fits[1]
scw/1376/137600500010.001/swg.fits[1]
scw/1376/137600510010.001/swg.fits[1]
scw/1377/137700210010.001/swg.fits[1]
scw/1377/137700220010.001/swg.fits[1]
scw/1383/138300240010.001/swg.fits[1]
scw/1429/142900580010.001/swg.fits[1]
scw/1429/142900660010.001/swg.fits[1]
scw/1429/142900670010.001/swg.fits[1]
scw/1429/142900680010.001/swg.fits[1]
scw/1429/142900690010.001/swg.fits[1]
scw/1430/143000610010.001/swg.fits[1]
scw/1430/143000620010.001/swg.fits[1]
scw/1430/143000630010.001/swg.fits[1]
scw/1430/143000640010.001/swg.fits[1]
scw/1430/143000720010.001/swg.fits[1]
scw/1431/143100440010.001/swg.fits[1]
scw/1431/143100520010.001/swg.fits[1]
scw/1431/143100530010.001/swg.fits[1]
scw/1431/143100540010.001/swg.fits[1]
scw/1431/143100550010.001/swg.fits[1]
scw/1431/143100940010.001/swg.fits[1]
scw/1432/143200410010.001/swg.fits[1]
scw/1432/143200480010.001/swg.fits[1]
scw/1432/143200490010.001/swg.fits[1]
scw/1968/196800040010.001/swg.fits[1]
scw/1968/196800050010.001/swg.fits[1]
scw/1968/196800060010.001/swg.fits[1]
scw/1968/196800070010.001/swg.fits[1]
scw/1968/196800110010.001/swg.fits[1]
scw/1968/196800130010.001/swg.fits[1]
scw/1968/196800140010.001/swg.fits[1]
scw/1968/196800430010.001/swg.fits[1]
scw/1968/196800440010.001/swg.fits[1]
scw/1968/196800450010.001/swg.fits[1]
scw/1968/196800460010.001/swg.fits[1]
scw/1968/196800490010.001/swg.fits[1]
scw/1968/196800500010.001/swg.fits[1]
scw/1968/196800510010.001/swg.fits[1]
scw/1968/196800520010.001/swg.fits[1]
scw/1968/196800530010.001/swg.fits[1]
scw/1968/196800530020.001/swg.fits[1]
scw/1969/196900020010.001/swg.fits[1]
scw/1969/196900030010.001/swg.fits[1]
scw/1969/196900040010.001/swg.fits[1]
scw/1969/196900050010.001/swg.fits[1]
scw/1969/196900060010.001/swg.fits[1]
scw/1969/196900080010.001/swg.fits[1]
scw/1969/196900090010.001/swg.fits[1]
scw/1969/196900100010.001/swg.fits[1]
scw/1969/196900110010.001/swg.fits[1]
scw/1969/196900120010.001/swg.fits[1]
scw/1969/196900130010.001/swg.fits[1]
scw/1969/196900280010.001/swg.fits[1]
scw/1969/196900290010.001/swg.fits[1]
scw/1969/196900400010.001/swg.fits[1]
scw/1969/196900440010.001/swg.fits[1]
scw/1969/196900450010.001/swg.fits[1]
scw/1969/196900460010.001/swg.fits[1]
scw/1969/196900470010.001/swg.fits[1]
scw/1969/196900480010.001/swg.fits[1]
scw/1970/197000020010.001/swg.fits[1]
scw/1970/197000030010.001/swg.fits[1]
scw/1970/197000040010.001/swg.fits[1]
scw/1970/197000110010.001/swg.fits[1]
scw/1970/197000420010.001/swg.fits[1]
scw/1970/197000490010.001/swg.fits[1]
scw/1970/197000500010.001/swg.fits[1]
scw/1970/197000510010.001/swg.fits[1]
scw/1970/197000520010.001/swg.fits[1]
scw/1970/197000530010.001/swg.fits[1]
scw/1970/197000540010.001/swg.fits[1]
scw/1970/197000550010.001/swg.fits[1]
scw/1971/197100060010.001/swg.fits[1]
scw/1971/197100070010.001/swg.fits[1]
scw/1971/197100380010.001/swg.fits[1]
scw/1971/197100390010.001/swg.fits[1]
scw/1971/197100440010.001/swg.fits[1]
scw/1971/197100450010.001/swg.fits[1]
scw/1971/197100460010.001/swg.fits[1]
scw/1971/197100470010.001/swg.fits[1]
scw/1973/197300170010.001/swg.fits[1]
scw/1973/197300230010.001/swg.fits[1]
scw/1973/197300240010.001/swg.fits[1]
scw/1973/197300250010.001/swg.fits[1]
scw/1973/197300260010.001/swg.fits[1]
scw/1973/197300270010.001/swg.fits[1]
scw/1973/197300280010.001/swg.fits[1]
scw/1973/197300290010.001/swg.fits[1]
scw/1973/197300300010.001/swg.fits[1]
scw/2064/206400020010.001/swg.fits[1]
scw/2278/227800040010.001/swg.fits[1]
scw/2278/227800660010.001/swg.fits[1]
scw/2381/238100040010.001/swg.fits[1]
scw/2391/239100190010.001/swg.fits[1]
scw/2413/241300290010.001/swg.fits[1]
scw/2414/241400420010.001/swg.fits[1]
scw/2469/246900240010.001/swg.fits[1]
scw/2472/247200170010.001/swg.fits[1]
