scw/0055/005500770010.001/swg.fits[1]
scw/0055/005500780010.001/swg.fits[1]
scw/0055/005500790010.001/swg.fits[1]
scw/0058/005800190010.001/swg.fits[1]
scw/0063/006300050010.001/swg.fits[1]
scw/0063/006300060010.001/swg.fits[1]
scw/0066/006600030010.001/swg.fits[1]
scw/0066/006600040010.001/swg.fits[1]
scw/0170/017000290010.001/swg.fits[1]
scw/0170/017000300010.001/swg.fits[1]
scw/0170/017001000010.001/swg.fits[1]
scw/0170/017001010010.001/swg.fits[1]
scw/0170/017001020010.001/swg.fits[1]
scw/0177/017700120010.001/swg.fits[1]
scw/0186/018600900010.001/swg.fits[1]
scw/0186/018600910010.001/swg.fits[1]
scw/0186/018600920010.001/swg.fits[1]
scw/0186/018600930010.001/swg.fits[1]
scw/0229/022900530010.001/swg.fits[1]
scw/0229/022900540010.001/swg.fits[1]
scw/0229/022900550010.001/swg.fits[1]
scw/0229/022900560010.001/swg.fits[1]
scw/0234/023400230010.001/swg.fits[1]
scw/0250/025000170010.001/swg.fits[1]
scw/0250/025000180010.001/swg.fits[1]
scw/0286/028600080010.001/swg.fits[1]
scw/0292/029200070010.001/swg.fits[1]
scw/0301/030100100010.001/swg.fits[1]
scw/0301/030100110010.001/swg.fits[1]
scw/0301/030100120010.001/swg.fits[1]
scw/0380/038000020010.001/swg.fits[1]
scw/0412/041200190010.001/swg.fits[1]
scw/0428/042800650010.001/swg.fits[1]
scw/0903/090301000010.001/swg.fits[1]
scw/0918/091800520010.001/swg.fits[1]
scw/0918/091800710010.001/swg.fits[1]
scw/0918/091800720010.001/swg.fits[1]
scw/0919/091900620010.001/swg.fits[1]
scw/0919/091900630010.001/swg.fits[1]
scw/0919/091900820010.001/swg.fits[1]
scw/0919/091900830010.001/swg.fits[1]
scw/0919/091901020010.001/swg.fits[1]
scw/0919/091901030010.001/swg.fits[1]
scw/0920/092000570010.001/swg.fits[1]
scw/0920/092000580010.001/swg.fits[1]
scw/0920/092000770010.001/swg.fits[1]
scw/0921/092100640010.001/swg.fits[1]
scw/0921/092100650010.001/swg.fits[1]
scw/0921/092100840010.001/swg.fits[1]
scw/0921/092100850010.001/swg.fits[1]
scw/0921/092101040010.001/swg.fits[1]
scw/0921/092101050010.001/swg.fits[1]
scw/0922/092200570010.001/swg.fits[1]
scw/0922/092200580010.001/swg.fits[1]
scw/0922/092200770010.001/swg.fits[1]
scw/0922/092200780010.001/swg.fits[1]
scw/0922/092200970010.001/swg.fits[1]
scw/0922/092200980010.001/swg.fits[1]
scw/0923/092300850010.001/swg.fits[1]
scw/0923/092301040010.001/swg.fits[1]
scw/0923/092301050010.001/swg.fits[1]
scw/0971/097100500010.001/swg.fits[1]
scw/0971/097100510010.001/swg.fits[1]
scw/0971/097100520010.001/swg.fits[1]
scw/0971/097100530010.001/swg.fits[1]
scw/0971/097100540010.001/swg.fits[1]
scw/0971/097100550010.001/swg.fits[1]
scw/0971/097100560010.001/swg.fits[1]
scw/0971/097100570010.001/swg.fits[1]
scw/0971/097100580010.001/swg.fits[1]
scw/0971/097100590010.001/swg.fits[1]
scw/0973/097300540010.001/swg.fits[1]
scw/0973/097300550010.001/swg.fits[1]
scw/0973/097300570010.001/swg.fits[1]
scw/0973/097300580010.001/swg.fits[1]
scw/0973/097300590010.001/swg.fits[1]
scw/0973/097300600010.001/swg.fits[1]
scw/0973/097300610010.001/swg.fits[1]
scw/0973/097300620010.001/swg.fits[1]
scw/0973/097300630010.001/swg.fits[1]
scw/0973/097300760010.001/swg.fits[1]
scw/0973/097300770010.001/swg.fits[1]
scw/0973/097300780010.001/swg.fits[1]
scw/0973/097300800010.001/swg.fits[1]
scw/0973/097300810010.001/swg.fits[1]
scw/0973/097300820010.001/swg.fits[1]
scw/0973/097300830010.001/swg.fits[1]
scw/0973/097300840010.001/swg.fits[1]
scw/0973/097300850010.001/swg.fits[1]
scw/0974/097400160010.001/swg.fits[1]
scw/0974/097400170010.001/swg.fits[1]
scw/0974/097400180010.001/swg.fits[1]
scw/0974/097400190010.001/swg.fits[1]
scw/0974/097400200010.001/swg.fits[1]
scw/0974/097400210010.001/swg.fits[1]
scw/0974/097400220010.001/swg.fits[1]
scw/0974/097400230010.001/swg.fits[1]
scw/0974/097400240010.001/swg.fits[1]
scw/0974/097400250010.001/swg.fits[1]
scw/0974/097400380010.001/swg.fits[1]
scw/0974/097400390010.001/swg.fits[1]
scw/0974/097400400010.001/swg.fits[1]
scw/0974/097400410010.001/swg.fits[1]
scw/0974/097400420010.001/swg.fits[1]
scw/0974/097400430010.001/swg.fits[1]
scw/0974/097400440010.001/swg.fits[1]
scw/0974/097400450010.001/swg.fits[1]
scw/0974/097400460010.001/swg.fits[1]
scw/0974/097400470010.001/swg.fits[1]
scw/0975/097500100010.001/swg.fits[1]
scw/0975/097500110010.001/swg.fits[1]
scw/0975/097500120010.001/swg.fits[1]
scw/0975/097500130010.001/swg.fits[1]
scw/0975/097500140010.001/swg.fits[1]
scw/0975/097500150010.001/swg.fits[1]
scw/0975/097500160010.001/swg.fits[1]
scw/0975/097500170010.001/swg.fits[1]
scw/0975/097500180010.001/swg.fits[1]
scw/0975/097500190010.001/swg.fits[1]
scw/0975/097500500010.001/swg.fits[1]
scw/0975/097500510010.001/swg.fits[1]
scw/0975/097500520010.001/swg.fits[1]
scw/0975/097500530010.001/swg.fits[1]
scw/0975/097500540010.001/swg.fits[1]
scw/0975/097500550010.001/swg.fits[1]
scw/0975/097500560010.001/swg.fits[1]
scw/0975/097500570010.001/swg.fits[1]
scw/0975/097500580010.001/swg.fits[1]
scw/0975/097500590010.001/swg.fits[1]
scw/0975/097500720010.001/swg.fits[1]
scw/0975/097500730010.001/swg.fits[1]
scw/0975/097500740010.001/swg.fits[1]
scw/0975/097500750010.001/swg.fits[1]
scw/0975/097500760010.001/swg.fits[1]
scw/0975/097500770010.001/swg.fits[1]
scw/0975/097500780010.001/swg.fits[1]
scw/0975/097500790010.001/swg.fits[1]
scw/0975/097500800010.001/swg.fits[1]
scw/0975/097500810010.001/swg.fits[1]
scw/1035/103500100010.001/swg.fits[1]
scw/1035/103500110010.001/swg.fits[1]
scw/1035/103500120010.001/swg.fits[1]
scw/1035/103500130010.001/swg.fits[1]
scw/1035/103500140010.001/swg.fits[1]
scw/1035/103500150010.001/swg.fits[1]
scw/1035/103500160010.001/swg.fits[1]
scw/1035/103500170010.001/swg.fits[1]
scw/1035/103500180010.001/swg.fits[1]
scw/1035/103500190010.001/swg.fits[1]
scw/1049/104900280010.001/swg.fits[1]
scw/1095/109500270010.001/swg.fits[1]
scw/1095/109500280010.001/swg.fits[1]
scw/1095/109500290010.001/swg.fits[1]
scw/1095/109500300010.001/swg.fits[1]
scw/1095/109500310010.001/swg.fits[1]
scw/1095/109500320010.001/swg.fits[1]
scw/1095/109500330010.001/swg.fits[1]
scw/1095/109500340010.001/swg.fits[1]
scw/1095/109500350010.001/swg.fits[1]
scw/1095/109500360010.001/swg.fits[1]
scw/1095/109500590010.001/swg.fits[1]
scw/1095/109500600010.001/swg.fits[1]
scw/1095/109500610010.001/swg.fits[1]
scw/1095/109500620010.001/swg.fits[1]
scw/1095/109500630010.001/swg.fits[1]
scw/1095/109500640010.001/swg.fits[1]
scw/1095/109500650010.001/swg.fits[1]
scw/1095/109500660010.001/swg.fits[1]
scw/1095/109500670010.001/swg.fits[1]
scw/1095/109500680010.001/swg.fits[1]
scw/1284/128400650010.001/swg.fits[1]
scw/1284/128400660010.001/swg.fits[1]
scw/1325/132500820010.001/swg.fits[1]
scw/1333/133300650010.001/swg.fits[1]
scw/1333/133300740010.001/swg.fits[1]
scw/1333/133300760010.001/swg.fits[1]
scw/1333/133300850010.001/swg.fits[1]
scw/1342/134200650010.001/swg.fits[1]
scw/1342/134200690010.001/swg.fits[1]
scw/1342/134200720010.001/swg.fits[1]
scw/1348/134800610010.001/swg.fits[1]
scw/1348/134800650010.001/swg.fits[1]
scw/1468/146800060010.001/swg.fits[1]
scw/1468/146800070010.001/swg.fits[1]
scw/1468/146800080010.001/swg.fits[1]
scw/1472/147200170010.001/swg.fits[1]
scw/1472/147200180010.001/swg.fits[1]
scw/1472/147200190010.001/swg.fits[1]
scw/1472/147200220010.001/swg.fits[1]
scw/1472/147200230010.001/swg.fits[1]
scw/1593/159300350010.001/swg.fits[1]
scw/1593/159300360010.001/swg.fits[1]
scw/1593/159300470010.001/swg.fits[1]
scw/1593/159300480010.001/swg.fits[1]
scw/1593/159300490010.001/swg.fits[1]
scw/1593/159300500010.001/swg.fits[1]
scw/2272/227200070010.001/swg.fits[1]
scw/2272/227200080010.001/swg.fits[1]
scw/2272/227200090010.001/swg.fits[1]
scw/2272/227200100010.001/swg.fits[1]
scw/2272/227200170010.001/swg.fits[1]
scw/2272/227200280010.001/swg.fits[1]
scw/2272/227200290010.001/swg.fits[1]
scw/2272/227200300010.001/swg.fits[1]
scw/2272/227200310010.001/swg.fits[1]
scw/2272/227200320010.001/swg.fits[1]
scw/2272/227200330010.001/swg.fits[1]
scw/2272/227200340010.001/swg.fits[1]
scw/2272/227200350010.001/swg.fits[1]
scw/2272/227200360010.001/swg.fits[1]
scw/2272/227200370010.001/swg.fits[1]
scw/2272/227200380010.001/swg.fits[1]
scw/2272/227200390010.001/swg.fits[1]
scw/2272/227200400010.001/swg.fits[1]
scw/2272/227200410010.001/swg.fits[1]
scw/2272/227200420010.001/swg.fits[1]
scw/2272/227200470010.001/swg.fits[1]
scw/2275/227500070010.001/swg.fits[1]
scw/2275/227500080010.001/swg.fits[1]
scw/2275/227500090010.001/swg.fits[1]
scw/2275/227500100010.001/swg.fits[1]
scw/2275/227500200010.001/swg.fits[1]
scw/2275/227500210010.001/swg.fits[1]
scw/2275/227500220010.001/swg.fits[1]
scw/2275/227500250010.001/swg.fits[1]
scw/2275/227500260010.001/swg.fits[1]
scw/2342/234200680010.001/swg.fits[1]
scw/2348/234800770010.001/swg.fits[1]
scw/2424/242400410010.001/swg.fits[1]
scw/2428/242800210010.001/swg.fits[1]
scw/2428/242800220010.001/swg.fits[1]
scw/2497/249700710010.001/swg.fits[1]
scw/2497/249700720010.001/swg.fits[1]
scw/2497/249700730010.001/swg.fits[1]
scw/2497/249700770010.001/swg.fits[1]
scw/2497/249700780010.001/swg.fits[1]
scw/2497/249700790010.001/swg.fits[1]
scw/2497/249700800010.001/swg.fits[1]
scw/2497/249700810010.001/swg.fits[1]
scw/2497/249700820010.001/swg.fits[1]
scw/2497/249700830010.001/swg.fits[1]
