scw/0036/003600220010.001/swg.fits[1]
scw/0036/003600600010.001/swg.fits[1]
scw/0036/003600700010.001/swg.fits[1]
scw/0071/007100290010.001/swg.fits[1]
scw/0071/007100390010.001/swg.fits[1]
scw/0071/007100770010.001/swg.fits[1]
scw/0071/007100870010.001/swg.fits[1]
scw/0072/007200330010.001/swg.fits[1]
scw/0072/007200430010.001/swg.fits[1]
scw/0274/027400210010.001/swg.fits[1]
scw/0275/027500200010.001/swg.fits[1]
scw/0275/027500310010.001/swg.fits[1]
scw/0317/031700350010.001/swg.fits[1]
scw/0317/031700430010.001/swg.fits[1]
scw/0317/031700540010.001/swg.fits[1]
scw/0318/031800140010.001/swg.fits[1]
scw/0318/031800150010.001/swg.fits[1]
scw/0318/031800270010.001/swg.fits[1]
scw/0318/031800330010.001/swg.fits[1]
scw/0318/031800640010.001/swg.fits[1]
scw/0319/031900160010.001/swg.fits[1]
scw/0319/031900170010.001/swg.fits[1]
scw/0324/032400200010.001/swg.fits[1]
scw/0324/032400210010.001/swg.fits[1]
scw/0324/032400290010.001/swg.fits[1]
scw/0324/032400610010.001/swg.fits[1]
scw/0324/032400620010.001/swg.fits[1]
scw/0325/032500040010.001/swg.fits[1]
scw/0325/032500050010.001/swg.fits[1]
scw/0801/080100230010.001/swg.fits[1]
scw/0801/080100300010.001/swg.fits[1]
scw/0801/080100370010.001/swg.fits[1]
scw/0802/080200050010.001/swg.fits[1]
scw/0802/080200260010.001/swg.fits[1]
scw/0802/080200330010.001/swg.fits[1]
scw/0802/080200340010.001/swg.fits[1]
scw/0802/080200400010.001/swg.fits[1]
scw/0802/080200470010.001/swg.fits[1]
scw/0820/082000500010.001/swg.fits[1]
scw/0820/082000590010.001/swg.fits[1]
scw/0821/082100050010.001/swg.fits[1]
scw/0821/082100120010.001/swg.fits[1]
scw/0821/082100190010.001/swg.fits[1]
scw/0821/082100400010.001/swg.fits[1]
scw/0821/082100470010.001/swg.fits[1]
scw/0821/082100540010.001/swg.fits[1]
scw/0821/082100610010.001/swg.fits[1]
scw/0822/082200070010.001/swg.fits[1]
scw/0822/082200080010.001/swg.fits[1]
scw/0822/082200200010.001/swg.fits[1]
scw/0822/082200270010.001/swg.fits[1]
scw/0822/082200360010.001/swg.fits[1]
scw/0822/082200430010.001/swg.fits[1]
scw/0822/082200500010.001/swg.fits[1]
scw/0822/082200570010.001/swg.fits[1]
scw/0822/082200570020.001/swg.fits[1]
scw/0823/082300220010.001/swg.fits[1]
scw/0823/082300290010.001/swg.fits[1]
scw/0823/082300360010.001/swg.fits[1]
scw/0823/082300430010.001/swg.fits[1]
scw/0823/082300490010.001/swg.fits[1]
scw/0823/082300500010.001/swg.fits[1]
scw/0824/082400020010.001/swg.fits[1]
scw/0824/082400090010.001/swg.fits[1]
scw/1048/104800550010.001/swg.fits[1]
scw/1173/117300230010.001/swg.fits[1]
scw/1308/130800060010.001/swg.fits[1]
scw/1308/130800460010.001/swg.fits[1]
scw/1308/130800470010.001/swg.fits[1]
scw/1312/131200060010.001/swg.fits[1]
scw/1312/131200470010.001/swg.fits[1]
scw/1313/131300810010.001/swg.fits[1]
scw/1316/131600320010.001/swg.fits[1]
scw/1376/137600310010.001/swg.fits[1]
scw/1429/142900880010.001/swg.fits[1]
scw/1430/143000830010.001/swg.fits[1]
scw/1431/143100830010.001/swg.fits[1]
scw/2176/217600540010.001/swg.fits[1]
scw/2395/239500320010.001/swg.fits[1]
