scw/0055/005500720010.001/swg.fits[1]
scw/0066/006600090010.001/swg.fits[1]
scw/0066/006600100010.001/swg.fits[1]
scw/0076/007600090010.001/swg.fits[1]
scw/0076/007600100010.001/swg.fits[1]
scw/0086/008600140010.001/swg.fits[1]
scw/0146/014600150010.001/swg.fits[1]
scw/0170/017001060010.001/swg.fits[1]
scw/0170/017001070010.001/swg.fits[1]
scw/0186/018600840010.001/swg.fits[1]
scw/0186/018600850010.001/swg.fits[1]
scw/0202/020200180010.001/swg.fits[1]
scw/0203/020300040010.001/swg.fits[1]
scw/0213/021300020010.001/swg.fits[1]
scw/0229/022900590010.001/swg.fits[1]
scw/0229/022900600010.001/swg.fits[1]
scw/0256/025600080010.001/swg.fits[1]
scw/0256/025600090010.001/swg.fits[1]
scw/0260/026000030010.001/swg.fits[1]
scw/0260/026000040010.001/swg.fits[1]
scw/0268/026800010010.001/swg.fits[1]
scw/0268/026800020010.001/swg.fits[1]
scw/0280/028000020010.001/swg.fits[1]
scw/0283/028300020010.001/swg.fits[1]
scw/0283/028300030010.001/swg.fits[1]
scw/0301/030100050010.001/swg.fits[1]
scw/0301/030100060010.001/swg.fits[1]
scw/0317/031700020010.001/swg.fits[1]
scw/0325/032500400010.001/swg.fits[1]
scw/0325/032500410010.001/swg.fits[1]
scw/0325/032500420010.001/swg.fits[1]
scw/0325/032500430010.001/swg.fits[1]
scw/0327/032700010010.001/swg.fits[1]
scw/0327/032700020010.001/swg.fits[1]
scw/0380/038000070010.001/swg.fits[1]
scw/0387/038700090010.001/swg.fits[1]
scw/0387/038700100010.001/swg.fits[1]
scw/0407/040700280010.001/swg.fits[1]
scw/0444/044400040010.001/swg.fits[1]
scw/0446/044600020010.001/swg.fits[1]
scw/0446/044600030010.001/swg.fits[1]
scw/0446/044600040010.001/swg.fits[1]
scw/0446/044600050010.001/swg.fits[1]
scw/0455/045500360010.001/swg.fits[1]
scw/0467/046700020010.001/swg.fits[1]
scw/0493/049300030010.001/swg.fits[1]
scw/0493/049300420010.001/swg.fits[1]
scw/0493/049300500010.001/swg.fits[1]
scw/0493/049300510010.001/swg.fits[1]
scw/0493/049300520010.001/swg.fits[1]
scw/0494/049400460010.001/swg.fits[1]
scw/0494/049400470010.001/swg.fits[1]
scw/0494/049400480010.001/swg.fits[1]
scw/0494/049400560010.001/swg.fits[1]
scw/0549/054900250010.001/swg.fits[1]
scw/0549/054900260010.001/swg.fits[1]
scw/0549/054900270010.001/swg.fits[1]
scw/0550/055000200010.001/swg.fits[1]
scw/0550/055000210010.001/swg.fits[1]
scw/0550/055000220010.001/swg.fits[1]
scw/0550/055000690010.001/swg.fits[1]
scw/0552/055200290010.001/swg.fits[1]
scw/0552/055200690010.001/swg.fits[1]
scw/0558/055800110010.001/swg.fits[1]
scw/0558/055800120010.001/swg.fits[1]
scw/0558/055800130010.001/swg.fits[1]
scw/0558/055800140010.001/swg.fits[1]
scw/0558/055800220010.001/swg.fits[1]
scw/0919/091900300010.001/swg.fits[1]
scw/0919/091900310010.001/swg.fits[1]
scw/0919/091900320010.001/swg.fits[1]
scw/0919/091900330010.001/swg.fits[1]
scw/0919/091900340010.001/swg.fits[1]
scw/0919/091900350010.001/swg.fits[1]
scw/0920/092000080010.001/swg.fits[1]
scw/0920/092000090010.001/swg.fits[1]
scw/0920/092000100010.001/swg.fits[1]
scw/0920/092000250010.001/swg.fits[1]
scw/0920/092000260010.001/swg.fits[1]
scw/0920/092000270010.001/swg.fits[1]
scw/0920/092000280010.001/swg.fits[1]
scw/0920/092000290010.001/swg.fits[1]
scw/0920/092000460010.001/swg.fits[1]
scw/0920/092000470010.001/swg.fits[1]
scw/0921/092100320010.001/swg.fits[1]
scw/0921/092100330010.001/swg.fits[1]
scw/0921/092100340010.001/swg.fits[1]
scw/0921/092100350010.001/swg.fits[1]
scw/0921/092100360010.001/swg.fits[1]
scw/0921/092100370010.001/swg.fits[1]
scw/0922/092200080010.001/swg.fits[1]
scw/0922/092200090010.001/swg.fits[1]
scw/0922/092200100010.001/swg.fits[1]
scw/0922/092200250010.001/swg.fits[1]
scw/0922/092200260010.001/swg.fits[1]
scw/0922/092200270010.001/swg.fits[1]
scw/0922/092200280010.001/swg.fits[1]
scw/0922/092200290010.001/swg.fits[1]
scw/0922/092200300010.001/swg.fits[1]
scw/0923/092300320010.001/swg.fits[1]
scw/0923/092300330010.001/swg.fits[1]
scw/0923/092300340010.001/swg.fits[1]
scw/0923/092300350010.001/swg.fits[1]
scw/0923/092300360010.001/swg.fits[1]
scw/0923/092300370010.001/swg.fits[1]
scw/0924/092400710010.001/swg.fits[1]
scw/0924/092400720010.001/swg.fits[1]
scw/0924/092400730010.001/swg.fits[1]
scw/0924/092400740010.001/swg.fits[1]
scw/0924/092400750010.001/swg.fits[1]
scw/0924/092400760010.001/swg.fits[1]
scw/0979/097900550010.001/swg.fits[1]
scw/0979/097900560010.001/swg.fits[1]
scw/0979/097900570010.001/swg.fits[1]
scw/0979/097900720010.001/swg.fits[1]
scw/0979/097900730010.001/swg.fits[1]
scw/0979/097900740010.001/swg.fits[1]
scw/0979/097900750010.001/swg.fits[1]
scw/0979/097900760010.001/swg.fits[1]
scw/0979/097900770010.001/swg.fits[1]
scw/0980/098000800010.001/swg.fits[1]
scw/0980/098000810010.001/swg.fits[1]
scw/0980/098000820010.001/swg.fits[1]
scw/0980/098000830010.001/swg.fits[1]
scw/0980/098000840010.001/swg.fits[1]
scw/0980/098000850010.001/swg.fits[1]
scw/1050/105000980010.001/swg.fits[1]
scw/1051/105101010010.001/swg.fits[1]
scw/1051/105101030010.001/swg.fits[1]
scw/1051/105101050010.001/swg.fits[1]
scw/1051/105101050020.001/swg.fits[1]
scw/1053/105300590010.001/swg.fits[1]
scw/1053/105300600010.001/swg.fits[1]
scw/1054/105400620010.001/swg.fits[1]
scw/1055/105500620010.001/swg.fits[1]
scw/1055/105500630010.001/swg.fits[1]
scw/1058/105800620010.001/swg.fits[1]
scw/1058/105800630010.001/swg.fits[1]
scw/1114/111400620010.001/swg.fits[1]
scw/1115/111500720010.001/swg.fits[1]
scw/1116/111600380010.001/swg.fits[1]
scw/1129/112900230010.001/swg.fits[1]
scw/1172/117200330010.001/swg.fits[1]
scw/1172/117200340010.001/swg.fits[1]
scw/1173/117300340010.001/swg.fits[1]
scw/1173/117300350010.001/swg.fits[1]
scw/1178/117800950010.001/swg.fits[1]
scw/1180/118000730010.001/swg.fits[1]
scw/1180/118000740010.001/swg.fits[1]
scw/1182/118200700010.001/swg.fits[1]
scw/1192/119200290010.001/swg.fits[1]
scw/1243/124300690010.001/swg.fits[1]
scw/1285/128500370010.001/swg.fits[1]
scw/1285/128500720010.001/swg.fits[1]
scw/1286/128600180010.001/swg.fits[1]
scw/1286/128600530010.001/swg.fits[1]
scw/1287/128700210010.001/swg.fits[1]
scw/1287/128700560010.001/swg.fits[1]
scw/1288/128800480010.001/swg.fits[1]
scw/1288/128800830010.001/swg.fits[1]
scw/1289/128900180010.001/swg.fits[1]
scw/1289/128900530010.001/swg.fits[1]
scw/1290/129000470010.001/swg.fits[1]
scw/1290/129000820010.001/swg.fits[1]
scw/1294/129400580010.001/swg.fits[1]
scw/1295/129500190010.001/swg.fits[1]
scw/1296/129600190010.001/swg.fits[1]
scw/1296/129600540010.001/swg.fits[1]
scw/1297/129700210010.001/swg.fits[1]
scw/1297/129700560010.001/swg.fits[1]
scw/1297/129700750010.001/swg.fits[1]
scw/1297/129700760010.001/swg.fits[1]
scw/1297/129700860010.001/swg.fits[1]
scw/1297/129700870010.001/swg.fits[1]
scw/1298/129800270010.001/swg.fits[1]
scw/1298/129800620010.001/swg.fits[1]
scw/1300/130000660010.001/swg.fits[1]
scw/1300/130000670010.001/swg.fits[1]
scw/1306/130600570010.001/swg.fits[1]
scw/1306/130600680010.001/swg.fits[1]
scw/1317/131700480010.001/swg.fits[1]
scw/1350/135000380010.001/swg.fits[1]
scw/1351/135100680010.001/swg.fits[1]
scw/1352/135200330010.001/swg.fits[1]
scw/1353/135300190010.001/swg.fits[1]
scw/1353/135300540010.001/swg.fits[1]
scw/1354/135400740010.001/swg.fits[1]
scw/1355/135500210010.001/swg.fits[1]
scw/1355/135500560010.001/swg.fits[1]
scw/1356/135600210010.001/swg.fits[1]
scw/1356/135600560010.001/swg.fits[1]
scw/1373/137300040010.001/swg.fits[1]
scw/1408/140800160010.001/swg.fits[1]
scw/1408/140800410010.001/swg.fits[1]
scw/1408/140800660010.001/swg.fits[1]
scw/1408/140800920010.001/swg.fits[1]
scw/1409/140900130010.001/swg.fits[1]
scw/1409/140900380010.001/swg.fits[1]
scw/1409/140900640010.001/swg.fits[1]
scw/1409/140900890010.001/swg.fits[1]
scw/1410/141000140010.001/swg.fits[1]
scw/1410/141000400010.001/swg.fits[1]
scw/1410/141000660010.001/swg.fits[1]
scw/1410/141000920010.001/swg.fits[1]
scw/1412/141200580010.001/swg.fits[1]
scw/1412/141200840010.001/swg.fits[1]
scw/1413/141300130010.001/swg.fits[1]
scw/1413/141300390010.001/swg.fits[1]
scw/1413/141300640010.001/swg.fits[1]
scw/1413/141300920010.001/swg.fits[1]
scw/1414/141400130010.001/swg.fits[1]
scw/1414/141400390010.001/swg.fits[1]
scw/1414/141400650010.001/swg.fits[1]
scw/1414/141400910010.001/swg.fits[1]
scw/1415/141500130010.001/swg.fits[1]
scw/1415/141500390010.001/swg.fits[1]
scw/1415/141500660010.001/swg.fits[1]
scw/1415/141500920010.001/swg.fits[1]
scw/1416/141600130010.001/swg.fits[1]
scw/1416/141600380010.001/swg.fits[1]
scw/1417/141700160010.001/swg.fits[1]
scw/1417/141700420010.001/swg.fits[1]
scw/1417/141700680010.001/swg.fits[1]
scw/1417/141700940010.001/swg.fits[1]
scw/1418/141800130010.001/swg.fits[1]
scw/1418/141800380010.001/swg.fits[1]
scw/1418/141800640010.001/swg.fits[1]
scw/1418/141800940010.001/swg.fits[1]
scw/1472/147200110010.001/swg.fits[1]
scw/1472/147200120010.001/swg.fits[1]
scw/1472/147200130010.001/swg.fits[1]
scw/1472/147200280010.001/swg.fits[1]
scw/1472/147200290010.001/swg.fits[1]
scw/1477/147700140010.001/swg.fits[1]
scw/1477/147700390010.001/swg.fits[1]
scw/1478/147800860010.001/swg.fits[1]
scw/1479/147900130010.001/swg.fits[1]
scw/1479/147900300010.001/swg.fits[1]
scw/1479/147900310010.001/swg.fits[1]
scw/1479/147900320010.001/swg.fits[1]
scw/1479/147900330010.001/swg.fits[1]
scw/1480/148000220010.001/swg.fits[1]
scw/1480/148000230010.001/swg.fits[1]
scw/1796/179600310010.001/swg.fits[1]
scw/1987/198700020010.001/swg.fits[1]
scw/2126/212600020010.001/swg.fits[1]
scw/2194/219400490010.001/swg.fits[1]
scw/2203/220300040010.001/swg.fits[1]
scw/2203/220300320010.001/swg.fits[1]
scw/2206/220600420010.001/swg.fits[1]
scw/2206/220600700010.001/swg.fits[1]
scw/2257/225700340010.001/swg.fits[1]
scw/2261/226100620010.001/swg.fits[1]
scw/2262/226200470010.001/swg.fits[1]
scw/2262/226200510010.001/swg.fits[1]
scw/2262/226200520010.001/swg.fits[1]
scw/2262/226200530010.001/swg.fits[1]
scw/2262/226200540010.001/swg.fits[1]
scw/2262/226200550010.001/swg.fits[1]
scw/2262/226200560010.001/swg.fits[1]
scw/2262/226200570010.001/swg.fits[1]
scw/2262/226200590010.001/swg.fits[1]
scw/2262/226200600010.001/swg.fits[1]
scw/2262/226200610010.001/swg.fits[1]
scw/2262/226200620010.001/swg.fits[1]
scw/2262/226200630010.001/swg.fits[1]
scw/2262/226200640010.001/swg.fits[1]
scw/2262/226200650010.001/swg.fits[1]
scw/2262/226200660010.001/swg.fits[1]
scw/2262/226200670010.001/swg.fits[1]
scw/2262/226200680010.001/swg.fits[1]
scw/2262/226200690010.001/swg.fits[1]
scw/2262/226200700010.001/swg.fits[1]
scw/2262/226200710010.001/swg.fits[1]
scw/2262/226200720010.001/swg.fits[1]
scw/2263/226300490010.001/swg.fits[1]
scw/2263/226300500010.001/swg.fits[1]
scw/2263/226300510010.001/swg.fits[1]
scw/2263/226300520010.001/swg.fits[1]
scw/2263/226300530010.001/swg.fits[1]
scw/2263/226300540010.001/swg.fits[1]
scw/2263/226300550010.001/swg.fits[1]
scw/2263/226300560010.001/swg.fits[1]
scw/2263/226300570010.001/swg.fits[1]
scw/2263/226300580010.001/swg.fits[1]
scw/2263/226300590010.001/swg.fits[1]
scw/2263/226300600010.001/swg.fits[1]
scw/2263/226300610010.001/swg.fits[1]
scw/2263/226300620010.001/swg.fits[1]
scw/2263/226300630010.001/swg.fits[1]
scw/2263/226300640010.001/swg.fits[1]
scw/2263/226300650010.001/swg.fits[1]
scw/2263/226300660010.001/swg.fits[1]
scw/2263/226300670010.001/swg.fits[1]
scw/2263/226300680010.001/swg.fits[1]
scw/2263/226300690010.001/swg.fits[1]
scw/2263/226300700010.001/swg.fits[1]
scw/2263/226300710010.001/swg.fits[1]
scw/2263/226300730010.001/swg.fits[1]
scw/2263/226300740010.001/swg.fits[1]
scw/2273/227300450010.001/swg.fits[1]
scw/2273/227300460010.001/swg.fits[1]
scw/2273/227300470010.001/swg.fits[1]
scw/2273/227300480010.001/swg.fits[1]
scw/2273/227300490010.001/swg.fits[1]
scw/2284/228400040010.001/swg.fits[1]
scw/2284/228400600010.001/swg.fits[1]
scw/2292/229200170010.001/swg.fits[1]
scw/2292/229200180010.001/swg.fits[1]
scw/2292/229200240010.001/swg.fits[1]
scw/2292/229200250010.001/swg.fits[1]
scw/2309/230900020010.001/swg.fits[1]
scw/2326/232600530010.001/swg.fits[1]
scw/2339/233900290010.001/swg.fits[1]
scw/2340/234000400010.001/swg.fits[1]
scw/2341/234100270010.001/swg.fits[1]
scw/2343/234300280010.001/swg.fits[1]
scw/2370/237000020010.001/swg.fits[1]
scw/2377/237700310010.001/swg.fits[1]
scw/2377/237700320010.001/swg.fits[1]
scw/2377/237700400010.001/swg.fits[1]
scw/2377/237700410010.001/swg.fits[1]
scw/2377/237700500010.001/swg.fits[1]
scw/2377/237700570010.001/swg.fits[1]
scw/2377/237700580010.001/swg.fits[1]
scw/2383/238300040010.001/swg.fits[1]
scw/2383/238300130010.001/swg.fits[1]
scw/2388/238800020010.001/swg.fits[1]
scw/2399/239900020010.001/swg.fits[1]
scw/2400/240000310010.001/swg.fits[1]
scw/2405/240500660010.001/swg.fits[1]
scw/2407/240700290010.001/swg.fits[1]
scw/2417/241700010150.001/swg.fits[1]
scw/2423/242300280010.001/swg.fits[1]
scw/2430/243000620010.001/swg.fits[1]
scw/2430/243000630010.001/swg.fits[1]
scw/2433/243300760010.001/swg.fits[1]
scw/2433/243300770010.001/swg.fits[1]
scw/2433/243300780010.001/swg.fits[1]
scw/2433/243300840010.001/swg.fits[1]
scw/2433/243300850010.001/swg.fits[1]
scw/2433/243300860010.001/swg.fits[1]
scw/2433/243301020010.001/swg.fits[1]
scw/2433/243301030010.001/swg.fits[1]
scw/2433/243301040010.001/swg.fits[1]
scw/2436/243600510010.001/swg.fits[1]
scw/2436/243600760010.001/swg.fits[1]
scw/2436/243600770010.001/swg.fits[1]
scw/2436/243600780010.001/swg.fits[1]
scw/2436/243600850010.001/swg.fits[1]
scw/2436/243600860010.001/swg.fits[1]
scw/2437/243700450010.001/swg.fits[1]
scw/2437/243700460010.001/swg.fits[1]
scw/2437/243700520010.001/swg.fits[1]
scw/2437/243700530010.001/swg.fits[1]
scw/2437/243700540010.001/swg.fits[1]
scw/2439/243900280010.001/swg.fits[1]
scw/2440/244000430010.001/swg.fits[1]
scw/2440/244000440010.001/swg.fits[1]
scw/2440/244000450010.001/swg.fits[1]
scw/2440/244000520010.001/swg.fits[1]
scw/2440/244000530010.001/swg.fits[1]
scw/2440/244000690010.001/swg.fits[1]
scw/2440/244000700010.001/swg.fits[1]
scw/2440/244000710010.001/swg.fits[1]
scw/2440/244000780010.001/swg.fits[1]
scw/2442/244200450010.001/swg.fits[1]
scw/2442/244200460010.001/swg.fits[1]
scw/2442/244200470010.001/swg.fits[1]
scw/2442/244200550010.001/swg.fits[1]
scw/2442/244200710010.001/swg.fits[1]
scw/2442/244200720010.001/swg.fits[1]
scw/2444/244400530010.001/swg.fits[1]
scw/2449/244900350010.001/swg.fits[1]
scw/2449/244900360010.001/swg.fits[1]
scw/2449/244900450010.001/swg.fits[1]
scw/2449/244900460010.001/swg.fits[1]
scw/2449/244900470010.001/swg.fits[1]
scw/2449/244900540010.001/swg.fits[1]
scw/2449/244900550010.001/swg.fits[1]
scw/2453/245300470010.001/swg.fits[1]
scw/2453/245300560010.001/swg.fits[1]
scw/2503/250300560010.001/swg.fits[1]
scw/2503/250300570010.001/swg.fits[1]
scw/2507/250700230010.001/swg.fits[1]
scw/2508/250800610010.001/swg.fits[1]
scw/2508/250800620010.001/swg.fits[1]
scw/2508/250800630010.001/swg.fits[1]
scw/2508/250800640010.001/swg.fits[1]
scw/2509/250900460010.001/swg.fits[1]
scw/2509/250900470010.001/swg.fits[1]
scw/2509/250900550010.001/swg.fits[1]
scw/2509/250900560010.001/swg.fits[1]
scw/2510/251000220010.001/swg.fits[1]
scw/2510/251000230010.001/swg.fits[1]
scw/2510/251000240010.001/swg.fits[1]
scw/2510/251000310010.001/swg.fits[1]
scw/2510/251000320010.001/swg.fits[1]
scw/2510/251000330010.001/swg.fits[1]
scw/2510/251000410010.001/swg.fits[1]
scw/2515/251500330010.001/swg.fits[1]
scw/2515/251500340010.001/swg.fits[1]
scw/2515/251500410010.001/swg.fits[1]
scw/2515/251500420010.001/swg.fits[1]
scw/2515/251500430010.001/swg.fits[1]
scw/2515/251500440010.001/swg.fits[1]
scw/2515/251500520010.001/swg.fits[1]
scw/2515/251500530010.001/swg.fits[1]
scw/2515/251500590010.001/swg.fits[1]
scw/2515/251500600010.001/swg.fits[1]
