scw/0493/049300110010.001/swg.fits[1]
scw/0493/049300120010.001/swg.fits[1]
scw/0493/049300130010.001/swg.fits[1]
scw/0493/049300190010.001/swg.fits[1]
scw/0493/049300200010.001/swg.fits[1]
scw/0493/049300210010.001/swg.fits[1]
scw/0493/049300220010.001/swg.fits[1]
scw/0493/049300230010.001/swg.fits[1]
scw/0493/049300240010.001/swg.fits[1]
scw/0493/049300250010.001/swg.fits[1]
scw/0493/049300280010.001/swg.fits[1]
scw/0493/049300290010.001/swg.fits[1]
scw/0493/049300300010.001/swg.fits[1]
scw/0493/049300310010.001/swg.fits[1]
scw/0493/049300320010.001/swg.fits[1]
scw/0493/049300330010.001/swg.fits[1]
scw/0493/049300340010.001/swg.fits[1]
scw/0493/049300350010.001/swg.fits[1]
scw/0493/049300390010.001/swg.fits[1]
scw/0493/049300400010.001/swg.fits[1]
scw/0493/049300410010.001/swg.fits[1]
scw/0493/049300420010.001/swg.fits[1]
scw/0493/049300430010.001/swg.fits[1]
scw/0493/049300510010.001/swg.fits[1]
scw/0493/049300520010.001/swg.fits[1]
scw/0494/049400050010.001/swg.fits[1]
scw/0494/049400060010.001/swg.fits[1]
scw/0494/049400070010.001/swg.fits[1]
scw/0494/049400080010.001/swg.fits[1]
scw/0494/049400140010.001/swg.fits[1]
scw/0494/049400150010.001/swg.fits[1]
scw/0494/049400160010.001/swg.fits[1]
scw/0494/049400170010.001/swg.fits[1]
scw/0494/049400180010.001/swg.fits[1]
scw/0494/049400190010.001/swg.fits[1]
scw/0494/049400200010.001/swg.fits[1]
scw/0494/049400220010.001/swg.fits[1]
scw/0494/049400230010.001/swg.fits[1]
scw/0494/049400240010.001/swg.fits[1]
scw/0494/049400250010.001/swg.fits[1]
scw/0494/049400260010.001/swg.fits[1]
scw/0494/049400270010.001/swg.fits[1]
scw/0494/049400280010.001/swg.fits[1]
scw/0494/049400290010.001/swg.fits[1]
scw/0494/049400340010.001/swg.fits[1]
scw/0494/049400350010.001/swg.fits[1]
scw/0494/049400360010.001/swg.fits[1]
scw/0494/049400370010.001/swg.fits[1]
scw/0494/049400380010.001/swg.fits[1]
scw/0494/049400460010.001/swg.fits[1]
scw/0494/049400560010.001/swg.fits[1]
scw/0494/049400570010.001/swg.fits[1]
scw/0494/049400580010.001/swg.fits[1]
scw/0494/049400640010.001/swg.fits[1]
scw/0549/054900260010.001/swg.fits[1]
scw/0549/054900270010.001/swg.fits[1]
scw/0549/054900280010.001/swg.fits[1]
scw/0549/054900350010.001/swg.fits[1]
scw/0549/054900360010.001/swg.fits[1]
scw/0549/054900370010.001/swg.fits[1]
scw/0549/054900380010.001/swg.fits[1]
scw/0549/054900390010.001/swg.fits[1]
scw/0549/054900440010.001/swg.fits[1]
scw/0549/054900450010.001/swg.fits[1]
scw/0549/054900460010.001/swg.fits[1]
scw/0549/054900470010.001/swg.fits[1]
scw/0549/054900480010.001/swg.fits[1]
scw/0549/054900490010.001/swg.fits[1]
scw/0549/054900500010.001/swg.fits[1]
scw/0549/054900540010.001/swg.fits[1]
scw/0549/054900550010.001/swg.fits[1]
scw/0549/054900560010.001/swg.fits[1]
scw/0549/054900570010.001/swg.fits[1]
scw/0549/054900580010.001/swg.fits[1]
scw/0549/054900590010.001/swg.fits[1]
scw/0549/054900650010.001/swg.fits[1]
scw/0549/054900660010.001/swg.fits[1]
scw/0549/054900670010.001/swg.fits[1]
scw/0549/054900680010.001/swg.fits[1]
scw/0550/055000200010.001/swg.fits[1]
scw/0550/055000210010.001/swg.fits[1]
scw/0550/055000290010.001/swg.fits[1]
scw/0550/055000300010.001/swg.fits[1]
scw/0550/055000310010.001/swg.fits[1]
scw/0550/055000320010.001/swg.fits[1]
scw/0550/055000330010.001/swg.fits[1]
scw/0550/055000380010.001/swg.fits[1]
scw/0550/055000390010.001/swg.fits[1]
scw/0550/055000410010.001/swg.fits[1]
scw/0550/055000420010.001/swg.fits[1]
scw/0550/055000430010.001/swg.fits[1]
scw/0550/055000440010.001/swg.fits[1]
scw/0550/055000480010.001/swg.fits[1]
scw/0550/055000490010.001/swg.fits[1]
scw/0550/055000500010.001/swg.fits[1]
scw/0550/055000510010.001/swg.fits[1]
scw/0550/055000520010.001/swg.fits[1]
scw/0550/055000530010.001/swg.fits[1]
scw/0550/055000590010.001/swg.fits[1]
scw/0550/055000600010.001/swg.fits[1]
scw/0550/055000610010.001/swg.fits[1]
scw/0550/055000620010.001/swg.fits[1]
scw/0552/055200290010.001/swg.fits[1]
scw/0552/055200380010.001/swg.fits[1]
scw/0552/055200390010.001/swg.fits[1]
scw/0552/055200400010.001/swg.fits[1]
scw/0552/055200460010.001/swg.fits[1]
scw/0552/055200470010.001/swg.fits[1]
scw/0552/055200480010.001/swg.fits[1]
scw/0552/055200490010.001/swg.fits[1]
scw/0552/055200500010.001/swg.fits[1]
scw/0552/055200510010.001/swg.fits[1]
scw/0552/055200550010.001/swg.fits[1]
scw/0552/055200560010.001/swg.fits[1]
scw/0552/055200570010.001/swg.fits[1]
scw/0552/055200580010.001/swg.fits[1]
scw/0552/055200590010.001/swg.fits[1]
scw/0552/055200600010.001/swg.fits[1]
scw/0552/055200610010.001/swg.fits[1]
scw/0552/055200670010.001/swg.fits[1]
scw/0552/055200680010.001/swg.fits[1]
scw/0552/055200690010.001/swg.fits[1]
scw/0558/055800230010.001/swg.fits[1]
scw/0558/055800300010.001/swg.fits[1]
scw/0558/055800310010.001/swg.fits[1]
scw/0558/055800320010.001/swg.fits[1]
scw/0558/055800330010.001/swg.fits[1]
scw/0558/055800340010.001/swg.fits[1]
scw/0558/055800350010.001/swg.fits[1]
scw/0558/055800360010.001/swg.fits[1]
scw/0974/097400600010.001/swg.fits[1]
scw/0974/097400610010.001/swg.fits[1]
scw/0975/097500910010.001/swg.fits[1]
scw/0975/097500920010.001/swg.fits[1]
scw/0975/097500930010.001/swg.fits[1]
scw/0975/097500940010.001/swg.fits[1]
scw/0975/097500950010.001/swg.fits[1]
scw/0975/097500960010.001/swg.fits[1]
scw/1035/103500290010.001/swg.fits[1]
scw/1035/103500300010.001/swg.fits[1]
scw/1035/103500310010.001/swg.fits[1]
scw/1035/103500320010.001/swg.fits[1]
scw/1035/103500330010.001/swg.fits[1]
scw/1035/103500340010.001/swg.fits[1]
scw/1095/109500120010.001/swg.fits[1]
scw/1095/109500130010.001/swg.fits[1]
scw/1095/109500140010.001/swg.fits[1]
scw/1095/109500150010.001/swg.fits[1]
scw/1095/109500160010.001/swg.fits[1]
scw/1095/109500170010.001/swg.fits[1]
scw/1095/109500440010.001/swg.fits[1]
scw/1095/109500450010.001/swg.fits[1]
scw/1095/109500460010.001/swg.fits[1]
scw/1095/109500470010.001/swg.fits[1]
scw/1095/109500480010.001/swg.fits[1]
scw/1095/109500490010.001/swg.fits[1]
scw/1095/109500760010.001/swg.fits[1]
scw/1095/109500770010.001/swg.fits[1]
scw/1095/109500780010.001/swg.fits[1]
scw/1095/109500790010.001/swg.fits[1]
scw/1095/109500800010.001/swg.fits[1]
scw/1095/109500810010.001/swg.fits[1]
scw/1500/150000470010.001/swg.fits[1]
scw/1868/186800190010.001/swg.fits[1]
scw/1868/186800270010.001/swg.fits[1]
scw/1868/186800280010.001/swg.fits[1]
scw/1868/186800290010.001/swg.fits[1]
scw/1868/186800300010.001/swg.fits[1]
scw/1869/186900140010.001/swg.fits[1]
scw/1869/186900150010.001/swg.fits[1]
scw/1869/186900220010.001/swg.fits[1]
scw/1869/186900230010.001/swg.fits[1]
scw/1869/186900240010.001/swg.fits[1]
scw/1869/186900330010.001/swg.fits[1]
scw/1870/187000220010.001/swg.fits[1]
scw/1870/187000230010.001/swg.fits[1]
scw/1870/187000240010.001/swg.fits[1]
scw/1870/187000250010.001/swg.fits[1]
scw/1870/187000330010.001/swg.fits[1]
scw/1873/187300270010.001/swg.fits[1]
scw/1873/187300280010.001/swg.fits[1]
scw/1873/187300290010.001/swg.fits[1]
scw/1873/187300300010.001/swg.fits[1]
scw/1910/191000040010.001/swg.fits[1]
scw/2048/204800040010.001/swg.fits[1]
scw/2122/212200530010.001/swg.fits[1]
scw/2124/212400020010.001/swg.fits[1]
scw/2190/219000020010.001/swg.fits[1]
scw/2257/225700340010.001/swg.fits[1]
scw/2258/225800340010.001/swg.fits[1]
scw/2261/226100640010.001/swg.fits[1]
scw/2262/226200740010.001/swg.fits[1]
scw/2389/238900320010.001/swg.fits[1]
