scw/0453/045300720010.001/swg.fits[1]
scw/0453/045300730010.001/swg.fits[1]
scw/0453/045300740010.001/swg.fits[1]
scw/0453/045300750010.001/swg.fits[1]
scw/0453/045300760010.001/swg.fits[1]
scw/0453/045300770010.001/swg.fits[1]
scw/0453/045300780010.001/swg.fits[1]
scw/0453/045300790010.001/swg.fits[1]
scw/0455/045500020010.001/swg.fits[1]
scw/0455/045500040010.001/swg.fits[1]
scw/0455/045500050010.001/swg.fits[1]
scw/0455/045500060010.001/swg.fits[1]
scw/0455/045500070010.001/swg.fits[1]
scw/0455/045500100010.001/swg.fits[1]
scw/0455/045500110010.001/swg.fits[1]
scw/0455/045500120010.001/swg.fits[1]
scw/0455/045500130010.001/swg.fits[1]
scw/0455/045500200010.001/swg.fits[1]
scw/0455/045500210010.001/swg.fits[1]
scw/0455/045500220010.001/swg.fits[1]
scw/0455/045500230010.001/swg.fits[1]
scw/0455/045500240010.001/swg.fits[1]
scw/0455/045500250010.001/swg.fits[1]
scw/0455/045500260010.001/swg.fits[1]
scw/0455/045500270010.001/swg.fits[1]
scw/0455/045500280010.001/swg.fits[1]
scw/0455/045500290010.001/swg.fits[1]
scw/0455/045500300010.001/swg.fits[1]
scw/0455/045500310010.001/swg.fits[1]
scw/0455/045500320010.001/swg.fits[1]
scw/0455/045500330010.001/swg.fits[1]
scw/0455/045500340010.001/swg.fits[1]
scw/0459/045900040010.001/swg.fits[1]
scw/0459/045900050010.001/swg.fits[1]
scw/0459/045900060010.001/swg.fits[1]
scw/0459/045900070010.001/swg.fits[1]
scw/0459/045900080010.001/swg.fits[1]
scw/0459/045900090010.001/swg.fits[1]
scw/0459/045900100010.001/swg.fits[1]
scw/0459/045900110010.001/swg.fits[1]
scw/0459/045900120010.001/swg.fits[1]
scw/0459/045900130010.001/swg.fits[1]
scw/0459/045900150010.001/swg.fits[1]
scw/0459/045900160010.001/swg.fits[1]
scw/0459/045900170010.001/swg.fits[1]
scw/0459/045900180010.001/swg.fits[1]
scw/0459/045900190010.001/swg.fits[1]
scw/0459/045900200010.001/swg.fits[1]
scw/0459/045900210010.001/swg.fits[1]
scw/0459/045900220010.001/swg.fits[1]
scw/0459/045900230010.001/swg.fits[1]
scw/0459/045900240010.001/swg.fits[1]
scw/0459/045900250010.001/swg.fits[1]
scw/0459/045900260010.001/swg.fits[1]
scw/0459/045900270010.001/swg.fits[1]
scw/0459/045900280010.001/swg.fits[1]
scw/0459/045900290010.001/swg.fits[1]
scw/0459/045900300010.001/swg.fits[1]
scw/0459/045900310010.001/swg.fits[1]
scw/0459/045900320010.001/swg.fits[1]
scw/0459/045900330010.001/swg.fits[1]
scw/0459/045900340010.001/swg.fits[1]
scw/0493/049300030010.001/swg.fits[1]
scw/0493/049300040010.001/swg.fits[1]
scw/0493/049300050010.001/swg.fits[1]
scw/0493/049300060010.001/swg.fits[1]
scw/0493/049300070010.001/swg.fits[1]
scw/0493/049300080010.001/swg.fits[1]
scw/0493/049300090010.001/swg.fits[1]
scw/0493/049300100010.001/swg.fits[1]
scw/0493/049300110010.001/swg.fits[1]
scw/0493/049300130010.001/swg.fits[1]
scw/0493/049300140010.001/swg.fits[1]
scw/0493/049300150010.001/swg.fits[1]
scw/0493/049300160010.001/swg.fits[1]
scw/0493/049300170010.001/swg.fits[1]
scw/0493/049300180010.001/swg.fits[1]
scw/0493/049300190010.001/swg.fits[1]
scw/0493/049300200010.001/swg.fits[1]
scw/0493/049300240010.001/swg.fits[1]
scw/0493/049300250010.001/swg.fits[1]
scw/0493/049300260010.001/swg.fits[1]
scw/0493/049300270010.001/swg.fits[1]
scw/0493/049300280010.001/swg.fits[1]
scw/0493/049300340010.001/swg.fits[1]
scw/0493/049300350010.001/swg.fits[1]
scw/0493/049300360010.001/swg.fits[1]
scw/0493/049300370010.001/swg.fits[1]
scw/0493/049300380010.001/swg.fits[1]
scw/0493/049300390010.001/swg.fits[1]
scw/0493/049300400010.001/swg.fits[1]
scw/0493/049300420010.001/swg.fits[1]
scw/0493/049300430010.001/swg.fits[1]
scw/0493/049300440010.001/swg.fits[1]
scw/0493/049300450010.001/swg.fits[1]
scw/0493/049300460010.001/swg.fits[1]
scw/0493/049300470010.001/swg.fits[1]
scw/0493/049300480010.001/swg.fits[1]
scw/0493/049300490010.001/swg.fits[1]
scw/0493/049300500010.001/swg.fits[1]
scw/0493/049300520010.001/swg.fits[1]
scw/0493/049300530010.001/swg.fits[1]
scw/0493/049300540010.001/swg.fits[1]
scw/0493/049300550010.001/swg.fits[1]
scw/0493/049300560010.001/swg.fits[1]
scw/0494/049400020010.001/swg.fits[1]
scw/0494/049400030010.001/swg.fits[1]
scw/0494/049400040010.001/swg.fits[1]
scw/0494/049400050010.001/swg.fits[1]
scw/0494/049400060010.001/swg.fits[1]
scw/0494/049400080010.001/swg.fits[1]
scw/0494/049400090010.001/swg.fits[1]
scw/0494/049400100010.001/swg.fits[1]
scw/0494/049400110010.001/swg.fits[1]
scw/0494/049400120010.001/swg.fits[1]
scw/0494/049400130010.001/swg.fits[1]
scw/0494/049400140010.001/swg.fits[1]
scw/0494/049400200010.001/swg.fits[1]
scw/0494/049400210010.001/swg.fits[1]
scw/0494/049400220010.001/swg.fits[1]
scw/0494/049400230010.001/swg.fits[1]
scw/0494/049400290010.001/swg.fits[1]
scw/0494/049400330010.001/swg.fits[1]
scw/0494/049400340010.001/swg.fits[1]
scw/0494/049400350010.001/swg.fits[1]
scw/0494/049400370010.001/swg.fits[1]
scw/0494/049400380010.001/swg.fits[1]
scw/0494/049400390010.001/swg.fits[1]
scw/0494/049400400010.001/swg.fits[1]
scw/0494/049400410010.001/swg.fits[1]
scw/0494/049400420010.001/swg.fits[1]
scw/0494/049400430010.001/swg.fits[1]
scw/0494/049400440010.001/swg.fits[1]
scw/0494/049400450010.001/swg.fits[1]
scw/0494/049400480010.001/swg.fits[1]
scw/0494/049400490010.001/swg.fits[1]
scw/0494/049400500010.001/swg.fits[1]
scw/0494/049400510010.001/swg.fits[1]
scw/0494/049400520010.001/swg.fits[1]
scw/0494/049400530010.001/swg.fits[1]
scw/0494/049400540010.001/swg.fits[1]
scw/0494/049400550010.001/swg.fits[1]
scw/0494/049400560010.001/swg.fits[1]
scw/0494/049400570010.001/swg.fits[1]
scw/0494/049400580010.001/swg.fits[1]
scw/0494/049400590010.001/swg.fits[1]
scw/0494/049400600010.001/swg.fits[1]
scw/0494/049400610010.001/swg.fits[1]
scw/0494/049400620010.001/swg.fits[1]
scw/0494/049400630010.001/swg.fits[1]
scw/0494/049400640010.001/swg.fits[1]
scw/0549/054900200010.001/swg.fits[1]
scw/0549/054900210010.001/swg.fits[1]
scw/0549/054900220010.001/swg.fits[1]
scw/0549/054900230010.001/swg.fits[1]
scw/0549/054900240010.001/swg.fits[1]
scw/0549/054900250010.001/swg.fits[1]
scw/0549/054900280010.001/swg.fits[1]
scw/0549/054900290010.001/swg.fits[1]
scw/0549/054900300010.001/swg.fits[1]
scw/0549/054900310010.001/swg.fits[1]
scw/0549/054900320010.001/swg.fits[1]
scw/0549/054900330010.001/swg.fits[1]
scw/0549/054900340010.001/swg.fits[1]
scw/0549/054900350010.001/swg.fits[1]
scw/0549/054900380010.001/swg.fits[1]
scw/0549/054900390010.001/swg.fits[1]
scw/0549/054900400010.001/swg.fits[1]
scw/0549/054900410010.001/swg.fits[1]
scw/0549/054900420010.001/swg.fits[1]
scw/0549/054900430010.001/swg.fits[1]
scw/0549/054900440010.001/swg.fits[1]
scw/0549/054900490010.001/swg.fits[1]
scw/0549/054900500010.001/swg.fits[1]
scw/0549/054900510010.001/swg.fits[1]
scw/0549/054900520010.001/swg.fits[1]
scw/0549/054900530010.001/swg.fits[1]
scw/0549/054900540010.001/swg.fits[1]
scw/0549/054900580010.001/swg.fits[1]
scw/0549/054900590010.001/swg.fits[1]
scw/0549/054900600010.001/swg.fits[1]
scw/0549/054900610010.001/swg.fits[1]
scw/0549/054900620010.001/swg.fits[1]
scw/0549/054900630010.001/swg.fits[1]
scw/0549/054900640010.001/swg.fits[1]
scw/0549/054900650010.001/swg.fits[1]
scw/0549/054900670010.001/swg.fits[1]
scw/0549/054900680010.001/swg.fits[1]
scw/0549/054900690010.001/swg.fits[1]
scw/0550/055000140010.001/swg.fits[1]
scw/0550/055000150010.001/swg.fits[1]
scw/0550/055000160010.001/swg.fits[1]
scw/0550/055000170010.001/swg.fits[1]
scw/0550/055000180010.001/swg.fits[1]
scw/0550/055000190010.001/swg.fits[1]
scw/0550/055000200010.001/swg.fits[1]
scw/0550/055000230010.001/swg.fits[1]
scw/0550/055000240010.001/swg.fits[1]
scw/0550/055000250010.001/swg.fits[1]
scw/0550/055000260010.001/swg.fits[1]
scw/0550/055000270010.001/swg.fits[1]
scw/0550/055000280010.001/swg.fits[1]
scw/0550/055000290010.001/swg.fits[1]
scw/0550/055000320010.001/swg.fits[1]
scw/0550/055000330010.001/swg.fits[1]
scw/0550/055000340010.001/swg.fits[1]
scw/0550/055000350010.001/swg.fits[1]
scw/0550/055000360010.001/swg.fits[1]
scw/0550/055000370010.001/swg.fits[1]
scw/0550/055000380010.001/swg.fits[1]
scw/0550/055000430010.001/swg.fits[1]
scw/0550/055000440010.001/swg.fits[1]
scw/0550/055000450010.001/swg.fits[1]
scw/0550/055000460010.001/swg.fits[1]
scw/0550/055000470010.001/swg.fits[1]
scw/0550/055000480010.001/swg.fits[1]
scw/0550/055000520010.001/swg.fits[1]
scw/0550/055000530010.001/swg.fits[1]
scw/0550/055000540010.001/swg.fits[1]
scw/0550/055000550010.001/swg.fits[1]
scw/0550/055000560010.001/swg.fits[1]
scw/0550/055000570010.001/swg.fits[1]
scw/0550/055000580010.001/swg.fits[1]
scw/0550/055000590010.001/swg.fits[1]
scw/0550/055000610010.001/swg.fits[1]
scw/0550/055000620010.001/swg.fits[1]
scw/0550/055000630010.001/swg.fits[1]
scw/0550/055000640010.001/swg.fits[1]
scw/0550/055000650010.001/swg.fits[1]
scw/0550/055000660010.001/swg.fits[1]
scw/0550/055000670010.001/swg.fits[1]
scw/0550/055000680010.001/swg.fits[1]
scw/0550/055000690010.001/swg.fits[1]
scw/0552/055200300010.001/swg.fits[1]
scw/0552/055200310010.001/swg.fits[1]
scw/0552/055200320010.001/swg.fits[1]
scw/0552/055200330010.001/swg.fits[1]
scw/0552/055200340010.001/swg.fits[1]
scw/0552/055200350010.001/swg.fits[1]
scw/0552/055200360010.001/swg.fits[1]
scw/0552/055200370010.001/swg.fits[1]
scw/0552/055200380010.001/swg.fits[1]
scw/0552/055200390010.001/swg.fits[1]
scw/0552/055200400010.001/swg.fits[1]
scw/0552/055200410010.001/swg.fits[1]
scw/0552/055200420010.001/swg.fits[1]
scw/0552/055200430010.001/swg.fits[1]
scw/0552/055200440010.001/swg.fits[1]
scw/0552/055200450010.001/swg.fits[1]
scw/0552/055200460010.001/swg.fits[1]
scw/0552/055200470010.001/swg.fits[1]
scw/0552/055200510010.001/swg.fits[1]
scw/0552/055200520010.001/swg.fits[1]
scw/0552/055200530010.001/swg.fits[1]
scw/0552/055200540010.001/swg.fits[1]
scw/0552/055200550010.001/swg.fits[1]
scw/0552/055200560010.001/swg.fits[1]
scw/0552/055200610010.001/swg.fits[1]
scw/0552/055200620010.001/swg.fits[1]
scw/0552/055200630010.001/swg.fits[1]
scw/0552/055200640010.001/swg.fits[1]
scw/0552/055200650010.001/swg.fits[1]
scw/0552/055200660010.001/swg.fits[1]
scw/0552/055200670010.001/swg.fits[1]
scw/0552/055200690010.001/swg.fits[1]
scw/0558/055800040010.001/swg.fits[1]
scw/0558/055800050010.001/swg.fits[1]
scw/0558/055800060010.001/swg.fits[1]
scw/0558/055800070010.001/swg.fits[1]
scw/0558/055800080010.001/swg.fits[1]
scw/0558/055800090010.001/swg.fits[1]
scw/0558/055800100010.001/swg.fits[1]
scw/0558/055800110010.001/swg.fits[1]
scw/0558/055800140010.001/swg.fits[1]
scw/0558/055800150010.001/swg.fits[1]
scw/0558/055800160010.001/swg.fits[1]
scw/0558/055800170010.001/swg.fits[1]
scw/0558/055800180010.001/swg.fits[1]
scw/0558/055800190010.001/swg.fits[1]
scw/0558/055800200010.001/swg.fits[1]
scw/0558/055800210010.001/swg.fits[1]
scw/0558/055800220010.001/swg.fits[1]
scw/0558/055800230010.001/swg.fits[1]
scw/0558/055800240010.001/swg.fits[1]
scw/0558/055800250010.001/swg.fits[1]
scw/0558/055800260010.001/swg.fits[1]
scw/0558/055800270010.001/swg.fits[1]
scw/0558/055800280010.001/swg.fits[1]
scw/0558/055800290010.001/swg.fits[1]
scw/0558/055800300010.001/swg.fits[1]
scw/0558/055800310010.001/swg.fits[1]
scw/0558/055800350010.001/swg.fits[1]
scw/0558/055800360010.001/swg.fits[1]
scw/0558/055800370010.001/swg.fits[1]
scw/1910/191000040010.001/swg.fits[1]
scw/2123/212300020010.001/swg.fits[1]
scw/2127/212700020010.001/swg.fits[1]
scw/2259/225900340010.001/swg.fits[1]
scw/2260/226000340010.001/swg.fits[1]
scw/2266/226600020010.001/swg.fits[1]
scw/2287/228700040010.001/swg.fits[1]
scw/2308/230800020010.001/swg.fits[1]
scw/2309/230900020010.001/swg.fits[1]
scw/2383/238300020010.001/swg.fits[1]
scw/2390/239000020010.001/swg.fits[1]
scw/2394/239400260010.001/swg.fits[1]
scw/2430/243000380010.001/swg.fits[1]
