scw/0432/043200880010.001/swg.fits[1]
scw/0432/043200890010.001/swg.fits[1]
scw/0442/044200580010.001/swg.fits[1]
scw/0442/044200580020.001/swg.fits[1]
scw/0442/044200580030.001/swg.fits[1]
scw/0442/044200590010.001/swg.fits[1]
scw/0750/075000310010.001/swg.fits[1]
scw/0750/075000310020.001/swg.fits[1]
scw/0750/075000310030.001/swg.fits[1]
scw/0750/075000320010.001/swg.fits[1]
scw/0810/081000640010.001/swg.fits[1]
scw/0810/081000640020.001/swg.fits[1]
scw/0810/081000640030.001/swg.fits[1]
scw/0810/081000650010.001/swg.fits[1]
scw/0858/085800570010.001/swg.fits[1]
scw/0858/085800570020.001/swg.fits[1]
scw/0858/085800570030.001/swg.fits[1]
scw/0858/085800580010.001/swg.fits[1]
scw/0870/087000160010.001/swg.fits[1]
scw/0870/087000160020.001/swg.fits[1]
scw/0870/087000160030.001/swg.fits[1]
scw/0870/087000170010.001/swg.fits[1]
scw/0930/093000590010.001/swg.fits[1]
scw/0930/093000590020.001/swg.fits[1]
scw/0930/093000590030.001/swg.fits[1]
scw/0930/093000600010.001/swg.fits[1]
scw/0993/099300800010.001/swg.fits[1]
scw/0993/099300800020.001/swg.fits[1]
scw/0993/099300800030.001/swg.fits[1]
scw/0993/099300810010.001/swg.fits[1]
scw/1051/105100700010.001/swg.fits[1]
scw/1051/105100700020.001/swg.fits[1]
scw/1051/105100700030.001/swg.fits[1]
scw/1051/105100710010.001/swg.fits[1]
scw/1061/106100620010.001/swg.fits[1]
scw/1061/106100620020.001/swg.fits[1]
scw/1061/106100620030.001/swg.fits[1]
scw/1061/106100630010.001/swg.fits[1]
scw/1108/110800640010.001/swg.fits[1]
scw/1108/110800640020.001/swg.fits[1]
scw/1108/110800640030.001/swg.fits[1]
scw/1123/112300250010.001/swg.fits[1]
scw/1169/116900050020.001/swg.fits[1]
scw/1169/116900050030.001/swg.fits[1]
scw/1169/116900060010.001/swg.fits[1]
scw/1225/122500530010.001/swg.fits[1]
scw/1225/122500540020.001/swg.fits[1]
scw/1225/122500550010.001/swg.fits[1]
scw/1237/123700820010.001/swg.fits[1]
scw/1237/123700820020.001/swg.fits[1]
scw/1237/123700820030.001/swg.fits[1]
scw/1237/123700830010.001/swg.fits[1]
scw/1357/135700570010.001/swg.fits[1]
scw/1357/135700570020.001/swg.fits[1]
scw/1357/135700570030.001/swg.fits[1]
scw/1357/135700580010.001/swg.fits[1]
scw/1418/141800780010.001/swg.fits[1]
scw/1418/141800780020.001/swg.fits[1]
scw/1418/141800780030.001/swg.fits[1]
scw/1418/141800790010.001/swg.fits[1]
scw/1466/146600660010.001/swg.fits[1]
scw/1466/146600660020.001/swg.fits[1]
scw/1466/146600660030.001/swg.fits[1]
scw/1466/146600670010.001/swg.fits[1]
scw/1478/147800710010.001/swg.fits[1]
scw/1478/147800710020.001/swg.fits[1]
scw/1478/147800710030.001/swg.fits[1]
scw/1478/147800720010.001/swg.fits[1]
scw/1667/166700450010.001/swg.fits[1]
scw/1763/176300290010.001/swg.fits[1]
scw/1763/176300390010.001/swg.fits[1]
scw/1891/189100280010.001/swg.fits[1]
scw/1891/189100380010.001/swg.fits[1]
scw/2225/222500260010.001/swg.fits[1]
scw/2225/222500350010.001/swg.fits[1]
scw/2226/222600190010.001/swg.fits[1]
scw/2227/222700110010.001/swg.fits[1]
scw/2227/222700200010.001/swg.fits[1]
scw/2227/222700570010.001/swg.fits[1]
scw/2300/230000020010.001/swg.fits[1]
scw/2302/230200280010.001/swg.fits[1]
scw/2302/230200370010.001/swg.fits[1]
scw/2302/230200380010.001/swg.fits[1]
scw/2360/236000260010.001/swg.fits[1]
scw/2360/236000360010.001/swg.fits[1]
scw/2363/236300480010.001/swg.fits[1]
scw/2366/236600400010.001/swg.fits[1]
scw/2366/236600410010.001/swg.fits[1]
scw/2366/236600420010.001/swg.fits[1]
scw/2366/236600430010.001/swg.fits[1]
scw/2366/236600440010.001/swg.fits[1]
scw/2366/236600450010.001/swg.fits[1]
scw/2366/236600460010.001/swg.fits[1]
scw/2366/236600470010.001/swg.fits[1]
scw/2366/236600520010.001/swg.fits[1]
scw/2366/236600530010.001/swg.fits[1]
scw/2367/236700130010.001/swg.fits[1]
scw/2367/236700140010.001/swg.fits[1]
scw/2367/236700200010.001/swg.fits[1]
scw/2367/236700210010.001/swg.fits[1]
scw/2367/236700220010.001/swg.fits[1]
scw/2367/236700230010.001/swg.fits[1]
scw/2367/236700240010.001/swg.fits[1]
scw/2367/236700250010.001/swg.fits[1]
scw/2368/236800040010.001/swg.fits[1]
scw/2368/236800070010.001/swg.fits[1]
scw/2368/236800080010.001/swg.fits[1]
scw/2368/236800090010.001/swg.fits[1]
scw/2368/236800100010.001/swg.fits[1]
scw/2368/236800110010.001/swg.fits[1]
scw/2368/236800120010.001/swg.fits[1]
scw/2368/236800130010.001/swg.fits[1]
scw/2368/236800190010.001/swg.fits[1]
scw/2368/236800200010.001/swg.fits[1]
scw/2368/236800210010.001/swg.fits[1]
scw/2427/242700460010.001/swg.fits[1]
scw/2427/242700560010.001/swg.fits[1]
scw/2431/243100340010.001/swg.fits[1]
scw/2434/243400020010.001/swg.fits[1]
scw/2435/243500320010.001/swg.fits[1]
scw/2443/244300310010.001/swg.fits[1]
scw/2445/244500380010.001/swg.fits[1]
scw/2492/249200230010.001/swg.fits[1]
scw/2492/249200340010.001/swg.fits[1]
scw/2499/249900310010.001/swg.fits[1]
scw/2499/249900320010.001/swg.fits[1]
scw/2499/249900330010.001/swg.fits[1]
scw/2499/249900350010.001/swg.fits[1]
scw/2499/249900360010.001/swg.fits[1]
scw/2499/249900370010.001/swg.fits[1]
scw/2499/249900380010.001/swg.fits[1]
scw/2499/249900390010.001/swg.fits[1]
scw/2499/249900400010.001/swg.fits[1]
scw/2499/249900410010.001/swg.fits[1]
scw/2499/249900420010.001/swg.fits[1]
scw/2499/249900430010.001/swg.fits[1]
scw/2499/249900440010.001/swg.fits[1]
scw/2499/249900450010.001/swg.fits[1]
scw/2499/249900460010.001/swg.fits[1]
scw/2499/249900470010.001/swg.fits[1]
scw/2499/249900480010.001/swg.fits[1]
scw/2499/249900490010.001/swg.fits[1]
scw/2499/249900500010.001/swg.fits[1]
scw/2499/249900510010.001/swg.fits[1]
scw/2499/249900520010.001/swg.fits[1]
scw/2499/249900530010.001/swg.fits[1]
scw/2499/249900540010.001/swg.fits[1]
scw/2499/249900550010.001/swg.fits[1]
scw/2499/249900560010.001/swg.fits[1]
scw/2501/250100320010.001/swg.fits[1]
scw/2501/250100330010.001/swg.fits[1]
scw/2501/250100340010.001/swg.fits[1]
scw/2501/250100350010.001/swg.fits[1]
scw/2501/250100360010.001/swg.fits[1]
scw/2501/250100370010.001/swg.fits[1]
scw/2501/250100380010.001/swg.fits[1]
scw/2501/250100390010.001/swg.fits[1]
scw/2501/250100400010.001/swg.fits[1]
scw/2501/250100410010.001/swg.fits[1]
scw/2501/250100420010.001/swg.fits[1]
scw/2501/250100430010.001/swg.fits[1]
scw/2501/250100450010.001/swg.fits[1]
scw/2501/250100460010.001/swg.fits[1]
scw/2501/250100470010.001/swg.fits[1]
scw/2501/250100480010.001/swg.fits[1]
scw/2501/250100510010.001/swg.fits[1]
scw/2501/250100520010.001/swg.fits[1]
scw/2501/250100530010.001/swg.fits[1]
scw/2502/250200320010.001/swg.fits[1]
scw/2502/250200330010.001/swg.fits[1]
scw/2502/250200350010.001/swg.fits[1]
scw/2502/250200360010.001/swg.fits[1]
scw/2502/250200370010.001/swg.fits[1]
scw/2502/250200380010.001/swg.fits[1]
scw/2502/250200390010.001/swg.fits[1]
scw/2502/250200400010.001/swg.fits[1]
scw/2502/250200410010.001/swg.fits[1]
scw/2502/250200420010.001/swg.fits[1]
scw/2502/250200430010.001/swg.fits[1]
scw/2502/250200440010.001/swg.fits[1]
scw/2502/250200450010.001/swg.fits[1]
scw/2502/250200460010.001/swg.fits[1]
scw/2502/250200470010.001/swg.fits[1]
scw/2502/250200480010.001/swg.fits[1]
scw/2502/250200490010.001/swg.fits[1]
scw/2502/250200500010.001/swg.fits[1]
scw/2502/250200510010.001/swg.fits[1]
scw/2502/250200520010.001/swg.fits[1]
scw/2502/250200530010.001/swg.fits[1]
scw/2502/250200540010.001/swg.fits[1]
scw/2502/250200540020.001/swg.fits[1]
