scw/0808/080800080010.001/swg.fits[1]
scw/0808/080800090010.001/swg.fits[1]
scw/2286/228600040010.001/swg.fits[1]
scw/2373/237300310010.001/swg.fits[1]
scw/2373/237300320010.001/swg.fits[1]
scw/2373/237300360010.001/swg.fits[1]
scw/2375/237500040010.001/swg.fits[1]
scw/2375/237500050010.001/swg.fits[1]
scw/2375/237500070010.001/swg.fits[1]
scw/2375/237500080010.001/swg.fits[1]
scw/2375/237500090010.001/swg.fits[1]
scw/2375/237500140010.001/swg.fits[1]
scw/2375/237500150010.001/swg.fits[1]
scw/2375/237500160010.001/swg.fits[1]
scw/2377/237700140010.001/swg.fits[1]
scw/2377/237700150010.001/swg.fits[1]
scw/2377/237700210010.001/swg.fits[1]
scw/2377/237700220010.001/swg.fits[1]
scw/2378/237800060010.001/swg.fits[1]
scw/2379/237900210010.001/swg.fits[1]
scw/2379/237900230010.001/swg.fits[1]
scw/2379/237900240010.001/swg.fits[1]
