scw/0030/003000080010.001/swg.fits[1]
scw/0091/009100070010.001/swg.fits[1]
scw/0149/014900060010.001/swg.fits[1]
scw/0203/020300470010.001/swg.fits[1]
scw/0203/020300510010.001/swg.fits[1]
scw/0203/020300520010.001/swg.fits[1]
scw/0203/020300530010.001/swg.fits[1]
scw/0203/020300560010.001/swg.fits[1]
scw/0203/020300570010.001/swg.fits[1]
scw/0203/020300580010.001/swg.fits[1]
scw/0203/020300620010.001/swg.fits[1]
scw/0203/020300700010.001/swg.fits[1]
scw/0203/020300710010.001/swg.fits[1]
scw/0203/020300720010.001/swg.fits[1]
scw/0203/020300750010.001/swg.fits[1]
scw/0203/020300760010.001/swg.fits[1]
scw/0203/020300770010.001/swg.fits[1]
scw/0209/020900100010.001/swg.fits[1]
scw/0281/028100070010.001/swg.fits[1]
scw/0399/039900470010.001/swg.fits[1]
scw/1051/105100890010.001/swg.fits[1]
scw/1126/112600750010.001/swg.fits[1]
scw/1126/112600760010.001/swg.fits[1]
scw/1127/112700600010.001/swg.fits[1]
scw/1127/112700610010.001/swg.fits[1]
scw/1127/112700850010.001/swg.fits[1]
scw/1127/112700860010.001/swg.fits[1]
scw/1128/112800710010.001/swg.fits[1]
scw/1128/112800720010.001/swg.fits[1]
scw/1130/113000710010.001/swg.fits[1]
scw/1130/113000720010.001/swg.fits[1]
scw/1131/113100640010.001/swg.fits[1]
scw/1131/113100650010.001/swg.fits[1]
scw/1132/113200610010.001/swg.fits[1]
scw/1132/113200620010.001/swg.fits[1]
scw/1132/113200750010.001/swg.fits[1]
scw/1133/113300620010.001/swg.fits[1]
scw/1133/113300630010.001/swg.fits[1]
scw/1137/113700630010.001/swg.fits[1]
scw/1137/113700640010.001/swg.fits[1]
scw/1138/113800650010.001/swg.fits[1]
scw/1138/113800660010.001/swg.fits[1]
scw/1171/117100730010.001/swg.fits[1]
scw/1171/117100740010.001/swg.fits[1]
scw/1172/117200730010.001/swg.fits[1]
scw/1172/117200740010.001/swg.fits[1]
scw/1173/117300710010.001/swg.fits[1]
scw/1173/117300720010.001/swg.fits[1]
scw/1174/117401010010.001/swg.fits[1]
scw/1174/117401020010.001/swg.fits[1]
scw/1175/117500660010.001/swg.fits[1]
scw/1175/117500670010.001/swg.fits[1]
scw/1177/117700660010.001/swg.fits[1]
scw/1177/117700670010.001/swg.fits[1]
scw/1374/137400060010.001/swg.fits[1]
scw/1374/137400210010.001/swg.fits[1]
scw/1488/148800060010.001/swg.fits[1]
scw/1488/148800170010.001/swg.fits[1]
scw/1671/167100030010.001/swg.fits[1]
scw/1671/167100100010.001/swg.fits[1]
scw/1671/167100150010.001/swg.fits[1]
scw/1671/167100220010.001/swg.fits[1]
scw/2122/212200550010.001/swg.fits[1]
scw/2126/212600670010.001/swg.fits[1]
scw/2322/232200550010.001/swg.fits[1]
scw/2324/232400770010.001/swg.fits[1]
scw/2431/243100850010.001/swg.fits[1]
scw/2431/243100860010.001/swg.fits[1]
scw/2439/243900340010.001/swg.fits[1]
scw/2441/244100290010.001/swg.fits[1]
scw/2441/244100700010.001/swg.fits[1]
scw/2443/244300370010.001/swg.fits[1]
scw/2445/244500440010.001/swg.fits[1]
