scw/0436/043600040010.001/swg.fits[1]
scw/0618/061800260010.001/swg.fits[1]
scw/0618/061800270010.001/swg.fits[1]
scw/0619/061900160010.001/swg.fits[1]
scw/0619/061900240010.001/swg.fits[1]
scw/0619/061900250010.001/swg.fits[1]
scw/0619/061900260010.001/swg.fits[1]
scw/0619/061900270010.001/swg.fits[1]
scw/0620/062000280010.001/swg.fits[1]
scw/0620/062000290010.001/swg.fits[1]
scw/0676/067600220010.001/swg.fits[1]
scw/0676/067600230010.001/swg.fits[1]
scw/0679/067900790010.001/swg.fits[1]
scw/0679/067900800010.001/swg.fits[1]
scw/0920/092000220010.001/swg.fits[1]
scw/0920/092000230010.001/swg.fits[1]
scw/0922/092200220010.001/swg.fits[1]
scw/0922/092200230010.001/swg.fits[1]
scw/1050/105001000010.001/swg.fits[1]
scw/1796/179600270010.001/swg.fits[1]
scw/1796/179600280010.001/swg.fits[1]
scw/1796/179600290010.001/swg.fits[1]
scw/1796/179600320010.001/swg.fits[1]
scw/1796/179600330010.001/swg.fits[1]
scw/1796/179600340010.001/swg.fits[1]
scw/2294/229400260010.001/swg.fits[1]
scw/2433/243300590010.001/swg.fits[1]
scw/2433/243300600010.001/swg.fits[1]
