scw/0183/018301140010.001/swg.fits[1]
scw/0186/018600280010.001/swg.fits[1]
scw/0186/018600290010.001/swg.fits[1]
scw/0186/018600340010.001/swg.fits[1]
scw/0186/018600350010.001/swg.fits[1]
scw/0244/024400730010.001/swg.fits[1]
scw/0244/024400740010.001/swg.fits[1]
scw/0296/029600300010.001/swg.fits[1]
scw/0296/029600310010.001/swg.fits[1]
scw/0296/029600320010.001/swg.fits[1]
scw/0358/035800610010.001/swg.fits[1]
scw/0358/035800620010.001/swg.fits[1]
scw/0358/035800630010.001/swg.fits[1]
scw/0360/036000920010.001/swg.fits[1]
scw/0360/036000930010.001/swg.fits[1]
scw/0360/036000940010.001/swg.fits[1]
scw/0417/041700610010.001/swg.fits[1]
scw/0417/041700620010.001/swg.fits[1]
scw/0488/048800260010.001/swg.fits[1]
scw/0488/048800270010.001/swg.fits[1]
scw/0488/048800360010.001/swg.fits[1]
scw/0488/048800560010.001/swg.fits[1]
scw/0489/048900110010.001/swg.fits[1]
scw/0489/048900200010.001/swg.fits[1]
scw/0489/048900400010.001/swg.fits[1]
scw/0490/049000170010.001/swg.fits[1]
scw/0490/049000180010.001/swg.fits[1]
scw/0490/049000190010.001/swg.fits[1]
scw/0490/049000240010.001/swg.fits[1]
scw/0490/049000320010.001/swg.fits[1]
scw/0490/049000520010.001/swg.fits[1]
scw/0490/049000530010.001/swg.fits[1]
scw/0491/049100260010.001/swg.fits[1]
scw/0491/049100270010.001/swg.fits[1]
scw/0491/049100350010.001/swg.fits[1]
scw/0491/049100550010.001/swg.fits[1]
scw/0491/049100560010.001/swg.fits[1]
scw/0492/049200180010.001/swg.fits[1]
scw/0492/049200190010.001/swg.fits[1]
scw/0492/049200280010.001/swg.fits[1]
scw/0492/049200390010.001/swg.fits[1]
scw/0492/049200470010.001/swg.fits[1]
scw/0492/049200480010.001/swg.fits[1]
scw/0492/049200490010.001/swg.fits[1]
scw/0492/049200670010.001/swg.fits[1]
scw/0492/049200670020.001/swg.fits[1]
scw/0495/049500270010.001/swg.fits[1]
scw/0495/049500280010.001/swg.fits[1]
scw/0495/049500370010.001/swg.fits[1]
scw/0495/049500480010.001/swg.fits[1]
scw/0495/049500560010.001/swg.fits[1]
scw/0495/049500570010.001/swg.fits[1]
scw/0495/049500580010.001/swg.fits[1]
scw/0495/049500590010.001/swg.fits[1]
scw/0496/049600140010.001/swg.fits[1]
scw/0496/049600150010.001/swg.fits[1]
scw/0496/049600230010.001/swg.fits[1]
scw/0496/049600340010.001/swg.fits[1]
scw/0496/049600430010.001/swg.fits[1]
scw/0496/049600440010.001/swg.fits[1]
scw/0497/049700130010.001/swg.fits[1]
scw/0497/049700140010.001/swg.fits[1]
scw/0497/049700230010.001/swg.fits[1]
scw/0497/049700340010.001/swg.fits[1]
scw/0497/049700430010.001/swg.fits[1]
scw/1658/165800430010.001/swg.fits[1]
scw/1658/165800590010.001/swg.fits[1]
scw/1658/165800820010.001/swg.fits[1]
scw/1659/165900100010.001/swg.fits[1]
scw/1659/165900330010.001/swg.fits[1]
scw/1659/165900490010.001/swg.fits[1]
scw/1659/165900720010.001/swg.fits[1]
scw/1659/165900880010.001/swg.fits[1]
scw/1665/166500850010.001/swg.fits[1]
scw/1666/166600450010.001/swg.fits[1]
scw/1670/167000590010.001/swg.fits[1]
scw/1670/167000750010.001/swg.fits[1]
scw/1722/172200470010.001/swg.fits[1]
scw/1722/172200790010.001/swg.fits[1]
scw/1722/172200950010.001/swg.fits[1]
scw/1725/172500430010.001/swg.fits[1]
scw/1725/172500590010.001/swg.fits[1]
scw/1726/172600370010.001/swg.fits[1]
scw/1726/172600530010.001/swg.fits[1]
scw/1728/172800620010.001/swg.fits[1]
scw/1728/172800630010.001/swg.fits[1]
scw/1729/172900470010.001/swg.fits[1]
scw/1729/172900790010.001/swg.fits[1]
scw/1731/173100610010.001/swg.fits[1]
scw/1731/173100620010.001/swg.fits[1]
scw/1732/173200210010.001/swg.fits[1]
scw/1735/173500490010.001/swg.fits[1]
scw/1736/173600750010.001/swg.fits[1]
scw/1739/173900800010.001/swg.fits[1]
scw/1740/174000850010.001/swg.fits[1]
scw/1790/179000110010.001/swg.fits[1]
scw/1790/179000560010.001/swg.fits[1]
scw/1793/179300510010.001/swg.fits[1]
scw/1799/179900470010.001/swg.fits[1]
scw/1803/180300100010.001/swg.fits[1]
scw/1803/180300580010.001/swg.fits[1]
scw/1871/187100670010.001/swg.fits[1]
scw/1871/187100830010.001/swg.fits[1]
scw/1872/187200480010.001/swg.fits[1]
scw/1875/187500550010.001/swg.fits[1]
scw/1937/193700680010.001/swg.fits[1]
scw/1940/194000680010.001/swg.fits[1]
scw/1944/194400260010.001/swg.fits[1]
scw/2002/200200560010.001/swg.fits[1]
scw/2005/200500390010.001/swg.fits[1]
scw/2009/200900400010.001/swg.fits[1]
scw/2009/200900560010.001/swg.fits[1]
scw/2013/201300710010.001/swg.fits[1]
scw/2014/201400450010.001/swg.fits[1]
scw/2014/201400460010.001/swg.fits[1]
scw/2068/206800450010.001/swg.fits[1]
scw/2069/206900370010.001/swg.fits[1]
scw/2071/207100380010.001/swg.fits[1]
scw/2071/207100860010.001/swg.fits[1]
scw/2079/207900440010.001/swg.fits[1]
scw/2079/207900710010.001/swg.fits[1]
scw/2080/208000900010.001/swg.fits[1]
scw/2082/208200450010.001/swg.fits[1]
scw/2139/213900480010.001/swg.fits[1]
scw/2139/213900800010.001/swg.fits[1]
scw/2150/215000390010.001/swg.fits[1]
scw/2151/215100470010.001/swg.fits[1]
scw/2152/215200430010.001/swg.fits[1]
scw/2152/215200910010.001/swg.fits[1]
scw/2201/220100370010.001/swg.fits[1]
scw/2201/220100850010.001/swg.fits[1]
scw/2208/220800440010.001/swg.fits[1]
scw/2208/220800920010.001/swg.fits[1]
scw/2211/221100640010.001/swg.fits[1]
scw/2220/222000920010.001/swg.fits[1]
scw/2345/234500050010.001/swg.fits[1]
scw/2348/234800430010.001/swg.fits[1]
scw/2352/235200360010.001/swg.fits[1]
scw/2357/235700490010.001/swg.fits[1]
