scw/0432/043200800010.001/swg.fits[1]
scw/0432/043200830010.001/swg.fits[1]
scw/0432/043200840010.001/swg.fits[1]
scw/0432/043200900010.001/swg.fits[1]
scw/0432/043200910010.001/swg.fits[1]
scw/0432/043200930010.001/swg.fits[1]
scw/0432/043200940010.001/swg.fits[1]
scw/0433/043300040010.001/swg.fits[1]
scw/0433/043300050010.001/swg.fits[1]
scw/0433/043300080010.001/swg.fits[1]
scw/0433/043300250010.001/swg.fits[1]
scw/0433/043300290010.001/swg.fits[1]
scw/0433/043300300010.001/swg.fits[1]
scw/0433/043300310010.001/swg.fits[1]
scw/0433/043300320010.001/swg.fits[1]
scw/0433/043300360010.001/swg.fits[1]
scw/2225/222500230010.001/swg.fits[1]
scw/2225/222500240010.001/swg.fits[1]
scw/2225/222500270010.001/swg.fits[1]
scw/2225/222500280010.001/swg.fits[1]
scw/2225/222500330010.001/swg.fits[1]
scw/2225/222500340010.001/swg.fits[1]
scw/2225/222500360010.001/swg.fits[1]
scw/2225/222500370010.001/swg.fits[1]
scw/2225/222500440010.001/swg.fits[1]
scw/2226/222600170010.001/swg.fits[1]
scw/2226/222600200010.001/swg.fits[1]
scw/2226/222600210010.001/swg.fits[1]
scw/2226/222600270010.001/swg.fits[1]
scw/2226/222600280010.001/swg.fits[1]
scw/2226/222600290010.001/swg.fits[1]
scw/2226/222600300010.001/swg.fits[1]
scw/2227/222700020010.001/swg.fits[1]
scw/2227/222700030010.001/swg.fits[1]
scw/2227/222700080010.001/swg.fits[1]
scw/2227/222700090010.001/swg.fits[1]
scw/2227/222700120010.001/swg.fits[1]
scw/2227/222700180010.001/swg.fits[1]
scw/2227/222700190010.001/swg.fits[1]
scw/2227/222700210010.001/swg.fits[1]
scw/2227/222700220010.001/swg.fits[1]
scw/2356/235600200010.001/swg.fits[1]
scw/2356/235600210010.001/swg.fits[1]
scw/2356/235600220010.001/swg.fits[1]
scw/2356/235600230010.001/swg.fits[1]
scw/2356/235600300010.001/swg.fits[1]
scw/2358/235800550010.001/swg.fits[1]
scw/2358/235800560010.001/swg.fits[1]
scw/2362/236200380010.001/swg.fits[1]
scw/2362/236200390010.001/swg.fits[1]
scw/2362/236200400010.001/swg.fits[1]
scw/2362/236200410010.001/swg.fits[1]
