scw/1685/168500380010.001/swg.fits[1]
scw/1685/168500390010.001/swg.fits[1]
scw/1741/174100370010.001/swg.fits[1]
scw/1741/174100380010.001/swg.fits[1]
scw/1741/174100470010.001/swg.fits[1]
scw/1741/174100480010.001/swg.fits[1]
scw/1741/174100490010.001/swg.fits[1]
scw/1741/174100570010.001/swg.fits[1]
scw/1741/174100780010.001/swg.fits[1]
scw/1742/174200040010.001/swg.fits[1]
scw/1742/174200150010.001/swg.fits[1]
scw/1742/174200160010.001/swg.fits[1]
scw/1742/174200240010.001/swg.fits[1]
scw/1742/174200450010.001/swg.fits[1]
scw/1742/174200530010.001/swg.fits[1]
scw/1742/174200540010.001/swg.fits[1]
scw/1742/174200740010.001/swg.fits[1]
scw/1750/175000400010.001/swg.fits[1]
scw/1750/175000410010.001/swg.fits[1]
scw/1750/175000500010.001/swg.fits[1]
scw/1750/175000500020.001/swg.fits[1]
scw/1750/175000500030.001/swg.fits[1]
scw/1752/175200460010.001/swg.fits[1]
scw/1752/175200470010.001/swg.fits[1]
scw/2032/203200150010.001/swg.fits[1]
scw/2032/203200160010.001/swg.fits[1]
scw/2033/203300100010.001/swg.fits[1]
scw/2033/203300110010.001/swg.fits[1]
scw/2033/203300200010.001/swg.fits[1]
scw/2033/203300300010.001/swg.fits[1]
scw/2033/203300310010.001/swg.fits[1]
scw/2034/203400080010.001/swg.fits[1]
scw/2034/203400170010.001/swg.fits[1]
scw/2034/203400260010.001/swg.fits[1]
scw/2034/203400280010.001/swg.fits[1]
scw/2035/203500050010.001/swg.fits[1]
scw/2035/203500060010.001/swg.fits[1]
scw/2035/203500150010.001/swg.fits[1]
scw/2035/203500250010.001/swg.fits[1]
scw/2035/203500260010.001/swg.fits[1]
scw/2036/203600230010.001/swg.fits[1]
scw/2036/203600310010.001/swg.fits[1]
scw/2036/203600320010.001/swg.fits[1]
scw/2036/203600330010.001/swg.fits[1]
scw/2036/203600340010.001/swg.fits[1]
scw/2036/203600410010.001/swg.fits[1]
scw/2036/203600420010.001/swg.fits[1]
scw/2037/203700310010.001/swg.fits[1]
scw/2037/203700320010.001/swg.fits[1]
scw/2037/203700410010.001/swg.fits[1]
scw/2037/203700420010.001/swg.fits[1]
scw/2038/203800040010.001/swg.fits[1]
scw/2038/203800110010.001/swg.fits[1]
scw/2038/203800120010.001/swg.fits[1]
scw/2038/203800410010.001/swg.fits[1]
scw/2038/203800420010.001/swg.fits[1]
scw/2038/203800430010.001/swg.fits[1]
scw/2038/203800440010.001/swg.fits[1]
scw/2038/203800510010.001/swg.fits[1]
scw/2038/203800520010.001/swg.fits[1]
scw/2094/209400090010.001/swg.fits[1]
scw/2094/209400180010.001/swg.fits[1]
scw/2094/209400190010.001/swg.fits[1]
scw/2094/209400380010.001/swg.fits[1]
scw/2094/209400390010.001/swg.fits[1]
scw/2095/209500040010.001/swg.fits[1]
scw/2095/209500130010.001/swg.fits[1]
scw/2095/209500140010.001/swg.fits[1]
scw/2095/209500340010.001/swg.fits[1]
scw/2096/209600080010.001/swg.fits[1]
scw/2096/209600090010.001/swg.fits[1]
scw/2096/209600100010.001/swg.fits[1]
scw/2096/209600290010.001/swg.fits[1]
scw/2096/209600300010.001/swg.fits[1]
scw/2096/209600500010.001/swg.fits[1]
scw/2097/209700070010.001/swg.fits[1]
scw/2097/209700080010.001/swg.fits[1]
scw/2097/209700180010.001/swg.fits[1]
scw/2097/209700270010.001/swg.fits[1]
scw/2097/209700280010.001/swg.fits[1]
scw/2098/209800020010.001/swg.fits[1]
scw/2098/209800030010.001/swg.fits[1]
scw/2098/209800220010.001/swg.fits[1]
scw/2098/209800230010.001/swg.fits[1]
scw/2098/209800520010.001/swg.fits[1]
scw/2098/209800530010.001/swg.fits[1]
scw/2160/216000170010.001/swg.fits[1]
scw/2160/216000180010.001/swg.fits[1]
scw/2160/216000250010.001/swg.fits[1]
scw/2160/216000260010.001/swg.fits[1]
scw/2160/216000270010.001/swg.fits[1]
scw/2224/222400350010.001/swg.fits[1]
scw/2239/223900160010.001/swg.fits[1]
scw/2239/223900170010.001/swg.fits[1]
scw/2239/223900270010.001/swg.fits[1]
scw/2239/223900360010.001/swg.fits[1]
scw/2239/223900370010.001/swg.fits[1]
scw/2240/224000140010.001/swg.fits[1]
scw/2240/224000150010.001/swg.fits[1]
scw/2240/224000250010.001/swg.fits[1]
scw/2240/224000340010.001/swg.fits[1]
scw/2240/224000350010.001/swg.fits[1]
scw/2241/224100200010.001/swg.fits[1]
scw/2241/224100210010.001/swg.fits[1]
scw/2241/224100220010.001/swg.fits[1]
scw/2241/224100300010.001/swg.fits[1]
scw/2241/224100310010.001/swg.fits[1]
scw/2241/224100400010.001/swg.fits[1]
scw/2241/224100410010.001/swg.fits[1]
scw/2242/224200180010.001/swg.fits[1]
scw/2242/224200190010.001/swg.fits[1]
scw/2242/224200290010.001/swg.fits[1]
scw/2242/224200300010.001/swg.fits[1]
scw/2242/224200380010.001/swg.fits[1]
scw/2244/224400240010.001/swg.fits[1]
scw/2244/224400250010.001/swg.fits[1]
scw/2244/224400320010.001/swg.fits[1]
scw/2244/224400330010.001/swg.fits[1]
scw/2244/224400340010.001/swg.fits[1]
scw/2244/224400350010.001/swg.fits[1]
scw/2244/224400420010.001/swg.fits[1]
scw/2244/224400430010.001/swg.fits[1]
scw/2244/224400440010.001/swg.fits[1]
scw/2244/224400450010.001/swg.fits[1]
scw/2246/224600250010.001/swg.fits[1]
scw/2246/224600260010.001/swg.fits[1]
scw/2246/224600270010.001/swg.fits[1]
scw/2246/224600350010.001/swg.fits[1]
scw/2246/224600360010.001/swg.fits[1]
scw/2246/224600370010.001/swg.fits[1]
scw/2246/224600440010.001/swg.fits[1]
scw/2246/224600440020.001/swg.fits[1]
scw/2247/224700020010.001/swg.fits[1]
scw/2250/225000530010.001/swg.fits[1]
scw/2250/225000540010.001/swg.fits[1]
scw/2250/225000600010.001/swg.fits[1]
scw/2250/225000610010.001/swg.fits[1]
scw/2250/225000620010.001/swg.fits[1]
scw/2250/225000630010.001/swg.fits[1]
scw/2250/225000640010.001/swg.fits[1]
scw/2253/225300140010.001/swg.fits[1]
scw/2253/225300150010.001/swg.fits[1]
scw/2253/225300160010.001/swg.fits[1]
scw/2253/225300170010.001/swg.fits[1]
scw/2253/225300250010.001/swg.fits[1]
scw/2268/226800080010.001/swg.fits[1]
scw/2268/226800090010.001/swg.fits[1]
scw/2268/226800100010.001/swg.fits[1]
scw/2268/226800150010.001/swg.fits[1]
scw/2268/226800160010.001/swg.fits[1]
scw/2380/238000200010.001/swg.fits[1]
scw/2380/238000210010.001/swg.fits[1]
scw/2380/238000300010.001/swg.fits[1]
scw/2380/238000310010.001/swg.fits[1]
scw/2380/238000400010.001/swg.fits[1]
scw/2381/238100230010.001/swg.fits[1]
scw/2381/238100240010.001/swg.fits[1]
scw/2382/238200630010.001/swg.fits[1]
scw/2382/238200640010.001/swg.fits[1]
scw/2382/238200730010.001/swg.fits[1]
scw/2383/238300790010.001/swg.fits[1]
scw/2383/238300800010.001/swg.fits[1]
scw/2384/238400070010.001/swg.fits[1]
scw/2384/238400080010.001/swg.fits[1]
scw/2384/238400090010.001/swg.fits[1]
scw/2384/238400100010.001/swg.fits[1]
scw/2384/238400180010.001/swg.fits[1]
scw/2385/238500320010.001/swg.fits[1]
scw/2385/238500400010.001/swg.fits[1]
scw/2385/238500410010.001/swg.fits[1]
scw/2385/238500420010.001/swg.fits[1]
scw/2385/238500430010.001/swg.fits[1]
scw/2386/238600120010.001/swg.fits[1]
scw/2386/238600130010.001/swg.fits[1]
scw/2387/238700210010.001/swg.fits[1]
scw/2387/238700220010.001/swg.fits[1]
scw/2387/238700290010.001/swg.fits[1]
scw/2387/238700300010.001/swg.fits[1]
scw/2387/238700310010.001/swg.fits[1]
scw/2387/238700320010.001/swg.fits[1]
scw/2387/238700390010.001/swg.fits[1]
scw/2387/238700400010.001/swg.fits[1]
scw/2388/238800740010.001/swg.fits[1]
scw/2390/239000380010.001/swg.fits[1]
scw/2390/239000390010.001/swg.fits[1]
scw/2390/239000400010.001/swg.fits[1]
scw/2390/239000410010.001/swg.fits[1]
scw/2390/239000420010.001/swg.fits[1]
scw/2390/239000430010.001/swg.fits[1]
scw/2390/239000490010.001/swg.fits[1]
scw/2390/239000500010.001/swg.fits[1]
scw/2391/239100130010.001/swg.fits[1]
scw/2391/239100140010.001/swg.fits[1]
scw/2396/239600470010.001/swg.fits[1]
scw/2432/243200020010.001/swg.fits[1]
scw/2432/243200120010.001/swg.fits[1]
scw/2439/243900090010.001/swg.fits[1]
scw/2439/243900100010.001/swg.fits[1]
scw/2440/244000060010.001/swg.fits[1]
scw/2440/244000070010.001/swg.fits[1]
scw/2442/244200020010.001/swg.fits[1]
scw/2442/244200030010.001/swg.fits[1]
scw/2443/244300090010.001/swg.fits[1]
scw/2443/244300100010.001/swg.fits[1]
scw/2447/244700150010.001/swg.fits[1]
scw/2447/244700160010.001/swg.fits[1]
scw/2448/244800060010.001/swg.fits[1]
scw/2448/244800070010.001/swg.fits[1]
scw/2448/244800150010.001/swg.fits[1]
scw/2451/245100110010.001/swg.fits[1]
scw/2456/245600040010.001/swg.fits[1]
scw/2456/245600050010.001/swg.fits[1]
scw/2456/245600130010.001/swg.fits[1]
scw/2458/245800170010.001/swg.fits[1]
scw/2458/245800180010.001/swg.fits[1]
scw/2458/245800190010.001/swg.fits[1]
scw/2458/245800200010.001/swg.fits[1]
scw/2459/245900050010.001/swg.fits[1]
scw/2464/246400220010.001/swg.fits[1]
