scw/1183/118300820010.001/swg.fits[1]
scw/1183/118300830010.001/swg.fits[1]
scw/1183/118300900010.001/swg.fits[1]
scw/1184/118400110010.001/swg.fits[1]
scw/1190/119000120010.001/swg.fits[1]
scw/1227/122700360010.001/swg.fits[1]
scw/1227/122700410010.001/swg.fits[1]
scw/1227/122700430010.001/swg.fits[1]
scw/1227/122700480010.001/swg.fits[1]
scw/1227/122700710010.001/swg.fits[1]
scw/1227/122700760010.001/swg.fits[1]
scw/1229/122900380010.001/swg.fits[1]
scw/1230/123000370010.001/swg.fits[1]
scw/1235/123500140010.001/swg.fits[1]
scw/1236/123600060010.001/swg.fits[1]
scw/1237/123700380010.001/swg.fits[1]
scw/1237/123700430010.001/swg.fits[1]
scw/1237/123700450010.001/swg.fits[1]
scw/1237/123700510010.001/swg.fits[1]
scw/1237/123700520010.001/swg.fits[1]
scw/1237/123700530010.001/swg.fits[1]
scw/1237/123700570010.001/swg.fits[1]
scw/1237/123700580010.001/swg.fits[1]
scw/1237/123700590010.001/swg.fits[1]
scw/1237/123700630010.001/swg.fits[1]
scw/1237/123700640010.001/swg.fits[1]
scw/1237/123700650010.001/swg.fits[1]
scw/1237/123700660010.001/swg.fits[1]
scw/1237/123700710010.001/swg.fits[1]
scw/1237/123700730010.001/swg.fits[1]
scw/1238/123800090010.001/swg.fits[1]
scw/1239/123900110010.001/swg.fits[1]
scw/1241/124100110010.001/swg.fits[1]
scw/1244/124400080010.001/swg.fits[1]
scw/1244/124400170010.001/swg.fits[1]
scw/1244/124400390010.001/swg.fits[1]
scw/1244/124400440010.001/swg.fits[1]
scw/1244/124400460010.001/swg.fits[1]
scw/1244/124400500010.001/swg.fits[1]
scw/1244/124400510010.001/swg.fits[1]
scw/1244/124400520010.001/swg.fits[1]
scw/1244/124400530010.001/swg.fits[1]
scw/1244/124400580010.001/swg.fits[1]
scw/1245/124500020010.001/swg.fits[1]
scw/1246/124600580010.001/swg.fits[1]
scw/1293/129300550010.001/swg.fits[1]
scw/1294/129400070010.001/swg.fits[1]
scw/1296/129601000010.001/swg.fits[1]
scw/1299/129900180010.001/swg.fits[1]
scw/1304/130400100010.001/swg.fits[1]
scw/1304/130400150010.001/swg.fits[1]
scw/1317/131700170010.001/swg.fits[1]
scw/1365/136500590010.001/swg.fits[1]
scw/1365/136500760010.001/swg.fits[1]
scw/1367/136700210010.001/swg.fits[1]
scw/1367/136700220010.001/swg.fits[1]
scw/1367/136700250010.001/swg.fits[1]
scw/1367/136700260010.001/swg.fits[1]
scw/1367/136700310010.001/swg.fits[1]
scw/1367/136700320010.001/swg.fits[1]
scw/1367/136700330010.001/swg.fits[1]
scw/1367/136700350010.001/swg.fits[1]
scw/1367/136700360010.001/swg.fits[1]
scw/1367/136700710010.001/swg.fits[1]
scw/1367/136700720010.001/swg.fits[1]
scw/1367/136700730010.001/swg.fits[1]
scw/1367/136700740010.001/swg.fits[1]
scw/1367/136700750010.001/swg.fits[1]
scw/1367/136700760010.001/swg.fits[1]
scw/1367/136700820010.001/swg.fits[1]
scw/1367/136700830010.001/swg.fits[1]
scw/1367/136700840010.001/swg.fits[1]
scw/1367/136700850010.001/swg.fits[1]
scw/1367/136700860010.001/swg.fits[1]
scw/1368/136800590010.001/swg.fits[1]
scw/1369/136900020010.001/swg.fits[1]
scw/1369/136900030010.001/swg.fits[1]
scw/1369/136900040010.001/swg.fits[1]
scw/1369/136900090010.001/swg.fits[1]
scw/1369/136900100010.001/swg.fits[1]
scw/1369/136900130010.001/swg.fits[1]
scw/1369/136900140010.001/swg.fits[1]
scw/1369/136900200010.001/swg.fits[1]
scw/1369/136900490010.001/swg.fits[1]
scw/1369/136900500010.001/swg.fits[1]
scw/1369/136900530010.001/swg.fits[1]
scw/1369/136900540010.001/swg.fits[1]
scw/1369/136900590010.001/swg.fits[1]
scw/1369/136900600010.001/swg.fits[1]
scw/1369/136900610010.001/swg.fits[1]
scw/1369/136900630010.001/swg.fits[1]
scw/1369/136900640010.001/swg.fits[1]
scw/1377/137700620010.001/swg.fits[1]
scw/1377/137700650010.001/swg.fits[1]
scw/1411/141100290010.001/swg.fits[1]
scw/1411/141100300010.001/swg.fits[1]
scw/1411/141100350010.001/swg.fits[1]
scw/1411/141100360010.001/swg.fits[1]
scw/1411/141100370010.001/swg.fits[1]
scw/1411/141100390010.001/swg.fits[1]
scw/1411/141100400010.001/swg.fits[1]
scw/1411/141100450010.001/swg.fits[1]
scw/1411/141100460010.001/swg.fits[1]
scw/1411/141100470010.001/swg.fits[1]
scw/1411/141100490010.001/swg.fits[1]
scw/1411/141100790010.001/swg.fits[1]
scw/1411/141100800010.001/swg.fits[1]
scw/1411/141100810010.001/swg.fits[1]
scw/1416/141600590010.001/swg.fits[1]
scw/1416/141600640010.001/swg.fits[1]
scw/1416/141600650010.001/swg.fits[1]
scw/1416/141600690010.001/swg.fits[1]
scw/1416/141600700010.001/swg.fits[1]
scw/1416/141600710010.001/swg.fits[1]
scw/1416/141600740010.001/swg.fits[1]
scw/1416/141600750010.001/swg.fits[1]
scw/1416/141600790010.001/swg.fits[1]
scw/1416/141600800010.001/swg.fits[1]
scw/1416/141600810010.001/swg.fits[1]
scw/1416/141600850010.001/swg.fits[1]
scw/1437/143700560010.001/swg.fits[1]
scw/1438/143800610010.001/swg.fits[1]
scw/1469/146900820010.001/swg.fits[1]
scw/1469/146900830010.001/swg.fits[1]
scw/1469/146900880010.001/swg.fits[1]
scw/1469/146900890010.001/swg.fits[1]
scw/1469/146900920010.001/swg.fits[1]
scw/1470/147000220010.001/swg.fits[1]
scw/1470/147000230010.001/swg.fits[1]
scw/1471/147100120010.001/swg.fits[1]
scw/1471/147100300010.001/swg.fits[1]
scw/1471/147100410010.001/swg.fits[1]
scw/1471/147100420010.001/swg.fits[1]
scw/1471/147100440010.001/swg.fits[1]
scw/1471/147100450010.001/swg.fits[1]
scw/1471/147100510010.001/swg.fits[1]
scw/1471/147100520010.001/swg.fits[1]
scw/1471/147100530010.001/swg.fits[1]
scw/1477/147700530010.001/swg.fits[1]
scw/1477/147700570010.001/swg.fits[1]
scw/1477/147700580010.001/swg.fits[1]
scw/1477/147700590010.001/swg.fits[1]
scw/1477/147700620010.001/swg.fits[1]
scw/1477/147700630010.001/swg.fits[1]
scw/1477/147700640010.001/swg.fits[1]
scw/1477/147700670010.001/swg.fits[1]
scw/1477/147700680010.001/swg.fits[1]
scw/1477/147700690010.001/swg.fits[1]
scw/1479/147900620010.001/swg.fits[1]
scw/1479/147900630010.001/swg.fits[1]
scw/1479/147900690010.001/swg.fits[1]
scw/1479/147900720010.001/swg.fits[1]
scw/1479/147900730010.001/swg.fits[1]
scw/1479/147900740010.001/swg.fits[1]
scw/1480/148000950010.001/swg.fits[1]
scw/1481/148100050010.001/swg.fits[1]
scw/1481/148100540010.001/swg.fits[1]
scw/1481/148100550010.001/swg.fits[1]
scw/1481/148100580010.001/swg.fits[1]
scw/1481/148100590010.001/swg.fits[1]
scw/1481/148100630010.001/swg.fits[1]
scw/1481/148100640010.001/swg.fits[1]
scw/1481/148100680010.001/swg.fits[1]
scw/1481/148100690010.001/swg.fits[1]
scw/1481/148100700010.001/swg.fits[1]
scw/1482/148200410010.001/swg.fits[1]
scw/1482/148200420010.001/swg.fits[1]
scw/1482/148200450010.001/swg.fits[1]
scw/1482/148200460010.001/swg.fits[1]
scw/1482/148200500010.001/swg.fits[1]
scw/1482/148200510010.001/swg.fits[1]
scw/1482/148200520010.001/swg.fits[1]
scw/1482/148200550010.001/swg.fits[1]
scw/1482/148200560010.001/swg.fits[1]
scw/1483/148300830010.001/swg.fits[1]
scw/1483/148300980010.001/swg.fits[1]
scw/1484/148400260010.001/swg.fits[1]
scw/1484/148400270010.001/swg.fits[1]
scw/1484/148400300010.001/swg.fits[1]
scw/1484/148400310010.001/swg.fits[1]
scw/1484/148400350010.001/swg.fits[1]
scw/1484/148400360010.001/swg.fits[1]
scw/1484/148400410010.001/swg.fits[1]
scw/1484/148400420010.001/swg.fits[1]
scw/1484/148400760010.001/swg.fits[1]
scw/1484/148400770010.001/swg.fits[1]
scw/1484/148400810010.001/swg.fits[1]
scw/1484/148400850010.001/swg.fits[1]
scw/1486/148600210010.001/swg.fits[1]
scw/1486/148600220010.001/swg.fits[1]
scw/1486/148600250010.001/swg.fits[1]
scw/1486/148600260010.001/swg.fits[1]
scw/1486/148600270010.001/swg.fits[1]
scw/1486/148600610010.001/swg.fits[1]
scw/1486/148600620010.001/swg.fits[1]
scw/1486/148600650010.001/swg.fits[1]
scw/1486/148600660010.001/swg.fits[1]
scw/1486/148600710010.001/swg.fits[1]
scw/1486/148600720010.001/swg.fits[1]
scw/1486/148600750010.001/swg.fits[1]
scw/1487/148700170010.001/swg.fits[1]
scw/1487/148700440010.001/swg.fits[1]
scw/1487/148700450010.001/swg.fits[1]
scw/1487/148700480010.001/swg.fits[1]
scw/1487/148700490010.001/swg.fits[1]
scw/1487/148700540010.001/swg.fits[1]
scw/1487/148700550010.001/swg.fits[1]
scw/1487/148700580010.001/swg.fits[1]
scw/1487/148700590010.001/swg.fits[1]
scw/1487/148700650010.001/swg.fits[1]
scw/1488/148800780010.001/swg.fits[1]
scw/1488/148800910010.001/swg.fits[1]
scw/1489/148900040010.001/swg.fits[1]
scw/1489/148900170010.001/swg.fits[1]
scw/1489/148900270010.001/swg.fits[1]
scw/1489/148900280010.001/swg.fits[1]
scw/1489/148900310010.001/swg.fits[1]
scw/1489/148900320010.001/swg.fits[1]
scw/1489/148900370010.001/swg.fits[1]
scw/1489/148900380010.001/swg.fits[1]
scw/1489/148900390010.001/swg.fits[1]
scw/1489/148900410010.001/swg.fits[1]
scw/1489/148900420010.001/swg.fits[1]
scw/1489/148900770010.001/swg.fits[1]
scw/1489/148900780010.001/swg.fits[1]
scw/1489/148900800010.001/swg.fits[1]
