scw/0493/049300170010.001/swg.fits[1]
scw/0493/049300180010.001/swg.fits[1]
scw/0493/049300260010.001/swg.fits[1]
scw/0493/049300270010.001/swg.fits[1]
scw/0493/049300360010.001/swg.fits[1]
scw/0494/049400110010.001/swg.fits[1]
scw/0494/049400120010.001/swg.fits[1]
scw/0494/049400130010.001/swg.fits[1]
scw/0494/049400210010.001/swg.fits[1]
scw/0494/049400620010.001/swg.fits[1]
scw/0549/054900420010.001/swg.fits[1]
scw/0549/054900430010.001/swg.fits[1]
scw/0549/054900510010.001/swg.fits[1]
scw/0549/054900520010.001/swg.fits[1]
scw/0549/054900530010.001/swg.fits[1]
scw/0549/054900600010.001/swg.fits[1]
scw/0549/054900610010.001/swg.fits[1]
scw/0550/055000360010.001/swg.fits[1]
scw/0550/055000450010.001/swg.fits[1]
scw/0550/055000460010.001/swg.fits[1]
scw/0550/055000470010.001/swg.fits[1]
scw/0550/055000550010.001/swg.fits[1]
scw/0552/055200440010.001/swg.fits[1]
scw/0552/055200450010.001/swg.fits[1]
scw/0552/055200520010.001/swg.fits[1]
scw/0552/055200530010.001/swg.fits[1]
scw/0552/055200540010.001/swg.fits[1]
scw/0552/055200630010.001/swg.fits[1]
scw/0558/055800270010.001/swg.fits[1]
scw/0558/055800280010.001/swg.fits[1]
scw/0558/055800370010.001/swg.fits[1]
