scw/0063/006300130010.001/swg.fits[1]
scw/0083/008300130010.001/swg.fits[1]
scw/0177/017700060010.001/swg.fits[1]
scw/0201/020100130010.001/swg.fits[1]
scw/0234/023400310010.001/swg.fits[1]
scw/0250/025000090010.001/swg.fits[1]
scw/0258/025800040010.001/swg.fits[1]
scw/0267/026700640010.001/swg.fits[1]
scw/0308/030800120010.001/swg.fits[1]
scw/0324/032400100010.001/swg.fits[1]
scw/0325/032500440010.001/swg.fits[1]
scw/0325/032500450010.001/swg.fits[1]
scw/0325/032500460010.001/swg.fits[1]
scw/0391/039100010010.001/swg.fits[1]
scw/0420/042000230010.001/swg.fits[1]
scw/1048/104800880010.001/swg.fits[1]
scw/1114/111400700010.001/swg.fits[1]
scw/1115/111500610010.001/swg.fits[1]
scw/1116/111600310010.001/swg.fits[1]
scw/1173/117300290010.001/swg.fits[1]
scw/1178/117800980010.001/swg.fits[1]
scw/1182/118200710010.001/swg.fits[1]
scw/1184/118400650010.001/swg.fits[1]
scw/1243/124300710010.001/swg.fits[1]
scw/1245/124500590010.001/swg.fits[1]
scw/1301/130100540010.001/swg.fits[1]
scw/1301/130100660010.001/swg.fits[1]
scw/1365/136500130010.001/swg.fits[1]
scw/1365/136500140010.001/swg.fits[1]
scw/1480/148000060010.001/swg.fits[1]
scw/1483/148300130010.001/swg.fits[1]
scw/1483/148300160010.001/swg.fits[1]
scw/1485/148500110010.001/swg.fits[1]
scw/1485/148500120010.001/swg.fits[1]
scw/1488/148800110010.001/swg.fits[1]
scw/1488/148800120010.001/swg.fits[1]
scw/1610/161000390010.001/swg.fits[1]
scw/1620/162000300010.001/swg.fits[1]
scw/1620/162000490010.001/swg.fits[1]
scw/1621/162100120010.001/swg.fits[1]
scw/1625/162500410010.001/swg.fits[1]
scw/2377/237700470010.001/swg.fits[1]
scw/2377/237700480010.001/swg.fits[1]
scw/2377/237700530010.001/swg.fits[1]
scw/2377/237700540010.001/swg.fits[1]
scw/2377/237700600010.001/swg.fits[1]
scw/2377/237700610010.001/swg.fits[1]
scw/2383/238300060010.001/swg.fits[1]
scw/2383/238300070010.001/swg.fits[1]
scw/2383/238300080010.001/swg.fits[1]
scw/2383/238300090010.001/swg.fits[1]
scw/2430/243000500010.001/swg.fits[1]
scw/2430/243000580010.001/swg.fits[1]
scw/2430/243000590010.001/swg.fits[1]
scw/2433/243300890010.001/swg.fits[1]
scw/2433/243300900010.001/swg.fits[1]
scw/2433/243300950010.001/swg.fits[1]
scw/2433/243300960010.001/swg.fits[1]
scw/2433/243300970010.001/swg.fits[1]
scw/2433/243300990010.001/swg.fits[1]
scw/2436/243600650010.001/swg.fits[1]
scw/2437/243700390010.001/swg.fits[1]
scw/2437/243700400010.001/swg.fits[1]
scw/2437/243700410010.001/swg.fits[1]
scw/2437/243700480010.001/swg.fits[1]
scw/2437/243700490010.001/swg.fits[1]
scw/2440/244000630010.001/swg.fits[1]
scw/2440/244000640010.001/swg.fits[1]
scw/2440/244000650010.001/swg.fits[1]
scw/2440/244000660010.001/swg.fits[1]
scw/2440/244000670010.001/swg.fits[1]
scw/2440/244000730010.001/swg.fits[1]
scw/2442/244200580010.001/swg.fits[1]
scw/2442/244200590010.001/swg.fits[1]
scw/2442/244200600010.001/swg.fits[1]
scw/2442/244200640010.001/swg.fits[1]
scw/2442/244200650010.001/swg.fits[1]
scw/2444/244400500010.001/swg.fits[1]
scw/2444/244400510010.001/swg.fits[1]
scw/2449/244900380010.001/swg.fits[1]
scw/2449/244900390010.001/swg.fits[1]
scw/2449/244900400010.001/swg.fits[1]
scw/2449/244900410010.001/swg.fits[1]
scw/2449/244900420010.001/swg.fits[1]
scw/2453/245300520010.001/swg.fits[1]
scw/2453/245300530010.001/swg.fits[1]
scw/2453/245300540010.001/swg.fits[1]
