scw/2041/204100140010.001/swg.fits[1]
scw/2045/204500290010.001/swg.fits[1]
scw/2046/204600150010.001/swg.fits[1]
scw/2047/204700140010.001/swg.fits[1]
scw/2047/204700240010.001/swg.fits[1]
scw/2047/204700250010.001/swg.fits[1]
scw/2047/204700260010.001/swg.fits[1]
scw/2047/204700340010.001/swg.fits[1]
scw/2099/209900380010.001/swg.fits[1]
scw/2099/209900390010.001/swg.fits[1]
scw/2099/209900400010.001/swg.fits[1]
scw/2099/209900410010.001/swg.fits[1]
scw/2099/209900420010.001/swg.fits[1]
scw/2099/209900430010.001/swg.fits[1]
scw/2099/209900480010.001/swg.fits[1]
scw/2099/209900490010.001/swg.fits[1]
scw/2100/210000040010.001/swg.fits[1]
scw/2100/210000050010.001/swg.fits[1]
scw/2100/210000410010.001/swg.fits[1]
scw/2100/210000420010.001/swg.fits[1]
scw/2100/210000430010.001/swg.fits[1]
scw/2100/210000440010.001/swg.fits[1]
scw/2100/210000500010.001/swg.fits[1]
scw/2100/210000510010.001/swg.fits[1]
scw/2102/210200040010.001/swg.fits[1]
scw/2102/210200050010.001/swg.fits[1]
scw/2102/210200060010.001/swg.fits[1]
scw/2102/210200070010.001/swg.fits[1]
scw/2102/210200430010.001/swg.fits[1]
scw/2102/210200450010.001/swg.fits[1]
scw/2102/210200460010.001/swg.fits[1]
scw/2103/210300050010.001/swg.fits[1]
scw/2103/210300060010.001/swg.fits[1]
scw/2103/210300070010.001/swg.fits[1]
scw/2103/210300080010.001/swg.fits[1]
scw/2103/210300450010.001/swg.fits[1]
scw/2103/210300460010.001/swg.fits[1]
scw/2103/210300470010.001/swg.fits[1]
scw/2103/210300480010.001/swg.fits[1]
scw/2104/210400090010.001/swg.fits[1]
scw/2104/210400100010.001/swg.fits[1]
scw/2104/210400110010.001/swg.fits[1]
scw/2104/210400120010.001/swg.fits[1]
scw/2104/210400490010.001/swg.fits[1]
scw/2104/210400500010.001/swg.fits[1]
scw/2104/210400510010.001/swg.fits[1]
scw/2106/210600090010.001/swg.fits[1]
scw/2106/210600100010.001/swg.fits[1]
scw/2106/210600110010.001/swg.fits[1]
scw/2106/210600120010.001/swg.fits[1]
scw/2106/210600490010.001/swg.fits[1]
scw/2106/210600500010.001/swg.fits[1]
scw/2106/210600510010.001/swg.fits[1]
scw/2106/210600520010.001/swg.fits[1]
scw/2107/210700130010.001/swg.fits[1]
scw/2107/210700140010.001/swg.fits[1]
scw/2107/210700150010.001/swg.fits[1]
scw/2107/210700530010.001/swg.fits[1]
scw/2108/210800120010.001/swg.fits[1]
scw/2108/210800130010.001/swg.fits[1]
scw/2108/210800140010.001/swg.fits[1]
scw/2108/210800220010.001/swg.fits[1]
scw/2108/210800230010.001/swg.fits[1]
scw/2108/210800240010.001/swg.fits[1]
scw/2108/210800250010.001/swg.fits[1]
scw/2108/210800330010.001/swg.fits[1]
scw/2109/210900660010.001/swg.fits[1]
scw/2109/210900670010.001/swg.fits[1]
scw/2109/210900680010.001/swg.fits[1]
scw/2111/211100300010.001/swg.fits[1]
scw/2111/211100310010.001/swg.fits[1]
scw/2111/211100390010.001/swg.fits[1]
scw/2112/211200420010.001/swg.fits[1]
scw/2113/211300480010.001/swg.fits[1]
scw/2114/211400500010.001/swg.fits[1]
scw/2168/216800540010.001/swg.fits[1]
scw/2168/216800550010.001/swg.fits[1]
scw/2168/216800560010.001/swg.fits[1]
scw/2168/216800580010.001/swg.fits[1]
scw/2168/216800590010.001/swg.fits[1]
scw/2168/216800650010.001/swg.fits[1]
scw/2168/216800660010.001/swg.fits[1]
scw/2168/216800670010.001/swg.fits[1]
scw/2168/216800680010.001/swg.fits[1]
scw/2169/216900320010.001/swg.fits[1]
scw/2169/216900330010.001/swg.fits[1]
scw/2169/216900340010.001/swg.fits[1]
scw/2169/216900350010.001/swg.fits[1]
scw/2169/216900360010.001/swg.fits[1]
scw/2169/216900370010.001/swg.fits[1]
scw/2170/217000190010.001/swg.fits[1]
scw/2170/217000200010.001/swg.fits[1]
scw/2170/217000230010.001/swg.fits[1]
scw/2170/217000240010.001/swg.fits[1]
scw/2170/217000290010.001/swg.fits[1]
scw/2170/217000300010.001/swg.fits[1]
scw/2170/217000310010.001/swg.fits[1]
scw/2170/217000320010.001/swg.fits[1]
scw/2170/217000330010.001/swg.fits[1]
scw/2170/217000340010.001/swg.fits[1]
scw/2171/217100240010.001/swg.fits[1]
scw/2171/217100250010.001/swg.fits[1]
scw/2171/217100280010.001/swg.fits[1]
scw/2171/217100290010.001/swg.fits[1]
scw/2171/217100350010.001/swg.fits[1]
scw/2171/217100360010.001/swg.fits[1]
scw/2171/217100370010.001/swg.fits[1]
scw/2171/217100380010.001/swg.fits[1]
scw/2176/217600570010.001/swg.fits[1]
scw/2176/217600650010.001/swg.fits[1]
scw/2176/217600660010.001/swg.fits[1]
scw/2176/217600670010.001/swg.fits[1]
scw/2176/217600680010.001/swg.fits[1]
scw/2176/217600750010.001/swg.fits[1]
scw/2177/217700040010.001/swg.fits[1]
scw/2177/217700050010.001/swg.fits[1]
scw/2177/217700060010.001/swg.fits[1]
scw/2177/217700350010.001/swg.fits[1]
scw/2177/217700430010.001/swg.fits[1]
scw/2177/217700440010.001/swg.fits[1]
scw/2177/217700450010.001/swg.fits[1]
scw/2177/217700460010.001/swg.fits[1]
scw/2177/217700530010.001/swg.fits[1]
scw/2177/217700530020.001/swg.fits[1]
scw/2178/217800020010.001/swg.fits[1]
scw/2178/217800030010.001/swg.fits[1]
scw/2178/217800040010.001/swg.fits[1]
scw/2178/217800120010.001/swg.fits[1]
scw/2178/217800260010.001/swg.fits[1]
scw/2178/217800390010.001/swg.fits[1]
scw/2179/217900440010.001/swg.fits[1]
scw/2179/217900450010.001/swg.fits[1]
scw/2180/218000210010.001/swg.fits[1]
scw/2180/218000220010.001/swg.fits[1]
scw/2180/218000290010.001/swg.fits[1]
scw/2180/218000300010.001/swg.fits[1]
scw/2180/218000310010.001/swg.fits[1]
scw/2180/218000320010.001/swg.fits[1]
scw/2180/218000390010.001/swg.fits[1]
scw/2180/218000400010.001/swg.fits[1]
scw/2180/218000410010.001/swg.fits[1]
scw/2180/218000420010.001/swg.fits[1]
scw/2180/218000500010.001/swg.fits[1]
scw/2181/218100190010.001/swg.fits[1]
scw/2181/218100200010.001/swg.fits[1]
scw/2181/218100270010.001/swg.fits[1]
scw/2181/218100280010.001/swg.fits[1]
scw/2181/218100370010.001/swg.fits[1]
scw/2181/218100380010.001/swg.fits[1]
scw/2181/218100390010.001/swg.fits[1]
scw/2181/218100400010.001/swg.fits[1]
scw/2182/218200180010.001/swg.fits[1]
scw/2182/218200260010.001/swg.fits[1]
scw/2182/218200270010.001/swg.fits[1]
scw/2182/218200280010.001/swg.fits[1]
scw/2182/218200360010.001/swg.fits[1]
scw/2182/218200370010.001/swg.fits[1]
scw/2182/218200380010.001/swg.fits[1]
scw/2182/218200390010.001/swg.fits[1]
scw/2182/218200470010.001/swg.fits[1]
scw/2310/231000090010.001/swg.fits[1]
scw/2310/231000100010.001/swg.fits[1]
scw/2310/231000170010.001/swg.fits[1]
scw/2310/231000180010.001/swg.fits[1]
scw/2312/231200070010.001/swg.fits[1]
scw/2312/231200080010.001/swg.fits[1]
scw/2312/231200090010.001/swg.fits[1]
scw/2314/231400630010.001/swg.fits[1]
scw/2314/231400640010.001/swg.fits[1]
scw/2314/231400650010.001/swg.fits[1]
scw/2315/231500070010.001/swg.fits[1]
scw/2315/231500080010.001/swg.fits[1]
scw/2315/231500150010.001/swg.fits[1]
scw/2315/231500160010.001/swg.fits[1]
scw/2315/231500170010.001/swg.fits[1]
scw/2316/231600050010.001/swg.fits[1]
scw/2316/231600060010.001/swg.fits[1]
scw/2316/231600070010.001/swg.fits[1]
scw/2316/231600080010.001/swg.fits[1]
scw/2317/231700220010.001/swg.fits[1]
scw/2317/231700250010.001/swg.fits[1]
scw/2317/231700260010.001/swg.fits[1]
scw/2317/231700310010.001/swg.fits[1]
scw/2317/231700320010.001/swg.fits[1]
scw/2317/231700360010.001/swg.fits[1]
scw/2318/231800280010.001/swg.fits[1]
scw/2318/231800290010.001/swg.fits[1]
scw/2318/231800350010.001/swg.fits[1]
scw/2318/231800360010.001/swg.fits[1]
scw/2318/231800370010.001/swg.fits[1]
scw/2322/232200420010.001/swg.fits[1]
scw/2322/232200430010.001/swg.fits[1]
scw/2322/232200450010.001/swg.fits[1]
scw/2322/232200460010.001/swg.fits[1]
scw/2324/232400210010.001/swg.fits[1]
scw/2329/232900360010.001/swg.fits[1]
scw/2393/239300030010.001/swg.fits[1]
scw/2393/239300040010.001/swg.fits[1]
scw/2393/239300080010.001/swg.fits[1]
scw/2393/239300090010.001/swg.fits[1]
scw/2393/239300100010.001/swg.fits[1]
scw/2393/239300140010.001/swg.fits[1]
scw/2432/243200180010.001/swg.fits[1]
scw/2432/243200190010.001/swg.fits[1]
scw/2446/244600510010.001/swg.fits[1]
scw/2446/244600520010.001/swg.fits[1]
scw/2461/246100450010.001/swg.fits[1]
scw/2461/246100460010.001/swg.fits[1]
scw/2461/246100470010.001/swg.fits[1]
scw/2461/246100510010.001/swg.fits[1]
