scw/0442/044200580010.001/swg.fits[1]
scw/0442/044200580020.001/swg.fits[1]
scw/0442/044200580030.001/swg.fits[1]
scw/0442/044200590010.001/swg.fits[1]
scw/0750/075000310010.001/swg.fits[1]
scw/0750/075000310020.001/swg.fits[1]
scw/0750/075000310030.001/swg.fits[1]
scw/0750/075000320010.001/swg.fits[1]
scw/0810/081000640010.001/swg.fits[1]
scw/0810/081000640020.001/swg.fits[1]
scw/0810/081000640030.001/swg.fits[1]
scw/0810/081000650010.001/swg.fits[1]
scw/0858/085800570010.001/swg.fits[1]
scw/0858/085800570020.001/swg.fits[1]
scw/0858/085800570030.001/swg.fits[1]
scw/0858/085800580010.001/swg.fits[1]
scw/0870/087000160010.001/swg.fits[1]
scw/0870/087000160020.001/swg.fits[1]
scw/0870/087000160030.001/swg.fits[1]
scw/0870/087000170010.001/swg.fits[1]
scw/0930/093000590010.001/swg.fits[1]
scw/0930/093000590020.001/swg.fits[1]
scw/0930/093000590030.001/swg.fits[1]
scw/0930/093000600010.001/swg.fits[1]
scw/0993/099300800010.001/swg.fits[1]
scw/0993/099300800020.001/swg.fits[1]
scw/0993/099300800030.001/swg.fits[1]
scw/0993/099300810010.001/swg.fits[1]
scw/1051/105100700010.001/swg.fits[1]
scw/1051/105100700020.001/swg.fits[1]
scw/1051/105100700030.001/swg.fits[1]
scw/1051/105100710010.001/swg.fits[1]
scw/1061/106100620010.001/swg.fits[1]
scw/1061/106100620020.001/swg.fits[1]
scw/1061/106100620030.001/swg.fits[1]
scw/1061/106100630010.001/swg.fits[1]
scw/1108/110800640010.001/swg.fits[1]
scw/1108/110800640020.001/swg.fits[1]
scw/1108/110800640030.001/swg.fits[1]
scw/1123/112300250010.001/swg.fits[1]
scw/1169/116900050020.001/swg.fits[1]
scw/1169/116900050030.001/swg.fits[1]
scw/1169/116900060010.001/swg.fits[1]
scw/1225/122500530010.001/swg.fits[1]
scw/1225/122500540020.001/swg.fits[1]
scw/1225/122500550010.001/swg.fits[1]
scw/1237/123700820010.001/swg.fits[1]
scw/1237/123700820020.001/swg.fits[1]
scw/1237/123700820030.001/swg.fits[1]
scw/1237/123700830010.001/swg.fits[1]
scw/1357/135700570010.001/swg.fits[1]
scw/1357/135700570020.001/swg.fits[1]
scw/1357/135700570030.001/swg.fits[1]
scw/1357/135700580010.001/swg.fits[1]
scw/1418/141800780010.001/swg.fits[1]
scw/1418/141800780020.001/swg.fits[1]
scw/1418/141800780030.001/swg.fits[1]
scw/1418/141800790010.001/swg.fits[1]
scw/1466/146600660010.001/swg.fits[1]
scw/1466/146600660020.001/swg.fits[1]
scw/1466/146600660030.001/swg.fits[1]
scw/1466/146600670010.001/swg.fits[1]
scw/1478/147800710010.001/swg.fits[1]
scw/1478/147800710020.001/swg.fits[1]
scw/1478/147800710030.001/swg.fits[1]
scw/1478/147800720010.001/swg.fits[1]
scw/1763/176300290010.001/swg.fits[1]
scw/1763/176300390010.001/swg.fits[1]
scw/1891/189100280010.001/swg.fits[1]
scw/1891/189100380010.001/swg.fits[1]
scw/2360/236000260010.001/swg.fits[1]
scw/2360/236000360010.001/swg.fits[1]
scw/2427/242700460010.001/swg.fits[1]
scw/2427/242700560010.001/swg.fits[1]
