scw/0031/003100090010.001/swg.fits[1]
scw/0074/007400020010.001/swg.fits[1]
scw/0145/014500130010.001/swg.fits[1]
scw/0153/015300060010.001/swg.fits[1]
scw/0153/015300060710.001/swg.fits[1]
scw/0153/015300060720.001/swg.fits[1]
scw/0181/018100140010.001/swg.fits[1]
scw/0185/018500030010.001/swg.fits[1]
scw/0189/018900040010.001/swg.fits[1]
scw/0202/020200150010.001/swg.fits[1]
scw/0229/022900400010.001/swg.fits[1]
scw/0234/023400100010.001/swg.fits[1]
scw/0238/023800040010.001/swg.fits[1]
scw/0238/023800070010.001/swg.fits[1]
scw/0238/023800080010.001/swg.fits[1]
scw/0238/023800090010.001/swg.fits[1]
scw/0238/023800110010.001/swg.fits[1]
scw/0238/023800140010.001/swg.fits[1]
scw/0238/023800150010.001/swg.fits[1]
scw/0238/023800160010.001/swg.fits[1]
scw/0238/023800180010.001/swg.fits[1]
scw/0238/023800210010.001/swg.fits[1]
scw/0238/023800220010.001/swg.fits[1]
scw/0238/023800230010.001/swg.fits[1]
scw/0238/023800250010.001/swg.fits[1]
scw/0238/023800280010.001/swg.fits[1]
scw/0238/023800290010.001/swg.fits[1]
scw/0238/023800300010.001/swg.fits[1]
scw/0238/023800320010.001/swg.fits[1]
scw/0238/023800350010.001/swg.fits[1]
scw/0238/023800360010.001/swg.fits[1]
scw/0238/023800370010.001/swg.fits[1]
scw/0238/023800390010.001/swg.fits[1]
scw/0238/023800430010.001/swg.fits[1]
scw/0238/023800440010.001/swg.fits[1]
scw/0238/023800460010.001/swg.fits[1]
scw/0238/023800490010.001/swg.fits[1]
scw/0238/023800500010.001/swg.fits[1]
scw/0238/023800510010.001/swg.fits[1]
scw/0238/023800530010.001/swg.fits[1]
scw/0238/023800560010.001/swg.fits[1]
scw/0238/023800570010.001/swg.fits[1]
scw/0238/023800580010.001/swg.fits[1]
scw/0238/023800600010.001/swg.fits[1]
scw/0262/026200710010.001/swg.fits[1]
scw/0262/026200720010.001/swg.fits[1]
scw/0263/026300020010.001/swg.fits[1]
scw/0263/026300630010.001/swg.fits[1]
scw/0263/026300640010.001/swg.fits[1]
scw/0286/028600280010.001/swg.fits[1]
scw/0331/033100200010.001/swg.fits[1]
scw/0331/033100210010.001/swg.fits[1]
scw/0331/033100220010.001/swg.fits[1]
scw/0331/033100230010.001/swg.fits[1]
scw/0331/033100300010.001/swg.fits[1]
scw/0331/033100310010.001/swg.fits[1]
scw/0331/033100320010.001/swg.fits[1]
scw/0331/033100330010.001/swg.fits[1]
scw/0331/033100620010.001/swg.fits[1]
scw/0332/033200100010.001/swg.fits[1]
scw/0332/033200180010.001/swg.fits[1]
scw/0332/033200190010.001/swg.fits[1]
scw/0332/033200200010.001/swg.fits[1]
scw/0332/033200280010.001/swg.fits[1]
scw/0332/033200290010.001/swg.fits[1]
scw/0332/033200300010.001/swg.fits[1]
scw/0332/033200310010.001/swg.fits[1]
scw/0332/033200390010.001/swg.fits[1]
scw/0333/033300020010.001/swg.fits[1]
scw/0333/033300030010.001/swg.fits[1]
scw/0333/033300120010.001/swg.fits[1]
scw/0333/033300130010.001/swg.fits[1]
scw/0333/033300140010.001/swg.fits[1]
scw/0333/033300430010.001/swg.fits[1]
scw/0333/033300520010.001/swg.fits[1]
scw/0333/033300530010.001/swg.fits[1]
scw/0333/033300610010.001/swg.fits[1]
scw/0333/033300620010.001/swg.fits[1]
scw/0333/033300630010.001/swg.fits[1]
scw/0334/033400010010.001/swg.fits[1]
scw/0335/033500300010.001/swg.fits[1]
scw/0335/033500310010.001/swg.fits[1]
scw/0335/033500320010.001/swg.fits[1]
scw/0335/033500410010.001/swg.fits[1]
scw/0335/033500420010.001/swg.fits[1]
scw/0336/033600160010.001/swg.fits[1]
scw/0336/033600170010.001/swg.fits[1]
scw/0336/033600260010.001/swg.fits[1]
scw/0336/033600270010.001/swg.fits[1]
scw/0340/034000420010.001/swg.fits[1]
scw/0431/043100040010.001/swg.fits[1]
scw/0453/045300590010.001/swg.fits[1]
scw/0454/045400180010.001/swg.fits[1]
scw/0460/046000040010.001/swg.fits[1]
scw/0468/046800130010.001/swg.fits[1]
scw/0528/052800470010.001/swg.fits[1]
scw/0528/052800540010.001/swg.fits[1]
scw/0528/052800600010.001/swg.fits[1]
scw/0664/066400040010.001/swg.fits[1]
scw/0664/066400050010.001/swg.fits[1]
scw/0664/066400060010.001/swg.fits[1]
scw/0664/066400100010.001/swg.fits[1]
scw/0664/066400110010.001/swg.fits[1]
scw/0664/066400120010.001/swg.fits[1]
scw/0664/066400130010.001/swg.fits[1]
scw/0664/066400160010.001/swg.fits[1]
scw/0664/066400170010.001/swg.fits[1]
scw/0664/066400180010.001/swg.fits[1]
scw/0664/066400190010.001/swg.fits[1]
scw/0664/066400240010.001/swg.fits[1]
scw/0664/066400250010.001/swg.fits[1]
scw/0664/066400260010.001/swg.fits[1]
scw/0664/066400310010.001/swg.fits[1]
scw/0667/066700020010.001/swg.fits[1]
scw/0667/066700030010.001/swg.fits[1]
scw/0667/066700040010.001/swg.fits[1]
scw/0667/066700080010.001/swg.fits[1]
scw/0667/066700090010.001/swg.fits[1]
scw/0667/066700100010.001/swg.fits[1]
scw/0667/066700110010.001/swg.fits[1]
scw/0667/066700150010.001/swg.fits[1]
scw/0668/066800020010.001/swg.fits[1]
scw/0668/066800030010.001/swg.fits[1]
scw/0668/066800040010.001/swg.fits[1]
scw/0668/066800080010.001/swg.fits[1]
scw/0668/066800090010.001/swg.fits[1]
scw/0668/066800100010.001/swg.fits[1]
scw/0668/066800110010.001/swg.fits[1]
scw/0668/066800150010.001/swg.fits[1]
scw/0669/066900510010.001/swg.fits[1]
scw/0669/066900520010.001/swg.fits[1]
scw/0669/066900560010.001/swg.fits[1]
scw/0669/066900570010.001/swg.fits[1]
scw/0669/066900580010.001/swg.fits[1]
scw/0669/066900590010.001/swg.fits[1]
scw/0669/066900610010.001/swg.fits[1]
scw/0669/066900620010.001/swg.fits[1]
scw/0669/066900630010.001/swg.fits[1]
scw/0670/067000870010.001/swg.fits[1]
scw/0670/067000880010.001/swg.fits[1]
scw/0670/067000890010.001/swg.fits[1]
scw/0670/067000930010.001/swg.fits[1]
scw/0670/067000940010.001/swg.fits[1]
scw/0670/067000950010.001/swg.fits[1]
scw/0670/067000960010.001/swg.fits[1]
scw/0670/067000980010.001/swg.fits[1]
scw/0670/067000990010.001/swg.fits[1]
scw/0673/067300200010.001/swg.fits[1]
scw/0673/067300210010.001/swg.fits[1]
scw/0673/067300220010.001/swg.fits[1]
scw/0673/067300260010.001/swg.fits[1]
scw/0673/067300270010.001/swg.fits[1]
scw/0673/067300280010.001/swg.fits[1]
scw/0673/067300290010.001/swg.fits[1]
scw/0673/067300300010.001/swg.fits[1]
scw/0673/067300330010.001/swg.fits[1]
scw/0675/067500340010.001/swg.fits[1]
scw/0675/067500350010.001/swg.fits[1]
scw/0675/067500360010.001/swg.fits[1]
scw/0675/067500380010.001/swg.fits[1]
scw/0675/067500390010.001/swg.fits[1]
scw/0675/067500400010.001/swg.fits[1]
scw/0675/067500410010.001/swg.fits[1]
scw/0675/067500420010.001/swg.fits[1]
scw/0675/067500440010.001/swg.fits[1]
scw/0675/067500450010.001/swg.fits[1]
scw/0675/067500460010.001/swg.fits[1]
scw/0675/067500470010.001/swg.fits[1]
scw/0675/067500480010.001/swg.fits[1]
scw/0675/067500490010.001/swg.fits[1]
scw/0675/067500520010.001/swg.fits[1]
scw/0675/067500530010.001/swg.fits[1]
scw/0675/067500540010.001/swg.fits[1]
scw/0675/067500550010.001/swg.fits[1]
scw/0675/067500560010.001/swg.fits[1]
scw/0675/067500600010.001/swg.fits[1]
scw/0675/067500610010.001/swg.fits[1]
scw/0677/067700120010.001/swg.fits[1]
scw/0677/067700130010.001/swg.fits[1]
scw/0677/067700140010.001/swg.fits[1]
scw/0677/067700160010.001/swg.fits[1]
scw/0677/067700170010.001/swg.fits[1]
scw/0677/067700180010.001/swg.fits[1]
scw/0677/067700190010.001/swg.fits[1]
scw/0677/067700200010.001/swg.fits[1]
scw/0677/067700220010.001/swg.fits[1]
scw/0677/067700230010.001/swg.fits[1]
scw/0677/067700240010.001/swg.fits[1]
scw/0677/067700250010.001/swg.fits[1]
scw/0677/067700260010.001/swg.fits[1]
scw/0677/067700270010.001/swg.fits[1]
scw/0677/067700310010.001/swg.fits[1]
scw/0677/067700320010.001/swg.fits[1]
scw/0677/067700330010.001/swg.fits[1]
scw/0677/067700340010.001/swg.fits[1]
scw/0677/067700380010.001/swg.fits[1]
scw/0677/067700390010.001/swg.fits[1]
scw/0885/088500230010.001/swg.fits[1]
scw/0885/088500300010.001/swg.fits[1]
scw/1002/100200270010.001/swg.fits[1]
scw/1011/101100110010.001/swg.fits[1]
scw/1011/101100180010.001/swg.fits[1]
scw/1012/101200840010.001/swg.fits[1]
scw/1059/105900030010.001/swg.fits[1]
scw/1061/106100020010.001/swg.fits[1]
scw/1061/106100030010.001/swg.fits[1]
scw/1061/106100040010.001/swg.fits[1]
scw/1061/106100050010.001/swg.fits[1]
scw/1061/106100090010.001/swg.fits[1]
scw/1061/106100110010.001/swg.fits[1]
scw/1061/106100120010.001/swg.fits[1]
scw/1061/106100130010.001/swg.fits[1]
scw/1061/106100170010.001/swg.fits[1]
scw/1061/106100650010.001/swg.fits[1]
scw/1061/106100660010.001/swg.fits[1]
scw/1061/106100670010.001/swg.fits[1]
scw/1061/106100680010.001/swg.fits[1]
scw/1061/106100690010.001/swg.fits[1]
scw/1061/106100700010.001/swg.fits[1]
scw/1061/106100720010.001/swg.fits[1]
scw/1061/106100730010.001/swg.fits[1]
scw/1061/106100740010.001/swg.fits[1]
scw/1061/106100750010.001/swg.fits[1]
scw/1063/106300040010.001/swg.fits[1]
scw/1063/106300050010.001/swg.fits[1]
scw/1063/106300060010.001/swg.fits[1]
scw/1063/106300070010.001/swg.fits[1]
scw/1063/106300110010.001/swg.fits[1]
scw/1063/106300130010.001/swg.fits[1]
scw/1063/106300140010.001/swg.fits[1]
scw/1065/106500050010.001/swg.fits[1]
scw/1065/106500070010.001/swg.fits[1]
scw/1065/106500080010.001/swg.fits[1]
scw/1065/106500120010.001/swg.fits[1]
scw/1065/106500140010.001/swg.fits[1]
scw/1065/106500150010.001/swg.fits[1]
