scw/0050/005000190010.001/swg.fits[1]
scw/0157/015700160010.001/swg.fits[1]
scw/0161/016100150010.001/swg.fits[1]
scw/0167/016700370010.001/swg.fits[1]
scw/0167/016700380010.001/swg.fits[1]
scw/0167/016700430010.001/swg.fits[1]
scw/0167/016700440010.001/swg.fits[1]
scw/0209/020900160310.001/swg.fits[1]
scw/0209/020900160330.001/swg.fits[1]
scw/0217/021700160010.001/swg.fits[1]
scw/0217/021700360010.001/swg.fits[1]
scw/0217/021700370010.001/swg.fits[1]
scw/0217/021700380010.001/swg.fits[1]
scw/0217/021700440010.001/swg.fits[1]
scw/0217/021700450010.001/swg.fits[1]
scw/0217/021700460010.001/swg.fits[1]
scw/0217/021700520010.001/swg.fits[1]
scw/0217/021700530010.001/swg.fits[1]
scw/0217/021700540010.001/swg.fits[1]
scw/0219/021900160010.001/swg.fits[1]
scw/0219/021900170010.001/swg.fits[1]
scw/0219/021900180010.001/swg.fits[1]
scw/0219/021900240010.001/swg.fits[1]
scw/0219/021900250010.001/swg.fits[1]
scw/0219/021900260010.001/swg.fits[1]
scw/0219/021900320010.001/swg.fits[1]
scw/0219/021900330010.001/swg.fits[1]
scw/0219/021900340010.001/swg.fits[1]
scw/0221/022100110010.001/swg.fits[1]
scw/0221/022100120010.001/swg.fits[1]
scw/0221/022100130010.001/swg.fits[1]
scw/0221/022100190010.001/swg.fits[1]
scw/0221/022100200010.001/swg.fits[1]
scw/0221/022100210010.001/swg.fits[1]
scw/0221/022100270010.001/swg.fits[1]
scw/0221/022100280010.001/swg.fits[1]
scw/0221/022100290010.001/swg.fits[1]
scw/0221/022100590010.001/swg.fits[1]
scw/0221/022100600010.001/swg.fits[1]
scw/0221/022100610010.001/swg.fits[1]
scw/0223/022300030010.001/swg.fits[1]
scw/0223/022300040010.001/swg.fits[1]
scw/0223/022300050010.001/swg.fits[1]
scw/0226/022600520010.001/swg.fits[1]
scw/0232/023200040010.001/swg.fits[1]
scw/0232/023200050010.001/swg.fits[1]
scw/0232/023200100010.001/swg.fits[1]
scw/0232/023200110010.001/swg.fits[1]
scw/0233/023300270010.001/swg.fits[1]
scw/0233/023300490010.001/swg.fits[1]
scw/0233/023300500010.001/swg.fits[1]
scw/0233/023300550010.001/swg.fits[1]
scw/0233/023300560010.001/swg.fits[1]
scw/0234/023400390010.001/swg.fits[1]
scw/0234/023400400010.001/swg.fits[1]
scw/0234/023400450010.001/swg.fits[1]
scw/0234/023400460010.001/swg.fits[1]
scw/0270/027000680010.001/swg.fits[1]
scw/0271/027100150010.001/swg.fits[1]
scw/0275/027500030010.001/swg.fits[1]
scw/0279/027900250010.001/swg.fits[1]
scw/0279/027900260010.001/swg.fits[1]
scw/0279/027900270010.001/swg.fits[1]
scw/0279/027900280010.001/swg.fits[1]
scw/0279/027900340010.001/swg.fits[1]
scw/0279/027900350010.001/swg.fits[1]
scw/0279/027900370010.001/swg.fits[1]
scw/0279/027900380010.001/swg.fits[1]
scw/0279/027900450010.001/swg.fits[1]
scw/0279/027900460010.001/swg.fits[1]
scw/0280/028000190010.001/swg.fits[1]
scw/0280/028000220010.001/swg.fits[1]
scw/0280/028000230010.001/swg.fits[1]
scw/0280/028000240010.001/swg.fits[1]
scw/0280/028000280010.001/swg.fits[1]
scw/0280/028000290010.001/swg.fits[1]
scw/0281/028100140010.001/swg.fits[1]
scw/0291/029100090010.001/swg.fits[1]
scw/0291/029100280010.001/swg.fits[1]
scw/0291/029100370010.001/swg.fits[1]
scw/0291/029100380010.001/swg.fits[1]
scw/0291/029100390010.001/swg.fits[1]
scw/0291/029100530010.001/swg.fits[1]
scw/0291/029100540010.001/swg.fits[1]
scw/0291/029100550010.001/swg.fits[1]
scw/0347/034700120010.001/swg.fits[1]
scw/0399/039900590010.001/swg.fits[1]
scw/0423/042300210010.001/swg.fits[1]
scw/0459/045900460010.001/swg.fits[1]
scw/0477/047700470010.001/swg.fits[1]
scw/0516/051600830010.001/swg.fits[1]
scw/0516/051600840010.001/swg.fits[1]
scw/0578/057800150010.001/swg.fits[1]
scw/0578/057800160010.001/swg.fits[1]
scw/0578/057800180010.001/swg.fits[1]
scw/0578/057800520010.001/swg.fits[1]
scw/0578/057800530010.001/swg.fits[1]
scw/0578/057800540010.001/swg.fits[1]
scw/0582/058200330010.001/swg.fits[1]
scw/0583/058300620010.001/swg.fits[1]
scw/0583/058300630010.001/swg.fits[1]
scw/0583/058300640010.001/swg.fits[1]
scw/0584/058400970010.001/swg.fits[1]
scw/0588/058800160010.001/swg.fits[1]
scw/0588/058800170010.001/swg.fits[1]
scw/0588/058800180010.001/swg.fits[1]
scw/0731/073100440010.001/swg.fits[1]
scw/0731/073100530010.001/swg.fits[1]
scw/0731/073100940010.001/swg.fits[1]
scw/0770/077000040010.001/swg.fits[1]
scw/0770/077000070010.001/swg.fits[1]
scw/0771/077100440010.001/swg.fits[1]
scw/0911/091100430010.001/swg.fits[1]
scw/0911/091100440010.001/swg.fits[1]
scw/0912/091200100010.001/swg.fits[1]
scw/0912/091200190010.001/swg.fits[1]
scw/0912/091200190020.001/swg.fits[1]
scw/1316/131600490010.001/swg.fits[1]
scw/1316/131600560010.001/swg.fits[1]
scw/1376/137600130010.001/swg.fits[1]
scw/1376/137600160010.001/swg.fits[1]
scw/1377/137700130010.001/swg.fits[1]
scw/1631/163100060010.001/swg.fits[1]
scw/1631/163100070010.001/swg.fits[1]
scw/1631/163100220010.001/swg.fits[1]
scw/1631/163100230010.001/swg.fits[1]
scw/1631/163100380010.001/swg.fits[1]
scw/1631/163100390010.001/swg.fits[1]
scw/1631/163100450010.001/swg.fits[1]
scw/1631/163100460010.001/swg.fits[1]
scw/1631/163100610010.001/swg.fits[1]
scw/1631/163100620010.001/swg.fits[1]
scw/1631/163100770010.001/swg.fits[1]
scw/1631/163100780010.001/swg.fits[1]
scw/1631/163100820010.001/swg.fits[1]
scw/1631/163100830010.001/swg.fits[1]
scw/1631/163100840010.001/swg.fits[1]
scw/1631/163100850010.001/swg.fits[1]
scw/1631/163100980010.001/swg.fits[1]
scw/1631/163100990010.001/swg.fits[1]
scw/1631/163101000010.001/swg.fits[1]
scw/1631/163101010010.001/swg.fits[1]
scw/1632/163200100010.001/swg.fits[1]
scw/1632/163200110010.001/swg.fits[1]
scw/1632/163200120010.001/swg.fits[1]
scw/1632/163200130010.001/swg.fits[1]
scw/1632/163200170010.001/swg.fits[1]
scw/1632/163200180010.001/swg.fits[1]
scw/1632/163200190010.001/swg.fits[1]
scw/1632/163200200010.001/swg.fits[1]
scw/1632/163200330010.001/swg.fits[1]
scw/1632/163200340010.001/swg.fits[1]
scw/1632/163200350010.001/swg.fits[1]
scw/1632/163200360010.001/swg.fits[1]
scw/1632/163200490010.001/swg.fits[1]
scw/1632/163200500010.001/swg.fits[1]
scw/1632/163200510010.001/swg.fits[1]
scw/1632/163200520010.001/swg.fits[1]
scw/1632/163200580010.001/swg.fits[1]
scw/1632/163200590010.001/swg.fits[1]
scw/1632/163200740010.001/swg.fits[1]
scw/1632/163200750010.001/swg.fits[1]
scw/1632/163200900010.001/swg.fits[1]
scw/1632/163200910010.001/swg.fits[1]
scw/1632/163200970010.001/swg.fits[1]
scw/1632/163200980010.001/swg.fits[1]
scw/1633/163300110010.001/swg.fits[1]
scw/1633/163300120010.001/swg.fits[1]
scw/1633/163300870010.001/swg.fits[1]
scw/1633/163300880010.001/swg.fits[1]
scw/1633/163300890010.001/swg.fits[1]
scw/1633/163300900010.001/swg.fits[1]
scw/1634/163400020010.001/swg.fits[1]
scw/1634/163400030010.001/swg.fits[1]
scw/1634/163400040010.001/swg.fits[1]
scw/1634/163400050010.001/swg.fits[1]
scw/1634/163400090010.001/swg.fits[1]
scw/1634/163400110010.001/swg.fits[1]
scw/1634/163400120010.001/swg.fits[1]
scw/1634/163400130010.001/swg.fits[1]
scw/1634/163400250010.001/swg.fits[1]
scw/1634/163400270010.001/swg.fits[1]
scw/1634/163400280010.001/swg.fits[1]
scw/1634/163400290010.001/swg.fits[1]
scw/1634/163400410010.001/swg.fits[1]
scw/1634/163400430010.001/swg.fits[1]
scw/1634/163400440010.001/swg.fits[1]
scw/1634/163400450010.001/swg.fits[1]
scw/1634/163400480010.001/swg.fits[1]
scw/1634/163400510010.001/swg.fits[1]
scw/1634/163400520010.001/swg.fits[1]
scw/1634/163400640010.001/swg.fits[1]
scw/1634/163400800010.001/swg.fits[1]
scw/1634/163400830010.001/swg.fits[1]
scw/1634/163400840010.001/swg.fits[1]
scw/1634/163400870010.001/swg.fits[1]
scw/1634/163400890010.001/swg.fits[1]
scw/1634/163400900010.001/swg.fits[1]
scw/1634/163400910010.001/swg.fits[1]
scw/1635/163500020010.001/swg.fits[1]
scw/1635/163500040010.001/swg.fits[1]
scw/1635/163500050010.001/swg.fits[1]
scw/1635/163500060010.001/swg.fits[1]
scw/1635/163500180010.001/swg.fits[1]
scw/1635/163500200010.001/swg.fits[1]
scw/1635/163500210010.001/swg.fits[1]
scw/1635/163500220010.001/swg.fits[1]
scw/1635/163500270010.001/swg.fits[1]
scw/1635/163500280010.001/swg.fits[1]
scw/1635/163500430010.001/swg.fits[1]
scw/1635/163500440010.001/swg.fits[1]
scw/1635/163500620010.001/swg.fits[1]
scw/1635/163500630010.001/swg.fits[1]
scw/1635/163500670010.001/swg.fits[1]
scw/1635/163500680010.001/swg.fits[1]
scw/1635/163500690010.001/swg.fits[1]
scw/1635/163500700010.001/swg.fits[1]
scw/1635/163500710010.001/swg.fits[1]
scw/1635/163500830010.001/swg.fits[1]
scw/1635/163500840010.001/swg.fits[1]
scw/1635/163500850010.001/swg.fits[1]
scw/1635/163500860010.001/swg.fits[1]
scw/1635/163500870010.001/swg.fits[1]
scw/1636/163600050010.001/swg.fits[1]
