scw/0054/005401010010.001/swg.fits[1]
scw/0054/005401020010.001/swg.fits[1]
scw/0115/011500630010.001/swg.fits[1]
scw/0115/011500640010.001/swg.fits[1]
scw/0118/011801110010.001/swg.fits[1]
scw/0118/011801120010.001/swg.fits[1]
scw/0118/011801170010.001/swg.fits[1]
scw/0183/018300630010.001/swg.fits[1]
scw/0183/018300640010.001/swg.fits[1]
scw/0185/018500650010.001/swg.fits[1]
scw/0185/018500660010.001/swg.fits[1]
scw/0244/024400210010.001/swg.fits[1]
scw/0244/024400220010.001/swg.fits[1]
scw/0244/024401050010.001/swg.fits[1]
scw/0244/024401060010.001/swg.fits[1]
scw/2332/233200360010.001/swg.fits[1]
scw/2332/233200370010.001/swg.fits[1]
scw/2334/233400030010.001/swg.fits[1]
scw/2338/233800110010.001/swg.fits[1]
scw/2338/233800120010.001/swg.fits[1]
scw/2338/233800150010.001/swg.fits[1]
scw/2338/233800160010.001/swg.fits[1]
scw/2344/234400570010.001/swg.fits[1]
scw/2344/234400580010.001/swg.fits[1]
scw/2359/235900090010.001/swg.fits[1]
scw/2359/235900180010.001/swg.fits[1]
scw/2359/235900350010.001/swg.fits[1]
scw/2359/235900430010.001/swg.fits[1]
scw/2359/235900440010.001/swg.fits[1]
scw/2426/242600470010.001/swg.fits[1]
scw/2429/242900040010.001/swg.fits[1]
scw/2429/242900050010.001/swg.fits[1]
scw/2429/242900120010.001/swg.fits[1]
scw/2429/242900130010.001/swg.fits[1]
scw/2474/247400050010.001/swg.fits[1]
