scw/2042/204200210010.001/swg.fits[1]
scw/2042/204200260010.001/swg.fits[1]
scw/2042/204200270010.001/swg.fits[1]
scw/2042/204200290010.001/swg.fits[1]
scw/2042/204200300010.001/swg.fits[1]
scw/2042/204200310010.001/swg.fits[1]
scw/2042/204200360010.001/swg.fits[1]
scw/2042/204200370010.001/swg.fits[1]
scw/2042/204200380010.001/swg.fits[1]
scw/2042/204200390010.001/swg.fits[1]
scw/2042/204200400010.001/swg.fits[1]
scw/2043/204300140010.001/swg.fits[1]
scw/2043/204300170010.001/swg.fits[1]
scw/2043/204300180010.001/swg.fits[1]
scw/2043/204300230010.001/swg.fits[1]
scw/2043/204300240010.001/swg.fits[1]
scw/2043/204300280010.001/swg.fits[1]
scw/2043/204300330010.001/swg.fits[1]
scw/2043/204300340010.001/swg.fits[1]
scw/2043/204300370010.001/swg.fits[1]
scw/2043/204300380010.001/swg.fits[1]
scw/2044/204400140010.001/swg.fits[1]
scw/2044/204400150010.001/swg.fits[1]
scw/2044/204400200010.001/swg.fits[1]
scw/2044/204400210010.001/swg.fits[1]
scw/2044/204400240010.001/swg.fits[1]
scw/2044/204400250010.001/swg.fits[1]
scw/2044/204400300010.001/swg.fits[1]
scw/2044/204400310010.001/swg.fits[1]
scw/2245/224500050010.001/swg.fits[1]
scw/2245/224500060010.001/swg.fits[1]
scw/2245/224500110010.001/swg.fits[1]
scw/2245/224500120010.001/swg.fits[1]
scw/2245/224500410010.001/swg.fits[1]
scw/2245/224500450010.001/swg.fits[1]
scw/2245/224500460010.001/swg.fits[1]
scw/2245/224500510010.001/swg.fits[1]
scw/2247/224700560010.001/swg.fits[1]
scw/2247/224700570010.001/swg.fits[1]
scw/2247/224700580010.001/swg.fits[1]
scw/2247/224700590010.001/swg.fits[1]
scw/2249/224900570010.001/swg.fits[1]
scw/2249/224900580010.001/swg.fits[1]
scw/2249/224900590010.001/swg.fits[1]
scw/2249/224900600010.001/swg.fits[1]
scw/2249/224900610010.001/swg.fits[1]
scw/2252/225200040010.001/swg.fits[1]
scw/2253/225300550010.001/swg.fits[1]
scw/2253/225300560010.001/swg.fits[1]
scw/2253/225300580010.001/swg.fits[1]
scw/2253/225300590010.001/swg.fits[1]
scw/2253/225300600010.001/swg.fits[1]
scw/2254/225400030010.001/swg.fits[1]
scw/2254/225400040010.001/swg.fits[1]
scw/2254/225400180010.001/swg.fits[1]
scw/2254/225400190010.001/swg.fits[1]
scw/2254/225400240010.001/swg.fits[1]
scw/2279/227900040010.001/swg.fits[1]
scw/2279/227900050010.001/swg.fits[1]
scw/2279/227900110010.001/swg.fits[1]
scw/2279/227900120010.001/swg.fits[1]
scw/2279/227900180010.001/swg.fits[1]
scw/2279/227900190010.001/swg.fits[1]
scw/2279/227900230010.001/swg.fits[1]
scw/2279/227900250010.001/swg.fits[1]
scw/2279/227900260010.001/swg.fits[1]
scw/2279/227900320010.001/swg.fits[1]
scw/2279/227900390010.001/swg.fits[1]
scw/2279/227900400010.001/swg.fits[1]
scw/2279/227900460010.001/swg.fits[1]
scw/2279/227900470010.001/swg.fits[1]
scw/2279/227900530010.001/swg.fits[1]
scw/2279/227900540010.001/swg.fits[1]
scw/2371/237100420010.001/swg.fits[1]
scw/2371/237100430010.001/swg.fits[1]
scw/2371/237100500010.001/swg.fits[1]
scw/2371/237100510010.001/swg.fits[1]
scw/2371/237100520010.001/swg.fits[1]
scw/2378/237800740010.001/swg.fits[1]
scw/2383/238300340010.001/swg.fits[1]
scw/2383/238300350010.001/swg.fits[1]
scw/2383/238300400010.001/swg.fits[1]
scw/2383/238300410010.001/swg.fits[1]
scw/2383/238300420010.001/swg.fits[1]
scw/2383/238300430010.001/swg.fits[1]
scw/2383/238300440010.001/swg.fits[1]
scw/2383/238300450010.001/swg.fits[1]
scw/2388/238800270010.001/swg.fits[1]
scw/2388/238800280010.001/swg.fits[1]
scw/2388/238800290010.001/swg.fits[1]
scw/2388/238800300010.001/swg.fits[1]
scw/2388/238800310010.001/swg.fits[1]
scw/2388/238800320010.001/swg.fits[1]
scw/2392/239200860010.001/swg.fits[1]
scw/2392/239200870010.001/swg.fits[1]
scw/2392/239200890010.001/swg.fits[1]
scw/2392/239200900010.001/swg.fits[1]
scw/2392/239200910010.001/swg.fits[1]
scw/2427/242700590010.001/swg.fits[1]
scw/2427/242700660010.001/swg.fits[1]
scw/2427/242700670010.001/swg.fits[1]
scw/2427/242700680010.001/swg.fits[1]
scw/2427/242700690010.001/swg.fits[1]
scw/2430/243000730010.001/swg.fits[1]
scw/2430/243000750010.001/swg.fits[1]
scw/2430/243000770010.001/swg.fits[1]
scw/2430/243000780010.001/swg.fits[1]
scw/2434/243400340010.001/swg.fits[1]
scw/2434/243400670010.001/swg.fits[1]
scw/2434/243400760010.001/swg.fits[1]
scw/2434/243400770010.001/swg.fits[1]
scw/2437/243700570010.001/swg.fits[1]
scw/2437/243700580010.001/swg.fits[1]
scw/2437/243700630010.001/swg.fits[1]
scw/2437/243700640010.001/swg.fits[1]
scw/2438/243800080010.001/swg.fits[1]
scw/2444/244400560010.001/swg.fits[1]
scw/2444/244400570010.001/swg.fits[1]
scw/2444/244400630010.001/swg.fits[1]
scw/2444/244400640010.001/swg.fits[1]
scw/2444/244400650010.001/swg.fits[1]
scw/2449/244900570010.001/swg.fits[1]
scw/2449/244900580010.001/swg.fits[1]
scw/2449/244900590010.001/swg.fits[1]
scw/2450/245000200010.001/swg.fits[1]
scw/2450/245000210010.001/swg.fits[1]
scw/2450/245000220010.001/swg.fits[1]
scw/2450/245000230010.001/swg.fits[1]
scw/2454/245400590010.001/swg.fits[1]
scw/2454/245400600010.001/swg.fits[1]
scw/2455/245500400010.001/swg.fits[1]
scw/2455/245500410010.001/swg.fits[1]
scw/2455/245500420010.001/swg.fits[1]
scw/2455/245500480010.001/swg.fits[1]
scw/2455/245500490010.001/swg.fits[1]
scw/2455/245500500010.001/swg.fits[1]
scw/2455/245500510010.001/swg.fits[1]
