scw/0658/065800580010.001/swg.fits[1]
scw/0660/066000430010.001/swg.fits[1]
scw/0660/066000440010.001/swg.fits[1]
scw/0660/066000540010.001/swg.fits[1]
scw/0671/067100340010.001/swg.fits[1]
scw/0671/067100350010.001/swg.fits[1]
scw/0672/067200600010.001/swg.fits[1]
scw/0672/067200610010.001/swg.fits[1]
scw/0674/067400200010.001/swg.fits[1]
scw/0674/067400210010.001/swg.fits[1]
scw/0782/078200360010.001/swg.fits[1]
scw/0782/078200370010.001/swg.fits[1]
scw/0782/078200380010.001/swg.fits[1]
scw/0782/078200440010.001/swg.fits[1]
scw/0782/078200880010.001/swg.fits[1]
scw/0782/078200890010.001/swg.fits[1]
scw/0785/078500260010.001/swg.fits[1]
scw/0785/078500320010.001/swg.fits[1]
scw/0785/078500330010.001/swg.fits[1]
scw/0785/078500340010.001/swg.fits[1]
scw/0786/078600340010.001/swg.fits[1]
scw/0786/078600410010.001/swg.fits[1]
scw/0786/078600420010.001/swg.fits[1]
scw/0788/078800340010.001/swg.fits[1]
scw/0788/078800350010.001/swg.fits[1]
scw/0790/079000400010.001/swg.fits[1]
scw/0790/079000410010.001/swg.fits[1]
scw/0790/079000420010.001/swg.fits[1]
scw/0790/079000480010.001/swg.fits[1]
scw/0791/079100020010.001/swg.fits[1]
scw/0791/079100030010.001/swg.fits[1]
scw/0791/079100040010.001/swg.fits[1]
scw/0791/079100100010.001/swg.fits[1]
scw/0791/079100870010.001/swg.fits[1]
scw/0840/084000020010.001/swg.fits[1]
scw/0840/084000030010.001/swg.fits[1]
scw/0840/084000100010.001/swg.fits[1]
scw/0840/084000790010.001/swg.fits[1]
scw/0840/084000870010.001/swg.fits[1]
scw/0840/084000880010.001/swg.fits[1]
scw/0841/084100020010.001/swg.fits[1]
scw/0841/084100030010.001/swg.fits[1]
scw/0841/084100040010.001/swg.fits[1]
scw/0841/084100100010.001/swg.fits[1]
scw/0841/084100110010.001/swg.fits[1]
scw/0841/084100790010.001/swg.fits[1]
scw/0841/084100800010.001/swg.fits[1]
scw/0841/084100870010.001/swg.fits[1]
scw/0841/084100880010.001/swg.fits[1]
scw/0842/084200020010.001/swg.fits[1]
scw/0842/084200030010.001/swg.fits[1]
scw/0842/084200040010.001/swg.fits[1]
scw/0842/084200800010.001/swg.fits[1]
scw/0842/084200870010.001/swg.fits[1]
scw/0842/084200880010.001/swg.fits[1]
scw/0843/084300020010.001/swg.fits[1]
scw/0843/084300030010.001/swg.fits[1]
scw/0843/084300040010.001/swg.fits[1]
scw/0843/084300100010.001/swg.fits[1]
scw/0843/084300770010.001/swg.fits[1]
scw/0843/084300780010.001/swg.fits[1]
scw/0844/084400020010.001/swg.fits[1]
scw/0844/084400030010.001/swg.fits[1]
scw/0844/084400100010.001/swg.fits[1]
scw/0844/084400780010.001/swg.fits[1]
scw/0844/084400840010.001/swg.fits[1]
scw/0844/084400850010.001/swg.fits[1]
scw/0844/084400860010.001/swg.fits[1]
scw/0845/084500020010.001/swg.fits[1]
scw/0845/084500030010.001/swg.fits[1]
scw/0845/084500840010.001/swg.fits[1]
scw/0845/084500850010.001/swg.fits[1]
scw/0847/084700230010.001/swg.fits[1]
scw/0847/084700240010.001/swg.fits[1]
scw/0847/084700250010.001/swg.fits[1]
scw/0847/084700550010.001/swg.fits[1]
scw/0847/084700560010.001/swg.fits[1]
scw/0847/084700570010.001/swg.fits[1]
scw/0848/084800260010.001/swg.fits[1]
scw/0848/084800270010.001/swg.fits[1]
scw/0848/084800280010.001/swg.fits[1]
scw/0848/084800560010.001/swg.fits[1]
scw/0848/084800570010.001/swg.fits[1]
scw/0848/084800580010.001/swg.fits[1]
scw/0849/084900180010.001/swg.fits[1]
scw/0849/084900190010.001/swg.fits[1]
scw/0849/084900200010.001/swg.fits[1]
scw/0850/085000030010.001/swg.fits[1]
scw/0850/085000040010.001/swg.fits[1]
scw/0850/085000760010.001/swg.fits[1]
scw/0850/085000770010.001/swg.fits[1]
scw/0850/085000780010.001/swg.fits[1]
scw/0899/089900260010.001/swg.fits[1]
scw/0899/089900330010.001/swg.fits[1]
scw/0899/089900340010.001/swg.fits[1]
scw/0899/089900870010.001/swg.fits[1]
scw/0899/089900880010.001/swg.fits[1]
scw/0900/090000370010.001/swg.fits[1]
scw/0900/090000380010.001/swg.fits[1]
scw/0900/090000390010.001/swg.fits[1]
scw/0900/090000450010.001/swg.fits[1]
scw/0900/090000460010.001/swg.fits[1]
scw/0900/090000910010.001/swg.fits[1]
scw/0900/090000920010.001/swg.fits[1]
scw/0900/090000990010.001/swg.fits[1]
scw/0900/090001000010.001/swg.fits[1]
scw/0901/090100100010.001/swg.fits[1]
scw/0901/090100110010.001/swg.fits[1]
scw/0901/090100120010.001/swg.fits[1]
scw/0901/090100630010.001/swg.fits[1]
scw/0901/090100700010.001/swg.fits[1]
scw/0904/090400480010.001/swg.fits[1]
scw/0904/090400550010.001/swg.fits[1]
scw/0904/090400560010.001/swg.fits[1]
scw/0904/090400940010.001/swg.fits[1]
scw/0904/090400950010.001/swg.fits[1]
scw/0905/090500260010.001/swg.fits[1]
scw/0905/090500320010.001/swg.fits[1]
scw/0905/090500330010.001/swg.fits[1]
scw/0905/090500340010.001/swg.fits[1]
scw/0905/090500870010.001/swg.fits[1]
scw/0905/090500880010.001/swg.fits[1]
scw/0905/090500950010.001/swg.fits[1]
scw/0905/090500960010.001/swg.fits[1]
scw/0906/090600290010.001/swg.fits[1]
scw/0906/090600300010.001/swg.fits[1]
scw/0906/090600820010.001/swg.fits[1]
scw/0906/090600830010.001/swg.fits[1]
scw/0906/090600900010.001/swg.fits[1]
scw/0907/090700280010.001/swg.fits[1]
scw/0907/090700290010.001/swg.fits[1]
scw/0907/090700300010.001/swg.fits[1]
scw/0907/090700360010.001/swg.fits[1]
scw/0907/090700890010.001/swg.fits[1]
scw/0907/090700900010.001/swg.fits[1]
scw/0908/090800250010.001/swg.fits[1]
scw/0908/090800760010.001/swg.fits[1]
scw/0908/090800770010.001/swg.fits[1]
scw/0908/090800780010.001/swg.fits[1]
scw/0909/090900510010.001/swg.fits[1]
scw/0909/090900810010.001/swg.fits[1]
scw/0909/090900820010.001/swg.fits[1]
scw/0910/091000500010.001/swg.fits[1]
scw/0910/091000510010.001/swg.fits[1]
scw/0910/091000520010.001/swg.fits[1]
scw/0910/091000800010.001/swg.fits[1]
scw/0910/091000810010.001/swg.fits[1]
scw/0910/091000820010.001/swg.fits[1]
scw/1025/102500130010.001/swg.fits[1]
scw/1025/102500140010.001/swg.fits[1]
scw/1026/102600170010.001/swg.fits[1]
scw/1026/102600250010.001/swg.fits[1]
scw/1026/102600260010.001/swg.fits[1]
scw/1026/102600270010.001/swg.fits[1]
scw/1027/102700180010.001/swg.fits[1]
scw/1027/102700190010.001/swg.fits[1]
scw/1027/102700200010.001/swg.fits[1]
scw/1028/102800420010.001/swg.fits[1]
scw/1028/102800430010.001/swg.fits[1]
scw/1028/102800440010.001/swg.fits[1]
scw/1028/102800520010.001/swg.fits[1]
scw/1029/102900530010.001/swg.fits[1]
scw/1029/102900540010.001/swg.fits[1]
scw/1030/103000680010.001/swg.fits[1]
scw/1030/103000690010.001/swg.fits[1]
scw/1032/103200290010.001/swg.fits[1]
scw/1032/103200300010.001/swg.fits[1]
scw/1033/103300170010.001/swg.fits[1]
scw/1033/103300250010.001/swg.fits[1]
scw/1033/103300260010.001/swg.fits[1]
scw/1033/103300270010.001/swg.fits[1]
scw/1034/103400720010.001/swg.fits[1]
scw/1034/103400730010.001/swg.fits[1]
scw/1035/103500860010.001/swg.fits[1]
scw/1035/103500870010.001/swg.fits[1]
scw/1036/103600390010.001/swg.fits[1]
scw/1036/103600400010.001/swg.fits[1]
scw/1036/103600490010.001/swg.fits[1]
scw/1090/109000200010.001/swg.fits[1]
scw/1090/109000770010.001/swg.fits[1]
scw/1091/109100110010.001/swg.fits[1]
scw/1091/109100120010.001/swg.fits[1]
scw/1091/109101120010.001/swg.fits[1]
scw/1091/109101130010.001/swg.fits[1]
scw/1092/109200020010.001/swg.fits[1]
scw/1092/109200100010.001/swg.fits[1]
scw/1092/109200110010.001/swg.fits[1]
scw/1092/109200120010.001/swg.fits[1]
scw/1093/109300830010.001/swg.fits[1]
scw/1093/109300840010.001/swg.fits[1]
scw/1093/109300850010.001/swg.fits[1]
scw/1093/109300930010.001/swg.fits[1]
scw/1094/109400100010.001/swg.fits[1]
scw/1094/109400190010.001/swg.fits[1]
scw/1094/109400200010.001/swg.fits[1]
scw/1094/109400670010.001/swg.fits[1]
scw/1094/109400750010.001/swg.fits[1]
scw/1094/109400760010.001/swg.fits[1]
scw/1094/109400770010.001/swg.fits[1]
scw/1145/114500500010.001/swg.fits[1]
scw/1145/114500510010.001/swg.fits[1]
scw/1145/114500880010.001/swg.fits[1]
scw/1145/114500960010.001/swg.fits[1]
scw/1145/114500970010.001/swg.fits[1]
scw/1145/114500980010.001/swg.fits[1]
scw/1146/114600420010.001/swg.fits[1]
scw/1146/114600880010.001/swg.fits[1]
scw/1146/114600960010.001/swg.fits[1]
scw/1146/114600970010.001/swg.fits[1]
scw/1146/114600980010.001/swg.fits[1]
scw/1147/114700210010.001/swg.fits[1]
scw/1147/114700400010.001/swg.fits[1]
scw/1147/114700410010.001/swg.fits[1]
scw/1150/115000050010.001/swg.fits[1]
scw/1153/115300200010.001/swg.fits[1]
scw/1153/115300210010.001/swg.fits[1]
scw/1153/115300220010.001/swg.fits[1]
scw/1153/115300780010.001/swg.fits[1]
scw/1153/115300790010.001/swg.fits[1]
scw/1153/115300800010.001/swg.fits[1]
scw/1153/115300880010.001/swg.fits[1]
scw/1153/115301180010.001/swg.fits[1]
scw/1153/115301190010.001/swg.fits[1]
scw/1154/115401050010.001/swg.fits[1]
scw/1154/115401060010.001/swg.fits[1]
scw/1154/115401110010.001/swg.fits[1]
scw/1154/115401120010.001/swg.fits[1]
scw/1154/115401130010.001/swg.fits[1]
scw/1155/115500760010.001/swg.fits[1]
scw/1155/115500770010.001/swg.fits[1]
scw/1155/115500780010.001/swg.fits[1]
scw/1161/116100130010.001/swg.fits[1]
scw/1161/116100140010.001/swg.fits[1]
