scw/0254/025400440010.001/swg.fits[1]
scw/0254/025400450010.001/swg.fits[1]
scw/0254/025400460010.001/swg.fits[1]
scw/0254/025400540010.001/swg.fits[1]
scw/0254/025400550010.001/swg.fits[1]
scw/0254/025400560010.001/swg.fits[1]
scw/0258/025800470010.001/swg.fits[1]
scw/0258/025800480010.001/swg.fits[1]
scw/0258/025800490010.001/swg.fits[1]
scw/0258/025800570010.001/swg.fits[1]
scw/0258/025800580010.001/swg.fits[1]
scw/0258/025800590010.001/swg.fits[1]
scw/0258/025800620010.001/swg.fits[1]
scw/0258/025800630010.001/swg.fits[1]
scw/0258/025800640010.001/swg.fits[1]
scw/0259/025900500010.001/swg.fits[1]
scw/0259/025900510010.001/swg.fits[1]
scw/0259/025900540010.001/swg.fits[1]
scw/0259/025900550010.001/swg.fits[1]
scw/0259/025900600010.001/swg.fits[1]
scw/0259/025900610010.001/swg.fits[1]
scw/0259/025900730010.001/swg.fits[1]
scw/0260/026000180010.001/swg.fits[1]
scw/0260/026000200010.001/swg.fits[1]
scw/0260/026000210010.001/swg.fits[1]
scw/0796/079600540010.001/swg.fits[1]
scw/0797/079700620010.001/swg.fits[1]
scw/0798/079800080010.001/swg.fits[1]
scw/0798/079800210010.001/swg.fits[1]
scw/0798/079800510010.001/swg.fits[1]
scw/0798/079800520010.001/swg.fits[1]
scw/0799/079900140010.001/swg.fits[1]
scw/0799/079900440010.001/swg.fits[1]
scw/0799/079900450010.001/swg.fits[1]
scw/0799/079900460010.001/swg.fits[1]
scw/0799/079900550010.001/swg.fits[1]
scw/0799/079900640010.001/swg.fits[1]
scw/0799/079900650010.001/swg.fits[1]
scw/0927/092700590010.001/swg.fits[1]
scw/0927/092700600010.001/swg.fits[1]
scw/0927/092700610010.001/swg.fits[1]
scw/0928/092800220010.001/swg.fits[1]
scw/0928/092800230010.001/swg.fits[1]
scw/0928/092800240010.001/swg.fits[1]
scw/0928/092800540010.001/swg.fits[1]
scw/0928/092800560010.001/swg.fits[1]
scw/1038/103800900010.001/swg.fits[1]
scw/1038/103800910010.001/swg.fits[1]
scw/1038/103800920010.001/swg.fits[1]
scw/1042/104200630010.001/swg.fits[1]
scw/1042/104200630020.001/swg.fits[1]
scw/1043/104300310010.001/swg.fits[1]
scw/1043/104300320010.001/swg.fits[1]
scw/1043/104300510010.001/swg.fits[1]
scw/1044/104400300010.001/swg.fits[1]
scw/1044/104400310010.001/swg.fits[1]
scw/1044/104400320010.001/swg.fits[1]
scw/1044/104400500010.001/swg.fits[1]
scw/1044/104400510010.001/swg.fits[1]
scw/1045/104500180010.001/swg.fits[1]
scw/1045/104500190010.001/swg.fits[1]
scw/1045/104500200010.001/swg.fits[1]
scw/1045/104500290010.001/swg.fits[1]
scw/1045/104500380010.001/swg.fits[1]
