scw/0066/006600230010.001/swg.fits[1]
scw/0066/006600240010.001/swg.fits[1]
scw/0066/006600730010.001/swg.fits[1]
scw/0066/006600740010.001/swg.fits[1]
scw/0117/011700730010.001/swg.fits[1]
scw/0117/011700740010.001/swg.fits[1]
scw/0123/012300180010.001/swg.fits[1]
scw/0123/012300190010.001/swg.fits[1]
scw/0610/061000400010.001/swg.fits[1]
scw/0610/061000410010.001/swg.fits[1]
scw/0610/061000420010.001/swg.fits[1]
scw/0611/061100320010.001/swg.fits[1]
scw/0611/061100330010.001/swg.fits[1]
scw/0611/061100340010.001/swg.fits[1]
scw/0614/061400150010.001/swg.fits[1]
scw/0614/061400160010.001/swg.fits[1]
scw/0614/061400170010.001/swg.fits[1]
scw/0615/061500200010.001/swg.fits[1]
scw/0615/061500210010.001/swg.fits[1]
scw/0615/061500220010.001/swg.fits[1]
scw/0615/061500330010.001/swg.fits[1]
scw/0615/061500340010.001/swg.fits[1]
scw/0615/061500350010.001/swg.fits[1]
scw/0615/061500740010.001/swg.fits[1]
scw/0615/061500750010.001/swg.fits[1]
scw/0615/061500760010.001/swg.fits[1]
scw/0621/062100160010.001/swg.fits[1]
scw/0621/062100200010.001/swg.fits[1]
scw/0621/062100210010.001/swg.fits[1]
scw/0621/062100220010.001/swg.fits[1]
scw/0621/062100260010.001/swg.fits[1]
scw/0621/062100410010.001/swg.fits[1]
scw/0621/062100450010.001/swg.fits[1]
scw/0621/062100460010.001/swg.fits[1]
scw/0621/062100470010.001/swg.fits[1]
scw/0621/062100510010.001/swg.fits[1]
scw/0622/062200040010.001/swg.fits[1]
scw/0622/062200080010.001/swg.fits[1]
scw/0622/062200090010.001/swg.fits[1]
scw/0622/062200100010.001/swg.fits[1]
scw/0622/062200140010.001/swg.fits[1]
scw/0622/062200280010.001/swg.fits[1]
scw/0622/062200290010.001/swg.fits[1]
scw/0622/062200330010.001/swg.fits[1]
scw/0622/062200340010.001/swg.fits[1]
scw/0622/062200350010.001/swg.fits[1]
scw/0622/062200390010.001/swg.fits[1]
scw/0622/062200530010.001/swg.fits[1]
scw/0622/062200540010.001/swg.fits[1]
scw/0622/062200590010.001/swg.fits[1]
scw/0622/062200600010.001/swg.fits[1]
scw/0622/062200610010.001/swg.fits[1]
scw/0667/066700420010.001/swg.fits[1]
scw/0667/066700430010.001/swg.fits[1]
scw/0667/066700560010.001/swg.fits[1]
scw/0667/066700570010.001/swg.fits[1]
scw/0670/067000440010.001/swg.fits[1]
scw/0670/067000450010.001/swg.fits[1]
scw/0670/067000590010.001/swg.fits[1]
scw/0670/067000600010.001/swg.fits[1]
scw/0671/067100730010.001/swg.fits[1]
scw/0671/067100740010.001/swg.fits[1]
scw/0672/067200350010.001/swg.fits[1]
scw/0672/067200360010.001/swg.fits[1]
scw/0672/067200970010.001/swg.fits[1]
scw/0672/067200980010.001/swg.fits[1]
scw/0674/067400550010.001/swg.fits[1]
scw/0674/067400560010.001/swg.fits[1]
scw/0674/067400700010.001/swg.fits[1]
scw/0680/068000020010.001/swg.fits[1]
scw/0680/068000030010.001/swg.fits[1]
scw/0680/068000170010.001/swg.fits[1]
scw/0680/068000210010.001/swg.fits[1]
scw/0680/068000220010.001/swg.fits[1]
scw/0680/068000230010.001/swg.fits[1]
scw/0680/068000270010.001/swg.fits[1]
scw/0680/068000460010.001/swg.fits[1]
scw/0680/068000470010.001/swg.fits[1]
scw/0680/068000500010.001/swg.fits[1]
scw/0680/068000510010.001/swg.fits[1]
scw/0680/068000520010.001/swg.fits[1]
scw/0681/068100140010.001/swg.fits[1]
scw/0681/068100180010.001/swg.fits[1]
scw/0681/068100190010.001/swg.fits[1]
scw/0681/068100200010.001/swg.fits[1]
scw/0681/068100230010.001/swg.fits[1]
scw/0681/068100240010.001/swg.fits[1]
scw/0681/068100250010.001/swg.fits[1]
scw/0681/068100290010.001/swg.fits[1]
scw/0681/068100480010.001/swg.fits[1]
scw/0681/068100490010.001/swg.fits[1]
scw/0681/068100540010.001/swg.fits[1]
scw/0681/068100550010.001/swg.fits[1]
scw/0740/074000540010.001/swg.fits[1]
scw/0740/074000550010.001/swg.fits[1]
scw/0740/074000570010.001/swg.fits[1]
scw/0740/074000580010.001/swg.fits[1]
scw/0740/074000590010.001/swg.fits[1]
scw/0740/074000600010.001/swg.fits[1]
scw/0741/074100020010.001/swg.fits[1]
scw/0741/074100030010.001/swg.fits[1]
scw/0847/084700980010.001/swg.fits[1]
scw/0847/084700990010.001/swg.fits[1]
scw/0847/084701000010.001/swg.fits[1]
scw/0848/084800980010.001/swg.fits[1]
scw/0848/084800990010.001/swg.fits[1]
scw/0848/084801000010.001/swg.fits[1]
scw/0849/084900410010.001/swg.fits[1]
scw/0849/084900420010.001/swg.fits[1]
scw/0849/084900430010.001/swg.fits[1]
scw/0851/085100340010.001/swg.fits[1]
scw/0851/085100350010.001/swg.fits[1]
scw/0851/085100360010.001/swg.fits[1]
scw/0852/085200250010.001/swg.fits[1]
scw/0852/085200260010.001/swg.fits[1]
scw/0852/085200270010.001/swg.fits[1]
