scw/0643/064300500010.001/swg.fits[1]
scw/0643/064300510010.001/swg.fits[1]
scw/0643/064300520010.001/swg.fits[1]
scw/0644/064400520010.001/swg.fits[1]
scw/0645/064500360010.001/swg.fits[1]
scw/0645/064500370010.001/swg.fits[1]
scw/0763/076300020010.001/swg.fits[1]
scw/0763/076300500010.001/swg.fits[1]
scw/0763/076300510010.001/swg.fits[1]
scw/0763/076300520010.001/swg.fits[1]
scw/0765/076500120010.001/swg.fits[1]
scw/0766/076600310010.001/swg.fits[1]
scw/0767/076700020010.001/swg.fits[1]
scw/0887/088700020010.001/swg.fits[1]
scw/0887/088700500010.001/swg.fits[1]
scw/0887/088700510010.001/swg.fits[1]
scw/0887/088700520010.001/swg.fits[1]
scw/0950/095000100010.001/swg.fits[1]
scw/0950/095000110010.001/swg.fits[1]
scw/0950/095000490010.001/swg.fits[1]
scw/0950/095000500010.001/swg.fits[1]
scw/0952/095200630010.001/swg.fits[1]
scw/0952/095200640010.001/swg.fits[1]
scw/1012/101200100010.001/swg.fits[1]
scw/1012/101200110010.001/swg.fits[1]
scw/1012/101200120010.001/swg.fits[1]
scw/1012/101200510010.001/swg.fits[1]
scw/1012/101200520010.001/swg.fits[1]
scw/1012/101200530010.001/swg.fits[1]
scw/1013/101300120010.001/swg.fits[1]
scw/1013/101300130010.001/swg.fits[1]
scw/1013/101300140010.001/swg.fits[1]
scw/1013/101300650010.001/swg.fits[1]
scw/1013/101300660010.001/swg.fits[1]
scw/1013/101300670010.001/swg.fits[1]
scw/1136/113600230010.001/swg.fits[1]
scw/1136/113600240010.001/swg.fits[1]
scw/1136/113600250010.001/swg.fits[1]
scw/1198/119800300010.001/swg.fits[1]
scw/1198/119800310010.001/swg.fits[1]
scw/1255/125500690010.001/swg.fits[1]
scw/1255/125500700010.001/swg.fits[1]
scw/1255/125500710010.001/swg.fits[1]
scw/1256/125600560010.001/swg.fits[1]
scw/1256/125600570010.001/swg.fits[1]
scw/1256/125600580010.001/swg.fits[1]
scw/2249/224900300010.001/swg.fits[1]
scw/2395/239500340010.001/swg.fits[1]
scw/2458/245800280010.001/swg.fits[1]
