scw/0768/076800260010.001/swg.fits[1]
scw/0768/076800350010.001/swg.fits[1]
scw/1370/137000460010.001/swg.fits[1]
scw/1374/137400280010.001/swg.fits[1]
scw/1378/137800370010.001/swg.fits[1]
scw/1438/143800430010.001/swg.fits[1]
scw/1714/171400100010.001/swg.fits[1]
scw/1714/171400110010.001/swg.fits[1]
scw/1714/171400120010.001/swg.fits[1]
scw/1714/171400410010.001/swg.fits[1]
scw/1714/171400420010.001/swg.fits[1]
scw/1714/171400510010.001/swg.fits[1]
scw/2120/212000670010.001/swg.fits[1]
scw/2120/212000680010.001/swg.fits[1]
scw/2315/231500470010.001/swg.fits[1]
scw/2315/231500480010.001/swg.fits[1]
scw/2315/231500780010.001/swg.fits[1]
scw/2315/231500790010.001/swg.fits[1]
scw/2457/245700360010.001/swg.fits[1]
scw/2459/245900420010.001/swg.fits[1]
scw/2460/246000080010.001/swg.fits[1]
scw/2463/246300250010.001/swg.fits[1]
