scw/0205/020500120010.001/swg.fits[1]
scw/0205/020500130010.001/swg.fits[1]
scw/0205/020500200010.001/swg.fits[1]
scw/0205/020500210010.001/swg.fits[1]
scw/0205/020500310010.001/swg.fits[1]
scw/0205/020500320010.001/swg.fits[1]
scw/0205/020500390010.001/swg.fits[1]
scw/0205/020500400010.001/swg.fits[1]
scw/0205/020500600010.001/swg.fits[1]
scw/0205/020500610010.001/swg.fits[1]
scw/0206/020600070010.001/swg.fits[1]
scw/0206/020600080010.001/swg.fits[1]
scw/0206/020600180010.001/swg.fits[1]
scw/0206/020600190010.001/swg.fits[1]
scw/0206/020600260010.001/swg.fits[1]
scw/0206/020600270010.001/swg.fits[1]
scw/0206/020600470010.001/swg.fits[1]
scw/0206/020600480010.001/swg.fits[1]
scw/0206/020600550010.001/swg.fits[1]
scw/0206/020600560010.001/swg.fits[1]
scw/0257/025700700010.001/swg.fits[1]
scw/0257/025700710010.001/swg.fits[1]
scw/0257/025700780010.001/swg.fits[1]
scw/0257/025700790010.001/swg.fits[1]
scw/0257/025700900010.001/swg.fits[1]
scw/0257/025700910010.001/swg.fits[1]
