scw/0050/005000020010.001/swg.fits[1]
scw/0059/005900080010.001/swg.fits[1]
scw/0067/006700070010.001/swg.fits[1]
scw/0079/007900170010.001/swg.fits[1]
scw/0136/013600080010.001/swg.fits[1]
scw/0241/024100080010.001/swg.fits[1]
scw/0242/024200330010.001/swg.fits[1]
scw/0242/024200340010.001/swg.fits[1]
scw/0243/024300890010.001/swg.fits[1]
scw/0243/024300900010.001/swg.fits[1]
scw/0245/024500170010.001/swg.fits[1]
scw/0253/025300090010.001/swg.fits[1]
scw/0257/025700040010.001/swg.fits[1]
scw/0261/026100130010.001/swg.fits[1]
scw/0264/026400150010.001/swg.fits[1]
scw/0265/026500150010.001/swg.fits[1]
scw/0301/030100320010.001/swg.fits[1]
scw/0303/030300060010.001/swg.fits[1]
scw/0427/042700640010.001/swg.fits[1]
scw/0435/043500100010.001/swg.fits[1]
scw/0441/044100550010.001/swg.fits[1]
scw/0443/044300840010.001/swg.fits[1]
scw/0447/044700570010.001/swg.fits[1]
scw/0482/048200180010.001/swg.fits[1]
scw/0482/048200190010.001/swg.fits[1]
scw/0482/048200280010.001/swg.fits[1]
scw/0482/048200480010.001/swg.fits[1]
scw/0498/049800180010.001/swg.fits[1]
scw/0498/049800190010.001/swg.fits[1]
scw/0498/049800500010.001/swg.fits[1]
scw/0498/049800590010.001/swg.fits[1]
scw/0498/049800590020.001/swg.fits[1]
scw/0499/049900090010.001/swg.fits[1]
scw/0499/049900100010.001/swg.fits[1]
scw/0499/049900170010.001/swg.fits[1]
scw/0499/049900180010.001/swg.fits[1]
scw/0499/049900490010.001/swg.fits[1]
scw/0499/049900500010.001/swg.fits[1]
scw/0499/049900570010.001/swg.fits[1]
scw/0499/049900580010.001/swg.fits[1]
scw/0499/049900590010.001/swg.fits[1]
scw/0499/049900600010.001/swg.fits[1]
scw/0500/050000060010.001/swg.fits[1]
scw/0500/050000070010.001/swg.fits[1]
scw/0500/050000380010.001/swg.fits[1]
scw/0500/050000460010.001/swg.fits[1]
scw/0500/050000470010.001/swg.fits[1]
scw/0500/050000480010.001/swg.fits[1]
scw/0500/050000490010.001/swg.fits[1]
scw/0500/050000560010.001/swg.fits[1]
scw/0500/050000570010.001/swg.fits[1]
scw/0501/050100630010.001/swg.fits[1]
scw/0501/050100640010.001/swg.fits[1]
scw/0501/050100710010.001/swg.fits[1]
scw/0501/050100720010.001/swg.fits[1]
scw/0501/050100730010.001/swg.fits[1]
scw/0501/050100740010.001/swg.fits[1]
scw/0502/050200070010.001/swg.fits[1]
scw/0502/050200520010.001/swg.fits[1]
scw/0502/050200530010.001/swg.fits[1]
scw/0502/050200540010.001/swg.fits[1]
scw/0502/050200590010.001/swg.fits[1]
scw/0502/050200600010.001/swg.fits[1]
scw/0502/050200610010.001/swg.fits[1]
scw/0502/050200620010.001/swg.fits[1]
scw/0502/050200630010.001/swg.fits[1]
scw/0503/050300020010.001/swg.fits[1]
scw/0503/050300030010.001/swg.fits[1]
scw/0503/050300340010.001/swg.fits[1]
scw/0503/050300350010.001/swg.fits[1]
scw/0503/050300420010.001/swg.fits[1]
scw/0503/050300430010.001/swg.fits[1]
scw/0503/050300440010.001/swg.fits[1]
scw/0503/050300450010.001/swg.fits[1]
scw/0503/050300520010.001/swg.fits[1]
scw/0503/050300530010.001/swg.fits[1]
scw/0504/050400320010.001/swg.fits[1]
scw/0504/050400400010.001/swg.fits[1]
scw/0504/050400410010.001/swg.fits[1]
scw/0504/050400420010.001/swg.fits[1]
scw/0504/050400430010.001/swg.fits[1]
scw/0505/050500200010.001/swg.fits[1]
scw/0505/050500210010.001/swg.fits[1]
scw/0505/050500280010.001/swg.fits[1]
scw/0505/050500290010.001/swg.fits[1]
scw/0505/050500300010.001/swg.fits[1]
scw/0505/050500310010.001/swg.fits[1]
scw/0506/050600180010.001/swg.fits[1]
scw/0506/050600190010.001/swg.fits[1]
scw/0506/050600200010.001/swg.fits[1]
scw/0506/050600210010.001/swg.fits[1]
scw/0545/054500180010.001/swg.fits[1]
scw/0545/054500190010.001/swg.fits[1]
scw/0545/054500200010.001/swg.fits[1]
scw/0545/054500670010.001/swg.fits[1]
scw/0546/054600560010.001/swg.fits[1]
scw/0546/054600570010.001/swg.fits[1]
scw/1038/103800150010.001/swg.fits[1]
scw/1038/103800160010.001/swg.fits[1]
scw/1038/103800170010.001/swg.fits[1]
scw/1038/103800480010.001/swg.fits[1]
scw/1038/103800490010.001/swg.fits[1]
scw/1038/103800500010.001/swg.fits[1]
scw/1039/103900150010.001/swg.fits[1]
scw/1039/103900160010.001/swg.fits[1]
scw/1039/103900170010.001/swg.fits[1]
scw/1039/103900480010.001/swg.fits[1]
scw/1039/103900490010.001/swg.fits[1]
scw/1039/103900500010.001/swg.fits[1]
scw/1039/103900770010.001/swg.fits[1]
scw/1039/103900780010.001/swg.fits[1]
scw/1039/103900790010.001/swg.fits[1]
scw/1048/104800080010.001/swg.fits[1]
scw/1049/104900610010.001/swg.fits[1]
scw/1050/105000560010.001/swg.fits[1]
scw/1051/105100200010.001/swg.fits[1]
scw/1053/105300120010.001/swg.fits[1]
scw/1054/105400130010.001/swg.fits[1]
scw/1059/105900130010.001/swg.fits[1]
scw/1114/111400030010.001/swg.fits[1]
scw/1121/112100020010.001/swg.fits[1]
scw/1154/115400490010.001/swg.fits[1]
scw/1154/115400500010.001/swg.fits[1]
scw/1154/115400510010.001/swg.fits[1]
scw/1161/116101000010.001/swg.fits[1]
scw/1161/116101010010.001/swg.fits[1]
scw/1161/116101020010.001/swg.fits[1]
scw/1163/116300300010.001/swg.fits[1]
scw/1163/116300310010.001/swg.fits[1]
scw/1163/116300320010.001/swg.fits[1]
scw/1163/116300640010.001/swg.fits[1]
scw/1163/116300650010.001/swg.fits[1]
scw/1163/116300660010.001/swg.fits[1]
scw/1163/116300920010.001/swg.fits[1]
scw/1163/116300930010.001/swg.fits[1]
scw/1163/116300940010.001/swg.fits[1]
scw/1164/116400180010.001/swg.fits[1]
scw/1164/116400190010.001/swg.fits[1]
scw/1164/116400200010.001/swg.fits[1]
scw/1164/116400470010.001/swg.fits[1]
scw/1164/116400480010.001/swg.fits[1]
scw/1164/116400490010.001/swg.fits[1]
scw/1164/116400800010.001/swg.fits[1]
scw/1164/116400810010.001/swg.fits[1]
scw/1164/116400820010.001/swg.fits[1]
scw/1165/116500170010.001/swg.fits[1]
scw/1165/116500180010.001/swg.fits[1]
scw/1165/116500190010.001/swg.fits[1]
scw/1165/116500440010.001/swg.fits[1]
scw/1165/116500450010.001/swg.fits[1]
scw/1165/116500460010.001/swg.fits[1]
scw/1165/116500770010.001/swg.fits[1]
scw/1165/116500780010.001/swg.fits[1]
scw/1165/116500790010.001/swg.fits[1]
scw/1166/116600170010.001/swg.fits[1]
scw/1166/116600180010.001/swg.fits[1]
scw/1166/116600190010.001/swg.fits[1]
scw/1166/116600460010.001/swg.fits[1]
scw/1166/116600470010.001/swg.fits[1]
scw/1166/116600480010.001/swg.fits[1]
scw/1166/116600810010.001/swg.fits[1]
scw/1166/116600820010.001/swg.fits[1]
scw/1166/116600830010.001/swg.fits[1]
scw/1167/116700300010.001/swg.fits[1]
scw/1167/116700310010.001/swg.fits[1]
scw/1167/116700320010.001/swg.fits[1]
scw/1167/116700630010.001/swg.fits[1]
scw/1167/116700640010.001/swg.fits[1]
scw/1167/116700650010.001/swg.fits[1]
scw/1167/116700930010.001/swg.fits[1]
scw/1167/116700940010.001/swg.fits[1]
scw/1167/116700950010.001/swg.fits[1]
scw/1168/116800170010.001/swg.fits[1]
scw/1168/116800180010.001/swg.fits[1]
scw/1168/116800190010.001/swg.fits[1]
scw/1168/116800460010.001/swg.fits[1]
scw/1168/116800470010.001/swg.fits[1]
scw/1168/116800480010.001/swg.fits[1]
scw/1168/116800790010.001/swg.fits[1]
scw/1168/116800800010.001/swg.fits[1]
scw/1168/116800810010.001/swg.fits[1]
scw/1169/116900330010.001/swg.fits[1]
scw/1169/116900340010.001/swg.fits[1]
scw/1169/116900350010.001/swg.fits[1]
scw/1169/116900570010.001/swg.fits[1]
scw/1171/117100310010.001/swg.fits[1]
scw/1172/117200240010.001/swg.fits[1]
scw/1173/117300040010.001/swg.fits[1]
scw/1173/117300130010.001/swg.fits[1]
scw/1178/117800130010.001/swg.fits[1]
scw/1180/118000020010.001/swg.fits[1]
scw/1180/118000150010.001/swg.fits[1]
scw/1229/122900140010.001/swg.fits[1]
scw/1230/123000340010.001/swg.fits[1]
scw/1235/123500320010.001/swg.fits[1]
scw/1236/123600030010.001/swg.fits[1]
scw/1293/129300520010.001/swg.fits[1]
scw/1299/129900150010.001/swg.fits[1]
scw/1476/147600120010.001/swg.fits[1]
scw/1481/148100020010.001/swg.fits[1]
scw/1482/148200230010.001/swg.fits[1]
scw/1483/148300800010.001/swg.fits[1]
scw/1531/153100090010.001/swg.fits[1]
scw/1531/153100100010.001/swg.fits[1]
scw/1531/153100170010.001/swg.fits[1]
scw/1531/153100180010.001/swg.fits[1]
scw/1531/153100190010.001/swg.fits[1]
