scw/0270/027000700010.001/swg.fits[1]
scw/0270/027000780010.001/swg.fits[1]
scw/0270/027000790010.001/swg.fits[1]
scw/0271/027100350010.001/swg.fits[1]
scw/0271/027100440010.001/swg.fits[1]
scw/0271/027100450010.001/swg.fits[1]
scw/0271/027100460010.001/swg.fits[1]
scw/0271/027100530010.001/swg.fits[1]
scw/0271/027100540010.001/swg.fits[1]
scw/0272/027200620010.001/swg.fits[1]
scw/0272/027200630010.001/swg.fits[1]
scw/0272/027200700010.001/swg.fits[1]
scw/0272/027200710010.001/swg.fits[1]
scw/0514/051400530010.001/swg.fits[1]
scw/0514/051400540010.001/swg.fits[1]
scw/0514/051400550010.001/swg.fits[1]
scw/0514/051400770010.001/swg.fits[1]
scw/0514/051400780010.001/swg.fits[1]
scw/0514/051400790010.001/swg.fits[1]
scw/0515/051500790010.001/swg.fits[1]
scw/0515/051500800010.001/swg.fits[1]
scw/0517/051700380010.001/swg.fits[1]
scw/0517/051700390010.001/swg.fits[1]
scw/0517/051700400010.001/swg.fits[1]
scw/0518/051800210010.001/swg.fits[1]
scw/0518/051800220010.001/swg.fits[1]
scw/0519/051900400010.001/swg.fits[1]
scw/0519/051900410010.001/swg.fits[1]
scw/0520/052000380010.001/swg.fits[1]
scw/0520/052000390010.001/swg.fits[1]
scw/0520/052000620010.001/swg.fits[1]
scw/0520/052000630010.001/swg.fits[1]
scw/0523/052300520010.001/swg.fits[1]
scw/0523/052300530010.001/swg.fits[1]
scw/0523/052300760010.001/swg.fits[1]
scw/0523/052300770010.001/swg.fits[1]
scw/0523/052300820010.001/swg.fits[1]
scw/0523/052300830010.001/swg.fits[1]
scw/0531/053100680010.001/swg.fits[1]
scw/0531/053100690010.001/swg.fits[1]
scw/0575/057500570010.001/swg.fits[1]
scw/0575/057500580010.001/swg.fits[1]
scw/0575/057500810010.001/swg.fits[1]
scw/0575/057500820010.001/swg.fits[1]
scw/0575/057500870010.001/swg.fits[1]
scw/0575/057500880010.001/swg.fits[1]
scw/0576/057600550010.001/swg.fits[1]
scw/0576/057600560010.001/swg.fits[1]
scw/0576/057600790010.001/swg.fits[1]
scw/0576/057600800010.001/swg.fits[1]
scw/0577/057700540010.001/swg.fits[1]
scw/0577/057700550010.001/swg.fits[1]
scw/0577/057700780010.001/swg.fits[1]
scw/0577/057700790010.001/swg.fits[1]
scw/0577/057700800010.001/swg.fits[1]
scw/0577/057700850010.001/swg.fits[1]
scw/0577/057700860010.001/swg.fits[1]
scw/0577/057700870010.001/swg.fits[1]
scw/0579/057900540010.001/swg.fits[1]
scw/0579/057900550010.001/swg.fits[1]
scw/0579/057900560010.001/swg.fits[1]
scw/0579/057900780010.001/swg.fits[1]
scw/0579/057900790010.001/swg.fits[1]
scw/0579/057900800010.001/swg.fits[1]
scw/0579/057900870010.001/swg.fits[1]
scw/0579/057900880010.001/swg.fits[1]
scw/0579/057900890010.001/swg.fits[1]
scw/0580/058000560010.001/swg.fits[1]
scw/0580/058000570010.001/swg.fits[1]
scw/0580/058000580010.001/swg.fits[1]
scw/0582/058200290010.001/swg.fits[1]
scw/0582/058200380010.001/swg.fits[1]
scw/0582/058200390010.001/swg.fits[1]
scw/0583/058300590010.001/swg.fits[1]
scw/0583/058300680010.001/swg.fits[1]
scw/0583/058300690010.001/swg.fits[1]
scw/0585/058500560010.001/swg.fits[1]
scw/0585/058500570010.001/swg.fits[1]
scw/0585/058500580010.001/swg.fits[1]
scw/0585/058500790010.001/swg.fits[1]
scw/0585/058500800010.001/swg.fits[1]
scw/0585/058500810010.001/swg.fits[1]
scw/0585/058500850010.001/swg.fits[1]
scw/0585/058500860010.001/swg.fits[1]
scw/0585/058500870010.001/swg.fits[1]
scw/0586/058600540010.001/swg.fits[1]
scw/0586/058600550010.001/swg.fits[1]
scw/0586/058600560010.001/swg.fits[1]
scw/0586/058600780010.001/swg.fits[1]
scw/0586/058600800010.001/swg.fits[1]
scw/0586/058600810010.001/swg.fits[1]
scw/0586/058600870010.001/swg.fits[1]
scw/0586/058600880010.001/swg.fits[1]
scw/0586/058600890010.001/swg.fits[1]
scw/0587/058700540010.001/swg.fits[1]
scw/0587/058700550010.001/swg.fits[1]
scw/0587/058700560010.001/swg.fits[1]
scw/0587/058700780010.001/swg.fits[1]
scw/0587/058700790010.001/swg.fits[1]
scw/0587/058700800010.001/swg.fits[1]
scw/0587/058701000010.001/swg.fits[1]
scw/0588/058800530010.001/swg.fits[1]
scw/0588/058800540010.001/swg.fits[1]
scw/0588/058800550010.001/swg.fits[1]
scw/0588/058800760010.001/swg.fits[1]
scw/0588/058800770010.001/swg.fits[1]
scw/0588/058800780010.001/swg.fits[1]
scw/0647/064700620010.001/swg.fits[1]
scw/0647/064700630010.001/swg.fits[1]
scw/0648/064800610010.001/swg.fits[1]
scw/0648/064800620010.001/swg.fits[1]
scw/0648/064800860010.001/swg.fits[1]
scw/0648/064800870010.001/swg.fits[1]
scw/0651/065100600010.001/swg.fits[1]
scw/0651/065100610010.001/swg.fits[1]
scw/0651/065100940010.001/swg.fits[1]
scw/0651/065100950010.001/swg.fits[1]
scw/0703/070300600010.001/swg.fits[1]
scw/0703/070300610010.001/swg.fits[1]
scw/0703/070300620010.001/swg.fits[1]
scw/0703/070300860010.001/swg.fits[1]
scw/0703/070300870010.001/swg.fits[1]
scw/0703/070300880010.001/swg.fits[1]
scw/0704/070400830010.001/swg.fits[1]
scw/0704/070400840010.001/swg.fits[1]
scw/0704/070400850010.001/swg.fits[1]
scw/0705/070500640010.001/swg.fits[1]
scw/0705/070500650010.001/swg.fits[1]
scw/0705/070500660010.001/swg.fits[1]
scw/1572/157200640010.001/swg.fits[1]
scw/1854/185400020010.001/swg.fits[1]
scw/1854/185400030010.001/swg.fits[1]
scw/1854/185400110010.001/swg.fits[1]
scw/2412/241200330010.001/swg.fits[1]
scw/2427/242700020010.001/swg.fits[1]
