scw/0031/003100070010.001/swg.fits[1]
scw/0070/007000030010.001/swg.fits[1]
scw/0092/009200090010.001/swg.fits[1]
scw/0153/015300060270.001/swg.fits[1]
scw/0249/024900060010.001/swg.fits[1]
scw/0266/026600230010.001/swg.fits[1]
scw/0269/026900460010.001/swg.fits[1]
scw/0286/028600300010.001/swg.fits[1]
scw/0957/095700240010.001/swg.fits[1]
scw/1056/105600640010.001/swg.fits[1]
scw/1059/105900050010.001/swg.fits[1]
scw/1061/106100190010.001/swg.fits[1]
scw/1189/118900160010.001/swg.fits[1]
scw/1243/124300150010.001/swg.fits[1]
scw/1375/137500740010.001/swg.fits[1]
scw/1485/148500900010.001/swg.fits[1]
scw/1611/161100720010.001/swg.fits[1]
scw/1689/168900310010.001/swg.fits[1]
scw/1689/168900320010.001/swg.fits[1]
scw/1691/169100280010.001/swg.fits[1]
scw/1691/169100290010.001/swg.fits[1]
scw/2099/209900500010.001/swg.fits[1]
scw/2099/209900510010.001/swg.fits[1]
scw/2168/216800570010.001/swg.fits[1]
scw/2170/217000210010.001/swg.fits[1]
scw/2170/217000220010.001/swg.fits[1]
scw/2171/217100260010.001/swg.fits[1]
scw/2171/217100270010.001/swg.fits[1]
scw/2317/231700240010.001/swg.fits[1]
scw/2317/231700330010.001/swg.fits[1]
scw/2318/231800380010.001/swg.fits[1]
scw/2393/239300020010.001/swg.fits[1]
