scw/0646/064600050010.001/swg.fits[1]
scw/0646/064600060010.001/swg.fits[1]
scw/0646/064600080010.001/swg.fits[1]
scw/0646/064600090010.001/swg.fits[1]
scw/0646/064600150010.001/swg.fits[1]
scw/0646/064600380010.001/swg.fits[1]
scw/0646/064600390010.001/swg.fits[1]
scw/0646/064600440010.001/swg.fits[1]
scw/0646/064600450010.001/swg.fits[1]
scw/0646/064600480010.001/swg.fits[1]
scw/0646/064600580010.001/swg.fits[1]
scw/0646/064600590010.001/swg.fits[1]
scw/0646/064600640010.001/swg.fits[1]
scw/0646/064600650010.001/swg.fits[1]
scw/0646/064600660010.001/swg.fits[1]
scw/0662/066200170010.001/swg.fits[1]
scw/0662/066200180010.001/swg.fits[1]
scw/0662/066200190010.001/swg.fits[1]
scw/0662/066200250010.001/swg.fits[1]
scw/0662/066200260010.001/swg.fits[1]
scw/0662/066200480010.001/swg.fits[1]
scw/0662/066200490010.001/swg.fits[1]
scw/0662/066200540010.001/swg.fits[1]
scw/0662/066200550010.001/swg.fits[1]
scw/0662/066200580010.001/swg.fits[1]
scw/0662/066200680010.001/swg.fits[1]
scw/0662/066200690010.001/swg.fits[1]
scw/0662/066200740010.001/swg.fits[1]
scw/0662/066200750010.001/swg.fits[1]
scw/0662/066200760010.001/swg.fits[1]
scw/0662/066200780010.001/swg.fits[1]
scw/0662/066200940010.001/swg.fits[1]
scw/0662/066200980010.001/swg.fits[1]
scw/0662/066200990010.001/swg.fits[1]
scw/0662/066201040010.001/swg.fits[1]
scw/0662/066201050010.001/swg.fits[1]
scw/0706/070600050010.001/swg.fits[1]
scw/0706/070600060010.001/swg.fits[1]
scw/0706/070600100010.001/swg.fits[1]
scw/0706/070600110010.001/swg.fits[1]
scw/0706/070600120010.001/swg.fits[1]
scw/0706/070600160010.001/swg.fits[1]
scw/0706/070600410010.001/swg.fits[1]
scw/0706/070600450010.001/swg.fits[1]
scw/0706/070600460010.001/swg.fits[1]
scw/0706/070600470010.001/swg.fits[1]
scw/0706/070600510010.001/swg.fits[1]
scw/0706/070600550010.001/swg.fits[1]
scw/0706/070600560010.001/swg.fits[1]
scw/0706/070600600010.001/swg.fits[1]
scw/0706/070600610010.001/swg.fits[1]
scw/0706/070600620010.001/swg.fits[1]
scw/0707/070700300010.001/swg.fits[1]
scw/0707/070700350010.001/swg.fits[1]
scw/0707/070700360010.001/swg.fits[1]
scw/0707/070700390010.001/swg.fits[1]
scw/0707/070700400010.001/swg.fits[1]
scw/0707/070700440010.001/swg.fits[1]
scw/0707/070700450010.001/swg.fits[1]
scw/0707/070700500010.001/swg.fits[1]
scw/0707/070700510010.001/swg.fits[1]
scw/0707/070700540010.001/swg.fits[1]
scw/0707/070700550010.001/swg.fits[1]
scw/0708/070800210010.001/swg.fits[1]
scw/0708/070800250010.001/swg.fits[1]
scw/0708/070800260010.001/swg.fits[1]
scw/0708/070800270010.001/swg.fits[1]
scw/0708/070800310010.001/swg.fits[1]
scw/0708/070800350010.001/swg.fits[1]
scw/0708/070800360010.001/swg.fits[1]
scw/0708/070800400010.001/swg.fits[1]
scw/0708/070800410010.001/swg.fits[1]
scw/0708/070800420010.001/swg.fits[1]
scw/0709/070900120010.001/swg.fits[1]
scw/0709/070900160010.001/swg.fits[1]
scw/0709/070900170010.001/swg.fits[1]
scw/0709/070900180010.001/swg.fits[1]
scw/0709/070900220010.001/swg.fits[1]
scw/0710/071000050010.001/swg.fits[1]
scw/0710/071000100010.001/swg.fits[1]
scw/0710/071000110010.001/swg.fits[1]
scw/0710/071000140010.001/swg.fits[1]
scw/0710/071000150010.001/swg.fits[1]
scw/0715/071500230010.001/swg.fits[1]
scw/0715/071500290010.001/swg.fits[1]
scw/0715/071500300010.001/swg.fits[1]
scw/0715/071500310010.001/swg.fits[1]
scw/0715/071500330010.001/swg.fits[1]
scw/0715/071500400010.001/swg.fits[1]
scw/0715/071500430010.001/swg.fits[1]
scw/0715/071500500010.001/swg.fits[1]
scw/0716/071600150010.001/swg.fits[1]
scw/0716/071600160010.001/swg.fits[1]
scw/0716/071600170010.001/swg.fits[1]
scw/0716/071600220010.001/swg.fits[1]
scw/0716/071600230010.001/swg.fits[1]
scw/0716/071600360010.001/swg.fits[1]
scw/0716/071600370010.001/swg.fits[1]
scw/0716/071600420010.001/swg.fits[1]
scw/0716/071600430010.001/swg.fits[1]
scw/0716/071600440010.001/swg.fits[1]
scw/0716/071600600010.001/swg.fits[1]
scw/0716/071600610010.001/swg.fits[1]
scw/0716/071600620010.001/swg.fits[1]
scw/0716/071600650010.001/swg.fits[1]
scw/0716/071600660010.001/swg.fits[1]
scw/0724/072400080010.001/swg.fits[1]
scw/0724/072400090010.001/swg.fits[1]
scw/0724/072400100010.001/swg.fits[1]
scw/0724/072400200010.001/swg.fits[1]
scw/0724/072400210010.001/swg.fits[1]
scw/0724/072400220010.001/swg.fits[1]
scw/0724/072400280010.001/swg.fits[1]
scw/0724/072400290010.001/swg.fits[1]
scw/0724/072400460010.001/swg.fits[1]
scw/0724/072400470010.001/swg.fits[1]
scw/0724/072400480010.001/swg.fits[1]
scw/0724/072400510010.001/swg.fits[1]
scw/0724/072400520010.001/swg.fits[1]
scw/0724/072400530010.001/swg.fits[1]
scw/0772/077200300010.001/swg.fits[1]
scw/0772/077200340010.001/swg.fits[1]
scw/0772/077200380010.001/swg.fits[1]
scw/0772/077200390010.001/swg.fits[1]
scw/0772/077200430010.001/swg.fits[1]
scw/0772/077200440010.001/swg.fits[1]
scw/0772/077200450010.001/swg.fits[1]
scw/0773/077300140010.001/swg.fits[1]
scw/0773/077300180010.001/swg.fits[1]
scw/0773/077300190010.001/swg.fits[1]
scw/0773/077300200010.001/swg.fits[1]
scw/0773/077300240010.001/swg.fits[1]
scw/0773/077300280010.001/swg.fits[1]
scw/0773/077300290010.001/swg.fits[1]
scw/0773/077300340010.001/swg.fits[1]
scw/0773/077300350010.001/swg.fits[1]
scw/0773/077300380010.001/swg.fits[1]
scw/0775/077500080010.001/swg.fits[1]
scw/0775/077500090010.001/swg.fits[1]
scw/0775/077500100010.001/swg.fits[1]
scw/0775/077500140010.001/swg.fits[1]
scw/0775/077500150010.001/swg.fits[1]
scw/0775/077500180010.001/swg.fits[1]
scw/0775/077500230010.001/swg.fits[1]
scw/0775/077500240010.001/swg.fits[1]
scw/0775/077500250010.001/swg.fits[1]
scw/0775/077500540010.001/swg.fits[1]
scw/0775/077500550010.001/swg.fits[1]
scw/0775/077500580010.001/swg.fits[1]
scw/0775/077500590010.001/swg.fits[1]
scw/0961/096100160010.001/swg.fits[1]
scw/0961/096100170010.001/swg.fits[1]
scw/0961/096100180010.001/swg.fits[1]
scw/0964/096400360010.001/swg.fits[1]
scw/0964/096400370010.001/swg.fits[1]
scw/0964/096400390010.001/swg.fits[1]
scw/0964/096400500010.001/swg.fits[1]
scw/0964/096400510010.001/swg.fits[1]
scw/0964/096400520010.001/swg.fits[1]
scw/0964/096401030010.001/swg.fits[1]
scw/0964/096401040010.001/swg.fits[1]
scw/0964/096401050010.001/swg.fits[1]
scw/0965/096500260010.001/swg.fits[1]
scw/0965/096500270010.001/swg.fits[1]
scw/0965/096500280010.001/swg.fits[1]
scw/0965/096500390010.001/swg.fits[1]
scw/0965/096500410010.001/swg.fits[1]
scw/0965/096500420010.001/swg.fits[1]
scw/1252/125200200010.001/swg.fits[1]
scw/1252/125200210010.001/swg.fits[1]
scw/1252/125200220010.001/swg.fits[1]
scw/1252/125200230010.001/swg.fits[1]
scw/1252/125200240010.001/swg.fits[1]
scw/1252/125200300010.001/swg.fits[1]
scw/1252/125200310010.001/swg.fits[1]
scw/1252/125200320010.001/swg.fits[1]
scw/1252/125200330010.001/swg.fits[1]
scw/1263/126300130010.001/swg.fits[1]
scw/1263/126300300010.001/swg.fits[1]
scw/1263/126300310010.001/swg.fits[1]
scw/1263/126300320010.001/swg.fits[1]
scw/1263/126300330010.001/swg.fits[1]
scw/1314/131400230010.001/swg.fits[1]
scw/1314/131400240010.001/swg.fits[1]
scw/1314/131400250010.001/swg.fits[1]
scw/1314/131400260010.001/swg.fits[1]
scw/1314/131400270010.001/swg.fits[1]
scw/1314/131400640010.001/swg.fits[1]
scw/1314/131400650010.001/swg.fits[1]
scw/1314/131400660010.001/swg.fits[1]
scw/1314/131400670010.001/swg.fits[1]
scw/1325/132500070010.001/swg.fits[1]
scw/1325/132500080010.001/swg.fits[1]
scw/1325/132500090010.001/swg.fits[1]
scw/1325/132500100010.001/swg.fits[1]
scw/1325/132500170010.001/swg.fits[1]
scw/1325/132500390010.001/swg.fits[1]
scw/1325/132500470010.001/swg.fits[1]
scw/1325/132500480010.001/swg.fits[1]
scw/1325/132500490010.001/swg.fits[1]
scw/1325/132500500010.001/swg.fits[1]
scw/1325/132500560010.001/swg.fits[1]
scw/1910/191000130010.001/swg.fits[1]
scw/1910/191000170010.001/swg.fits[1]
scw/1910/191000230010.001/swg.fits[1]
scw/1910/191000240010.001/swg.fits[1]
scw/1911/191100590010.001/swg.fits[1]
scw/1912/191200020010.001/swg.fits[1]
scw/1912/191200030010.001/swg.fits[1]
scw/1912/191200040010.001/swg.fits[1]
scw/1912/191200060010.001/swg.fits[1]
scw/1912/191200250010.001/swg.fits[1]
scw/1912/191200260010.001/swg.fits[1]
scw/1912/191200270010.001/swg.fits[1]
scw/1912/191200320010.001/swg.fits[1]
scw/1912/191200330010.001/swg.fits[1]
scw/1978/197800160010.001/swg.fits[1]
scw/1988/198800240010.001/swg.fits[1]
scw/1988/198800290010.001/swg.fits[1]
scw/1990/199000430010.001/swg.fits[1]
scw/1990/199000440010.001/swg.fits[1]
scw/2058/205800320010.001/swg.fits[1]
scw/2116/211600180010.001/swg.fits[1]
scw/2117/211700120010.001/swg.fits[1]
scw/2117/211700130010.001/swg.fits[1]
scw/2117/211700170010.001/swg.fits[1]
scw/2117/211700180010.001/swg.fits[1]
scw/2117/211700190010.001/swg.fits[1]
scw/2117/211700230010.001/swg.fits[1]
scw/2117/211700380010.001/swg.fits[1]
scw/2117/211700390010.001/swg.fits[1]
scw/2117/211700420010.001/swg.fits[1]
scw/2117/211700430010.001/swg.fits[1]
scw/2117/211700490010.001/swg.fits[1]
