scw/0557/055700040010.001/swg.fits[1]
scw/0559/055900030010.001/swg.fits[1]
scw/0561/056100560010.001/swg.fits[1]
scw/0561/056100570010.001/swg.fits[1]
scw/0599/059900060010.001/swg.fits[1]
scw/0599/059900070010.001/swg.fits[1]
scw/0599/059900080010.001/swg.fits[1]
scw/0601/060100140010.001/swg.fits[1]
scw/0601/060100150010.001/swg.fits[1]
scw/0601/060100160010.001/swg.fits[1]
scw/0603/060300180010.001/swg.fits[1]
scw/0603/060300190010.001/swg.fits[1]
scw/0603/060300200010.001/swg.fits[1]
scw/0607/060700150010.001/swg.fits[1]
scw/0608/060800160010.001/swg.fits[1]
scw/0608/060800370010.001/swg.fits[1]
scw/0608/060800670010.001/swg.fits[1]
scw/0609/060900190010.001/swg.fits[1]
scw/0609/060900200010.001/swg.fits[1]
scw/0610/061000130010.001/swg.fits[1]
scw/0610/061000140010.001/swg.fits[1]
scw/0610/061000150010.001/swg.fits[1]
scw/0611/061100770010.001/swg.fits[1]
scw/0611/061100780010.001/swg.fits[1]
scw/0611/061100790010.001/swg.fits[1]
scw/0612/061200360010.001/swg.fits[1]
scw/0612/061200370010.001/swg.fits[1]
scw/0613/061300010010.001/swg.fits[1]
scw/0613/061300200010.001/swg.fits[1]
scw/0613/061300210010.001/swg.fits[1]
scw/0614/061400060010.001/swg.fits[1]
scw/0614/061400070010.001/swg.fits[1]
scw/0614/061400080010.001/swg.fits[1]
scw/0615/061500880010.001/swg.fits[1]
scw/0615/061500890010.001/swg.fits[1]
scw/0617/061700060010.001/swg.fits[1]
scw/0617/061700070010.001/swg.fits[1]
scw/0619/061900490010.001/swg.fits[1]
scw/0619/061900500010.001/swg.fits[1]
scw/0621/062100050010.001/swg.fits[1]
scw/0621/062100060010.001/swg.fits[1]
scw/0621/062100070010.001/swg.fits[1]
scw/0623/062300020010.001/swg.fits[1]
scw/0623/062300060010.001/swg.fits[1]
scw/0623/062300070010.001/swg.fits[1]
scw/0623/062300080010.001/swg.fits[1]
scw/0659/065900110010.001/swg.fits[1]
scw/0659/065900120010.001/swg.fits[1]
scw/0661/066100030010.001/swg.fits[1]
scw/0661/066100040010.001/swg.fits[1]
scw/0661/066100050010.001/swg.fits[1]
scw/0671/067100020010.001/swg.fits[1]
scw/0671/067100030010.001/swg.fits[1]
scw/0671/067100040010.001/swg.fits[1]
scw/0671/067100050010.001/swg.fits[1]
scw/0673/067300110010.001/swg.fits[1]
scw/0673/067300120010.001/swg.fits[1]
scw/0675/067500240010.001/swg.fits[1]
scw/0675/067500250010.001/swg.fits[1]
scw/0675/067500260010.001/swg.fits[1]
scw/0675/067500270010.001/swg.fits[1]
scw/0677/067700040010.001/swg.fits[1]
scw/0679/067900040010.001/swg.fits[1]
scw/0681/068100040010.001/swg.fits[1]
scw/0681/068100050010.001/swg.fits[1]
scw/0722/072200450010.001/swg.fits[1]
scw/0722/072200540010.001/swg.fits[1]
scw/0722/072200740010.001/swg.fits[1]
scw/0723/072300020010.001/swg.fits[1]
scw/0723/072300230010.001/swg.fits[1]
scw/0723/072300320010.001/swg.fits[1]
scw/0723/072300520010.001/swg.fits[1]
scw/0723/072300730010.001/swg.fits[1]
scw/0724/072400920010.001/swg.fits[1]
scw/0724/072400930010.001/swg.fits[1]
scw/0724/072400940010.001/swg.fits[1]
scw/0726/072600060010.001/swg.fits[1]
scw/0726/072600070010.001/swg.fits[1]
scw/0729/072900060010.001/swg.fits[1]
scw/0729/072900070010.001/swg.fits[1]
scw/0729/072900080010.001/swg.fits[1]
scw/0729/072900750010.001/swg.fits[1]
scw/0730/073000910010.001/swg.fits[1]
scw/0730/073000920010.001/swg.fits[1]
scw/0730/073000930010.001/swg.fits[1]
scw/0732/073200800010.001/swg.fits[1]
scw/0732/073200810010.001/swg.fits[1]
scw/0732/073200820010.001/swg.fits[1]
scw/0733/073300100010.001/swg.fits[1]
scw/0733/073300140010.001/swg.fits[1]
scw/0733/073300150010.001/swg.fits[1]
scw/0733/073300160010.001/swg.fits[1]
scw/0733/073300340010.001/swg.fits[1]
scw/0733/073300350010.001/swg.fits[1]
scw/0733/073300360010.001/swg.fits[1]
scw/0735/073500100010.001/swg.fits[1]
scw/0735/073500140010.001/swg.fits[1]
scw/0735/073500150010.001/swg.fits[1]
scw/0735/073500160010.001/swg.fits[1]
scw/0737/073700060010.001/swg.fits[1]
scw/0737/073700070010.001/swg.fits[1]
scw/0737/073700080010.001/swg.fits[1]
scw/0739/073900020010.001/swg.fits[1]
scw/0739/073900060010.001/swg.fits[1]
scw/0739/073900070010.001/swg.fits[1]
scw/0739/073900080010.001/swg.fits[1]
scw/0741/074100140010.001/swg.fits[1]
scw/0741/074100150010.001/swg.fits[1]
scw/0741/074100160010.001/swg.fits[1]
scw/0743/074300070010.001/swg.fits[1]
scw/0785/078500020010.001/swg.fits[1]
scw/0785/078500030010.001/swg.fits[1]
scw/0785/078500040010.001/swg.fits[1]
scw/0785/078500050010.001/swg.fits[1]
scw/0786/078600020010.001/swg.fits[1]
scw/0786/078600030010.001/swg.fits[1]
scw/0786/078600040010.001/swg.fits[1]
scw/0788/078800050010.001/swg.fits[1]
scw/0788/078800060010.001/swg.fits[1]
scw/0790/079001020010.001/swg.fits[1]
scw/0792/079200040010.001/swg.fits[1]
scw/0793/079300590010.001/swg.fits[1]
scw/0793/079300610010.001/swg.fits[1]
scw/0794/079400020010.001/swg.fits[1]
scw/0794/079400030010.001/swg.fits[1]
scw/0794/079400040010.001/swg.fits[1]
scw/0795/079500460010.001/swg.fits[1]
scw/0795/079500470010.001/swg.fits[1]
scw/0795/079500750010.001/swg.fits[1]
scw/0795/079500760010.001/swg.fits[1]
scw/0796/079600580010.001/swg.fits[1]
scw/0796/079600590010.001/swg.fits[1]
scw/0796/079600600010.001/swg.fits[1]
scw/0797/079700330010.001/swg.fits[1]
scw/0797/079700350010.001/swg.fits[1]
scw/0797/079700360010.001/swg.fits[1]
scw/0797/079700400010.001/swg.fits[1]
scw/0797/079700420010.001/swg.fits[1]
scw/0797/079700430010.001/swg.fits[1]
scw/0797/079700440010.001/swg.fits[1]
scw/0797/079700470010.001/swg.fits[1]
scw/0797/079700490010.001/swg.fits[1]
scw/0797/079700500010.001/swg.fits[1]
scw/0797/079700510010.001/swg.fits[1]
scw/0797/079700540010.001/swg.fits[1]
scw/0797/079700560010.001/swg.fits[1]
scw/0797/079700570010.001/swg.fits[1]
scw/0797/079700580010.001/swg.fits[1]
scw/0798/079800600010.001/swg.fits[1]
scw/0798/079800610010.001/swg.fits[1]
scw/0798/079800620010.001/swg.fits[1]
scw/0798/079800630010.001/swg.fits[1]
scw/0800/080000020010.001/swg.fits[1]
scw/0800/080000030010.001/swg.fits[1]
scw/0800/080000040010.001/swg.fits[1]
scw/0800/080000050010.001/swg.fits[1]
scw/0801/080100150010.001/swg.fits[1]
scw/0801/080100160010.001/swg.fits[1]
scw/0804/080400040010.001/swg.fits[1]
scw/0804/080400050010.001/swg.fits[1]
scw/0852/085200680010.001/swg.fits[1]
scw/0852/085200730010.001/swg.fits[1]
scw/0852/085200740010.001/swg.fits[1]
scw/0852/085200750010.001/swg.fits[1]
scw/0852/085200800010.001/swg.fits[1]
scw/0852/085200810010.001/swg.fits[1]
scw/0852/085200870010.001/swg.fits[1]
scw/0852/085200880010.001/swg.fits[1]
scw/0852/085200890010.001/swg.fits[1]
scw/0857/085700670010.001/swg.fits[1]
scw/0857/085700680010.001/swg.fits[1]
scw/0857/085700690010.001/swg.fits[1]
scw/0859/085900050010.001/swg.fits[1]
scw/0859/085900060010.001/swg.fits[1]
scw/0859/085900070010.001/swg.fits[1]
scw/0861/086100060010.001/swg.fits[1]
scw/0861/086100070010.001/swg.fits[1]
scw/0861/086100080010.001/swg.fits[1]
scw/0863/086300310010.001/swg.fits[1]
scw/0863/086300320010.001/swg.fits[1]
scw/0863/086300330010.001/swg.fits[1]
scw/0865/086500250010.001/swg.fits[1]
scw/0865/086500260010.001/swg.fits[1]
scw/0865/086500270010.001/swg.fits[1]
scw/0911/091100100010.001/swg.fits[1]
scw/0911/091100110010.001/swg.fits[1]
scw/0911/091100120010.001/swg.fits[1]
scw/0913/091300600010.001/swg.fits[1]
scw/0913/091300610010.001/swg.fits[1]
scw/0913/091300620010.001/swg.fits[1]
scw/0915/091500640010.001/swg.fits[1]
scw/0915/091500650010.001/swg.fits[1]
scw/0915/091500660010.001/swg.fits[1]
scw/0919/091900050010.001/swg.fits[1]
scw/0919/091900060010.001/swg.fits[1]
scw/0919/091900070010.001/swg.fits[1]
scw/0921/092100050010.001/swg.fits[1]
scw/0921/092100060010.001/swg.fits[1]
scw/0921/092100070010.001/swg.fits[1]
scw/0923/092300060010.001/swg.fits[1]
scw/0923/092300070010.001/swg.fits[1]
scw/0925/092500410010.001/swg.fits[1]
scw/0925/092500420010.001/swg.fits[1]
scw/0965/096500750010.001/swg.fits[1]
scw/0965/096500760010.001/swg.fits[1]
scw/0965/096500770010.001/swg.fits[1]
scw/0966/096600140010.001/swg.fits[1]
scw/0966/096600150010.001/swg.fits[1]
scw/0966/096600160010.001/swg.fits[1]
scw/0972/097200360010.001/swg.fits[1]
scw/0972/097200370010.001/swg.fits[1]
scw/0972/097200380010.001/swg.fits[1]
scw/0973/097300330010.001/swg.fits[1]
scw/0973/097300340010.001/swg.fits[1]
scw/0973/097300350010.001/swg.fits[1]
scw/0974/097400920010.001/swg.fits[1]
scw/0974/097400930010.001/swg.fits[1]
scw/0974/097400940010.001/swg.fits[1]
scw/0976/097600060010.001/swg.fits[1]
scw/0976/097600070010.001/swg.fits[1]
scw/0976/097600080010.001/swg.fits[1]
scw/0978/097800060010.001/swg.fits[1]
scw/0978/097800070010.001/swg.fits[1]
