scw/0340/034000680010.001/swg.fits[1]
scw/0340/034000690010.001/swg.fits[1]
scw/0340/034000740010.001/swg.fits[1]
scw/0340/034000750010.001/swg.fits[1]
scw/0452/045200720010.001/swg.fits[1]
scw/0452/045200750010.001/swg.fits[1]
scw/1249/124900020010.001/swg.fits[1]
scw/1249/124900060010.001/swg.fits[1]
scw/1249/124900070010.001/swg.fits[1]
scw/1249/124900130010.001/swg.fits[1]
scw/1249/124900140010.001/swg.fits[1]
scw/1249/124900200010.001/swg.fits[1]
scw/1249/124900210010.001/swg.fits[1]
scw/1249/124900230010.001/swg.fits[1]
scw/1249/124900270010.001/swg.fits[1]
scw/1249/124900280010.001/swg.fits[1]
scw/1249/124900300010.001/swg.fits[1]
scw/1249/124900330010.001/swg.fits[1]
scw/1249/124900340010.001/swg.fits[1]
scw/1249/124900350010.001/swg.fits[1]
scw/1249/124900370010.001/swg.fits[1]
scw/1249/124900400010.001/swg.fits[1]
scw/1249/124900410010.001/swg.fits[1]
scw/1249/124900420010.001/swg.fits[1]
scw/1249/124900440010.001/swg.fits[1]
scw/1249/124900480010.001/swg.fits[1]
scw/1249/124900510010.001/swg.fits[1]
scw/1249/124900550010.001/swg.fits[1]
scw/1249/124900560010.001/swg.fits[1]
scw/1250/125000020010.001/swg.fits[1]
scw/1250/125000090010.001/swg.fits[1]
scw/1250/125000100010.001/swg.fits[1]
scw/1250/125000160010.001/swg.fits[1]
scw/1250/125000170010.001/swg.fits[1]
scw/1250/125000190010.001/swg.fits[1]
scw/1250/125000230010.001/swg.fits[1]
scw/1250/125000240010.001/swg.fits[1]
scw/1250/125000250010.001/swg.fits[1]
scw/1250/125000260010.001/swg.fits[1]
scw/1250/125000290010.001/swg.fits[1]
scw/1250/125000300010.001/swg.fits[1]
scw/1250/125000310010.001/swg.fits[1]
scw/1250/125000330010.001/swg.fits[1]
scw/1250/125000360010.001/swg.fits[1]
scw/1250/125000370010.001/swg.fits[1]
scw/1250/125000400010.001/swg.fits[1]
scw/1250/125000440010.001/swg.fits[1]
scw/1250/125000450010.001/swg.fits[1]
scw/1250/125000510010.001/swg.fits[1]
scw/1250/125000520010.001/swg.fits[1]
scw/1250/125000580010.001/swg.fits[1]
scw/1250/125000590010.001/swg.fits[1]
scw/1250/125000610010.001/swg.fits[1]
scw/1251/125100050010.001/swg.fits[1]
scw/1251/125100060010.001/swg.fits[1]
scw/1251/125100080010.001/swg.fits[1]
scw/1251/125100120010.001/swg.fits[1]
scw/1251/125100130010.001/swg.fits[1]
scw/1251/125100150010.001/swg.fits[1]
scw/1251/125100180010.001/swg.fits[1]
scw/1251/125100190010.001/swg.fits[1]
scw/1251/125100200010.001/swg.fits[1]
scw/1251/125100220010.001/swg.fits[1]
scw/1251/125100260010.001/swg.fits[1]
scw/1251/125100270010.001/swg.fits[1]
scw/1251/125100290010.001/swg.fits[1]
scw/1251/125100330010.001/swg.fits[1]
scw/1251/125100340010.001/swg.fits[1]
scw/1251/125100400010.001/swg.fits[1]
scw/1251/125100470010.001/swg.fits[1]
scw/1251/125100480010.001/swg.fits[1]
scw/1251/125100540010.001/swg.fits[1]
scw/1251/125100550010.001/swg.fits[1]
scw/1251/125100570010.001/swg.fits[1]
