scw/0177/017700330010.001/swg.fits[1]
scw/0233/023300040010.001/swg.fits[1]
scw/0311/031100120010.001/swg.fits[1]
scw/0452/045200080010.001/swg.fits[1]
scw/0629/062900210010.001/swg.fits[1]
scw/0630/063000010010.001/swg.fits[1]
scw/0649/064900070010.001/swg.fits[1]
scw/0649/064900500010.001/swg.fits[1]
scw/0649/064900570010.001/swg.fits[1]
scw/0650/065000310010.001/swg.fits[1]
scw/0652/065200050010.001/swg.fits[1]
scw/0652/065200060010.001/swg.fits[1]
scw/0652/065200470010.001/swg.fits[1]
scw/0652/065200550010.001/swg.fits[1]
scw/0652/065200560010.001/swg.fits[1]
scw/0653/065300290010.001/swg.fits[1]
scw/0653/065300300010.001/swg.fits[1]
scw/0684/068400470010.001/swg.fits[1]
scw/0684/068400480010.001/swg.fits[1]
scw/0741/074100350010.001/swg.fits[1]
scw/0742/074200220010.001/swg.fits[1]
scw/0742/074200230010.001/swg.fits[1]
scw/0804/080400840010.001/swg.fits[1]
scw/0804/080400850010.001/swg.fits[1]
scw/0983/098300020010.001/swg.fits[1]
scw/0985/098500120010.001/swg.fits[1]
scw/0985/098500140010.001/swg.fits[1]
scw/1060/106000380010.001/swg.fits[1]
scw/1114/111400080010.001/swg.fits[1]
scw/1116/111600070010.001/swg.fits[1]
scw/1127/112700290010.001/swg.fits[1]
scw/1172/117200190010.001/swg.fits[1]
scw/1178/117800180010.001/swg.fits[1]
scw/1182/118200110010.001/swg.fits[1]
scw/1236/123600080010.001/swg.fits[1]
scw/1239/123900070010.001/swg.fits[1]
scw/1246/124600600010.001/swg.fits[1]
scw/1252/125200630010.001/swg.fits[1]
scw/1317/131700130010.001/swg.fits[1]
scw/1376/137600570010.001/swg.fits[1]
scw/1376/137600580010.001/swg.fits[1]
scw/1434/143400610010.001/swg.fits[1]
scw/1436/143600090010.001/swg.fits[1]
scw/1481/148100070010.001/swg.fits[1]
scw/1483/148300850010.001/swg.fits[1]
scw/1483/148300960010.001/swg.fits[1]
scw/1486/148600070010.001/swg.fits[1]
scw/1606/160600110010.001/swg.fits[1]
scw/1997/199700550010.001/swg.fits[1]
scw/2325/232500660010.001/swg.fits[1]
scw/2392/239200020010.001/swg.fits[1]
scw/2396/239600250010.001/swg.fits[1]
