scw/1711/171100870010.001/swg.fits[1]
scw/1711/171100880010.001/swg.fits[1]
scw/1712/171200670010.001/swg.fits[1]
scw/1712/171200710010.001/swg.fits[1]
scw/1712/171200720010.001/swg.fits[1]
scw/1712/171200830010.001/swg.fits[1]
scw/1712/171200870010.001/swg.fits[1]
scw/1712/171200880010.001/swg.fits[1]
scw/1713/171300130010.001/swg.fits[1]
scw/1713/171300140010.001/swg.fits[1]
scw/1713/171300290010.001/swg.fits[1]
scw/1713/171300300010.001/swg.fits[1]
scw/1716/171600220010.001/swg.fits[1]
scw/1716/171600390010.001/swg.fits[1]
scw/1717/171700430010.001/swg.fits[1]
scw/1717/171700470010.001/swg.fits[1]
scw/1717/171700480010.001/swg.fits[1]
scw/1717/171700630010.001/swg.fits[1]
scw/1717/171700640010.001/swg.fits[1]
scw/1718/171800460010.001/swg.fits[1]
scw/1718/171800500010.001/swg.fits[1]
scw/1718/171800510010.001/swg.fits[1]
scw/1718/171800620010.001/swg.fits[1]
scw/1718/171800660010.001/swg.fits[1]
scw/1718/171800670010.001/swg.fits[1]
scw/1718/171800780010.001/swg.fits[1]
scw/1718/171800820010.001/swg.fits[1]
scw/1718/171800830010.001/swg.fits[1]
scw/1719/171900660010.001/swg.fits[1]
scw/1720/172000020010.001/swg.fits[1]
scw/1720/172000060010.001/swg.fits[1]
scw/1720/172000070010.001/swg.fits[1]
scw/1720/172000180010.001/swg.fits[1]
scw/1720/172000220010.001/swg.fits[1]
scw/1720/172000230010.001/swg.fits[1]
scw/1720/172000340010.001/swg.fits[1]
scw/1720/172000380010.001/swg.fits[1]
scw/1720/172000390010.001/swg.fits[1]
scw/1720/172000400010.001/swg.fits[1]
scw/1720/172000500010.001/swg.fits[1]
scw/1720/172000540010.001/swg.fits[1]
scw/1720/172000550010.001/swg.fits[1]
scw/1721/172100400010.001/swg.fits[1]
scw/1721/172100440010.001/swg.fits[1]
scw/1721/172100450010.001/swg.fits[1]
scw/1721/172100600010.001/swg.fits[1]
scw/1721/172100610010.001/swg.fits[1]
scw/1721/172100760010.001/swg.fits[1]
scw/1721/172100920010.001/swg.fits[1]
scw/1721/172100930010.001/swg.fits[1]
scw/1769/176900480010.001/swg.fits[1]
scw/1769/176900490010.001/swg.fits[1]
scw/1769/176900500010.001/swg.fits[1]
scw/1769/176900640010.001/swg.fits[1]
scw/1769/176900650010.001/swg.fits[1]
scw/1769/176900660010.001/swg.fits[1]
scw/1769/176900670010.001/swg.fits[1]
scw/1769/176900820010.001/swg.fits[1]
scw/1769/176900980010.001/swg.fits[1]
scw/1770/177000500010.001/swg.fits[1]
scw/1770/177000640010.001/swg.fits[1]
scw/1770/177000650010.001/swg.fits[1]
scw/1770/177000660010.001/swg.fits[1]
scw/1770/177000820010.001/swg.fits[1]
scw/1770/177000980010.001/swg.fits[1]
scw/1777/177700110010.001/swg.fits[1]
scw/1777/177700250010.001/swg.fits[1]
scw/1777/177700260010.001/swg.fits[1]
scw/1777/177700270010.001/swg.fits[1]
scw/1777/177700410010.001/swg.fits[1]
scw/1777/177700420010.001/swg.fits[1]
scw/1777/177700430010.001/swg.fits[1]
scw/1777/177700580010.001/swg.fits[1]
scw/1777/177700590010.001/swg.fits[1]
scw/1777/177700730010.001/swg.fits[1]
scw/1777/177700740010.001/swg.fits[1]
scw/1777/177700750010.001/swg.fits[1]
scw/1777/177700900010.001/swg.fits[1]
scw/1777/177700910010.001/swg.fits[1]
scw/1778/177800060010.001/swg.fits[1]
scw/1778/177800070010.001/swg.fits[1]
scw/1778/177800080010.001/swg.fits[1]
scw/1778/177800240010.001/swg.fits[1]
scw/1778/177800390010.001/swg.fits[1]
scw/1778/177800550010.001/swg.fits[1]
scw/1778/177800700010.001/swg.fits[1]
scw/1778/177800710010.001/swg.fits[1]
scw/1778/177800720010.001/swg.fits[1]
scw/1778/177800870010.001/swg.fits[1]
scw/1778/177800880010.001/swg.fits[1]
scw/1779/177900230010.001/swg.fits[1]
scw/1779/177900390010.001/swg.fits[1]
scw/1779/177900540010.001/swg.fits[1]
scw/1779/177900550010.001/swg.fits[1]
scw/1779/177900780010.001/swg.fits[1]
scw/1779/177900790010.001/swg.fits[1]
scw/1779/177900940010.001/swg.fits[1]
scw/1779/177900950010.001/swg.fits[1]
scw/1780/178000100010.001/swg.fits[1]
scw/1780/178000110010.001/swg.fits[1]
scw/1780/178000120010.001/swg.fits[1]
scw/1780/178000280010.001/swg.fits[1]
scw/1780/178000420010.001/swg.fits[1]
scw/1780/178000430010.001/swg.fits[1]
scw/1780/178000440010.001/swg.fits[1]
scw/1838/183800390010.001/swg.fits[1]
scw/1838/183800430010.001/swg.fits[1]
scw/1838/183800440010.001/swg.fits[1]
scw/1838/183800460010.001/swg.fits[1]
scw/1838/183800630010.001/swg.fits[1]
scw/1838/183800780010.001/swg.fits[1]
scw/1838/183800790010.001/swg.fits[1]
scw/1838/183800940010.001/swg.fits[1]
scw/1838/183800950010.001/swg.fits[1]
scw/1839/183900420010.001/swg.fits[1]
scw/1839/183900570010.001/swg.fits[1]
scw/1839/183900580010.001/swg.fits[1]
scw/1839/183900730010.001/swg.fits[1]
scw/1839/183900740010.001/swg.fits[1]
scw/1839/183900900010.001/swg.fits[1]
scw/1840/184000420010.001/swg.fits[1]
scw/1840/184000460010.001/swg.fits[1]
scw/1840/184000470010.001/swg.fits[1]
scw/1840/184000480010.001/swg.fits[1]
scw/1840/184000580010.001/swg.fits[1]
scw/1840/184000620010.001/swg.fits[1]
scw/1840/184000630010.001/swg.fits[1]
scw/1840/184000640010.001/swg.fits[1]
scw/1840/184000650010.001/swg.fits[1]
scw/1840/184000690010.001/swg.fits[1]
scw/1840/184000700010.001/swg.fits[1]
scw/1840/184000710010.001/swg.fits[1]
scw/1840/184000810010.001/swg.fits[1]
scw/1840/184000850010.001/swg.fits[1]
scw/1840/184000860010.001/swg.fits[1]
scw/1841/184100750010.001/swg.fits[1]
scw/1841/184100910010.001/swg.fits[1]
scw/1841/184100930010.001/swg.fits[1]
scw/1841/184100930020.001/swg.fits[1]
scw/1842/184200420010.001/swg.fits[1]
scw/1842/184200430010.001/swg.fits[1]
scw/1842/184200590010.001/swg.fits[1]
scw/1842/184200700010.001/swg.fits[1]
scw/1842/184200740010.001/swg.fits[1]
scw/1842/184200750010.001/swg.fits[1]
scw/1842/184200760010.001/swg.fits[1]
scw/1842/184200860010.001/swg.fits[1]
scw/1842/184200900010.001/swg.fits[1]
scw/1842/184200910010.001/swg.fits[1]
scw/1844/184400700010.001/swg.fits[1]
scw/1844/184400850010.001/swg.fits[1]
scw/1844/184400860010.001/swg.fits[1]
scw/1851/185100140010.001/swg.fits[1]
scw/1851/185100150010.001/swg.fits[1]
scw/1851/185100260010.001/swg.fits[1]
scw/1851/185100300010.001/swg.fits[1]
scw/1851/185100310010.001/swg.fits[1]
scw/1854/185400410010.001/swg.fits[1]
scw/1854/185400520010.001/swg.fits[1]
scw/1908/190800110010.001/swg.fits[1]
scw/1908/190800120010.001/swg.fits[1]
scw/1908/190800280010.001/swg.fits[1]
scw/1908/190800430010.001/swg.fits[1]
scw/1908/190800590010.001/swg.fits[1]
scw/1908/190800600010.001/swg.fits[1]
scw/1908/190800760010.001/swg.fits[1]
scw/1908/190800900010.001/swg.fits[1]
scw/1908/190800910010.001/swg.fits[1]
scw/1908/190800920010.001/swg.fits[1]
scw/1909/190900120010.001/swg.fits[1]
scw/1909/190900270010.001/swg.fits[1]
scw/1909/190900280010.001/swg.fits[1]
scw/1909/190900420010.001/swg.fits[1]
scw/1909/190900430010.001/swg.fits[1]
scw/1909/190900440010.001/swg.fits[1]
scw/1909/190900600010.001/swg.fits[1]
scw/1909/190900740010.001/swg.fits[1]
scw/1909/190900750010.001/swg.fits[1]
scw/1909/190900760010.001/swg.fits[1]
scw/1909/190900920010.001/swg.fits[1]
scw/2257/225700400010.001/swg.fits[1]
scw/2258/225800280010.001/swg.fits[1]
scw/2259/225900280010.001/swg.fits[1]
scw/2260/226000280010.001/swg.fits[1]
scw/2320/232000270010.001/swg.fits[1]
scw/2320/232000280010.001/swg.fits[1]
