scw/0041/004100060010.001/swg.fits[1]
scw/0041/004100060020.001/swg.fits[1]
scw/0041/004100060030.001/swg.fits[1]
scw/0041/004100060040.001/swg.fits[1]
scw/0041/004100060050.001/swg.fits[1]
scw/0041/004100060060.001/swg.fits[1]
scw/0041/004100060070.001/swg.fits[1]
scw/0041/004100060080.001/swg.fits[1]
scw/0041/004100060090.001/swg.fits[1]
scw/0041/004100060100.001/swg.fits[1]
scw/0041/004100060110.001/swg.fits[1]
scw/0041/004100060120.001/swg.fits[1]
scw/0041/004100060130.001/swg.fits[1]
scw/0041/004100060140.001/swg.fits[1]
scw/0042/004200020010.001/swg.fits[1]
scw/0042/004200030010.001/swg.fits[1]
scw/0042/004200030020.001/swg.fits[1]
scw/0042/004200030030.001/swg.fits[1]
scw/0042/004200030040.001/swg.fits[1]
scw/0055/005500810010.001/swg.fits[1]
scw/0123/012301100010.001/swg.fits[1]
scw/0123/012301100020.001/swg.fits[1]
scw/0123/012301110010.001/swg.fits[1]
scw/0124/012400030010.001/swg.fits[1]
scw/0124/012400030020.001/swg.fits[1]
scw/0124/012400040010.001/swg.fits[1]
scw/0124/012400060010.001/swg.fits[1]
scw/0124/012400080010.001/swg.fits[1]
scw/0124/012400090010.001/swg.fits[1]
scw/0124/012400100010.001/swg.fits[1]
scw/0124/012400110010.001/swg.fits[1]
scw/0124/012400120010.001/swg.fits[1]
scw/0124/012400150010.001/swg.fits[1]
scw/0124/012400160010.001/swg.fits[1]
scw/0124/012400170010.001/swg.fits[1]
scw/0124/012400180010.001/swg.fits[1]
scw/0124/012400190010.001/swg.fits[1]
scw/0124/012400220010.001/swg.fits[1]
scw/0124/012400230010.001/swg.fits[1]
scw/0124/012400240010.001/swg.fits[1]
scw/0124/012400250010.001/swg.fits[1]
scw/0124/012400260010.001/swg.fits[1]
scw/0124/012400290010.001/swg.fits[1]
scw/0124/012400300010.001/swg.fits[1]
scw/0124/012400310010.001/swg.fits[1]
scw/0124/012400320010.001/swg.fits[1]
scw/0124/012400330010.001/swg.fits[1]
scw/0124/012400360010.001/swg.fits[1]
scw/0124/012400370010.001/swg.fits[1]
scw/0124/012400380010.001/swg.fits[1]
scw/0124/012400390010.001/swg.fits[1]
scw/0124/012400400010.001/swg.fits[1]
scw/0124/012400430010.001/swg.fits[1]
scw/0124/012400440010.001/swg.fits[1]
scw/0124/012400450010.001/swg.fits[1]
scw/0124/012400460010.001/swg.fits[1]
scw/0124/012400470010.001/swg.fits[1]
scw/0124/012400500010.001/swg.fits[1]
scw/0124/012400510010.001/swg.fits[1]
scw/0124/012400520010.001/swg.fits[1]
scw/0124/012400530010.001/swg.fits[1]
scw/0124/012400540010.001/swg.fits[1]
scw/0124/012400570010.001/swg.fits[1]
scw/0124/012400580010.001/swg.fits[1]
scw/0124/012400590010.001/swg.fits[1]
scw/0125/012500030010.001/swg.fits[1]
scw/0125/012500030020.001/swg.fits[1]
scw/0125/012500040010.001/swg.fits[1]
scw/0125/012500070010.001/swg.fits[1]
scw/0125/012500080010.001/swg.fits[1]
scw/0125/012500090010.001/swg.fits[1]
scw/0125/012500100010.001/swg.fits[1]
scw/0125/012500110010.001/swg.fits[1]
scw/0125/012500140010.001/swg.fits[1]
scw/0125/012500150010.001/swg.fits[1]
scw/0125/012500160010.001/swg.fits[1]
scw/0125/012500170010.001/swg.fits[1]
scw/0125/012500180010.001/swg.fits[1]
scw/0125/012500210010.001/swg.fits[1]
scw/0125/012500220010.001/swg.fits[1]
scw/0125/012500230010.001/swg.fits[1]
scw/0125/012500240010.001/swg.fits[1]
scw/0125/012500250010.001/swg.fits[1]
scw/0125/012500280010.001/swg.fits[1]
scw/0125/012500290010.001/swg.fits[1]
scw/0125/012500300010.001/swg.fits[1]
scw/0125/012500310010.001/swg.fits[1]
scw/0125/012500320010.001/swg.fits[1]
scw/0125/012500350010.001/swg.fits[1]
scw/0125/012500360010.001/swg.fits[1]
scw/0125/012500370010.001/swg.fits[1]
scw/0125/012500390010.001/swg.fits[1]
scw/0125/012500420010.001/swg.fits[1]
scw/0125/012500430010.001/swg.fits[1]
scw/0125/012500440010.001/swg.fits[1]
scw/0125/012500450010.001/swg.fits[1]
scw/0125/012500460010.001/swg.fits[1]
scw/0125/012500490010.001/swg.fits[1]
scw/0125/012500500010.001/swg.fits[1]
scw/0125/012500510010.001/swg.fits[1]
scw/0125/012500520010.001/swg.fits[1]
scw/0125/012500530010.001/swg.fits[1]
scw/0125/012500560010.001/swg.fits[1]
scw/0125/012500570010.001/swg.fits[1]
scw/0125/012500580010.001/swg.fits[1]
scw/0125/012500590010.001/swg.fits[1]
scw/0126/012600020010.001/swg.fits[1]
scw/0126/012600020020.001/swg.fits[1]
scw/0126/012600050010.001/swg.fits[1]
scw/0126/012600060010.001/swg.fits[1]
scw/0126/012600070010.001/swg.fits[1]
scw/0126/012600080010.001/swg.fits[1]
scw/0126/012600090010.001/swg.fits[1]
scw/0126/012600120010.001/swg.fits[1]
scw/0126/012600130010.001/swg.fits[1]
scw/0126/012600140010.001/swg.fits[1]
scw/0126/012600150010.001/swg.fits[1]
scw/0126/012600160010.001/swg.fits[1]
scw/0126/012600190010.001/swg.fits[1]
scw/0126/012600200010.001/swg.fits[1]
scw/0126/012600210010.001/swg.fits[1]
scw/0126/012600220010.001/swg.fits[1]
scw/0126/012600230010.001/swg.fits[1]
scw/0126/012600260010.001/swg.fits[1]
scw/0126/012600270010.001/swg.fits[1]
scw/0126/012600280010.001/swg.fits[1]
scw/0126/012600290010.001/swg.fits[1]
scw/0126/012600300010.001/swg.fits[1]
scw/0126/012600330010.001/swg.fits[1]
scw/0126/012600340010.001/swg.fits[1]
scw/0126/012600350010.001/swg.fits[1]
scw/0126/012600540010.001/swg.fits[1]
scw/0126/012600550010.001/swg.fits[1]
scw/0126/012600560010.001/swg.fits[1]
