scw/1724/172400510010.001/swg.fits[1]
scw/1724/172400520010.001/swg.fits[1]
scw/1728/172800680010.001/swg.fits[1]
scw/1728/172800690010.001/swg.fits[1]
scw/1736/173600050010.001/swg.fits[1]
scw/1781/178100040010.001/swg.fits[1]
scw/1781/178100050010.001/swg.fits[1]
scw/1784/178400060010.001/swg.fits[1]
scw/1784/178400070010.001/swg.fits[1]
scw/1784/178400080010.001/swg.fits[1]
scw/1784/178400340010.001/swg.fits[1]
scw/1784/178400350010.001/swg.fits[1]
scw/1784/178400360010.001/swg.fits[1]
scw/1785/178500020010.001/swg.fits[1]
scw/1785/178500030010.001/swg.fits[1]
scw/1785/178500040010.001/swg.fits[1]
scw/1785/178500280010.001/swg.fits[1]
scw/1785/178500290010.001/swg.fits[1]
scw/1785/178500300010.001/swg.fits[1]
scw/1789/178900880010.001/swg.fits[1]
scw/1789/178900890010.001/swg.fits[1]
scw/1794/179400040010.001/swg.fits[1]
scw/1794/179400050010.001/swg.fits[1]
scw/1794/179400060010.001/swg.fits[1]
scw/1794/179400130010.001/swg.fits[1]
scw/1801/180100050010.001/swg.fits[1]
scw/1850/185000040010.001/swg.fits[1]
scw/1850/185000050010.001/swg.fits[1]
scw/1856/185600270010.001/swg.fits[1]
scw/1856/185600280010.001/swg.fits[1]
scw/1856/185600550010.001/swg.fits[1]
scw/1856/185600560010.001/swg.fits[1]
scw/1857/185700250010.001/swg.fits[1]
scw/1857/185700260010.001/swg.fits[1]
scw/1857/185700510010.001/swg.fits[1]
scw/1857/185700520010.001/swg.fits[1]
scw/1921/192100290010.001/swg.fits[1]
scw/1921/192100300010.001/swg.fits[1]
scw/1925/192500020010.001/swg.fits[1]
scw/1925/192500030010.001/swg.fits[1]
scw/1927/192700020010.001/swg.fits[1]
scw/1927/192700030010.001/swg.fits[1]
scw/1927/192700040010.001/swg.fits[1]
scw/1927/192700300010.001/swg.fits[1]
scw/1927/192700310010.001/swg.fits[1]
scw/1927/192700320010.001/swg.fits[1]
scw/1928/192800020010.001/swg.fits[1]
scw/1928/192800030010.001/swg.fits[1]
scw/1928/192800500010.001/swg.fits[1]
scw/1928/192800510010.001/swg.fits[1]
scw/1928/192800550010.001/swg.fits[1]
scw/1928/192800560010.001/swg.fits[1]
scw/1928/192800570010.001/swg.fits[1]
scw/1930/193000180010.001/swg.fits[1]
scw/1930/193000190010.001/swg.fits[1]
scw/1930/193000200010.001/swg.fits[1]
scw/1930/193000270010.001/swg.fits[1]
scw/1987/198700670010.001/swg.fits[1]
scw/1991/199100290010.001/swg.fits[1]
scw/1991/199100300010.001/swg.fits[1]
scw/1996/199600270010.001/swg.fits[1]
scw/1996/199600280010.001/swg.fits[1]
scw/1999/199900270010.001/swg.fits[1]
scw/1999/199900280010.001/swg.fits[1]
scw/1999/199900280020.001/swg.fits[1]
scw/1999/199900290010.001/swg.fits[1]
scw/2000/200000250010.001/swg.fits[1]
scw/2000/200000260010.001/swg.fits[1]
scw/2000/200000270010.001/swg.fits[1]
scw/2000/200000780010.001/swg.fits[1]
scw/2000/200000790010.001/swg.fits[1]
scw/2010/201000270010.001/swg.fits[1]
scw/2058/205800040010.001/swg.fits[1]
scw/2058/205800050010.001/swg.fits[1]
scw/2058/205800060010.001/swg.fits[1]
scw/2062/206200520010.001/swg.fits[1]
scw/2063/206300020010.001/swg.fits[1]
scw/2063/206300030010.001/swg.fits[1]
scw/2063/206300550010.001/swg.fits[1]
scw/2063/206300560010.001/swg.fits[1]
scw/2063/206300570010.001/swg.fits[1]
scw/2066/206600500010.001/swg.fits[1]
scw/2066/206600510010.001/swg.fits[1]
scw/2070/207000060010.001/swg.fits[1]
scw/2070/207000070010.001/swg.fits[1]
scw/2070/207000080010.001/swg.fits[1]
scw/2070/207000150010.001/swg.fits[1]
scw/2074/207400250010.001/swg.fits[1]
scw/2074/207400260010.001/swg.fits[1]
scw/2078/207800580010.001/swg.fits[1]
scw/2126/212600040010.001/swg.fits[1]
scw/2126/212600050010.001/swg.fits[1]
scw/2134/213400240010.001/swg.fits[1]
scw/2134/213400250010.001/swg.fits[1]
scw/2134/213400260010.001/swg.fits[1]
scw/2134/213400770010.001/swg.fits[1]
scw/2135/213500270010.001/swg.fits[1]
scw/2135/213500280010.001/swg.fits[1]
scw/2135/213500290010.001/swg.fits[1]
scw/2137/213700040010.001/swg.fits[1]
scw/2194/219400510010.001/swg.fits[1]
scw/2194/219400520010.001/swg.fits[1]
scw/2194/219400530010.001/swg.fits[1]
scw/2195/219500150010.001/swg.fits[1]
scw/2195/219500160010.001/swg.fits[1]
scw/2195/219500170010.001/swg.fits[1]
scw/2199/219900250010.001/swg.fits[1]
scw/2199/219900260010.001/swg.fits[1]
scw/2203/220300070010.001/swg.fits[1]
scw/2206/220600660010.001/swg.fits[1]
scw/2206/220600670010.001/swg.fits[1]
scw/2206/220600680010.001/swg.fits[1]
scw/2210/221000460010.001/swg.fits[1]
scw/2210/221000470010.001/swg.fits[1]
scw/2210/221000480010.001/swg.fits[1]
scw/2214/221400080010.001/swg.fits[1]
scw/2214/221400090010.001/swg.fits[1]
scw/2214/221400560010.001/swg.fits[1]
scw/2214/221400570010.001/swg.fits[1]
scw/2215/221500010010.001/swg.fits[1]
scw/2215/221500020010.001/swg.fits[1]
scw/2215/221500490010.001/swg.fits[1]
scw/2215/221500500010.001/swg.fits[1]
scw/2215/221500540010.001/swg.fits[1]
scw/2215/221500550010.001/swg.fits[1]
scw/2215/221500560010.001/swg.fits[1]
scw/2217/221700300010.001/swg.fits[1]
scw/2270/227000760010.001/swg.fits[1]
scw/2270/227000770010.001/swg.fits[1]
scw/2280/228000270010.001/swg.fits[1]
scw/2280/228000280010.001/swg.fits[1]
scw/2281/228100290010.001/swg.fits[1]
scw/2281/228100300010.001/swg.fits[1]
scw/2284/228400290010.001/swg.fits[1]
scw/2284/228400300010.001/swg.fits[1]
scw/2284/228400340010.001/swg.fits[1]
scw/2331/233100590010.001/swg.fits[1]
scw/2331/233100600010.001/swg.fits[1]
scw/2331/233100610010.001/swg.fits[1]
scw/2339/233900310010.001/swg.fits[1]
scw/2339/233900320010.001/swg.fits[1]
scw/2341/234100290010.001/swg.fits[1]
scw/2341/234100300010.001/swg.fits[1]
scw/2343/234300300010.001/swg.fits[1]
scw/2343/234300310010.001/swg.fits[1]
scw/2347/234700040010.001/swg.fits[1]
scw/2347/234700050010.001/swg.fits[1]
scw/2347/234700520010.001/swg.fits[1]
scw/2347/234700530010.001/swg.fits[1]
scw/2347/234700530020.001/swg.fits[1]
scw/2349/234900040010.001/swg.fits[1]
scw/2349/234900050010.001/swg.fits[1]
scw/2349/234900060010.001/swg.fits[1]
scw/2351/235100290010.001/swg.fits[1]
scw/2351/235100300010.001/swg.fits[1]
scw/2353/235300790010.001/swg.fits[1]
scw/2353/235300800010.001/swg.fits[1]
scw/2401/240100390010.001/swg.fits[1]
scw/2401/240100400010.001/swg.fits[1]
scw/2405/240500360010.001/swg.fits[1]
scw/2405/240500370010.001/swg.fits[1]
scw/2405/240500380010.001/swg.fits[1]
scw/2409/240900040010.001/swg.fits[1]
scw/2409/240900050010.001/swg.fits[1]
scw/2413/241300680010.001/swg.fits[1]
scw/2413/241300690010.001/swg.fits[1]
scw/2418/241800130010.001/swg.fits[1]
scw/2421/242100590010.001/swg.fits[1]
scw/2421/242100600010.001/swg.fits[1]
scw/2422/242200250010.001/swg.fits[1]
scw/2422/242200260010.001/swg.fits[1]
scw/2422/242200270010.001/swg.fits[1]
scw/2425/242500260010.001/swg.fits[1]
scw/2425/242500270010.001/swg.fits[1]
scw/2425/242500280010.001/swg.fits[1]
scw/2425/242500530010.001/swg.fits[1]
scw/2425/242500540010.001/swg.fits[1]
scw/2467/246700280010.001/swg.fits[1]
scw/2467/246700290010.001/swg.fits[1]
scw/2467/246700300010.001/swg.fits[1]
scw/2472/247200710010.001/swg.fits[1]
