scw/0073/007300970010.001/swg.fits[1]
scw/0074/007400260010.001/swg.fits[1]
scw/0074/007400350010.001/swg.fits[1]
scw/0522/052200240010.001/swg.fits[1]
scw/0810/081000210010.001/swg.fits[1]
scw/0811/081100100010.001/swg.fits[1]
scw/0811/081100130010.001/swg.fits[1]
scw/1170/117000270010.001/swg.fits[1]
scw/1170/117000370010.001/swg.fits[1]
scw/1179/117900150010.001/swg.fits[1]
scw/1179/117900180010.001/swg.fits[1]
scw/1179/117900580010.001/swg.fits[1]
scw/1179/117900640010.001/swg.fits[1]
scw/1179/117900640020.001/swg.fits[1]
scw/1232/123200270010.001/swg.fits[1]
scw/1232/123200300010.001/swg.fits[1]
scw/1232/123200380010.001/swg.fits[1]
scw/1240/124000330010.001/swg.fits[1]
scw/1240/124000390010.001/swg.fits[1]
scw/1240/124000440010.001/swg.fits[1]
scw/1240/124000500010.001/swg.fits[1]
