scw/0324/032400660010.001/swg.fits[1]
scw/0888/088800050010.001/swg.fits[1]
scw/0888/088800060010.001/swg.fits[1]
scw/0888/088800720010.001/swg.fits[1]
scw/0888/088800730010.001/swg.fits[1]
scw/0889/088900050010.001/swg.fits[1]
scw/0889/088900060010.001/swg.fits[1]
scw/1071/107100250010.001/swg.fits[1]
scw/1071/107100260010.001/swg.fits[1]
scw/1071/107100270010.001/swg.fits[1]
scw/1071/107100910010.001/swg.fits[1]
scw/1071/107100920010.001/swg.fits[1]
scw/1071/107100930010.001/swg.fits[1]
scw/1072/107200050010.001/swg.fits[1]
scw/1072/107200060010.001/swg.fits[1]
scw/1072/107200070010.001/swg.fits[1]
scw/1072/107200680010.001/swg.fits[1]
scw/1072/107200690010.001/swg.fits[1]
scw/1072/107200700010.001/swg.fits[1]
scw/1136/113600550010.001/swg.fits[1]
scw/1136/113600560010.001/swg.fits[1]
scw/1194/119400340010.001/swg.fits[1]
scw/1194/119400350010.001/swg.fits[1]
scw/1194/119400360010.001/swg.fits[1]
scw/1194/119400430010.001/swg.fits[1]
scw/1194/119400440010.001/swg.fits[1]
scw/1194/119400450010.001/swg.fits[1]
scw/1195/119500340010.001/swg.fits[1]
scw/1195/119500350010.001/swg.fits[1]
scw/1195/119500360010.001/swg.fits[1]
