scw/0440/044000140010.001/swg.fits[1]
scw/0440/044000230010.001/swg.fits[1]
scw/0440/044000270010.001/swg.fits[1]
scw/0440/044000280010.001/swg.fits[1]
scw/0440/044000290010.001/swg.fits[1]
scw/0440/044000330010.001/swg.fits[1]
scw/0440/044000580010.001/swg.fits[1]
scw/0444/044400070010.001/swg.fits[1]
scw/0445/044500030010.001/swg.fits[1]
scw/0445/044500040010.001/swg.fits[1]
scw/0445/044500100010.001/swg.fits[1]
scw/0463/046300260010.001/swg.fits[1]
scw/0863/086300410010.001/swg.fits[1]
scw/0863/086300420010.001/swg.fits[1]
scw/0863/086300470010.001/swg.fits[1]
scw/0863/086300480010.001/swg.fits[1]
scw/0864/086400540010.001/swg.fits[1]
scw/0864/086400550010.001/swg.fits[1]
scw/0864/086400600010.001/swg.fits[1]
scw/0864/086400610010.001/swg.fits[1]
scw/0864/086400700010.001/swg.fits[1]
scw/0864/086400740010.001/swg.fits[1]
scw/0864/086400750010.001/swg.fits[1]
scw/0864/086400760010.001/swg.fits[1]
scw/0865/086500030010.001/swg.fits[1]
scw/0866/086600130010.001/swg.fits[1]
scw/0866/086600190010.001/swg.fits[1]
scw/0866/086600200010.001/swg.fits[1]
scw/0866/086600210010.001/swg.fits[1]
scw/0866/086600230010.001/swg.fits[1]
scw/0866/086600240010.001/swg.fits[1]
scw/0866/086600340010.001/swg.fits[1]
scw/0866/086600380010.001/swg.fits[1]
scw/0866/086600390010.001/swg.fits[1]
scw/0866/086600400010.001/swg.fits[1]
scw/0866/086600440010.001/swg.fits[1]
scw/0868/086800080010.001/swg.fits[1]
scw/0868/086800090010.001/swg.fits[1]
scw/0868/086800140010.001/swg.fits[1]
scw/0868/086800150010.001/swg.fits[1]
scw/0868/086800190010.001/swg.fits[1]
scw/0868/086800240010.001/swg.fits[1]
scw/0868/086800280010.001/swg.fits[1]
scw/0868/086800290010.001/swg.fits[1]
scw/0868/086800300010.001/swg.fits[1]
scw/0880/088000370010.001/swg.fits[1]
scw/0880/088000380010.001/swg.fits[1]
scw/0880/088000620010.001/swg.fits[1]
scw/0881/088100060010.001/swg.fits[1]
scw/0881/088100070010.001/swg.fits[1]
scw/0881/088100200010.001/swg.fits[1]
scw/0881/088100210010.001/swg.fits[1]
scw/0881/088100220010.001/swg.fits[1]
scw/0881/088100250010.001/swg.fits[1]
scw/0881/088100260010.001/swg.fits[1]
scw/0881/088100270010.001/swg.fits[1]
scw/0881/088100510010.001/swg.fits[1]
scw/0881/088100520010.001/swg.fits[1]
scw/0881/088100550010.001/swg.fits[1]
scw/0881/088100560010.001/swg.fits[1]
scw/0882/088200080010.001/swg.fits[1]
scw/0882/088200090010.001/swg.fits[1]
scw/0882/088200140010.001/swg.fits[1]
scw/0882/088200150010.001/swg.fits[1]
scw/0882/088200330010.001/swg.fits[1]
scw/0882/088200340010.001/swg.fits[1]
scw/0882/088200350010.001/swg.fits[1]
scw/0882/088200380010.001/swg.fits[1]
scw/0882/088200390010.001/swg.fits[1]
scw/0882/088200400010.001/swg.fits[1]
scw/0882/088200430010.001/swg.fits[1]
scw/0882/088200440010.001/swg.fits[1]
scw/0882/088200450010.001/swg.fits[1]
scw/0912/091200260010.001/swg.fits[1]
scw/0912/091200270010.001/swg.fits[1]
scw/0912/091200320010.001/swg.fits[1]
scw/0912/091200330010.001/swg.fits[1]
scw/0913/091300050010.001/swg.fits[1]
scw/0913/091300060010.001/swg.fits[1]
scw/0913/091300090010.001/swg.fits[1]
scw/0913/091300100010.001/swg.fits[1]
scw/0913/091300150010.001/swg.fits[1]
scw/0913/091300160010.001/swg.fits[1]
scw/0913/091300280010.001/swg.fits[1]
scw/0913/091300290010.001/swg.fits[1]
scw/0913/091300300010.001/swg.fits[1]
scw/0913/091300350010.001/swg.fits[1]
scw/0913/091300360010.001/swg.fits[1]
scw/0913/091300370010.001/swg.fits[1]
scw/0914/091400290010.001/swg.fits[1]
scw/0914/091400300010.001/swg.fits[1]
scw/0914/091400310010.001/swg.fits[1]
scw/0914/091400360010.001/swg.fits[1]
scw/0914/091400370010.001/swg.fits[1]
scw/0914/091400510010.001/swg.fits[1]
scw/0914/091400560010.001/swg.fits[1]
scw/0914/091400570010.001/swg.fits[1]
scw/0915/091500360010.001/swg.fits[1]
scw/0915/091500380010.001/swg.fits[1]
scw/0915/091500390010.001/swg.fits[1]
scw/0915/091500400010.001/swg.fits[1]
scw/0915/091500460010.001/swg.fits[1]
scw/0976/097600240010.001/swg.fits[1]
scw/0976/097600250010.001/swg.fits[1]
scw/0976/097600280010.001/swg.fits[1]
scw/0976/097600290010.001/swg.fits[1]
scw/0976/097600340010.001/swg.fits[1]
scw/0976/097600350010.001/swg.fits[1]
scw/0976/097600470010.001/swg.fits[1]
scw/0976/097600480010.001/swg.fits[1]
scw/0976/097600490010.001/swg.fits[1]
scw/0976/097600540010.001/swg.fits[1]
scw/0976/097600550010.001/swg.fits[1]
scw/0976/097600560010.001/swg.fits[1]
scw/1053/105300560010.001/swg.fits[1]
scw/1053/105300680010.001/swg.fits[1]
scw/1055/105500590010.001/swg.fits[1]
scw/1055/105500700010.001/swg.fits[1]
scw/1058/105800590010.001/swg.fits[1]
scw/1058/105800680010.001/swg.fits[1]
scw/1114/111400650010.001/swg.fits[1]
scw/1115/111500640010.001/swg.fits[1]
scw/1116/111600350010.001/swg.fits[1]
scw/1182/118200670010.001/swg.fits[1]
scw/1186/118600570010.001/swg.fits[1]
scw/1298/129800870010.001/swg.fits[1]
scw/1298/129800920010.001/swg.fits[1]
scw/1306/130600600010.001/swg.fits[1]
scw/1373/137300060010.001/swg.fits[1]
scw/1480/148000090010.001/swg.fits[1]
scw/1488/148800080010.001/swg.fits[1]
scw/1488/148800150010.001/swg.fits[1]
scw/2042/204200080010.001/swg.fits[1]
scw/2042/204200090010.001/swg.fits[1]
scw/2042/204200180010.001/swg.fits[1]
scw/2042/204200480010.001/swg.fits[1]
scw/2042/204200490010.001/swg.fits[1]
scw/2043/204300050010.001/swg.fits[1]
scw/2043/204300060010.001/swg.fits[1]
scw/2043/204300450010.001/swg.fits[1]
scw/2043/204300460010.001/swg.fits[1]
scw/2044/204400030010.001/swg.fits[1]
scw/2044/204400120010.001/swg.fits[1]
scw/2044/204400420010.001/swg.fits[1]
scw/2044/204400430010.001/swg.fits[1]
scw/2245/224500140010.001/swg.fits[1]
scw/2245/224500230010.001/swg.fits[1]
scw/2249/224900490010.001/swg.fits[1]
scw/2252/225200110010.001/swg.fits[1]
scw/2252/225200120010.001/swg.fits[1]
scw/2253/225300470010.001/swg.fits[1]
scw/2254/225400110010.001/swg.fits[1]
scw/2254/225400120010.001/swg.fits[1]
scw/2371/237100470010.001/swg.fits[1]
scw/2371/237100480010.001/swg.fits[1]
scw/2371/237100550010.001/swg.fits[1]
scw/2371/237100560010.001/swg.fits[1]
scw/2371/237100580010.001/swg.fits[1]
scw/2378/237800560010.001/swg.fits[1]
scw/2378/237800570010.001/swg.fits[1]
scw/2378/237800630010.001/swg.fits[1]
scw/2378/237800640010.001/swg.fits[1]
scw/2378/237800650010.001/swg.fits[1]
scw/2378/237800660010.001/swg.fits[1]
scw/2378/237800700010.001/swg.fits[1]
scw/2378/237800710010.001/swg.fits[1]
scw/2378/237800720010.001/swg.fits[1]
scw/2383/238300480010.001/swg.fits[1]
scw/2383/238300490010.001/swg.fits[1]
scw/2384/238400540010.001/swg.fits[1]
scw/2384/238400550010.001/swg.fits[1]
scw/2384/238400560010.001/swg.fits[1]
scw/2388/238800350010.001/swg.fits[1]
scw/2388/238800360010.001/swg.fits[1]
scw/2388/238800370010.001/swg.fits[1]
scw/2388/238800420010.001/swg.fits[1]
scw/2388/238800430010.001/swg.fits[1]
scw/2388/238800440010.001/swg.fits[1]
scw/2392/239200580010.001/swg.fits[1]
scw/2392/239200590010.001/swg.fits[1]
scw/2392/239201010010.001/swg.fits[1]
scw/2427/242700630010.001/swg.fits[1]
scw/2427/242700710010.001/swg.fits[1]
scw/2427/242700720010.001/swg.fits[1]
scw/2427/242700730010.001/swg.fits[1]
scw/2427/242700740010.001/swg.fits[1]
scw/2430/243000710010.001/swg.fits[1]
scw/2430/243000800010.001/swg.fits[1]
scw/2431/243100540010.001/swg.fits[1]
scw/2431/243100560010.001/swg.fits[1]
scw/2431/243100570010.001/swg.fits[1]
scw/2431/243100580010.001/swg.fits[1]
scw/2434/243400630010.001/swg.fits[1]
scw/2434/243400690010.001/swg.fits[1]
scw/2434/243400700010.001/swg.fits[1]
scw/2434/243400710010.001/swg.fits[1]
scw/2434/243400720010.001/swg.fits[1]
scw/2434/243400730010.001/swg.fits[1]
scw/2434/243400740010.001/swg.fits[1]
scw/2437/243700600010.001/swg.fits[1]
scw/2438/243800050010.001/swg.fits[1]
scw/2438/243800060010.001/swg.fits[1]
scw/2438/243800110010.001/swg.fits[1]
scw/2438/243800120010.001/swg.fits[1]
scw/2439/243900500010.001/swg.fits[1]
scw/2439/243900590010.001/swg.fits[1]
scw/2441/244100450010.001/swg.fits[1]
scw/2441/244100540010.001/swg.fits[1]
scw/2443/244300530010.001/swg.fits[1]
scw/2444/244400610010.001/swg.fits[1]
scw/2444/244400690010.001/swg.fits[1]
scw/2444/244400700010.001/swg.fits[1]
scw/2444/244400710010.001/swg.fits[1]
scw/2444/244400720010.001/swg.fits[1]
scw/2446/244600560010.001/swg.fits[1]
scw/2450/245000070010.001/swg.fits[1]
scw/2450/245000080010.001/swg.fits[1]
scw/2450/245000140010.001/swg.fits[1]
scw/2450/245000150010.001/swg.fits[1]
scw/2450/245000160010.001/swg.fits[1]
scw/2450/245000170010.001/swg.fits[1]
scw/2455/245500550010.001/swg.fits[1]
scw/2455/245500560010.001/swg.fits[1]
scw/2455/245500570010.001/swg.fits[1]
scw/2455/245500840010.001/swg.fits[1]
