scw/0058/005800100010.001/swg.fits[1]
scw/0137/013700180010.001/swg.fits[1]
scw/0137/013700190010.001/swg.fits[1]
scw/0137/013700200010.001/swg.fits[1]
scw/0137/013700210010.001/swg.fits[1]
scw/0137/013700290010.001/swg.fits[1]
scw/0137/013700370010.001/swg.fits[1]
scw/0137/013700380010.001/swg.fits[1]
scw/0137/013700390010.001/swg.fits[1]
scw/0137/013700400010.001/swg.fits[1]
scw/0137/013700660010.001/swg.fits[1]
scw/0137/013700670010.001/swg.fits[1]
scw/0137/013700680010.001/swg.fits[1]
scw/0137/013700690010.001/swg.fits[1]
scw/0137/013700770010.001/swg.fits[1]
scw/0137/013700850010.001/swg.fits[1]
scw/0137/013700860010.001/swg.fits[1]
scw/0137/013700870010.001/swg.fits[1]
scw/0137/013700880010.001/swg.fits[1]
scw/0137/013701140010.001/swg.fits[1]
scw/0137/013701150010.001/swg.fits[1]
scw/0137/013701160010.001/swg.fits[1]
scw/0137/013701170010.001/swg.fits[1]
scw/0138/013800070010.001/swg.fits[1]
scw/0138/013800150010.001/swg.fits[1]
scw/0138/013800160010.001/swg.fits[1]
scw/0138/013800180010.001/swg.fits[1]
scw/0138/013800440010.001/swg.fits[1]
scw/0138/013800450010.001/swg.fits[1]
scw/0138/013800460010.001/swg.fits[1]
scw/0138/013800470010.001/swg.fits[1]
scw/0138/013800550010.001/swg.fits[1]
scw/0138/013800630010.001/swg.fits[1]
scw/0138/013800640010.001/swg.fits[1]
scw/0138/013800650010.001/swg.fits[1]
scw/0138/013800660010.001/swg.fits[1]
scw/0138/013800920010.001/swg.fits[1]
scw/0138/013800930010.001/swg.fits[1]
scw/0138/013800940010.001/swg.fits[1]
scw/0138/013800950010.001/swg.fits[1]
scw/0138/013801030010.001/swg.fits[1]
scw/0139/013900260010.001/swg.fits[1]
scw/0139/013900270010.001/swg.fits[1]
scw/0139/013900280010.001/swg.fits[1]
scw/0139/013900290010.001/swg.fits[1]
scw/0139/013900370010.001/swg.fits[1]
scw/0139/013900450010.001/swg.fits[1]
scw/0139/013900460010.001/swg.fits[1]
scw/0139/013900470010.001/swg.fits[1]
scw/0139/013900480010.001/swg.fits[1]
scw/0139/013900740010.001/swg.fits[1]
scw/0139/013900750010.001/swg.fits[1]
scw/0139/013900760010.001/swg.fits[1]
scw/0139/013900770010.001/swg.fits[1]
scw/0139/013900850010.001/swg.fits[1]
scw/0139/013900930010.001/swg.fits[1]
scw/0139/013900940010.001/swg.fits[1]
scw/0139/013900950010.001/swg.fits[1]
scw/0139/013900960010.001/swg.fits[1]
scw/0140/014000190010.001/swg.fits[1]
scw/0140/014000200010.001/swg.fits[1]
scw/0140/014000210010.001/swg.fits[1]
scw/0140/014000220010.001/swg.fits[1]
scw/0140/014000300010.001/swg.fits[1]
scw/0140/014000380010.001/swg.fits[1]
scw/0140/014000390010.001/swg.fits[1]
scw/0140/014000400010.001/swg.fits[1]
scw/0140/014000410010.001/swg.fits[1]
scw/0140/014000670010.001/swg.fits[1]
scw/0140/014000680010.001/swg.fits[1]
scw/0140/014000690010.001/swg.fits[1]
scw/0140/014000780010.001/swg.fits[1]
scw/0140/014000860010.001/swg.fits[1]
scw/0140/014000870010.001/swg.fits[1]
scw/0140/014000880010.001/swg.fits[1]
scw/0140/014000890010.001/swg.fits[1]
scw/0141/014100010010.001/swg.fits[1]
scw/0141/014100020010.001/swg.fits[1]
scw/0141/014100030010.001/swg.fits[1]
scw/0141/014100040010.001/swg.fits[1]
scw/0141/014100120010.001/swg.fits[1]
scw/0141/014100200010.001/swg.fits[1]
scw/0141/014100210010.001/swg.fits[1]
scw/0141/014100220010.001/swg.fits[1]
scw/0141/014100230010.001/swg.fits[1]
scw/0141/014100490010.001/swg.fits[1]
scw/0141/014100500010.001/swg.fits[1]
scw/0141/014100510010.001/swg.fits[1]
scw/0141/014100520010.001/swg.fits[1]
scw/0141/014100600010.001/swg.fits[1]
scw/0141/014100680010.001/swg.fits[1]
scw/0141/014100690010.001/swg.fits[1]
scw/0141/014100970010.001/swg.fits[1]
scw/0141/014100980010.001/swg.fits[1]
scw/0141/014100990010.001/swg.fits[1]
scw/0141/014101000010.001/swg.fits[1]
scw/0141/014101080010.001/swg.fits[1]
scw/0141/014101090010.001/swg.fits[1]
scw/0177/017700030010.001/swg.fits[1]
scw/0262/026200100010.001/swg.fits[1]
scw/0347/034700030010.001/swg.fits[1]
scw/0863/086300570010.001/swg.fits[1]
scw/0863/086300580010.001/swg.fits[1]
scw/0863/086300610010.001/swg.fits[1]
scw/0863/086300620010.001/swg.fits[1]
scw/0865/086500130010.001/swg.fits[1]
scw/0865/086500140010.001/swg.fits[1]
scw/0865/086500160010.001/swg.fits[1]
scw/0865/086500170010.001/swg.fits[1]
scw/0866/086600040010.001/swg.fits[1]
scw/0866/086600100010.001/swg.fits[1]
scw/0867/086700770010.001/swg.fits[1]
scw/0867/086700780010.001/swg.fits[1]
scw/0867/086700800010.001/swg.fits[1]
scw/0867/086700810010.001/swg.fits[1]
scw/0867/086700820010.001/swg.fits[1]
scw/0880/088000410010.001/swg.fits[1]
scw/0880/088000420010.001/swg.fits[1]
scw/0880/088000490010.001/swg.fits[1]
scw/0880/088000500010.001/swg.fits[1]
scw/0880/088000510010.001/swg.fits[1]
scw/0880/088000600010.001/swg.fits[1]
scw/0881/088100290010.001/swg.fits[1]
scw/0881/088100380010.001/swg.fits[1]
scw/0881/088100390010.001/swg.fits[1]
scw/0881/088100400010.001/swg.fits[1]
scw/0881/088100470010.001/swg.fits[1]
scw/0881/088100480010.001/swg.fits[1]
scw/0882/088200170010.001/swg.fits[1]
scw/0882/088200260010.001/swg.fits[1]
scw/0882/088200270010.001/swg.fits[1]
scw/0912/091200210010.001/swg.fits[1]
scw/0913/091300010010.001/swg.fits[1]
scw/0913/091300020010.001/swg.fits[1]
scw/0913/091300400010.001/swg.fits[1]
scw/0913/091300440010.001/swg.fits[1]
scw/0913/091300450010.001/swg.fits[1]
scw/0914/091400210010.001/swg.fits[1]
scw/0914/091400220010.001/swg.fits[1]
scw/0914/091400230010.001/swg.fits[1]
scw/0915/091500230010.001/swg.fits[1]
scw/0915/091500240010.001/swg.fits[1]
scw/0915/091500250010.001/swg.fits[1]
scw/0915/091500310010.001/swg.fits[1]
scw/0976/097600200010.001/swg.fits[1]
scw/0976/097600210010.001/swg.fits[1]
scw/0976/097600630010.001/swg.fits[1]
scw/0976/097600640010.001/swg.fits[1]
scw/1048/104800920010.001/swg.fits[1]
scw/1049/104900140010.001/swg.fits[1]
scw/1171/117100520010.001/swg.fits[1]
scw/1298/129800860010.001/swg.fits[1]
scw/1298/129800930010.001/swg.fits[1]
scw/2371/237100370010.001/swg.fits[1]
scw/2371/237100460010.001/swg.fits[1]
scw/2405/240500680010.001/swg.fits[1]
scw/2437/243700710010.001/swg.fits[1]
scw/2450/245000260010.001/swg.fits[1]
scw/2454/245400630010.001/swg.fits[1]
