scw/0098/009800080010.001/swg.fits[1]
scw/0098/009800150010.001/swg.fits[1]
scw/0098/009800220010.001/swg.fits[1]
scw/0098/009800290010.001/swg.fits[1]
scw/0098/009800360010.001/swg.fits[1]
scw/0098/009800430010.001/swg.fits[1]
scw/0098/009800500010.001/swg.fits[1]
scw/0098/009800570010.001/swg.fits[1]
scw/0099/009900020010.001/swg.fits[1]
scw/0099/009900090010.001/swg.fits[1]
scw/0099/009900160010.001/swg.fits[1]
scw/0099/009900230010.001/swg.fits[1]
scw/0207/020700760010.001/swg.fits[1]
scw/0207/020700770010.001/swg.fits[1]
scw/0207/020700780010.001/swg.fits[1]
scw/0207/020700860010.001/swg.fits[1]
scw/0207/020700870010.001/swg.fits[1]
scw/0208/020800200010.001/swg.fits[1]
scw/0208/020800210010.001/swg.fits[1]
scw/0208/020800220010.001/swg.fits[1]
scw/0208/020800300010.001/swg.fits[1]
scw/0208/020800310010.001/swg.fits[1]
scw/0208/020800320010.001/swg.fits[1]
scw/0209/020900200010.001/swg.fits[1]
scw/0209/020900210010.001/swg.fits[1]
scw/0209/020900220010.001/swg.fits[1]
scw/0210/021000510010.001/swg.fits[1]
scw/0210/021000550010.001/swg.fits[1]
