scw/0183/018301110010.001/swg.fits[1]
scw/0183/018301120010.001/swg.fits[1]
scw/0186/018600250010.001/swg.fits[1]
scw/0186/018600260010.001/swg.fits[1]
scw/0186/018600370010.001/swg.fits[1]
scw/0186/018600380010.001/swg.fits[1]
scw/0244/024400690010.001/swg.fits[1]
scw/0244/024400700010.001/swg.fits[1]
scw/0294/029400380010.001/swg.fits[1]
scw/0294/029400390010.001/swg.fits[1]
scw/0294/029400400010.001/swg.fits[1]
scw/0357/035700300010.001/swg.fits[1]
scw/0357/035700310010.001/swg.fits[1]
scw/0357/035700320010.001/swg.fits[1]
scw/0359/035900300010.001/swg.fits[1]
scw/0359/035900310010.001/swg.fits[1]
scw/0359/035900320010.001/swg.fits[1]
scw/0416/041600370010.001/swg.fits[1]
scw/0416/041600380010.001/swg.fits[1]
scw/0488/048800330010.001/swg.fits[1]
scw/0488/048800390010.001/swg.fits[1]
scw/0488/048800400010.001/swg.fits[1]
scw/0488/048800410010.001/swg.fits[1]
scw/0488/048800430010.001/swg.fits[1]
scw/0488/048800440010.001/swg.fits[1]
scw/0488/048800500010.001/swg.fits[1]
scw/0489/048900230010.001/swg.fits[1]
scw/0489/048900240010.001/swg.fits[1]
scw/0489/048900270010.001/swg.fits[1]
scw/0489/048900280010.001/swg.fits[1]
scw/0490/049000290010.001/swg.fits[1]
scw/0490/049000360010.001/swg.fits[1]
scw/0490/049000370010.001/swg.fits[1]
scw/0490/049000380010.001/swg.fits[1]
scw/0490/049000390010.001/swg.fits[1]
scw/0490/049000400010.001/swg.fits[1]
scw/0490/049000460010.001/swg.fits[1]
scw/0491/049100390010.001/swg.fits[1]
scw/0491/049100400010.001/swg.fits[1]
scw/0491/049100410010.001/swg.fits[1]
scw/0491/049100420010.001/swg.fits[1]
scw/0491/049100430010.001/swg.fits[1]
scw/0491/049100490010.001/swg.fits[1]
scw/0492/049200250010.001/swg.fits[1]
scw/0492/049200310010.001/swg.fits[1]
scw/0492/049200320010.001/swg.fits[1]
scw/0492/049200330010.001/swg.fits[1]
scw/0492/049200340010.001/swg.fits[1]
scw/0492/049200350010.001/swg.fits[1]
scw/0492/049200420010.001/swg.fits[1]
scw/0495/049500330010.001/swg.fits[1]
scw/0495/049500340010.001/swg.fits[1]
scw/0495/049500400010.001/swg.fits[1]
scw/0495/049500410010.001/swg.fits[1]
scw/0495/049500420010.001/swg.fits[1]
scw/0495/049500430010.001/swg.fits[1]
scw/0495/049500440010.001/swg.fits[1]
scw/0495/049500510010.001/swg.fits[1]
scw/0495/049500520010.001/swg.fits[1]
scw/0496/049600270010.001/swg.fits[1]
scw/0496/049600280010.001/swg.fits[1]
scw/0496/049600290010.001/swg.fits[1]
scw/0496/049600300010.001/swg.fits[1]
scw/0496/049600370010.001/swg.fits[1]
scw/0497/049700190010.001/swg.fits[1]
scw/0497/049700200010.001/swg.fits[1]
scw/0497/049700270010.001/swg.fits[1]
scw/0497/049700280010.001/swg.fits[1]
scw/0497/049700290010.001/swg.fits[1]
scw/0497/049700300010.001/swg.fits[1]
scw/0497/049700310010.001/swg.fits[1]
scw/0497/049700620010.001/swg.fits[1]
scw/0498/049800010010.001/swg.fits[1]
scw/1668/166800710010.001/swg.fits[1]
scw/1668/166800940010.001/swg.fits[1]
scw/1669/166900730010.001/swg.fits[1]
scw/1670/167000450010.001/swg.fits[1]
scw/1722/172200650010.001/swg.fits[1]
scw/1725/172500290010.001/swg.fits[1]
scw/1731/173100960010.001/swg.fits[1]
scw/1731/173100960020.001/swg.fits[1]
scw/1732/173200390010.001/swg.fits[1]
scw/1735/173500830010.001/swg.fits[1]
scw/1736/173600570010.001/swg.fits[1]
scw/1736/173600620010.001/swg.fits[1]
scw/1737/173700370010.001/swg.fits[1]
scw/1737/173700700010.001/swg.fits[1]
scw/1737/173700860010.001/swg.fits[1]
scw/1740/174000550010.001/swg.fits[1]
scw/1740/174000710010.001/swg.fits[1]
scw/1792/179200470010.001/swg.fits[1]
scw/1792/179200790010.001/swg.fits[1]
scw/1793/179300690010.001/swg.fits[1]
scw/1802/180200400010.001/swg.fits[1]
scw/1875/187500730010.001/swg.fits[1]
scw/1875/187500890010.001/swg.fits[1]
scw/1942/194200050010.001/swg.fits[1]
scw/1942/194200830010.001/swg.fits[1]
scw/2002/200200420010.001/swg.fits[1]
scw/2002/200200740010.001/swg.fits[1]
scw/2008/200800580010.001/swg.fits[1]
scw/2009/200900900010.001/swg.fits[1]
scw/2013/201300410010.001/swg.fits[1]
scw/2067/206700590010.001/swg.fits[1]
scw/2068/206800630010.001/swg.fits[1]
scw/2069/206900550010.001/swg.fits[1]
scw/2071/207100560010.001/swg.fits[1]
scw/2077/207700460010.001/swg.fits[1]
scw/2079/207900570010.001/swg.fits[1]
scw/2080/208000390010.001/swg.fits[1]
scw/2081/208100950010.001/swg.fits[1]
scw/2138/213800820010.001/swg.fits[1]
scw/2139/213900660010.001/swg.fits[1]
scw/2150/215000570010.001/swg.fits[1]
scw/2150/215000730010.001/swg.fits[1]
scw/2150/215000890010.001/swg.fits[1]
scw/2151/215100650010.001/swg.fits[1]
scw/2151/215100810010.001/swg.fits[1]
scw/2201/220100550010.001/swg.fits[1]
scw/2208/220800620010.001/swg.fits[1]
scw/2209/220900510010.001/swg.fits[1]
scw/2211/221100770010.001/swg.fits[1]
scw/2213/221300590010.001/swg.fits[1]
scw/2216/221600330010.001/swg.fits[1]
scw/2219/221900470010.001/swg.fits[1]
scw/2220/222000780010.001/swg.fits[1]
scw/2346/234600220010.001/swg.fits[1]
scw/2352/235200220010.001/swg.fits[1]
scw/2354/235400290010.001/swg.fits[1]
scw/2357/235700620010.001/swg.fits[1]
