scw/0638/063800050010.001/swg.fits[1]
scw/0639/063900250010.001/swg.fits[1]
scw/0640/064000020010.001/swg.fits[1]
scw/0640/064000030010.001/swg.fits[1]
scw/0647/064700250010.001/swg.fits[1]
scw/0648/064800030010.001/swg.fits[1]
scw/0690/069000240010.001/swg.fits[1]
scw/0690/069000250010.001/swg.fits[1]
scw/0690/069000260010.001/swg.fits[1]
scw/0690/069000270010.001/swg.fits[1]
scw/0691/069100190010.001/swg.fits[1]
scw/0691/069100210010.001/swg.fits[1]
scw/0691/069100280010.001/swg.fits[1]
scw/0692/069200020010.001/swg.fits[1]
scw/0692/069200100010.001/swg.fits[1]
scw/0692/069200120010.001/swg.fits[1]
scw/0692/069200130010.001/swg.fits[1]
scw/0692/069200210010.001/swg.fits[1]
scw/0692/069200530010.001/swg.fits[1]
scw/0692/069200600010.001/swg.fits[1]
scw/0693/069300030010.001/swg.fits[1]
scw/0693/069300110010.001/swg.fits[1]
scw/0693/069300510010.001/swg.fits[1]
scw/0693/069300530010.001/swg.fits[1]
scw/0694/069400320010.001/swg.fits[1]
scw/0694/069400400010.001/swg.fits[1]
scw/0694/069400430010.001/swg.fits[1]
scw/0697/069700330010.001/swg.fits[1]
scw/0702/070200040010.001/swg.fits[1]
scw/0702/070200050010.001/swg.fits[1]
scw/0704/070400030010.001/swg.fits[1]
scw/0704/070400090010.001/swg.fits[1]
scw/0704/070400100010.001/swg.fits[1]
scw/0704/070400130010.001/swg.fits[1]
scw/0705/070500020010.001/swg.fits[1]
scw/0712/071200230010.001/swg.fits[1]
scw/0713/071300040010.001/swg.fits[1]
scw/0762/076200410010.001/swg.fits[1]
scw/0762/076200490010.001/swg.fits[1]
scw/0762/076200520010.001/swg.fits[1]
scw/0813/081300370010.001/swg.fits[1]
