scw/0254/025400210010.001/swg.fits[1]
scw/0254/025400300010.001/swg.fits[1]
scw/0254/025400310010.001/swg.fits[1]
scw/0254/025400320010.001/swg.fits[1]
scw/0254/025400330010.001/swg.fits[1]
scw/0258/025800230010.001/swg.fits[1]
scw/0258/025800240010.001/swg.fits[1]
scw/0258/025800330010.001/swg.fits[1]
scw/0258/025800340010.001/swg.fits[1]
scw/0258/025800350010.001/swg.fits[1]
scw/0796/079600430010.001/swg.fits[1]
scw/0798/079800320010.001/swg.fits[1]
scw/0798/079800330010.001/swg.fits[1]
scw/0799/079900250010.001/swg.fits[1]
scw/0800/080000200010.001/swg.fits[1]
scw/0926/092600190010.001/swg.fits[1]
scw/0926/092600210010.001/swg.fits[1]
scw/0926/092600600010.001/swg.fits[1]
scw/0926/092600610010.001/swg.fits[1]
scw/0927/092700210010.001/swg.fits[1]
scw/0927/092700230010.001/swg.fits[1]
scw/1038/103800790010.001/swg.fits[1]
scw/1043/104300120010.001/swg.fits[1]
scw/1043/104300130010.001/swg.fits[1]
scw/1043/104300620010.001/swg.fits[1]
scw/1043/104300620020.001/swg.fits[1]
scw/1044/104400190010.001/swg.fits[1]
scw/1044/104400620010.001/swg.fits[1]
scw/1045/104500070010.001/swg.fits[1]
scw/1045/104500490010.001/swg.fits[1]
scw/1045/104500500010.001/swg.fits[1]
scw/1045/104500570010.001/swg.fits[1]
