scw/0078/007800560010.001/swg.fits[1]
scw/0081/008100170010.001/swg.fits[1]
scw/0081/008100180010.001/swg.fits[1]
scw/0081/008100190010.001/swg.fits[1]
scw/0081/008100270010.001/swg.fits[1]
scw/0081/008100350010.001/swg.fits[1]
scw/0081/008100360010.001/swg.fits[1]
scw/0081/008100370010.001/swg.fits[1]
scw/0082/008200430010.001/swg.fits[1]
scw/0082/008200440010.001/swg.fits[1]
scw/0082/008200450010.001/swg.fits[1]
scw/0082/008200530010.001/swg.fits[1]
scw/0082/008200610010.001/swg.fits[1]
scw/0082/008200620010.001/swg.fits[1]
scw/0082/008200630010.001/swg.fits[1]
scw/0083/008300340010.001/swg.fits[1]
scw/0083/008300350010.001/swg.fits[1]
scw/0083/008300360010.001/swg.fits[1]
scw/0083/008300440010.001/swg.fits[1]
scw/0083/008300520010.001/swg.fits[1]
scw/0083/008300530010.001/swg.fits[1]
scw/0083/008300540010.001/swg.fits[1]
scw/0084/008400170010.001/swg.fits[1]
scw/0084/008400180010.001/swg.fits[1]
scw/0084/008400260010.001/swg.fits[1]
scw/0084/008400340010.001/swg.fits[1]
scw/0084/008400350010.001/swg.fits[1]
scw/0084/008400360010.001/swg.fits[1]
scw/0085/008500650010.001/swg.fits[1]
scw/0086/008600160010.001/swg.fits[1]
scw/0086/008600240010.001/swg.fits[1]
scw/0086/008600320010.001/swg.fits[1]
scw/0086/008600330010.001/swg.fits[1]
scw/0086/008600340010.001/swg.fits[1]
scw/0086/008600580010.001/swg.fits[1]
scw/0087/008700290010.001/swg.fits[1]
scw/0087/008700450010.001/swg.fits[1]
scw/0087/008700610010.001/swg.fits[1]
scw/0088/008800580010.001/swg.fits[1]
scw/0088/008800740010.001/swg.fits[1]
scw/0137/013700220010.001/swg.fits[1]
scw/0137/013700260010.001/swg.fits[1]
scw/0137/013700270010.001/swg.fits[1]
scw/0137/013700280010.001/swg.fits[1]
scw/0137/013700300010.001/swg.fits[1]
scw/0137/013700310010.001/swg.fits[1]
scw/0137/013700320010.001/swg.fits[1]
scw/0137/013700360010.001/swg.fits[1]
scw/0137/013700700010.001/swg.fits[1]
scw/0137/013700740010.001/swg.fits[1]
scw/0137/013700750010.001/swg.fits[1]
scw/0137/013700760010.001/swg.fits[1]
scw/0137/013700780010.001/swg.fits[1]
scw/0137/013700790010.001/swg.fits[1]
scw/0137/013700800010.001/swg.fits[1]
scw/0137/013700840010.001/swg.fits[1]
scw/0138/013800040010.001/swg.fits[1]
scw/0138/013800050010.001/swg.fits[1]
scw/0138/013800060010.001/swg.fits[1]
scw/0138/013800080010.001/swg.fits[1]
scw/0138/013800090010.001/swg.fits[1]
scw/0138/013800100010.001/swg.fits[1]
scw/0138/013800140010.001/swg.fits[1]
scw/0138/013800480010.001/swg.fits[1]
scw/0138/013800520010.001/swg.fits[1]
scw/0138/013800530010.001/swg.fits[1]
scw/0138/013800540010.001/swg.fits[1]
scw/0138/013800560010.001/swg.fits[1]
scw/0138/013800570010.001/swg.fits[1]
scw/0138/013800580010.001/swg.fits[1]
scw/0138/013800620010.001/swg.fits[1]
scw/0138/013800960010.001/swg.fits[1]
scw/0138/013801000010.001/swg.fits[1]
scw/0138/013801010010.001/swg.fits[1]
scw/0138/013801020010.001/swg.fits[1]
scw/0138/013801040010.001/swg.fits[1]
scw/0138/013801050010.001/swg.fits[1]
scw/0138/013801060010.001/swg.fits[1]
scw/0139/013900300010.001/swg.fits[1]
scw/0139/013900340010.001/swg.fits[1]
scw/0139/013900350010.001/swg.fits[1]
scw/0139/013900360010.001/swg.fits[1]
scw/0139/013900380010.001/swg.fits[1]
scw/0139/013900390010.001/swg.fits[1]
scw/0139/013900400010.001/swg.fits[1]
scw/0139/013900440010.001/swg.fits[1]
scw/0139/013900780010.001/swg.fits[1]
scw/0139/013900820010.001/swg.fits[1]
scw/0139/013900830010.001/swg.fits[1]
scw/0139/013900840010.001/swg.fits[1]
scw/0139/013900860010.001/swg.fits[1]
scw/0139/013900870010.001/swg.fits[1]
scw/0139/013900880010.001/swg.fits[1]
scw/0139/013900920010.001/swg.fits[1]
scw/0140/014000230010.001/swg.fits[1]
scw/0140/014000270010.001/swg.fits[1]
scw/0140/014000280010.001/swg.fits[1]
scw/0140/014000290010.001/swg.fits[1]
scw/0140/014000310010.001/swg.fits[1]
scw/0140/014000320010.001/swg.fits[1]
scw/0140/014000330010.001/swg.fits[1]
scw/0140/014000370010.001/swg.fits[1]
scw/0140/014000710010.001/swg.fits[1]
scw/0140/014000750010.001/swg.fits[1]
scw/0140/014000760010.001/swg.fits[1]
scw/0140/014000770010.001/swg.fits[1]
scw/0140/014000790010.001/swg.fits[1]
scw/0140/014000800010.001/swg.fits[1]
scw/0140/014000810010.001/swg.fits[1]
scw/0140/014000820010.001/swg.fits[1]
scw/0140/014000850010.001/swg.fits[1]
scw/0141/014100050010.001/swg.fits[1]
scw/0141/014100090010.001/swg.fits[1]
scw/0141/014100100010.001/swg.fits[1]
scw/0141/014100110010.001/swg.fits[1]
scw/0141/014100130010.001/swg.fits[1]
scw/0141/014100140010.001/swg.fits[1]
scw/0141/014100150010.001/swg.fits[1]
scw/0141/014100190010.001/swg.fits[1]
scw/0141/014100530010.001/swg.fits[1]
scw/0141/014100570010.001/swg.fits[1]
scw/0141/014100580010.001/swg.fits[1]
scw/0141/014100590010.001/swg.fits[1]
scw/0141/014100610010.001/swg.fits[1]
scw/0141/014100620010.001/swg.fits[1]
scw/0141/014100630010.001/swg.fits[1]
scw/0141/014100670010.001/swg.fits[1]
scw/0141/014101010010.001/swg.fits[1]
scw/0141/014101050010.001/swg.fits[1]
scw/0141/014101060010.001/swg.fits[1]
scw/0141/014101070010.001/swg.fits[1]
scw/0141/014101100010.001/swg.fits[1]
scw/0146/014600130010.001/swg.fits[1]
scw/0157/015700060010.001/swg.fits[1]
scw/0186/018600820010.001/swg.fits[1]
scw/0203/020300070010.001/swg.fits[1]
scw/0209/020900130010.001/swg.fits[1]
scw/0256/025600110010.001/swg.fits[1]
scw/0258/025800070010.001/swg.fits[1]
scw/0268/026800040010.001/swg.fits[1]
scw/0280/028000040010.001/swg.fits[1]
scw/0301/030100030010.001/swg.fits[1]
scw/0338/033800080010.001/swg.fits[1]
scw/0343/034300090010.001/swg.fits[1]
scw/0374/037400500010.001/swg.fits[1]
scw/0374/037400510010.001/swg.fits[1]
scw/0374/037400590010.001/swg.fits[1]
scw/0374/037400600010.001/swg.fits[1]
scw/0376/037600060010.001/swg.fits[1]
scw/0376/037600070010.001/swg.fits[1]
scw/0376/037600080010.001/swg.fits[1]
scw/0376/037600150010.001/swg.fits[1]
scw/0376/037600160010.001/swg.fits[1]
scw/0376/037600170010.001/swg.fits[1]
scw/0376/037600570010.001/swg.fits[1]
scw/0377/037700300010.001/swg.fits[1]
scw/0377/037700390010.001/swg.fits[1]
scw/0378/037800210010.001/swg.fits[1]
scw/0378/037800300010.001/swg.fits[1]
scw/0379/037900590010.001/swg.fits[1]
scw/0380/038000090010.001/swg.fits[1]
scw/0380/038000150010.001/swg.fits[1]
scw/0380/038000160010.001/swg.fits[1]
scw/0380/038000570010.001/swg.fits[1]
scw/0380/038000580010.001/swg.fits[1]
scw/0381/038100020010.001/swg.fits[1]
scw/0381/038100030010.001/swg.fits[1]
scw/0381/038100450010.001/swg.fits[1]
scw/0381/038100520010.001/swg.fits[1]
scw/0382/038200410010.001/swg.fits[1]
scw/0382/038200420010.001/swg.fits[1]
scw/0383/038300320010.001/swg.fits[1]
scw/0383/038300330010.001/swg.fits[1]
scw/0383/038300340010.001/swg.fits[1]
scw/0383/038300400010.001/swg.fits[1]
scw/0387/038700070010.001/swg.fits[1]
scw/0395/039500080010.001/swg.fits[1]
scw/0399/039900680010.001/swg.fits[1]
scw/0407/040700260010.001/swg.fits[1]
scw/0428/042800580010.001/swg.fits[1]
scw/0433/043300550010.001/swg.fits[1]
scw/0433/043300560010.001/swg.fits[1]
scw/0433/043300570010.001/swg.fits[1]
scw/0433/043300650010.001/swg.fits[1]
scw/0434/043400340010.001/swg.fits[1]
scw/0434/043400350010.001/swg.fits[1]
scw/0434/043400360010.001/swg.fits[1]
scw/0434/043400430010.001/swg.fits[1]
scw/0434/043400440010.001/swg.fits[1]
scw/0434/043400450010.001/swg.fits[1]
scw/0434/043400460010.001/swg.fits[1]
scw/0435/043500450010.001/swg.fits[1]
scw/0435/043500460010.001/swg.fits[1]
scw/0435/043500540010.001/swg.fits[1]
scw/0435/043500550010.001/swg.fits[1]
scw/0435/043500570010.001/swg.fits[1]
scw/0436/043600490010.001/swg.fits[1]
scw/0436/043600500010.001/swg.fits[1]
scw/0436/043600570010.001/swg.fits[1]
scw/0436/043600580010.001/swg.fits[1]
scw/0436/043600590010.001/swg.fits[1]
scw/0438/043800070010.001/swg.fits[1]
scw/0438/043800150010.001/swg.fits[1]
scw/0438/043800160010.001/swg.fits[1]
scw/0439/043900260010.001/swg.fits[1]
scw/0439/043900270010.001/swg.fits[1]
scw/0439/043900340010.001/swg.fits[1]
scw/0439/043900350010.001/swg.fits[1]
scw/0440/044000150010.001/swg.fits[1]
scw/0440/044000160010.001/swg.fits[1]
scw/0440/044000170010.001/swg.fits[1]
