scw/0649/064900190010.001/swg.fits[1]
scw/0649/064900270010.001/swg.fits[1]
scw/0649/064900280010.001/swg.fits[1]
scw/0649/064900290010.001/swg.fits[1]
scw/0649/064900300010.001/swg.fits[1]
scw/0649/064900370010.001/swg.fits[1]
scw/0649/064900380010.001/swg.fits[1]
scw/0649/064900700010.001/swg.fits[1]
scw/0650/065000070010.001/swg.fits[1]
scw/0650/065000080010.001/swg.fits[1]
scw/0650/065000090010.001/swg.fits[1]
scw/0650/065000100010.001/swg.fits[1]
scw/0650/065000110010.001/swg.fits[1]
scw/0650/065000180010.001/swg.fits[1]
scw/0650/065000190010.001/swg.fits[1]
scw/0652/065200170010.001/swg.fits[1]
scw/0652/065200250010.001/swg.fits[1]
scw/0652/065200260010.001/swg.fits[1]
scw/0652/065200270010.001/swg.fits[1]
scw/0652/065200280010.001/swg.fits[1]
scw/0652/065200360010.001/swg.fits[1]
scw/0652/065200680010.001/swg.fits[1]
scw/0653/065300060010.001/swg.fits[1]
scw/0653/065300070010.001/swg.fits[1]
scw/0653/065300090010.001/swg.fits[1]
scw/0653/065300100010.001/swg.fits[1]
scw/0653/065300110010.001/swg.fits[1]
scw/0653/065300170010.001/swg.fits[1]
