scw/0995/099500940010.001/swg.fits[1]
scw/0995/099500950010.001/swg.fits[1]
scw/0995/099500960010.001/swg.fits[1]
scw/0996/099600220010.001/swg.fits[1]
scw/0996/099600230010.001/swg.fits[1]
scw/0996/099600700010.001/swg.fits[1]
scw/0996/099600930010.001/swg.fits[1]
scw/0998/099800280010.001/swg.fits[1]
scw/0998/099800420010.001/swg.fits[1]
scw/0998/099800430010.001/swg.fits[1]
scw/0998/099800560010.001/swg.fits[1]
scw/1037/103700960010.001/swg.fits[1]
scw/1037/103700970010.001/swg.fits[1]
scw/1049/104900650010.001/swg.fits[1]
scw/1050/105000600010.001/swg.fits[1]
scw/1051/105100440010.001/swg.fits[1]
scw/1052/105200080010.001/swg.fits[1]
scw/1052/105200380010.001/swg.fits[1]
scw/1052/105200450010.001/swg.fits[1]
scw/1053/105300190010.001/swg.fits[1]
scw/1056/105600060010.001/swg.fits[1]
scw/1119/111900630010.001/swg.fits[1]
scw/1121/112100040010.001/swg.fits[1]
scw/1122/112200610010.001/swg.fits[1]
scw/1122/112200950010.001/swg.fits[1]
scw/1123/112300110010.001/swg.fits[1]
scw/1141/114100440010.001/swg.fits[1]
scw/1171/117100290010.001/swg.fits[1]
scw/1172/117200070010.001/swg.fits[1]
scw/1172/117200220010.001/swg.fits[1]
scw/1173/117300150010.001/swg.fits[1]
scw/1174/117400420010.001/swg.fits[1]
scw/1174/117400430010.001/swg.fits[1]
scw/1174/117400660010.001/swg.fits[1]
scw/1178/117800080010.001/swg.fits[1]
scw/1178/117800150010.001/swg.fits[1]
scw/1178/117800440010.001/swg.fits[1]
scw/1180/118000040010.001/swg.fits[1]
scw/1184/118400060010.001/swg.fits[1]
scw/1227/122700980010.001/swg.fits[1]
scw/1229/122900120010.001/swg.fits[1]
scw/1231/123100350010.001/swg.fits[1]
scw/1235/123500300010.001/swg.fits[1]
scw/1237/123700190010.001/swg.fits[1]
scw/1237/123700600010.001/swg.fits[1]
scw/1296/129600800010.001/swg.fits[1]
scw/1296/129600910010.001/swg.fits[1]
scw/1303/130300550010.001/swg.fits[1]
scw/1303/130300600010.001/swg.fits[1]
scw/1367/136700040010.001/swg.fits[1]
scw/1367/136700130010.001/swg.fits[1]
scw/1367/136700140010.001/swg.fits[1]
scw/1367/136700440010.001/swg.fits[1]
scw/1367/136700530010.001/swg.fits[1]
scw/1367/136700630010.001/swg.fits[1]
scw/1367/136700640010.001/swg.fits[1]
scw/1368/136800600010.001/swg.fits[1]
scw/1369/136900220010.001/swg.fits[1]
scw/1369/136900300010.001/swg.fits[1]
scw/1369/136900310010.001/swg.fits[1]
scw/1369/136900320010.001/swg.fits[1]
scw/1369/136900330010.001/swg.fits[1]
scw/1369/136900400010.001/swg.fits[1]
scw/1369/136900410010.001/swg.fits[1]
scw/1369/136900710010.001/swg.fits[1]
scw/1369/136900720010.001/swg.fits[1]
scw/1369/136900730010.001/swg.fits[1]
scw/1369/136900810010.001/swg.fits[1]
scw/1369/136900820010.001/swg.fits[1]
scw/1369/136900830010.001/swg.fits[1]
scw/1372/137200750010.001/swg.fits[1]
scw/1372/137200760010.001/swg.fits[1]
scw/1373/137300890010.001/swg.fits[1]
scw/1411/141100020010.001/swg.fits[1]
scw/1411/141100230010.001/swg.fits[1]
scw/1411/141100310010.001/swg.fits[1]
scw/1411/141100320010.001/swg.fits[1]
scw/1411/141100430010.001/swg.fits[1]
scw/1411/141100520010.001/swg.fits[1]
scw/1411/141100530010.001/swg.fits[1]
scw/1411/141100730010.001/swg.fits[1]
scw/1411/141100820010.001/swg.fits[1]
scw/1416/141600670010.001/swg.fits[1]
scw/1416/141600870010.001/swg.fits[1]
scw/1416/141600880010.001/swg.fits[1]
scw/1469/146900860010.001/swg.fits[1]
scw/1469/146900950010.001/swg.fits[1]
scw/1470/147000250010.001/swg.fits[1]
scw/1471/147100490010.001/swg.fits[1]
scw/1471/147100500010.001/swg.fits[1]
scw/1471/147100580010.001/swg.fits[1]
scw/1477/147700550010.001/swg.fits[1]
scw/1477/147700660010.001/swg.fits[1]
scw/1477/147700750010.001/swg.fits[1]
scw/1477/147700760010.001/swg.fits[1]
scw/1479/147900450010.001/swg.fits[1]
scw/1479/147900550010.001/swg.fits[1]
scw/1479/147900560010.001/swg.fits[1]
scw/1479/147900640010.001/swg.fits[1]
scw/1479/147900650010.001/swg.fits[1]
scw/1479/147900760010.001/swg.fits[1]
scw/1479/147900850010.001/swg.fits[1]
scw/1480/148000820010.001/swg.fits[1]
scw/1481/148100260010.001/swg.fits[1]
scw/1481/148100460010.001/swg.fits[1]
scw/1481/148100470010.001/swg.fits[1]
scw/1481/148100760010.001/swg.fits[1]
scw/1481/148100770010.001/swg.fits[1]
scw/1482/148200040010.001/swg.fits[1]
scw/1482/148200330010.001/swg.fits[1]
scw/1482/148200340010.001/swg.fits[1]
scw/1482/148200630010.001/swg.fits[1]
scw/1482/148200640010.001/swg.fits[1]
scw/1482/148200830010.001/swg.fits[1]
scw/1482/148200840010.001/swg.fits[1]
scw/1483/148300990010.001/swg.fits[1]
scw/1484/148400030010.001/swg.fits[1]
scw/1484/148400210010.001/swg.fits[1]
scw/1484/148400280010.001/swg.fits[1]
scw/1484/148400470010.001/swg.fits[1]
scw/1484/148400480010.001/swg.fits[1]
scw/1484/148400490010.001/swg.fits[1]
scw/1484/148400680010.001/swg.fits[1]
scw/1484/148400690010.001/swg.fits[1]
scw/1486/148600170010.001/swg.fits[1]
scw/1486/148600330010.001/swg.fits[1]
scw/1486/148600340010.001/swg.fits[1]
scw/1486/148600350010.001/swg.fits[1]
scw/1486/148600420010.001/swg.fits[1]
scw/1486/148600430010.001/swg.fits[1]
scw/1486/148600440010.001/swg.fits[1]
scw/1486/148600530010.001/swg.fits[1]
scw/1486/148600540010.001/swg.fits[1]
scw/1486/148600830010.001/swg.fits[1]
scw/1486/148600840010.001/swg.fits[1]
scw/1487/148700270010.001/swg.fits[1]
scw/1487/148700360010.001/swg.fits[1]
scw/1487/148700370010.001/swg.fits[1]
scw/1487/148700670010.001/swg.fits[1]
scw/1487/148700750010.001/swg.fits[1]
scw/1487/148700760010.001/swg.fits[1]
scw/1487/148700770010.001/swg.fits[1]
scw/1487/148700780010.001/swg.fits[1]
scw/1487/148700860010.001/swg.fits[1]
scw/1487/148700870010.001/swg.fits[1]
scw/1489/148900490010.001/swg.fits[1]
scw/1489/148900500010.001/swg.fits[1]
scw/1489/148900590010.001/swg.fits[1]
scw/1489/148900600010.001/swg.fits[1]
scw/1489/148900690010.001/swg.fits[1]
scw/1489/148900700010.001/swg.fits[1]
scw/1534/153400170010.001/swg.fits[1]
scw/1534/153400180010.001/swg.fits[1]
scw/1534/153400190010.001/swg.fits[1]
scw/1534/153400270010.001/swg.fits[1]
scw/1534/153400480010.001/swg.fits[1]
scw/1534/153400570010.001/swg.fits[1]
scw/1534/153400650010.001/swg.fits[1]
scw/1535/153500290010.001/swg.fits[1]
scw/1535/153500300010.001/swg.fits[1]
scw/1536/153600140010.001/swg.fits[1]
scw/1536/153600220010.001/swg.fits[1]
scw/1536/153600430010.001/swg.fits[1]
scw/1536/153600520010.001/swg.fits[1]
scw/1537/153700120010.001/swg.fits[1]
scw/1537/153700230010.001/swg.fits[1]
scw/1537/153700240010.001/swg.fits[1]
scw/1539/153900620010.001/swg.fits[1]
scw/1541/154100190010.001/swg.fits[1]
scw/1541/154100280010.001/swg.fits[1]
scw/1542/154200060010.001/swg.fits[1]
scw/1542/154200070010.001/swg.fits[1]
scw/1542/154200270010.001/swg.fits[1]
scw/1542/154200360010.001/swg.fits[1]
scw/1542/154200510010.001/swg.fits[1]
scw/1542/154200600010.001/swg.fits[1]
scw/1542/154200800010.001/swg.fits[1]
scw/1542/154200810010.001/swg.fits[1]
scw/1543/154300290010.001/swg.fits[1]
scw/1543/154300300010.001/swg.fits[1]
scw/1543/154300490010.001/swg.fits[1]
scw/1543/154300500010.001/swg.fits[1]
scw/1543/154300580010.001/swg.fits[1]
scw/1543/154300590010.001/swg.fits[1]
scw/1543/154300790010.001/swg.fits[1]
scw/1543/154300800010.001/swg.fits[1]
scw/1554/155400200010.001/swg.fits[1]
scw/1554/155400210010.001/swg.fits[1]
scw/1554/155400220010.001/swg.fits[1]
scw/1554/155400250010.001/swg.fits[1]
scw/1554/155400260010.001/swg.fits[1]
scw/1554/155400270010.001/swg.fits[1]
scw/1554/155400300010.001/swg.fits[1]
scw/1554/155400310010.001/swg.fits[1]
scw/1554/155400320010.001/swg.fits[1]
scw/1554/155400360010.001/swg.fits[1]
scw/1554/155400370010.001/swg.fits[1]
scw/1555/155500050010.001/swg.fits[1]
scw/1555/155500060010.001/swg.fits[1]
scw/1555/155500120010.001/swg.fits[1]
scw/1555/155500190010.001/swg.fits[1]
scw/1555/155500200010.001/swg.fits[1]
scw/1555/155500260010.001/swg.fits[1]
scw/1555/155500270010.001/swg.fits[1]
scw/1555/155500330010.001/swg.fits[1]
scw/1555/155500340010.001/swg.fits[1]
scw/1555/155500400010.001/swg.fits[1]
scw/1555/155500470010.001/swg.fits[1]
scw/1555/155500480010.001/swg.fits[1]
scw/1556/155600080010.001/swg.fits[1]
scw/1556/155600090010.001/swg.fits[1]
scw/1556/155600150010.001/swg.fits[1]
scw/1556/155600160010.001/swg.fits[1]
scw/1556/155600210010.001/swg.fits[1]
scw/1556/155600220010.001/swg.fits[1]
scw/1556/155600230010.001/swg.fits[1]
scw/1556/155600240010.001/swg.fits[1]
scw/1556/155600270010.001/swg.fits[1]
scw/1557/155700180010.001/swg.fits[1]
scw/1557/155700190010.001/swg.fits[1]
scw/1557/155700200010.001/swg.fits[1]
