scw/0030/003000060010.001/swg.fits[1]
scw/0058/005800090010.001/swg.fits[1]
scw/0071/007100100010.001/swg.fits[1]
scw/0078/007800540010.001/swg.fits[1]
scw/0081/008100040010.001/swg.fits[1]
scw/0081/008100050010.001/swg.fits[1]
scw/0081/008100490010.001/swg.fits[1]
scw/0081/008100500010.001/swg.fits[1]
scw/0081/008100520010.001/swg.fits[1]
scw/0081/008100530010.001/swg.fits[1]
scw/0083/008300180010.001/swg.fits[1]
scw/0083/008300190010.001/swg.fits[1]
scw/0083/008300210010.001/swg.fits[1]
scw/0083/008300220010.001/swg.fits[1]
scw/0083/008300660010.001/swg.fits[1]
scw/0084/008400010010.001/swg.fits[1]
scw/0084/008400010020.001/swg.fits[1]
scw/0084/008400030010.001/swg.fits[1]
scw/0084/008400040010.001/swg.fits[1]
scw/0084/008400480010.001/swg.fits[1]
scw/0084/008400490010.001/swg.fits[1]
scw/0084/008400510010.001/swg.fits[1]
scw/0084/008400520010.001/swg.fits[1]
scw/0086/008600460010.001/swg.fits[1]
scw/0086/008600470010.001/swg.fits[1]
scw/0086/008600490010.001/swg.fits[1]
scw/0086/008600500010.001/swg.fits[1]
scw/0091/009100090010.001/swg.fits[1]
scw/0137/013700140010.001/swg.fits[1]
scw/0137/013700440010.001/swg.fits[1]
scw/0137/013700530010.001/swg.fits[1]
scw/0137/013700620010.001/swg.fits[1]
scw/0137/013700920010.001/swg.fits[1]
scw/0137/013701010010.001/swg.fits[1]
scw/0137/013701100010.001/swg.fits[1]
scw/0138/013800310010.001/swg.fits[1]
scw/0138/013800400010.001/swg.fits[1]
scw/0138/013800700010.001/swg.fits[1]
scw/0138/013800790010.001/swg.fits[1]
scw/0138/013800880010.001/swg.fits[1]
scw/0139/013900040010.001/swg.fits[1]
scw/0139/013900130010.001/swg.fits[1]
scw/0139/013900220010.001/swg.fits[1]
scw/0139/013900520010.001/swg.fits[1]
scw/0139/013900610010.001/swg.fits[1]
scw/0139/013900700010.001/swg.fits[1]
scw/0139/013901000010.001/swg.fits[1]
scw/0140/014000060010.001/swg.fits[1]
scw/0140/014000150010.001/swg.fits[1]
scw/0140/014000450010.001/swg.fits[1]
scw/0140/014000540010.001/swg.fits[1]
scw/0140/014000630010.001/swg.fits[1]
scw/0140/014000930010.001/swg.fits[1]
scw/0140/014001020010.001/swg.fits[1]
scw/0140/014001110010.001/swg.fits[1]
scw/0141/014100270010.001/swg.fits[1]
scw/0141/014100360010.001/swg.fits[1]
scw/0141/014100450010.001/swg.fits[1]
scw/0141/014100750010.001/swg.fits[1]
scw/0141/014100840010.001/swg.fits[1]
scw/0141/014100930010.001/swg.fits[1]
scw/0146/014600110010.001/swg.fits[1]
scw/0149/014900040010.001/swg.fits[1]
scw/0194/019400130010.001/swg.fits[1]
scw/0229/022900020010.001/swg.fits[1]
scw/0234/023400350010.001/swg.fits[1]
scw/0250/025000050010.001/swg.fits[1]
scw/0258/025800080010.001/swg.fits[1]
scw/0262/026200080010.001/swg.fits[1]
scw/0267/026700590010.001/swg.fits[1]
scw/0270/027000590010.001/swg.fits[1]
scw/0281/028100050010.001/swg.fits[1]
scw/0301/030100020010.001/swg.fits[1]
scw/0308/030800160010.001/swg.fits[1]
scw/0347/034700040010.001/swg.fits[1]
scw/0372/037200070010.001/swg.fits[1]
scw/0373/037300530010.001/swg.fits[1]
scw/0373/037300540010.001/swg.fits[1]
scw/0373/037300550010.001/swg.fits[1]
scw/0373/037300620010.001/swg.fits[1]
scw/0373/037300630010.001/swg.fits[1]
scw/0374/037400650010.001/swg.fits[1]
scw/0374/037400660010.001/swg.fits[1]
scw/0375/037500020010.001/swg.fits[1]
scw/0375/037500030010.001/swg.fits[1]
scw/0375/037500040010.001/swg.fits[1]
scw/0375/037500120010.001/swg.fits[1]
scw/0375/037500130010.001/swg.fits[1]
scw/0375/037500140010.001/swg.fits[1]
scw/0375/037500150010.001/swg.fits[1]
scw/0375/037500220010.001/swg.fits[1]
scw/0375/037500230010.001/swg.fits[1]
scw/0376/037600220010.001/swg.fits[1]
scw/0376/037600300010.001/swg.fits[1]
scw/0376/037600310010.001/swg.fits[1]
scw/0376/037600320010.001/swg.fits[1]
scw/0376/037600330010.001/swg.fits[1]
scw/0376/037600420010.001/swg.fits[1]
scw/0376/037600430010.001/swg.fits[1]
scw/0376/037600500010.001/swg.fits[1]
scw/0376/037600510010.001/swg.fits[1]
scw/0377/037700020010.001/swg.fits[1]
scw/0377/037700030010.001/swg.fits[1]
scw/0377/037700040010.001/swg.fits[1]
scw/0377/037700060010.001/swg.fits[1]
scw/0377/037700150010.001/swg.fits[1]
scw/0377/037700160010.001/swg.fits[1]
scw/0377/037700230010.001/swg.fits[1]
scw/0377/037700240010.001/swg.fits[1]
scw/0377/037700250010.001/swg.fits[1]
scw/0377/037700430010.001/swg.fits[1]
scw/0377/037700450010.001/swg.fits[1]
scw/0377/037700460010.001/swg.fits[1]
scw/0377/037700470010.001/swg.fits[1]
scw/0377/037700530010.001/swg.fits[1]
scw/0377/037700540010.001/swg.fits[1]
scw/0377/037700560010.001/swg.fits[1]
scw/0378/037800040010.001/swg.fits[1]
scw/0378/037800060010.001/swg.fits[1]
scw/0378/037800070010.001/swg.fits[1]
scw/0378/037800080010.001/swg.fits[1]
scw/0378/037800140010.001/swg.fits[1]
scw/0378/037800360010.001/swg.fits[1]
scw/0378/037800370010.001/swg.fits[1]
scw/0378/037800430010.001/swg.fits[1]
scw/0378/037800440010.001/swg.fits[1]
scw/0378/037800450010.001/swg.fits[1]
scw/0378/037800460010.001/swg.fits[1]
scw/0378/037800470010.001/swg.fits[1]
scw/0378/037800560010.001/swg.fits[1]
scw/0378/037800570010.001/swg.fits[1]
scw/0379/037900520010.001/swg.fits[1]
scw/0379/037900530010.001/swg.fits[1]
scw/0380/038000220010.001/swg.fits[1]
scw/0380/038000300010.001/swg.fits[1]
scw/0380/038000310010.001/swg.fits[1]
scw/0380/038000320010.001/swg.fits[1]
scw/0380/038000330010.001/swg.fits[1]
scw/0380/038000400010.001/swg.fits[1]
scw/0380/038000410010.001/swg.fits[1]
scw/0380/038000420010.001/swg.fits[1]
scw/0380/038000430010.001/swg.fits[1]
scw/0380/038000510010.001/swg.fits[1]
scw/0381/038100100010.001/swg.fits[1]
scw/0381/038100160010.001/swg.fits[1]
scw/0381/038100170010.001/swg.fits[1]
scw/0381/038100180010.001/swg.fits[1]
scw/0381/038100190010.001/swg.fits[1]
scw/0381/038100200010.001/swg.fits[1]
scw/0381/038100280010.001/swg.fits[1]
scw/0381/038100290010.001/swg.fits[1]
scw/0381/038100300010.001/swg.fits[1]
scw/0381/038100380010.001/swg.fits[1]
scw/0382/038200010010.001/swg.fits[1]
scw/0382/038200020010.001/swg.fits[1]
scw/0382/038200090010.001/swg.fits[1]
scw/0382/038200100010.001/swg.fits[1]
scw/0382/038200110010.001/swg.fits[1]
scw/0382/038200120010.001/swg.fits[1]
scw/0382/038200190010.001/swg.fits[1]
scw/0382/038200200010.001/swg.fits[1]
scw/0382/038200210010.001/swg.fits[1]
scw/0382/038200220010.001/swg.fits[1]
scw/0382/038200300010.001/swg.fits[1]
scw/0382/038200550010.001/swg.fits[1]
scw/0382/038200560010.001/swg.fits[1]
scw/0382/038200570010.001/swg.fits[1]
scw/0383/038300040010.001/swg.fits[1]
scw/0383/038300050010.001/swg.fits[1]
scw/0383/038300060010.001/swg.fits[1]
scw/0383/038300080010.001/swg.fits[1]
scw/0383/038300140010.001/swg.fits[1]
scw/0383/038300150010.001/swg.fits[1]
scw/0383/038300160010.001/swg.fits[1]
scw/0383/038300170010.001/swg.fits[1]
scw/0383/038300180010.001/swg.fits[1]
scw/0383/038300190010.001/swg.fits[1]
scw/0395/039500060010.001/swg.fits[1]
scw/0398/039800070010.001/swg.fits[1]
scw/0399/039900460010.001/swg.fits[1]
scw/0400/040000040010.001/swg.fits[1]
scw/0428/042800570010.001/swg.fits[1]
scw/0433/043300490010.001/swg.fits[1]
scw/0433/043300500010.001/swg.fits[1]
scw/0433/043300690010.001/swg.fits[1]
scw/0433/043300710010.001/swg.fits[1]
scw/0434/043400010010.001/swg.fits[1]
scw/0434/043400070010.001/swg.fits[1]
scw/0434/043400080010.001/swg.fits[1]
scw/0434/043400090010.001/swg.fits[1]
scw/0434/043400180010.001/swg.fits[1]
scw/0434/043400200010.001/swg.fits[1]
scw/0434/043400210010.001/swg.fits[1]
scw/0434/043400220010.001/swg.fits[1]
scw/0434/043400280010.001/swg.fits[1]
scw/0434/043400500010.001/swg.fits[1]
scw/0435/043500190010.001/swg.fits[1]
scw/0435/043500200010.001/swg.fits[1]
scw/0435/043500210010.001/swg.fits[1]
scw/0435/043500220010.001/swg.fits[1]
scw/0435/043500310010.001/swg.fits[1]
scw/0435/043500320010.001/swg.fits[1]
scw/0435/043500390010.001/swg.fits[1]
scw/0435/043500400010.001/swg.fits[1]
scw/0435/043500610010.001/swg.fits[1]
scw/0436/043600220010.001/swg.fits[1]
scw/0436/043600230010.001/swg.fits[1]
scw/0436/043600240010.001/swg.fits[1]
scw/0436/043600330010.001/swg.fits[1]
scw/0436/043600340010.001/swg.fits[1]
scw/0436/043600350010.001/swg.fits[1]
scw/0436/043600420010.001/swg.fits[1]
scw/0436/043600430010.001/swg.fits[1]
scw/0436/043600650010.001/swg.fits[1]
scw/0437/043700650010.001/swg.fits[1]
