scw/0205/020500170010.001/swg.fits[1]
scw/0205/020500180010.001/swg.fits[1]
scw/0205/020500190010.001/swg.fits[1]
scw/0205/020500240010.001/swg.fits[1]
scw/0205/020500250010.001/swg.fits[1]
scw/0205/020500260010.001/swg.fits[1]
scw/0205/020500270010.001/swg.fits[1]
scw/0205/020500280010.001/swg.fits[1]
scw/0205/020500330010.001/swg.fits[1]
scw/0205/020500340010.001/swg.fits[1]
scw/0205/020500350010.001/swg.fits[1]
scw/0206/020600040010.001/swg.fits[1]
scw/0206/020600050010.001/swg.fits[1]
scw/0206/020600060010.001/swg.fits[1]
scw/0206/020600110010.001/swg.fits[1]
scw/0206/020600120010.001/swg.fits[1]
scw/0206/020600130010.001/swg.fits[1]
scw/0206/020600140010.001/swg.fits[1]
scw/0206/020600150010.001/swg.fits[1]
scw/0206/020600200010.001/swg.fits[1]
scw/0206/020600210010.001/swg.fits[1]
scw/0206/020600220010.001/swg.fits[1]
scw/0206/020600520010.001/swg.fits[1]
scw/0206/020600530010.001/swg.fits[1]
scw/0206/020600540010.001/swg.fits[1]
scw/0206/020600590010.001/swg.fits[1]
scw/0206/020600600010.001/swg.fits[1]
scw/0206/020600610010.001/swg.fits[1]
scw/0206/020600620010.001/swg.fits[1]
scw/0257/025700750010.001/swg.fits[1]
scw/0257/025700760010.001/swg.fits[1]
scw/0257/025700770010.001/swg.fits[1]
scw/0257/025700820010.001/swg.fits[1]
scw/0257/025700830010.001/swg.fits[1]
scw/0257/025700840010.001/swg.fits[1]
scw/0257/025700850010.001/swg.fits[1]
scw/0257/025700860010.001/swg.fits[1]
scw/0257/025700870010.001/swg.fits[1]
scw/0257/025700930010.001/swg.fits[1]
scw/0257/025700940010.001/swg.fits[1]
