scw/1514/151400780010.001/swg.fits[1]
scw/1517/151700600010.001/swg.fits[1]
scw/1517/151700640010.001/swg.fits[1]
scw/1517/151700650010.001/swg.fits[1]
scw/1517/151700660010.001/swg.fits[1]
scw/1517/151700700010.001/swg.fits[1]
scw/1519/151900630010.001/swg.fits[1]
scw/1521/152100840010.001/swg.fits[1]
scw/1521/152100850010.001/swg.fits[1]
scw/1521/152100860010.001/swg.fits[1]
scw/1521/152100920010.001/swg.fits[1]
scw/1526/152600030010.001/swg.fits[1]
scw/1527/152700640010.001/swg.fits[1]
scw/1527/152700650010.001/swg.fits[1]
scw/1527/152700670010.001/swg.fits[1]
scw/1527/152700680010.001/swg.fits[1]
scw/1527/152700690010.001/swg.fits[1]
scw/1527/152700750010.001/swg.fits[1]
scw/1527/152700890010.001/swg.fits[1]
scw/1527/152700900010.001/swg.fits[1]
scw/1527/152700950010.001/swg.fits[1]
scw/1529/152900800010.001/swg.fits[1]
scw/1529/152900810010.001/swg.fits[1]
scw/1529/152900820010.001/swg.fits[1]
scw/1529/152900880010.001/swg.fits[1]
scw/1530/153000840010.001/swg.fits[1]
scw/1533/153300530010.001/swg.fits[1]
scw/1533/153300540010.001/swg.fits[1]
scw/1533/153300550010.001/swg.fits[1]
scw/1533/153300600010.001/swg.fits[1]
scw/1533/153300610010.001/swg.fits[1]
scw/1533/153300750010.001/swg.fits[1]
scw/1533/153300760010.001/swg.fits[1]
scw/1533/153300810010.001/swg.fits[1]
scw/1533/153300820010.001/swg.fits[1]
scw/1580/158000870010.001/swg.fits[1]
scw/1583/158300640010.001/swg.fits[1]
scw/1583/158300670010.001/swg.fits[1]
scw/1583/158300680010.001/swg.fits[1]
scw/1583/158300690010.001/swg.fits[1]
scw/1583/158300700010.001/swg.fits[1]
scw/1585/158500420010.001/swg.fits[1]
scw/1587/158700340010.001/swg.fits[1]
scw/1587/158700350010.001/swg.fits[1]
scw/1587/158700390010.001/swg.fits[1]
scw/1587/158700400010.001/swg.fits[1]
scw/1587/158700410010.001/swg.fits[1]
scw/1589/158900370010.001/swg.fits[1]
scw/1589/158900540010.001/swg.fits[1]
scw/1589/158900600010.001/swg.fits[1]
scw/1589/158900610010.001/swg.fits[1]
scw/1589/158900620010.001/swg.fits[1]
scw/1589/158900640010.001/swg.fits[1]
scw/1590/159000540010.001/swg.fits[1]
scw/1591/159100410010.001/swg.fits[1]
scw/1591/159100420010.001/swg.fits[1]
scw/1591/159100610010.001/swg.fits[1]
scw/1591/159100650010.001/swg.fits[1]
scw/1591/159100660010.001/swg.fits[1]
scw/1591/159100670010.001/swg.fits[1]
scw/1594/159400420010.001/swg.fits[1]
scw/1594/159400770010.001/swg.fits[1]
scw/1595/159500800010.001/swg.fits[1]
scw/1646/164600100010.001/swg.fits[1]
scw/1646/164600110010.001/swg.fits[1]
scw/1646/164600120010.001/swg.fits[1]
scw/1646/164600180010.001/swg.fits[1]
scw/1647/164700120010.001/swg.fits[1]
scw/1647/164700880010.001/swg.fits[1]
scw/1649/164900120010.001/swg.fits[1]
scw/1649/164900130010.001/swg.fits[1]
scw/1649/164900140010.001/swg.fits[1]
scw/1649/164900200010.001/swg.fits[1]
scw/1649/164900890010.001/swg.fits[1]
scw/1649/164900900010.001/swg.fits[1]
scw/1649/164900910010.001/swg.fits[1]
scw/1649/164900970010.001/swg.fits[1]
scw/1650/165000170010.001/swg.fits[1]
scw/1650/165000180010.001/swg.fits[1]
scw/1650/165000190010.001/swg.fits[1]
scw/1650/165000250010.001/swg.fits[1]
scw/1650/165000760010.001/swg.fits[1]
scw/1650/165000770010.001/swg.fits[1]
scw/1652/165200430010.001/swg.fits[1]
scw/1652/165200690010.001/swg.fits[1]
scw/1652/165200700010.001/swg.fits[1]
scw/1652/165200710010.001/swg.fits[1]
scw/1652/165200720010.001/swg.fits[1]
scw/1652/165200760010.001/swg.fits[1]
scw/1652/165200770010.001/swg.fits[1]
scw/1653/165300100010.001/swg.fits[1]
scw/1653/165300360010.001/swg.fits[1]
scw/1653/165300370010.001/swg.fits[1]
scw/1654/165400100010.001/swg.fits[1]
scw/1654/165400120010.001/swg.fits[1]
scw/1654/165400170010.001/swg.fits[1]
scw/1654/165400180010.001/swg.fits[1]
scw/1654/165400380010.001/swg.fits[1]
scw/1654/165400410010.001/swg.fits[1]
scw/1654/165400420010.001/swg.fits[1]
scw/1654/165400430010.001/swg.fits[1]
scw/1654/165400480010.001/swg.fits[1]
scw/1654/165400490010.001/swg.fits[1]
scw/1655/165500100010.001/swg.fits[1]
scw/1655/165500380010.001/swg.fits[1]
scw/1655/165500390010.001/swg.fits[1]
scw/1655/165500420010.001/swg.fits[1]
scw/1655/165500430010.001/swg.fits[1]
scw/1655/165500440010.001/swg.fits[1]
scw/1655/165500480010.001/swg.fits[1]
scw/1657/165700400010.001/swg.fits[1]
scw/1657/165700410010.001/swg.fits[1]
scw/1657/165700440010.001/swg.fits[1]
scw/1657/165700450010.001/swg.fits[1]
scw/1657/165700460010.001/swg.fits[1]
scw/1657/165700500010.001/swg.fits[1]
scw/1658/165800310010.001/swg.fits[1]
scw/1663/166300640010.001/swg.fits[1]
scw/1663/166300650010.001/swg.fits[1]
scw/1663/166300660010.001/swg.fits[1]
scw/1663/166300700010.001/swg.fits[1]
scw/1663/166300710010.001/swg.fits[1]
scw/1665/166500140010.001/swg.fits[1]
scw/1665/166500170010.001/swg.fits[1]
scw/1665/166500180010.001/swg.fits[1]
scw/1665/166500190010.001/swg.fits[1]
scw/1665/166500240010.001/swg.fits[1]
scw/1665/166500250010.001/swg.fits[1]
scw/1666/166600170010.001/swg.fits[1]
scw/1666/166600180010.001/swg.fits[1]
scw/1666/166600250010.001/swg.fits[1]
scw/1668/166800400010.001/swg.fits[1]
scw/1668/166800410010.001/swg.fits[1]
scw/1668/166800560010.001/swg.fits[1]
scw/1668/166800570010.001/swg.fits[1]
scw/1669/166900120010.001/swg.fits[1]
scw/1669/166900160010.001/swg.fits[1]
scw/1669/166900170010.001/swg.fits[1]
scw/1669/166900180010.001/swg.fits[1]
scw/1669/166900220010.001/swg.fits[1]
scw/1669/166900360010.001/swg.fits[1]
scw/1669/166900370010.001/swg.fits[1]
scw/1669/166900380010.001/swg.fits[1]
scw/1669/166900660010.001/swg.fits[1]
scw/1669/166900820010.001/swg.fits[1]
scw/1670/167000110010.001/swg.fits[1]
scw/1670/167000120010.001/swg.fits[1]
scw/1670/167000140010.001/swg.fits[1]
scw/1670/167000150010.001/swg.fits[1]
scw/1670/167000160010.001/swg.fits[1]
scw/1670/167000220010.001/swg.fits[1]
scw/1670/167000380010.001/swg.fits[1]
scw/1714/171400830010.001/swg.fits[1]
scw/1714/171400840010.001/swg.fits[1]
scw/1717/171700020010.001/swg.fits[1]
scw/1718/171800090010.001/swg.fits[1]
scw/1718/171800100010.001/swg.fits[1]
scw/1718/171800350010.001/swg.fits[1]
scw/1718/171800360010.001/swg.fits[1]
scw/1719/171900260010.001/swg.fits[1]
scw/1719/171900270010.001/swg.fits[1]
scw/1719/171900300010.001/swg.fits[1]
scw/1719/171900310010.001/swg.fits[1]
scw/1719/171900320010.001/swg.fits[1]
scw/1721/172100110010.001/swg.fits[1]
scw/1722/172200200010.001/swg.fits[1]
scw/1722/172200250010.001/swg.fits[1]
scw/1722/172200260010.001/swg.fits[1]
scw/1722/172200270010.001/swg.fits[1]
scw/1722/172200280010.001/swg.fits[1]
scw/1722/172200300010.001/swg.fits[1]
scw/1722/172200310010.001/swg.fits[1]
scw/1722/172200520010.001/swg.fits[1]
scw/1725/172500160010.001/swg.fits[1]
scw/1725/172500960010.001/swg.fits[1]
scw/1725/172500970010.001/swg.fits[1]
scw/1725/172501000010.001/swg.fits[1]
scw/1725/172501010010.001/swg.fits[1]
scw/1726/172600890010.001/swg.fits[1]
scw/1726/172600900010.001/swg.fits[1]
scw/1726/172600940010.001/swg.fits[1]
scw/1726/172600950010.001/swg.fits[1]
scw/1726/172600960010.001/swg.fits[1]
scw/1727/172700140010.001/swg.fits[1]
scw/1727/172700320010.001/swg.fits[1]
scw/1727/172700330010.001/swg.fits[1]
scw/1727/172700380010.001/swg.fits[1]
scw/1727/172700390010.001/swg.fits[1]
scw/1728/172800050010.001/swg.fits[1]
scw/1728/172800060010.001/swg.fits[1]
scw/1728/172800070010.001/swg.fits[1]
scw/1728/172800410010.001/swg.fits[1]
scw/1729/172900340010.001/swg.fits[1]
scw/1730/173000180010.001/swg.fits[1]
scw/1730/173000190010.001/swg.fits[1]
scw/1730/173000200010.001/swg.fits[1]
scw/1730/173000230010.001/swg.fits[1]
scw/1730/173000240010.001/swg.fits[1]
scw/1730/173000390010.001/swg.fits[1]
scw/1730/173000400010.001/swg.fits[1]
scw/1730/173000440010.001/swg.fits[1]
scw/1730/173000450010.001/swg.fits[1]
scw/1730/173000460010.001/swg.fits[1]
scw/1730/173000500010.001/swg.fits[1]
scw/1730/173000700010.001/swg.fits[1]
scw/1730/173000710010.001/swg.fits[1]
scw/1730/173000720010.001/swg.fits[1]
scw/1730/173000760010.001/swg.fits[1]
scw/1731/173100350010.001/swg.fits[1]
scw/1731/173100360010.001/swg.fits[1]
scw/1731/173100830010.001/swg.fits[1]
scw/1732/173200260010.001/swg.fits[1]
scw/1735/173500120010.001/swg.fits[1]
scw/1735/173500150010.001/swg.fits[1]
scw/1737/173700320010.001/swg.fits[1]
scw/1737/173700330010.001/swg.fits[1]
scw/1737/173700570010.001/swg.fits[1]
scw/1737/173700730010.001/swg.fits[1]
scw/1738/173800630010.001/swg.fits[1]
