scw/0036/003600020010.001/swg.fits[1]
scw/0037/003700070010.001/swg.fits[1]
scw/0037/003700080010.001/swg.fits[1]
scw/0037/003700140010.001/swg.fits[1]
scw/0037/003700150010.001/swg.fits[1]
scw/0037/003700160010.001/swg.fits[1]
scw/0037/003700170010.001/swg.fits[1]
scw/0037/003700180010.001/swg.fits[1]
scw/0037/003700340010.001/swg.fits[1]
scw/0037/003700350010.001/swg.fits[1]
scw/0037/003700360010.001/swg.fits[1]
scw/0037/003700370010.001/swg.fits[1]
scw/0037/003700380010.001/swg.fits[1]
scw/0037/003700440010.001/swg.fits[1]
scw/0037/003700450010.001/swg.fits[1]
scw/0037/003700550010.001/swg.fits[1]
scw/0037/003700560010.001/swg.fits[1]
scw/0037/003700620010.001/swg.fits[1]
scw/0037/003700630010.001/swg.fits[1]
scw/0037/003700640010.001/swg.fits[1]
scw/0037/003700650010.001/swg.fits[1]
scw/0037/003700660010.001/swg.fits[1]
scw/0037/003700820010.001/swg.fits[1]
scw/0037/003700830010.001/swg.fits[1]
scw/0037/003700840010.001/swg.fits[1]
scw/0037/003700850010.001/swg.fits[1]
scw/0037/003700860010.001/swg.fits[1]
scw/0037/003700920010.001/swg.fits[1]
scw/0037/003700930010.001/swg.fits[1]
scw/0038/003800060010.001/swg.fits[1]
scw/0038/003800070010.001/swg.fits[1]
scw/0038/003800130010.001/swg.fits[1]
scw/0038/003800140010.001/swg.fits[1]
scw/0038/003800150010.001/swg.fits[1]
scw/0038/003800160010.001/swg.fits[1]
scw/0038/003800170010.001/swg.fits[1]
scw/0038/003800330010.001/swg.fits[1]
scw/0038/003800340010.001/swg.fits[1]
scw/0038/003800350010.001/swg.fits[1]
scw/0038/003800360010.001/swg.fits[1]
scw/0038/003800370010.001/swg.fits[1]
scw/0047/004700620010.001/swg.fits[1]
scw/0047/004700630010.001/swg.fits[1]
scw/0047/004700640010.001/swg.fits[1]
scw/0047/004700690010.001/swg.fits[1]
scw/0047/004700700010.001/swg.fits[1]
scw/0047/004700790010.001/swg.fits[1]
scw/0047/004700800010.001/swg.fits[1]
scw/0047/004700850010.001/swg.fits[1]
scw/0047/004700860010.001/swg.fits[1]
scw/0047/004700960010.001/swg.fits[1]
scw/0047/004700970010.001/swg.fits[1]
scw/0047/004701020010.001/swg.fits[1]
scw/0047/004701030010.001/swg.fits[1]
scw/0050/005000160010.001/swg.fits[1]
scw/0050/005000770010.001/swg.fits[1]
scw/0050/005000780010.001/swg.fits[1]
scw/0050/005000790010.001/swg.fits[1]
scw/0050/005000920010.001/swg.fits[1]
scw/0050/005000930010.001/swg.fits[1]
scw/0100/010000040010.001/swg.fits[1]
scw/0100/010000050010.001/swg.fits[1]
scw/0100/010000100010.001/swg.fits[1]
scw/0100/010000110010.001/swg.fits[1]
scw/0101/010100580010.001/swg.fits[1]
scw/0101/010100590010.001/swg.fits[1]
scw/0101/010100600010.001/swg.fits[1]
scw/0116/011600340010.001/swg.fits[1]
scw/0116/011600350010.001/swg.fits[1]
scw/0116/011600400010.001/swg.fits[1]
scw/0116/011600410010.001/swg.fits[1]
scw/0116/011600500010.001/swg.fits[1]
scw/0116/011600510010.001/swg.fits[1]
scw/0116/011600560010.001/swg.fits[1]
scw/0116/011600570010.001/swg.fits[1]
scw/0116/011600670010.001/swg.fits[1]
scw/0116/011600680010.001/swg.fits[1]
scw/0118/011800230010.001/swg.fits[1]
scw/0118/011800240010.001/swg.fits[1]
scw/0118/011800350010.001/swg.fits[1]
scw/0118/011800360010.001/swg.fits[1]
scw/0154/015400480010.001/swg.fits[1]
scw/0161/016100180010.001/swg.fits[1]
scw/0164/016401040010.001/swg.fits[1]
scw/0164/016401050010.001/swg.fits[1]
scw/0164/016401060010.001/swg.fits[1]
scw/0164/016401070010.001/swg.fits[1]
scw/0164/016401080010.001/swg.fits[1]
scw/0167/016700670010.001/swg.fits[1]
scw/0167/016700680010.001/swg.fits[1]
scw/0167/016700690010.001/swg.fits[1]
scw/0167/016700700010.001/swg.fits[1]
scw/0175/017500510010.001/swg.fits[1]
scw/0175/017500520010.001/swg.fits[1]
scw/0175/017500530010.001/swg.fits[1]
scw/0175/017500540010.001/swg.fits[1]
scw/0175/017500550010.001/swg.fits[1]
scw/0175/017500610010.001/swg.fits[1]
scw/0175/017500630010.001/swg.fits[1]
scw/0175/017500640010.001/swg.fits[1]
scw/0217/021700190010.001/swg.fits[1]
scw/0222/022200470010.001/swg.fits[1]
scw/0222/022200480010.001/swg.fits[1]
scw/0222/022200520010.001/swg.fits[1]
scw/0222/022200530010.001/swg.fits[1]
scw/0222/022200540010.001/swg.fits[1]
scw/0222/022200560010.001/swg.fits[1]
scw/0222/022200570010.001/swg.fits[1]
scw/0222/022200580010.001/swg.fits[1]
scw/0223/022300280010.001/swg.fits[1]
scw/0223/022300290010.001/swg.fits[1]
scw/0223/022300330010.001/swg.fits[1]
scw/0223/022300340010.001/swg.fits[1]
scw/0223/022300350010.001/swg.fits[1]
scw/0223/022300370010.001/swg.fits[1]
scw/0223/022300380010.001/swg.fits[1]
scw/0223/022300390010.001/swg.fits[1]
scw/0223/022300430010.001/swg.fits[1]
scw/0223/022300440010.001/swg.fits[1]
scw/0226/022600020010.001/swg.fits[1]
scw/0226/022600060010.001/swg.fits[1]
scw/0226/022600070010.001/swg.fits[1]
scw/0226/022600090010.001/swg.fits[1]
scw/0226/022600130010.001/swg.fits[1]
scw/0226/022600140010.001/swg.fits[1]
scw/0226/022600160010.001/swg.fits[1]
scw/0226/022600200010.001/swg.fits[1]
scw/0226/022600210010.001/swg.fits[1]
scw/0226/022600230010.001/swg.fits[1]
scw/0226/022600270010.001/swg.fits[1]
scw/0226/022600280010.001/swg.fits[1]
scw/0226/022600300010.001/swg.fits[1]
scw/0226/022600340010.001/swg.fits[1]
scw/0226/022600350010.001/swg.fits[1]
scw/0226/022600500010.001/swg.fits[1]
scw/0227/022700460010.001/swg.fits[1]
scw/0227/022700470010.001/swg.fits[1]
scw/0227/022700480010.001/swg.fits[1]
scw/0227/022700490010.001/swg.fits[1]
scw/0227/022700520010.001/swg.fits[1]
scw/0227/022700530010.001/swg.fits[1]
scw/0232/023200280010.001/swg.fits[1]
scw/0232/023200290010.001/swg.fits[1]
scw/0232/023200340010.001/swg.fits[1]
scw/0232/023200350010.001/swg.fits[1]
scw/0233/023300730010.001/swg.fits[1]
scw/0233/023300740010.001/swg.fits[1]
scw/0233/023300790010.001/swg.fits[1]
scw/0233/023300800010.001/swg.fits[1]
scw/0283/028300390010.001/swg.fits[1]
scw/0283/028300430010.001/swg.fits[1]
scw/0283/028300440010.001/swg.fits[1]
scw/0283/028300450010.001/swg.fits[1]
scw/0283/028300480010.001/swg.fits[1]
scw/0283/028300490010.001/swg.fits[1]
scw/0283/028300500010.001/swg.fits[1]
scw/0283/028300520010.001/swg.fits[1]
scw/0283/028300530010.001/swg.fits[1]
scw/0283/028300540010.001/swg.fits[1]
scw/0283/028300570010.001/swg.fits[1]
scw/0283/028300580010.001/swg.fits[1]
scw/0283/028300590010.001/swg.fits[1]
scw/0283/028300630010.001/swg.fits[1]
scw/0285/028500150010.001/swg.fits[1]
scw/0285/028500190010.001/swg.fits[1]
scw/0285/028500200010.001/swg.fits[1]
scw/0285/028500210010.001/swg.fits[1]
scw/0285/028500240010.001/swg.fits[1]
scw/0285/028500250010.001/swg.fits[1]
scw/0285/028500260010.001/swg.fits[1]
scw/0285/028500280010.001/swg.fits[1]
scw/0285/028500290010.001/swg.fits[1]
scw/0285/028500300010.001/swg.fits[1]
scw/0285/028500330010.001/swg.fits[1]
scw/0285/028500340010.001/swg.fits[1]
scw/0285/028500350010.001/swg.fits[1]
scw/0285/028500390010.001/swg.fits[1]
scw/0285/028500630010.001/swg.fits[1]
scw/0287/028700230010.001/swg.fits[1]
scw/0287/028700240010.001/swg.fits[1]
scw/0287/028700250010.001/swg.fits[1]
scw/0287/028700280010.001/swg.fits[1]
scw/0287/028700290010.001/swg.fits[1]
scw/0287/028700300010.001/swg.fits[1]
scw/0287/028700320010.001/swg.fits[1]
scw/0287/028700330010.001/swg.fits[1]
scw/0287/028700340010.001/swg.fits[1]
scw/0287/028700370010.001/swg.fits[1]
scw/0287/028700380010.001/swg.fits[1]
scw/0287/028700390010.001/swg.fits[1]
scw/0287/028700430010.001/swg.fits[1]
scw/0287/028700670010.001/swg.fits[1]
scw/0288/028800220010.001/swg.fits[1]
scw/0288/028800230010.001/swg.fits[1]
scw/0288/028800240010.001/swg.fits[1]
scw/0288/028800270010.001/swg.fits[1]
scw/0288/028800280010.001/swg.fits[1]
scw/0288/028800290010.001/swg.fits[1]
scw/0288/028800310010.001/swg.fits[1]
scw/0288/028800320010.001/swg.fits[1]
scw/0288/028800330010.001/swg.fits[1]
scw/0288/028800360010.001/swg.fits[1]
scw/0288/028800370010.001/swg.fits[1]
scw/0288/028800380010.001/swg.fits[1]
scw/0288/028800420010.001/swg.fits[1]
scw/0290/029000660010.001/swg.fits[1]
scw/0290/029000700010.001/swg.fits[1]
scw/0290/029000710010.001/swg.fits[1]
scw/0290/029000720010.001/swg.fits[1]
scw/0290/029000750010.001/swg.fits[1]
scw/0290/029000760010.001/swg.fits[1]
scw/0290/029000770010.001/swg.fits[1]
scw/0290/029000790010.001/swg.fits[1]
scw/0290/029000800010.001/swg.fits[1]
scw/0290/029000810010.001/swg.fits[1]
scw/0290/029000840010.001/swg.fits[1]
scw/0291/029100630010.001/swg.fits[1]
scw/0291/029100690010.001/swg.fits[1]
scw/0291/029100720010.001/swg.fits[1]
scw/0292/029200340010.001/swg.fits[1]
scw/0292/029200360010.001/swg.fits[1]
scw/0292/029200370010.001/swg.fits[1]
scw/0292/029200380010.001/swg.fits[1]
scw/0292/029200410010.001/swg.fits[1]
scw/0292/029200420010.001/swg.fits[1]
scw/0292/029200430010.001/swg.fits[1]
scw/0292/029200470010.001/swg.fits[1]
scw/0292/029200710010.001/swg.fits[1]
scw/0293/029300130010.001/swg.fits[1]
