scw/0575/057500690010.001/swg.fits[1]
scw/0575/057500700010.001/swg.fits[1]
scw/0575/057501000010.001/swg.fits[1]
scw/0576/057600670010.001/swg.fits[1]
scw/0576/057600680010.001/swg.fits[1]
scw/0577/057700660010.001/swg.fits[1]
scw/0577/057700670010.001/swg.fits[1]
scw/0577/057700980010.001/swg.fits[1]
scw/0578/057800690010.001/swg.fits[1]
scw/0578/057800850010.001/swg.fits[1]
scw/0579/057900660010.001/swg.fits[1]
scw/0579/057900670010.001/swg.fits[1]
scw/0579/057901000010.001/swg.fits[1]
scw/0580/058000690010.001/swg.fits[1]
scw/0648/064800730010.001/swg.fits[1]
scw/0648/064800740010.001/swg.fits[1]
scw/0651/065100730010.001/swg.fits[1]
scw/0651/065100730020.001/swg.fits[1]
scw/1128/112800850010.001/swg.fits[1]
scw/2314/231400040010.001/swg.fits[1]
