scw/0547/054700050010.001/swg.fits[1]
scw/0547/054700100010.001/swg.fits[1]
scw/0547/054700110010.001/swg.fits[1]
scw/0547/054700120010.001/swg.fits[1]
scw/0547/054700160010.001/swg.fits[1]
scw/0547/054700170010.001/swg.fits[1]
scw/0547/054700180010.001/swg.fits[1]
scw/0547/054700190010.001/swg.fits[1]
scw/0547/054700240010.001/swg.fits[1]
scw/0547/054700250010.001/swg.fits[1]
scw/0547/054700260010.001/swg.fits[1]
scw/0547/054700310010.001/swg.fits[1]
scw/0547/054700320010.001/swg.fits[1]
scw/0547/054700330010.001/swg.fits[1]
scw/0547/054700390010.001/swg.fits[1]
scw/0547/054700450010.001/swg.fits[1]
scw/0547/054700460010.001/swg.fits[1]
scw/0547/054700470010.001/swg.fits[1]
scw/0547/054700530010.001/swg.fits[1]
scw/0547/054700540010.001/swg.fits[1]
scw/0547/054700580010.001/swg.fits[1]
scw/0547/054700590010.001/swg.fits[1]
scw/0547/054700600010.001/swg.fits[1]
scw/0547/054700610010.001/swg.fits[1]
scw/0606/060600080010.001/swg.fits[1]
scw/0606/060600090010.001/swg.fits[1]
scw/0606/060600100010.001/swg.fits[1]
scw/0606/060600150010.001/swg.fits[1]
scw/0606/060600160010.001/swg.fits[1]
scw/0606/060600170010.001/swg.fits[1]
scw/0606/060600220010.001/swg.fits[1]
scw/0606/060600230010.001/swg.fits[1]
scw/0606/060600240010.001/swg.fits[1]
scw/0606/060600290010.001/swg.fits[1]
scw/0606/060600300010.001/swg.fits[1]
scw/0606/060600310010.001/swg.fits[1]
scw/0606/060600320010.001/swg.fits[1]
scw/0606/060600360010.001/swg.fits[1]
scw/0606/060600370010.001/swg.fits[1]
scw/0606/060600380010.001/swg.fits[1]
scw/0606/060600390010.001/swg.fits[1]
scw/0606/060600430010.001/swg.fits[1]
scw/0606/060600440010.001/swg.fits[1]
scw/0606/060600450010.001/swg.fits[1]
scw/0606/060600460010.001/swg.fits[1]
scw/0606/060600500010.001/swg.fits[1]
scw/0606/060600510010.001/swg.fits[1]
scw/0606/060600520010.001/swg.fits[1]
scw/0606/060600570010.001/swg.fits[1]
scw/0606/060600580010.001/swg.fits[1]
scw/0606/060600590010.001/swg.fits[1]
scw/0668/066800200010.001/swg.fits[1]
scw/0668/066800210010.001/swg.fits[1]
scw/0668/066800260010.001/swg.fits[1]
scw/0668/066800270010.001/swg.fits[1]
scw/0668/066800280010.001/swg.fits[1]
scw/0668/066800330010.001/swg.fits[1]
scw/0668/066800340010.001/swg.fits[1]
scw/0668/066800350010.001/swg.fits[1]
scw/0668/066800410010.001/swg.fits[1]
scw/0668/066800420010.001/swg.fits[1]
scw/0668/066800480010.001/swg.fits[1]
scw/0668/066800490010.001/swg.fits[1]
scw/0668/066800550010.001/swg.fits[1]
scw/0668/066800560010.001/swg.fits[1]
scw/0669/066900020010.001/swg.fits[1]
scw/0669/066900030010.001/swg.fits[1]
scw/0669/066900090010.001/swg.fits[1]
scw/0669/066900100010.001/swg.fits[1]
scw/0917/091700280010.001/swg.fits[1]
scw/0917/091700290010.001/swg.fits[1]
scw/0917/091700300010.001/swg.fits[1]
scw/0917/091700310010.001/swg.fits[1]
scw/0917/091700320010.001/swg.fits[1]
scw/0917/091700590010.001/swg.fits[1]
scw/0917/091700610010.001/swg.fits[1]
scw/0917/091700620010.001/swg.fits[1]
scw/0917/091700630010.001/swg.fits[1]
scw/0917/091700690010.001/swg.fits[1]
scw/0917/091700710010.001/swg.fits[1]
scw/0918/091800010010.001/swg.fits[1]
scw/0918/091800070010.001/swg.fits[1]
scw/0918/091800080010.001/swg.fits[1]
scw/0918/091800090010.001/swg.fits[1]
scw/0918/091800110010.001/swg.fits[1]
scw/0918/091800380010.001/swg.fits[1]
scw/0981/098100580010.001/swg.fits[1]
scw/1025/102500200010.001/swg.fits[1]
scw/1025/102500270010.001/swg.fits[1]
scw/1025/102500280010.001/swg.fits[1]
scw/1026/102600120010.001/swg.fits[1]
scw/1026/102600130010.001/swg.fits[1]
scw/1027/102700260010.001/swg.fits[1]
scw/1027/102700320010.001/swg.fits[1]
scw/1027/102700330010.001/swg.fits[1]
scw/1027/102700340010.001/swg.fits[1]
scw/1028/102800280010.001/swg.fits[1]
scw/1028/102800290010.001/swg.fits[1]
scw/1028/102800360010.001/swg.fits[1]
scw/1028/102800370010.001/swg.fits[1]
scw/1029/102900660010.001/swg.fits[1]
scw/1029/102900670010.001/swg.fits[1]
scw/1030/103000550010.001/swg.fits[1]
scw/1030/103000560010.001/swg.fits[1]
scw/1030/103000620010.001/swg.fits[1]
scw/1032/103200360010.001/swg.fits[1]
scw/1032/103200420010.001/swg.fits[1]
scw/1032/103200430010.001/swg.fits[1]
scw/1032/103200440010.001/swg.fits[1]
scw/1033/103300120010.001/swg.fits[1]
scw/1033/103300130010.001/swg.fits[1]
scw/1034/103400850010.001/swg.fits[1]
scw/1034/103400860010.001/swg.fits[1]
scw/1035/103500730010.001/swg.fits[1]
scw/1035/103500740010.001/swg.fits[1]
scw/1036/103600530010.001/swg.fits[1]
scw/1090/109000320010.001/swg.fits[1]
scw/1090/109000330010.001/swg.fits[1]
scw/1090/109000620010.001/swg.fits[1]
scw/1090/109000630010.001/swg.fits[1]
scw/1090/109000640010.001/swg.fits[1]
scw/1090/109000700010.001/swg.fits[1]
scw/1091/109100180010.001/swg.fits[1]
scw/1091/109100240010.001/swg.fits[1]
scw/1091/109100250010.001/swg.fits[1]
scw/1091/109100260010.001/swg.fits[1]
scw/1091/109100990010.001/swg.fits[1]
scw/1091/109101000010.001/swg.fits[1]
scw/1092/109200180010.001/swg.fits[1]
scw/1092/109200240010.001/swg.fits[1]
scw/1092/109200250010.001/swg.fits[1]
scw/1092/109200260010.001/swg.fits[1]
scw/1093/109300690010.001/swg.fits[1]
scw/1093/109300700010.001/swg.fits[1]
scw/1093/109300770010.001/swg.fits[1]
scw/1094/109400260010.001/swg.fits[1]
scw/1094/109400320010.001/swg.fits[1]
scw/1094/109400330010.001/swg.fits[1]
scw/1094/109400340010.001/swg.fits[1]
scw/1094/109400620010.001/swg.fits[1]
scw/1094/109400630010.001/swg.fits[1]
scw/1139/113900220010.001/swg.fits[1]
scw/1145/114500360010.001/swg.fits[1]
scw/1145/114500370010.001/swg.fits[1]
scw/1145/114500440010.001/swg.fits[1]
scw/1145/114501110010.001/swg.fits[1]
scw/1145/114501120010.001/swg.fits[1]
scw/1146/114600290010.001/swg.fits[1]
scw/1146/114600300010.001/swg.fits[1]
scw/1146/114601040010.001/swg.fits[1]
scw/1146/114601100010.001/swg.fits[1]
scw/1146/114601110010.001/swg.fits[1]
scw/1146/114601120010.001/swg.fits[1]
scw/1147/114700260010.001/swg.fits[1]
scw/1147/114700270010.001/swg.fits[1]
scw/1147/114700280010.001/swg.fits[1]
scw/1147/114700340010.001/swg.fits[1]
scw/1150/115000170010.001/swg.fits[1]
scw/1150/115000180010.001/swg.fits[1]
scw/1150/115000190010.001/swg.fits[1]
scw/1150/115000280010.001/swg.fits[1]
scw/1150/115000430010.001/swg.fits[1]
scw/1150/115000440010.001/swg.fits[1]
scw/1150/115000450010.001/swg.fits[1]
scw/1150/115000540010.001/swg.fits[1]
scw/1153/115300280010.001/swg.fits[1]
scw/1153/115300340010.001/swg.fits[1]
scw/1153/115300350010.001/swg.fits[1]
scw/1153/115300360010.001/swg.fits[1]
scw/1153/115300640010.001/swg.fits[1]
scw/1153/115300650010.001/swg.fits[1]
scw/1153/115300720010.001/swg.fits[1]
scw/1153/115300730010.001/swg.fits[1]
scw/1155/115500700010.001/swg.fits[1]
scw/1203/120300970010.001/swg.fits[1]
scw/1205/120500170010.001/swg.fits[1]
scw/1208/120800040010.001/swg.fits[1]
scw/1208/120800050010.001/swg.fits[1]
scw/1208/120800060010.001/swg.fits[1]
scw/1208/120800120010.001/swg.fits[1]
scw/1208/120800790010.001/swg.fits[1]
scw/1208/120800800010.001/swg.fits[1]
scw/1209/120900360010.001/swg.fits[1]
scw/1209/120900370010.001/swg.fits[1]
scw/1209/120901140010.001/swg.fits[1]
scw/1209/120901200010.001/swg.fits[1]
scw/1209/120901210010.001/swg.fits[1]
scw/1209/120901220010.001/swg.fits[1]
scw/1210/121000380010.001/swg.fits[1]
scw/1210/121000390010.001/swg.fits[1]
scw/1210/121001120010.001/swg.fits[1]
scw/1210/121001130010.001/swg.fits[1]
scw/1212/121200260010.001/swg.fits[1]
scw/1213/121300280010.001/swg.fits[1]
scw/1213/121300290010.001/swg.fits[1]
scw/1213/121300380010.001/swg.fits[1]
scw/1214/121400130010.001/swg.fits[1]
scw/1214/121400140010.001/swg.fits[1]
scw/1215/121500300010.001/swg.fits[1]
scw/1215/121500310010.001/swg.fits[1]
scw/1216/121600220010.001/swg.fits[1]
scw/1216/121600310010.001/swg.fits[1]
scw/1217/121700220010.001/swg.fits[1]
scw/1217/121700230010.001/swg.fits[1]
scw/1217/121700640010.001/swg.fits[1]
scw/1218/121800040010.001/swg.fits[1]
scw/1218/121800310010.001/swg.fits[1]
scw/1218/121800320010.001/swg.fits[1]
scw/1218/121800330010.001/swg.fits[1]
scw/1218/121800390010.001/swg.fits[1]
scw/1219/121900540010.001/swg.fits[1]
scw/1219/121900600010.001/swg.fits[1]
scw/1219/121900610010.001/swg.fits[1]
scw/1219/121900620010.001/swg.fits[1]
scw/1219/121900910010.001/swg.fits[1]
scw/1219/121900920010.001/swg.fits[1]
