scw/1996/199600040010.001/swg.fits[1]
scw/1996/199600140010.001/swg.fits[1]
scw/1999/199900130010.001/swg.fits[1]
scw/1999/199900140010.001/swg.fits[1]
scw/1999/199900420010.001/swg.fits[1]
scw/1999/199900430010.001/swg.fits[1]
scw/1999/199900440010.001/swg.fits[1]
scw/1999/199900450010.001/swg.fits[1]
scw/2000/200000020010.001/swg.fits[1]
scw/2000/200000110010.001/swg.fits[1]
scw/2000/200000120010.001/swg.fits[1]
scw/2000/200000400010.001/swg.fits[1]
scw/2000/200000410010.001/swg.fits[1]
scw/2000/200000420010.001/swg.fits[1]
scw/2000/200000430010.001/swg.fits[1]
scw/2000/200000550010.001/swg.fits[1]
scw/2000/200000640010.001/swg.fits[1]
scw/2000/200000650010.001/swg.fits[1]
scw/2010/201000130010.001/swg.fits[1]
scw/2010/201000140010.001/swg.fits[1]
scw/2058/205800180010.001/swg.fits[1]
scw/2058/205800190010.001/swg.fits[1]
scw/2058/205800280010.001/swg.fits[1]
scw/2062/206200280010.001/swg.fits[1]
scw/2062/206200370010.001/swg.fits[1]
scw/2062/206200380010.001/swg.fits[1]
scw/2062/206200390010.001/swg.fits[1]
scw/2062/206200400010.001/swg.fits[1]
scw/2063/206300160010.001/swg.fits[1]
scw/2063/206300170010.001/swg.fits[1]
scw/2063/206300260010.001/swg.fits[1]
scw/2063/206300270010.001/swg.fits[1]
scw/2063/206300350010.001/swg.fits[1]
scw/2063/206300360010.001/swg.fits[1]
scw/2063/206300370010.001/swg.fits[1]
scw/2063/206300380010.001/swg.fits[1]
scw/2063/206300690010.001/swg.fits[1]
scw/2063/206300700010.001/swg.fits[1]
scw/2063/206300790010.001/swg.fits[1]
scw/2066/206600270010.001/swg.fits[1]
scw/2070/207000210010.001/swg.fits[1]
scw/2070/207000300010.001/swg.fits[1]
scw/2074/207400020010.001/swg.fits[1]
scw/2074/207400100010.001/swg.fits[1]
scw/2074/207400110010.001/swg.fits[1]
scw/2074/207400120010.001/swg.fits[1]
scw/2078/207800710010.001/swg.fits[1]
scw/2078/207800720010.001/swg.fits[1]
scw/2126/212600180010.001/swg.fits[1]
scw/2126/212600190010.001/swg.fits[1]
scw/2126/212600280010.001/swg.fits[1]
scw/2131/213100160010.001/swg.fits[1]
scw/2131/213100170010.001/swg.fits[1]
scw/2131/213100370010.001/swg.fits[1]
scw/2132/213200020010.001/swg.fits[1]
scw/2132/213200110010.001/swg.fits[1]
scw/2132/213200120010.001/swg.fits[1]
scw/2132/213200320010.001/swg.fits[1]
scw/2133/213300060010.001/swg.fits[1]
scw/2133/213300070010.001/swg.fits[1]
scw/2133/213300080010.001/swg.fits[1]
scw/2133/213300270010.001/swg.fits[1]
scw/2133/213300280010.001/swg.fits[1]
scw/2134/213400010010.001/swg.fits[1]
scw/2134/213400100010.001/swg.fits[1]
scw/2134/213400110010.001/swg.fits[1]
scw/2134/213400390010.001/swg.fits[1]
scw/2134/213400400010.001/swg.fits[1]
scw/2134/213400410010.001/swg.fits[1]
scw/2134/213400420010.001/swg.fits[1]
scw/2134/213400540010.001/swg.fits[1]
scw/2134/213400630010.001/swg.fits[1]
scw/2134/213400640010.001/swg.fits[1]
scw/2135/213500040010.001/swg.fits[1]
scw/2135/213500130010.001/swg.fits[1]
scw/2135/213500140010.001/swg.fits[1]
scw/2135/213500420010.001/swg.fits[1]
scw/2135/213500430010.001/swg.fits[1]
scw/2135/213500440010.001/swg.fits[1]
scw/2135/213500450010.001/swg.fits[1]
scw/2137/213700170010.001/swg.fits[1]
scw/2137/213700180010.001/swg.fits[1]
scw/2137/213700190010.001/swg.fits[1]
scw/2148/214800110010.001/swg.fits[1]
scw/2148/214800120010.001/swg.fits[1]
scw/2194/219400650010.001/swg.fits[1]
scw/2194/219400660010.001/swg.fits[1]
scw/2194/219400750010.001/swg.fits[1]
scw/2195/219500300010.001/swg.fits[1]
scw/2195/219500390010.001/swg.fits[1]
scw/2199/219900020010.001/swg.fits[1]
scw/2199/219900100010.001/swg.fits[1]
scw/2199/219900110010.001/swg.fits[1]
scw/2199/219900120010.001/swg.fits[1]
scw/2203/220300200010.001/swg.fits[1]
scw/2203/220300300010.001/swg.fits[1]
scw/2206/220600440010.001/swg.fits[1]
scw/2206/220600530010.001/swg.fits[1]
scw/2206/220600540010.001/swg.fits[1]
scw/2206/220600550010.001/swg.fits[1]
scw/2210/221000610010.001/swg.fits[1]
scw/2214/221400220010.001/swg.fits[1]
scw/2214/221400230010.001/swg.fits[1]
scw/2214/221400320010.001/swg.fits[1]
scw/2214/221400330010.001/swg.fits[1]
scw/2214/221400410010.001/swg.fits[1]
scw/2214/221400420010.001/swg.fits[1]
scw/2214/221400430010.001/swg.fits[1]
scw/2214/221400440010.001/swg.fits[1]
scw/2215/221500150010.001/swg.fits[1]
scw/2215/221500160010.001/swg.fits[1]
scw/2215/221500250010.001/swg.fits[1]
scw/2215/221500260010.001/swg.fits[1]
scw/2215/221500340010.001/swg.fits[1]
scw/2215/221500350010.001/swg.fits[1]
scw/2215/221500360010.001/swg.fits[1]
scw/2215/221500370010.001/swg.fits[1]
scw/2215/221500680010.001/swg.fits[1]
scw/2215/221500690010.001/swg.fits[1]
scw/2217/221700150010.001/swg.fits[1]
scw/2217/221700160010.001/swg.fits[1]
scw/2217/221700170010.001/swg.fits[1]
scw/2265/226500130010.001/swg.fits[1]
scw/2266/226600040010.001/swg.fits[1]
scw/2275/227500390010.001/swg.fits[1]
scw/2275/227500400010.001/swg.fits[1]
scw/2276/227600290010.001/swg.fits[1]
scw/2276/227600300010.001/swg.fits[1]
scw/2276/227600340010.001/swg.fits[1]
scw/2276/227600350010.001/swg.fits[1]
scw/2276/227600400010.001/swg.fits[1]
scw/2276/227600470010.001/swg.fits[1]
scw/2276/227600480010.001/swg.fits[1]
scw/2280/228000040010.001/swg.fits[1]
scw/2280/228000130010.001/swg.fits[1]
scw/2280/228000140010.001/swg.fits[1]
scw/2281/228100060010.001/swg.fits[1]
scw/2281/228100150010.001/swg.fits[1]
scw/2281/228100160010.001/swg.fits[1]
scw/2284/228400060010.001/swg.fits[1]
scw/2284/228400150010.001/swg.fits[1]
scw/2284/228400160010.001/swg.fits[1]
scw/2284/228400470010.001/swg.fits[1]
scw/2284/228400480010.001/swg.fits[1]
scw/2284/228400490010.001/swg.fits[1]
scw/2331/233100730010.001/swg.fits[1]
scw/2331/233100740010.001/swg.fits[1]
scw/2331/233100830010.001/swg.fits[1]
scw/2336/233600710010.001/swg.fits[1]
scw/2336/233600720010.001/swg.fits[1]
scw/2336/233600810010.001/swg.fits[1]
scw/2339/233900450010.001/swg.fits[1]
scw/2339/233900460010.001/swg.fits[1]
scw/2339/233900550010.001/swg.fits[1]
scw/2340/234000430010.001/swg.fits[1]
scw/2340/234000500010.001/swg.fits[1]
scw/2340/234000510010.001/swg.fits[1]
scw/2340/234000520010.001/swg.fits[1]
scw/2340/234000530010.001/swg.fits[1]
scw/2341/234100430010.001/swg.fits[1]
scw/2341/234100440010.001/swg.fits[1]
scw/2341/234100530010.001/swg.fits[1]
scw/2343/234300440010.001/swg.fits[1]
scw/2343/234300450010.001/swg.fits[1]
scw/2343/234300540010.001/swg.fits[1]
scw/2347/234700180010.001/swg.fits[1]
scw/2347/234700190010.001/swg.fits[1]
scw/2347/234700280010.001/swg.fits[1]
scw/2347/234700290010.001/swg.fits[1]
scw/2347/234700370010.001/swg.fits[1]
scw/2347/234700380010.001/swg.fits[1]
scw/2347/234700390010.001/swg.fits[1]
scw/2347/234700400010.001/swg.fits[1]
scw/2349/234900180010.001/swg.fits[1]
scw/2349/234900190010.001/swg.fits[1]
scw/2349/234900280010.001/swg.fits[1]
scw/2351/235100430010.001/swg.fits[1]
scw/2351/235100440010.001/swg.fits[1]
scw/2351/235100530010.001/swg.fits[1]
scw/2351/235100530020.001/swg.fits[1]
scw/2353/235300640010.001/swg.fits[1]
scw/2353/235300650010.001/swg.fits[1]
scw/2353/235300660010.001/swg.fits[1]
scw/2401/240100160010.001/swg.fits[1]
scw/2401/240100250010.001/swg.fits[1]
scw/2401/240100260010.001/swg.fits[1]
scw/2405/240500130010.001/swg.fits[1]
scw/2405/240500220010.001/swg.fits[1]
scw/2405/240500230010.001/swg.fits[1]
scw/2405/240500520010.001/swg.fits[1]
scw/2405/240500530010.001/swg.fits[1]
scw/2405/240500540010.001/swg.fits[1]
scw/2409/240900170010.001/swg.fits[1]
scw/2409/240900180010.001/swg.fits[1]
scw/2409/240900190010.001/swg.fits[1]
scw/2413/241300450010.001/swg.fits[1]
scw/2413/241300540010.001/swg.fits[1]
scw/2413/241300550010.001/swg.fits[1]
scw/2418/241800260010.001/swg.fits[1]
scw/2418/241800270010.001/swg.fits[1]
scw/2418/241800280010.001/swg.fits[1]
scw/2418/241800290010.001/swg.fits[1]
scw/2421/242100360010.001/swg.fits[1]
scw/2421/242100450010.001/swg.fits[1]
scw/2421/242100460010.001/swg.fits[1]
scw/2422/242200110010.001/swg.fits[1]
scw/2422/242200120010.001/swg.fits[1]
scw/2422/242200400010.001/swg.fits[1]
scw/2422/242200410010.001/swg.fits[1]
scw/2422/242200420010.001/swg.fits[1]
scw/2422/242200430010.001/swg.fits[1]
scw/2425/242500130010.001/swg.fits[1]
scw/2425/242500140010.001/swg.fits[1]
scw/2425/242500300010.001/swg.fits[1]
scw/2425/242500390010.001/swg.fits[1]
scw/2425/242500400010.001/swg.fits[1]
scw/2467/246700420010.001/swg.fits[1]
scw/2467/246700430010.001/swg.fits[1]
scw/2467/246700520010.001/swg.fits[1]
scw/2472/247200560010.001/swg.fits[1]
scw/2472/247200570010.001/swg.fits[1]
scw/2472/247200580010.001/swg.fits[1]
scw/2472/247200590010.001/swg.fits[1]
