scw/0461/046100120010.001/swg.fits[1]
scw/0461/046100130010.001/swg.fits[1]
scw/0462/046200580010.001/swg.fits[1]
scw/0462/046200590010.001/swg.fits[1]
scw/0462/046200700010.001/swg.fits[1]
scw/0462/046200710010.001/swg.fits[1]
scw/0462/046200780010.001/swg.fits[1]
scw/0462/046200790010.001/swg.fits[1]
scw/0462/046200950010.001/swg.fits[1]
scw/0463/046300020010.001/swg.fits[1]
scw/0463/046300070010.001/swg.fits[1]
scw/0463/046300080010.001/swg.fits[1]
scw/0463/046300190010.001/swg.fits[1]
scw/0463/046300200010.001/swg.fits[1]
scw/2326/232600690010.001/swg.fits[1]
scw/2326/232600700010.001/swg.fits[1]
scw/2326/232600790010.001/swg.fits[1]
scw/2327/232700560010.001/swg.fits[1]
scw/2327/232700570010.001/swg.fits[1]
scw/2327/232700580010.001/swg.fits[1]
scw/2327/232700590010.001/swg.fits[1]
scw/2328/232800810010.001/swg.fits[1]
scw/2328/232800820010.001/swg.fits[1]
scw/2328/232800830010.001/swg.fits[1]
scw/2452/245200180010.001/swg.fits[1]
