scw/0104/010400110010.001/swg.fits[1]
scw/0104/010400120010.001/swg.fits[1]
scw/0104/010400130010.001/swg.fits[1]
scw/0104/010400210010.001/swg.fits[1]
scw/0104/010400310010.001/swg.fits[1]
scw/0104/010400390010.001/swg.fits[1]
scw/0104/010400400010.001/swg.fits[1]
scw/0104/010400410010.001/swg.fits[1]
scw/0104/010400590010.001/swg.fits[1]
scw/0104/010400600010.001/swg.fits[1]
scw/0104/010400610010.001/swg.fits[1]
scw/0104/010400690010.001/swg.fits[1]
scw/0516/051600960010.001/swg.fits[1]
scw/0516/051600970010.001/swg.fits[1]
scw/0516/051600980010.001/swg.fits[1]
scw/0578/057800030010.001/swg.fits[1]
scw/0578/057800040010.001/swg.fits[1]
scw/0578/057800400010.001/swg.fits[1]
scw/0578/057800410010.001/swg.fits[1]
scw/0584/058400280010.001/swg.fits[1]
scw/0584/058400290010.001/swg.fits[1]
scw/0588/058800030010.001/swg.fits[1]
scw/0588/058800040010.001/swg.fits[1]
scw/2176/217600020010.001/swg.fits[1]
scw/2176/217600110010.001/swg.fits[1]
scw/2176/217600280010.001/swg.fits[1]
scw/2176/217600370010.001/swg.fits[1]
scw/2249/224900320010.001/swg.fits[1]
scw/2249/224900410010.001/swg.fits[1]
scw/2313/231300090010.001/swg.fits[1]
scw/2313/231300180010.001/swg.fits[1]
scw/2313/231300270010.001/swg.fits[1]
