scw/0026/002600100010.001/swg.fits[1]
scw/0161/016100250010.001/swg.fits[1]
scw/0162/016200250010.001/swg.fits[1]
scw/0261/026100020010.001/swg.fits[1]
scw/0261/026100740010.001/swg.fits[1]
scw/0262/026200520010.001/swg.fits[1]
scw/0262/026200530010.001/swg.fits[1]
scw/0262/026200540010.001/swg.fits[1]
scw/0262/026200570010.001/swg.fits[1]
scw/0262/026200580010.001/swg.fits[1]
scw/0262/026200590010.001/swg.fits[1]
scw/0263/026300340010.001/swg.fits[1]
scw/0263/026300350010.001/swg.fits[1]
scw/0263/026300360010.001/swg.fits[1]
scw/0263/026300390010.001/swg.fits[1]
scw/0263/026300400010.001/swg.fits[1]
scw/0263/026300410010.001/swg.fits[1]
scw/0263/026300450010.001/swg.fits[1]
scw/0263/026300460010.001/swg.fits[1]
scw/0263/026300490010.001/swg.fits[1]
scw/0263/026300500010.001/swg.fits[1]
scw/0264/026400340010.001/swg.fits[1]
scw/0264/026400350010.001/swg.fits[1]
scw/0264/026400850010.001/swg.fits[1]
scw/0266/026600470010.001/swg.fits[1]
scw/0266/026600490010.001/swg.fits[1]
scw/0266/026600500010.001/swg.fits[1]
scw/0266/026600990010.001/swg.fits[1]
scw/0268/026800790010.001/swg.fits[1]
scw/0268/026800800010.001/swg.fits[1]
scw/0269/026900120010.001/swg.fits[1]
scw/0269/026900200010.001/swg.fits[1]
scw/0269/026900210010.001/swg.fits[1]
scw/0269/026900710010.001/swg.fits[1]
scw/0282/028200130010.001/swg.fits[1]
scw/0384/038400590010.001/swg.fits[1]
scw/0384/038401090010.001/swg.fits[1]
scw/0384/038401100010.001/swg.fits[1]
scw/0385/038500460010.001/swg.fits[1]
scw/0888/088800880010.001/swg.fits[1]
scw/0960/096000980010.001/swg.fits[1]
scw/0960/096000980020.001/swg.fits[1]
scw/1013/101300890010.001/swg.fits[1]
scw/1076/107600530010.001/swg.fits[1]
scw/1076/107600620010.001/swg.fits[1]
scw/1076/107600630010.001/swg.fits[1]
scw/1077/107700490010.001/swg.fits[1]
scw/1077/107700500010.001/swg.fits[1]
scw/1079/107900540010.001/swg.fits[1]
scw/1079/107900550010.001/swg.fits[1]
scw/1125/112500560010.001/swg.fits[1]
scw/1241/124100180010.001/swg.fits[1]
scw/1377/137700720010.001/swg.fits[1]
scw/1569/156900170010.001/swg.fits[1]
scw/1569/156900470010.001/swg.fits[1]
scw/1569/156900520010.001/swg.fits[1]
scw/1768/176800470010.001/swg.fits[1]
scw/1828/182800220010.001/swg.fits[1]
scw/1977/197700370010.001/swg.fits[1]
scw/2045/204500150010.001/swg.fits[1]
scw/2045/204500340010.001/swg.fits[1]
scw/2046/204600100010.001/swg.fits[1]
scw/2046/204600200010.001/swg.fits[1]
scw/2046/204600290010.001/swg.fits[1]
scw/2100/210000270010.001/swg.fits[1]
scw/2112/211200280010.001/swg.fits[1]
scw/2112/211200280020.001/swg.fits[1]
scw/2113/211300430010.001/swg.fits[1]
scw/2115/211500060010.001/swg.fits[1]
scw/2115/211500460010.001/swg.fits[1]
scw/2115/211500470010.001/swg.fits[1]
scw/2119/211900050010.001/swg.fits[1]
scw/2167/216700270010.001/swg.fits[1]
scw/2167/216700280010.001/swg.fits[1]
scw/2179/217900020010.001/swg.fits[1]
scw/2315/231500200010.001/swg.fits[1]
