scw/0402/040200110010.001/swg.fits[1]
scw/0402/040200120010.001/swg.fits[1]
scw/0402/040200130010.001/swg.fits[1]
scw/0402/040200210010.001/swg.fits[1]
scw/0402/040200320010.001/swg.fits[1]
scw/0402/040200400010.001/swg.fits[1]
scw/0402/040200410010.001/swg.fits[1]
scw/0402/040200420010.001/swg.fits[1]
scw/0402/040200430010.001/swg.fits[1]
scw/0402/040200610010.001/swg.fits[1]
scw/0402/040200620010.001/swg.fits[1]
scw/0402/040200630010.001/swg.fits[1]
scw/0402/040200640010.001/swg.fits[1]
scw/0403/040300190010.001/swg.fits[1]
scw/0403/040300290010.001/swg.fits[1]
scw/0403/040300300010.001/swg.fits[1]
scw/0403/040300480010.001/swg.fits[1]
scw/0403/040300490010.001/swg.fits[1]
scw/0403/040300580010.001/swg.fits[1]
scw/0404/040400120010.001/swg.fits[1]
scw/0404/040400200010.001/swg.fits[1]
scw/0404/040400210010.001/swg.fits[1]
scw/0404/040400220010.001/swg.fits[1]
scw/1022/102200620010.001/swg.fits[1]
scw/1022/102200630010.001/swg.fits[1]
scw/1022/102200640010.001/swg.fits[1]
scw/1023/102300170010.001/swg.fits[1]
scw/1023/102300180010.001/swg.fits[1]
scw/1023/102300190010.001/swg.fits[1]
scw/1024/102400180010.001/swg.fits[1]
scw/1024/102400190010.001/swg.fits[1]
scw/1024/102400200010.001/swg.fits[1]
scw/1024/102400780010.001/swg.fits[1]
scw/1024/102400790010.001/swg.fits[1]
scw/1024/102400800010.001/swg.fits[1]
scw/1082/108200760010.001/swg.fits[1]
scw/1082/108200770010.001/swg.fits[1]
scw/1083/108300720010.001/swg.fits[1]
scw/1083/108300730010.001/swg.fits[1]
scw/1083/108300760010.001/swg.fits[1]
scw/1083/108300770010.001/swg.fits[1]
scw/1088/108800360010.001/swg.fits[1]
scw/1088/108800370010.001/swg.fits[1]
scw/1142/114200100010.001/swg.fits[1]
scw/1142/114200110010.001/swg.fits[1]
scw/1142/114200120010.001/swg.fits[1]
scw/1142/114200700010.001/swg.fits[1]
scw/1142/114200710010.001/swg.fits[1]
scw/1142/114200720010.001/swg.fits[1]
scw/1143/114300420010.001/swg.fits[1]
scw/1143/114300430010.001/swg.fits[1]
scw/1143/114300440010.001/swg.fits[1]
scw/1143/114301010010.001/swg.fits[1]
scw/1143/114301020010.001/swg.fits[1]
scw/1143/114301030010.001/swg.fits[1]
scw/1144/114400350010.001/swg.fits[1]
scw/1144/114400360010.001/swg.fits[1]
scw/1144/114400370010.001/swg.fits[1]
scw/2320/232000130010.001/swg.fits[1]
scw/2320/232000140010.001/swg.fits[1]
scw/2320/232000150010.001/swg.fits[1]
scw/2320/232000230010.001/swg.fits[1]
