scw/0483/048300160010.001/swg.fits[1]
scw/0483/048300170010.001/swg.fits[1]
scw/0483/048300360010.001/swg.fits[1]
scw/0483/048300370010.001/swg.fits[1]
scw/0487/048700190010.001/swg.fits[1]
scw/0487/048700280010.001/swg.fits[1]
scw/0487/048700290010.001/swg.fits[1]
scw/0487/048700490010.001/swg.fits[1]
scw/0487/048700580010.001/swg.fits[1]
scw/0530/053000450010.001/swg.fits[1]
scw/0530/053000460010.001/swg.fits[1]
scw/0530/053000530010.001/swg.fits[1]
scw/0530/053000540010.001/swg.fits[1]
scw/0530/053000550010.001/swg.fits[1]
scw/0530/053000560010.001/swg.fits[1]
scw/0532/053200150010.001/swg.fits[1]
scw/0532/053200160010.001/swg.fits[1]
scw/0532/053200350010.001/swg.fits[1]
scw/0532/053200360010.001/swg.fits[1]
scw/0532/053200370010.001/swg.fits[1]
scw/0538/053800040010.001/swg.fits[1]
scw/0538/053800050010.001/swg.fits[1]
scw/0538/053800140010.001/swg.fits[1]
scw/0538/053800150010.001/swg.fits[1]
scw/0538/053800240010.001/swg.fits[1]
scw/0538/053800250010.001/swg.fits[1]
scw/0538/053800260010.001/swg.fits[1]
scw/0538/053800540010.001/swg.fits[1]
scw/0538/053800550010.001/swg.fits[1]
scw/0543/054300160010.001/swg.fits[1]
scw/0543/054300250010.001/swg.fits[1]
scw/0543/054300260010.001/swg.fits[1]
scw/0543/054300540010.001/swg.fits[1]
scw/0543/054300550010.001/swg.fits[1]
scw/0543/054300560010.001/swg.fits[1]
scw/0543/054300570010.001/swg.fits[1]
scw/0548/054800010010.001/swg.fits[1]
scw/0548/054800020010.001/swg.fits[1]
scw/0548/054800210010.001/swg.fits[1]
scw/0548/054800300010.001/swg.fits[1]
scw/0548/054800500010.001/swg.fits[1]
scw/0548/054800510010.001/swg.fits[1]
scw/0551/055100260010.001/swg.fits[1]
scw/0551/055100270010.001/swg.fits[1]
scw/0551/055100360010.001/swg.fits[1]
scw/0551/055100470010.001/swg.fits[1]
scw/0551/055100480010.001/swg.fits[1]
scw/0551/055100550010.001/swg.fits[1]
scw/0551/055100560010.001/swg.fits[1]
scw/0551/055100570010.001/swg.fits[1]
scw/0589/058900060010.001/swg.fits[1]
scw/0589/058900070010.001/swg.fits[1]
scw/0589/058900160010.001/swg.fits[1]
scw/0589/058900170010.001/swg.fits[1]
scw/0589/058900470010.001/swg.fits[1]
scw/0589/058900560010.001/swg.fits[1]
scw/0589/058900570010.001/swg.fits[1]
scw/0590/059000060010.001/swg.fits[1]
scw/0590/059000360010.001/swg.fits[1]
scw/0590/059000370010.001/swg.fits[1]
scw/0590/059000460010.001/swg.fits[1]
scw/0590/059000470010.001/swg.fits[1]
scw/0590/059000480010.001/swg.fits[1]
scw/0590/059000550010.001/swg.fits[1]
scw/0590/059000560010.001/swg.fits[1]
scw/0591/059100060010.001/swg.fits[1]
scw/0591/059100070010.001/swg.fits[1]
scw/0591/059100160010.001/swg.fits[1]
scw/0591/059100250010.001/swg.fits[1]
scw/0591/059100260010.001/swg.fits[1]
scw/0591/059100540010.001/swg.fits[1]
scw/0591/059100550010.001/swg.fits[1]
scw/0650/065000400010.001/swg.fits[1]
scw/0650/065000410010.001/swg.fits[1]
scw/0650/065000420010.001/swg.fits[1]
scw/0650/065000490010.001/swg.fits[1]
scw/0650/065000500010.001/swg.fits[1]
scw/0650/065000510010.001/swg.fits[1]
scw/0650/065000520010.001/swg.fits[1]
scw/0656/065600160010.001/swg.fits[1]
scw/0656/065600170010.001/swg.fits[1]
scw/0656/065600180010.001/swg.fits[1]
scw/0656/065600370010.001/swg.fits[1]
scw/0656/065600380010.001/swg.fits[1]
scw/0659/065900260010.001/swg.fits[1]
scw/0659/065900270010.001/swg.fits[1]
scw/0659/065900280010.001/swg.fits[1]
scw/0659/065900370010.001/swg.fits[1]
scw/0659/065900470010.001/swg.fits[1]
scw/0659/065900480010.001/swg.fits[1]
scw/1258/125800060010.001/swg.fits[1]
scw/1258/125800070010.001/swg.fits[1]
scw/1258/125800160010.001/swg.fits[1]
scw/1258/125800170010.001/swg.fits[1]
scw/1258/125800560010.001/swg.fits[1]
scw/1258/125800570010.001/swg.fits[1]
scw/1259/125900170010.001/swg.fits[1]
scw/1259/125900180010.001/swg.fits[1]
scw/1259/125900560010.001/swg.fits[1]
scw/1259/125900570010.001/swg.fits[1]
scw/1259/125900580010.001/swg.fits[1]
scw/1259/125900590010.001/swg.fits[1]
scw/1259/125900670010.001/swg.fits[1]
scw/1259/125900680010.001/swg.fits[1]
scw/1260/126000030010.001/swg.fits[1]
scw/1260/126000040010.001/swg.fits[1]
scw/1260/126000050010.001/swg.fits[1]
scw/1260/126000080010.001/swg.fits[1]
scw/1260/126000090010.001/swg.fits[1]
scw/1260/126000100010.001/swg.fits[1]
scw/1260/126000130010.001/swg.fits[1]
scw/1260/126000140010.001/swg.fits[1]
scw/1260/126000150010.001/swg.fits[1]
scw/1264/126400730010.001/swg.fits[1]
scw/1264/126400820010.001/swg.fits[1]
scw/1270/127000060010.001/swg.fits[1]
scw/1270/127000090010.001/swg.fits[1]
scw/1270/127000100010.001/swg.fits[1]
scw/1270/127000150010.001/swg.fits[1]
scw/1270/127000460010.001/swg.fits[1]
scw/1270/127000550010.001/swg.fits[1]
scw/1270/127000560010.001/swg.fits[1]
scw/1270/127000590010.001/swg.fits[1]
scw/1270/127000600010.001/swg.fits[1]
scw/1278/127800630010.001/swg.fits[1]
scw/1278/127800640010.001/swg.fits[1]
scw/1278/127800660010.001/swg.fits[1]
scw/1278/127800670010.001/swg.fits[1]
scw/1278/127800680010.001/swg.fits[1]
scw/1278/127800770010.001/swg.fits[1]
scw/1278/127800780010.001/swg.fits[1]
scw/1278/127800820010.001/swg.fits[1]
scw/1278/127800830010.001/swg.fits[1]
scw/1278/127800840010.001/swg.fits[1]
scw/1279/127900270010.001/swg.fits[1]
scw/1279/127900280010.001/swg.fits[1]
scw/1281/128100400010.001/swg.fits[1]
scw/1281/128100510010.001/swg.fits[1]
scw/1317/131700330010.001/swg.fits[1]
scw/1317/131700340010.001/swg.fits[1]
scw/1317/131700430010.001/swg.fits[1]
scw/1317/131700440010.001/swg.fits[1]
scw/1326/132600160010.001/swg.fits[1]
scw/1326/132600170010.001/swg.fits[1]
scw/1326/132600240010.001/swg.fits[1]
scw/1326/132600250010.001/swg.fits[1]
scw/1326/132600260010.001/swg.fits[1]
scw/1326/132600350010.001/swg.fits[1]
scw/1329/132900280010.001/swg.fits[1]
scw/1329/132900290010.001/swg.fits[1]
scw/1329/132900320010.001/swg.fits[1]
scw/1329/132900570010.001/swg.fits[1]
scw/1329/132900580010.001/swg.fits[1]
scw/1329/132900620010.001/swg.fits[1]
scw/1329/132900630010.001/swg.fits[1]
scw/1329/132900640010.001/swg.fits[1]
scw/1329/132900680010.001/swg.fits[1]
scw/1329/132900720010.001/swg.fits[1]
scw/1329/132900730010.001/swg.fits[1]
scw/1329/132900780010.001/swg.fits[1]
scw/1329/132900790010.001/swg.fits[1]
scw/1330/133000800010.001/swg.fits[1]
scw/1332/133200650010.001/swg.fits[1]
scw/1332/133200660010.001/swg.fits[1]
scw/1332/133200670010.001/swg.fits[1]
scw/1332/133200680010.001/swg.fits[1]
scw/1332/133200750010.001/swg.fits[1]
scw/1332/133200760010.001/swg.fits[1]
scw/1332/133200770010.001/swg.fits[1]
scw/1332/133200780010.001/swg.fits[1]
scw/1333/133300910010.001/swg.fits[1]
scw/1333/133300920010.001/swg.fits[1]
scw/1338/133800040010.001/swg.fits[1]
scw/1338/133800350010.001/swg.fits[1]
scw/1338/133800440010.001/swg.fits[1]
scw/1338/133800450010.001/swg.fits[1]
scw/1342/134200320010.001/swg.fits[1]
scw/1378/137800540010.001/swg.fits[1]
scw/1378/137800550010.001/swg.fits[1]
scw/1379/137900490010.001/swg.fits[1]
scw/1379/137900500010.001/swg.fits[1]
scw/1379/137900510010.001/swg.fits[1]
scw/1439/143900470010.001/swg.fits[1]
scw/1439/143900480010.001/swg.fits[1]
scw/1439/143900580010.001/swg.fits[1]
scw/1439/143900660010.001/swg.fits[1]
scw/1439/143900660020.001/swg.fits[1]
scw/1440/144000040010.001/swg.fits[1]
scw/1440/144000250010.001/swg.fits[1]
scw/1440/144000330010.001/swg.fits[1]
scw/1440/144000340010.001/swg.fits[1]
scw/1440/144000350010.001/swg.fits[1]
scw/1440/144000360010.001/swg.fits[1]
scw/1440/144000440010.001/swg.fits[1]
scw/1440/144000450010.001/swg.fits[1]
scw/1441/144100210010.001/swg.fits[1]
scw/1441/144100220010.001/swg.fits[1]
scw/1441/144100310010.001/swg.fits[1]
scw/1441/144100320010.001/swg.fits[1]
scw/1442/144200070010.001/swg.fits[1]
scw/1442/144200080010.001/swg.fits[1]
scw/1442/144200160010.001/swg.fits[1]
scw/1442/144200170010.001/swg.fits[1]
scw/1442/144200180010.001/swg.fits[1]
scw/1442/144200190010.001/swg.fits[1]
scw/1442/144200610010.001/swg.fits[1]
scw/1442/144200620010.001/swg.fits[1]
scw/1444/144400430010.001/swg.fits[1]
scw/1444/144400440010.001/swg.fits[1]
scw/1444/144400470010.001/swg.fits[1]
scw/1444/144400480010.001/swg.fits[1]
scw/1444/144400530010.001/swg.fits[1]
scw/1444/144400540010.001/swg.fits[1]
scw/1445/144500040010.001/swg.fits[1]
scw/1445/144500050010.001/swg.fits[1]
scw/1445/144500100010.001/swg.fits[1]
scw/1445/144500400010.001/swg.fits[1]
scw/1445/144500410010.001/swg.fits[1]
scw/1445/144500610010.001/swg.fits[1]
scw/1445/144500620010.001/swg.fits[1]
scw/1445/144500630010.001/swg.fits[1]
scw/1446/144600170010.001/swg.fits[1]
scw/1446/144600260010.001/swg.fits[1]
scw/1446/144600270010.001/swg.fits[1]
scw/1447/144700240010.001/swg.fits[1]
scw/1447/144700250010.001/swg.fits[1]
scw/1447/144700260010.001/swg.fits[1]
scw/1447/144700270010.001/swg.fits[1]
scw/1456/145600140010.001/swg.fits[1]
scw/1456/145600150010.001/swg.fits[1]
scw/1456/145600170010.001/swg.fits[1]
scw/1456/145600180010.001/swg.fits[1]
scw/1456/145600190010.001/swg.fits[1]
