scw/1281/128100040010.001/swg.fits[1]
scw/1901/190100400010.001/swg.fits[1]
scw/1901/190100410010.001/swg.fits[1]
scw/1901/190100420010.001/swg.fits[1]
scw/1901/190100470010.001/swg.fits[1]
scw/1901/190100480010.001/swg.fits[1]
scw/1901/190100490010.001/swg.fits[1]
scw/1902/190200610010.001/swg.fits[1]
scw/1902/190200690010.001/swg.fits[1]
scw/1902/190200700010.001/swg.fits[1]
scw/1904/190400650010.001/swg.fits[1]
scw/1904/190400660010.001/swg.fits[1]
scw/1905/190500600010.001/swg.fits[1]
scw/1905/190500610010.001/swg.fits[1]
scw/1905/190500680010.001/swg.fits[1]
scw/1905/190500690010.001/swg.fits[1]
scw/1907/190700630010.001/swg.fits[1]
scw/1907/190700680010.001/swg.fits[1]
scw/1907/190700690010.001/swg.fits[1]
scw/1912/191200430010.001/swg.fits[1]
scw/1912/191200450010.001/swg.fits[1]
scw/1912/191200460010.001/swg.fits[1]
scw/1912/191200470010.001/swg.fits[1]
scw/1964/196400480010.001/swg.fits[1]
scw/1964/196400490010.001/swg.fits[1]
scw/1965/196500360010.001/swg.fits[1]
scw/1965/196500370010.001/swg.fits[1]
scw/1965/196500380010.001/swg.fits[1]
scw/1966/196600390010.001/swg.fits[1]
scw/1966/196600400010.001/swg.fits[1]
scw/1966/196600410010.001/swg.fits[1]
scw/1967/196700500010.001/swg.fits[1]
scw/2018/201800680010.001/swg.fits[1]
scw/2018/201800690010.001/swg.fits[1]
scw/2018/201800720010.001/swg.fits[1]
scw/2018/201800730010.001/swg.fits[1]
scw/2022/202200710010.001/swg.fits[1]
scw/2022/202200720010.001/swg.fits[1]
scw/2022/202200770010.001/swg.fits[1]
scw/2022/202200780010.001/swg.fits[1]
scw/2022/202200790010.001/swg.fits[1]
scw/2022/202200810010.001/swg.fits[1]
scw/2025/202500700010.001/swg.fits[1]
scw/2025/202500710010.001/swg.fits[1]
scw/2025/202500780010.001/swg.fits[1]
scw/2029/202900760010.001/swg.fits[1]
scw/2030/203000440010.001/swg.fits[1]
scw/2030/203000450010.001/swg.fits[1]
scw/2030/203000460010.001/swg.fits[1]
scw/2032/203200500010.001/swg.fits[1]
scw/2032/203200510010.001/swg.fits[1]
scw/2032/203200560010.001/swg.fits[1]
scw/2037/203700460010.001/swg.fits[1]
scw/2037/203700470010.001/swg.fits[1]
