scw/0275/027500510010.001/swg.fits[1]
scw/0318/031800450010.001/swg.fits[1]
scw/0318/031800540010.001/swg.fits[1]
scw/0889/088900730010.001/swg.fits[1]
scw/0889/088900740010.001/swg.fits[1]
scw/0890/089000330010.001/swg.fits[1]
scw/0890/089000340010.001/swg.fits[1]
scw/0890/089000410010.001/swg.fits[1]
scw/0890/089000420010.001/swg.fits[1]
scw/1074/107400050010.001/swg.fits[1]
scw/1074/107400060010.001/swg.fits[1]
scw/1074/107400070010.001/swg.fits[1]
scw/1074/107400680010.001/swg.fits[1]
scw/1074/107400690010.001/swg.fits[1]
scw/1074/107400700010.001/swg.fits[1]
scw/1135/113500580010.001/swg.fits[1]
scw/1135/113500590010.001/swg.fits[1]
scw/1196/119600340010.001/swg.fits[1]
scw/1196/119600350010.001/swg.fits[1]
scw/1196/119600360010.001/swg.fits[1]
scw/1196/119600410010.001/swg.fits[1]
scw/1256/125600040010.001/swg.fits[1]
scw/1256/125600050010.001/swg.fits[1]
scw/1257/125700140010.001/swg.fits[1]
scw/1257/125700150010.001/swg.fits[1]
