scw/0256/025600410010.001/swg.fits[1]
scw/0256/025600420010.001/swg.fits[1]
scw/0256/025600490010.001/swg.fits[1]
scw/0256/025600500010.001/swg.fits[1]
scw/0256/025600590010.001/swg.fits[1]
scw/0256/025600600010.001/swg.fits[1]
scw/0256/025600610010.001/swg.fits[1]
scw/0256/025600620010.001/swg.fits[1]
scw/0256/025600690010.001/swg.fits[1]
scw/0256/025600700010.001/swg.fits[1]
scw/0282/028200590010.001/swg.fits[1]
scw/0282/028200600010.001/swg.fits[1]
scw/0282/028200610010.001/swg.fits[1]
scw/0282/028200700010.001/swg.fits[1]
scw/0282/028200720010.001/swg.fits[1]
scw/1174/117400850010.001/swg.fits[1]
scw/1194/119400800010.001/swg.fits[1]
scw/1195/119500410010.001/swg.fits[1]
scw/2255/225500550010.001/swg.fits[1]
scw/2255/225500560010.001/swg.fits[1]
