scw/0222/022200050010.001/swg.fits[1]
scw/0222/022200120010.001/swg.fits[1]
scw/0222/022200190010.001/swg.fits[1]
scw/0222/022200260010.001/swg.fits[1]
scw/0224/022400090010.001/swg.fits[1]
scw/0224/022400160010.001/swg.fits[1]
scw/0224/022400230010.001/swg.fits[1]
scw/0224/022400300010.001/swg.fits[1]
scw/0960/096000360010.001/swg.fits[1]
scw/0960/096000370010.001/swg.fits[1]
scw/0962/096200430010.001/swg.fits[1]
scw/0962/096200450010.001/swg.fits[1]
scw/0963/096300300010.001/swg.fits[1]
scw/0963/096300310010.001/swg.fits[1]
scw/0963/096300340010.001/swg.fits[1]
scw/0963/096300350010.001/swg.fits[1]
scw/0963/096300950010.001/swg.fits[1]
scw/0963/096300960010.001/swg.fits[1]
scw/0966/096600540010.001/swg.fits[1]
scw/0966/096600550010.001/swg.fits[1]
