scw/2046/204600380010.001/swg.fits[1]
scw/2046/204600500010.001/swg.fits[1]
scw/2047/204700070010.001/swg.fits[1]
scw/2047/204700080010.001/swg.fits[1]
scw/2047/204700090010.001/swg.fits[1]
scw/2047/204700390010.001/swg.fits[1]
scw/2047/204700400010.001/swg.fits[1]
scw/2047/204700490010.001/swg.fits[1]
scw/2047/204700500010.001/swg.fits[1]
scw/2099/209900160010.001/swg.fits[1]
scw/2099/209900170010.001/swg.fits[1]
scw/2099/209900230010.001/swg.fits[1]
scw/2100/210000180010.001/swg.fits[1]
scw/2100/210000190010.001/swg.fits[1]
scw/2100/210000250010.001/swg.fits[1]
scw/2100/210000260010.001/swg.fits[1]
scw/2102/210200200010.001/swg.fits[1]
scw/2102/210200210010.001/swg.fits[1]
scw/2102/210200270010.001/swg.fits[1]
scw/2102/210200280010.001/swg.fits[1]
scw/2102/210200290010.001/swg.fits[1]
scw/2103/210300210010.001/swg.fits[1]
scw/2103/210300220010.001/swg.fits[1]
scw/2103/210300230010.001/swg.fits[1]
scw/2103/210300300010.001/swg.fits[1]
scw/2103/210300310010.001/swg.fits[1]
scw/2104/210400250010.001/swg.fits[1]
scw/2104/210400260010.001/swg.fits[1]
scw/2104/210400270010.001/swg.fits[1]
scw/2104/210400280010.001/swg.fits[1]
scw/2104/210400340010.001/swg.fits[1]
scw/2104/210400350010.001/swg.fits[1]
scw/2106/210600260010.001/swg.fits[1]
scw/2106/210600270010.001/swg.fits[1]
scw/2106/210600340010.001/swg.fits[1]
scw/2106/210600350010.001/swg.fits[1]
scw/2106/210600360010.001/swg.fits[1]
scw/2106/210600370010.001/swg.fits[1]
scw/2107/210700360010.001/swg.fits[1]
scw/2107/210700370010.001/swg.fits[1]
scw/2107/210700380010.001/swg.fits[1]
scw/2107/210700390010.001/swg.fits[1]
scw/2107/210700460010.001/swg.fits[1]
scw/2107/210700470010.001/swg.fits[1]
scw/2108/210800380010.001/swg.fits[1]
scw/2108/210800390010.001/swg.fits[1]
scw/2108/210800400010.001/swg.fits[1]
scw/2108/210800470010.001/swg.fits[1]
scw/2108/210800480010.001/swg.fits[1]
scw/2108/210800490010.001/swg.fits[1]
scw/2108/210800500010.001/swg.fits[1]
scw/2110/211000110010.001/swg.fits[1]
scw/2110/211000120010.001/swg.fits[1]
scw/2110/211000190010.001/swg.fits[1]
scw/2110/211000200010.001/swg.fits[1]
scw/2110/211000210010.001/swg.fits[1]
scw/2110/211000400010.001/swg.fits[1]
scw/2110/211000410010.001/swg.fits[1]
scw/2110/211000420010.001/swg.fits[1]
scw/2110/211000490010.001/swg.fits[1]
scw/2110/211000500010.001/swg.fits[1]
scw/2111/211100130010.001/swg.fits[1]
scw/2111/211100150010.001/swg.fits[1]
scw/2111/211100160010.001/swg.fits[1]
scw/2111/211100230010.001/swg.fits[1]
scw/2111/211100240010.001/swg.fits[1]
scw/2111/211100450010.001/swg.fits[1]
scw/2111/211100460010.001/swg.fits[1]
scw/2112/211200070010.001/swg.fits[1]
scw/2112/211200180010.001/swg.fits[1]
scw/2112/211200250010.001/swg.fits[1]
scw/2112/211200260010.001/swg.fits[1]
scw/2112/211200270010.001/swg.fits[1]
scw/2112/211200290010.001/swg.fits[1]
scw/2112/211200470010.001/swg.fits[1]
scw/2112/211200480010.001/swg.fits[1]
scw/2112/211200490010.001/swg.fits[1]
scw/2113/211300080010.001/swg.fits[1]
scw/2113/211300090010.001/swg.fits[1]
scw/2113/211300310010.001/swg.fits[1]
scw/2113/211300330010.001/swg.fits[1]
scw/2113/211300340010.001/swg.fits[1]
scw/2113/211300410010.001/swg.fits[1]
scw/2113/211300420010.001/swg.fits[1]
scw/2115/211500070010.001/swg.fits[1]
scw/2115/211500080010.001/swg.fits[1]
scw/2115/211500090010.001/swg.fits[1]
scw/2115/211500150010.001/swg.fits[1]
scw/2115/211500160010.001/swg.fits[1]
scw/2115/211500280010.001/swg.fits[1]
scw/2115/211500350010.001/swg.fits[1]
scw/2115/211500360010.001/swg.fits[1]
scw/2115/211500370010.001/swg.fits[1]
scw/2115/211500380010.001/swg.fits[1]
scw/2119/211900040010.001/swg.fits[1]
scw/2119/211900060010.001/swg.fits[1]
scw/2119/211900070010.001/swg.fits[1]
scw/2119/211900080010.001/swg.fits[1]
scw/2119/211900140010.001/swg.fits[1]
scw/2119/211900260010.001/swg.fits[1]
scw/2119/211900270010.001/swg.fits[1]
scw/2167/216700250010.001/swg.fits[1]
scw/2167/216700260010.001/swg.fits[1]
scw/2167/216700290010.001/swg.fits[1]
scw/2167/216700300010.001/swg.fits[1]
scw/2167/216700350010.001/swg.fits[1]
scw/2167/216700360010.001/swg.fits[1]
scw/2167/216700370010.001/swg.fits[1]
scw/2167/216700380010.001/swg.fits[1]
scw/2167/216700400010.001/swg.fits[1]
scw/2167/216700450010.001/swg.fits[1]
scw/2167/216700460010.001/swg.fits[1]
scw/2169/216900140010.001/swg.fits[1]
scw/2169/216900150010.001/swg.fits[1]
scw/2169/216900220010.001/swg.fits[1]
scw/2169/216900500010.001/swg.fits[1]
scw/2169/216900510010.001/swg.fits[1]
scw/2169/216900520010.001/swg.fits[1]
scw/2170/217000050010.001/swg.fits[1]
scw/2170/217000060010.001/swg.fits[1]
scw/2171/217100100010.001/swg.fits[1]
scw/2171/217100110010.001/swg.fits[1]
scw/2171/217100520010.001/swg.fits[1]
scw/2171/217100530010.001/swg.fits[1]
scw/2171/217100530020.001/swg.fits[1]
scw/2177/217700190010.001/swg.fits[1]
scw/2177/217700200010.001/swg.fits[1]
scw/2177/217700210010.001/swg.fits[1]
scw/2177/217700290010.001/swg.fits[1]
scw/2178/217800170010.001/swg.fits[1]
scw/2178/217800180010.001/swg.fits[1]
scw/2178/217800540010.001/swg.fits[1]
scw/2178/217800540020.001/swg.fits[1]
scw/2179/217900030010.001/swg.fits[1]
scw/2179/217900050010.001/swg.fits[1]
scw/2179/217900110010.001/swg.fits[1]
scw/2179/217900230010.001/swg.fits[1]
scw/2179/217900240010.001/swg.fits[1]
scw/2179/217900250010.001/swg.fits[1]
scw/2179/217900300010.001/swg.fits[1]
scw/2179/217900310010.001/swg.fits[1]
scw/2180/218000040010.001/swg.fits[1]
scw/2180/218000050010.001/swg.fits[1]
scw/2180/218000060010.001/swg.fits[1]
scw/2180/218000070010.001/swg.fits[1]
scw/2180/218000150010.001/swg.fits[1]
scw/2181/218100030010.001/swg.fits[1]
scw/2181/218100040010.001/swg.fits[1]
scw/2181/218100120010.001/swg.fits[1]
scw/2181/218100130010.001/swg.fits[1]
scw/2181/218100520010.001/swg.fits[1]
scw/2181/218100520020.001/swg.fits[1]
scw/2182/218200020010.001/swg.fits[1]
scw/2182/218200030010.001/swg.fits[1]
scw/2182/218200120010.001/swg.fits[1]
scw/2182/218200130010.001/swg.fits[1]
scw/2182/218200520010.001/swg.fits[1]
scw/2183/218300020010.001/swg.fits[1]
scw/2273/227300700010.001/swg.fits[1]
scw/2273/227300710010.001/swg.fits[1]
scw/2273/227300740010.001/swg.fits[1]
scw/2273/227300750010.001/swg.fits[1]
scw/2310/231000300010.001/swg.fits[1]
scw/2310/231000320010.001/swg.fits[1]
scw/2310/231000380010.001/swg.fits[1]
scw/2310/231000390010.001/swg.fits[1]
scw/2311/231100140010.001/swg.fits[1]
scw/2311/231100150010.001/swg.fits[1]
scw/2311/231100160010.001/swg.fits[1]
scw/2311/231100210010.001/swg.fits[1]
scw/2311/231100220010.001/swg.fits[1]
scw/2311/231100230010.001/swg.fits[1]
scw/2312/231200240010.001/swg.fits[1]
scw/2312/231200250010.001/swg.fits[1]
scw/2312/231200300010.001/swg.fits[1]
scw/2312/231200310010.001/swg.fits[1]
scw/2312/231200320010.001/swg.fits[1]
scw/2312/231200370010.001/swg.fits[1]
scw/2312/231200380010.001/swg.fits[1]
scw/2313/231300870010.001/swg.fits[1]
scw/2313/231300880010.001/swg.fits[1]
scw/2313/231300890010.001/swg.fits[1]
scw/2313/231300900010.001/swg.fits[1]
scw/2313/231300910010.001/swg.fits[1]
scw/2314/231400780010.001/swg.fits[1]
scw/2314/231400790010.001/swg.fits[1]
scw/2314/231400800010.001/swg.fits[1]
scw/2314/231400810010.001/swg.fits[1]
scw/2314/231400860010.001/swg.fits[1]
scw/2315/231500210010.001/swg.fits[1]
scw/2315/231500220010.001/swg.fits[1]
scw/2315/231500270010.001/swg.fits[1]
scw/2315/231500280010.001/swg.fits[1]
scw/2315/231500290010.001/swg.fits[1]
scw/2316/231600300010.001/swg.fits[1]
scw/2316/231600350010.001/swg.fits[1]
scw/2317/231700070010.001/swg.fits[1]
scw/2317/231700080010.001/swg.fits[1]
scw/2317/231700140010.001/swg.fits[1]
scw/2317/231700150010.001/swg.fits[1]
scw/2317/231700160010.001/swg.fits[1]
scw/2317/231700170010.001/swg.fits[1]
scw/2318/231800430010.001/swg.fits[1]
scw/2432/243200340010.001/swg.fits[1]
