scw/0036/003600080010.001/swg.fits[1]
scw/0050/005000210010.001/swg.fits[1]
scw/0083/008300030010.001/swg.fits[1]
scw/0090/009000340010.001/swg.fits[1]
scw/0090/009000350010.001/swg.fits[1]
scw/0090/009000360010.001/swg.fits[1]
scw/0090/009000420010.001/swg.fits[1]
scw/0090/009000430010.001/swg.fits[1]
scw/0090/009000440010.001/swg.fits[1]
scw/0091/009100230010.001/swg.fits[1]
scw/0091/009100240010.001/swg.fits[1]
scw/0091/009100250010.001/swg.fits[1]
scw/0091/009100310010.001/swg.fits[1]
scw/0091/009100320010.001/swg.fits[1]
scw/0091/009100330010.001/swg.fits[1]
scw/0092/009200230010.001/swg.fits[1]
scw/0092/009200240010.001/swg.fits[1]
scw/0092/009200250010.001/swg.fits[1]
scw/0092/009200310010.001/swg.fits[1]
scw/0092/009200320010.001/swg.fits[1]
scw/0092/009200330010.001/swg.fits[1]
scw/0146/014600050010.001/swg.fits[1]
scw/0154/015400140010.001/swg.fits[1]
scw/0161/016100130010.001/swg.fits[1]
scw/0175/017500700010.001/swg.fits[1]
scw/0175/017500730010.001/swg.fits[1]
scw/0175/017500740010.001/swg.fits[1]
scw/0175/017500750010.001/swg.fits[1]
scw/0175/017500770010.001/swg.fits[1]
scw/0175/017500800010.001/swg.fits[1]
scw/0175/017500810010.001/swg.fits[1]
scw/0175/017500820010.001/swg.fits[1]
scw/0175/017500840010.001/swg.fits[1]
scw/0175/017500870010.001/swg.fits[1]
scw/0175/017500880010.001/swg.fits[1]
scw/0175/017500890010.001/swg.fits[1]
scw/0175/017500910010.001/swg.fits[1]
scw/0175/017500940010.001/swg.fits[1]
scw/0175/017500950010.001/swg.fits[1]
scw/0175/017500960010.001/swg.fits[1]
scw/0175/017500980010.001/swg.fits[1]
scw/0175/017501010010.001/swg.fits[1]
scw/0175/017501020010.001/swg.fits[1]
scw/0175/017501030010.001/swg.fits[1]
scw/0175/017501080010.001/swg.fits[1]
scw/0175/017501090010.001/swg.fits[1]
scw/0175/017501100010.001/swg.fits[1]
scw/0175/017501120010.001/swg.fits[1]
scw/0176/017600030010.001/swg.fits[1]
scw/0176/017600040010.001/swg.fits[1]
scw/0176/017600050010.001/swg.fits[1]
scw/0176/017600070010.001/swg.fits[1]
scw/0176/017600100010.001/swg.fits[1]
scw/0176/017600110010.001/swg.fits[1]
scw/0176/017600120010.001/swg.fits[1]
scw/0176/017600140010.001/swg.fits[1]
scw/0176/017600170010.001/swg.fits[1]
scw/0176/017600180010.001/swg.fits[1]
scw/0176/017600190010.001/swg.fits[1]
scw/0176/017600210010.001/swg.fits[1]
scw/0176/017600240010.001/swg.fits[1]
scw/0176/017600250010.001/swg.fits[1]
scw/0176/017600260010.001/swg.fits[1]
scw/0176/017600280010.001/swg.fits[1]
scw/0176/017600310010.001/swg.fits[1]
scw/0176/017600320010.001/swg.fits[1]
scw/0176/017600330010.001/swg.fits[1]
scw/0176/017600350010.001/swg.fits[1]
scw/0176/017600380010.001/swg.fits[1]
scw/0176/017600390010.001/swg.fits[1]
scw/0176/017600400010.001/swg.fits[1]
scw/0176/017600420010.001/swg.fits[1]
scw/0176/017600450010.001/swg.fits[1]
scw/0176/017600460010.001/swg.fits[1]
scw/0176/017600470010.001/swg.fits[1]
scw/0176/017600490010.001/swg.fits[1]
scw/0176/017600520010.001/swg.fits[1]
scw/0176/017600530010.001/swg.fits[1]
scw/0176/017600540010.001/swg.fits[1]
scw/0176/017600560010.001/swg.fits[1]
scw/0176/017600590010.001/swg.fits[1]
scw/0176/017600600010.001/swg.fits[1]
scw/0176/017600610010.001/swg.fits[1]
scw/0176/017600630010.001/swg.fits[1]
scw/0176/017600660010.001/swg.fits[1]
scw/0176/017600670010.001/swg.fits[1]
scw/0176/017600680010.001/swg.fits[1]
scw/0201/020100030010.001/swg.fits[1]
scw/0203/020300150010.001/swg.fits[1]
scw/0217/021700130010.001/swg.fits[1]
scw/0226/022600550010.001/swg.fits[1]
scw/0229/022900080010.001/swg.fits[1]
scw/0260/026000160010.001/swg.fits[1]
scw/0267/026700530010.001/swg.fits[1]
scw/0268/026800120010.001/swg.fits[1]
scw/0270/027000750010.001/swg.fits[1]
scw/0271/027100300010.001/swg.fits[1]
scw/0271/027100390010.001/swg.fits[1]
scw/0272/027200660010.001/swg.fits[1]
scw/0283/028300130010.001/swg.fits[1]
scw/0324/032400010010.001/swg.fits[1]
scw/0327/032700100010.001/swg.fits[1]
scw/0335/033500030010.001/swg.fits[1]
scw/0407/040700200010.001/swg.fits[1]
scw/0415/041500220010.001/swg.fits[1]
scw/0419/041900490010.001/swg.fits[1]
scw/0455/045500450010.001/swg.fits[1]
scw/0477/047700310010.001/swg.fits[1]
scw/0477/047700620010.001/swg.fits[1]
scw/0477/047700810010.001/swg.fits[1]
scw/0517/051700660010.001/swg.fits[1]
scw/0517/051700670010.001/swg.fits[1]
scw/0517/051700680010.001/swg.fits[1]
scw/0517/051700690010.001/swg.fits[1]
scw/0518/051800660010.001/swg.fits[1]
scw/0519/051900570010.001/swg.fits[1]
scw/0519/051900640010.001/swg.fits[1]
scw/0519/051900710010.001/swg.fits[1]
scw/0519/051900770010.001/swg.fits[1]
scw/0519/051900780010.001/swg.fits[1]
scw/0523/052300980010.001/swg.fits[1]
scw/0523/052300990010.001/swg.fits[1]
scw/0523/052301000010.001/swg.fits[1]
scw/0583/058300370010.001/swg.fits[1]
scw/0583/058300380010.001/swg.fits[1]
scw/0583/058300390010.001/swg.fits[1]
scw/0584/058400430010.001/swg.fits[1]
scw/0584/058400440010.001/swg.fits[1]
scw/0584/058400450010.001/swg.fits[1]
scw/0638/063800310010.001/swg.fits[1]
scw/0638/063800320010.001/swg.fits[1]
scw/0638/063800330010.001/swg.fits[1]
scw/0638/063800380010.001/swg.fits[1]
scw/0638/063800390010.001/swg.fits[1]
scw/0638/063800400010.001/swg.fits[1]
scw/0638/063800410010.001/swg.fits[1]
scw/0638/063800420010.001/swg.fits[1]
scw/0638/063800590010.001/swg.fits[1]
scw/0638/063800600010.001/swg.fits[1]
scw/0638/063800610010.001/swg.fits[1]
scw/0639/063900280010.001/swg.fits[1]
scw/0639/063900350010.001/swg.fits[1]
scw/0639/063900360010.001/swg.fits[1]
scw/0639/063900470010.001/swg.fits[1]
scw/0639/063900480010.001/swg.fits[1]
scw/0639/063900490010.001/swg.fits[1]
scw/0639/063900550010.001/swg.fits[1]
scw/0639/063900560010.001/swg.fits[1]
scw/0640/064000440010.001/swg.fits[1]
scw/0640/064000450010.001/swg.fits[1]
scw/0640/064000520010.001/swg.fits[1]
scw/0640/064000530010.001/swg.fits[1]
scw/0647/064700330010.001/swg.fits[1]
scw/0647/064700390010.001/swg.fits[1]
scw/0647/064700400010.001/swg.fits[1]
scw/0647/064700410010.001/swg.fits[1]
scw/0695/069500650010.001/swg.fits[1]
scw/0696/069600450010.001/swg.fits[1]
scw/0696/069600520010.001/swg.fits[1]
scw/0696/069600530010.001/swg.fits[1]
scw/0696/069600540010.001/swg.fits[1]
scw/0696/069600550010.001/swg.fits[1]
scw/0698/069800560010.001/swg.fits[1]
scw/0698/069800570010.001/swg.fits[1]
scw/0698/069800580010.001/swg.fits[1]
scw/0698/069800630010.001/swg.fits[1]
scw/0699/069900430010.001/swg.fits[1]
scw/0699/069900440010.001/swg.fits[1]
scw/0699/069900550010.001/swg.fits[1]
scw/0699/069900630010.001/swg.fits[1]
scw/0700/070000430010.001/swg.fits[1]
scw/0700/070000440010.001/swg.fits[1]
scw/0700/070000450010.001/swg.fits[1]
scw/0700/070000620010.001/swg.fits[1]
scw/0700/070000630010.001/swg.fits[1]
scw/0701/070100440010.001/swg.fits[1]
scw/0701/070100450010.001/swg.fits[1]
scw/0701/070100460010.001/swg.fits[1]
scw/0701/070100520010.001/swg.fits[1]
scw/0701/070100530010.001/swg.fits[1]
scw/0704/070400910010.001/swg.fits[1]
scw/0705/070500260010.001/swg.fits[1]
scw/0705/070500310010.001/swg.fits[1]
scw/0705/070500320010.001/swg.fits[1]
scw/0705/070500330010.001/swg.fits[1]
scw/0709/070900350010.001/swg.fits[1]
scw/0709/070900370010.001/swg.fits[1]
scw/0709/070900380010.001/swg.fits[1]
scw/0709/070900450010.001/swg.fits[1]
scw/0709/070900460010.001/swg.fits[1]
scw/0709/070900580010.001/swg.fits[1]
scw/0710/071000260010.001/swg.fits[1]
scw/0710/071000270010.001/swg.fits[1]
scw/0710/071000280010.001/swg.fits[1]
scw/0710/071000300010.001/swg.fits[1]
scw/0710/071000490010.001/swg.fits[1]
scw/0710/071000500010.001/swg.fits[1]
scw/0710/071000510010.001/swg.fits[1]
