scw/0521/052100120010.001/swg.fits[1]
scw/0521/052100190010.001/swg.fits[1]
scw/0521/052100610010.001/swg.fits[1]
scw/0522/052200420010.001/swg.fits[1]
scw/0522/052200490010.001/swg.fits[1]
scw/0561/056100330010.001/swg.fits[1]
scw/0562/056200420010.001/swg.fits[1]
scw/0562/056200480010.001/swg.fits[1]
scw/0562/056200490010.001/swg.fits[1]
scw/0562/056200550010.001/swg.fits[1]
scw/0634/063400100010.001/swg.fits[1]
scw/0634/063400450010.001/swg.fits[1]
scw/0634/063400590010.001/swg.fits[1]
scw/0636/063600070010.001/swg.fits[1]
scw/0636/063600490010.001/swg.fits[1]
scw/0810/081000020010.001/swg.fits[1]
scw/0810/081000350010.001/swg.fits[1]
scw/0810/081000420010.001/swg.fits[1]
scw/0810/081000440010.001/swg.fits[1]
scw/0810/081000610010.001/swg.fits[1]
scw/0811/081100250010.001/swg.fits[1]
scw/0811/081100280010.001/swg.fits[1]
scw/0811/081100370010.001/swg.fits[1]
scw/0811/081100540010.001/swg.fits[1]
scw/1047/104700330010.001/swg.fits[1]
scw/1057/105700480010.001/swg.fits[1]
scw/1057/105700550010.001/swg.fits[1]
scw/1057/105700610010.001/swg.fits[1]
scw/1057/105700620010.001/swg.fits[1]
scw/1113/111300020010.001/swg.fits[1]
scw/1117/111700460010.001/swg.fits[1]
scw/1118/111800100010.001/swg.fits[1]
scw/1170/117000050010.001/swg.fits[1]
scw/1170/117000120010.001/swg.fits[1]
scw/1170/117000450010.001/swg.fits[1]
scw/1170/117000520010.001/swg.fits[1]
scw/1170/117000620010.001/swg.fits[1]
scw/1170/117000650010.001/swg.fits[1]
scw/1170/117000650020.001/swg.fits[1]
scw/1179/117900300010.001/swg.fits[1]
scw/1179/117900330010.001/swg.fits[1]
scw/1179/117900390010.001/swg.fits[1]
scw/1179/117900440010.001/swg.fits[1]
scw/1232/123200020010.001/swg.fits[1]
scw/1232/123200050010.001/swg.fits[1]
scw/1232/123200120010.001/swg.fits[1]
scw/1232/123200550010.001/swg.fits[1]
scw/1240/124000580010.001/swg.fits[1]
