scw/1253/125300070010.001/swg.fits[1]
scw/1373/137300150010.001/swg.fits[1]
scw/1373/137300160010.001/swg.fits[1]
scw/1375/137500140010.001/swg.fits[1]
scw/1375/137500150010.001/swg.fits[1]
scw/1603/160300140010.001/swg.fits[1]
scw/1603/160300150010.001/swg.fits[1]
scw/1632/163200600010.001/swg.fits[1]
scw/1632/163200760010.001/swg.fits[1]
scw/1632/163200920010.001/swg.fits[1]
scw/1635/163500450010.001/swg.fits[1]
scw/1635/163500640010.001/swg.fits[1]
scw/1636/163600460010.001/swg.fits[1]
scw/1636/163600620010.001/swg.fits[1]
scw/1636/163600780010.001/swg.fits[1]
scw/1636/163600840010.001/swg.fits[1]
scw/1636/163600850010.001/swg.fits[1]
scw/1637/163700050010.001/swg.fits[1]
scw/1637/163700060010.001/swg.fits[1]
scw/1637/163700210010.001/swg.fits[1]
scw/1637/163700220010.001/swg.fits[1]
scw/1638/163800900010.001/swg.fits[1]
scw/1639/163900070010.001/swg.fits[1]
scw/1639/163900160010.001/swg.fits[1]
scw/1639/163900170010.001/swg.fits[1]
scw/1639/163900370010.001/swg.fits[1]
scw/1640/164000040010.001/swg.fits[1]
scw/1640/164000130010.001/swg.fits[1]
scw/1640/164000140010.001/swg.fits[1]
scw/1640/164000340010.001/swg.fits[1]
scw/1640/164000430010.001/swg.fits[1]
scw/1641/164100290010.001/swg.fits[1]
scw/1641/164100450010.001/swg.fits[1]
scw/1641/164100610010.001/swg.fits[1]
scw/1699/169900030010.001/swg.fits[1]
scw/1699/169900700010.001/swg.fits[1]
scw/1701/170100050010.001/swg.fits[1]
scw/1701/170100060010.001/swg.fits[1]
scw/1701/170100120010.001/swg.fits[1]
scw/1701/170100680010.001/swg.fits[1]
scw/1701/170100840010.001/swg.fits[1]
scw/1703/170300810010.001/swg.fits[1]
scw/1703/170300890010.001/swg.fits[1]
scw/1703/170300900010.001/swg.fits[1]
scw/1705/170500180010.001/swg.fits[1]
scw/1705/170500260010.001/swg.fits[1]
scw/1705/170500630010.001/swg.fits[1]
scw/1705/170500700010.001/swg.fits[1]
scw/1706/170600460010.001/swg.fits[1]
scw/1706/170600540010.001/swg.fits[1]
scw/1708/170800130010.001/swg.fits[1]
scw/1708/170800190010.001/swg.fits[1]
scw/1708/170800200010.001/swg.fits[1]
scw/1710/171000330010.001/swg.fits[1]
scw/1711/171100170010.001/swg.fits[1]
scw/1711/171100180010.001/swg.fits[1]
scw/1711/171100260010.001/swg.fits[1]
scw/1712/171200170010.001/swg.fits[1]
scw/1712/171200180010.001/swg.fits[1]
scw/1712/171200260010.001/swg.fits[1]
scw/1713/171300020010.001/swg.fits[1]
scw/1716/171600110010.001/swg.fits[1]
scw/1718/171800870010.001/swg.fits[1]
scw/1719/171900390010.001/swg.fits[1]
scw/1719/171900550010.001/swg.fits[1]
scw/1721/172100650010.001/swg.fits[1]
scw/1769/176900760010.001/swg.fits[1]
scw/1770/177000920010.001/swg.fits[1]
scw/1777/177700530010.001/swg.fits[1]
scw/1777/177700850010.001/swg.fits[1]
scw/1778/177800500010.001/swg.fits[1]
scw/1779/177900170010.001/swg.fits[1]
scw/1779/177900890010.001/swg.fits[1]
scw/1782/178200590010.001/swg.fits[1]
scw/1782/178200610010.001/swg.fits[1]
scw/1782/178200650010.001/swg.fits[1]
scw/1782/178200660010.001/swg.fits[1]
scw/1786/178600220010.001/swg.fits[1]
scw/1786/178600260010.001/swg.fits[1]
scw/1786/178600270010.001/swg.fits[1]
scw/1786/178600370010.001/swg.fits[1]
scw/1787/178700520010.001/swg.fits[1]
scw/1787/178700560010.001/swg.fits[1]
scw/1787/178700570010.001/swg.fits[1]
scw/1787/178700670010.001/swg.fits[1]
scw/1840/184000900010.001/swg.fits[1]
scw/1842/184200160010.001/swg.fits[1]
scw/1842/184200180010.001/swg.fits[1]
scw/1842/184200260010.001/swg.fits[1]
scw/1842/184200950010.001/swg.fits[1]
scw/1844/184400180010.001/swg.fits[1]
scw/1844/184400260010.001/swg.fits[1]
scw/1847/184700370010.001/swg.fits[1]
scw/1847/184700380010.001/swg.fits[1]
scw/1848/184800170010.001/swg.fits[1]
scw/1848/184800180010.001/swg.fits[1]
scw/1848/184800260010.001/swg.fits[1]
scw/1849/184900250010.001/swg.fits[1]
scw/1849/184900260010.001/swg.fits[1]
scw/1849/184900340010.001/swg.fits[1]
scw/1850/185000550010.001/swg.fits[1]
scw/1850/185000560010.001/swg.fits[1]
scw/1850/185000640010.001/swg.fits[1]
scw/1854/185400070010.001/swg.fits[1]
scw/1854/185400150010.001/swg.fits[1]
scw/1854/185400160010.001/swg.fits[1]
scw/1854/185400170010.001/swg.fits[1]
scw/1855/185500170010.001/swg.fits[1]
scw/1855/185500180010.001/swg.fits[1]
scw/1855/185500260010.001/swg.fits[1]
scw/1860/186000140010.001/swg.fits[1]
scw/1860/186000180010.001/swg.fits[1]
scw/1860/186000190010.001/swg.fits[1]
scw/1860/186000200010.001/swg.fits[1]
scw/1860/186000240010.001/swg.fits[1]
scw/1860/186000290010.001/swg.fits[1]
scw/1860/186000300010.001/swg.fits[1]
scw/1860/186000320010.001/swg.fits[1]
scw/1860/186000330010.001/swg.fits[1]
scw/1860/186000340010.001/swg.fits[1]
scw/1860/186000390010.001/swg.fits[1]
scw/1860/186000400010.001/swg.fits[1]
scw/1862/186200140010.001/swg.fits[1]
scw/1862/186200180010.001/swg.fits[1]
scw/1862/186200190010.001/swg.fits[1]
scw/1862/186200200010.001/swg.fits[1]
scw/1862/186200240010.001/swg.fits[1]
scw/1862/186200250010.001/swg.fits[1]
scw/1862/186200290010.001/swg.fits[1]
scw/1862/186200330010.001/swg.fits[1]
scw/1862/186200340010.001/swg.fits[1]
scw/1862/186200350010.001/swg.fits[1]
scw/1863/186300090010.001/swg.fits[1]
scw/1863/186300100010.001/swg.fits[1]
scw/1863/186300130010.001/swg.fits[1]
scw/1863/186300140010.001/swg.fits[1]
scw/1863/186300150010.001/swg.fits[1]
scw/1863/186300240010.001/swg.fits[1]
scw/1863/186300280010.001/swg.fits[1]
scw/1863/186300290010.001/swg.fits[1]
scw/1863/186300300010.001/swg.fits[1]
scw/1863/186300340010.001/swg.fits[1]
scw/1864/186400070010.001/swg.fits[1]
scw/1864/186400080010.001/swg.fits[1]
scw/1864/186400320010.001/swg.fits[1]
scw/1864/186400330010.001/swg.fits[1]
scw/1864/186400360010.001/swg.fits[1]
scw/1864/186400370010.001/swg.fits[1]
scw/1864/186400380010.001/swg.fits[1]
scw/1864/186400420010.001/swg.fits[1]
scw/1865/186500070010.001/swg.fits[1]
scw/1865/186500080010.001/swg.fits[1]
scw/1865/186500090010.001/swg.fits[1]
scw/1865/186500120010.001/swg.fits[1]
scw/1865/186500130010.001/swg.fits[1]
scw/1865/186500500010.001/swg.fits[1]
scw/1865/186500510010.001/swg.fits[1]
scw/1865/186500560010.001/swg.fits[1]
scw/1865/186500570010.001/swg.fits[1]
scw/1908/190800390010.001/swg.fits[1]
scw/1909/190900060010.001/swg.fits[1]
scw/1909/190900860010.001/swg.fits[1]
scw/1913/191300810010.001/swg.fits[1]
scw/1913/191300850010.001/swg.fits[1]
scw/1913/191300860010.001/swg.fits[1]
scw/1914/191400380010.001/swg.fits[1]
scw/1914/191400390010.001/swg.fits[1]
scw/1914/191400430010.001/swg.fits[1]
scw/1914/191400440010.001/swg.fits[1]
scw/1915/191500660010.001/swg.fits[1]
scw/1915/191500700010.001/swg.fits[1]
scw/1915/191500710010.001/swg.fits[1]
scw/1915/191500800010.001/swg.fits[1]
scw/1916/191600500010.001/swg.fits[1]
scw/1916/191600540010.001/swg.fits[1]
scw/1916/191600550010.001/swg.fits[1]
scw/1916/191600610010.001/swg.fits[1]
scw/1917/191700100010.001/swg.fits[1]
scw/1917/191700140010.001/swg.fits[1]
scw/1917/191700150010.001/swg.fits[1]
scw/1979/197900810010.001/swg.fits[1]
scw/1979/197900890010.001/swg.fits[1]
scw/1980/198000050010.001/swg.fits[1]
scw/1980/198000120010.001/swg.fits[1]
scw/1984/198400370010.001/swg.fits[1]
scw/1984/198400430010.001/swg.fits[1]
scw/1984/198400440010.001/swg.fits[1]
scw/2048/204800850010.001/swg.fits[1]
scw/2048/204800890010.001/swg.fits[1]
scw/2048/204800900010.001/swg.fits[1]
scw/2048/204800940010.001/swg.fits[1]
scw/2049/204900810010.001/swg.fits[1]
scw/2049/204900850010.001/swg.fits[1]
scw/2049/204900860010.001/swg.fits[1]
scw/2049/204900950010.001/swg.fits[1]
scw/2049/204900950020.001/swg.fits[1]
scw/2050/205000810010.001/swg.fits[1]
scw/2050/205000850010.001/swg.fits[1]
scw/2050/205000860010.001/swg.fits[1]
scw/2050/205000950010.001/swg.fits[1]
scw/2141/214100250010.001/swg.fits[1]
scw/2141/214100340010.001/swg.fits[1]
scw/2144/214400040010.001/swg.fits[1]
scw/2144/214400050010.001/swg.fits[1]
scw/2192/219200580010.001/swg.fits[1]
scw/2192/219200590010.001/swg.fits[1]
scw/2192/219200640010.001/swg.fits[1]
scw/2192/219200650010.001/swg.fits[1]
scw/2192/219200690010.001/swg.fits[1]
scw/2192/219200700010.001/swg.fits[1]
scw/2193/219300310010.001/swg.fits[1]
scw/2193/219300320010.001/swg.fits[1]
scw/2193/219300410010.001/swg.fits[1]
scw/2194/219400290010.001/swg.fits[1]
scw/2194/219400300010.001/swg.fits[1]
scw/2194/219400310010.001/swg.fits[1]
scw/2194/219400350010.001/swg.fits[1]
scw/2194/219400360010.001/swg.fits[1]
scw/2251/225100430010.001/swg.fits[1]
scw/2251/225100490010.001/swg.fits[1]
scw/2251/225100500010.001/swg.fits[1]
scw/2321/232100670010.001/swg.fits[1]
scw/2321/232100680010.001/swg.fits[1]
scw/2321/232100690010.001/swg.fits[1]
scw/2321/232100700010.001/swg.fits[1]
scw/2321/232100770010.001/swg.fits[1]
scw/2321/232100780010.001/swg.fits[1]
scw/2323/232300170010.001/swg.fits[1]
scw/2323/232300180010.001/swg.fits[1]
scw/2323/232300190010.001/swg.fits[1]
scw/2323/232300200010.001/swg.fits[1]
scw/2323/232300270010.001/swg.fits[1]
scw/2323/232300280010.001/swg.fits[1]
scw/2325/232500200010.001/swg.fits[1]
scw/2325/232500260010.001/swg.fits[1]
scw/2325/232500270010.001/swg.fits[1]
scw/2325/232500280010.001/swg.fits[1]
scw/2325/232500300010.001/swg.fits[1]
scw/2389/238900460010.001/swg.fits[1]
scw/2389/238900470010.001/swg.fits[1]
scw/2389/238900530010.001/swg.fits[1]
scw/2389/238900540010.001/swg.fits[1]
scw/2389/238900550010.001/swg.fits[1]
