scw/0058/005800110010.001/swg.fits[1]
scw/0066/006600110010.001/swg.fits[1]
scw/0078/007800570010.001/swg.fits[1]
scw/0086/008600120010.001/swg.fits[1]
scw/0157/015700050010.001/swg.fits[1]
scw/0177/017700040010.001/swg.fits[1]
scw/0186/018600830010.001/swg.fits[1]
scw/0203/020300060010.001/swg.fits[1]
scw/0213/021300040010.001/swg.fits[1]
scw/0258/025800060010.001/swg.fits[1]
scw/0262/026200110010.001/swg.fits[1]
scw/0268/026800030010.001/swg.fits[1]
scw/0301/030100040010.001/swg.fits[1]
scw/0308/030800140010.001/swg.fits[1]
scw/0327/032700030010.001/swg.fits[1]
scw/0330/033000830010.001/swg.fits[1]
scw/0347/034700020010.001/swg.fits[1]
scw/0387/038700080010.001/swg.fits[1]
scw/0398/039800050010.001/swg.fits[1]
scw/0407/040700270010.001/swg.fits[1]
scw/0411/041100050010.001/swg.fits[1]
scw/0428/042800590010.001/swg.fits[1]
scw/0444/044400060010.001/swg.fits[1]
scw/0455/045500370010.001/swg.fits[1]
scw/0457/045700600010.001/swg.fits[1]
scw/0459/045900360010.001/swg.fits[1]
scw/0467/046700030010.001/swg.fits[1]
scw/0863/086300640010.001/swg.fits[1]
scw/0865/086500110010.001/swg.fits[1]
scw/0866/086600060010.001/swg.fits[1]
scw/0868/086800010010.001/swg.fits[1]
scw/1048/104800940010.001/swg.fits[1]
scw/1049/104900160010.001/swg.fits[1]
scw/1050/105000880010.001/swg.fits[1]
scw/1051/105100990010.001/swg.fits[1]
scw/1053/105300570010.001/swg.fits[1]
scw/1054/105400660010.001/swg.fits[1]
scw/1056/105600980010.001/swg.fits[1]
scw/1058/105800610010.001/swg.fits[1]
scw/1114/111400640010.001/swg.fits[1]
scw/1126/112600470010.001/swg.fits[1]
scw/1133/113300750010.001/swg.fits[1]
scw/1171/117100510010.001/swg.fits[1]
scw/1172/117200350010.001/swg.fits[1]
scw/1173/117300320010.001/swg.fits[1]
scw/1180/118000780010.001/swg.fits[1]
scw/1182/118200680010.001/swg.fits[1]
scw/1184/118400660010.001/swg.fits[1]
scw/1196/119600910010.001/swg.fits[1]
scw/1196/119600910020.001/swg.fits[1]
scw/1196/119600910030.001/swg.fits[1]
scw/1243/124300720010.001/swg.fits[1]
scw/1245/124500610010.001/swg.fits[1]
scw/1297/129700840010.001/swg.fits[1]
scw/1298/129800850010.001/swg.fits[1]
scw/1298/129800940010.001/swg.fits[1]
scw/1300/130000640010.001/swg.fits[1]
scw/1300/130000690010.001/swg.fits[1]
scw/1373/137300050010.001/swg.fits[1]
scw/1472/147200100010.001/swg.fits[1]
scw/1483/148300110010.001/swg.fits[1]
scw/2043/204300260010.001/swg.fits[1]
scw/2269/226900800010.001/swg.fits[1]
scw/2371/237100400010.001/swg.fits[1]
scw/2377/237700670010.001/swg.fits[1]
scw/2377/237700750010.001/swg.fits[1]
scw/2377/237700760010.001/swg.fits[1]
scw/2377/237700770010.001/swg.fits[1]
scw/2377/237700780010.001/swg.fits[1]
scw/2383/238300240010.001/swg.fits[1]
scw/2383/238300250010.001/swg.fits[1]
scw/2383/238300280010.001/swg.fits[1]
scw/2383/238300290010.001/swg.fits[1]
scw/2388/238800120010.001/swg.fits[1]
scw/2388/238800130010.001/swg.fits[1]
scw/2388/238800190010.001/swg.fits[1]
scw/2388/238800210010.001/swg.fits[1]
scw/2392/239200840010.001/swg.fits[1]
scw/2392/239200850010.001/swg.fits[1]
scw/2427/242700770010.001/swg.fits[1]
scw/2427/242700780010.001/swg.fits[1]
scw/2430/243000450010.001/swg.fits[1]
scw/2430/243000540010.001/swg.fits[1]
scw/2430/243000860010.001/swg.fits[1]
scw/2430/243000870010.001/swg.fits[1]
scw/2430/243000880010.001/swg.fits[1]
scw/2434/243400440010.001/swg.fits[1]
scw/2434/243400450010.001/swg.fits[1]
scw/2434/243400460010.001/swg.fits[1]
scw/2434/243400470010.001/swg.fits[1]
scw/2434/243400480010.001/swg.fits[1]
scw/2437/243700340010.001/swg.fits[1]
scw/2437/243700730010.001/swg.fits[1]
scw/2437/243700770010.001/swg.fits[1]
scw/2437/243700780010.001/swg.fits[1]
scw/2437/243700790010.001/swg.fits[1]
scw/2444/244400330010.001/swg.fits[1]
scw/2444/244400350010.001/swg.fits[1]
scw/2444/244400360010.001/swg.fits[1]
scw/2444/244400430010.001/swg.fits[1]
scw/2444/244400440010.001/swg.fits[1]
scw/2449/244900620010.001/swg.fits[1]
scw/2449/244900630010.001/swg.fits[1]
scw/2449/244900690010.001/swg.fits[1]
scw/2449/244900700010.001/swg.fits[1]
scw/2449/244900710010.001/swg.fits[1]
scw/2449/244900720010.001/swg.fits[1]
scw/2453/245300340010.001/swg.fits[1]
scw/2453/245300360010.001/swg.fits[1]
scw/2454/245400650010.001/swg.fits[1]
scw/2454/245400660010.001/swg.fits[1]
scw/2454/245400710010.001/swg.fits[1]
scw/2454/245400720010.001/swg.fits[1]
scw/2455/245500350010.001/swg.fits[1]
scw/2455/245500360010.001/swg.fits[1]
scw/2455/245500430010.001/swg.fits[1]
scw/2455/245500440010.001/swg.fits[1]
