scw/0515/051500580010.001/swg.fits[1]
scw/0515/051500590010.001/swg.fits[1]
scw/0516/051600560010.001/swg.fits[1]
scw/0516/051600570010.001/swg.fits[1]
scw/0574/057400630010.001/swg.fits[1]
scw/0574/057400640010.001/swg.fits[1]
scw/0576/057600890010.001/swg.fits[1]
scw/0576/057600900010.001/swg.fits[1]
scw/0578/057800950010.001/swg.fits[1]
scw/0578/057800960010.001/swg.fits[1]
scw/0580/058000780010.001/swg.fits[1]
scw/0580/058000790010.001/swg.fits[1]
scw/0580/058000910010.001/swg.fits[1]
scw/0580/058000920010.001/swg.fits[1]
scw/0581/058100560010.001/swg.fits[1]
scw/0581/058100570010.001/swg.fits[1]
scw/0581/058100740010.001/swg.fits[1]
scw/0581/058100750010.001/swg.fits[1]
scw/0581/058100880010.001/swg.fits[1]
scw/0581/058100900010.001/swg.fits[1]
scw/0582/058200610010.001/swg.fits[1]
scw/0582/058200620010.001/swg.fits[1]
scw/0583/058300820010.001/swg.fits[1]
scw/0583/058300830010.001/swg.fits[1]
scw/0584/058400720010.001/swg.fits[1]
scw/0587/058700890010.001/swg.fits[1]
scw/0587/058700900010.001/swg.fits[1]
scw/0651/065100830010.001/swg.fits[1]
scw/0651/065100840010.001/swg.fits[1]
scw/0651/065100850010.001/swg.fits[1]
scw/0702/070200650010.001/swg.fits[1]
scw/0702/070200660010.001/swg.fits[1]
scw/0702/070200830010.001/swg.fits[1]
scw/0702/070200840010.001/swg.fits[1]
scw/0704/070400640010.001/swg.fits[1]
