scw/0043/004300480010.001/swg.fits[1]
scw/0043/004300490010.001/swg.fits[1]
scw/0043/004300500010.001/swg.fits[1]
scw/0043/004300570010.001/swg.fits[1]
scw/0043/004300580010.001/swg.fits[1]
scw/0043/004300590010.001/swg.fits[1]
scw/0043/004300660010.001/swg.fits[1]
scw/0043/004300670010.001/swg.fits[1]
scw/0043/004300680010.001/swg.fits[1]
scw/0044/004400160010.001/swg.fits[1]
scw/0044/004400170010.001/swg.fits[1]
scw/0044/004400180010.001/swg.fits[1]
scw/0044/004400250010.001/swg.fits[1]
scw/0044/004400260010.001/swg.fits[1]
scw/0044/004400270010.001/swg.fits[1]
scw/0044/004400340010.001/swg.fits[1]
scw/0044/004400350010.001/swg.fits[1]
scw/0044/004400360010.001/swg.fits[1]
scw/0044/004400660010.001/swg.fits[1]
scw/0044/004400670010.001/swg.fits[1]
scw/0044/004400750010.001/swg.fits[1]
scw/0044/004400920010.001/swg.fits[1]
scw/0045/004500050010.001/swg.fits[1]
scw/0045/004500060010.001/swg.fits[1]
scw/0102/010200090010.001/swg.fits[1]
scw/0102/010200100010.001/swg.fits[1]
scw/0102/010200170010.001/swg.fits[1]
scw/0102/010200180010.001/swg.fits[1]
scw/0102/010200190010.001/swg.fits[1]
scw/0170/017000870010.001/swg.fits[1]
scw/0170/017000880010.001/swg.fits[1]
scw/0170/017000890010.001/swg.fits[1]
scw/0170/017000900010.001/swg.fits[1]
scw/0170/017000910010.001/swg.fits[1]
scw/0170/017000960010.001/swg.fits[1]
scw/0239/023900770010.001/swg.fits[1]
scw/0239/023900800010.001/swg.fits[1]
scw/0239/023900890010.001/swg.fits[1]
scw/0239/023900900010.001/swg.fits[1]
scw/0239/023900910010.001/swg.fits[1]
scw/0239/023900920010.001/swg.fits[1]
scw/0300/030000070010.001/swg.fits[1]
scw/0300/030000080010.001/swg.fits[1]
scw/0300/030000090010.001/swg.fits[1]
scw/0300/030000100010.001/swg.fits[1]
scw/0365/036501010010.001/swg.fits[1]
scw/0365/036501020010.001/swg.fits[1]
scw/0365/036501030010.001/swg.fits[1]
scw/0365/036501040010.001/swg.fits[1]
scw/0365/036501040020.001/swg.fits[1]
scw/0422/042200050010.001/swg.fits[1]
scw/0422/042200060010.001/swg.fits[1]
scw/0422/042200070010.001/swg.fits[1]
scw/0422/042200080010.001/swg.fits[1]
scw/0422/042200420010.001/swg.fits[1]
scw/0422/042200430010.001/swg.fits[1]
scw/0422/042200440010.001/swg.fits[1]
scw/0422/042200450010.001/swg.fits[1]
scw/0483/048300500010.001/swg.fits[1]
scw/0483/048300550010.001/swg.fits[1]
scw/0483/048300560010.001/swg.fits[1]
scw/0483/048300670010.001/swg.fits[1]
scw/0541/054100050010.001/swg.fits[1]
scw/0541/054100060010.001/swg.fits[1]
scw/0541/054100070010.001/swg.fits[1]
scw/0541/054100080010.001/swg.fits[1]
scw/0541/054100150010.001/swg.fits[1]
scw/0541/054100450010.001/swg.fits[1]
scw/0541/054100460010.001/swg.fits[1]
scw/0541/054100470010.001/swg.fits[1]
scw/0541/054100480010.001/swg.fits[1]
scw/0541/054100490010.001/swg.fits[1]
scw/0605/060500220010.001/swg.fits[1]
scw/0605/060500230010.001/swg.fits[1]
scw/0605/060500240010.001/swg.fits[1]
scw/0605/060500250010.001/swg.fits[1]
scw/0605/060500310010.001/swg.fits[1]
scw/0605/060500320010.001/swg.fits[1]
scw/0605/060500330010.001/swg.fits[1]
scw/0605/060500340010.001/swg.fits[1]
scw/0605/060500350010.001/swg.fits[1]
scw/0665/066500150010.001/swg.fits[1]
scw/0665/066500450010.001/swg.fits[1]
scw/0665/066500460010.001/swg.fits[1]
scw/0665/066500470010.001/swg.fits[1]
scw/0665/066500480010.001/swg.fits[1]
scw/0665/066500490010.001/swg.fits[1]
scw/0665/066500560010.001/swg.fits[1]
scw/0665/066500570010.001/swg.fits[1]
scw/0665/066500580010.001/swg.fits[1]
scw/0665/066500650010.001/swg.fits[1]
scw/0665/066500660010.001/swg.fits[1]
scw/0665/066500880010.001/swg.fits[1]
scw/0665/066500950010.001/swg.fits[1]
scw/0665/066500960010.001/swg.fits[1]
scw/0665/066500970010.001/swg.fits[1]
scw/0665/066500980010.001/swg.fits[1]
scw/0666/066600050010.001/swg.fits[1]
scw/0666/066600060010.001/swg.fits[1]
scw/0666/066600070010.001/swg.fits[1]
scw/0666/066600080010.001/swg.fits[1]
scw/0666/066600150010.001/swg.fits[1]
scw/0666/066600460010.001/swg.fits[1]
scw/0666/066600470010.001/swg.fits[1]
scw/0666/066600480010.001/swg.fits[1]
scw/0666/066600490010.001/swg.fits[1]
scw/0666/066600500010.001/swg.fits[1]
scw/0666/066600570010.001/swg.fits[1]
scw/0666/066600580010.001/swg.fits[1]
scw/0666/066600590010.001/swg.fits[1]
scw/0666/066600660010.001/swg.fits[1]
scw/0666/066600670010.001/swg.fits[1]
scw/0666/066600890010.001/swg.fits[1]
scw/0666/066600960010.001/swg.fits[1]
scw/0666/066600970010.001/swg.fits[1]
scw/0666/066600980010.001/swg.fits[1]
scw/0666/066600990010.001/swg.fits[1]
scw/0727/072700200010.001/swg.fits[1]
scw/0727/072700210010.001/swg.fits[1]
scw/0727/072700220010.001/swg.fits[1]
scw/0727/072700230010.001/swg.fits[1]
scw/0727/072700290010.001/swg.fits[1]
scw/0727/072700300010.001/swg.fits[1]
scw/0727/072700310010.001/swg.fits[1]
scw/0727/072700320010.001/swg.fits[1]
scw/0727/072700330010.001/swg.fits[1]
scw/0727/072700630010.001/swg.fits[1]
scw/0727/072700700010.001/swg.fits[1]
scw/0727/072700710010.001/swg.fits[1]
scw/0727/072700720010.001/swg.fits[1]
scw/0727/072700730010.001/swg.fits[1]
scw/0727/072700800010.001/swg.fits[1]
scw/0727/072700810010.001/swg.fits[1]
scw/0727/072700820010.001/swg.fits[1]
scw/0727/072700830010.001/swg.fits[1]
scw/0727/072700900010.001/swg.fits[1]
scw/0728/072800190010.001/swg.fits[1]
scw/0728/072800200010.001/swg.fits[1]
scw/0728/072800210010.001/swg.fits[1]
scw/0728/072800220010.001/swg.fits[1]
scw/0728/072800230010.001/swg.fits[1]
scw/0728/072800280010.001/swg.fits[1]
scw/0728/072800290010.001/swg.fits[1]
scw/0728/072800300010.001/swg.fits[1]
scw/0728/072800310010.001/swg.fits[1]
scw/0728/072800320010.001/swg.fits[1]
scw/0728/072800620010.001/swg.fits[1]
scw/0728/072800690010.001/swg.fits[1]
scw/0728/072800700010.001/swg.fits[1]
scw/0728/072800710010.001/swg.fits[1]
scw/0728/072800720010.001/swg.fits[1]
scw/0728/072800820010.001/swg.fits[1]
scw/0728/072800830010.001/swg.fits[1]
scw/0728/072800840010.001/swg.fits[1]
scw/0728/072800850010.001/swg.fits[1]
scw/0728/072800920010.001/swg.fits[1]
scw/0774/077400050010.001/swg.fits[1]
scw/0774/077400060010.001/swg.fits[1]
scw/0774/077400070010.001/swg.fits[1]
scw/0774/077400080010.001/swg.fits[1]
scw/0774/077400150010.001/swg.fits[1]
scw/0774/077400280010.001/swg.fits[1]
scw/0774/077400540010.001/swg.fits[1]
scw/0834/083400100010.001/swg.fits[1]
scw/0835/083500200010.001/swg.fits[1]
scw/0836/083600100010.001/swg.fits[1]
scw/0839/083900200010.001/swg.fits[1]
scw/0839/083900210010.001/swg.fits[1]
scw/0839/083900220010.001/swg.fits[1]
scw/0839/083900230010.001/swg.fits[1]
scw/0839/083900290010.001/swg.fits[1]
scw/0839/083900300010.001/swg.fits[1]
scw/0839/083900310010.001/swg.fits[1]
scw/0839/083900320010.001/swg.fits[1]
scw/0839/083900660010.001/swg.fits[1]
scw/0839/083900670010.001/swg.fits[1]
scw/0839/083900680010.001/swg.fits[1]
scw/0839/083900690010.001/swg.fits[1]
scw/0839/083900700010.001/swg.fits[1]
scw/0839/083900710010.001/swg.fits[1]
scw/0839/083900720010.001/swg.fits[1]
scw/0839/083900730010.001/swg.fits[1]
scw/0839/083900910010.001/swg.fits[1]
scw/0839/083900920010.001/swg.fits[1]
scw/0839/083900930010.001/swg.fits[1]
scw/0839/083900940010.001/swg.fits[1]
scw/0839/083901000010.001/swg.fits[1]
scw/0839/083901010010.001/swg.fits[1]
scw/0839/083901020010.001/swg.fits[1]
scw/0839/083901030010.001/swg.fits[1]
scw/0839/083901100010.001/swg.fits[1]
scw/0902/090200060010.001/swg.fits[1]
scw/0902/090200070010.001/swg.fits[1]
scw/0902/090200080010.001/swg.fits[1]
scw/0902/090200090010.001/swg.fits[1]
scw/0902/090200100010.001/swg.fits[1]
scw/0902/090200470010.001/swg.fits[1]
scw/0902/090200480010.001/swg.fits[1]
scw/0902/090200490010.001/swg.fits[1]
scw/0902/090200500010.001/swg.fits[1]
scw/0912/091200650010.001/swg.fits[1]
scw/0966/096600780010.001/swg.fits[1]
scw/0966/096600790010.001/swg.fits[1]
scw/0966/096600800010.001/swg.fits[1]
scw/0966/096600810010.001/swg.fits[1]
scw/0966/096600820010.001/swg.fits[1]
