scw/0130/013000380010.001/swg.fits[1]
scw/0130/013000390010.001/swg.fits[1]
scw/0130/013000410010.001/swg.fits[1]
scw/0130/013000560010.001/swg.fits[1]
scw/0130/013000560020.001/swg.fits[1]
scw/0130/013000560030.001/swg.fits[1]
scw/0130/013000560040.001/swg.fits[1]
scw/0130/013000560050.001/swg.fits[1]
scw/0130/013000560060.001/swg.fits[1]
scw/0130/013000560070.001/swg.fits[1]
scw/0130/013000560080.001/swg.fits[1]
scw/0130/013000560090.001/swg.fits[1]
scw/0130/013000560100.001/swg.fits[1]
scw/0130/013000560110.001/swg.fits[1]
scw/0130/013000560120.001/swg.fits[1]
scw/0130/013000560130.001/swg.fits[1]
scw/0130/013000560140.001/swg.fits[1]
scw/2364/236400200010.001/swg.fits[1]
scw/2364/236400260010.001/swg.fits[1]
scw/2364/236400270010.001/swg.fits[1]
scw/2364/236400290010.001/swg.fits[1]
scw/2364/236400300010.001/swg.fits[1]
scw/2364/236400310010.001/swg.fits[1]
scw/2366/236600100010.001/swg.fits[1]
scw/2368/236800450010.001/swg.fits[1]
scw/2370/237000370010.001/swg.fits[1]
scw/2370/237000380010.001/swg.fits[1]
scw/2372/237200330010.001/swg.fits[1]
scw/2372/237200390010.001/swg.fits[1]
scw/2372/237200400010.001/swg.fits[1]
scw/2372/237200510010.001/swg.fits[1]
