scw/1276/127600780010.001/swg.fits[1]
scw/1280/128000050010.001/swg.fits[1]
scw/1280/128000060010.001/swg.fits[1]
scw/1280/128000070010.001/swg.fits[1]
scw/1280/128000310010.001/swg.fits[1]
scw/1280/128000320010.001/swg.fits[1]
scw/1280/128000330010.001/swg.fits[1]
scw/1280/128000400010.001/swg.fits[1]
scw/1280/128000410010.001/swg.fits[1]
scw/1280/128000420010.001/swg.fits[1]
scw/1280/128000660010.001/swg.fits[1]
scw/1280/128000670010.001/swg.fits[1]
scw/1280/128000680010.001/swg.fits[1]
scw/1333/133300070010.001/swg.fits[1]
scw/1333/133300080010.001/swg.fits[1]
scw/1333/133300340010.001/swg.fits[1]
scw/1333/133300350010.001/swg.fits[1]
scw/1334/133400170010.001/swg.fits[1]
scw/1334/133400180010.001/swg.fits[1]
scw/1334/133400240010.001/swg.fits[1]
scw/1334/133400250010.001/swg.fits[1]
scw/1334/133400520010.001/swg.fits[1]
scw/1334/133400530010.001/swg.fits[1]
scw/1334/133400590010.001/swg.fits[1]
scw/1334/133400600010.001/swg.fits[1]
scw/1335/133500410010.001/swg.fits[1]
scw/1335/133500420010.001/swg.fits[1]
scw/1335/133500680010.001/swg.fits[1]
scw/1335/133500690010.001/swg.fits[1]
scw/1335/133500760010.001/swg.fits[1]
scw/1335/133500770010.001/swg.fits[1]
scw/1335/133501030010.001/swg.fits[1]
scw/1335/133501040010.001/swg.fits[1]
scw/1336/133600150010.001/swg.fits[1]
scw/1336/133600160010.001/swg.fits[1]
scw/1336/133600420010.001/swg.fits[1]
scw/1336/133600430010.001/swg.fits[1]
scw/1336/133600500010.001/swg.fits[1]
scw/1336/133600510010.001/swg.fits[1]
scw/1336/133600770010.001/swg.fits[1]
scw/1336/133600780010.001/swg.fits[1]
scw/1337/133700470010.001/swg.fits[1]
scw/1337/133700480010.001/swg.fits[1]
scw/1337/133700540010.001/swg.fits[1]
scw/1337/133700550010.001/swg.fits[1]
scw/1337/133700820010.001/swg.fits[1]
scw/1337/133700830010.001/swg.fits[1]
scw/1337/133700890010.001/swg.fits[1]
scw/1337/133700900010.001/swg.fits[1]
scw/1340/134000070010.001/swg.fits[1]
scw/1340/134000080010.001/swg.fits[1]
scw/1340/134000340010.001/swg.fits[1]
scw/1340/134000350010.001/swg.fits[1]
scw/1341/134100070010.001/swg.fits[1]
scw/1341/134100080010.001/swg.fits[1]
scw/1341/134100340010.001/swg.fits[1]
scw/1341/134100350010.001/swg.fits[1]
scw/1343/134300560010.001/swg.fits[1]
scw/1343/134300570010.001/swg.fits[1]
scw/1343/134300630010.001/swg.fits[1]
scw/1343/134300640010.001/swg.fits[1]
scw/1343/134300910010.001/swg.fits[1]
scw/1343/134300920010.001/swg.fits[1]
scw/1343/134300980010.001/swg.fits[1]
scw/1343/134300990010.001/swg.fits[1]
scw/1344/134400730010.001/swg.fits[1]
scw/1344/134400740010.001/swg.fits[1]
scw/1344/134401000010.001/swg.fits[1]
scw/1345/134500130010.001/swg.fits[1]
scw/1345/134500140010.001/swg.fits[1]
scw/1345/134500400010.001/swg.fits[1]
scw/1345/134500410010.001/swg.fits[1]
scw/1345/134500480010.001/swg.fits[1]
scw/1345/134500490010.001/swg.fits[1]
scw/1345/134500750010.001/swg.fits[1]
scw/1345/134500760010.001/swg.fits[1]
scw/1346/134600210010.001/swg.fits[1]
scw/1346/134600220010.001/swg.fits[1]
scw/1346/134600480010.001/swg.fits[1]
scw/1346/134600490010.001/swg.fits[1]
scw/1464/146400070010.001/swg.fits[1]
scw/1464/146400080010.001/swg.fits[1]
scw/1464/146400340010.001/swg.fits[1]
scw/1464/146400350010.001/swg.fits[1]
scw/1464/146400420010.001/swg.fits[1]
scw/1464/146400430010.001/swg.fits[1]
scw/1464/146400690010.001/swg.fits[1]
scw/1464/146400700010.001/swg.fits[1]
scw/1468/146800810010.001/swg.fits[1]
scw/1468/146800820010.001/swg.fits[1]
scw/1468/146801090010.001/swg.fits[1]
scw/1468/146801100010.001/swg.fits[1]
scw/1469/146900050010.001/swg.fits[1]
scw/1469/146900060010.001/swg.fits[1]
scw/1469/146900320010.001/swg.fits[1]
scw/1469/146900330010.001/swg.fits[1]
scw/1517/151700150010.001/swg.fits[1]
scw/1517/151700160010.001/swg.fits[1]
scw/1517/151700170010.001/swg.fits[1]
scw/1517/151700420010.001/swg.fits[1]
scw/1517/151700430010.001/swg.fits[1]
scw/1517/151700450010.001/swg.fits[1]
scw/1519/151900050010.001/swg.fits[1]
scw/1519/151900060010.001/swg.fits[1]
scw/1519/151900070010.001/swg.fits[1]
scw/1519/151900320010.001/swg.fits[1]
scw/1519/151900330010.001/swg.fits[1]
scw/1519/151900340010.001/swg.fits[1]
scw/1521/152100050010.001/swg.fits[1]
scw/1521/152100060010.001/swg.fits[1]
scw/1521/152100070010.001/swg.fits[1]
scw/1521/152100310010.001/swg.fits[1]
scw/1521/152100320010.001/swg.fits[1]
scw/1521/152100330010.001/swg.fits[1]
scw/1522/152200050010.001/swg.fits[1]
scw/1522/152200060010.001/swg.fits[1]
scw/1522/152200070010.001/swg.fits[1]
scw/1522/152200310010.001/swg.fits[1]
scw/1522/152200320010.001/swg.fits[1]
scw/1522/152200330010.001/swg.fits[1]
scw/1522/152200400010.001/swg.fits[1]
scw/1522/152200410010.001/swg.fits[1]
scw/1522/152200420010.001/swg.fits[1]
scw/1522/152200670010.001/swg.fits[1]
scw/1522/152200680010.001/swg.fits[1]
scw/1522/152200690010.001/swg.fits[1]
scw/1525/152500050010.001/swg.fits[1]
scw/1525/152500060010.001/swg.fits[1]
scw/1525/152500070010.001/swg.fits[1]
scw/1525/152500310010.001/swg.fits[1]
scw/1525/152500320010.001/swg.fits[1]
scw/1525/152500330010.001/swg.fits[1]
scw/1526/152600240010.001/swg.fits[1]
scw/1526/152600250010.001/swg.fits[1]
scw/1526/152600260010.001/swg.fits[1]
scw/1526/152600510010.001/swg.fits[1]
scw/1526/152600520010.001/swg.fits[1]
scw/1526/152600530010.001/swg.fits[1]
scw/1526/152600600010.001/swg.fits[1]
scw/1526/152600610010.001/swg.fits[1]
scw/1526/152600620010.001/swg.fits[1]
scw/1526/152600870010.001/swg.fits[1]
scw/1526/152600880010.001/swg.fits[1]
scw/1526/152600890010.001/swg.fits[1]
scw/1527/152700040010.001/swg.fits[1]
scw/1527/152700050010.001/swg.fits[1]
scw/1527/152700060010.001/swg.fits[1]
scw/1527/152700310010.001/swg.fits[1]
scw/1527/152700320010.001/swg.fits[1]
scw/1527/152700330010.001/swg.fits[1]
scw/1529/152900450010.001/swg.fits[1]
scw/1529/152900470010.001/swg.fits[1]
scw/1529/152900480010.001/swg.fits[1]
scw/1529/152900730010.001/swg.fits[1]
scw/1529/152900740010.001/swg.fits[1]
scw/1529/152900750010.001/swg.fits[1]
scw/1530/153000150010.001/swg.fits[1]
scw/1530/153000160010.001/swg.fits[1]
scw/1530/153000170010.001/swg.fits[1]
scw/1530/153000410010.001/swg.fits[1]
scw/1530/153000420010.001/swg.fits[1]
scw/1530/153000430010.001/swg.fits[1]
scw/1530/153000500010.001/swg.fits[1]
scw/1530/153000510010.001/swg.fits[1]
scw/1530/153000520010.001/swg.fits[1]
scw/1530/153000760010.001/swg.fits[1]
scw/1530/153000770010.001/swg.fits[1]
scw/1530/153000790010.001/swg.fits[1]
scw/1532/153200210010.001/swg.fits[1]
scw/1532/153200220010.001/swg.fits[1]
scw/1532/153200230010.001/swg.fits[1]
scw/1532/153200470010.001/swg.fits[1]
scw/1532/153200480010.001/swg.fits[1]
scw/1532/153200490010.001/swg.fits[1]
scw/1532/153200560010.001/swg.fits[1]
scw/1532/153200570010.001/swg.fits[1]
scw/1532/153200580010.001/swg.fits[1]
scw/1532/153200830010.001/swg.fits[1]
scw/1532/153200840010.001/swg.fits[1]
scw/1532/153200850010.001/swg.fits[1]
scw/1533/153300040010.001/swg.fits[1]
scw/1533/153300050010.001/swg.fits[1]
scw/1533/153300060010.001/swg.fits[1]
scw/1533/153300300010.001/swg.fits[1]
scw/1533/153300310010.001/swg.fits[1]
scw/1533/153300320010.001/swg.fits[1]
scw/1592/159200200010.001/swg.fits[1]
scw/1592/159200210010.001/swg.fits[1]
scw/1592/159200480010.001/swg.fits[1]
scw/1592/159200500010.001/swg.fits[1]
scw/1592/159200550010.001/swg.fits[1]
scw/1592/159200560010.001/swg.fits[1]
scw/1592/159200830010.001/swg.fits[1]
scw/1592/159200840010.001/swg.fits[1]
scw/1594/159400050010.001/swg.fits[1]
scw/1594/159400060010.001/swg.fits[1]
scw/1594/159400320010.001/swg.fits[1]
scw/1594/159400330010.001/swg.fits[1]
scw/1595/159500210010.001/swg.fits[1]
scw/1595/159500220010.001/swg.fits[1]
scw/1595/159500500010.001/swg.fits[1]
scw/1595/159500510010.001/swg.fits[1]
scw/1597/159700510010.001/swg.fits[1]
scw/1597/159700530010.001/swg.fits[1]
scw/1597/159700790010.001/swg.fits[1]
scw/1597/159700800010.001/swg.fits[1]
