scw/0320/032000650010.001/swg.fits[1]
scw/0321/032100890010.001/swg.fits[1]
scw/0443/044300500010.001/swg.fits[1]
scw/0445/044500250010.001/swg.fits[1]
scw/0445/044500260010.001/swg.fits[1]
scw/0747/074700460010.001/swg.fits[1]
scw/0747/074700470010.001/swg.fits[1]
scw/0747/074700480010.001/swg.fits[1]
scw/0747/074700590010.001/swg.fits[1]
scw/0747/074700600010.001/swg.fits[1]
scw/0749/074900260010.001/swg.fits[1]
scw/0750/075000610010.001/swg.fits[1]
scw/0752/075200360010.001/swg.fits[1]
scw/0752/075200480010.001/swg.fits[1]
scw/0752/075200490010.001/swg.fits[1]
scw/0754/075400540010.001/swg.fits[1]
scw/0754/075400550010.001/swg.fits[1]
scw/0758/075800260010.001/swg.fits[1]
scw/0758/075800270010.001/swg.fits[1]
scw/0758/075800640010.001/swg.fits[1]
scw/0758/075800650010.001/swg.fits[1]
scw/0759/075900080010.001/swg.fits[1]
scw/0813/081300430010.001/swg.fits[1]
scw/0813/081300550010.001/swg.fits[1]
scw/0815/081500370010.001/swg.fits[1]
scw/0815/081500490010.001/swg.fits[1]
scw/0816/081600500010.001/swg.fits[1]
scw/0818/081800540010.001/swg.fits[1]
scw/0819/081900270010.001/swg.fits[1]
scw/0819/081900480010.001/swg.fits[1]
scw/0820/082000170010.001/swg.fits[1]
scw/0820/082000370010.001/swg.fits[1]
scw/1492/149200210010.001/swg.fits[1]
scw/1492/149200300010.001/swg.fits[1]
scw/1493/149300110010.001/swg.fits[1]
scw/1493/149300120010.001/swg.fits[1]
scw/1493/149300190010.001/swg.fits[1]
scw/1494/149400100010.001/swg.fits[1]
scw/1495/149500020010.001/swg.fits[1]
scw/1544/154400590010.001/swg.fits[1]
scw/1546/154600270010.001/swg.fits[1]
scw/1546/154600370010.001/swg.fits[1]
scw/1548/154800310010.001/swg.fits[1]
scw/1548/154800400010.001/swg.fits[1]
scw/1549/154900320010.001/swg.fits[1]
scw/1549/154900410010.001/swg.fits[1]
scw/1550/155000390010.001/swg.fits[1]
scw/1551/155100350010.001/swg.fits[1]
scw/1682/168200060010.001/swg.fits[1]
scw/1682/168200480010.001/swg.fits[1]
scw/1683/168300430010.001/swg.fits[1]
scw/1683/168300530010.001/swg.fits[1]
scw/1687/168700380010.001/swg.fits[1]
scw/1687/168700470010.001/swg.fits[1]
scw/1753/175300150010.001/swg.fits[1]
scw/1753/175300240010.001/swg.fits[1]
scw/1754/175400120010.001/swg.fits[1]
scw/1756/175600100010.001/swg.fits[1]
scw/1756/175600110010.001/swg.fits[1]
scw/1756/175600170010.001/swg.fits[1]
scw/1756/175600180010.001/swg.fits[1]
scw/1757/175700180010.001/swg.fits[1]
scw/1758/175800080010.001/swg.fits[1]
