scw/1577/157700300010.001/swg.fits[1]
scw/1577/157700390010.001/swg.fits[1]
scw/1581/158100290010.001/swg.fits[1]
scw/1581/158100380010.001/swg.fits[1]
scw/1581/158100390010.001/swg.fits[1]
scw/1581/158100480010.001/swg.fits[1]
scw/1584/158400420010.001/swg.fits[1]
scw/1584/158400510010.001/swg.fits[1]
scw/1648/164800450010.001/swg.fits[1]
scw/1648/164800460010.001/swg.fits[1]
scw/1648/164800550010.001/swg.fits[1]
scw/1664/166400410010.001/swg.fits[1]
scw/1781/178100340010.001/swg.fits[1]
scw/1781/178100350010.001/swg.fits[1]
scw/1781/178100360010.001/swg.fits[1]
scw/1781/178100440010.001/swg.fits[1]
scw/1781/178100650010.001/swg.fits[1]
scw/1781/178100660010.001/swg.fits[1]
scw/1781/178100660020.001/swg.fits[1]
scw/1794/179400360010.001/swg.fits[1]
scw/1794/179400370010.001/swg.fits[1]
scw/1794/179400380010.001/swg.fits[1]
scw/1794/179400390010.001/swg.fits[1]
scw/1794/179400470010.001/swg.fits[1]
scw/1794/179400480010.001/swg.fits[1]
scw/1794/179400490010.001/swg.fits[1]
scw/1794/179400560010.001/swg.fits[1]
scw/1794/179400570010.001/swg.fits[1]
scw/1801/180100330010.001/swg.fits[1]
scw/1801/180100400010.001/swg.fits[1]
scw/1801/180100410010.001/swg.fits[1]
scw/1801/180100420010.001/swg.fits[1]
scw/1801/180100430010.001/swg.fits[1]
scw/1801/180100500010.001/swg.fits[1]
scw/1801/180100510010.001/swg.fits[1]
scw/1801/180100520010.001/swg.fits[1]
scw/1921/192100340010.001/swg.fits[1]
scw/1921/192100630010.001/swg.fits[1]
scw/1921/192100640010.001/swg.fits[1]
scw/1921/192100650010.001/swg.fits[1]
scw/1921/192100660010.001/swg.fits[1]
scw/1925/192500340010.001/swg.fits[1]
scw/1925/192500350010.001/swg.fits[1]
scw/1925/192500360010.001/swg.fits[1]
scw/1930/193000450010.001/swg.fits[1]
scw/1930/193000540010.001/swg.fits[1]
scw/1930/193000550010.001/swg.fits[1]
scw/1930/193000630010.001/swg.fits[1]
scw/1930/193000640010.001/swg.fits[1]
scw/1930/193000650010.001/swg.fits[1]
scw/1930/193000660010.001/swg.fits[1]
scw/1991/199100120010.001/swg.fits[1]
scw/1991/199100200010.001/swg.fits[1]
scw/1991/199100210010.001/swg.fits[1]
scw/1991/199100220010.001/swg.fits[1]
scw/1991/199100230010.001/swg.fits[1]
scw/1996/199600330010.001/swg.fits[1]
scw/1996/199600340010.001/swg.fits[1]
scw/1996/199600350010.001/swg.fits[1]
scw/1996/199600360010.001/swg.fits[1]
scw/1996/199600650010.001/swg.fits[1]
scw/2070/207000330010.001/swg.fits[1]
scw/2070/207000340010.001/swg.fits[1]
scw/2070/207000550010.001/swg.fits[1]
scw/2070/207000560010.001/swg.fits[1]
scw/2070/207000630010.001/swg.fits[1]
scw/2070/207000640010.001/swg.fits[1]
scw/2070/207000650010.001/swg.fits[1]
scw/2070/207000660010.001/swg.fits[1]
scw/2078/207800360010.001/swg.fits[1]
scw/2078/207800370010.001/swg.fits[1]
scw/2078/207800380010.001/swg.fits[1]
scw/2126/212600320010.001/swg.fits[1]
scw/2126/212600330010.001/swg.fits[1]
scw/2126/212600430010.001/swg.fits[1]
scw/2126/212600440010.001/swg.fits[1]
scw/2126/212600510010.001/swg.fits[1]
scw/2126/212600520010.001/swg.fits[1]
scw/2127/212700110010.001/swg.fits[1]
scw/2127/212700290010.001/swg.fits[1]
scw/2127/212700300010.001/swg.fits[1]
scw/2127/212700310010.001/swg.fits[1]
scw/2127/212700320010.001/swg.fits[1]
scw/2136/213600090010.001/swg.fits[1]
scw/2136/213600100010.001/swg.fits[1]
scw/2136/213600110010.001/swg.fits[1]
scw/2136/213600120010.001/swg.fits[1]
scw/2136/213600190010.001/swg.fits[1]
scw/2136/213600200010.001/swg.fits[1]
scw/2136/213600210010.001/swg.fits[1]
scw/2136/213600220010.001/swg.fits[1]
scw/2136/213600510010.001/swg.fits[1]
scw/2136/213600520010.001/swg.fits[1]
scw/2137/213700360010.001/swg.fits[1]
scw/2137/213700370010.001/swg.fits[1]
scw/2137/213700380010.001/swg.fits[1]
scw/2137/213700460010.001/swg.fits[1]
scw/2137/213700470010.001/swg.fits[1]
scw/2137/213700480010.001/swg.fits[1]
scw/2137/213700490010.001/swg.fits[1]
scw/2137/213700560010.001/swg.fits[1]
scw/2194/219400840010.001/swg.fits[1]
scw/2194/219400850010.001/swg.fits[1]
scw/2195/219500100010.001/swg.fits[1]
scw/2195/219500580010.001/swg.fits[1]
scw/2195/219500590010.001/swg.fits[1]
scw/2195/219500660010.001/swg.fits[1]
scw/2195/219500670010.001/swg.fits[1]
scw/2217/221700570010.001/swg.fits[1]
scw/2217/221700580010.001/swg.fits[1]
scw/2217/221700650010.001/swg.fits[1]
scw/2217/221700660010.001/swg.fits[1]
scw/2287/228700240010.001/swg.fits[1]
scw/2287/228700250010.001/swg.fits[1]
scw/2287/228700260010.001/swg.fits[1]
scw/2287/228700330010.001/swg.fits[1]
scw/2287/228700340010.001/swg.fits[1]
scw/2287/228700350010.001/swg.fits[1]
scw/2287/228700360010.001/swg.fits[1]
scw/2287/228700370010.001/swg.fits[1]
scw/2330/233000030010.001/swg.fits[1]
scw/2330/233000040010.001/swg.fits[1]
scw/2330/233000110010.001/swg.fits[1]
scw/2330/233000120010.001/swg.fits[1]
scw/2331/233100530010.001/swg.fits[1]
scw/2331/233100540010.001/swg.fits[1]
scw/2333/233300480010.001/swg.fits[1]
scw/2333/233300490010.001/swg.fits[1]
scw/2333/233300590010.001/swg.fits[1]
scw/2333/233300600010.001/swg.fits[1]
scw/2335/233500300010.001/swg.fits[1]
scw/2335/233500510010.001/swg.fits[1]
scw/2335/233500520010.001/swg.fits[1]
scw/2335/233500590010.001/swg.fits[1]
scw/2335/233500600010.001/swg.fits[1]
scw/2336/233600530010.001/swg.fits[1]
scw/2418/241800020010.001/swg.fits[1]
scw/2423/242300110010.001/swg.fits[1]
scw/2423/242300120010.001/swg.fits[1]
scw/2423/242300130010.001/swg.fits[1]
scw/2423/242300140010.001/swg.fits[1]
scw/2423/242300210010.001/swg.fits[1]
scw/2423/242300220010.001/swg.fits[1]
scw/2423/242300230010.001/swg.fits[1]
scw/2423/242300240010.001/swg.fits[1]
scw/2424/242400470010.001/swg.fits[1]
scw/2467/246700210010.001/swg.fits[1]
scw/2467/246700220010.001/swg.fits[1]
scw/2470/247000060010.001/swg.fits[1]
scw/2470/247000070010.001/swg.fits[1]
scw/2470/247000180010.001/swg.fits[1]
