scw/0320/032000640010.001/swg.fits[1]
scw/0320/032000870010.001/swg.fits[1]
scw/0321/032100880010.001/swg.fits[1]
scw/0334/033400370010.001/swg.fits[1]
scw/0443/044300490010.001/swg.fits[1]
scw/0445/044500230010.001/swg.fits[1]
scw/0445/044500240010.001/swg.fits[1]
scw/0747/074700380010.001/swg.fits[1]
scw/0747/074700390010.001/swg.fits[1]
scw/0748/074800310010.001/swg.fits[1]
scw/0748/074800320010.001/swg.fits[1]
scw/0748/074800330010.001/swg.fits[1]
scw/0751/075100390010.001/swg.fits[1]
scw/0752/075200290010.001/swg.fits[1]
scw/0753/075300320010.001/swg.fits[1]
scw/0753/075300330010.001/swg.fits[1]
scw/0753/075300340010.001/swg.fits[1]
scw/0753/075300550010.001/swg.fits[1]
scw/0753/075300560010.001/swg.fits[1]
scw/0758/075800340010.001/swg.fits[1]
scw/0758/075800350010.001/swg.fits[1]
scw/0758/075800560010.001/swg.fits[1]
scw/0758/075800570010.001/swg.fits[1]
scw/0759/075900170010.001/swg.fits[1]
scw/0813/081300620010.001/swg.fits[1]
scw/0814/081400550010.001/swg.fits[1]
scw/0814/081400560010.001/swg.fits[1]
scw/0815/081500570010.001/swg.fits[1]
scw/0817/081700500010.001/swg.fits[1]
scw/0818/081800600010.001/swg.fits[1]
scw/0818/081800610010.001/swg.fits[1]
scw/0819/081900200010.001/swg.fits[1]
scw/0819/081900490010.001/swg.fits[1]
scw/0820/082000080010.001/swg.fits[1]
scw/0820/082000090010.001/swg.fits[1]
scw/0820/082000380010.001/swg.fits[1]
scw/1492/149200310010.001/swg.fits[1]
scw/1493/149300090010.001/swg.fits[1]
scw/1493/149300100010.001/swg.fits[1]
scw/1493/149300220010.001/swg.fits[1]
scw/1493/149300230010.001/swg.fits[1]
scw/1494/149400020010.001/swg.fits[1]
scw/1494/149400110010.001/swg.fits[1]
scw/1494/149400120010.001/swg.fits[1]
scw/1494/149400490010.001/swg.fits[1]
scw/1494/149400500010.001/swg.fits[1]
scw/1496/149600500010.001/swg.fits[1]
scw/1497/149700240010.001/swg.fits[1]
scw/1497/149700330010.001/swg.fits[1]
scw/1498/149800210010.001/swg.fits[1]
scw/1499/149900250010.001/swg.fits[1]
scw/1500/150000190010.001/swg.fits[1]
scw/1544/154400600010.001/swg.fits[1]
scw/1546/154600180010.001/swg.fits[1]
scw/1546/154600380010.001/swg.fits[1]
scw/1548/154800290010.001/swg.fits[1]
scw/1548/154800410010.001/swg.fits[1]
scw/1549/154900420010.001/swg.fits[1]
scw/1550/155000380010.001/swg.fits[1]
scw/1564/156400350010.001/swg.fits[1]
scw/1564/156400440010.001/swg.fits[1]
scw/1566/156600030010.001/swg.fits[1]
scw/1566/156600120010.001/swg.fits[1]
scw/1567/156700040010.001/swg.fits[1]
scw/1567/156700130010.001/swg.fits[1]
scw/1567/156700500010.001/swg.fits[1]
scw/1567/156700500020.001/swg.fits[1]
scw/1682/168200070010.001/swg.fits[1]
scw/1683/168300340010.001/swg.fits[1]
scw/1683/168300540010.001/swg.fits[1]
scw/1683/168300540020.001/swg.fits[1]
scw/1687/168700480010.001/swg.fits[1]
scw/1753/175300140010.001/swg.fits[1]
scw/1753/175300250010.001/swg.fits[1]
scw/1754/175400110010.001/swg.fits[1]
scw/1754/175400220010.001/swg.fits[1]
scw/1756/175600080010.001/swg.fits[1]
scw/1756/175600090010.001/swg.fits[1]
scw/1756/175600200010.001/swg.fits[1]
scw/1756/175600210010.001/swg.fits[1]
scw/1756/175600220010.001/swg.fits[1]
scw/1757/175700090010.001/swg.fits[1]
scw/1757/175700100010.001/swg.fits[1]
scw/1758/175800070010.001/swg.fits[1]
scw/1758/175800150010.001/swg.fits[1]
scw/1760/176000300010.001/swg.fits[1]
scw/1760/176000310010.001/swg.fits[1]
scw/1761/176100210010.001/swg.fits[1]
scw/1761/176100300010.001/swg.fits[1]
scw/1762/176200290010.001/swg.fits[1]
scw/1763/176300190010.001/swg.fits[1]
scw/1764/176400310010.001/swg.fits[1]
scw/1820/182000460010.001/swg.fits[1]
scw/1965/196500180010.001/swg.fits[1]
