scw/0120/012000200010.001/swg.fits[1]
scw/0120/012000210010.001/swg.fits[1]
scw/0120/012000260010.001/swg.fits[1]
scw/0120/012000270010.001/swg.fits[1]
scw/0120/012000360010.001/swg.fits[1]
scw/0120/012000370010.001/swg.fits[1]
scw/0120/012000380010.001/swg.fits[1]
scw/0120/012000430010.001/swg.fits[1]
scw/0120/012000440010.001/swg.fits[1]
scw/0120/012000530010.001/swg.fits[1]
scw/0120/012000540010.001/swg.fits[1]
scw/0167/016701050010.001/swg.fits[1]
scw/0168/016800340010.001/swg.fits[1]
scw/0168/016800350010.001/swg.fits[1]
scw/0168/016800360010.001/swg.fits[1]
scw/0168/016800440010.001/swg.fits[1]
scw/0168/016800450010.001/swg.fits[1]
scw/0168/016800460010.001/swg.fits[1]
scw/0168/016800490010.001/swg.fits[1]
scw/0168/016800500010.001/swg.fits[1]
scw/0168/016800510010.001/swg.fits[1]
scw/0169/016900200010.001/swg.fits[1]
scw/0169/016900210010.001/swg.fits[1]
scw/0169/016900220010.001/swg.fits[1]
scw/0169/016900250010.001/swg.fits[1]
scw/0169/016900260010.001/swg.fits[1]
scw/0169/016900270010.001/swg.fits[1]
scw/0169/016900300010.001/swg.fits[1]
scw/0169/016900310010.001/swg.fits[1]
scw/0169/016900320010.001/swg.fits[1]
scw/0169/016900350010.001/swg.fits[1]
scw/0169/016900360010.001/swg.fits[1]
scw/0169/016900370010.001/swg.fits[1]
scw/0169/016900700010.001/swg.fits[1]
scw/0169/016900710010.001/swg.fits[1]
scw/0169/016900720010.001/swg.fits[1]
scw/0169/016900750010.001/swg.fits[1]
scw/0169/016900760010.001/swg.fits[1]
scw/0169/016900770010.001/swg.fits[1]
scw/0169/016900800010.001/swg.fits[1]
scw/0169/016900810010.001/swg.fits[1]
scw/0169/016900820010.001/swg.fits[1]
scw/0169/016900850010.001/swg.fits[1]
scw/0169/016900860010.001/swg.fits[1]
scw/0169/016900870010.001/swg.fits[1]
scw/0171/017100080010.001/swg.fits[1]
scw/0171/017100090010.001/swg.fits[1]
scw/0171/017100100010.001/swg.fits[1]
scw/0171/017100130010.001/swg.fits[1]
scw/0171/017100140010.001/swg.fits[1]
scw/0171/017100150010.001/swg.fits[1]
scw/0171/017100170010.001/swg.fits[1]
scw/0171/017100180010.001/swg.fits[1]
scw/0171/017100190010.001/swg.fits[1]
scw/0171/017100220010.001/swg.fits[1]
scw/0171/017100230010.001/swg.fits[1]
scw/0171/017100240010.001/swg.fits[1]
scw/0171/017100570010.001/swg.fits[1]
scw/0171/017100580010.001/swg.fits[1]
scw/0171/017100590010.001/swg.fits[1]
scw/0171/017100620010.001/swg.fits[1]
scw/0171/017100630010.001/swg.fits[1]
scw/0171/017100640010.001/swg.fits[1]
scw/0171/017100670010.001/swg.fits[1]
scw/0171/017100680010.001/swg.fits[1]
scw/0171/017100690010.001/swg.fits[1]
scw/0171/017100720010.001/swg.fits[1]
scw/0171/017100730010.001/swg.fits[1]
scw/0171/017100740010.001/swg.fits[1]
scw/0172/017200850010.001/swg.fits[1]
scw/0172/017200860010.001/swg.fits[1]
scw/0172/017200870010.001/swg.fits[1]
scw/0172/017200880010.001/swg.fits[1]
scw/0172/017200890010.001/swg.fits[1]
scw/0173/017300460010.001/swg.fits[1]
scw/0173/017300470010.001/swg.fits[1]
scw/0173/017300480010.001/swg.fits[1]
scw/0173/017300490010.001/swg.fits[1]
scw/0173/017300500010.001/swg.fits[1]
scw/0173/017300640010.001/swg.fits[1]
scw/0173/017300650010.001/swg.fits[1]
scw/0173/017300660010.001/swg.fits[1]
scw/0173/017300670010.001/swg.fits[1]
scw/0173/017300680010.001/swg.fits[1]
scw/0175/017500340010.001/swg.fits[1]
scw/0175/017500350010.001/swg.fits[1]
scw/0175/017500670010.001/swg.fits[1]
scw/0175/017500680010.001/swg.fits[1]
scw/0178/017800060010.001/swg.fits[1]
scw/0178/017800070010.001/swg.fits[1]
scw/0178/017800080010.001/swg.fits[1]
scw/0178/017800130010.001/swg.fits[1]
scw/0178/017800140010.001/swg.fits[1]
scw/0178/017800150010.001/swg.fits[1]
scw/0178/017800200010.001/swg.fits[1]
scw/0178/017800210010.001/swg.fits[1]
scw/0178/017800220010.001/swg.fits[1]
scw/0178/017800270010.001/swg.fits[1]
scw/0178/017800280010.001/swg.fits[1]
scw/0178/017800290010.001/swg.fits[1]
scw/0178/017800340010.001/swg.fits[1]
scw/0178/017800350010.001/swg.fits[1]
scw/0178/017800360010.001/swg.fits[1]
scw/0178/017800410010.001/swg.fits[1]
scw/0178/017800420010.001/swg.fits[1]
scw/0178/017800430010.001/swg.fits[1]
scw/0178/017800480010.001/swg.fits[1]
scw/0178/017800490010.001/swg.fits[1]
scw/0178/017800500010.001/swg.fits[1]
scw/0178/017800550010.001/swg.fits[1]
scw/0178/017800560010.001/swg.fits[1]
scw/0178/017800570010.001/swg.fits[1]
scw/0179/017900030010.001/swg.fits[1]
scw/0179/017900040010.001/swg.fits[1]
scw/0179/017900050010.001/swg.fits[1]
scw/0179/017900100010.001/swg.fits[1]
scw/0179/017900110010.001/swg.fits[1]
scw/0179/017900120010.001/swg.fits[1]
scw/0179/017900170010.001/swg.fits[1]
scw/0179/017900180010.001/swg.fits[1]
scw/0179/017900190010.001/swg.fits[1]
scw/0179/017900240010.001/swg.fits[1]
scw/0179/017900250010.001/swg.fits[1]
scw/0179/017900260010.001/swg.fits[1]
scw/0179/017900340010.001/swg.fits[1]
scw/0179/017900350010.001/swg.fits[1]
scw/0179/017900360010.001/swg.fits[1]
scw/0179/017900430010.001/swg.fits[1]
scw/0179/017900440010.001/swg.fits[1]
scw/0179/017900450010.001/swg.fits[1]
scw/0181/018100370010.001/swg.fits[1]
scw/0181/018100380010.001/swg.fits[1]
scw/0181/018100390010.001/swg.fits[1]
scw/0181/018100430010.001/swg.fits[1]
scw/0181/018100440010.001/swg.fits[1]
scw/0181/018100450010.001/swg.fits[1]
scw/0181/018100710010.001/swg.fits[1]
scw/0181/018100720010.001/swg.fits[1]
scw/0181/018100730010.001/swg.fits[1]
scw/0181/018100740010.001/swg.fits[1]
scw/0181/018100750010.001/swg.fits[1]
scw/0183/018300030010.001/swg.fits[1]
scw/0183/018300040010.001/swg.fits[1]
scw/0183/018300050010.001/swg.fits[1]
scw/0183/018300080010.001/swg.fits[1]
scw/0183/018300090010.001/swg.fits[1]
scw/0183/018300100010.001/swg.fits[1]
scw/0183/018300230010.001/swg.fits[1]
scw/0183/018300240010.001/swg.fits[1]
scw/0183/018300310010.001/swg.fits[1]
scw/0183/018300320010.001/swg.fits[1]
scw/0183/018300330010.001/swg.fits[1]
scw/0185/018500330010.001/swg.fits[1]
scw/0185/018500340010.001/swg.fits[1]
scw/0185/018500350010.001/swg.fits[1]
scw/0226/022600680010.001/swg.fits[1]
scw/0227/022700050010.001/swg.fits[1]
scw/0227/022700060010.001/swg.fits[1]
scw/0227/022700070010.001/swg.fits[1]
scw/0227/022700080010.001/swg.fits[1]
scw/0227/022700090010.001/swg.fits[1]
scw/0227/022700100010.001/swg.fits[1]
scw/0227/022700340010.001/swg.fits[1]
scw/0227/022700350010.001/swg.fits[1]
scw/0227/022700360010.001/swg.fits[1]
scw/0227/022700370010.001/swg.fits[1]
scw/0227/022700380010.001/swg.fits[1]
scw/0227/022700390010.001/swg.fits[1]
scw/0229/022900650010.001/swg.fits[1]
scw/0229/022900660010.001/swg.fits[1]
scw/0229/022900670010.001/swg.fits[1]
scw/0229/022900680010.001/swg.fits[1]
scw/0229/022900720010.001/swg.fits[1]
scw/0229/022900730010.001/swg.fits[1]
scw/0229/022900740010.001/swg.fits[1]
scw/0229/022900750010.001/swg.fits[1]
scw/0230/023000040010.001/swg.fits[1]
scw/0230/023000050010.001/swg.fits[1]
scw/0230/023000060010.001/swg.fits[1]
scw/0230/023000070010.001/swg.fits[1]
scw/0230/023000110010.001/swg.fits[1]
scw/0230/023000120010.001/swg.fits[1]
scw/0230/023000130010.001/swg.fits[1]
scw/0230/023000140010.001/swg.fits[1]
scw/0230/023000180010.001/swg.fits[1]
scw/0230/023000190010.001/swg.fits[1]
scw/0230/023000200010.001/swg.fits[1]
scw/0230/023000210010.001/swg.fits[1]
scw/0230/023000250010.001/swg.fits[1]
scw/0230/023000260010.001/swg.fits[1]
scw/0230/023000270010.001/swg.fits[1]
scw/0230/023000280010.001/swg.fits[1]
scw/0230/023000340010.001/swg.fits[1]
scw/0230/023000360010.001/swg.fits[1]
scw/0230/023000410010.001/swg.fits[1]
scw/0230/023000420010.001/swg.fits[1]
scw/0230/023000430010.001/swg.fits[1]
scw/0230/023000440010.001/swg.fits[1]
scw/0230/023000480010.001/swg.fits[1]
scw/0230/023000490010.001/swg.fits[1]
scw/0230/023000500010.001/swg.fits[1]
scw/0230/023000510010.001/swg.fits[1]
scw/0230/023000550010.001/swg.fits[1]
scw/0230/023000560010.001/swg.fits[1]
scw/0230/023000570010.001/swg.fits[1]
scw/0230/023000580010.001/swg.fits[1]
scw/0230/023000620010.001/swg.fits[1]
scw/0231/023100040010.001/swg.fits[1]
scw/0231/023100050010.001/swg.fits[1]
scw/0231/023100060010.001/swg.fits[1]
scw/0231/023100100010.001/swg.fits[1]
scw/0231/023100110010.001/swg.fits[1]
scw/0231/023100120010.001/swg.fits[1]
scw/0231/023100130010.001/swg.fits[1]
scw/0231/023100170010.001/swg.fits[1]
scw/0231/023100180010.001/swg.fits[1]
scw/0231/023100190010.001/swg.fits[1]
scw/0231/023100200010.001/swg.fits[1]
scw/0232/023200700010.001/swg.fits[1]
scw/0232/023200710010.001/swg.fits[1]
scw/0232/023200720010.001/swg.fits[1]
scw/0232/023200730010.001/swg.fits[1]
scw/0232/023200800010.001/swg.fits[1]
scw/0232/023200820010.001/swg.fits[1]
scw/0232/023200830010.001/swg.fits[1]
scw/0233/023300200010.001/swg.fits[1]
scw/0235/023500050010.001/swg.fits[1]
scw/0235/023500830010.001/swg.fits[1]
scw/0235/023500840010.001/swg.fits[1]
scw/0236/023600070010.001/swg.fits[1]
scw/0236/023600130010.001/swg.fits[1]
scw/0236/023600140010.001/swg.fits[1]
scw/0236/023600150010.001/swg.fits[1]
scw/0236/023600160010.001/swg.fits[1]
scw/0236/023600170010.001/swg.fits[1]
scw/0236/023600180010.001/swg.fits[1]
scw/0236/023600370010.001/swg.fits[1]
scw/0236/023600380010.001/swg.fits[1]
scw/0236/023600430010.001/swg.fits[1]
scw/0236/023600440010.001/swg.fits[1]
scw/0236/023600450010.001/swg.fits[1]
scw/0236/023600470010.001/swg.fits[1]
scw/0236/023600480010.001/swg.fits[1]
scw/0236/023600570010.001/swg.fits[1]
scw/0236/023600580010.001/swg.fits[1]
scw/0236/023600650010.001/swg.fits[1]
scw/0236/023600660010.001/swg.fits[1]
scw/0236/023600670010.001/swg.fits[1]
scw/0236/023600680010.001/swg.fits[1]
scw/0236/023600940010.001/swg.fits[1]
