scw/0856/085600520010.001/swg.fits[1]
scw/0856/085600530010.001/swg.fits[1]
scw/0856/085600620010.001/swg.fits[1]
scw/0856/085600630010.001/swg.fits[1]
scw/0857/085700780010.001/swg.fits[1]
scw/0858/085800740010.001/swg.fits[1]
scw/0859/085900140010.001/swg.fits[1]
scw/0859/085900250010.001/swg.fits[1]
scw/0859/085900340010.001/swg.fits[1]
scw/0860/086000610010.001/swg.fits[1]
scw/0860/086000720010.001/swg.fits[1]
scw/0861/086100630010.001/swg.fits[1]
scw/0862/086200080010.001/swg.fits[1]
scw/0862/086200280010.001/swg.fits[1]
scw/0868/086800340010.001/swg.fits[1]
scw/0868/086800350010.001/swg.fits[1]
scw/0868/086800540010.001/swg.fits[1]
scw/0868/086800550010.001/swg.fits[1]
scw/0869/086900240010.001/swg.fits[1]
scw/0869/086900430010.001/swg.fits[1]
scw/0869/086900440010.001/swg.fits[1]
scw/0870/087000360010.001/swg.fits[1]
scw/0871/087100090010.001/swg.fits[1]
scw/0871/087100280010.001/swg.fits[1]
scw/0871/087100290010.001/swg.fits[1]
scw/0871/087100590010.001/swg.fits[1]
scw/0871/087100600010.001/swg.fits[1]
scw/0872/087200070010.001/swg.fits[1]
scw/0872/087200080010.001/swg.fits[1]
scw/0872/087200170010.001/swg.fits[1]
scw/0872/087200180010.001/swg.fits[1]
scw/0872/087200480010.001/swg.fits[1]
scw/0872/087200570010.001/swg.fits[1]
scw/0932/093200120010.001/swg.fits[1]
scw/0932/093200130010.001/swg.fits[1]
scw/0932/093200230010.001/swg.fits[1]
scw/0932/093200320010.001/swg.fits[1]
scw/0933/093300310010.001/swg.fits[1]
scw/0933/093300320010.001/swg.fits[1]
scw/0933/093300400010.001/swg.fits[1]
scw/0977/097700570010.001/swg.fits[1]
scw/0977/097700580010.001/swg.fits[1]
scw/1029/102900070010.001/swg.fits[1]
scw/1029/102900080010.001/swg.fits[1]
scw/1029/102900090010.001/swg.fits[1]
scw/1031/103100180010.001/swg.fits[1]
scw/1031/103100190010.001/swg.fits[1]
scw/1031/103100200010.001/swg.fits[1]
scw/1031/103100210010.001/swg.fits[1]
scw/1031/103100290010.001/swg.fits[1]
scw/1031/103100300010.001/swg.fits[1]
scw/1033/103300740010.001/swg.fits[1]
scw/1036/103600570010.001/swg.fits[1]
scw/1036/103600660010.001/swg.fits[1]
scw/1036/103600760010.001/swg.fits[1]
scw/1036/103600770010.001/swg.fits[1]
scw/1042/104200100010.001/swg.fits[1]
scw/1042/104200310010.001/swg.fits[1]
scw/1042/104200400010.001/swg.fits[1]
scw/1046/104600500010.001/swg.fits[1]
scw/1048/104800670010.001/swg.fits[1]
scw/1049/104900400010.001/swg.fits[1]
scw/1092/109200690010.001/swg.fits[1]
scw/1092/109200700010.001/swg.fits[1]
scw/1092/109200710010.001/swg.fits[1]
scw/1092/109200720010.001/swg.fits[1]
scw/1092/109200800010.001/swg.fits[1]
scw/1093/109300210010.001/swg.fits[1]
scw/1112/111200050010.001/swg.fits[1]
scw/1112/111200060010.001/swg.fits[1]
scw/1112/111200260010.001/swg.fits[1]
scw/1112/111200550010.001/swg.fits[1]
scw/1114/111400280010.001/swg.fits[1]
scw/1114/111400380010.001/swg.fits[1]
scw/1114/111400390010.001/swg.fits[1]
scw/1115/111500380010.001/swg.fits[1]
scw/1115/111500470010.001/swg.fits[1]
scw/1225/122500670010.001/swg.fits[1]
scw/1225/122500760010.001/swg.fits[1]
scw/1225/122500770010.001/swg.fits[1]
scw/1226/122600580010.001/swg.fits[1]
scw/1226/122600670010.001/swg.fits[1]
scw/1228/122800470010.001/swg.fits[1]
scw/1228/122800670010.001/swg.fits[1]
scw/1228/122800760010.001/swg.fits[1]
scw/1228/122800770010.001/swg.fits[1]
scw/1229/122900670010.001/swg.fits[1]
scw/1230/123000680010.001/swg.fits[1]
scw/1231/123100760010.001/swg.fits[1]
scw/1233/123300180010.001/swg.fits[1]
scw/1233/123300190010.001/swg.fits[1]
scw/1233/123300390010.001/swg.fits[1]
scw/1234/123400310010.001/swg.fits[1]
scw/1238/123800350010.001/swg.fits[1]
scw/1238/123800540010.001/swg.fits[1]
scw/1239/123900360010.001/swg.fits[1]
scw/1239/123900450010.001/swg.fits[1]
scw/1239/123900550010.001/swg.fits[1]
scw/1240/124000200010.001/swg.fits[1]
scw/1240/124000210010.001/swg.fits[1]
scw/1241/124100220010.001/swg.fits[1]
scw/1241/124100230010.001/swg.fits[1]
scw/1241/124100240010.001/swg.fits[1]
scw/1241/124100320010.001/swg.fits[1]
scw/1241/124100330010.001/swg.fits[1]
scw/1241/124100640010.001/swg.fits[1]
scw/1244/124400760010.001/swg.fits[1]
scw/1244/124400770010.001/swg.fits[1]
scw/1244/124400780010.001/swg.fits[1]
scw/1244/124400790010.001/swg.fits[1]
scw/1244/124400860010.001/swg.fits[1]
scw/1244/124400870010.001/swg.fits[1]
scw/1254/125400140010.001/swg.fits[1]
scw/1254/125400150010.001/swg.fits[1]
scw/1254/125400180010.001/swg.fits[1]
scw/1254/125400190010.001/swg.fits[1]
scw/1348/134800770010.001/swg.fits[1]
scw/1348/134800860010.001/swg.fits[1]
scw/1348/134800970010.001/swg.fits[1]
scw/1349/134900620010.001/swg.fits[1]
scw/1349/134900830010.001/swg.fits[1]
scw/1350/135000620010.001/swg.fits[1]
scw/1350/135000710010.001/swg.fits[1]
scw/1350/135000720010.001/swg.fits[1]
scw/1350/135000920010.001/swg.fits[1]
scw/1351/135100070010.001/swg.fits[1]
scw/1351/135100180010.001/swg.fits[1]
scw/1351/135100270010.001/swg.fits[1]
scw/1353/135300970010.001/swg.fits[1]
scw/1353/135300980010.001/swg.fits[1]
scw/1355/135500780010.001/swg.fits[1]
scw/1355/135500990010.001/swg.fits[1]
scw/1356/135600830010.001/swg.fits[1]
scw/1356/135600840010.001/swg.fits[1]
scw/1357/135700600010.001/swg.fits[1]
scw/1357/135700610010.001/swg.fits[1]
scw/1357/135700910010.001/swg.fits[1]
scw/1358/135800180010.001/swg.fits[1]
scw/1358/135800190010.001/swg.fits[1]
scw/1358/135800480010.001/swg.fits[1]
scw/1358/135800680010.001/swg.fits[1]
scw/1359/135900680010.001/swg.fits[1]
scw/1359/135900870010.001/swg.fits[1]
scw/1359/135900880010.001/swg.fits[1]
scw/1360/136000060010.001/swg.fits[1]
scw/1360/136000360010.001/swg.fits[1]
scw/1360/136000370010.001/swg.fits[1]
scw/1360/136000560010.001/swg.fits[1]
scw/1360/136000570010.001/swg.fits[1]
scw/1361/136100020010.001/swg.fits[1]
scw/1361/136100210010.001/swg.fits[1]
scw/1361/136100220010.001/swg.fits[1]
scw/1361/136100520010.001/swg.fits[1]
scw/1361/136100710010.001/swg.fits[1]
scw/1362/136200150010.001/swg.fits[1]
scw/1362/136200240010.001/swg.fits[1]
scw/1362/136200340010.001/swg.fits[1]
scw/1363/136300250010.001/swg.fits[1]
scw/1363/136300260010.001/swg.fits[1]
scw/1363/136300340010.001/swg.fits[1]
scw/1363/136300350010.001/swg.fits[1]
scw/1363/136300430010.001/swg.fits[1]
scw/1363/136300440010.001/swg.fits[1]
scw/1363/136300750010.001/swg.fits[1]
scw/1363/136300840010.001/swg.fits[1]
scw/1380/138000050010.001/swg.fits[1]
scw/1380/138000060010.001/swg.fits[1]
scw/1380/138000070010.001/swg.fits[1]
scw/1380/138000110010.001/swg.fits[1]
scw/1380/138000450010.001/swg.fits[1]
scw/1380/138000460010.001/swg.fits[1]
scw/1380/138000470010.001/swg.fits[1]
scw/1380/138000510010.001/swg.fits[1]
scw/1380/138000560010.001/swg.fits[1]
scw/1380/138000570010.001/swg.fits[1]
scw/1380/138000600010.001/swg.fits[1]
scw/1381/138100030010.001/swg.fits[1]
scw/1381/138100040010.001/swg.fits[1]
scw/1381/138100050010.001/swg.fits[1]
scw/1381/138100090010.001/swg.fits[1]
scw/1381/138100440010.001/swg.fits[1]
scw/1381/138100450010.001/swg.fits[1]
scw/1381/138100480010.001/swg.fits[1]
scw/1381/138100490010.001/swg.fits[1]
scw/1381/138100540010.001/swg.fits[1]
scw/1381/138100550010.001/swg.fits[1]
scw/1381/138100560010.001/swg.fits[1]
scw/1381/138100580010.001/swg.fits[1]
scw/1382/138200300010.001/swg.fits[1]
