scw/0731/073100800010.001/swg.fits[1]
scw/0731/073100810010.001/swg.fits[1]
scw/0731/073100820010.001/swg.fits[1]
scw/0731/073100880010.001/swg.fits[1]
scw/0731/073100890010.001/swg.fits[1]
scw/0767/076700360010.001/swg.fits[1]
scw/0767/076700370010.001/swg.fits[1]
scw/0767/076700380010.001/swg.fits[1]
scw/0767/076700390010.001/swg.fits[1]
scw/0767/076700650010.001/swg.fits[1]
scw/0767/076700660010.001/swg.fits[1]
scw/0767/076700670010.001/swg.fits[1]
scw/0767/076700680010.001/swg.fits[1]
scw/0767/076700690010.001/swg.fits[1]
scw/0768/076800590010.001/swg.fits[1]
scw/0768/076800600010.001/swg.fits[1]
scw/0768/076800610010.001/swg.fits[1]
scw/0768/076800620010.001/swg.fits[1]
scw/0769/076900090010.001/swg.fits[1]
scw/0769/076900270010.001/swg.fits[1]
scw/0769/076900280010.001/swg.fits[1]
scw/0769/076900290010.001/swg.fits[1]
scw/0769/076900300010.001/swg.fits[1]
scw/0769/076900310010.001/swg.fits[1]
scw/0769/076900410010.001/swg.fits[1]
scw/0769/076900480010.001/swg.fits[1]
scw/0769/076900490010.001/swg.fits[1]
scw/0769/076900500010.001/swg.fits[1]
scw/0769/076900510010.001/swg.fits[1]
scw/0771/077100060010.001/swg.fits[1]
scw/0771/077100070010.001/swg.fits[1]
scw/0771/077100080010.001/swg.fits[1]
scw/0771/077100090010.001/swg.fits[1]
scw/0771/077100160010.001/swg.fits[1]
scw/0771/077100270010.001/swg.fits[1]
scw/0771/077100280010.001/swg.fits[1]
scw/0771/077100290010.001/swg.fits[1]
scw/0771/077100560010.001/swg.fits[1]
scw/0771/077100570010.001/swg.fits[1]
scw/0771/077100580010.001/swg.fits[1]
scw/0771/077100590010.001/swg.fits[1]
scw/0772/077200060010.001/swg.fits[1]
scw/0772/077200140010.001/swg.fits[1]
scw/0772/077200150010.001/swg.fits[1]
scw/0772/077200160010.001/swg.fits[1]
scw/0772/077200170010.001/swg.fits[1]
scw/0782/078200260010.001/swg.fits[1]
scw/0782/078200320010.001/swg.fits[1]
scw/0782/078200330010.001/swg.fits[1]
scw/0782/078200340010.001/swg.fits[1]
scw/0782/078200850010.001/swg.fits[1]
scw/0782/078200860010.001/swg.fits[1]
scw/0785/078500600010.001/swg.fits[1]
scw/0785/078500660010.001/swg.fits[1]
scw/0785/078500670010.001/swg.fits[1]
scw/0785/078500680010.001/swg.fits[1]
scw/0786/078600620010.001/swg.fits[1]
scw/0786/078600630010.001/swg.fits[1]
scw/0786/078600700010.001/swg.fits[1]
scw/0786/078600710010.001/swg.fits[1]
scw/0790/079000020010.001/swg.fits[1]
scw/0790/079000030010.001/swg.fits[1]
scw/0790/079000100010.001/swg.fits[1]
scw/0790/079000110010.001/swg.fits[1]
scw/0791/079100520010.001/swg.fits[1]
scw/0791/079100580010.001/swg.fits[1]
scw/0791/079100590010.001/swg.fits[1]
scw/0791/079100600010.001/swg.fits[1]
scw/0791/079100900010.001/swg.fits[1]
scw/0791/079100910010.001/swg.fits[1]
scw/0840/084000300010.001/swg.fits[1]
scw/0840/084000310010.001/swg.fits[1]
scw/0840/084000320010.001/swg.fits[1]
scw/0840/084000380010.001/swg.fits[1]
scw/0840/084001130010.001/swg.fits[1]
scw/0840/084001140010.001/swg.fits[1]
scw/0840/084001140020.001/swg.fits[1]
scw/0841/084100300010.001/swg.fits[1]
scw/0841/084100310010.001/swg.fits[1]
scw/0841/084100320010.001/swg.fits[1]
scw/0841/084100380010.001/swg.fits[1]
scw/0841/084101060010.001/swg.fits[1]
scw/0841/084101120010.001/swg.fits[1]
scw/0841/084101130010.001/swg.fits[1]
scw/0842/084200310010.001/swg.fits[1]
scw/0842/084200320010.001/swg.fits[1]
scw/0842/084201060010.001/swg.fits[1]
scw/0842/084201120010.001/swg.fits[1]
scw/0842/084201130010.001/swg.fits[1]
scw/0843/084300280010.001/swg.fits[1]
scw/0843/084300290010.001/swg.fits[1]
scw/0843/084300300010.001/swg.fits[1]
scw/0843/084300360010.001/swg.fits[1]
scw/0843/084301030010.001/swg.fits[1]
scw/0843/084301040010.001/swg.fits[1]
scw/0844/084400290010.001/swg.fits[1]
scw/0844/084400300010.001/swg.fits[1]
scw/0844/084401100010.001/swg.fits[1]
scw/0844/084401110010.001/swg.fits[1]
scw/0845/084500290010.001/swg.fits[1]
scw/0845/084501100010.001/swg.fits[1]
scw/0845/084501110010.001/swg.fits[1]
scw/0850/085000290010.001/swg.fits[1]
scw/0850/085000990010.001/swg.fits[1]
scw/0850/085001050010.001/swg.fits[1]
scw/0850/085001060010.001/swg.fits[1]
scw/0850/085001070010.001/swg.fits[1]
scw/0899/089900580010.001/swg.fits[1]
scw/0899/089900590010.001/swg.fits[1]
scw/0899/089900900010.001/swg.fits[1]
scw/0899/089900910010.001/swg.fits[1]
scw/0900/090000110010.001/swg.fits[1]
scw/0900/090000120010.001/swg.fits[1]
scw/0900/090000130010.001/swg.fits[1]
scw/0900/090000190010.001/swg.fits[1]
scw/0900/090000650010.001/swg.fits[1]
scw/0900/090000660010.001/swg.fits[1]
scw/0900/090000670010.001/swg.fits[1]
scw/0900/090000730010.001/swg.fits[1]
scw/0901/090100580010.001/swg.fits[1]
scw/0901/090100590010.001/swg.fits[1]
scw/0901/090101040010.001/swg.fits[1]
scw/0901/090101100010.001/swg.fits[1]
scw/0901/090101110010.001/swg.fits[1]
scw/0901/090101120010.001/swg.fits[1]
scw/0904/090400200010.001/swg.fits[1]
scw/0904/090400260010.001/swg.fits[1]
scw/0904/090400270010.001/swg.fits[1]
scw/0904/090400280010.001/swg.fits[1]
scw/0904/090400680010.001/swg.fits[1]
scw/0904/090400690010.001/swg.fits[1]
scw/0905/090500520010.001/swg.fits[1]
scw/0905/090500580010.001/swg.fits[1]
scw/0905/090500590010.001/swg.fits[1]
scw/0905/090500600010.001/swg.fits[1]
scw/0905/090500610010.001/swg.fits[1]
scw/0905/090500620010.001/swg.fits[1]
scw/0905/090500630010.001/swg.fits[1]
scw/0905/090500690010.001/swg.fits[1]
scw/0905/090500700010.001/swg.fits[1]
scw/0906/090600030010.001/swg.fits[1]
scw/0906/090600040010.001/swg.fits[1]
scw/0906/090600560010.001/swg.fits[1]
scw/0906/090600570010.001/swg.fits[1]
scw/0906/090600580010.001/swg.fits[1]
scw/0906/090600640010.001/swg.fits[1]
scw/0907/090700020010.001/swg.fits[1]
scw/0907/090700030010.001/swg.fits[1]
scw/0907/090700040010.001/swg.fits[1]
scw/0907/090700100010.001/swg.fits[1]
scw/0907/090700630010.001/swg.fits[1]
scw/0907/090700640010.001/swg.fits[1]
scw/0908/090800510010.001/swg.fits[1]
scw/0908/090800520010.001/swg.fits[1]
scw/0908/090801020010.001/swg.fits[1]
scw/0908/090801030010.001/swg.fits[1]
scw/0908/090801040010.001/swg.fits[1]
scw/0909/090900250010.001/swg.fits[1]
scw/0909/090900260010.001/swg.fits[1]
scw/0909/090900550010.001/swg.fits[1]
scw/0910/091000180010.001/swg.fits[1]
scw/0910/091000240010.001/swg.fits[1]
scw/0910/091000250010.001/swg.fits[1]
scw/0910/091000260010.001/swg.fits[1]
scw/0910/091000540010.001/swg.fits[1]
scw/0910/091000550010.001/swg.fits[1]
scw/0910/091000560010.001/swg.fits[1]
scw/0910/091000620010.001/swg.fits[1]
scw/0911/091100290010.001/swg.fits[1]
scw/0911/091100300010.001/swg.fits[1]
scw/0911/091100370010.001/swg.fits[1]
scw/0911/091100380010.001/swg.fits[1]
scw/0911/091100490010.001/swg.fits[1]
scw/0911/091100500010.001/swg.fits[1]
scw/0911/091100560010.001/swg.fits[1]
scw/0911/091100570010.001/swg.fits[1]
scw/0911/091100580010.001/swg.fits[1]
scw/0911/091100780010.001/swg.fits[1]
scw/0911/091100790010.001/swg.fits[1]
scw/0911/091100800010.001/swg.fits[1]
scw/0912/091200140010.001/swg.fits[1]
scw/1137/113700400010.001/swg.fits[1]
scw/1138/113800030010.001/swg.fits[1]
scw/1138/113800040010.001/swg.fits[1]
scw/1138/113800050010.001/swg.fits[1]
scw/1139/113900030010.001/swg.fits[1]
scw/1139/113900040010.001/swg.fits[1]
scw/1139/113900050010.001/swg.fits[1]
scw/1139/113900300010.001/swg.fits[1]
scw/1143/114300030010.001/swg.fits[1]
scw/1143/114300040010.001/swg.fits[1]
scw/1145/114500030010.001/swg.fits[1]
scw/1147/114700790010.001/swg.fits[1]
scw/1253/125300080010.001/swg.fits[1]
scw/1253/125300090010.001/swg.fits[1]
scw/1254/125400040010.001/swg.fits[1]
scw/1254/125400050010.001/swg.fits[1]
scw/1256/125600400010.001/swg.fits[1]
scw/1256/125600410010.001/swg.fits[1]
scw/1257/125700500010.001/swg.fits[1]
scw/1257/125700510010.001/swg.fits[1]
scw/1262/126200450010.001/swg.fits[1]
scw/1279/127900420010.001/swg.fits[1]
scw/1279/127900430010.001/swg.fits[1]
scw/1279/127900440010.001/swg.fits[1]
scw/1318/131800070010.001/swg.fits[1]
