scw/0267/026700260010.001/swg.fits[1]
scw/0268/026800410010.001/swg.fits[1]
scw/0270/027000260010.001/swg.fits[1]
scw/0272/027200260010.001/swg.fits[1]
scw/0273/027300260010.001/swg.fits[1]
scw/0273/027300270010.001/swg.fits[1]
scw/0633/063300720010.001/swg.fits[1]
scw/0635/063500710010.001/swg.fits[1]
scw/0635/063500720010.001/swg.fits[1]
scw/0637/063700710010.001/swg.fits[1]
scw/0637/063700720010.001/swg.fits[1]
scw/0750/075000450010.001/swg.fits[1]
scw/0752/075200330010.001/swg.fits[1]
scw/0758/075800300010.001/swg.fits[1]
scw/0759/075900030010.001/swg.fits[1]
scw/0813/081300580010.001/swg.fits[1]
scw/0814/081400600010.001/swg.fits[1]
scw/0815/081500530010.001/swg.fits[1]
scw/0818/081800380010.001/swg.fits[1]
scw/0820/082000220010.001/swg.fits[1]
scw/0876/087600240010.001/swg.fits[1]
scw/0876/087600250010.001/swg.fits[1]
scw/0876/087600280010.001/swg.fits[1]
scw/0876/087600290010.001/swg.fits[1]
scw/0878/087800140010.001/swg.fits[1]
scw/0878/087800150010.001/swg.fits[1]
scw/0878/087800180010.001/swg.fits[1]
scw/0879/087900020010.001/swg.fits[1]
scw/0879/087900070010.001/swg.fits[1]
scw/0879/087900080010.001/swg.fits[1]
scw/0879/087900520010.001/swg.fits[1]
scw/0879/087900530010.001/swg.fits[1]
scw/0879/087900570010.001/swg.fits[1]
scw/0879/087900580010.001/swg.fits[1]
scw/0930/093000030010.001/swg.fits[1]
scw/0930/093000040010.001/swg.fits[1]
scw/0930/093000050010.001/swg.fits[1]
scw/0930/093000080010.001/swg.fits[1]
scw/0930/093000090010.001/swg.fits[1]
scw/0930/093000530010.001/swg.fits[1]
scw/0931/093100020010.001/swg.fits[1]
scw/0931/093100030010.001/swg.fits[1]
scw/0931/093100460010.001/swg.fits[1]
scw/0931/093100470010.001/swg.fits[1]
scw/0932/093200380010.001/swg.fits[1]
scw/0932/093200390010.001/swg.fits[1]
scw/0937/093700230010.001/swg.fits[1]
scw/0937/093700240010.001/swg.fits[1]
scw/0937/093700270010.001/swg.fits[1]
scw/0937/093700280010.001/swg.fits[1]
scw/0938/093800070010.001/swg.fits[1]
scw/0938/093800130010.001/swg.fits[1]
scw/0938/093800170010.001/swg.fits[1]
scw/0938/093800180010.001/swg.fits[1]
scw/0949/094900340010.001/swg.fits[1]
scw/0949/094900350010.001/swg.fits[1]
scw/0949/094900390010.001/swg.fits[1]
scw/0949/094900400010.001/swg.fits[1]
scw/0997/099700030010.001/swg.fits[1]
scw/0997/099700040010.001/swg.fits[1]
scw/0997/099700490010.001/swg.fits[1]
scw/0997/099700530010.001/swg.fits[1]
scw/0997/099700540010.001/swg.fits[1]
scw/0997/099700550010.001/swg.fits[1]
scw/1004/100400280010.001/swg.fits[1]
scw/1004/100400290010.001/swg.fits[1]
scw/1004/100400340010.001/swg.fits[1]
scw/1004/100400350010.001/swg.fits[1]
scw/1005/100500250010.001/swg.fits[1]
scw/1005/100500260010.001/swg.fits[1]
scw/1005/100500270010.001/swg.fits[1]
scw/1005/100500300010.001/swg.fits[1]
scw/1005/100500310010.001/swg.fits[1]
scw/1006/100600150010.001/swg.fits[1]
scw/1006/100600160010.001/swg.fits[1]
scw/1006/100600190010.001/swg.fits[1]
scw/1006/100600640010.001/swg.fits[1]
scw/1006/100600640020.001/swg.fits[1]
scw/1053/105300490010.001/swg.fits[1]
scw/1053/105300500010.001/swg.fits[1]
scw/1054/105400260010.001/swg.fits[1]
scw/1054/105400280010.001/swg.fits[1]
scw/1054/105400290010.001/swg.fits[1]
scw/1055/105500460010.001/swg.fits[1]
scw/1055/105500470010.001/swg.fits[1]
scw/1055/105500500010.001/swg.fits[1]
scw/1055/105500510010.001/swg.fits[1]
scw/1058/105800400010.001/swg.fits[1]
scw/1058/105800410010.001/swg.fits[1]
scw/1058/105800420010.001/swg.fits[1]
scw/1058/105800450010.001/swg.fits[1]
scw/1058/105800460010.001/swg.fits[1]
scw/1059/105900660010.001/swg.fits[1]
scw/1060/106000480010.001/swg.fits[1]
scw/1060/106000490010.001/swg.fits[1]
scw/1063/106300240010.001/swg.fits[1]
scw/1063/106300250010.001/swg.fits[1]
scw/1063/106300260010.001/swg.fits[1]
scw/1063/106300700010.001/swg.fits[1]
scw/1063/106300710010.001/swg.fits[1]
scw/1067/106700710010.001/swg.fits[1]
scw/1067/106700720010.001/swg.fits[1]
scw/1067/106700750010.001/swg.fits[1]
scw/1068/106800480010.001/swg.fits[1]
scw/1070/107000780010.001/swg.fits[1]
scw/1070/107000820010.001/swg.fits[1]
scw/1070/107000830010.001/swg.fits[1]
scw/1116/111600670010.001/swg.fits[1]
scw/1116/111600680010.001/swg.fits[1]
scw/1116/111600710010.001/swg.fits[1]
scw/1118/111800580010.001/swg.fits[1]
scw/1118/111800630010.001/swg.fits[1]
scw/1118/111800640010.001/swg.fits[1]
scw/1120/112000610010.001/swg.fits[1]
scw/1120/112000620010.001/swg.fits[1]
scw/1120/112000660010.001/swg.fits[1]
scw/1120/112000670010.001/swg.fits[1]
scw/1122/112200020010.001/swg.fits[1]
scw/1122/112200070010.001/swg.fits[1]
scw/1122/112200080010.001/swg.fits[1]
scw/1125/112500090010.001/swg.fits[1]
scw/1125/112500100010.001/swg.fits[1]
scw/1125/112500140010.001/swg.fits[1]
scw/1125/112500150010.001/swg.fits[1]
scw/1125/112500160010.001/swg.fits[1]
scw/1126/112600300010.001/swg.fits[1]
scw/1126/112600310010.001/swg.fits[1]
scw/1126/112600350010.001/swg.fits[1]
scw/1126/112600360010.001/swg.fits[1]
scw/1126/112600370010.001/swg.fits[1]
scw/1128/112800280010.001/swg.fits[1]
scw/1180/118000550010.001/swg.fits[1]
scw/1180/118000560010.001/swg.fits[1]
scw/1897/189700250010.001/swg.fits[1]
scw/1897/189700350010.001/swg.fits[1]
scw/1897/189700360010.001/swg.fits[1]
scw/1898/189800270010.001/swg.fits[1]
scw/1898/189800280010.001/swg.fits[1]
scw/1898/189800290010.001/swg.fits[1]
scw/1898/189800370010.001/swg.fits[1]
scw/1898/189800440010.001/swg.fits[1]
scw/1898/189800450010.001/swg.fits[1]
scw/1899/189900360010.001/swg.fits[1]
scw/1899/189900370010.001/swg.fits[1]
scw/1899/189900460010.001/swg.fits[1]
scw/1899/189900470010.001/swg.fits[1]
scw/1900/190000320010.001/swg.fits[1]
scw/1900/190000330010.001/swg.fits[1]
scw/1900/190000340010.001/swg.fits[1]
scw/1900/190000430010.001/swg.fits[1]
scw/1900/190000440010.001/swg.fits[1]
scw/1964/196400090010.001/swg.fits[1]
scw/1964/196400100010.001/swg.fits[1]
scw/1964/196400110010.001/swg.fits[1]
scw/1965/196500140010.001/swg.fits[1]
scw/1965/196500150010.001/swg.fits[1]
scw/1966/196600030010.001/swg.fits[1]
scw/1966/196600040010.001/swg.fits[1]
scw/1966/196600050010.001/swg.fits[1]
scw/1967/196700080010.001/swg.fits[1]
scw/1967/196700090010.001/swg.fits[1]
scw/1967/196700190010.001/swg.fits[1]
scw/1967/196700200010.001/swg.fits[1]
scw/1972/197200260010.001/swg.fits[1]
scw/1972/197200270010.001/swg.fits[1]
scw/1972/197200670010.001/swg.fits[1]
scw/1972/197200690010.001/swg.fits[1]
scw/1981/198100030010.001/swg.fits[1]
scw/1981/198100040010.001/swg.fits[1]
scw/1981/198100190010.001/swg.fits[1]
scw/1981/198100200010.001/swg.fits[1]
scw/1982/198200110010.001/swg.fits[1]
scw/1982/198200120010.001/swg.fits[1]
scw/1982/198200140010.001/swg.fits[1]
scw/1982/198200150010.001/swg.fits[1]
scw/1983/198300110010.001/swg.fits[1]
scw/1983/198300130010.001/swg.fits[1]
scw/1983/198300140010.001/swg.fits[1]
scw/1983/198300150010.001/swg.fits[1]
scw/2031/203100060010.001/swg.fits[1]
scw/2109/210900050010.001/swg.fits[1]
scw/2109/210900060010.001/swg.fits[1]
scw/2109/210900460010.001/swg.fits[1]
scw/2109/210900480010.001/swg.fits[1]
scw/2248/224800050010.001/swg.fits[1]
scw/2248/224800060010.001/swg.fits[1]
scw/2375/237500240010.001/swg.fits[1]
scw/2375/237500250010.001/swg.fits[1]
scw/2375/237500670010.001/swg.fits[1]
