scw/2334/233400290010.001/swg.fits[1]
scw/2334/233400300010.001/swg.fits[1]
scw/2334/233400310010.001/swg.fits[1]
scw/2335/233500050010.001/swg.fits[1]
scw/2335/233500060010.001/swg.fits[1]
scw/2335/233500070010.001/swg.fits[1]
scw/2335/233500130010.001/swg.fits[1]
scw/2335/233500190010.001/swg.fits[1]
scw/2335/233500200010.001/swg.fits[1]
scw/2335/233500210010.001/swg.fits[1]
scw/2335/233500230010.001/swg.fits[1]
scw/2336/233600330010.001/swg.fits[1]
scw/2336/233600340010.001/swg.fits[1]
scw/2336/233600350010.001/swg.fits[1]
scw/2337/233700090010.001/swg.fits[1]
scw/2337/233700130010.001/swg.fits[1]
scw/2337/233700140010.001/swg.fits[1]
scw/2337/233700150010.001/swg.fits[1]
scw/2337/233700190010.001/swg.fits[1]
scw/2337/233700200010.001/swg.fits[1]
scw/2337/233700260010.001/swg.fits[1]
scw/2337/233700270010.001/swg.fits[1]
scw/2337/233700280010.001/swg.fits[1]
scw/2338/233800310010.001/swg.fits[1]
scw/2338/233800320010.001/swg.fits[1]
scw/2338/233800330010.001/swg.fits[1]
scw/2339/233900050010.001/swg.fits[1]
scw/2339/233900060010.001/swg.fits[1]
scw/2339/233900070010.001/swg.fits[1]
scw/2340/234000050010.001/swg.fits[1]
scw/2340/234000060010.001/swg.fits[1]
scw/2340/234000070010.001/swg.fits[1]
scw/2340/234000120010.001/swg.fits[1]
scw/2340/234000130010.001/swg.fits[1]
scw/2340/234000140010.001/swg.fits[1]
scw/2340/234000200010.001/swg.fits[1]
scw/2341/234100050010.001/swg.fits[1]
scw/2341/234100060010.001/swg.fits[1]
scw/2341/234100070010.001/swg.fits[1]
scw/2341/234100150010.001/swg.fits[1]
scw/2341/234100160010.001/swg.fits[1]
scw/2341/234100210010.001/swg.fits[1]
scw/2341/234100220010.001/swg.fits[1]
scw/2342/234200050010.001/swg.fits[1]
scw/2342/234200060010.001/swg.fits[1]
scw/2342/234200070010.001/swg.fits[1]
scw/2343/234300050010.001/swg.fits[1]
scw/2343/234300060010.001/swg.fits[1]
scw/2343/234300230010.001/swg.fits[1]
scw/2343/234300240010.001/swg.fits[1]
scw/2344/234400500010.001/swg.fits[1]
scw/2344/234400510010.001/swg.fits[1]
scw/2344/234400520010.001/swg.fits[1]
scw/2345/234500130010.001/swg.fits[1]
scw/2345/234500140010.001/swg.fits[1]
scw/2345/234500150010.001/swg.fits[1]
scw/2345/234500200010.001/swg.fits[1]
scw/2345/234500210010.001/swg.fits[1]
scw/2346/234600050010.001/swg.fits[1]
scw/2346/234600060010.001/swg.fits[1]
scw/2346/234600110010.001/swg.fits[1]
scw/2346/234600120010.001/swg.fits[1]
scw/2346/234600130010.001/swg.fits[1]
scw/2346/234600140010.001/swg.fits[1]
scw/2348/234800030010.001/swg.fits[1]
scw/2348/234800040010.001/swg.fits[1]
scw/2348/234800050010.001/swg.fits[1]
scw/2348/234800190010.001/swg.fits[1]
scw/2348/234800200010.001/swg.fits[1]
scw/2348/234800360010.001/swg.fits[1]
scw/2348/234800370010.001/swg.fits[1]
scw/2348/234800510010.001/swg.fits[1]
scw/2348/234800520010.001/swg.fits[1]
scw/2348/234800530010.001/swg.fits[1]
scw/2349/234900660010.001/swg.fits[1]
scw/2352/235200050010.001/swg.fits[1]
scw/2352/235200060010.001/swg.fits[1]
scw/2352/235200070010.001/swg.fits[1]
scw/2352/235200110010.001/swg.fits[1]
scw/2352/235200120010.001/swg.fits[1]
scw/2352/235200130010.001/swg.fits[1]
scw/2352/235200140010.001/swg.fits[1]
scw/2352/235200290010.001/swg.fits[1]
scw/2353/235300310010.001/swg.fits[1]
scw/2353/235300320010.001/swg.fits[1]
scw/2353/235300330010.001/swg.fits[1]
scw/2354/235400180010.001/swg.fits[1]
scw/2354/235400190010.001/swg.fits[1]
scw/2354/235400200010.001/swg.fits[1]
scw/2354/235400210010.001/swg.fits[1]
scw/2354/235400350010.001/swg.fits[1]
scw/2354/235400360010.001/swg.fits[1]
scw/2354/235400370010.001/swg.fits[1]
scw/2355/235500050010.001/swg.fits[1]
scw/2355/235500060010.001/swg.fits[1]
scw/2355/235500070010.001/swg.fits[1]
scw/2355/235500120010.001/swg.fits[1]
scw/2355/235500130010.001/swg.fits[1]
scw/2355/235500140010.001/swg.fits[1]
scw/2355/235500280010.001/swg.fits[1]
scw/2355/235500290010.001/swg.fits[1]
scw/2355/235500300010.001/swg.fits[1]
scw/2355/235500450010.001/swg.fits[1]
scw/2357/235700290010.001/swg.fits[1]
scw/2357/235700300010.001/swg.fits[1]
scw/2357/235700310010.001/swg.fits[1]
scw/2357/235700370010.001/swg.fits[1]
scw/2357/235700380010.001/swg.fits[1]
scw/2357/235700510010.001/swg.fits[1]
scw/2357/235700520010.001/swg.fits[1]
scw/2357/235700690010.001/swg.fits[1]
scw/2358/235800050010.001/swg.fits[1]
scw/2358/235800060010.001/swg.fits[1]
scw/2358/235800070010.001/swg.fits[1]
scw/2358/235800120010.001/swg.fits[1]
scw/2358/235800130010.001/swg.fits[1]
scw/2358/235800140010.001/swg.fits[1]
scw/2397/239700650010.001/swg.fits[1]
scw/2398/239800660010.001/swg.fits[1]
scw/2398/239800700010.001/swg.fits[1]
scw/2398/239800710010.001/swg.fits[1]
scw/2398/239800720010.001/swg.fits[1]
scw/2399/239900270010.001/swg.fits[1]
scw/2399/239900280010.001/swg.fits[1]
scw/2399/239900340010.001/swg.fits[1]
scw/2399/239900380010.001/swg.fits[1]
scw/2399/239900390010.001/swg.fits[1]
scw/2399/239900400010.001/swg.fits[1]
scw/2400/240000390010.001/swg.fits[1]
scw/2400/240000430010.001/swg.fits[1]
scw/2400/240000440010.001/swg.fits[1]
scw/2400/240000450010.001/swg.fits[1]
scw/2402/240200280010.001/swg.fits[1]
scw/2402/240200320010.001/swg.fits[1]
scw/2402/240200330010.001/swg.fits[1]
scw/2402/240200340010.001/swg.fits[1]
scw/2403/240300220010.001/swg.fits[1]
scw/2403/240300230010.001/swg.fits[1]
scw/2403/240300240010.001/swg.fits[1]
scw/2403/240300280010.001/swg.fits[1]
scw/2403/240300470010.001/swg.fits[1]
scw/2403/240300480010.001/swg.fits[1]
scw/2403/240300490010.001/swg.fits[1]
scw/2404/240400320010.001/swg.fits[1]
scw/2404/240400360010.001/swg.fits[1]
scw/2404/240400370010.001/swg.fits[1]
scw/2404/240400380010.001/swg.fits[1]
scw/2405/240500060010.001/swg.fits[1]
scw/2405/240500070010.001/swg.fits[1]
scw/2405/240500070020.001/swg.fits[1]
scw/2405/240500720010.001/swg.fits[1]
scw/2405/240500760010.001/swg.fits[1]
scw/2405/240500780010.001/swg.fits[1]
scw/2406/240600280010.001/swg.fits[1]
scw/2406/240600320010.001/swg.fits[1]
scw/2406/240600330010.001/swg.fits[1]
scw/2406/240600340010.001/swg.fits[1]
scw/2407/240700330010.001/swg.fits[1]
scw/2407/240700370010.001/swg.fits[1]
scw/2407/240700380010.001/swg.fits[1]
scw/2407/240700390010.001/swg.fits[1]
scw/2407/240700450010.001/swg.fits[1]
scw/2407/240700460010.001/swg.fits[1]
scw/2407/240700490010.001/swg.fits[1]
scw/2408/240800240010.001/swg.fits[1]
scw/2408/240800280010.001/swg.fits[1]
scw/2408/240800290010.001/swg.fits[1]
scw/2408/240800300010.001/swg.fits[1]
scw/2408/240800300020.001/swg.fits[1]
scw/2409/240900650010.001/swg.fits[1]
scw/2409/240900690010.001/swg.fits[1]
scw/2409/240900700010.001/swg.fits[1]
scw/2409/240900710010.001/swg.fits[1]
scw/2409/240900710020.001/swg.fits[1]
scw/2410/241000020010.001/swg.fits[1]
scw/2410/241000060010.001/swg.fits[1]
scw/2410/241000070010.001/swg.fits[1]
scw/2410/241000080010.001/swg.fits[1]
scw/2412/241200230010.001/swg.fits[1]
scw/2412/241200270010.001/swg.fits[1]
scw/2412/241200280010.001/swg.fits[1]
scw/2412/241200290010.001/swg.fits[1]
scw/2413/241300210010.001/swg.fits[1]
scw/2413/241300250010.001/swg.fits[1]
scw/2413/241300260010.001/swg.fits[1]
scw/2413/241300270010.001/swg.fits[1]
scw/2414/241400040010.001/swg.fits[1]
scw/2414/241400080010.001/swg.fits[1]
scw/2414/241400090010.001/swg.fits[1]
scw/2414/241400100010.001/swg.fits[1]
scw/2414/241400170010.001/swg.fits[1]
scw/2418/241800750010.001/swg.fits[1]
scw/2418/241800790010.001/swg.fits[1]
scw/2418/241800800010.001/swg.fits[1]
scw/2418/241800810010.001/swg.fits[1]
scw/2422/242200590010.001/swg.fits[1]
scw/2427/242700040010.001/swg.fits[1]
scw/2427/242700080010.001/swg.fits[1]
scw/2427/242700090010.001/swg.fits[1]
scw/2427/242700100010.001/swg.fits[1]
scw/2467/246700600010.001/swg.fits[1]
scw/2470/247000370010.001/swg.fits[1]
scw/2470/247000380010.001/swg.fits[1]
scw/2470/247000390010.001/swg.fits[1]
scw/2472/247200030010.001/swg.fits[1]
scw/2472/247200040010.001/swg.fits[1]
scw/2472/247200050010.001/swg.fits[1]
scw/2473/247300380010.001/swg.fits[1]
scw/2473/247300390010.001/swg.fits[1]
scw/2473/247300400010.001/swg.fits[1]
scw/2473/247300410010.001/swg.fits[1]
scw/2474/247400310010.001/swg.fits[1]
scw/2474/247400320010.001/swg.fits[1]
scw/2474/247400330010.001/swg.fits[1]
scw/2475/247500090010.001/swg.fits[1]
scw/2475/247500150010.001/swg.fits[1]
scw/2475/247500160010.001/swg.fits[1]
scw/2475/247500170010.001/swg.fits[1]
scw/2475/247500190010.001/swg.fits[1]
scw/2475/247500250010.001/swg.fits[1]
scw/2475/247500260010.001/swg.fits[1]
scw/2475/247500310010.001/swg.fits[1]
scw/2475/247500320010.001/swg.fits[1]
scw/2475/247500330010.001/swg.fits[1]
