scw/0165/016500050010.001/swg.fits[1]
scw/0192/019200220010.001/swg.fits[1]
scw/0192/019200300010.001/swg.fits[1]
scw/0194/019400280010.001/swg.fits[1]
scw/0194/019400360010.001/swg.fits[1]
scw/0195/019500080010.001/swg.fits[1]
scw/0195/019500160010.001/swg.fits[1]
scw/0195/019500560010.001/swg.fits[1]
scw/0196/019600040010.001/swg.fits[1]
scw/0196/019600440010.001/swg.fits[1]
scw/0196/019600520010.001/swg.fits[1]
scw/0197/019700230010.001/swg.fits[1]
scw/0197/019700310010.001/swg.fits[1]
scw/0198/019800040010.001/swg.fits[1]
scw/0198/019800120010.001/swg.fits[1]
scw/0198/019800520010.001/swg.fits[1]
scw/0198/019800600010.001/swg.fits[1]
scw/0199/019900400010.001/swg.fits[1]
scw/0199/019900480010.001/swg.fits[1]
scw/0200/020000280010.001/swg.fits[1]
scw/0200/020000360010.001/swg.fits[1]
scw/0201/020100310010.001/swg.fits[1]
scw/0201/020100390010.001/swg.fits[1]
scw/0202/020200330010.001/swg.fits[1]
scw/0202/020200410010.001/swg.fits[1]
scw/0276/027600110010.001/swg.fits[1]
scw/0280/028000090010.001/swg.fits[1]
scw/0322/032200260010.001/swg.fits[1]
scw/0322/032200270010.001/swg.fits[1]
scw/0323/032300360010.001/swg.fits[1]
scw/0323/032300370010.001/swg.fits[1]
scw/0326/032600070010.001/swg.fits[1]
scw/0326/032600080010.001/swg.fits[1]
scw/0326/032600180010.001/swg.fits[1]
scw/0326/032600580010.001/swg.fits[1]
scw/0327/032700160010.001/swg.fits[1]
scw/0327/032700570010.001/swg.fits[1]
scw/0328/032800030010.001/swg.fits[1]
scw/0328/032800040010.001/swg.fits[1]
scw/0328/032800420010.001/swg.fits[1]
scw/0328/032800430010.001/swg.fits[1]
scw/0328/032800440010.001/swg.fits[1]
scw/0329/032900350010.001/swg.fits[1]
scw/0329/032900440010.001/swg.fits[1]
scw/0330/033000250010.001/swg.fits[1]
scw/0330/033000340010.001/swg.fits[1]
scw/0330/033000750010.001/swg.fits[1]
scw/0330/033000750020.001/swg.fits[1]
scw/0398/039800100010.001/swg.fits[1]
scw/0444/044400110010.001/swg.fits[1]
scw/0529/052900210010.001/swg.fits[1]
scw/0529/052900220010.001/swg.fits[1]
scw/0529/052900290010.001/swg.fits[1]
scw/0529/052900300010.001/swg.fits[1]
scw/0529/052900310010.001/swg.fits[1]
scw/0529/052900700010.001/swg.fits[1]
scw/0530/053000010010.001/swg.fits[1]
scw/0530/053000090010.001/swg.fits[1]
scw/0530/053000100010.001/swg.fits[1]
scw/0530/053000110010.001/swg.fits[1]
scw/0554/055400300010.001/swg.fits[1]
scw/0560/056000260010.001/swg.fits[1]
scw/0560/056000270010.001/swg.fits[1]
scw/0778/077800470010.001/swg.fits[1]
scw/0780/078000450010.001/swg.fits[1]
scw/0781/078100580010.001/swg.fits[1]
scw/0785/078500840010.001/swg.fits[1]
scw/1373/137300100010.001/swg.fits[1]
scw/1373/137300210010.001/swg.fits[1]
scw/1698/169800390010.001/swg.fits[1]
scw/1698/169800480010.001/swg.fits[1]
scw/1776/177600160010.001/swg.fits[1]
scw/1817/181700040010.001/swg.fits[1]
scw/1818/181800170010.001/swg.fits[1]
scw/1890/189000210010.001/swg.fits[1]
scw/1892/189200300010.001/swg.fits[1]
scw/1959/195900210010.001/swg.fits[1]
scw/1961/196100190010.001/swg.fits[1]
scw/2119/211900530010.001/swg.fits[1]
scw/2119/211900540010.001/swg.fits[1]
scw/2175/217500090010.001/swg.fits[1]
scw/2175/217500600010.001/swg.fits[1]
scw/2206/220600400010.001/swg.fits[1]
scw/2318/231800570010.001/swg.fits[1]
scw/2318/231800580010.001/swg.fits[1]
scw/2318/231800670010.001/swg.fits[1]
scw/2381/238100560010.001/swg.fits[1]
scw/2391/239100620010.001/swg.fits[1]
scw/2393/239300720010.001/swg.fits[1]
scw/2393/239300730010.001/swg.fits[1]
scw/2451/245100420010.001/swg.fits[1]
