scw/1238/123800610010.001/swg.fits[1]
scw/1239/123900290010.001/swg.fits[1]
scw/1239/123900310010.001/swg.fits[1]
scw/1239/123900320010.001/swg.fits[1]
scw/1239/123900610010.001/swg.fits[1]
scw/1239/123900620010.001/swg.fits[1]
scw/1239/123900630010.001/swg.fits[1]
scw/1240/124000030010.001/swg.fits[1]
scw/1240/124000130010.001/swg.fits[1]
scw/1240/124000140010.001/swg.fits[1]
scw/1240/124000150010.001/swg.fits[1]
scw/1240/124000160010.001/swg.fits[1]
scw/1241/124100380010.001/swg.fits[1]
scw/1241/124100390010.001/swg.fits[1]
scw/1241/124100400010.001/swg.fits[1]
scw/1241/124100570010.001/swg.fits[1]
scw/1241/124100590010.001/swg.fits[1]
scw/1241/124100600010.001/swg.fits[1]
scw/1254/125400340010.001/swg.fits[1]
scw/1347/134701040010.001/swg.fits[1]
scw/1347/134701050010.001/swg.fits[1]
scw/1348/134800800010.001/swg.fits[1]
scw/1348/134800810010.001/swg.fits[1]
scw/1348/134801020010.001/swg.fits[1]
scw/1348/134801030010.001/swg.fits[1]
scw/1349/134900670010.001/swg.fits[1]
scw/1349/134900760010.001/swg.fits[1]
scw/1349/134900780010.001/swg.fits[1]
scw/1349/134900790010.001/swg.fits[1]
scw/1349/134900860010.001/swg.fits[1]
scw/1350/135000670010.001/swg.fits[1]
scw/1350/135000680010.001/swg.fits[1]
scw/1350/135000750010.001/swg.fits[1]
scw/1350/135000760010.001/swg.fits[1]
scw/1350/135000880010.001/swg.fits[1]
scw/1350/135000950010.001/swg.fits[1]
scw/1350/135000960010.001/swg.fits[1]
scw/1351/135100020010.001/swg.fits[1]
scw/1351/135100040010.001/swg.fits[1]
scw/1351/135100230010.001/swg.fits[1]
scw/1351/135100240010.001/swg.fits[1]
scw/1351/135100310010.001/swg.fits[1]
scw/1351/135100320010.001/swg.fits[1]
scw/1351/135100430010.001/swg.fits[1]
scw/1351/135100440010.001/swg.fits[1]
scw/1352/135200030010.001/swg.fits[1]
scw/1353/135300740010.001/swg.fits[1]
scw/1353/135300930010.001/swg.fits[1]
scw/1353/135300940010.001/swg.fits[1]
scw/1354/135400940010.001/swg.fits[1]
scw/1355/135500750010.001/swg.fits[1]
scw/1355/135500820010.001/swg.fits[1]
scw/1355/135500830010.001/swg.fits[1]
scw/1356/135600770010.001/swg.fits[1]
scw/1356/135600780010.001/swg.fits[1]
scw/1356/135600790010.001/swg.fits[1]
scw/1356/135600800010.001/swg.fits[1]
scw/1357/135700640010.001/swg.fits[1]
scw/1357/135700650010.001/swg.fits[1]
scw/1357/135700660010.001/swg.fits[1]
scw/1357/135700670010.001/swg.fits[1]
scw/1357/135700840010.001/swg.fits[1]
scw/1357/135700860010.001/swg.fits[1]
scw/1357/135700870010.001/swg.fits[1]
scw/1358/135800230010.001/swg.fits[1]
scw/1358/135800240010.001/swg.fits[1]
scw/1358/135800250010.001/swg.fits[1]
scw/1358/135800410010.001/swg.fits[1]
scw/1358/135800420010.001/swg.fits[1]
scw/1358/135800440010.001/swg.fits[1]
scw/1358/135800450010.001/swg.fits[1]
scw/1358/135800650010.001/swg.fits[1]
scw/1358/135800710010.001/swg.fits[1]
scw/1358/135800720010.001/swg.fits[1]
scw/1358/135800730010.001/swg.fits[1]
scw/1358/135800750010.001/swg.fits[1]
scw/1359/135900610010.001/swg.fits[1]
scw/1359/135900630010.001/swg.fits[1]
scw/1359/135900640010.001/swg.fits[1]
scw/1359/135900910010.001/swg.fits[1]
scw/1359/135900920010.001/swg.fits[1]
scw/1359/135900930010.001/swg.fits[1]
scw/1359/135900940010.001/swg.fits[1]
scw/1360/136000100010.001/swg.fits[1]
scw/1360/136000110010.001/swg.fits[1]
scw/1360/136000130010.001/swg.fits[1]
scw/1360/136000300010.001/swg.fits[1]
scw/1360/136000310010.001/swg.fits[1]
scw/1360/136000320010.001/swg.fits[1]
scw/1360/136000600010.001/swg.fits[1]
scw/1360/136000610010.001/swg.fits[1]
scw/1360/136000620010.001/swg.fits[1]
scw/1360/136000630010.001/swg.fits[1]
scw/1360/136000800010.001/swg.fits[1]
scw/1360/136000820010.001/swg.fits[1]
scw/1360/136000830010.001/swg.fits[1]
scw/1361/136100260010.001/swg.fits[1]
scw/1361/136100270010.001/swg.fits[1]
scw/1361/136100280010.001/swg.fits[1]
scw/1361/136100440010.001/swg.fits[1]
scw/1361/136100450010.001/swg.fits[1]
scw/1361/136100480010.001/swg.fits[1]
scw/1361/136100750010.001/swg.fits[1]
scw/1361/136100760010.001/swg.fits[1]
scw/1361/136100780010.001/swg.fits[1]
scw/1362/136200080010.001/swg.fits[1]
scw/1362/136200100010.001/swg.fits[1]
scw/1362/136200110010.001/swg.fits[1]
scw/1362/136200380010.001/swg.fits[1]
scw/1362/136200400010.001/swg.fits[1]
scw/1362/136200410010.001/swg.fits[1]
scw/1362/136200420010.001/swg.fits[1]
scw/1363/136300080010.001/swg.fits[1]
scw/1363/136300180010.001/swg.fits[1]
scw/1363/136300190010.001/swg.fits[1]
scw/1363/136300200010.001/swg.fits[1]
scw/1363/136300210010.001/swg.fits[1]
scw/1363/136300490010.001/swg.fits[1]
scw/1363/136300500010.001/swg.fits[1]
scw/1363/136300510010.001/swg.fits[1]
scw/1363/136300680010.001/swg.fits[1]
scw/1363/136300700010.001/swg.fits[1]
scw/1363/136300710010.001/swg.fits[1]
scw/1380/138000260010.001/swg.fits[1]
scw/1380/138000270010.001/swg.fits[1]
scw/1380/138000310010.001/swg.fits[1]
scw/1381/138100240010.001/swg.fits[1]
scw/1381/138100250010.001/swg.fits[1]
scw/1381/138100290010.001/swg.fits[1]
scw/1382/138200050010.001/swg.fits[1]
scw/1382/138200100010.001/swg.fits[1]
scw/1382/138200110010.001/swg.fits[1]
scw/1382/138200150010.001/swg.fits[1]
scw/1383/138300450010.001/swg.fits[1]
scw/1383/138300460010.001/swg.fits[1]
scw/1383/138300500010.001/swg.fits[1]
scw/1383/138300510010.001/swg.fits[1]
scw/1383/138300540010.001/swg.fits[1]
scw/1383/138300550010.001/swg.fits[1]
scw/1383/138300560010.001/swg.fits[1]
scw/1383/138300600010.001/swg.fits[1]
scw/1384/138400210010.001/swg.fits[1]
scw/1384/138400260010.001/swg.fits[1]
scw/1384/138400270010.001/swg.fits[1]
scw/1384/138400300010.001/swg.fits[1]
scw/1384/138400310010.001/swg.fits[1]
scw/1384/138400320010.001/swg.fits[1]
scw/1384/138400360010.001/swg.fits[1]
scw/1385/138500210010.001/swg.fits[1]
scw/1385/138500220010.001/swg.fits[1]
scw/1385/138500260010.001/swg.fits[1]
scw/1385/138500300010.001/swg.fits[1]
scw/1385/138500310010.001/swg.fits[1]
scw/1385/138500320010.001/swg.fits[1]
scw/1385/138500350010.001/swg.fits[1]
scw/1385/138500360010.001/swg.fits[1]
scw/1386/138600030010.001/swg.fits[1]
scw/1386/138600040010.001/swg.fits[1]
scw/1386/138600080010.001/swg.fits[1]
scw/1388/138800190010.001/swg.fits[1]
scw/1388/138800200010.001/swg.fits[1]
scw/1388/138800230010.001/swg.fits[1]
scw/1388/138800240010.001/swg.fits[1]
scw/1388/138800290010.001/swg.fits[1]
scw/1388/138800300010.001/swg.fits[1]
scw/1388/138800330010.001/swg.fits[1]
scw/1389/138900080010.001/swg.fits[1]
scw/1389/138900090010.001/swg.fits[1]
scw/1389/138900130010.001/swg.fits[1]
scw/1389/138900140010.001/swg.fits[1]
scw/1389/138900180010.001/swg.fits[1]
scw/1389/138900190010.001/swg.fits[1]
scw/1389/138900230010.001/swg.fits[1]
scw/1390/139000080010.001/swg.fits[1]
scw/1390/139000140010.001/swg.fits[1]
scw/1390/139000150010.001/swg.fits[1]
scw/1390/139000180010.001/swg.fits[1]
scw/1390/139000240010.001/swg.fits[1]
scw/1390/139000250010.001/swg.fits[1]
scw/1390/139000280010.001/swg.fits[1]
scw/1390/139000290010.001/swg.fits[1]
scw/1391/139100020010.001/swg.fits[1]
scw/1391/139100030010.001/swg.fits[1]
scw/1391/139100060010.001/swg.fits[1]
scw/1391/139100070010.001/swg.fits[1]
scw/1391/139100360010.001/swg.fits[1]
scw/1391/139100430010.001/swg.fits[1]
scw/1391/139100440010.001/swg.fits[1]
scw/1391/139100460010.001/swg.fits[1]
scw/1391/139100530010.001/swg.fits[1]
scw/1391/139100560010.001/swg.fits[1]
scw/1391/139100570010.001/swg.fits[1]
scw/1392/139200030010.001/swg.fits[1]
scw/1392/139200040010.001/swg.fits[1]
scw/1392/139200270010.001/swg.fits[1]
scw/1392/139200320010.001/swg.fits[1]
scw/1392/139200330010.001/swg.fits[1]
scw/1392/139200360010.001/swg.fits[1]
scw/1392/139200370010.001/swg.fits[1]
scw/1393/139300220010.001/swg.fits[1]
scw/1393/139300250010.001/swg.fits[1]
