scw/0683/068300960010.001/swg.fits[1]
scw/0683/068300970010.001/swg.fits[1]
scw/0684/068400130010.001/swg.fits[1]
scw/0684/068400140010.001/swg.fits[1]
scw/0684/068400150010.001/swg.fits[1]
scw/0684/068400180010.001/swg.fits[1]
scw/0684/068400190010.001/swg.fits[1]
scw/0684/068400200010.001/swg.fits[1]
scw/0684/068400930010.001/swg.fits[1]
scw/0684/068400940010.001/swg.fits[1]
scw/0684/068400950010.001/swg.fits[1]
scw/0684/068400980010.001/swg.fits[1]
scw/0684/068400990010.001/swg.fits[1]
scw/0739/073900460010.001/swg.fits[1]
scw/0739/073900470010.001/swg.fits[1]
scw/0739/073900520010.001/swg.fits[1]
scw/0739/073900530010.001/swg.fits[1]
scw/0739/073900660010.001/swg.fits[1]
scw/0739/073900670010.001/swg.fits[1]
scw/0739/073900680010.001/swg.fits[1]
scw/0739/073900710010.001/swg.fits[1]
scw/0739/073900720010.001/swg.fits[1]
scw/0739/073900730010.001/swg.fits[1]
scw/0741/074100620010.001/swg.fits[1]
scw/0741/074100630010.001/swg.fits[1]
scw/0741/074100680010.001/swg.fits[1]
scw/0741/074100690010.001/swg.fits[1]
scw/0741/074100820010.001/swg.fits[1]
scw/0741/074100830010.001/swg.fits[1]
scw/0741/074100880010.001/swg.fits[1]
scw/0741/074100890010.001/swg.fits[1]
scw/0742/074200540010.001/swg.fits[1]
scw/0742/074200550010.001/swg.fits[1]
scw/0742/074200680010.001/swg.fits[1]
scw/0742/074200690010.001/swg.fits[1]
scw/0742/074200880010.001/swg.fits[1]
scw/0742/074200890010.001/swg.fits[1]
scw/0742/074200940010.001/swg.fits[1]
scw/0742/074200950010.001/swg.fits[1]
scw/0743/074300750010.001/swg.fits[1]
scw/0743/074300760010.001/swg.fits[1]
scw/0743/074300810010.001/swg.fits[1]
scw/0743/074300820010.001/swg.fits[1]
scw/0743/074300950010.001/swg.fits[1]
scw/0743/074300960010.001/swg.fits[1]
scw/0743/074300970010.001/swg.fits[1]
scw/0743/074301000010.001/swg.fits[1]
scw/0744/074400010010.001/swg.fits[1]
scw/0744/074400140010.001/swg.fits[1]
scw/0744/074400150010.001/swg.fits[1]
scw/0744/074400160010.001/swg.fits[1]
scw/0744/074400740010.001/swg.fits[1]
scw/0744/074400750010.001/swg.fits[1]
scw/0744/074400760010.001/swg.fits[1]
scw/0744/074400790010.001/swg.fits[1]
scw/0744/074400800010.001/swg.fits[1]
scw/0744/074400810010.001/swg.fits[1]
scw/0744/074400940010.001/swg.fits[1]
scw/0744/074400950010.001/swg.fits[1]
scw/0744/074401000010.001/swg.fits[1]
scw/0744/074401010010.001/swg.fits[1]
scw/0745/074500340010.001/swg.fits[1]
scw/0745/074500350010.001/swg.fits[1]
scw/0745/074500790010.001/swg.fits[1]
scw/0745/074500800010.001/swg.fits[1]
scw/0745/074500810010.001/swg.fits[1]
scw/0746/074600570010.001/swg.fits[1]
scw/0746/074600580010.001/swg.fits[1]
scw/0746/074600590010.001/swg.fits[1]
scw/0746/074600620010.001/swg.fits[1]
scw/0746/074600630010.001/swg.fits[1]
scw/0746/074600640010.001/swg.fits[1]
scw/0758/075800120010.001/swg.fits[1]
scw/0758/075800130010.001/swg.fits[1]
scw/0803/080300130010.001/swg.fits[1]
scw/0803/080300140010.001/swg.fits[1]
scw/0803/080300270010.001/swg.fits[1]
scw/0803/080300280010.001/swg.fits[1]
scw/0803/080300330010.001/swg.fits[1]
scw/0803/080300340010.001/swg.fits[1]
scw/0803/080300470010.001/swg.fits[1]
scw/0803/080300480010.001/swg.fits[1]
scw/0803/080300530010.001/swg.fits[1]
scw/0803/080300540010.001/swg.fits[1]
scw/0803/080300670010.001/swg.fits[1]
scw/0803/080300680010.001/swg.fits[1]
scw/0804/080400150010.001/swg.fits[1]
scw/0804/080400160010.001/swg.fits[1]
scw/0804/080400170010.001/swg.fits[1]
scw/0804/080400300010.001/swg.fits[1]
scw/0804/080400310010.001/swg.fits[1]
scw/0804/080400320010.001/swg.fits[1]
scw/0804/080400500010.001/swg.fits[1]
scw/0804/080400510010.001/swg.fits[1]
scw/0804/080400520010.001/swg.fits[1]
scw/0804/080400550010.001/swg.fits[1]
scw/0805/080500290010.001/swg.fits[1]
scw/0805/080500300010.001/swg.fits[1]
scw/0805/080500310010.001/swg.fits[1]
scw/0805/080500340010.001/swg.fits[1]
scw/0805/080500350010.001/swg.fits[1]
scw/0805/080500360010.001/swg.fits[1]
scw/0805/080500490010.001/swg.fits[1]
scw/0805/080500500010.001/swg.fits[1]
scw/0805/080500550010.001/swg.fits[1]
scw/0805/080500560010.001/swg.fits[1]
scw/0806/080600260010.001/swg.fits[1]
scw/0806/080600270010.001/swg.fits[1]
scw/0806/080600300010.001/swg.fits[1]
scw/0806/080600310010.001/swg.fits[1]
scw/0806/080600450010.001/swg.fits[1]
scw/0806/080600460010.001/swg.fits[1]
scw/0806/080600470010.001/swg.fits[1]
scw/0806/080600500010.001/swg.fits[1]
scw/0806/080600510010.001/swg.fits[1]
scw/0806/080600520010.001/swg.fits[1]
scw/0806/080600650010.001/swg.fits[1]
scw/0806/080600660010.001/swg.fits[1]
scw/0806/080600670010.001/swg.fits[1]
scw/0875/087500950010.001/swg.fits[1]
scw/0875/087500960010.001/swg.fits[1]
scw/0875/087501010010.001/swg.fits[1]
scw/0875/087501020010.001/swg.fits[1]
scw/0877/087700400010.001/swg.fits[1]
scw/0877/087700410010.001/swg.fits[1]
scw/0877/087700420010.001/swg.fits[1]
scw/0877/087700450010.001/swg.fits[1]
scw/0877/087700460010.001/swg.fits[1]
scw/0877/087700470010.001/swg.fits[1]
scw/0983/098300340010.001/swg.fits[1]
scw/0983/098300350010.001/swg.fits[1]
scw/0983/098300420010.001/swg.fits[1]
scw/0983/098300430010.001/swg.fits[1]
scw/0983/098300570010.001/swg.fits[1]
scw/0983/098300580010.001/swg.fits[1]
scw/0983/098300630010.001/swg.fits[1]
scw/0983/098300640010.001/swg.fits[1]
scw/0985/098500500010.001/swg.fits[1]
scw/0985/098500510010.001/swg.fits[1]
scw/0985/098500660010.001/swg.fits[1]
scw/0985/098500670010.001/swg.fits[1]
scw/0985/098500940010.001/swg.fits[1]
scw/0985/098500950010.001/swg.fits[1]
scw/0986/098600520010.001/swg.fits[1]
scw/0986/098600530010.001/swg.fits[1]
scw/0989/098900180010.001/swg.fits[1]
scw/0989/098900200010.001/swg.fits[1]
scw/0989/098900250010.001/swg.fits[1]
scw/0989/098900260010.001/swg.fits[1]
scw/0989/098900430010.001/swg.fits[1]
scw/0989/098900450010.001/swg.fits[1]
scw/0989/098900470010.001/swg.fits[1]
scw/0989/098900510010.001/swg.fits[1]
scw/0989/098900520010.001/swg.fits[1]
scw/0989/098900700010.001/swg.fits[1]
scw/0989/098900710010.001/swg.fits[1]
scw/0989/098900720010.001/swg.fits[1]
scw/0992/099200290010.001/swg.fits[1]
scw/0992/099200300010.001/swg.fits[1]
scw/0992/099200320010.001/swg.fits[1]
scw/0992/099200470010.001/swg.fits[1]
scw/0992/099200480010.001/swg.fits[1]
scw/0992/099200480020.001/swg.fits[1]
scw/0992/099200520010.001/swg.fits[1]
scw/0992/099200530010.001/swg.fits[1]
scw/0992/099200550010.001/swg.fits[1]
scw/0992/099200740010.001/swg.fits[1]
scw/0992/099200760010.001/swg.fits[1]
scw/0992/099200820010.001/swg.fits[1]
scw/0992/099200830010.001/swg.fits[1]
scw/0993/099300470010.001/swg.fits[1]
scw/0993/099300480010.001/swg.fits[1]
scw/0994/099400270010.001/swg.fits[1]
scw/0994/099400280010.001/swg.fits[1]
scw/0994/099400290010.001/swg.fits[1]
scw/0994/099400450010.001/swg.fits[1]
scw/0994/099400460010.001/swg.fits[1]
scw/0994/099400470010.001/swg.fits[1]
scw/0994/099400500010.001/swg.fits[1]
scw/0994/099400510010.001/swg.fits[1]
scw/0994/099400730010.001/swg.fits[1]
scw/0994/099400750010.001/swg.fits[1]
scw/0994/099400880010.001/swg.fits[1]
scw/0994/099400890010.001/swg.fits[1]
scw/0995/099500500010.001/swg.fits[1]
scw/0995/099500520010.001/swg.fits[1]
scw/0995/099500660010.001/swg.fits[1]
scw/0995/099500670010.001/swg.fits[1]
scw/0995/099500730010.001/swg.fits[1]
scw/0995/099500750010.001/swg.fits[1]
scw/0995/099500900010.001/swg.fits[1]
scw/0995/099500910010.001/swg.fits[1]
scw/0995/099500970010.001/swg.fits[1]
scw/0996/099600040010.001/swg.fits[1]
scw/0996/099600190010.001/swg.fits[1]
scw/0996/099600200010.001/swg.fits[1]
scw/0996/099600710010.001/swg.fits[1]
scw/0996/099600720010.001/swg.fits[1]
scw/0996/099600730010.001/swg.fits[1]
scw/0996/099600900010.001/swg.fits[1]
scw/0996/099600910010.001/swg.fits[1]
scw/0996/099600920010.001/swg.fits[1]
scw/0998/099800270010.001/swg.fits[1]
scw/1037/103700890010.001/swg.fits[1]
scw/1037/103700950010.001/swg.fits[1]
scw/1048/104800140010.001/swg.fits[1]
scw/1049/104900670010.001/swg.fits[1]
scw/1050/105000620010.001/swg.fits[1]
