scw/0049/004900770010.001/swg.fits[1]
scw/0051/005101000010.001/swg.fits[1]
scw/0053/005301060010.001/swg.fits[1]
scw/0054/005400190010.001/swg.fits[1]
scw/0056/005600270010.001/swg.fits[1]
scw/0058/005800550010.001/swg.fits[1]
scw/0060/006000990010.001/swg.fits[1]
scw/0065/006500400010.001/swg.fits[1]
scw/0065/006500410010.001/swg.fits[1]
scw/0065/006500420010.001/swg.fits[1]
scw/0065/006500430010.001/swg.fits[1]
scw/0065/006500570010.001/swg.fits[1]
scw/0065/006500580010.001/swg.fits[1]
scw/0065/006500660010.001/swg.fits[1]
scw/0065/006500670010.001/swg.fits[1]
scw/0066/006600420010.001/swg.fits[1]
scw/0066/006600430010.001/swg.fits[1]
scw/0066/006600660010.001/swg.fits[1]
scw/0066/006600670010.001/swg.fits[1]
scw/0066/006600920010.001/swg.fits[1]
scw/0066/006600930010.001/swg.fits[1]
scw/0117/011701060010.001/swg.fits[1]
scw/0117/011701070010.001/swg.fits[1]
scw/0123/012300790010.001/swg.fits[1]
scw/0123/012300800010.001/swg.fits[1]
scw/0123/012300810010.001/swg.fits[1]
scw/0123/012300820010.001/swg.fits[1]
scw/0123/012300960010.001/swg.fits[1]
scw/0123/012300970010.001/swg.fits[1]
scw/0123/012300980010.001/swg.fits[1]
scw/0123/012300990010.001/swg.fits[1]
scw/0131/013100070010.001/swg.fits[1]
scw/0131/013100070020.001/swg.fits[1]
scw/0131/013100070030.001/swg.fits[1]
scw/0131/013100070040.001/swg.fits[1]
scw/0131/013100070050.001/swg.fits[1]
scw/0131/013100070060.001/swg.fits[1]
scw/0131/013100070070.001/swg.fits[1]
scw/0131/013100070080.001/swg.fits[1]
scw/0131/013100070090.001/swg.fits[1]
scw/0131/013100070100.001/swg.fits[1]
scw/0131/013100070110.001/swg.fits[1]
scw/0131/013100070120.001/swg.fits[1]
scw/0131/013100070130.001/swg.fits[1]
scw/0131/013100070140.001/swg.fits[1]
scw/0131/013100070150.001/swg.fits[1]
scw/0131/013100070160.001/swg.fits[1]
scw/0131/013100070170.001/swg.fits[1]
scw/0131/013100070180.001/swg.fits[1]
scw/0131/013100070190.001/swg.fits[1]
scw/0131/013100070200.001/swg.fits[1]
scw/0131/013100070210.001/swg.fits[1]
scw/0131/013100070220.001/swg.fits[1]
scw/0133/013300540010.001/swg.fits[1]
scw/0133/013300540020.001/swg.fits[1]
scw/0133/013300540030.001/swg.fits[1]
scw/0133/013300540040.001/swg.fits[1]
scw/0133/013300540050.001/swg.fits[1]
scw/0133/013300540060.001/swg.fits[1]
scw/0133/013300540070.001/swg.fits[1]
scw/0133/013300540080.001/swg.fits[1]
scw/0133/013300540090.001/swg.fits[1]
scw/0133/013300540100.001/swg.fits[1]
scw/0133/013300540110.001/swg.fits[1]
scw/0134/013400050010.001/swg.fits[1]
scw/0134/013400060010.001/swg.fits[1]
scw/0134/013400060020.001/swg.fits[1]
scw/0134/013400060030.001/swg.fits[1]
scw/0134/013400060040.001/swg.fits[1]
scw/0134/013400060050.001/swg.fits[1]
scw/0134/013400060060.001/swg.fits[1]
scw/0134/013400060070.001/swg.fits[1]
scw/0134/013400060080.001/swg.fits[1]
scw/0134/013400060090.001/swg.fits[1]
scw/0134/013400060100.001/swg.fits[1]
scw/0134/013400060110.001/swg.fits[1]
scw/0134/013400060120.001/swg.fits[1]
scw/0134/013400060130.001/swg.fits[1]
scw/0134/013400060140.001/swg.fits[1]
scw/0134/013400060150.001/swg.fits[1]
scw/0134/013400060160.001/swg.fits[1]
scw/0134/013400060170.001/swg.fits[1]
scw/0134/013400060180.001/swg.fits[1]
scw/0134/013400060190.001/swg.fits[1]
scw/0134/013400060200.001/swg.fits[1]
scw/0134/013400060210.001/swg.fits[1]
scw/0134/013400060220.001/swg.fits[1]
scw/0134/013400060230.001/swg.fits[1]
scw/0134/013400060240.001/swg.fits[1]
scw/0134/013400060250.001/swg.fits[1]
scw/0134/013400060260.001/swg.fits[1]
scw/0134/013400060270.001/swg.fits[1]
scw/0134/013400060280.001/swg.fits[1]
scw/0134/013400060290.001/swg.fits[1]
scw/0134/013400060300.001/swg.fits[1]
scw/0134/013400060310.001/swg.fits[1]
scw/0134/013400060320.001/swg.fits[1]
scw/0134/013400070010.001/swg.fits[1]
scw/0134/013400070020.001/swg.fits[1]
scw/0134/013400070030.001/swg.fits[1]
scw/0134/013400070040.001/swg.fits[1]
scw/0134/013400070050.001/swg.fits[1]
scw/0134/013400070060.001/swg.fits[1]
scw/0134/013400070070.001/swg.fits[1]
scw/0134/013400070080.001/swg.fits[1]
scw/0134/013400070090.001/swg.fits[1]
scw/0134/013400070100.001/swg.fits[1]
scw/0134/013400070110.001/swg.fits[1]
scw/0134/013400070120.001/swg.fits[1]
scw/0134/013400070130.001/swg.fits[1]
scw/0134/013400070140.001/swg.fits[1]
scw/0134/013400080010.001/swg.fits[1]
scw/0134/013400080020.001/swg.fits[1]
scw/0134/013400080030.001/swg.fits[1]
scw/0134/013400080040.001/swg.fits[1]
scw/0134/013400080050.001/swg.fits[1]
scw/0229/022900230010.001/swg.fits[1]
scw/0309/030900490010.001/swg.fits[1]
scw/0309/030900580010.001/swg.fits[1]
scw/0309/030900780010.001/swg.fits[1]
scw/0309/030900790010.001/swg.fits[1]
scw/0851/085100940010.001/swg.fits[1]
scw/0851/085100950010.001/swg.fits[1]
scw/0851/085100960010.001/swg.fits[1]
scw/0906/090600470010.001/swg.fits[1]
scw/0906/090600480010.001/swg.fits[1]
scw/0906/090600490010.001/swg.fits[1]
scw/0906/090601020010.001/swg.fits[1]
scw/0907/090700570010.001/swg.fits[1]
scw/0907/090701090010.001/swg.fits[1]
scw/0907/090701100010.001/swg.fits[1]
scw/0908/090800050010.001/swg.fits[1]
scw/0908/090800060010.001/swg.fits[1]
scw/0908/090800070010.001/swg.fits[1]
scw/0908/090800570010.001/swg.fits[1]
scw/0908/090800580010.001/swg.fits[1]
scw/0909/090900310010.001/swg.fits[1]
scw/0909/090900320010.001/swg.fits[1]
scw/0909/090900330010.001/swg.fits[1]
scw/0909/090900990010.001/swg.fits[1]
scw/0909/090901000010.001/swg.fits[1]
scw/0910/091000320010.001/swg.fits[1]
scw/0910/091001000010.001/swg.fits[1]
scw/1605/160500030010.001/swg.fits[1]
scw/1605/160500280010.001/swg.fits[1]
scw/2269/226900320010.001/swg.fits[1]
scw/2409/240900390010.001/swg.fits[1]
scw/2409/240900400010.001/swg.fits[1]
scw/2409/240900470010.001/swg.fits[1]
scw/2409/240900480010.001/swg.fits[1]
scw/2418/241800490010.001/swg.fits[1]
scw/2418/241800500010.001/swg.fits[1]
scw/2418/241800510010.001/swg.fits[1]
scw/2418/241800570010.001/swg.fits[1]
