scw/1706/170600080010.001/swg.fits[1]
scw/1706/170600090010.001/swg.fits[1]
scw/1706/170600130010.001/swg.fits[1]
scw/1706/170600140010.001/swg.fits[1]
scw/1707/170700020010.001/swg.fits[1]
scw/1707/170700060010.001/swg.fits[1]
scw/1707/170700070010.001/swg.fits[1]
scw/1707/170700110010.001/swg.fits[1]
scw/1707/170700160010.001/swg.fits[1]
scw/1707/170700260010.001/swg.fits[1]
scw/1707/170700310010.001/swg.fits[1]
scw/1707/170700320010.001/swg.fits[1]
scw/1707/170700360010.001/swg.fits[1]
scw/1707/170700370010.001/swg.fits[1]
scw/1708/170800580010.001/swg.fits[1]
scw/1708/170800620010.001/swg.fits[1]
scw/1708/170800630010.001/swg.fits[1]
scw/1708/170800720010.001/swg.fits[1]
scw/1710/171000770010.001/swg.fits[1]
scw/1710/171000780010.001/swg.fits[1]
scw/1716/171600620010.001/swg.fits[1]
scw/1716/171600630010.001/swg.fits[1]
scw/1716/171600670010.001/swg.fits[1]
scw/1716/171600680010.001/swg.fits[1]
scw/1738/173800230010.001/swg.fits[1]
scw/1738/173800280010.001/swg.fits[1]
scw/1769/176900250010.001/swg.fits[1]
scw/1769/176900260010.001/swg.fits[1]
scw/1769/176900330010.001/swg.fits[1]
scw/1770/177000230010.001/swg.fits[1]
scw/1770/177000240010.001/swg.fits[1]
scw/1770/177000310010.001/swg.fits[1]
scw/1771/177100020010.001/swg.fits[1]
scw/1771/177100030010.001/swg.fits[1]
scw/1771/177100100010.001/swg.fits[1]
scw/1771/177100110010.001/swg.fits[1]
scw/1772/177200090010.001/swg.fits[1]
scw/1773/177300570010.001/swg.fits[1]
scw/1773/177300650010.001/swg.fits[1]
scw/1774/177400010010.001/swg.fits[1]
scw/1774/177400020010.001/swg.fits[1]
scw/1774/177400100010.001/swg.fits[1]
scw/1774/177400110010.001/swg.fits[1]
scw/1775/177500100010.001/swg.fits[1]
scw/1775/177500190010.001/swg.fits[1]
scw/1775/177500200010.001/swg.fits[1]
scw/1775/177500290010.001/swg.fits[1]
scw/1775/177500570010.001/swg.fits[1]
scw/1775/177500650010.001/swg.fits[1]
scw/1776/177600270010.001/swg.fits[1]
scw/1776/177600280010.001/swg.fits[1]
scw/1817/181700010010.001/swg.fits[1]
scw/1817/181700020010.001/swg.fits[1]
scw/1817/181700070010.001/swg.fits[1]
scw/1817/181700080010.001/swg.fits[1]
scw/1818/181800140010.001/swg.fits[1]
scw/1818/181800150010.001/swg.fits[1]
scw/1818/181800160010.001/swg.fits[1]
scw/1818/181800190010.001/swg.fits[1]
scw/1818/181800200010.001/swg.fits[1]
scw/1818/181800250010.001/swg.fits[1]
scw/1823/182300130010.001/swg.fits[1]
scw/1823/182300190010.001/swg.fits[1]
scw/1823/182300250010.001/swg.fits[1]
scw/1823/182300260010.001/swg.fits[1]
scw/1825/182500270010.001/swg.fits[1]
scw/1825/182500280010.001/swg.fits[1]
scw/1825/182500320010.001/swg.fits[1]
scw/1825/182500380010.001/swg.fits[1]
scw/1826/182600510010.001/swg.fits[1]
scw/1826/182600520010.001/swg.fits[1]
scw/1827/182700110010.001/swg.fits[1]
scw/1827/182700170010.001/swg.fits[1]
scw/1828/182800510010.001/swg.fits[1]
scw/1828/182800630010.001/swg.fits[1]
scw/1828/182800640010.001/swg.fits[1]
scw/1829/182900150010.001/swg.fits[1]
scw/1829/182900160010.001/swg.fits[1]
scw/1829/182900190010.001/swg.fits[1]
scw/1831/183100400010.001/swg.fits[1]
scw/1831/183100520010.001/swg.fits[1]
scw/1831/183100530010.001/swg.fits[1]
scw/1833/183300110010.001/swg.fits[1]
scw/1833/183300160010.001/swg.fits[1]
scw/1833/183300180010.001/swg.fits[1]
scw/1833/183300230010.001/swg.fits[1]
scw/1837/183700530010.001/swg.fits[1]
scw/1837/183700580010.001/swg.fits[1]
scw/1837/183700600010.001/swg.fits[1]
scw/1837/183700650010.001/swg.fits[1]
scw/1840/184000190010.001/swg.fits[1]
scw/1840/184000240010.001/swg.fits[1]
scw/1840/184000260010.001/swg.fits[1]
scw/1840/184000310010.001/swg.fits[1]
scw/1841/184100190010.001/swg.fits[1]
scw/1841/184100240010.001/swg.fits[1]
scw/1841/184100260010.001/swg.fits[1]
scw/1841/184100310010.001/swg.fits[1]
scw/1846/184600230010.001/swg.fits[1]
scw/1846/184600240010.001/swg.fits[1]
scw/1903/190300300010.001/swg.fits[1]
scw/1903/190300390010.001/swg.fits[1]
scw/1903/190300400010.001/swg.fits[1]
scw/1904/190400210010.001/swg.fits[1]
scw/1904/190400220010.001/swg.fits[1]
scw/1904/190400280010.001/swg.fits[1]
scw/1905/190500210010.001/swg.fits[1]
scw/1905/190500220010.001/swg.fits[1]
scw/1905/190500280010.001/swg.fits[1]
scw/1906/190600350010.001/swg.fits[1]
scw/1906/190600440010.001/swg.fits[1]
scw/1906/190600450010.001/swg.fits[1]
scw/1907/190700200010.001/swg.fits[1]
scw/1907/190700290010.001/swg.fits[1]
scw/1907/190700300010.001/swg.fits[1]
scw/1913/191300210010.001/swg.fits[1]
scw/1913/191300280010.001/swg.fits[1]
scw/1914/191400750010.001/swg.fits[1]
scw/1914/191400760010.001/swg.fits[1]
scw/1914/191400840010.001/swg.fits[1]
scw/1915/191500210010.001/swg.fits[1]
scw/1915/191500280010.001/swg.fits[1]
scw/1916/191600050010.001/swg.fits[1]
scw/1916/191600110010.001/swg.fits[1]
scw/1916/191600120010.001/swg.fits[1]
scw/1979/197900210010.001/swg.fits[1]
scw/1979/197900260010.001/swg.fits[1]
scw/1979/197900280010.001/swg.fits[1]
scw/1979/197900330010.001/swg.fits[1]
scw/1980/198000650010.001/swg.fits[1]
scw/1980/198000690010.001/swg.fits[1]
scw/1980/198000700010.001/swg.fits[1]
scw/1980/198000740010.001/swg.fits[1]
scw/1980/198000790010.001/swg.fits[1]
scw/1984/198400820010.001/swg.fits[1]
scw/1984/198400860010.001/swg.fits[1]
scw/1984/198400870010.001/swg.fits[1]
scw/2048/204800250010.001/swg.fits[1]
scw/2048/204800320010.001/swg.fits[1]
scw/2049/204900210010.001/swg.fits[1]
scw/2049/204900280010.001/swg.fits[1]
scw/2050/205000210010.001/swg.fits[1]
scw/2050/205000280010.001/swg.fits[1]
scw/2119/211900350010.001/swg.fits[1]
scw/2119/211900420010.001/swg.fits[1]
scw/2119/211900430010.001/swg.fits[1]
scw/2119/211900440010.001/swg.fits[1]
scw/2119/211900450010.001/swg.fits[1]
scw/2173/217300460010.001/swg.fits[1]
scw/2175/217500120010.001/swg.fits[1]
scw/2175/217500620010.001/swg.fits[1]
scw/2206/220600720010.001/swg.fits[1]
scw/2211/221100060010.001/swg.fits[1]
scw/2250/225000150010.001/swg.fits[1]
scw/2250/225000240010.001/swg.fits[1]
scw/2252/225200190010.001/swg.fits[1]
scw/2252/225200200010.001/swg.fits[1]
scw/2252/225200250010.001/swg.fits[1]
scw/2253/225300360010.001/swg.fits[1]
scw/2253/225300410010.001/swg.fits[1]
scw/2273/227300230010.001/swg.fits[1]
scw/2284/228400020010.001/swg.fits[1]
scw/2310/231000600010.001/swg.fits[1]
scw/2310/231000610010.001/swg.fits[1]
scw/2310/231000620010.001/swg.fits[1]
scw/2310/231000670010.001/swg.fits[1]
scw/2310/231000680010.001/swg.fits[1]
scw/2310/231000690010.001/swg.fits[1]
scw/2312/231200720010.001/swg.fits[1]
scw/2312/231200730010.001/swg.fits[1]
scw/2312/231200740010.001/swg.fits[1]
scw/2312/231200750010.001/swg.fits[1]
scw/2314/231400410010.001/swg.fits[1]
scw/2314/231400480010.001/swg.fits[1]
scw/2314/231400490010.001/swg.fits[1]
scw/2316/231600630010.001/swg.fits[1]
scw/2316/231600640010.001/swg.fits[1]
scw/2316/231600650010.001/swg.fits[1]
scw/2316/231600660010.001/swg.fits[1]
scw/2316/231600670010.001/swg.fits[1]
scw/2316/231600680010.001/swg.fits[1]
scw/2317/231700970010.001/swg.fits[1]
scw/2317/231700980010.001/swg.fits[1]
scw/2317/231700990010.001/swg.fits[1]
scw/2317/231701000010.001/swg.fits[1]
scw/2318/231800690010.001/swg.fits[1]
scw/2318/231800700010.001/swg.fits[1]
scw/2318/231800750010.001/swg.fits[1]
scw/2318/231800760010.001/swg.fits[1]
scw/2319/231900480010.001/swg.fits[1]
scw/2322/232200760010.001/swg.fits[1]
scw/2322/232200770010.001/swg.fits[1]
scw/2322/232200840010.001/swg.fits[1]
scw/2322/232200850010.001/swg.fits[1]
scw/2343/234300260010.001/swg.fits[1]
scw/2363/236300150010.001/swg.fits[1]
scw/2363/236300170010.001/swg.fits[1]
scw/2363/236300180010.001/swg.fits[1]
scw/2363/236300190010.001/swg.fits[1]
scw/2363/236300250010.001/swg.fits[1]
scw/2381/238100700010.001/swg.fits[1]
scw/2381/238100710010.001/swg.fits[1]
scw/2381/238100720010.001/swg.fits[1]
scw/2381/238100730010.001/swg.fits[1]
scw/2381/238100740010.001/swg.fits[1]
scw/2381/238100750010.001/swg.fits[1]
scw/2386/238600370010.001/swg.fits[1]
scw/2386/238600380010.001/swg.fits[1]
scw/2391/239100700010.001/swg.fits[1]
scw/2391/239100710010.001/swg.fits[1]
scw/2391/239100720010.001/swg.fits[1]
scw/2391/239100730010.001/swg.fits[1]
scw/2447/244700560010.001/swg.fits[1]
scw/2447/244700570010.001/swg.fits[1]
scw/2447/244700620010.001/swg.fits[1]
scw/2447/244700630010.001/swg.fits[1]
scw/2448/244800720010.001/swg.fits[1]
scw/2448/244800730010.001/swg.fits[1]
scw/2451/245100750010.001/swg.fits[1]
scw/2451/245100760010.001/swg.fits[1]
scw/2451/245100770010.001/swg.fits[1]
scw/2451/245100780010.001/swg.fits[1]
scw/2451/245100790010.001/swg.fits[1]
scw/2451/245100800010.001/swg.fits[1]
