scw/0056/005600550010.001/swg.fits[1]
scw/0056/005600560010.001/swg.fits[1]
scw/0056/005600870010.001/swg.fits[1]
scw/0056/005600880010.001/swg.fits[1]
scw/0119/011900980010.001/swg.fits[1]
scw/0119/011900990010.001/swg.fits[1]
scw/0119/011901000010.001/swg.fits[1]
scw/0119/011901010010.001/swg.fits[1]
scw/0183/018300740010.001/swg.fits[1]
scw/0183/018300750010.001/swg.fits[1]
scw/0183/018300880010.001/swg.fits[1]
scw/0185/018500770010.001/swg.fits[1]
scw/0185/018500900010.001/swg.fits[1]
scw/0186/018600610010.001/swg.fits[1]
scw/0186/018600740010.001/swg.fits[1]
scw/0186/018600750010.001/swg.fits[1]
scw/0244/024400330010.001/swg.fits[1]
scw/0244/024400340010.001/swg.fits[1]
scw/0244/024400450010.001/swg.fits[1]
scw/0294/029400330010.001/swg.fits[1]
scw/0294/029400340010.001/swg.fits[1]
scw/0294/029400350010.001/swg.fits[1]
scw/0357/035700250010.001/swg.fits[1]
scw/0357/035700260010.001/swg.fits[1]
scw/0357/035700270010.001/swg.fits[1]
scw/0359/035900250010.001/swg.fits[1]
scw/0359/035900260010.001/swg.fits[1]
scw/0359/035900270010.001/swg.fits[1]
scw/0416/041600320010.001/swg.fits[1]
scw/0416/041600330010.001/swg.fits[1]
scw/0489/048900450010.001/swg.fits[1]
scw/2342/234200170010.001/swg.fits[1]
scw/2353/235300060010.001/swg.fits[1]
scw/2353/235300070010.001/swg.fits[1]
scw/2353/235300080010.001/swg.fits[1]
scw/2361/236100070010.001/swg.fits[1]
scw/2361/236100440010.001/swg.fits[1]
scw/2361/236100450010.001/swg.fits[1]
