scw/0097/009700260010.001/swg.fits[1]
scw/0101/010100250010.001/swg.fits[1]
scw/0116/011600070010.001/swg.fits[1]
scw/0116/011600080010.001/swg.fits[1]
scw/0116/011600090010.001/swg.fits[1]
scw/0119/011900160010.001/swg.fits[1]
scw/0119/011900470010.001/swg.fits[1]
scw/0119/011900480010.001/swg.fits[1]
scw/0119/011900490010.001/swg.fits[1]
scw/0163/016300830010.001/swg.fits[1]
scw/0164/016400120010.001/swg.fits[1]
scw/0164/016400130010.001/swg.fits[1]
scw/0165/016500950010.001/swg.fits[1]
scw/0165/016500960010.001/swg.fits[1]
scw/0165/016501070010.001/swg.fits[1]
scw/0165/016501080010.001/swg.fits[1]
scw/0228/022800440010.001/swg.fits[1]
scw/0228/022800450010.001/swg.fits[1]
scw/0228/022800480010.001/swg.fits[1]
scw/0228/022800490010.001/swg.fits[1]
scw/0228/022800660010.001/swg.fits[1]
scw/0228/022800670010.001/swg.fits[1]
scw/0228/022800700010.001/swg.fits[1]
scw/0228/022800710010.001/swg.fits[1]
scw/0296/029600080010.001/swg.fits[1]
scw/0296/029600090010.001/swg.fits[1]
scw/0358/035800390010.001/swg.fits[1]
scw/0358/035800400010.001/swg.fits[1]
scw/0360/036000700010.001/swg.fits[1]
scw/0360/036000710010.001/swg.fits[1]
scw/0417/041700380010.001/swg.fits[1]
scw/0417/041700390010.001/swg.fits[1]
scw/0417/041700400010.001/swg.fits[1]
scw/0890/089000790010.001/swg.fits[1]
scw/0892/089200340010.001/swg.fits[1]
scw/0893/089300240010.001/swg.fits[1]
scw/0894/089400020010.001/swg.fits[1]
scw/0894/089400130010.001/swg.fits[1]
scw/0952/095200860010.001/swg.fits[1]
scw/0953/095300100010.001/swg.fits[1]
scw/0953/095300600010.001/swg.fits[1]
scw/0954/095400090010.001/swg.fits[1]
scw/0954/095400390010.001/swg.fits[1]
scw/0954/095400500010.001/swg.fits[1]
scw/0955/095500340010.001/swg.fits[1]
scw/1985/198500230010.001/swg.fits[1]
scw/1985/198500730010.001/swg.fits[1]
scw/2059/205900090010.001/swg.fits[1]
scw/2059/205900590010.001/swg.fits[1]
scw/2328/232800520010.001/swg.fits[1]
