scw/1728/172800720010.001/swg.fits[1]
scw/1728/172800730010.001/swg.fits[1]
scw/1733/173300200010.001/swg.fits[1]
scw/1733/173300210010.001/swg.fits[1]
scw/1733/173300220010.001/swg.fits[1]
scw/1733/173300230010.001/swg.fits[1]
scw/1736/173600070010.001/swg.fits[1]
scw/1736/173600080010.001/swg.fits[1]
scw/1736/173600090010.001/swg.fits[1]
scw/1781/178100070010.001/swg.fits[1]
scw/1781/178100080010.001/swg.fits[1]
scw/1781/178100090010.001/swg.fits[1]
scw/1781/178100100010.001/swg.fits[1]
scw/1781/178100170010.001/swg.fits[1]
scw/1784/178400090010.001/swg.fits[1]
scw/1784/178400100010.001/swg.fits[1]
scw/1784/178400110010.001/swg.fits[1]
scw/1784/178400120010.001/swg.fits[1]
scw/1784/178400190010.001/swg.fits[1]
scw/1784/178400370010.001/swg.fits[1]
scw/1784/178400380010.001/swg.fits[1]
scw/1784/178400390010.001/swg.fits[1]
scw/1784/178400400010.001/swg.fits[1]
scw/1784/178400470010.001/swg.fits[1]
scw/1785/178500050010.001/swg.fits[1]
scw/1785/178500060010.001/swg.fits[1]
scw/1785/178500070010.001/swg.fits[1]
scw/1785/178500080010.001/swg.fits[1]
scw/1785/178500150010.001/swg.fits[1]
scw/1785/178500310010.001/swg.fits[1]
scw/1785/178500320010.001/swg.fits[1]
scw/1785/178500330010.001/swg.fits[1]
scw/1785/178500340010.001/swg.fits[1]
scw/1785/178500410010.001/swg.fits[1]
scw/1789/178900830010.001/swg.fits[1]
scw/1789/178900840010.001/swg.fits[1]
scw/1789/178900850010.001/swg.fits[1]
scw/1789/178900860010.001/swg.fits[1]
scw/1789/178900870010.001/swg.fits[1]
scw/1794/179400080010.001/swg.fits[1]
scw/1794/179400090010.001/swg.fits[1]
scw/1794/179400100010.001/swg.fits[1]
scw/1794/179400170010.001/swg.fits[1]
scw/1794/179400180010.001/swg.fits[1]
scw/1801/180100070010.001/swg.fits[1]
scw/1801/180100080010.001/swg.fits[1]
scw/1801/180100090010.001/swg.fits[1]
scw/1850/185000070010.001/swg.fits[1]
scw/1850/185000080010.001/swg.fits[1]
scw/1850/185000090010.001/swg.fits[1]
scw/1850/185000100010.001/swg.fits[1]
scw/1850/185000170010.001/swg.fits[1]
scw/1856/185600220010.001/swg.fits[1]
scw/1856/185600230010.001/swg.fits[1]
scw/1856/185600240010.001/swg.fits[1]
scw/1856/185600250010.001/swg.fits[1]
scw/1856/185600500010.001/swg.fits[1]
scw/1856/185600510010.001/swg.fits[1]
scw/1856/185600520010.001/swg.fits[1]
scw/1856/185600530010.001/swg.fits[1]
scw/1857/185700200010.001/swg.fits[1]
scw/1857/185700210010.001/swg.fits[1]
scw/1857/185700220010.001/swg.fits[1]
scw/1857/185700230010.001/swg.fits[1]
scw/1857/185700460010.001/swg.fits[1]
scw/1857/185700470010.001/swg.fits[1]
scw/1857/185700480010.001/swg.fits[1]
scw/1857/185700490010.001/swg.fits[1]
scw/1866/186600280010.001/swg.fits[1]
scw/1877/187700160010.001/swg.fits[1]
scw/1921/192100240010.001/swg.fits[1]
scw/1921/192100250010.001/swg.fits[1]
scw/1921/192100260010.001/swg.fits[1]
scw/1921/192100270010.001/swg.fits[1]
scw/1921/192100280010.001/swg.fits[1]
scw/1925/192500050010.001/swg.fits[1]
scw/1925/192500060010.001/swg.fits[1]
scw/1925/192500070010.001/swg.fits[1]
scw/1925/192500080010.001/swg.fits[1]
scw/1925/192500150010.001/swg.fits[1]
scw/1927/192700050010.001/swg.fits[1]
scw/1927/192700060010.001/swg.fits[1]
scw/1927/192700070010.001/swg.fits[1]
scw/1927/192700080010.001/swg.fits[1]
scw/1927/192700150010.001/swg.fits[1]
scw/1927/192700330010.001/swg.fits[1]
scw/1927/192700340010.001/swg.fits[1]
scw/1927/192700350010.001/swg.fits[1]
scw/1927/192700360010.001/swg.fits[1]
scw/1927/192700430010.001/swg.fits[1]
scw/1928/192800050010.001/swg.fits[1]
scw/1928/192800060010.001/swg.fits[1]
scw/1928/192800070010.001/swg.fits[1]
scw/1928/192800080010.001/swg.fits[1]
scw/1928/192800150010.001/swg.fits[1]
scw/1928/192800450010.001/swg.fits[1]
scw/1928/192800460010.001/swg.fits[1]
scw/1928/192800470010.001/swg.fits[1]
scw/1928/192800480010.001/swg.fits[1]
scw/1928/192800580010.001/swg.fits[1]
scw/1928/192800590010.001/swg.fits[1]
scw/1928/192800600010.001/swg.fits[1]
scw/1928/192800610010.001/swg.fits[1]
scw/1928/192800680010.001/swg.fits[1]
scw/1930/193000220010.001/swg.fits[1]
scw/1930/193000230010.001/swg.fits[1]
scw/1930/193000240010.001/swg.fits[1]
scw/1930/193000310010.001/swg.fits[1]
scw/1930/193000320010.001/swg.fits[1]
scw/1943/194300300010.001/swg.fits[1]
scw/1943/194300360010.001/swg.fits[1]
scw/1943/194300370010.001/swg.fits[1]
scw/1943/194300380010.001/swg.fits[1]
scw/1987/198700630010.001/swg.fits[1]
scw/1987/198700640010.001/swg.fits[1]
scw/1991/199100320010.001/swg.fits[1]
scw/1991/199100330010.001/swg.fits[1]
scw/1991/199100340010.001/swg.fits[1]
scw/1991/199100350010.001/swg.fits[1]
scw/1991/199100420010.001/swg.fits[1]
scw/1996/199600150010.001/swg.fits[1]
scw/1996/199600230010.001/swg.fits[1]
scw/1996/199600240010.001/swg.fits[1]
scw/1996/199600250010.001/swg.fits[1]
scw/1996/199600260010.001/swg.fits[1]
scw/1999/199900220010.001/swg.fits[1]
scw/1999/199900230010.001/swg.fits[1]
scw/1999/199900240010.001/swg.fits[1]
scw/1999/199900250010.001/swg.fits[1]
scw/1999/199900320010.001/swg.fits[1]
scw/1999/199900330010.001/swg.fits[1]
scw/1999/199900340010.001/swg.fits[1]
scw/1999/199900350010.001/swg.fits[1]
scw/2000/200000200010.001/swg.fits[1]
scw/2000/200000210010.001/swg.fits[1]
scw/2000/200000220010.001/swg.fits[1]
scw/2000/200000230010.001/swg.fits[1]
scw/2000/200000300010.001/swg.fits[1]
scw/2000/200000310010.001/swg.fits[1]
scw/2000/200000320010.001/swg.fits[1]
scw/2000/200000330010.001/swg.fits[1]
scw/2000/200000730010.001/swg.fits[1]
scw/2000/200000740010.001/swg.fits[1]
scw/2000/200000750010.001/swg.fits[1]
scw/2000/200000760010.001/swg.fits[1]
scw/2010/201000220010.001/swg.fits[1]
scw/2010/201000230010.001/swg.fits[1]
scw/2010/201000240010.001/swg.fits[1]
scw/2010/201000250010.001/swg.fits[1]
scw/2058/205800070010.001/swg.fits[1]
scw/2058/205800080010.001/swg.fits[1]
scw/2058/205800090010.001/swg.fits[1]
scw/2058/205800100010.001/swg.fits[1]
scw/2058/205800170010.001/swg.fits[1]
scw/2062/206200470010.001/swg.fits[1]
scw/2062/206200480010.001/swg.fits[1]
scw/2062/206200490010.001/swg.fits[1]
scw/2062/206200500010.001/swg.fits[1]
scw/2062/206200510010.001/swg.fits[1]
scw/2063/206300050010.001/swg.fits[1]
scw/2063/206300060010.001/swg.fits[1]
scw/2063/206300070010.001/swg.fits[1]
scw/2063/206300080010.001/swg.fits[1]
scw/2063/206300150010.001/swg.fits[1]
scw/2063/206300450010.001/swg.fits[1]
scw/2063/206300460010.001/swg.fits[1]
scw/2063/206300470010.001/swg.fits[1]
scw/2063/206300480010.001/swg.fits[1]
scw/2063/206300490010.001/swg.fits[1]
scw/2063/206300500010.001/swg.fits[1]
scw/2063/206300510010.001/swg.fits[1]
scw/2063/206300580010.001/swg.fits[1]
scw/2063/206300590010.001/swg.fits[1]
scw/2063/206300600010.001/swg.fits[1]
scw/2063/206300610010.001/swg.fits[1]
scw/2063/206300680010.001/swg.fits[1]
scw/2066/206600450010.001/swg.fits[1]
scw/2066/206600460010.001/swg.fits[1]
scw/2066/206600470010.001/swg.fits[1]
scw/2066/206600480010.001/swg.fits[1]
scw/2066/206600540010.001/swg.fits[1]
scw/2066/206600550010.001/swg.fits[1]
scw/2070/207000110010.001/swg.fits[1]
scw/2070/207000120010.001/swg.fits[1]
scw/2070/207000190010.001/swg.fits[1]
scw/2070/207000200010.001/swg.fits[1]
scw/2074/207400130010.001/swg.fits[1]
scw/2074/207400200010.001/swg.fits[1]
scw/2074/207400210010.001/swg.fits[1]
scw/2074/207400220010.001/swg.fits[1]
scw/2074/207400230010.001/swg.fits[1]
scw/2078/207800600010.001/swg.fits[1]
scw/2078/207800610010.001/swg.fits[1]
scw/2078/207800620010.001/swg.fits[1]
scw/2126/212600070010.001/swg.fits[1]
scw/2126/212600080010.001/swg.fits[1]
scw/2126/212600090010.001/swg.fits[1]
scw/2126/212600100010.001/swg.fits[1]
scw/2126/212600170010.001/swg.fits[1]
scw/2133/213300170010.001/swg.fits[1]
scw/2134/213400190010.001/swg.fits[1]
scw/2134/213400200010.001/swg.fits[1]
scw/2134/213400210010.001/swg.fits[1]
scw/2134/213400220010.001/swg.fits[1]
scw/2134/213400290010.001/swg.fits[1]
scw/2134/213400300010.001/swg.fits[1]
