scw/0054/005400650010.001/swg.fits[1]
scw/0054/005400660010.001/swg.fits[1]
scw/0054/005400970010.001/swg.fits[1]
scw/0054/005400980010.001/swg.fits[1]
scw/0118/011800810010.001/swg.fits[1]
scw/0118/011800820010.001/swg.fits[1]
scw/0118/011801130010.001/swg.fits[1]
scw/0118/011801140010.001/swg.fits[1]
scw/2332/233200390010.001/swg.fits[1]
scw/2332/233200400010.001/swg.fits[1]
scw/2332/233200410010.001/swg.fits[1]
scw/2334/233400060010.001/swg.fits[1]
scw/2338/233800090010.001/swg.fits[1]
scw/2338/233800180010.001/swg.fits[1]
scw/2344/234400600010.001/swg.fits[1]
scw/2344/234400610010.001/swg.fits[1]
scw/2356/235600600010.001/swg.fits[1]
scw/2428/242800720010.001/swg.fits[1]
scw/2474/247400070010.001/swg.fits[1]
scw/2474/247400080010.001/swg.fits[1]
