scw/0028/002800180010.001/swg.fits[1]
scw/0028/002800560010.001/swg.fits[1]
scw/0028/002800570010.001/swg.fits[1]
scw/0028/002800590010.001/swg.fits[1]
scw/0032/003200080010.001/swg.fits[1]
scw/0032/003200150010.001/swg.fits[1]
scw/0032/003200470010.001/swg.fits[1]
scw/0032/003200540010.001/swg.fits[1]
scw/0032/003200560010.001/swg.fits[1]
scw/0207/020700200010.001/swg.fits[1]
scw/0207/020700270010.001/swg.fits[1]
scw/0207/020700290010.001/swg.fits[1]
scw/0207/020700360010.001/swg.fits[1]
scw/0267/026700180010.001/swg.fits[1]
scw/0267/026700240010.001/swg.fits[1]
scw/0267/026700280010.001/swg.fits[1]
scw/0268/026800330010.001/swg.fits[1]
scw/0268/026800390010.001/swg.fits[1]
scw/0268/026800430010.001/swg.fits[1]
scw/0270/027000180010.001/swg.fits[1]
scw/0270/027000240010.001/swg.fits[1]
scw/0270/027000280010.001/swg.fits[1]
scw/0272/027200180010.001/swg.fits[1]
scw/0272/027200240010.001/swg.fits[1]
scw/0272/027200280010.001/swg.fits[1]
scw/0273/027300180010.001/swg.fits[1]
scw/0273/027300240010.001/swg.fits[1]
scw/0273/027300280010.001/swg.fits[1]
scw/0320/032000590010.001/swg.fits[1]
scw/0320/032000600010.001/swg.fits[1]
scw/0320/032000830010.001/swg.fits[1]
scw/0320/032000840010.001/swg.fits[1]
scw/0321/032100820010.001/swg.fits[1]
scw/0321/032100830010.001/swg.fits[1]
scw/0334/033400320010.001/swg.fits[1]
scw/0334/033400330010.001/swg.fits[1]
scw/0443/044300440010.001/swg.fits[1]
scw/0443/044300450010.001/swg.fits[1]
scw/0443/044300670010.001/swg.fits[1]
scw/0444/044400190010.001/swg.fits[1]
scw/0444/044400200010.001/swg.fits[1]
scw/0445/044500180010.001/swg.fits[1]
scw/0445/044500190010.001/swg.fits[1]
scw/0445/044500200010.001/swg.fits[1]
scw/0445/044500430010.001/swg.fits[1]
scw/0633/063300200010.001/swg.fits[1]
scw/0633/063300210010.001/swg.fits[1]
scw/0633/063300320010.001/swg.fits[1]
scw/0633/063300330010.001/swg.fits[1]
scw/0633/063300340010.001/swg.fits[1]
scw/0633/063300700010.001/swg.fits[1]
scw/0635/063500190010.001/swg.fits[1]
scw/0635/063500200010.001/swg.fits[1]
scw/0635/063500310010.001/swg.fits[1]
scw/0635/063500330010.001/swg.fits[1]
scw/0635/063500690010.001/swg.fits[1]
scw/0637/063700190010.001/swg.fits[1]
scw/0637/063700200010.001/swg.fits[1]
scw/0637/063700310010.001/swg.fits[1]
scw/0637/063700320010.001/swg.fits[1]
scw/0637/063700330010.001/swg.fits[1]
scw/0637/063700690010.001/swg.fits[1]
scw/0747/074700330010.001/swg.fits[1]
scw/0748/074800490010.001/swg.fits[1]
scw/0750/075000440010.001/swg.fits[1]
scw/0751/075100560010.001/swg.fits[1]
scw/0758/075800310010.001/swg.fits[1]
scw/0759/075900130010.001/swg.fits[1]
scw/0814/081400390010.001/swg.fits[1]
scw/0814/081400500010.001/swg.fits[1]
scw/0818/081800280010.001/swg.fits[1]
scw/0820/082000120010.001/swg.fits[1]
scw/0876/087600140010.001/swg.fits[1]
scw/0876/087600150010.001/swg.fits[1]
scw/0876/087600380010.001/swg.fits[1]
scw/0876/087600390010.001/swg.fits[1]
scw/0878/087800040010.001/swg.fits[1]
scw/0878/087800050010.001/swg.fits[1]
scw/0878/087800280010.001/swg.fits[1]
scw/0878/087800290010.001/swg.fits[1]
scw/0878/087800590010.001/swg.fits[1]
scw/0878/087800600010.001/swg.fits[1]
scw/0879/087900170010.001/swg.fits[1]
scw/0879/087900180010.001/swg.fits[1]
scw/0879/087900420010.001/swg.fits[1]
scw/0879/087900430010.001/swg.fits[1]
scw/0879/087900440010.001/swg.fits[1]
scw/0880/088000020010.001/swg.fits[1]
scw/0929/092900250010.001/swg.fits[1]
scw/0929/092900260010.001/swg.fits[1]
scw/0929/092900270010.001/swg.fits[1]
scw/0930/093000140010.001/swg.fits[1]
scw/0930/093000150010.001/swg.fits[1]
scw/0930/093000480010.001/swg.fits[1]
scw/0931/093100110010.001/swg.fits[1]
scw/0931/093100120010.001/swg.fits[1]
scw/0931/093100130010.001/swg.fits[1]
scw/0931/093100370010.001/swg.fits[1]
scw/0931/093100380010.001/swg.fits[1]
scw/0931/093100550010.001/swg.fits[1]
scw/0931/093100560010.001/swg.fits[1]
scw/0931/093100570010.001/swg.fits[1]
scw/0932/093200480010.001/swg.fits[1]
scw/0932/093200490010.001/swg.fits[1]
scw/0937/093700130010.001/swg.fits[1]
scw/0937/093700140010.001/swg.fits[1]
scw/0937/093700380010.001/swg.fits[1]
scw/0938/093800020010.001/swg.fits[1]
scw/0938/093800030010.001/swg.fits[1]
scw/0938/093800220010.001/swg.fits[1]
scw/0938/093800230010.001/swg.fits[1]
scw/0949/094900240010.001/swg.fits[1]
scw/0949/094900250010.001/swg.fits[1]
scw/0949/094900480010.001/swg.fits[1]
scw/0949/094900490010.001/swg.fits[1]
scw/0949/094900500010.001/swg.fits[1]
scw/0997/099700100010.001/swg.fits[1]
scw/0997/099700430010.001/swg.fits[1]
scw/0997/099700440010.001/swg.fits[1]
scw/1003/100300060010.001/swg.fits[1]
scw/1003/100300070010.001/swg.fits[1]
scw/1003/100300350010.001/swg.fits[1]
scw/1003/100300360010.001/swg.fits[1]
scw/1003/100300500010.001/swg.fits[1]
scw/1003/100300510010.001/swg.fits[1]
scw/1003/100300520010.001/swg.fits[1]
scw/1004/100400180010.001/swg.fits[1]
scw/1004/100400190010.001/swg.fits[1]
scw/1004/100400200010.001/swg.fits[1]
scw/1004/100400400010.001/swg.fits[1]
scw/1004/100400440010.001/swg.fits[1]
scw/1005/100500160010.001/swg.fits[1]
scw/1005/100500170010.001/swg.fits[1]
scw/1005/100500400010.001/swg.fits[1]
scw/1005/100500410010.001/swg.fits[1]
scw/1006/100600050010.001/swg.fits[1]
scw/1006/100600060010.001/swg.fits[1]
scw/1006/100600290010.001/swg.fits[1]
scw/1006/100600300010.001/swg.fits[1]
scw/1006/100600590010.001/swg.fits[1]
scw/1006/100600600010.001/swg.fits[1]
scw/1006/100600610010.001/swg.fits[1]
scw/1053/105300390010.001/swg.fits[1]
scw/1053/105300400010.001/swg.fits[1]
scw/1054/105400370010.001/swg.fits[1]
scw/1054/105400380010.001/swg.fits[1]
scw/1054/105400390010.001/swg.fits[1]
scw/1055/105500370010.001/swg.fits[1]
scw/1058/105800300010.001/swg.fits[1]
scw/1058/105800310010.001/swg.fits[1]
scw/1058/105800320010.001/swg.fits[1]
scw/1058/105800510010.001/swg.fits[1]
scw/1058/105800520010.001/swg.fits[1]
scw/1059/105900610010.001/swg.fits[1]
scw/1059/105900620010.001/swg.fits[1]
scw/1059/105900630010.001/swg.fits[1]
scw/1060/106000570010.001/swg.fits[1]
scw/1060/106000580010.001/swg.fits[1]
scw/1060/106000590010.001/swg.fits[1]
scw/1061/106100570010.001/swg.fits[1]
scw/1061/106100580010.001/swg.fits[1]
scw/1063/106300340010.001/swg.fits[1]
scw/1063/106300350010.001/swg.fits[1]
scw/1063/106300600010.001/swg.fits[1]
scw/1063/106300610010.001/swg.fits[1]
scw/1067/106700610010.001/swg.fits[1]
scw/1067/106700620010.001/swg.fits[1]
scw/1068/106800570010.001/swg.fits[1]
scw/1068/106800580010.001/swg.fits[1]
scw/1070/107000670010.001/swg.fits[1]
scw/1070/107000680010.001/swg.fits[1]
scw/1070/107000690010.001/swg.fits[1]
scw/1070/107000930010.001/swg.fits[1]
scw/1116/111600570010.001/swg.fits[1]
scw/1116/111600580010.001/swg.fits[1]
scw/1117/111700090010.001/swg.fits[1]
scw/1117/111700100010.001/swg.fits[1]
scw/1118/111800530010.001/swg.fits[1]
scw/1118/111800540010.001/swg.fits[1]
scw/1119/111900090010.001/swg.fits[1]
scw/1119/111900100010.001/swg.fits[1]
scw/1120/112000510010.001/swg.fits[1]
scw/1120/112000520010.001/swg.fits[1]
scw/1121/112100310010.001/swg.fits[1]
scw/1121/112100640010.001/swg.fits[1]
scw/1121/112100650010.001/swg.fits[1]
scw/1123/112300320010.001/swg.fits[1]
scw/1123/112300330010.001/swg.fits[1]
scw/1123/112300610010.001/swg.fits[1]
scw/1123/112300620010.001/swg.fits[1]
scw/1124/112400350010.001/swg.fits[1]
scw/1124/112400360010.001/swg.fits[1]
scw/1124/112400370010.001/swg.fits[1]
scw/1124/112400670010.001/swg.fits[1]
scw/1125/112500250010.001/swg.fits[1]
scw/1126/112600420010.001/swg.fits[1]
scw/1127/112700060010.001/swg.fits[1]
scw/1128/112800230010.001/swg.fits[1]
scw/1128/112800240010.001/swg.fits[1]
scw/1180/118000190010.001/swg.fits[1]
scw/1180/118000200010.001/swg.fits[1]
scw/1180/118000450010.001/swg.fits[1]
scw/1180/118000460010.001/swg.fits[1]
scw/1181/118100280010.001/swg.fits[1]
scw/1181/118100290010.001/swg.fits[1]
scw/1181/118100540010.001/swg.fits[1]
scw/1181/118100550010.001/swg.fits[1]
scw/1182/118200350010.001/swg.fits[1]
scw/1182/118200360010.001/swg.fits[1]
scw/1182/118200610010.001/swg.fits[1]
scw/1182/118200620010.001/swg.fits[1]
scw/1183/118300260010.001/swg.fits[1]
scw/1183/118300270010.001/swg.fits[1]
scw/1188/118800170010.001/swg.fits[1]
scw/1188/118800180010.001/swg.fits[1]
scw/1191/119100130010.001/swg.fits[1]
scw/1191/119100140010.001/swg.fits[1]
scw/1191/119100390010.001/swg.fits[1]
