scw/0056/005600910010.001/swg.fits[1]
scw/0056/005600920010.001/swg.fits[1]
scw/0116/011601050010.001/swg.fits[1]
scw/0116/011601060010.001/swg.fits[1]
scw/0121/012100220010.001/swg.fits[1]
scw/0121/012100230010.001/swg.fits[1]
scw/0121/012100500010.001/swg.fits[1]
scw/0121/012100510010.001/swg.fits[1]
scw/0183/018300550010.001/swg.fits[1]
scw/0183/018300720010.001/swg.fits[1]
scw/0185/018500570010.001/swg.fits[1]
scw/0185/018500740010.001/swg.fits[1]
scw/0186/018600770010.001/swg.fits[1]
scw/0244/024400130010.001/swg.fits[1]
scw/0244/024400140010.001/swg.fits[1]
scw/0244/024400290010.001/swg.fits[1]
scw/0244/024400300010.001/swg.fits[1]
scw/0244/024400970010.001/swg.fits[1]
scw/0244/024400980010.001/swg.fits[1]
scw/0371/037100040010.001/swg.fits[1]
scw/0371/037100060010.001/swg.fits[1]
scw/0371/037100070010.001/swg.fits[1]
scw/0371/037100080010.001/swg.fits[1]
scw/0371/037100090010.001/swg.fits[1]
scw/0371/037100110010.001/swg.fits[1]
scw/0371/037100130010.001/swg.fits[1]
scw/0371/037100140010.001/swg.fits[1]
scw/0371/037100150010.001/swg.fits[1]
scw/0371/037100160010.001/swg.fits[1]
scw/0371/037100180010.001/swg.fits[1]
scw/0371/037100200010.001/swg.fits[1]
scw/0371/037100210010.001/swg.fits[1]
scw/0371/037100220010.001/swg.fits[1]
scw/0371/037100230010.001/swg.fits[1]
scw/0371/037100250010.001/swg.fits[1]
scw/0371/037100270010.001/swg.fits[1]
scw/0371/037100280010.001/swg.fits[1]
scw/0371/037100290010.001/swg.fits[1]
scw/0371/037100300010.001/swg.fits[1]
scw/0371/037100320010.001/swg.fits[1]
scw/0371/037100340010.001/swg.fits[1]
scw/0371/037100350010.001/swg.fits[1]
scw/0371/037100360010.001/swg.fits[1]
scw/0371/037100370010.001/swg.fits[1]
scw/0371/037100390010.001/swg.fits[1]
scw/0371/037100410010.001/swg.fits[1]
scw/0371/037100420010.001/swg.fits[1]
scw/0371/037100430010.001/swg.fits[1]
scw/0371/037100440010.001/swg.fits[1]
scw/0371/037100450010.001/swg.fits[1]
scw/0371/037100460010.001/swg.fits[1]
scw/0371/037100480010.001/swg.fits[1]
scw/0371/037100490010.001/swg.fits[1]
scw/0371/037100500010.001/swg.fits[1]
scw/0371/037100510010.001/swg.fits[1]
scw/0371/037100530010.001/swg.fits[1]
scw/0371/037100550010.001/swg.fits[1]
scw/0371/037100560010.001/swg.fits[1]
scw/0371/037100580010.001/swg.fits[1]
scw/0371/037100600010.001/swg.fits[1]
scw/0371/037100620010.001/swg.fits[1]
scw/0371/037100630010.001/swg.fits[1]
scw/0371/037100640010.001/swg.fits[1]
scw/0371/037100650010.001/swg.fits[1]
scw/0981/098100230010.001/swg.fits[1]
scw/0981/098100240010.001/swg.fits[1]
scw/0981/098100740010.001/swg.fits[1]
scw/2069/206900140010.001/swg.fits[1]
scw/2075/207500060010.001/swg.fits[1]
scw/2075/207500070010.001/swg.fits[1]
scw/2075/207500460010.001/swg.fits[1]
scw/2213/221300180010.001/swg.fits[1]
scw/2342/234200130010.001/swg.fits[1]
scw/2342/234200140010.001/swg.fits[1]
scw/2342/234200180010.001/swg.fits[1]
scw/2342/234200190010.001/swg.fits[1]
scw/2342/234200200010.001/swg.fits[1]
scw/2342/234200240010.001/swg.fits[1]
scw/2353/235300040010.001/swg.fits[1]
scw/2353/235300050010.001/swg.fits[1]
scw/2353/235300120010.001/swg.fits[1]
scw/2353/235300130010.001/swg.fits[1]
scw/2361/236100040010.001/swg.fits[1]
scw/2361/236100130010.001/swg.fits[1]
scw/2361/236100410010.001/swg.fits[1]
scw/2361/236100420010.001/swg.fits[1]
scw/2361/236100470010.001/swg.fits[1]
scw/2361/236100480010.001/swg.fits[1]
scw/2361/236100490010.001/swg.fits[1]
