scw/1356/135600530010.001/swg.fits[1]
scw/1356/135600540010.001/swg.fits[1]
scw/1356/135600580010.001/swg.fits[1]
scw/1356/135600590010.001/swg.fits[1]
scw/1356/135600600010.001/swg.fits[1]
scw/1408/140800120010.001/swg.fits[1]
scw/1408/140800130010.001/swg.fits[1]
scw/1408/140800190010.001/swg.fits[1]
scw/1408/140800200010.001/swg.fits[1]
scw/1408/140800370010.001/swg.fits[1]
scw/1408/140800380010.001/swg.fits[1]
scw/1408/140800440010.001/swg.fits[1]
scw/1408/140800450010.001/swg.fits[1]
scw/1408/140800620010.001/swg.fits[1]
scw/1408/140800630010.001/swg.fits[1]
scw/1408/140800690010.001/swg.fits[1]
scw/1408/140800700010.001/swg.fits[1]
scw/1408/140800880010.001/swg.fits[1]
scw/1408/140800890010.001/swg.fits[1]
scw/1408/140800950010.001/swg.fits[1]
scw/1408/140800960010.001/swg.fits[1]
scw/1409/140900090010.001/swg.fits[1]
scw/1409/140900100010.001/swg.fits[1]
scw/1409/140900160010.001/swg.fits[1]
scw/1409/140900170010.001/swg.fits[1]
scw/1409/140900340010.001/swg.fits[1]
scw/1409/140900350010.001/swg.fits[1]
scw/1409/140900410010.001/swg.fits[1]
scw/1409/140900420010.001/swg.fits[1]
scw/1409/140900600010.001/swg.fits[1]
scw/1409/140900610010.001/swg.fits[1]
scw/1409/140900670010.001/swg.fits[1]
scw/1409/140900680010.001/swg.fits[1]
scw/1409/140900850010.001/swg.fits[1]
scw/1409/140900860010.001/swg.fits[1]
scw/1409/140900920010.001/swg.fits[1]
scw/1409/140900930010.001/swg.fits[1]
scw/1410/141000100010.001/swg.fits[1]
scw/1410/141000110010.001/swg.fits[1]
scw/1410/141000170010.001/swg.fits[1]
scw/1410/141000180010.001/swg.fits[1]
scw/1410/141000350010.001/swg.fits[1]
scw/1410/141000360010.001/swg.fits[1]
scw/1410/141000430010.001/swg.fits[1]
scw/1410/141000440010.001/swg.fits[1]
scw/1410/141000620010.001/swg.fits[1]
scw/1410/141000630010.001/swg.fits[1]
scw/1410/141000690010.001/swg.fits[1]
scw/1410/141000700010.001/swg.fits[1]
scw/1410/141000880010.001/swg.fits[1]
scw/1410/141000890010.001/swg.fits[1]
scw/1410/141000950010.001/swg.fits[1]
scw/1410/141000960010.001/swg.fits[1]
scw/1412/141200540010.001/swg.fits[1]
scw/1412/141200550010.001/swg.fits[1]
scw/1412/141200610010.001/swg.fits[1]
scw/1412/141200620010.001/swg.fits[1]
scw/1412/141200800010.001/swg.fits[1]
scw/1412/141200810010.001/swg.fits[1]
scw/1412/141200880010.001/swg.fits[1]
scw/1412/141200890010.001/swg.fits[1]
scw/1413/141300090010.001/swg.fits[1]
scw/1413/141300100010.001/swg.fits[1]
scw/1413/141300160010.001/swg.fits[1]
scw/1413/141300170010.001/swg.fits[1]
scw/1413/141300350010.001/swg.fits[1]
scw/1413/141300360010.001/swg.fits[1]
scw/1413/141300420010.001/swg.fits[1]
scw/1413/141300430010.001/swg.fits[1]
scw/1413/141300600010.001/swg.fits[1]
scw/1413/141300610010.001/swg.fits[1]
scw/1413/141300680010.001/swg.fits[1]
scw/1413/141300690010.001/swg.fits[1]
scw/1413/141300870010.001/swg.fits[1]
scw/1413/141300880010.001/swg.fits[1]
scw/1413/141300950010.001/swg.fits[1]
scw/1413/141300960010.001/swg.fits[1]
scw/1414/141400090010.001/swg.fits[1]
scw/1414/141400100010.001/swg.fits[1]
scw/1414/141400160010.001/swg.fits[1]
scw/1414/141400170010.001/swg.fits[1]
scw/1414/141400350010.001/swg.fits[1]
scw/1414/141400360010.001/swg.fits[1]
scw/1414/141400420010.001/swg.fits[1]
scw/1414/141400430010.001/swg.fits[1]
scw/1414/141400610010.001/swg.fits[1]
scw/1414/141400620010.001/swg.fits[1]
scw/1414/141400680010.001/swg.fits[1]
scw/1414/141400690010.001/swg.fits[1]
scw/1414/141400870010.001/swg.fits[1]
scw/1414/141400880010.001/swg.fits[1]
scw/1414/141400940010.001/swg.fits[1]
scw/1414/141400950010.001/swg.fits[1]
scw/1415/141500090010.001/swg.fits[1]
scw/1415/141500100010.001/swg.fits[1]
scw/1415/141500160010.001/swg.fits[1]
scw/1415/141500170010.001/swg.fits[1]
scw/1415/141500350010.001/swg.fits[1]
scw/1415/141500360010.001/swg.fits[1]
scw/1415/141500420010.001/swg.fits[1]
scw/1415/141500430010.001/swg.fits[1]
scw/1415/141500620010.001/swg.fits[1]
scw/1415/141500630010.001/swg.fits[1]
scw/1415/141500700010.001/swg.fits[1]
scw/1415/141500710010.001/swg.fits[1]
scw/1415/141500880010.001/swg.fits[1]
scw/1415/141500890010.001/swg.fits[1]
scw/1415/141500950010.001/swg.fits[1]
scw/1415/141500960010.001/swg.fits[1]
scw/1416/141600090010.001/swg.fits[1]
scw/1416/141600100010.001/swg.fits[1]
scw/1416/141600160010.001/swg.fits[1]
scw/1416/141600170010.001/swg.fits[1]
scw/1416/141600340010.001/swg.fits[1]
scw/1416/141600350010.001/swg.fits[1]
scw/1416/141600410010.001/swg.fits[1]
scw/1416/141600420010.001/swg.fits[1]
scw/1417/141700120010.001/swg.fits[1]
scw/1417/141700130010.001/swg.fits[1]
scw/1417/141700190010.001/swg.fits[1]
scw/1417/141700200010.001/swg.fits[1]
scw/1417/141700380010.001/swg.fits[1]
scw/1417/141700390010.001/swg.fits[1]
scw/1417/141700450010.001/swg.fits[1]
scw/1417/141700460010.001/swg.fits[1]
scw/1417/141700630010.001/swg.fits[1]
scw/1417/141700640010.001/swg.fits[1]
scw/1417/141700710010.001/swg.fits[1]
scw/1417/141700720010.001/swg.fits[1]
scw/1417/141700900010.001/swg.fits[1]
scw/1417/141700910010.001/swg.fits[1]
scw/1417/141700970010.001/swg.fits[1]
scw/1417/141700980010.001/swg.fits[1]
scw/1418/141800090010.001/swg.fits[1]
scw/1418/141800100010.001/swg.fits[1]
scw/1418/141800160010.001/swg.fits[1]
scw/1418/141800170010.001/swg.fits[1]
scw/1418/141800340010.001/swg.fits[1]
scw/1418/141800350010.001/swg.fits[1]
scw/1418/141800410010.001/swg.fits[1]
scw/1418/141800420010.001/swg.fits[1]
scw/1418/141800590010.001/swg.fits[1]
scw/1418/141800600010.001/swg.fits[1]
scw/1418/141800670010.001/swg.fits[1]
scw/1418/141800680010.001/swg.fits[1]
scw/1418/141800900010.001/swg.fits[1]
scw/1418/141800910010.001/swg.fits[1]
scw/1418/141800970010.001/swg.fits[1]
scw/1418/141800980010.001/swg.fits[1]
scw/1477/147700100010.001/swg.fits[1]
scw/1477/147700110010.001/swg.fits[1]
scw/1477/147700120010.001/swg.fits[1]
scw/1477/147700160010.001/swg.fits[1]
scw/1477/147700170010.001/swg.fits[1]
scw/1477/147700180010.001/swg.fits[1]
scw/1477/147700350010.001/swg.fits[1]
scw/1477/147700360010.001/swg.fits[1]
scw/1477/147700370010.001/swg.fits[1]
scw/1477/147700410010.001/swg.fits[1]
scw/1477/147700420010.001/swg.fits[1]
scw/1477/147700430010.001/swg.fits[1]
scw/1478/147800630010.001/swg.fits[1]
scw/1478/147800680010.001/swg.fits[1]
scw/1478/147800820010.001/swg.fits[1]
scw/1478/147800830010.001/swg.fits[1]
scw/1478/147800840010.001/swg.fits[1]
scw/1478/147800880010.001/swg.fits[1]
scw/1478/147800890010.001/swg.fits[1]
scw/1478/147800900010.001/swg.fits[1]
scw/1479/147900090010.001/swg.fits[1]
scw/1479/147900100010.001/swg.fits[1]
scw/1479/147900110010.001/swg.fits[1]
scw/1479/147900150010.001/swg.fits[1]
scw/1479/147900160010.001/swg.fits[1]
scw/1479/147900170010.001/swg.fits[1]
scw/1483/148300140010.001/swg.fits[1]
scw/1610/161000310010.001/swg.fits[1]
scw/1610/161000380010.001/swg.fits[1]
scw/2273/227300260010.001/swg.fits[1]
scw/2273/227300270010.001/swg.fits[1]
scw/2273/227300320010.001/swg.fits[1]
scw/2273/227300330010.001/swg.fits[1]
scw/2273/227300360010.001/swg.fits[1]
scw/2273/227300370010.001/swg.fits[1]
scw/2292/229200030010.001/swg.fits[1]
scw/2292/229200040010.001/swg.fits[1]
scw/2292/229200080010.001/swg.fits[1]
scw/2292/229200090010.001/swg.fits[1]
scw/2292/229200100010.001/swg.fits[1]
scw/2377/237700340010.001/swg.fits[1]
scw/2377/237700350010.001/swg.fits[1]
scw/2428/242800640010.001/swg.fits[1]
scw/2433/243300630010.001/swg.fits[1]
scw/2433/243300640010.001/swg.fits[1]
scw/2433/243300690010.001/swg.fits[1]
scw/2433/243300700010.001/swg.fits[1]
scw/2433/243300730010.001/swg.fits[1]
scw/2436/243600390010.001/swg.fits[1]
scw/2436/243600400010.001/swg.fits[1]
scw/2436/243600710010.001/swg.fits[1]
scw/2436/243600720010.001/swg.fits[1]
scw/2436/243600730010.001/swg.fits[1]
scw/2436/243600800010.001/swg.fits[1]
scw/2436/243600810010.001/swg.fits[1]
scw/2440/244000370010.001/swg.fits[1]
scw/2440/244000380010.001/swg.fits[1]
scw/2440/244000390010.001/swg.fits[1]
scw/2440/244000400010.001/swg.fits[1]
scw/2440/244000410010.001/swg.fits[1]
scw/2440/244000470010.001/swg.fits[1]
scw/2442/244200320010.001/swg.fits[1]
scw/2442/244200330010.001/swg.fits[1]
scw/2442/244200340010.001/swg.fits[1]
scw/2442/244200380010.001/swg.fits[1]
scw/2442/244200390010.001/swg.fits[1]
scw/2442/244200770010.001/swg.fits[1]
scw/2442/244200780010.001/swg.fits[1]
