scw/0844/084401010010.001/swg.fits[1]
scw/0845/084500360010.001/swg.fits[1]
scw/0845/084500380010.001/swg.fits[1]
scw/0845/084500390010.001/swg.fits[1]
scw/0845/084500400010.001/swg.fits[1]
scw/0845/084500450010.001/swg.fits[1]
scw/0845/084500460010.001/swg.fits[1]
scw/0845/084500470010.001/swg.fits[1]
scw/0845/084500490010.001/swg.fits[1]
scw/0845/084500940010.001/swg.fits[1]
scw/0845/084500950010.001/swg.fits[1]
scw/0850/085000390010.001/swg.fits[1]
scw/0850/085000400010.001/swg.fits[1]
scw/0850/085000450010.001/swg.fits[1]
scw/0850/085000460010.001/swg.fits[1]
scw/0850/085000850010.001/swg.fits[1]
scw/0850/085000860010.001/swg.fits[1]
scw/0850/085000890010.001/swg.fits[1]
scw/0850/085000900010.001/swg.fits[1]
scw/0850/085000950010.001/swg.fits[1]
scw/0850/085000960010.001/swg.fits[1]
scw/0899/089900390010.001/swg.fits[1]
scw/0899/089900410010.001/swg.fits[1]
scw/0899/089900420010.001/swg.fits[1]
scw/0899/089900430010.001/swg.fits[1]
scw/0899/089900480010.001/swg.fits[1]
scw/0899/089900490010.001/swg.fits[1]
scw/0899/089901000010.001/swg.fits[1]
scw/0899/089901010010.001/swg.fits[1]
scw/0899/089901070010.001/swg.fits[1]
scw/0899/089901080010.001/swg.fits[1]
scw/0899/089901090010.001/swg.fits[1]
scw/0899/089901110010.001/swg.fits[1]
scw/0900/090000220010.001/swg.fits[1]
scw/0900/090000280010.001/swg.fits[1]
scw/0900/090000290010.001/swg.fits[1]
scw/0900/090000300010.001/swg.fits[1]
scw/0900/090000320010.001/swg.fits[1]
scw/0900/090000760010.001/swg.fits[1]
scw/0900/090000820010.001/swg.fits[1]
scw/0900/090000830010.001/swg.fits[1]
scw/0900/090000840010.001/swg.fits[1]
scw/0900/090000850010.001/swg.fits[1]
scw/0901/090100420010.001/swg.fits[1]
scw/0901/090100430010.001/swg.fits[1]
scw/0901/090100480010.001/swg.fits[1]
scw/0901/090100490010.001/swg.fits[1]
scw/0901/090100910010.001/swg.fits[1]
scw/0901/090100930010.001/swg.fits[1]
scw/0901/090100940010.001/swg.fits[1]
scw/0901/090100950010.001/swg.fits[1]
scw/0901/090101010010.001/swg.fits[1]
scw/0902/090200560010.001/swg.fits[1]
scw/0902/090200630010.001/swg.fits[1]
scw/0902/090200700010.001/swg.fits[1]
scw/0902/090200750010.001/swg.fits[1]
scw/0904/090400070010.001/swg.fits[1]
scw/0904/090400090010.001/swg.fits[1]
scw/0904/090400100010.001/swg.fits[1]
scw/0904/090400110010.001/swg.fits[1]
scw/0904/090400160010.001/swg.fits[1]
scw/0904/090400170010.001/swg.fits[1]
scw/0904/090400790010.001/swg.fits[1]
scw/0904/090400850010.001/swg.fits[1]
scw/0904/090400860010.001/swg.fits[1]
scw/0904/090400870010.001/swg.fits[1]
scw/0904/090400890010.001/swg.fits[1]
scw/0905/090500380010.001/swg.fits[1]
scw/0905/090500390010.001/swg.fits[1]
scw/0905/090500420010.001/swg.fits[1]
scw/0905/090500430010.001/swg.fits[1]
scw/0905/090500490010.001/swg.fits[1]
scw/0905/090500720010.001/swg.fits[1]
scw/0905/090500780010.001/swg.fits[1]
scw/0905/090500790010.001/swg.fits[1]
scw/0905/090500800010.001/swg.fits[1]
scw/0905/090500810010.001/swg.fits[1]
scw/0905/090500820010.001/swg.fits[1]
scw/0906/090600130010.001/swg.fits[1]
scw/0906/090600140010.001/swg.fits[1]
scw/0906/090600190010.001/swg.fits[1]
scw/0906/090600200010.001/swg.fits[1]
scw/0906/090600670010.001/swg.fits[1]
scw/0906/090600730010.001/swg.fits[1]
scw/0906/090600740010.001/swg.fits[1]
scw/0906/090600750010.001/swg.fits[1]
scw/0906/090600770010.001/swg.fits[1]
scw/0907/090700130010.001/swg.fits[1]
scw/0907/090700140010.001/swg.fits[1]
scw/0907/090700180010.001/swg.fits[1]
scw/0907/090700190010.001/swg.fits[1]
scw/0907/090700200010.001/swg.fits[1]
scw/0907/090700230010.001/swg.fits[1]
scw/0907/090700240010.001/swg.fits[1]
scw/0907/090700740010.001/swg.fits[1]
scw/0907/090700750010.001/swg.fits[1]
scw/0907/090700800010.001/swg.fits[1]
scw/0907/090700810010.001/swg.fits[1]
scw/0907/090700820010.001/swg.fits[1]
scw/0907/090700840010.001/swg.fits[1]
scw/0908/090800330010.001/swg.fits[1]
scw/0908/090800340010.001/swg.fits[1]
scw/0908/090800350010.001/swg.fits[1]
scw/0908/090800360010.001/swg.fits[1]
scw/0908/090800400010.001/swg.fits[1]
scw/0908/090800410010.001/swg.fits[1]
scw/0908/090800820010.001/swg.fits[1]
scw/0908/090800860010.001/swg.fits[1]
scw/0908/090800870010.001/swg.fits[1]
scw/0908/090800920010.001/swg.fits[1]
scw/0908/090800930010.001/swg.fits[1]
scw/0909/090900080010.001/swg.fits[1]
scw/0909/090900090010.001/swg.fits[1]
scw/0909/090900140010.001/swg.fits[1]
scw/0909/090900150010.001/swg.fits[1]
scw/0909/090900180010.001/swg.fits[1]
scw/0909/090900650010.001/swg.fits[1]
scw/0909/090900660010.001/swg.fits[1]
scw/0909/090900670010.001/swg.fits[1]
scw/0909/090900710010.001/swg.fits[1]
scw/0909/090900720010.001/swg.fits[1]
scw/0910/091000040010.001/swg.fits[1]
scw/0910/091000090010.001/swg.fits[1]
scw/0910/091000100010.001/swg.fits[1]
scw/0910/091000140010.001/swg.fits[1]
scw/0910/091000650010.001/swg.fits[1]
scw/0910/091000660010.001/swg.fits[1]
scw/0910/091000710010.001/swg.fits[1]
scw/0910/091000720010.001/swg.fits[1]
scw/0910/091000760010.001/swg.fits[1]
scw/0911/091100190010.001/swg.fits[1]
scw/0911/091100680010.001/swg.fits[1]
scw/0911/091100690010.001/swg.fits[1]
scw/0916/091600270010.001/swg.fits[1]
scw/0916/091600290010.001/swg.fits[1]
scw/0916/091600340010.001/swg.fits[1]
scw/0916/091600410010.001/swg.fits[1]
scw/0916/091600570010.001/swg.fits[1]
scw/0916/091600640010.001/swg.fits[1]
scw/1022/102200460010.001/swg.fits[1]
scw/1022/102200470010.001/swg.fits[1]
scw/1022/102200480010.001/swg.fits[1]
scw/1023/102300320010.001/swg.fits[1]
scw/1023/102300330010.001/swg.fits[1]
scw/1023/102300350010.001/swg.fits[1]
scw/1024/102400330010.001/swg.fits[1]
scw/1024/102400340010.001/swg.fits[1]
scw/1024/102400350010.001/swg.fits[1]
scw/1024/102400630010.001/swg.fits[1]
scw/1024/102400640010.001/swg.fits[1]
scw/1024/102400650010.001/swg.fits[1]
scw/1082/108200580010.001/swg.fits[1]
scw/1082/108200600010.001/swg.fits[1]
scw/1083/108300570010.001/swg.fits[1]
scw/1083/108300580010.001/swg.fits[1]
scw/1083/108300920010.001/swg.fits[1]
scw/1083/108300930010.001/swg.fits[1]
scw/1088/108800510010.001/swg.fits[1]
scw/1088/108800520010.001/swg.fits[1]
scw/1132/113200100010.001/swg.fits[1]
scw/1137/113700330010.001/swg.fits[1]
scw/1138/113800410010.001/swg.fits[1]
scw/1139/113900060010.001/swg.fits[1]
scw/1142/114200250010.001/swg.fits[1]
scw/1142/114200260010.001/swg.fits[1]
scw/1142/114200270010.001/swg.fits[1]
scw/1142/114200550010.001/swg.fits[1]
scw/1142/114200560010.001/swg.fits[1]
scw/1142/114200570010.001/swg.fits[1]
scw/1143/114300060010.001/swg.fits[1]
scw/1143/114300570010.001/swg.fits[1]
scw/1143/114300580010.001/swg.fits[1]
scw/1143/114300590010.001/swg.fits[1]
scw/1143/114300860010.001/swg.fits[1]
scw/1143/114300870010.001/swg.fits[1]
scw/1143/114300880010.001/swg.fits[1]
scw/1144/114400510010.001/swg.fits[1]
scw/1144/114400520010.001/swg.fits[1]
scw/1144/114400530010.001/swg.fits[1]
scw/1145/114500020010.001/swg.fits[1]
scw/1145/114500060010.001/swg.fits[1]
scw/1145/114500070010.001/swg.fits[1]
scw/1147/114700780010.001/swg.fits[1]
scw/1147/114700820010.001/swg.fits[1]
scw/1198/119800160010.001/swg.fits[1]
scw/1198/119800170010.001/swg.fits[1]
scw/1200/120000990010.001/swg.fits[1]
scw/1200/120001000010.001/swg.fits[1]
scw/1201/120100050010.001/swg.fits[1]
scw/1201/120100060010.001/swg.fits[1]
scw/1203/120300560010.001/swg.fits[1]
scw/1203/120300640010.001/swg.fits[1]
scw/1203/120300650010.001/swg.fits[1]
scw/1203/120300660010.001/swg.fits[1]
scw/1204/120400050010.001/swg.fits[1]
scw/1207/120700370010.001/swg.fits[1]
scw/1207/120700380010.001/swg.fits[1]
scw/1256/125600430010.001/swg.fits[1]
scw/1257/125700530010.001/swg.fits[1]
scw/1257/125700540010.001/swg.fits[1]
scw/1262/126200480010.001/swg.fits[1]
scw/1262/126200490010.001/swg.fits[1]
scw/1265/126500060010.001/swg.fits[1]
scw/1265/126500070010.001/swg.fits[1]
scw/1267/126700060010.001/swg.fits[1]
scw/1267/126700070010.001/swg.fits[1]
scw/1279/127900460010.001/swg.fits[1]
scw/1316/131600430010.001/swg.fits[1]
scw/1316/131600580010.001/swg.fits[1]
scw/1318/131800170010.001/swg.fits[1]
scw/1318/131800200010.001/swg.fits[1]
scw/1318/131800210010.001/swg.fits[1]
scw/1326/132600450010.001/swg.fits[1]
scw/1337/133700030010.001/swg.fits[1]
scw/1340/134000480010.001/swg.fits[1]
scw/1340/134000490010.001/swg.fits[1]
scw/1340/134000500010.001/swg.fits[1]
scw/1341/134100400010.001/swg.fits[1]
scw/1341/134100410010.001/swg.fits[1]
scw/1341/134100420010.001/swg.fits[1]
scw/1345/134500050010.001/swg.fits[1]
scw/1446/144600340010.001/swg.fits[1]
scw/1447/144700130010.001/swg.fits[1]
scw/1448/144800740010.001/swg.fits[1]
scw/1448/144800750010.001/swg.fits[1]
