scw/0045/004500650010.001/swg.fits[1]
scw/0483/048300110010.001/swg.fits[1]
scw/0483/048300120010.001/swg.fits[1]
scw/0483/048300320010.001/swg.fits[1]
scw/0487/048700020010.001/swg.fits[1]
scw/0487/048700030010.001/swg.fits[1]
scw/0487/048700040010.001/swg.fits[1]
scw/0487/048700230010.001/swg.fits[1]
scw/0487/048700240010.001/swg.fits[1]
scw/0487/048700250010.001/swg.fits[1]
scw/0487/048700520010.001/swg.fits[1]
scw/0487/048700530010.001/swg.fits[1]
scw/0487/048700540010.001/swg.fits[1]
scw/0530/053000590010.001/swg.fits[1]
scw/0530/053000600010.001/swg.fits[1]
scw/0530/053000690010.001/swg.fits[1]
scw/0530/053000700010.001/swg.fits[1]
scw/0532/053200100010.001/swg.fits[1]
scw/0532/053200110010.001/swg.fits[1]
scw/0532/053200120010.001/swg.fits[1]
scw/0532/053200410010.001/swg.fits[1]
scw/0532/053200500010.001/swg.fits[1]
scw/0532/053200600010.001/swg.fits[1]
scw/0532/053200610010.001/swg.fits[1]
scw/0538/053800290010.001/swg.fits[1]
scw/0538/053800300010.001/swg.fits[1]
scw/0538/053800400010.001/swg.fits[1]
scw/0538/053800490010.001/swg.fits[1]
scw/0538/053800500010.001/swg.fits[1]
scw/0543/054300210010.001/swg.fits[1]
scw/0543/054300300010.001/swg.fits[1]
scw/0543/054300310010.001/swg.fits[1]
scw/0543/054300510010.001/swg.fits[1]
scw/0548/054800050010.001/swg.fits[1]
scw/0548/054800250010.001/swg.fits[1]
scw/0548/054800260010.001/swg.fits[1]
scw/0548/054800270010.001/swg.fits[1]
scw/0548/054800460010.001/swg.fits[1]
scw/0548/054800540010.001/swg.fits[1]
scw/0548/054800550010.001/swg.fits[1]
scw/0548/054800560010.001/swg.fits[1]
scw/0551/055100310010.001/swg.fits[1]
scw/0551/055100320010.001/swg.fits[1]
scw/0551/055100520010.001/swg.fits[1]
scw/0551/055100600010.001/swg.fits[1]
scw/0551/055100610010.001/swg.fits[1]
scw/0551/055100620010.001/swg.fits[1]
scw/0589/058900220010.001/swg.fits[1]
scw/0589/058900310010.001/swg.fits[1]
scw/0589/058900400010.001/swg.fits[1]
scw/0589/058900420010.001/swg.fits[1]
scw/0589/058900430010.001/swg.fits[1]
scw/0590/059000110010.001/swg.fits[1]
scw/0590/059000120010.001/swg.fits[1]
scw/0590/059000220010.001/swg.fits[1]
scw/0590/059000230010.001/swg.fits[1]
scw/0590/059000300010.001/swg.fits[1]
scw/0590/059000310010.001/swg.fits[1]
scw/0590/059000320010.001/swg.fits[1]
scw/0590/059000330010.001/swg.fits[1]
scw/0591/059100020010.001/swg.fits[1]
scw/0591/059100300010.001/swg.fits[1]
scw/0591/059100310010.001/swg.fits[1]
scw/0591/059100400010.001/swg.fits[1]
scw/0591/059100490010.001/swg.fits[1]
scw/0591/059100500010.001/swg.fits[1]
scw/0650/065000560010.001/swg.fits[1]
scw/0656/065600020010.001/swg.fits[1]
scw/0656/065600030010.001/swg.fits[1]
scw/0656/065600120010.001/swg.fits[1]
scw/0656/065600420010.001/swg.fits[1]
scw/0656/065600430010.001/swg.fits[1]
scw/0656/065600440010.001/swg.fits[1]
scw/0656/065600520010.001/swg.fits[1]
scw/0659/065900220010.001/swg.fits[1]
scw/0659/065900230010.001/swg.fits[1]
scw/0659/065900510010.001/swg.fits[1]
scw/0659/065900520010.001/swg.fits[1]
scw/0659/065900530010.001/swg.fits[1]
scw/0659/065900540010.001/swg.fits[1]
scw/1264/126400780010.001/swg.fits[1]
scw/1264/126400790010.001/swg.fits[1]
scw/1275/127500720010.001/swg.fits[1]
scw/1279/127900030010.001/swg.fits[1]
scw/1279/127900040010.001/swg.fits[1]
scw/1279/127900110010.001/swg.fits[1]
scw/1279/127900120010.001/swg.fits[1]
scw/1279/127900130010.001/swg.fits[1]
scw/1279/127900230010.001/swg.fits[1]
scw/1279/127900240010.001/swg.fits[1]
scw/1279/127900310010.001/swg.fits[1]
scw/1279/127900320010.001/swg.fits[1]
scw/1279/127900330010.001/swg.fits[1]
scw/1281/128100360010.001/swg.fits[1]
scw/1281/128100370010.001/swg.fits[1]
scw/1281/128100440010.001/swg.fits[1]
scw/1326/132600110010.001/swg.fits[1]
scw/1326/132600200010.001/swg.fits[1]
scw/1326/132600310010.001/swg.fits[1]
scw/1326/132600320010.001/swg.fits[1]
scw/1330/133000530010.001/swg.fits[1]
scw/1330/133000540010.001/swg.fits[1]
scw/1330/133000740010.001/swg.fits[1]
scw/1330/133000750010.001/swg.fits[1]
scw/1330/133000840010.001/swg.fits[1]
scw/1332/133200710010.001/swg.fits[1]
scw/1333/133300970010.001/swg.fits[1]
scw/1333/133300980010.001/swg.fits[1]
scw/1338/133800090010.001/swg.fits[1]
scw/1338/133800300010.001/swg.fits[1]
scw/1338/133800380010.001/swg.fits[1]
scw/1338/133800390010.001/swg.fits[1]
scw/1338/133800400010.001/swg.fits[1]
scw/1338/133800500010.001/swg.fits[1]
scw/1342/134200370010.001/swg.fits[1]
scw/1342/134200580010.001/swg.fits[1]
scw/1446/144600110010.001/swg.fits[1]
scw/1446/144600120010.001/swg.fits[1]
scw/1446/144600200010.001/swg.fits[1]
scw/1446/144600210010.001/swg.fits[1]
scw/1457/145700080010.001/swg.fits[1]
scw/1457/145700090010.001/swg.fits[1]
scw/1457/145700160010.001/swg.fits[1]
scw/1457/145700170010.001/swg.fits[1]
scw/1457/145700370010.001/swg.fits[1]
scw/1457/145700380010.001/swg.fits[1]
scw/1457/145700390010.001/swg.fits[1]
scw/1457/145700460010.001/swg.fits[1]
scw/1457/145700470010.001/swg.fits[1]
scw/1457/145700580010.001/swg.fits[1]
scw/1523/152300030010.001/swg.fits[1]
scw/1523/152300050010.001/swg.fits[1]
scw/1523/152300060010.001/swg.fits[1]
scw/1523/152300130010.001/swg.fits[1]
scw/1523/152300140010.001/swg.fits[1]
scw/1523/152300250010.001/swg.fits[1]
scw/1523/152300340010.001/swg.fits[1]
scw/1524/152400330010.001/swg.fits[1]
scw/1524/152400400010.001/swg.fits[1]
scw/1524/152400410010.001/swg.fits[1]
scw/1524/152400520010.001/swg.fits[1]
scw/1524/152400610010.001/swg.fits[1]
scw/1524/152400620010.001/swg.fits[1]
scw/1528/152800450010.001/swg.fits[1]
scw/1528/152800530010.001/swg.fits[1]
scw/1528/152800540010.001/swg.fits[1]
scw/1528/152800550010.001/swg.fits[1]
scw/1575/157500070010.001/swg.fits[1]
scw/1575/157500080010.001/swg.fits[1]
scw/1575/157500170010.001/swg.fits[1]
scw/1575/157500280010.001/swg.fits[1]
scw/1575/157500370010.001/swg.fits[1]
scw/1575/157500380010.001/swg.fits[1]
