scw/0177/017700270010.001/swg.fits[1]
scw/0262/026200510010.001/swg.fits[1]
scw/0262/026200600010.001/swg.fits[1]
scw/0263/026300330010.001/swg.fits[1]
scw/0263/026300420010.001/swg.fits[1]
scw/0263/026300430010.001/swg.fits[1]
scw/0263/026300440010.001/swg.fits[1]
scw/0263/026300510010.001/swg.fits[1]
scw/0263/026300520010.001/swg.fits[1]
scw/0331/033100260010.001/swg.fits[1]
scw/0332/033200240010.001/swg.fits[1]
scw/0333/033300080010.001/swg.fits[1]
scw/0333/033300570010.001/swg.fits[1]
scw/1053/105300020010.001/swg.fits[1]
scw/1055/105500020010.001/swg.fits[1]
scw/1058/105800020010.001/swg.fits[1]
scw/1128/112800330010.001/swg.fits[1]
scw/1141/114100110010.001/swg.fits[1]
scw/1377/137700550010.001/swg.fits[1]
scw/2313/231300540010.001/swg.fits[1]
scw/2314/231400840010.001/swg.fits[1]
scw/2323/232300470010.001/swg.fits[1]
