scw/0343/034300320010.001/swg.fits[1]
scw/0343/034300400010.001/swg.fits[1]
scw/0343/034300410010.001/swg.fits[1]
scw/0344/034400170010.001/swg.fits[1]
scw/0344/034400180010.001/swg.fits[1]
scw/0344/034400250010.001/swg.fits[1]
scw/0344/034400260010.001/swg.fits[1]
scw/0346/034600050010.001/swg.fits[1]
scw/0346/034600130010.001/swg.fits[1]
scw/0346/034600140010.001/swg.fits[1]
scw/1331/133100650010.001/swg.fits[1]
scw/1440/144000180010.001/swg.fits[1]
scw/1440/144000610010.001/swg.fits[1]
scw/1440/144000620010.001/swg.fits[1]
scw/1441/144100490010.001/swg.fits[1]
scw/1441/144100500010.001/swg.fits[1]
scw/1441/144100530010.001/swg.fits[1]
scw/1441/144100540010.001/swg.fits[1]
scw/1442/144200430010.001/swg.fits[1]
scw/1442/144200440010.001/swg.fits[1]
scw/1447/144700430010.001/swg.fits[1]
scw/1447/144700440010.001/swg.fits[1]
scw/1503/150300160010.001/swg.fits[1]
scw/1520/152000330010.001/swg.fits[1]
scw/1520/152000340010.001/swg.fits[1]
scw/1520/152000370010.001/swg.fits[1]
scw/1987/198700280010.001/swg.fits[1]
scw/1987/198700290010.001/swg.fits[1]
scw/2121/212100380010.001/swg.fits[1]
scw/2121/212100390010.001/swg.fits[1]
scw/2121/212100400010.001/swg.fits[1]
scw/2123/212300370010.001/swg.fits[1]
scw/2123/212300380010.001/swg.fits[1]
scw/2143/214300090010.001/swg.fits[1]
scw/2143/214300180010.001/swg.fits[1]
scw/2143/214300190010.001/swg.fits[1]
scw/2143/214300330010.001/swg.fits[1]
scw/2143/214300390010.001/swg.fits[1]
scw/2187/218700040010.001/swg.fits[1]
scw/2188/218800020010.001/swg.fits[1]
scw/2188/218800030010.001/swg.fits[1]
scw/2188/218800520010.001/swg.fits[1]
scw/2188/218800530010.001/swg.fits[1]
scw/2188/218800540010.001/swg.fits[1]
scw/2189/218900490010.001/swg.fits[1]
scw/2189/218900500010.001/swg.fits[1]
scw/2189/218900510010.001/swg.fits[1]
scw/2257/225700210010.001/swg.fits[1]
scw/2257/225700220010.001/swg.fits[1]
scw/2258/225800590010.001/swg.fits[1]
scw/2259/225900360010.001/swg.fits[1]
scw/2265/226500180010.001/swg.fits[1]
scw/2265/226500190010.001/swg.fits[1]
scw/2267/226700540010.001/swg.fits[1]
scw/2267/226700550010.001/swg.fits[1]
scw/2267/226700560010.001/swg.fits[1]
scw/2270/227000580010.001/swg.fits[1]
scw/2325/232500700010.001/swg.fits[1]
scw/2345/234500530010.001/swg.fits[1]
scw/2394/239400040010.001/swg.fits[1]
scw/2394/239400050010.001/swg.fits[1]
scw/2397/239700130010.001/swg.fits[1]
scw/2397/239700140010.001/swg.fits[1]
scw/2397/239700150010.001/swg.fits[1]
scw/2399/239900180010.001/swg.fits[1]
scw/2460/246000390010.001/swg.fits[1]
scw/2462/246200630010.001/swg.fits[1]
scw/2462/246200640010.001/swg.fits[1]
scw/2464/246400660010.001/swg.fits[1]
scw/2464/246400670010.001/swg.fits[1]
scw/2464/246400680010.001/swg.fits[1]
