scw/0865/086500700010.001/swg.fits[1]
scw/0865/086500710010.001/swg.fits[1]
scw/0865/086500720010.001/swg.fits[1]
scw/0865/086500750010.001/swg.fits[1]
scw/0865/086500760010.001/swg.fits[1]
scw/0866/086600510010.001/swg.fits[1]
scw/0866/086600530010.001/swg.fits[1]
scw/0866/086600540010.001/swg.fits[1]
scw/0866/086600550010.001/swg.fits[1]
scw/0866/086600600010.001/swg.fits[1]
scw/0866/086600610010.001/swg.fits[1]
scw/0867/086700130010.001/swg.fits[1]
scw/0867/086700170010.001/swg.fits[1]
scw/0867/086700180010.001/swg.fits[1]
scw/0867/086700190010.001/swg.fits[1]
scw/0867/086700220010.001/swg.fits[1]
scw/0867/086700230010.001/swg.fits[1]
scw/0867/086700290010.001/swg.fits[1]
scw/0867/086700310010.001/swg.fits[1]
scw/0867/086700320010.001/swg.fits[1]
scw/0867/086700330010.001/swg.fits[1]
scw/0867/086700380010.001/swg.fits[1]
scw/0867/086700390010.001/swg.fits[1]
scw/0867/086700630010.001/swg.fits[1]
scw/0867/086700680010.001/swg.fits[1]
scw/0867/086700690010.001/swg.fits[1]
scw/2023/202300070010.001/swg.fits[1]
scw/2023/202300080010.001/swg.fits[1]
scw/2023/202300230010.001/swg.fits[1]
scw/2023/202300240010.001/swg.fits[1]
scw/2023/202300390010.001/swg.fits[1]
scw/2023/202300400010.001/swg.fits[1]
scw/2023/202300550010.001/swg.fits[1]
scw/2023/202300560010.001/swg.fits[1]
scw/2024/202400070010.001/swg.fits[1]
scw/2024/202400080010.001/swg.fits[1]
scw/2024/202400230010.001/swg.fits[1]
scw/2024/202400240010.001/swg.fits[1]
scw/2024/202400390010.001/swg.fits[1]
scw/2024/202400400010.001/swg.fits[1]
scw/2024/202400410010.001/swg.fits[1]
scw/2024/202400550010.001/swg.fits[1]
scw/2024/202400560010.001/swg.fits[1]
scw/2024/202400570010.001/swg.fits[1]
scw/2024/202400710010.001/swg.fits[1]
scw/2024/202400720010.001/swg.fits[1]
scw/2024/202400730010.001/swg.fits[1]
scw/2024/202400870010.001/swg.fits[1]
scw/2024/202400880010.001/swg.fits[1]
scw/2024/202400890010.001/swg.fits[1]
scw/2025/202500050010.001/swg.fits[1]
scw/2025/202500060010.001/swg.fits[1]
scw/2025/202500070010.001/swg.fits[1]
scw/2025/202500210010.001/swg.fits[1]
scw/2025/202500220010.001/swg.fits[1]
scw/2025/202500230010.001/swg.fits[1]
scw/2025/202500370010.001/swg.fits[1]
scw/2025/202500380010.001/swg.fits[1]
scw/2025/202500390010.001/swg.fits[1]
scw/2025/202500530010.001/swg.fits[1]
scw/2025/202500540010.001/swg.fits[1]
scw/2025/202500550010.001/swg.fits[1]
scw/2026/202600070010.001/swg.fits[1]
scw/2026/202600080010.001/swg.fits[1]
scw/2026/202600090010.001/swg.fits[1]
scw/2026/202600230010.001/swg.fits[1]
scw/2026/202600240010.001/swg.fits[1]
scw/2026/202600250010.001/swg.fits[1]
scw/2026/202600390010.001/swg.fits[1]
scw/2026/202600400010.001/swg.fits[1]
scw/2026/202600410010.001/swg.fits[1]
scw/2026/202600550010.001/swg.fits[1]
scw/2026/202600560010.001/swg.fits[1]
scw/2026/202600570010.001/swg.fits[1]
scw/2026/202600710010.001/swg.fits[1]
scw/2026/202600720010.001/swg.fits[1]
scw/2026/202600730010.001/swg.fits[1]
scw/2026/202600870010.001/swg.fits[1]
scw/2026/202600880010.001/swg.fits[1]
scw/2026/202600890010.001/swg.fits[1]
scw/2027/202700050010.001/swg.fits[1]
scw/2027/202700060010.001/swg.fits[1]
scw/2027/202700070010.001/swg.fits[1]
scw/2027/202700210010.001/swg.fits[1]
scw/2027/202700220010.001/swg.fits[1]
scw/2027/202700230010.001/swg.fits[1]
scw/2027/202700370010.001/swg.fits[1]
scw/2027/202700380010.001/swg.fits[1]
scw/2027/202700390010.001/swg.fits[1]
scw/2027/202700600010.001/swg.fits[1]
scw/2027/202700610010.001/swg.fits[1]
scw/2027/202700620010.001/swg.fits[1]
scw/2027/202700760010.001/swg.fits[1]
scw/2027/202700770010.001/swg.fits[1]
scw/2027/202700780010.001/swg.fits[1]
scw/2027/202700830010.001/swg.fits[1]
scw/2027/202700840010.001/swg.fits[1]
scw/2027/202700850010.001/swg.fits[1]
scw/2028/202800090010.001/swg.fits[1]
scw/2028/202800100010.001/swg.fits[1]
scw/2028/202800110010.001/swg.fits[1]
scw/2028/202800250010.001/swg.fits[1]
scw/2028/202800260010.001/swg.fits[1]
scw/2028/202800270010.001/swg.fits[1]
scw/2028/202800410010.001/swg.fits[1]
scw/2028/202800420010.001/swg.fits[1]
scw/2028/202800430010.001/swg.fits[1]
scw/2028/202800570010.001/swg.fits[1]
scw/2028/202800580010.001/swg.fits[1]
scw/2028/202800590010.001/swg.fits[1]
scw/2028/202800730010.001/swg.fits[1]
scw/2028/202800740010.001/swg.fits[1]
scw/2028/202800750010.001/swg.fits[1]
scw/2028/202800890010.001/swg.fits[1]
scw/2028/202800900010.001/swg.fits[1]
scw/2028/202800910010.001/swg.fits[1]
scw/2029/202900130010.001/swg.fits[1]
scw/2029/202900140010.001/swg.fits[1]
scw/2029/202900150010.001/swg.fits[1]
scw/2029/202900290010.001/swg.fits[1]
scw/2029/202900300010.001/swg.fits[1]
scw/2029/202900310010.001/swg.fits[1]
scw/2029/202900450010.001/swg.fits[1]
scw/2029/202900460010.001/swg.fits[1]
scw/2029/202900470010.001/swg.fits[1]
scw/2029/202900610010.001/swg.fits[1]
scw/2029/202900620010.001/swg.fits[1]
scw/2029/202900630010.001/swg.fits[1]
scw/2092/209200290010.001/swg.fits[1]
scw/2092/209200550010.001/swg.fits[1]
