scw/0564/056400190010.001/swg.fits[1]
scw/0564/056400450010.001/swg.fits[1]
scw/0564/056400460010.001/swg.fits[1]
scw/0564/056400470010.001/swg.fits[1]
scw/0564/056400480010.001/swg.fits[1]
scw/0564/056400550010.001/swg.fits[1]
scw/0564/056400560010.001/swg.fits[1]
scw/0564/056400570010.001/swg.fits[1]
scw/0564/056400580010.001/swg.fits[1]
scw/0564/056400640010.001/swg.fits[1]
scw/0564/056400650010.001/swg.fits[1]
scw/0564/056400660010.001/swg.fits[1]
scw/0564/056400670010.001/swg.fits[1]
scw/0564/056400680010.001/swg.fits[1]
scw/0567/056700180010.001/swg.fits[1]
scw/0567/056700190010.001/swg.fits[1]
scw/0567/056700200010.001/swg.fits[1]
scw/0567/056700260010.001/swg.fits[1]
scw/0567/056700270010.001/swg.fits[1]
scw/0567/056700360010.001/swg.fits[1]
scw/0567/056700370010.001/swg.fits[1]
scw/0567/056700380010.001/swg.fits[1]
scw/0567/056700390010.001/swg.fits[1]
scw/0567/056700650010.001/swg.fits[1]
scw/0567/056700660010.001/swg.fits[1]
scw/0567/056700670010.001/swg.fits[1]
scw/0567/056700680010.001/swg.fits[1]
scw/0567/056700690010.001/swg.fits[1]
scw/0567/056700700010.001/swg.fits[1]
scw/0567/056700750010.001/swg.fits[1]
scw/0567/056700760010.001/swg.fits[1]
scw/0567/056700770010.001/swg.fits[1]
scw/0567/056700780010.001/swg.fits[1]
scw/0567/056700790010.001/swg.fits[1]
scw/0568/056800010010.001/swg.fits[1]
scw/0568/056800020010.001/swg.fits[1]
scw/0568/056800030010.001/swg.fits[1]
scw/0568/056800040010.001/swg.fits[1]
scw/0568/056800290010.001/swg.fits[1]
scw/0568/056800300010.001/swg.fits[1]
scw/0568/056800310010.001/swg.fits[1]
scw/0568/056800320010.001/swg.fits[1]
scw/0568/056800330010.001/swg.fits[1]
scw/0568/056800340010.001/swg.fits[1]
scw/0568/056800390010.001/swg.fits[1]
scw/0568/056800400010.001/swg.fits[1]
scw/0568/056800410010.001/swg.fits[1]
scw/0568/056800500010.001/swg.fits[1]
scw/0568/056800510010.001/swg.fits[1]
scw/0568/056800520010.001/swg.fits[1]
scw/0568/056800530010.001/swg.fits[1]
scw/0568/056800790010.001/swg.fits[1]
scw/0568/056800800010.001/swg.fits[1]
scw/0568/056800810010.001/swg.fits[1]
scw/0568/056800820010.001/swg.fits[1]
scw/0569/056900010010.001/swg.fits[1]
scw/0569/056900020010.001/swg.fits[1]
scw/0569/056900110010.001/swg.fits[1]
scw/0569/056900120010.001/swg.fits[1]
scw/0569/056900170010.001/swg.fits[1]
scw/0569/056900180010.001/swg.fits[1]
scw/0569/056900200010.001/swg.fits[1]
scw/0569/056900210010.001/swg.fits[1]
scw/0569/056900220010.001/swg.fits[1]
scw/1048/104800330010.001/swg.fits[1]
scw/1049/104900860010.001/swg.fits[1]
scw/1050/105000390010.001/swg.fits[1]
scw/1051/105100520010.001/swg.fits[1]
scw/1053/105300230010.001/swg.fits[1]
scw/1054/105400060010.001/swg.fits[1]
scw/1056/105600770010.001/swg.fits[1]
scw/1058/105800180010.001/swg.fits[1]
scw/1059/105900200010.001/swg.fits[1]
scw/1060/106000240010.001/swg.fits[1]
scw/1114/111400160010.001/swg.fits[1]
scw/1119/111900800010.001/swg.fits[1]
scw/1119/111900910010.001/swg.fits[1]
scw/1121/112100080010.001/swg.fits[1]
scw/1121/112100190010.001/swg.fits[1]
scw/1123/112300070010.001/swg.fits[1]
scw/1123/112300170010.001/swg.fits[1]
scw/1126/112600160010.001/swg.fits[1]
scw/1127/112700260010.001/swg.fits[1]
scw/1128/112800430010.001/swg.fits[1]
scw/1141/114100400010.001/swg.fits[1]
scw/1169/116900510010.001/swg.fits[1]
scw/1171/117100170010.001/swg.fits[1]
scw/1172/117200110010.001/swg.fits[1]
scw/1173/117300190010.001/swg.fits[1]
scw/1184/118400030010.001/swg.fits[1]
scw/1189/118900060010.001/swg.fits[1]
scw/1224/122400830010.001/swg.fits[1]
scw/1224/122400840010.001/swg.fits[1]
scw/1227/122700940010.001/swg.fits[1]
scw/1229/122900410010.001/swg.fits[1]
scw/1230/123000070010.001/swg.fits[1]
scw/1235/123500170010.001/swg.fits[1]
scw/1238/123800060010.001/swg.fits[1]
scw/1245/124500050010.001/swg.fits[1]
scw/1246/124600540010.001/swg.fits[1]
scw/1247/124700080010.001/swg.fits[1]
scw/1293/129300590010.001/swg.fits[1]
scw/1296/129600840010.001/swg.fits[1]
scw/1296/129600870010.001/swg.fits[1]
scw/1303/130300510010.001/swg.fits[1]
scw/1304/130400070010.001/swg.fits[1]
scw/1304/130400180010.001/swg.fits[1]
scw/1365/136500620010.001/swg.fits[1]
scw/1365/136500730010.001/swg.fits[1]
scw/1374/137400500010.001/swg.fits[1]
scw/1374/137400670010.001/swg.fits[1]
scw/1433/143300950010.001/swg.fits[1]
scw/1433/143300960010.001/swg.fits[1]
scw/1434/143400050010.001/swg.fits[1]
scw/1434/143400060010.001/swg.fits[1]
scw/1434/143400070010.001/swg.fits[1]
scw/1434/143400080010.001/swg.fits[1]
scw/1434/143400270010.001/swg.fits[1]
scw/1434/143400350010.001/swg.fits[1]
scw/1434/143400360010.001/swg.fits[1]
scw/1434/143400370010.001/swg.fits[1]
scw/1434/143400550010.001/swg.fits[1]
scw/1434/143400560010.001/swg.fits[1]
scw/1434/143400570010.001/swg.fits[1]
scw/1434/143400580010.001/swg.fits[1]
scw/1435/143500170010.001/swg.fits[1]
scw/1435/143500230010.001/swg.fits[1]
scw/1435/143500240010.001/swg.fits[1]
scw/1435/143500250010.001/swg.fits[1]
scw/1435/143500270010.001/swg.fits[1]
scw/1435/143500440010.001/swg.fits[1]
scw/1435/143500450010.001/swg.fits[1]
scw/1435/143500460010.001/swg.fits[1]
scw/1435/143500470010.001/swg.fits[1]
scw/1436/143600050010.001/swg.fits[1]
scw/1436/143600060010.001/swg.fits[1]
scw/1436/143600130010.001/swg.fits[1]
scw/1436/143600140010.001/swg.fits[1]
scw/1436/143600150010.001/swg.fits[1]
scw/1436/143600320010.001/swg.fits[1]
scw/1436/143600330010.001/swg.fits[1]
scw/1436/143600340010.001/swg.fits[1]
scw/1436/143600350010.001/swg.fits[1]
scw/1436/143600360010.001/swg.fits[1]
scw/1437/143700070010.001/swg.fits[1]
scw/1437/143700080010.001/swg.fits[1]
scw/1437/143700090010.001/swg.fits[1]
scw/1437/143700100010.001/swg.fits[1]
scw/1437/143700590010.001/swg.fits[1]
scw/1438/143800640010.001/swg.fits[1]
scw/1479/147900410010.001/swg.fits[1]
scw/1480/148000920010.001/swg.fits[1]
scw/1481/148100150010.001/swg.fits[1]
scw/1489/148900070010.001/swg.fits[1]
scw/1489/148900140010.001/swg.fits[1]
scw/1614/161400080010.001/swg.fits[1]
scw/1614/161400130010.001/swg.fits[1]
scw/1616/161600620010.001/swg.fits[1]
scw/1619/161900720010.001/swg.fits[1]
scw/2154/215400970010.001/swg.fits[1]
scw/2282/228200600010.001/swg.fits[1]
scw/2322/232200060010.001/swg.fits[1]
scw/2322/232200070010.001/swg.fits[1]
scw/2324/232400240010.001/swg.fits[1]
scw/2324/232400250010.001/swg.fits[1]
scw/2324/232400300010.001/swg.fits[1]
scw/2324/232400310010.001/swg.fits[1]
scw/2324/232400320010.001/swg.fits[1]
scw/2324/232400340010.001/swg.fits[1]
scw/2324/232400350010.001/swg.fits[1]
scw/2325/232500610010.001/swg.fits[1]
scw/2372/237200270010.001/swg.fits[1]
scw/2392/239200060010.001/swg.fits[1]
scw/2392/239200070010.001/swg.fits[1]
scw/2393/239300450010.001/swg.fits[1]
scw/2393/239300490010.001/swg.fits[1]
scw/2393/239300500010.001/swg.fits[1]
scw/2393/239300510010.001/swg.fits[1]
scw/2396/239600210010.001/swg.fits[1]
scw/2446/244600120010.001/swg.fits[1]
scw/2446/244600130010.001/swg.fits[1]
scw/2446/244600140010.001/swg.fits[1]
scw/2446/244600200010.001/swg.fits[1]
scw/2446/244600210010.001/swg.fits[1]
scw/2462/246200290010.001/swg.fits[1]
scw/2462/246200300010.001/swg.fits[1]
scw/2463/246300030010.001/swg.fits[1]
scw/2463/246300040010.001/swg.fits[1]
