scw/1038/103800050010.001/swg.fits[1]
scw/1038/103800060010.001/swg.fits[1]
scw/1038/103800070010.001/swg.fits[1]
scw/1038/103800580010.001/swg.fits[1]
scw/1038/103800590010.001/swg.fits[1]
scw/1038/103800600010.001/swg.fits[1]
scw/1039/103900050010.001/swg.fits[1]
scw/1039/103900060010.001/swg.fits[1]
scw/1039/103900070010.001/swg.fits[1]
scw/1039/103900580010.001/swg.fits[1]
scw/1039/103900590010.001/swg.fits[1]
scw/1039/103900600010.001/swg.fits[1]
scw/1039/103900670010.001/swg.fits[1]
scw/1039/103900680010.001/swg.fits[1]
scw/1039/103900690010.001/swg.fits[1]
scw/1154/115400590010.001/swg.fits[1]
scw/1154/115400600010.001/swg.fits[1]
scw/1154/115400610010.001/swg.fits[1]
scw/1161/116100890010.001/swg.fits[1]
scw/1161/116100910010.001/swg.fits[1]
scw/1161/116100920010.001/swg.fits[1]
scw/1163/116300200010.001/swg.fits[1]
scw/1163/116300210010.001/swg.fits[1]
scw/1163/116300220010.001/swg.fits[1]
scw/1163/116300740010.001/swg.fits[1]
scw/1163/116300750010.001/swg.fits[1]
scw/1163/116300760010.001/swg.fits[1]
scw/1163/116300820010.001/swg.fits[1]
scw/1163/116300830010.001/swg.fits[1]
scw/1163/116300840010.001/swg.fits[1]
scw/1164/116400280010.001/swg.fits[1]
scw/1164/116400290010.001/swg.fits[1]
scw/1164/116400300010.001/swg.fits[1]
scw/1164/116400370010.001/swg.fits[1]
scw/1164/116400380010.001/swg.fits[1]
scw/1164/116400390010.001/swg.fits[1]
scw/1164/116400900010.001/swg.fits[1]
scw/1164/116400910010.001/swg.fits[1]
scw/1164/116400920010.001/swg.fits[1]
scw/1165/116500270010.001/swg.fits[1]
scw/1165/116500280010.001/swg.fits[1]
scw/1165/116500290010.001/swg.fits[1]
scw/1165/116500340010.001/swg.fits[1]
scw/1165/116500350010.001/swg.fits[1]
scw/1165/116500360010.001/swg.fits[1]
scw/1165/116500870010.001/swg.fits[1]
scw/1165/116500880010.001/swg.fits[1]
scw/1165/116500900010.001/swg.fits[1]
scw/1166/116600270010.001/swg.fits[1]
scw/1166/116600280010.001/swg.fits[1]
scw/1166/116600290010.001/swg.fits[1]
scw/1166/116600360010.001/swg.fits[1]
scw/1166/116600370010.001/swg.fits[1]
scw/1166/116600380010.001/swg.fits[1]
scw/1166/116600910010.001/swg.fits[1]
scw/1166/116600920010.001/swg.fits[1]
scw/1166/116600940010.001/swg.fits[1]
scw/1167/116700200010.001/swg.fits[1]
scw/1167/116700210010.001/swg.fits[1]
scw/1167/116700220010.001/swg.fits[1]
scw/1167/116700730010.001/swg.fits[1]
scw/1167/116700740010.001/swg.fits[1]
scw/1167/116700750010.001/swg.fits[1]
scw/1167/116700820010.001/swg.fits[1]
scw/1167/116700840010.001/swg.fits[1]
scw/1167/116700850010.001/swg.fits[1]
scw/1168/116800270010.001/swg.fits[1]
scw/1168/116800280010.001/swg.fits[1]
scw/1168/116800290010.001/swg.fits[1]
scw/1168/116800360010.001/swg.fits[1]
scw/1168/116800370010.001/swg.fits[1]
scw/1168/116800380010.001/swg.fits[1]
scw/1168/116800890010.001/swg.fits[1]
scw/1168/116800900010.001/swg.fits[1]
scw/1168/116800910010.001/swg.fits[1]
scw/1169/116900430010.001/swg.fits[1]
scw/1169/116900440010.001/swg.fits[1]
scw/1169/116900450010.001/swg.fits[1]
scw/2091/209100180010.001/swg.fits[1]
scw/2091/209100190010.001/swg.fits[1]
scw/2091/209100240010.001/swg.fits[1]
scw/2091/209100250010.001/swg.fits[1]
scw/2091/209100440010.001/swg.fits[1]
scw/2091/209100450010.001/swg.fits[1]
scw/2091/209100500010.001/swg.fits[1]
scw/2091/209100510010.001/swg.fits[1]
scw/2091/209100550010.001/swg.fits[1]
scw/2091/209100560010.001/swg.fits[1]
scw/2091/209100610010.001/swg.fits[1]
scw/2091/209100620010.001/swg.fits[1]
scw/2091/209100810010.001/swg.fits[1]
scw/2091/209100820010.001/swg.fits[1]
scw/2091/209100870010.001/swg.fits[1]
scw/2091/209100880010.001/swg.fits[1]
scw/2301/230100030010.001/swg.fits[1]
scw/2301/230100040010.001/swg.fits[1]
scw/2301/230100090010.001/swg.fits[1]
scw/2301/230100100010.001/swg.fits[1]
scw/2301/230100130010.001/swg.fits[1]
scw/2301/230100290010.001/swg.fits[1]
scw/2301/230100300010.001/swg.fits[1]
scw/2301/230100350010.001/swg.fits[1]
scw/2301/230100360010.001/swg.fits[1]
scw/2301/230100390010.001/swg.fits[1]
scw/2301/230100700010.001/swg.fits[1]
scw/2301/230100710010.001/swg.fits[1]
scw/2301/230100760010.001/swg.fits[1]
scw/2301/230100770010.001/swg.fits[1]
scw/2374/237400400010.001/swg.fits[1]
scw/2376/237600420010.001/swg.fits[1]
scw/2376/237600510010.001/swg.fits[1]
scw/2379/237900070010.001/swg.fits[1]
