scw/0516/051600940010.001/swg.fits[1]
scw/0516/051600950010.001/swg.fits[1]
scw/0578/057800050010.001/swg.fits[1]
scw/0578/057800060010.001/swg.fits[1]
scw/0578/057800070010.001/swg.fits[1]
scw/0578/057800420010.001/swg.fits[1]
scw/0578/057800430010.001/swg.fits[1]
scw/0578/057800440010.001/swg.fits[1]
scw/0584/058400250010.001/swg.fits[1]
scw/0584/058400260010.001/swg.fits[1]
scw/0584/058400270010.001/swg.fits[1]
scw/0588/058800050010.001/swg.fits[1]
scw/0588/058800060010.001/swg.fits[1]
scw/0588/058800070010.001/swg.fits[1]
scw/2176/217600030010.001/swg.fits[1]
scw/2176/217600040010.001/swg.fits[1]
scw/2176/217600100010.001/swg.fits[1]
scw/2176/217600290010.001/swg.fits[1]
scw/2176/217600300010.001/swg.fits[1]
scw/2176/217600360010.001/swg.fits[1]
scw/2249/224900330010.001/swg.fits[1]
scw/2249/224900340010.001/swg.fits[1]
scw/2249/224900400010.001/swg.fits[1]
scw/2313/231300020010.001/swg.fits[1]
scw/2313/231300060010.001/swg.fits[1]
scw/2313/231300070010.001/swg.fits[1]
scw/2313/231300080010.001/swg.fits[1]
scw/2313/231300100010.001/swg.fits[1]
scw/2313/231300190010.001/swg.fits[1]
scw/2313/231300200010.001/swg.fits[1]
scw/2313/231300260010.001/swg.fits[1]
