scw/0030/003000190010.001/swg.fits[1]
scw/0030/003000590010.001/swg.fits[1]
scw/0030/003000670010.001/swg.fits[1]
scw/0032/003200740010.001/swg.fits[1]
scw/0032/003200820010.001/swg.fits[1]
scw/0050/005000840010.001/swg.fits[1]
scw/0050/005000850010.001/swg.fits[1]
scw/0050/005000860010.001/swg.fits[1]
scw/0050/005000870010.001/swg.fits[1]
scw/0101/010100520010.001/swg.fits[1]
scw/0101/010100530010.001/swg.fits[1]
scw/0118/011800300010.001/swg.fits[1]
scw/0155/015500270010.001/swg.fits[1]
scw/0155/015500750010.001/swg.fits[1]
scw/0155/015500830010.001/swg.fits[1]
scw/0156/015600280010.001/swg.fits[1]
scw/0156/015600360010.001/swg.fits[1]
scw/0156/015600760010.001/swg.fits[1]
scw/0156/015600840010.001/swg.fits[1]
scw/0157/015700500010.001/swg.fits[1]
scw/0157/015700580010.001/swg.fits[1]
scw/0158/015800020010.001/swg.fits[1]
scw/0158/015800100010.001/swg.fits[1]
scw/0158/015800500010.001/swg.fits[1]
scw/0158/015800580010.001/swg.fits[1]
scw/0402/040200050010.001/swg.fits[1]
scw/0402/040200060010.001/swg.fits[1]
scw/0402/040200470010.001/swg.fits[1]
scw/0402/040200560010.001/swg.fits[1]
scw/0403/040300340010.001/swg.fits[1]
scw/0403/040300420010.001/swg.fits[1]
scw/0403/040300430010.001/swg.fits[1]
scw/0404/040400270010.001/swg.fits[1]
scw/0404/040400330010.001/swg.fits[1]
scw/0405/040500300010.001/swg.fits[1]
scw/0405/040500310010.001/swg.fits[1]
scw/0406/040600350010.001/swg.fits[1]
scw/0407/040700540010.001/swg.fits[1]
scw/0407/040700550010.001/swg.fits[1]
scw/0459/045900520010.001/swg.fits[1]
scw/0459/045900530010.001/swg.fits[1]
scw/0459/045900540010.001/swg.fits[1]
scw/0460/046000400010.001/swg.fits[1]
scw/0460/046000410010.001/swg.fits[1]
scw/0461/046100440010.001/swg.fits[1]
scw/0461/046100450010.001/swg.fits[1]
scw/0524/052400050010.001/swg.fits[1]
scw/0524/052400060010.001/swg.fits[1]
scw/0524/052400070010.001/swg.fits[1]
scw/0524/052400120010.001/swg.fits[1]
scw/0524/052400500010.001/swg.fits[1]
scw/0524/052400510010.001/swg.fits[1]
scw/0524/052400520010.001/swg.fits[1]
scw/0524/052400550010.001/swg.fits[1]
scw/0524/052400560010.001/swg.fits[1]
scw/0526/052600210010.001/swg.fits[1]
scw/0526/052600220010.001/swg.fits[1]
scw/0526/052600240010.001/swg.fits[1]
scw/0526/052600250010.001/swg.fits[1]
scw/0526/052600260010.001/swg.fits[1]
scw/0526/052600320010.001/swg.fits[1]
scw/0527/052700130010.001/swg.fits[1]
scw/0527/052700140010.001/swg.fits[1]
scw/0527/052700170010.001/swg.fits[1]
scw/0527/052700180010.001/swg.fits[1]
scw/0527/052700570010.001/swg.fits[1]
scw/0527/052700580010.001/swg.fits[1]
scw/0527/052700620010.001/swg.fits[1]
scw/0527/052700630010.001/swg.fits[1]
scw/0533/053300130010.001/swg.fits[1]
scw/0533/053300460010.001/swg.fits[1]
scw/0533/053300520010.001/swg.fits[1]
scw/0533/053300530010.001/swg.fits[1]
scw/0533/053300540010.001/swg.fits[1]
scw/0533/053300550010.001/swg.fits[1]
scw/0533/053300560010.001/swg.fits[1]
scw/0533/053300570010.001/swg.fits[1]
scw/0533/053300620010.001/swg.fits[1]
scw/0533/053300630010.001/swg.fits[1]
scw/1022/102200570010.001/swg.fits[1]
scw/1022/102200580010.001/swg.fits[1]
scw/1022/102200590010.001/swg.fits[1]
scw/1023/102300220010.001/swg.fits[1]
scw/1023/102300230010.001/swg.fits[1]
scw/1023/102300240010.001/swg.fits[1]
scw/1024/102400230010.001/swg.fits[1]
scw/1024/102400240010.001/swg.fits[1]
scw/1024/102400250010.001/swg.fits[1]
scw/1082/108200710010.001/swg.fits[1]
scw/1082/108200720010.001/swg.fits[1]
scw/1083/108300670010.001/swg.fits[1]
scw/1083/108300680010.001/swg.fits[1]
scw/1083/108300810010.001/swg.fits[1]
scw/1083/108300820010.001/swg.fits[1]
scw/1088/108800410010.001/swg.fits[1]
scw/1088/108800420010.001/swg.fits[1]
scw/1142/114200150010.001/swg.fits[1]
scw/1142/114200160010.001/swg.fits[1]
scw/1142/114200170010.001/swg.fits[1]
scw/1142/114200650010.001/swg.fits[1]
scw/1142/114200660010.001/swg.fits[1]
scw/1142/114200670010.001/swg.fits[1]
scw/1143/114300470010.001/swg.fits[1]
scw/1143/114300480010.001/swg.fits[1]
scw/1143/114300490010.001/swg.fits[1]
scw/1143/114300960010.001/swg.fits[1]
scw/1143/114300970010.001/swg.fits[1]
scw/1143/114300980010.001/swg.fits[1]
scw/1144/114400400010.001/swg.fits[1]
scw/1144/114400410010.001/swg.fits[1]
scw/1144/114400420010.001/swg.fits[1]
scw/1572/157200110010.001/swg.fits[1]
scw/1572/157200120010.001/swg.fits[1]
scw/1572/157200320010.001/swg.fits[1]
scw/1572/157200330010.001/swg.fits[1]
scw/1572/157200360010.001/swg.fits[1]
scw/1572/157200370010.001/swg.fits[1]
scw/1572/157200570010.001/swg.fits[1]
scw/1572/157200580010.001/swg.fits[1]
scw/1574/157400030010.001/swg.fits[1]
scw/1574/157400040010.001/swg.fits[1]
scw/1574/157400240010.001/swg.fits[1]
scw/1574/157400250010.001/swg.fits[1]
scw/1574/157400280010.001/swg.fits[1]
scw/1574/157400290010.001/swg.fits[1]
scw/1574/157400490010.001/swg.fits[1]
scw/1574/157400500010.001/swg.fits[1]
scw/1574/157400530010.001/swg.fits[1]
scw/1574/157400540010.001/swg.fits[1]
scw/1574/157400740010.001/swg.fits[1]
scw/1574/157400750010.001/swg.fits[1]
scw/1576/157600050010.001/swg.fits[1]
scw/1576/157600060010.001/swg.fits[1]
scw/1576/157600260010.001/swg.fits[1]
scw/1576/157600270010.001/swg.fits[1]
scw/1576/157600300010.001/swg.fits[1]
scw/1576/157600310010.001/swg.fits[1]
scw/1576/157600510010.001/swg.fits[1]
scw/1576/157600520010.001/swg.fits[1]
scw/1576/157600550010.001/swg.fits[1]
scw/1576/157600560010.001/swg.fits[1]
scw/1576/157600760010.001/swg.fits[1]
scw/1576/157600770010.001/swg.fits[1]
scw/1578/157800130010.001/swg.fits[1]
scw/1578/157800140010.001/swg.fits[1]
scw/1578/157800340010.001/swg.fits[1]
scw/1578/157800350010.001/swg.fits[1]
scw/1578/157800380010.001/swg.fits[1]
scw/1578/157800390010.001/swg.fits[1]
scw/1578/157800590010.001/swg.fits[1]
scw/1578/157800600010.001/swg.fits[1]
scw/1580/158000050010.001/swg.fits[1]
scw/1580/158000060010.001/swg.fits[1]
scw/1580/158000260010.001/swg.fits[1]
scw/1580/158000270010.001/swg.fits[1]
scw/1580/158000300010.001/swg.fits[1]
scw/1580/158000310010.001/swg.fits[1]
scw/1580/158000510010.001/swg.fits[1]
scw/1580/158000520010.001/swg.fits[1]
scw/1582/158200030010.001/swg.fits[1]
scw/1582/158200040010.001/swg.fits[1]
scw/1582/158200240010.001/swg.fits[1]
scw/1582/158200250010.001/swg.fits[1]
scw/1582/158200280010.001/swg.fits[1]
scw/1582/158200290010.001/swg.fits[1]
scw/1582/158200490010.001/swg.fits[1]
scw/1582/158200500010.001/swg.fits[1]
scw/1583/158300030010.001/swg.fits[1]
scw/1583/158300040010.001/swg.fits[1]
scw/1583/158300240010.001/swg.fits[1]
scw/1583/158300250010.001/swg.fits[1]
scw/1583/158300280010.001/swg.fits[1]
scw/1583/158300290010.001/swg.fits[1]
scw/1583/158300490010.001/swg.fits[1]
scw/1583/158300500010.001/swg.fits[1]
scw/2320/232000070010.001/swg.fits[1]
scw/2320/232000080010.001/swg.fits[1]
