scw/0254/025400340010.001/swg.fits[1]
scw/0254/025400350010.001/swg.fits[1]
scw/0254/025400360010.001/swg.fits[1]
scw/0254/025400370010.001/swg.fits[1]
scw/0254/025400380010.001/swg.fits[1]
scw/0254/025400390010.001/swg.fits[1]
scw/0254/025400590010.001/swg.fits[1]
scw/0254/025400600010.001/swg.fits[1]
scw/0254/025400610010.001/swg.fits[1]
scw/0254/025400640010.001/swg.fits[1]
scw/0254/025400650010.001/swg.fits[1]
scw/0258/025800180010.001/swg.fits[1]
scw/0258/025800190010.001/swg.fits[1]
scw/0258/025800370010.001/swg.fits[1]
scw/0258/025800380010.001/swg.fits[1]
scw/0258/025800390010.001/swg.fits[1]
scw/0258/025800400010.001/swg.fits[1]
scw/0258/025800410010.001/swg.fits[1]
scw/0258/025800420010.001/swg.fits[1]
scw/0258/025800670010.001/swg.fits[1]
scw/0258/025800680010.001/swg.fits[1]
scw/0258/025800690010.001/swg.fits[1]
scw/0259/025900640010.001/swg.fits[1]
scw/0259/025900650010.001/swg.fits[1]
scw/0259/025900700010.001/swg.fits[1]
scw/0259/025900710010.001/swg.fits[1]
scw/0259/025900720010.001/swg.fits[1]
scw/0260/026000220010.001/swg.fits[1]
scw/0260/026000230010.001/swg.fits[1]
scw/0796/079600460010.001/swg.fits[1]
scw/0796/079600520010.001/swg.fits[1]
scw/0796/079600530010.001/swg.fits[1]
scw/0798/079800200010.001/swg.fits[1]
scw/0798/079800220010.001/swg.fits[1]
scw/0798/079800230010.001/swg.fits[1]
scw/0798/079800420010.001/swg.fits[1]
scw/0798/079800430010.001/swg.fits[1]
scw/0798/079800500010.001/swg.fits[1]
scw/0799/079900150010.001/swg.fits[1]
scw/0799/079900160010.001/swg.fits[1]
scw/0799/079900240010.001/swg.fits[1]
scw/0799/079900360010.001/swg.fits[1]
scw/0799/079900420010.001/swg.fits[1]
scw/0799/079900430010.001/swg.fits[1]
scw/0799/079900630010.001/swg.fits[1]
scw/0800/080000100010.001/swg.fits[1]
scw/1038/103800820010.001/swg.fits[1]
scw/1038/103800880010.001/swg.fits[1]
scw/1038/103800890010.001/swg.fits[1]
scw/1042/104200620010.001/swg.fits[1]
scw/1043/104300020010.001/swg.fits[1]
scw/1043/104300030010.001/swg.fits[1]
scw/1043/104300220010.001/swg.fits[1]
scw/1043/104300230010.001/swg.fits[1]
scw/1043/104300290010.001/swg.fits[1]
scw/1043/104300300010.001/swg.fits[1]
scw/1043/104300520010.001/swg.fits[1]
scw/1043/104300530010.001/swg.fits[1]
scw/1043/104300610010.001/swg.fits[1]
scw/1044/104400220010.001/swg.fits[1]
scw/1044/104400280010.001/swg.fits[1]
scw/1044/104400290010.001/swg.fits[1]
scw/1044/104400490010.001/swg.fits[1]
scw/1044/104400520010.001/swg.fits[1]
scw/1044/104400590010.001/swg.fits[1]
scw/1045/104500090010.001/swg.fits[1]
scw/1045/104500100010.001/swg.fits[1]
scw/1045/104500160010.001/swg.fits[1]
scw/1045/104500170010.001/swg.fits[1]
scw/1045/104500370010.001/swg.fits[1]
scw/1045/104500390010.001/swg.fits[1]
scw/1045/104500400010.001/swg.fits[1]
scw/1045/104500600010.001/swg.fits[1]
