scw/0646/064600500010.001/swg.fits[1]
scw/0646/064600530010.001/swg.fits[1]
scw/0646/064600540010.001/swg.fits[1]
scw/0646/064600550010.001/swg.fits[1]
scw/0662/066200140010.001/swg.fits[1]
scw/0662/066200150010.001/swg.fits[1]
scw/0662/066200590010.001/swg.fits[1]
scw/0662/066200640010.001/swg.fits[1]
scw/0662/066200650010.001/swg.fits[1]
scw/0662/066201080010.001/swg.fits[1]
scw/0662/066201090010.001/swg.fits[1]
scw/0662/066201100010.001/swg.fits[1]
scw/0706/070600170010.001/swg.fits[1]
scw/0706/070600190010.001/swg.fits[1]
scw/0706/070600200010.001/swg.fits[1]
scw/0706/070600210010.001/swg.fits[1]
scw/0706/070600270010.001/swg.fits[1]
scw/0706/070600300010.001/swg.fits[1]
scw/0706/070600370010.001/swg.fits[1]
scw/0706/070600380010.001/swg.fits[1]
scw/0706/070600390010.001/swg.fits[1]
scw/0706/070600400010.001/swg.fits[1]
scw/0707/070700050010.001/swg.fits[1]
scw/0707/070700060010.001/swg.fits[1]
scw/0707/070700070010.001/swg.fits[1]
scw/0707/070700080010.001/swg.fits[1]
scw/0707/070700090010.001/swg.fits[1]
scw/0707/070700260010.001/swg.fits[1]
scw/0707/070700270010.001/swg.fits[1]
scw/0707/070700280010.001/swg.fits[1]
scw/0707/070700290010.001/swg.fits[1]
scw/0707/070700560010.001/swg.fits[1]
scw/0707/070700590010.001/swg.fits[1]
scw/0707/070700600010.001/swg.fits[1]
scw/0708/070800070010.001/swg.fits[1]
scw/0708/070800100010.001/swg.fits[1]
scw/0708/070800170010.001/swg.fits[1]
scw/0708/070800180010.001/swg.fits[1]
scw/0708/070800190010.001/swg.fits[1]
scw/0708/070800200010.001/swg.fits[1]
scw/0708/070800460010.001/swg.fits[1]
scw/0708/070800470010.001/swg.fits[1]
scw/0708/070800490010.001/swg.fits[1]
scw/0708/070800500010.001/swg.fits[1]
scw/0708/070800510010.001/swg.fits[1]
scw/0708/070800590010.001/swg.fits[1]
scw/0708/070800600010.001/swg.fits[1]
scw/0709/070900070010.001/swg.fits[1]
scw/0709/070900080010.001/swg.fits[1]
scw/0709/070900090010.001/swg.fits[1]
scw/0709/070900110010.001/swg.fits[1]
scw/0710/071000160010.001/swg.fits[1]
scw/0710/071000180010.001/swg.fits[1]
scw/0710/071000190010.001/swg.fits[1]
scw/0710/071000200010.001/swg.fits[1]
scw/0715/071500340010.001/swg.fits[1]
scw/0715/071500380010.001/swg.fits[1]
scw/0715/071500390010.001/swg.fits[1]
scw/0716/071600260010.001/swg.fits[1]
scw/0716/071600270010.001/swg.fits[1]
scw/0716/071600310010.001/swg.fits[1]
scw/0716/071600320010.001/swg.fits[1]
scw/0716/071600330010.001/swg.fits[1]
scw/0724/072400110010.001/swg.fits[1]
scw/0724/072400120010.001/swg.fits[1]
scw/0724/072400170010.001/swg.fits[1]
scw/0724/072400180010.001/swg.fits[1]
scw/0772/077200490010.001/swg.fits[1]
scw/0772/077200500010.001/swg.fits[1]
scw/0772/077200520010.001/swg.fits[1]
scw/0772/077200530010.001/swg.fits[1]
scw/0772/077200540010.001/swg.fits[1]
scw/0773/077300030010.001/swg.fits[1]
scw/0773/077300090010.001/swg.fits[1]
scw/0773/077300100010.001/swg.fits[1]
scw/0773/077300130010.001/swg.fits[1]
scw/0773/077300390010.001/swg.fits[1]
scw/0773/077300400010.001/swg.fits[1]
scw/0773/077300430010.001/swg.fits[1]
scw/0773/077300440010.001/swg.fits[1]
scw/0773/077300490010.001/swg.fits[1]
scw/0773/077300590010.001/swg.fits[1]
scw/0773/077300600010.001/swg.fits[1]
scw/0773/077300610010.001/swg.fits[1]
scw/0775/077500030010.001/swg.fits[1]
scw/0775/077500040010.001/swg.fits[1]
scw/0775/077500290010.001/swg.fits[1]
scw/0775/077500300010.001/swg.fits[1]
scw/0775/077500320010.001/swg.fits[1]
scw/0775/077500330010.001/swg.fits[1]
scw/0775/077500340010.001/swg.fits[1]
scw/0775/077500430010.001/swg.fits[1]
scw/0775/077500440010.001/swg.fits[1]
scw/0775/077500490010.001/swg.fits[1]
scw/0775/077500500010.001/swg.fits[1]
scw/0775/077500530010.001/swg.fits[1]
scw/0961/096100140010.001/swg.fits[1]
scw/0961/096100150010.001/swg.fits[1]
scw/0964/096400400010.001/swg.fits[1]
scw/0964/096400410010.001/swg.fits[1]
scw/0964/096400480010.001/swg.fits[1]
scw/0964/096400490010.001/swg.fits[1]
scw/0964/096401060010.001/swg.fits[1]
scw/0964/096401070010.001/swg.fits[1]
scw/0965/096500290010.001/swg.fits[1]
scw/0965/096500300010.001/swg.fits[1]
scw/0965/096500370010.001/swg.fits[1]
scw/0965/096500380010.001/swg.fits[1]
scw/1252/125200110010.001/swg.fits[1]
scw/1252/125200120010.001/swg.fits[1]
scw/1252/125200410010.001/swg.fits[1]
scw/1252/125200420010.001/swg.fits[1]
scw/1263/126300110010.001/swg.fits[1]
scw/1263/126300120010.001/swg.fits[1]
scw/1314/131400340010.001/swg.fits[1]
scw/1314/131400350010.001/swg.fits[1]
scw/1314/131400360010.001/swg.fits[1]
scw/1314/131400550010.001/swg.fits[1]
scw/1314/131400560010.001/swg.fits[1]
scw/1325/132500180010.001/swg.fits[1]
scw/1325/132500190010.001/swg.fits[1]
scw/1325/132500380010.001/swg.fits[1]
scw/1910/191000060010.001/swg.fits[1]
scw/1910/191000070010.001/swg.fits[1]
scw/1910/191000140010.001/swg.fits[1]
scw/1910/191000150010.001/swg.fits[1]
scw/1912/191200050010.001/swg.fits[1]
scw/1912/191200130010.001/swg.fits[1]
scw/1912/191200140010.001/swg.fits[1]
scw/1912/191200150010.001/swg.fits[1]
scw/1912/191200160010.001/swg.fits[1]
scw/1912/191200230010.001/swg.fits[1]
scw/1912/191200240010.001/swg.fits[1]
scw/2117/211700210010.001/swg.fits[1]
scw/2117/211700220010.001/swg.fits[1]
scw/2117/211700290010.001/swg.fits[1]
scw/2117/211700300010.001/swg.fits[1]
scw/2117/211700310010.001/swg.fits[1]
scw/2117/211700320010.001/swg.fits[1]
scw/2117/211700400010.001/swg.fits[1]
scw/2404/240400220010.001/swg.fits[1]
