scw/0959/095900600010.001/swg.fits[1]
scw/0959/095900610010.001/swg.fits[1]
scw/0959/095900640010.001/swg.fits[1]
scw/0959/095900650010.001/swg.fits[1]
scw/0965/096500880010.001/swg.fits[1]
scw/0974/097400730010.001/swg.fits[1]
scw/0974/097400770010.001/swg.fits[1]
scw/0974/097400780010.001/swg.fits[1]
scw/0974/097400820010.001/swg.fits[1]
scw/0974/097400830010.001/swg.fits[1]
scw/0974/097400840010.001/swg.fits[1]
scw/1016/101600180010.001/swg.fits[1]
scw/1016/101600220010.001/swg.fits[1]
scw/1016/101600230010.001/swg.fits[1]
scw/1016/101600240010.001/swg.fits[1]
scw/1016/101600280010.001/swg.fits[1]
scw/1016/101600320010.001/swg.fits[1]
scw/1017/101700070010.001/swg.fits[1]
scw/1017/101700320010.001/swg.fits[1]
scw/1017/101700360010.001/swg.fits[1]
scw/1017/101700370010.001/swg.fits[1]
scw/1017/101700380010.001/swg.fits[1]
scw/1017/101700420010.001/swg.fits[1]
scw/1017/101700470010.001/swg.fits[1]
scw/1017/101700480010.001/swg.fits[1]
scw/1017/101700510010.001/swg.fits[1]
scw/1017/101700520010.001/swg.fits[1]
scw/1020/102000310010.001/swg.fits[1]
scw/1020/102000320010.001/swg.fits[1]
scw/1020/102000350010.001/swg.fits[1]
scw/1020/102000360010.001/swg.fits[1]
scw/1020/102000370010.001/swg.fits[1]
scw/1020/102000410010.001/swg.fits[1]
scw/1020/102000420010.001/swg.fits[1]
scw/1020/102000450010.001/swg.fits[1]
scw/1020/102000460010.001/swg.fits[1]
scw/1020/102000470010.001/swg.fits[1]
scw/1020/102000510010.001/swg.fits[1]
scw/1025/102500300010.001/swg.fits[1]
scw/1025/102500310010.001/swg.fits[1]
scw/1025/102500320010.001/swg.fits[1]
scw/1025/102500380010.001/swg.fits[1]
scw/1026/102600600010.001/swg.fits[1]
scw/1026/102600610010.001/swg.fits[1]
scw/1026/102600620010.001/swg.fits[1]
scw/1027/102700360010.001/swg.fits[1]
scw/1027/102700370010.001/swg.fits[1]
scw/1028/102800240010.001/swg.fits[1]
scw/1028/102800250010.001/swg.fits[1]
scw/1029/102900700010.001/swg.fits[1]
scw/1029/102900710010.001/swg.fits[1]
scw/1029/102900720010.001/swg.fits[1]
scw/1029/102900780010.001/swg.fits[1]
scw/1029/102900790010.001/swg.fits[1]
scw/1030/103000440010.001/swg.fits[1]
scw/1030/103000500010.001/swg.fits[1]
scw/1030/103000510010.001/swg.fits[1]
scw/1030/103000520010.001/swg.fits[1]
scw/1032/103200460010.001/swg.fits[1]
scw/1032/103200470010.001/swg.fits[1]
scw/1033/103300540010.001/swg.fits[1]
scw/1033/103300600010.001/swg.fits[1]
scw/1033/103300610010.001/swg.fits[1]
scw/1033/103300620010.001/swg.fits[1]
scw/1034/103400890010.001/swg.fits[1]
scw/1034/103400900010.001/swg.fits[1]
scw/1034/103400910010.001/swg.fits[1]
scw/1034/103400970010.001/swg.fits[1]
scw/1034/103400980010.001/swg.fits[1]
scw/1035/103500620010.001/swg.fits[1]
scw/1035/103500690010.001/swg.fits[1]
scw/1035/103500700010.001/swg.fits[1]
scw/1036/103600040010.001/swg.fits[1]
scw/1036/103600050010.001/swg.fits[1]
scw/1036/103600060010.001/swg.fits[1]
scw/1036/103600120010.001/swg.fits[1]
scw/1036/103600130010.001/swg.fits[1]
scw/1078/107800280010.001/swg.fits[1]
scw/1081/108100280010.001/swg.fits[1]
scw/1081/108100290010.001/swg.fits[1]
scw/1081/108100330010.001/swg.fits[1]
scw/1081/108100340010.001/swg.fits[1]
scw/1081/108100350010.001/swg.fits[1]
scw/1081/108100390010.001/swg.fits[1]
scw/1081/108100400010.001/swg.fits[1]
scw/1081/108100430010.001/swg.fits[1]
scw/1081/108100440010.001/swg.fits[1]
scw/1082/108200090010.001/swg.fits[1]
scw/1088/108800670010.001/swg.fits[1]
scw/1088/108800680010.001/swg.fits[1]
scw/1088/108800690010.001/swg.fits[1]
scw/1088/108800720010.001/swg.fits[1]
scw/1088/108800730010.001/swg.fits[1]
scw/1088/108800740010.001/swg.fits[1]
scw/1090/109000360010.001/swg.fits[1]
scw/1090/109000370010.001/swg.fits[1]
scw/1090/109000380010.001/swg.fits[1]
scw/1090/109000440010.001/swg.fits[1]
scw/1090/109001110010.001/swg.fits[1]
scw/1090/109001120010.001/swg.fits[1]
scw/1090/109001140010.001/swg.fits[1]
scw/1091/109100280010.001/swg.fits[1]
scw/1091/109100290010.001/swg.fits[1]
scw/1091/109100360010.001/swg.fits[1]
scw/1091/109100910010.001/swg.fits[1]
scw/1092/109200290010.001/swg.fits[1]
scw/1092/109200300010.001/swg.fits[1]
scw/1093/109300650010.001/swg.fits[1]
scw/1093/109300660010.001/swg.fits[1]
scw/1093/109300670010.001/swg.fits[1]
scw/1094/109400360010.001/swg.fits[1]
scw/1094/109400370010.001/swg.fits[1]
scw/1094/109401040010.001/swg.fits[1]
scw/1094/109401100010.001/swg.fits[1]
scw/1094/109401110010.001/swg.fits[1]
scw/1094/109401120010.001/swg.fits[1]
scw/1137/113700430010.001/swg.fits[1]
scw/1139/113900190010.001/swg.fits[1]
scw/1139/113900630010.001/swg.fits[1]
scw/1139/113900680010.001/swg.fits[1]
scw/1139/113900690010.001/swg.fits[1]
scw/1139/113900720010.001/swg.fits[1]
scw/1139/113900730010.001/swg.fits[1]
scw/1139/113900740010.001/swg.fits[1]
scw/1140/114000480010.001/swg.fits[1]
scw/1140/114000490010.001/swg.fits[1]
scw/1141/114100630010.001/swg.fits[1]
scw/1141/114100670010.001/swg.fits[1]
scw/1141/114100690010.001/swg.fits[1]
scw/1141/114100730010.001/swg.fits[1]
scw/1145/114500260010.001/swg.fits[1]
scw/1145/114500320010.001/swg.fits[1]
scw/1145/114500330010.001/swg.fits[1]
scw/1145/114500630010.001/swg.fits[1]
scw/1145/114500640010.001/swg.fits[1]
scw/1146/114600180010.001/swg.fits[1]
scw/1146/114600240010.001/swg.fits[1]
scw/1146/114600250010.001/swg.fits[1]
scw/1146/114600260010.001/swg.fits[1]
scw/1146/114600630010.001/swg.fits[1]
scw/1146/114600640010.001/swg.fits[1]
scw/1147/114700740010.001/swg.fits[1]
scw/1147/114700750010.001/swg.fits[1]
scw/1153/115300380010.001/swg.fits[1]
scw/1153/115300390010.001/swg.fits[1]
scw/1153/115301120010.001/swg.fits[1]
scw/1153/115301130010.001/swg.fits[1]
scw/1155/115501040010.001/swg.fits[1]
scw/1155/115501100010.001/swg.fits[1]
scw/1155/115501110010.001/swg.fits[1]
scw/1155/115501120010.001/swg.fits[1]
scw/1199/119900230010.001/swg.fits[1]
scw/1199/119900240010.001/swg.fits[1]
scw/1201/120100100010.001/swg.fits[1]
scw/1201/120100180010.001/swg.fits[1]
scw/1201/120100190010.001/swg.fits[1]
scw/1201/120100200010.001/swg.fits[1]
scw/1208/120800530010.001/swg.fits[1]
scw/1208/120800820010.001/swg.fits[1]
scw/1208/120800830010.001/swg.fits[1]
scw/1208/120800840010.001/swg.fits[1]
scw/1208/120800900010.001/swg.fits[1]
scw/1209/120900260010.001/swg.fits[1]
scw/1209/120900320010.001/swg.fits[1]
scw/1209/120900330010.001/swg.fits[1]
scw/1209/120900340010.001/swg.fits[1]
scw/1209/120900720010.001/swg.fits[1]
scw/1209/120900730010.001/swg.fits[1]
scw/1209/120900800010.001/swg.fits[1]
scw/1210/121000280010.001/swg.fits[1]
scw/1210/121000340010.001/swg.fits[1]
scw/1210/121000350010.001/swg.fits[1]
scw/1210/121000360010.001/swg.fits[1]
scw/1210/121000640010.001/swg.fits[1]
scw/1210/121000650010.001/swg.fits[1]
scw/1210/121000660010.001/swg.fits[1]
scw/1210/121000720010.001/swg.fits[1]
scw/1218/121800800010.001/swg.fits[1]
scw/1218/121800810010.001/swg.fits[1]
scw/1219/121900120010.001/swg.fits[1]
scw/1219/121900130010.001/swg.fits[1]
scw/1219/121900200010.001/swg.fits[1]
scw/1219/121900790010.001/swg.fits[1]
scw/1219/121900800010.001/swg.fits[1]
scw/1219/121900860010.001/swg.fits[1]
scw/1219/121900870010.001/swg.fits[1]
scw/1219/121900880010.001/swg.fits[1]
scw/1220/122000020010.001/swg.fits[1]
scw/1220/122000030010.001/swg.fits[1]
scw/1220/122000040010.001/swg.fits[1]
scw/1220/122000700010.001/swg.fits[1]
scw/1220/122000760010.001/swg.fits[1]
scw/1220/122000770010.001/swg.fits[1]
scw/1220/122000780010.001/swg.fits[1]
scw/1262/126200320010.001/swg.fits[1]
scw/1262/126200330010.001/swg.fits[1]
scw/1262/126200420010.001/swg.fits[1]
scw/1264/126400160010.001/swg.fits[1]
scw/1264/126400170010.001/swg.fits[1]
scw/1265/126500300010.001/swg.fits[1]
scw/1265/126500310010.001/swg.fits[1]
scw/1265/126500690010.001/swg.fits[1]
scw/1265/126500700010.001/swg.fits[1]
scw/1265/126500710010.001/swg.fits[1]
scw/1265/126500750010.001/swg.fits[1]
scw/1266/126600320010.001/swg.fits[1]
scw/1266/126600330010.001/swg.fits[1]
scw/1266/126600630010.001/swg.fits[1]
scw/1266/126600640010.001/swg.fits[1]
scw/1267/126700240010.001/swg.fits[1]
scw/1267/126700300010.001/swg.fits[1]
scw/1267/126700310010.001/swg.fits[1]
scw/1267/126700320010.001/swg.fits[1]
scw/1267/126700690010.001/swg.fits[1]
scw/1267/126700700010.001/swg.fits[1]
scw/1271/127100260010.001/swg.fits[1]
scw/1271/127100320010.001/swg.fits[1]
scw/1271/127100330010.001/swg.fits[1]
scw/1271/127100340010.001/swg.fits[1]
scw/1271/127100620010.001/swg.fits[1]
scw/1271/127100630010.001/swg.fits[1]
scw/1271/127100700010.001/swg.fits[1]
scw/1274/127400550010.001/swg.fits[1]
scw/1274/127400560010.001/swg.fits[1]
scw/1274/127400590010.001/swg.fits[1]
scw/1274/127400600010.001/swg.fits[1]
scw/1274/127400660010.001/swg.fits[1]
scw/1274/127400670010.001/swg.fits[1]
scw/1276/127600980010.001/swg.fits[1]
scw/1277/127700650010.001/swg.fits[1]
scw/1277/127700660010.001/swg.fits[1]
scw/1326/132600590010.001/swg.fits[1]
scw/1339/133900150010.001/swg.fits[1]
scw/1339/133900290010.001/swg.fits[1]
scw/1339/133900360010.001/swg.fits[1]
scw/1339/133900430010.001/swg.fits[1]
scw/1339/133900500010.001/swg.fits[1]
scw/1339/133900640010.001/swg.fits[1]
scw/1446/144600730010.001/swg.fits[1]
scw/1450/145000180010.001/swg.fits[1]
scw/1450/145000260010.001/swg.fits[1]
scw/1450/145000270010.001/swg.fits[1]
scw/1450/145000280010.001/swg.fits[1]
scw/1451/145100870010.001/swg.fits[1]
scw/1453/145300210010.001/swg.fits[1]
scw/1453/145300470010.001/swg.fits[1]
