scw/1139/113900350010.001/swg.fits[1]
scw/1139/113900360010.001/swg.fits[1]
scw/1139/113900370010.001/swg.fits[1]
scw/1139/113900450010.001/swg.fits[1]
scw/1139/113900560010.001/swg.fits[1]
scw/1139/113900640010.001/swg.fits[1]
scw/1139/113900650010.001/swg.fits[1]
scw/1139/113900660010.001/swg.fits[1]
scw/1139/113900670010.001/swg.fits[1]
scw/1141/114100560010.001/swg.fits[1]
scw/1141/114100570010.001/swg.fits[1]
scw/1141/114100640010.001/swg.fits[1]
scw/1141/114100650010.001/swg.fits[1]
scw/1145/114500240010.001/swg.fits[1]
scw/1145/114500250010.001/swg.fits[1]
scw/1145/114500620010.001/swg.fits[1]
scw/1145/114500700010.001/swg.fits[1]
scw/1145/114500710010.001/swg.fits[1]
scw/1145/114500720010.001/swg.fits[1]
scw/1146/114600160010.001/swg.fits[1]
scw/1146/114600170010.001/swg.fits[1]
scw/1146/114600620010.001/swg.fits[1]
scw/1146/114600700010.001/swg.fits[1]
scw/1146/114600710010.001/swg.fits[1]
scw/1146/114600720010.001/swg.fits[1]
scw/1147/114700660010.001/swg.fits[1]
scw/1147/114700670010.001/swg.fits[1]
scw/1147/114700680010.001/swg.fits[1]
scw/1147/114700760010.001/swg.fits[1]
scw/1153/115300460010.001/swg.fits[1]
scw/1153/115300470010.001/swg.fits[1]
scw/1153/115300480010.001/swg.fits[1]
scw/1153/115301040010.001/swg.fits[1]
scw/1153/115301050010.001/swg.fits[1]
scw/1153/115301060010.001/swg.fits[1]
scw/1153/115301140010.001/swg.fits[1]
scw/1155/115500930010.001/swg.fits[1]
scw/1155/115501020010.001/swg.fits[1]
scw/1155/115501030010.001/swg.fits[1]
scw/1199/119900140010.001/swg.fits[1]
scw/1199/119900150010.001/swg.fits[1]
scw/1199/119900160010.001/swg.fits[1]
scw/1199/119900220010.001/swg.fits[1]
scw/1201/120100110010.001/swg.fits[1]
scw/1201/120100120010.001/swg.fits[1]
scw/1208/120800450010.001/swg.fits[1]
scw/1208/120800540010.001/swg.fits[1]
scw/1208/120800910010.001/swg.fits[1]
scw/1208/120800920010.001/swg.fits[1]
scw/1209/120900240010.001/swg.fits[1]
scw/1209/120900250010.001/swg.fits[1]
scw/1209/120900810010.001/swg.fits[1]
scw/1209/120900820010.001/swg.fits[1]
scw/1210/121000260010.001/swg.fits[1]
scw/1210/121000270010.001/swg.fits[1]
scw/1210/121000730010.001/swg.fits[1]
scw/1210/121000740010.001/swg.fits[1]
scw/1218/121800710010.001/swg.fits[1]
scw/1218/121800720010.001/swg.fits[1]
scw/1219/121900210010.001/swg.fits[1]
scw/1219/121900220010.001/swg.fits[1]
scw/1219/121900690010.001/swg.fits[1]
scw/1219/121900780010.001/swg.fits[1]
scw/1220/122000100010.001/swg.fits[1]
scw/1220/122000110010.001/swg.fits[1]
scw/1220/122000120010.001/swg.fits[1]
scw/1220/122000590010.001/swg.fits[1]
scw/1220/122000680010.001/swg.fits[1]
scw/1220/122000690010.001/swg.fits[1]
scw/1222/122200890010.001/swg.fits[1]
scw/1262/126200340010.001/swg.fits[1]
scw/1262/126200400010.001/swg.fits[1]
scw/1262/126200410010.001/swg.fits[1]
scw/1264/126400180010.001/swg.fits[1]
scw/1264/126400240010.001/swg.fits[1]
scw/1264/126400250010.001/swg.fits[1]
scw/1264/126400260010.001/swg.fits[1]
scw/1265/126500230010.001/swg.fits[1]
scw/1265/126500240010.001/swg.fits[1]
scw/1265/126500320010.001/swg.fits[1]
scw/1265/126500680010.001/swg.fits[1]
scw/1265/126500760010.001/swg.fits[1]
scw/1265/126500770010.001/swg.fits[1]
scw/1265/126500780010.001/swg.fits[1]
scw/1265/126500790010.001/swg.fits[1]
scw/1266/126600240010.001/swg.fits[1]
scw/1266/126600250010.001/swg.fits[1]
scw/1266/126600260010.001/swg.fits[1]
scw/1266/126600340010.001/swg.fits[1]
scw/1266/126600620010.001/swg.fits[1]
scw/1266/126600700010.001/swg.fits[1]
scw/1266/126600710010.001/swg.fits[1]
scw/1266/126600720010.001/swg.fits[1]
scw/1267/126700220010.001/swg.fits[1]
scw/1267/126700230010.001/swg.fits[1]
scw/1267/126700680010.001/swg.fits[1]
scw/1267/126700760010.001/swg.fits[1]
scw/1267/126700770010.001/swg.fits[1]
scw/1267/126700780010.001/swg.fits[1]
scw/1271/127100240010.001/swg.fits[1]
scw/1271/127100250010.001/swg.fits[1]
scw/1271/127100710010.001/swg.fits[1]
scw/1271/127100720010.001/swg.fits[1]
scw/1274/127400470010.001/swg.fits[1]
scw/1274/127400650010.001/swg.fits[1]
scw/1274/127400730010.001/swg.fits[1]
scw/1274/127400740010.001/swg.fits[1]
scw/1274/127400750010.001/swg.fits[1]
scw/1276/127601070010.001/swg.fits[1]
scw/1277/127700670010.001/swg.fits[1]
scw/1277/127700730010.001/swg.fits[1]
scw/1277/127700740010.001/swg.fits[1]
scw/1277/127700750010.001/swg.fits[1]
scw/1279/127900820010.001/swg.fits[1]
scw/1280/128000810010.001/swg.fits[1]
scw/1280/128000820010.001/swg.fits[1]
scw/1326/132600500010.001/swg.fits[1]
scw/1326/132600510010.001/swg.fits[1]
scw/1339/133900370010.001/swg.fits[1]
scw/1339/133900440010.001/swg.fits[1]
scw/1386/138600690010.001/swg.fits[1]
scw/1446/144600470010.001/swg.fits[1]
scw/1450/145000190010.001/swg.fits[1]
scw/1450/145000200010.001/swg.fits[1]
scw/1451/145100520010.001/swg.fits[1]
scw/1451/145100780010.001/swg.fits[1]
scw/1451/145100790010.001/swg.fits[1]
scw/1453/145300120010.001/swg.fits[1]
scw/1453/145300130010.001/swg.fits[1]
scw/1453/145300380010.001/swg.fits[1]
scw/1453/145300390010.001/swg.fits[1]
scw/1453/145300400010.001/swg.fits[1]
scw/1453/145300460010.001/swg.fits[1]
scw/1455/145500260010.001/swg.fits[1]
scw/1458/145800300010.001/swg.fits[1]
scw/1458/145800310010.001/swg.fits[1]
scw/1458/145800560010.001/swg.fits[1]
scw/1458/145800570010.001/swg.fits[1]
scw/1458/145800580010.001/swg.fits[1]
scw/1458/145800820010.001/swg.fits[1]
scw/1460/146000540010.001/swg.fits[1]
scw/1460/146000800010.001/swg.fits[1]
scw/1464/146400980010.001/swg.fits[1]
scw/1464/146401040010.001/swg.fits[1]
scw/1464/146401050010.001/swg.fits[1]
scw/1464/146401060010.001/swg.fits[1]
scw/1465/146500360010.001/swg.fits[1]
scw/1466/146600250010.001/swg.fits[1]
scw/1466/146600260010.001/swg.fits[1]
scw/1508/150800630010.001/swg.fits[1]
scw/1508/150800640010.001/swg.fits[1]
scw/1508/150800650010.001/swg.fits[1]
scw/1510/151000750010.001/swg.fits[1]
scw/1511/151100750010.001/swg.fits[1]
scw/1514/151400500010.001/swg.fits[1]
scw/1514/151400510010.001/swg.fits[1]
scw/1521/152100750010.001/swg.fits[1]
scw/1521/152100760010.001/swg.fits[1]
scw/1525/152500820010.001/swg.fits[1]
scw/1525/152500830010.001/swg.fits[1]
scw/1578/157800710010.001/swg.fits[1]
scw/1578/157800720010.001/swg.fits[1]
scw/1582/158200770010.001/swg.fits[1]
scw/1582/158200780010.001/swg.fits[1]
scw/1584/158400020010.001/swg.fits[1]
scw/1584/158400030010.001/swg.fits[1]
scw/1584/158400040010.001/swg.fits[1]
scw/1584/158400100010.001/swg.fits[1]
scw/1590/159000300010.001/swg.fits[1]
scw/1590/159000310010.001/swg.fits[1]
scw/1590/159000560010.001/swg.fits[1]
scw/1590/159000570010.001/swg.fits[1]
scw/1590/159000580010.001/swg.fits[1]
scw/1591/159100180010.001/swg.fits[1]
scw/1594/159400530010.001/swg.fits[1]
scw/1595/159500560010.001/swg.fits[1]
scw/1603/160300100010.001/swg.fits[1]
scw/1603/160300190010.001/swg.fits[1]
scw/1645/164500260010.001/swg.fits[1]
scw/1645/164500270010.001/swg.fits[1]
scw/1647/164700350010.001/swg.fits[1]
scw/1648/164800140010.001/swg.fits[1]
scw/1650/165000730010.001/swg.fits[1]
scw/1650/165000740010.001/swg.fits[1]
scw/1652/165200670010.001/swg.fits[1]
scw/1655/165500340010.001/swg.fits[1]
scw/1657/165700350010.001/swg.fits[1]
scw/1667/166700320010.001/swg.fits[1]
scw/1667/166700390010.001/swg.fits[1]
scw/1667/166700400010.001/swg.fits[1]
scw/1667/166700400020.001/swg.fits[1]
scw/1668/166800340010.001/swg.fits[1]
scw/1668/166800350010.001/swg.fits[1]
scw/1709/170900690010.001/swg.fits[1]
scw/1710/171000040010.001/swg.fits[1]
scw/1710/171000640010.001/swg.fits[1]
scw/1711/171100570010.001/swg.fits[1]
scw/1712/171200570010.001/swg.fits[1]
