scw/0233/023300100010.001/swg.fits[1]
scw/0323/032300130010.001/swg.fits[1]
scw/0545/054500090010.001/swg.fits[1]
scw/1038/103800130010.001/swg.fits[1]
scw/1038/103800140010.001/swg.fits[1]
scw/1038/103800510010.001/swg.fits[1]
scw/1038/103800520010.001/swg.fits[1]
scw/1039/103900130010.001/swg.fits[1]
scw/1039/103900140010.001/swg.fits[1]
scw/1039/103900510010.001/swg.fits[1]
scw/1039/103900520010.001/swg.fits[1]
scw/1039/103900750010.001/swg.fits[1]
scw/1039/103900760010.001/swg.fits[1]
scw/1154/115400120010.001/swg.fits[1]
scw/1154/115400130010.001/swg.fits[1]
scw/1154/115400140010.001/swg.fits[1]
scw/1154/115400150010.001/swg.fits[1]
scw/1154/115400520010.001/swg.fits[1]
scw/1154/115400530010.001/swg.fits[1]
scw/1161/116100980010.001/swg.fits[1]
scw/1161/116100990010.001/swg.fits[1]
scw/1163/116300280010.001/swg.fits[1]
scw/1163/116300290010.001/swg.fits[1]
scw/1163/116300670010.001/swg.fits[1]
scw/1163/116300680010.001/swg.fits[1]
scw/1163/116300900010.001/swg.fits[1]
scw/1163/116300910010.001/swg.fits[1]
scw/1164/116400210010.001/swg.fits[1]
scw/1164/116400220010.001/swg.fits[1]
scw/1164/116400450010.001/swg.fits[1]
scw/1164/116400460010.001/swg.fits[1]
scw/1164/116400830010.001/swg.fits[1]
scw/1164/116400840010.001/swg.fits[1]
scw/1165/116500200010.001/swg.fits[1]
scw/1165/116500210010.001/swg.fits[1]
scw/1165/116500420010.001/swg.fits[1]
scw/1165/116500430010.001/swg.fits[1]
scw/1165/116500800010.001/swg.fits[1]
scw/1165/116500810010.001/swg.fits[1]
scw/1166/116600200010.001/swg.fits[1]
scw/1166/116600210010.001/swg.fits[1]
scw/1166/116600440010.001/swg.fits[1]
scw/1166/116600450010.001/swg.fits[1]
scw/1166/116600840010.001/swg.fits[1]
scw/1166/116600850010.001/swg.fits[1]
scw/1167/116700280010.001/swg.fits[1]
scw/1167/116700290010.001/swg.fits[1]
scw/1167/116700660010.001/swg.fits[1]
scw/1167/116700670010.001/swg.fits[1]
scw/1167/116700910010.001/swg.fits[1]
scw/1167/116700920010.001/swg.fits[1]
scw/1168/116800200010.001/swg.fits[1]
scw/1168/116800210010.001/swg.fits[1]
scw/1168/116800440010.001/swg.fits[1]
scw/1168/116800450010.001/swg.fits[1]
scw/1168/116800820010.001/swg.fits[1]
scw/1168/116800830010.001/swg.fits[1]
scw/1169/116900360010.001/swg.fits[1]
scw/1169/116900370010.001/swg.fits[1]
scw/1606/160600220010.001/swg.fits[1]
scw/1618/161800050010.001/swg.fits[1]
scw/1618/161800220010.001/swg.fits[1]
scw/1807/180700470010.001/swg.fits[1]
scw/1807/180700560010.001/swg.fits[1]
scw/1807/180700570010.001/swg.fits[1]
scw/1807/180700580010.001/swg.fits[1]
scw/1808/180800230010.001/swg.fits[1]
scw/1808/180800240010.001/swg.fits[1]
scw/1808/180800250010.001/swg.fits[1]
scw/1808/180800640010.001/swg.fits[1]
scw/1808/180800730010.001/swg.fits[1]
scw/1808/180800740010.001/swg.fits[1]
scw/1809/180900620010.001/swg.fits[1]
scw/1809/180900710010.001/swg.fits[1]
scw/1809/180900720010.001/swg.fits[1]
scw/1809/180900730010.001/swg.fits[1]
scw/1809/180900800010.001/swg.fits[1]
scw/1809/180900810010.001/swg.fits[1]
scw/1810/181000300010.001/swg.fits[1]
scw/1810/181000310010.001/swg.fits[1]
scw/1810/181000380010.001/swg.fits[1]
scw/1810/181000390010.001/swg.fits[1]
scw/1810/181000400010.001/swg.fits[1]
scw/1810/181000490010.001/swg.fits[1]
scw/1811/181100030010.001/swg.fits[1]
scw/1811/181100040010.001/swg.fits[1]
scw/1811/181100110010.001/swg.fits[1]
scw/1811/181100120010.001/swg.fits[1]
scw/1811/181100130010.001/swg.fits[1]
scw/1811/181100610010.001/swg.fits[1]
scw/1812/181200020010.001/swg.fits[1]
scw/1812/181200110010.001/swg.fits[1]
scw/1812/181200120010.001/swg.fits[1]
scw/1812/181200210010.001/swg.fits[1]
scw/1812/181200520010.001/swg.fits[1]
scw/1812/181200610010.001/swg.fits[1]
scw/1812/181200620010.001/swg.fits[1]
scw/1812/181200630010.001/swg.fits[1]
scw/1813/181300290010.001/swg.fits[1]
scw/1813/181300300010.001/swg.fits[1]
scw/1813/181300310010.001/swg.fits[1]
scw/1814/181400650010.001/swg.fits[1]
scw/1814/181400660010.001/swg.fits[1]
scw/1815/181500340010.001/swg.fits[1]
scw/1815/181500430010.001/swg.fits[1]
scw/1815/181500440010.001/swg.fits[1]
scw/1815/181500530010.001/swg.fits[1]
scw/1816/181600160010.001/swg.fits[1]
scw/1816/181600250010.001/swg.fits[1]
scw/1816/181600260010.001/swg.fits[1]
scw/1816/181600270010.001/swg.fits[1]
scw/1879/187900050010.001/swg.fits[1]
scw/1879/187900060010.001/swg.fits[1]
scw/1879/187900070010.001/swg.fits[1]
scw/1879/187900470010.001/swg.fits[1]
scw/1879/187900480010.001/swg.fits[1]
scw/1879/187900550010.001/swg.fits[1]
scw/1879/187900560010.001/swg.fits[1]
scw/1879/187900570010.001/swg.fits[1]
scw/1879/187900660010.001/swg.fits[1]
scw/1880/188000720010.001/swg.fits[1]
scw/1880/188000730010.001/swg.fits[1]
scw/1880/188000740010.001/swg.fits[1]
scw/1881/188100290010.001/swg.fits[1]
scw/1881/188100300010.001/swg.fits[1]
scw/1881/188100370010.001/swg.fits[1]
scw/1881/188100380010.001/swg.fits[1]
scw/1881/188100390010.001/swg.fits[1]
scw/1881/188100480010.001/swg.fits[1]
scw/1882/188200370010.001/swg.fits[1]
scw/1882/188200380010.001/swg.fits[1]
scw/1882/188200390010.001/swg.fits[1]
scw/1885/188500500010.001/swg.fits[1]
scw/1886/188600340010.001/swg.fits[1]
scw/1886/188600740010.001/swg.fits[1]
scw/1886/188600750010.001/swg.fits[1]
scw/1887/188700140010.001/swg.fits[1]
scw/1887/188700230010.001/swg.fits[1]
scw/1887/188700240010.001/swg.fits[1]
scw/1887/188700730010.001/swg.fits[1]
scw/1887/188700740010.001/swg.fits[1]
scw/1888/188800060010.001/swg.fits[1]
scw/1888/188800450010.001/swg.fits[1]
scw/1888/188800460010.001/swg.fits[1]
scw/2285/228500240010.001/swg.fits[1]
