scw/0226/022600390010.001/swg.fits[1]
scw/0245/024500200010.001/swg.fits[1]
scw/0248/024800410010.001/swg.fits[1]
scw/0249/024900320010.001/swg.fits[1]
scw/0249/024900530010.001/swg.fits[1]
scw/0251/025100260010.001/swg.fits[1]
scw/0303/030300090010.001/swg.fits[1]
scw/0310/031000590010.001/swg.fits[1]
scw/0310/031000600010.001/swg.fits[1]
scw/0365/036500430010.001/swg.fits[1]
scw/0430/043000740010.001/swg.fits[1]
scw/0430/043000830010.001/swg.fits[1]
scw/0430/043000840010.001/swg.fits[1]
scw/0435/043500130010.001/swg.fits[1]
scw/0730/073000290010.001/swg.fits[1]
scw/0730/073000300010.001/swg.fits[1]
scw/0732/073200470010.001/swg.fits[1]
scw/0735/073500370010.001/swg.fits[1]
scw/0735/073500380010.001/swg.fits[1]
scw/0735/073500630010.001/swg.fits[1]
scw/0735/073500640010.001/swg.fits[1]
scw/0789/078900420010.001/swg.fits[1]
scw/0789/078900430010.001/swg.fits[1]
scw/0789/078900440010.001/swg.fits[1]
scw/0793/079300970010.001/swg.fits[1]
scw/0793/079300980010.001/swg.fits[1]
scw/0793/079300990010.001/swg.fits[1]
scw/0794/079400190010.001/swg.fits[1]
scw/0794/079400200010.001/swg.fits[1]
scw/0794/079400210010.001/swg.fits[1]
scw/0851/085100610010.001/swg.fits[1]
scw/0851/085100620010.001/swg.fits[1]
scw/1231/123100300010.001/swg.fits[1]
scw/1931/193100070010.001/swg.fits[1]
scw/1931/193100090010.001/swg.fits[1]
scw/1931/193100100010.001/swg.fits[1]
scw/1931/193100110010.001/swg.fits[1]
scw/1931/193100170010.001/swg.fits[1]
scw/1931/193100390010.001/swg.fits[1]
scw/1931/193100400010.001/swg.fits[1]
scw/1931/193100470010.001/swg.fits[1]
scw/1931/193100480010.001/swg.fits[1]
scw/1932/193200130010.001/swg.fits[1]
scw/1932/193200150010.001/swg.fits[1]
scw/1932/193200160010.001/swg.fits[1]
scw/1932/193200170010.001/swg.fits[1]
scw/1932/193200230010.001/swg.fits[1]
scw/1932/193200450010.001/swg.fits[1]
scw/1932/193200460010.001/swg.fits[1]
scw/1932/193200530010.001/swg.fits[1]
scw/1932/193200540010.001/swg.fits[1]
scw/1932/193200560010.001/swg.fits[1]
scw/1933/193300200010.001/swg.fits[1]
scw/1933/193300210010.001/swg.fits[1]
scw/1933/193300280010.001/swg.fits[1]
scw/1933/193300290010.001/swg.fits[1]
scw/1933/193300300010.001/swg.fits[1]
scw/1933/193300310010.001/swg.fits[1]
scw/1933/193300410010.001/swg.fits[1]
scw/1933/193300420010.001/swg.fits[1]
scw/1933/193300470010.001/swg.fits[1]
scw/1933/193300480010.001/swg.fits[1]
scw/1933/193300510010.001/swg.fits[1]
scw/1934/193400280010.001/swg.fits[1]
scw/1934/193400290010.001/swg.fits[1]
scw/1934/193400350010.001/swg.fits[1]
scw/1934/193400360010.001/swg.fits[1]
scw/1934/193400370010.001/swg.fits[1]
scw/1934/193400390010.001/swg.fits[1]
scw/1934/193400460010.001/swg.fits[1]
scw/1934/193400480010.001/swg.fits[1]
scw/1934/193400490010.001/swg.fits[1]
scw/1934/193400500010.001/swg.fits[1]
scw/1934/193400560010.001/swg.fits[1]
scw/1936/193600110010.001/swg.fits[1]
scw/1936/193600130010.001/swg.fits[1]
scw/1936/193600140010.001/swg.fits[1]
scw/1936/193600150010.001/swg.fits[1]
scw/1936/193600210010.001/swg.fits[1]
scw/1936/193600220010.001/swg.fits[1]
scw/1936/193600300010.001/swg.fits[1]
scw/1936/193600310010.001/swg.fits[1]
scw/1936/193600320010.001/swg.fits[1]
scw/1936/193600430010.001/swg.fits[1]
scw/1936/193600440010.001/swg.fits[1]
scw/1937/193700330010.001/swg.fits[1]
scw/1937/193700340010.001/swg.fits[1]
scw/1937/193700390010.001/swg.fits[1]
scw/1937/193700400010.001/swg.fits[1]
scw/1937/193700410010.001/swg.fits[1]
scw/1938/193800070010.001/swg.fits[1]
scw/1938/193800080010.001/swg.fits[1]
scw/1939/193900070010.001/swg.fits[1]
scw/1939/193900080010.001/swg.fits[1]
scw/1939/193900130010.001/swg.fits[1]
scw/1939/193900140010.001/swg.fits[1]
scw/1939/193900150010.001/swg.fits[1]
scw/1940/194000070010.001/swg.fits[1]
scw/1940/194000080010.001/swg.fits[1]
scw/1940/194000130010.001/swg.fits[1]
scw/1940/194000140010.001/swg.fits[1]
scw/1940/194000150010.001/swg.fits[1]
scw/1941/194100070010.001/swg.fits[1]
scw/1941/194100080010.001/swg.fits[1]
scw/1941/194100130010.001/swg.fits[1]
scw/1941/194100140010.001/swg.fits[1]
scw/1941/194100150010.001/swg.fits[1]
scw/1942/194200230010.001/swg.fits[1]
scw/1942/194200240010.001/swg.fits[1]
scw/1942/194200290010.001/swg.fits[1]
scw/1942/194200300010.001/swg.fits[1]
scw/1942/194200310010.001/swg.fits[1]
scw/1943/194300070010.001/swg.fits[1]
scw/1943/194300080010.001/swg.fits[1]
scw/1943/194300140010.001/swg.fits[1]
scw/1943/194300150010.001/swg.fits[1]
scw/1944/194400480010.001/swg.fits[1]
scw/1944/194400490010.001/swg.fits[1]
scw/1944/194400540010.001/swg.fits[1]
scw/1944/194400550010.001/swg.fits[1]
scw/1944/194400560010.001/swg.fits[1]
scw/1945/194500020010.001/swg.fits[1]
scw/1945/194500070010.001/swg.fits[1]
scw/1945/194500080010.001/swg.fits[1]
scw/1945/194500090010.001/swg.fits[1]
scw/1945/194500140010.001/swg.fits[1]
scw/1945/194500150010.001/swg.fits[1]
scw/1946/194600070010.001/swg.fits[1]
scw/1946/194600080010.001/swg.fits[1]
scw/1946/194600140010.001/swg.fits[1]
scw/1946/194600150010.001/swg.fits[1]
scw/1946/194600160010.001/swg.fits[1]
