scw/0051/005100150010.001/swg.fits[1]
scw/0051/005100160010.001/swg.fits[1]
scw/0051/005100300010.001/swg.fits[1]
scw/0051/005100310010.001/swg.fits[1]
scw/0051/005100320010.001/swg.fits[1]
scw/0051/005100330010.001/swg.fits[1]
scw/0052/005200480010.001/swg.fits[1]
scw/0052/005200490010.001/swg.fits[1]
scw/0052/005200620010.001/swg.fits[1]
scw/0052/005200630010.001/swg.fits[1]
scw/0054/005401030010.001/swg.fits[1]
scw/0054/005401040010.001/swg.fits[1]
scw/0060/006000530010.001/swg.fits[1]
scw/0060/006000540010.001/swg.fits[1]
scw/0061/006100490010.001/swg.fits[1]
scw/0061/006100500010.001/swg.fits[1]
scw/0103/010300080010.001/swg.fits[1]
scw/0103/010300090010.001/swg.fits[1]
scw/0103/010300230010.001/swg.fits[1]
scw/0103/010300240010.001/swg.fits[1]
scw/0103/010300250010.001/swg.fits[1]
scw/0103/010300260010.001/swg.fits[1]
scw/0103/010300400010.001/swg.fits[1]
scw/0103/010300410010.001/swg.fits[1]
scw/0103/010300420010.001/swg.fits[1]
scw/0103/010300430010.001/swg.fits[1]
scw/0103/010300560010.001/swg.fits[1]
scw/0103/010300570010.001/swg.fits[1]
scw/0118/011801090010.001/swg.fits[1]
scw/0118/011801100010.001/swg.fits[1]
scw/0119/011900020010.001/swg.fits[1]
scw/0119/011900030010.001/swg.fits[1]
scw/0174/017400110010.001/swg.fits[1]
scw/0174/017400120010.001/swg.fits[1]
scw/0174/017400210010.001/swg.fits[1]
scw/0174/017400220010.001/swg.fits[1]
scw/0183/018300450010.001/swg.fits[1]
scw/0183/018300460010.001/swg.fits[1]
scw/0185/018500470010.001/swg.fits[1]
scw/0185/018500480010.001/swg.fits[1]
scw/0233/023300220010.001/swg.fits[1]
scw/0244/024400040010.001/swg.fits[1]
scw/0244/024400870010.001/swg.fits[1]
scw/0244/024400880010.001/swg.fits[1]
scw/0362/036200120010.001/swg.fits[1]
scw/0362/036200200010.001/swg.fits[1]
scw/0364/036400210010.001/swg.fits[1]
scw/0409/040900130010.001/swg.fits[1]
scw/0411/041100190010.001/swg.fits[1]
scw/0412/041200580010.001/swg.fits[1]
scw/0423/042300160010.001/swg.fits[1]
scw/0480/048000300010.001/swg.fits[1]
scw/0481/048100590010.001/swg.fits[1]
scw/0481/048100600010.001/swg.fits[1]
scw/0485/048500320010.001/swg.fits[1]
scw/0534/053400620010.001/swg.fits[1]
scw/0535/053500730010.001/swg.fits[1]
scw/0537/053700550010.001/swg.fits[1]
scw/0537/053700650010.001/swg.fits[1]
scw/0539/053900730010.001/swg.fits[1]
scw/0542/054200350010.001/swg.fits[1]
scw/0895/089500050010.001/swg.fits[1]
scw/0895/089500060010.001/swg.fits[1]
scw/0895/089500470010.001/swg.fits[1]
scw/0896/089600440010.001/swg.fits[1]
scw/0896/089600520010.001/swg.fits[1]
scw/0896/089600530010.001/swg.fits[1]
scw/0897/089700370010.001/swg.fits[1]
scw/0897/089700450010.001/swg.fits[1]
scw/0898/089800300010.001/swg.fits[1]
scw/0898/089800310010.001/swg.fits[1]
scw/0898/089800380010.001/swg.fits[1]
scw/0898/089800390010.001/swg.fits[1]
scw/0956/095600320010.001/swg.fits[1]
scw/0956/095600330010.001/swg.fits[1]
scw/0956/095600400010.001/swg.fits[1]
scw/0956/095600410010.001/swg.fits[1]
scw/0958/095800660010.001/swg.fits[1]
scw/0959/095900160010.001/swg.fits[1]
scw/0959/095900170010.001/swg.fits[1]
scw/0959/095900580010.001/swg.fits[1]
scw/0959/095900590010.001/swg.fits[1]
scw/0961/096101030010.001/swg.fits[1]
scw/1016/101600210010.001/swg.fits[1]
scw/1016/101600290010.001/swg.fits[1]
scw/1016/101600300010.001/swg.fits[1]
scw/1017/101700400010.001/swg.fits[1]
scw/1017/101700410010.001/swg.fits[1]
scw/1017/101700490010.001/swg.fits[1]
scw/1020/102000390010.001/swg.fits[1]
scw/1020/102000400010.001/swg.fits[1]
scw/1020/102000480010.001/swg.fits[1]
scw/1081/108100410010.001/swg.fits[1]
scw/1138/113800390010.001/swg.fits[1]
scw/1139/113900710010.001/swg.fits[1]
scw/1141/114100710010.001/swg.fits[1]
scw/1141/114100720010.001/swg.fits[1]
scw/1141/114100790010.001/swg.fits[1]
scw/1141/114100800010.001/swg.fits[1]
scw/1937/193700060010.001/swg.fits[1]
scw/1937/193700070010.001/swg.fits[1]
scw/1937/193700080010.001/swg.fits[1]
scw/1937/193700160010.001/swg.fits[1]
scw/2081/208100470010.001/swg.fits[1]
scw/2128/212800220010.001/swg.fits[1]
scw/2130/213000200010.001/swg.fits[1]
scw/2130/213000290010.001/swg.fits[1]
scw/2138/213800190010.001/swg.fits[1]
scw/2138/213800200010.001/swg.fits[1]
scw/2138/213800210010.001/swg.fits[1]
scw/2138/213800290010.001/swg.fits[1]
scw/2140/214000290010.001/swg.fits[1]
scw/2140/214000300010.001/swg.fits[1]
scw/2141/214100490010.001/swg.fits[1]
scw/2141/214100580010.001/swg.fits[1]
scw/2193/219300750010.001/swg.fits[1]
scw/2270/227000200010.001/swg.fits[1]
scw/2270/227000290010.001/swg.fits[1]
scw/2274/227400190010.001/swg.fits[1]
scw/2274/227400200010.001/swg.fits[1]
scw/2274/227400210010.001/swg.fits[1]
scw/2274/227400290010.001/swg.fits[1]
scw/2332/233200450010.001/swg.fits[1]
scw/2333/233300180010.001/swg.fits[1]
scw/2334/233400020010.001/swg.fits[1]
scw/2338/233800140010.001/swg.fits[1]
scw/2338/233800220010.001/swg.fits[1]
scw/2338/233800230010.001/swg.fits[1]
scw/2338/233800240010.001/swg.fits[1]
scw/2344/234400660010.001/swg.fits[1]
scw/2344/234400670010.001/swg.fits[1]
scw/2359/235900170010.001/swg.fits[1]
scw/2359/235900190010.001/swg.fits[1]
scw/2359/235900200010.001/swg.fits[1]
scw/2359/235900270010.001/swg.fits[1]
scw/2359/235900280010.001/swg.fits[1]
scw/2359/235900450010.001/swg.fits[1]
scw/2359/235900460010.001/swg.fits[1]
scw/2359/235900520010.001/swg.fits[1]
scw/2359/235900530010.001/swg.fits[1]
scw/2359/235900540010.001/swg.fits[1]
scw/2426/242600360010.001/swg.fits[1]
scw/2426/242600370010.001/swg.fits[1]
scw/2429/242900060010.001/swg.fits[1]
scw/2473/247300460010.001/swg.fits[1]
scw/2474/247400130010.001/swg.fits[1]
