scw/0476/047600150010.001/swg.fits[1]
scw/0476/047600160010.001/swg.fits[1]
scw/0476/047600170010.001/swg.fits[1]
scw/0476/047600180010.001/swg.fits[1]
scw/0476/047600410010.001/swg.fits[1]
scw/0476/047600470010.001/swg.fits[1]
scw/0476/047600480010.001/swg.fits[1]
scw/0476/047600490010.001/swg.fits[1]
scw/0476/047600510010.001/swg.fits[1]
scw/0476/047600560010.001/swg.fits[1]
scw/0476/047600570010.001/swg.fits[1]
scw/0476/047600580010.001/swg.fits[1]
scw/0476/047600590010.001/swg.fits[1]
scw/0477/047700010010.001/swg.fits[1]
scw/0477/047700050010.001/swg.fits[1]
scw/0477/047700060010.001/swg.fits[1]
scw/0477/047700070010.001/swg.fits[1]
scw/0477/047700090010.001/swg.fits[1]
scw/0477/047700100010.001/swg.fits[1]
scw/0477/047700110010.001/swg.fits[1]
scw/0477/047700120010.001/swg.fits[1]
scw/0477/047700130010.001/swg.fits[1]
scw/0477/047700150010.001/swg.fits[1]
scw/0477/047700160010.001/swg.fits[1]
scw/0477/047700170010.001/swg.fits[1]
scw/0477/047700180010.001/swg.fits[1]
scw/0478/047800100010.001/swg.fits[1]
scw/0478/047800140010.001/swg.fits[1]
scw/0478/047800150010.001/swg.fits[1]
scw/0478/047800160010.001/swg.fits[1]
scw/0478/047800170010.001/swg.fits[1]
scw/0478/047800180010.001/swg.fits[1]
scw/0478/047800580010.001/swg.fits[1]
scw/0479/047900010010.001/swg.fits[1]
scw/0479/047900050010.001/swg.fits[1]
scw/0479/047900060010.001/swg.fits[1]
scw/0479/047900070010.001/swg.fits[1]
scw/0479/047900230010.001/swg.fits[1]
scw/0479/047900240010.001/swg.fits[1]
scw/0479/047900330010.001/swg.fits[1]
scw/0479/047900500010.001/swg.fits[1]
scw/0479/047900510010.001/swg.fits[1]
scw/0480/048000100010.001/swg.fits[1]
scw/0480/048000140010.001/swg.fits[1]
scw/0480/048000150010.001/swg.fits[1]
scw/0480/048000160010.001/swg.fits[1]
scw/0480/048000340010.001/swg.fits[1]
scw/0480/048000700010.001/swg.fits[1]
scw/0481/048100020010.001/swg.fits[1]
scw/0481/048100060010.001/swg.fits[1]
scw/0481/048100070010.001/swg.fits[1]
scw/0481/048100080010.001/swg.fits[1]
scw/0481/048100150010.001/swg.fits[1]
scw/0481/048100550010.001/swg.fits[1]
scw/0482/048200010010.001/swg.fits[1]
scw/0482/048200050010.001/swg.fits[1]
scw/0482/048200060010.001/swg.fits[1]
scw/0482/048200070010.001/swg.fits[1]
scw/0482/048200610010.001/swg.fits[1]
scw/0482/048200650010.001/swg.fits[1]
scw/0482/048200660010.001/swg.fits[1]
scw/0482/048200670010.001/swg.fits[1]
scw/0484/048400120010.001/swg.fits[1]
scw/0484/048400160010.001/swg.fits[1]
scw/0484/048400170010.001/swg.fits[1]
scw/0484/048400180010.001/swg.fits[1]
scw/0484/048400320010.001/swg.fits[1]
scw/0484/048400420010.001/swg.fits[1]
scw/0484/048400590010.001/swg.fits[1]
scw/0484/048400600010.001/swg.fits[1]
scw/0485/048500040010.001/swg.fits[1]
scw/0485/048500080010.001/swg.fits[1]
scw/0485/048500090010.001/swg.fits[1]
scw/0485/048500100010.001/swg.fits[1]
scw/0485/048500630010.001/swg.fits[1]
scw/0485/048500730010.001/swg.fits[1]
scw/0488/048800040010.001/swg.fits[1]
scw/0488/048800080010.001/swg.fits[1]
scw/0488/048800090010.001/swg.fits[1]
scw/0488/048800100010.001/swg.fits[1]
scw/0489/048900550010.001/swg.fits[1]
scw/0489/048900590010.001/swg.fits[1]
scw/0489/048900600010.001/swg.fits[1]
scw/0489/048900610010.001/swg.fits[1]
scw/0490/049000040010.001/swg.fits[1]
scw/0490/049000080010.001/swg.fits[1]
scw/0490/049000090010.001/swg.fits[1]
scw/0490/049000100010.001/swg.fits[1]
scw/0491/049100040010.001/swg.fits[1]
scw/0491/049100080010.001/swg.fits[1]
scw/0491/049100090010.001/swg.fits[1]
scw/0491/049100100010.001/swg.fits[1]
scw/0492/049200040010.001/swg.fits[1]
scw/0492/049200080010.001/swg.fits[1]
scw/0492/049200090010.001/swg.fits[1]
scw/0492/049200100010.001/swg.fits[1]
scw/0530/053000350010.001/swg.fits[1]
scw/0530/053000360010.001/swg.fits[1]
scw/0530/053000370010.001/swg.fits[1]
scw/0531/053100050010.001/swg.fits[1]
scw/0531/053100060010.001/swg.fits[1]
scw/0531/053100070010.001/swg.fits[1]
scw/0531/053100900010.001/swg.fits[1]
scw/0531/053100910010.001/swg.fits[1]
scw/0531/053100920010.001/swg.fits[1]
scw/0533/053300010010.001/swg.fits[1]
scw/0533/053300020010.001/swg.fits[1]
scw/0533/053300030010.001/swg.fits[1]
scw/0533/053300040010.001/swg.fits[1]
scw/0534/053400020010.001/swg.fits[1]
scw/0534/053400030010.001/swg.fits[1]
scw/0534/053400040010.001/swg.fits[1]
scw/0534/053400050010.001/swg.fits[1]
scw/0534/053400390010.001/swg.fits[1]
scw/0534/053400400010.001/swg.fits[1]
scw/0534/053400660010.001/swg.fits[1]
scw/0535/053500270010.001/swg.fits[1]
scw/0535/053500280010.001/swg.fits[1]
scw/0535/053500290010.001/swg.fits[1]
scw/0535/053500300010.001/swg.fits[1]
scw/0535/053500770010.001/swg.fits[1]
scw/0536/053600030010.001/swg.fits[1]
scw/0536/053600040010.001/swg.fits[1]
scw/0536/053600050010.001/swg.fits[1]
scw/0536/053600780010.001/swg.fits[1]
scw/0537/053700030010.001/swg.fits[1]
scw/0537/053700040010.001/swg.fits[1]
scw/0537/053700050010.001/swg.fits[1]
scw/0537/053700510010.001/swg.fits[1]
scw/0537/053700800010.001/swg.fits[1]
scw/0537/053700810010.001/swg.fits[1]
scw/0537/053700820010.001/swg.fits[1]
scw/0539/053900120010.001/swg.fits[1]
scw/0539/053900130010.001/swg.fits[1]
scw/0539/053900140010.001/swg.fits[1]
scw/0539/053900500010.001/swg.fits[1]
scw/0539/053900510010.001/swg.fits[1]
scw/0539/053900680010.001/swg.fits[1]
scw/0539/053900780010.001/swg.fits[1]
scw/0539/053900790010.001/swg.fits[1]
scw/0540/054000040010.001/swg.fits[1]
scw/0540/054000050010.001/swg.fits[1]
scw/0540/054000800010.001/swg.fits[1]
scw/0540/054000810010.001/swg.fits[1]
scw/0540/054000820010.001/swg.fits[1]
scw/0540/054000830010.001/swg.fits[1]
scw/0542/054200020010.001/swg.fits[1]
scw/0542/054200040010.001/swg.fits[1]
scw/0542/054200050010.001/swg.fits[1]
scw/0542/054200390010.001/swg.fits[1]
scw/0543/054300030010.001/swg.fits[1]
scw/0543/054300040010.001/swg.fits[1]
scw/0544/054400030010.001/swg.fits[1]
scw/0545/054500030010.001/swg.fits[1]
scw/0545/054500400010.001/swg.fits[1]
scw/0545/054500460010.001/swg.fits[1]
scw/0545/054500470010.001/swg.fits[1]
scw/0545/054500480010.001/swg.fits[1]
scw/0545/054500500010.001/swg.fits[1]
scw/0545/054500560010.001/swg.fits[1]
scw/0545/054500600010.001/swg.fits[1]
scw/0545/054500610010.001/swg.fits[1]
scw/0545/054500620010.001/swg.fits[1]
scw/0546/054600030010.001/swg.fits[1]
scw/0546/054600260010.001/swg.fits[1]
scw/0546/054600270010.001/swg.fits[1]
scw/0546/054600320010.001/swg.fits[1]
scw/0546/054600330010.001/swg.fits[1]
scw/0546/054600420010.001/swg.fits[1]
scw/0546/054600430010.001/swg.fits[1]
scw/0546/054600440010.001/swg.fits[1]
scw/0546/054600700010.001/swg.fits[1]
scw/0546/054600710010.001/swg.fits[1]
scw/0546/054600720010.001/swg.fits[1]
scw/0546/054600730010.001/swg.fits[1]
scw/0549/054900020010.001/swg.fits[1]
scw/0549/054900050010.001/swg.fits[1]
scw/0550/055000040010.001/swg.fits[1]
scw/0550/055000050010.001/swg.fits[1]
scw/0550/055000060010.001/swg.fits[1]
scw/0550/055000070010.001/swg.fits[1]
scw/0551/055100050010.001/swg.fits[1]
scw/0551/055100060010.001/swg.fits[1]
scw/0551/055100070010.001/swg.fits[1]
scw/0552/055200050010.001/swg.fits[1]
scw/0552/055200060010.001/swg.fits[1]
scw/0552/055200070010.001/swg.fits[1]
scw/0592/059200040010.001/swg.fits[1]
scw/0592/059200080010.001/swg.fits[1]
scw/0592/059200090010.001/swg.fits[1]
scw/0592/059200100010.001/swg.fits[1]
scw/0593/059300020010.001/swg.fits[1]
scw/0593/059300060010.001/swg.fits[1]
scw/0593/059300070010.001/swg.fits[1]
scw/0593/059300080010.001/swg.fits[1]
scw/0594/059400020010.001/swg.fits[1]
scw/0594/059400060010.001/swg.fits[1]
scw/0594/059400070010.001/swg.fits[1]
scw/0594/059400080010.001/swg.fits[1]
scw/0594/059400130010.001/swg.fits[1]
scw/0594/059400150010.001/swg.fits[1]
scw/0594/059400160010.001/swg.fits[1]
scw/0594/059400170010.001/swg.fits[1]
scw/0594/059400220010.001/swg.fits[1]
scw/0594/059400230010.001/swg.fits[1]
scw/0594/059400490010.001/swg.fits[1]
scw/0594/059400500010.001/swg.fits[1]
scw/0594/059400550010.001/swg.fits[1]
scw/0594/059400560010.001/swg.fits[1]
scw/0594/059400570010.001/swg.fits[1]
scw/0594/059400590010.001/swg.fits[1]
scw/0595/059500020010.001/swg.fits[1]
scw/0595/059500060010.001/swg.fits[1]
scw/0595/059500070010.001/swg.fits[1]
scw/0595/059500080010.001/swg.fits[1]
scw/0595/059500110010.001/swg.fits[1]
scw/0595/059500130010.001/swg.fits[1]
scw/0595/059500140010.001/swg.fits[1]
scw/0595/059500150010.001/swg.fits[1]
scw/0595/059500200010.001/swg.fits[1]
scw/0595/059500210010.001/swg.fits[1]
scw/0595/059500430010.001/swg.fits[1]
scw/0595/059500440010.001/swg.fits[1]
scw/0595/059500490010.001/swg.fits[1]
scw/0595/059500500010.001/swg.fits[1]
scw/0595/059500510010.001/swg.fits[1]
scw/0595/059500530010.001/swg.fits[1]
scw/0595/059500590010.001/swg.fits[1]
scw/0595/059500610010.001/swg.fits[1]
scw/0595/059500620010.001/swg.fits[1]
scw/0595/059500630010.001/swg.fits[1]
scw/0596/059600020010.001/swg.fits[1]
scw/0596/059600060010.001/swg.fits[1]
scw/0596/059600070010.001/swg.fits[1]
scw/0596/059600080010.001/swg.fits[1]
scw/0596/059600120010.001/swg.fits[1]
scw/0596/059600130010.001/swg.fits[1]
scw/0596/059600350010.001/swg.fits[1]
scw/0596/059600360010.001/swg.fits[1]
scw/0596/059600410010.001/swg.fits[1]
scw/0596/059600420010.001/swg.fits[1]
scw/0596/059600430010.001/swg.fits[1]
scw/0596/059600450010.001/swg.fits[1]
