scw/0493/049300030010.001/swg.fits[1]
scw/0493/049300040010.001/swg.fits[1]
scw/0493/049300100010.001/swg.fits[1]
scw/0493/049300480010.001/swg.fits[1]
scw/0493/049300490010.001/swg.fits[1]
scw/0493/049300500010.001/swg.fits[1]
scw/0493/049300530010.001/swg.fits[1]
scw/0493/049300540010.001/swg.fits[1]
scw/0494/049400440010.001/swg.fits[1]
scw/0494/049400450010.001/swg.fits[1]
scw/0494/049400470010.001/swg.fits[1]
scw/0494/049400480010.001/swg.fits[1]
scw/0494/049400490010.001/swg.fits[1]
scw/0494/049400550010.001/swg.fits[1]
scw/0549/054900240010.001/swg.fits[1]
scw/0549/054900250010.001/swg.fits[1]
scw/0549/054900290010.001/swg.fits[1]
scw/0549/054900300010.001/swg.fits[1]
scw/0550/055000180010.001/swg.fits[1]
scw/0550/055000190010.001/swg.fits[1]
scw/0550/055000220010.001/swg.fits[1]
scw/0550/055000230010.001/swg.fits[1]
scw/0550/055000240010.001/swg.fits[1]
scw/0550/055000280010.001/swg.fits[1]
scw/0550/055000630010.001/swg.fits[1]
scw/0550/055000680010.001/swg.fits[1]
scw/0550/055000690010.001/swg.fits[1]
scw/0552/055200300010.001/swg.fits[1]
scw/0552/055200310010.001/swg.fits[1]
scw/0552/055200370010.001/swg.fits[1]
scw/0558/055800040010.001/swg.fits[1]
scw/0558/055800100010.001/swg.fits[1]
scw/0558/055800110010.001/swg.fits[1]
scw/0558/055800120010.001/swg.fits[1]
scw/0558/055800130010.001/swg.fits[1]
scw/0558/055800140010.001/swg.fits[1]
scw/0558/055800210010.001/swg.fits[1]
scw/0558/055800220010.001/swg.fits[1]
scw/2127/212700020010.001/swg.fits[1]
scw/2390/239000020010.001/swg.fits[1]
