scw/2038/203800270010.001/swg.fits[1]
scw/2038/203800280010.001/swg.fits[1]
scw/2038/203800290010.001/swg.fits[1]
scw/2094/209400040010.001/swg.fits[1]
scw/2094/209400130010.001/swg.fits[1]
scw/2094/209400140010.001/swg.fits[1]
scw/2094/209400420010.001/swg.fits[1]
scw/2094/209400430010.001/swg.fits[1]
scw/2094/209400440010.001/swg.fits[1]
scw/2094/209400540010.001/swg.fits[1]
scw/2095/209500070010.001/swg.fits[1]
scw/2095/209500080010.001/swg.fits[1]
scw/2095/209500390010.001/swg.fits[1]
scw/2095/209500400010.001/swg.fits[1]
scw/2095/209500470010.001/swg.fits[1]
scw/2095/209500480010.001/swg.fits[1]
scw/2095/209500490010.001/swg.fits[1]
scw/2096/209600040010.001/swg.fits[1]
scw/2096/209600350010.001/swg.fits[1]
scw/2096/209600360010.001/swg.fits[1]
scw/2096/209600440010.001/swg.fits[1]
scw/2096/209600450010.001/swg.fits[1]
scw/2096/209600530010.001/swg.fits[1]
scw/2096/209600540010.001/swg.fits[1]
scw/2097/209700320010.001/swg.fits[1]
scw/2097/209700330010.001/swg.fits[1]
scw/2097/209700420010.001/swg.fits[1]
scw/2097/209700430010.001/swg.fits[1]
scw/2097/209700520010.001/swg.fits[1]
scw/2098/209800280010.001/swg.fits[1]
scw/2098/209800370010.001/swg.fits[1]
scw/2098/209800380010.001/swg.fits[1]
scw/2098/209800470010.001/swg.fits[1]
scw/2160/216000110010.001/swg.fits[1]
scw/2160/216000210010.001/swg.fits[1]
scw/2239/223900020010.001/swg.fits[1]
scw/2239/223900030010.001/swg.fits[1]
scw/2239/223900100010.001/swg.fits[1]
scw/2239/223900110010.001/swg.fits[1]
scw/2239/223900420010.001/swg.fits[1]
scw/2239/223900430010.001/swg.fits[1]
scw/2239/223900500010.001/swg.fits[1]
scw/2239/223900510010.001/swg.fits[1]
scw/2239/223900520010.001/swg.fits[1]
scw/2239/223900530010.001/swg.fits[1]
scw/2239/223900530020.001/swg.fits[1]
scw/2240/224000080010.001/swg.fits[1]
scw/2240/224000090010.001/swg.fits[1]
scw/2240/224000400010.001/swg.fits[1]
scw/2240/224000410010.001/swg.fits[1]
scw/2241/224100040010.001/swg.fits[1]
scw/2241/224100050010.001/swg.fits[1]
scw/2241/224100060010.001/swg.fits[1]
scw/2241/224100150010.001/swg.fits[1]
scw/2241/224100460010.001/swg.fits[1]
scw/2241/224100470010.001/swg.fits[1]
scw/2242/224200020010.001/swg.fits[1]
scw/2242/224200030010.001/swg.fits[1]
scw/2242/224200040010.001/swg.fits[1]
scw/2242/224200050010.001/swg.fits[1]
scw/2242/224200440010.001/swg.fits[1]
scw/2242/224200450010.001/swg.fits[1]
scw/2242/224200520010.001/swg.fits[1]
scw/2242/224200530010.001/swg.fits[1]
scw/2242/224200530020.001/swg.fits[1]
scw/2244/224400070010.001/swg.fits[1]
scw/2244/224400080010.001/swg.fits[1]
scw/2244/224400090010.001/swg.fits[1]
scw/2244/224400100010.001/swg.fits[1]
scw/2244/224400170010.001/swg.fits[1]
scw/2244/224400180010.001/swg.fits[1]
scw/2246/224600090010.001/swg.fits[1]
scw/2246/224600100010.001/swg.fits[1]
scw/2246/224600110010.001/swg.fits[1]
scw/2246/224600120010.001/swg.fits[1]
scw/2249/224900060010.001/swg.fits[1]
scw/2249/224900070010.001/swg.fits[1]
scw/2249/224900080010.001/swg.fits[1]
scw/2249/224900090010.001/swg.fits[1]
scw/2249/224900100010.001/swg.fits[1]
scw/2251/225100130010.001/swg.fits[1]
scw/2252/225200440010.001/swg.fits[1]
scw/2252/225200450010.001/swg.fits[1]
scw/2252/225200460010.001/swg.fits[1]
scw/2252/225200490010.001/swg.fits[1]
scw/2252/225200500010.001/swg.fits[1]
scw/2254/225400600010.001/swg.fits[1]
scw/2254/225400610010.001/swg.fits[1]
scw/2254/225400650010.001/swg.fits[1]
scw/2254/225400650020.001/swg.fits[1]
scw/2261/226100060010.001/swg.fits[1]
scw/2261/226100070010.001/swg.fits[1]
scw/2261/226100110010.001/swg.fits[1]
scw/2380/238000140010.001/swg.fits[1]
scw/2380/238000150010.001/swg.fits[1]
scw/2380/238000150020.001/swg.fits[1]
scw/2380/238000460010.001/swg.fits[1]
scw/2380/238000470010.001/swg.fits[1]
scw/2381/238100070010.001/swg.fits[1]
scw/2381/238100080010.001/swg.fits[1]
scw/2381/238100090010.001/swg.fits[1]
scw/2381/238100100010.001/swg.fits[1]
scw/2381/238100170010.001/swg.fits[1]
scw/2382/238200800010.001/swg.fits[1]
scw/2382/238200800020.001/swg.fits[1]
scw/2383/238300560010.001/swg.fits[1]
scw/2383/238300610010.001/swg.fits[1]
scw/2383/238300620010.001/swg.fits[1]
scw/2383/238300630010.001/swg.fits[1]
scw/2383/238300640010.001/swg.fits[1]
scw/2383/238300650010.001/swg.fits[1]
scw/2383/238300720010.001/swg.fits[1]
scw/2385/238500080010.001/swg.fits[1]
scw/2385/238500140010.001/swg.fits[1]
scw/2385/238500150010.001/swg.fits[1]
scw/2385/238500160010.001/swg.fits[1]
scw/2385/238500170010.001/swg.fits[1]
scw/2385/238500180010.001/swg.fits[1]
scw/2385/238500190010.001/swg.fits[1]
scw/2386/238600200010.001/swg.fits[1]
scw/2386/238600270010.001/swg.fits[1]
scw/2386/238600280010.001/swg.fits[1]
scw/2387/238700060010.001/swg.fits[1]
scw/2387/238700070010.001/swg.fits[1]
scw/2387/238700140010.001/swg.fits[1]
scw/2388/238800550010.001/swg.fits[1]
scw/2388/238800560010.001/swg.fits[1]
scw/2388/238800580010.001/swg.fits[1]
scw/2388/238800590010.001/swg.fits[1]
scw/2388/238800660010.001/swg.fits[1]
scw/2390/239000640010.001/swg.fits[1]
scw/2390/239000680010.001/swg.fits[1]
scw/2392/239200370010.001/swg.fits[1]
scw/2432/243200070010.001/swg.fits[1]
scw/2439/243900040010.001/swg.fits[1]
scw/2440/244000120010.001/swg.fits[1]
scw/2441/244100090010.001/swg.fits[1]
scw/2441/244100100010.001/swg.fits[1]
scw/2441/244100110010.001/swg.fits[1]
scw/2441/244100180010.001/swg.fits[1]
scw/2441/244100190010.001/swg.fits[1]
scw/2444/244400020010.001/swg.fits[1]
scw/2444/244400030010.001/swg.fits[1]
scw/2444/244400100010.001/swg.fits[1]
scw/2444/244400110010.001/swg.fits[1]
scw/2444/244400120010.001/swg.fits[1]
scw/2444/244400130010.001/swg.fits[1]
scw/2449/244900050010.001/swg.fits[1]
scw/2449/244900060010.001/swg.fits[1]
scw/2449/244900130010.001/swg.fits[1]
scw/2449/244900140010.001/swg.fits[1]
scw/2449/244900150010.001/swg.fits[1]
scw/2450/245000680010.001/swg.fits[1]
scw/2451/245100040010.001/swg.fits[1]
scw/2457/245700100010.001/swg.fits[1]
scw/2457/245700110010.001/swg.fits[1]
scw/2457/245700130010.001/swg.fits[1]
scw/2457/245700140010.001/swg.fits[1]
scw/2457/245700150010.001/swg.fits[1]
scw/2457/245700210010.001/swg.fits[1]
scw/2459/245900170010.001/swg.fits[1]
scw/2459/245900180010.001/swg.fits[1]
scw/2459/245900190010.001/swg.fits[1]
scw/2459/245900220010.001/swg.fits[1]
scw/2459/245900230010.001/swg.fits[1]
scw/2459/245900240010.001/swg.fits[1]
