scw/0031/003100210010.001/swg.fits[1]
scw/0031/003100490010.001/swg.fits[1]
scw/0031/003100690010.001/swg.fits[1]
scw/0047/004700070010.001/swg.fits[1]
scw/0051/005100730010.001/swg.fits[1]
scw/0062/006200020010.001/swg.fits[1]
scw/0079/007900070010.001/swg.fits[1]
scw/0082/008200140010.001/swg.fits[1]
scw/0142/014200120010.001/swg.fits[1]
scw/0142/014200310010.001/swg.fits[1]
scw/0142/014200510010.001/swg.fits[1]
scw/0142/014200790010.001/swg.fits[1]
scw/0143/014300030010.001/swg.fits[1]
scw/0143/014300310010.001/swg.fits[1]
scw/0143/014300510010.001/swg.fits[1]
scw/0143/014300790010.001/swg.fits[1]
scw/0144/014400120010.001/swg.fits[1]
scw/0144/014400400010.001/swg.fits[1]
scw/0144/014400600010.001/swg.fits[1]
scw/0145/014500170010.001/swg.fits[1]
scw/0145/014500370010.001/swg.fits[1]
scw/0145/014500650010.001/swg.fits[1]
scw/0145/014500850010.001/swg.fits[1]
scw/0146/014600380010.001/swg.fits[1]
scw/0146/014600860010.001/swg.fits[1]
scw/0147/014700120010.001/swg.fits[1]
scw/0147/014700400010.001/swg.fits[1]
scw/0147/014700600010.001/swg.fits[1]
scw/0147/014700880010.001/swg.fits[1]
scw/0148/014800140010.001/swg.fits[1]
scw/0148/014800420010.001/swg.fits[1]
scw/0148/014800430010.001/swg.fits[1]
scw/0148/014800620010.001/swg.fits[1]
scw/0153/015300080010.001/swg.fits[1]
scw/0161/016100390010.001/swg.fits[1]
scw/0161/016100590010.001/swg.fits[1]
scw/0162/016200160010.001/swg.fits[1]
scw/0162/016200390010.001/swg.fits[1]
scw/0162/016200590010.001/swg.fits[1]
scw/0177/017700300010.001/swg.fits[1]
scw/0185/018500060010.001/swg.fits[1]
scw/0234/023400070010.001/swg.fits[1]
scw/0245/024500070010.001/swg.fits[1]
scw/0257/025700560010.001/swg.fits[1]
scw/0262/026200240010.001/swg.fits[1]
scw/0262/026200250010.001/swg.fits[1]
scw/0262/026200260010.001/swg.fits[1]
scw/0262/026200440010.001/swg.fits[1]
scw/0264/026400190010.001/swg.fits[1]
scw/0264/026400200010.001/swg.fits[1]
scw/0264/026400490010.001/swg.fits[1]
scw/0264/026400500010.001/swg.fits[1]
scw/0264/026400700010.001/swg.fits[1]
scw/0265/026500050010.001/swg.fits[1]
scw/0265/026500170010.001/swg.fits[1]
scw/0265/026500270010.001/swg.fits[1]
scw/0265/026500280010.001/swg.fits[1]
scw/0265/026500780010.001/swg.fits[1]
scw/0265/026501070010.001/swg.fits[1]
scw/0265/026501080010.001/swg.fits[1]
scw/0266/026600050010.001/swg.fits[1]
scw/0266/026600640010.001/swg.fits[1]
scw/0268/026800950010.001/swg.fits[1]
scw/0268/026800960010.001/swg.fits[1]
scw/0269/026900360010.001/swg.fits[1]
scw/0269/026900370010.001/swg.fits[1]
scw/0269/026900570010.001/swg.fits[1]
scw/0269/026900970010.001/swg.fits[1]
scw/0269/026901060010.001/swg.fits[1]
scw/0269/026901070010.001/swg.fits[1]
scw/0337/033700030010.001/swg.fits[1]
scw/0379/037900420010.001/swg.fits[1]
scw/0384/038400750010.001/swg.fits[1]
scw/0384/038400760010.001/swg.fits[1]
scw/0385/038500220010.001/swg.fits[1]
scw/0385/038500290010.001/swg.fits[1]
scw/0385/038500300010.001/swg.fits[1]
scw/0385/038500710010.001/swg.fits[1]
scw/0385/038500720010.001/swg.fits[1]
scw/0386/038600050010.001/swg.fits[1]
scw/0386/038600060010.001/swg.fits[1]
scw/0386/038600470010.001/swg.fits[1]
scw/0386/038600480010.001/swg.fits[1]
scw/0386/038600490010.001/swg.fits[1]
scw/0386/038600540010.001/swg.fits[1]
scw/0386/038600550010.001/swg.fits[1]
scw/0386/038600560010.001/swg.fits[1]
scw/0387/038700500010.001/swg.fits[1]
scw/0387/038700510010.001/swg.fits[1]
scw/0387/038700520010.001/swg.fits[1]
scw/0387/038700580010.001/swg.fits[1]
scw/0387/038700590010.001/swg.fits[1]
scw/0388/038800490010.001/swg.fits[1]
scw/0388/038800500010.001/swg.fits[1]
scw/0388/038800570010.001/swg.fits[1]
scw/0388/038800580010.001/swg.fits[1]
scw/0389/038900350010.001/swg.fits[1]
scw/0389/038900360010.001/swg.fits[1]
scw/0389/038900430010.001/swg.fits[1]
scw/0389/038900440010.001/swg.fits[1]
scw/0390/039000260010.001/swg.fits[1]
scw/0390/039000270010.001/swg.fits[1]
scw/0390/039000340010.001/swg.fits[1]
scw/0390/039000350010.001/swg.fits[1]
scw/0391/039100310010.001/swg.fits[1]
scw/0391/039100400010.001/swg.fits[1]
scw/0391/039100410010.001/swg.fits[1]
scw/0392/039200190010.001/swg.fits[1]
scw/0392/039200200010.001/swg.fits[1]
scw/0392/039200270010.001/swg.fits[1]
scw/0392/039200280010.001/swg.fits[1]
scw/0393/039300080010.001/swg.fits[1]
scw/0393/039300090010.001/swg.fits[1]
scw/0393/039300100010.001/swg.fits[1]
scw/0393/039300180010.001/swg.fits[1]
scw/0393/039300580010.001/swg.fits[1]
scw/0393/039300590010.001/swg.fits[1]
scw/0393/039300590020.001/swg.fits[1]
scw/0394/039400010010.001/swg.fits[1]
scw/0394/039400080010.001/swg.fits[1]
scw/0394/039400090010.001/swg.fits[1]
scw/0394/039400540010.001/swg.fits[1]
scw/0394/039400550010.001/swg.fits[1]
scw/0395/039500160010.001/swg.fits[1]
scw/0395/039500170010.001/swg.fits[1]
scw/0395/039500180010.001/swg.fits[1]
scw/0395/039500580010.001/swg.fits[1]
scw/0396/039600070010.001/swg.fits[1]
scw/0396/039600170010.001/swg.fits[1]
scw/0412/041200060010.001/swg.fits[1]
scw/0435/043500020010.001/swg.fits[1]
scw/0441/044100630010.001/swg.fits[1]
scw/0443/044300920010.001/swg.fits[1]
scw/0452/045200110010.001/swg.fits[1]
scw/0466/046600110010.001/swg.fits[1]
scw/0466/046600190010.001/swg.fits[1]
scw/0466/046600200010.001/swg.fits[1]
scw/0466/046600210010.001/swg.fits[1]
scw/0466/046600310010.001/swg.fits[1]
scw/0466/046600400010.001/swg.fits[1]
scw/0883/088300050010.001/swg.fits[1]
scw/0883/088300060010.001/swg.fits[1]
scw/0883/088300070010.001/swg.fits[1]
scw/0883/088300080010.001/swg.fits[1]
scw/0883/088300160010.001/swg.fits[1]
scw/0883/088300370010.001/swg.fits[1]
scw/0883/088300450010.001/swg.fits[1]
scw/0883/088300460010.001/swg.fits[1]
scw/0883/088300470010.001/swg.fits[1]
scw/0883/088300480010.001/swg.fits[1]
scw/0883/088300550010.001/swg.fits[1]
scw/0883/088300570010.001/swg.fits[1]
scw/0883/088300580010.001/swg.fits[1]
scw/0884/088400020010.001/swg.fits[1]
scw/0884/088400030010.001/swg.fits[1]
scw/0884/088400240010.001/swg.fits[1]
scw/0884/088400250010.001/swg.fits[1]
scw/0884/088400310010.001/swg.fits[1]
scw/0884/088400320010.001/swg.fits[1]
scw/0884/088400330010.001/swg.fits[1]
scw/0884/088400350010.001/swg.fits[1]
scw/0884/088400430010.001/swg.fits[1]
scw/0884/088400440010.001/swg.fits[1]
scw/0884/088400450010.001/swg.fits[1]
scw/0884/088400530010.001/swg.fits[1]
scw/0885/088500060010.001/swg.fits[1]
scw/0885/088500470010.001/swg.fits[1]
scw/0885/088500560010.001/swg.fits[1]
scw/0886/088600720010.001/swg.fits[1]
scw/0886/088600730010.001/swg.fits[1]
scw/0957/095700040010.001/swg.fits[1]
scw/0957/095700120010.001/swg.fits[1]
scw/0957/095700130010.001/swg.fits[1]
scw/0957/095700140010.001/swg.fits[1]
scw/0957/095700330010.001/swg.fits[1]
scw/0957/095700340010.001/swg.fits[1]
scw/0957/095700350010.001/swg.fits[1]
scw/0957/095700430010.001/swg.fits[1]
scw/0957/095700540010.001/swg.fits[1]
scw/0957/095700630010.001/swg.fits[1]
scw/0957/095700640010.001/swg.fits[1]
scw/0998/099800620010.001/swg.fits[1]
scw/0998/099800630010.001/swg.fits[1]
scw/0998/099800640010.001/swg.fits[1]
scw/0998/099800650010.001/swg.fits[1]
scw/0998/099800660010.001/swg.fits[1]
scw/0998/099800730010.001/swg.fits[1]
scw/0998/099800740010.001/swg.fits[1]
scw/0998/099800750010.001/swg.fits[1]
scw/0998/099800760010.001/swg.fits[1]
scw/1002/100200040010.001/swg.fits[1]
scw/1007/100700080010.001/swg.fits[1]
scw/1007/100700090010.001/swg.fits[1]
scw/1007/100700100010.001/swg.fits[1]
scw/1007/100700180010.001/swg.fits[1]
scw/1007/100700390010.001/swg.fits[1]
scw/1007/100700470010.001/swg.fits[1]
scw/1007/100700480010.001/swg.fits[1]
scw/1007/100700490010.001/swg.fits[1]
scw/1007/100700500010.001/swg.fits[1]
scw/1007/100700570010.001/swg.fits[1]
scw/1007/100700590010.001/swg.fits[1]
scw/1007/100700600010.001/swg.fits[1]
scw/1007/100700670010.001/swg.fits[1]
scw/1007/100700680010.001/swg.fits[1]
scw/1008/100800240010.001/swg.fits[1]
scw/1008/100800250010.001/swg.fits[1]
scw/1008/100800320010.001/swg.fits[1]
scw/1008/100800330010.001/swg.fits[1]
scw/1008/100800350010.001/swg.fits[1]
scw/1008/100800430010.001/swg.fits[1]
scw/1008/100800440010.001/swg.fits[1]
scw/1008/100800530010.001/swg.fits[1]
