scw/0030/003000170010.001/swg.fits[1]
scw/0030/003000180010.001/swg.fits[1]
scw/0030/003000210010.001/swg.fits[1]
scw/0030/003000220010.001/swg.fits[1]
scw/0030/003000560010.001/swg.fits[1]
scw/0030/003000570010.001/swg.fits[1]
scw/0030/003000600010.001/swg.fits[1]
scw/0030/003000610010.001/swg.fits[1]
scw/0030/003000620010.001/swg.fits[1]
scw/0030/003000640010.001/swg.fits[1]
scw/0030/003000650010.001/swg.fits[1]
scw/0030/003000660010.001/swg.fits[1]
scw/0030/003000690010.001/swg.fits[1]
scw/0030/003000700010.001/swg.fits[1]
scw/0032/003200710010.001/swg.fits[1]
scw/0032/003200720010.001/swg.fits[1]
scw/0032/003200750010.001/swg.fits[1]
scw/0032/003200760010.001/swg.fits[1]
scw/0032/003200770010.001/swg.fits[1]
scw/0032/003200790010.001/swg.fits[1]
scw/0032/003200800010.001/swg.fits[1]
scw/0032/003200810010.001/swg.fits[1]
scw/0032/003200840010.001/swg.fits[1]
scw/0032/003200850010.001/swg.fits[1]
scw/0050/005000500010.001/swg.fits[1]
scw/0050/005000510010.001/swg.fits[1]
scw/0050/005000520010.001/swg.fits[1]
scw/0050/005000530010.001/swg.fits[1]
scw/0097/009700550010.001/swg.fits[1]
scw/0097/009700560010.001/swg.fits[1]
scw/0118/011800290010.001/swg.fits[1]
scw/0155/015500240010.001/swg.fits[1]
scw/0155/015500250010.001/swg.fits[1]
scw/0155/015500280010.001/swg.fits[1]
scw/0155/015500290010.001/swg.fits[1]
scw/0155/015500300010.001/swg.fits[1]
scw/0155/015500320010.001/swg.fits[1]
scw/0155/015500330010.001/swg.fits[1]
scw/0155/015500370010.001/swg.fits[1]
scw/0155/015500380010.001/swg.fits[1]
scw/0155/015500720010.001/swg.fits[1]
scw/0155/015500730010.001/swg.fits[1]
scw/0155/015500760010.001/swg.fits[1]
scw/0155/015500770010.001/swg.fits[1]
scw/0155/015500780010.001/swg.fits[1]
scw/0155/015500800010.001/swg.fits[1]
scw/0155/015500810010.001/swg.fits[1]
scw/0155/015500820010.001/swg.fits[1]
scw/0155/015500850010.001/swg.fits[1]
scw/0155/015500860010.001/swg.fits[1]
scw/0156/015600250010.001/swg.fits[1]
scw/0156/015600260010.001/swg.fits[1]
scw/0156/015600290010.001/swg.fits[1]
scw/0156/015600300010.001/swg.fits[1]
scw/0156/015600310010.001/swg.fits[1]
scw/0156/015600350010.001/swg.fits[1]
scw/0156/015600380010.001/swg.fits[1]
scw/0156/015600390010.001/swg.fits[1]
scw/0156/015600400010.001/swg.fits[1]
scw/0156/015600730010.001/swg.fits[1]
scw/0156/015600740010.001/swg.fits[1]
scw/0156/015600770010.001/swg.fits[1]
scw/0156/015600780010.001/swg.fits[1]
scw/0156/015600790010.001/swg.fits[1]
scw/0156/015600810010.001/swg.fits[1]
scw/0156/015600820010.001/swg.fits[1]
scw/0156/015600830010.001/swg.fits[1]
scw/0156/015600860010.001/swg.fits[1]
scw/0156/015600870010.001/swg.fits[1]
scw/0157/015700470010.001/swg.fits[1]
scw/0157/015700480010.001/swg.fits[1]
scw/0157/015700510010.001/swg.fits[1]
scw/0157/015700520010.001/swg.fits[1]
scw/0157/015700530010.001/swg.fits[1]
scw/0157/015700550010.001/swg.fits[1]
scw/0157/015700560010.001/swg.fits[1]
scw/0157/015700570010.001/swg.fits[1]
scw/0157/015700600010.001/swg.fits[1]
scw/0157/015700610010.001/swg.fits[1]
scw/0157/015700950010.001/swg.fits[1]
scw/0158/015800030010.001/swg.fits[1]
scw/0158/015800040010.001/swg.fits[1]
scw/0158/015800050010.001/swg.fits[1]
scw/0158/015800070010.001/swg.fits[1]
scw/0158/015800080010.001/swg.fits[1]
scw/0158/015800090010.001/swg.fits[1]
scw/0158/015800120010.001/swg.fits[1]
scw/0158/015800130010.001/swg.fits[1]
scw/0158/015800470010.001/swg.fits[1]
scw/0158/015800480010.001/swg.fits[1]
scw/0158/015800510010.001/swg.fits[1]
scw/0158/015800520010.001/swg.fits[1]
scw/0158/015800530010.001/swg.fits[1]
scw/0158/015800550010.001/swg.fits[1]
scw/0158/015800560010.001/swg.fits[1]
scw/0158/015800570010.001/swg.fits[1]
scw/0158/015800600010.001/swg.fits[1]
scw/0158/015800610010.001/swg.fits[1]
scw/0158/015800850010.001/swg.fits[1]
scw/0158/015800860010.001/swg.fits[1]
scw/0158/015800880010.001/swg.fits[1]
scw/0158/015800890010.001/swg.fits[1]
scw/0402/040200070010.001/swg.fits[1]
scw/0402/040200570010.001/swg.fits[1]
scw/0403/040300440010.001/swg.fits[1]
scw/0403/040300530010.001/swg.fits[1]
scw/0404/040400260010.001/swg.fits[1]
scw/0404/040400410010.001/swg.fits[1]
scw/0404/040400420010.001/swg.fits[1]
scw/0404/040400430010.001/swg.fits[1]
scw/0404/040400440010.001/swg.fits[1]
scw/0404/040400520010.001/swg.fits[1]
scw/0405/040500110010.001/swg.fits[1]
scw/0405/040500120010.001/swg.fits[1]
scw/0405/040500180010.001/swg.fits[1]
scw/0405/040500190010.001/swg.fits[1]
scw/0405/040500200010.001/swg.fits[1]
scw/0405/040500210010.001/swg.fits[1]
scw/0405/040500220010.001/swg.fits[1]
scw/0405/040500390010.001/swg.fits[1]
scw/0405/040500400010.001/swg.fits[1]
scw/0405/040500410010.001/swg.fits[1]
scw/0405/040500420010.001/swg.fits[1]
scw/0406/040600240010.001/swg.fits[1]
scw/0406/040600250010.001/swg.fits[1]
scw/0406/040600260010.001/swg.fits[1]
scw/0406/040600270010.001/swg.fits[1]
scw/0406/040600340010.001/swg.fits[1]
scw/0406/040600450010.001/swg.fits[1]
scw/0406/040600460010.001/swg.fits[1]
scw/0406/040600470010.001/swg.fits[1]
scw/0406/040600550010.001/swg.fits[1]
scw/0407/040700350010.001/swg.fits[1]
scw/0407/040700430010.001/swg.fits[1]
scw/0407/040700440010.001/swg.fits[1]
scw/0407/040700450010.001/swg.fits[1]
scw/0407/040700460010.001/swg.fits[1]
scw/0407/040700640010.001/swg.fits[1]
scw/0407/040700650010.001/swg.fits[1]
scw/0407/040700660010.001/swg.fits[1]
scw/0407/040700740010.001/swg.fits[1]
scw/0459/045900610010.001/swg.fits[1]
scw/0459/045900620010.001/swg.fits[1]
scw/0459/045900630010.001/swg.fits[1]
scw/0459/045900640010.001/swg.fits[1]
scw/0459/045900720010.001/swg.fits[1]
scw/0460/046000210010.001/swg.fits[1]
scw/0460/046000290010.001/swg.fits[1]
scw/0460/046000300010.001/swg.fits[1]
scw/0460/046000310010.001/swg.fits[1]
scw/0460/046000320010.001/swg.fits[1]
scw/0460/046000490010.001/swg.fits[1]
scw/0460/046000500010.001/swg.fits[1]
scw/0460/046000510010.001/swg.fits[1]
scw/0460/046000520010.001/swg.fits[1]
scw/0461/046100250010.001/swg.fits[1]
scw/0461/046100330010.001/swg.fits[1]
scw/0461/046100340010.001/swg.fits[1]
scw/0461/046100350010.001/swg.fits[1]
scw/0461/046100360010.001/swg.fits[1]
scw/0461/046100540010.001/swg.fits[1]
scw/0461/046100550010.001/swg.fits[1]
scw/0461/046100560010.001/swg.fits[1]
scw/0461/046100640010.001/swg.fits[1]
scw/0524/052400100010.001/swg.fits[1]
scw/0524/052400110010.001/swg.fits[1]
scw/0524/052400160010.001/swg.fits[1]
scw/0524/052400170010.001/swg.fits[1]
scw/0524/052400180010.001/swg.fits[1]
scw/0524/052400390010.001/swg.fits[1]
scw/0524/052400400010.001/swg.fits[1]
scw/0524/052400410010.001/swg.fits[1]
scw/0524/052400460010.001/swg.fits[1]
scw/0524/052400470010.001/swg.fits[1]
scw/0524/052400480010.001/swg.fits[1]
scw/0524/052400570010.001/swg.fits[1]
scw/0524/052400600010.001/swg.fits[1]
scw/0524/052400610010.001/swg.fits[1]
scw/0525/052500550010.001/swg.fits[1]
scw/0525/052500560010.001/swg.fits[1]
scw/0526/052600100010.001/swg.fits[1]
scw/0526/052600160010.001/swg.fits[1]
scw/0526/052600170010.001/swg.fits[1]
scw/0526/052600180010.001/swg.fits[1]
scw/0526/052600200010.001/swg.fits[1]
scw/0526/052600300010.001/swg.fits[1]
scw/0526/052600310010.001/swg.fits[1]
scw/0526/052600360010.001/swg.fits[1]
scw/0526/052600370010.001/swg.fits[1]
scw/0526/052600410010.001/swg.fits[1]
scw/0526/052600600010.001/swg.fits[1]
scw/0526/052600610010.001/swg.fits[1]
scw/0527/052700080010.001/swg.fits[1]
scw/0527/052700090010.001/swg.fits[1]
scw/0527/052700120010.001/swg.fits[1]
scw/0527/052700220010.001/swg.fits[1]
scw/0527/052700230010.001/swg.fits[1]
scw/0527/052700240010.001/swg.fits[1]
scw/0527/052700280010.001/swg.fits[1]
scw/0527/052700290010.001/swg.fits[1]
scw/0527/052700490010.001/swg.fits[1]
scw/0527/052700510010.001/swg.fits[1]
scw/0527/052700520010.001/swg.fits[1]
scw/0527/052700530010.001/swg.fits[1]
scw/0527/052700590010.001/swg.fits[1]
scw/0533/053300110010.001/swg.fits[1]
scw/0533/053300120010.001/swg.fits[1]
scw/0533/053300170010.001/swg.fits[1]
scw/0533/053300180010.001/swg.fits[1]
scw/0533/053300190010.001/swg.fits[1]
