scw/0641/064100080010.001/swg.fits[1]
scw/0641/064100090010.001/swg.fits[1]
scw/0641/064100100010.001/swg.fits[1]
scw/0641/064100130010.001/swg.fits[1]
scw/0641/064100140010.001/swg.fits[1]
scw/0641/064100430010.001/swg.fits[1]
scw/0641/064100440010.001/swg.fits[1]
scw/0641/064100470010.001/swg.fits[1]
scw/0641/064100480010.001/swg.fits[1]
scw/0641/064100490010.001/swg.fits[1]
scw/0641/064100540010.001/swg.fits[1]
scw/0641/064100630010.001/swg.fits[1]
scw/0641/064100640010.001/swg.fits[1]
scw/0642/064200030010.001/swg.fits[1]
scw/0642/064200040010.001/swg.fits[1]
scw/0642/064200090010.001/swg.fits[1]
scw/0642/064200290010.001/swg.fits[1]
scw/0642/064200300010.001/swg.fits[1]
scw/0642/064200330010.001/swg.fits[1]
scw/0642/064200340010.001/swg.fits[1]
scw/0642/064200440010.001/swg.fits[1]
scw/0642/064200480010.001/swg.fits[1]
scw/0642/064200490010.001/swg.fits[1]
scw/0642/064200540010.001/swg.fits[1]
scw/0642/064200550010.001/swg.fits[1]
