scw/0073/007300060010.001/swg.fits[1]
scw/1084/108400260010.001/swg.fits[1]
scw/1084/108400270010.001/swg.fits[1]
scw/1084/108400280010.001/swg.fits[1]
scw/1085/108500110010.001/swg.fits[1]
scw/1085/108500590010.001/swg.fits[1]
scw/1086/108600440010.001/swg.fits[1]
scw/1087/108700250010.001/swg.fits[1]
scw/1088/108800070010.001/swg.fits[1]
scw/1098/109800270010.001/swg.fits[1]
scw/1101/110100250010.001/swg.fits[1]
scw/1102/110200380010.001/swg.fits[1]
scw/1103/110300210010.001/swg.fits[1]
scw/1103/110300290010.001/swg.fits[1]
scw/1103/110300300010.001/swg.fits[1]
scw/1104/110400220010.001/swg.fits[1]
scw/1104/110400630010.001/swg.fits[1]
scw/1105/110500030010.001/swg.fits[1]
scw/1105/110500540010.001/swg.fits[1]
scw/1106/110600360010.001/swg.fits[1]
scw/1106/110600370010.001/swg.fits[1]
scw/1107/110700190010.001/swg.fits[1]
scw/1107/110700270010.001/swg.fits[1]
scw/1107/110700280010.001/swg.fits[1]
scw/1108/110800120010.001/swg.fits[1]
scw/1108/110800210010.001/swg.fits[1]
scw/1108/110800220010.001/swg.fits[1]
scw/1108/110800620010.001/swg.fits[1]
scw/1109/110900100010.001/swg.fits[1]
scw/1109/110900510010.001/swg.fits[1]
scw/1109/110900600010.001/swg.fits[1]
scw/1110/111000370010.001/swg.fits[1]
scw/1110/111000460010.001/swg.fits[1]
scw/1111/111100210010.001/swg.fits[1]
scw/1111/111100300010.001/swg.fits[1]
scw/1734/173400250010.001/swg.fits[1]
