scw/1598/159800180010.001/swg.fits[1]
scw/1598/159800190010.001/swg.fits[1]
scw/1598/159800220010.001/swg.fits[1]
scw/1598/159800230010.001/swg.fits[1]
scw/1598/159800280010.001/swg.fits[1]
scw/1598/159800320010.001/swg.fits[1]
scw/1598/159800330010.001/swg.fits[1]
scw/1598/159800330020.001/swg.fits[1]
scw/1598/159800330030.001/swg.fits[1]
scw/1598/159800470010.001/swg.fits[1]
scw/1598/159800510010.001/swg.fits[1]
scw/1598/159800520010.001/swg.fits[1]
scw/1598/159800570010.001/swg.fits[1]
scw/1599/159900140010.001/swg.fits[1]
scw/1599/159900150010.001/swg.fits[1]
scw/1599/159900180010.001/swg.fits[1]
scw/1599/159900190010.001/swg.fits[1]
scw/1599/159900240010.001/swg.fits[1]
scw/1599/159900280010.001/swg.fits[1]
scw/1599/159900290010.001/swg.fits[1]
scw/1599/159900340010.001/swg.fits[1]
scw/1599/159900350010.001/swg.fits[1]
scw/1599/159900360010.001/swg.fits[1]
scw/1599/159900380010.001/swg.fits[1]
scw/1599/159900390010.001/swg.fits[1]
scw/1644/164400060010.001/swg.fits[1]
scw/1644/164400110010.001/swg.fits[1]
scw/1644/164400120010.001/swg.fits[1]
scw/1644/164400150010.001/swg.fits[1]
scw/1644/164400160010.001/swg.fits[1]
scw/1648/164800310010.001/swg.fits[1]
scw/1648/164800320010.001/swg.fits[1]
scw/1648/164800340010.001/swg.fits[1]
scw/1648/164800350010.001/swg.fits[1]
scw/1648/164800360010.001/swg.fits[1]
scw/1652/165200110010.001/swg.fits[1]
scw/1652/165200120010.001/swg.fits[1]
scw/1652/165200150010.001/swg.fits[1]
scw/1652/165200160010.001/swg.fits[1]
scw/1652/165200220010.001/swg.fits[1]
scw/1657/165700760010.001/swg.fits[1]
scw/1657/165700770010.001/swg.fits[1]
scw/1657/165700780010.001/swg.fits[1]
scw/1657/165700790010.001/swg.fits[1]
scw/1657/165700800010.001/swg.fits[1]
scw/1658/165800030010.001/swg.fits[1]
scw/1658/165800070010.001/swg.fits[1]
scw/1658/165800080010.001/swg.fits[1]
scw/1658/165800090010.001/swg.fits[1]
scw/1658/165800120010.001/swg.fits[1]
scw/1658/165800130010.001/swg.fits[1]
scw/1661/166100350010.001/swg.fits[1]
scw/1661/166100360010.001/swg.fits[1]
scw/1661/166100390010.001/swg.fits[1]
scw/1661/166100400010.001/swg.fits[1]
scw/1662/166200090010.001/swg.fits[1]
scw/1662/166200100010.001/swg.fits[1]
scw/1662/166200130010.001/swg.fits[1]
scw/1662/166200140010.001/swg.fits[1]
scw/1662/166200300010.001/swg.fits[1]
scw/1662/166200350010.001/swg.fits[1]
scw/1662/166200360010.001/swg.fits[1]
scw/1662/166200390010.001/swg.fits[1]
scw/1662/166200400010.001/swg.fits[1]
scw/1662/166200460010.001/swg.fits[1]
scw/1662/166200460020.001/swg.fits[1]
scw/1662/166200470010.001/swg.fits[1]
scw/1662/166200480010.001/swg.fits[1]
scw/1662/166200490010.001/swg.fits[1]
scw/1662/166200490020.001/swg.fits[1]
scw/1664/166400140010.001/swg.fits[1]
scw/1664/166400150010.001/swg.fits[1]
scw/1664/166400170010.001/swg.fits[1]
scw/1664/166400180010.001/swg.fits[1]
scw/1664/166400190010.001/swg.fits[1]
scw/1667/166700470010.001/swg.fits[1]
scw/1667/166700470020.001/swg.fits[1]
scw/1667/166700480010.001/swg.fits[1]
scw/1667/166700490010.001/swg.fits[1]
scw/1667/166700500010.001/swg.fits[1]
scw/1667/166700500020.001/swg.fits[1]
scw/1667/166700590010.001/swg.fits[1]
scw/1667/166700600010.001/swg.fits[1]
scw/1667/166700630010.001/swg.fits[1]
scw/1667/166700640010.001/swg.fits[1]
scw/1667/166700650010.001/swg.fits[1]
scw/1667/166700700010.001/swg.fits[1]
scw/1715/171500070010.001/swg.fits[1]
scw/1715/171500080010.001/swg.fits[1]
scw/1715/171500130010.001/swg.fits[1]
scw/1715/171500140010.001/swg.fits[1]
scw/1715/171500170010.001/swg.fits[1]
scw/1719/171900820010.001/swg.fits[1]
scw/1719/171900830010.001/swg.fits[1]
scw/1719/171900860010.001/swg.fits[1]
scw/1719/171900870010.001/swg.fits[1]
scw/1719/171900920010.001/swg.fits[1]
scw/1723/172300160010.001/swg.fits[1]
scw/1723/172300170010.001/swg.fits[1]
scw/1723/172300200010.001/swg.fits[1]
scw/1723/172300210010.001/swg.fits[1]
scw/1723/172300260010.001/swg.fits[1]
scw/1723/172300300010.001/swg.fits[1]
scw/1723/172300300020.001/swg.fits[1]
scw/1723/172300300030.001/swg.fits[1]
scw/1723/172300440010.001/swg.fits[1]
scw/1723/172300450010.001/swg.fits[1]
scw/1723/172300480010.001/swg.fits[1]
scw/1723/172300490010.001/swg.fits[1]
scw/1724/172400140010.001/swg.fits[1]
scw/1724/172400150010.001/swg.fits[1]
scw/1724/172400180010.001/swg.fits[1]
scw/1724/172400190010.001/swg.fits[1]
scw/1724/172400240010.001/swg.fits[1]
scw/1724/172400400010.001/swg.fits[1]
scw/1724/172400410010.001/swg.fits[1]
scw/1724/172400440010.001/swg.fits[1]
scw/1724/172400450010.001/swg.fits[1]
scw/1724/172400500010.001/swg.fits[1]
scw/1728/172800740010.001/swg.fits[1]
scw/1728/172800750010.001/swg.fits[1]
scw/1728/172800780010.001/swg.fits[1]
scw/1728/172800790010.001/swg.fits[1]
scw/1728/172800800010.001/swg.fits[1]
scw/1733/173300150010.001/swg.fits[1]
scw/1733/173300180010.001/swg.fits[1]
scw/1733/173300190010.001/swg.fits[1]
scw/1733/173300240010.001/swg.fits[1]
scw/1733/173300250010.001/swg.fits[1]
scw/1736/173600060010.001/swg.fits[1]
scw/1736/173600100010.001/swg.fits[1]
scw/1736/173600110010.001/swg.fits[1]
scw/1736/173600120010.001/swg.fits[1]
scw/1736/173600160010.001/swg.fits[1]
scw/1781/178100060010.001/swg.fits[1]
scw/1781/178100110010.001/swg.fits[1]
scw/1781/178100120010.001/swg.fits[1]
scw/1781/178100150010.001/swg.fits[1]
scw/1781/178100160010.001/swg.fits[1]
scw/1784/178400040010.001/swg.fits[1]
scw/1784/178400040020.001/swg.fits[1]
scw/1784/178400130010.001/swg.fits[1]
scw/1784/178400140010.001/swg.fits[1]
scw/1784/178400170010.001/swg.fits[1]
scw/1784/178400180010.001/swg.fits[1]
scw/1784/178400320010.001/swg.fits[1]
scw/1784/178400320020.001/swg.fits[1]
scw/1784/178400320030.001/swg.fits[1]
scw/1784/178400410010.001/swg.fits[1]
scw/1784/178400420010.001/swg.fits[1]
scw/1784/178400450010.001/swg.fits[1]
scw/1784/178400460010.001/swg.fits[1]
scw/1785/178500090010.001/swg.fits[1]
scw/1785/178500100010.001/swg.fits[1]
scw/1785/178500130010.001/swg.fits[1]
scw/1785/178500140010.001/swg.fits[1]
scw/1785/178500350010.001/swg.fits[1]
scw/1785/178500360010.001/swg.fits[1]
scw/1785/178500390010.001/swg.fits[1]
scw/1785/178500400010.001/swg.fits[1]
scw/1789/178900770010.001/swg.fits[1]
scw/1789/178900780010.001/swg.fits[1]
scw/1789/178900800010.001/swg.fits[1]
scw/1789/178900810010.001/swg.fits[1]
scw/1789/178900820010.001/swg.fits[1]
scw/1794/179400110010.001/swg.fits[1]
scw/1794/179400120010.001/swg.fits[1]
scw/1794/179400150010.001/swg.fits[1]
scw/1794/179400160010.001/swg.fits[1]
scw/1794/179400220010.001/swg.fits[1]
scw/1801/180100060010.001/swg.fits[1]
scw/1801/180100100010.001/swg.fits[1]
scw/1801/180100110010.001/swg.fits[1]
scw/1801/180100120010.001/swg.fits[1]
scw/1801/180100150010.001/swg.fits[1]
scw/1801/180100160010.001/swg.fits[1]
scw/1850/185000060010.001/swg.fits[1]
scw/1850/185000110010.001/swg.fits[1]
scw/1850/185000120010.001/swg.fits[1]
scw/1850/185000150010.001/swg.fits[1]
scw/1850/185000160010.001/swg.fits[1]
scw/1856/185600160010.001/swg.fits[1]
scw/1856/185600170010.001/swg.fits[1]
scw/1856/185600200010.001/swg.fits[1]
scw/1856/185600210010.001/swg.fits[1]
scw/1856/185600260010.001/swg.fits[1]
scw/1856/185600300010.001/swg.fits[1]
scw/1856/185600300020.001/swg.fits[1]
scw/1856/185600300030.001/swg.fits[1]
scw/1856/185600440010.001/swg.fits[1]
scw/1856/185600450010.001/swg.fits[1]
scw/1856/185600480010.001/swg.fits[1]
scw/1856/185600490010.001/swg.fits[1]
scw/1856/185600540010.001/swg.fits[1]
scw/1857/185700140010.001/swg.fits[1]
scw/1857/185700150010.001/swg.fits[1]
scw/1857/185700180010.001/swg.fits[1]
scw/1857/185700190010.001/swg.fits[1]
scw/1857/185700240010.001/swg.fits[1]
scw/1857/185700400010.001/swg.fits[1]
scw/1857/185700410010.001/swg.fits[1]
scw/1857/185700440010.001/swg.fits[1]
scw/1857/185700450010.001/swg.fits[1]
scw/1857/185700500010.001/swg.fits[1]
scw/1877/187700170010.001/swg.fits[1]
scw/1877/187700180010.001/swg.fits[1]
scw/1877/187700190010.001/swg.fits[1]
scw/1877/187700220010.001/swg.fits[1]
scw/1921/192100180010.001/swg.fits[1]
scw/1921/192100190010.001/swg.fits[1]
scw/1921/192100210010.001/swg.fits[1]
scw/1921/192100220010.001/swg.fits[1]
scw/1921/192100230010.001/swg.fits[1]
scw/1925/192500040010.001/swg.fits[1]
scw/1925/192500090010.001/swg.fits[1]
scw/1925/192500100010.001/swg.fits[1]
scw/1925/192500130010.001/swg.fits[1]
scw/1925/192500140010.001/swg.fits[1]
scw/1927/192700090010.001/swg.fits[1]
scw/1927/192700100010.001/swg.fits[1]
