scw/1285/128500210010.001/swg.fits[1]
scw/1285/128500220010.001/swg.fits[1]
scw/1285/128500510010.001/swg.fits[1]
scw/1285/128500520010.001/swg.fits[1]
scw/1285/128500560010.001/swg.fits[1]
scw/1285/128500570010.001/swg.fits[1]
scw/1285/128500860010.001/swg.fits[1]
scw/1285/128500870010.001/swg.fits[1]
scw/1286/128600020010.001/swg.fits[1]
scw/1286/128600030010.001/swg.fits[1]
scw/1286/128600320010.001/swg.fits[1]
scw/1286/128600330010.001/swg.fits[1]
scw/1286/128600370010.001/swg.fits[1]
scw/1286/128600380010.001/swg.fits[1]
scw/1286/128600670010.001/swg.fits[1]
scw/1286/128600680010.001/swg.fits[1]
scw/1287/128700050010.001/swg.fits[1]
scw/1287/128700060010.001/swg.fits[1]
scw/1287/128700350010.001/swg.fits[1]
scw/1287/128700360010.001/swg.fits[1]
scw/1287/128700400010.001/swg.fits[1]
scw/1287/128700410010.001/swg.fits[1]
scw/1287/128700700010.001/swg.fits[1]
scw/1287/128700710010.001/swg.fits[1]
scw/1288/128800320010.001/swg.fits[1]
scw/1288/128800330010.001/swg.fits[1]
scw/1288/128800620010.001/swg.fits[1]
scw/1288/128800630010.001/swg.fits[1]
scw/1288/128800670010.001/swg.fits[1]
scw/1288/128800680010.001/swg.fits[1]
scw/1288/128800970010.001/swg.fits[1]
scw/1288/128800980010.001/swg.fits[1]
scw/1289/128900020010.001/swg.fits[1]
scw/1289/128900030010.001/swg.fits[1]
scw/1289/128900320010.001/swg.fits[1]
scw/1289/128900330010.001/swg.fits[1]
scw/1289/128900370010.001/swg.fits[1]
scw/1289/128900380010.001/swg.fits[1]
scw/1289/128900670010.001/swg.fits[1]
scw/1289/128900680010.001/swg.fits[1]
scw/1290/129000310010.001/swg.fits[1]
scw/1290/129000320010.001/swg.fits[1]
scw/1290/129000610010.001/swg.fits[1]
scw/1290/129000620010.001/swg.fits[1]
scw/1290/129000660010.001/swg.fits[1]
scw/1290/129000670010.001/swg.fits[1]
scw/1290/129000960010.001/swg.fits[1]
scw/1290/129000970010.001/swg.fits[1]
scw/1294/129400420010.001/swg.fits[1]
scw/1294/129400430010.001/swg.fits[1]
scw/1294/129400720010.001/swg.fits[1]
scw/1294/129400730010.001/swg.fits[1]
scw/1295/129500030010.001/swg.fits[1]
scw/1295/129500040010.001/swg.fits[1]
scw/1296/129600030010.001/swg.fits[1]
scw/1296/129600040010.001/swg.fits[1]
scw/1296/129600330010.001/swg.fits[1]
scw/1296/129600340010.001/swg.fits[1]
scw/1296/129600380010.001/swg.fits[1]
scw/1296/129600390010.001/swg.fits[1]
scw/1296/129600680010.001/swg.fits[1]
scw/1296/129600690010.001/swg.fits[1]
scw/1297/129700050010.001/swg.fits[1]
scw/1297/129700060010.001/swg.fits[1]
scw/1297/129700350010.001/swg.fits[1]
scw/1297/129700360010.001/swg.fits[1]
scw/1297/129700400010.001/swg.fits[1]
scw/1297/129700410010.001/swg.fits[1]
scw/1297/129700700010.001/swg.fits[1]
scw/1297/129700710010.001/swg.fits[1]
scw/1298/129800110010.001/swg.fits[1]
scw/1298/129800120010.001/swg.fits[1]
scw/1298/129800410010.001/swg.fits[1]
scw/1298/129800420010.001/swg.fits[1]
scw/1298/129800460010.001/swg.fits[1]
scw/1298/129800470010.001/swg.fits[1]
scw/1298/129800760010.001/swg.fits[1]
scw/1298/129800770010.001/swg.fits[1]
scw/1350/135000210010.001/swg.fits[1]
scw/1350/135000220010.001/swg.fits[1]
scw/1350/135000230010.001/swg.fits[1]
scw/1350/135000260010.001/swg.fits[1]
scw/1350/135000500010.001/swg.fits[1]
scw/1350/135000510010.001/swg.fits[1]
scw/1350/135000520010.001/swg.fits[1]
scw/1350/135000530010.001/swg.fits[1]
scw/1351/135100510010.001/swg.fits[1]
scw/1351/135100520010.001/swg.fits[1]
scw/1351/135100530010.001/swg.fits[1]
scw/1351/135100560010.001/swg.fits[1]
scw/1351/135100800010.001/swg.fits[1]
scw/1351/135100810010.001/swg.fits[1]
scw/1351/135100820010.001/swg.fits[1]
scw/1351/135100830010.001/swg.fits[1]
scw/1352/135200160010.001/swg.fits[1]
scw/1352/135200170010.001/swg.fits[1]
scw/1352/135200180010.001/swg.fits[1]
scw/1352/135200210010.001/swg.fits[1]
scw/1352/135200450010.001/swg.fits[1]
scw/1352/135200460010.001/swg.fits[1]
scw/1352/135200470010.001/swg.fits[1]
scw/1352/135200480010.001/swg.fits[1]
scw/1353/135300020010.001/swg.fits[1]
scw/1353/135300030010.001/swg.fits[1]
scw/1353/135300040010.001/swg.fits[1]
scw/1353/135300070010.001/swg.fits[1]
scw/1353/135300320010.001/swg.fits[1]
scw/1353/135300330010.001/swg.fits[1]
scw/1353/135300340010.001/swg.fits[1]
scw/1353/135300370010.001/swg.fits[1]
scw/1353/135300380010.001/swg.fits[1]
scw/1353/135300390010.001/swg.fits[1]
scw/1353/135300420010.001/swg.fits[1]
scw/1353/135300660010.001/swg.fits[1]
scw/1353/135300670010.001/swg.fits[1]
scw/1353/135300680010.001/swg.fits[1]
scw/1353/135300690010.001/swg.fits[1]
scw/1354/135400570010.001/swg.fits[1]
scw/1354/135400580010.001/swg.fits[1]
scw/1354/135400590010.001/swg.fits[1]
scw/1354/135400620010.001/swg.fits[1]
scw/1354/135400860010.001/swg.fits[1]
scw/1354/135400870010.001/swg.fits[1]
scw/1354/135400880010.001/swg.fits[1]
scw/1354/135400890010.001/swg.fits[1]
scw/1355/135500040010.001/swg.fits[1]
scw/1355/135500050010.001/swg.fits[1]
scw/1355/135500060010.001/swg.fits[1]
scw/1355/135500090010.001/swg.fits[1]
scw/1355/135500330010.001/swg.fits[1]
scw/1355/135500340010.001/swg.fits[1]
scw/1355/135500350010.001/swg.fits[1]
scw/1355/135500360010.001/swg.fits[1]
scw/1355/135500390010.001/swg.fits[1]
scw/1355/135500400010.001/swg.fits[1]
scw/1355/135500410010.001/swg.fits[1]
scw/1355/135500440010.001/swg.fits[1]
scw/1355/135500680010.001/swg.fits[1]
scw/1355/135500690010.001/swg.fits[1]
scw/1355/135500700010.001/swg.fits[1]
scw/1355/135500710010.001/swg.fits[1]
scw/1356/135600040010.001/swg.fits[1]
scw/1356/135600050010.001/swg.fits[1]
scw/1356/135600060010.001/swg.fits[1]
scw/1356/135600090010.001/swg.fits[1]
scw/1356/135600330010.001/swg.fits[1]
scw/1356/135600340010.001/swg.fits[1]
scw/1356/135600350010.001/swg.fits[1]
scw/1356/135600360010.001/swg.fits[1]
scw/1356/135600390010.001/swg.fits[1]
scw/1356/135600400010.001/swg.fits[1]
scw/1356/135600410010.001/swg.fits[1]
scw/1356/135600440010.001/swg.fits[1]
scw/1356/135600680010.001/swg.fits[1]
scw/1356/135600690010.001/swg.fits[1]
scw/1356/135600700010.001/swg.fits[1]
scw/1356/135600710010.001/swg.fits[1]
scw/1477/147700260010.001/swg.fits[1]
scw/1477/147700270010.001/swg.fits[1]
scw/1477/147700510010.001/swg.fits[1]
scw/1478/147800740010.001/swg.fits[1]
scw/1478/147800990010.001/swg.fits[1]
scw/1479/147900010010.001/swg.fits[1]
scw/1479/147900250010.001/swg.fits[1]
