scw/0714/071400230010.001/swg.fits[1]
scw/0714/071400260010.001/swg.fits[1]
scw/0714/071400270010.001/swg.fits[1]
scw/0714/071400420010.001/swg.fits[1]
scw/0714/071400430010.001/swg.fits[1]
scw/0714/071400460010.001/swg.fits[1]
scw/0746/074600330010.001/swg.fits[1]
scw/0746/074600380010.001/swg.fits[1]
scw/0746/074600390010.001/swg.fits[1]
scw/0754/075400430010.001/swg.fits[1]
scw/0754/075400440010.001/swg.fits[1]
scw/0755/075500390010.001/swg.fits[1]
scw/0755/075500400010.001/swg.fits[1]
scw/0756/075600380010.001/swg.fits[1]
scw/0756/075600440010.001/swg.fits[1]
scw/0756/075600450010.001/swg.fits[1]
scw/0757/075700140010.001/swg.fits[1]
scw/0757/075700150010.001/swg.fits[1]
scw/0757/075700290010.001/swg.fits[1]
scw/0757/075700300010.001/swg.fits[1]
scw/0757/075700430010.001/swg.fits[1]
scw/0757/075700440010.001/swg.fits[1]
scw/0757/075700450010.001/swg.fits[1]
scw/0757/075700470010.001/swg.fits[1]
scw/0757/075700490010.001/swg.fits[1]
scw/0757/075700500010.001/swg.fits[1]
