scw/1738/173800690010.001/swg.fits[1]
scw/1738/173800700010.001/swg.fits[1]
scw/1738/173800710010.001/swg.fits[1]
scw/1739/173900260010.001/swg.fits[1]
scw/1739/173900320010.001/swg.fits[1]
scw/1739/173900330010.001/swg.fits[1]
scw/1739/173900340010.001/swg.fits[1]
scw/1740/174000190010.001/swg.fits[1]
scw/1740/174000230010.001/swg.fits[1]
scw/1740/174000240010.001/swg.fits[1]
scw/1740/174000250010.001/swg.fits[1]
scw/1783/178300100010.001/swg.fits[1]
scw/1783/178300110010.001/swg.fits[1]
scw/1783/178300120010.001/swg.fits[1]
scw/1783/178300180010.001/swg.fits[1]
scw/1783/178300280010.001/swg.fits[1]
scw/1783/178300290010.001/swg.fits[1]
scw/1787/178700740010.001/swg.fits[1]
scw/1787/178700750010.001/swg.fits[1]
scw/1787/178700760010.001/swg.fits[1]
scw/1787/178700780010.001/swg.fits[1]
scw/1789/178900030010.001/swg.fits[1]
scw/1789/178900040010.001/swg.fits[1]
scw/1789/178900050010.001/swg.fits[1]
scw/1789/178900080010.001/swg.fits[1]
scw/1789/178900090010.001/swg.fits[1]
scw/1791/179100390010.001/swg.fits[1]
scw/1792/179200110010.001/swg.fits[1]
scw/1792/179200400010.001/swg.fits[1]
scw/1793/179300620010.001/swg.fits[1]
scw/1796/179600450010.001/swg.fits[1]
scw/1796/179600460010.001/swg.fits[1]
scw/1796/179600470010.001/swg.fits[1]
scw/1796/179600520010.001/swg.fits[1]
scw/1796/179600530010.001/swg.fits[1]
scw/1798/179800190010.001/swg.fits[1]
scw/1798/179800200010.001/swg.fits[1]
scw/1798/179800220010.001/swg.fits[1]
scw/1800/180000100010.001/swg.fits[1]
scw/1800/180000360010.001/swg.fits[1]
scw/1800/180000370010.001/swg.fits[1]
scw/1800/180000430010.001/swg.fits[1]
scw/1802/180200110010.001/swg.fits[1]
scw/1803/180300050010.001/swg.fits[1]
scw/1858/185800220010.001/swg.fits[1]
scw/1858/185800280010.001/swg.fits[1]
scw/1858/185800290010.001/swg.fits[1]
scw/1858/185800320010.001/swg.fits[1]
scw/1858/185800330010.001/swg.fits[1]
scw/1858/185800620010.001/swg.fits[1]
scw/1858/185800640010.001/swg.fits[1]
scw/1859/185900330010.001/swg.fits[1]
scw/1859/185900340010.001/swg.fits[1]
scw/1859/185900560010.001/swg.fits[1]
scw/1859/185900570010.001/swg.fits[1]
scw/1859/185900630010.001/swg.fits[1]
scw/1871/187100220010.001/swg.fits[1]
scw/1872/187200260010.001/swg.fits[1]
scw/1872/187200270010.001/swg.fits[1]
scw/1872/187200300010.001/swg.fits[1]
scw/1872/187200310010.001/swg.fits[1]
scw/1875/187500050010.001/swg.fits[1]
scw/1875/187500110010.001/swg.fits[1]
scw/1875/187500120010.001/swg.fits[1]
scw/1876/187600340010.001/swg.fits[1]
scw/1876/187600520010.001/swg.fits[1]
scw/1876/187600590010.001/swg.fits[1]
scw/1876/187600600010.001/swg.fits[1]
scw/1876/187600620010.001/swg.fits[1]
scw/1876/187600630010.001/swg.fits[1]
scw/1919/191900350010.001/swg.fits[1]
scw/1919/191900360010.001/swg.fits[1]
scw/1919/191900370010.001/swg.fits[1]
scw/1919/191900430010.001/swg.fits[1]
scw/1920/192000190010.001/swg.fits[1]
scw/1920/192000200010.001/swg.fits[1]
scw/1920/192000210010.001/swg.fits[1]
scw/1920/192000230010.001/swg.fits[1]
scw/1920/192000240010.001/swg.fits[1]
scw/1920/192000400010.001/swg.fits[1]
scw/1926/192600560010.001/swg.fits[1]
scw/1926/192600570010.001/swg.fits[1]
scw/1926/192600580010.001/swg.fits[1]
scw/1926/192600600010.001/swg.fits[1]
scw/1929/192900380010.001/swg.fits[1]
scw/1929/192900390010.001/swg.fits[1]
scw/1929/192900400010.001/swg.fits[1]
scw/1929/192900410010.001/swg.fits[1]
scw/1929/192900450010.001/swg.fits[1]
scw/1929/192900460010.001/swg.fits[1]
scw/1929/192900750010.001/swg.fits[1]
scw/1929/192900760010.001/swg.fits[1]
scw/1939/193900410010.001/swg.fits[1]
scw/1939/193900440010.001/swg.fits[1]
scw/1939/193900450010.001/swg.fits[1]
scw/1939/193900460010.001/swg.fits[1]
scw/1939/193900510010.001/swg.fits[1]
scw/1939/193900520010.001/swg.fits[1]
scw/1940/194000790010.001/swg.fits[1]
scw/1942/194200370010.001/swg.fits[1]
scw/1989/198900040010.001/swg.fits[1]
scw/1989/198900050010.001/swg.fits[1]
scw/1989/198900090010.001/swg.fits[1]
scw/1989/198900110010.001/swg.fits[1]
scw/1989/198900120010.001/swg.fits[1]
scw/1989/198900130010.001/swg.fits[1]
scw/1989/198900190010.001/swg.fits[1]
scw/1989/198900230010.001/swg.fits[1]
scw/1989/198900240010.001/swg.fits[1]
scw/1989/198900250010.001/swg.fits[1]
scw/1989/198900260010.001/swg.fits[1]
scw/1989/198900310010.001/swg.fits[1]
scw/1989/198900320010.001/swg.fits[1]
scw/1989/198900330010.001/swg.fits[1]
scw/1989/198900390010.001/swg.fits[1]
scw/1989/198900400010.001/swg.fits[1]
scw/1989/198900460010.001/swg.fits[1]
scw/1989/198900470010.001/swg.fits[1]
scw/1992/199200140010.001/swg.fits[1]
scw/1992/199200150010.001/swg.fits[1]
scw/1992/199200210010.001/swg.fits[1]
scw/1992/199200220010.001/swg.fits[1]
scw/1992/199200260010.001/swg.fits[1]
scw/1992/199200280010.001/swg.fits[1]
scw/1992/199200290010.001/swg.fits[1]
scw/1992/199200330010.001/swg.fits[1]
scw/1992/199200340010.001/swg.fits[1]
scw/1992/199200350010.001/swg.fits[1]
scw/1992/199200360010.001/swg.fits[1]
scw/1992/199200410010.001/swg.fits[1]
scw/1992/199200420010.001/swg.fits[1]
scw/1992/199200430010.001/swg.fits[1]
scw/1992/199200490010.001/swg.fits[1]
scw/1992/199200560010.001/swg.fits[1]
scw/1992/199200560020.001/swg.fits[1]
scw/1995/199500400010.001/swg.fits[1]
scw/1995/199500420010.001/swg.fits[1]
scw/1995/199500430010.001/swg.fits[1]
scw/1995/199500440010.001/swg.fits[1]
scw/1995/199500500010.001/swg.fits[1]
scw/1998/199800120010.001/swg.fits[1]
scw/1998/199800130010.001/swg.fits[1]
scw/1998/199800160010.001/swg.fits[1]
scw/1998/199800170010.001/swg.fits[1]
scw/1998/199800230010.001/swg.fits[1]
scw/1998/199800420010.001/swg.fits[1]
scw/1998/199800420020.001/swg.fits[1]
scw/2001/200100330010.001/swg.fits[1]
scw/2001/200100340010.001/swg.fits[1]
scw/2001/200100400010.001/swg.fits[1]
scw/2001/200100460010.001/swg.fits[1]
scw/2001/200100470010.001/swg.fits[1]
scw/2001/200100480010.001/swg.fits[1]
scw/2001/200100500010.001/swg.fits[1]
scw/2001/200100510010.001/swg.fits[1]
scw/2002/200200260010.001/swg.fits[1]
scw/2002/200200330010.001/swg.fits[1]
scw/2002/200200340010.001/swg.fits[1]
scw/2003/200300270010.001/swg.fits[1]
scw/2003/200300300010.001/swg.fits[1]
scw/2003/200300310010.001/swg.fits[1]
scw/2003/200300640010.001/swg.fits[1]
scw/2004/200400030010.001/swg.fits[1]
scw/2004/200400340010.001/swg.fits[1]
scw/2004/200400360010.001/swg.fits[1]
scw/2005/200500260010.001/swg.fits[1]
scw/2005/200500920010.001/swg.fits[1]
scw/2006/200600020010.001/swg.fits[1]
scw/2006/200600030010.001/swg.fits[1]
scw/2006/200600040010.001/swg.fits[1]
scw/2006/200600100010.001/swg.fits[1]
scw/2008/200800120010.001/swg.fits[1]
scw/2008/200800160010.001/swg.fits[1]
scw/2008/200800170010.001/swg.fits[1]
scw/2008/200800180010.001/swg.fits[1]
scw/2008/200800220010.001/swg.fits[1]
scw/2008/200800230010.001/swg.fits[1]
scw/2009/200900240010.001/swg.fits[1]
scw/2009/200900250010.001/swg.fits[1]
scw/2009/200900930010.001/swg.fits[1]
scw/2012/201200780010.001/swg.fits[1]
scw/2012/201200790010.001/swg.fits[1]
scw/2012/201200820010.001/swg.fits[1]
scw/2012/201200830010.001/swg.fits[1]
scw/2013/201300180010.001/swg.fits[1]
scw/2013/201300190010.001/swg.fits[1]
scw/2013/201300220010.001/swg.fits[1]
scw/2013/201300230010.001/swg.fits[1]
scw/2013/201300440010.001/swg.fits[1]
scw/2014/201400200010.001/swg.fits[1]
scw/2014/201400210010.001/swg.fits[1]
scw/2014/201400250010.001/swg.fits[1]
scw/2014/201400260010.001/swg.fits[1]
scw/2014/201400270010.001/swg.fits[1]
scw/2014/201400300010.001/swg.fits[1]
scw/2014/201400310010.001/swg.fits[1]
scw/2015/201500260010.001/swg.fits[1]
scw/2015/201500270010.001/swg.fits[1]
scw/2015/201500310010.001/swg.fits[1]
scw/2015/201500320010.001/swg.fits[1]
scw/2015/201500330010.001/swg.fits[1]
scw/2016/201600030010.001/swg.fits[1]
scw/2016/201600040010.001/swg.fits[1]
scw/2016/201600050010.001/swg.fits[1]
scw/2016/201600090010.001/swg.fits[1]
scw/2016/201600100010.001/swg.fits[1]
scw/2056/205600100010.001/swg.fits[1]
scw/2056/205600110010.001/swg.fits[1]
scw/2056/205600120010.001/swg.fits[1]
scw/2056/205600180010.001/swg.fits[1]
scw/2056/205600360010.001/swg.fits[1]
scw/2056/205600370010.001/swg.fits[1]
scw/2056/205600380010.001/swg.fits[1]
scw/2056/205600440010.001/swg.fits[1]
scw/2057/205700520010.001/swg.fits[1]
scw/2057/205700530010.001/swg.fits[1]
scw/2057/205700560010.001/swg.fits[1]
scw/2057/205700570010.001/swg.fits[1]
scw/2065/206500400010.001/swg.fits[1]
