scw/0208/020800540010.001/swg.fits[1]
scw/0208/020800550010.001/swg.fits[1]
scw/0209/020900350010.001/swg.fits[1]
scw/0209/020900360010.001/swg.fits[1]
scw/0209/020900440010.001/swg.fits[1]
scw/0209/020900450010.001/swg.fits[1]
scw/0338/033800190010.001/swg.fits[1]
scw/0338/033800280010.001/swg.fits[1]
scw/0338/033800290010.001/swg.fits[1]
scw/0342/034200480010.001/swg.fits[1]
scw/0342/034200490010.001/swg.fits[1]
scw/0342/034200580010.001/swg.fits[1]
scw/0342/034200590010.001/swg.fits[1]
scw/0456/045600240010.001/swg.fits[1]
scw/0456/045600330010.001/swg.fits[1]
scw/0456/045600340010.001/swg.fits[1]
scw/0457/045700320010.001/swg.fits[1]
scw/0457/045700330010.001/swg.fits[1]
scw/0457/045700420010.001/swg.fits[1]
scw/0457/045700430010.001/swg.fits[1]
scw/0570/057000370010.001/swg.fits[1]
scw/0570/057000380010.001/swg.fits[1]
scw/0571/057100280010.001/swg.fits[1]
scw/0695/069500240010.001/swg.fits[1]
scw/0695/069500330010.001/swg.fits[1]
scw/0695/069500340010.001/swg.fits[1]
scw/0696/069600180010.001/swg.fits[1]
scw/0696/069600270010.001/swg.fits[1]
scw/0696/069600280010.001/swg.fits[1]
scw/0696/069600370010.001/swg.fits[1]
scw/0696/069600380010.001/swg.fits[1]
scw/0698/069800210010.001/swg.fits[1]
scw/0698/069800220010.001/swg.fits[1]
scw/0699/069900220010.001/swg.fits[1]
scw/0699/069900320010.001/swg.fits[1]
scw/0700/070000350010.001/swg.fits[1]
scw/0701/070100060010.001/swg.fits[1]
scw/1851/185100370010.001/swg.fits[1]
scw/1851/185100380010.001/swg.fits[1]
scw/1851/185100400010.001/swg.fits[1]
scw/1851/185100430010.001/swg.fits[1]
scw/1964/196400420010.001/swg.fits[1]
scw/2035/203500570010.001/swg.fits[1]
