scw/0056/005600890010.001/swg.fits[1]
scw/0056/005600900010.001/swg.fits[1]
scw/0116/011601070010.001/swg.fits[1]
scw/0116/011601080010.001/swg.fits[1]
scw/0121/012100180010.001/swg.fits[1]
scw/0121/012100190010.001/swg.fits[1]
scw/0121/012100200010.001/swg.fits[1]
scw/0121/012100210010.001/swg.fits[1]
scw/0183/018300730010.001/swg.fits[1]
scw/0183/018300890010.001/swg.fits[1]
scw/0183/018300900010.001/swg.fits[1]
scw/0185/018500750010.001/swg.fits[1]
scw/0185/018500760010.001/swg.fits[1]
scw/0185/018500910010.001/swg.fits[1]
scw/0185/018500920010.001/swg.fits[1]
scw/0186/018600590010.001/swg.fits[1]
scw/0186/018600600010.001/swg.fits[1]
scw/0186/018600760010.001/swg.fits[1]
scw/0244/024400310010.001/swg.fits[1]
scw/0244/024400320010.001/swg.fits[1]
scw/0244/024400470010.001/swg.fits[1]
scw/0244/024400480010.001/swg.fits[1]
scw/2283/228300040010.001/swg.fits[1]
scw/2283/228300050010.001/swg.fits[1]
scw/2283/228300060010.001/swg.fits[1]
scw/2283/228300070010.001/swg.fits[1]
scw/2283/228300080010.001/swg.fits[1]
scw/2342/234200150010.001/swg.fits[1]
scw/2342/234200160010.001/swg.fits[1]
scw/2361/236100330010.001/swg.fits[1]
scw/2361/236100350010.001/swg.fits[1]
scw/2361/236100360010.001/swg.fits[1]
scw/2361/236100370010.001/swg.fits[1]
scw/2361/236100430010.001/swg.fits[1]
