scw/1274/127400530010.001/swg.fits[1]
scw/1274/127400540010.001/swg.fits[1]
scw/1274/127400680010.001/swg.fits[1]
scw/1274/127400700010.001/swg.fits[1]
scw/1274/127400710010.001/swg.fits[1]
scw/1274/127400720010.001/swg.fits[1]
scw/1274/127400780010.001/swg.fits[1]
scw/1330/133000460010.001/swg.fits[1]
scw/1331/133100040010.001/swg.fits[1]
scw/1331/133100050010.001/swg.fits[1]
scw/1331/133100060010.001/swg.fits[1]
scw/1332/133200450010.001/swg.fits[1]
scw/1332/133200460010.001/swg.fits[1]
scw/1332/133200470010.001/swg.fits[1]
scw/1335/133500040010.001/swg.fits[1]
scw/1335/133500050010.001/swg.fits[1]
scw/1335/133500060010.001/swg.fits[1]
scw/1335/133500070010.001/swg.fits[1]
scw/1336/133600040010.001/swg.fits[1]
scw/1336/133600050010.001/swg.fits[1]
scw/1336/133600060010.001/swg.fits[1]
scw/1336/133600070010.001/swg.fits[1]
scw/1343/134300020010.001/swg.fits[1]
scw/1343/134300030010.001/swg.fits[1]
scw/1346/134600030010.001/swg.fits[1]
scw/1384/138400650010.001/swg.fits[1]
scw/1384/138400690010.001/swg.fits[1]
scw/1384/138400700010.001/swg.fits[1]
scw/1384/138400710010.001/swg.fits[1]
scw/1386/138600370010.001/swg.fits[1]
scw/1386/138600410010.001/swg.fits[1]
scw/1386/138600420010.001/swg.fits[1]
scw/1389/138900510010.001/swg.fits[1]
scw/1389/138900550010.001/swg.fits[1]
scw/1389/138900560010.001/swg.fits[1]
scw/1389/138900570010.001/swg.fits[1]
scw/1392/139200430010.001/swg.fits[1]
scw/1392/139200470010.001/swg.fits[1]
scw/1392/139200480010.001/swg.fits[1]
scw/1395/139500870010.001/swg.fits[1]
scw/1395/139500910010.001/swg.fits[1]
scw/1395/139500920010.001/swg.fits[1]
scw/1401/140100220010.001/swg.fits[1]
scw/1458/145800050010.001/swg.fits[1]
scw/1458/145800060010.001/swg.fits[1]
scw/1458/145800070010.001/swg.fits[1]
scw/1458/145800110010.001/swg.fits[1]
scw/1460/146000200010.001/swg.fits[1]
scw/1460/146000210010.001/swg.fits[1]
scw/1460/146000260010.001/swg.fits[1]
scw/1464/146401090010.001/swg.fits[1]
scw/1464/146401100010.001/swg.fits[1]
scw/1508/150800710010.001/swg.fits[1]
scw/1509/150900800010.001/swg.fits[1]
scw/1509/150900840010.001/swg.fits[1]
scw/1509/150900850010.001/swg.fits[1]
scw/1509/150900860010.001/swg.fits[1]
scw/1510/151000170010.001/swg.fits[1]
scw/1510/151000210010.001/swg.fits[1]
scw/1510/151000220010.001/swg.fits[1]
scw/1512/151200130010.001/swg.fits[1]
scw/1514/151400620010.001/swg.fits[1]
scw/1514/151400660010.001/swg.fits[1]
scw/1514/151400670010.001/swg.fits[1]
scw/1587/158700460010.001/swg.fits[1]
scw/1589/158900700010.001/swg.fits[1]
scw/1589/158900710010.001/swg.fits[1]
scw/1590/159000030010.001/swg.fits[1]
scw/1591/159100710010.001/swg.fits[1]
scw/1603/160300110010.001/swg.fits[1]
scw/1603/160300180010.001/swg.fits[1]
scw/1709/170900270010.001/swg.fits[1]
scw/1709/170900280010.001/swg.fits[1]
scw/1709/170900570010.001/swg.fits[1]
scw/1709/170900580010.001/swg.fits[1]
scw/1709/170900660010.001/swg.fits[1]
scw/1710/171000010010.001/swg.fits[1]
scw/1710/171000070010.001/swg.fits[1]
scw/1710/171000080010.001/swg.fits[1]
scw/1710/171000520010.001/swg.fits[1]
scw/1710/171000530010.001/swg.fits[1]
scw/1710/171000610010.001/swg.fits[1]
scw/1711/171100450010.001/swg.fits[1]
scw/1711/171100460010.001/swg.fits[1]
scw/1711/171100540010.001/swg.fits[1]
scw/1712/171200450010.001/swg.fits[1]
scw/1712/171200460010.001/swg.fits[1]
scw/1712/171200540010.001/swg.fits[1]
scw/1713/171300500010.001/swg.fits[1]
scw/1713/171300510010.001/swg.fits[1]
scw/1713/171300590010.001/swg.fits[1]
scw/1713/171300660010.001/swg.fits[1]
scw/1713/171300720010.001/swg.fits[1]
scw/1713/171300730010.001/swg.fits[1]
scw/1713/171300810010.001/swg.fits[1]
scw/1713/171300870010.001/swg.fits[1]
scw/1713/171300880010.001/swg.fits[1]
scw/1783/178300590010.001/swg.fits[1]
scw/1783/178300610010.001/swg.fits[1]
scw/1783/178300650010.001/swg.fits[1]
scw/1783/178300660010.001/swg.fits[1]
scw/1789/178900360010.001/swg.fits[1]
scw/1789/178900400010.001/swg.fits[1]
scw/1789/178900410010.001/swg.fits[1]
scw/1848/184800450010.001/swg.fits[1]
scw/1848/184800460010.001/swg.fits[1]
scw/1848/184800540010.001/swg.fits[1]
scw/1848/184800610010.001/swg.fits[1]
scw/1848/184800670010.001/swg.fits[1]
scw/1848/184800680010.001/swg.fits[1]
scw/1849/184900530010.001/swg.fits[1]
scw/1849/184900540010.001/swg.fits[1]
scw/1849/184900620010.001/swg.fits[1]
scw/1849/184900690010.001/swg.fits[1]
scw/1850/185000830010.001/swg.fits[1]
scw/1850/185000840010.001/swg.fits[1]
scw/1914/191400020010.001/swg.fits[1]
scw/1914/191400060010.001/swg.fits[1]
scw/1914/191400070010.001/swg.fits[1]
scw/1914/191400160010.001/swg.fits[1]
scw/1916/191600790010.001/swg.fits[1]
scw/1916/191600830010.001/swg.fits[1]
scw/1916/191600840010.001/swg.fits[1]
scw/1917/191700190010.001/swg.fits[1]
scw/1917/191700200010.001/swg.fits[1]
scw/1917/191700260010.001/swg.fits[1]
scw/1918/191800030010.001/swg.fits[1]
scw/1922/192200060010.001/swg.fits[1]
scw/1922/192200070010.001/swg.fits[1]
scw/1922/192200100010.001/swg.fits[1]
scw/1922/192200110010.001/swg.fits[1]
scw/1922/192200160010.001/swg.fits[1]
scw/1922/192200400010.001/swg.fits[1]
scw/1922/192200460010.001/swg.fits[1]
scw/1922/192200470010.001/swg.fits[1]
scw/1922/192200480010.001/swg.fits[1]
scw/1922/192200500010.001/swg.fits[1]
scw/1922/192200510010.001/swg.fits[1]
scw/1929/192900060010.001/swg.fits[1]
scw/1929/192900070010.001/swg.fits[1]
scw/1929/192900100010.001/swg.fits[1]
scw/1929/192900110010.001/swg.fits[1]
scw/1929/192900120010.001/swg.fits[1]
scw/1929/192900160010.001/swg.fits[1]
scw/1935/193500220010.001/swg.fits[1]
scw/1935/193500230010.001/swg.fits[1]
scw/1935/193500260010.001/swg.fits[1]
scw/1935/193500270010.001/swg.fits[1]
scw/1935/193500280010.001/swg.fits[1]
scw/1935/193500320010.001/swg.fits[1]
scw/1935/193500620010.001/swg.fits[1]
scw/1935/193500630010.001/swg.fits[1]
scw/1935/193500660010.001/swg.fits[1]
scw/1935/193500670010.001/swg.fits[1]
scw/1937/193700170010.001/swg.fits[1]
scw/1937/193700250010.001/swg.fits[1]
scw/1937/193700260010.001/swg.fits[1]
scw/1984/198400050010.001/swg.fits[1]
scw/1984/198400110010.001/swg.fits[1]
scw/1984/198400120010.001/swg.fits[1]
scw/2128/212800020010.001/swg.fits[1]
scw/2128/212800110010.001/swg.fits[1]
scw/2128/212800120010.001/swg.fits[1]
scw/2140/214000100010.001/swg.fits[1]
scw/2141/214100390010.001/swg.fits[1]
scw/2142/214200250010.001/swg.fits[1]
scw/2142/214200330010.001/swg.fits[1]
scw/2142/214200340010.001/swg.fits[1]
scw/2144/214400240010.001/swg.fits[1]
scw/2192/219200350010.001/swg.fits[1]
scw/2192/219200410010.001/swg.fits[1]
scw/2192/219200420010.001/swg.fits[1]
scw/2193/219300640010.001/swg.fits[1]
scw/2193/219300850010.001/swg.fits[1]
scw/2193/219300860010.001/swg.fits[1]
scw/2193/219300870010.001/swg.fits[1]
scw/2193/219300950010.001/swg.fits[1]
scw/2194/219400020010.001/swg.fits[1]
scw/2194/219400060010.001/swg.fits[1]
scw/2194/219400070010.001/swg.fits[1]
scw/2206/220600020010.001/swg.fits[1]
scw/2206/220600030010.001/swg.fits[1]
scw/2206/220600070010.001/swg.fits[1]
scw/2206/220600080010.001/swg.fits[1]
scw/2206/220600180010.001/swg.fits[1]
scw/2206/220600220010.001/swg.fits[1]
scw/2206/220600230010.001/swg.fits[1]
scw/2261/226100320010.001/swg.fits[1]
scw/2333/233300250010.001/swg.fits[1]
scw/2333/233300270010.001/swg.fits[1]
scw/2333/233300280010.001/swg.fits[1]
scw/2333/233300290010.001/swg.fits[1]
scw/2333/233300350010.001/swg.fits[1]
scw/2333/233300360010.001/swg.fits[1]
scw/2344/234400770010.001/swg.fits[1]
