scw/0099/009900320010.001/swg.fits[1]
scw/0152/015200750010.001/swg.fits[1]
scw/0152/015200760010.001/swg.fits[1]
scw/0152/015200800010.001/swg.fits[1]
scw/0152/015200810010.001/swg.fits[1]
scw/2183/218300300010.001/swg.fits[1]
scw/2183/218300310010.001/swg.fits[1]
scw/2183/218300370010.001/swg.fits[1]
scw/2183/218300380010.001/swg.fits[1]
scw/2183/218300390010.001/swg.fits[1]
scw/2183/218300410010.001/swg.fits[1]
scw/2183/218300420010.001/swg.fits[1]
scw/2183/218300470010.001/swg.fits[1]
scw/2183/218300480010.001/swg.fits[1]
scw/2184/218400340010.001/swg.fits[1]
scw/2184/218400350010.001/swg.fits[1]
scw/2184/218400360010.001/swg.fits[1]
scw/2184/218400380010.001/swg.fits[1]
scw/2184/218400390010.001/swg.fits[1]
scw/2184/218400450010.001/swg.fits[1]
scw/2185/218500260010.001/swg.fits[1]
scw/2185/218500270010.001/swg.fits[1]
scw/2185/218500340010.001/swg.fits[1]
scw/2185/218500350010.001/swg.fits[1]
scw/2185/218500360010.001/swg.fits[1]
scw/2185/218500370010.001/swg.fits[1]
scw/2185/218500380010.001/swg.fits[1]
scw/2185/218500440010.001/swg.fits[1]
scw/2186/218600260010.001/swg.fits[1]
scw/2186/218600340010.001/swg.fits[1]
scw/2186/218600350010.001/swg.fits[1]
scw/2186/218600360010.001/swg.fits[1]
scw/2186/218600370010.001/swg.fits[1]
scw/2186/218600430010.001/swg.fits[1]
scw/2186/218600440010.001/swg.fits[1]
scw/2186/218600450010.001/swg.fits[1]
scw/2250/225000280010.001/swg.fits[1]
scw/2250/225000290010.001/swg.fits[1]
scw/2250/225000310010.001/swg.fits[1]
scw/2250/225000320010.001/swg.fits[1]
scw/2250/225000330010.001/swg.fits[1]
scw/2250/225000380010.001/swg.fits[1]
scw/2250/225000390010.001/swg.fits[1]
scw/2251/225100240010.001/swg.fits[1]
scw/2291/229100390010.001/swg.fits[1]
scw/2291/229100400010.001/swg.fits[1]
scw/2291/229100410010.001/swg.fits[1]
scw/2291/229100420010.001/swg.fits[1]
scw/2293/229300520010.001/swg.fits[1]
scw/2293/229300530010.001/swg.fits[1]
scw/2293/229300550010.001/swg.fits[1]
scw/2293/229300560010.001/swg.fits[1]
scw/2293/229300620010.001/swg.fits[1]
scw/2293/229300630010.001/swg.fits[1]
scw/2293/229300650010.001/swg.fits[1]
scw/2295/229500560010.001/swg.fits[1]
scw/2295/229500560020.001/swg.fits[1]
scw/2295/229500560030.001/swg.fits[1]
scw/2297/229700320010.001/swg.fits[1]
scw/2297/229700330010.001/swg.fits[1]
scw/2297/229700400010.001/swg.fits[1]
scw/2297/229700410010.001/swg.fits[1]
scw/2297/229700420010.001/swg.fits[1]
scw/2297/229700430010.001/swg.fits[1]
scw/2299/229900250010.001/swg.fits[1]
scw/2299/229900280010.001/swg.fits[1]
scw/2299/229900290010.001/swg.fits[1]
scw/2299/229900350010.001/swg.fits[1]
scw/2299/229900360010.001/swg.fits[1]
scw/2299/229900370010.001/swg.fits[1]
scw/2299/229900380010.001/swg.fits[1]
scw/2304/230400500010.001/swg.fits[1]
scw/2304/230400530010.001/swg.fits[1]
scw/2304/230400540010.001/swg.fits[1]
scw/2305/230500500010.001/swg.fits[1]
scw/2305/230500510010.001/swg.fits[1]
scw/2305/230500520010.001/swg.fits[1]
scw/2305/230500540010.001/swg.fits[1]
scw/2307/230700470010.001/swg.fits[1]
scw/2307/230700510010.001/swg.fits[1]
scw/2307/230700520010.001/swg.fits[1]
