scw/0437/043700660010.001/swg.fits[1]
scw/0437/043700670010.001/swg.fits[1]
scw/0437/043700680010.001/swg.fits[1]
scw/0437/043700690010.001/swg.fits[1]
scw/0437/043700760010.001/swg.fits[1]
scw/0437/043700780010.001/swg.fits[1]
scw/0437/043700790010.001/swg.fits[1]
scw/0437/043700800010.001/swg.fits[1]
scw/0437/043700860010.001/swg.fits[1]
scw/0438/043800010010.001/swg.fits[1]
scw/0438/043800220010.001/swg.fits[1]
scw/0438/043800230010.001/swg.fits[1]
scw/0438/043800300010.001/swg.fits[1]
scw/0438/043800310010.001/swg.fits[1]
scw/0438/043800320010.001/swg.fits[1]
scw/0439/043900110010.001/swg.fits[1]
scw/0439/043900120010.001/swg.fits[1]
scw/0439/043900190010.001/swg.fits[1]
scw/0439/043900200010.001/swg.fits[1]
scw/0439/043900410010.001/swg.fits[1]
scw/0439/043900420010.001/swg.fits[1]
scw/0439/043900490010.001/swg.fits[1]
scw/0439/043900500010.001/swg.fits[1]
scw/0439/043900590010.001/swg.fits[1]
scw/0440/044000010010.001/swg.fits[1]
scw/0440/044000020010.001/swg.fits[1]
scw/0440/044000030010.001/swg.fits[1]
scw/0440/044000090010.001/swg.fits[1]
scw/0440/044000310010.001/swg.fits[1]
scw/0440/044000320010.001/swg.fits[1]
scw/0440/044000380010.001/swg.fits[1]
scw/0440/044000390010.001/swg.fits[1]
scw/0440/044000400010.001/swg.fits[1]
scw/0440/044000420010.001/swg.fits[1]
scw/0440/044000500010.001/swg.fits[1]
scw/0440/044000510010.001/swg.fits[1]
scw/0440/044000520010.001/swg.fits[1]
scw/0440/044000590010.001/swg.fits[1]
scw/0440/044000600010.001/swg.fits[1]
scw/0444/044400080010.001/swg.fits[1]
scw/0463/046300270010.001/swg.fits[1]
scw/0863/086300380010.001/swg.fits[1]
scw/0863/086300390010.001/swg.fits[1]
scw/0863/086300400010.001/swg.fits[1]
scw/0864/086400620010.001/swg.fits[1]
scw/0864/086400630010.001/swg.fits[1]
scw/0864/086400640010.001/swg.fits[1]
scw/0864/086400710010.001/swg.fits[1]
scw/0864/086400720010.001/swg.fits[1]
scw/0866/086600220010.001/swg.fits[1]
scw/0866/086600300010.001/swg.fits[1]
scw/0866/086600310010.001/swg.fits[1]
scw/0866/086600320010.001/swg.fits[1]
scw/0866/086600330010.001/swg.fits[1]
scw/0868/086800170010.001/swg.fits[1]
scw/0868/086800180010.001/swg.fits[1]
scw/0868/086800250010.001/swg.fits[1]
scw/0868/086800260010.001/swg.fits[1]
scw/0881/088100100010.001/swg.fits[1]
scw/0881/088100110010.001/swg.fits[1]
scw/0881/088100150010.001/swg.fits[1]
scw/0881/088100160010.001/swg.fits[1]
scw/0881/088100170010.001/swg.fits[1]
scw/0881/088100610010.001/swg.fits[1]
scw/0881/088100620010.001/swg.fits[1]
scw/0882/088200040010.001/swg.fits[1]
scw/0882/088200050010.001/swg.fits[1]
scw/0882/088200480010.001/swg.fits[1]
scw/0882/088200490010.001/swg.fits[1]
scw/0882/088200500010.001/swg.fits[1]
scw/0882/088200530010.001/swg.fits[1]
scw/0882/088200540010.001/swg.fits[1]
scw/0912/091200250010.001/swg.fits[1]
scw/0912/091200340010.001/swg.fits[1]
scw/0912/091200350010.001/swg.fits[1]
scw/0913/091300080010.001/swg.fits[1]
scw/0913/091300170010.001/swg.fits[1]
scw/0914/091400380010.001/swg.fits[1]
scw/0914/091400480010.001/swg.fits[1]
scw/0914/091400490010.001/swg.fits[1]
scw/0914/091400580010.001/swg.fits[1]
scw/0915/091500470010.001/swg.fits[1]
scw/0976/097600270010.001/swg.fits[1]
scw/0976/097600360010.001/swg.fits[1]
scw/1051/105100850010.001/swg.fits[1]
scw/1052/105200950010.001/swg.fits[1]
scw/1053/105300690010.001/swg.fits[1]
scw/1055/105500710010.001/swg.fits[1]
scw/1132/113200740010.001/swg.fits[1]
scw/1171/117100530010.001/swg.fits[1]
scw/1171/117100860010.001/swg.fits[1]
scw/1178/117800910010.001/swg.fits[1]
scw/1178/117800920010.001/swg.fits[1]
scw/1178/117800930010.001/swg.fits[1]
scw/1178/117801020010.001/swg.fits[1]
scw/1180/118000800010.001/swg.fits[1]
scw/1181/118100720010.001/swg.fits[1]
scw/1182/118200660010.001/swg.fits[1]
scw/1186/118600580010.001/swg.fits[1]
scw/1187/118700570010.001/swg.fits[1]
scw/1245/124500630010.001/swg.fits[1]
scw/1302/130200580010.001/swg.fits[1]
scw/1302/130200650010.001/swg.fits[1]
scw/1306/130600650010.001/swg.fits[1]
scw/1373/137300070010.001/swg.fits[1]
scw/1374/137400040010.001/swg.fits[1]
scw/1483/148300090010.001/swg.fits[1]
scw/1483/148300200010.001/swg.fits[1]
scw/1488/148800070010.001/swg.fits[1]
scw/1488/148800160010.001/swg.fits[1]
scw/2030/203000410010.001/swg.fits[1]
scw/2031/203100420010.001/swg.fits[1]
scw/2044/204400020010.001/swg.fits[1]
scw/2245/224500240010.001/swg.fits[1]
scw/2275/227500040010.001/swg.fits[1]
scw/2324/232400960010.001/swg.fits[1]
scw/2324/232400970010.001/swg.fits[1]
scw/2362/236200500010.001/swg.fits[1]
scw/2362/236200510010.001/swg.fits[1]
scw/2362/236200520010.001/swg.fits[1]
scw/2371/237100570010.001/swg.fits[1]
scw/2371/237100640010.001/swg.fits[1]
scw/2371/237100650010.001/swg.fits[1]
scw/2371/237100700010.001/swg.fits[1]
scw/2371/237100710010.001/swg.fits[1]
scw/2371/237100720010.001/swg.fits[1]
scw/2378/237800280010.001/swg.fits[1]
scw/2378/237800290010.001/swg.fits[1]
scw/2378/237800450010.001/swg.fits[1]
scw/2378/237800460010.001/swg.fits[1]
scw/2378/237800470010.001/swg.fits[1]
scw/2378/237800540010.001/swg.fits[1]
scw/2378/237800550010.001/swg.fits[1]
scw/2384/238400610010.001/swg.fits[1]
scw/2384/238400620010.001/swg.fits[1]
scw/2384/238400630010.001/swg.fits[1]
scw/2384/238400640010.001/swg.fits[1]
scw/2384/238400650010.001/swg.fits[1]
scw/2384/238400660010.001/swg.fits[1]
scw/2384/238400710010.001/swg.fits[1]
scw/2384/238400720010.001/swg.fits[1]
scw/2384/238400730010.001/swg.fits[1]
scw/2388/238800460010.001/swg.fits[1]
scw/2388/238800470010.001/swg.fits[1]
scw/2390/239000040010.001/swg.fits[1]
scw/2390/239000050010.001/swg.fits[1]
scw/2390/239000120010.001/swg.fits[1]
scw/2390/239000130010.001/swg.fits[1]
scw/2392/239200660010.001/swg.fits[1]
scw/2392/239200670010.001/swg.fits[1]
scw/2392/239200680010.001/swg.fits[1]
scw/2404/240400020010.001/swg.fits[1]
scw/2431/243100480010.001/swg.fits[1]
scw/2431/243100490010.001/swg.fits[1]
scw/2431/243100510010.001/swg.fits[1]
scw/2431/243100520010.001/swg.fits[1]
scw/2431/243100530010.001/swg.fits[1]
scw/2431/243100590010.001/swg.fits[1]
scw/2434/243400610010.001/swg.fits[1]
scw/2434/243400620010.001/swg.fits[1]
scw/2435/243500510010.001/swg.fits[1]
scw/2435/243500550010.001/swg.fits[1]
scw/2435/243500560010.001/swg.fits[1]
scw/2435/243500570010.001/swg.fits[1]
scw/2438/243800130010.001/swg.fits[1]
scw/2438/243800140010.001/swg.fits[1]
scw/2438/243800150010.001/swg.fits[1]
scw/2438/243800230010.001/swg.fits[1]
scw/2439/243900400010.001/swg.fits[1]
scw/2439/243900410010.001/swg.fits[1]
scw/2439/243900480010.001/swg.fits[1]
scw/2439/243900490010.001/swg.fits[1]
scw/2439/243900510010.001/swg.fits[1]
scw/2439/243900580010.001/swg.fits[1]
scw/2439/243900600010.001/swg.fits[1]
scw/2439/243900610010.001/swg.fits[1]
scw/2439/243900620010.001/swg.fits[1]
scw/2439/243900680010.001/swg.fits[1]
scw/2439/243900690010.001/swg.fits[1]
scw/2441/244100360010.001/swg.fits[1]
scw/2441/244100430010.001/swg.fits[1]
scw/2441/244100440010.001/swg.fits[1]
scw/2441/244100460010.001/swg.fits[1]
scw/2441/244100530010.001/swg.fits[1]
scw/2441/244100550010.001/swg.fits[1]
scw/2441/244100560010.001/swg.fits[1]
scw/2441/244100570010.001/swg.fits[1]
scw/2441/244100630010.001/swg.fits[1]
scw/2443/244300430010.001/swg.fits[1]
scw/2443/244300440010.001/swg.fits[1]
scw/2443/244300510010.001/swg.fits[1]
scw/2443/244300520010.001/swg.fits[1]
scw/2443/244300540010.001/swg.fits[1]
scw/2445/244500500010.001/swg.fits[1]
scw/2445/244500570010.001/swg.fits[1]
scw/2445/244500570020.001/swg.fits[1]
scw/2445/244500580010.001/swg.fits[1]
scw/2445/244500590010.001/swg.fits[1]
scw/2445/244500600010.001/swg.fits[1]
scw/2445/244500610010.001/swg.fits[1]
scw/2446/244600540010.001/swg.fits[1]
scw/2446/244600550010.001/swg.fits[1]
scw/2446/244600620010.001/swg.fits[1]
scw/2446/244600630010.001/swg.fits[1]
scw/2446/244600650010.001/swg.fits[1]
scw/2450/245000050010.001/swg.fits[1]
scw/2450/245000060010.001/swg.fits[1]
scw/2450/245000440010.001/swg.fits[1]
scw/2455/245500660010.001/swg.fits[1]
scw/2455/245500670010.001/swg.fits[1]
scw/2455/245500740010.001/swg.fits[1]
scw/2455/245500750010.001/swg.fits[1]
scw/2455/245500760010.001/swg.fits[1]
scw/2455/245500770010.001/swg.fits[1]
