scw/0116/011600180010.001/swg.fits[1]
scw/0116/011600190010.001/swg.fits[1]
scw/0116/011600240010.001/swg.fits[1]
scw/0119/011900300010.001/swg.fits[1]
scw/0119/011900320010.001/swg.fits[1]
scw/0119/011900330010.001/swg.fits[1]
scw/0119/011900650010.001/swg.fits[1]
scw/0183/018300780010.001/swg.fits[1]
scw/0183/018300790010.001/swg.fits[1]
scw/0183/018300840010.001/swg.fits[1]
scw/0183/018300850010.001/swg.fits[1]
scw/0185/018500800010.001/swg.fits[1]
scw/0185/018500810010.001/swg.fits[1]
scw/0185/018500860010.001/swg.fits[1]
scw/0185/018500870010.001/swg.fits[1]
scw/0186/018600640010.001/swg.fits[1]
scw/0186/018600650010.001/swg.fits[1]
scw/0186/018600700010.001/swg.fits[1]
scw/0186/018600710010.001/swg.fits[1]
scw/0244/024400370010.001/swg.fits[1]
scw/0244/024400380010.001/swg.fits[1]
scw/0244/024400410010.001/swg.fits[1]
scw/0244/024400420010.001/swg.fits[1]
scw/0296/029600250010.001/swg.fits[1]
scw/0296/029600260010.001/swg.fits[1]
scw/0296/029600270010.001/swg.fits[1]
scw/0358/035800560010.001/swg.fits[1]
scw/0358/035800570010.001/swg.fits[1]
scw/0358/035800580010.001/swg.fits[1]
scw/0360/036000870010.001/swg.fits[1]
scw/0360/036000880010.001/swg.fits[1]
scw/0360/036000890010.001/swg.fits[1]
scw/0417/041700560010.001/swg.fits[1]
scw/0417/041700570010.001/swg.fits[1]
scw/2359/235900340010.001/swg.fits[1]
scw/2429/242900210010.001/swg.fits[1]
scw/2429/242900220010.001/swg.fits[1]
scw/2429/242900240010.001/swg.fits[1]
scw/2429/242900250010.001/swg.fits[1]
scw/2429/242900260010.001/swg.fits[1]
