scw/1943/194300130010.001/swg.fits[1]
scw/1944/194400470010.001/swg.fits[1]
scw/1945/194500060010.001/swg.fits[1]
scw/1945/194500130010.001/swg.fits[1]
scw/1946/194600060010.001/swg.fits[1]
scw/1947/194700490010.001/swg.fits[1]
scw/1948/194800320010.001/swg.fits[1]
scw/1949/194900060010.001/swg.fits[1]
scw/1950/195000320010.001/swg.fits[1]
scw/1951/195100060010.001/swg.fits[1]
scw/2006/200600480010.001/swg.fits[1]
scw/2006/200600540010.001/swg.fits[1]
scw/2006/200600550010.001/swg.fits[1]
scw/2006/200600560010.001/swg.fits[1]
scw/2006/200600580010.001/swg.fits[1]
scw/2006/200600590010.001/swg.fits[1]
scw/2006/200600600010.001/swg.fits[1]
scw/2006/200600640010.001/swg.fits[1]
scw/2007/200700410010.001/swg.fits[1]
scw/2007/200700420010.001/swg.fits[1]
scw/2007/200700450010.001/swg.fits[1]
scw/2007/200700460010.001/swg.fits[1]
scw/2007/200700470010.001/swg.fits[1]
scw/2007/200700510010.001/swg.fits[1]
scw/2015/201500360010.001/swg.fits[1]
scw/2015/201500370010.001/swg.fits[1]
scw/2015/201500380010.001/swg.fits[1]
scw/2015/201500530010.001/swg.fits[1]
scw/2015/201500700010.001/swg.fits[1]
scw/2015/201500850010.001/swg.fits[1]
scw/2015/201500860010.001/swg.fits[1]
scw/2016/201600690010.001/swg.fits[1]
scw/2016/201600700010.001/swg.fits[1]
scw/2017/201700030010.001/swg.fits[1]
scw/2017/201700040010.001/swg.fits[1]
scw/2017/201700180010.001/swg.fits[1]
scw/2017/201700190010.001/swg.fits[1]
scw/2017/201700200010.001/swg.fits[1]
scw/2017/201700520010.001/swg.fits[1]
scw/2017/201700680010.001/swg.fits[1]
scw/2017/201700830010.001/swg.fits[1]
scw/2017/201700840010.001/swg.fits[1]
scw/2018/201800450010.001/swg.fits[1]
scw/2018/201800460010.001/swg.fits[1]
scw/2019/201900130010.001/swg.fits[1]
scw/2019/201900140010.001/swg.fits[1]
scw/2019/201900300010.001/swg.fits[1]
scw/2019/201900460010.001/swg.fits[1]
scw/2019/201900610010.001/swg.fits[1]
scw/2019/201900620010.001/swg.fits[1]
scw/2020/202000290010.001/swg.fits[1]
scw/2020/202000300010.001/swg.fits[1]
scw/2020/202000700010.001/swg.fits[1]
scw/2020/202000710010.001/swg.fits[1]
scw/2020/202000720010.001/swg.fits[1]
scw/2021/202100030010.001/swg.fits[1]
scw/2021/202100040010.001/swg.fits[1]
scw/2021/202100200010.001/swg.fits[1]
scw/2021/202100360010.001/swg.fits[1]
scw/2021/202100370010.001/swg.fits[1]
scw/2021/202100510010.001/swg.fits[1]
scw/2021/202100520010.001/swg.fits[1]
scw/2021/202100830010.001/swg.fits[1]
scw/2021/202100840010.001/swg.fits[1]
scw/2022/202200020010.001/swg.fits[1]
scw/2022/202200030010.001/swg.fits[1]
scw/2022/202200040010.001/swg.fits[1]
scw/2022/202200180010.001/swg.fits[1]
scw/2022/202200190010.001/swg.fits[1]
scw/2022/202200200010.001/swg.fits[1]
scw/2022/202200360010.001/swg.fits[1]
scw/2022/202200520010.001/swg.fits[1]
scw/2072/207200340010.001/swg.fits[1]
scw/2072/207200380010.001/swg.fits[1]
scw/2072/207200390010.001/swg.fits[1]
scw/2072/207200400010.001/swg.fits[1]
scw/2072/207200420010.001/swg.fits[1]
scw/2084/208400360010.001/swg.fits[1]
scw/2084/208400400010.001/swg.fits[1]
scw/2084/208400410010.001/swg.fits[1]
scw/2084/208400570010.001/swg.fits[1]
scw/2084/208400680010.001/swg.fits[1]
scw/2084/208400720010.001/swg.fits[1]
scw/2084/208400730010.001/swg.fits[1]
scw/2084/208400880010.001/swg.fits[1]
scw/2084/208400890010.001/swg.fits[1]
scw/2085/208500540010.001/swg.fits[1]
scw/2085/208500710010.001/swg.fits[1]
scw/2085/208500820010.001/swg.fits[1]
scw/2085/208500860010.001/swg.fits[1]
scw/2085/208500870010.001/swg.fits[1]
scw/2086/208600280010.001/swg.fits[1]
scw/2086/208600320010.001/swg.fits[1]
scw/2086/208600330010.001/swg.fits[1]
scw/2086/208600490010.001/swg.fits[1]
scw/2086/208600600010.001/swg.fits[1]
scw/2086/208600640010.001/swg.fits[1]
scw/2086/208600650010.001/swg.fits[1]
scw/2086/208600800010.001/swg.fits[1]
scw/2087/208700700010.001/swg.fits[1]
scw/2087/208700810010.001/swg.fits[1]
scw/2087/208700850010.001/swg.fits[1]
scw/2087/208700860010.001/swg.fits[1]
scw/2087/208700870010.001/swg.fits[1]
scw/2088/208800280010.001/swg.fits[1]
scw/2088/208800320010.001/swg.fits[1]
scw/2088/208800330010.001/swg.fits[1]
scw/2088/208800490010.001/swg.fits[1]
scw/2088/208800600010.001/swg.fits[1]
scw/2088/208800640010.001/swg.fits[1]
scw/2088/208800650010.001/swg.fits[1]
scw/2088/208800800010.001/swg.fits[1]
scw/2088/208800810010.001/swg.fits[1]
scw/2089/208900550010.001/swg.fits[1]
scw/2089/208900660010.001/swg.fits[1]
scw/2089/208900720010.001/swg.fits[1]
scw/2089/208900820010.001/swg.fits[1]
scw/2089/208900860010.001/swg.fits[1]
scw/2089/208900870010.001/swg.fits[1]
scw/2090/209000440010.001/swg.fits[1]
scw/2090/209000450010.001/swg.fits[1]
scw/2090/209000610010.001/swg.fits[1]
scw/2090/209000720010.001/swg.fits[1]
scw/2090/209000760010.001/swg.fits[1]
scw/2090/209000770010.001/swg.fits[1]
scw/2090/209000780010.001/swg.fits[1]
scw/2090/209000880010.001/swg.fits[1]
scw/2090/209000920010.001/swg.fits[1]
scw/2090/209000930010.001/swg.fits[1]
scw/2156/215600630010.001/swg.fits[1]
scw/2156/215600770010.001/swg.fits[1]
scw/2156/215600780010.001/swg.fits[1]
scw/2156/215600790010.001/swg.fits[1]
scw/2268/226800260010.001/swg.fits[1]
scw/2268/226800270010.001/swg.fits[1]
scw/2268/226800280010.001/swg.fits[1]
scw/2298/229800250010.001/swg.fits[1]
scw/2298/229800670010.001/swg.fits[1]
