scw/0566/056600020010.001/swg.fits[1]
scw/0566/056600030010.001/swg.fits[1]
scw/0566/056600070010.001/swg.fits[1]
scw/0566/056600080010.001/swg.fits[1]
scw/0566/056600090010.001/swg.fits[1]
scw/0566/056600100010.001/swg.fits[1]
scw/0566/056600110010.001/swg.fits[1]
scw/0566/056600140010.001/swg.fits[1]
scw/0566/056600150010.001/swg.fits[1]
scw/0566/056600160010.001/swg.fits[1]
scw/0566/056600170010.001/swg.fits[1]
scw/0566/056600210010.001/swg.fits[1]
scw/0566/056600220010.001/swg.fits[1]
scw/0566/056600240010.001/swg.fits[1]
scw/0566/056600290010.001/swg.fits[1]
scw/0566/056600310010.001/swg.fits[1]
scw/0566/056600360010.001/swg.fits[1]
scw/0566/056600370010.001/swg.fits[1]
scw/0566/056600380010.001/swg.fits[1]
scw/0566/056600430010.001/swg.fits[1]
scw/0566/056600440010.001/swg.fits[1]
scw/0566/056600450010.001/swg.fits[1]
scw/0566/056600460010.001/swg.fits[1]
scw/0566/056600490010.001/swg.fits[1]
scw/0566/056600500010.001/swg.fits[1]
scw/0566/056600510010.001/swg.fits[1]
scw/0566/056600520010.001/swg.fits[1]
scw/0566/056600530010.001/swg.fits[1]
scw/0566/056600560010.001/swg.fits[1]
scw/0566/056600570010.001/swg.fits[1]
scw/0566/056600580010.001/swg.fits[1]
scw/0566/056600590010.001/swg.fits[1]
scw/0574/057400050010.001/swg.fits[1]
scw/0574/057400060010.001/swg.fits[1]
scw/0574/057400080010.001/swg.fits[1]
scw/1126/112600810010.001/swg.fits[1]
scw/1127/112700660010.001/swg.fits[1]
scw/1172/117200680010.001/swg.fits[1]
scw/1173/117300650010.001/swg.fits[1]
scw/1174/117401070010.001/swg.fits[1]
scw/2426/242600560010.001/swg.fits[1]
