scw/0316/031600080010.001/swg.fits[1]
scw/0316/031600090010.001/swg.fits[1]
scw/0316/031600180010.001/swg.fits[1]
scw/0316/031600390010.001/swg.fits[1]
scw/0316/031600470010.001/swg.fits[1]
scw/0316/031600480010.001/swg.fits[1]
scw/0316/031600490010.001/swg.fits[1]
scw/0316/031600580010.001/swg.fits[1]
scw/0316/031600590010.001/swg.fits[1]
scw/0624/062400370010.001/swg.fits[1]
scw/0807/080700580010.001/swg.fits[1]
scw/0808/080800270010.001/swg.fits[1]
scw/0808/080800280010.001/swg.fits[1]
scw/0808/080800300010.001/swg.fits[1]
scw/0808/080800330010.001/swg.fits[1]
scw/0808/080800340010.001/swg.fits[1]
scw/0808/080800350010.001/swg.fits[1]
scw/0808/080800410010.001/swg.fits[1]
scw/0808/080800480010.001/swg.fits[1]
scw/0808/080800490010.001/swg.fits[1]
scw/0808/080800550010.001/swg.fits[1]
scw/0808/080800620010.001/swg.fits[1]
scw/0808/080800630010.001/swg.fits[1]
scw/0809/080900050010.001/swg.fits[1]
scw/0809/080900060010.001/swg.fits[1]
scw/0809/080900110010.001/swg.fits[1]
scw/0809/080900120010.001/swg.fits[1]
scw/0809/080900130010.001/swg.fits[1]
scw/0809/080900190010.001/swg.fits[1]
scw/0809/080900260010.001/swg.fits[1]
scw/0809/080900330010.001/swg.fits[1]
scw/0809/080900340010.001/swg.fits[1]
scw/0809/080900400010.001/swg.fits[1]
scw/0809/080900440010.001/swg.fits[1]
scw/0873/087300050010.001/swg.fits[1]
scw/0873/087300060010.001/swg.fits[1]
scw/0873/087300070010.001/swg.fits[1]
scw/0873/087300200010.001/swg.fits[1]
scw/0873/087300210010.001/swg.fits[1]
scw/0873/087300260010.001/swg.fits[1]
scw/0873/087300270010.001/swg.fits[1]
scw/0873/087300300010.001/swg.fits[1]
scw/0873/087300310010.001/swg.fits[1]
scw/0873/087300320010.001/swg.fits[1]
scw/0873/087300350010.001/swg.fits[1]
scw/0873/087300360010.001/swg.fits[1]
scw/0873/087300370010.001/swg.fits[1]
scw/0873/087300500010.001/swg.fits[1]
scw/0873/087300510010.001/swg.fits[1]
scw/0873/087300520010.001/swg.fits[1]
scw/0873/087300550010.001/swg.fits[1]
scw/0873/087300560010.001/swg.fits[1]
scw/0873/087300570010.001/swg.fits[1]
scw/0873/087300600010.001/swg.fits[1]
scw/0873/087300610010.001/swg.fits[1]
scw/0873/087300620010.001/swg.fits[1]
scw/0874/087400060010.001/swg.fits[1]
scw/0874/087400070010.001/swg.fits[1]
scw/0874/087400080010.001/swg.fits[1]
scw/0874/087400110010.001/swg.fits[1]
scw/0874/087400120010.001/swg.fits[1]
scw/0874/087400130010.001/swg.fits[1]
scw/0874/087400170010.001/swg.fits[1]
scw/0874/087400180010.001/swg.fits[1]
scw/0874/087400210010.001/swg.fits[1]
scw/0874/087400220010.001/swg.fits[1]
scw/0874/087400370010.001/swg.fits[1]
scw/0874/087400380010.001/swg.fits[1]
scw/0874/087400420010.001/swg.fits[1]
scw/0874/087400430010.001/swg.fits[1]
scw/0874/087400560010.001/swg.fits[1]
scw/0874/087400570010.001/swg.fits[1]
scw/0874/087400620010.001/swg.fits[1]
scw/0874/087400630010.001/swg.fits[1]
scw/0990/099000050010.001/swg.fits[1]
scw/0990/099000060010.001/swg.fits[1]
scw/0990/099000070010.001/swg.fits[1]
scw/0990/099000200010.001/swg.fits[1]
scw/0990/099000210010.001/swg.fits[1]
scw/0990/099000260010.001/swg.fits[1]
scw/0990/099000270010.001/swg.fits[1]
scw/0990/099000300010.001/swg.fits[1]
scw/0990/099000310010.001/swg.fits[1]
scw/0990/099000320010.001/swg.fits[1]
scw/0990/099000350010.001/swg.fits[1]
scw/0990/099000360010.001/swg.fits[1]
scw/0990/099000370010.001/swg.fits[1]
scw/0990/099000510010.001/swg.fits[1]
scw/0990/099000520010.001/swg.fits[1]
scw/0990/099000550010.001/swg.fits[1]
scw/0990/099000560010.001/swg.fits[1]
scw/0990/099000570010.001/swg.fits[1]
scw/0990/099000610010.001/swg.fits[1]
scw/0990/099000620010.001/swg.fits[1]
scw/0990/099000700010.001/swg.fits[1]
scw/0990/099000710010.001/swg.fits[1]
scw/0990/099000720010.001/swg.fits[1]
scw/0990/099000750010.001/swg.fits[1]
scw/0990/099000760010.001/swg.fits[1]
scw/0990/099000770010.001/swg.fits[1]
scw/0991/099100030010.001/swg.fits[1]
scw/0991/099100040010.001/swg.fits[1]
scw/0991/099100050010.001/swg.fits[1]
scw/0991/099100180010.001/swg.fits[1]
scw/0991/099100190010.001/swg.fits[1]
scw/0991/099100240010.001/swg.fits[1]
scw/0991/099100250010.001/swg.fits[1]
scw/0991/099100280010.001/swg.fits[1]
scw/0991/099100290010.001/swg.fits[1]
scw/0991/099100300010.001/swg.fits[1]
scw/0991/099100330010.001/swg.fits[1]
scw/0991/099100340010.001/swg.fits[1]
scw/0991/099100350010.001/swg.fits[1]
scw/0991/099100490010.001/swg.fits[1]
scw/0991/099100500010.001/swg.fits[1]
scw/0991/099100530010.001/swg.fits[1]
scw/0991/099100540010.001/swg.fits[1]
scw/0991/099100550010.001/swg.fits[1]
scw/0991/099100580010.001/swg.fits[1]
scw/0991/099100590010.001/swg.fits[1]
scw/0991/099100600010.001/swg.fits[1]
scw/0991/099100680010.001/swg.fits[1]
scw/0991/099100690010.001/swg.fits[1]
scw/0991/099100700010.001/swg.fits[1]
scw/0991/099100730010.001/swg.fits[1]
scw/0991/099100740010.001/swg.fits[1]
scw/0991/099100750010.001/swg.fits[1]
scw/1886/188600170010.001/swg.fits[1]
scw/1886/188600260010.001/swg.fits[1]
