scw/0181/018100180010.001/swg.fits[1]
scw/0253/025300180010.001/swg.fits[1]
scw/0264/026400060010.001/swg.fits[1]
scw/0307/030700040010.001/swg.fits[1]
scw/0319/031900060010.001/swg.fits[1]
scw/0460/046000070010.001/swg.fits[1]
scw/0562/056200060010.001/swg.fits[1]
scw/0562/056200070010.001/swg.fits[1]
scw/0562/056200080010.001/swg.fits[1]
scw/0562/056200090010.001/swg.fits[1]
scw/1054/105400040010.001/swg.fits[1]
scw/1126/112600170010.001/swg.fits[1]
scw/1129/112900100010.001/swg.fits[1]
scw/1181/118100080010.001/swg.fits[1]
scw/1238/123800050010.001/swg.fits[1]
scw/1243/124300070010.001/swg.fits[1]
scw/1245/124500060010.001/swg.fits[1]
scw/1248/124800510010.001/swg.fits[1]
scw/1304/130400060010.001/swg.fits[1]
scw/1304/130400190010.001/swg.fits[1]
scw/1316/131600650010.001/swg.fits[1]
scw/1316/131600780010.001/swg.fits[1]
scw/1365/136500640010.001/swg.fits[1]
scw/1365/136500710010.001/swg.fits[1]
scw/1438/143800660010.001/swg.fits[1]
scw/1489/148900090010.001/swg.fits[1]
scw/1489/148900120010.001/swg.fits[1]
scw/1605/160500150010.001/swg.fits[1]
scw/1605/160500160010.001/swg.fits[1]
scw/2317/231700480010.001/swg.fits[1]
scw/2324/232400040010.001/swg.fits[1]
scw/2461/246100670010.001/swg.fits[1]
scw/2461/246100680010.001/swg.fits[1]
