scw/1609/160900690010.001/swg.fits[1]
scw/1609/160900700010.001/swg.fits[1]
scw/1609/160900730010.001/swg.fits[1]
scw/1609/160900740010.001/swg.fits[1]
scw/1609/160900800010.001/swg.fits[1]
scw/1610/161000520010.001/swg.fits[1]
scw/1610/161000580010.001/swg.fits[1]
scw/1610/161000590010.001/swg.fits[1]
scw/1610/161000620010.001/swg.fits[1]
scw/1610/161000630010.001/swg.fits[1]
scw/1610/161000780010.001/swg.fits[1]
scw/1610/161000790010.001/swg.fits[1]
scw/1610/161000820010.001/swg.fits[1]
scw/1610/161000830010.001/swg.fits[1]
scw/1610/161000840010.001/swg.fits[1]
scw/1613/161300650010.001/swg.fits[1]
scw/1613/161300780010.001/swg.fits[1]
scw/1614/161400380010.001/swg.fits[1]
scw/1614/161400390010.001/swg.fits[1]
scw/1614/161400440010.001/swg.fits[1]
scw/1614/161400450010.001/swg.fits[1]
scw/1614/161400490010.001/swg.fits[1]
scw/1614/161400640010.001/swg.fits[1]
scw/1614/161400650010.001/swg.fits[1]
scw/1614/161400660010.001/swg.fits[1]
scw/1614/161400680010.001/swg.fits[1]
scw/1614/161400690010.001/swg.fits[1]
scw/1616/161600840010.001/swg.fits[1]
scw/1616/161600850010.001/swg.fits[1]
scw/1616/161600860010.001/swg.fits[1]
scw/1621/162100260010.001/swg.fits[1]
scw/1621/162100270010.001/swg.fits[1]
scw/1621/162100280010.001/swg.fits[1]
scw/1621/162100360010.001/swg.fits[1]
scw/1621/162100420010.001/swg.fits[1]
scw/1621/162100430010.001/swg.fits[1]
scw/1621/162100460010.001/swg.fits[1]
scw/1621/162100470010.001/swg.fits[1]
scw/1621/162100720010.001/swg.fits[1]
scw/1621/162100730010.001/swg.fits[1]
scw/1621/162100760010.001/swg.fits[1]
scw/1621/162100770010.001/swg.fits[1]
scw/1624/162400230010.001/swg.fits[1]
scw/1624/162400240010.001/swg.fits[1]
scw/1624/162400270010.001/swg.fits[1]
scw/1624/162400280010.001/swg.fits[1]
scw/1624/162400490010.001/swg.fits[1]
scw/1624/162400520010.001/swg.fits[1]
scw/1624/162400530010.001/swg.fits[1]
scw/1624/162400580010.001/swg.fits[1]
scw/1624/162400590010.001/swg.fits[1]
scw/1624/162400670010.001/swg.fits[1]
scw/1624/162400680010.001/swg.fits[1]
scw/1624/162400720010.001/swg.fits[1]
scw/1624/162400730010.001/swg.fits[1]
scw/1624/162400740010.001/swg.fits[1]
scw/1624/162400770010.001/swg.fits[1]
scw/1624/162400780010.001/swg.fits[1]
scw/1626/162600450010.001/swg.fits[1]
scw/1627/162700400010.001/swg.fits[1]
scw/1628/162800260010.001/swg.fits[1]
scw/1629/162900230010.001/swg.fits[1]
scw/1684/168400140010.001/swg.fits[1]
scw/1684/168400150010.001/swg.fits[1]
scw/1684/168400180010.001/swg.fits[1]
scw/1684/168400190010.001/swg.fits[1]
scw/1684/168400280010.001/swg.fits[1]
scw/1684/168400290010.001/swg.fits[1]
scw/1684/168400340010.001/swg.fits[1]
scw/1684/168400350010.001/swg.fits[1]
scw/1684/168400380010.001/swg.fits[1]
scw/1684/168400390010.001/swg.fits[1]
scw/1685/168500160010.001/swg.fits[1]
scw/1685/168500170010.001/swg.fits[1]
scw/1685/168500200010.001/swg.fits[1]
scw/1685/168500210010.001/swg.fits[1]
scw/1685/168500360010.001/swg.fits[1]
scw/1685/168500370010.001/swg.fits[1]
scw/1685/168500400010.001/swg.fits[1]
scw/1685/168500410010.001/swg.fits[1]
scw/1741/174100280010.001/swg.fits[1]
scw/1741/174100290010.001/swg.fits[1]
scw/1741/174100300010.001/swg.fits[1]
scw/1741/174100350010.001/swg.fits[1]
scw/1741/174100360010.001/swg.fits[1]
scw/1741/174100540010.001/swg.fits[1]
scw/1741/174100550010.001/swg.fits[1]
scw/1741/174100560010.001/swg.fits[1]
scw/1741/174100590010.001/swg.fits[1]
scw/1741/174100600010.001/swg.fits[1]
scw/1741/174100750010.001/swg.fits[1]
scw/1741/174100760010.001/swg.fits[1]
scw/1741/174100770010.001/swg.fits[1]
scw/1741/174100790010.001/swg.fits[1]
scw/1741/174100800010.001/swg.fits[1]
scw/1742/174200030010.001/swg.fits[1]
scw/1742/174200220010.001/swg.fits[1]
scw/1742/174200230010.001/swg.fits[1]
scw/1742/174200260010.001/swg.fits[1]
scw/1742/174200270010.001/swg.fits[1]
scw/1742/174200320010.001/swg.fits[1]
scw/1742/174200420010.001/swg.fits[1]
scw/1742/174200430010.001/swg.fits[1]
scw/1742/174200440010.001/swg.fits[1]
scw/1742/174200460010.001/swg.fits[1]
scw/1742/174200470010.001/swg.fits[1]
scw/1742/174200660010.001/swg.fits[1]
scw/1742/174200670010.001/swg.fits[1]
scw/1742/174200720010.001/swg.fits[1]
scw/1742/174200730010.001/swg.fits[1]
scw/1742/174200770010.001/swg.fits[1]
scw/1742/174200850010.001/swg.fits[1]
scw/1749/174900510010.001/swg.fits[1]
scw/1750/175000390010.001/swg.fits[1]
scw/1750/175000420010.001/swg.fits[1]
scw/1750/175000430010.001/swg.fits[1]
scw/1752/175200440010.001/swg.fits[1]
scw/1752/175200450010.001/swg.fits[1]
scw/1752/175200480010.001/swg.fits[1]
scw/1752/175200490010.001/swg.fits[1]
scw/1788/178800060010.001/swg.fits[1]
scw/1788/178800070010.001/swg.fits[1]
scw/1825/182500400010.001/swg.fits[1]
scw/1843/184300040010.001/swg.fits[1]
scw/1843/184300040020.001/swg.fits[1]
scw/1843/184300040030.001/swg.fits[1]
scw/1843/184300040040.001/swg.fits[1]
scw/1843/184300040050.001/swg.fits[1]
scw/1843/184300040060.001/swg.fits[1]
scw/1843/184300040070.001/swg.fits[1]
scw/1843/184300040080.001/swg.fits[1]
scw/1843/184300040090.001/swg.fits[1]
scw/1843/184300040100.001/swg.fits[1]
scw/1843/184300040110.001/swg.fits[1]
scw/1843/184300040120.001/swg.fits[1]
scw/1843/184300040130.001/swg.fits[1]
scw/1843/184300040140.001/swg.fits[1]
scw/1843/184300040150.001/swg.fits[1]
scw/1843/184300040160.001/swg.fits[1]
scw/1843/184300040170.001/swg.fits[1]
scw/1843/184300040180.001/swg.fits[1]
scw/1843/184300040190.001/swg.fits[1]
scw/1843/184300040200.001/swg.fits[1]
scw/1843/184300040210.001/swg.fits[1]
scw/1843/184300040220.001/swg.fits[1]
scw/1843/184300040230.001/swg.fits[1]
scw/1843/184300040240.001/swg.fits[1]
scw/1843/184300050010.001/swg.fits[1]
scw/2032/203200130010.001/swg.fits[1]
scw/2032/203200140010.001/swg.fits[1]
scw/2032/203200170010.001/swg.fits[1]
scw/2032/203200180010.001/swg.fits[1]
scw/2033/203300080010.001/swg.fits[1]
scw/2033/203300090010.001/swg.fits[1]
scw/2033/203300120010.001/swg.fits[1]
scw/2033/203300130010.001/swg.fits[1]
scw/2033/203300180010.001/swg.fits[1]
scw/2033/203300190010.001/swg.fits[1]
scw/2033/203300280010.001/swg.fits[1]
scw/2033/203300290010.001/swg.fits[1]
scw/2033/203300320010.001/swg.fits[1]
scw/2033/203300330010.001/swg.fits[1]
scw/2034/203400050010.001/swg.fits[1]
scw/2034/203400060010.001/swg.fits[1]
scw/2034/203400070010.001/swg.fits[1]
scw/2034/203400090010.001/swg.fits[1]
scw/2034/203400100010.001/swg.fits[1]
scw/2034/203400240010.001/swg.fits[1]
scw/2034/203400250010.001/swg.fits[1]
scw/2034/203400290010.001/swg.fits[1]
scw/2034/203400300010.001/swg.fits[1]
scw/2034/203400310010.001/swg.fits[1]
scw/2035/203500030010.001/swg.fits[1]
scw/2035/203500040010.001/swg.fits[1]
scw/2035/203500070010.001/swg.fits[1]
scw/2035/203500080010.001/swg.fits[1]
scw/2035/203500230010.001/swg.fits[1]
scw/2035/203500240010.001/swg.fits[1]
scw/2035/203500270010.001/swg.fits[1]
scw/2035/203500280010.001/swg.fits[1]
scw/2036/203600200010.001/swg.fits[1]
scw/2036/203600210010.001/swg.fits[1]
scw/2036/203600240010.001/swg.fits[1]
scw/2036/203600250010.001/swg.fits[1]
scw/2036/203600260010.001/swg.fits[1]
scw/2036/203600300010.001/swg.fits[1]
scw/2036/203600390010.001/swg.fits[1]
scw/2036/203600400010.001/swg.fits[1]
scw/2036/203600440010.001/swg.fits[1]
scw/2037/203700040010.001/swg.fits[1]
scw/2037/203700050010.001/swg.fits[1]
scw/2037/203700280010.001/swg.fits[1]
scw/2037/203700290010.001/swg.fits[1]
scw/2037/203700300010.001/swg.fits[1]
scw/2037/203700330010.001/swg.fits[1]
scw/2037/203700340010.001/swg.fits[1]
scw/2037/203700350010.001/swg.fits[1]
scw/2038/203800050010.001/swg.fits[1]
scw/2038/203800090010.001/swg.fits[1]
scw/2038/203800100010.001/swg.fits[1]
scw/2038/203800150010.001/swg.fits[1]
scw/2038/203800160010.001/swg.fits[1]
scw/2038/203800360010.001/swg.fits[1]
scw/2038/203800390010.001/swg.fits[1]
scw/2038/203800400010.001/swg.fits[1]
scw/2038/203800450010.001/swg.fits[1]
scw/2038/203800460010.001/swg.fits[1]
scw/2094/209400160010.001/swg.fits[1]
scw/2094/209400170010.001/swg.fits[1]
scw/2094/209400200010.001/swg.fits[1]
scw/2094/209400210010.001/swg.fits[1]
scw/2094/209400310010.001/swg.fits[1]
scw/2094/209400360010.001/swg.fits[1]
scw/2094/209400370010.001/swg.fits[1]
scw/2094/209400400010.001/swg.fits[1]
scw/2094/209400410010.001/swg.fits[1]
scw/2095/209500110010.001/swg.fits[1]
scw/2095/209500120010.001/swg.fits[1]
scw/2095/209500150010.001/swg.fits[1]
scw/2095/209500160010.001/swg.fits[1]
scw/2095/209500310010.001/swg.fits[1]
scw/2095/209500320010.001/swg.fits[1]
scw/2095/209500330010.001/swg.fits[1]
scw/2095/209500350010.001/swg.fits[1]
scw/2095/209500360010.001/swg.fits[1]
scw/2096/209600060010.001/swg.fits[1]
scw/2096/209600070010.001/swg.fits[1]
scw/2096/209600110010.001/swg.fits[1]
scw/2096/209600120010.001/swg.fits[1]
scw/2096/209600130010.001/swg.fits[1]
scw/2096/209600270010.001/swg.fits[1]
scw/2096/209600280010.001/swg.fits[1]
scw/2096/209600310010.001/swg.fits[1]
scw/2096/209600320010.001/swg.fits[1]
scw/2097/209700050010.001/swg.fits[1]
scw/2097/209700060010.001/swg.fits[1]
scw/2097/209700090010.001/swg.fits[1]
scw/2097/209700100010.001/swg.fits[1]
scw/2097/209700190010.001/swg.fits[1]
scw/2097/209700200010.001/swg.fits[1]
scw/2097/209700250010.001/swg.fits[1]
scw/2097/209700260010.001/swg.fits[1]
scw/2097/209700290010.001/swg.fits[1]
scw/2097/209700300010.001/swg.fits[1]
