scw/0533/053300410010.001/swg.fits[1]
scw/0533/053300420010.001/swg.fits[1]
scw/0533/053300470010.001/swg.fits[1]
scw/0533/053300480010.001/swg.fits[1]
scw/0533/053300610010.001/swg.fits[1]
scw/1631/163100160010.001/swg.fits[1]
scw/1631/163100320010.001/swg.fits[1]
scw/1631/163100550010.001/swg.fits[1]
scw/1631/163100710010.001/swg.fits[1]
scw/1631/163100950010.001/swg.fits[1]
scw/1632/163200070010.001/swg.fits[1]
scw/1632/163200300010.001/swg.fits[1]
scw/1632/163200460010.001/swg.fits[1]
scw/1632/163200640010.001/swg.fits[1]
scw/1632/163200680010.001/swg.fits[1]
scw/1632/163200690010.001/swg.fits[1]
scw/1632/163200800010.001/swg.fits[1]
scw/1632/163200840010.001/swg.fits[1]
scw/1632/163200850010.001/swg.fits[1]
scw/1633/163300060010.001/swg.fits[1]
scw/1635/163500330010.001/swg.fits[1]
scw/1635/163500370010.001/swg.fits[1]
scw/1635/163500380010.001/swg.fits[1]
scw/1635/163500490010.001/swg.fits[1]
scw/1635/163500530010.001/swg.fits[1]
scw/1635/163500540010.001/swg.fits[1]
scw/1635/163500800010.001/swg.fits[1]
scw/1635/163500960010.001/swg.fits[1]
scw/1636/163600530010.001/swg.fits[1]
scw/1636/163600540010.001/swg.fits[1]
scw/1636/163600690010.001/swg.fits[1]
scw/1636/163600700010.001/swg.fits[1]
scw/1636/163600880010.001/swg.fits[1]
scw/1636/163600920010.001/swg.fits[1]
scw/1636/163600930010.001/swg.fits[1]
scw/1637/163700090010.001/swg.fits[1]
scw/1637/163700130010.001/swg.fits[1]
scw/1637/163700140010.001/swg.fits[1]
scw/1637/163700350010.001/swg.fits[1]
scw/1637/163700360010.001/swg.fits[1]
scw/1637/163700370010.001/swg.fits[1]
scw/1637/163700510010.001/swg.fits[1]
scw/1637/163700520010.001/swg.fits[1]
scw/1637/163700530010.001/swg.fits[1]
scw/1637/163700760010.001/swg.fits[1]
scw/1637/163700920010.001/swg.fits[1]
scw/1638/163800200010.001/swg.fits[1]
scw/1638/163800210010.001/swg.fits[1]
scw/1638/163800360010.001/swg.fits[1]
scw/1638/163800370010.001/swg.fits[1]
scw/1638/163800590010.001/swg.fits[1]
scw/1638/163800750010.001/swg.fits[1]
scw/1638/163800940010.001/swg.fits[1]
scw/1638/163800980010.001/swg.fits[1]
scw/1638/163800990010.001/swg.fits[1]
scw/1641/164100100010.001/swg.fits[1]
scw/1641/164100140010.001/swg.fits[1]
scw/1641/164100150010.001/swg.fits[1]
scw/1641/164100330010.001/swg.fits[1]
scw/1641/164100370010.001/swg.fits[1]
scw/1641/164100380010.001/swg.fits[1]
scw/1641/164100490010.001/swg.fits[1]
scw/1641/164100530010.001/swg.fits[1]
scw/1641/164100540010.001/swg.fits[1]
scw/1641/164100770010.001/swg.fits[1]
scw/1641/164100930010.001/swg.fits[1]
scw/1651/165100130010.001/swg.fits[1]
scw/1651/165100140010.001/swg.fits[1]
scw/1651/165100290010.001/swg.fits[1]
scw/1651/165100300010.001/swg.fits[1]
scw/1651/165100530010.001/swg.fits[1]
scw/1651/165100690010.001/swg.fits[1]
scw/1651/165100920010.001/swg.fits[1]
scw/1699/169900780010.001/swg.fits[1]
scw/1700/170000130010.001/swg.fits[1]
scw/1700/170000290010.001/swg.fits[1]
scw/1700/170000840010.001/swg.fits[1]
scw/1701/170100750010.001/swg.fits[1]
scw/1701/170100760010.001/swg.fits[1]
scw/1701/170100910010.001/swg.fits[1]
scw/1702/170200580010.001/swg.fits[1]
scw/1703/170300110010.001/swg.fits[1]
scw/1703/170300350010.001/swg.fits[1]
scw/1703/170300580010.001/swg.fits[1]
scw/1711/171100690010.001/swg.fits[1]
scw/1711/171100840010.001/swg.fits[1]
scw/1713/171300100010.001/swg.fits[1]
scw/1713/171300110010.001/swg.fits[1]
scw/1713/171300250010.001/swg.fits[1]
scw/1713/171300260010.001/swg.fits[1]
scw/1713/171300270010.001/swg.fits[1]
scw/1716/171600190010.001/swg.fits[1]
scw/1716/171600200010.001/swg.fits[1]
scw/1716/171600350010.001/swg.fits[1]
scw/1717/171700440010.001/swg.fits[1]
scw/1717/171700600010.001/swg.fits[1]
scw/1717/171700610010.001/swg.fits[1]
scw/1718/171800950010.001/swg.fits[1]
scw/1718/171800960010.001/swg.fits[1]
scw/1718/171800960020.001/swg.fits[1]
scw/1719/171900460010.001/swg.fits[1]
scw/1719/171900470010.001/swg.fits[1]
scw/1719/171900480010.001/swg.fits[1]
scw/1719/171900620010.001/swg.fits[1]
scw/1719/171900630010.001/swg.fits[1]
scw/1719/171900640010.001/swg.fits[1]
scw/1720/172000190010.001/swg.fits[1]
scw/1720/172000510010.001/swg.fits[1]
scw/1721/172100420010.001/swg.fits[1]
scw/1721/172100570010.001/swg.fits[1]
scw/1721/172100720010.001/swg.fits[1]
scw/1721/172100730010.001/swg.fits[1]
scw/1721/172100740010.001/swg.fits[1]
scw/1721/172100890010.001/swg.fits[1]
scw/1769/176900530010.001/swg.fits[1]
scw/1769/176900800010.001/swg.fits[1]
scw/1769/176900840010.001/swg.fits[1]
scw/1769/176900850010.001/swg.fits[1]
scw/1769/176901000010.001/swg.fits[1]
scw/1770/177000520010.001/swg.fits[1]
scw/1770/177000530010.001/swg.fits[1]
scw/1770/177000840010.001/swg.fits[1]
scw/1770/177000850010.001/swg.fits[1]
scw/1770/177000960010.001/swg.fits[1]
scw/1770/177001000010.001/swg.fits[1]
scw/1777/177700130010.001/swg.fits[1]
scw/1777/177700140010.001/swg.fits[1]
scw/1777/177700450010.001/swg.fits[1]
scw/1777/177700610010.001/swg.fits[1]
scw/1777/177700620010.001/swg.fits[1]
scw/1777/177700930010.001/swg.fits[1]
scw/1777/177700940010.001/swg.fits[1]
scw/1778/177800100010.001/swg.fits[1]
scw/1778/177800260010.001/swg.fits[1]
scw/1778/177800270010.001/swg.fits[1]
scw/1778/177800420010.001/swg.fits[1]
scw/1778/177800430010.001/swg.fits[1]
scw/1778/177800540010.001/swg.fits[1]
scw/1778/177800580010.001/swg.fits[1]
scw/1778/177800590010.001/swg.fits[1]
scw/1778/177800910010.001/swg.fits[1]
scw/1779/177900090010.001/swg.fits[1]
scw/1779/177900210010.001/swg.fits[1]
scw/1779/177900250010.001/swg.fits[1]
scw/1779/177900260010.001/swg.fits[1]
scw/1779/177900410010.001/swg.fits[1]
scw/1779/177900570010.001/swg.fits[1]
scw/1779/177900810010.001/swg.fits[1]
scw/1779/177900820010.001/swg.fits[1]
scw/1779/177900970010.001/swg.fits[1]
scw/1780/178000140010.001/swg.fits[1]
scw/1780/178000300010.001/swg.fits[1]
scw/1780/178000310010.001/swg.fits[1]
scw/1780/178000460010.001/swg.fits[1]
scw/1780/178000470010.001/swg.fits[1]
scw/1838/183800590010.001/swg.fits[1]
scw/1838/183800600010.001/swg.fits[1]
scw/1838/183800760010.001/swg.fits[1]
scw/1838/183800910010.001/swg.fits[1]
scw/1838/183800920010.001/swg.fits[1]
scw/1839/183900380010.001/swg.fits[1]
scw/1839/183900550010.001/swg.fits[1]
scw/1839/183900700010.001/swg.fits[1]
scw/1839/183900710010.001/swg.fits[1]
scw/1839/183900860010.001/swg.fits[1]
scw/1840/184000830010.001/swg.fits[1]
scw/1841/184100710010.001/swg.fits[1]
scw/1841/184100720010.001/swg.fits[1]
scw/1841/184100860010.001/swg.fits[1]
scw/1841/184100870010.001/swg.fits[1]
scw/1841/184100880010.001/swg.fits[1]
scw/1842/184200390010.001/swg.fits[1]
scw/1842/184200400010.001/swg.fits[1]
scw/1842/184200550010.001/swg.fits[1]
scw/1842/184200560010.001/swg.fits[1]
scw/1842/184200710010.001/swg.fits[1]
scw/1842/184200880010.001/swg.fits[1]
scw/1844/184400650010.001/swg.fits[1]
scw/1844/184400660010.001/swg.fits[1]
scw/1844/184400670010.001/swg.fits[1]
scw/1844/184400820010.001/swg.fits[1]
scw/1844/184400830010.001/swg.fits[1]
scw/1844/184400980010.001/swg.fits[1]
scw/1844/184400990010.001/swg.fits[1]
scw/1851/185100110010.001/swg.fits[1]
scw/1854/185400370010.001/swg.fits[1]
scw/1854/185400530010.001/swg.fits[1]
scw/1908/190800140010.001/swg.fits[1]
scw/1908/190800300010.001/swg.fits[1]
scw/1908/190800310010.001/swg.fits[1]
scw/1908/190800470010.001/swg.fits[1]
scw/1908/190800630010.001/swg.fits[1]
scw/1908/190800780010.001/swg.fits[1]
scw/1908/190800790010.001/swg.fits[1]
scw/1909/190900100010.001/swg.fits[1]
scw/1909/190900140010.001/swg.fits[1]
scw/1909/190900150010.001/swg.fits[1]
scw/1909/190900310010.001/swg.fits[1]
scw/1909/190900470010.001/swg.fits[1]
scw/1909/190900620010.001/swg.fits[1]
scw/1909/190900630010.001/swg.fits[1]
scw/1909/190900780010.001/swg.fits[1]
scw/1909/190900790010.001/swg.fits[1]
scw/1909/190900900010.001/swg.fits[1]
scw/1909/190900940010.001/swg.fits[1]
scw/1909/190900950010.001/swg.fits[1]
scw/2271/227100620010.001/swg.fits[1]
scw/2320/232000090010.001/swg.fits[1]
