scw/0320/032000660010.001/swg.fits[1]
scw/0320/032000880010.001/swg.fits[1]
scw/0321/032100900010.001/swg.fits[1]
scw/0334/033400380010.001/swg.fits[1]
scw/0443/044300720010.001/swg.fits[1]
scw/0443/044300730010.001/swg.fits[1]
scw/0445/044500480010.001/swg.fits[1]
scw/0748/074800540010.001/swg.fits[1]
scw/0748/074800550010.001/swg.fits[1]
scw/0749/074900460010.001/swg.fits[1]
scw/0749/074900470010.001/swg.fits[1]
scw/0750/075000480010.001/swg.fits[1]
scw/0750/075000490010.001/swg.fits[1]
scw/0751/075100400010.001/swg.fits[1]
scw/0751/075100610010.001/swg.fits[1]
scw/0759/075900090010.001/swg.fits[1]
scw/0813/081300420010.001/swg.fits[1]
scw/0813/081300630010.001/swg.fits[1]
scw/0815/081500500010.001/swg.fits[1]
scw/0816/081600510010.001/swg.fits[1]
scw/0817/081700510010.001/swg.fits[1]
scw/0817/081700520010.001/swg.fits[1]
scw/0818/081800330010.001/swg.fits[1]
scw/0818/081800340010.001/swg.fits[1]
scw/0818/081800620010.001/swg.fits[1]
scw/0819/081900190010.001/swg.fits[1]
scw/0819/081900460010.001/swg.fits[1]
scw/0819/081900470010.001/swg.fits[1]
scw/0820/082000160010.001/swg.fits[1]
scw/0820/082000360010.001/swg.fits[1]
scw/1492/149200220010.001/swg.fits[1]
scw/1492/149200280010.001/swg.fits[1]
scw/1492/149200290010.001/swg.fits[1]
scw/1493/149300210010.001/swg.fits[1]
scw/1494/149400010010.001/swg.fits[1]
scw/1494/149400090010.001/swg.fits[1]
scw/1494/149400520010.001/swg.fits[1]
scw/1495/149500010010.001/swg.fits[1]
scw/1495/149500430010.001/swg.fits[1]
scw/1495/149500440010.001/swg.fits[1]
scw/1495/149500510010.001/swg.fits[1]
scw/1496/149600420010.001/swg.fits[1]
scw/1496/149600430010.001/swg.fits[1]
scw/1496/149600510010.001/swg.fits[1]
scw/1498/149800300010.001/swg.fits[1]
scw/1545/154500250010.001/swg.fits[1]
scw/1545/154500260010.001/swg.fits[1]
scw/1545/154500370010.001/swg.fits[1]
scw/1547/154700290010.001/swg.fits[1]
scw/1547/154700400010.001/swg.fits[1]
scw/1548/154800300010.001/swg.fits[1]
scw/1549/154900310010.001/swg.fits[1]
scw/1551/155100030010.001/swg.fits[1]
scw/1551/155100360010.001/swg.fits[1]
scw/1552/155200350010.001/swg.fits[1]
scw/1552/155200360010.001/swg.fits[1]
scw/1567/156700490010.001/swg.fits[1]
scw/1617/161700250010.001/swg.fits[1]
scw/1617/161700260010.001/swg.fits[1]
scw/1617/161700330010.001/swg.fits[1]
scw/1617/161700340010.001/swg.fits[1]
scw/1682/168200450010.001/swg.fits[1]
scw/1682/168200460010.001/swg.fits[1]
scw/1683/168300040010.001/swg.fits[1]
scw/1686/168600420010.001/swg.fits[1]
scw/1686/168600530010.001/swg.fits[1]
scw/1687/168700370010.001/swg.fits[1]
scw/1754/175400210010.001/swg.fits[1]
scw/1755/175500110010.001/swg.fits[1]
scw/1755/175500120010.001/swg.fits[1]
scw/1755/175500180010.001/swg.fits[1]
scw/1755/175500190010.001/swg.fits[1]
scw/1757/175700170010.001/swg.fits[1]
scw/1758/175800090010.001/swg.fits[1]
scw/1758/175800160010.001/swg.fits[1]
scw/1758/175800170010.001/swg.fits[1]
scw/1759/175900070010.001/swg.fits[1]
scw/1759/175900080010.001/swg.fits[1]
scw/1759/175900150010.001/swg.fits[1]
scw/1759/175900160010.001/swg.fits[1]
scw/1766/176600100010.001/swg.fits[1]
scw/1766/176600110010.001/swg.fits[1]
scw/1766/176600180010.001/swg.fits[1]
scw/1820/182000470010.001/swg.fits[1]
scw/1896/189600260010.001/swg.fits[1]
