scw/0951/095100150010.001/swg.fits[1]
scw/0951/095100160010.001/swg.fits[1]
scw/0951/095100170010.001/swg.fits[1]
scw/0951/095100520010.001/swg.fits[1]
scw/0951/095100530010.001/swg.fits[1]
scw/0951/095100540010.001/swg.fits[1]
scw/0952/095200110010.001/swg.fits[1]
scw/0952/095200120010.001/swg.fits[1]
scw/0952/095200130010.001/swg.fits[1]
scw/1073/107300260010.001/swg.fits[1]
scw/1073/107300270010.001/swg.fits[1]
scw/1073/107300280010.001/swg.fits[1]
scw/1073/107300490010.001/swg.fits[1]
scw/1073/107300500010.001/swg.fits[1]
scw/1073/107300510010.001/swg.fits[1]
scw/1198/119800830010.001/swg.fits[1]
scw/1198/119800840010.001/swg.fits[1]
scw/1198/119800850010.001/swg.fits[1]
scw/1257/125700680010.001/swg.fits[1]
scw/1257/125700690010.001/swg.fits[1]
scw/1318/131800350010.001/swg.fits[1]
scw/1318/131800360010.001/swg.fits[1]
scw/1318/131800370010.001/swg.fits[1]
scw/1318/131800850010.001/swg.fits[1]
scw/1318/131800860010.001/swg.fits[1]
scw/1318/131800870010.001/swg.fits[1]
scw/1496/149600020010.001/swg.fits[1]
scw/1496/149600570010.001/swg.fits[1]
scw/2338/233800380010.001/swg.fits[1]
scw/2474/247400380010.001/swg.fits[1]
