scw/0343/034300370010.001/swg.fits[1]
scw/0344/034400120010.001/swg.fits[1]
scw/0344/034400210010.001/swg.fits[1]
scw/0344/034400220010.001/swg.fits[1]
scw/0344/034400310010.001/swg.fits[1]
scw/0346/034600080010.001/swg.fits[1]
scw/0346/034600090010.001/swg.fits[1]
scw/0346/034600100010.001/swg.fits[1]
scw/1073/107300920010.001/swg.fits[1]
scw/1075/107500020010.001/swg.fits[1]
scw/1077/107700040010.001/swg.fits[1]
scw/1256/125600890010.001/swg.fits[1]
scw/1258/125800400010.001/swg.fits[1]
scw/1258/125800410010.001/swg.fits[1]
scw/1259/125900330010.001/swg.fits[1]
scw/1259/125900340010.001/swg.fits[1]
scw/1259/125900420010.001/swg.fits[1]
scw/1331/133100630010.001/swg.fits[1]
scw/1440/144000190010.001/swg.fits[1]
scw/1440/144000600010.001/swg.fits[1]
scw/1441/144100470010.001/swg.fits[1]
scw/1441/144100480010.001/swg.fits[1]
scw/1441/144100550010.001/swg.fits[1]
scw/1441/144100560010.001/swg.fits[1]
scw/1442/144200450010.001/swg.fits[1]
scw/1442/144200460010.001/swg.fits[1]
scw/1447/144700410010.001/swg.fits[1]
scw/1447/144700420010.001/swg.fits[1]
scw/1503/150300170010.001/swg.fits[1]
scw/1520/152000320010.001/swg.fits[1]
scw/1987/198700260010.001/swg.fits[1]
scw/1987/198700270010.001/swg.fits[1]
scw/2121/212100370010.001/swg.fits[1]
scw/2121/212100410010.001/swg.fits[1]
scw/2121/212100420010.001/swg.fits[1]
scw/2123/212300350010.001/swg.fits[1]
scw/2123/212300360010.001/swg.fits[1]
scw/2143/214300160010.001/swg.fits[1]
scw/2143/214300170010.001/swg.fits[1]
scw/2143/214300200010.001/swg.fits[1]
scw/2143/214300210010.001/swg.fits[1]
scw/2143/214300370010.001/swg.fits[1]
scw/2143/214300380010.001/swg.fits[1]
scw/2143/214300400010.001/swg.fits[1]
scw/2143/214300410010.001/swg.fits[1]
scw/2187/218700050010.001/swg.fits[1]
scw/2187/218700060010.001/swg.fits[1]
scw/2187/218700520010.001/swg.fits[1]
scw/2188/218800040010.001/swg.fits[1]
scw/2188/218800050010.001/swg.fits[1]
scw/2188/218800500010.001/swg.fits[1]
scw/2188/218800510010.001/swg.fits[1]
scw/2189/218900020010.001/swg.fits[1]
scw/2189/218900030010.001/swg.fits[1]
scw/2189/218900470010.001/swg.fits[1]
scw/2189/218900480010.001/swg.fits[1]
scw/2189/218900520010.001/swg.fits[1]
scw/2189/218900530010.001/swg.fits[1]
scw/2257/225700190010.001/swg.fits[1]
scw/2257/225700200010.001/swg.fits[1]
scw/2258/225800570010.001/swg.fits[1]
scw/2258/225800580010.001/swg.fits[1]
scw/2265/226500170010.001/swg.fits[1]
scw/2265/226500200010.001/swg.fits[1]
scw/2265/226500210010.001/swg.fits[1]
scw/2267/226700570010.001/swg.fits[1]
scw/2267/226700580010.001/swg.fits[1]
scw/2270/227000560010.001/swg.fits[1]
scw/2270/227000570010.001/swg.fits[1]
scw/2325/232500710010.001/swg.fits[1]
scw/2325/232500720010.001/swg.fits[1]
scw/2329/232900340010.001/swg.fits[1]
scw/2345/234500430010.001/swg.fits[1]
scw/2345/234500440010.001/swg.fits[1]
scw/2345/234500450010.001/swg.fits[1]
scw/2394/239400020010.001/swg.fits[1]
scw/2394/239400030010.001/swg.fits[1]
scw/2394/239400060010.001/swg.fits[1]
scw/2394/239400070010.001/swg.fits[1]
scw/2397/239700120010.001/swg.fits[1]
scw/2397/239700160010.001/swg.fits[1]
scw/2397/239700170010.001/swg.fits[1]
scw/2399/239900160010.001/swg.fits[1]
scw/2399/239900170010.001/swg.fits[1]
scw/2460/246000410010.001/swg.fits[1]
scw/2460/246000420010.001/swg.fits[1]
scw/2462/246200620010.001/swg.fits[1]
scw/2462/246200650010.001/swg.fits[1]
scw/2462/246200660010.001/swg.fits[1]
scw/2464/246400640010.001/swg.fits[1]
scw/2464/246400650010.001/swg.fits[1]
scw/2464/246400690010.001/swg.fits[1]
scw/2464/246400700010.001/swg.fits[1]
