scw/1646/164600330010.001/swg.fits[1]
scw/1647/164700270010.001/swg.fits[1]
scw/1647/164700280010.001/swg.fits[1]
scw/1647/164700320010.001/swg.fits[1]
scw/1647/164700330010.001/swg.fits[1]
scw/1647/164700340010.001/swg.fits[1]
scw/1648/164800080010.001/swg.fits[1]
scw/1648/164800090010.001/swg.fits[1]
scw/1648/164800120010.001/swg.fits[1]
scw/1648/164800130010.001/swg.fits[1]
scw/1649/164900350010.001/swg.fits[1]
scw/1649/164900360010.001/swg.fits[1]
scw/1650/165000140010.001/swg.fits[1]
scw/1650/165000390010.001/swg.fits[1]
scw/1650/165000400010.001/swg.fits[1]
scw/1650/165000610010.001/swg.fits[1]
scw/1650/165000620010.001/swg.fits[1]
scw/1650/165000660010.001/swg.fits[1]
scw/1650/165000670010.001/swg.fits[1]
scw/1650/165000680010.001/swg.fits[1]
scw/1650/165000690010.001/swg.fits[1]
scw/1650/165000710010.001/swg.fits[1]
scw/1650/165000720010.001/swg.fits[1]
scw/1650/165000920010.001/swg.fits[1]
scw/1652/165200590010.001/swg.fits[1]
scw/1652/165200600010.001/swg.fits[1]
scw/1652/165200640010.001/swg.fits[1]
scw/1652/165200650010.001/swg.fits[1]
scw/1652/165200660010.001/swg.fits[1]
scw/1652/165200920010.001/swg.fits[1]
scw/1652/165200930010.001/swg.fits[1]
scw/1653/165300270010.001/swg.fits[1]
scw/1653/165300280010.001/swg.fits[1]
scw/1653/165300310010.001/swg.fits[1]
scw/1653/165300320010.001/swg.fits[1]
scw/1653/165300330010.001/swg.fits[1]
scw/1653/165300520010.001/swg.fits[1]
scw/1653/165300580010.001/swg.fits[1]
scw/1653/165300590010.001/swg.fits[1]
scw/1653/165300600010.001/swg.fits[1]
scw/1654/165400330010.001/swg.fits[1]
scw/1655/165500030010.001/swg.fits[1]
scw/1655/165500260010.001/swg.fits[1]
scw/1655/165500270010.001/swg.fits[1]
scw/1655/165500310010.001/swg.fits[1]
scw/1655/165500320010.001/swg.fits[1]
scw/1655/165500330010.001/swg.fits[1]
scw/1657/165700290010.001/swg.fits[1]
scw/1657/165700300010.001/swg.fits[1]
scw/1657/165700330010.001/swg.fits[1]
scw/1657/165700340010.001/swg.fits[1]
scw/1657/165700620010.001/swg.fits[1]
scw/1658/165800350010.001/swg.fits[1]
scw/1658/165800510010.001/swg.fits[1]
scw/1658/165800670010.001/swg.fits[1]
scw/1658/165800740010.001/swg.fits[1]
scw/1658/165800900010.001/swg.fits[1]
scw/1659/165900180010.001/swg.fits[1]
scw/1659/165900250010.001/swg.fits[1]
scw/1659/165900410010.001/swg.fits[1]
scw/1659/165900570010.001/swg.fits[1]
scw/1659/165900640010.001/swg.fits[1]
scw/1659/165900800010.001/swg.fits[1]
scw/1659/165900960010.001/swg.fits[1]
scw/1665/166500770010.001/swg.fits[1]
scw/1665/166500930010.001/swg.fits[1]
scw/1666/166600150010.001/swg.fits[1]
scw/1666/166600390010.001/swg.fits[1]
scw/1666/166600400010.001/swg.fits[1]
scw/1666/166600410010.001/swg.fits[1]
scw/1666/166600420010.001/swg.fits[1]
scw/1666/166600530010.001/swg.fits[1]
scw/1667/166700270010.001/swg.fits[1]
scw/1667/166700330010.001/swg.fits[1]
scw/1667/166700340010.001/swg.fits[1]
scw/1667/166700370010.001/swg.fits[1]
scw/1667/166700380010.001/swg.fits[1]
scw/1668/166800230010.001/swg.fits[1]
scw/1668/166800270010.001/swg.fits[1]
scw/1668/166800280010.001/swg.fits[1]
scw/1668/166800290010.001/swg.fits[1]
scw/1668/166800330010.001/swg.fits[1]
scw/1669/166900590010.001/swg.fits[1]
scw/1669/166900600010.001/swg.fits[1]
scw/1670/167000670010.001/swg.fits[1]
scw/1714/171400610010.001/swg.fits[1]
scw/1714/171400620010.001/swg.fits[1]
scw/1716/171600720010.001/swg.fits[1]
scw/1716/171600730010.001/swg.fits[1]
scw/1716/171600740010.001/swg.fits[1]
scw/1716/171600780010.001/swg.fits[1]
scw/1717/171700120010.001/swg.fits[1]
scw/1717/171700140010.001/swg.fits[1]
scw/1717/171700150010.001/swg.fits[1]
scw/1717/171700160010.001/swg.fits[1]
scw/1717/171700210010.001/swg.fits[1]
scw/1717/171700220010.001/swg.fits[1]
scw/1718/171800130010.001/swg.fits[1]
scw/1718/171800140010.001/swg.fits[1]
scw/1719/171900090010.001/swg.fits[1]
scw/1720/172000700010.001/swg.fits[1]
scw/1720/172000750010.001/swg.fits[1]
scw/1720/172000760010.001/swg.fits[1]
scw/1720/172000810010.001/swg.fits[1]
scw/1720/172000820010.001/swg.fits[1]
scw/1721/172100170010.001/swg.fits[1]
scw/1721/172100190010.001/swg.fits[1]
scw/1721/172100200010.001/swg.fits[1]
scw/1721/172100210010.001/swg.fits[1]
scw/1721/172100270010.001/swg.fits[1]
scw/1725/172500350010.001/swg.fits[1]
scw/1725/172500790010.001/swg.fits[1]
scw/1726/172600290010.001/swg.fits[1]
scw/1726/172600450010.001/swg.fits[1]
scw/1726/172600730010.001/swg.fits[1]
scw/1728/172800180010.001/swg.fits[1]
scw/1728/172800190010.001/swg.fits[1]
scw/1728/172800200010.001/swg.fits[1]
scw/1728/172800230010.001/swg.fits[1]
scw/1728/172800240010.001/swg.fits[1]
scw/1729/172900120010.001/swg.fits[1]
scw/1729/172900160010.001/swg.fits[1]
scw/1729/172900170010.001/swg.fits[1]
scw/1729/172900180010.001/swg.fits[1]
scw/1729/172900220010.001/swg.fits[1]
scw/1729/172900710010.001/swg.fits[1]
scw/1730/173000020010.001/swg.fits[1]
scw/1731/173100130010.001/swg.fits[1]
scw/1731/173100140010.001/swg.fits[1]
scw/1731/173100190010.001/swg.fits[1]
scw/1731/173100200010.001/swg.fits[1]
scw/1732/173200130010.001/swg.fits[1]
scw/1734/173400370010.001/swg.fits[1]
scw/1734/173400380010.001/swg.fits[1]
scw/1734/173400410010.001/swg.fits[1]
scw/1734/173400420010.001/swg.fits[1]
scw/1734/173400430010.001/swg.fits[1]
scw/1734/173400470010.001/swg.fits[1]
scw/1734/173400620010.001/swg.fits[1]
scw/1734/173400630010.001/swg.fits[1]
scw/1734/173400680010.001/swg.fits[1]
scw/1734/173400690010.001/swg.fits[1]
scw/1737/173700100010.001/swg.fits[1]
scw/1737/173700110010.001/swg.fits[1]
scw/1737/173700120010.001/swg.fits[1]
scw/1737/173700180010.001/swg.fits[1]
scw/1738/173800050010.001/swg.fits[1]
scw/1738/173800470010.001/swg.fits[1]
scw/1738/173800480010.001/swg.fits[1]
scw/1738/173800740010.001/swg.fits[1]
scw/1738/173800750010.001/swg.fits[1]
scw/1738/173800800010.001/swg.fits[1]
scw/1738/173800810010.001/swg.fits[1]
scw/1739/173900100010.001/swg.fits[1]
scw/1739/173900110010.001/swg.fits[1]
scw/1739/173900720010.001/swg.fits[1]
scw/1740/174000020010.001/swg.fits[1]
scw/1740/174000930010.001/swg.fits[1]
scw/1780/178000640010.001/swg.fits[1]
scw/1782/178200280010.001/swg.fits[1]
scw/1782/178200290010.001/swg.fits[1]
scw/1782/178200320010.001/swg.fits[1]
scw/1782/178200330010.001/swg.fits[1]
scw/1783/178300430010.001/swg.fits[1]
scw/1783/178300490010.001/swg.fits[1]
scw/1783/178300500010.001/swg.fits[1]
scw/1783/178300510010.001/swg.fits[1]
scw/1786/178600470010.001/swg.fits[1]
scw/1786/178600530010.001/swg.fits[1]
scw/1786/178600540010.001/swg.fits[1]
scw/1786/178600550010.001/swg.fits[1]
scw/1786/178600560010.001/swg.fits[1]
scw/1786/178600570010.001/swg.fits[1]
scw/1787/178700190010.001/swg.fits[1]
scw/1787/178700250010.001/swg.fits[1]
scw/1787/178700260010.001/swg.fits[1]
scw/1787/178700270010.001/swg.fits[1]
scw/1787/178700290010.001/swg.fits[1]
scw/1789/178900260010.001/swg.fits[1]
scw/1791/179100370010.001/swg.fits[1]
scw/1791/179100510010.001/swg.fits[1]
scw/1791/179100550010.001/swg.fits[1]
scw/1791/179100560010.001/swg.fits[1]
scw/1791/179100570010.001/swg.fits[1]
scw/1791/179100600010.001/swg.fits[1]
scw/1791/179100610010.001/swg.fits[1]
scw/1792/179200260010.001/swg.fits[1]
scw/1792/179200320010.001/swg.fits[1]
scw/1792/179200330010.001/swg.fits[1]
scw/1792/179200340010.001/swg.fits[1]
scw/1793/179300140010.001/swg.fits[1]
scw/1793/179300280010.001/swg.fits[1]
scw/1793/179300320010.001/swg.fits[1]
scw/1793/179300330010.001/swg.fits[1]
scw/1793/179300340010.001/swg.fits[1]
scw/1793/179300380010.001/swg.fits[1]
scw/1793/179300430010.001/swg.fits[1]
scw/1796/179600680010.001/swg.fits[1]
scw/1796/179600690010.001/swg.fits[1]
scw/1796/179600700010.001/swg.fits[1]
scw/1796/179600710010.001/swg.fits[1]
scw/1796/179600720010.001/swg.fits[1]
scw/1796/179600800010.001/swg.fits[1]
scw/1799/179900030010.001/swg.fits[1]
scw/1799/179900230010.001/swg.fits[1]
scw/1799/179900280010.001/swg.fits[1]
scw/1799/179900290010.001/swg.fits[1]
scw/1799/179900300010.001/swg.fits[1]
scw/1799/179900330010.001/swg.fits[1]
scw/1799/179900340010.001/swg.fits[1]
scw/1800/180000220010.001/swg.fits[1]
scw/1800/180000260010.001/swg.fits[1]
scw/1800/180000270010.001/swg.fits[1]
scw/1800/180000280010.001/swg.fits[1]
scw/1800/180000320010.001/swg.fits[1]
scw/1800/180000330010.001/swg.fits[1]
scw/1800/180000570010.001/swg.fits[1]
scw/1800/180000580010.001/swg.fits[1]
scw/1800/180000600010.001/swg.fits[1]
scw/1800/180000610010.001/swg.fits[1]
scw/1800/180000620010.001/swg.fits[1]
scw/1802/180200230010.001/swg.fits[1]
scw/1802/180200270010.001/swg.fits[1]
scw/1802/180200280010.001/swg.fits[1]
scw/1802/180200290010.001/swg.fits[1]
scw/1802/180200330010.001/swg.fits[1]
scw/1802/180200940010.001/swg.fits[1]
scw/1803/180300180010.001/swg.fits[1]
scw/1854/185400770010.001/swg.fits[1]
scw/1854/185400830010.001/swg.fits[1]
scw/1854/185400830020.001/swg.fits[1]
scw/1855/185500320010.001/swg.fits[1]
scw/1855/185500330010.001/swg.fits[1]
scw/1855/185500340010.001/swg.fits[1]
scw/1855/185500370010.001/swg.fits[1]
scw/1855/185500380010.001/swg.fits[1]
scw/1855/185500390010.001/swg.fits[1]
scw/1855/185500430010.001/swg.fits[1]
scw/1855/185500640010.001/swg.fits[1]
scw/1855/185500650010.001/swg.fits[1]
scw/1855/185500660010.001/swg.fits[1]
scw/1855/185500670010.001/swg.fits[1]
scw/1855/185500680010.001/swg.fits[1]
scw/1855/185500690010.001/swg.fits[1]
scw/1855/185500700010.001/swg.fits[1]
scw/1855/185500740010.001/swg.fits[1]
scw/1855/185500750010.001/swg.fits[1]
scw/1858/185800370010.001/swg.fits[1]
