scw/0321/032100130010.001/swg.fits[1]
scw/0321/032100140010.001/swg.fits[1]
scw/0334/033400580010.001/swg.fits[1]
scw/0334/033400590010.001/swg.fits[1]
scw/0334/033400600010.001/swg.fits[1]
scw/0444/044400350010.001/swg.fits[1]
scw/0444/044400360010.001/swg.fits[1]
scw/0444/044400830010.001/swg.fits[1]
scw/0445/044500690010.001/swg.fits[1]
scw/0445/044500700010.001/swg.fits[1]
scw/0747/074700300010.001/swg.fits[1]
scw/0747/074700310010.001/swg.fits[1]
scw/0748/074800400010.001/swg.fits[1]
scw/0748/074800410010.001/swg.fits[1]
scw/0748/074800460010.001/swg.fits[1]
scw/0749/074900610010.001/swg.fits[1]
scw/0751/075100470010.001/swg.fits[1]
scw/0751/075100480010.001/swg.fits[1]
scw/0751/075100530010.001/swg.fits[1]
scw/0751/075100540010.001/swg.fits[1]
scw/0753/075300400010.001/swg.fits[1]
scw/0753/075300410010.001/swg.fits[1]
scw/0753/075300480010.001/swg.fits[1]
scw/0753/075300490010.001/swg.fits[1]
scw/0758/075800420010.001/swg.fits[1]
scw/0758/075800430010.001/swg.fits[1]
scw/0814/081400410010.001/swg.fits[1]
scw/0814/081400420010.001/swg.fits[1]
scw/0814/081400470010.001/swg.fits[1]
scw/0814/081400480010.001/swg.fits[1]
scw/0816/081600360010.001/swg.fits[1]
scw/0816/081600420010.001/swg.fits[1]
scw/0817/081700580010.001/swg.fits[1]
scw/0817/081700590010.001/swg.fits[1]
scw/0817/081700650010.001/swg.fits[1]
scw/0819/081900040010.001/swg.fits[1]
scw/0819/081900050010.001/swg.fits[1]
scw/0819/081900120010.001/swg.fits[1]
scw/0819/081900130010.001/swg.fits[1]
scw/0819/081900540010.001/swg.fits[1]
scw/0819/081900550010.001/swg.fits[1]
scw/0876/087600100010.001/swg.fits[1]
scw/0876/087600110010.001/swg.fits[1]
scw/0876/087600420010.001/swg.fits[1]
scw/0876/087600430010.001/swg.fits[1]
scw/0878/087800400010.001/swg.fits[1]
scw/0878/087800510010.001/swg.fits[1]
scw/0879/087900210010.001/swg.fits[1]
scw/0879/087900220010.001/swg.fits[1]
scw/0879/087900400010.001/swg.fits[1]
scw/0880/088000090010.001/swg.fits[1]
scw/0880/088000100010.001/swg.fits[1]
scw/0880/088000270010.001/swg.fits[1]
scw/0880/088000280010.001/swg.fits[1]
scw/0929/092900040010.001/swg.fits[1]
scw/0929/092900050010.001/swg.fits[1]
scw/0929/092900230010.001/swg.fits[1]
scw/0930/093000220010.001/swg.fits[1]
scw/0930/093000230010.001/swg.fits[1]
scw/0930/093000410010.001/swg.fits[1]
scw/0931/093100150010.001/swg.fits[1]
scw/0931/093100340010.001/swg.fits[1]
scw/0931/093100590010.001/swg.fits[1]
scw/0932/093200520010.001/swg.fits[1]
scw/0932/093200530010.001/swg.fits[1]
scw/0937/093700090010.001/swg.fits[1]
scw/0937/093700100010.001/swg.fits[1]
scw/0937/093700520010.001/swg.fits[1]
scw/0949/094900020010.001/swg.fits[1]
scw/0997/099700170010.001/swg.fits[1]
scw/0997/099700180010.001/swg.fits[1]
scw/0997/099700350010.001/swg.fits[1]
scw/0997/099700360010.001/swg.fits[1]
scw/1003/100300090010.001/swg.fits[1]
scw/1003/100300270010.001/swg.fits[1]
scw/1003/100300280010.001/swg.fits[1]
scw/1003/100300590010.001/swg.fits[1]
scw/1004/100400160010.001/swg.fits[1]
scw/1004/100400470010.001/swg.fits[1]
scw/1004/100400480010.001/swg.fits[1]
scw/1004/100400650010.001/swg.fits[1]
scw/1005/100500120010.001/swg.fits[1]
scw/1005/100500130010.001/swg.fits[1]
scw/1005/100500440010.001/swg.fits[1]
scw/1005/100500450010.001/swg.fits[1]
scw/1006/100600410010.001/swg.fits[1]
scw/1006/100600520010.001/swg.fits[1]
scw/1053/105300360010.001/swg.fits[1]
scw/1055/105500320010.001/swg.fits[1]
scw/1055/105500330010.001/swg.fits[1]
scw/1057/105700150010.001/swg.fits[1]
scw/1057/105700160010.001/swg.fits[1]
scw/1058/105800280010.001/swg.fits[1]
scw/1059/105900350010.001/swg.fits[1]
scw/1059/105900360010.001/swg.fits[1]
scw/1059/105900540010.001/swg.fits[1]
scw/1060/106000610010.001/swg.fits[1]
scw/1061/106100530010.001/swg.fits[1]
scw/1061/106100540010.001/swg.fits[1]
scw/1063/106300380010.001/swg.fits[1]
scw/1063/106300390010.001/swg.fits[1]
scw/1063/106300570010.001/swg.fits[1]
scw/1067/106700390010.001/swg.fits[1]
scw/1067/106700400010.001/swg.fits[1]
scw/1067/106700500010.001/swg.fits[1]
scw/1068/106800610010.001/swg.fits[1]
scw/1117/111700210010.001/swg.fits[1]
scw/1118/111800460010.001/swg.fits[1]
scw/1119/111900130010.001/swg.fits[1]
scw/1119/111900140010.001/swg.fits[1]
scw/1120/112000490010.001/swg.fits[1]
scw/1121/112100380010.001/swg.fits[1]
scw/1121/112100390010.001/swg.fits[1]
scw/1121/112100560010.001/swg.fits[1]
scw/1121/112100570010.001/swg.fits[1]
scw/1123/112300350010.001/swg.fits[1]
scw/1123/112300530010.001/swg.fits[1]
scw/1123/112300540010.001/swg.fits[1]
scw/1124/112400440010.001/swg.fits[1]
scw/1124/112400630010.001/swg.fits[1]
scw/1125/112500280010.001/swg.fits[1]
scw/1125/112500290010.001/swg.fits[1]
scw/1125/112500460010.001/swg.fits[1]
scw/1125/112500470010.001/swg.fits[1]
scw/1127/112700090010.001/swg.fits[1]
scw/1127/112700100010.001/swg.fits[1]
scw/1128/112800150010.001/swg.fits[1]
scw/1128/112800160010.001/swg.fits[1]
scw/1180/118000230010.001/swg.fits[1]
scw/1180/118000240010.001/swg.fits[1]
scw/1180/118000420010.001/swg.fits[1]
scw/1181/118100400010.001/swg.fits[1]
scw/1181/118100410010.001/swg.fits[1]
scw/1181/118100420010.001/swg.fits[1]
scw/1181/118100430010.001/swg.fits[1]
scw/1182/118200390010.001/swg.fits[1]
scw/1182/118200400010.001/swg.fits[1]
scw/1182/118200580010.001/swg.fits[1]
scw/1188/118800030010.001/swg.fits[1]
scw/1188/118800040010.001/swg.fits[1]
scw/1188/118800050010.001/swg.fits[1]
scw/1188/118800060010.001/swg.fits[1]
scw/1191/119100170010.001/swg.fits[1]
scw/1191/119100180010.001/swg.fits[1]
scw/1192/119200010010.001/swg.fits[1]
scw/1192/119200020010.001/swg.fits[1]
scw/1192/119200030010.001/swg.fits[1]
scw/1192/119200040010.001/swg.fits[1]
scw/1235/123500470010.001/swg.fits[1]
scw/1235/123500780010.001/swg.fits[1]
scw/1242/124200070010.001/swg.fits[1]
scw/1242/124200170010.001/swg.fits[1]
scw/1242/124200180010.001/swg.fits[1]
scw/1242/124200490010.001/swg.fits[1]
scw/1242/124200500010.001/swg.fits[1]
scw/1243/124300570010.001/swg.fits[1]
scw/1243/124300590010.001/swg.fits[1]
scw/1492/149200130010.001/swg.fits[1]
scw/1492/149200570010.001/swg.fits[1]
scw/1493/149300340010.001/swg.fits[1]
scw/1493/149300350010.001/swg.fits[1]
scw/1493/149300530010.001/swg.fits[1]
scw/1493/149300540010.001/swg.fits[1]
scw/1495/149500080010.001/swg.fits[1]
scw/1495/149500090010.001/swg.fits[1]
scw/1495/149500350010.001/swg.fits[1]
scw/1495/149500360010.001/swg.fits[1]
scw/1495/149500370010.001/swg.fits[1]
scw/1496/149600080010.001/swg.fits[1]
scw/1496/149600090010.001/swg.fits[1]
scw/1496/149600350010.001/swg.fits[1]
scw/1496/149600360010.001/swg.fits[1]
scw/1497/149700160010.001/swg.fits[1]
scw/1497/149700400010.001/swg.fits[1]
scw/1497/149700410010.001/swg.fits[1]
scw/1498/149800120010.001/swg.fits[1]
