scw/0047/004700280010.001/swg.fits[1]
scw/0047/004700290010.001/swg.fits[1]
scw/0047/004700380010.001/swg.fits[1]
scw/0047/004700390010.001/swg.fits[1]
scw/0047/004700400010.001/swg.fits[1]
scw/0047/004700450010.001/swg.fits[1]
scw/0047/004700460010.001/swg.fits[1]
scw/0047/004700540010.001/swg.fits[1]
scw/0047/004700550010.001/swg.fits[1]
scw/0050/005000410010.001/swg.fits[1]
scw/0050/005000420010.001/swg.fits[1]
scw/0050/005000610010.001/swg.fits[1]
scw/0050/005000620010.001/swg.fits[1]
scw/0055/005500120010.001/swg.fits[1]
scw/0055/005500200010.001/swg.fits[1]
scw/0055/005500210010.001/swg.fits[1]
scw/0055/005500220010.001/swg.fits[1]
scw/0055/005500290010.001/swg.fits[1]
scw/0055/005500450010.001/swg.fits[1]
scw/0057/005700670010.001/swg.fits[1]
scw/0057/005700750010.001/swg.fits[1]
scw/0057/005700760010.001/swg.fits[1]
scw/0057/005700770010.001/swg.fits[1]
scw/0057/005700840010.001/swg.fits[1]
scw/0057/005700960010.001/swg.fits[1]
scw/0058/005800040010.001/swg.fits[1]
scw/0060/006000120010.001/swg.fits[1]
scw/0060/006000200010.001/swg.fits[1]
scw/0060/006000210010.001/swg.fits[1]
scw/0060/006000220010.001/swg.fits[1]
scw/0060/006000290010.001/swg.fits[1]
scw/0060/006000410010.001/swg.fits[1]
scw/0060/006000450010.001/swg.fits[1]
scw/0116/011600920010.001/swg.fits[1]
scw/0116/011600930010.001/swg.fits[1]
scw/0118/011800050010.001/swg.fits[1]
scw/0118/011800060010.001/swg.fits[1]
scw/0118/011800070010.001/swg.fits[1]
scw/0157/015700180010.001/swg.fits[1]
scw/0164/016400940010.001/swg.fits[1]
scw/0164/016400950010.001/swg.fits[1]
scw/0165/016500120010.001/swg.fits[1]
scw/0167/016700570010.001/swg.fits[1]
scw/0167/016700580010.001/swg.fits[1]
scw/0167/016700630010.001/swg.fits[1]
scw/0167/016700640010.001/swg.fits[1]
scw/0175/017500410010.001/swg.fits[1]
scw/0175/017500420010.001/swg.fits[1]
scw/0222/022200320010.001/swg.fits[1]
scw/0222/022200330010.001/swg.fits[1]
scw/0222/022200340010.001/swg.fits[1]
scw/0222/022200370010.001/swg.fits[1]
scw/0222/022200380010.001/swg.fits[1]
scw/0223/022300130010.001/swg.fits[1]
scw/0223/022300140010.001/swg.fits[1]
scw/0223/022300150010.001/swg.fits[1]
scw/0223/022300180010.001/swg.fits[1]
scw/0223/022300190010.001/swg.fits[1]
scw/0223/022300530010.001/swg.fits[1]
scw/0223/022300540010.001/swg.fits[1]
scw/0223/022300570010.001/swg.fits[1]
scw/0223/022300580010.001/swg.fits[1]
scw/0223/022300590010.001/swg.fits[1]
scw/0229/022900130010.001/swg.fits[1]
scw/0232/023200220010.001/swg.fits[1]
scw/0232/023200230010.001/swg.fits[1]
scw/0232/023200240010.001/swg.fits[1]
scw/0232/023200250010.001/swg.fits[1]
scw/0233/023300250010.001/swg.fits[1]
scw/0233/023300670010.001/swg.fits[1]
scw/0233/023300680010.001/swg.fits[1]
scw/0233/023300690010.001/swg.fits[1]
scw/0233/023300700010.001/swg.fits[1]
scw/0234/023400570010.001/swg.fits[1]
scw/0283/028300200010.001/swg.fits[1]
scw/0283/028300240010.001/swg.fits[1]
scw/0283/028300250010.001/swg.fits[1]
scw/0283/028300260010.001/swg.fits[1]
scw/0283/028300280010.001/swg.fits[1]
scw/0283/028300290010.001/swg.fits[1]
scw/0283/028300300010.001/swg.fits[1]
scw/0283/028300340010.001/swg.fits[1]
scw/0284/028400520010.001/swg.fits[1]
scw/0284/028400530010.001/swg.fits[1]
scw/0284/028400540010.001/swg.fits[1]
scw/0284/028400560010.001/swg.fits[1]
scw/0284/028400570010.001/swg.fits[1]
scw/0284/028400580010.001/swg.fits[1]
scw/0284/028400620010.001/swg.fits[1]
scw/0285/028500440010.001/swg.fits[1]
scw/0285/028500480010.001/swg.fits[1]
scw/0285/028500490010.001/swg.fits[1]
scw/0285/028500500010.001/swg.fits[1]
scw/0285/028500520010.001/swg.fits[1]
scw/0285/028500530010.001/swg.fits[1]
scw/0285/028500540010.001/swg.fits[1]
scw/0285/028500580010.001/swg.fits[1]
scw/0287/028700480010.001/swg.fits[1]
scw/0287/028700520010.001/swg.fits[1]
scw/0287/028700530010.001/swg.fits[1]
scw/0287/028700540010.001/swg.fits[1]
scw/0287/028700560010.001/swg.fits[1]
scw/0287/028700570010.001/swg.fits[1]
scw/0287/028700580010.001/swg.fits[1]
scw/0287/028700620010.001/swg.fits[1]
scw/0288/028800470010.001/swg.fits[1]
scw/0288/028800510010.001/swg.fits[1]
scw/0288/028800520010.001/swg.fits[1]
scw/0288/028800530010.001/swg.fits[1]
scw/0288/028800550010.001/swg.fits[1]
scw/0288/028800560010.001/swg.fits[1]
scw/0288/028800570010.001/swg.fits[1]
scw/0288/028800610010.001/swg.fits[1]
scw/0292/029200520010.001/swg.fits[1]
scw/0292/029200560010.001/swg.fits[1]
scw/0292/029200570010.001/swg.fits[1]
scw/0292/029200580010.001/swg.fits[1]
scw/0292/029200600010.001/swg.fits[1]
scw/0292/029200610010.001/swg.fits[1]
scw/0292/029200620010.001/swg.fits[1]
scw/0292/029200660010.001/swg.fits[1]
scw/0293/029300420010.001/swg.fits[1]
scw/0293/029300460010.001/swg.fits[1]
scw/0293/029300470010.001/swg.fits[1]
scw/0293/029300480010.001/swg.fits[1]
scw/0293/029300500010.001/swg.fits[1]
scw/0293/029300510010.001/swg.fits[1]
scw/0293/029300520010.001/swg.fits[1]
scw/0293/029300560010.001/swg.fits[1]
scw/0301/030100700010.001/swg.fits[1]
scw/0301/030100710010.001/swg.fits[1]
scw/0301/030100720010.001/swg.fits[1]
scw/0301/030100770010.001/swg.fits[1]
scw/0301/030100780010.001/swg.fits[1]
scw/0301/030100790010.001/swg.fits[1]
scw/0302/030200510010.001/swg.fits[1]
scw/0302/030200520010.001/swg.fits[1]
scw/0302/030200530010.001/swg.fits[1]
scw/0302/030200580010.001/swg.fits[1]
scw/0302/030200590010.001/swg.fits[1]
scw/0302/030200600010.001/swg.fits[1]
scw/0302/030200820010.001/swg.fits[1]
scw/0302/030200830010.001/swg.fits[1]
scw/0302/030200880010.001/swg.fits[1]
scw/0302/030200890010.001/swg.fits[1]
scw/0303/030300750010.001/swg.fits[1]
scw/0303/030300760010.001/swg.fits[1]
scw/0303/030300810010.001/swg.fits[1]
scw/0303/030300820010.001/swg.fits[1]
scw/0347/034700130010.001/swg.fits[1]
scw/0347/034700270010.001/swg.fits[1]
scw/0347/034700350010.001/swg.fits[1]
scw/0347/034700540010.001/swg.fits[1]
scw/0347/034700550010.001/swg.fits[1]
scw/0347/034700560010.001/swg.fits[1]
scw/0347/034700570010.001/swg.fits[1]
scw/0347/034700640010.001/swg.fits[1]
scw/0347/034700650010.001/swg.fits[1]
scw/0350/035000120010.001/swg.fits[1]
scw/0350/035000130010.001/swg.fits[1]
scw/0350/035000140010.001/swg.fits[1]
scw/0350/035000220010.001/swg.fits[1]
scw/0350/035000330010.001/swg.fits[1]
scw/0350/035000700010.001/swg.fits[1]
scw/0350/035000710010.001/swg.fits[1]
scw/0350/035000720010.001/swg.fits[1]
scw/0350/035000770010.001/swg.fits[1]
scw/0350/035000780010.001/swg.fits[1]
scw/0350/035000790010.001/swg.fits[1]
scw/0351/035100320010.001/swg.fits[1]
scw/0351/035100330010.001/swg.fits[1]
scw/0351/035100340010.001/swg.fits[1]
scw/0351/035100350010.001/swg.fits[1]
scw/0351/035100360010.001/swg.fits[1]
scw/0351/035100370010.001/swg.fits[1]
scw/0351/035100420010.001/swg.fits[1]
scw/0351/035100430010.001/swg.fits[1]
scw/0351/035100440010.001/swg.fits[1]
scw/0353/035300130010.001/swg.fits[1]
scw/0353/035300140010.001/swg.fits[1]
scw/0353/035300330010.001/swg.fits[1]
scw/0353/035300340010.001/swg.fits[1]
scw/0353/035300350010.001/swg.fits[1]
scw/0353/035300360010.001/swg.fits[1]
scw/0353/035300370010.001/swg.fits[1]
scw/0353/035300550010.001/swg.fits[1]
scw/0353/035300560010.001/swg.fits[1]
scw/0353/035300630010.001/swg.fits[1]
scw/0353/035300640010.001/swg.fits[1]
scw/0354/035400410010.001/swg.fits[1]
scw/0354/035400480010.001/swg.fits[1]
scw/0354/035400490010.001/swg.fits[1]
scw/0354/035400680010.001/swg.fits[1]
scw/0354/035400690010.001/swg.fits[1]
scw/0354/035400700010.001/swg.fits[1]
scw/0354/035400710010.001/swg.fits[1]
scw/0354/035400780010.001/swg.fits[1]
scw/0354/035400790010.001/swg.fits[1]
scw/0399/039900580010.001/swg.fits[1]
scw/0407/040700160010.001/swg.fits[1]
scw/0411/041100160010.001/swg.fits[1]
scw/0419/041900530010.001/swg.fits[1]
scw/0423/042300190010.001/swg.fits[1]
scw/0463/046300360010.001/swg.fits[1]
scw/0468/046800250010.001/swg.fits[1]
