scw/0131/013100270010.001/swg.fits[1]
scw/0131/013100280010.001/swg.fits[1]
scw/0131/013100280020.001/swg.fits[1]
scw/0131/013100460010.001/swg.fits[1]
scw/0131/013100470010.001/swg.fits[1]
scw/0132/013200290010.001/swg.fits[1]
scw/0132/013200300010.001/swg.fits[1]
scw/0132/013200480010.001/swg.fits[1]
scw/0132/013200490010.001/swg.fits[1]
scw/0133/013300150010.001/swg.fits[1]
scw/0133/013300160010.001/swg.fits[1]
scw/0133/013300340010.001/swg.fits[1]
scw/0133/013300350010.001/swg.fits[1]
scw/0179/017900660010.001/swg.fits[1]
scw/0179/017900670010.001/swg.fits[1]
scw/0179/017900670020.001/swg.fits[1]
scw/0180/018000050010.001/swg.fits[1]
scw/0180/018000210010.001/swg.fits[1]
scw/0180/018000220010.001/swg.fits[1]
scw/0180/018000230010.001/swg.fits[1]
scw/0180/018000240010.001/swg.fits[1]
scw/0180/018000500010.001/swg.fits[1]
scw/0180/018000510010.001/swg.fits[1]
scw/0180/018000520010.001/swg.fits[1]
scw/0180/018000530010.001/swg.fits[1]
scw/0870/087000470010.001/swg.fits[1]
scw/0933/093300190010.001/swg.fits[1]
scw/1031/103100240010.001/swg.fits[1]
scw/1031/103100250010.001/swg.fits[1]
scw/1036/103600700010.001/swg.fits[1]
scw/1036/103600710010.001/swg.fits[1]
scw/1238/123800650010.001/swg.fits[1]
scw/1241/124100440010.001/swg.fits[1]
scw/1241/124100530010.001/swg.fits[1]
scw/1361/136100820010.001/swg.fits[1]
scw/1362/136200040010.001/swg.fits[1]
scw/1363/136300140010.001/swg.fits[1]
scw/1363/136300640010.001/swg.fits[1]
scw/1382/138200270010.001/swg.fits[1]
scw/1384/138400440010.001/swg.fits[1]
scw/1385/138500540010.001/swg.fits[1]
scw/1388/138800520010.001/swg.fits[1]
scw/1389/138900400010.001/swg.fits[1]
scw/1390/139000460010.001/swg.fits[1]
scw/1390/139000470010.001/swg.fits[1]
scw/1393/139300530010.001/swg.fits[1]
scw/1393/139300540010.001/swg.fits[1]
scw/1393/139300550010.001/swg.fits[1]
scw/1394/139400150010.001/swg.fits[1]
scw/1394/139400650010.001/swg.fits[1]
scw/1394/139400660010.001/swg.fits[1]
scw/1397/139700510010.001/swg.fits[1]
scw/1397/139700520010.001/swg.fits[1]
scw/1398/139800340010.001/swg.fits[1]
scw/1398/139800350010.001/swg.fits[1]
scw/1419/141900980010.001/swg.fits[1]
scw/1420/142000490010.001/swg.fits[1]
scw/1421/142100340010.001/swg.fits[1]
scw/1421/142100930010.001/swg.fits[1]
scw/1422/142200280010.001/swg.fits[1]
scw/1423/142300220010.001/swg.fits[1]
scw/1423/142300720010.001/swg.fits[1]
scw/1423/142300810010.001/swg.fits[1]
scw/1424/142400260010.001/swg.fits[1]
scw/1424/142400670010.001/swg.fits[1]
scw/1425/142500110010.001/swg.fits[1]
scw/1425/142500200010.001/swg.fits[1]
scw/1425/142500700010.001/swg.fits[1]
scw/1426/142600050010.001/swg.fits[1]
scw/1426/142600140010.001/swg.fits[1]
scw/1426/142600640010.001/swg.fits[1]
scw/1427/142700490010.001/swg.fits[1]
scw/1428/142800430010.001/swg.fits[1]
scw/2161/216100450010.001/swg.fits[1]
scw/2166/216600370010.001/swg.fits[1]
scw/2228/222800040010.001/swg.fits[1]
scw/2278/227800300010.001/swg.fits[1]
scw/2278/227800310010.001/swg.fits[1]
scw/2307/230700170010.001/swg.fits[1]
scw/2334/233400420010.001/swg.fits[1]
scw/2338/233800680010.001/swg.fits[1]
scw/2342/234200450010.001/swg.fits[1]
scw/2344/234400300010.001/swg.fits[1]
scw/2344/234400310010.001/swg.fits[1]
scw/2344/234400320010.001/swg.fits[1]
scw/2443/244300210010.001/swg.fits[1]
scw/2444/244400160010.001/swg.fits[1]
scw/2473/247300090010.001/swg.fits[1]
scw/2474/247400640010.001/swg.fits[1]
scw/2474/247400650010.001/swg.fits[1]
