scw/1955/195500170010.001/swg.fits[1]
scw/1955/195500180010.001/swg.fits[1]
scw/1955/195500260010.001/swg.fits[1]
scw/1955/195500350010.001/swg.fits[1]
scw/1955/195500360010.001/swg.fits[1]
scw/1955/195500370010.001/swg.fits[1]
scw/1955/195500380010.001/swg.fits[1]
scw/1956/195600180010.001/swg.fits[1]
scw/1956/195600190010.001/swg.fits[1]
scw/1956/195600200010.001/swg.fits[1]
scw/1956/195600210010.001/swg.fits[1]
scw/1956/195600290010.001/swg.fits[1]
scw/1956/195600310010.001/swg.fits[1]
scw/1956/195600370010.001/swg.fits[1]
scw/1956/195600380010.001/swg.fits[1]
scw/1956/195600390010.001/swg.fits[1]
scw/1956/195600410010.001/swg.fits[1]
scw/1957/195700060010.001/swg.fits[1]
scw/1957/195700140010.001/swg.fits[1]
scw/1957/195700150010.001/swg.fits[1]
scw/1957/195700160010.001/swg.fits[1]
scw/1957/195700340010.001/swg.fits[1]
scw/1957/195700350010.001/swg.fits[1]
scw/1957/195700360010.001/swg.fits[1]
scw/1957/195700370010.001/swg.fits[1]
scw/1958/195800140010.001/swg.fits[1]
scw/1958/195800150010.001/swg.fits[1]
scw/1958/195800160010.001/swg.fits[1]
scw/1958/195800170010.001/swg.fits[1]
scw/1958/195800340010.001/swg.fits[1]
scw/1958/195800350010.001/swg.fits[1]
scw/1958/195800360010.001/swg.fits[1]
scw/1958/195800370010.001/swg.fits[1]
scw/1958/195800440010.001/swg.fits[1]
scw/1959/195900020010.001/swg.fits[1]
scw/1959/195900100010.001/swg.fits[1]
scw/1959/195900110010.001/swg.fits[1]
scw/1959/195900120010.001/swg.fits[1]
scw/1959/195900310010.001/swg.fits[1]
scw/1959/195900320010.001/swg.fits[1]
scw/1959/195900330010.001/swg.fits[1]
scw/1959/195900410010.001/swg.fits[1]
scw/1959/195900520010.001/swg.fits[1]
scw/1959/195900520020.001/swg.fits[1]
scw/1960/196000020010.001/swg.fits[1]
scw/1960/196000090010.001/swg.fits[1]
scw/1960/196000300010.001/swg.fits[1]
scw/1960/196000310010.001/swg.fits[1]
scw/1960/196000320010.001/swg.fits[1]
scw/1960/196000480010.001/swg.fits[1]
scw/1960/196000490010.001/swg.fits[1]
scw/1960/196000500010.001/swg.fits[1]
scw/1960/196000510010.001/swg.fits[1]
scw/1961/196100010010.001/swg.fits[1]
scw/1961/196100080010.001/swg.fits[1]
scw/1961/196100090010.001/swg.fits[1]
scw/1961/196100100010.001/swg.fits[1]
scw/1961/196100300010.001/swg.fits[1]
scw/1961/196100310010.001/swg.fits[1]
scw/1961/196100390010.001/swg.fits[1]
scw/1961/196100500010.001/swg.fits[1]
scw/1962/196200090010.001/swg.fits[1]
scw/1962/196200100010.001/swg.fits[1]
scw/1962/196200290010.001/swg.fits[1]
scw/1962/196200300010.001/swg.fits[1]
scw/1962/196200310010.001/swg.fits[1]
scw/1962/196200390010.001/swg.fits[1]
scw/1962/196200500010.001/swg.fits[1]
scw/1962/196200510010.001/swg.fits[1]
scw/1963/196300060010.001/swg.fits[1]
scw/1963/196300070010.001/swg.fits[1]
scw/1963/196300260010.001/swg.fits[1]
scw/1963/196300270010.001/swg.fits[1]
scw/1963/196300280010.001/swg.fits[1]
scw/1963/196300290010.001/swg.fits[1]
scw/1963/196300360010.001/swg.fits[1]
scw/1963/196300480010.001/swg.fits[1]
scw/1963/196300490010.001/swg.fits[1]
scw/1979/197900100010.001/swg.fits[1]
scw/1979/197900120010.001/swg.fits[1]
scw/1979/197900170010.001/swg.fits[1]
scw/1980/198000810010.001/swg.fits[1]
scw/1980/198000850010.001/swg.fits[1]
scw/1980/198000860010.001/swg.fits[1]
scw/1980/198000900010.001/swg.fits[1]
scw/2048/204800090010.001/swg.fits[1]
scw/2048/204800160010.001/swg.fits[1]
scw/2049/204900050010.001/swg.fits[1]
scw/2049/204900120010.001/swg.fits[1]
scw/2050/205000050010.001/swg.fits[1]
scw/2050/205000120010.001/swg.fits[1]
scw/2168/216800160010.001/swg.fits[1]
scw/2168/216800170010.001/swg.fits[1]
scw/2168/216800240010.001/swg.fits[1]
scw/2168/216800250010.001/swg.fits[1]
scw/2172/217200160010.001/swg.fits[1]
scw/2172/217200170010.001/swg.fits[1]
scw/2172/217200240010.001/swg.fits[1]
scw/2172/217200250010.001/swg.fits[1]
scw/2172/217200260010.001/swg.fits[1]
scw/2172/217200340010.001/swg.fits[1]
scw/2172/217200360010.001/swg.fits[1]
scw/2172/217200370010.001/swg.fits[1]
scw/2172/217200430010.001/swg.fits[1]
scw/2172/217200440010.001/swg.fits[1]
scw/2172/217200450010.001/swg.fits[1]
scw/2173/217300040010.001/swg.fits[1]
scw/2173/217300050010.001/swg.fits[1]
scw/2173/217300120010.001/swg.fits[1]
scw/2173/217300130010.001/swg.fits[1]
scw/2173/217300240010.001/swg.fits[1]
scw/2173/217300320010.001/swg.fits[1]
scw/2173/217300330010.001/swg.fits[1]
scw/2174/217400100010.001/swg.fits[1]
scw/2174/217400110010.001/swg.fits[1]
scw/2174/217400120010.001/swg.fits[1]
scw/2174/217400130010.001/swg.fits[1]
scw/2174/217400200010.001/swg.fits[1]
scw/2174/217400220010.001/swg.fits[1]
scw/2174/217400230010.001/swg.fits[1]
scw/2174/217400300010.001/swg.fits[1]
scw/2174/217400310010.001/swg.fits[1]
scw/2174/217400520010.001/swg.fits[1]
scw/2174/217400530010.001/swg.fits[1]
scw/2174/217400600010.001/swg.fits[1]
scw/2174/217400610010.001/swg.fits[1]
scw/2174/217400700010.001/swg.fits[1]
scw/2174/217400710010.001/swg.fits[1]
scw/2174/217400720010.001/swg.fits[1]
scw/2174/217400730010.001/swg.fits[1]
scw/2174/217400810010.001/swg.fits[1]
scw/2175/217500280010.001/swg.fits[1]
scw/2175/217500290010.001/swg.fits[1]
scw/2175/217500300010.001/swg.fits[1]
scw/2175/217500310010.001/swg.fits[1]
scw/2175/217500380010.001/swg.fits[1]
scw/2175/217500390010.001/swg.fits[1]
scw/2175/217500400010.001/swg.fits[1]
scw/2175/217500410010.001/swg.fits[1]
scw/2175/217500490010.001/swg.fits[1]
scw/2175/217500780010.001/swg.fits[1]
scw/2175/217500790010.001/swg.fits[1]
scw/2175/217500800010.001/swg.fits[1]
scw/2175/217500810010.001/swg.fits[1]
scw/2210/221000020010.001/swg.fits[1]
scw/2310/231000800010.001/swg.fits[1]
scw/2310/231000810010.001/swg.fits[1]
scw/2322/232200500010.001/swg.fits[1]
scw/2322/232200510010.001/swg.fits[1]
scw/2322/232200580010.001/swg.fits[1]
scw/2322/232200590010.001/swg.fits[1]
scw/2322/232200970010.001/swg.fits[1]
scw/2322/232200980010.001/swg.fits[1]
scw/2324/232400580010.001/swg.fits[1]
scw/2324/232400640010.001/swg.fits[1]
scw/2324/232400650010.001/swg.fits[1]
scw/2324/232400660010.001/swg.fits[1]
scw/2324/232400680010.001/swg.fits[1]
scw/2381/238100440010.001/swg.fits[1]
scw/2381/238100450010.001/swg.fits[1]
scw/2381/238100460010.001/swg.fits[1]
scw/2381/238100470010.001/swg.fits[1]
scw/2381/238100480010.001/swg.fits[1]
scw/2381/238100490010.001/swg.fits[1]
scw/2384/238400510010.001/swg.fits[1]
scw/2384/238400520010.001/swg.fits[1]
scw/2385/238500520010.001/swg.fits[1]
scw/2385/238500530010.001/swg.fits[1]
scw/2390/239000310010.001/swg.fits[1]
scw/2390/239000320010.001/swg.fits[1]
scw/2393/239300760010.001/swg.fits[1]
scw/2393/239300770010.001/swg.fits[1]
scw/2393/239300840010.001/swg.fits[1]
scw/2393/239300850010.001/swg.fits[1]
scw/2393/239300860010.001/swg.fits[1]
scw/2393/239300870010.001/swg.fits[1]
scw/2431/243100640010.001/swg.fits[1]
scw/2431/243100650010.001/swg.fits[1]
scw/2431/243100680010.001/swg.fits[1]
scw/2435/243500620010.001/swg.fits[1]
scw/2435/243500660010.001/swg.fits[1]
scw/2435/243500670010.001/swg.fits[1]
scw/2435/243500710010.001/swg.fits[1]
scw/2435/243500720010.001/swg.fits[1]
scw/2446/244600810010.001/swg.fits[1]
scw/2446/244600820010.001/swg.fits[1]
scw/2446/244600870010.001/swg.fits[1]
scw/2446/244600880010.001/swg.fits[1]
scw/2446/244600890010.001/swg.fits[1]
scw/2447/244700430010.001/swg.fits[1]
scw/2447/244700440010.001/swg.fits[1]
scw/2451/245100490010.001/swg.fits[1]
scw/2451/245100500010.001/swg.fits[1]
scw/2451/245100510010.001/swg.fits[1]
scw/2451/245100520010.001/swg.fits[1]
scw/2451/245100530010.001/swg.fits[1]
scw/2451/245100540010.001/swg.fits[1]
