scw/0082/008200170010.001/swg.fits[1]
scw/0153/015300050010.001/swg.fits[1]
scw/0185/018500020010.001/swg.fits[1]
scw/0202/020200160010.001/swg.fits[1]
scw/0218/021800080010.001/swg.fits[1]
scw/0238/023800100010.001/swg.fits[1]
scw/0238/023800170010.001/swg.fits[1]
scw/0238/023800240010.001/swg.fits[1]
scw/0238/023800310010.001/swg.fits[1]
scw/0238/023800380010.001/swg.fits[1]
scw/0238/023800450010.001/swg.fits[1]
scw/0238/023800520010.001/swg.fits[1]
scw/0238/023800590010.001/swg.fits[1]
scw/0264/026400020010.001/swg.fits[1]
scw/0286/028600270010.001/swg.fits[1]
scw/0331/033100020010.001/swg.fits[1]
scw/0331/033100090010.001/swg.fits[1]
scw/0331/033100100010.001/swg.fits[1]
scw/0331/033100110010.001/swg.fits[1]
scw/0331/033100120010.001/swg.fits[1]
scw/0331/033100130010.001/swg.fits[1]
scw/0331/033100390010.001/swg.fits[1]
scw/0331/033100400010.001/swg.fits[1]
scw/0331/033100410010.001/swg.fits[1]
scw/0331/033100420010.001/swg.fits[1]
scw/0331/033100430010.001/swg.fits[1]
scw/0331/033100500010.001/swg.fits[1]
scw/0331/033100520010.001/swg.fits[1]
scw/0331/033100530010.001/swg.fits[1]
scw/0331/033100540010.001/swg.fits[1]
scw/0331/033100590010.001/swg.fits[1]
scw/0331/033100600010.001/swg.fits[1]
scw/0331/033100610010.001/swg.fits[1]
scw/0331/033100630010.001/swg.fits[1]
scw/0332/033200370010.001/swg.fits[1]
scw/0332/033200380010.001/swg.fits[1]
scw/0332/033200400010.001/swg.fits[1]
scw/0332/033200410010.001/swg.fits[1]
scw/0332/033200420010.001/swg.fits[1]
scw/0332/033200470010.001/swg.fits[1]
scw/0332/033200480010.001/swg.fits[1]
scw/0332/033200500010.001/swg.fits[1]
scw/0332/033200580010.001/swg.fits[1]
scw/0332/033200590010.001/swg.fits[1]
scw/0332/033200600010.001/swg.fits[1]
scw/0332/033200610010.001/swg.fits[1]
scw/0333/033300010010.001/swg.fits[1]
scw/0333/033300210010.001/swg.fits[1]
scw/0333/033300220010.001/swg.fits[1]
scw/0333/033300230010.001/swg.fits[1]
scw/0333/033300240010.001/swg.fits[1]
scw/0333/033300250010.001/swg.fits[1]
scw/0333/033300310010.001/swg.fits[1]
scw/0333/033300330010.001/swg.fits[1]
scw/0333/033300340010.001/swg.fits[1]
scw/0333/033300410010.001/swg.fits[1]
scw/0333/033300420010.001/swg.fits[1]
scw/0333/033300440010.001/swg.fits[1]
scw/0334/033400070010.001/swg.fits[1]
scw/0334/033400080010.001/swg.fits[1]
scw/0334/033400090010.001/swg.fits[1]
scw/0334/033400100010.001/swg.fits[1]
scw/0334/033400110010.001/swg.fits[1]
scw/0334/033400120010.001/swg.fits[1]
scw/0335/033500190010.001/swg.fits[1]
scw/0335/033500200010.001/swg.fits[1]
scw/0335/033500210010.001/swg.fits[1]
scw/0335/033500220010.001/swg.fits[1]
scw/0335/033500230010.001/swg.fits[1]
scw/0335/033500500010.001/swg.fits[1]
scw/0335/033500510010.001/swg.fits[1]
scw/0335/033500520010.001/swg.fits[1]
scw/0335/033500530010.001/swg.fits[1]
scw/0335/033500600010.001/swg.fits[1]
scw/0335/033500610010.001/swg.fits[1]
scw/0336/033600040010.001/swg.fits[1]
scw/0336/033600050010.001/swg.fits[1]
scw/0336/033600060010.001/swg.fits[1]
scw/0336/033600070010.001/swg.fits[1]
scw/0336/033600080010.001/swg.fits[1]
scw/0336/033600090010.001/swg.fits[1]
scw/0336/033600150010.001/swg.fits[1]
scw/0336/033600350010.001/swg.fits[1]
scw/0336/033600360010.001/swg.fits[1]
scw/0336/033600370010.001/swg.fits[1]
scw/0336/033600380010.001/swg.fits[1]
scw/0336/033600460010.001/swg.fits[1]
scw/0396/039600140010.001/swg.fits[1]
scw/0454/045400040010.001/swg.fits[1]
scw/0454/045400050010.001/swg.fits[1]
scw/0454/045400060010.001/swg.fits[1]
scw/0454/045400120010.001/swg.fits[1]
scw/0454/045400130010.001/swg.fits[1]
scw/0454/045400190010.001/swg.fits[1]
scw/0454/045400200010.001/swg.fits[1]
scw/0454/045400230010.001/swg.fits[1]
scw/0454/045400250010.001/swg.fits[1]
scw/0454/045400260010.001/swg.fits[1]
scw/0454/045400270010.001/swg.fits[1]
scw/0454/045400300010.001/swg.fits[1]
scw/0454/045400320010.001/swg.fits[1]
scw/0454/045400330010.001/swg.fits[1]
scw/0454/045400340010.001/swg.fits[1]
scw/0454/045400390010.001/swg.fits[1]
scw/0454/045400400010.001/swg.fits[1]
scw/0454/045400410010.001/swg.fits[1]
scw/0454/045400470010.001/swg.fits[1]
scw/0454/045400480010.001/swg.fits[1]
scw/0454/045400480020.001/swg.fits[1]
scw/0454/045400540010.001/swg.fits[1]
scw/0468/046800120010.001/swg.fits[1]
scw/0528/052800070010.001/swg.fits[1]
scw/0528/052800120010.001/swg.fits[1]
scw/0528/052800130010.001/swg.fits[1]
scw/0528/052800140010.001/swg.fits[1]
scw/0528/052800150010.001/swg.fits[1]
scw/0528/052800190010.001/swg.fits[1]
scw/0528/052800210010.001/swg.fits[1]
scw/0528/052800260010.001/swg.fits[1]
scw/0528/052800280010.001/swg.fits[1]
scw/0528/052800330010.001/swg.fits[1]
scw/0528/052800350010.001/swg.fits[1]
scw/0528/052800400010.001/swg.fits[1]
scw/0528/052800420010.001/swg.fits[1]
scw/0528/052800490010.001/swg.fits[1]
scw/0528/052800500010.001/swg.fits[1]
scw/0528/052800550010.001/swg.fits[1]
scw/0528/052800560010.001/swg.fits[1]
scw/0528/052800570010.001/swg.fits[1]
scw/0664/066400070010.001/swg.fits[1]
scw/0664/066400140010.001/swg.fits[1]
scw/0664/066400200010.001/swg.fits[1]
scw/0664/066400210010.001/swg.fits[1]
scw/0664/066400270010.001/swg.fits[1]
scw/0664/066400280010.001/swg.fits[1]
scw/0667/066700050010.001/swg.fits[1]
scw/0667/066700120010.001/swg.fits[1]
scw/0668/066800050010.001/swg.fits[1]
scw/0668/066800120010.001/swg.fits[1]
scw/0669/066900530010.001/swg.fits[1]
scw/0669/066900600010.001/swg.fits[1]
scw/0670/067000900010.001/swg.fits[1]
scw/0673/067300230010.001/swg.fits[1]
scw/0675/067500370010.001/swg.fits[1]
scw/0675/067500510010.001/swg.fits[1]
scw/0675/067500580010.001/swg.fits[1]
scw/0675/067500590010.001/swg.fits[1]
scw/0677/067700150010.001/swg.fits[1]
scw/0677/067700290010.001/swg.fits[1]
scw/0677/067700300010.001/swg.fits[1]
scw/0677/067700360010.001/swg.fits[1]
scw/0677/067700370010.001/swg.fits[1]
scw/0969/096900110010.001/swg.fits[1]
scw/0969/096900120010.001/swg.fits[1]
scw/0969/096900210010.001/swg.fits[1]
scw/0969/096900320010.001/swg.fits[1]
scw/0969/096900410010.001/swg.fits[1]
scw/0969/096900420010.001/swg.fits[1]
scw/0969/096900610010.001/swg.fits[1]
scw/0969/096900620010.001/swg.fits[1]
scw/0970/097000370010.001/swg.fits[1]
scw/0970/097000380010.001/swg.fits[1]
scw/0970/097000580010.001/swg.fits[1]
scw/0970/097000670010.001/swg.fits[1]
scw/0970/097000680010.001/swg.fits[1]
