scw/0028/002800210010.001/swg.fits[1]
scw/0028/002800280010.001/swg.fits[1]
scw/0028/002800290010.001/swg.fits[1]
scw/0028/002800390010.001/swg.fits[1]
scw/0028/002800400010.001/swg.fits[1]
scw/0028/002800470010.001/swg.fits[1]
scw/0032/003200180010.001/swg.fits[1]
scw/0032/003200250010.001/swg.fits[1]
scw/0032/003200260010.001/swg.fits[1]
scw/0032/003200360010.001/swg.fits[1]
scw/0032/003200370010.001/swg.fits[1]
scw/0032/003200440010.001/swg.fits[1]
scw/0089/008900180010.001/swg.fits[1]
scw/0089/008900210010.001/swg.fits[1]
scw/0089/008900280010.001/swg.fits[1]
scw/0089/008900300010.001/swg.fits[1]
scw/0089/008900600010.001/swg.fits[1]
scw/0090/009000060010.001/swg.fits[1]
scw/0090/009000090010.001/swg.fits[1]
scw/0090/009000160010.001/swg.fits[1]
scw/0207/020700090010.001/swg.fits[1]
scw/0207/020700100010.001/swg.fits[1]
scw/0207/020700170010.001/swg.fits[1]
scw/0207/020700390010.001/swg.fits[1]
scw/0207/020700460010.001/swg.fits[1]
scw/0207/020700470010.001/swg.fits[1]
scw/0267/026700050010.001/swg.fits[1]
scw/0267/026700080010.001/swg.fits[1]
scw/0267/026700150010.001/swg.fits[1]
scw/0267/026700350010.001/swg.fits[1]
scw/0267/026700380010.001/swg.fits[1]
scw/0267/026700450010.001/swg.fits[1]
scw/0267/026700460010.001/swg.fits[1]
scw/0268/026800200010.001/swg.fits[1]
scw/0268/026800230010.001/swg.fits[1]
scw/0268/026800300010.001/swg.fits[1]
scw/0268/026800500010.001/swg.fits[1]
scw/0268/026800530010.001/swg.fits[1]
scw/0268/026800600010.001/swg.fits[1]
scw/0268/026800610010.001/swg.fits[1]
scw/0270/027000050010.001/swg.fits[1]
scw/0270/027000080010.001/swg.fits[1]
scw/0270/027000150010.001/swg.fits[1]
scw/0270/027000350010.001/swg.fits[1]
scw/0270/027000380010.001/swg.fits[1]
scw/0270/027000450010.001/swg.fits[1]
scw/0270/027000460010.001/swg.fits[1]
scw/0272/027200150010.001/swg.fits[1]
scw/0272/027200350010.001/swg.fits[1]
scw/0272/027200380010.001/swg.fits[1]
scw/0272/027200450010.001/swg.fits[1]
scw/0272/027200460010.001/swg.fits[1]
scw/0273/027300050010.001/swg.fits[1]
scw/0273/027300080010.001/swg.fits[1]
scw/0273/027300150010.001/swg.fits[1]
scw/0273/027300350010.001/swg.fits[1]
scw/0273/027300380010.001/swg.fits[1]
scw/0273/027300450010.001/swg.fits[1]
scw/0273/027300460010.001/swg.fits[1]
scw/0320/032000570010.001/swg.fits[1]
scw/0320/032000580010.001/swg.fits[1]
scw/0320/032000720010.001/swg.fits[1]
scw/0320/032000730010.001/swg.fits[1]
scw/0320/032000800010.001/swg.fits[1]
scw/0320/032000810010.001/swg.fits[1]
scw/0320/032000820010.001/swg.fits[1]
scw/0321/032100810010.001/swg.fits[1]
scw/0321/032100970010.001/swg.fits[1]
scw/0334/033400300010.001/swg.fits[1]
scw/0334/033400310010.001/swg.fits[1]
scw/0443/044300420010.001/swg.fits[1]
scw/0443/044300430010.001/swg.fits[1]
scw/0443/044300650010.001/swg.fits[1]
scw/0443/044300660010.001/swg.fits[1]
scw/0445/044500160010.001/swg.fits[1]
scw/0445/044500170010.001/swg.fits[1]
scw/0445/044500410010.001/swg.fits[1]
scw/0445/044500420010.001/swg.fits[1]
scw/0633/063300180010.001/swg.fits[1]
scw/0633/063300190010.001/swg.fits[1]
scw/0633/063300350010.001/swg.fits[1]
scw/0633/063300360010.001/swg.fits[1]
scw/0633/063300680010.001/swg.fits[1]
scw/0633/063300690010.001/swg.fits[1]
scw/0635/063500170010.001/swg.fits[1]
scw/0635/063500180010.001/swg.fits[1]
scw/0635/063500340010.001/swg.fits[1]
scw/0635/063500350010.001/swg.fits[1]
scw/0635/063500670010.001/swg.fits[1]
scw/0637/063700170010.001/swg.fits[1]
scw/0637/063700180010.001/swg.fits[1]
scw/0637/063700340010.001/swg.fits[1]
scw/0637/063700350010.001/swg.fits[1]
scw/0637/063700670010.001/swg.fits[1]
scw/0637/063700680010.001/swg.fits[1]
scw/0876/087600160010.001/swg.fits[1]
scw/0876/087600370010.001/swg.fits[1]
scw/0878/087800060010.001/swg.fits[1]
scw/0878/087800270010.001/swg.fits[1]
scw/0878/087800570010.001/swg.fits[1]
scw/0879/087900160010.001/swg.fits[1]
scw/0879/087900450010.001/swg.fits[1]
scw/0880/088000030010.001/swg.fits[1]
scw/0929/092900280010.001/swg.fits[1]
scw/0930/093000160010.001/swg.fits[1]
scw/0930/093000470010.001/swg.fits[1]
scw/0931/093100100010.001/swg.fits[1]
scw/0931/093100390010.001/swg.fits[1]
scw/0931/093100540010.001/swg.fits[1]
scw/0932/093200470010.001/swg.fits[1]
scw/0937/093700150010.001/swg.fits[1]
scw/0937/093700360010.001/swg.fits[1]
scw/0938/093800040010.001/swg.fits[1]
scw/0938/093800240010.001/swg.fits[1]
scw/0949/094900260010.001/swg.fits[1]
scw/0949/094900470010.001/swg.fits[1]
scw/0997/099700110010.001/swg.fits[1]
scw/0997/099700420010.001/swg.fits[1]
scw/0997/099700610010.001/swg.fits[1]
scw/0997/099700610020.001/swg.fits[1]
scw/1003/100300340010.001/swg.fits[1]
scw/1003/100300530010.001/swg.fits[1]
scw/1004/100400220010.001/swg.fits[1]
scw/1004/100400410010.001/swg.fits[1]
scw/1005/100500180010.001/swg.fits[1]
scw/1005/100500390010.001/swg.fits[1]
scw/1006/100600070010.001/swg.fits[1]
scw/1006/100600280010.001/swg.fits[1]
scw/1006/100600580010.001/swg.fits[1]
scw/1053/105300410010.001/swg.fits[1]
scw/1054/105400360010.001/swg.fits[1]
scw/1055/105500380010.001/swg.fits[1]
scw/1057/105700090010.001/swg.fits[1]
scw/1057/105700100010.001/swg.fits[1]
scw/1058/105800330010.001/swg.fits[1]
scw/1059/105900290010.001/swg.fits[1]
scw/1059/105900600010.001/swg.fits[1]
scw/1060/106000560010.001/swg.fits[1]
scw/1061/106100590010.001/swg.fits[1]
scw/1063/106300330010.001/swg.fits[1]
scw/1063/106300620010.001/swg.fits[1]
scw/1067/106700630010.001/swg.fits[1]
scw/1068/106800560010.001/swg.fits[1]
scw/1070/107000700010.001/swg.fits[1]
scw/1070/107000900010.001/swg.fits[1]
scw/1116/111600590010.001/swg.fits[1]
scw/1117/111700080010.001/swg.fits[1]
scw/1118/111800520010.001/swg.fits[1]
scw/1119/111900080010.001/swg.fits[1]
scw/1121/112100320010.001/swg.fits[1]
scw/1121/112100630010.001/swg.fits[1]
scw/1123/112300290010.001/swg.fits[1]
scw/1123/112300600010.001/swg.fits[1]
scw/1124/112400380010.001/swg.fits[1]
scw/1124/112400690010.001/swg.fits[1]
scw/1124/112400690020.001/swg.fits[1]
scw/1125/112500220010.001/swg.fits[1]
scw/1126/112600430010.001/swg.fits[1]
scw/1128/112800220010.001/swg.fits[1]
scw/1178/117800880010.001/swg.fits[1]
scw/1180/118000470010.001/swg.fits[1]
scw/1181/118100270010.001/swg.fits[1]
scw/1181/118100560010.001/swg.fits[1]
scw/1182/118200340010.001/swg.fits[1]
scw/1183/118300040010.001/swg.fits[1]
scw/1183/118300250010.001/swg.fits[1]
scw/1188/118800190010.001/swg.fits[1]
scw/1191/119100120010.001/swg.fits[1]
scw/1191/119100410010.001/swg.fits[1]
scw/1191/119100620010.001/swg.fits[1]
scw/1192/119200170010.001/swg.fits[1]
scw/1235/123500520010.001/swg.fits[1]
scw/1235/123500730010.001/swg.fits[1]
scw/1236/123600460010.001/swg.fits[1]
scw/1236/123600670010.001/swg.fits[1]
scw/1242/124200230010.001/swg.fits[1]
scw/1242/124200440010.001/swg.fits[1]
scw/1243/124300230010.001/swg.fits[1]
scw/1243/124300440010.001/swg.fits[1]
scw/1563/156300510010.001/swg.fits[1]
scw/1563/156300530010.001/swg.fits[1]
scw/1564/156400160010.001/swg.fits[1]
scw/1564/156400170010.001/swg.fits[1]
scw/1564/156400180010.001/swg.fits[1]
scw/1695/169500110010.001/swg.fits[1]
scw/1695/169500120010.001/swg.fits[1]
scw/1695/169500130010.001/swg.fits[1]
scw/1695/169500300010.001/swg.fits[1]
scw/1695/169500300020.001/swg.fits[1]
scw/1823/182300500010.001/swg.fits[1]
scw/1832/183200090010.001/swg.fits[1]
scw/1832/183200100010.001/swg.fits[1]
scw/1832/183200110010.001/swg.fits[1]
scw/1832/183200420010.001/swg.fits[1]
scw/1832/183200430010.001/swg.fits[1]
scw/1832/183200520010.001/swg.fits[1]
scw/1832/183200530010.001/swg.fits[1]
scw/1845/184500140010.001/swg.fits[1]
scw/1893/189300120010.001/swg.fits[1]
scw/1895/189500380010.001/swg.fits[1]
scw/1899/189900290010.001/swg.fits[1]
scw/1900/190000020010.001/swg.fits[1]
scw/1972/197200300010.001/swg.fits[1]
scw/1972/197200310010.001/swg.fits[1]
scw/1972/197200320010.001/swg.fits[1]
scw/1972/197200630010.001/swg.fits[1]
scw/1972/197200640010.001/swg.fits[1]
scw/1981/198100210010.001/swg.fits[1]
scw/1983/198300030010.001/swg.fits[1]
scw/2030/203000310010.001/swg.fits[1]
scw/2109/210900090010.001/swg.fits[1]
scw/2109/210900100010.001/swg.fits[1]
scw/2109/210900110010.001/swg.fits[1]
scw/2109/210900420010.001/swg.fits[1]
scw/2109/210900430010.001/swg.fits[1]
scw/2247/224700450010.001/swg.fits[1]
scw/2247/224700520010.001/swg.fits[1]
scw/2248/224800090010.001/swg.fits[1]
scw/2248/224800100010.001/swg.fits[1]
scw/2375/237500280010.001/swg.fits[1]
scw/2375/237500290010.001/swg.fits[1]
scw/2375/237500300010.001/swg.fits[1]
scw/2375/237500610010.001/swg.fits[1]
scw/2375/237500620010.001/swg.fits[1]
