scw/1520/152000510010.001/swg.fits[1]
scw/1523/152300150010.001/swg.fits[1]
scw/1523/152300160010.001/swg.fits[1]
scw/1523/152300170010.001/swg.fits[1]
scw/1523/152300230010.001/swg.fits[1]
scw/1523/152300240010.001/swg.fits[1]
scw/1524/152400420010.001/swg.fits[1]
scw/1524/152400430010.001/swg.fits[1]
scw/1524/152400500010.001/swg.fits[1]
scw/1524/152400510010.001/swg.fits[1]
scw/1524/152400530010.001/swg.fits[1]
scw/1528/152800560010.001/swg.fits[1]
scw/1528/152800630010.001/swg.fits[1]
scw/1575/157500180010.001/swg.fits[1]
scw/1575/157500270010.001/swg.fits[1]
scw/1577/157700400010.001/swg.fits[1]
scw/1577/157700490010.001/swg.fits[1]
scw/1577/157700600010.001/swg.fits[1]
scw/1581/158100280010.001/swg.fits[1]
scw/1581/158100490010.001/swg.fits[1]
scw/1581/158100580010.001/swg.fits[1]
scw/1584/158400320010.001/swg.fits[1]
scw/1584/158400330010.001/swg.fits[1]
scw/1584/158400400010.001/swg.fits[1]
scw/1584/158400410010.001/swg.fits[1]
scw/1584/158400620010.001/swg.fits[1]
scw/1593/159300120010.001/swg.fits[1]
scw/1593/159300130010.001/swg.fits[1]
scw/1593/159300220010.001/swg.fits[1]
scw/1593/159300230010.001/swg.fits[1]
scw/1644/164400300010.001/swg.fits[1]
scw/1644/164400390010.001/swg.fits[1]
scw/1644/164400500010.001/swg.fits[1]
scw/1644/164400590010.001/swg.fits[1]
scw/1644/164400600010.001/swg.fits[1]
scw/1648/164800560010.001/swg.fits[1]
scw/1648/164800650010.001/swg.fits[1]
scw/1648/164800660010.001/swg.fits[1]
scw/1660/166000060010.001/swg.fits[1]
scw/1660/166000070010.001/swg.fits[1]
scw/1660/166000080010.001/swg.fits[1]
scw/1664/166400300010.001/swg.fits[1]
scw/1664/166400310010.001/swg.fits[1]
scw/1664/166400320010.001/swg.fits[1]
scw/1781/178100330010.001/swg.fits[1]
scw/1794/179400460010.001/swg.fits[1]
scw/1801/180100440010.001/swg.fits[1]
scw/1930/193000560010.001/swg.fits[1]
scw/1987/198700050010.001/swg.fits[1]
scw/1987/198700060010.001/swg.fits[1]
scw/1987/198700110010.001/swg.fits[1]
scw/1987/198700120010.001/swg.fits[1]
scw/2011/201100220010.001/swg.fits[1]
scw/2070/207000670010.001/swg.fits[1]
scw/2121/212100070010.001/swg.fits[1]
scw/2121/212100080010.001/swg.fits[1]
scw/2121/212100110010.001/swg.fits[1]
scw/2121/212100120010.001/swg.fits[1]
scw/2121/212100160010.001/swg.fits[1]
scw/2121/212100170010.001/swg.fits[1]
scw/2121/212100220010.001/swg.fits[1]
scw/2121/212100230010.001/swg.fits[1]
scw/2123/212300060010.001/swg.fits[1]
scw/2123/212300070010.001/swg.fits[1]
scw/2123/212300100010.001/swg.fits[1]
scw/2123/212300110010.001/swg.fits[1]
scw/2123/212300150010.001/swg.fits[1]
scw/2123/212300160010.001/swg.fits[1]
scw/2123/212300210010.001/swg.fits[1]
scw/2123/212300220010.001/swg.fits[1]
scw/2124/212400260010.001/swg.fits[1]
scw/2124/212400270010.001/swg.fits[1]
scw/2124/212400300010.001/swg.fits[1]
scw/2124/212400310010.001/swg.fits[1]
scw/2124/212400320010.001/swg.fits[1]
scw/2124/212400350010.001/swg.fits[1]
scw/2124/212400360010.001/swg.fits[1]
scw/2124/212400370010.001/swg.fits[1]
scw/2124/212400400010.001/swg.fits[1]
scw/2124/212400410010.001/swg.fits[1]
scw/2126/212600410010.001/swg.fits[1]
scw/2126/212600420010.001/swg.fits[1]
scw/2127/212700210010.001/swg.fits[1]
scw/2127/212700220010.001/swg.fits[1]
scw/2137/213700390010.001/swg.fits[1]
scw/2137/213700450010.001/swg.fits[1]
scw/2187/218700210010.001/swg.fits[1]
scw/2187/218700220010.001/swg.fits[1]
scw/2187/218700260010.001/swg.fits[1]
scw/2187/218700270010.001/swg.fits[1]
scw/2187/218700310010.001/swg.fits[1]
scw/2187/218700320010.001/swg.fits[1]
scw/2187/218700350010.001/swg.fits[1]
scw/2187/218700360010.001/swg.fits[1]
scw/2188/218800200010.001/swg.fits[1]
scw/2188/218800210010.001/swg.fits[1]
scw/2188/218800240010.001/swg.fits[1]
scw/2188/218800250010.001/swg.fits[1]
scw/2188/218800300010.001/swg.fits[1]
scw/2188/218800310010.001/swg.fits[1]
scw/2188/218800340010.001/swg.fits[1]
scw/2188/218800350010.001/swg.fits[1]
scw/2189/218900160010.001/swg.fits[1]
scw/2189/218900170010.001/swg.fits[1]
scw/2189/218900220010.001/swg.fits[1]
scw/2189/218900230010.001/swg.fits[1]
scw/2189/218900270010.001/swg.fits[1]
scw/2189/218900280010.001/swg.fits[1]
scw/2189/218900310010.001/swg.fits[1]
scw/2189/218900320010.001/swg.fits[1]
scw/2217/221700590010.001/swg.fits[1]
scw/2257/225700050010.001/swg.fits[1]
scw/2257/225700060010.001/swg.fits[1]
scw/2258/225800370010.001/swg.fits[1]
scw/2258/225800380010.001/swg.fits[1]
scw/2258/225800390010.001/swg.fits[1]
scw/2258/225800420010.001/swg.fits[1]
scw/2258/225800430010.001/swg.fits[1]
scw/2258/225800440010.001/swg.fits[1]
scw/2259/225900540010.001/swg.fits[1]
scw/2259/225900550010.001/swg.fits[1]
scw/2259/225900580010.001/swg.fits[1]
scw/2260/226000530010.001/swg.fits[1]
scw/2260/226000540010.001/swg.fits[1]
scw/2260/226000570010.001/swg.fits[1]
scw/2260/226000580010.001/swg.fits[1]
scw/2261/226100660010.001/swg.fits[1]
scw/2261/226100670010.001/swg.fits[1]
scw/2261/226100700010.001/swg.fits[1]
scw/2261/226100710010.001/swg.fits[1]
scw/2266/226600180010.001/swg.fits[1]
scw/2266/226600190010.001/swg.fits[1]
scw/2266/226600220010.001/swg.fits[1]
scw/2266/226600230010.001/swg.fits[1]
scw/2266/226600270010.001/swg.fits[1]
scw/2266/226600280010.001/swg.fits[1]
scw/2266/226600330010.001/swg.fits[1]
scw/2266/226600340010.001/swg.fits[1]
scw/2269/226900560010.001/swg.fits[1]
scw/2269/226900570010.001/swg.fits[1]
scw/2269/226900620010.001/swg.fits[1]
scw/2269/226900630010.001/swg.fits[1]
scw/2269/226900660010.001/swg.fits[1]
scw/2269/226900670010.001/swg.fits[1]
scw/2269/226900720010.001/swg.fits[1]
scw/2269/226900730010.001/swg.fits[1]
scw/2270/227000600010.001/swg.fits[1]
scw/2270/227000610010.001/swg.fits[1]
scw/2329/232900020010.001/swg.fits[1]
scw/2329/232900030010.001/swg.fits[1]
scw/2329/232900080010.001/swg.fits[1]
scw/2329/232900090010.001/swg.fits[1]
scw/2329/232900130010.001/swg.fits[1]
scw/2329/232900170010.001/swg.fits[1]
scw/2329/232900180010.001/swg.fits[1]
scw/2330/233000020010.001/swg.fits[1]
scw/2333/233300510010.001/swg.fits[1]
scw/2336/233600440010.001/swg.fits[1]
scw/2336/233600510010.001/swg.fits[1]
scw/2336/233600520010.001/swg.fits[1]
scw/2345/234500600010.001/swg.fits[1]
scw/2394/239400220010.001/swg.fits[1]
scw/2394/239400230010.001/swg.fits[1]
scw/2395/239500030010.001/swg.fits[1]
scw/2395/239500040010.001/swg.fits[1]
scw/2395/239500080010.001/swg.fits[1]
scw/2395/239500090010.001/swg.fits[1]
scw/2395/239500140010.001/swg.fits[1]
scw/2395/239500150010.001/swg.fits[1]
scw/2398/239800130010.001/swg.fits[1]
scw/2398/239800140010.001/swg.fits[1]
scw/2398/239800170010.001/swg.fits[1]
scw/2398/239800180010.001/swg.fits[1]
scw/2398/239800220010.001/swg.fits[1]
scw/2398/239800230010.001/swg.fits[1]
scw/2398/239800280010.001/swg.fits[1]
scw/2398/239800290010.001/swg.fits[1]
scw/2423/242300150010.001/swg.fits[1]
scw/2423/242300200010.001/swg.fits[1]
scw/2460/246000560010.001/swg.fits[1]
scw/2460/246000570010.001/swg.fits[1]
scw/2460/246000580010.001/swg.fits[1]
scw/2460/246000610010.001/swg.fits[1]
scw/2460/246000620010.001/swg.fits[1]
scw/2460/246000630010.001/swg.fits[1]
scw/2461/246100260010.001/swg.fits[1]
scw/2461/246100270010.001/swg.fits[1]
scw/2461/246100300010.001/swg.fits[1]
scw/2461/246100310010.001/swg.fits[1]
scw/2463/246300530010.001/swg.fits[1]
scw/2463/246300540010.001/swg.fits[1]
scw/2463/246300570010.001/swg.fits[1]
scw/2463/246300580010.001/swg.fits[1]
scw/2463/246300630010.001/swg.fits[1]
scw/2463/246300640010.001/swg.fits[1]
scw/2463/246300670010.001/swg.fits[1]
scw/2463/246300680010.001/swg.fits[1]
scw/2466/246600140010.001/swg.fits[1]
scw/2466/246600150010.001/swg.fits[1]
scw/2466/246600200010.001/swg.fits[1]
scw/2466/246600210010.001/swg.fits[1]
scw/2466/246600240010.001/swg.fits[1]
scw/2466/246600250010.001/swg.fits[1]
scw/2466/246600260010.001/swg.fits[1]
scw/2466/246600290010.001/swg.fits[1]
scw/2466/246600300010.001/swg.fits[1]
scw/2470/247000080010.001/swg.fits[1]
scw/2470/247000090010.001/swg.fits[1]
scw/2470/247000170010.001/swg.fits[1]
