scw/0464/046400050010.001/swg.fits[1]
scw/0464/046400120010.001/swg.fits[1]
scw/0464/046400130010.001/swg.fits[1]
scw/0464/046400140010.001/swg.fits[1]
scw/0464/046400150010.001/swg.fits[1]
scw/0464/046400160010.001/swg.fits[1]
scw/0464/046400410010.001/swg.fits[1]
scw/0464/046400420010.001/swg.fits[1]
scw/0464/046400440010.001/swg.fits[1]
scw/0464/046400450010.001/swg.fits[1]
scw/0464/046400460010.001/swg.fits[1]
scw/0646/064600310010.001/swg.fits[1]
scw/0662/066200320010.001/swg.fits[1]
scw/0662/066200410010.001/swg.fits[1]
scw/0715/071500570010.001/swg.fits[1]
scw/0716/071600500010.001/swg.fits[1]
scw/0724/072400350010.001/swg.fits[1]
scw/1988/198800060010.001/swg.fits[1]
scw/1988/198800070010.001/swg.fits[1]
scw/1988/198800160010.001/swg.fits[1]
scw/1988/198800370010.001/swg.fits[1]
scw/1988/198800460010.001/swg.fits[1]
scw/1990/199000260010.001/swg.fits[1]
scw/1990/199000270010.001/swg.fits[1]
scw/1990/199000360010.001/swg.fits[1]
scw/2058/205800400010.001/swg.fits[1]
scw/2058/205800490010.001/swg.fits[1]
scw/2058/205800500010.001/swg.fits[1]
scw/2058/205800600010.001/swg.fits[1]
