scw/0729/072900510010.001/swg.fits[1]
scw/0729/072900520010.001/swg.fits[1]
scw/0729/072900530010.001/swg.fits[1]
scw/0730/073000500010.001/swg.fits[1]
scw/0730/073000510010.001/swg.fits[1]
scw/0730/073000530010.001/swg.fits[1]
scw/0731/073100300010.001/swg.fits[1]
scw/0731/073100310010.001/swg.fits[1]
scw/0731/073100320010.001/swg.fits[1]
scw/0733/073300410010.001/swg.fits[1]
scw/0733/073300580010.001/swg.fits[1]
scw/0733/073300590010.001/swg.fits[1]
scw/0733/073300600010.001/swg.fits[1]
scw/0734/073400320010.001/swg.fits[1]
scw/0734/073400330010.001/swg.fits[1]
scw/0734/073400340010.001/swg.fits[1]
scw/0735/073500400010.001/swg.fits[1]
scw/0735/073500410010.001/swg.fits[1]
scw/0735/073500420010.001/swg.fits[1]
scw/0736/073600690010.001/swg.fits[1]
scw/0736/073600700010.001/swg.fits[1]
scw/0736/073600710010.001/swg.fits[1]
scw/0737/073700320010.001/swg.fits[1]
scw/0737/073700330010.001/swg.fits[1]
scw/0737/073700340010.001/swg.fits[1]
scw/0737/073700520010.001/swg.fits[1]
scw/0737/073700530010.001/swg.fits[1]
scw/0737/073700540010.001/swg.fits[1]
scw/0737/073700980010.001/swg.fits[1]
scw/0738/073800100010.001/swg.fits[1]
scw/0738/073800110010.001/swg.fits[1]
scw/0738/073800120010.001/swg.fits[1]
scw/0738/073800630010.001/swg.fits[1]
scw/0738/073800640010.001/swg.fits[1]
scw/0738/073800650010.001/swg.fits[1]
scw/0738/073800830010.001/swg.fits[1]
scw/0738/073800840010.001/swg.fits[1]
scw/0738/073800850010.001/swg.fits[1]
scw/0789/078900840010.001/swg.fits[1]
scw/0789/078900850010.001/swg.fits[1]
scw/0790/079000890010.001/swg.fits[1]
scw/0790/079000900010.001/swg.fits[1]
scw/0793/079300350010.001/swg.fits[1]
scw/0793/079300360010.001/swg.fits[1]
scw/0794/079400620010.001/swg.fits[1]
scw/0794/079400630010.001/swg.fits[1]
scw/0852/085200560010.001/swg.fits[1]
scw/0852/085200570010.001/swg.fits[1]
scw/0852/085200580010.001/swg.fits[1]
scw/0853/085300320010.001/swg.fits[1]
scw/0853/085300330010.001/swg.fits[1]
scw/0853/085300340010.001/swg.fits[1]
scw/1931/193100130010.001/swg.fits[1]
scw/1931/193100140010.001/swg.fits[1]
scw/1931/193100150010.001/swg.fits[1]
scw/1931/193100230010.001/swg.fits[1]
scw/1931/193100340010.001/swg.fits[1]
scw/1931/193100420010.001/swg.fits[1]
scw/1931/193100430010.001/swg.fits[1]
scw/1931/193100440010.001/swg.fits[1]
scw/1931/193100450010.001/swg.fits[1]
scw/1932/193200190010.001/swg.fits[1]
scw/1932/193200200010.001/swg.fits[1]
scw/1932/193200210010.001/swg.fits[1]
scw/1932/193200290010.001/swg.fits[1]
scw/1932/193200400010.001/swg.fits[1]
scw/1932/193200480010.001/swg.fits[1]
scw/1932/193200490010.001/swg.fits[1]
scw/1932/193200500010.001/swg.fits[1]
scw/1933/193300230010.001/swg.fits[1]
scw/1933/193300240010.001/swg.fits[1]
scw/1933/193300250010.001/swg.fits[1]
scw/1933/193300260010.001/swg.fits[1]
scw/1933/193300260020.001/swg.fits[1]
scw/1933/193300440010.001/swg.fits[1]
scw/1933/193300450010.001/swg.fits[1]
scw/1934/193400120010.001/swg.fits[1]
scw/1934/193400230010.001/swg.fits[1]
scw/1934/193400310010.001/swg.fits[1]
scw/1934/193400330010.001/swg.fits[1]
scw/1934/193400340010.001/swg.fits[1]
scw/1934/193400510010.001/swg.fits[1]
scw/1934/193400520010.001/swg.fits[1]
scw/1934/193400530010.001/swg.fits[1]
scw/1935/193500170010.001/swg.fits[1]
scw/1936/193600160010.001/swg.fits[1]
scw/1936/193600170010.001/swg.fits[1]
scw/1936/193600340010.001/swg.fits[1]
scw/1936/193600410010.001/swg.fits[1]
scw/1936/193600460010.001/swg.fits[1]
scw/1936/193600470010.001/swg.fits[1]
scw/1937/193700310010.001/swg.fits[1]
scw/1938/193800050010.001/swg.fits[1]
scw/1939/193900050010.001/swg.fits[1]
scw/1940/194000050010.001/swg.fits[1]
scw/1941/194100050010.001/swg.fits[1]
scw/1942/194200210010.001/swg.fits[1]
scw/1943/194300060010.001/swg.fits[1]
scw/1943/194300120010.001/swg.fits[1]
scw/1945/194500050010.001/swg.fits[1]
scw/1945/194500120010.001/swg.fits[1]
scw/2006/200600370010.001/swg.fits[1]
scw/2006/200600450010.001/swg.fits[1]
scw/2006/200600460010.001/swg.fits[1]
scw/2006/200600470010.001/swg.fits[1]
scw/2007/200700020010.001/swg.fits[1]
scw/2007/200700030010.001/swg.fits[1]
scw/2007/200700040010.001/swg.fits[1]
scw/2007/200700050010.001/swg.fits[1]
scw/2007/200700330010.001/swg.fits[1]
scw/2007/200700340010.001/swg.fits[1]
scw/2007/200700350010.001/swg.fits[1]
scw/2007/200700430010.001/swg.fits[1]
scw/2007/200700440010.001/swg.fits[1]
scw/2007/200700520010.001/swg.fits[1]
scw/2007/200700530010.001/swg.fits[1]
scw/2015/201500420010.001/swg.fits[1]
scw/2015/201500580010.001/swg.fits[1]
scw/2015/201500680010.001/swg.fits[1]
scw/2015/201500690010.001/swg.fits[1]
scw/2015/201500730010.001/swg.fits[1]
scw/2015/201500740010.001/swg.fits[1]
scw/2015/201500840010.001/swg.fits[1]
scw/2015/201500890010.001/swg.fits[1]
scw/2015/201500900010.001/swg.fits[1]
scw/2016/201600740010.001/swg.fits[1]
scw/2016/201600850010.001/swg.fits[1]
scw/2016/201600900010.001/swg.fits[1]
scw/2017/201700020010.001/swg.fits[1]
scw/2017/201700080010.001/swg.fits[1]
scw/2017/201700240010.001/swg.fits[1]
scw/2017/201700400010.001/swg.fits[1]
scw/2017/201700500010.001/swg.fits[1]
scw/2017/201700510010.001/swg.fits[1]
scw/2017/201700560010.001/swg.fits[1]
scw/2017/201700660010.001/swg.fits[1]
scw/2017/201700670010.001/swg.fits[1]
scw/2017/201700710010.001/swg.fits[1]
scw/2017/201700720010.001/swg.fits[1]
scw/2017/201700880010.001/swg.fits[1]
scw/2018/201800290010.001/swg.fits[1]
scw/2018/201800340010.001/swg.fits[1]
scw/2018/201800440010.001/swg.fits[1]
scw/2018/201800500010.001/swg.fits[1]
scw/2019/201900180010.001/swg.fits[1]
scw/2019/201900280010.001/swg.fits[1]
scw/2019/201900290010.001/swg.fits[1]
scw/2019/201900340010.001/swg.fits[1]
scw/2019/201900440010.001/swg.fits[1]
scw/2019/201900450010.001/swg.fits[1]
scw/2019/201900490010.001/swg.fits[1]
scw/2019/201900500010.001/swg.fits[1]
scw/2019/201900660010.001/swg.fits[1]
scw/2020/202000130010.001/swg.fits[1]
scw/2020/202000180010.001/swg.fits[1]
scw/2020/202000280010.001/swg.fits[1]
scw/2020/202000340010.001/swg.fits[1]
scw/2020/202000760010.001/swg.fits[1]
scw/2021/202100080010.001/swg.fits[1]
scw/2021/202100180010.001/swg.fits[1]
scw/2021/202100190010.001/swg.fits[1]
scw/2021/202100240010.001/swg.fits[1]
scw/2021/202100340010.001/swg.fits[1]
scw/2021/202100350010.001/swg.fits[1]
scw/2021/202100390010.001/swg.fits[1]
scw/2021/202100400010.001/swg.fits[1]
scw/2021/202100560010.001/swg.fits[1]
scw/2021/202100670010.001/swg.fits[1]
scw/2021/202100720010.001/swg.fits[1]
scw/2021/202100820010.001/swg.fits[1]
scw/2021/202100880010.001/swg.fits[1]
scw/2022/202200080010.001/swg.fits[1]
scw/2022/202200240010.001/swg.fits[1]
scw/2022/202200350010.001/swg.fits[1]
scw/2022/202200400010.001/swg.fits[1]
scw/2022/202200500010.001/swg.fits[1]
scw/2022/202200510010.001/swg.fits[1]
scw/2022/202200560010.001/swg.fits[1]
scw/2072/207200020010.001/swg.fits[1]
scw/2072/207200030010.001/swg.fits[1]
scw/2072/207200110010.001/swg.fits[1]
scw/2072/207200220010.001/swg.fits[1]
scw/2072/207200300010.001/swg.fits[1]
scw/2072/207200310010.001/swg.fits[1]
scw/2072/207200320010.001/swg.fits[1]
scw/2072/207200330010.001/swg.fits[1]
scw/2072/207200470010.001/swg.fits[1]
scw/2084/208400390010.001/swg.fits[1]
scw/2084/208400520010.001/swg.fits[1]
scw/2084/208400550010.001/swg.fits[1]
scw/2084/208400560010.001/swg.fits[1]
scw/2084/208400700010.001/swg.fits[1]
scw/2084/208400710010.001/swg.fits[1]
scw/2084/208400870010.001/swg.fits[1]
scw/2085/208500530010.001/swg.fits[1]
scw/2085/208500660010.001/swg.fits[1]
scw/2085/208500690010.001/swg.fits[1]
scw/2085/208500700010.001/swg.fits[1]
scw/2085/208500840010.001/swg.fits[1]
scw/2085/208500850010.001/swg.fits[1]
scw/2086/208600310010.001/swg.fits[1]
scw/2086/208600440010.001/swg.fits[1]
scw/2086/208600470010.001/swg.fits[1]
scw/2086/208600480010.001/swg.fits[1]
scw/2086/208600620010.001/swg.fits[1]
scw/2086/208600630010.001/swg.fits[1]
scw/2086/208600790010.001/swg.fits[1]
scw/2086/208600950010.001/swg.fits[1]
scw/2087/208700650010.001/swg.fits[1]
scw/2087/208700680010.001/swg.fits[1]
scw/2087/208700690010.001/swg.fits[1]
scw/2087/208700830010.001/swg.fits[1]
scw/2087/208700840010.001/swg.fits[1]
scw/2088/208800310010.001/swg.fits[1]
scw/2088/208800440010.001/swg.fits[1]
scw/2088/208800470010.001/swg.fits[1]
scw/2088/208800480010.001/swg.fits[1]
scw/2088/208800620010.001/swg.fits[1]
scw/2088/208800630010.001/swg.fits[1]
scw/2088/208800790010.001/swg.fits[1]
scw/2089/208900500010.001/swg.fits[1]
scw/2089/208900530010.001/swg.fits[1]
scw/2089/208900540010.001/swg.fits[1]
scw/2089/208900850010.001/swg.fits[1]
scw/2090/209000430010.001/swg.fits[1]
scw/2090/209000560010.001/swg.fits[1]
scw/2090/209000590010.001/swg.fits[1]
scw/2090/209000600010.001/swg.fits[1]
scw/2090/209000740010.001/swg.fits[1]
scw/2090/209000750010.001/swg.fits[1]
scw/2090/209000900010.001/swg.fits[1]
scw/2090/209000910010.001/swg.fits[1]
scw/2156/215600610010.001/swg.fits[1]
scw/2156/215600620010.001/swg.fits[1]
scw/2156/215600670010.001/swg.fits[1]
scw/2156/215600830010.001/swg.fits[1]
