scw/0049/004900740010.001/swg.fits[1]
scw/0049/004900750010.001/swg.fits[1]
scw/0049/004900760010.001/swg.fits[1]
scw/0051/005100970010.001/swg.fits[1]
scw/0051/005100980010.001/swg.fits[1]
scw/0051/005100990010.001/swg.fits[1]
scw/0053/005301030010.001/swg.fits[1]
scw/0053/005301040010.001/swg.fits[1]
scw/0053/005301050010.001/swg.fits[1]
scw/0056/005600240010.001/swg.fits[1]
scw/0056/005600250010.001/swg.fits[1]
scw/0056/005600260010.001/swg.fits[1]
scw/0058/005800520010.001/swg.fits[1]
scw/0058/005800530010.001/swg.fits[1]
scw/0058/005800540010.001/swg.fits[1]
scw/0060/006000960010.001/swg.fits[1]
scw/0060/006000970010.001/swg.fits[1]
scw/0060/006000980010.001/swg.fits[1]
scw/0062/006200160010.001/swg.fits[1]
scw/0065/006500380010.001/swg.fits[1]
scw/0065/006500390010.001/swg.fits[1]
scw/0065/006500440010.001/swg.fits[1]
scw/0065/006500450010.001/swg.fits[1]
scw/0065/006500550010.001/swg.fits[1]
scw/0065/006500560010.001/swg.fits[1]
scw/0065/006500640010.001/swg.fits[1]
scw/0065/006500650010.001/swg.fits[1]
scw/0066/006600440010.001/swg.fits[1]
scw/0066/006600450010.001/swg.fits[1]
scw/0066/006600630010.001/swg.fits[1]
scw/0066/006600640010.001/swg.fits[1]
scw/0066/006600650010.001/swg.fits[1]
scw/0066/006600940010.001/swg.fits[1]
scw/0066/006600950010.001/swg.fits[1]
scw/0067/006700020010.001/swg.fits[1]
scw/0117/011701030010.001/swg.fits[1]
scw/0117/011701040010.001/swg.fits[1]
scw/0117/011701050010.001/swg.fits[1]
scw/0123/012300770010.001/swg.fits[1]
scw/0123/012300780010.001/swg.fits[1]
scw/0123/012300830010.001/swg.fits[1]
scw/0123/012300840010.001/swg.fits[1]
scw/0123/012300850010.001/swg.fits[1]
scw/0123/012300940010.001/swg.fits[1]
scw/0123/012300950010.001/swg.fits[1]
scw/0123/012301000010.001/swg.fits[1]
scw/0123/012301010010.001/swg.fits[1]
scw/0172/017200170010.001/swg.fits[1]
scw/0172/017200180010.001/swg.fits[1]
scw/0172/017200230010.001/swg.fits[1]
scw/0172/017200240010.001/swg.fits[1]
scw/0172/017200250010.001/swg.fits[1]
scw/0172/017200260010.001/swg.fits[1]
scw/0174/017400980010.001/swg.fits[1]
scw/0174/017400990010.001/swg.fits[1]
scw/0174/017401000010.001/swg.fits[1]
scw/0174/017401010010.001/swg.fits[1]
scw/0174/017401060010.001/swg.fits[1]
scw/0174/017401070010.001/swg.fits[1]
scw/0181/018100310010.001/swg.fits[1]
scw/0185/018500200010.001/swg.fits[1]
scw/0241/024100120010.001/swg.fits[1]
scw/0242/024200670010.001/swg.fits[1]
scw/0242/024200680010.001/swg.fits[1]
scw/0242/024200730010.001/swg.fits[1]
scw/0242/024200740010.001/swg.fits[1]
scw/0243/024300490010.001/swg.fits[1]
scw/0243/024300500010.001/swg.fits[1]
scw/0243/024300550010.001/swg.fits[1]
scw/0243/024300560010.001/swg.fits[1]
scw/0253/025300050010.001/swg.fits[1]
scw/0291/029100160010.001/swg.fits[1]
scw/0301/030100360010.001/swg.fits[1]
scw/0307/030700150010.001/swg.fits[1]
scw/0308/030800510010.001/swg.fits[1]
scw/0308/030800520010.001/swg.fits[1]
scw/0308/030800530010.001/swg.fits[1]
scw/0308/030800580010.001/swg.fits[1]
scw/0308/030800590010.001/swg.fits[1]
scw/0308/030800600010.001/swg.fits[1]
scw/0308/030800780010.001/swg.fits[1]
scw/0308/030800790010.001/swg.fits[1]
scw/0308/030800800010.001/swg.fits[1]
scw/0308/030800810010.001/swg.fits[1]
scw/0308/030800820010.001/swg.fits[1]
scw/0308/030800830010.001/swg.fits[1]
scw/0309/030900500010.001/swg.fits[1]
scw/0309/030900510010.001/swg.fits[1]
scw/0309/030900560010.001/swg.fits[1]
scw/0309/030900570010.001/swg.fits[1]
scw/0309/030900760010.001/swg.fits[1]
scw/0309/030900770010.001/swg.fits[1]
scw/0309/030900800010.001/swg.fits[1]
scw/0309/030900810010.001/swg.fits[1]
scw/0310/031000450010.001/swg.fits[1]
scw/0310/031000460010.001/swg.fits[1]
scw/0310/031000530010.001/swg.fits[1]
scw/0310/031000540010.001/swg.fits[1]
scw/0311/031100030010.001/swg.fits[1]
scw/0356/035600660010.001/swg.fits[1]
scw/0356/035600670010.001/swg.fits[1]
scw/0361/036100320010.001/swg.fits[1]
scw/0361/036100330010.001/swg.fits[1]
scw/0361/036100340010.001/swg.fits[1]
scw/0365/036500190010.001/swg.fits[1]
scw/0365/036500200010.001/swg.fits[1]
scw/0365/036500210010.001/swg.fits[1]
scw/0365/036500260010.001/swg.fits[1]
scw/0365/036500270010.001/swg.fits[1]
scw/0365/036500280010.001/swg.fits[1]
scw/0365/036500470010.001/swg.fits[1]
scw/0365/036500480010.001/swg.fits[1]
scw/0365/036500490010.001/swg.fits[1]
scw/0365/036500500010.001/swg.fits[1]
scw/0365/036500570010.001/swg.fits[1]
scw/0365/036500580010.001/swg.fits[1]
scw/0375/037500720010.001/swg.fits[1]
scw/0415/041500090010.001/swg.fits[1]
scw/0419/041900620010.001/swg.fits[1]
scw/0429/042900550010.001/swg.fits[1]
scw/0429/042900560010.001/swg.fits[1]
scw/0429/042900630010.001/swg.fits[1]
scw/0429/042900640010.001/swg.fits[1]
scw/0429/042900850010.001/swg.fits[1]
scw/0429/042900860010.001/swg.fits[1]
scw/0429/042900870010.001/swg.fits[1]
scw/0429/042900920010.001/swg.fits[1]
scw/0429/042900930010.001/swg.fits[1]
scw/0429/042900940010.001/swg.fits[1]
scw/0430/043000590010.001/swg.fits[1]
scw/0430/043000600010.001/swg.fits[1]
scw/0430/043000670010.001/swg.fits[1]
scw/0430/043000680010.001/swg.fits[1]
scw/0430/043000690010.001/swg.fits[1]
scw/0430/043000700010.001/swg.fits[1]
scw/0430/043000890010.001/swg.fits[1]
scw/0430/043000900010.001/swg.fits[1]
scw/0430/043000970010.001/swg.fits[1]
scw/0430/043000980010.001/swg.fits[1]
scw/0431/043100180010.001/swg.fits[1]
scw/0431/043100830010.001/swg.fits[1]
scw/0431/043100840010.001/swg.fits[1]
scw/0431/043100850010.001/swg.fits[1]
scw/0431/043100900010.001/swg.fits[1]
scw/0432/043200020010.001/swg.fits[1]
scw/0432/043200030010.001/swg.fits[1]
scw/0432/043200240010.001/swg.fits[1]
scw/0432/043200250010.001/swg.fits[1]
scw/0432/043200260010.001/swg.fits[1]
scw/0432/043200310010.001/swg.fits[1]
scw/0432/043200320010.001/swg.fits[1]
scw/0432/043200330010.001/swg.fits[1]
scw/0474/047400330010.001/swg.fits[1]
scw/0474/047400340010.001/swg.fits[1]
scw/0474/047400350010.001/swg.fits[1]
scw/0474/047400830010.001/swg.fits[1]
scw/0474/047400850010.001/swg.fits[1]
scw/0782/078200520010.001/swg.fits[1]
scw/0782/078200580010.001/swg.fits[1]
scw/0782/078200590010.001/swg.fits[1]
scw/0782/078200600010.001/swg.fits[1]
scw/0782/078201040010.001/swg.fits[1]
scw/0782/078201100010.001/swg.fits[1]
scw/0782/078201110010.001/swg.fits[1]
scw/0782/078201120010.001/swg.fits[1]
scw/0785/078500100010.001/swg.fits[1]
scw/0785/078500110010.001/swg.fits[1]
scw/0786/078600190010.001/swg.fits[1]
scw/0786/078600200010.001/swg.fits[1]
scw/0788/078800120010.001/swg.fits[1]
scw/0788/078800130010.001/swg.fits[1]
scw/0788/078800140010.001/swg.fits[1]
scw/0788/078800200010.001/swg.fits[1]
scw/0790/079000620010.001/swg.fits[1]
scw/0790/079000630010.001/swg.fits[1]
scw/0790/079000640010.001/swg.fits[1]
scw/0791/079100250010.001/swg.fits[1]
scw/0791/079100640010.001/swg.fits[1]
scw/0791/079100650010.001/swg.fits[1]
scw/0791/079100660010.001/swg.fits[1]
scw/0791/079100720010.001/swg.fits[1]
scw/0840/084000180010.001/swg.fits[1]
scw/0840/084000250010.001/swg.fits[1]
scw/0840/084000260010.001/swg.fits[1]
scw/0840/084000640010.001/swg.fits[1]
scw/0840/084000650010.001/swg.fits[1]
scw/0840/084000660010.001/swg.fits[1]
scw/0840/084000720010.001/swg.fits[1]
scw/0841/084100250010.001/swg.fits[1]
scw/0841/084100260010.001/swg.fits[1]
scw/0841/084100640010.001/swg.fits[1]
scw/0841/084100650010.001/swg.fits[1]
scw/0841/084100660010.001/swg.fits[1]
scw/0842/084200170010.001/swg.fits[1]
scw/0842/084200180010.001/swg.fits[1]
scw/0842/084200250010.001/swg.fits[1]
scw/0842/084200260010.001/swg.fits[1]
scw/0842/084200640010.001/swg.fits[1]
scw/0842/084200650010.001/swg.fits[1]
scw/0842/084200720010.001/swg.fits[1]
scw/0843/084300250010.001/swg.fits[1]
scw/0843/084300260010.001/swg.fits[1]
scw/0843/084300540010.001/swg.fits[1]
scw/0843/084300550010.001/swg.fits[1]
scw/0843/084300560010.001/swg.fits[1]
scw/0843/084300620010.001/swg.fits[1]
scw/0844/084400180010.001/swg.fits[1]
scw/0844/084400240010.001/swg.fits[1]
scw/0844/084400250010.001/swg.fits[1]
scw/0844/084400260010.001/swg.fits[1]
scw/0844/084400620010.001/swg.fits[1]
scw/0844/084400630010.001/swg.fits[1]
scw/0845/084500180010.001/swg.fits[1]
scw/0845/084500250010.001/swg.fits[1]
scw/0845/084500260010.001/swg.fits[1]
scw/0845/084500620010.001/swg.fits[1]
scw/0845/084500630010.001/swg.fits[1]
