scw/0131/013100170010.001/swg.fits[1]
scw/0131/013100180010.001/swg.fits[1]
scw/0132/013200100010.001/swg.fits[1]
scw/0132/013200110010.001/swg.fits[1]
scw/0132/013200190010.001/swg.fits[1]
scw/0132/013200200010.001/swg.fits[1]
scw/0132/013200580010.001/swg.fits[1]
scw/0132/013200590010.001/swg.fits[1]
scw/0133/013300050010.001/swg.fits[1]
scw/0133/013300060010.001/swg.fits[1]
scw/0133/013300440010.001/swg.fits[1]
scw/0133/013300450010.001/swg.fits[1]
scw/0179/017900560010.001/swg.fits[1]
scw/0179/017900570010.001/swg.fits[1]
scw/0179/017900580010.001/swg.fits[1]
scw/0179/017900590010.001/swg.fits[1]
scw/0180/018000310010.001/swg.fits[1]
scw/0180/018000320010.001/swg.fits[1]
scw/0180/018000330010.001/swg.fits[1]
scw/0180/018000340010.001/swg.fits[1]
scw/0180/018000400010.001/swg.fits[1]
scw/0180/018000410010.001/swg.fits[1]
scw/0180/018000410020.001/swg.fits[1]
scw/0180/018000420010.001/swg.fits[1]
scw/0180/018000430010.001/swg.fits[1]
scw/0859/085900150010.001/swg.fits[1]
scw/0859/085900230010.001/swg.fits[1]
scw/0860/086000710010.001/swg.fits[1]
scw/0862/086200180010.001/swg.fits[1]
scw/0869/086900130010.001/swg.fits[1]
scw/0870/087000560010.001/swg.fits[1]
scw/0871/087100480010.001/swg.fits[1]
scw/0872/087200280010.001/swg.fits[1]
scw/0872/087200370010.001/swg.fits[1]
scw/0932/093200020010.001/swg.fits[1]
scw/0933/093300110010.001/swg.fits[1]
scw/0933/093300200010.001/swg.fits[1]
scw/0933/093300210010.001/swg.fits[1]
scw/1036/103600680010.001/swg.fits[1]
scw/1036/103600690010.001/swg.fits[1]
scw/1042/104200410010.001/swg.fits[1]
scw/1046/104600190010.001/swg.fits[1]
scw/1048/104800570010.001/swg.fits[1]
scw/1049/104900510010.001/swg.fits[1]
scw/1111/111100520010.001/swg.fits[1]
scw/1111/111100610010.001/swg.fits[1]
scw/1112/111200450010.001/swg.fits[1]
scw/1114/111400490010.001/swg.fits[1]
scw/1115/111500270010.001/swg.fits[1]
scw/1228/122800570010.001/swg.fits[1]
scw/1228/122800650010.001/swg.fits[1]
scw/1228/122800660010.001/swg.fits[1]
scw/1230/123000580010.001/swg.fits[1]
scw/1231/123100660010.001/swg.fits[1]
scw/1231/123100750010.001/swg.fits[1]
scw/1233/123300580010.001/swg.fits[1]
scw/1239/123900250010.001/swg.fits[1]
scw/1240/124000090010.001/swg.fits[1]
scw/1240/124000100010.001/swg.fits[1]
scw/1254/125400160010.001/swg.fits[1]
scw/1349/134900930010.001/swg.fits[1]
scw/1350/135000600010.001/swg.fits[1]
scw/1350/135000610010.001/swg.fits[1]
scw/1351/135100170010.001/swg.fits[1]
scw/1352/135200100010.001/swg.fits[1]
scw/1353/135300870010.001/swg.fits[1]
scw/1355/135500890010.001/swg.fits[1]
scw/1355/135500980010.001/swg.fits[1]
scw/1357/135700800010.001/swg.fits[1]
scw/1358/135800790010.001/swg.fits[1]
scw/1359/135900570010.001/swg.fits[1]
scw/1360/136000170010.001/swg.fits[1]
scw/1360/136000260010.001/swg.fits[1]
scw/1360/136000760010.001/swg.fits[1]
scw/1363/136300150010.001/swg.fits[1]
scw/1363/136300550010.001/swg.fits[1]
scw/1380/138000130010.001/swg.fits[1]
scw/1380/138000440010.001/swg.fits[1]
scw/1380/138000540010.001/swg.fits[1]
scw/1380/138000630010.001/swg.fits[1]
scw/1381/138100020010.001/swg.fits[1]
scw/1381/138100110010.001/swg.fits[1]
scw/1381/138100420010.001/swg.fits[1]
scw/1381/138100520010.001/swg.fits[1]
scw/1381/138100610010.001/swg.fits[1]
scw/1382/138200280010.001/swg.fits[1]
scw/1382/138200370010.001/swg.fits[1]
scw/1382/138200380010.001/swg.fits[1]
scw/1383/138300280010.001/swg.fits[1]
scw/1384/138400030010.001/swg.fits[1]
scw/1384/138400040010.001/swg.fits[1]
scw/1384/138400520010.001/swg.fits[1]
scw/1384/138400530010.001/swg.fits[1]
scw/1385/138500530010.001/swg.fits[1]
scw/1388/138800020010.001/swg.fits[1]
scw/1388/138800510010.001/swg.fits[1]
scw/1388/138800530010.001/swg.fits[1]
scw/1389/138900390010.001/swg.fits[1]
scw/1394/139400140010.001/swg.fits[1]
scw/1398/139800330010.001/swg.fits[1]
scw/1405/140500010010.001/swg.fits[1]
scw/1405/140500020010.001/swg.fits[1]
scw/1405/140500570010.001/swg.fits[1]
scw/1406/140600460010.001/swg.fits[1]
scw/1406/140600470010.001/swg.fits[1]
scw/1407/140700270010.001/swg.fits[1]
scw/1419/141900060010.001/swg.fits[1]
scw/1419/141900470010.001/swg.fits[1]
scw/1419/141900560010.001/swg.fits[1]
scw/1419/141900960010.001/swg.fits[1]
scw/1419/141900970010.001/swg.fits[1]
scw/1420/142000400010.001/swg.fits[1]
scw/1420/142000900010.001/swg.fits[1]
scw/1420/142000990010.001/swg.fits[1]
scw/1421/142100430010.001/swg.fits[1]
scw/1422/142200770010.001/swg.fits[1]
scw/1422/142200780010.001/swg.fits[1]
scw/1422/142200870010.001/swg.fits[1]
scw/1423/142300310010.001/swg.fits[1]
scw/1423/142300820010.001/swg.fits[1]
scw/1424/142400270010.001/swg.fits[1]
scw/1425/142500210010.001/swg.fits[1]
scw/1425/142500710010.001/swg.fits[1]
scw/2158/215800540010.001/swg.fits[1]
scw/2158/215800620010.001/swg.fits[1]
scw/2158/215800630010.001/swg.fits[1]
scw/2161/216100440010.001/swg.fits[1]
scw/2161/216100520010.001/swg.fits[1]
scw/2161/216100530010.001/swg.fits[1]
scw/2161/216100540010.001/swg.fits[1]
scw/2162/216200590010.001/swg.fits[1]
scw/2163/216300410010.001/swg.fits[1]
scw/2164/216400390010.001/swg.fits[1]
scw/2164/216400480010.001/swg.fits[1]
scw/2165/216500390010.001/swg.fits[1]
scw/2166/216600460010.001/swg.fits[1]
scw/2227/222700490010.001/swg.fits[1]
scw/2228/222800110010.001/swg.fits[1]
scw/2228/222800520010.001/swg.fits[1]
scw/2228/222800520020.001/swg.fits[1]
scw/2278/227800320010.001/swg.fits[1]
scw/2290/229000080010.001/swg.fits[1]
scw/2291/229100240010.001/swg.fits[1]
scw/2292/229200330010.001/swg.fits[1]
scw/2294/229400400010.001/swg.fits[1]
scw/2295/229500100010.001/swg.fits[1]
scw/2296/229600250010.001/swg.fits[1]
scw/2296/229600330010.001/swg.fits[1]
scw/2303/230300080010.001/swg.fits[1]
scw/2303/230300160010.001/swg.fits[1]
scw/2304/230400250010.001/swg.fits[1]
scw/2304/230400330010.001/swg.fits[1]
scw/2305/230500420010.001/swg.fits[1]
scw/2306/230600100010.001/swg.fits[1]
scw/2307/230700080010.001/swg.fits[1]
scw/2334/233400430010.001/swg.fits[1]
scw/2344/234400290010.001/swg.fits[1]
scw/2357/235700110010.001/swg.fits[1]
scw/2361/236100690010.001/swg.fits[1]
scw/2361/236100700010.001/swg.fits[1]
scw/2365/236500250010.001/swg.fits[1]
scw/2365/236500340010.001/swg.fits[1]
scw/2368/236800330010.001/swg.fits[1]
scw/2438/243800440010.001/swg.fits[1]
scw/2473/247300080010.001/swg.fits[1]
