scw/0318/031800570010.001/swg.fits[1]
scw/0318/031800580010.001/swg.fits[1]
scw/0324/032400630010.001/swg.fits[1]
scw/0801/080100050010.001/swg.fits[1]
scw/0802/080200280010.001/swg.fits[1]
scw/0802/080200410010.001/swg.fits[1]
scw/0821/082100550010.001/swg.fits[1]
scw/0822/082200090010.001/swg.fits[1]
scw/0822/082200220010.001/swg.fits[1]
scw/0823/082300370010.001/swg.fits[1]
scw/0823/082300510010.001/swg.fits[1]
scw/0824/082400040010.001/swg.fits[1]
scw/0824/082400100010.001/swg.fits[1]
scw/0890/089000370010.001/swg.fits[1]
scw/0890/089000380010.001/swg.fits[1]
scw/0891/089100770010.001/swg.fits[1]
scw/1012/101200380010.001/swg.fits[1]
scw/1012/101200780010.001/swg.fits[1]
scw/1013/101300390010.001/swg.fits[1]
scw/1013/101300400010.001/swg.fits[1]
scw/1135/113500550010.001/swg.fits[1]
scw/1256/125600830010.001/swg.fits[1]
scw/1257/125700110010.001/swg.fits[1]
