scw/0056/005600660010.001/swg.fits[1]
scw/0056/005600670010.001/swg.fits[1]
scw/0056/005600760010.001/swg.fits[1]
scw/0056/005600770010.001/swg.fits[1]
scw/0061/006100900010.001/swg.fits[1]
scw/0061/006100910010.001/swg.fits[1]
scw/0061/006100920010.001/swg.fits[1]
scw/0061/006100930010.001/swg.fits[1]
scw/0062/006200720010.001/swg.fits[1]
scw/0062/006200730010.001/swg.fits[1]
scw/0062/006200740010.001/swg.fits[1]
scw/0062/006200750010.001/swg.fits[1]
scw/0062/006200890010.001/swg.fits[1]
scw/0062/006200900010.001/swg.fits[1]
scw/0062/006200910010.001/swg.fits[1]
scw/0062/006200920010.001/swg.fits[1]
scw/0119/011900870010.001/swg.fits[1]
scw/0119/011901110010.001/swg.fits[1]
scw/0119/011901120010.001/swg.fits[1]
scw/0120/012000640010.001/swg.fits[1]
scw/0120/012000650010.001/swg.fits[1]
scw/0120/012000660010.001/swg.fits[1]
scw/0120/012000670010.001/swg.fits[1]
scw/0120/012000800010.001/swg.fits[1]
scw/0120/012000810010.001/swg.fits[1]
scw/0120/012000820010.001/swg.fits[1]
scw/0120/012000830010.001/swg.fits[1]
scw/0120/012000970010.001/swg.fits[1]
scw/0120/012000980010.001/swg.fits[1]
scw/0120/012000990010.001/swg.fits[1]
scw/0120/012001000010.001/swg.fits[1]
scw/0121/012100070010.001/swg.fits[1]
scw/0121/012100080010.001/swg.fits[1]
scw/0164/016400400010.001/swg.fits[1]
scw/0164/016400410010.001/swg.fits[1]
scw/0164/016400440010.001/swg.fits[1]
scw/0164/016400450010.001/swg.fits[1]
scw/0165/016500630010.001/swg.fits[1]
scw/0165/016500640010.001/swg.fits[1]
scw/0165/016500670010.001/swg.fits[1]
scw/0165/016500680010.001/swg.fits[1]
scw/0231/023100260010.001/swg.fits[1]
scw/0231/023100270010.001/swg.fits[1]
scw/0231/023100380010.001/swg.fits[1]
scw/0231/023100390010.001/swg.fits[1]
scw/0233/023301040010.001/swg.fits[1]
scw/0233/023301050010.001/swg.fits[1]
scw/0236/023600820010.001/swg.fits[1]
scw/0294/029400210010.001/swg.fits[1]
scw/0294/029400220010.001/swg.fits[1]
scw/0353/035300700010.001/swg.fits[1]
scw/0357/035700130010.001/swg.fits[1]
scw/0357/035700140010.001/swg.fits[1]
scw/0359/035900130010.001/swg.fits[1]
scw/0359/035900140010.001/swg.fits[1]
scw/0362/036200260010.001/swg.fits[1]
scw/0362/036200770010.001/swg.fits[1]
scw/0362/036200780010.001/swg.fits[1]
scw/0363/036300250010.001/swg.fits[1]
scw/0363/036300260010.001/swg.fits[1]
scw/0363/036300520010.001/swg.fits[1]
scw/0407/040700110010.001/swg.fits[1]
scw/0411/041100500010.001/swg.fits[1]
scw/0411/041100510010.001/swg.fits[1]
scw/0412/041200490010.001/swg.fits[1]
scw/0416/041600190010.001/swg.fits[1]
scw/0416/041600200010.001/swg.fits[1]
scw/0416/041600210010.001/swg.fits[1]
scw/0419/041900580010.001/swg.fits[1]
scw/0478/047800210010.001/swg.fits[1]
scw/0479/047900200010.001/swg.fits[1]
scw/0479/047900530010.001/swg.fits[1]
scw/0479/047900540010.001/swg.fits[1]
scw/0480/048000570010.001/swg.fits[1]
scw/0481/048100180010.001/swg.fits[1]
scw/0484/048400280010.001/swg.fits[1]
scw/0484/048400290010.001/swg.fits[1]
scw/0484/048400630010.001/swg.fits[1]
scw/0484/048400640010.001/swg.fits[1]
scw/0534/053400430010.001/swg.fits[1]
scw/0539/053900470010.001/swg.fits[1]
scw/0540/054000690010.001/swg.fits[1]
scw/0917/091700390010.001/swg.fits[1]
scw/0917/091700410010.001/swg.fits[1]
scw/0917/091700420010.001/swg.fits[1]
scw/0917/091700430010.001/swg.fits[1]
scw/0917/091700480010.001/swg.fits[1]
scw/0917/091700490010.001/swg.fits[1]
scw/0918/091800180010.001/swg.fits[1]
scw/0918/091800200010.001/swg.fits[1]
scw/0918/091800210010.001/swg.fits[1]
scw/0918/091800220010.001/swg.fits[1]
scw/0918/091800270010.001/swg.fits[1]
scw/0918/091800280010.001/swg.fits[1]
scw/0918/091800290010.001/swg.fits[1]
scw/0918/091800310010.001/swg.fits[1]
scw/1137/113700290010.001/swg.fits[1]
scw/1150/115000290010.001/swg.fits[1]
scw/1150/115000300010.001/swg.fits[1]
scw/1150/115000550010.001/swg.fits[1]
scw/1150/115000560010.001/swg.fits[1]
scw/1203/120300860010.001/swg.fits[1]
scw/1205/120500060010.001/swg.fits[1]
scw/1207/120700070010.001/swg.fits[1]
scw/1212/121200150010.001/swg.fits[1]
scw/1213/121300080010.001/swg.fits[1]
scw/1213/121300090010.001/swg.fits[1]
scw/1213/121300470010.001/swg.fits[1]
scw/1213/121300480010.001/swg.fits[1]
scw/1213/121300490010.001/swg.fits[1]
scw/1213/121300590010.001/swg.fits[1]
scw/1213/121300680010.001/swg.fits[1]
scw/1214/121400240010.001/swg.fits[1]
scw/1214/121400320010.001/swg.fits[1]
scw/1214/121400330010.001/swg.fits[1]
scw/1214/121400340010.001/swg.fits[1]
scw/1215/121500110010.001/swg.fits[1]
scw/1215/121500500010.001/swg.fits[1]
scw/1215/121500510010.001/swg.fits[1]
scw/1215/121500610010.001/swg.fits[1]
scw/1216/121600410010.001/swg.fits[1]
scw/1216/121600420010.001/swg.fits[1]
scw/1216/121600510010.001/swg.fits[1]
scw/1216/121600520010.001/swg.fits[1]
scw/1217/121700420010.001/swg.fits[1]
scw/1217/121700530010.001/swg.fits[1]
scw/1217/121700540010.001/swg.fits[1]
scw/1224/122400230010.001/swg.fits[1]
scw/1224/122400490010.001/swg.fits[1]
scw/1224/122401020010.001/swg.fits[1]
scw/1224/122401030010.001/swg.fits[1]
scw/1226/122600150010.001/swg.fits[1]
scw/1263/126300600010.001/swg.fits[1]
scw/1263/126300610010.001/swg.fits[1]
scw/1263/126300700010.001/swg.fits[1]
scw/1263/126300710010.001/swg.fits[1]
scw/1264/126400530010.001/swg.fits[1]
scw/1264/126400620010.001/swg.fits[1]
scw/1330/133000230010.001/swg.fits[1]
scw/1331/133100160010.001/swg.fits[1]
scw/1332/133200230010.001/swg.fits[1]
scw/1334/133400850010.001/swg.fits[1]
scw/1344/134400230010.001/swg.fits[1]
scw/1345/134500850010.001/swg.fits[1]
scw/1346/134600830010.001/swg.fits[1]
scw/1346/134600840010.001/swg.fits[1]
scw/1346/134600850010.001/swg.fits[1]
scw/1347/134700130010.001/swg.fits[1]
scw/1347/134700140010.001/swg.fits[1]
scw/1347/134700150010.001/swg.fits[1]
scw/1348/134800130010.001/swg.fits[1]
scw/1450/145000730010.001/swg.fits[1]
scw/1450/145000740010.001/swg.fits[1]
scw/1450/145000750010.001/swg.fits[1]
scw/1450/145001000010.001/swg.fits[1]
scw/1455/145500810010.001/swg.fits[1]
scw/1455/145500820010.001/swg.fits[1]
scw/1460/146000320010.001/swg.fits[1]
scw/1469/146900420010.001/swg.fits[1]
scw/1511/151100100010.001/swg.fits[1]
scw/1511/151100110010.001/swg.fits[1]
scw/1511/151100170010.001/swg.fits[1]
scw/1511/151100240010.001/swg.fits[1]
scw/1512/151200450010.001/swg.fits[1]
scw/1521/152100780010.001/swg.fits[1]
scw/1527/152700820010.001/swg.fits[1]
scw/1527/152700830010.001/swg.fits[1]
scw/1529/152900130010.001/swg.fits[1]
scw/1589/158900460010.001/swg.fits[1]
scw/1589/158900470010.001/swg.fits[1]
scw/1591/159100480010.001/swg.fits[1]
scw/1654/165400560010.001/swg.fits[1]
scw/1655/165500560010.001/swg.fits[1]
scw/1657/165700580010.001/swg.fits[1]
scw/1665/166500320010.001/swg.fits[1]
scw/1666/166600110010.001/swg.fits[1]
scw/1669/166900300010.001/swg.fits[1]
scw/1670/167000290010.001/swg.fits[1]
scw/1719/171900130010.001/swg.fits[1]
scw/1722/172200130010.001/swg.fits[1]
scw/1725/172500830010.001/swg.fits[1]
scw/1725/172500840010.001/swg.fits[1]
scw/1726/172600770010.001/swg.fits[1]
scw/1727/172700060010.001/swg.fits[1]
scw/1730/173000060010.001/swg.fits[1]
scw/1730/173000320010.001/swg.fits[1]
scw/1740/174000060010.001/swg.fits[1]
scw/1780/178000500010.001/swg.fits[1]
scw/1780/178000510010.001/swg.fits[1]
scw/1780/178000580010.001/swg.fits[1]
scw/1780/178000590010.001/swg.fits[1]
scw/1780/178000600010.001/swg.fits[1]
scw/1789/178900210010.001/swg.fits[1]
scw/1789/178900220010.001/swg.fits[1]
scw/1872/187200120010.001/swg.fits[1]
scw/1872/187200130010.001/swg.fits[1]
scw/1872/187200140010.001/swg.fits[1]
scw/1939/193900590010.001/swg.fits[1]
scw/1998/199800300010.001/swg.fits[1]
scw/2003/200300120010.001/swg.fits[1]
scw/2003/200300130010.001/swg.fits[1]
scw/2003/200300140010.001/swg.fits[1]
scw/2008/200800300010.001/swg.fits[1]
scw/2012/201200650010.001/swg.fits[1]
scw/2013/201300040010.001/swg.fits[1]
scw/2013/201300050010.001/swg.fits[1]
scw/2013/201300060010.001/swg.fits[1]
scw/2014/201400130010.001/swg.fits[1]
scw/2015/201500140010.001/swg.fits[1]
scw/2057/205700190010.001/swg.fits[1]
scw/2057/205700200010.001/swg.fits[1]
scw/2078/207800120010.001/swg.fits[1]
scw/2079/207900220010.001/swg.fits[1]
scw/2079/207900310010.001/swg.fits[1]
scw/2079/207900320010.001/swg.fits[1]
scw/2080/208000280010.001/swg.fits[1]
scw/2080/208000300010.001/swg.fits[1]
scw/2080/208000310010.001/swg.fits[1]
scw/2080/208000320010.001/swg.fits[1]
scw/2144/214400620010.001/swg.fits[1]
scw/2151/215100060010.001/swg.fits[1]
scw/2151/215100070010.001/swg.fits[1]
scw/2151/215100160010.001/swg.fits[1]
scw/2204/220400190010.001/swg.fits[1]
scw/2218/221800860010.001/swg.fits[1]
scw/2220/222000460010.001/swg.fits[1]
scw/2265/226500470010.001/swg.fits[1]
scw/2265/226500480010.001/swg.fits[1]
scw/2265/226500490010.001/swg.fits[1]
scw/2265/226500510010.001/swg.fits[1]
scw/2265/226500520010.001/swg.fits[1]
scw/2274/227400370010.001/swg.fits[1]
scw/2277/227700440010.001/swg.fits[1]
scw/2277/227700450010.001/swg.fits[1]
scw/2277/227700480010.001/swg.fits[1]
scw/2277/227700490010.001/swg.fits[1]
scw/2336/233600210010.001/swg.fits[1]
scw/2336/233600220010.001/swg.fits[1]
scw/2336/233600290010.001/swg.fits[1]
scw/2336/233600300010.001/swg.fits[1]
scw/2349/234900630010.001/swg.fits[1]
scw/2349/234900640010.001/swg.fits[1]
scw/2397/239700380010.001/swg.fits[1]
scw/2397/239700670010.001/swg.fits[1]
scw/2397/239700680010.001/swg.fits[1]
scw/2397/239700690010.001/swg.fits[1]
scw/2399/239900510010.001/swg.fits[1]
scw/2414/241400200010.001/swg.fits[1]
scw/2467/246700570010.001/swg.fits[1]
scw/2467/246700580010.001/swg.fits[1]
