scw/0046/004600030010.001/swg.fits[1]
scw/0046/004600040010.001/swg.fits[1]
scw/0046/004600110010.001/swg.fits[1]
scw/0046/004600120010.001/swg.fits[1]
scw/0046/004600420010.001/swg.fits[1]
scw/0046/004600430010.001/swg.fits[1]
scw/0046/004600500010.001/swg.fits[1]
scw/0046/004600510010.001/swg.fits[1]
scw/0046/004600520010.001/swg.fits[1]
scw/0046/004600590010.001/swg.fits[1]
scw/0046/004600600010.001/swg.fits[1]
scw/0053/005300030010.001/swg.fits[1]
scw/0053/005300040010.001/swg.fits[1]
scw/0053/005300050010.001/swg.fits[1]
scw/0053/005300060010.001/swg.fits[1]
scw/0053/005300190010.001/swg.fits[1]
scw/0053/005300200010.001/swg.fits[1]
scw/0053/005300210010.001/swg.fits[1]
scw/0053/005300220010.001/swg.fits[1]
scw/0053/005300360010.001/swg.fits[1]
scw/0053/005300370010.001/swg.fits[1]
scw/0053/005300380010.001/swg.fits[1]
scw/0053/005300390010.001/swg.fits[1]
scw/0054/005400130010.001/swg.fits[1]
scw/0060/006000620010.001/swg.fits[1]
scw/0060/006000630010.001/swg.fits[1]
scw/0060/006000640010.001/swg.fits[1]
scw/0060/006000650010.001/swg.fits[1]
scw/0103/010300650010.001/swg.fits[1]
scw/0103/010300660010.001/swg.fits[1]
scw/0103/010300670010.001/swg.fits[1]
scw/0103/010300680010.001/swg.fits[1]
scw/0103/010300810010.001/swg.fits[1]
scw/0103/010300820010.001/swg.fits[1]
scw/0103/010300830010.001/swg.fits[1]
scw/0103/010300840010.001/swg.fits[1]
scw/0103/010300980010.001/swg.fits[1]
scw/0103/010300990010.001/swg.fits[1]
scw/0103/010301000010.001/swg.fits[1]
scw/0103/010301010010.001/swg.fits[1]
scw/0119/011900190010.001/swg.fits[1]
scw/0119/011900200010.001/swg.fits[1]
scw/0119/011900430010.001/swg.fits[1]
scw/0119/011900440010.001/swg.fits[1]
scw/0164/016400350010.001/swg.fits[1]
scw/0164/016400360010.001/swg.fits[1]
scw/0164/016400370010.001/swg.fits[1]
scw/0164/016400490010.001/swg.fits[1]
scw/0164/016400500010.001/swg.fits[1]
scw/0165/016500580010.001/swg.fits[1]
scw/0165/016500590010.001/swg.fits[1]
scw/0165/016500600010.001/swg.fits[1]
scw/0165/016500710010.001/swg.fits[1]
scw/0165/016500720010.001/swg.fits[1]
scw/0165/016500730010.001/swg.fits[1]
scw/0229/022900170010.001/swg.fits[1]
scw/0231/023100300010.001/swg.fits[1]
scw/0231/023100310010.001/swg.fits[1]
scw/0231/023100340010.001/swg.fits[1]
scw/0231/023100350010.001/swg.fits[1]
scw/0235/023500220010.001/swg.fits[1]
scw/0235/023500230010.001/swg.fits[1]
scw/0235/023500260010.001/swg.fits[1]
scw/0296/029600130010.001/swg.fits[1]
scw/0296/029600140010.001/swg.fits[1]
scw/0358/035800440010.001/swg.fits[1]
scw/0358/035800450010.001/swg.fits[1]
scw/0360/036000750010.001/swg.fits[1]
scw/0360/036000760010.001/swg.fits[1]
scw/0362/036200520010.001/swg.fits[1]
scw/0362/036200530010.001/swg.fits[1]
scw/0362/036200540010.001/swg.fits[1]
scw/0364/036400050010.001/swg.fits[1]
scw/0364/036400060010.001/swg.fits[1]
scw/0364/036400310010.001/swg.fits[1]
scw/0364/036400320010.001/swg.fits[1]
scw/0409/040900280010.001/swg.fits[1]
scw/0411/041100740010.001/swg.fits[1]
scw/0411/041100750010.001/swg.fits[1]
scw/0413/041300490010.001/swg.fits[1]
scw/0417/041700430010.001/swg.fits[1]
scw/0417/041700440010.001/swg.fits[1]
scw/0417/041700450010.001/swg.fits[1]
scw/0478/047800470010.001/swg.fits[1]
scw/0479/047900430010.001/swg.fits[1]
scw/0479/047900440010.001/swg.fits[1]
scw/0479/047900450010.001/swg.fits[1]
scw/0479/047900800010.001/swg.fits[1]
scw/0479/047900810010.001/swg.fits[1]
scw/0480/048000800010.001/swg.fits[1]
scw/0480/048000810010.001/swg.fits[1]
scw/0481/048100440010.001/swg.fits[1]
scw/0484/048400530010.001/swg.fits[1]
scw/0485/048500160010.001/swg.fits[1]
scw/0485/048500840010.001/swg.fits[1]
scw/0534/053400770010.001/swg.fits[1]
scw/0535/053500060010.001/swg.fits[1]
scw/0536/053600710010.001/swg.fits[1]
scw/0539/053900050010.001/swg.fits[1]
scw/0539/053900570010.001/swg.fits[1]
scw/0542/054200500010.001/swg.fits[1]
scw/1199/119900170010.001/swg.fits[1]
scw/1199/119900180010.001/swg.fits[1]
scw/1199/119900190010.001/swg.fits[1]
scw/1201/120100140010.001/swg.fits[1]
scw/1262/126200380010.001/swg.fits[1]
scw/1264/126400220010.001/swg.fits[1]
scw/1277/127700710010.001/swg.fits[1]
scw/1277/127700720010.001/swg.fits[1]
scw/1279/127900790010.001/swg.fits[1]
scw/1280/128000850010.001/swg.fits[1]
scw/1326/132600530010.001/swg.fits[1]
scw/1326/132600540010.001/swg.fits[1]
scw/1446/144600500010.001/swg.fits[1]
scw/1450/145000220010.001/swg.fits[1]
scw/1451/145100810010.001/swg.fits[1]
scw/1451/145100820010.001/swg.fits[1]
scw/1453/145300160010.001/swg.fits[1]
scw/1453/145300410010.001/swg.fits[1]
scw/1453/145300420010.001/swg.fits[1]
scw/1453/145300430010.001/swg.fits[1]
scw/1453/145300680010.001/swg.fits[1]
scw/1455/145500290010.001/swg.fits[1]
scw/1458/145800340010.001/swg.fits[1]
scw/1458/145800600010.001/swg.fits[1]
scw/1464/146401020010.001/swg.fits[1]
