scw/0732/073200680010.001/swg.fits[1]
scw/0732/073200690010.001/swg.fits[1]
scw/0733/073300210010.001/swg.fits[1]
scw/0733/073300230010.001/swg.fits[1]
scw/2085/208500770010.001/swg.fits[1]
scw/2087/208700760010.001/swg.fits[1]
scw/2089/208900610010.001/swg.fits[1]
scw/2090/209000670010.001/swg.fits[1]
scw/2090/209000840010.001/swg.fits[1]
scw/2091/209100260010.001/swg.fits[1]
scw/2091/209100650010.001/swg.fits[1]
scw/2091/209100660010.001/swg.fits[1]
scw/2091/209100670010.001/swg.fits[1]
scw/2091/209100700010.001/swg.fits[1]
scw/2091/209100710010.001/swg.fits[1]
scw/2091/209100910010.001/swg.fits[1]
scw/2092/209200020010.001/swg.fits[1]
scw/2092/209200030010.001/swg.fits[1]
scw/2092/209200060010.001/swg.fits[1]
scw/2092/209200070010.001/swg.fits[1]
scw/2301/230100610010.001/swg.fits[1]
scw/2301/230100620010.001/swg.fits[1]
scw/2301/230100650010.001/swg.fits[1]
scw/2301/230100660010.001/swg.fits[1]
scw/2301/230100670010.001/swg.fits[1]
scw/2301/230100720010.001/swg.fits[1]
scw/2301/230100870010.001/swg.fits[1]
scw/2301/230100880010.001/swg.fits[1]
