scw/1714/171400070010.001/swg.fits[1]
scw/1714/171400370010.001/swg.fits[1]
scw/1714/171400460010.001/swg.fits[1]
scw/1852/185200230010.001/swg.fits[1]
scw/1852/185200280010.001/swg.fits[1]
scw/1852/185200290010.001/swg.fits[1]
scw/1852/185200320010.001/swg.fits[1]
scw/1852/185200390010.001/swg.fits[1]
scw/1852/185200410010.001/swg.fits[1]
scw/1852/185200420010.001/swg.fits[1]
scw/1852/185200430010.001/swg.fits[1]
scw/1852/185200780010.001/swg.fits[1]
scw/1853/185300140010.001/swg.fits[1]
scw/1853/185300190010.001/swg.fits[1]
scw/1853/185300200010.001/swg.fits[1]
scw/1853/185300230010.001/swg.fits[1]
scw/1853/185300300010.001/swg.fits[1]
scw/1853/185300320010.001/swg.fits[1]
scw/1853/185300330010.001/swg.fits[1]
scw/1853/185300340010.001/swg.fits[1]
scw/1853/185300690010.001/swg.fits[1]
scw/1853/185300700010.001/swg.fits[1]
scw/1853/185300730010.001/swg.fits[1]
scw/1853/185300740010.001/swg.fits[1]
