scw/0578/057800850010.001/swg.fits[1]
scw/0579/057900660010.001/swg.fits[1]
scw/0579/057900670010.001/swg.fits[1]
scw/0579/057901000010.001/swg.fits[1]
scw/0580/058000690010.001/swg.fits[1]
scw/0648/064800730010.001/swg.fits[1]
scw/0648/064800740010.001/swg.fits[1]
scw/0651/065100730010.001/swg.fits[1]
scw/0651/065100730020.001/swg.fits[1]
scw/0925/092500520010.001/swg.fits[1]
scw/0925/092500530010.001/swg.fits[1]
scw/0925/092500540010.001/swg.fits[1]
scw/1023/102300500010.001/swg.fits[1]
scw/1025/102500860010.001/swg.fits[1]
scw/1128/112800850010.001/swg.fits[1]
scw/1142/114201040010.001/swg.fits[1]
scw/1143/114300100010.001/swg.fits[1]
scw/1144/114400020010.001/swg.fits[1]
scw/1144/114400660010.001/swg.fits[1]
scw/2314/231400040010.001/swg.fits[1]
