scw/1492/149200250010.001/swg.fits[1]
scw/1492/149200260010.001/swg.fits[1]
scw/1493/149300070010.001/swg.fits[1]
scw/1493/149300080010.001/swg.fits[1]
scw/1493/149300240010.001/swg.fits[1]
scw/1493/149300250010.001/swg.fits[1]
scw/1494/149400030010.001/swg.fits[1]
scw/1494/149400040010.001/swg.fits[1]
scw/1494/149400060010.001/swg.fits[1]
scw/1494/149400540010.001/swg.fits[1]
scw/1494/149400560010.001/swg.fits[1]
scw/1494/149400570010.001/swg.fits[1]
scw/1494/149400580010.001/swg.fits[1]
scw/1494/149400580020.001/swg.fits[1]
scw/1495/149500450010.001/swg.fits[1]
scw/1495/149500460010.001/swg.fits[1]
scw/1495/149500490010.001/swg.fits[1]
scw/1495/149500500010.001/swg.fits[1]
scw/1496/149600440010.001/swg.fits[1]
scw/1496/149600450010.001/swg.fits[1]
scw/1496/149600490010.001/swg.fits[1]
scw/1497/149700320010.001/swg.fits[1]
scw/1498/149800220010.001/swg.fits[1]
scw/1498/149800230010.001/swg.fits[1]
scw/1498/149800280010.001/swg.fits[1]
scw/1498/149800290010.001/swg.fits[1]
scw/1499/149900160010.001/swg.fits[1]
scw/1499/149900170010.001/swg.fits[1]
scw/1500/150000280010.001/swg.fits[1]
scw/1544/154400610010.001/swg.fits[1]
scw/1544/154400620010.001/swg.fits[1]
scw/1544/154400630010.001/swg.fits[1]
scw/1545/154500440010.001/swg.fits[1]
scw/1546/154600190010.001/swg.fits[1]
scw/1546/154600200010.001/swg.fits[1]
scw/1546/154600210010.001/swg.fits[1]
scw/1546/154600390010.001/swg.fits[1]
scw/1546/154600400010.001/swg.fits[1]
scw/1548/154800270010.001/swg.fits[1]
scw/1548/154800280010.001/swg.fits[1]
scw/1548/154800420010.001/swg.fits[1]
scw/1548/154800430010.001/swg.fits[1]
scw/1548/154800440010.001/swg.fits[1]
scw/1549/154900290010.001/swg.fits[1]
scw/1549/154900300010.001/swg.fits[1]
scw/1549/154900430010.001/swg.fits[1]
scw/1549/154900440010.001/swg.fits[1]
scw/1549/154900450010.001/swg.fits[1]
scw/1550/155000360010.001/swg.fits[1]
scw/1550/155000370010.001/swg.fits[1]
scw/1551/155100050010.001/swg.fits[1]
scw/1551/155100380010.001/swg.fits[1]
scw/1552/155200330010.001/swg.fits[1]
scw/1564/156400360010.001/swg.fits[1]
scw/1564/156400370010.001/swg.fits[1]
scw/1564/156400420010.001/swg.fits[1]
scw/1564/156400430010.001/swg.fits[1]
scw/1567/156700050010.001/swg.fits[1]
scw/1617/161700280010.001/swg.fits[1]
scw/1617/161700310010.001/swg.fits[1]
scw/1682/168200080010.001/swg.fits[1]
scw/1682/168200090010.001/swg.fits[1]
scw/1682/168200100010.001/swg.fits[1]
scw/1683/168300110010.001/swg.fits[1]
scw/1683/168300350010.001/swg.fits[1]
scw/1683/168300360010.001/swg.fits[1]
scw/1683/168300370010.001/swg.fits[1]
scw/1686/168600040010.001/swg.fits[1]
scw/1686/168600050010.001/swg.fits[1]
scw/1687/168700340010.001/swg.fits[1]
scw/1687/168700350010.001/swg.fits[1]
scw/1687/168700360010.001/swg.fits[1]
scw/1687/168700490010.001/swg.fits[1]
scw/1687/168700500010.001/swg.fits[1]
scw/1687/168700510010.001/swg.fits[1]
scw/1687/168700510020.001/swg.fits[1]
scw/1753/175300110010.001/swg.fits[1]
scw/1753/175300120010.001/swg.fits[1]
scw/1753/175300260010.001/swg.fits[1]
scw/1753/175300270010.001/swg.fits[1]
scw/1754/175400080010.001/swg.fits[1]
scw/1754/175400090010.001/swg.fits[1]
scw/1754/175400100010.001/swg.fits[1]
scw/1754/175400230010.001/swg.fits[1]
scw/1756/175600050010.001/swg.fits[1]
scw/1756/175600060010.001/swg.fits[1]
scw/1756/175600070010.001/swg.fits[1]
scw/1756/175600230010.001/swg.fits[1]
scw/1756/175600240010.001/swg.fits[1]
scw/1757/175700110010.001/swg.fits[1]
scw/1757/175700120010.001/swg.fits[1]
scw/1757/175700130010.001/swg.fits[1]
scw/1758/175800130010.001/swg.fits[1]
scw/1758/175800140010.001/swg.fits[1]
scw/1759/175900090010.001/swg.fits[1]
scw/1759/175900100010.001/swg.fits[1]
scw/1759/175900110010.001/swg.fits[1]
scw/1759/175900130010.001/swg.fits[1]
scw/1761/176100220010.001/swg.fits[1]
scw/1761/176100230010.001/swg.fits[1]
scw/1761/176100270010.001/swg.fits[1]
scw/1761/176100280010.001/swg.fits[1]
scw/1761/176100290010.001/swg.fits[1]
scw/1762/176200270010.001/swg.fits[1]
scw/1762/176200280010.001/swg.fits[1]
scw/1763/176300200010.001/swg.fits[1]
scw/1763/176300210010.001/swg.fits[1]
scw/1766/176600120010.001/swg.fits[1]
scw/1766/176600130010.001/swg.fits[1]
scw/1766/176600170010.001/swg.fits[1]
scw/1820/182000070010.001/swg.fits[1]
scw/1820/182000080010.001/swg.fits[1]
scw/1820/182000090010.001/swg.fits[1]
scw/1820/182000440010.001/swg.fits[1]
scw/1820/182000450010.001/swg.fits[1]
scw/1821/182100100010.001/swg.fits[1]
scw/1821/182100110010.001/swg.fits[1]
scw/1821/182100470010.001/swg.fits[1]
scw/1821/182100480010.001/swg.fits[1]
scw/1821/182100490010.001/swg.fits[1]
scw/1822/182200450010.001/swg.fits[1]
scw/1822/182200460010.001/swg.fits[1]
scw/1822/182200470010.001/swg.fits[1]
scw/1823/182300450010.001/swg.fits[1]
scw/1823/182300460010.001/swg.fits[1]
scw/1845/184500170010.001/swg.fits[1]
scw/1845/184500180010.001/swg.fits[1]
scw/1845/184500290010.001/swg.fits[1]
scw/1893/189300150010.001/swg.fits[1]
scw/1893/189300160010.001/swg.fits[1]
scw/1893/189300270010.001/swg.fits[1]
scw/1893/189300280010.001/swg.fits[1]
scw/1894/189400210010.001/swg.fits[1]
scw/1894/189400300010.001/swg.fits[1]
scw/1894/189400310010.001/swg.fits[1]
scw/1895/189500200010.001/swg.fits[1]
scw/1895/189500210010.001/swg.fits[1]
scw/1895/189500220010.001/swg.fits[1]
scw/1895/189500330010.001/swg.fits[1]
scw/1895/189500340010.001/swg.fits[1]
scw/1897/189700260010.001/swg.fits[1]
scw/1897/189700270010.001/swg.fits[1]
scw/1897/189700280010.001/swg.fits[1]
scw/1897/189700370010.001/swg.fits[1]
scw/1897/189700380010.001/swg.fits[1]
scw/1898/189800300010.001/swg.fits[1]
scw/1898/189800310010.001/swg.fits[1]
scw/1898/189800420010.001/swg.fits[1]
scw/1898/189800430010.001/swg.fits[1]
scw/1899/189900440010.001/swg.fits[1]
scw/1899/189900450010.001/swg.fits[1]
scw/1900/190000350010.001/swg.fits[1]
scw/1964/196400070010.001/swg.fits[1]
scw/1964/196400080010.001/swg.fits[1]
scw/1965/196500160010.001/swg.fits[1]
scw/1965/196500170010.001/swg.fits[1]
scw/1965/196500290010.001/swg.fits[1]
scw/1966/196600020010.001/swg.fits[1]
scw/1967/196700100010.001/swg.fits[1]
scw/1967/196700110010.001/swg.fits[1]
scw/1981/198100050010.001/swg.fits[1]
scw/1981/198100180010.001/swg.fits[1]
scw/1982/198200060010.001/swg.fits[1]
scw/1982/198200070010.001/swg.fits[1]
scw/1982/198200190010.001/swg.fits[1]
scw/1983/198300060010.001/swg.fits[1]
scw/1983/198300070010.001/swg.fits[1]
scw/1983/198300180010.001/swg.fits[1]
scw/2031/203100100010.001/swg.fits[1]
