scw/0163/016300540010.001/swg.fits[1]
scw/0163/016300550010.001/swg.fits[1]
scw/0228/022800020010.001/swg.fits[1]
scw/0228/022800030010.001/swg.fits[1]
scw/0228/022800180010.001/swg.fits[1]
scw/0228/022800190010.001/swg.fits[1]
scw/0228/022800960010.001/swg.fits[1]
scw/0228/022800970010.001/swg.fits[1]
scw/0228/022801120010.001/swg.fits[1]
scw/0228/022801130010.001/swg.fits[1]
scw/0235/023500310010.001/swg.fits[1]
scw/0235/023500320010.001/swg.fits[1]
scw/0235/023500470010.001/swg.fits[1]
scw/0235/023500480010.001/swg.fits[1]
scw/0889/088900440010.001/swg.fits[1]
scw/0889/088900450010.001/swg.fits[1]
scw/0889/088900460010.001/swg.fits[1]
scw/0890/089000050010.001/swg.fits[1]
scw/0890/089000060010.001/swg.fits[1]
scw/0890/089000070010.001/swg.fits[1]
scw/0890/089000680010.001/swg.fits[1]
scw/0890/089000690010.001/swg.fits[1]
scw/0890/089000700010.001/swg.fits[1]
scw/1074/107400330010.001/swg.fits[1]
scw/1074/107400340010.001/swg.fits[1]
scw/1074/107400410010.001/swg.fits[1]
scw/1074/107400420010.001/swg.fits[1]
scw/1135/113500860010.001/swg.fits[1]
scw/1135/113500870010.001/swg.fits[1]
scw/1135/113500880010.001/swg.fits[1]
scw/1196/119600070010.001/swg.fits[1]
scw/1196/119600080010.001/swg.fits[1]
scw/1196/119600670010.001/swg.fits[1]
scw/1196/119600680010.001/swg.fits[1]
scw/1256/125600320010.001/swg.fits[1]
scw/1256/125600330010.001/swg.fits[1]
scw/1256/125600340010.001/swg.fits[1]
scw/1257/125700410010.001/swg.fits[1]
scw/1257/125700430010.001/swg.fits[1]
scw/1257/125700440010.001/swg.fits[1]
