scw/1424/142400450010.001/swg.fits[1]
scw/1424/142400460010.001/swg.fits[1]
scw/1424/142400470010.001/swg.fits[1]
scw/1424/142400560010.001/swg.fits[1]
scw/1424/142400870010.001/swg.fits[1]
scw/1424/142400960010.001/swg.fits[1]
scw/1424/142400970010.001/swg.fits[1]
scw/1425/142500310010.001/swg.fits[1]
scw/1425/142500390010.001/swg.fits[1]
scw/1425/142500400010.001/swg.fits[1]
scw/1425/142500410010.001/swg.fits[1]
scw/1425/142500500010.001/swg.fits[1]
scw/1425/142500810010.001/swg.fits[1]
scw/1425/142500820010.001/swg.fits[1]
scw/1425/142500890010.001/swg.fits[1]
scw/1425/142500900010.001/swg.fits[1]
scw/1425/142500910010.001/swg.fits[1]
scw/1425/142501000010.001/swg.fits[1]
scw/1426/142600330010.001/swg.fits[1]
scw/1426/142600340010.001/swg.fits[1]
scw/1426/142600350010.001/swg.fits[1]
scw/1426/142600440010.001/swg.fits[1]
scw/1426/142600750010.001/swg.fits[1]
scw/1426/142600760010.001/swg.fits[1]
scw/1426/142600830010.001/swg.fits[1]
scw/1426/142600840010.001/swg.fits[1]
scw/1426/142600850010.001/swg.fits[1]
scw/1426/142600930010.001/swg.fits[1]
scw/1426/142600940010.001/swg.fits[1]
scw/1427/142700190010.001/swg.fits[1]
scw/1427/142700200010.001/swg.fits[1]
scw/1427/142700290010.001/swg.fits[1]
scw/1427/142700300010.001/swg.fits[1]
scw/1427/142700690010.001/swg.fits[1]
scw/1427/142700780010.001/swg.fits[1]
scw/1427/142700790010.001/swg.fits[1]
scw/1427/142700800010.001/swg.fits[1]
scw/1427/142700870010.001/swg.fits[1]
scw/1427/142700880010.001/swg.fits[1]
scw/1428/142800130010.001/swg.fits[1]
scw/1428/142800230010.001/swg.fits[1]
scw/1428/142800240010.001/swg.fits[1]
scw/1428/142800710010.001/swg.fits[1]
scw/1428/142800720010.001/swg.fits[1]
scw/1428/142800730010.001/swg.fits[1]
scw/2157/215700890010.001/swg.fits[1]
scw/2157/215700890020.001/swg.fits[1]
scw/2159/215900710010.001/swg.fits[1]
scw/2159/215900720010.001/swg.fits[1]
scw/2161/216100330010.001/swg.fits[1]
scw/2161/216100340010.001/swg.fits[1]
scw/2161/216100630010.001/swg.fits[1]
scw/2161/216100640010.001/swg.fits[1]
scw/2161/216100640020.001/swg.fits[1]
scw/2162/216200210010.001/swg.fits[1]
scw/2162/216200290010.001/swg.fits[1]
scw/2162/216200400010.001/swg.fits[1]
scw/2163/216300100010.001/swg.fits[1]
scw/2163/216300110010.001/swg.fits[1]
scw/2163/216300300010.001/swg.fits[1]
scw/2164/216400080010.001/swg.fits[1]
scw/2164/216400090010.001/swg.fits[1]
scw/2164/216400280010.001/swg.fits[1]
scw/2164/216400290010.001/swg.fits[1]
scw/2165/216500090010.001/swg.fits[1]
scw/2165/216500280010.001/swg.fits[1]
scw/2165/216500290010.001/swg.fits[1]
scw/2166/216600070010.001/swg.fits[1]
scw/2166/216600170010.001/swg.fits[1]
scw/2166/216600260010.001/swg.fits[1]
scw/2167/216700050010.001/swg.fits[1]
scw/2167/216700140010.001/swg.fits[1]
scw/2228/222800210010.001/swg.fits[1]
scw/2228/222800410010.001/swg.fits[1]
scw/2228/222800420010.001/swg.fits[1]
scw/2278/227800250010.001/swg.fits[1]
scw/2278/227800260010.001/swg.fits[1]
scw/2278/227800340010.001/swg.fits[1]
scw/2278/227800350010.001/swg.fits[1]
scw/2278/227800360010.001/swg.fits[1]
scw/2278/227800370010.001/swg.fits[1]
scw/2289/228900830010.001/swg.fits[1]
scw/2290/229000090010.001/swg.fits[1]
scw/2290/229000180010.001/swg.fits[1]
scw/2291/229100140010.001/swg.fits[1]
scw/2291/229100230010.001/swg.fits[1]
scw/2293/229300050010.001/swg.fits[1]
scw/2294/229400300010.001/swg.fits[1]
scw/2295/229500200010.001/swg.fits[1]
scw/2295/229500210010.001/swg.fits[1]
scw/2296/229600150010.001/swg.fits[1]
scw/2297/229700090010.001/swg.fits[1]
scw/2297/229700100010.001/swg.fits[1]
scw/2298/229800750010.001/swg.fits[1]
scw/2298/229800760010.001/swg.fits[1]
scw/2303/230300260010.001/swg.fits[1]
scw/2303/230300270010.001/swg.fits[1]
scw/2304/230400050010.001/swg.fits[1]
scw/2304/230400060010.001/swg.fits[1]
scw/2304/230400140010.001/swg.fits[1]
scw/2304/230400150010.001/swg.fits[1]
scw/2305/230500130010.001/swg.fits[1]
scw/2305/230500220010.001/swg.fits[1]
scw/2305/230500310010.001/swg.fits[1]
scw/2306/230600200010.001/swg.fits[1]
scw/2306/230600290010.001/swg.fits[1]
scw/2307/230700280010.001/swg.fits[1]
scw/2334/233400450010.001/swg.fits[1]
scw/2334/233400460010.001/swg.fits[1]
scw/2334/233400490010.001/swg.fits[1]
scw/2338/233800630010.001/swg.fits[1]
scw/2338/233800640010.001/swg.fits[1]
scw/2338/233800710010.001/swg.fits[1]
scw/2339/233900570010.001/swg.fits[1]
scw/2339/233900580010.001/swg.fits[1]
scw/2341/234100690010.001/swg.fits[1]
scw/2341/234100700010.001/swg.fits[1]
scw/2341/234100700020.001/swg.fits[1]
scw/2342/234200420010.001/swg.fits[1]
scw/2342/234200490010.001/swg.fits[1]
scw/2342/234200500010.001/swg.fits[1]
scw/2342/234200510010.001/swg.fits[1]
scw/2342/234200520010.001/swg.fits[1]
scw/2343/234300700010.001/swg.fits[1]
scw/2344/234400260010.001/swg.fits[1]
scw/2344/234400270010.001/swg.fits[1]
scw/2346/234600330010.001/swg.fits[1]
scw/2346/234600340010.001/swg.fits[1]
scw/2346/234600350010.001/swg.fits[1]
scw/2346/234600360010.001/swg.fits[1]
scw/2348/234800630010.001/swg.fits[1]
scw/2348/234800720010.001/swg.fits[1]
scw/2348/234800730010.001/swg.fits[1]
scw/2351/235100120010.001/swg.fits[1]
scw/2351/235100130010.001/swg.fits[1]
scw/2351/235100140010.001/swg.fits[1]
scw/2351/235100210010.001/swg.fits[1]
scw/2351/235100220010.001/swg.fits[1]
scw/2352/235200490010.001/swg.fits[1]
scw/2352/235200500010.001/swg.fits[1]
scw/2355/235500620010.001/swg.fits[1]
scw/2355/235500710010.001/swg.fits[1]
scw/2355/235500720010.001/swg.fits[1]
scw/2357/235700210010.001/swg.fits[1]
scw/2359/235900790010.001/swg.fits[1]
scw/2363/236300570010.001/swg.fits[1]
scw/2365/236500140010.001/swg.fits[1]
scw/2365/236500150010.001/swg.fits[1]
scw/2367/236700350010.001/swg.fits[1]
scw/2368/236800230010.001/swg.fits[1]
scw/2370/237000220010.001/swg.fits[1]
scw/2372/237200160010.001/swg.fits[1]
scw/2373/237300250010.001/swg.fits[1]
scw/2376/237600120010.001/swg.fits[1]
scw/2376/237600220010.001/swg.fits[1]
scw/2406/240600590010.001/swg.fits[1]
scw/2406/240600590020.001/swg.fits[1]
scw/2408/240800540010.001/swg.fits[1]
scw/2413/241300310010.001/swg.fits[1]
scw/2413/241300400010.001/swg.fits[1]
scw/2413/241300410010.001/swg.fits[1]
scw/2420/242000170010.001/swg.fits[1]
scw/2420/242000180010.001/swg.fits[1]
scw/2420/242000280010.001/swg.fits[1]
scw/2424/242400280010.001/swg.fits[1]
scw/2429/242900450010.001/swg.fits[1]
scw/2429/242900540010.001/swg.fits[1]
scw/2429/242900650010.001/swg.fits[1]
scw/2434/243400090010.001/swg.fits[1]
scw/2438/243800330010.001/swg.fits[1]
scw/2438/243800340010.001/swg.fits[1]
scw/2440/244000230010.001/swg.fits[1]
scw/2442/244200220010.001/swg.fits[1]
scw/2445/244500280010.001/swg.fits[1]
scw/2447/244700230010.001/swg.fits[1]
scw/2447/244700240010.001/swg.fits[1]
scw/2450/245000560010.001/swg.fits[1]
scw/2450/245000570010.001/swg.fits[1]
scw/2450/245000580010.001/swg.fits[1]
scw/2450/245000590010.001/swg.fits[1]
scw/2468/246800050010.001/swg.fits[1]
scw/2473/247300050010.001/swg.fits[1]
scw/2473/247300060010.001/swg.fits[1]
scw/2473/247300130010.001/swg.fits[1]
scw/2474/247400600010.001/swg.fits[1]
scw/2474/247400610010.001/swg.fits[1]
scw/2475/247500410010.001/swg.fits[1]
