scw/0909/090900350010.001/swg.fits[1]
scw/0909/090900400010.001/swg.fits[1]
scw/0909/090900410010.001/swg.fits[1]
scw/0909/090900440010.001/swg.fits[1]
scw/0909/090900910010.001/swg.fits[1]
scw/0909/090900920010.001/swg.fits[1]
scw/0909/090900970010.001/swg.fits[1]
scw/0909/090900980010.001/swg.fits[1]
scw/0910/091000300010.001/swg.fits[1]
scw/0910/091000310010.001/swg.fits[1]
scw/0910/091000340010.001/swg.fits[1]
scw/0910/091000350010.001/swg.fits[1]
scw/0910/091000360010.001/swg.fits[1]
scw/0910/091000400010.001/swg.fits[1]
scw/0910/091000410010.001/swg.fits[1]
scw/0910/091000910010.001/swg.fits[1]
scw/0910/091000920010.001/swg.fits[1]
scw/0910/091000970010.001/swg.fits[1]
scw/0910/091000980010.001/swg.fits[1]
scw/0910/091000990010.001/swg.fits[1]
scw/0910/091001010010.001/swg.fits[1]
scw/1048/104800530010.001/swg.fits[1]
scw/1161/116100160010.001/swg.fits[1]
scw/1163/116300020010.001/swg.fits[1]
scw/1163/116300060010.001/swg.fits[1]
scw/1163/116300070010.001/swg.fits[1]
scw/1164/116400970010.001/swg.fits[1]
scw/1164/116401010010.001/swg.fits[1]
scw/1164/116401020010.001/swg.fits[1]
scw/1164/116401040010.001/swg.fits[1]
scw/1164/116401080010.001/swg.fits[1]
scw/1164/116401090010.001/swg.fits[1]
scw/1164/116401100010.001/swg.fits[1]
scw/1165/116500950010.001/swg.fits[1]
scw/1165/116501000010.001/swg.fits[1]
scw/1165/116501010010.001/swg.fits[1]
scw/1166/116600990010.001/swg.fits[1]
scw/1166/116601040010.001/swg.fits[1]
scw/1166/116601050010.001/swg.fits[1]
scw/1208/120801190010.001/swg.fits[1]
scw/1210/121001190010.001/swg.fits[1]
scw/1219/121901190010.001/swg.fits[1]
scw/1226/122600380010.001/swg.fits[1]
scw/1227/122700050010.001/swg.fits[1]
scw/1227/122700060010.001/swg.fits[1]
scw/1227/122700110010.001/swg.fits[1]
scw/1227/122700120010.001/swg.fits[1]
scw/1227/122700130010.001/swg.fits[1]
scw/1229/122900310010.001/swg.fits[1]
scw/1231/123100180010.001/swg.fits[1]
scw/1266/126601140010.001/swg.fits[1]
scw/1266/126601180010.001/swg.fits[1]
scw/1266/126601190010.001/swg.fits[1]
scw/1271/127101140010.001/swg.fits[1]
scw/1276/127601090010.001/swg.fits[1]
scw/1280/128000730010.001/swg.fits[1]
scw/1280/128000780010.001/swg.fits[1]
scw/1280/128000790010.001/swg.fits[1]
scw/1285/128500100010.001/swg.fits[1]
scw/1285/128500170010.001/swg.fits[1]
scw/1287/128700990010.001/swg.fits[1]
scw/1289/128900930010.001/swg.fits[1]
scw/1290/129000160010.001/swg.fits[1]
scw/1331/133100390010.001/swg.fits[1]
scw/1331/133100400010.001/swg.fits[1]
scw/1331/133100410010.001/swg.fits[1]
scw/1331/133100420010.001/swg.fits[1]
scw/1331/133100460010.001/swg.fits[1]
scw/1332/133200050010.001/swg.fits[1]
scw/1333/133300530010.001/swg.fits[1]
scw/1333/133300540010.001/swg.fits[1]
scw/1334/133401120010.001/swg.fits[1]
scw/1334/133401130010.001/swg.fits[1]
scw/1347/134700030010.001/swg.fits[1]
scw/1348/134800360010.001/swg.fits[1]
scw/1349/134900030010.001/swg.fits[1]
scw/1349/134900040010.001/swg.fits[1]
scw/1350/135000120010.001/swg.fits[1]
scw/1350/135000130010.001/swg.fits[1]
scw/1351/135100900010.001/swg.fits[1]
scw/1351/135100910010.001/swg.fits[1]
scw/1351/135100920010.001/swg.fits[1]
scw/1389/138900670010.001/swg.fits[1]
scw/1389/138900720010.001/swg.fits[1]
scw/1389/138900730010.001/swg.fits[1]
scw/1392/139200730010.001/swg.fits[1]
scw/1392/139200780010.001/swg.fits[1]
scw/1392/139200790010.001/swg.fits[1]
scw/1395/139500770010.001/swg.fits[1]
scw/1398/139800590010.001/swg.fits[1]
scw/1451/145101080010.001/swg.fits[1]
scw/1453/145300910010.001/swg.fits[1]
scw/1465/146500730010.001/swg.fits[1]
scw/1465/146500800010.001/swg.fits[1]
scw/1465/146500870010.001/swg.fits[1]
scw/1465/146500880010.001/swg.fits[1]
scw/1465/146500910010.001/swg.fits[1]
scw/1465/146500940010.001/swg.fits[1]
scw/1465/146500950010.001/swg.fits[1]
scw/1466/146600020010.001/swg.fits[1]
scw/1466/146600050010.001/swg.fits[1]
scw/1466/146600120010.001/swg.fits[1]
scw/1466/146600180010.001/swg.fits[1]
scw/1467/146700050010.001/swg.fits[1]
scw/1467/146701070010.001/swg.fits[1]
scw/1467/146701080010.001/swg.fits[1]
scw/1468/146800370010.001/swg.fits[1]
scw/1468/146800380010.001/swg.fits[1]
scw/1469/146900730010.001/swg.fits[1]
scw/1469/146900740010.001/swg.fits[1]
scw/1469/146900750010.001/swg.fits[1]
scw/1470/147000310010.001/swg.fits[1]
scw/1470/147000320010.001/swg.fits[1]
scw/1471/147100040010.001/swg.fits[1]
scw/1471/147100380010.001/swg.fits[1]
scw/1513/151300130010.001/swg.fits[1]
scw/1514/151400580010.001/swg.fits[1]
scw/1517/151700500010.001/swg.fits[1]
scw/1517/151700540010.001/swg.fits[1]
scw/1517/151700550010.001/swg.fits[1]
scw/1519/151900550010.001/swg.fits[1]
scw/1519/151900590010.001/swg.fits[1]
scw/1519/151900600010.001/swg.fits[1]
scw/1521/152100540010.001/swg.fits[1]
scw/1521/152100580010.001/swg.fits[1]
scw/1521/152100590010.001/swg.fits[1]
scw/1521/152100600010.001/swg.fits[1]
scw/1525/152500380010.001/swg.fits[1]
scw/1525/152500430010.001/swg.fits[1]
scw/1525/152500440010.001/swg.fits[1]
scw/1527/152700380010.001/swg.fits[1]
scw/1527/152700430010.001/swg.fits[1]
scw/1527/152700440010.001/swg.fits[1]
scw/1529/152900320010.001/swg.fits[1]
scw/1532/153200160010.001/swg.fits[1]
scw/1533/153300510010.001/swg.fits[1]
scw/1536/153600080010.001/swg.fits[1]
scw/1587/158700030010.001/swg.fits[1]
scw/1589/158900290010.001/swg.fits[1]
scw/1589/158900300010.001/swg.fits[1]
scw/1590/159000110010.001/swg.fits[1]
scw/1590/159000120010.001/swg.fits[1]
scw/1591/159100030010.001/swg.fits[1]
scw/1591/159100040010.001/swg.fits[1]
scw/1591/159100050010.001/swg.fits[1]
scw/1592/159200900010.001/swg.fits[1]
scw/1592/159200910010.001/swg.fits[1]
scw/1595/159500850010.001/swg.fits[1]
scw/1597/159700350010.001/swg.fits[1]
scw/1601/160100580010.001/swg.fits[1]
scw/1997/199700570010.001/swg.fits[1]
scw/2081/208100260010.001/swg.fits[1]
scw/2081/208100300010.001/swg.fits[1]
scw/2081/208100310010.001/swg.fits[1]
scw/2081/208100400010.001/swg.fits[1]
scw/2085/208500020010.001/swg.fits[1]
scw/2085/208500060010.001/swg.fits[1]
scw/2085/208500070010.001/swg.fits[1]
scw/2085/208500100010.001/swg.fits[1]
scw/2085/208500110010.001/swg.fits[1]
scw/2085/208500160010.001/swg.fits[1]
scw/2087/208700130010.001/swg.fits[1]
scw/2087/208700230010.001/swg.fits[1]
scw/2089/208900070010.001/swg.fits[1]
scw/2089/208900080010.001/swg.fits[1]
scw/2154/215400300010.001/swg.fits[1]
scw/2154/215400310010.001/swg.fits[1]
scw/2154/215400360010.001/swg.fits[1]
scw/2154/215400370010.001/swg.fits[1]
scw/2155/215500420010.001/swg.fits[1]
scw/2155/215500440010.001/swg.fits[1]
scw/2155/215500450010.001/swg.fits[1]
scw/2155/215500500010.001/swg.fits[1]
scw/2155/215500510010.001/swg.fits[1]
scw/2155/215500520010.001/swg.fits[1]
scw/2156/215600170010.001/swg.fits[1]
scw/2156/215600230010.001/swg.fits[1]
scw/2156/215600250010.001/swg.fits[1]
scw/2156/215600260010.001/swg.fits[1]
scw/2157/215700330010.001/swg.fits[1]
scw/2157/215700420010.001/swg.fits[1]
scw/2158/215800090010.001/swg.fits[1]
scw/2159/215900350010.001/swg.fits[1]
scw/2206/220600810010.001/swg.fits[1]
scw/2221/222100430010.001/swg.fits[1]
scw/2221/222100490010.001/swg.fits[1]
scw/2221/222100500010.001/swg.fits[1]
scw/2222/222200720010.001/swg.fits[1]
scw/2222/222200770010.001/swg.fits[1]
scw/2222/222200780010.001/swg.fits[1]
scw/2222/222200820010.001/swg.fits[1]
scw/2222/222200830010.001/swg.fits[1]
scw/2223/222300610010.001/swg.fits[1]
scw/2223/222300670010.001/swg.fits[1]
scw/2223/222300680010.001/swg.fits[1]
scw/2223/222300720010.001/swg.fits[1]
scw/2223/222300730010.001/swg.fits[1]
scw/2224/222400940010.001/swg.fits[1]
scw/2269/226900180010.001/swg.fits[1]
scw/2269/226900190010.001/swg.fits[1]
scw/2269/226900230010.001/swg.fits[1]
scw/2269/226900240010.001/swg.fits[1]
scw/2269/226900250010.001/swg.fits[1]
scw/2409/240900490010.001/swg.fits[1]
scw/2409/240900580010.001/swg.fits[1]
scw/2418/241800580010.001/swg.fits[1]
scw/2418/241800590010.001/swg.fits[1]
