scw/0056/005600930010.001/swg.fits[1]
scw/0056/005600940010.001/swg.fits[1]
scw/0059/005900230010.001/swg.fits[1]
scw/0059/005900370010.001/swg.fits[1]
scw/0059/005900380010.001/swg.fits[1]
scw/0063/006300270010.001/swg.fits[1]
scw/0063/006300280010.001/swg.fits[1]
scw/0063/006300420010.001/swg.fits[1]
scw/0063/006300430010.001/swg.fits[1]
scw/0063/006300440010.001/swg.fits[1]
scw/0063/006300450010.001/swg.fits[1]
scw/0064/006400030010.001/swg.fits[1]
scw/0064/006400040010.001/swg.fits[1]
scw/0109/010900260010.001/swg.fits[1]
scw/0110/011000100010.001/swg.fits[1]
scw/0116/011601030010.001/swg.fits[1]
scw/0116/011601040010.001/swg.fits[1]
scw/0120/012001070010.001/swg.fits[1]
scw/0120/012001080010.001/swg.fits[1]
scw/0121/012100240010.001/swg.fits[1]
scw/0121/012100250010.001/swg.fits[1]
scw/0121/012100480010.001/swg.fits[1]
scw/0121/012100490010.001/swg.fits[1]
scw/0122/012200130010.001/swg.fits[1]
scw/0122/012200140010.001/swg.fits[1]
scw/0122/012200150010.001/swg.fits[1]
scw/0122/012200160010.001/swg.fits[1]
scw/0122/012200300010.001/swg.fits[1]
scw/0122/012200310010.001/swg.fits[1]
scw/0122/012200320010.001/swg.fits[1]
scw/0122/012200330010.001/swg.fits[1]
scw/0122/012200460010.001/swg.fits[1]
scw/0122/012200470010.001/swg.fits[1]
scw/0174/017400380010.001/swg.fits[1]
scw/0174/017400470010.001/swg.fits[1]
scw/0174/017400480010.001/swg.fits[1]
scw/0183/018300370010.001/swg.fits[1]
scw/0183/018300540010.001/swg.fits[1]
scw/0185/018500390010.001/swg.fits[1]
scw/0185/018500560010.001/swg.fits[1]
scw/0243/024301060010.001/swg.fits[1]
scw/0243/024301070010.001/swg.fits[1]
scw/0244/024400110010.001/swg.fits[1]
scw/0244/024400120010.001/swg.fits[1]
scw/0244/024400790010.001/swg.fits[1]
scw/0244/024400800010.001/swg.fits[1]
scw/0244/024400950010.001/swg.fits[1]
scw/0244/024400960010.001/swg.fits[1]
scw/0249/024900240010.001/swg.fits[1]
scw/0348/034800440010.001/swg.fits[1]
scw/0349/034900030010.001/swg.fits[1]
scw/0349/034900040010.001/swg.fits[1]
scw/0349/034900050010.001/swg.fits[1]
scw/0349/034900080010.001/swg.fits[1]
scw/0349/034900090010.001/swg.fits[1]
scw/0349/034900100010.001/swg.fits[1]
scw/0349/034900110010.001/swg.fits[1]
scw/0349/034900130010.001/swg.fits[1]
scw/0363/036300690010.001/swg.fits[1]
scw/0412/041200830010.001/swg.fits[1]
scw/0413/041300580010.001/swg.fits[1]
scw/0431/043100210010.001/swg.fits[1]
scw/0481/048100350010.001/swg.fits[1]
scw/0495/049500120010.001/swg.fits[1]
scw/0495/049500130010.001/swg.fits[1]
scw/0495/049500140010.001/swg.fits[1]
scw/0495/049500190010.001/swg.fits[1]
scw/0495/049500200010.001/swg.fits[1]
scw/0495/049500210010.001/swg.fits[1]
scw/0495/049500220010.001/swg.fits[1]
scw/0495/049500230010.001/swg.fits[1]
scw/0495/049500250010.001/swg.fits[1]
scw/0534/053400130010.001/swg.fits[1]
scw/0535/053500460010.001/swg.fits[1]
scw/0537/053700310010.001/swg.fits[1]
scw/0542/054200590010.001/swg.fits[1]
scw/0552/055200120010.001/swg.fits[1]
scw/0552/055200130010.001/swg.fits[1]
scw/0552/055200150010.001/swg.fits[1]
scw/0552/055200160010.001/swg.fits[1]
scw/0552/055200170010.001/swg.fits[1]
scw/0552/055200180010.001/swg.fits[1]
scw/0552/055200190010.001/swg.fits[1]
scw/0552/055200230010.001/swg.fits[1]
scw/0552/055200240010.001/swg.fits[1]
scw/0981/098100120010.001/swg.fits[1]
scw/0981/098100140010.001/swg.fits[1]
scw/0981/098100150010.001/swg.fits[1]
scw/0981/098100160010.001/swg.fits[1]
scw/0981/098100220010.001/swg.fits[1]
scw/0981/098100340010.001/swg.fits[1]
scw/0981/098100420010.001/swg.fits[1]
scw/0981/098100430010.001/swg.fits[1]
scw/0981/098100440010.001/swg.fits[1]
scw/0981/098100450010.001/swg.fits[1]
scw/0981/098100640010.001/swg.fits[1]
scw/0981/098100650010.001/swg.fits[1]
scw/0981/098100720010.001/swg.fits[1]
scw/0981/098100730010.001/swg.fits[1]
scw/1271/127100930010.001/swg.fits[1]
scw/1282/128200040010.001/swg.fits[1]
scw/1282/128200080010.001/swg.fits[1]
scw/1282/128200090010.001/swg.fits[1]
scw/1282/128200150010.001/swg.fits[1]
scw/1282/128200180010.001/swg.fits[1]
scw/1282/128200220010.001/swg.fits[1]
scw/1282/128200230010.001/swg.fits[1]
scw/1282/128200250010.001/swg.fits[1]
scw/1282/128200300010.001/swg.fits[1]
scw/1282/128200320010.001/swg.fits[1]
scw/1282/128200350010.001/swg.fits[1]
scw/1282/128200360010.001/swg.fits[1]
scw/1282/128200370010.001/swg.fits[1]
scw/1282/128200390010.001/swg.fits[1]
scw/1282/128200420010.001/swg.fits[1]
scw/1282/128200430010.001/swg.fits[1]
scw/1282/128200440010.001/swg.fits[1]
scw/1282/128200490010.001/swg.fits[1]
scw/1282/128200500010.001/swg.fits[1]
scw/1282/128200530010.001/swg.fits[1]
scw/1282/128200570010.001/swg.fits[1]
scw/1282/128200580010.001/swg.fits[1]
scw/1282/128200640010.001/swg.fits[1]
scw/1282/128200710010.001/swg.fits[1]
scw/1282/128200780010.001/swg.fits[1]
scw/1282/128200790010.001/swg.fits[1]
scw/1282/128200810010.001/swg.fits[1]
scw/1282/128200850010.001/swg.fits[1]
scw/1282/128200860010.001/swg.fits[1]
scw/1282/128200880010.001/swg.fits[1]
scw/1282/128200910010.001/swg.fits[1]
scw/1282/128200920010.001/swg.fits[1]
scw/1282/128200930010.001/swg.fits[1]
scw/1282/128200980010.001/swg.fits[1]
scw/1282/128200990010.001/swg.fits[1]
scw/1282/128201020010.001/swg.fits[1]
scw/1282/128201060010.001/swg.fits[1]
scw/1282/128201070010.001/swg.fits[1]
scw/1594/159400380010.001/swg.fits[1]
scw/1594/159400390010.001/swg.fits[1]
scw/1594/159400400010.001/swg.fits[1]
scw/1594/159400450010.001/swg.fits[1]
scw/1594/159400460010.001/swg.fits[1]
scw/1594/159400470010.001/swg.fits[1]
scw/1594/159400480010.001/swg.fits[1]
scw/1594/159400490010.001/swg.fits[1]
scw/1594/159400510010.001/swg.fits[1]
scw/2060/206000630010.001/swg.fits[1]
scw/2060/206000640010.001/swg.fits[1]
scw/2067/206700140010.001/swg.fits[1]
scw/2069/206900120010.001/swg.fits[1]
scw/2069/206900130010.001/swg.fits[1]
scw/2069/206900160010.001/swg.fits[1]
scw/2069/206900170010.001/swg.fits[1]
scw/2075/207500080010.001/swg.fits[1]
scw/2075/207500140010.001/swg.fits[1]
scw/2075/207500150010.001/swg.fits[1]
scw/2075/207500160010.001/swg.fits[1]
scw/2075/207500180010.001/swg.fits[1]
scw/2075/207500350010.001/swg.fits[1]
scw/2075/207500360010.001/swg.fits[1]
scw/2075/207500370010.001/swg.fits[1]
scw/2075/207500380010.001/swg.fits[1]
scw/2142/214200620010.001/swg.fits[1]
scw/2142/214200630010.001/swg.fits[1]
scw/2152/215200070010.001/swg.fits[1]
scw/2152/215200080010.001/swg.fits[1]
scw/2153/215300070010.001/swg.fits[1]
scw/2202/220200120010.001/swg.fits[1]
scw/2202/220200130010.001/swg.fits[1]
scw/2208/220800120010.001/swg.fits[1]
scw/2213/221300160010.001/swg.fits[1]
scw/2213/221300170010.001/swg.fits[1]
scw/2213/221300200010.001/swg.fits[1]
scw/2213/221300210010.001/swg.fits[1]
scw/2221/222100900010.001/swg.fits[1]
scw/2289/228900250010.001/swg.fits[1]
scw/2289/228900260010.001/swg.fits[1]
scw/2289/228900510010.001/swg.fits[1]
scw/2289/228900520010.001/swg.fits[1]
scw/2342/234200220010.001/swg.fits[1]
scw/2342/234200230010.001/swg.fits[1]
scw/2342/234200300010.001/swg.fits[1]
scw/2342/234200310010.001/swg.fits[1]
scw/2353/235300140010.001/swg.fits[1]
scw/2361/236100500010.001/swg.fits[1]
scw/2361/236100510010.001/swg.fits[1]
scw/2404/240400580010.001/swg.fits[1]
scw/2404/240400620010.001/swg.fits[1]
scw/2404/240400630010.001/swg.fits[1]
scw/2414/241400370010.001/swg.fits[1]
scw/2422/242200650010.001/swg.fits[1]
scw/2422/242200720010.001/swg.fits[1]
scw/2422/242200790010.001/swg.fits[1]
scw/2423/242300480010.001/swg.fits[1]
scw/2423/242300490010.001/swg.fits[1]
scw/2423/242300530010.001/swg.fits[1]
scw/2423/242300540010.001/swg.fits[1]
scw/2423/242300550010.001/swg.fits[1]
scw/2423/242300580010.001/swg.fits[1]
scw/2423/242300590010.001/swg.fits[1]
scw/2423/242300600010.001/swg.fits[1]
scw/2423/242300640010.001/swg.fits[1]
