scw/0521/052100100010.001/swg.fits[1]
scw/0521/052100240010.001/swg.fits[1]
scw/0521/052100310010.001/swg.fits[1]
scw/0521/052100400010.001/swg.fits[1]
scw/0521/052100450010.001/swg.fits[1]
scw/0521/052100520010.001/swg.fits[1]
scw/0521/052100530010.001/swg.fits[1]
scw/0522/052200110010.001/swg.fits[1]
scw/0522/052200210010.001/swg.fits[1]
scw/0522/052200330010.001/swg.fits[1]
scw/0522/052200400010.001/swg.fits[1]
scw/0522/052200470010.001/swg.fits[1]
scw/0522/052200540010.001/swg.fits[1]
scw/0561/056100040010.001/swg.fits[1]
scw/0561/056100120010.001/swg.fits[1]
scw/0561/056100180010.001/swg.fits[1]
scw/0561/056100230010.001/swg.fits[1]
scw/0561/056100250010.001/swg.fits[1]
scw/0561/056100320010.001/swg.fits[1]
scw/0561/056100470010.001/swg.fits[1]
scw/0562/056200270010.001/swg.fits[1]
scw/0562/056200340010.001/swg.fits[1]
scw/0562/056200380010.001/swg.fits[1]
scw/0562/056200400010.001/swg.fits[1]
scw/0562/056200470010.001/swg.fits[1]
scw/0562/056200540010.001/swg.fits[1]
scw/0563/056300100010.001/swg.fits[1]
scw/0563/056300160010.001/swg.fits[1]
scw/0634/063400080010.001/swg.fits[1]
scw/0634/063400220010.001/swg.fits[1]
scw/0634/063400290010.001/swg.fits[1]
scw/0634/063400360010.001/swg.fits[1]
scw/0634/063400430010.001/swg.fits[1]
scw/0634/063400570010.001/swg.fits[1]
scw/0634/063400580010.001/swg.fits[1]
scw/0636/063600040010.001/swg.fits[1]
scw/0636/063600190010.001/swg.fits[1]
scw/0636/063600280010.001/swg.fits[1]
scw/0636/063600330010.001/swg.fits[1]
scw/0636/063600470010.001/swg.fits[1]
scw/0810/081000320010.001/swg.fits[1]
scw/0810/081000500010.001/swg.fits[1]
scw/0810/081000560010.001/swg.fits[1]
scw/0811/081100160010.001/swg.fits[1]
scw/0811/081100180010.001/swg.fits[1]
scw/0811/081100430010.001/swg.fits[1]
scw/0811/081100490010.001/swg.fits[1]
scw/1047/104700040010.001/swg.fits[1]
scw/1047/104700120010.001/swg.fits[1]
scw/1047/104700180010.001/swg.fits[1]
scw/1047/104700230010.001/swg.fits[1]
scw/1047/104700250010.001/swg.fits[1]
scw/1047/104700320010.001/swg.fits[1]
scw/1047/104700470010.001/swg.fits[1]
scw/1047/104700530010.001/swg.fits[1]
scw/1047/104700610010.001/swg.fits[1]
scw/1057/105700400010.001/swg.fits[1]
scw/1057/105700440010.001/swg.fits[1]
scw/1057/105700460010.001/swg.fits[1]
scw/1057/105700530010.001/swg.fits[1]
scw/1057/105700600010.001/swg.fits[1]
scw/1113/111300200010.001/swg.fits[1]
scw/1113/111300350010.001/swg.fits[1]
scw/1113/111300420010.001/swg.fits[1]
scw/1113/111300480010.001/swg.fits[1]
scw/1117/111700380010.001/swg.fits[1]
scw/1117/111700450010.001/swg.fits[1]
scw/1117/111700620010.001/swg.fits[1]
scw/1118/111800080010.001/swg.fits[1]
scw/1118/111800090010.001/swg.fits[1]
scw/1118/111800220010.001/swg.fits[1]
scw/1118/111800280010.001/swg.fits[1]
scw/1118/111800360010.001/swg.fits[1]
scw/1118/111800430010.001/swg.fits[1]
scw/1170/117000250010.001/swg.fits[1]
scw/1179/117900210010.001/swg.fits[1]
scw/1179/117900230010.001/swg.fits[1]
scw/1179/117900530010.001/swg.fits[1]
scw/1179/117900540010.001/swg.fits[1]
scw/1232/123200250010.001/swg.fits[1]
scw/1232/123200410010.001/swg.fits[1]
scw/1240/124000280010.001/swg.fits[1]
scw/1240/124000360010.001/swg.fits[1]
scw/1240/124000550010.001/swg.fits[1]
