scw/0050/005000030010.001/swg.fits[1]
scw/0054/005400220010.001/swg.fits[1]
scw/0057/005700250010.001/swg.fits[1]
scw/0057/005700260010.001/swg.fits[1]
scw/0062/006200450010.001/swg.fits[1]
scw/0062/006200460010.001/swg.fits[1]
scw/0070/007000130010.001/swg.fits[1]
scw/0172/017200530010.001/swg.fits[1]
scw/0172/017200540010.001/swg.fits[1]
scw/0172/017200590010.001/swg.fits[1]
scw/0172/017200600010.001/swg.fits[1]
scw/0174/017400640010.001/swg.fits[1]
scw/0174/017400650010.001/swg.fits[1]
scw/0174/017400700010.001/swg.fits[1]
scw/0174/017400710010.001/swg.fits[1]
scw/0189/018900170010.001/swg.fits[1]
scw/0193/019300090010.001/swg.fits[1]
scw/0202/020200020010.001/swg.fits[1]
scw/0229/022900270010.001/swg.fits[1]
scw/0242/024200370010.001/swg.fits[1]
scw/0242/024200380010.001/swg.fits[1]
scw/0242/024200390010.001/swg.fits[1]
scw/0242/024200400010.001/swg.fits[1]
scw/0243/024300830010.001/swg.fits[1]
scw/0243/024300840010.001/swg.fits[1]
scw/0243/024300850010.001/swg.fits[1]
scw/0243/024300860010.001/swg.fits[1]
scw/0245/024500180010.001/swg.fits[1]
scw/0249/024900170010.001/swg.fits[1]
scw/0259/025900170010.001/swg.fits[1]
scw/0303/030300070010.001/swg.fits[1]
scw/0307/030700120010.001/swg.fits[1]
scw/0375/037500690010.001/swg.fits[1]
scw/0379/037900330010.001/swg.fits[1]
scw/0383/038300520010.001/swg.fits[1]
scw/0415/041500060010.001/swg.fits[1]
scw/0435/043500110010.001/swg.fits[1]
scw/0443/044300830010.001/swg.fits[1]
scw/0542/054200130010.001/swg.fits[1]
scw/0544/054400120010.001/swg.fits[1]
scw/0557/055700050010.001/swg.fits[1]
scw/0559/055900040010.001/swg.fits[1]
scw/0673/067300130010.001/swg.fits[1]
scw/0675/067500280010.001/swg.fits[1]
scw/0726/072600080010.001/swg.fits[1]
scw/0743/074300080010.001/swg.fits[1]
scw/0786/078600050010.001/swg.fits[1]
scw/0788/078800070010.001/swg.fits[1]
scw/1032/103200070010.001/swg.fits[1]
scw/1039/103900990010.001/swg.fits[1]
scw/1049/104901000010.001/swg.fits[1]
scw/1050/105000530010.001/swg.fits[1]
scw/1051/105100380010.001/swg.fits[1]
scw/1053/105300160010.001/swg.fits[1]
scw/1055/105500140010.001/swg.fits[1]
scw/1165/116501070010.001/swg.fits[1]
scw/1169/116900130010.001/swg.fits[1]
scw/1171/117100050010.001/swg.fits[1]
scw/1173/117300120010.001/swg.fits[1]
scw/1174/117400720010.001/swg.fits[1]
scw/1212/121200080010.001/swg.fits[1]
scw/1223/122301020010.001/swg.fits[1]
scw/1227/122701010010.001/swg.fits[1]
scw/1228/122800150010.001/swg.fits[1]
scw/1231/123100320010.001/swg.fits[1]
scw/1235/123500100010.001/swg.fits[1]
scw/1296/129600770010.001/swg.fits[1]
scw/1296/129600940010.001/swg.fits[1]
scw/1471/147100080010.001/swg.fits[1]
scw/1471/147100340010.001/swg.fits[1]
scw/1476/147600110010.001/swg.fits[1]
scw/1476/147600280010.001/swg.fits[1]
scw/1480/148000990010.001/swg.fits[1]
scw/1531/153100280010.001/swg.fits[1]
scw/1531/153100290010.001/swg.fits[1]
scw/1605/160500070010.001/swg.fits[1]
scw/1605/160500240010.001/swg.fits[1]
scw/1611/161100630010.001/swg.fits[1]
scw/1611/161100810010.001/swg.fits[1]
scw/1614/161400010010.001/swg.fits[1]
scw/1614/161400200010.001/swg.fits[1]
scw/1616/161600550010.001/swg.fits[1]
scw/1616/161600740010.001/swg.fits[1]
scw/1743/174300160010.001/swg.fits[1]
scw/1743/174300170010.001/swg.fits[1]
scw/1743/174300180010.001/swg.fits[1]
scw/1743/174300260010.001/swg.fits[1]
scw/1743/174300270010.001/swg.fits[1]
scw/1743/174300350010.001/swg.fits[1]
scw/1743/174300360010.001/swg.fits[1]
scw/1743/174300370010.001/swg.fits[1]
scw/1744/174400160010.001/swg.fits[1]
scw/1744/174400170010.001/swg.fits[1]
scw/1744/174400240010.001/swg.fits[1]
scw/1744/174400250010.001/swg.fits[1]
scw/1744/174400260010.001/swg.fits[1]
scw/1744/174400270010.001/swg.fits[1]
scw/1744/174400340010.001/swg.fits[1]
scw/1744/174400350010.001/swg.fits[1]
scw/1744/174400360010.001/swg.fits[1]
scw/1788/178800380010.001/swg.fits[1]
scw/1788/178800470010.001/swg.fits[1]
scw/1798/179800330010.001/swg.fits[1]
scw/1798/179800340010.001/swg.fits[1]
scw/1798/179800430010.001/swg.fits[1]
scw/1798/179800540010.001/swg.fits[1]
scw/1798/179800620010.001/swg.fits[1]
scw/1798/179800630010.001/swg.fits[1]
scw/1798/179800640010.001/swg.fits[1]
scw/1803/180300820010.001/swg.fits[1]
scw/1803/180300830010.001/swg.fits[1]
scw/1807/180700060010.001/swg.fits[1]
scw/1807/180700140010.001/swg.fits[1]
scw/1807/180700150010.001/swg.fits[1]
scw/1807/180700160010.001/swg.fits[1]
scw/1807/180700330010.001/swg.fits[1]
scw/1807/180700340010.001/swg.fits[1]
scw/1807/180700350010.001/swg.fits[1]
scw/1807/180700790010.001/swg.fits[1]
scw/1807/180700800010.001/swg.fits[1]
scw/1807/180700830010.001/swg.fits[1]
scw/1807/180700840010.001/swg.fits[1]
scw/1808/180800020010.001/swg.fits[1]
scw/1808/180800400010.001/swg.fits[1]
scw/1808/180800410010.001/swg.fits[1]
scw/1808/180800460010.001/swg.fits[1]
scw/1808/180800470010.001/swg.fits[1]
scw/1808/180800500010.001/swg.fits[1]
scw/1808/180800510010.001/swg.fits[1]
scw/1808/180800520010.001/swg.fits[1]
scw/1809/180900020010.001/swg.fits[1]
scw/1809/180900100010.001/swg.fits[1]
scw/1809/180900110010.001/swg.fits[1]
scw/1809/180900120010.001/swg.fits[1]
scw/1809/180900430010.001/swg.fits[1]
scw/1809/180900440010.001/swg.fits[1]
scw/1809/180900450010.001/swg.fits[1]
scw/1809/180900490010.001/swg.fits[1]
scw/1809/180900500010.001/swg.fits[1]
scw/1810/181000120010.001/swg.fits[1]
scw/1810/181000130010.001/swg.fits[1]
scw/1810/181000160010.001/swg.fits[1]
scw/1810/181000170010.001/swg.fits[1]
scw/1810/181000610010.001/swg.fits[1]
scw/1810/181000620010.001/swg.fits[1]
scw/1810/181000660010.001/swg.fits[1]
scw/1810/181000670010.001/swg.fits[1]
scw/1811/181100350010.001/swg.fits[1]
scw/1811/181100430010.001/swg.fits[1]
scw/1811/181100440010.001/swg.fits[1]
scw/1811/181100450010.001/swg.fits[1]
scw/1811/181100730010.001/swg.fits[1]
scw/1811/181100740010.001/swg.fits[1]
scw/1811/181100750010.001/swg.fits[1]
scw/1811/181100790010.001/swg.fits[1]
scw/1811/181100800010.001/swg.fits[1]
scw/1812/181200330010.001/swg.fits[1]
scw/1812/181200340010.001/swg.fits[1]
scw/1812/181200350010.001/swg.fits[1]
scw/1812/181200380010.001/swg.fits[1]
scw/1812/181200390010.001/swg.fits[1]
scw/1812/181200400010.001/swg.fits[1]
scw/1813/181300030010.001/swg.fits[1]
scw/1813/181300040010.001/swg.fits[1]
scw/1813/181300070010.001/swg.fits[1]
scw/1813/181300080010.001/swg.fits[1]
scw/1813/181300360010.001/swg.fits[1]
scw/1813/181300440010.001/swg.fits[1]
scw/1813/181300450010.001/swg.fits[1]
scw/1813/181300460010.001/swg.fits[1]
scw/1814/181400460010.001/swg.fits[1]
scw/1814/181400470010.001/swg.fits[1]
scw/1814/181400510010.001/swg.fits[1]
scw/1814/181400520010.001/swg.fits[1]
scw/1815/181500650010.001/swg.fits[1]
scw/1815/181500660010.001/swg.fits[1]
scw/1815/181500670010.001/swg.fits[1]
scw/1816/181600020010.001/swg.fits[1]
scw/1816/181600030010.001/swg.fits[1]
scw/1816/181600040010.001/swg.fits[1]
scw/1817/181700400010.001/swg.fits[1]
scw/1817/181700410010.001/swg.fits[1]
scw/1817/181700480010.001/swg.fits[1]
scw/1817/181700490010.001/swg.fits[1]
scw/1872/187200660010.001/swg.fits[1]
scw/1872/187200670010.001/swg.fits[1]
scw/1878/187800690010.001/swg.fits[1]
scw/1879/187900280010.001/swg.fits[1]
scw/1879/187900290010.001/swg.fits[1]
scw/1879/187900330010.001/swg.fits[1]
scw/1879/187900340010.001/swg.fits[1]
scw/1880/188000160010.001/swg.fits[1]
scw/1880/188000170010.001/swg.fits[1]
scw/1880/188000180010.001/swg.fits[1]
scw/1880/188000260010.001/swg.fits[1]
scw/1880/188000400010.001/swg.fits[1]
scw/1880/188000410010.001/swg.fits[1]
scw/1880/188000420010.001/swg.fits[1]
scw/1880/188000450010.001/swg.fits[1]
scw/1880/188000460010.001/swg.fits[1]
scw/1880/188000470010.001/swg.fits[1]
scw/1880/188000500010.001/swg.fits[1]
scw/1880/188000510010.001/swg.fits[1]
scw/1881/188100100010.001/swg.fits[1]
scw/1881/188100110010.001/swg.fits[1]
scw/1881/188100150010.001/swg.fits[1]
scw/1881/188100160010.001/swg.fits[1]
scw/1881/188100600010.001/swg.fits[1]
scw/1881/188100610010.001/swg.fits[1]
scw/1881/188100620010.001/swg.fits[1]
scw/1881/188100650010.001/swg.fits[1]
scw/1881/188100660010.001/swg.fits[1]
scw/1881/188100710010.001/swg.fits[1]
scw/1881/188100720010.001/swg.fits[1]
scw/1882/188200170010.001/swg.fits[1]
scw/1882/188200180010.001/swg.fits[1]
scw/1882/188200260010.001/swg.fits[1]
