scw/0207/020700580010.001/swg.fits[1]
scw/0208/020800020010.001/swg.fits[1]
scw/0208/020800500010.001/swg.fits[1]
scw/0209/020900400010.001/swg.fits[1]
scw/0336/033600530010.001/swg.fits[1]
scw/0336/033600570010.001/swg.fits[1]
scw/0336/033600580010.001/swg.fits[1]
scw/0341/034100100010.001/swg.fits[1]
scw/0341/034100110010.001/swg.fits[1]
scw/0341/034100140010.001/swg.fits[1]
scw/0341/034100150010.001/swg.fits[1]
scw/0341/034100250010.001/swg.fits[1]
scw/0456/045600060010.001/swg.fits[1]
scw/0456/045600110010.001/swg.fits[1]
scw/0457/045700060010.001/swg.fits[1]
scw/0457/045700090010.001/swg.fits[1]
scw/0457/045700100010.001/swg.fits[1]
scw/0457/045700150010.001/swg.fits[1]
scw/0457/045700160010.001/swg.fits[1]
scw/0457/045700560010.001/swg.fits[1]
scw/0570/057000040010.001/swg.fits[1]
scw/0570/057000510010.001/swg.fits[1]
scw/0570/057000540010.001/swg.fits[1]
scw/0570/057000600010.001/swg.fits[1]
scw/0570/057000600020.001/swg.fits[1]
scw/0571/057100020010.001/swg.fits[1]
scw/0571/057100050010.001/swg.fits[1]
scw/0571/057100060010.001/swg.fits[1]
scw/0571/057100410010.001/swg.fits[1]
scw/0571/057100420010.001/swg.fits[1]
scw/0571/057100450010.001/swg.fits[1]
scw/0571/057100460010.001/swg.fits[1]
scw/0571/057100510010.001/swg.fits[1]
scw/0571/057100560010.001/swg.fits[1]
scw/0572/057200360010.001/swg.fits[1]
scw/0572/057200410010.001/swg.fits[1]
scw/0572/057200460010.001/swg.fits[1]
scw/0572/057200510010.001/swg.fits[1]
scw/0573/057300290010.001/swg.fits[1]
scw/0573/057300340010.001/swg.fits[1]
scw/0573/057300390010.001/swg.fits[1]
scw/0573/057300440010.001/swg.fits[1]
scw/0573/057300440020.001/swg.fits[1]
scw/0695/069500060010.001/swg.fits[1]
scw/0695/069500100010.001/swg.fits[1]
scw/0695/069500110010.001/swg.fits[1]
scw/0695/069500470010.001/swg.fits[1]
scw/0696/069600040010.001/swg.fits[1]
scw/0696/069600050010.001/swg.fits[1]
scw/0696/069600110010.001/swg.fits[1]
scw/0696/069600140010.001/swg.fits[1]
scw/0697/069700470010.001/swg.fits[1]
scw/0697/069700500010.001/swg.fits[1]
scw/0697/069700560010.001/swg.fits[1]
scw/0697/069700610010.001/swg.fits[1]
scw/0698/069800350010.001/swg.fits[1]
scw/0698/069800380010.001/swg.fits[1]
scw/0698/069800390010.001/swg.fits[1]
scw/0699/069900050010.001/swg.fits[1]
scw/0699/069900100010.001/swg.fits[1]
scw/0700/070000070010.001/swg.fits[1]
scw/0700/070000080010.001/swg.fits[1]
scw/0700/070000120010.001/swg.fits[1]
scw/0700/070000170010.001/swg.fits[1]
scw/0700/070000220010.001/swg.fits[1]
scw/0701/070100190010.001/swg.fits[1]
scw/0701/070100240010.001/swg.fits[1]
scw/0701/070100290010.001/swg.fits[1]
scw/0701/070100340010.001/swg.fits[1]
