scw/1852/185200160010.001/swg.fits[1]
scw/1852/185200240010.001/swg.fits[1]
scw/1852/185200250010.001/swg.fits[1]
scw/1852/185200270010.001/swg.fits[1]
scw/1852/185200440010.001/swg.fits[1]
scw/1852/185200460010.001/swg.fits[1]
scw/1852/185200470010.001/swg.fits[1]
scw/1852/185200480010.001/swg.fits[1]
scw/1852/185200740010.001/swg.fits[1]
scw/1852/185200750010.001/swg.fits[1]
scw/1852/185200760010.001/swg.fits[1]
scw/1852/185200770010.001/swg.fits[1]
scw/1853/185300070010.001/swg.fits[1]
scw/1853/185300150010.001/swg.fits[1]
scw/1853/185300160010.001/swg.fits[1]
scw/1853/185300180010.001/swg.fits[1]
scw/1853/185300350010.001/swg.fits[1]
scw/1853/185300370010.001/swg.fits[1]
scw/1853/185300380010.001/swg.fits[1]
scw/1853/185300390010.001/swg.fits[1]
scw/1853/185300650010.001/swg.fits[1]
scw/1853/185300660010.001/swg.fits[1]
scw/1853/185300670010.001/swg.fits[1]
scw/1853/185300680010.001/swg.fits[1]
scw/2380/238000020010.001/swg.fits[1]
scw/2380/238000040010.001/swg.fits[1]
scw/2380/238000050010.001/swg.fits[1]
scw/2381/238100020010.001/swg.fits[1]
