scw/0416/041600400010.001/swg.fits[1]
scw/0417/041700020010.001/swg.fits[1]
scw/0488/048800370010.001/swg.fits[1]
scw/0488/048800460010.001/swg.fits[1]
scw/0489/048900210010.001/swg.fits[1]
scw/0490/049000330010.001/swg.fits[1]
scw/0490/049000340010.001/swg.fits[1]
scw/0490/049000420010.001/swg.fits[1]
scw/0491/049100360010.001/swg.fits[1]
scw/0491/049100440010.001/swg.fits[1]
scw/0491/049100450010.001/swg.fits[1]
scw/0492/049200290010.001/swg.fits[1]
scw/0492/049200300010.001/swg.fits[1]
scw/0492/049200380010.001/swg.fits[1]
scw/0495/049500380010.001/swg.fits[1]
scw/0495/049500390010.001/swg.fits[1]
scw/0495/049500460010.001/swg.fits[1]
scw/0496/049600330010.001/swg.fits[1]
scw/0497/049700240010.001/swg.fits[1]
scw/0497/049700250010.001/swg.fits[1]
scw/0497/049700330010.001/swg.fits[1]
scw/0986/098600150010.001/swg.fits[1]
scw/0986/098600160010.001/swg.fits[1]
scw/0988/098800090010.001/swg.fits[1]
scw/0988/098800100010.001/swg.fits[1]
scw/0988/098800640010.001/swg.fits[1]
scw/0988/098800650010.001/swg.fits[1]
scw/1149/114900780010.001/swg.fits[1]
scw/1149/114900790010.001/swg.fits[1]
scw/1154/115400640010.001/swg.fits[1]
scw/1154/115401010010.001/swg.fits[1]
scw/1157/115700040010.001/swg.fits[1]
scw/1157/115700400010.001/swg.fits[1]
scw/1157/115700410010.001/swg.fits[1]
scw/1157/115700780010.001/swg.fits[1]
scw/1157/115700790010.001/swg.fits[1]
scw/1275/127500010010.001/swg.fits[1]
scw/1275/127500350010.001/swg.fits[1]
scw/1276/127600120010.001/swg.fits[1]
scw/1276/127600460010.001/swg.fits[1]
scw/1276/127600470010.001/swg.fits[1]
scw/1276/127600810010.001/swg.fits[1]
scw/1280/128000020010.001/swg.fits[1]
scw/1280/128000360010.001/swg.fits[1]
scw/1280/128000370010.001/swg.fits[1]
scw/1280/128000710010.001/swg.fits[1]
scw/1517/151700120010.001/swg.fits[1]
scw/1517/151700480010.001/swg.fits[1]
scw/1519/151900020010.001/swg.fits[1]
scw/1519/151900370010.001/swg.fits[1]
scw/1521/152100020010.001/swg.fits[1]
scw/1521/152100360010.001/swg.fits[1]
scw/1522/152200020010.001/swg.fits[1]
scw/1522/152200360010.001/swg.fits[1]
scw/1522/152200370010.001/swg.fits[1]
scw/1522/152200720010.001/swg.fits[1]
scw/1525/152500020010.001/swg.fits[1]
scw/1525/152500360010.001/swg.fits[1]
scw/1526/152600210010.001/swg.fits[1]
scw/1526/152600560010.001/swg.fits[1]
scw/1526/152600570010.001/swg.fits[1]
scw/1527/152700010010.001/swg.fits[1]
scw/1527/152700360010.001/swg.fits[1]
scw/1529/152900420010.001/swg.fits[1]
scw/1529/152900780010.001/swg.fits[1]
scw/1530/153000120010.001/swg.fits[1]
scw/1530/153000460010.001/swg.fits[1]
scw/1530/153000470010.001/swg.fits[1]
scw/1530/153000820010.001/swg.fits[1]
scw/1532/153200180010.001/swg.fits[1]
scw/1532/153200520010.001/swg.fits[1]
scw/1532/153200530010.001/swg.fits[1]
scw/1532/153200880010.001/swg.fits[1]
scw/1533/153300010010.001/swg.fits[1]
scw/1533/153300350010.001/swg.fits[1]
scw/1658/165800470010.001/swg.fits[1]
scw/1658/165800630010.001/swg.fits[1]
scw/1658/165800810010.001/swg.fits[1]
scw/1658/165800850010.001/swg.fits[1]
scw/1658/165800860010.001/swg.fits[1]
scw/1659/165900090010.001/swg.fits[1]
scw/1659/165900130010.001/swg.fits[1]
scw/1659/165900140010.001/swg.fits[1]
scw/1659/165900320010.001/swg.fits[1]
scw/1659/165900360010.001/swg.fits[1]
scw/1659/165900370010.001/swg.fits[1]
scw/1659/165900480010.001/swg.fits[1]
scw/1659/165900520010.001/swg.fits[1]
scw/1659/165900530010.001/swg.fits[1]
scw/1659/165900750010.001/swg.fits[1]
scw/1659/165900760010.001/swg.fits[1]
scw/1659/165900910010.001/swg.fits[1]
scw/1659/165900920010.001/swg.fits[1]
scw/1665/166500450010.001/swg.fits[1]
scw/1665/166500490010.001/swg.fits[1]
scw/1665/166500500010.001/swg.fits[1]
scw/1665/166500510010.001/swg.fits[1]
scw/1665/166500610010.001/swg.fits[1]
scw/1665/166500650010.001/swg.fits[1]
scw/1665/166500660010.001/swg.fits[1]
scw/1665/166500670010.001/swg.fits[1]
scw/1665/166500840010.001/swg.fits[1]
scw/1665/166500890010.001/swg.fits[1]
scw/1666/166600440010.001/swg.fits[1]
scw/1666/166600480010.001/swg.fits[1]
scw/1666/166600490010.001/swg.fits[1]
scw/1666/166600710010.001/swg.fits[1]
scw/1666/166600720010.001/swg.fits[1]
scw/1666/166600730010.001/swg.fits[1]
scw/1666/166600870010.001/swg.fits[1]
scw/1666/166600880010.001/swg.fits[1]
scw/1666/166600890010.001/swg.fits[1]
scw/1667/166700010010.001/swg.fits[1]
scw/1667/166700020010.001/swg.fits[1]
scw/1667/166700060010.001/swg.fits[1]
scw/1667/166700070010.001/swg.fits[1]
scw/1668/166800450010.001/swg.fits[1]
scw/1668/166800460010.001/swg.fits[1]
scw/1668/166800500010.001/swg.fits[1]
scw/1668/166800510010.001/swg.fits[1]
scw/1668/166800730010.001/swg.fits[1]
scw/1668/166800740010.001/swg.fits[1]
scw/1668/166800960010.001/swg.fits[1]
scw/1668/166800970010.001/swg.fits[1]
scw/1669/166900750010.001/swg.fits[1]
scw/1670/167000470010.001/swg.fits[1]
scw/1670/167000580010.001/swg.fits[1]
scw/1670/167000620010.001/swg.fits[1]
scw/1670/167000630010.001/swg.fits[1]
scw/1670/167000740010.001/swg.fits[1]
scw/1670/167000780010.001/swg.fits[1]
scw/1670/167000790010.001/swg.fits[1]
scw/1722/172200440010.001/swg.fits[1]
scw/1722/172200450010.001/swg.fits[1]
scw/1722/172200610010.001/swg.fits[1]
scw/1722/172200620010.001/swg.fits[1]
scw/1722/172200760010.001/swg.fits[1]
scw/1722/172200770010.001/swg.fits[1]
scw/1722/172200780010.001/swg.fits[1]
scw/1722/172200930010.001/swg.fits[1]
scw/1722/172200940010.001/swg.fits[1]
scw/1725/172500230010.001/swg.fits[1]
scw/1725/172500250010.001/swg.fits[1]
scw/1725/172500260010.001/swg.fits[1]
scw/1725/172500400010.001/swg.fits[1]
scw/1725/172500410010.001/swg.fits[1]
scw/1725/172500560010.001/swg.fits[1]
scw/1725/172500570010.001/swg.fits[1]
scw/1725/172500710010.001/swg.fits[1]
scw/1725/172500720010.001/swg.fits[1]
scw/1725/172500730010.001/swg.fits[1]
scw/1725/172500740010.001/swg.fits[1]
scw/1726/172600190010.001/swg.fits[1]
scw/1726/172600330010.001/swg.fits[1]
scw/1726/172600340010.001/swg.fits[1]
scw/1726/172600350010.001/swg.fits[1]
scw/1726/172600510010.001/swg.fits[1]
scw/1726/172600670010.001/swg.fits[1]
scw/1726/172600680010.001/swg.fits[1]
scw/1727/172700590010.001/swg.fits[1]
scw/1727/172700600010.001/swg.fits[1]
scw/1727/172700730010.001/swg.fits[1]
scw/1727/172700740010.001/swg.fits[1]
scw/1727/172700750010.001/swg.fits[1]
scw/1727/172700760010.001/swg.fits[1]
scw/1727/172700900010.001/swg.fits[1]
scw/1727/172700910010.001/swg.fits[1]
scw/1728/172800430010.001/swg.fits[1]
scw/1728/172800440010.001/swg.fits[1]
scw/1728/172800450010.001/swg.fits[1]
scw/1728/172800490010.001/swg.fits[1]
scw/1728/172800610010.001/swg.fits[1]
scw/1729/172900430010.001/swg.fits[1]
scw/1729/172900440010.001/swg.fits[1]
scw/1729/172900450010.001/swg.fits[1]
scw/1729/172900590010.001/swg.fits[1]
scw/1729/172900610010.001/swg.fits[1]
scw/1729/172900620010.001/swg.fits[1]
scw/1729/172900760010.001/swg.fits[1]
scw/1729/172900770010.001/swg.fits[1]
scw/1731/173100420010.001/swg.fits[1]
scw/1731/173100430010.001/swg.fits[1]
scw/1731/173100440010.001/swg.fits[1]
scw/1731/173100600010.001/swg.fits[1]
scw/1731/173100760010.001/swg.fits[1]
scw/1731/173100920010.001/swg.fits[1]
scw/1731/173100930010.001/swg.fits[1]
scw/1732/173200170010.001/swg.fits[1]
scw/1732/173200180010.001/swg.fits[1]
scw/1732/173200190010.001/swg.fits[1]
scw/1732/173200350010.001/swg.fits[1]
scw/1732/173200360010.001/swg.fits[1]
scw/1732/173200490010.001/swg.fits[1]
scw/1732/173200510010.001/swg.fits[1]
scw/1732/173200550010.001/swg.fits[1]
scw/1732/173200700010.001/swg.fits[1]
scw/1732/173200860010.001/swg.fits[1]
scw/1732/173200870010.001/swg.fits[1]
scw/1735/173500300010.001/swg.fits[1]
scw/1735/173500310010.001/swg.fits[1]
scw/1735/173500320010.001/swg.fits[1]
scw/1735/173500450010.001/swg.fits[1]
scw/1735/173500460010.001/swg.fits[1]
scw/1735/173500470010.001/swg.fits[1]
scw/1735/173500610010.001/swg.fits[1]
scw/1735/173500620010.001/swg.fits[1]
scw/1735/173500630010.001/swg.fits[1]
scw/1735/173500640010.001/swg.fits[1]
scw/1735/173500770010.001/swg.fits[1]
scw/1735/173500790010.001/swg.fits[1]
scw/1735/173500800010.001/swg.fits[1]
scw/1736/173600410010.001/swg.fits[1]
scw/1736/173600420010.001/swg.fits[1]
scw/1736/173600580010.001/swg.fits[1]
scw/1736/173600730010.001/swg.fits[1]
scw/1736/173600740010.001/swg.fits[1]
scw/1736/173600900010.001/swg.fits[1]
scw/1737/173700490010.001/swg.fits[1]
scw/1737/173700500010.001/swg.fits[1]
scw/1737/173700510010.001/swg.fits[1]
scw/1737/173700660010.001/swg.fits[1]
scw/1737/173700670010.001/swg.fits[1]
scw/1737/173700820010.001/swg.fits[1]
