scw/1077/107700070010.001/swg.fits[1]
scw/1077/107700420010.001/swg.fits[1]
scw/1077/107700430010.001/swg.fits[1]
scw/1077/107700460010.001/swg.fits[1]
scw/1077/107700470010.001/swg.fits[1]
scw/1077/107700520010.001/swg.fits[1]
scw/1077/107700530010.001/swg.fits[1]
scw/1077/107700540010.001/swg.fits[1]
scw/1077/107700570010.001/swg.fits[1]
scw/1079/107900470010.001/swg.fits[1]
scw/1079/107900480010.001/swg.fits[1]
scw/1079/107900500010.001/swg.fits[1]
scw/1079/107900510010.001/swg.fits[1]
scw/1079/107900520010.001/swg.fits[1]
scw/1079/107900570010.001/swg.fits[1]
scw/1079/107900580010.001/swg.fits[1]
scw/1079/107900610010.001/swg.fits[1]
scw/1079/107900620010.001/swg.fits[1]
scw/1114/111400120010.001/swg.fits[1]
scw/1120/112000040010.001/swg.fits[1]
scw/1122/112200800010.001/swg.fits[1]
scw/1122/112200880010.001/swg.fits[1]
scw/1124/112400100010.001/swg.fits[1]
scw/1124/112400170010.001/swg.fits[1]
scw/1126/112600190010.001/swg.fits[1]
scw/1127/112700330010.001/swg.fits[1]
scw/1130/113000360010.001/swg.fits[1]
scw/1141/114100090010.001/swg.fits[1]
scw/1171/117100200010.001/swg.fits[1]
scw/1172/117200150010.001/swg.fits[1]
scw/1189/118900090010.001/swg.fits[1]
scw/1229/122900440010.001/swg.fits[1]
scw/1230/123000430010.001/swg.fits[1]
scw/1235/123500200010.001/swg.fits[1]
scw/1236/123600120010.001/swg.fits[1]
scw/1238/123800030010.001/swg.fits[1]
scw/1241/124100170010.001/swg.fits[1]
scw/1244/124400660010.001/swg.fits[1]
scw/1244/124400920010.001/swg.fits[1]
scw/1245/124500080010.001/swg.fits[1]
scw/1246/124600640010.001/swg.fits[1]
scw/1252/125200560010.001/swg.fits[1]
scw/1299/129900050010.001/swg.fits[1]
scw/1304/130400040010.001/swg.fits[1]
scw/1304/130400210010.001/swg.fits[1]
scw/1365/136500650010.001/swg.fits[1]
scw/1365/136500700010.001/swg.fits[1]
scw/1366/136600650010.001/swg.fits[1]
scw/1366/136600720010.001/swg.fits[1]
scw/1373/137300830010.001/swg.fits[1]
scw/1373/137300960010.001/swg.fits[1]
scw/1377/137700560010.001/swg.fits[1]
scw/1377/137700710010.001/swg.fits[1]
scw/1437/143700620010.001/swg.fits[1]
scw/1438/143800670010.001/swg.fits[1]
scw/1480/148000890010.001/swg.fits[1]
scw/1481/148100110010.001/swg.fits[1]
scw/1483/148300890010.001/swg.fits[1]
scw/1483/148300920010.001/swg.fits[1]
scw/1487/148700110010.001/swg.fits[1]
scw/1488/148800840010.001/swg.fits[1]
scw/1488/148800850010.001/swg.fits[1]
scw/1489/148900100010.001/swg.fits[1]
scw/1489/148900110010.001/swg.fits[1]
scw/1490/149000100010.001/swg.fits[1]
scw/1490/149000110010.001/swg.fits[1]
scw/1607/160700110010.001/swg.fits[1]
scw/1607/160700120010.001/swg.fits[1]
scw/1630/163000020010.001/swg.fits[1]
scw/1630/163000070010.001/swg.fits[1]
scw/1630/163000080010.001/swg.fits[1]
scw/1630/163000090010.001/swg.fits[1]
scw/1630/163000400010.001/swg.fits[1]
scw/1630/163000410010.001/swg.fits[1]
scw/1630/163000470010.001/swg.fits[1]
scw/1630/163000480010.001/swg.fits[1]
scw/1630/163000490010.001/swg.fits[1]
scw/1630/163000510010.001/swg.fits[1]
scw/1630/163000520010.001/swg.fits[1]
scw/1688/168800170010.001/swg.fits[1]
scw/1688/168800180010.001/swg.fits[1]
scw/1688/168800250010.001/swg.fits[1]
scw/1688/168800260010.001/swg.fits[1]
scw/1688/168800270010.001/swg.fits[1]
scw/1688/168800280010.001/swg.fits[1]
scw/1688/168800350010.001/swg.fits[1]
scw/1688/168800360010.001/swg.fits[1]
scw/1689/168900070010.001/swg.fits[1]
scw/1689/168900080010.001/swg.fits[1]
scw/1689/168900090010.001/swg.fits[1]
scw/1689/168900140010.001/swg.fits[1]
scw/1689/168900150010.001/swg.fits[1]
scw/1689/168900160010.001/swg.fits[1]
scw/1689/168900370010.001/swg.fits[1]
scw/1689/168900380010.001/swg.fits[1]
scw/1689/168900450010.001/swg.fits[1]
scw/1689/168900460010.001/swg.fits[1]
scw/1690/169000120010.001/swg.fits[1]
scw/1690/169000130010.001/swg.fits[1]
scw/1690/169000140010.001/swg.fits[1]
scw/1690/169000150010.001/swg.fits[1]
scw/1690/169000210010.001/swg.fits[1]
scw/1690/169000220010.001/swg.fits[1]
scw/1690/169000230010.001/swg.fits[1]
scw/1690/169000240010.001/swg.fits[1]
scw/1690/169000250010.001/swg.fits[1]
scw/1690/169000320010.001/swg.fits[1]
scw/1690/169000330010.001/swg.fits[1]
scw/1691/169100040010.001/swg.fits[1]
scw/1691/169100050010.001/swg.fits[1]
scw/1691/169100120010.001/swg.fits[1]
scw/1691/169100130010.001/swg.fits[1]
scw/1691/169100340010.001/swg.fits[1]
scw/1691/169100350010.001/swg.fits[1]
scw/1691/169100420010.001/swg.fits[1]
scw/1691/169100430010.001/swg.fits[1]
scw/1691/169100540010.001/swg.fits[1]
scw/1692/169200140010.001/swg.fits[1]
scw/1692/169200150010.001/swg.fits[1]
scw/1692/169200200010.001/swg.fits[1]
scw/1692/169200210010.001/swg.fits[1]
scw/1692/169200230010.001/swg.fits[1]
scw/1692/169200240010.001/swg.fits[1]
scw/1692/169200250010.001/swg.fits[1]
scw/1692/169200300010.001/swg.fits[1]
scw/1692/169200310010.001/swg.fits[1]
scw/1692/169200320010.001/swg.fits[1]
scw/1693/169300020010.001/swg.fits[1]
scw/1693/169300030010.001/swg.fits[1]
scw/1693/169300080010.001/swg.fits[1]
scw/1693/169300090010.001/swg.fits[1]
scw/1693/169300100010.001/swg.fits[1]
scw/1693/169300120010.001/swg.fits[1]
scw/1693/169300300010.001/swg.fits[1]
scw/1693/169300310010.001/swg.fits[1]
scw/1693/169300320010.001/swg.fits[1]
scw/1693/169300390010.001/swg.fits[1]
scw/1693/169300400010.001/swg.fits[1]
scw/1693/169300510010.001/swg.fits[1]
scw/1693/169300520010.001/swg.fits[1]
scw/1693/169300520020.001/swg.fits[1]
scw/1694/169400070010.001/swg.fits[1]
scw/1694/169400110010.001/swg.fits[1]
scw/1694/169400120010.001/swg.fits[1]
scw/1694/169400170010.001/swg.fits[1]
scw/1694/169400180010.001/swg.fits[1]
scw/1694/169400200010.001/swg.fits[1]
scw/1694/169400210010.001/swg.fits[1]
scw/1694/169400220010.001/swg.fits[1]
scw/1694/169400270010.001/swg.fits[1]
scw/1694/169400280010.001/swg.fits[1]
scw/1695/169500370010.001/swg.fits[1]
scw/1695/169500380010.001/swg.fits[1]
scw/1695/169500390010.001/swg.fits[1]
scw/1696/169600070010.001/swg.fits[1]
scw/1696/169600080010.001/swg.fits[1]
scw/1696/169600090010.001/swg.fits[1]
scw/1696/169600100010.001/swg.fits[1]
scw/1696/169600110010.001/swg.fits[1]
scw/1696/169600370010.001/swg.fits[1]
scw/1696/169600380010.001/swg.fits[1]
scw/1696/169600390010.001/swg.fits[1]
scw/1696/169600400010.001/swg.fits[1]
scw/1696/169600410010.001/swg.fits[1]
scw/1696/169600420010.001/swg.fits[1]
scw/1697/169700050010.001/swg.fits[1]
scw/1697/169700070010.001/swg.fits[1]
scw/1697/169700080010.001/swg.fits[1]
scw/1697/169700090010.001/swg.fits[1]
scw/1697/169700150010.001/swg.fits[1]
scw/1697/169700350010.001/swg.fits[1]
scw/1697/169700360010.001/swg.fits[1]
scw/1697/169700370010.001/swg.fits[1]
scw/1697/169700380010.001/swg.fits[1]
scw/1697/169700390010.001/swg.fits[1]
scw/1697/169700540010.001/swg.fits[1]
scw/1697/169700540020.001/swg.fits[1]
scw/1733/173300280010.001/swg.fits[1]
scw/1733/173300310010.001/swg.fits[1]
scw/1733/173300320010.001/swg.fits[1]
scw/1733/173300330010.001/swg.fits[1]
scw/1733/173300460010.001/swg.fits[1]
scw/1733/173300470010.001/swg.fits[1]
scw/1733/173300540010.001/swg.fits[1]
scw/1733/173300550010.001/swg.fits[1]
scw/1734/173400050010.001/swg.fits[1]
scw/1734/173400060010.001/swg.fits[1]
scw/1734/173400110010.001/swg.fits[1]
scw/1734/173400230010.001/swg.fits[1]
scw/1766/176600420010.001/swg.fits[1]
scw/1766/176600430010.001/swg.fits[1]
scw/1766/176600480010.001/swg.fits[1]
scw/1766/176600490010.001/swg.fits[1]
scw/1766/176600500010.001/swg.fits[1]
scw/1767/176700300010.001/swg.fits[1]
scw/1767/176700360010.001/swg.fits[1]
scw/1767/176700370010.001/swg.fits[1]
scw/1767/176700380010.001/swg.fits[1]
scw/1767/176700400010.001/swg.fits[1]
scw/1767/176700410010.001/swg.fits[1]
scw/1767/176700460010.001/swg.fits[1]
scw/1767/176700470010.001/swg.fits[1]
scw/1767/176700480010.001/swg.fits[1]
scw/1768/176800280010.001/swg.fits[1]
scw/1768/176800290010.001/swg.fits[1]
scw/1768/176800350010.001/swg.fits[1]
scw/1768/176800360010.001/swg.fits[1]
scw/1768/176800370010.001/swg.fits[1]
scw/1768/176800390010.001/swg.fits[1]
scw/1768/176800400010.001/swg.fits[1]
scw/1768/176800410010.001/swg.fits[1]
scw/1768/176800450010.001/swg.fits[1]
scw/1768/176800460010.001/swg.fits[1]
scw/1795/179500300010.001/swg.fits[1]
scw/1795/179500310010.001/swg.fits[1]
scw/1795/179500320010.001/swg.fits[1]
scw/1795/179500330010.001/swg.fits[1]
scw/1795/179500390010.001/swg.fits[1]
scw/1795/179500400010.001/swg.fits[1]
scw/1795/179500410010.001/swg.fits[1]
scw/1795/179500420010.001/swg.fits[1]
scw/1795/179500430010.001/swg.fits[1]
scw/1795/179500440010.001/swg.fits[1]
scw/1795/179500490010.001/swg.fits[1]
scw/1795/179500500010.001/swg.fits[1]
scw/1795/179500510010.001/swg.fits[1]
scw/1795/179500510020.001/swg.fits[1]
scw/1825/182500420010.001/swg.fits[1]
scw/1825/182500430010.001/swg.fits[1]
scw/1825/182500440010.001/swg.fits[1]
scw/1825/182500490010.001/swg.fits[1]
scw/1825/182500500010.001/swg.fits[1]
