scw/1084/108400220010.001/swg.fits[1]
scw/1085/108500540010.001/swg.fits[1]
scw/1085/108500550010.001/swg.fits[1]
scw/1087/108700110010.001/swg.fits[1]
scw/1087/108700200010.001/swg.fits[1]
scw/1087/108700210010.001/swg.fits[1]
scw/1087/108700610010.001/swg.fits[1]
scw/1088/108800130010.001/swg.fits[1]
scw/1088/108800140010.001/swg.fits[1]
scw/1098/109800580010.001/swg.fits[1]
scw/1100/110000120010.001/swg.fits[1]
scw/1100/110000210010.001/swg.fits[1]
scw/1100/110000310010.001/swg.fits[1]
scw/1100/110000620010.001/swg.fits[1]
scw/1101/110100040010.001/swg.fits[1]
scw/1101/110100130010.001/swg.fits[1]
scw/1101/110100440010.001/swg.fits[1]
scw/1102/110200590010.001/swg.fits[1]
scw/1103/110300500010.001/swg.fits[1]
scw/1103/110300510010.001/swg.fits[1]
scw/1103/110300600010.001/swg.fits[1]
scw/1104/110400420010.001/swg.fits[1]
scw/1104/110400430010.001/swg.fits[1]
scw/1105/110500230010.001/swg.fits[1]
scw/1105/110500240010.001/swg.fits[1]
scw/1105/110500250010.001/swg.fits[1]
scw/1106/110600160010.001/swg.fits[1]
scw/1106/110600170010.001/swg.fits[1]
scw/1106/110600560010.001/swg.fits[1]
scw/1106/110600650010.001/swg.fits[1]
scw/1106/110600660010.001/swg.fits[1]
scw/1107/110700480010.001/swg.fits[1]
scw/1107/110700490010.001/swg.fits[1]
scw/1108/110800420010.001/swg.fits[1]
scw/1109/110900300010.001/swg.fits[1]
scw/1109/110900310010.001/swg.fits[1]
scw/1110/111000150010.001/swg.fits[1]
scw/1110/111000160010.001/swg.fits[1]
scw/1110/111000170010.001/swg.fits[1]
scw/1110/111000180010.001/swg.fits[1]
scw/1110/111000650010.001/swg.fits[1]
scw/1110/111000660010.001/swg.fits[1]
scw/1110/111000670010.001/swg.fits[1]
scw/1111/111100020010.001/swg.fits[1]
scw/2406/240600380010.001/swg.fits[1]
scw/2435/243500300010.001/swg.fits[1]
