scw/0082/008200240010.001/swg.fits[1]
scw/0082/008200240020.001/swg.fits[1]
scw/0082/008200240030.001/swg.fits[1]
scw/0094/009400080010.001/swg.fits[1]
scw/0094/009400080020.001/swg.fits[1]
scw/0094/009400080030.001/swg.fits[1]
scw/0094/009400080040.001/swg.fits[1]
scw/0334/033400230010.001/swg.fits[1]
scw/0334/033400230020.001/swg.fits[1]
scw/0334/033400230030.001/swg.fits[1]
scw/0334/033400240010.001/swg.fits[1]
scw/0762/076200370010.001/swg.fits[1]
scw/0762/076200370020.001/swg.fits[1]
scw/0762/076200370030.001/swg.fits[1]
scw/0762/076200380010.001/swg.fits[1]
scw/1497/149700070010.001/swg.fits[1]
scw/1497/149700490010.001/swg.fits[1]
scw/1497/149700500010.001/swg.fits[1]
scw/1498/149800540010.001/swg.fits[1]
scw/1498/149800550010.001/swg.fits[1]
scw/1499/149900410010.001/swg.fits[1]
scw/1499/149900420010.001/swg.fits[1]
scw/1499/149900490010.001/swg.fits[1]
scw/1499/149900500010.001/swg.fits[1]
scw/1499/149900500020.001/swg.fits[1]
scw/1500/150000440010.001/swg.fits[1]
scw/1500/150000450010.001/swg.fits[1]
scw/1500/150000450020.001/swg.fits[1]
scw/1553/155300220010.001/swg.fits[1]
scw/1553/155300230010.001/swg.fits[1]
scw/1565/156500420010.001/swg.fits[1]
scw/1565/156500430010.001/swg.fits[1]
scw/1566/156600280010.001/swg.fits[1]
scw/1566/156600290010.001/swg.fits[1]
scw/1566/156600360010.001/swg.fits[1]
scw/1567/156700290010.001/swg.fits[1]
scw/1567/156700300010.001/swg.fits[1]
scw/1760/176000050010.001/swg.fits[1]
scw/1760/176000480010.001/swg.fits[1]
scw/1762/176200020010.001/swg.fits[1]
scw/1762/176200030010.001/swg.fits[1]
scw/1762/176200040010.001/swg.fits[1]
scw/1762/176200460010.001/swg.fits[1]
scw/1763/176300570010.001/swg.fits[1]
scw/1763/176300580010.001/swg.fits[1]
scw/1764/176400050010.001/swg.fits[1]
scw/1764/176400060010.001/swg.fits[1]
scw/1764/176400480010.001/swg.fits[1]
scw/1765/176500040010.001/swg.fits[1]
scw/1765/176500050010.001/swg.fits[1]
scw/1765/176500460010.001/swg.fits[1]
scw/1765/176500470010.001/swg.fits[1]
scw/1766/176600350010.001/swg.fits[1]
