scw/0393/039300140010.001/swg.fits[1]
scw/0393/039300150010.001/swg.fits[1]
scw/0393/039300210010.001/swg.fits[1]
scw/0393/039300220010.001/swg.fits[1]
scw/0393/039300230010.001/swg.fits[1]
scw/0393/039300240010.001/swg.fits[1]
scw/0393/039300250010.001/swg.fits[1]
scw/0393/039300510010.001/swg.fits[1]
scw/0393/039300520010.001/swg.fits[1]
scw/0393/039300530010.001/swg.fits[1]
scw/0393/039300540010.001/swg.fits[1]
scw/0393/039300550010.001/swg.fits[1]
scw/0393/039300560010.001/swg.fits[1]
scw/0394/039400050010.001/swg.fits[1]
scw/0394/039400060010.001/swg.fits[1]
scw/0394/039400070010.001/swg.fits[1]
scw/0394/039400120010.001/swg.fits[1]
scw/0394/039400130010.001/swg.fits[1]
scw/0394/039400140010.001/swg.fits[1]
scw/0394/039400160010.001/swg.fits[1]
scw/0394/039400470010.001/swg.fits[1]
scw/0394/039400490010.001/swg.fits[1]
scw/0394/039400500010.001/swg.fits[1]
scw/0394/039400510010.001/swg.fits[1]
scw/0394/039400560010.001/swg.fits[1]
scw/0394/039400570010.001/swg.fits[1]
scw/0395/039500130010.001/swg.fits[1]
scw/0395/039500140010.001/swg.fits[1]
scw/0395/039500210010.001/swg.fits[1]
scw/0395/039500220010.001/swg.fits[1]
scw/0395/039500230010.001/swg.fits[1]
scw/0395/039500240010.001/swg.fits[1]
scw/0395/039500500010.001/swg.fits[1]
scw/0395/039500540010.001/swg.fits[1]
scw/0395/039500550010.001/swg.fits[1]
scw/0395/039500600010.001/swg.fits[1]
scw/0395/039500610010.001/swg.fits[1]
scw/0395/039500630010.001/swg.fits[1]
scw/0395/039500630020.001/swg.fits[1]
scw/0396/039600080010.001/swg.fits[1]
scw/0397/039700630010.001/swg.fits[1]
scw/0420/042000040010.001/swg.fits[1]
scw/0460/046000060010.001/swg.fits[1]
scw/0466/046600140010.001/swg.fits[1]
scw/0466/046600160010.001/swg.fits[1]
scw/0466/046600170010.001/swg.fits[1]
scw/0466/046600180010.001/swg.fits[1]
scw/0466/046600240010.001/swg.fits[1]
scw/0466/046600270010.001/swg.fits[1]
scw/0466/046600280010.001/swg.fits[1]
scw/0466/046600320010.001/swg.fits[1]
scw/0466/046600330010.001/swg.fits[1]
scw/0466/046600340010.001/swg.fits[1]
scw/0466/046600370010.001/swg.fits[1]
scw/0883/088300100010.001/swg.fits[1]
scw/0883/088300110010.001/swg.fits[1]
scw/0883/088300120010.001/swg.fits[1]
scw/0883/088300130010.001/swg.fits[1]
scw/0883/088300140010.001/swg.fits[1]
scw/0883/088300200010.001/swg.fits[1]
scw/0883/088300330010.001/swg.fits[1]
scw/0883/088300400010.001/swg.fits[1]
scw/0883/088300410010.001/swg.fits[1]
scw/0883/088300420010.001/swg.fits[1]
scw/0883/088300430010.001/swg.fits[1]
scw/0883/088300610010.001/swg.fits[1]
scw/0883/088300620010.001/swg.fits[1]
scw/0883/088300630010.001/swg.fits[1]
scw/0884/088400070010.001/swg.fits[1]
scw/0884/088400080010.001/swg.fits[1]
scw/0884/088400190010.001/swg.fits[1]
scw/0884/088400270010.001/swg.fits[1]
scw/0884/088400280010.001/swg.fits[1]
scw/0884/088400290010.001/swg.fits[1]
scw/0884/088400470010.001/swg.fits[1]
scw/0884/088400490010.001/swg.fits[1]
scw/0884/088400500010.001/swg.fits[1]
scw/0884/088400510010.001/swg.fits[1]
scw/0884/088400570010.001/swg.fits[1]
scw/0885/088500030010.001/swg.fits[1]
scw/0885/088500040010.001/swg.fits[1]
scw/0885/088500050010.001/swg.fits[1]
scw/0885/088500090010.001/swg.fits[1]
scw/0885/088500100010.001/swg.fits[1]
scw/0885/088500430010.001/swg.fits[1]
scw/0885/088500440010.001/swg.fits[1]
scw/0885/088500490010.001/swg.fits[1]
scw/0885/088500500010.001/swg.fits[1]
scw/0885/088500530010.001/swg.fits[1]
scw/0885/088500540010.001/swg.fits[1]
scw/0885/088500590010.001/swg.fits[1]
scw/0885/088500600010.001/swg.fits[1]
scw/0885/088500610010.001/swg.fits[1]
scw/0886/088600680010.001/swg.fits[1]
scw/0886/088600690010.001/swg.fits[1]
scw/0886/088600740010.001/swg.fits[1]
scw/0886/088600750010.001/swg.fits[1]
scw/0888/088800810010.001/swg.fits[1]
scw/0888/088800820010.001/swg.fits[1]
scw/0888/088800850010.001/swg.fits[1]
scw/0888/088800860010.001/swg.fits[1]
scw/0957/095700060010.001/swg.fits[1]
scw/0957/095700070010.001/swg.fits[1]
scw/0957/095700080010.001/swg.fits[1]
scw/0957/095700090010.001/swg.fits[1]
scw/0957/095700100010.001/swg.fits[1]
scw/0957/095700360010.001/swg.fits[1]
scw/0957/095700370010.001/swg.fits[1]
scw/0957/095700380010.001/swg.fits[1]
scw/0957/095700390010.001/swg.fits[1]
scw/0957/095700400010.001/swg.fits[1]
scw/0957/095700500010.001/swg.fits[1]
scw/0957/095700510010.001/swg.fits[1]
scw/0957/095700560010.001/swg.fits[1]
scw/0957/095700570010.001/swg.fits[1]
scw/0957/095700580010.001/swg.fits[1]
scw/0957/095700600010.001/swg.fits[1]
scw/0960/096000960010.001/swg.fits[1]
scw/0960/096000970010.001/swg.fits[1]
scw/0998/099800790010.001/swg.fits[1]
scw/0998/099800800010.001/swg.fits[1]
scw/0998/099800810010.001/swg.fits[1]
scw/0998/099800820010.001/swg.fits[1]
scw/0998/099800870010.001/swg.fits[1]
scw/0998/099800880010.001/swg.fits[1]
scw/0998/099800890010.001/swg.fits[1]
scw/0999/099900200010.001/swg.fits[1]
scw/0999/099900210010.001/swg.fits[1]
scw/0999/099900270010.001/swg.fits[1]
scw/0999/099900280010.001/swg.fits[1]
scw/0999/099900290010.001/swg.fits[1]
scw/0999/099900310010.001/swg.fits[1]
scw/0999/099900320010.001/swg.fits[1]
scw/1002/100200070010.001/swg.fits[1]
scw/1002/100200080010.001/swg.fits[1]
scw/1002/100200120010.001/swg.fits[1]
scw/1002/100200410010.001/swg.fits[1]
scw/1002/100200420010.001/swg.fits[1]
scw/1002/100200470010.001/swg.fits[1]
scw/1002/100200480010.001/swg.fits[1]
scw/1002/100200490010.001/swg.fits[1]
scw/1007/100700120010.001/swg.fits[1]
scw/1007/100700130010.001/swg.fits[1]
scw/1007/100700140010.001/swg.fits[1]
scw/1007/100700150010.001/swg.fits[1]
scw/1007/100700160010.001/swg.fits[1]
scw/1007/100700220010.001/swg.fits[1]
scw/1007/100700350010.001/swg.fits[1]
scw/1007/100700420010.001/swg.fits[1]
scw/1007/100700430010.001/swg.fits[1]
scw/1007/100700440010.001/swg.fits[1]
scw/1007/100700450010.001/swg.fits[1]
scw/1007/100700630010.001/swg.fits[1]
scw/1007/100700640010.001/swg.fits[1]
scw/1007/100700650010.001/swg.fits[1]
scw/1008/100800070010.001/swg.fits[1]
scw/1008/100800080010.001/swg.fits[1]
scw/1008/100800190010.001/swg.fits[1]
scw/1008/100800270010.001/swg.fits[1]
scw/1008/100800280010.001/swg.fits[1]
scw/1008/100800290010.001/swg.fits[1]
scw/1008/100800300010.001/swg.fits[1]
scw/1008/100800470010.001/swg.fits[1]
scw/1008/100800490010.001/swg.fits[1]
scw/1008/100800500010.001/swg.fits[1]
scw/1008/100800510010.001/swg.fits[1]
scw/1008/100800570010.001/swg.fits[1]
scw/1009/100900050010.001/swg.fits[1]
scw/1009/100900060010.001/swg.fits[1]
scw/1009/100900070010.001/swg.fits[1]
scw/1009/100900110010.001/swg.fits[1]
scw/1009/100900120010.001/swg.fits[1]
scw/1011/101100320010.001/swg.fits[1]
scw/1011/101100360010.001/swg.fits[1]
scw/1011/101100370010.001/swg.fits[1]
scw/1011/101100380010.001/swg.fits[1]
scw/1011/101100410010.001/swg.fits[1]
scw/1011/101100420010.001/swg.fits[1]
scw/1011/101100470010.001/swg.fits[1]
scw/1011/101100480010.001/swg.fits[1]
scw/1013/101300800010.001/swg.fits[1]
scw/1013/101300810010.001/swg.fits[1]
scw/1013/101300850010.001/swg.fits[1]
scw/1013/101300860010.001/swg.fits[1]
scw/1013/101300870010.001/swg.fits[1]
scw/1013/101300910010.001/swg.fits[1]
scw/1013/101300920010.001/swg.fits[1]
scw/1048/104800270010.001/swg.fits[1]
scw/1049/104900800010.001/swg.fits[1]
scw/1050/105000330010.001/swg.fits[1]
scw/1051/105100020010.001/swg.fits[1]
scw/1053/105300030010.001/swg.fits[1]
scw/1054/105400030010.001/swg.fits[1]
scw/1056/105600800010.001/swg.fits[1]
scw/1058/105800040010.001/swg.fits[1]
scw/1059/105900230010.001/swg.fits[1]
scw/1060/106000340010.001/swg.fits[1]
scw/1066/106600380010.001/swg.fits[1]
scw/1066/106600390010.001/swg.fits[1]
scw/1066/106600400010.001/swg.fits[1]
scw/1071/107100100010.001/swg.fits[1]
scw/1071/107100170010.001/swg.fits[1]
scw/1071/107100180010.001/swg.fits[1]
scw/1072/107200770010.001/swg.fits[1]
scw/1072/107200780010.001/swg.fits[1]
scw/1073/107300820010.001/swg.fits[1]
scw/1073/107300830010.001/swg.fits[1]
scw/1073/107300840010.001/swg.fits[1]
scw/1073/107300850010.001/swg.fits[1]
scw/1073/107300890010.001/swg.fits[1]
scw/1075/107500100010.001/swg.fits[1]
scw/1075/107500110010.001/swg.fits[1]
scw/1075/107500120010.001/swg.fits[1]
scw/1075/107500130010.001/swg.fits[1]
scw/1075/107500220010.001/swg.fits[1]
scw/1075/107500300010.001/swg.fits[1]
scw/1075/107500310010.001/swg.fits[1]
scw/1075/107500320010.001/swg.fits[1]
scw/1075/107500330010.001/swg.fits[1]
scw/1076/107600120010.001/swg.fits[1]
scw/1076/107600190010.001/swg.fits[1]
scw/1076/107600200010.001/swg.fits[1]
scw/1076/107600210010.001/swg.fits[1]
scw/1076/107600220010.001/swg.fits[1]
scw/1076/107600390010.001/swg.fits[1]
scw/1076/107600550010.001/swg.fits[1]
scw/1076/107600560010.001/swg.fits[1]
scw/1076/107600590010.001/swg.fits[1]
scw/1076/107600600010.001/swg.fits[1]
scw/1076/107600640010.001/swg.fits[1]
scw/1076/107600650010.001/swg.fits[1]
scw/1076/107600660010.001/swg.fits[1]
