scw/0747/074700450010.001/swg.fits[1]
scw/0747/074700610010.001/swg.fits[1]
scw/0748/074800280010.001/swg.fits[1]
scw/0748/074800600010.001/swg.fits[1]
scw/0748/074800610010.001/swg.fits[1]
scw/0749/074900400010.001/swg.fits[1]
scw/0749/074900410010.001/swg.fits[1]
scw/0749/074900420010.001/swg.fits[1]
scw/0750/075000530010.001/swg.fits[1]
scw/0751/075100330010.001/swg.fits[1]
scw/0751/075100340010.001/swg.fits[1]
scw/0752/075200350010.001/swg.fits[1]
scw/0752/075200430010.001/swg.fits[1]
scw/0754/075400590010.001/swg.fits[1]
scw/0758/075800690010.001/swg.fits[1]
scw/0759/075900040010.001/swg.fits[1]
scw/0759/075900050010.001/swg.fits[1]
scw/0813/081300460010.001/swg.fits[1]
scw/0813/081300470010.001/swg.fits[1]
scw/0813/081300560010.001/swg.fits[1]
scw/0815/081500360010.001/swg.fits[1]
scw/0815/081500450010.001/swg.fits[1]
scw/0816/081600550010.001/swg.fits[1]
scw/0816/081600560010.001/swg.fits[1]
scw/0816/081600570010.001/swg.fits[1]
scw/0817/081700450010.001/swg.fits[1]
scw/0817/081700460010.001/swg.fits[1]
scw/0818/081800390010.001/swg.fits[1]
scw/0818/081800400010.001/swg.fits[1]
scw/0818/081800480010.001/swg.fits[1]
scw/0818/081800550010.001/swg.fits[1]
scw/0819/081900260010.001/swg.fits[1]
scw/0819/081900320010.001/swg.fits[1]
scw/0819/081900410010.001/swg.fits[1]
scw/0819/081900420010.001/swg.fits[1]
scw/0820/082000200010.001/swg.fits[1]
scw/0820/082000210010.001/swg.fits[1]
scw/0820/082000300010.001/swg.fits[1]
scw/0820/082000310010.001/swg.fits[1]
scw/0876/087600310010.001/swg.fits[1]
scw/0878/087800120010.001/swg.fits[1]
scw/0878/087800200010.001/swg.fits[1]
scw/0878/087800210010.001/swg.fits[1]
scw/0879/087900100010.001/swg.fits[1]
scw/0879/087900510010.001/swg.fits[1]
scw/0937/093700210010.001/swg.fits[1]
scw/0937/093700220010.001/swg.fits[1]
scw/0937/093700300010.001/swg.fits[1]
scw/0938/093800100010.001/swg.fits[1]
scw/0938/093800110010.001/swg.fits[1]
scw/0949/094900320010.001/swg.fits[1]
scw/0949/094900410010.001/swg.fits[1]
scw/1004/100400360010.001/swg.fits[1]
scw/1005/100500330010.001/swg.fits[1]
scw/1006/100600130010.001/swg.fits[1]
scw/1006/100600210010.001/swg.fits[1]
scw/1006/100600220010.001/swg.fits[1]
scw/1053/105300470010.001/swg.fits[1]
scw/1054/105400300010.001/swg.fits[1]
scw/1060/106000500010.001/swg.fits[1]
scw/1063/106300270010.001/swg.fits[1]
scw/1063/106300680010.001/swg.fits[1]
scw/1063/106300690010.001/swg.fits[1]
scw/1067/106700690010.001/swg.fits[1]
scw/1068/106800500010.001/swg.fits[1]
scw/1070/107000760010.001/swg.fits[1]
scw/1070/107000850010.001/swg.fits[1]
scw/1116/111600650010.001/swg.fits[1]
scw/1116/111600730010.001/swg.fits[1]
scw/1117/111700020010.001/swg.fits[1]
scw/1119/111900020010.001/swg.fits[1]
scw/1120/112000600010.001/swg.fits[1]
scw/1180/118000530010.001/swg.fits[1]
scw/1180/118000540010.001/swg.fits[1]
scw/1180/118000620010.001/swg.fits[1]
scw/1182/118200280010.001/swg.fits[1]
scw/1183/118300100010.001/swg.fits[1]
scw/1183/118300110010.001/swg.fits[1]
scw/1183/118300190010.001/swg.fits[1]
scw/1188/118800250010.001/swg.fits[1]
scw/1188/118800260010.001/swg.fits[1]
scw/1191/119100060010.001/swg.fits[1]
scw/1191/119100470010.001/swg.fits[1]
scw/1191/119100480010.001/swg.fits[1]
scw/1191/119100560010.001/swg.fits[1]
scw/1235/123500670010.001/swg.fits[1]
scw/1236/123600520010.001/swg.fits[1]
scw/1236/123600600010.001/swg.fits[1]
scw/1236/123600610010.001/swg.fits[1]
scw/1242/124200380010.001/swg.fits[1]
scw/1243/124300290010.001/swg.fits[1]
scw/1243/124300370010.001/swg.fits[1]
scw/1243/124300380010.001/swg.fits[1]
scw/1493/149300180010.001/swg.fits[1]
scw/1544/154400570010.001/swg.fits[1]
scw/1544/154400580010.001/swg.fits[1]
scw/1545/154500280010.001/swg.fits[1]
scw/1545/154500290010.001/swg.fits[1]
scw/1545/154500300010.001/swg.fits[1]
scw/1545/154500340010.001/swg.fits[1]
scw/1546/154600310010.001/swg.fits[1]
scw/1547/154700310010.001/swg.fits[1]
scw/1547/154700320010.001/swg.fits[1]
scw/1547/154700370010.001/swg.fits[1]
scw/1547/154700380010.001/swg.fits[1]
scw/1548/154800320010.001/swg.fits[1]
scw/1548/154800330010.001/swg.fits[1]
scw/1548/154800390010.001/swg.fits[1]
scw/1549/154900330010.001/swg.fits[1]
scw/1549/154900340010.001/swg.fits[1]
scw/1549/154900400010.001/swg.fits[1]
scw/1550/155000460010.001/swg.fits[1]
scw/1551/155100010010.001/swg.fits[1]
scw/1551/155100330010.001/swg.fits[1]
scw/1551/155100340010.001/swg.fits[1]
scw/1552/155200380010.001/swg.fits[1]
scw/1552/155200390010.001/swg.fits[1]
scw/1552/155200400010.001/swg.fits[1]
scw/1682/168200040010.001/swg.fits[1]
scw/1682/168200050010.001/swg.fits[1]
scw/1682/168200490010.001/swg.fits[1]
scw/1682/168200500010.001/swg.fits[1]
scw/1682/168200540010.001/swg.fits[1]
scw/1682/168200540020.001/swg.fits[1]
scw/1683/168300470010.001/swg.fits[1]
scw/1683/168300520010.001/swg.fits[1]
scw/1686/168600440010.001/swg.fits[1]
scw/1686/168600450010.001/swg.fits[1]
scw/1686/168600500010.001/swg.fits[1]
scw/1686/168600510010.001/swg.fits[1]
scw/1687/168700390010.001/swg.fits[1]
scw/1687/168700400010.001/swg.fits[1]
scw/1687/168700460010.001/swg.fits[1]
scw/1753/175300160010.001/swg.fits[1]
scw/1753/175300230010.001/swg.fits[1]
scw/1821/182100080010.001/swg.fits[1]
scw/1821/182100090010.001/swg.fits[1]
scw/1821/182100500010.001/swg.fits[1]
scw/1821/182100510010.001/swg.fits[1]
scw/1821/182100520010.001/swg.fits[1]
scw/1822/182200480010.001/swg.fits[1]
scw/1845/184500190010.001/swg.fits[1]
scw/1894/189400290010.001/swg.fits[1]
scw/1895/189500230010.001/swg.fits[1]
scw/1897/189700290010.001/swg.fits[1]
scw/1897/189700300010.001/swg.fits[1]
scw/1898/189800320010.001/swg.fits[1]
scw/1898/189800330010.001/swg.fits[1]
scw/1899/189900430010.001/swg.fits[1]
scw/1900/190000370010.001/swg.fits[1]
scw/1900/190000380010.001/swg.fits[1]
scw/1965/196500190010.001/swg.fits[1]
scw/1965/196500270010.001/swg.fits[1]
scw/1965/196500280010.001/swg.fits[1]
scw/1967/196700130010.001/swg.fits[1]
scw/1967/196700140010.001/swg.fits[1]
scw/1981/198100070010.001/swg.fits[1]
scw/1982/198200080010.001/swg.fits[1]
