scw/1431/143100060010.001/swg.fits[1]
scw/1431/143100070010.001/swg.fits[1]
scw/1431/143100080010.001/swg.fits[1]
scw/1432/143200090010.001/swg.fits[1]
scw/1432/143200100010.001/swg.fits[1]
scw/1432/143200110010.001/swg.fits[1]
scw/1432/143200120010.001/swg.fits[1]
scw/1432/143200130010.001/swg.fits[1]
scw/1432/143200140010.001/swg.fits[1]
scw/1432/143200200010.001/swg.fits[1]
scw/1432/143200210010.001/swg.fits[1]
scw/1432/143200220010.001/swg.fits[1]
scw/1432/143200230010.001/swg.fits[1]
scw/1433/143300070010.001/swg.fits[1]
scw/1433/143300080010.001/swg.fits[1]
scw/1433/143300090010.001/swg.fits[1]
scw/1433/143300100010.001/swg.fits[1]
scw/1433/143300460010.001/swg.fits[1]
scw/1433/143300470010.001/swg.fits[1]
scw/1433/143300480010.001/swg.fits[1]
scw/1433/143300490010.001/swg.fits[1]
scw/1433/143300500010.001/swg.fits[1]
scw/1433/143300510010.001/swg.fits[1]
scw/1433/143300570010.001/swg.fits[1]
scw/1433/143300580010.001/swg.fits[1]
scw/1433/143300590010.001/swg.fits[1]
scw/1433/143300600010.001/swg.fits[1]
scw/1438/143800110010.001/swg.fits[1]
scw/1483/148300240010.001/swg.fits[1]
scw/1488/148800030010.001/swg.fits[1]
scw/1488/148800200010.001/swg.fits[1]
scw/1608/160800550010.001/swg.fits[1]
scw/1608/160800560010.001/swg.fits[1]
scw/1620/162000680010.001/swg.fits[1]
scw/1622/162200020010.001/swg.fits[1]
scw/1622/162200030010.001/swg.fits[1]
scw/1622/162200570010.001/swg.fits[1]
scw/1679/167900520010.001/swg.fits[1]
scw/1699/169900330010.001/swg.fits[1]
scw/1699/169900380010.001/swg.fits[1]
scw/1699/169900420010.001/swg.fits[1]
scw/1699/169900470010.001/swg.fits[1]
scw/1700/170000670010.001/swg.fits[1]
scw/1700/170000720010.001/swg.fits[1]
scw/1700/170000760010.001/swg.fits[1]
scw/1700/170000810010.001/swg.fits[1]
scw/1701/170100420010.001/swg.fits[1]
scw/1701/170100470010.001/swg.fits[1]
scw/1701/170100510010.001/swg.fits[1]
scw/1701/170100560010.001/swg.fits[1]
scw/1702/170200880010.001/swg.fits[1]
scw/1702/170200930010.001/swg.fits[1]
scw/1704/170400180010.001/swg.fits[1]
scw/1704/170400230010.001/swg.fits[1]
scw/1704/170400250010.001/swg.fits[1]
scw/1704/170400300010.001/swg.fits[1]
scw/1704/170400770010.001/swg.fits[1]
scw/1704/170400820010.001/swg.fits[1]
scw/1704/170400860010.001/swg.fits[1]
scw/1704/170400910010.001/swg.fits[1]
scw/1704/170400910020.001/swg.fits[1]
scw/1706/170600100010.001/swg.fits[1]
scw/1706/170600150010.001/swg.fits[1]
scw/1706/170600160010.001/swg.fits[1]
scw/1706/170600200010.001/swg.fits[1]
scw/1706/170600210010.001/swg.fits[1]
scw/1707/170700030010.001/swg.fits[1]
scw/1707/170700080010.001/swg.fits[1]
scw/1707/170700330010.001/swg.fits[1]
scw/1707/170700380010.001/swg.fits[1]
scw/1707/170700390010.001/swg.fits[1]
scw/1707/170700430010.001/swg.fits[1]
scw/1707/170700440010.001/swg.fits[1]
scw/1708/170800500010.001/swg.fits[1]
scw/1708/170800540010.001/swg.fits[1]
scw/1708/170800550010.001/swg.fits[1]
scw/1708/170800640010.001/swg.fits[1]
scw/1710/171000670010.001/swg.fits[1]
scw/1710/171000760010.001/swg.fits[1]
scw/1716/171600690010.001/swg.fits[1]
scw/1717/171700670010.001/swg.fits[1]
scw/1717/171700710010.001/swg.fits[1]
scw/1717/171700720010.001/swg.fits[1]
scw/1769/176900340010.001/swg.fits[1]
scw/1769/176900350010.001/swg.fits[1]
scw/1770/177000320010.001/swg.fits[1]
scw/1770/177000330010.001/swg.fits[1]
scw/1771/177100380010.001/swg.fits[1]
scw/1773/177300660010.001/swg.fits[1]
scw/1774/177400370010.001/swg.fits[1]
scw/1775/177500660010.001/swg.fits[1]
scw/1776/177600370010.001/swg.fits[1]
scw/1776/177600380010.001/swg.fits[1]
scw/1823/182300210010.001/swg.fits[1]
scw/1823/182300270010.001/swg.fits[1]
scw/1823/182300330010.001/swg.fits[1]
scw/1823/182300340010.001/swg.fits[1]
scw/1825/182500180010.001/swg.fits[1]
scw/1825/182500190010.001/swg.fits[1]
scw/1825/182500230010.001/swg.fits[1]
scw/1825/182500290010.001/swg.fits[1]
scw/1826/182600470010.001/swg.fits[1]
scw/1826/182600530010.001/swg.fits[1]
scw/1826/182600590010.001/swg.fits[1]
scw/1826/182600600010.001/swg.fits[1]
scw/1828/182800590010.001/swg.fits[1]
scw/1828/182800710010.001/swg.fits[1]
scw/1828/182800720010.001/swg.fits[1]
scw/1829/182900070010.001/swg.fits[1]
scw/1829/182900080010.001/swg.fits[1]
scw/1829/182900110010.001/swg.fits[1]
scw/1831/183100480010.001/swg.fits[1]
scw/1831/183100600010.001/swg.fits[1]
scw/1831/183100610010.001/swg.fits[1]
scw/1833/183300190010.001/swg.fits[1]
scw/1833/183300240010.001/swg.fits[1]
scw/1833/183300260010.001/swg.fits[1]
scw/1833/183300310010.001/swg.fits[1]
scw/1837/183700610010.001/swg.fits[1]
scw/1837/183700660010.001/swg.fits[1]
scw/1838/183800020010.001/swg.fits[1]
scw/1838/183800070010.001/swg.fits[1]
scw/1839/183900070010.001/swg.fits[1]
scw/1840/184000270010.001/swg.fits[1]
scw/1840/184000320010.001/swg.fits[1]
scw/1841/184100270010.001/swg.fits[1]
scw/1841/184100320010.001/swg.fits[1]
scw/1841/184100340010.001/swg.fits[1]
scw/1841/184100390010.001/swg.fits[1]
scw/1846/184600260010.001/swg.fits[1]
scw/1846/184600270010.001/swg.fits[1]
scw/1846/184600280010.001/swg.fits[1]
scw/1846/184600330010.001/swg.fits[1]
scw/1846/184600340010.001/swg.fits[1]
scw/1846/184600350010.001/swg.fits[1]
scw/1903/190300220010.001/swg.fits[1]
scw/1903/190300310010.001/swg.fits[1]
scw/1903/190300320010.001/swg.fits[1]
scw/1904/190400290010.001/swg.fits[1]
scw/1904/190400300010.001/swg.fits[1]
scw/1904/190400360010.001/swg.fits[1]
scw/1905/190500290010.001/swg.fits[1]
scw/1905/190500300010.001/swg.fits[1]
scw/1905/190500360010.001/swg.fits[1]
scw/1906/190600270010.001/swg.fits[1]
scw/1906/190600360010.001/swg.fits[1]
scw/1906/190600370010.001/swg.fits[1]
scw/1907/190700120010.001/swg.fits[1]
scw/1907/190700210010.001/swg.fits[1]
scw/1907/190700220010.001/swg.fits[1]
scw/1913/191300290010.001/swg.fits[1]
scw/1913/191300360010.001/swg.fits[1]
scw/1914/191400680010.001/swg.fits[1]
scw/1914/191400690010.001/swg.fits[1]
scw/1914/191400770010.001/swg.fits[1]
scw/1915/191500290010.001/swg.fits[1]
scw/1915/191500350010.001/swg.fits[1]
scw/1915/191500360010.001/swg.fits[1]
scw/1916/191600130010.001/swg.fits[1]
scw/1916/191600190010.001/swg.fits[1]
scw/1916/191600200010.001/swg.fits[1]
scw/1979/197900290010.001/swg.fits[1]
scw/1979/197900340010.001/swg.fits[1]
scw/1979/197900360010.001/swg.fits[1]
scw/1979/197900410010.001/swg.fits[1]
scw/1980/198000570010.001/swg.fits[1]
scw/1980/198000610010.001/swg.fits[1]
scw/1980/198000620010.001/swg.fits[1]
scw/1980/198000660010.001/swg.fits[1]
scw/1980/198000710010.001/swg.fits[1]
scw/1984/198400740010.001/swg.fits[1]
scw/1984/198400780010.001/swg.fits[1]
scw/1984/198400790010.001/swg.fits[1]
scw/1984/198400880010.001/swg.fits[1]
scw/2048/204800330010.001/swg.fits[1]
scw/2048/204800400010.001/swg.fits[1]
scw/2049/204900290010.001/swg.fits[1]
scw/2049/204900360010.001/swg.fits[1]
scw/2050/205000290010.001/swg.fits[1]
scw/2050/205000360010.001/swg.fits[1]
scw/2119/211900340010.001/swg.fits[1]
scw/2250/225000070010.001/swg.fits[1]
scw/2250/225000080010.001/swg.fits[1]
scw/2250/225000160010.001/swg.fits[1]
scw/2253/225300370010.001/swg.fits[1]
scw/2253/225300420010.001/swg.fits[1]
scw/2254/225400350010.001/swg.fits[1]
scw/2254/225400360010.001/swg.fits[1]
scw/2280/228000320010.001/swg.fits[1]
scw/2310/231000960010.001/swg.fits[1]
scw/2310/231000970010.001/swg.fits[1]
scw/2310/231000980010.001/swg.fits[1]
scw/2312/231200640010.001/swg.fits[1]
scw/2312/231200650010.001/swg.fits[1]
scw/2312/231200660010.001/swg.fits[1]
scw/2314/231400260010.001/swg.fits[1]
scw/2314/231400270010.001/swg.fits[1]
scw/2314/231400300010.001/swg.fits[1]
scw/2314/231400310010.001/swg.fits[1]
scw/2314/231400380010.001/swg.fits[1]
scw/2314/231400390010.001/swg.fits[1]
scw/2316/231600560010.001/swg.fits[1]
scw/2316/231600570010.001/swg.fits[1]
scw/2316/231600580010.001/swg.fits[1]
scw/2317/231700880010.001/swg.fits[1]
scw/2317/231700890010.001/swg.fits[1]
scw/2317/231700900010.001/swg.fits[1]
scw/2317/231700910010.001/swg.fits[1]
scw/2318/231800810010.001/swg.fits[1]
scw/2318/231800820010.001/swg.fits[1]
scw/2318/231800850010.001/swg.fits[1]
scw/2318/231800860010.001/swg.fits[1]
scw/2318/231800910010.001/swg.fits[1]
scw/2318/231800920010.001/swg.fits[1]
scw/2319/231900390010.001/swg.fits[1]
scw/2319/231900460010.001/swg.fits[1]
scw/2319/231900470010.001/swg.fits[1]
scw/2363/236300200010.001/swg.fits[1]
scw/2363/236300220010.001/swg.fits[1]
scw/2363/236300230010.001/swg.fits[1]
scw/2363/236300240010.001/swg.fits[1]
scw/2382/238200040010.001/swg.fits[1]
scw/2382/238200170010.001/swg.fits[1]
scw/2382/238200180010.001/swg.fits[1]
scw/2382/238200220010.001/swg.fits[1]
scw/2386/238600390010.001/swg.fits[1]
scw/2386/238600400010.001/swg.fits[1]
scw/2386/238600470010.001/swg.fits[1]
scw/2386/238600480010.001/swg.fits[1]
scw/2386/238600490010.001/swg.fits[1]
scw/2386/238600500010.001/swg.fits[1]
scw/2391/239100420010.001/swg.fits[1]
scw/2391/239100430010.001/swg.fits[1]
scw/2391/239100460010.001/swg.fits[1]
scw/2391/239100470010.001/swg.fits[1]
scw/2419/241900580010.001/swg.fits[1]
scw/2448/244800620010.001/swg.fits[1]
scw/2448/244800630010.001/swg.fits[1]
scw/2448/244800640010.001/swg.fits[1]
scw/2448/244800700010.001/swg.fits[1]
scw/2448/244800710010.001/swg.fits[1]
scw/2451/245100680010.001/swg.fits[1]
scw/2451/245100690010.001/swg.fits[1]
scw/2451/245100700010.001/swg.fits[1]
scw/2452/245200710010.001/swg.fits[1]
scw/2452/245200720010.001/swg.fits[1]
scw/2452/245200730010.001/swg.fits[1]
