scw/0220/022000190010.001/swg.fits[1]
scw/0220/022000370010.001/swg.fits[1]
scw/0220/022000670010.001/swg.fits[1]
scw/0220/022000850010.001/swg.fits[1]
scw/0706/070600440010.001/swg.fits[1]
scw/0706/070600530010.001/swg.fits[1]
scw/0706/070600540010.001/swg.fits[1]
scw/0707/070700420010.001/swg.fits[1]
scw/0708/070800330010.001/swg.fits[1]
scw/0708/070800340010.001/swg.fits[1]
scw/0709/070900150010.001/swg.fits[1]
scw/0772/077200370010.001/swg.fits[1]
scw/0773/077300260010.001/swg.fits[1]
scw/0775/077500170010.001/swg.fits[1]
scw/0948/094800090010.001/swg.fits[1]
scw/0948/094800370010.001/swg.fits[1]
scw/0948/094800440010.001/swg.fits[1]
scw/0948/094800450010.001/swg.fits[1]
scw/0948/094800510010.001/swg.fits[1]
scw/0948/094800580010.001/swg.fits[1]
scw/0948/094800650010.001/swg.fits[1]
scw/0960/096000560010.001/swg.fits[1]
scw/0960/096000570010.001/swg.fits[1]
scw/0960/096000760010.001/swg.fits[1]
scw/0960/096000770010.001/swg.fits[1]
scw/0960/096000780010.001/swg.fits[1]
scw/0961/096100340010.001/swg.fits[1]
scw/0961/096100350010.001/swg.fits[1]
scw/0962/096200220010.001/swg.fits[1]
scw/0962/096200230010.001/swg.fits[1]
scw/0963/096300090010.001/swg.fits[1]
scw/0963/096300100010.001/swg.fits[1]
scw/0963/096300550010.001/swg.fits[1]
scw/0963/096300560010.001/swg.fits[1]
scw/0963/096300740010.001/swg.fits[1]
scw/0963/096300750010.001/swg.fits[1]
scw/0966/096600310010.001/swg.fits[1]
scw/0966/096600320010.001/swg.fits[1]
scw/1252/125200170010.001/swg.fits[1]
scw/1252/125200250010.001/swg.fits[1]
scw/1252/125200260010.001/swg.fits[1]
scw/1252/125200270010.001/swg.fits[1]
scw/1252/125200280010.001/swg.fits[1]
scw/1252/125200360010.001/swg.fits[1]
scw/1263/126300290010.001/swg.fits[1]
scw/1314/131400210010.001/swg.fits[1]
scw/1314/131400220010.001/swg.fits[1]
scw/1314/131400300010.001/swg.fits[1]
scw/1314/131400610010.001/swg.fits[1]
scw/1314/131400620010.001/swg.fits[1]
scw/1314/131400690010.001/swg.fits[1]
scw/1314/131400700010.001/swg.fits[1]
scw/1314/131400700020.001/swg.fits[1]
scw/1325/132500040010.001/swg.fits[1]
scw/1325/132500050010.001/swg.fits[1]
scw/1325/132500130010.001/swg.fits[1]
scw/1325/132500510010.001/swg.fits[1]
scw/1325/132500520010.001/swg.fits[1]
scw/1325/132500530010.001/swg.fits[1]
scw/1506/150600200010.001/swg.fits[1]
scw/1506/150600210010.001/swg.fits[1]
scw/1506/150600220010.001/swg.fits[1]
scw/1506/150600230010.001/swg.fits[1]
scw/1506/150600300010.001/swg.fits[1]
scw/1506/150600310010.001/swg.fits[1]
scw/1506/150600320010.001/swg.fits[1]
scw/1506/150600330010.001/swg.fits[1]
scw/1506/150600410010.001/swg.fits[1]
scw/1518/151800120010.001/swg.fits[1]
scw/1518/151800130010.001/swg.fits[1]
scw/1518/151800200010.001/swg.fits[1]
scw/1518/151800210010.001/swg.fits[1]
scw/1518/151800220010.001/swg.fits[1]
scw/1518/151800230010.001/swg.fits[1]
scw/1518/151800320010.001/swg.fits[1]
scw/1518/151800330010.001/swg.fits[1]
scw/1518/151800410010.001/swg.fits[1]
scw/1568/156800040010.001/swg.fits[1]
scw/1568/156800050010.001/swg.fits[1]
scw/1568/156800060010.001/swg.fits[1]
scw/1568/156800070010.001/swg.fits[1]
scw/1568/156800080010.001/swg.fits[1]
scw/1568/156800450010.001/swg.fits[1]
scw/1568/156800460010.001/swg.fits[1]
scw/1568/156800470010.001/swg.fits[1]
scw/1568/156800480010.001/swg.fits[1]
scw/1568/156800540010.001/swg.fits[1]
scw/1568/156800550010.001/swg.fits[1]
scw/1568/156800560010.001/swg.fits[1]
scw/1568/156800570010.001/swg.fits[1]
scw/1568/156800580010.001/swg.fits[1]
scw/1579/157900050010.001/swg.fits[1]
scw/1579/157900060010.001/swg.fits[1]
scw/1579/157900070010.001/swg.fits[1]
scw/1579/157900080010.001/swg.fits[1]
scw/1579/157900150010.001/swg.fits[1]
scw/1579/157900370010.001/swg.fits[1]
scw/1579/157900450010.001/swg.fits[1]
scw/1579/157900460010.001/swg.fits[1]
scw/1579/157900470010.001/swg.fits[1]
scw/1579/157900550010.001/swg.fits[1]
scw/1579/157900560010.001/swg.fits[1]
scw/1579/157900570010.001/swg.fits[1]
scw/1579/157900580010.001/swg.fits[1]
scw/1588/158800080010.001/swg.fits[1]
scw/1588/158800090010.001/swg.fits[1]
scw/1588/158800100010.001/swg.fits[1]
scw/1588/158800170010.001/swg.fits[1]
scw/1588/158800180010.001/swg.fits[1]
scw/1588/158800390010.001/swg.fits[1]
scw/1588/158800470010.001/swg.fits[1]
scw/1588/158800480010.001/swg.fits[1]
scw/1588/158800570010.001/swg.fits[1]
scw/1588/158800580010.001/swg.fits[1]
scw/1588/158800590010.001/swg.fits[1]
scw/1588/158800600010.001/swg.fits[1]
scw/1910/191000200010.001/swg.fits[1]
scw/1910/191000210010.001/swg.fits[1]
scw/1910/191000310010.001/swg.fits[1]
scw/1911/191100620010.001/swg.fits[1]
scw/1911/191100630010.001/swg.fits[1]
scw/1912/191200300010.001/swg.fits[1]
scw/1912/191200390010.001/swg.fits[1]
scw/1978/197800080010.001/swg.fits[1]
scw/1978/197800090010.001/swg.fits[1]
scw/1978/197800130010.001/swg.fits[1]
scw/1978/197800140010.001/swg.fits[1]
scw/1978/197800150010.001/swg.fits[1]
scw/1978/197800190010.001/swg.fits[1]
scw/1978/197800350010.001/swg.fits[1]
scw/1978/197800370010.001/swg.fits[1]
scw/1978/197800380010.001/swg.fits[1]
scw/1978/197800390010.001/swg.fits[1]
scw/1978/197800450010.001/swg.fits[1]
scw/1990/199000040010.001/swg.fits[1]
scw/1990/199000050010.001/swg.fits[1]
scw/1990/199000100010.001/swg.fits[1]
scw/1990/199000110010.001/swg.fits[1]
scw/1990/199000150010.001/swg.fits[1]
scw/2073/207300490010.001/swg.fits[1]
scw/2116/211600100010.001/swg.fits[1]
scw/2116/211600110010.001/swg.fits[1]
scw/2116/211600150010.001/swg.fits[1]
scw/2116/211600160010.001/swg.fits[1]
scw/2116/211600170010.001/swg.fits[1]
scw/2116/211600210010.001/swg.fits[1]
scw/2116/211600370010.001/swg.fits[1]
scw/2116/211600390010.001/swg.fits[1]
scw/2116/211600400010.001/swg.fits[1]
scw/2116/211600410010.001/swg.fits[1]
scw/2116/211600470010.001/swg.fits[1]
scw/2117/211700150010.001/swg.fits[1]
scw/2117/211700160010.001/swg.fits[1]
scw/2117/211700450010.001/swg.fits[1]
scw/2117/211700460010.001/swg.fits[1]
