scw/1473/147300500010.001/swg.fits[1]
scw/1473/147300510010.001/swg.fits[1]
scw/1473/147300520010.001/swg.fits[1]
scw/1473/147300530010.001/swg.fits[1]
scw/1473/147300590010.001/swg.fits[1]
scw/1473/147300600010.001/swg.fits[1]
scw/1473/147300610010.001/swg.fits[1]
scw/1473/147300620010.001/swg.fits[1]
scw/1474/147400290010.001/swg.fits[1]
scw/1474/147400300010.001/swg.fits[1]
scw/1474/147400370010.001/swg.fits[1]
scw/1474/147400380010.001/swg.fits[1]
scw/1474/147400390010.001/swg.fits[1]
scw/1474/147400400010.001/swg.fits[1]
scw/1474/147400410010.001/swg.fits[1]
scw/1474/147400460010.001/swg.fits[1]
scw/1474/147400470010.001/swg.fits[1]
scw/1475/147500140010.001/swg.fits[1]
scw/1475/147500150010.001/swg.fits[1]
scw/1475/147500220010.001/swg.fits[1]
scw/1475/147500230010.001/swg.fits[1]
scw/1475/147500240010.001/swg.fits[1]
scw/1475/147500250010.001/swg.fits[1]
scw/1475/147500310010.001/swg.fits[1]
scw/1475/147500320010.001/swg.fits[1]
scw/1475/147500330010.001/swg.fits[1]
scw/1538/153800190010.001/swg.fits[1]
scw/1538/153800200010.001/swg.fits[1]
scw/1538/153800270010.001/swg.fits[1]
scw/1538/153800280010.001/swg.fits[1]
scw/1538/153800290010.001/swg.fits[1]
scw/1538/153800300010.001/swg.fits[1]
scw/1538/153800380010.001/swg.fits[1]
scw/1538/153800690010.001/swg.fits[1]
scw/1538/153800700010.001/swg.fits[1]
scw/1539/153900080010.001/swg.fits[1]
scw/1539/153900090010.001/swg.fits[1]
scw/1539/153900100010.001/swg.fits[1]
scw/1539/153900110010.001/swg.fits[1]
scw/1539/153900180010.001/swg.fits[1]
scw/1539/153900190010.001/swg.fits[1]
scw/1539/153900510010.001/swg.fits[1]
scw/1539/153900570010.001/swg.fits[1]
scw/1539/153900580010.001/swg.fits[1]
scw/1540/154000020010.001/swg.fits[1]
scw/1540/154000030010.001/swg.fits[1]
scw/1540/154000040010.001/swg.fits[1]
scw/1540/154000110010.001/swg.fits[1]
scw/1540/154000120010.001/swg.fits[1]
scw/1540/154000440010.001/swg.fits[1]
scw/1540/154000450010.001/swg.fits[1]
scw/1540/154000510010.001/swg.fits[1]
scw/1540/154000520010.001/swg.fits[1]
scw/1540/154000530010.001/swg.fits[1]
scw/1540/154000540010.001/swg.fits[1]
scw/1540/154000550010.001/swg.fits[1]
scw/1603/160300030010.001/swg.fits[1]
scw/1603/160300260010.001/swg.fits[1]
scw/1804/180400170010.001/swg.fits[1]
scw/1804/180400180010.001/swg.fits[1]
scw/1804/180400250010.001/swg.fits[1]
scw/1804/180400260010.001/swg.fits[1]
scw/1804/180400270010.001/swg.fits[1]
scw/1804/180400280010.001/swg.fits[1]
scw/1804/180400360010.001/swg.fits[1]
scw/1804/180400660010.001/swg.fits[1]
scw/1804/180400670010.001/swg.fits[1]
scw/1804/180400680010.001/swg.fits[1]
scw/1804/180400750010.001/swg.fits[1]
scw/1804/180400760010.001/swg.fits[1]
scw/1804/180400770010.001/swg.fits[1]
scw/1805/180500020010.001/swg.fits[1]
scw/1805/180500030010.001/swg.fits[1]
scw/1805/180500040010.001/swg.fits[1]
scw/1805/180500340010.001/swg.fits[1]
scw/1805/180500350010.001/swg.fits[1]
scw/1805/180500410010.001/swg.fits[1]
scw/1805/180500420010.001/swg.fits[1]
scw/1805/180500430010.001/swg.fits[1]
scw/1805/180500440010.001/swg.fits[1]
scw/1805/180500450010.001/swg.fits[1]
scw/1805/180500520010.001/swg.fits[1]
scw/1805/180500530010.001/swg.fits[1]
scw/1805/180500840010.001/swg.fits[1]
scw/1806/180600100010.001/swg.fits[1]
scw/1806/180600160010.001/swg.fits[1]
scw/1806/180600170010.001/swg.fits[1]
scw/1806/180600180010.001/swg.fits[1]
scw/1806/180600190010.001/swg.fits[1]
scw/1806/180600270010.001/swg.fits[1]
scw/1806/180600580010.001/swg.fits[1]
scw/1806/180600590010.001/swg.fits[1]
scw/1806/180600650010.001/swg.fits[1]
scw/1806/180600660010.001/swg.fits[1]
scw/1806/180600670010.001/swg.fits[1]
scw/1806/180600680010.001/swg.fits[1]
scw/1806/180600690010.001/swg.fits[1]
scw/1806/180600760010.001/swg.fits[1]
scw/1806/180600770010.001/swg.fits[1]
scw/1883/188300020010.001/swg.fits[1]
scw/1883/188300030010.001/swg.fits[1]
scw/1883/188300100010.001/swg.fits[1]
scw/1883/188300110010.001/swg.fits[1]
scw/1883/188300420010.001/swg.fits[1]
scw/1883/188300430010.001/swg.fits[1]
scw/1883/188300500010.001/swg.fits[1]
scw/1883/188300510010.001/swg.fits[1]
scw/1883/188300520010.001/swg.fits[1]
scw/1883/188300530010.001/swg.fits[1]
scw/1883/188300590010.001/swg.fits[1]
scw/1883/188300600010.001/swg.fits[1]
scw/1883/188300610010.001/swg.fits[1]
scw/1884/188400080010.001/swg.fits[1]
scw/1884/188400090010.001/swg.fits[1]
scw/1884/188400160010.001/swg.fits[1]
scw/1884/188400170010.001/swg.fits[1]
scw/1884/188400180010.001/swg.fits[1]
scw/1884/188400190010.001/swg.fits[1]
scw/1884/188400200010.001/swg.fits[1]
scw/1884/188400250010.001/swg.fits[1]
scw/1884/188400260010.001/swg.fits[1]
scw/1884/188400580010.001/swg.fits[1]
scw/1884/188400590010.001/swg.fits[1]
scw/1884/188400660010.001/swg.fits[1]
scw/1884/188400670010.001/swg.fits[1]
scw/1884/188400680010.001/swg.fits[1]
scw/1884/188400690010.001/swg.fits[1]
scw/1884/188400750010.001/swg.fits[1]
scw/1884/188400760010.001/swg.fits[1]
scw/1884/188400770010.001/swg.fits[1]
scw/1885/188500050010.001/swg.fits[1]
scw/1885/188500110010.001/swg.fits[1]
scw/1885/188500120010.001/swg.fits[1]
scw/1885/188500180010.001/swg.fits[1]
scw/1885/188500190010.001/swg.fits[1]
scw/2085/208500180010.001/swg.fits[1]
scw/2085/208500220010.001/swg.fits[1]
scw/2085/208500230010.001/swg.fits[1]
scw/2085/208500310010.001/swg.fits[1]
scw/2085/208500320010.001/swg.fits[1]
scw/2087/208700290010.001/swg.fits[1]
scw/2087/208700300010.001/swg.fits[1]
scw/2087/208700390010.001/swg.fits[1]
scw/2089/208900150010.001/swg.fits[1]
scw/2089/208900240010.001/swg.fits[1]
scw/2154/215400110010.001/swg.fits[1]
scw/2154/215400130010.001/swg.fits[1]
scw/2154/215400140010.001/swg.fits[1]
scw/2154/215400200010.001/swg.fits[1]
scw/2155/215500350010.001/swg.fits[1]
scw/2156/215600410010.001/swg.fits[1]
scw/2157/215700490010.001/swg.fits[1]
scw/2157/215700570010.001/swg.fits[1]
scw/2158/215800140010.001/swg.fits[1]
scw/2158/215800150010.001/swg.fits[1]
scw/2158/215800240010.001/swg.fits[1]
scw/2159/215900420010.001/swg.fits[1]
scw/2160/216000490010.001/swg.fits[1]
scw/2160/216000580010.001/swg.fits[1]
scw/2160/216000590010.001/swg.fits[1]
scw/2161/216100070010.001/swg.fits[1]
scw/2218/221800320010.001/swg.fits[1]
scw/2218/221800360010.001/swg.fits[1]
scw/2218/221800370010.001/swg.fits[1]
scw/2218/221800410010.001/swg.fits[1]
scw/2218/221800460010.001/swg.fits[1]
scw/2221/222100230010.001/swg.fits[1]
scw/2221/222100240010.001/swg.fits[1]
scw/2221/222100290010.001/swg.fits[1]
scw/2221/222100300010.001/swg.fits[1]
scw/2221/222100340010.001/swg.fits[1]
scw/2221/222100350010.001/swg.fits[1]
scw/2222/222200630010.001/swg.fits[1]
scw/2222/222200680010.001/swg.fits[1]
scw/2222/222200690010.001/swg.fits[1]
scw/2223/222300560010.001/swg.fits[1]
scw/2224/222400800010.001/swg.fits[1]
scw/2224/222400850010.001/swg.fits[1]
scw/2268/226800340010.001/swg.fits[1]
scw/2268/226800430010.001/swg.fits[1]
scw/2268/226800440010.001/swg.fits[1]
scw/2269/226900290010.001/swg.fits[1]
scw/2269/226900300010.001/swg.fits[1]
scw/2269/226900310010.001/swg.fits[1]
scw/2269/226900350010.001/swg.fits[1]
scw/2269/226900360010.001/swg.fits[1]
scw/2298/229800070010.001/swg.fits[1]
scw/2298/229800140010.001/swg.fits[1]
scw/2298/229800150010.001/swg.fits[1]
scw/2298/229800160010.001/swg.fits[1]
scw/2298/229800170010.001/swg.fits[1]
scw/2298/229800210010.001/swg.fits[1]
scw/2298/229800220010.001/swg.fits[1]
scw/2298/229800290010.001/swg.fits[1]
scw/2298/229800300010.001/swg.fits[1]
