scw/0079/007900270010.001/swg.fits[1]
scw/0079/007900280010.001/swg.fits[1]
scw/0079/007900290010.001/swg.fits[1]
scw/0079/007900380010.001/swg.fits[1]
scw/0079/007900480010.001/swg.fits[1]
scw/0079/007900570010.001/swg.fits[1]
scw/0079/007900580010.001/swg.fits[1]
scw/0079/007900590010.001/swg.fits[1]
scw/0079/007900750010.001/swg.fits[1]
scw/0080/008000050010.001/swg.fits[1]
scw/0080/008000050020.001/swg.fits[1]
scw/0080/008000060010.001/swg.fits[1]
scw/0080/008000150010.001/swg.fits[1]
scw/0080/008000250010.001/swg.fits[1]
scw/0080/008000340010.001/swg.fits[1]
scw/0080/008000350010.001/swg.fits[1]
scw/0080/008000360010.001/swg.fits[1]
scw/0181/018100240010.001/swg.fits[1]
scw/0253/025300120010.001/swg.fits[1]
scw/0388/038800030010.001/swg.fits[1]
scw/0397/039700560010.001/swg.fits[1]
scw/0629/062900120010.001/swg.fits[1]
scw/0629/062900130010.001/swg.fits[1]
scw/0630/063000080010.001/swg.fits[1]
scw/0630/063000090010.001/swg.fits[1]
scw/0684/068400560010.001/swg.fits[1]
scw/0741/074100260010.001/swg.fits[1]
scw/0741/074100270010.001/swg.fits[1]
scw/0742/074200300010.001/swg.fits[1]
scw/0742/074200310010.001/swg.fits[1]
scw/0804/080400930010.001/swg.fits[1]
scw/0875/087500140010.001/swg.fits[1]
scw/0875/087500290010.001/swg.fits[1]
scw/0875/087500300010.001/swg.fits[1]
scw/0875/087500360010.001/swg.fits[1]
scw/0875/087500370010.001/swg.fits[1]
scw/0875/087500500010.001/swg.fits[1]
scw/0875/087500510010.001/swg.fits[1]
scw/0875/087500570010.001/swg.fits[1]
scw/0877/087700080010.001/swg.fits[1]
scw/0877/087700150010.001/swg.fits[1]
scw/0877/087700840010.001/swg.fits[1]
scw/0877/087700850010.001/swg.fits[1]
scw/0929/092900370010.001/swg.fits[1]
scw/0929/092900580010.001/swg.fits[1]
scw/0929/092900590010.001/swg.fits[1]
scw/0929/092900600010.001/swg.fits[1]
scw/0929/092900730010.001/swg.fits[1]
scw/0929/092900860010.001/swg.fits[1]
scw/0938/093800350010.001/swg.fits[1]
scw/0938/093800420010.001/swg.fits[1]
scw/0938/093800430010.001/swg.fits[1]
scw/0938/093800490010.001/swg.fits[1]
scw/0938/093800500010.001/swg.fits[1]
scw/0938/093800570010.001/swg.fits[1]
scw/0938/093800640010.001/swg.fits[1]
scw/0938/093800650010.001/swg.fits[1]
scw/0938/093800710010.001/swg.fits[1]
scw/0985/098500220010.001/swg.fits[1]
scw/0985/098500230010.001/swg.fits[1]
scw/0993/099300150010.001/swg.fits[1]
scw/0998/099800160010.001/swg.fits[1]
scw/0998/099800230010.001/swg.fits[1]
scw/0998/099800240010.001/swg.fits[1]
scw/0998/099800320010.001/swg.fits[1]
scw/0998/099800360010.001/swg.fits[1]
scw/0998/099800370010.001/swg.fits[1]
scw/0998/099800380010.001/swg.fits[1]
scw/0998/099800510010.001/swg.fits[1]
scw/0998/099800520010.001/swg.fits[1]
scw/1031/103100340010.001/swg.fits[1]
scw/1031/103100550010.001/swg.fits[1]
scw/1031/103100560010.001/swg.fits[1]
scw/1031/103100570010.001/swg.fits[1]
scw/1031/103100700010.001/swg.fits[1]
scw/1031/103100840010.001/swg.fits[1]
scw/1037/103700490010.001/swg.fits[1]
scw/1037/103700630010.001/swg.fits[1]
scw/1052/105200490010.001/swg.fits[1]
scw/1052/105200500010.001/swg.fits[1]
scw/1052/105200630010.001/swg.fits[1]
scw/1052/105200640010.001/swg.fits[1]
scw/1052/105200650010.001/swg.fits[1]
scw/1052/105200710010.001/swg.fits[1]
scw/1056/105600590010.001/swg.fits[1]
scw/1056/105600600010.001/swg.fits[1]
scw/1056/105600730010.001/swg.fits[1]
scw/1059/105900160010.001/swg.fits[1]
scw/1061/106100300010.001/swg.fits[1]
scw/1119/111900230010.001/swg.fits[1]
scw/1119/111900300010.001/swg.fits[1]
scw/1119/111900360010.001/swg.fits[1]
scw/1119/111900370010.001/swg.fits[1]
scw/1119/111900440010.001/swg.fits[1]
scw/1119/111900500010.001/swg.fits[1]
scw/1119/111900510010.001/swg.fits[1]
scw/1119/111900570010.001/swg.fits[1]
scw/1119/111900580010.001/swg.fits[1]
scw/1119/111900730010.001/swg.fits[1]
scw/1119/111900740010.001/swg.fits[1]
scw/1122/112200200010.001/swg.fits[1]
scw/1122/112200550010.001/swg.fits[1]
scw/1122/112200560010.001/swg.fits[1]
scw/1122/112200700010.001/swg.fits[1]
scw/1122/112200710010.001/swg.fits[1]
scw/1161/116100320010.001/swg.fits[1]
scw/1161/116100330010.001/swg.fits[1]
scw/1161/116100460010.001/swg.fits[1]
scw/1161/116100540010.001/swg.fits[1]
scw/1161/116100550010.001/swg.fits[1]
scw/1161/116100610010.001/swg.fits[1]
scw/1161/116100680010.001/swg.fits[1]
scw/1161/116100750010.001/swg.fits[1]
scw/1161/116100810010.001/swg.fits[1]
scw/1161/116100820010.001/swg.fits[1]
scw/1169/116900630010.001/swg.fits[1]
scw/1174/117400380010.001/swg.fits[1]
scw/1174/117400390010.001/swg.fits[1]
scw/1174/117400590010.001/swg.fits[1]
scw/1178/117800320010.001/swg.fits[1]
scw/1178/117800330010.001/swg.fits[1]
scw/1183/118300440010.001/swg.fits[1]
scw/1183/118300450010.001/swg.fits[1]
scw/1183/118300750010.001/swg.fits[1]
scw/1183/118300790010.001/swg.fits[1]
scw/1183/118300800010.001/swg.fits[1]
scw/1183/118300860010.001/swg.fits[1]
scw/1183/118300930010.001/swg.fits[1]
scw/1183/118300940010.001/swg.fits[1]
scw/1227/122700320010.001/swg.fits[1]
scw/1227/122700330010.001/swg.fits[1]
scw/1227/122700400010.001/swg.fits[1]
scw/1227/122700470010.001/swg.fits[1]
scw/1227/122700530010.001/swg.fits[1]
scw/1227/122700540010.001/swg.fits[1]
scw/1227/122700610010.001/swg.fits[1]
scw/1227/122700670010.001/swg.fits[1]
scw/1227/122700680010.001/swg.fits[1]
scw/1227/122700690010.001/swg.fits[1]
scw/1237/123700230010.001/swg.fits[1]
scw/1237/123700270010.001/swg.fits[1]
scw/1237/123700280010.001/swg.fits[1]
scw/1237/123700290010.001/swg.fits[1]
scw/1237/123700350010.001/swg.fits[1]
scw/1237/123700410010.001/swg.fits[1]
scw/1237/123700420010.001/swg.fits[1]
scw/1237/123700440010.001/swg.fits[1]
scw/1237/123700480010.001/swg.fits[1]
scw/1237/123700690010.001/swg.fits[1]
scw/1237/123700760010.001/swg.fits[1]
scw/1237/123700770010.001/swg.fits[1]
scw/1244/124400040010.001/swg.fits[1]
scw/1244/124400050010.001/swg.fits[1]
scw/1244/124400090010.001/swg.fits[1]
scw/1244/124400250010.001/swg.fits[1]
scw/1244/124400320010.001/swg.fits[1]
scw/1244/124400400010.001/swg.fits[1]
scw/1244/124400410010.001/swg.fits[1]
scw/1244/124400480010.001/swg.fits[1]
scw/1244/124400550010.001/swg.fits[1]
scw/1294/129400110010.001/swg.fits[1]
scw/1296/129600990010.001/swg.fits[1]
scw/1367/136700090010.001/swg.fits[1]
scw/1367/136700170010.001/swg.fits[1]
scw/1367/136700180010.001/swg.fits[1]
scw/1367/136700190010.001/swg.fits[1]
scw/1367/136700390010.001/swg.fits[1]
scw/1367/136700400010.001/swg.fits[1]
scw/1367/136700470010.001/swg.fits[1]
scw/1367/136700480010.001/swg.fits[1]
scw/1367/136700590010.001/swg.fits[1]
scw/1367/136700600010.001/swg.fits[1]
scw/1367/136700670010.001/swg.fits[1]
scw/1367/136700680010.001/swg.fits[1]
scw/1367/136700690010.001/swg.fits[1]
scw/1367/136700700010.001/swg.fits[1]
scw/1368/136800550010.001/swg.fits[1]
scw/1368/136800560010.001/swg.fits[1]
scw/1368/136800630010.001/swg.fits[1]
scw/1368/136800640010.001/swg.fits[1]
scw/1369/136900170010.001/swg.fits[1]
scw/1369/136900260010.001/swg.fits[1]
scw/1369/136900370010.001/swg.fits[1]
scw/1369/136900460010.001/swg.fits[1]
scw/1369/136900470010.001/swg.fits[1]
scw/1369/136900650010.001/swg.fits[1]
scw/1369/136900660010.001/swg.fits[1]
scw/1369/136900670010.001/swg.fits[1]
scw/1411/141100060010.001/swg.fits[1]
scw/1411/141100070010.001/swg.fits[1]
scw/1411/141100080010.001/swg.fits[1]
scw/1411/141100090010.001/swg.fits[1]
scw/1411/141100160010.001/swg.fits[1]
scw/1411/141100170010.001/swg.fits[1]
scw/1411/141100180010.001/swg.fits[1]
scw/1411/141100190010.001/swg.fits[1]
scw/1411/141100570010.001/swg.fits[1]
scw/1411/141100580010.001/swg.fits[1]
scw/1411/141100590010.001/swg.fits[1]
scw/1411/141100650010.001/swg.fits[1]
scw/1411/141100660010.001/swg.fits[1]
scw/1411/141100670010.001/swg.fits[1]
scw/1411/141100680010.001/swg.fits[1]
scw/1411/141100690010.001/swg.fits[1]
scw/1416/141600910010.001/swg.fits[1]
scw/1416/141600920010.001/swg.fits[1]
scw/1416/141600930010.001/swg.fits[1]
scw/1416/141600940010.001/swg.fits[1]
scw/1469/146900990010.001/swg.fits[1]
scw/1469/146901000010.001/swg.fits[1]
scw/1469/146901010010.001/swg.fits[1]
scw/1470/147000020010.001/swg.fits[1]
scw/1470/147000030010.001/swg.fits[1]
scw/1470/147000080010.001/swg.fits[1]
scw/1470/147000090010.001/swg.fits[1]
scw/1470/147000110010.001/swg.fits[1]
scw/1470/147000120010.001/swg.fits[1]
scw/1470/147000130010.001/swg.fits[1]
scw/1471/147100620010.001/swg.fits[1]
scw/1471/147100630010.001/swg.fits[1]
scw/1471/147100640010.001/swg.fits[1]
scw/1471/147100650010.001/swg.fits[1]
scw/1471/147100720010.001/swg.fits[1]
scw/1471/147100740010.001/swg.fits[1]
scw/1471/147100750010.001/swg.fits[1]
scw/1471/147100760010.001/swg.fits[1]
scw/1471/147100820010.001/swg.fits[1]
scw/1477/147700710010.001/swg.fits[1]
scw/1477/147700720010.001/swg.fits[1]
scw/1477/147700790010.001/swg.fits[1]
scw/1477/147700800010.001/swg.fits[1]
scw/1477/147700810010.001/swg.fits[1]
scw/1479/147900510010.001/swg.fits[1]
scw/1479/147900600010.001/swg.fits[1]
scw/1479/147900790010.001/swg.fits[1]
scw/1479/147900810010.001/swg.fits[1]
scw/1481/148100230010.001/swg.fits[1]
scw/1481/148100300010.001/swg.fits[1]
scw/1481/148100310010.001/swg.fits[1]
scw/1481/148100420010.001/swg.fits[1]
scw/1481/148100430010.001/swg.fits[1]
scw/1481/148100500010.001/swg.fits[1]
scw/1481/148100510010.001/swg.fits[1]
scw/1481/148100720010.001/swg.fits[1]
scw/1481/148100810010.001/swg.fits[1]
scw/1482/148200270010.001/swg.fits[1]
scw/1482/148200280010.001/swg.fits[1]
scw/1482/148200290010.001/swg.fits[1]
scw/1482/148200300010.001/swg.fits[1]
scw/1482/148200370010.001/swg.fits[1]
