scw/1793/179300520010.001/swg.fits[1]
scw/1793/179300530010.001/swg.fits[1]
scw/1793/179300660010.001/swg.fits[1]
scw/1793/179300670010.001/swg.fits[1]
scw/1793/179300680010.001/swg.fits[1]
scw/1799/179900460010.001/swg.fits[1]
scw/1799/179900480010.001/swg.fits[1]
scw/1799/179900490010.001/swg.fits[1]
scw/1799/179900640010.001/swg.fits[1]
scw/1799/179900790010.001/swg.fits[1]
scw/1799/179900800010.001/swg.fits[1]
scw/1799/179900810010.001/swg.fits[1]
scw/1802/180200370010.001/swg.fits[1]
scw/1802/180200380010.001/swg.fits[1]
scw/1802/180200390010.001/swg.fits[1]
scw/1802/180200430010.001/swg.fits[1]
scw/1802/180200540010.001/swg.fits[1]
scw/1802/180200550010.001/swg.fits[1]
scw/1802/180200690010.001/swg.fits[1]
scw/1802/180200700010.001/swg.fits[1]
scw/1802/180200710010.001/swg.fits[1]
scw/1802/180200720010.001/swg.fits[1]
scw/1802/180200750010.001/swg.fits[1]
scw/1802/180200860010.001/swg.fits[1]
scw/1802/180200870010.001/swg.fits[1]
scw/1802/180200880010.001/swg.fits[1]
scw/1803/180300110010.001/swg.fits[1]
scw/1803/180300120010.001/swg.fits[1]
scw/1803/180300270010.001/swg.fits[1]
scw/1803/180300280010.001/swg.fits[1]
scw/1803/180300420010.001/swg.fits[1]
scw/1803/180300430010.001/swg.fits[1]
scw/1803/180300440010.001/swg.fits[1]
scw/1803/180300570010.001/swg.fits[1]
scw/1803/180300590010.001/swg.fits[1]
scw/1803/180300600010.001/swg.fits[1]
scw/1871/187100310010.001/swg.fits[1]
scw/1871/187100350010.001/swg.fits[1]
scw/1871/187100360010.001/swg.fits[1]
scw/1871/187100370010.001/swg.fits[1]
scw/1871/187100470010.001/swg.fits[1]
scw/1871/187100500010.001/swg.fits[1]
scw/1871/187100510010.001/swg.fits[1]
scw/1871/187100520010.001/swg.fits[1]
scw/1871/187100530010.001/swg.fits[1]
scw/1871/187100680010.001/swg.fits[1]
scw/1871/187100840010.001/swg.fits[1]
scw/1872/187200430010.001/swg.fits[1]
scw/1872/187200440010.001/swg.fits[1]
scw/1872/187200490010.001/swg.fits[1]
scw/1872/187200500010.001/swg.fits[1]
scw/1875/187500480010.001/swg.fits[1]
scw/1875/187500490010.001/swg.fits[1]
scw/1875/187500510010.001/swg.fits[1]
scw/1875/187500560010.001/swg.fits[1]
scw/1875/187500570010.001/swg.fits[1]
scw/1875/187500710010.001/swg.fits[1]
scw/1875/187500720010.001/swg.fits[1]
scw/1875/187500830010.001/swg.fits[1]
scw/1875/187500860010.001/swg.fits[1]
scw/1875/187500870010.001/swg.fits[1]
scw/1875/187500880010.001/swg.fits[1]
scw/1936/193600570010.001/swg.fits[1]
scw/1936/193600580010.001/swg.fits[1]
scw/1936/193600590010.001/swg.fits[1]
scw/1936/193600600010.001/swg.fits[1]
scw/1936/193600610010.001/swg.fits[1]
scw/1936/193600630010.001/swg.fits[1]
scw/1937/193700520010.001/swg.fits[1]
scw/1937/193700670010.001/swg.fits[1]
scw/1937/193700700010.001/swg.fits[1]
scw/1940/194000510010.001/swg.fits[1]
scw/1940/194000520010.001/swg.fits[1]
scw/1940/194000530010.001/swg.fits[1]
scw/1940/194000540010.001/swg.fits[1]
scw/1940/194000570010.001/swg.fits[1]
scw/1940/194000690010.001/swg.fits[1]
scw/1940/194000700010.001/swg.fits[1]
scw/1940/194000830010.001/swg.fits[1]
scw/1942/194200020010.001/swg.fits[1]
scw/1942/194200030010.001/swg.fits[1]
scw/1942/194200040010.001/swg.fits[1]
scw/1942/194200480010.001/swg.fits[1]
scw/1942/194200490010.001/swg.fits[1]
scw/1942/194200500010.001/swg.fits[1]
scw/1942/194200510010.001/swg.fits[1]
scw/1942/194200640010.001/swg.fits[1]
scw/1942/194200650010.001/swg.fits[1]
scw/1942/194200660010.001/swg.fits[1]
scw/1942/194200670010.001/swg.fits[1]
scw/1942/194200810010.001/swg.fits[1]
scw/1942/194200820010.001/swg.fits[1]
scw/1944/194400050010.001/swg.fits[1]
scw/1944/194400060010.001/swg.fits[1]
scw/1944/194400070010.001/swg.fits[1]
scw/1944/194400200010.001/swg.fits[1]
scw/1944/194400210010.001/swg.fits[1]
scw/1944/194400220010.001/swg.fits[1]
scw/1944/194400230010.001/swg.fits[1]
scw/1945/194500260010.001/swg.fits[1]
scw/1945/194500270010.001/swg.fits[1]
scw/2002/200200400010.001/swg.fits[1]
scw/2002/200200410010.001/swg.fits[1]
scw/2002/200200520010.001/swg.fits[1]
scw/2002/200200570010.001/swg.fits[1]
scw/2002/200200580010.001/swg.fits[1]
scw/2002/200200680010.001/swg.fits[1]
scw/2002/200200720010.001/swg.fits[1]
scw/2002/200200730010.001/swg.fits[1]
scw/2002/200200840010.001/swg.fits[1]
scw/2002/200200880010.001/swg.fits[1]
scw/2002/200200890010.001/swg.fits[1]
scw/2002/200200900010.001/swg.fits[1]
scw/2005/200500350010.001/swg.fits[1]
scw/2005/200500400010.001/swg.fits[1]
scw/2005/200500410010.001/swg.fits[1]
scw/2005/200500560010.001/swg.fits[1]
scw/2005/200500670010.001/swg.fits[1]
scw/2005/200500680010.001/swg.fits[1]
scw/2005/200500700010.001/swg.fits[1]
scw/2005/200500710010.001/swg.fits[1]
scw/2005/200500720010.001/swg.fits[1]
scw/2005/200500730010.001/swg.fits[1]
scw/2005/200500880010.001/swg.fits[1]
scw/2008/200800360010.001/swg.fits[1]
scw/2008/200800400010.001/swg.fits[1]
scw/2008/200800410010.001/swg.fits[1]
scw/2008/200800420010.001/swg.fits[1]
scw/2008/200800520010.001/swg.fits[1]
scw/2008/200800560010.001/swg.fits[1]
scw/2008/200800570010.001/swg.fits[1]
scw/2008/200800680010.001/swg.fits[1]
scw/2008/200800690010.001/swg.fits[1]
scw/2008/200800710010.001/swg.fits[1]
scw/2008/200800720010.001/swg.fits[1]
scw/2008/200800730010.001/swg.fits[1]
scw/2008/200800740010.001/swg.fits[1]
scw/2008/200800840010.001/swg.fits[1]
scw/2008/200800850010.001/swg.fits[1]
scw/2008/200800870010.001/swg.fits[1]
scw/2008/200800880010.001/swg.fits[1]
scw/2008/200800890010.001/swg.fits[1]
scw/2008/200800900010.001/swg.fits[1]
scw/2009/200900410010.001/swg.fits[1]
scw/2009/200900420010.001/swg.fits[1]
scw/2009/200900570010.001/swg.fits[1]
scw/2009/200900580010.001/swg.fits[1]
scw/2009/200900680010.001/swg.fits[1]
scw/2009/200900720010.001/swg.fits[1]
scw/2009/200900730010.001/swg.fits[1]
scw/2009/200900740010.001/swg.fits[1]
scw/2009/200900840010.001/swg.fits[1]
scw/2009/200900870010.001/swg.fits[1]
scw/2009/200900880010.001/swg.fits[1]
scw/2009/200900890010.001/swg.fits[1]
scw/2013/201300350010.001/swg.fits[1]
scw/2013/201300380010.001/swg.fits[1]
scw/2013/201300390010.001/swg.fits[1]
scw/2013/201300400010.001/swg.fits[1]
scw/2013/201300550010.001/swg.fits[1]
scw/2013/201300560010.001/swg.fits[1]
scw/2013/201300670010.001/swg.fits[1]
scw/2013/201300720010.001/swg.fits[1]
scw/2013/201300730010.001/swg.fits[1]
scw/2013/201300830010.001/swg.fits[1]
scw/2013/201300870010.001/swg.fits[1]
scw/2013/201300880010.001/swg.fits[1]
scw/2013/201300890010.001/swg.fits[1]
scw/2014/201400420010.001/swg.fits[1]
scw/2014/201400470010.001/swg.fits[1]
scw/2014/201400480010.001/swg.fits[1]
scw/2014/201400620010.001/swg.fits[1]
scw/2014/201400630010.001/swg.fits[1]
scw/2014/201400640010.001/swg.fits[1]
scw/2067/206700560010.001/swg.fits[1]
scw/2067/206700570010.001/swg.fits[1]
scw/2067/206700580010.001/swg.fits[1]
scw/2067/206700730010.001/swg.fits[1]
scw/2067/206700740010.001/swg.fits[1]
scw/2067/206700750010.001/swg.fits[1]
scw/2067/206700890010.001/swg.fits[1]
scw/2067/206700900010.001/swg.fits[1]
scw/2067/206700910010.001/swg.fits[1]
scw/2068/206800440010.001/swg.fits[1]
scw/2068/206800460010.001/swg.fits[1]
scw/2068/206800470010.001/swg.fits[1]
scw/2068/206800480010.001/swg.fits[1]
scw/2068/206800610010.001/swg.fits[1]
scw/2068/206800620010.001/swg.fits[1]
scw/2068/206800780010.001/swg.fits[1]
scw/2069/206900360010.001/swg.fits[1]
scw/2069/206900380010.001/swg.fits[1]
scw/2069/206900390010.001/swg.fits[1]
scw/2069/206900520010.001/swg.fits[1]
scw/2069/206900530010.001/swg.fits[1]
scw/2069/206900540010.001/swg.fits[1]
scw/2069/206900690010.001/swg.fits[1]
scw/2069/206900700010.001/swg.fits[1]
scw/2069/206900710010.001/swg.fits[1]
scw/2069/206900850010.001/swg.fits[1]
scw/2069/206900860010.001/swg.fits[1]
scw/2069/206900870010.001/swg.fits[1]
scw/2071/207100370010.001/swg.fits[1]
scw/2071/207100390010.001/swg.fits[1]
scw/2071/207100400010.001/swg.fits[1]
scw/2071/207100540010.001/swg.fits[1]
scw/2071/207100550010.001/swg.fits[1]
scw/2071/207100710010.001/swg.fits[1]
scw/2071/207100850010.001/swg.fits[1]
scw/2071/207100870010.001/swg.fits[1]
scw/2071/207100880010.001/swg.fits[1]
scw/2077/207700430010.001/swg.fits[1]
scw/2077/207700440010.001/swg.fits[1]
scw/2077/207700450010.001/swg.fits[1]
scw/2077/207700600010.001/swg.fits[1]
