scw/0338/033800220010.001/swg.fits[1]
scw/0342/034200520010.001/swg.fits[1]
scw/0342/034200530010.001/swg.fits[1]
scw/0342/034200540010.001/swg.fits[1]
scw/0453/045300260010.001/swg.fits[1]
scw/0456/045600270010.001/swg.fits[1]
scw/0456/045600300010.001/swg.fits[1]
scw/0457/045700360010.001/swg.fits[1]
scw/0457/045700390010.001/swg.fits[1]
scw/0570/057000300010.001/swg.fits[1]
scw/0570/057000340010.001/swg.fits[1]
scw/0572/057200160010.001/swg.fits[1]
scw/0572/057200210010.001/swg.fits[1]
scw/0573/057300140010.001/swg.fits[1]
scw/0695/069500270010.001/swg.fits[1]
scw/0695/069500300010.001/swg.fits[1]
scw/0696/069600310010.001/swg.fits[1]
scw/0696/069600340010.001/swg.fits[1]
scw/0698/069800140010.001/swg.fits[1]
scw/0698/069800180010.001/swg.fits[1]
scw/0699/069900260010.001/swg.fits[1]
scw/0700/070000380010.001/swg.fits[1]
scw/0701/070100030010.001/swg.fits[1]
