scw/1446/144600440010.001/swg.fits[1]
scw/1446/144600450010.001/swg.fits[1]
scw/1446/144600530010.001/swg.fits[1]
scw/1446/144600590010.001/swg.fits[1]
scw/1446/144600600010.001/swg.fits[1]
scw/1446/144600610010.001/swg.fits[1]
scw/1446/144600630010.001/swg.fits[1]
scw/1446/144600780010.001/swg.fits[1]
scw/1446/144600790010.001/swg.fits[1]
scw/1446/144600860010.001/swg.fits[1]
scw/1446/144600870010.001/swg.fits[1]
scw/1447/144700070010.001/swg.fits[1]
scw/1447/144700080010.001/swg.fits[1]
scw/1448/144800120010.001/swg.fits[1]
scw/1448/144800170010.001/swg.fits[1]
scw/1448/144800180010.001/swg.fits[1]
scw/1448/144800220010.001/swg.fits[1]
scw/1448/144800230010.001/swg.fits[1]
scw/1448/144800260010.001/swg.fits[1]
scw/1448/144800270010.001/swg.fits[1]
scw/1448/144800280010.001/swg.fits[1]
scw/1448/144800320010.001/swg.fits[1]
scw/1448/144800490010.001/swg.fits[1]
scw/1448/144800510010.001/swg.fits[1]
scw/1448/144800520010.001/swg.fits[1]
scw/1448/144800530010.001/swg.fits[1]
scw/1448/144800580010.001/swg.fits[1]
scw/1448/144800590010.001/swg.fits[1]
scw/1448/144800600010.001/swg.fits[1]
scw/1449/144900590010.001/swg.fits[1]
scw/1449/144900600010.001/swg.fits[1]
scw/1449/144900620010.001/swg.fits[1]
scw/1449/144900630010.001/swg.fits[1]
scw/1449/144900640010.001/swg.fits[1]
scw/1449/144900650010.001/swg.fits[1]
scw/1449/144900700010.001/swg.fits[1]
scw/1449/144900720010.001/swg.fits[1]
scw/1449/144900730010.001/swg.fits[1]
scw/1449/144900740010.001/swg.fits[1]
scw/1449/144900790010.001/swg.fits[1]
scw/1449/144900800010.001/swg.fits[1]
scw/1450/145000100010.001/swg.fits[1]
scw/1450/145000110010.001/swg.fits[1]
scw/1450/145000130010.001/swg.fits[1]
scw/1450/145000140010.001/swg.fits[1]
scw/1450/145000150010.001/swg.fits[1]
scw/1450/145000160010.001/swg.fits[1]
scw/1450/145000320010.001/swg.fits[1]
scw/1450/145000330010.001/swg.fits[1]
scw/1450/145000470010.001/swg.fits[1]
scw/1450/145000490010.001/swg.fits[1]
scw/1450/145000500010.001/swg.fits[1]
scw/1450/145000510010.001/swg.fits[1]
scw/1450/145000570010.001/swg.fits[1]
scw/1450/145000700010.001/swg.fits[1]
scw/1450/145000710010.001/swg.fits[1]
scw/1450/145000720010.001/swg.fits[1]
scw/1450/145000780010.001/swg.fits[1]
scw/1450/145000970010.001/swg.fits[1]
scw/1450/145000980010.001/swg.fits[1]
scw/1450/145000990010.001/swg.fits[1]
scw/1450/145001020010.001/swg.fits[1]
scw/1450/145001030010.001/swg.fits[1]
scw/1451/145100100010.001/swg.fits[1]
scw/1451/145100140010.001/swg.fits[1]
scw/1451/145100150010.001/swg.fits[1]
scw/1451/145100160010.001/swg.fits[1]
scw/1451/145100290010.001/swg.fits[1]
scw/1451/145100310010.001/swg.fits[1]
scw/1451/145100320010.001/swg.fits[1]
scw/1451/145100330010.001/swg.fits[1]
scw/1451/145100380010.001/swg.fits[1]
scw/1451/145100390010.001/swg.fits[1]
scw/1451/145100570010.001/swg.fits[1]
scw/1451/145100580010.001/swg.fits[1]
scw/1451/145100640010.001/swg.fits[1]
scw/1451/145100650010.001/swg.fits[1]
scw/1451/145100660010.001/swg.fits[1]
scw/1451/145100680010.001/swg.fits[1]
scw/1451/145100830010.001/swg.fits[1]
scw/1451/145100910010.001/swg.fits[1]
scw/1451/145100920010.001/swg.fits[1]
scw/1451/145100930010.001/swg.fits[1]
scw/1451/145100940010.001/swg.fits[1]
scw/1453/145300170010.001/swg.fits[1]
scw/1453/145300250010.001/swg.fits[1]
scw/1453/145300260010.001/swg.fits[1]
scw/1453/145300270010.001/swg.fits[1]
scw/1453/145300520010.001/swg.fits[1]
scw/1453/145300530010.001/swg.fits[1]
scw/1453/145300540010.001/swg.fits[1]
scw/1453/145300690010.001/swg.fits[1]
scw/1453/145300790010.001/swg.fits[1]
scw/1454/145400160010.001/swg.fits[1]
scw/1454/145400170010.001/swg.fits[1]
scw/1454/145400180010.001/swg.fits[1]
scw/1454/145400340010.001/swg.fits[1]
scw/1454/145400350010.001/swg.fits[1]
scw/1454/145400380010.001/swg.fits[1]
scw/1454/145400390010.001/swg.fits[1]
scw/1454/145400400010.001/swg.fits[1]
scw/1454/145400600010.001/swg.fits[1]
scw/1454/145400610010.001/swg.fits[1]
scw/1454/145400640010.001/swg.fits[1]
scw/1454/145400650010.001/swg.fits[1]
scw/1455/145500140010.001/swg.fits[1]
scw/1455/145500150010.001/swg.fits[1]
scw/1455/145500160010.001/swg.fits[1]
scw/1455/145500390010.001/swg.fits[1]
scw/1455/145500400010.001/swg.fits[1]
scw/1455/145500410010.001/swg.fits[1]
scw/1455/145500420010.001/swg.fits[1]
scw/1455/145500540010.001/swg.fits[1]
scw/1455/145500550010.001/swg.fits[1]
scw/1455/145500580010.001/swg.fits[1]
scw/1455/145500590010.001/swg.fits[1]
scw/1455/145500600010.001/swg.fits[1]
scw/1455/145500640010.001/swg.fits[1]
scw/1455/145500780010.001/swg.fits[1]
scw/1455/145500790010.001/swg.fits[1]
scw/1455/145500800010.001/swg.fits[1]
scw/1455/145500860010.001/swg.fits[1]
scw/1458/145800170010.001/swg.fits[1]
scw/1458/145800180010.001/swg.fits[1]
scw/1458/145800190010.001/swg.fits[1]
scw/1458/145800350010.001/swg.fits[1]
scw/1458/145800430010.001/swg.fits[1]
scw/1458/145800440010.001/swg.fits[1]
scw/1458/145800450010.001/swg.fits[1]
scw/1458/145800700010.001/swg.fits[1]
scw/1458/145800710010.001/swg.fits[1]
scw/1458/145800870010.001/swg.fits[1]
scw/1458/145800880010.001/swg.fits[1]
scw/1458/145800950010.001/swg.fits[1]
scw/1458/145800960010.001/swg.fits[1]
scw/1460/146000110010.001/swg.fits[1]
scw/1460/146000150010.001/swg.fits[1]
scw/1460/146000160010.001/swg.fits[1]
scw/1460/146000170010.001/swg.fits[1]
scw/1460/146000290010.001/swg.fits[1]
scw/1460/146000300010.001/swg.fits[1]
scw/1460/146000350010.001/swg.fits[1]
scw/1460/146000360010.001/swg.fits[1]
scw/1460/146000400010.001/swg.fits[1]
scw/1460/146000590010.001/swg.fits[1]
scw/1460/146000600010.001/swg.fits[1]
scw/1460/146000670010.001/swg.fits[1]
scw/1460/146000680010.001/swg.fits[1]
scw/1460/146000690010.001/swg.fits[1]
scw/1460/146000850010.001/swg.fits[1]
scw/1460/146000930010.001/swg.fits[1]
scw/1460/146000940010.001/swg.fits[1]
scw/1460/146000950010.001/swg.fits[1]
scw/1464/146400190010.001/swg.fits[1]
scw/1464/146400200010.001/swg.fits[1]
scw/1464/146400210010.001/swg.fits[1]
scw/1464/146400220010.001/swg.fits[1]
scw/1464/146400230010.001/swg.fits[1]
scw/1464/146400540010.001/swg.fits[1]
scw/1464/146400550010.001/swg.fits[1]
scw/1464/146400560010.001/swg.fits[1]
scw/1464/146400570010.001/swg.fits[1]
scw/1464/146400580010.001/swg.fits[1]
scw/1464/146400750010.001/swg.fits[1]
scw/1464/146400790010.001/swg.fits[1]
scw/1464/146400800010.001/swg.fits[1]
scw/1464/146400810010.001/swg.fits[1]
scw/1464/146400910010.001/swg.fits[1]
scw/1464/146400920010.001/swg.fits[1]
scw/1465/146500020010.001/swg.fits[1]
scw/1465/146500060010.001/swg.fits[1]
scw/1465/146500070010.001/swg.fits[1]
scw/1465/146500080010.001/swg.fits[1]
scw/1465/146500120010.001/swg.fits[1]
scw/1465/146500130010.001/swg.fits[1]
scw/1465/146500160010.001/swg.fits[1]
scw/1465/146500170010.001/swg.fits[1]
scw/1465/146500180010.001/swg.fits[1]
scw/1465/146500230010.001/swg.fits[1]
scw/1465/146500410010.001/swg.fits[1]
scw/1465/146500420010.001/swg.fits[1]
scw/1465/146500480010.001/swg.fits[1]
scw/1465/146500490010.001/swg.fits[1]
scw/1465/146500500010.001/swg.fits[1]
scw/1465/146500520010.001/swg.fits[1]
scw/1466/146600300010.001/swg.fits[1]
scw/1466/146600380010.001/swg.fits[1]
scw/1466/146600390010.001/swg.fits[1]
scw/1466/146600400010.001/swg.fits[1]
scw/1466/146600500010.001/swg.fits[1]
scw/1466/146600550010.001/swg.fits[1]
scw/1466/146600560010.001/swg.fits[1]
scw/1467/146700120010.001/swg.fits[1]
scw/1467/146700130010.001/swg.fits[1]
scw/1467/146700160010.001/swg.fits[1]
scw/1467/146700170010.001/swg.fits[1]
scw/1467/146700180010.001/swg.fits[1]
scw/1467/146700220010.001/swg.fits[1]
scw/1467/146700230010.001/swg.fits[1]
scw/1467/146700250010.001/swg.fits[1]
scw/1467/146700260010.001/swg.fits[1]
scw/1467/146700270010.001/swg.fits[1]
scw/1467/146700320010.001/swg.fits[1]
scw/1467/146700330010.001/swg.fits[1]
scw/1467/146700480010.001/swg.fits[1]
scw/1467/146700490010.001/swg.fits[1]
scw/1467/146700520010.001/swg.fits[1]
scw/1467/146700530010.001/swg.fits[1]
scw/1467/146700590010.001/swg.fits[1]
scw/1467/146700750010.001/swg.fits[1]
scw/1467/146700770010.001/swg.fits[1]
scw/1467/146700780010.001/swg.fits[1]
scw/1467/146700790010.001/swg.fits[1]
scw/1467/146700850010.001/swg.fits[1]
scw/1468/146800440010.001/swg.fits[1]
scw/1468/146800450010.001/swg.fits[1]
scw/1468/146800470010.001/swg.fits[1]
scw/1468/146800480010.001/swg.fits[1]
scw/1468/146800490010.001/swg.fits[1]
scw/1468/146800500010.001/swg.fits[1]
scw/1468/146800540010.001/swg.fits[1]
scw/1468/146800550010.001/swg.fits[1]
scw/1468/146800580010.001/swg.fits[1]
scw/1468/146800590010.001/swg.fits[1]
scw/1468/146800600010.001/swg.fits[1]
scw/1468/146800940010.001/swg.fits[1]
scw/1468/146800950010.001/swg.fits[1]
scw/1468/146800960010.001/swg.fits[1]
scw/1468/146800970010.001/swg.fits[1]
scw/1468/146800980010.001/swg.fits[1]
scw/1469/146900170010.001/swg.fits[1]
scw/1469/146900180010.001/swg.fits[1]
scw/1469/146900190010.001/swg.fits[1]
scw/1469/146900200010.001/swg.fits[1]
scw/1469/146900210010.001/swg.fits[1]
scw/1469/146900380010.001/swg.fits[1]
scw/1469/146900390010.001/swg.fits[1]
scw/1469/146900400010.001/swg.fits[1]
scw/1469/146900460010.001/swg.fits[1]
scw/1469/146900640010.001/swg.fits[1]
scw/1469/146900680010.001/swg.fits[1]
scw/1469/146900690010.001/swg.fits[1]
scw/1469/146900700010.001/swg.fits[1]
