scw/0308/030800110010.001/swg.fits[1]
scw/0428/042800620010.001/swg.fits[1]
scw/0922/092200680010.001/swg.fits[1]
scw/0923/092300930010.001/swg.fits[1]
scw/0980/098000410010.001/swg.fits[1]
scw/0980/098000420010.001/swg.fits[1]
scw/1115/111500590010.001/swg.fits[1]
scw/1285/128500300010.001/swg.fits[1]
scw/1285/128500310010.001/swg.fits[1]
scw/1285/128500320010.001/swg.fits[1]
scw/1285/128500420010.001/swg.fits[1]
scw/1285/128500430010.001/swg.fits[1]
scw/1285/128500440010.001/swg.fits[1]
scw/1285/128500650010.001/swg.fits[1]
scw/1285/128500660010.001/swg.fits[1]
scw/1285/128500670010.001/swg.fits[1]
scw/1285/128500770010.001/swg.fits[1]
scw/1285/128500780010.001/swg.fits[1]
scw/1285/128500790010.001/swg.fits[1]
scw/1286/128600110010.001/swg.fits[1]
scw/1286/128600120010.001/swg.fits[1]
scw/1286/128600130010.001/swg.fits[1]
scw/1286/128600230010.001/swg.fits[1]
scw/1286/128600240010.001/swg.fits[1]
scw/1286/128600250010.001/swg.fits[1]
scw/1286/128600460010.001/swg.fits[1]
scw/1286/128600470010.001/swg.fits[1]
scw/1286/128600480010.001/swg.fits[1]
scw/1286/128600580010.001/swg.fits[1]
scw/1286/128600590010.001/swg.fits[1]
scw/1286/128600600010.001/swg.fits[1]
scw/1287/128700140010.001/swg.fits[1]
scw/1287/128700150010.001/swg.fits[1]
scw/1287/128700160010.001/swg.fits[1]
scw/1287/128700260010.001/swg.fits[1]
scw/1287/128700270010.001/swg.fits[1]
scw/1287/128700280010.001/swg.fits[1]
scw/1287/128700490010.001/swg.fits[1]
scw/1287/128700500010.001/swg.fits[1]
scw/1287/128700510010.001/swg.fits[1]
scw/1287/128700610010.001/swg.fits[1]
scw/1287/128700620010.001/swg.fits[1]
scw/1287/128700630010.001/swg.fits[1]
scw/1288/128800410010.001/swg.fits[1]
scw/1288/128800420010.001/swg.fits[1]
scw/1288/128800430010.001/swg.fits[1]
scw/1288/128800530010.001/swg.fits[1]
scw/1288/128800540010.001/swg.fits[1]
scw/1288/128800550010.001/swg.fits[1]
scw/1288/128800760010.001/swg.fits[1]
scw/1288/128800770010.001/swg.fits[1]
scw/1288/128800780010.001/swg.fits[1]
scw/1288/128800880010.001/swg.fits[1]
scw/1288/128800890010.001/swg.fits[1]
scw/1288/128800900010.001/swg.fits[1]
scw/1289/128900110010.001/swg.fits[1]
scw/1289/128900120010.001/swg.fits[1]
scw/1289/128900130010.001/swg.fits[1]
scw/1289/128900230010.001/swg.fits[1]
scw/1289/128900240010.001/swg.fits[1]
scw/1289/128900250010.001/swg.fits[1]
scw/1289/128900460010.001/swg.fits[1]
scw/1289/128900470010.001/swg.fits[1]
scw/1289/128900480010.001/swg.fits[1]
scw/1289/128900580010.001/swg.fits[1]
scw/1289/128900590010.001/swg.fits[1]
scw/1289/128900600010.001/swg.fits[1]
scw/1290/129000400010.001/swg.fits[1]
scw/1290/129000410010.001/swg.fits[1]
scw/1290/129000420010.001/swg.fits[1]
scw/1290/129000520010.001/swg.fits[1]
scw/1290/129000530010.001/swg.fits[1]
scw/1290/129000540010.001/swg.fits[1]
scw/1290/129000750010.001/swg.fits[1]
scw/1290/129000760010.001/swg.fits[1]
scw/1290/129000770010.001/swg.fits[1]
scw/1290/129000870010.001/swg.fits[1]
scw/1290/129000880010.001/swg.fits[1]
scw/1290/129000890010.001/swg.fits[1]
scw/1294/129400510010.001/swg.fits[1]
scw/1294/129400520010.001/swg.fits[1]
scw/1294/129400530010.001/swg.fits[1]
scw/1294/129400630010.001/swg.fits[1]
scw/1294/129400640010.001/swg.fits[1]
scw/1294/129400650010.001/swg.fits[1]
scw/1295/129500120010.001/swg.fits[1]
scw/1295/129500130010.001/swg.fits[1]
scw/1295/129500140010.001/swg.fits[1]
scw/1295/129500240010.001/swg.fits[1]
scw/1295/129500250010.001/swg.fits[1]
scw/1296/129600120010.001/swg.fits[1]
scw/1296/129600130010.001/swg.fits[1]
scw/1296/129600140010.001/swg.fits[1]
scw/1296/129600240010.001/swg.fits[1]
scw/1296/129600250010.001/swg.fits[1]
scw/1296/129600260010.001/swg.fits[1]
scw/1296/129600470010.001/swg.fits[1]
scw/1296/129600480010.001/swg.fits[1]
scw/1296/129600490010.001/swg.fits[1]
scw/1296/129600590010.001/swg.fits[1]
scw/1296/129600600010.001/swg.fits[1]
scw/1296/129600610010.001/swg.fits[1]
scw/1297/129700140010.001/swg.fits[1]
scw/1297/129700150010.001/swg.fits[1]
scw/1297/129700160010.001/swg.fits[1]
scw/1297/129700260010.001/swg.fits[1]
scw/1297/129700270010.001/swg.fits[1]
scw/1297/129700280010.001/swg.fits[1]
scw/1297/129700490010.001/swg.fits[1]
scw/1297/129700500010.001/swg.fits[1]
scw/1297/129700510010.001/swg.fits[1]
scw/1297/129700610010.001/swg.fits[1]
scw/1297/129700620010.001/swg.fits[1]
scw/1297/129700630010.001/swg.fits[1]
scw/1298/129800200010.001/swg.fits[1]
scw/1298/129800210010.001/swg.fits[1]
scw/1298/129800220010.001/swg.fits[1]
scw/1298/129800320010.001/swg.fits[1]
scw/1298/129800330010.001/swg.fits[1]
scw/1298/129800340010.001/swg.fits[1]
scw/1298/129800550010.001/swg.fits[1]
scw/1298/129800560010.001/swg.fits[1]
scw/1298/129800570010.001/swg.fits[1]
scw/1298/129800670010.001/swg.fits[1]
scw/1298/129800680010.001/swg.fits[1]
scw/1298/129800690010.001/swg.fits[1]
scw/1350/135000320010.001/swg.fits[1]
scw/1350/135000330010.001/swg.fits[1]
scw/1350/135000430010.001/swg.fits[1]
scw/1350/135000440010.001/swg.fits[1]
scw/1351/135100620010.001/swg.fits[1]
scw/1351/135100630010.001/swg.fits[1]
scw/1351/135100730010.001/swg.fits[1]
scw/1351/135100740010.001/swg.fits[1]
scw/1352/135200270010.001/swg.fits[1]
scw/1352/135200280010.001/swg.fits[1]
scw/1352/135200380010.001/swg.fits[1]
scw/1352/135200390010.001/swg.fits[1]
scw/1353/135300130010.001/swg.fits[1]
scw/1353/135300140010.001/swg.fits[1]
scw/1353/135300240010.001/swg.fits[1]
scw/1353/135300250010.001/swg.fits[1]
scw/1353/135300480010.001/swg.fits[1]
scw/1353/135300490010.001/swg.fits[1]
scw/1353/135300590010.001/swg.fits[1]
scw/1353/135300600010.001/swg.fits[1]
scw/1354/135400680010.001/swg.fits[1]
scw/1354/135400690010.001/swg.fits[1]
scw/1354/135400790010.001/swg.fits[1]
scw/1354/135400800010.001/swg.fits[1]
scw/1355/135500150010.001/swg.fits[1]
scw/1355/135500160010.001/swg.fits[1]
scw/1355/135500260010.001/swg.fits[1]
scw/1355/135500270010.001/swg.fits[1]
scw/1355/135500500010.001/swg.fits[1]
scw/1355/135500510010.001/swg.fits[1]
scw/1355/135500610010.001/swg.fits[1]
scw/1355/135500620010.001/swg.fits[1]
scw/1356/135600150010.001/swg.fits[1]
scw/1356/135600160010.001/swg.fits[1]
scw/1356/135600260010.001/swg.fits[1]
scw/1356/135600270010.001/swg.fits[1]
scw/1356/135600500010.001/swg.fits[1]
scw/1356/135600510010.001/swg.fits[1]
scw/1356/135600610010.001/swg.fits[1]
scw/1356/135600620010.001/swg.fits[1]
scw/1408/140800090010.001/swg.fits[1]
scw/1408/140800100010.001/swg.fits[1]
scw/1408/140800110010.001/swg.fits[1]
scw/1408/140800210010.001/swg.fits[1]
scw/1408/140800220010.001/swg.fits[1]
scw/1408/140800230010.001/swg.fits[1]
scw/1408/140800340010.001/swg.fits[1]
scw/1408/140800350010.001/swg.fits[1]
scw/1408/140800360010.001/swg.fits[1]
scw/1408/140800460010.001/swg.fits[1]
scw/1408/140800470010.001/swg.fits[1]
scw/1408/140800480010.001/swg.fits[1]
scw/1408/140800590010.001/swg.fits[1]
scw/1408/140800600010.001/swg.fits[1]
scw/1408/140800610010.001/swg.fits[1]
scw/1408/140800710010.001/swg.fits[1]
scw/1408/140800720010.001/swg.fits[1]
scw/1408/140800740010.001/swg.fits[1]
scw/1408/140800850010.001/swg.fits[1]
scw/1408/140800860010.001/swg.fits[1]
scw/1408/140800870010.001/swg.fits[1]
scw/1408/140800970010.001/swg.fits[1]
scw/1408/140800980010.001/swg.fits[1]
scw/1408/140800990010.001/swg.fits[1]
scw/1409/140900060010.001/swg.fits[1]
scw/1409/140900070010.001/swg.fits[1]
scw/1409/140900080010.001/swg.fits[1]
scw/1409/140900180010.001/swg.fits[1]
scw/1409/140900190010.001/swg.fits[1]
scw/1409/140900200010.001/swg.fits[1]
scw/1409/140900310010.001/swg.fits[1]
scw/1409/140900320010.001/swg.fits[1]
scw/1409/140900330010.001/swg.fits[1]
scw/1409/140900430010.001/swg.fits[1]
scw/1409/140900440010.001/swg.fits[1]
