scw/0266/026600970010.001/swg.fits[1]
scw/0266/026600980010.001/swg.fits[1]
scw/0266/026601080010.001/swg.fits[1]
scw/0266/026601090010.001/swg.fits[1]
scw/0268/026800700010.001/swg.fits[1]
scw/0268/026800710010.001/swg.fits[1]
scw/0268/026800720010.001/swg.fits[1]
scw/0268/026800810010.001/swg.fits[1]
scw/0268/026800900010.001/swg.fits[1]
scw/0268/026800910010.001/swg.fits[1]
scw/0269/026900220010.001/swg.fits[1]
scw/0269/026900310010.001/swg.fits[1]
scw/0269/026900320010.001/swg.fits[1]
scw/0269/026900600010.001/swg.fits[1]
scw/0269/026900610010.001/swg.fits[1]
scw/0269/026900620010.001/swg.fits[1]
scw/0269/026900630010.001/swg.fits[1]
scw/0269/026900720010.001/swg.fits[1]
scw/0269/026900730010.001/swg.fits[1]
scw/0269/026900800010.001/swg.fits[1]
scw/0269/026900810010.001/swg.fits[1]
scw/0269/026900820010.001/swg.fits[1]
scw/0269/026900830010.001/swg.fits[1]
scw/0319/031900040010.001/swg.fits[1]
scw/0323/032300030010.001/swg.fits[1]
scw/0340/034000410010.001/swg.fits[1]
scw/0384/038400470010.001/swg.fits[1]
scw/0384/038400480010.001/swg.fits[1]
scw/0384/038400490010.001/swg.fits[1]
scw/0384/038400500010.001/swg.fits[1]
scw/0384/038400510010.001/swg.fits[1]
scw/0384/038400520010.001/swg.fits[1]
scw/0384/038400570010.001/swg.fits[1]
scw/0384/038400580010.001/swg.fits[1]
scw/0384/038400610010.001/swg.fits[1]
scw/0384/038400620010.001/swg.fits[1]
scw/0384/038400970010.001/swg.fits[1]
scw/0384/038400980010.001/swg.fits[1]
scw/0384/038400990010.001/swg.fits[1]
scw/0384/038401000010.001/swg.fits[1]
scw/0384/038401010010.001/swg.fits[1]
scw/0384/038401020010.001/swg.fits[1]
scw/0384/038401070010.001/swg.fits[1]
scw/0384/038401080010.001/swg.fits[1]
scw/0384/038401110010.001/swg.fits[1]
scw/0384/038401120010.001/swg.fits[1]
scw/0385/038500470010.001/swg.fits[1]
scw/0385/038500480010.001/swg.fits[1]
scw/0385/038500530010.001/swg.fits[1]
scw/0385/038500540010.001/swg.fits[1]
scw/0385/038500550010.001/swg.fits[1]
scw/0385/038500560010.001/swg.fits[1]
scw/0385/038500570010.001/swg.fits[1]
scw/0385/038500580010.001/swg.fits[1]
scw/0385/038500820010.001/swg.fits[1]
scw/0385/038500830010.001/swg.fits[1]
scw/0385/038500870010.001/swg.fits[1]
scw/0386/038600200010.001/swg.fits[1]
scw/0386/038600210010.001/swg.fits[1]
scw/0386/038600220010.001/swg.fits[1]
scw/0386/038600230010.001/swg.fits[1]
scw/0386/038600300010.001/swg.fits[1]
scw/0386/038600310010.001/swg.fits[1]
scw/0386/038600320010.001/swg.fits[1]
scw/0386/038600330010.001/swg.fits[1]
scw/0387/038700250010.001/swg.fits[1]
scw/0387/038700260010.001/swg.fits[1]
scw/0387/038700330010.001/swg.fits[1]
scw/0387/038700340010.001/swg.fits[1]
scw/0388/038800110010.001/swg.fits[1]
scw/0388/038800210010.001/swg.fits[1]
scw/0388/038800220010.001/swg.fits[1]
scw/0388/038800230010.001/swg.fits[1]
scw/0388/038800240010.001/swg.fits[1]
scw/0388/038800250010.001/swg.fits[1]
scw/0388/038800260010.001/swg.fits[1]
scw/0388/038800320010.001/swg.fits[1]
scw/0388/038800330010.001/swg.fits[1]
scw/0388/038800340010.001/swg.fits[1]
scw/0388/038800350010.001/swg.fits[1]
scw/0389/038900090010.001/swg.fits[1]
scw/0389/038900100010.001/swg.fits[1]
scw/0389/038900110010.001/swg.fits[1]
scw/0389/038900180010.001/swg.fits[1]
scw/0389/038900190010.001/swg.fits[1]
scw/0389/038900200010.001/swg.fits[1]
scw/0389/038900210010.001/swg.fits[1]
scw/0389/038900580010.001/swg.fits[1]
scw/0389/038900590010.001/swg.fits[1]
scw/0389/038900590020.001/swg.fits[1]
scw/0390/039000010010.001/swg.fits[1]
scw/0390/039000020010.001/swg.fits[1]
scw/0390/039000090010.001/swg.fits[1]
scw/0390/039000100010.001/swg.fits[1]
scw/0390/039000110010.001/swg.fits[1]
scw/0390/039000120010.001/swg.fits[1]
scw/0390/039000130010.001/swg.fits[1]
scw/0390/039000410010.001/swg.fits[1]
scw/0390/039000490010.001/swg.fits[1]
scw/0390/039000500010.001/swg.fits[1]
scw/0390/039000510010.001/swg.fits[1]
scw/0390/039000520010.001/swg.fits[1]
scw/0390/039000580010.001/swg.fits[1]
scw/0391/039100140010.001/swg.fits[1]
scw/0391/039100150010.001/swg.fits[1]
scw/0391/039100170010.001/swg.fits[1]
scw/0391/039100180010.001/swg.fits[1]
scw/0391/039100250010.001/swg.fits[1]
scw/0391/039100540010.001/swg.fits[1]
scw/0391/039100550010.001/swg.fits[1]
scw/0391/039100560010.001/swg.fits[1]
scw/0391/039100570010.001/swg.fits[1]
scw/0392/039200020010.001/swg.fits[1]
scw/0392/039200030010.001/swg.fits[1]
scw/0392/039200040010.001/swg.fits[1]
scw/0392/039200050010.001/swg.fits[1]
scw/0392/039200340010.001/swg.fits[1]
scw/0392/039200420010.001/swg.fits[1]
scw/0392/039200430010.001/swg.fits[1]
scw/0392/039200440010.001/swg.fits[1]
scw/0392/039200450010.001/swg.fits[1]
scw/0392/039200530010.001/swg.fits[1]
scw/0392/039200540010.001/swg.fits[1]
scw/0392/039200550010.001/swg.fits[1]
scw/0393/039300320010.001/swg.fits[1]
scw/0393/039300330010.001/swg.fits[1]
scw/0393/039300340010.001/swg.fits[1]
scw/0393/039300420010.001/swg.fits[1]
scw/0393/039300430010.001/swg.fits[1]
scw/0393/039300440010.001/swg.fits[1]
scw/0393/039300450010.001/swg.fits[1]
scw/0394/039400150010.001/swg.fits[1]
scw/0394/039400230010.001/swg.fits[1]
scw/0394/039400240010.001/swg.fits[1]
scw/0394/039400250010.001/swg.fits[1]
scw/0394/039400340010.001/swg.fits[1]
scw/0394/039400350010.001/swg.fits[1]
scw/0394/039400350020.001/swg.fits[1]
scw/0394/039400400010.001/swg.fits[1]
scw/0394/039400480010.001/swg.fits[1]
scw/0395/039500320010.001/swg.fits[1]
scw/0395/039500330010.001/swg.fits[1]
scw/0395/039500410010.001/swg.fits[1]
scw/0395/039500420010.001/swg.fits[1]
scw/0395/039500430010.001/swg.fits[1]
scw/0395/039500440010.001/swg.fits[1]
scw/0395/039500510010.001/swg.fits[1]
scw/0395/039500520010.001/swg.fits[1]
scw/0412/041200070010.001/swg.fits[1]
scw/0460/046000050010.001/swg.fits[1]
scw/0466/046600060010.001/swg.fits[1]
scw/0466/046600150010.001/swg.fits[1]
scw/0466/046600350010.001/swg.fits[1]
scw/0466/046600360010.001/swg.fits[1]
scw/0466/046600450010.001/swg.fits[1]
scw/0466/046600550010.001/swg.fits[1]
scw/0883/088300210010.001/swg.fits[1]
scw/0883/088300220010.001/swg.fits[1]
scw/0883/088300230010.001/swg.fits[1]
scw/0883/088300310010.001/swg.fits[1]
scw/0883/088300320010.001/swg.fits[1]
scw/0884/088400090010.001/swg.fits[1]
scw/0884/088400180010.001/swg.fits[1]
scw/0884/088400580010.001/swg.fits[1]
scw/0884/088400590010.001/swg.fits[1]
scw/0884/088400600010.001/swg.fits[1]
scw/0885/088500110010.001/swg.fits[1]
scw/0885/088500120010.001/swg.fits[1]
scw/0885/088500130010.001/swg.fits[1]
scw/0885/088500140010.001/swg.fits[1]
scw/0885/088500200010.001/swg.fits[1]
scw/0885/088500210010.001/swg.fits[1]
scw/0885/088500320010.001/swg.fits[1]
scw/0885/088500330010.001/swg.fits[1]
scw/0885/088500400010.001/swg.fits[1]
scw/0885/088500410010.001/swg.fits[1]
scw/0885/088500420010.001/swg.fits[1]
scw/0885/088500620010.001/swg.fits[1]
scw/0885/088500630010.001/swg.fits[1]
scw/0886/088600450010.001/swg.fits[1]
scw/0886/088600460010.001/swg.fits[1]
scw/0886/088600570010.001/swg.fits[1]
scw/0886/088600650010.001/swg.fits[1]
scw/0886/088600660010.001/swg.fits[1]
scw/0886/088600670010.001/swg.fits[1]
scw/0888/088800870010.001/swg.fits[1]
scw/0888/088800890010.001/swg.fits[1]
scw/0889/088900810010.001/swg.fits[1]
scw/0889/088900820010.001/swg.fits[1]
scw/0889/088900880010.001/swg.fits[1]
scw/0957/095700180010.001/swg.fits[1]
scw/0957/095700290010.001/swg.fits[1]
scw/0957/095700590010.001/swg.fits[1]
scw/0998/099800900010.001/swg.fits[1]
scw/0998/099800910010.001/swg.fits[1]
scw/0999/099900090010.001/swg.fits[1]
scw/0999/099900100010.001/swg.fits[1]
scw/0999/099900110010.001/swg.fits[1]
scw/0999/099900180010.001/swg.fits[1]
scw/0999/099900190010.001/swg.fits[1]
scw/1002/100200100010.001/swg.fits[1]
scw/1002/100200110010.001/swg.fits[1]
scw/1002/100200180010.001/swg.fits[1]
scw/1002/100200190010.001/swg.fits[1]
scw/1002/100200210010.001/swg.fits[1]
scw/1002/100200300010.001/swg.fits[1]
