scw/1085/108500440010.001/swg.fits[1]
scw/1085/108500450010.001/swg.fits[1]
scw/1087/108700100010.001/swg.fits[1]
scw/1087/108700410010.001/swg.fits[1]
scw/1087/108700500010.001/swg.fits[1]
scw/1087/108700510010.001/swg.fits[1]
scw/1087/108700600010.001/swg.fits[1]
scw/1088/108800230010.001/swg.fits[1]
scw/1088/108800240010.001/swg.fits[1]
scw/1088/108800330010.001/swg.fits[1]
scw/1097/109700040010.001/swg.fits[1]
scw/1097/109700130010.001/swg.fits[1]
scw/1097/109700530010.001/swg.fits[1]
scw/1097/109700540010.001/swg.fits[1]
scw/1098/109800480010.001/swg.fits[1]
scw/1098/109800490010.001/swg.fits[1]
scw/1098/109800500010.001/swg.fits[1]
scw/1099/109900320010.001/swg.fits[1]
scw/1099/109900330010.001/swg.fits[1]
scw/1100/110000220010.001/swg.fits[1]
scw/1100/110000230010.001/swg.fits[1]
scw/1101/110100020010.001/swg.fits[1]
scw/1101/110100030010.001/swg.fits[1]
scw/1101/110100050010.001/swg.fits[1]
scw/1101/110100520010.001/swg.fits[1]
scw/1102/110200100010.001/swg.fits[1]
scw/1102/110200600010.001/swg.fits[1]
scw/1103/110300520010.001/swg.fits[1]
scw/1104/110400440010.001/swg.fits[1]
scw/1105/110500260010.001/swg.fits[1]
scw/1106/110600140010.001/swg.fits[1]
scw/1106/110600630010.001/swg.fits[1]
scw/1106/110600640010.001/swg.fits[1]
scw/1106/110600670010.001/swg.fits[1]
scw/1108/110800430010.001/swg.fits[1]
scw/1109/110900320010.001/swg.fits[1]
scw/1111/111100030010.001/swg.fits[1]
scw/1111/111100470010.001/swg.fits[1]
scw/1111/111100480010.001/swg.fits[1]
