scw/0385/038500250010.001/swg.fits[1]
scw/0385/038500260010.001/swg.fits[1]
scw/0388/038800090010.001/swg.fits[1]
scw/0397/039700620010.001/swg.fits[1]
scw/0883/088300020010.001/swg.fits[1]
scw/0883/088300520010.001/swg.fits[1]
scw/0884/088400390010.001/swg.fits[1]
scw/1007/100700530010.001/swg.fits[1]
scw/1007/100700540010.001/swg.fits[1]
scw/1059/105900220010.001/swg.fits[1]
scw/1061/106100360010.001/swg.fits[1]
scw/1066/106600280010.001/swg.fits[1]
scw/1127/112700170010.001/swg.fits[1]
scw/1189/118900080010.001/swg.fits[1]
scw/1437/143700610010.001/swg.fits[1]
scw/1614/161400100010.001/swg.fits[1]
scw/1614/161400110010.001/swg.fits[1]
scw/1693/169300200010.001/swg.fits[1]
scw/1695/169500490010.001/swg.fits[1]
scw/1695/169500500010.001/swg.fits[1]
scw/1696/169600490010.001/swg.fits[1]
scw/1696/169600500010.001/swg.fits[1]
scw/1834/183400130010.001/swg.fits[1]
scw/1834/183400140010.001/swg.fits[1]
scw/1835/183500120010.001/swg.fits[1]
scw/1836/183600100010.001/swg.fits[1]
scw/1837/183700090010.001/swg.fits[1]
scw/2077/207700740010.001/swg.fits[1]
scw/2077/207700820010.001/swg.fits[1]
scw/2077/207700830010.001/swg.fits[1]
scw/2100/210000380010.001/swg.fits[1]
scw/2100/210000470010.001/swg.fits[1]
scw/2102/210200490010.001/swg.fits[1]
scw/2103/210300510010.001/swg.fits[1]
scw/2103/210300510020.001/swg.fits[1]
scw/2104/210400050010.001/swg.fits[1]
scw/2104/210400060010.001/swg.fits[1]
scw/2104/210400460010.001/swg.fits[1]
scw/2106/210600060010.001/swg.fits[1]
scw/2107/210700080010.001/swg.fits[1]
scw/2107/210700090010.001/swg.fits[1]
scw/2108/210800180010.001/swg.fits[1]
scw/2108/210800190010.001/swg.fits[1]
scw/2171/217100320010.001/swg.fits[1]
scw/2171/217100410010.001/swg.fits[1]
scw/2176/217600720010.001/swg.fits[1]
scw/2176/217600770010.001/swg.fits[1]
scw/2177/217700500010.001/swg.fits[1]
scw/2180/218000350010.001/swg.fits[1]
scw/2180/218000360010.001/swg.fits[1]
scw/2181/218100330010.001/swg.fits[1]
scw/2310/231000040010.001/swg.fits[1]
scw/2310/231000130010.001/swg.fits[1]
scw/2312/231200040010.001/swg.fits[1]
scw/2315/231500020010.001/swg.fits[1]
scw/2315/231500110010.001/swg.fits[1]
scw/2316/231600020010.001/swg.fits[1]
scw/2322/232200300010.001/swg.fits[1]
scw/2393/239300260010.001/swg.fits[1]
scw/2461/246100590010.001/swg.fits[1]
