scw/0521/052100070010.001/swg.fits[1]
scw/0521/052100210010.001/swg.fits[1]
scw/0521/052100220010.001/swg.fits[1]
scw/0521/052100280010.001/swg.fits[1]
scw/0521/052100350010.001/swg.fits[1]
scw/0521/052100420010.001/swg.fits[1]
scw/0521/052100490010.001/swg.fits[1]
scw/0522/052200020010.001/swg.fits[1]
scw/0522/052200080010.001/swg.fits[1]
scw/0522/052200120010.001/swg.fits[1]
scw/0522/052200300010.001/swg.fits[1]
scw/0522/052200370010.001/swg.fits[1]
scw/0522/052200510010.001/swg.fits[1]
scw/0522/052200520010.001/swg.fits[1]
scw/0561/056100080010.001/swg.fits[1]
scw/0561/056100140010.001/swg.fits[1]
scw/0561/056100290010.001/swg.fits[1]
scw/0561/056100360010.001/swg.fits[1]
scw/0561/056100430010.001/swg.fits[1]
scw/0561/056100490010.001/swg.fits[1]
scw/0562/056200290010.001/swg.fits[1]
scw/0562/056200360010.001/swg.fits[1]
scw/0562/056200510010.001/swg.fits[1]
scw/0562/056200580010.001/swg.fits[1]
scw/0562/056200590010.001/swg.fits[1]
scw/0562/056200640010.001/swg.fits[1]
scw/0563/056300060010.001/swg.fits[1]
scw/0563/056300120010.001/swg.fits[1]
scw/0563/056300200010.001/swg.fits[1]
scw/0634/063400050010.001/swg.fits[1]
scw/0634/063400120010.001/swg.fits[1]
scw/0634/063400190010.001/swg.fits[1]
scw/0634/063400400010.001/swg.fits[1]
scw/0634/063400470010.001/swg.fits[1]
scw/0634/063400540010.001/swg.fits[1]
scw/0636/063600090010.001/swg.fits[1]
scw/0636/063600100010.001/swg.fits[1]
scw/0636/063600160010.001/swg.fits[1]
scw/0636/063600200010.001/swg.fits[1]
scw/0636/063600220010.001/swg.fits[1]
scw/0636/063600440010.001/swg.fits[1]
scw/0636/063600510010.001/swg.fits[1]
scw/0809/080900590010.001/swg.fits[1]
scw/0810/081000070010.001/swg.fits[1]
scw/0810/081000370010.001/swg.fits[1]
scw/0810/081000590010.001/swg.fits[1]
scw/0811/081100230010.001/swg.fits[1]
scw/0811/081100400010.001/swg.fits[1]
scw/0811/081100520010.001/swg.fits[1]
scw/1047/104700080010.001/swg.fits[1]
scw/1047/104700140010.001/swg.fits[1]
scw/1047/104700290010.001/swg.fits[1]
scw/1047/104700360010.001/swg.fits[1]
scw/1047/104700420010.001/swg.fits[1]
scw/1047/104700490010.001/swg.fits[1]
scw/1047/104700570010.001/swg.fits[1]
scw/1057/105700350010.001/swg.fits[1]
scw/1057/105700590010.001/swg.fits[1]
scw/1057/105700640010.001/swg.fits[1]
scw/1113/111300110010.001/swg.fits[1]
scw/1113/111300180010.001/swg.fits[1]
scw/1113/111300310010.001/swg.fits[1]
scw/1113/111300380010.001/swg.fits[1]
scw/1113/111300530010.001/swg.fits[1]
scw/1113/111300600010.001/swg.fits[1]
scw/1117/111700360010.001/swg.fits[1]
scw/1117/111700430010.001/swg.fits[1]
scw/1117/111700470010.001/swg.fits[1]
scw/1117/111700490010.001/swg.fits[1]
scw/1117/111700560010.001/swg.fits[1]
scw/1118/111800040010.001/swg.fits[1]
scw/1118/111800190010.001/swg.fits[1]
scw/1118/111800260010.001/swg.fits[1]
scw/1118/111800330010.001/swg.fits[1]
scw/1118/111800370010.001/swg.fits[1]
scw/1118/111800390010.001/swg.fits[1]
scw/1170/117000100010.001/swg.fits[1]
scw/1170/117000170010.001/swg.fits[1]
scw/1170/117000470010.001/swg.fits[1]
scw/1179/117900050010.001/swg.fits[1]
scw/1179/117900280010.001/swg.fits[1]
scw/1179/117900470010.001/swg.fits[1]
scw/1179/117900550010.001/swg.fits[1]
scw/1232/123200100010.001/swg.fits[1]
scw/1232/123200170010.001/swg.fits[1]
scw/1232/123200400010.001/swg.fits[1]
scw/1232/123200570010.001/swg.fits[1]
scw/1232/123200600010.001/swg.fits[1]
scw/1240/124000600010.001/swg.fits[1]
scw/2311/231100560010.001/swg.fits[1]
