scw/0799/079900290010.001/swg.fits[1]
scw/0918/091800490010.001/swg.fits[1]
scw/0918/091800490020.001/swg.fits[1]
scw/0918/091800490030.001/swg.fits[1]
scw/0918/091800500010.001/swg.fits[1]
scw/0924/092400260010.001/swg.fits[1]
scw/0924/092400260020.001/swg.fits[1]
scw/0924/092400260030.001/swg.fits[1]
scw/0924/092400270010.001/swg.fits[1]
scw/1038/103800740010.001/swg.fits[1]
scw/1038/103800740020.001/swg.fits[1]
scw/1038/103800740030.001/swg.fits[1]
scw/1038/103800750010.001/swg.fits[1]
scw/1044/104400150010.001/swg.fits[1]
scw/1101/110100630010.001/swg.fits[1]
scw/1101/110100630020.001/swg.fits[1]
scw/1101/110100630030.001/swg.fits[1]
scw/1101/110100640010.001/swg.fits[1]
scw/1746/174600400010.001/swg.fits[1]
scw/1746/174600500010.001/swg.fits[1]
scw/1747/174700410010.001/swg.fits[1]
scw/1747/174700410020.001/swg.fits[1]
scw/1747/174700410030.001/swg.fits[1]
scw/1747/174700420010.001/swg.fits[1]
scw/1811/181100230010.001/swg.fits[1]
scw/1811/181100330010.001/swg.fits[1]
scw/1880/188000280010.001/swg.fits[1]
scw/1880/188000380010.001/swg.fits[1]
scw/1939/193900190010.001/swg.fits[1]
scw/1939/193900240010.001/swg.fits[1]
scw/1939/193900260010.001/swg.fits[1]
scw/1939/193900290010.001/swg.fits[1]
scw/2020/202000860010.001/swg.fits[1]
scw/2020/202000960010.001/swg.fits[1]
scw/2020/202000960020.001/swg.fits[1]
scw/2090/209000280010.001/swg.fits[1]
scw/2090/209000380010.001/swg.fits[1]
scw/2154/215400850010.001/swg.fits[1]
scw/2154/215400950010.001/swg.fits[1]
scw/2218/221800640010.001/swg.fits[1]
scw/2218/221800740010.001/swg.fits[1]
