scw/1185/118500400010.001/swg.fits[1]
scw/1185/118500450010.001/swg.fits[1]
scw/1185/118500460010.001/swg.fits[1]
scw/1186/118600090010.001/swg.fits[1]
scw/1186/118600100010.001/swg.fits[1]
scw/1186/118600110010.001/swg.fits[1]
scw/1186/118600140010.001/swg.fits[1]
scw/1186/118600150010.001/swg.fits[1]
scw/1186/118600160010.001/swg.fits[1]
scw/1186/118600350010.001/swg.fits[1]
scw/1186/118600360010.001/swg.fits[1]
scw/1186/118600400010.001/swg.fits[1]
scw/1187/118700090010.001/swg.fits[1]
scw/1187/118700100010.001/swg.fits[1]
scw/1187/118700130010.001/swg.fits[1]
scw/1187/118700140010.001/swg.fits[1]
scw/1187/118700150010.001/swg.fits[1]
scw/1187/118700280010.001/swg.fits[1]
scw/1187/118700290010.001/swg.fits[1]
scw/1187/118700330010.001/swg.fits[1]
scw/1187/118700340010.001/swg.fits[1]
scw/1187/118700350010.001/swg.fits[1]
scw/1188/118800320010.001/swg.fits[1]
scw/1188/118800330010.001/swg.fits[1]
scw/1188/118800360010.001/swg.fits[1]
scw/1188/118800370010.001/swg.fits[1]
scw/1188/118800610010.001/swg.fits[1]
scw/1188/118800620010.001/swg.fits[1]
scw/1188/118800630010.001/swg.fits[1]
scw/1189/118900290010.001/swg.fits[1]
scw/1189/118900300010.001/swg.fits[1]
scw/1189/118900310010.001/swg.fits[1]
scw/1189/118900500010.001/swg.fits[1]
scw/1189/118900510010.001/swg.fits[1]
scw/1189/118900540010.001/swg.fits[1]
scw/1189/118900550010.001/swg.fits[1]
scw/1189/118900690010.001/swg.fits[1]
scw/1190/119000230010.001/swg.fits[1]
scw/1190/119000280010.001/swg.fits[1]
scw/1190/119000290010.001/swg.fits[1]
scw/1190/119000520010.001/swg.fits[1]
scw/1190/119000530010.001/swg.fits[1]
scw/1190/119000540010.001/swg.fits[1]
scw/1190/119000570010.001/swg.fits[1]
scw/1190/119000580010.001/swg.fits[1]
scw/1190/119000590010.001/swg.fits[1]
scw/1192/119200320010.001/swg.fits[1]
scw/1192/119200330010.001/swg.fits[1]
scw/1192/119200340010.001/swg.fits[1]
scw/1192/119200380010.001/swg.fits[1]
scw/1192/119200390010.001/swg.fits[1]
scw/1192/119200570010.001/swg.fits[1]
scw/1192/119200580010.001/swg.fits[1]
scw/1192/119200620010.001/swg.fits[1]
scw/1192/119200630010.001/swg.fits[1]
scw/1192/119200640010.001/swg.fits[1]
scw/1194/119400860010.001/swg.fits[1]
scw/1194/119400920010.001/swg.fits[1]
scw/1194/119400930010.001/swg.fits[1]
scw/1195/119500470010.001/swg.fits[1]
scw/1195/119500660010.001/swg.fits[1]
scw/1195/119500670010.001/swg.fits[1]
scw/1195/119500710010.001/swg.fits[1]
scw/1195/119500720010.001/swg.fits[1]
scw/1195/119500730010.001/swg.fits[1]
scw/1196/119600810010.001/swg.fits[1]
scw/1196/119600820010.001/swg.fits[1]
scw/1196/119600880010.001/swg.fits[1]
scw/1197/119700250010.001/swg.fits[1]
scw/1197/119700260010.001/swg.fits[1]
scw/1197/119700310010.001/swg.fits[1]
scw/1197/119700320010.001/swg.fits[1]
scw/1197/119700500010.001/swg.fits[1]
scw/1198/119800010010.001/swg.fits[1]
scw/1198/119800020010.001/swg.fits[1]
scw/1198/119800060010.001/swg.fits[1]
scw/1199/119900080010.001/swg.fits[1]
scw/1199/119900090010.001/swg.fits[1]
scw/1199/119900100010.001/swg.fits[1]
scw/1245/124500310010.001/swg.fits[1]
scw/1245/124500360010.001/swg.fits[1]
scw/1245/124500370010.001/swg.fits[1]
scw/1245/124500400010.001/swg.fits[1]
scw/1246/124600040010.001/swg.fits[1]
scw/1246/124600050010.001/swg.fits[1]
scw/1246/124600100010.001/swg.fits[1]
scw/1246/124600110010.001/swg.fits[1]
scw/1246/124600260010.001/swg.fits[1]
scw/1246/124600290010.001/swg.fits[1]
scw/1246/124600300010.001/swg.fits[1]
scw/1246/124600310010.001/swg.fits[1]
scw/1247/124700380010.001/swg.fits[1]
scw/1247/124700390010.001/swg.fits[1]
scw/1247/124700420010.001/swg.fits[1]
scw/1247/124700430010.001/swg.fits[1]
scw/1247/124700630010.001/swg.fits[1]
scw/1247/124700640010.001/swg.fits[1]
scw/1247/124700670010.001/swg.fits[1]
scw/1247/124700680010.001/swg.fits[1]
scw/1248/124800190010.001/swg.fits[1]
scw/1248/124800200010.001/swg.fits[1]
scw/1248/124800210010.001/swg.fits[1]
scw/1248/124800240010.001/swg.fits[1]
scw/1248/124800250010.001/swg.fits[1]
scw/1248/124800260010.001/swg.fits[1]
scw/1285/128500920010.001/swg.fits[1]
scw/1285/128500930010.001/swg.fits[1]
scw/1285/128500970010.001/swg.fits[1]
scw/1286/128600750010.001/swg.fits[1]
scw/1287/128700750010.001/swg.fits[1]
scw/1287/128700780010.001/swg.fits[1]
scw/1287/128700790010.001/swg.fits[1]
scw/1288/128800270010.001/swg.fits[1]
scw/1289/128900730010.001/swg.fits[1]
scw/1289/128900740010.001/swg.fits[1]
scw/1289/128900750010.001/swg.fits[1]
scw/1289/128900790010.001/swg.fits[1]
scw/1293/129300080010.001/swg.fits[1]
scw/1293/129300090010.001/swg.fits[1]
scw/1293/129300140010.001/swg.fits[1]
scw/1293/129300150010.001/swg.fits[1]
scw/1293/129300340010.001/swg.fits[1]
scw/1293/129300380010.001/swg.fits[1]
scw/1293/129300390010.001/swg.fits[1]
scw/1293/129300400010.001/swg.fits[1]
scw/1293/129300440010.001/swg.fits[1]
scw/1294/129400820010.001/swg.fits[1]
scw/1297/129700960010.001/swg.fits[1]
scw/1297/129700970010.001/swg.fits[1]
scw/1298/129800020010.001/swg.fits[1]
scw/1298/129800030010.001/swg.fits[1]
scw/1298/129800080010.001/swg.fits[1]
scw/1299/129900410010.001/swg.fits[1]
scw/1299/129900450020.001/swg.fits[1]
scw/1299/129900460010.001/swg.fits[1]
scw/1299/129900470010.001/swg.fits[1]
scw/1299/129900660010.001/swg.fits[1]
scw/1300/130000190010.001/swg.fits[1]
scw/1300/130000200010.001/swg.fits[1]
scw/1300/130000210010.001/swg.fits[1]
scw/1300/130000390010.001/swg.fits[1]
scw/1300/130000400010.001/swg.fits[1]
scw/1300/130000450010.001/swg.fits[1]
scw/1300/130000460010.001/swg.fits[1]
scw/1301/130100060010.001/swg.fits[1]
scw/1301/130100090010.001/swg.fits[1]
scw/1301/130100100010.001/swg.fits[1]
scw/1301/130100150010.001/swg.fits[1]
scw/1301/130100350010.001/swg.fits[1]
scw/1301/130100360010.001/swg.fits[1]
scw/1301/130100390010.001/swg.fits[1]
scw/1301/130100400010.001/swg.fits[1]
scw/1302/130200050010.001/swg.fits[1]
scw/1302/130200080010.001/swg.fits[1]
scw/1302/130200090010.001/swg.fits[1]
scw/1302/130200140010.001/swg.fits[1]
scw/1302/130200150010.001/swg.fits[1]
scw/1302/130200340010.001/swg.fits[1]
scw/1302/130200350010.001/swg.fits[1]
scw/1302/130200380010.001/swg.fits[1]
scw/1302/130200390010.001/swg.fits[1]
scw/1303/130300030010.001/swg.fits[1]
scw/1303/130300040010.001/swg.fits[1]
scw/1303/130300070010.001/swg.fits[1]
scw/1303/130300080010.001/swg.fits[1]
scw/1303/130300090010.001/swg.fits[1]
scw/1303/130300280010.001/swg.fits[1]
scw/1303/130300330010.001/swg.fits[1]
scw/1303/130300340010.001/swg.fits[1]
scw/1303/130300370010.001/swg.fits[1]
scw/1304/130400400010.001/swg.fits[1]
scw/1304/130400430010.001/swg.fits[1]
scw/1304/130400440010.001/swg.fits[1]
scw/1304/130400490010.001/swg.fits[1]
scw/1304/130400630010.001/swg.fits[1]
scw/1304/130400640010.001/swg.fits[1]
scw/1304/130400680010.001/swg.fits[1]
scw/1304/130400690010.001/swg.fits[1]
scw/1304/130400700010.001/swg.fits[1]
scw/1305/130500750010.001/swg.fits[1]
scw/1305/130500760010.001/swg.fits[1]
scw/1305/130500810010.001/swg.fits[1]
scw/1305/130500820010.001/swg.fits[1]
scw/1306/130600220010.001/swg.fits[1]
scw/1306/130600260010.001/swg.fits[1]
scw/1306/130600270010.001/swg.fits[1]
scw/1306/130600280010.001/swg.fits[1]
scw/1306/130600510010.001/swg.fits[1]
scw/1306/130600520010.001/swg.fits[1]
scw/1307/130700040010.001/swg.fits[1]
scw/1307/130700050010.001/swg.fits[1]
scw/1307/130700180010.001/swg.fits[1]
scw/1307/130700190010.001/swg.fits[1]
scw/1307/130700240010.001/swg.fits[1]
scw/1307/130700250010.001/swg.fits[1]
scw/1308/130800670010.001/swg.fits[1]
scw/1308/130800680010.001/swg.fits[1]
scw/1309/130900470010.001/swg.fits[1]
scw/1309/130900500010.001/swg.fits[1]
scw/1309/130900510010.001/swg.fits[1]
scw/1309/130900520010.001/swg.fits[1]
scw/1309/130900710010.001/swg.fits[1]
scw/1309/130900720010.001/swg.fits[1]
scw/1309/130900750010.001/swg.fits[1]
scw/1311/131100720010.001/swg.fits[1]
scw/1311/131100730010.001/swg.fits[1]
scw/1311/131100760010.001/swg.fits[1]
scw/1311/131100770010.001/swg.fits[1]
scw/1314/131400050010.001/swg.fits[1]
scw/1314/131400060010.001/swg.fits[1]
scw/1314/131400090010.001/swg.fits[1]
scw/1314/131400100010.001/swg.fits[1]
scw/1315/131500180010.001/swg.fits[1]
scw/1315/131500190010.001/swg.fits[1]
scw/1315/131500200010.001/swg.fits[1]
scw/1315/131500230010.001/swg.fits[1]
scw/1315/131500240010.001/swg.fits[1]
scw/1315/131500250010.001/swg.fits[1]
scw/1364/136400080010.001/swg.fits[1]
scw/1364/136400120010.001/swg.fits[1]
scw/1364/136400130010.001/swg.fits[1]
scw/1364/136400140010.001/swg.fits[1]
scw/1365/136500250010.001/swg.fits[1]
scw/1365/136500450010.001/swg.fits[1]
scw/1365/136500460010.001/swg.fits[1]
scw/1365/136500490010.001/swg.fits[1]
scw/1365/136500500010.001/swg.fits[1]
scw/1365/136500510010.001/swg.fits[1]
scw/1366/136600320010.001/swg.fits[1]
scw/1366/136600340010.001/swg.fits[1]
scw/1366/136600350010.001/swg.fits[1]
scw/1366/136600390010.001/swg.fits[1]
scw/1366/136600440010.001/swg.fits[1]
scw/1366/136600450010.001/swg.fits[1]
scw/1366/136600460010.001/swg.fits[1]
scw/1366/136600470010.001/swg.fits[1]
scw/1366/136600490010.001/swg.fits[1]
scw/1366/136600520010.001/swg.fits[1]
scw/1366/136600530010.001/swg.fits[1]
scw/2331/233100460010.001/swg.fits[1]
