scw/0081/008100230010.001/swg.fits[1]
scw/0081/008100310010.001/swg.fits[1]
scw/0082/008200490010.001/swg.fits[1]
scw/0082/008200570010.001/swg.fits[1]
scw/0083/008300400010.001/swg.fits[1]
scw/0083/008300480010.001/swg.fits[1]
scw/0084/008400220010.001/swg.fits[1]
scw/0084/008400300010.001/swg.fits[1]
scw/0086/008600200010.001/swg.fits[1]
scw/0086/008600280010.001/swg.fits[1]
scw/0138/013801120010.001/swg.fits[1]
scw/0260/026000090010.001/swg.fits[1]
scw/0275/027500130010.001/swg.fits[1]
scw/0317/031700070010.001/swg.fits[1]
scw/0377/037700100010.001/swg.fits[1]
scw/0381/038100240010.001/swg.fits[1]
scw/0436/043600100010.001/swg.fits[1]
scw/0439/043900050010.001/swg.fits[1]
scw/0439/043900550010.001/swg.fits[1]
scw/0440/044000460010.001/swg.fits[1]
scw/0550/055000120010.001/swg.fits[1]
scw/1054/105400570010.001/swg.fits[1]
scw/1133/113300840010.001/swg.fits[1]
scw/1184/118400620010.001/swg.fits[1]
scw/1365/136500100010.001/swg.fits[1]
scw/1365/136500170010.001/swg.fits[1]
scw/1375/137500050010.001/swg.fits[1]
scw/1375/137500240010.001/swg.fits[1]
scw/1485/148500080010.001/swg.fits[1]
scw/1485/148500150010.001/swg.fits[1]
scw/1625/162500370010.001/swg.fits[1]
scw/1625/162500440010.001/swg.fits[1]
scw/2042/204200120010.001/swg.fits[1]
scw/2042/204200130010.001/swg.fits[1]
scw/2042/204200140010.001/swg.fits[1]
scw/2042/204200150010.001/swg.fits[1]
scw/2042/204200420010.001/swg.fits[1]
scw/2042/204200430010.001/swg.fits[1]
scw/2042/204200440010.001/swg.fits[1]
scw/2042/204200450010.001/swg.fits[1]
scw/2042/204200530010.001/swg.fits[1]
scw/2042/204200540010.001/swg.fits[1]
scw/2043/204300020010.001/swg.fits[1]
scw/2043/204300090010.001/swg.fits[1]
scw/2043/204300100010.001/swg.fits[1]
scw/2043/204300110010.001/swg.fits[1]
scw/2043/204300120010.001/swg.fits[1]
scw/2043/204300410010.001/swg.fits[1]
scw/2043/204300420010.001/swg.fits[1]
scw/2043/204300490010.001/swg.fits[1]
scw/2043/204300500010.001/swg.fits[1]
scw/2044/204400060010.001/swg.fits[1]
scw/2044/204400070010.001/swg.fits[1]
scw/2044/204400080010.001/swg.fits[1]
scw/2044/204400090010.001/swg.fits[1]
scw/2044/204400360010.001/swg.fits[1]
scw/2044/204400370010.001/swg.fits[1]
scw/2044/204400380010.001/swg.fits[1]
scw/2044/204400390010.001/swg.fits[1]
scw/2044/204400460010.001/swg.fits[1]
scw/2044/204400480010.001/swg.fits[1]
scw/2044/204400530010.001/swg.fits[1]
scw/2245/224500170010.001/swg.fits[1]
scw/2245/224500180010.001/swg.fits[1]
scw/2245/224500190010.001/swg.fits[1]
scw/2245/224500200010.001/swg.fits[1]
scw/2245/224500270010.001/swg.fits[1]
scw/2245/224500280010.001/swg.fits[1]
scw/2245/224500290010.001/swg.fits[1]
scw/2245/224500300010.001/swg.fits[1]
scw/2245/224500310010.001/swg.fits[1]
scw/2245/224500370010.001/swg.fits[1]
scw/2245/224500380010.001/swg.fits[1]
scw/2247/224700610010.001/swg.fits[1]
scw/2247/224700660010.001/swg.fits[1]
scw/2247/224700670010.001/swg.fits[1]
scw/2249/224900450010.001/swg.fits[1]
scw/2249/224900460010.001/swg.fits[1]
scw/2249/224900530010.001/swg.fits[1]
scw/2249/224900540010.001/swg.fits[1]
scw/2252/225200050010.001/swg.fits[1]
scw/2252/225200060010.001/swg.fits[1]
scw/2252/225200070010.001/swg.fits[1]
scw/2252/225200080010.001/swg.fits[1]
scw/2252/225200160010.001/swg.fits[1]
scw/2252/225200170010.001/swg.fits[1]
scw/2253/225300510010.001/swg.fits[1]
scw/2253/225300520010.001/swg.fits[1]
scw/2253/225300530010.001/swg.fits[1]
scw/2254/225400050010.001/swg.fits[1]
scw/2254/225400060010.001/swg.fits[1]
scw/2254/225400070010.001/swg.fits[1]
scw/2254/225400210010.001/swg.fits[1]
scw/2279/227900070010.001/swg.fits[1]
scw/2279/227900130010.001/swg.fits[1]
scw/2279/227900210010.001/swg.fits[1]
scw/2279/227900280010.001/swg.fits[1]
scw/2279/227900350010.001/swg.fits[1]
scw/2279/227900410010.001/swg.fits[1]
scw/2279/227900420010.001/swg.fits[1]
scw/2279/227900480010.001/swg.fits[1]
scw/2279/227900490010.001/swg.fits[1]
scw/2371/237100610010.001/swg.fits[1]
scw/2378/237800510010.001/swg.fits[1]
scw/2434/243400570010.001/swg.fits[1]
scw/2438/243800190010.001/swg.fits[1]
scw/2452/245200520010.001/swg.fits[1]
scw/2455/245500810010.001/swg.fits[1]
