scw/1773/177300560010.001/swg.fits[1]
scw/1774/177400120010.001/swg.fits[1]
scw/1774/177400130010.001/swg.fits[1]
scw/1774/177400200010.001/swg.fits[1]
scw/1774/177400210010.001/swg.fits[1]
scw/1774/177400220010.001/swg.fits[1]
scw/1774/177400320010.001/swg.fits[1]
scw/1774/177400330010.001/swg.fits[1]
scw/1775/177500080010.001/swg.fits[1]
scw/1775/177500090010.001/swg.fits[1]
scw/1775/177500110010.001/swg.fits[1]
scw/1775/177500300010.001/swg.fits[1]
scw/1775/177500310010.001/swg.fits[1]
scw/1775/177500480010.001/swg.fits[1]
scw/1775/177500560010.001/swg.fits[1]
scw/1776/177600050010.001/swg.fits[1]
scw/1776/177600060010.001/swg.fits[1]
scw/1776/177600170010.001/swg.fits[1]
scw/1776/177600180010.001/swg.fits[1]
scw/1776/177600190010.001/swg.fits[1]
scw/1776/177600250010.001/swg.fits[1]
scw/1776/177600260010.001/swg.fits[1]
scw/1814/181400070010.001/swg.fits[1]
scw/1814/181400090010.001/swg.fits[1]
scw/1814/181400100010.001/swg.fits[1]
scw/1814/181400110010.001/swg.fits[1]
scw/1814/181400170010.001/swg.fits[1]
scw/1814/181400180010.001/swg.fits[1]
scw/1814/181400200010.001/swg.fits[1]
scw/1816/181600580010.001/swg.fits[1]
scw/1816/181600600010.001/swg.fits[1]
scw/1816/181600610010.001/swg.fits[1]
scw/1816/181600620010.001/swg.fits[1]
scw/1817/181700030010.001/swg.fits[1]
scw/1817/181700050010.001/swg.fits[1]
scw/1817/181700060010.001/swg.fits[1]
scw/1817/181700120010.001/swg.fits[1]
scw/1817/181700130010.001/swg.fits[1]
scw/1817/181700140010.001/swg.fits[1]
scw/1818/181800060010.001/swg.fits[1]
scw/1818/181800070010.001/swg.fits[1]
scw/1818/181800080010.001/swg.fits[1]
scw/1818/181800090010.001/swg.fits[1]
scw/1818/181800100010.001/swg.fits[1]
scw/1818/181800180010.001/swg.fits[1]
scw/1818/181800260010.001/swg.fits[1]
scw/1818/181800270010.001/swg.fits[1]
scw/1818/181800280010.001/swg.fits[1]
scw/1818/181800290010.001/swg.fits[1]
scw/1818/181800480010.001/swg.fits[1]
scw/1818/181800490010.001/swg.fits[1]
scw/1818/181800550010.001/swg.fits[1]
scw/1818/181800550020.001/swg.fits[1]
scw/1819/181900430010.001/swg.fits[1]
scw/1819/181900440010.001/swg.fits[1]
scw/1819/181900450010.001/swg.fits[1]
scw/1819/181900490010.001/swg.fits[1]
scw/1819/181900500010.001/swg.fits[1]
scw/1823/182300110010.001/swg.fits[1]
scw/1823/182300170010.001/swg.fits[1]
scw/1823/182300180010.001/swg.fits[1]
scw/1825/182500360010.001/swg.fits[1]
scw/1825/182500370010.001/swg.fits[1]
scw/1826/182600380010.001/swg.fits[1]
scw/1826/182600440010.001/swg.fits[1]
scw/1827/182700030010.001/swg.fits[1]
scw/1827/182700090010.001/swg.fits[1]
scw/1827/182700150010.001/swg.fits[1]
scw/1827/182700160010.001/swg.fits[1]
scw/1828/182800430010.001/swg.fits[1]
scw/1828/182800550010.001/swg.fits[1]
scw/1828/182800560010.001/swg.fits[1]
scw/1829/182900230010.001/swg.fits[1]
scw/1829/182900240010.001/swg.fits[1]
scw/1829/182900270010.001/swg.fits[1]
scw/1831/183100320010.001/swg.fits[1]
scw/1831/183100440010.001/swg.fits[1]
scw/1831/183100450010.001/swg.fits[1]
scw/1833/183300030010.001/swg.fits[1]
scw/1833/183300080010.001/swg.fits[1]
scw/1833/183300150010.001/swg.fits[1]
scw/1837/183700450010.001/swg.fits[1]
scw/1837/183700500010.001/swg.fits[1]
scw/1837/183700520010.001/swg.fits[1]
scw/1837/183700570010.001/swg.fits[1]
scw/1840/184000110010.001/swg.fits[1]
scw/1840/184000160010.001/swg.fits[1]
scw/1840/184000180010.001/swg.fits[1]
scw/1840/184000230010.001/swg.fits[1]
scw/1841/184100110010.001/swg.fits[1]
scw/1841/184100160010.001/swg.fits[1]
scw/1841/184100180010.001/swg.fits[1]
scw/1841/184100230010.001/swg.fits[1]
scw/1889/188900190010.001/swg.fits[1]
scw/1889/188900200010.001/swg.fits[1]
scw/1889/188900250010.001/swg.fits[1]
scw/1889/188900260010.001/swg.fits[1]
scw/1890/189000160010.001/swg.fits[1]
scw/1890/189000190010.001/swg.fits[1]
scw/1890/189000200010.001/swg.fits[1]
scw/1890/189000240010.001/swg.fits[1]
scw/1890/189000250010.001/swg.fits[1]
scw/1890/189000260010.001/swg.fits[1]
scw/1891/189100190010.001/swg.fits[1]
scw/1891/189100200010.001/swg.fits[1]
scw/1891/189100210010.001/swg.fits[1]
scw/1891/189100240010.001/swg.fits[1]
scw/1891/189100420010.001/swg.fits[1]
scw/1891/189100430010.001/swg.fits[1]
scw/1891/189100460010.001/swg.fits[1]
scw/1891/189100470010.001/swg.fits[1]
scw/1892/189200230010.001/swg.fits[1]
scw/1892/189200270010.001/swg.fits[1]
scw/1892/189200280010.001/swg.fits[1]
scw/1892/189200290010.001/swg.fits[1]
scw/1903/190300380010.001/swg.fits[1]
scw/1903/190300470010.001/swg.fits[1]
scw/1903/190300480010.001/swg.fits[1]
scw/1904/190400130010.001/swg.fits[1]
scw/1904/190400140010.001/swg.fits[1]
scw/1904/190400200010.001/swg.fits[1]
scw/1905/190500130010.001/swg.fits[1]
scw/1905/190500140010.001/swg.fits[1]
scw/1905/190500200010.001/swg.fits[1]
scw/1906/190600430010.001/swg.fits[1]
scw/1906/190600520010.001/swg.fits[1]
scw/1906/190600530010.001/swg.fits[1]
scw/1907/190700280010.001/swg.fits[1]
scw/1907/190700490010.001/swg.fits[1]
scw/1907/190700500010.001/swg.fits[1]
scw/1913/191300130010.001/swg.fits[1]
scw/1913/191300200010.001/swg.fits[1]
scw/1914/191400820010.001/swg.fits[1]
scw/1914/191400830010.001/swg.fits[1]
scw/1915/191500130010.001/swg.fits[1]
scw/1915/191500190010.001/swg.fits[1]
scw/1915/191500200010.001/swg.fits[1]
scw/1916/191600030010.001/swg.fits[1]
scw/1916/191600040010.001/swg.fits[1]
scw/1945/194500530010.001/swg.fits[1]
scw/1945/194500540010.001/swg.fits[1]
scw/1945/194500550010.001/swg.fits[1]
scw/1945/194500600010.001/swg.fits[1]
scw/1946/194600430010.001/swg.fits[1]
scw/1946/194600440010.001/swg.fits[1]
scw/1946/194600460010.001/swg.fits[1]
scw/1947/194700300010.001/swg.fits[1]
scw/1947/194700310010.001/swg.fits[1]
scw/1947/194700320010.001/swg.fits[1]
scw/1947/194700380010.001/swg.fits[1]
scw/1947/194700390010.001/swg.fits[1]
scw/1947/194700410010.001/swg.fits[1]
scw/1947/194700410020.001/swg.fits[1]
scw/1949/194900220010.001/swg.fits[1]
scw/1949/194900260010.001/swg.fits[1]
scw/1949/194900270010.001/swg.fits[1]
scw/1949/194900320010.001/swg.fits[1]
scw/1949/194900330010.001/swg.fits[1]
scw/1949/194900340010.001/swg.fits[1]
scw/1949/194900360010.001/swg.fits[1]
scw/1950/195000520010.001/swg.fits[1]
scw/1950/195000530010.001/swg.fits[1]
scw/1950/195000580010.001/swg.fits[1]
scw/1950/195000590010.001/swg.fits[1]
scw/1950/195000600010.001/swg.fits[1]
scw/1951/195100470010.001/swg.fits[1]
scw/1951/195100510010.001/swg.fits[1]
scw/1951/195100520010.001/swg.fits[1]
scw/1951/195100530010.001/swg.fits[1]
scw/1951/195100570010.001/swg.fits[1]
scw/1951/195100580010.001/swg.fits[1]
scw/1951/195100590010.001/swg.fits[1]
scw/1953/195300040010.001/swg.fits[1]
scw/1953/195300050010.001/swg.fits[1]
scw/1953/195300100010.001/swg.fits[1]
scw/1953/195300110010.001/swg.fits[1]
scw/1953/195300500010.001/swg.fits[1]
scw/1954/195400010010.001/swg.fits[1]
scw/1954/195400020010.001/swg.fits[1]
scw/1954/195400030010.001/swg.fits[1]
scw/1954/195400060010.001/swg.fits[1]
scw/1954/195400070010.001/swg.fits[1]
scw/1954/195400080010.001/swg.fits[1]
scw/1954/195400120010.001/swg.fits[1]
scw/1955/195500190010.001/swg.fits[1]
scw/1955/195500240010.001/swg.fits[1]
scw/1955/195500250010.001/swg.fits[1]
scw/1955/195500280010.001/swg.fits[1]
scw/1955/195500290010.001/swg.fits[1]
scw/1955/195500300010.001/swg.fits[1]
scw/1955/195500340010.001/swg.fits[1]
scw/1956/195600270010.001/swg.fits[1]
scw/1956/195600280010.001/swg.fits[1]
scw/1956/195600320010.001/swg.fits[1]
scw/1956/195600330010.001/swg.fits[1]
scw/1957/195700170010.001/swg.fits[1]
scw/1957/195700230010.001/swg.fits[1]
scw/1957/195700240010.001/swg.fits[1]
scw/1957/195700250010.001/swg.fits[1]
scw/1957/195700270010.001/swg.fits[1]
scw/1957/195700280010.001/swg.fits[1]
