scw/0624/062400410010.001/swg.fits[1]
scw/0624/062400420010.001/swg.fits[1]
scw/0624/062400500010.001/swg.fits[1]
scw/0625/062500340010.001/swg.fits[1]
scw/0625/062500350010.001/swg.fits[1]
scw/0625/062500360010.001/swg.fits[1]
scw/0625/062500370010.001/swg.fits[1]
scw/0626/062600270010.001/swg.fits[1]
scw/0626/062600280010.001/swg.fits[1]
scw/0626/062600290010.001/swg.fits[1]
scw/0626/062600300010.001/swg.fits[1]
scw/0626/062600380010.001/swg.fits[1]
scw/0627/062700200010.001/swg.fits[1]
scw/0627/062700210010.001/swg.fits[1]
scw/0627/062700220010.001/swg.fits[1]
scw/0627/062700230010.001/swg.fits[1]
scw/0627/062700310010.001/swg.fits[1]
scw/0685/068500400010.001/swg.fits[1]
scw/0685/068500410010.001/swg.fits[1]
scw/0685/068500420010.001/swg.fits[1]
scw/0685/068500430010.001/swg.fits[1]
scw/0685/068500510010.001/swg.fits[1]
scw/0686/068600290010.001/swg.fits[1]
scw/0686/068600300010.001/swg.fits[1]
scw/0686/068600310010.001/swg.fits[1]
scw/0686/068600330010.001/swg.fits[1]
scw/0686/068600340010.001/swg.fits[1]
scw/0687/068700120010.001/swg.fits[1]
scw/0687/068700200010.001/swg.fits[1]
scw/0687/068700210010.001/swg.fits[1]
scw/0687/068700220010.001/swg.fits[1]
scw/0687/068700230010.001/swg.fits[1]
scw/0688/068800090010.001/swg.fits[1]
scw/0688/068800100010.001/swg.fits[1]
scw/0688/068800120010.001/swg.fits[1]
scw/0688/068800130010.001/swg.fits[1]
scw/0688/068800600010.001/swg.fits[1]
scw/0688/068800610010.001/swg.fits[1]
scw/0689/068900020010.001/swg.fits[1]
scw/0689/068900030010.001/swg.fits[1]
scw/0689/068900500010.001/swg.fits[1]
scw/0689/068900510010.001/swg.fits[1]
scw/0689/068900520010.001/swg.fits[1]
scw/0689/068900530010.001/swg.fits[1]
scw/0689/068900540010.001/swg.fits[1]
scw/0757/075700540010.001/swg.fits[1]
scw/0757/075700550010.001/swg.fits[1]
scw/0759/075900600010.001/swg.fits[1]
scw/0760/076000020010.001/swg.fits[1]
scw/0760/076000510010.001/swg.fits[1]
scw/0760/076000520010.001/swg.fits[1]
scw/0760/076000530010.001/swg.fits[1]
scw/0761/076100370010.001/swg.fits[1]
scw/0761/076100380010.001/swg.fits[1]
scw/0761/076100420010.001/swg.fits[1]
scw/0761/076100430010.001/swg.fits[1]
scw/0762/076200280010.001/swg.fits[1]
scw/0762/076200340010.001/swg.fits[1]
scw/0762/076200350010.001/swg.fits[1]
scw/0809/080900510010.001/swg.fits[1]
scw/0812/081200490010.001/swg.fits[1]
scw/0812/081200500010.001/swg.fits[1]
scw/0812/081200510010.001/swg.fits[1]
scw/0824/082400280010.001/swg.fits[1]
scw/0824/082400290010.001/swg.fits[1]
scw/0824/082400340010.001/swg.fits[1]
scw/0824/082400350010.001/swg.fits[1]
scw/0825/082500180010.001/swg.fits[1]
scw/0825/082500190010.001/swg.fits[1]
scw/0825/082500250010.001/swg.fits[1]
scw/0825/082500260010.001/swg.fits[1]
scw/0825/082500270010.001/swg.fits[1]
scw/0825/082500290010.001/swg.fits[1]
scw/0826/082600070010.001/swg.fits[1]
scw/0826/082600080010.001/swg.fits[1]
scw/0826/082600130010.001/swg.fits[1]
scw/0826/082600140010.001/swg.fits[1]
scw/0826/082600560010.001/swg.fits[1]
scw/0826/082600570010.001/swg.fits[1]
scw/0826/082600580010.001/swg.fits[1]
scw/0827/082700020010.001/swg.fits[1]
scw/0827/082700450010.001/swg.fits[1]
scw/0827/082700510010.001/swg.fits[1]
scw/0827/082700520010.001/swg.fits[1]
scw/0828/082800330010.001/swg.fits[1]
scw/0828/082800340010.001/swg.fits[1]
scw/0828/082800410010.001/swg.fits[1]
scw/0828/082800420010.001/swg.fits[1]
scw/0829/082900390010.001/swg.fits[1]
scw/2012/201200260010.001/swg.fits[1]
