scw/0055/005500560010.001/swg.fits[1]
scw/0055/005500570010.001/swg.fits[1]
scw/0055/005500580010.001/swg.fits[1]
scw/0055/005500590010.001/swg.fits[1]
scw/0119/011900130010.001/swg.fits[1]
scw/0119/011900140010.001/swg.fits[1]
scw/0119/011900150010.001/swg.fits[1]
scw/0163/016300810010.001/swg.fits[1]
scw/0163/016300820010.001/swg.fits[1]
scw/0164/016400140010.001/swg.fits[1]
scw/0164/016400150010.001/swg.fits[1]
scw/0165/016500930010.001/swg.fits[1]
scw/0165/016500940010.001/swg.fits[1]
scw/0165/016501090010.001/swg.fits[1]
scw/0165/016501100010.001/swg.fits[1]
scw/0228/022800460010.001/swg.fits[1]
scw/0228/022800470010.001/swg.fits[1]
scw/0228/022800680010.001/swg.fits[1]
scw/0228/022800690010.001/swg.fits[1]
scw/0888/088800380010.001/swg.fits[1]
scw/0888/088800390010.001/swg.fits[1]
scw/0889/088900390010.001/swg.fits[1]
scw/1136/113600890010.001/swg.fits[1]
scw/1136/113600890020.001/swg.fits[1]
scw/1859/185900020010.001/swg.fits[1]
scw/2326/232600260010.001/swg.fits[1]
scw/2327/232700250010.001/swg.fits[1]
