scw/0207/020700600010.001/swg.fits[1]
scw/0208/020800040010.001/swg.fits[1]
scw/0208/020800480010.001/swg.fits[1]
scw/0208/020800520010.001/swg.fits[1]
scw/0209/020900380010.001/swg.fits[1]
scw/0209/020900420010.001/swg.fits[1]
scw/0338/033800160010.001/swg.fits[1]
scw/0338/033800260010.001/swg.fits[1]
scw/0338/033800310010.001/swg.fits[1]
scw/0341/034100050010.001/swg.fits[1]
scw/0342/034200410010.001/swg.fits[1]
scw/0342/034200460010.001/swg.fits[1]
scw/0342/034200610010.001/swg.fits[1]
scw/0342/034200660010.001/swg.fits[1]
scw/0456/045600150010.001/swg.fits[1]
scw/0456/045600210010.001/swg.fits[1]
scw/0456/045600310010.001/swg.fits[1]
scw/0456/045600410010.001/swg.fits[1]
scw/0457/045700250010.001/swg.fits[1]
scw/0457/045700300010.001/swg.fits[1]
scw/0457/045700450010.001/swg.fits[1]
scw/0457/045700500010.001/swg.fits[1]
scw/0570/057000260010.001/swg.fits[1]
scw/0570/057000400010.001/swg.fits[1]
scw/0570/057000450010.001/swg.fits[1]
scw/0571/057100100010.001/swg.fits[1]
scw/0571/057100160010.001/swg.fits[1]
scw/0571/057100260010.001/swg.fits[1]
scw/0571/057100300010.001/swg.fits[1]
scw/0571/057100310010.001/swg.fits[1]
scw/0571/057100370010.001/swg.fits[1]
scw/0572/057200050010.001/swg.fits[1]
scw/0572/057200120010.001/swg.fits[1]
scw/0572/057200150010.001/swg.fits[1]
scw/0572/057200250010.001/swg.fits[1]
scw/0572/057200320010.001/swg.fits[1]
scw/0572/057200550010.001/swg.fits[1]
scw/0573/057300050010.001/swg.fits[1]
scw/0573/057300080010.001/swg.fits[1]
scw/0573/057300180010.001/swg.fits[1]
scw/0573/057300250010.001/swg.fits[1]
scw/0582/058200050010.001/swg.fits[1]
scw/0695/069500150010.001/swg.fits[1]
scw/0695/069500210010.001/swg.fits[1]
scw/0695/069500310010.001/swg.fits[1]
scw/0695/069500360010.001/swg.fits[1]
scw/0695/069500410010.001/swg.fits[1]
scw/0696/069600200010.001/swg.fits[1]
scw/0696/069600250010.001/swg.fits[1]
scw/0696/069600400010.001/swg.fits[1]
scw/0697/069700410010.001/swg.fits[1]
scw/0698/069800100010.001/swg.fits[1]
scw/0698/069800200010.001/swg.fits[1]
scw/0698/069800230010.001/swg.fits[1]
scw/0698/069800240010.001/swg.fits[1]
scw/0698/069800290010.001/swg.fits[1]
scw/0698/069800300010.001/swg.fits[1]
scw/0698/069800310010.001/swg.fits[1]
scw/0699/069900130010.001/swg.fits[1]
scw/0699/069900140010.001/swg.fits[1]
scw/0699/069900150010.001/swg.fits[1]
scw/0699/069900200010.001/swg.fits[1]
scw/0699/069900210010.001/swg.fits[1]
scw/0699/069900300010.001/swg.fits[1]
scw/0699/069900310010.001/swg.fits[1]
scw/0699/069900330010.001/swg.fits[1]
scw/0699/069900340010.001/swg.fits[1]
scw/0699/069900350010.001/swg.fits[1]
scw/0700/070000260010.001/swg.fits[1]
scw/0700/070000330010.001/swg.fits[1]
scw/0700/070000340010.001/swg.fits[1]
scw/0700/070000360010.001/swg.fits[1]
scw/0700/070000370010.001/swg.fits[1]
scw/0701/070100070010.001/swg.fits[1]
scw/0701/070100080010.001/swg.fits[1]
scw/0701/070100150010.001/swg.fits[1]
scw/0701/070100160010.001/swg.fits[1]
