scw/0483/048300030010.001/swg.fits[1]
scw/0483/048300040010.001/swg.fits[1]
scw/0483/048300090010.001/swg.fits[1]
scw/0483/048300100010.001/swg.fits[1]
scw/0483/048300130010.001/swg.fits[1]
scw/0483/048300140010.001/swg.fits[1]
scw/0483/048300390010.001/swg.fits[1]
scw/0483/048300390020.001/swg.fits[1]
scw/0487/048700050010.001/swg.fits[1]
scw/0487/048700060010.001/swg.fits[1]
scw/0487/048700070010.001/swg.fits[1]
scw/0487/048700110010.001/swg.fits[1]
scw/0487/048700150010.001/swg.fits[1]
scw/0487/048700160010.001/swg.fits[1]
scw/0487/048700210010.001/swg.fits[1]
scw/0487/048700220010.001/swg.fits[1]
scw/0487/048700550010.001/swg.fits[1]
scw/0487/048700560010.001/swg.fits[1]
scw/0487/048700570010.001/swg.fits[1]
scw/0487/048700610010.001/swg.fits[1]
scw/0487/048700620010.001/swg.fits[1]
scw/0530/053000570010.001/swg.fits[1]
scw/0530/053000580010.001/swg.fits[1]
scw/0530/053000610010.001/swg.fits[1]
scw/0530/053000620010.001/swg.fits[1]
scw/0530/053000670010.001/swg.fits[1]
scw/0530/053000680010.001/swg.fits[1]
scw/0532/053200020010.001/swg.fits[1]
scw/0532/053200030010.001/swg.fits[1]
scw/0532/053200040010.001/swg.fits[1]
scw/0532/053200070010.001/swg.fits[1]
scw/0532/053200080010.001/swg.fits[1]
scw/0532/053200090010.001/swg.fits[1]
scw/0532/053200420010.001/swg.fits[1]
scw/0532/053200430010.001/swg.fits[1]
scw/0532/053200480010.001/swg.fits[1]
scw/0532/053200490010.001/swg.fits[1]
scw/0532/053200530010.001/swg.fits[1]
scw/0532/053200570010.001/swg.fits[1]
scw/0532/053200580010.001/swg.fits[1]
scw/0532/053200590010.001/swg.fits[1]
scw/0538/053800010010.001/swg.fits[1]
scw/0538/053800020010.001/swg.fits[1]
scw/0538/053800030010.001/swg.fits[1]
scw/0538/053800270010.001/swg.fits[1]
scw/0538/053800280010.001/swg.fits[1]
scw/0538/053800310010.001/swg.fits[1]
scw/0538/053800320010.001/swg.fits[1]
scw/0538/053800370010.001/swg.fits[1]
scw/0538/053800410010.001/swg.fits[1]
scw/0538/053800420010.001/swg.fits[1]
scw/0538/053800470010.001/swg.fits[1]
scw/0538/053800480010.001/swg.fits[1]
scw/0538/053800510010.001/swg.fits[1]
scw/0543/054300270010.001/swg.fits[1]
scw/0543/054300280010.001/swg.fits[1]
scw/0543/054300290010.001/swg.fits[1]
scw/0543/054300320010.001/swg.fits[1]
scw/0543/054300330010.001/swg.fits[1]
scw/0543/054300380010.001/swg.fits[1]
scw/0543/054300480010.001/swg.fits[1]
scw/0543/054300490010.001/swg.fits[1]
scw/0543/054300500010.001/swg.fits[1]
scw/0543/054300520010.001/swg.fits[1]
scw/0543/054300530010.001/swg.fits[1]
scw/0548/054800030010.001/swg.fits[1]
scw/0548/054800040010.001/swg.fits[1]
scw/0548/054800060010.001/swg.fits[1]
scw/0548/054800070010.001/swg.fits[1]
scw/0548/054800080010.001/swg.fits[1]
scw/0548/054800170010.001/swg.fits[1]
scw/0548/054800180010.001/swg.fits[1]
scw/0548/054800220010.001/swg.fits[1]
scw/0548/054800230010.001/swg.fits[1]
scw/0548/054800240010.001/swg.fits[1]
scw/0548/054800530010.001/swg.fits[1]
scw/0548/054800570010.001/swg.fits[1]
scw/0548/054800580010.001/swg.fits[1]
scw/0548/054800590010.001/swg.fits[1]
scw/0551/055100300010.001/swg.fits[1]
scw/0551/055100330010.001/swg.fits[1]
scw/0551/055100340010.001/swg.fits[1]
scw/0551/055100400010.001/swg.fits[1]
scw/0551/055100430010.001/swg.fits[1]
scw/0551/055100490010.001/swg.fits[1]
scw/0551/055100500010.001/swg.fits[1]
scw/0551/055100510010.001/swg.fits[1]
scw/0551/055100530010.001/swg.fits[1]
scw/0551/055100590010.001/swg.fits[1]
scw/0551/055100630010.001/swg.fits[1]
scw/0551/055100640010.001/swg.fits[1]
scw/0551/055100650010.001/swg.fits[1]
scw/0589/058900230010.001/swg.fits[1]
scw/0589/058900240010.001/swg.fits[1]
scw/0589/058900250010.001/swg.fits[1]
scw/0589/058900280010.001/swg.fits[1]
scw/0589/058900290010.001/swg.fits[1]
scw/0589/058900300010.001/swg.fits[1]
scw/0589/058900380010.001/swg.fits[1]
scw/0589/058900390010.001/swg.fits[1]
scw/0589/058900440010.001/swg.fits[1]
scw/0589/058900450010.001/swg.fits[1]
scw/0590/059000080010.001/swg.fits[1]
scw/0590/059000090010.001/swg.fits[1]
scw/0590/059000100010.001/swg.fits[1]
scw/0590/059000130010.001/swg.fits[1]
scw/0590/059000140010.001/swg.fits[1]
scw/0590/059000150010.001/swg.fits[1]
scw/0590/059000180010.001/swg.fits[1]
scw/0590/059000190010.001/swg.fits[1]
scw/0590/059000240010.001/swg.fits[1]
scw/0590/059000250010.001/swg.fits[1]
scw/0590/059000280010.001/swg.fits[1]
scw/0590/059000290010.001/swg.fits[1]
scw/0590/059000340010.001/swg.fits[1]
scw/0590/059000590010.001/swg.fits[1]
scw/0591/059100030010.001/swg.fits[1]
scw/0591/059100040010.001/swg.fits[1]
scw/0591/059100270010.001/swg.fits[1]
scw/0591/059100280010.001/swg.fits[1]
scw/0591/059100290010.001/swg.fits[1]
scw/0591/059100320010.001/swg.fits[1]
scw/0591/059100330010.001/swg.fits[1]
scw/0591/059100340010.001/swg.fits[1]
scw/0591/059100380010.001/swg.fits[1]
scw/0591/059100390010.001/swg.fits[1]
scw/0591/059100410010.001/swg.fits[1]
scw/0591/059100420010.001/swg.fits[1]
scw/0591/059100470010.001/swg.fits[1]
scw/0591/059100480010.001/swg.fits[1]
scw/0591/059100510010.001/swg.fits[1]
scw/0591/059100520010.001/swg.fits[1]
scw/0650/065000570010.001/swg.fits[1]
scw/0650/065000580010.001/swg.fits[1]
scw/0650/065000630010.001/swg.fits[1]
scw/0650/065000640010.001/swg.fits[1]
scw/0656/065600040010.001/swg.fits[1]
scw/0656/065600050010.001/swg.fits[1]
scw/0656/065600100010.001/swg.fits[1]
scw/0656/065600110010.001/swg.fits[1]
scw/0656/065600450010.001/swg.fits[1]
scw/0656/065600460010.001/swg.fits[1]
scw/0656/065600490010.001/swg.fits[1]
scw/0656/065600500010.001/swg.fits[1]
scw/0656/065600510010.001/swg.fits[1]
scw/0656/065600540010.001/swg.fits[1]
scw/0656/065600550010.001/swg.fits[1]
scw/0659/065900200010.001/swg.fits[1]
scw/0659/065900210010.001/swg.fits[1]
scw/0659/065900240010.001/swg.fits[1]
scw/0659/065900250010.001/swg.fits[1]
scw/0659/065900500010.001/swg.fits[1]
scw/0659/065900550010.001/swg.fits[1]
scw/0659/065900560010.001/swg.fits[1]
scw/0659/065900590010.001/swg.fits[1]
scw/0659/065900600010.001/swg.fits[1]
scw/0659/065900610010.001/swg.fits[1]
scw/1260/126000170010.001/swg.fits[1]
scw/1260/126000260010.001/swg.fits[1]
scw/1260/126000270010.001/swg.fits[1]
scw/1260/126000280010.001/swg.fits[1]
scw/1260/126000350010.001/swg.fits[1]
scw/1260/126000360010.001/swg.fits[1]
scw/1260/126000370010.001/swg.fits[1]
scw/1270/127000040010.001/swg.fits[1]
scw/1270/127000620010.001/swg.fits[1]
scw/1270/127000630010.001/swg.fits[1]
scw/1270/127000720010.001/swg.fits[1]
scw/1270/127000730010.001/swg.fits[1]
scw/1275/127500690010.001/swg.fits[1]
scw/1275/127500700010.001/swg.fits[1]
scw/1275/127500710010.001/swg.fits[1]
scw/1275/127500740010.001/swg.fits[1]
scw/1275/127500750010.001/swg.fits[1]
scw/1275/127500890010.001/swg.fits[1]
scw/1275/127500900010.001/swg.fits[1]
scw/1278/127800590010.001/swg.fits[1]
scw/1278/127800600010.001/swg.fits[1]
scw/1278/127800610010.001/swg.fits[1]
scw/1278/127800620010.001/swg.fits[1]
scw/1278/127800900010.001/swg.fits[1]
scw/1279/127900050010.001/swg.fits[1]
scw/1279/127900060010.001/swg.fits[1]
scw/1279/127900100010.001/swg.fits[1]
scw/1279/127900290010.001/swg.fits[1]
scw/1279/127900300010.001/swg.fits[1]
