scw/0729/072900650010.001/swg.fits[1]
scw/0729/072900660010.001/swg.fits[1]
scw/0729/072900670010.001/swg.fits[1]
scw/0730/073000450010.001/swg.fits[1]
scw/0730/073000460010.001/swg.fits[1]
scw/0730/073000470010.001/swg.fits[1]
scw/0736/073600640010.001/swg.fits[1]
scw/0736/073600650010.001/swg.fits[1]
scw/0736/073600660010.001/swg.fits[1]
scw/0738/073800050010.001/swg.fits[1]
scw/0738/073800060010.001/swg.fits[1]
scw/0738/073800690010.001/swg.fits[1]
scw/0738/073800700010.001/swg.fits[1]
scw/0738/073800710010.001/swg.fits[1]
scw/0738/073800780010.001/swg.fits[1]
scw/0738/073800790010.001/swg.fits[1]
scw/0738/073800800010.001/swg.fits[1]
scw/0793/079300490010.001/swg.fits[1]
scw/0793/079300500010.001/swg.fits[1]
scw/0795/079500570010.001/swg.fits[1]
scw/0795/079500580010.001/swg.fits[1]
scw/0795/079500650010.001/swg.fits[1]
scw/0795/079500660010.001/swg.fits[1]
scw/2125/212500150010.001/swg.fits[1]
scw/2125/212500160010.001/swg.fits[1]
scw/2125/212500210010.001/swg.fits[1]
scw/2125/212500220010.001/swg.fits[1]
scw/2125/212500410010.001/swg.fits[1]
scw/2125/212500420010.001/swg.fits[1]
scw/2125/212500470010.001/swg.fits[1]
scw/2125/212500480010.001/swg.fits[1]
scw/2252/225200380010.001/swg.fits[1]
scw/2252/225200390010.001/swg.fits[1]
scw/2253/225300270010.001/swg.fits[1]
scw/2253/225300280010.001/swg.fits[1]
scw/2253/225300290010.001/swg.fits[1]
scw/2261/226100190010.001/swg.fits[1]
scw/2264/226400430010.001/swg.fits[1]
scw/2264/226400440010.001/swg.fits[1]
scw/2264/226400490010.001/swg.fits[1]
scw/2264/226400500010.001/swg.fits[1]
scw/2264/226400630010.001/swg.fits[1]
scw/2264/226400640010.001/swg.fits[1]
scw/2264/226400690010.001/swg.fits[1]
scw/2264/226400700010.001/swg.fits[1]
scw/2264/226400820010.001/swg.fits[1]
