scw/1585/158500320010.001/swg.fits[1]
scw/1585/158500330010.001/swg.fits[1]
scw/1587/158700100010.001/swg.fits[1]
scw/1587/158700140010.001/swg.fits[1]
scw/1587/158700150010.001/swg.fits[1]
scw/1587/158700160010.001/swg.fits[1]
scw/1587/158700200010.001/swg.fits[1]
scw/1587/158700210010.001/swg.fits[1]
scw/1587/158700240010.001/swg.fits[1]
scw/1587/158700250010.001/swg.fits[1]
scw/1587/158700260010.001/swg.fits[1]
scw/1587/158700300010.001/swg.fits[1]
scw/1589/158900360010.001/swg.fits[1]
scw/1589/158900400010.001/swg.fits[1]
scw/1589/158900410010.001/swg.fits[1]
scw/1589/158900430010.001/swg.fits[1]
scw/1589/158900440010.001/swg.fits[1]
scw/1589/158900450010.001/swg.fits[1]
scw/1589/158900510010.001/swg.fits[1]
scw/1590/159000230010.001/swg.fits[1]
scw/1590/159000240010.001/swg.fits[1]
scw/1590/159000250010.001/swg.fits[1]
scw/1590/159000350010.001/swg.fits[1]
scw/1590/159000430010.001/swg.fits[1]
scw/1590/159000440010.001/swg.fits[1]
scw/1590/159000450010.001/swg.fits[1]
scw/1590/159000700010.001/swg.fits[1]
scw/1590/159000710010.001/swg.fits[1]
scw/1591/159100140010.001/swg.fits[1]
scw/1591/159100150010.001/swg.fits[1]
scw/1591/159100160010.001/swg.fits[1]
scw/1591/159100230010.001/swg.fits[1]
scw/1591/159100240010.001/swg.fits[1]
scw/1591/159100310010.001/swg.fits[1]
scw/1591/159100320010.001/swg.fits[1]
scw/1591/159100450010.001/swg.fits[1]
scw/1591/159100460010.001/swg.fits[1]
scw/1591/159100560010.001/swg.fits[1]
scw/1592/159200100010.001/swg.fits[1]
scw/1592/159200150010.001/swg.fits[1]
scw/1592/159200160010.001/swg.fits[1]
scw/1592/159200320010.001/swg.fits[1]
scw/1592/159200330010.001/swg.fits[1]
scw/1592/159200340010.001/swg.fits[1]
scw/1592/159200360010.001/swg.fits[1]
scw/1592/159200370010.001/swg.fits[1]
scw/1592/159200680010.001/swg.fits[1]
scw/1592/159200690010.001/swg.fits[1]
scw/1592/159200700010.001/swg.fits[1]
scw/1592/159200710010.001/swg.fits[1]
scw/1592/159200720010.001/swg.fits[1]
scw/1594/159400170010.001/swg.fits[1]
scw/1594/159400180010.001/swg.fits[1]
scw/1594/159400190010.001/swg.fits[1]
scw/1594/159400200010.001/swg.fits[1]
scw/1594/159400210010.001/swg.fits[1]
scw/1594/159400580010.001/swg.fits[1]
scw/1594/159400590010.001/swg.fits[1]
scw/1594/159400660010.001/swg.fits[1]
scw/1594/159400670010.001/swg.fits[1]
scw/1594/159400680010.001/swg.fits[1]
scw/1594/159400790010.001/swg.fits[1]
scw/1594/159400800010.001/swg.fits[1]
scw/1594/159400820010.001/swg.fits[1]
scw/1594/159400830010.001/swg.fits[1]
scw/1594/159400840010.001/swg.fits[1]
scw/1594/159400850010.001/swg.fits[1]
scw/1595/159500100010.001/swg.fits[1]
scw/1595/159500110010.001/swg.fits[1]
scw/1595/159500130010.001/swg.fits[1]
scw/1595/159500140010.001/swg.fits[1]
scw/1595/159500150010.001/swg.fits[1]
scw/1595/159500160010.001/swg.fits[1]
scw/1595/159500340010.001/swg.fits[1]
scw/1595/159500350010.001/swg.fits[1]
scw/1595/159500360010.001/swg.fits[1]
scw/1595/159500380010.001/swg.fits[1]
scw/1595/159500390010.001/swg.fits[1]
scw/1595/159500610010.001/swg.fits[1]
scw/1595/159500690010.001/swg.fits[1]
scw/1595/159500700010.001/swg.fits[1]
scw/1595/159500710010.001/swg.fits[1]
scw/1597/159700400010.001/swg.fits[1]
scw/1597/159700440010.001/swg.fits[1]
scw/1597/159700450010.001/swg.fits[1]
scw/1597/159700460010.001/swg.fits[1]
scw/1597/159700640010.001/swg.fits[1]
scw/1597/159700650010.001/swg.fits[1]
scw/1597/159700660010.001/swg.fits[1]
scw/1597/159700670010.001/swg.fits[1]
scw/1597/159700680010.001/swg.fits[1]
scw/1603/160300340010.001/swg.fits[1]
scw/1603/160300350010.001/swg.fits[1]
scw/1603/160300360010.001/swg.fits[1]
scw/1604/160400140010.001/swg.fits[1]
scw/1604/160400150010.001/swg.fits[1]
scw/1604/160400160010.001/swg.fits[1]
scw/1643/164300890010.001/swg.fits[1]
scw/1643/164300900010.001/swg.fits[1]
scw/1643/164300910010.001/swg.fits[1]
scw/1645/164500040010.001/swg.fits[1]
scw/1645/164500120010.001/swg.fits[1]
scw/1645/164500130010.001/swg.fits[1]
scw/1645/164500140010.001/swg.fits[1]
scw/1646/164600020010.001/swg.fits[1]
scw/1646/164600030010.001/swg.fits[1]
scw/1646/164600040010.001/swg.fits[1]
scw/1646/164600050010.001/swg.fits[1]
scw/1646/164600210010.001/swg.fits[1]
scw/1646/164600270010.001/swg.fits[1]
scw/1646/164600280010.001/swg.fits[1]
scw/1646/164600310010.001/swg.fits[1]
scw/1646/164600320010.001/swg.fits[1]
scw/1647/164700030010.001/swg.fits[1]
scw/1647/164700040010.001/swg.fits[1]
scw/1647/164700050010.001/swg.fits[1]
scw/1647/164700060010.001/swg.fits[1]
scw/1647/164700190010.001/swg.fits[1]
scw/1647/164700210010.001/swg.fits[1]
scw/1647/164700220010.001/swg.fits[1]
scw/1647/164700230010.001/swg.fits[1]
scw/1647/164700290010.001/swg.fits[1]
scw/1647/164700300010.001/swg.fits[1]
scw/1647/164700970010.001/swg.fits[1]
scw/1648/164800010010.001/swg.fits[1]
scw/1648/164800020010.001/swg.fits[1]
scw/1648/164800100010.001/swg.fits[1]
scw/1649/164900040010.001/swg.fits[1]
scw/1649/164900050010.001/swg.fits[1]
scw/1649/164900060010.001/swg.fits[1]
scw/1649/164900070010.001/swg.fits[1]
scw/1649/164900230010.001/swg.fits[1]
scw/1649/164900290010.001/swg.fits[1]
scw/1649/164900300010.001/swg.fits[1]
scw/1649/164900310010.001/swg.fits[1]
scw/1649/164900330010.001/swg.fits[1]
scw/1649/164900340010.001/swg.fits[1]
scw/1650/165000020010.001/swg.fits[1]
scw/1650/165000080010.001/swg.fits[1]
scw/1650/165000090010.001/swg.fits[1]
scw/1650/165000100010.001/swg.fits[1]
scw/1650/165000120010.001/swg.fits[1]
scw/1650/165000130010.001/swg.fits[1]
scw/1650/165000280010.001/swg.fits[1]
scw/1650/165000340010.001/swg.fits[1]
scw/1650/165000350010.001/swg.fits[1]
scw/1650/165000360010.001/swg.fits[1]
scw/1650/165000380010.001/swg.fits[1]
scw/1650/165000440010.001/swg.fits[1]
scw/1650/165000450010.001/swg.fits[1]
scw/1650/165000460010.001/swg.fits[1]
scw/1650/165000500010.001/swg.fits[1]
scw/1650/165000580010.001/swg.fits[1]
scw/1650/165000590010.001/swg.fits[1]
scw/1650/165000600010.001/swg.fits[1]
scw/1650/165000860010.001/swg.fits[1]
scw/1650/165000870010.001/swg.fits[1]
scw/1650/165000930010.001/swg.fits[1]
scw/1650/165000970010.001/swg.fits[1]
scw/1652/165200360010.001/swg.fits[1]
scw/1652/165200370010.001/swg.fits[1]
scw/1652/165200380010.001/swg.fits[1]
scw/1652/165200520010.001/swg.fits[1]
scw/1652/165200530010.001/swg.fits[1]
scw/1652/165200540010.001/swg.fits[1]
scw/1652/165200610010.001/swg.fits[1]
scw/1652/165200620010.001/swg.fits[1]
scw/1652/165200850010.001/swg.fits[1]
scw/1652/165200860010.001/swg.fits[1]
scw/1652/165200870010.001/swg.fits[1]
scw/1652/165200900010.001/swg.fits[1]
scw/1652/165200910010.001/swg.fits[1]
scw/1653/165300030010.001/swg.fits[1]
scw/1653/165300040010.001/swg.fits[1]
scw/1653/165300050010.001/swg.fits[1]
scw/1653/165300190010.001/swg.fits[1]
scw/1653/165300200010.001/swg.fits[1]
scw/1653/165300210010.001/swg.fits[1]
scw/1653/165300290010.001/swg.fits[1]
scw/1653/165300460010.001/swg.fits[1]
scw/1653/165300470010.001/swg.fits[1]
scw/1653/165300530010.001/swg.fits[1]
scw/1653/165300540010.001/swg.fits[1]
scw/1653/165300550010.001/swg.fits[1]
scw/1653/165300570010.001/swg.fits[1]
scw/1654/165400030010.001/swg.fits[1]
scw/1654/165400040010.001/swg.fits[1]
scw/1654/165400050010.001/swg.fits[1]
scw/1654/165400270010.001/swg.fits[1]
scw/1654/165400280010.001/swg.fits[1]
scw/1654/165400310010.001/swg.fits[1]
scw/1654/165400320010.001/swg.fits[1]
scw/1654/165400580010.001/swg.fits[1]
scw/1654/165400590010.001/swg.fits[1]
scw/1655/165500040010.001/swg.fits[1]
scw/1655/165500050010.001/swg.fits[1]
scw/1655/165500190010.001/swg.fits[1]
scw/1655/165500200010.001/swg.fits[1]
scw/1655/165500210010.001/swg.fits[1]
scw/1655/165500280010.001/swg.fits[1]
scw/1655/165500290010.001/swg.fits[1]
scw/1655/165500520010.001/swg.fits[1]
scw/1655/165500530010.001/swg.fits[1]
scw/1655/165500570010.001/swg.fits[1]
scw/1655/165500580010.001/swg.fits[1]
scw/1655/165500590010.001/swg.fits[1]
scw/1655/165500600010.001/swg.fits[1]
scw/1656/165600020010.001/swg.fits[1]
scw/1656/165600030010.001/swg.fits[1]
scw/1656/165600040010.001/swg.fits[1]
scw/1656/165600050010.001/swg.fits[1]
scw/1657/165700050010.001/swg.fits[1]
scw/1657/165700060010.001/swg.fits[1]
scw/1657/165700070010.001/swg.fits[1]
scw/1657/165700080010.001/swg.fits[1]
scw/1657/165700210010.001/swg.fits[1]
scw/1657/165700220010.001/swg.fits[1]
scw/1657/165700230010.001/swg.fits[1]
scw/1657/165700310010.001/swg.fits[1]
scw/1657/165700550010.001/swg.fits[1]
scw/1657/165700590010.001/swg.fits[1]
scw/1657/165700600010.001/swg.fits[1]
scw/1657/165700610010.001/swg.fits[1]
scw/1658/165800280010.001/swg.fits[1]
scw/1658/165800290010.001/swg.fits[1]
scw/1658/165800340010.001/swg.fits[1]
scw/1658/165800360010.001/swg.fits[1]
scw/1658/165800370010.001/swg.fits[1]
scw/1658/165800500010.001/swg.fits[1]
scw/1658/165800520010.001/swg.fits[1]
scw/1658/165800530010.001/swg.fits[1]
scw/1658/165800660010.001/swg.fits[1]
scw/1658/165800680010.001/swg.fits[1]
scw/1658/165800690010.001/swg.fits[1]
scw/1658/165800750010.001/swg.fits[1]
scw/1658/165800760010.001/swg.fits[1]
scw/1658/165800910010.001/swg.fits[1]
scw/1658/165800920010.001/swg.fits[1]
scw/1659/165900030010.001/swg.fits[1]
scw/1659/165900190010.001/swg.fits[1]
scw/1659/165900200010.001/swg.fits[1]
scw/1659/165900260010.001/swg.fits[1]
scw/1659/165900270010.001/swg.fits[1]
