scw/2139/213900120010.001/swg.fits[1]
scw/2139/213900170010.001/swg.fits[1]
scw/2139/213900180010.001/swg.fits[1]
scw/2140/214000220010.001/swg.fits[1]
scw/2140/214000260010.001/swg.fits[1]
scw/2140/214000270010.001/swg.fits[1]
scw/2140/214000320010.001/swg.fits[1]
scw/2140/214000330010.001/swg.fits[1]
scw/2141/214100510010.001/swg.fits[1]
scw/2141/214100520010.001/swg.fits[1]
scw/2141/214100550010.001/swg.fits[1]
scw/2141/214100560010.001/swg.fits[1]
scw/2141/214100740010.001/swg.fits[1]
scw/2141/214100750010.001/swg.fits[1]
scw/2144/214400310010.001/swg.fits[1]
scw/2144/214400320010.001/swg.fits[1]
scw/2145/214500130010.001/swg.fits[1]
scw/2145/214500190010.001/swg.fits[1]
scw/2145/214500200010.001/swg.fits[1]
scw/2145/214500220010.001/swg.fits[1]
scw/2145/214500230010.001/swg.fits[1]
scw/2145/214500240010.001/swg.fits[1]
scw/2145/214500370010.001/swg.fits[1]
scw/2145/214500380010.001/swg.fits[1]
scw/2145/214500470010.001/swg.fits[1]
scw/2146/214600190010.001/swg.fits[1]
scw/2146/214600230010.001/swg.fits[1]
scw/2146/214600240010.001/swg.fits[1]
scw/2146/214600250010.001/swg.fits[1]
scw/2146/214600380010.001/swg.fits[1]
scw/2146/214600490010.001/swg.fits[1]
scw/2146/214600570010.001/swg.fits[1]
scw/2146/214600580010.001/swg.fits[1]
scw/2146/214600590010.001/swg.fits[1]
scw/2149/214900280010.001/swg.fits[1]
scw/2149/214900320010.001/swg.fits[1]
scw/2149/214900330010.001/swg.fits[1]
scw/2149/214900340010.001/swg.fits[1]
scw/2149/214900870010.001/swg.fits[1]
scw/2150/215000140010.001/swg.fits[1]
scw/2150/215000180010.001/swg.fits[1]
scw/2150/215000190010.001/swg.fits[1]
scw/2150/215000200010.001/swg.fits[1]
scw/2150/215000230010.001/swg.fits[1]
scw/2150/215000240010.001/swg.fits[1]
scw/2150/215000920010.001/swg.fits[1]
scw/2151/215100380010.001/swg.fits[1]
scw/2153/215300300010.001/swg.fits[1]
scw/2192/219200070010.001/swg.fits[1]
scw/2193/219300720010.001/swg.fits[1]
scw/2193/219300730010.001/swg.fits[1]
scw/2196/219600130010.001/swg.fits[1]
scw/2196/219600140010.001/swg.fits[1]
scw/2196/219600460010.001/swg.fits[1]
scw/2199/219900440010.001/swg.fits[1]
scw/2199/219900450010.001/swg.fits[1]
scw/2200/220000130010.001/swg.fits[1]
scw/2200/220000140010.001/swg.fits[1]
scw/2200/220000470010.001/swg.fits[1]
scw/2200/220000480010.001/swg.fits[1]
scw/2200/220000670010.001/swg.fits[1]
scw/2200/220000680010.001/swg.fits[1]
scw/2201/220100240010.001/swg.fits[1]
scw/2201/220100250010.001/swg.fits[1]
scw/2201/220100260010.001/swg.fits[1]
scw/2203/220300470010.001/swg.fits[1]
scw/2203/220300480010.001/swg.fits[1]
scw/2203/220300490010.001/swg.fits[1]
scw/2203/220300490020.001/swg.fits[1]
scw/2203/220300570010.001/swg.fits[1]
scw/2203/220300670010.001/swg.fits[1]
scw/2203/220300680010.001/swg.fits[1]
scw/2204/220400610010.001/swg.fits[1]
scw/2204/220400620010.001/swg.fits[1]
scw/2206/220600160010.001/swg.fits[1]
scw/2207/220700020010.001/swg.fits[1]
scw/2207/220700030010.001/swg.fits[1]
scw/2207/220700080010.001/swg.fits[1]
scw/2207/220700120010.001/swg.fits[1]
scw/2207/220700130010.001/swg.fits[1]
scw/2207/220700190010.001/swg.fits[1]
scw/2207/220700200010.001/swg.fits[1]
scw/2207/220700210010.001/swg.fits[1]
scw/2207/220700250010.001/swg.fits[1]
scw/2207/220700260010.001/swg.fits[1]
scw/2207/220700280010.001/swg.fits[1]
scw/2207/220700290010.001/swg.fits[1]
scw/2207/220700300010.001/swg.fits[1]
scw/2207/220700350010.001/swg.fits[1]
scw/2207/220700360010.001/swg.fits[1]
scw/2208/220800410010.001/swg.fits[1]
scw/2209/220900230010.001/swg.fits[1]
scw/2209/220900240010.001/swg.fits[1]
scw/2209/220900620010.001/swg.fits[1]
scw/2211/221100210010.001/swg.fits[1]
scw/2211/221100300010.001/swg.fits[1]
scw/2211/221100560010.001/swg.fits[1]
scw/2216/221600540010.001/swg.fits[1]
scw/2216/221600580010.001/swg.fits[1]
scw/2216/221600590010.001/swg.fits[1]
scw/2216/221600600010.001/swg.fits[1]
scw/2218/221800900010.001/swg.fits[1]
scw/2219/221900260010.001/swg.fits[1]
scw/2219/221900320010.001/swg.fits[1]
scw/2219/221900330010.001/swg.fits[1]
scw/2219/221900340010.001/swg.fits[1]
scw/2221/222100670010.001/swg.fits[1]
scw/2261/226100440010.001/swg.fits[1]
scw/2261/226100450010.001/swg.fits[1]
scw/2265/226500710010.001/swg.fits[1]
scw/2266/226600550010.001/swg.fits[1]
scw/2266/226600590010.001/swg.fits[1]
scw/2266/226600600010.001/swg.fits[1]
scw/2266/226600610010.001/swg.fits[1]
scw/2266/226600640010.001/swg.fits[1]
scw/2266/226600650010.001/swg.fits[1]
scw/2266/226600660010.001/swg.fits[1]
scw/2266/226600700010.001/swg.fits[1]
scw/2267/226700100010.001/swg.fits[1]
scw/2267/226700110010.001/swg.fits[1]
scw/2267/226700120010.001/swg.fits[1]
scw/2267/226700170010.001/swg.fits[1]
scw/2267/226700180010.001/swg.fits[1]
scw/2270/227000160010.001/swg.fits[1]
scw/2270/227000220010.001/swg.fits[1]
scw/2270/227000230010.001/swg.fits[1]
scw/2270/227000240010.001/swg.fits[1]
scw/2270/227000260010.001/swg.fits[1]
scw/2270/227000270010.001/swg.fits[1]
scw/2270/227000390010.001/swg.fits[1]
scw/2270/227000400010.001/swg.fits[1]
scw/2272/227200680010.001/swg.fits[1]
scw/2272/227200770010.001/swg.fits[1]
scw/2274/227400050010.001/swg.fits[1]
scw/2274/227400160010.001/swg.fits[1]
scw/2274/227400220010.001/swg.fits[1]
scw/2274/227400230010.001/swg.fits[1]
scw/2274/227400240010.001/swg.fits[1]
scw/2274/227400260010.001/swg.fits[1]
scw/2274/227400520010.001/swg.fits[1]
scw/2274/227400530010.001/swg.fits[1]
scw/2276/227600670010.001/swg.fits[1]
scw/2277/227700110010.001/swg.fits[1]
scw/2277/227700120010.001/swg.fits[1]
scw/2277/227700130010.001/swg.fits[1]
scw/2280/228000660010.001/swg.fits[1]
scw/2280/228000670010.001/swg.fits[1]
scw/2280/228000700010.001/swg.fits[1]
scw/2280/228000710010.001/swg.fits[1]
scw/2280/228000720010.001/swg.fits[1]
scw/2281/228100450010.001/swg.fits[1]
scw/2281/228100460010.001/swg.fits[1]
scw/2283/228300270010.001/swg.fits[1]
scw/2283/228300280010.001/swg.fits[1]
scw/2283/228300670010.001/swg.fits[1]
scw/2283/228300680010.001/swg.fits[1]
scw/2283/228300700010.001/swg.fits[1]
scw/2283/228300710010.001/swg.fits[1]
scw/2283/228300720010.001/swg.fits[1]
scw/2331/233100260010.001/swg.fits[1]
scw/2331/233100270010.001/swg.fits[1]
scw/2331/233100280010.001/swg.fits[1]
scw/2331/233100360010.001/swg.fits[1]
scw/2335/233500160010.001/swg.fits[1]
scw/2335/233500170010.001/swg.fits[1]
scw/2337/233700160010.001/swg.fits[1]
scw/2340/234000150010.001/swg.fits[1]
scw/2340/234000160010.001/swg.fits[1]
scw/2340/234000170010.001/swg.fits[1]
scw/2341/234100180010.001/swg.fits[1]
scw/2341/234100190010.001/swg.fits[1]
scw/2348/234800400010.001/swg.fits[1]
scw/2348/234800410010.001/swg.fits[1]
scw/2350/235000020010.001/swg.fits[1]
scw/2350/235000060010.001/swg.fits[1]
scw/2350/235000070010.001/swg.fits[1]
scw/2350/235000080010.001/swg.fits[1]
scw/2350/235000130010.001/swg.fits[1]
scw/2350/235000140010.001/swg.fits[1]
scw/2350/235000200010.001/swg.fits[1]
scw/2350/235000210010.001/swg.fits[1]
scw/2350/235000220010.001/swg.fits[1]
scw/2350/235000270010.001/swg.fits[1]
scw/2350/235000280010.001/swg.fits[1]
scw/2350/235000290010.001/swg.fits[1]
scw/2350/235000300010.001/swg.fits[1]
scw/2350/235000340010.001/swg.fits[1]
scw/2350/235000350010.001/swg.fits[1]
scw/2350/235000360010.001/swg.fits[1]
scw/2350/235000370010.001/swg.fits[1]
scw/2350/235000400010.001/swg.fits[1]
scw/2350/235000410010.001/swg.fits[1]
scw/2350/235000420010.001/swg.fits[1]
scw/2350/235000430010.001/swg.fits[1]
scw/2350/235000440010.001/swg.fits[1]
scw/2350/235000480010.001/swg.fits[1]
scw/2350/235000490010.001/swg.fits[1]
scw/2350/235000510010.001/swg.fits[1]
scw/2350/235000550010.001/swg.fits[1]
scw/2350/235000560010.001/swg.fits[1]
scw/2357/235700410010.001/swg.fits[1]
scw/2359/235900230010.001/swg.fits[1]
scw/2359/235900240010.001/swg.fits[1]
scw/2359/235900250010.001/swg.fits[1]
scw/2359/235900500010.001/swg.fits[1]
scw/2359/235900510010.001/swg.fits[1]
scw/2403/240300200010.001/swg.fits[1]
scw/2403/240300210010.001/swg.fits[1]
scw/2407/240700420010.001/swg.fits[1]
scw/2407/240700430010.001/swg.fits[1]
scw/2414/241400120010.001/swg.fits[1]
scw/2426/242600310010.001/swg.fits[1]
scw/2426/242600330010.001/swg.fits[1]
scw/2426/242600340010.001/swg.fits[1]
scw/2426/242600350010.001/swg.fits[1]
scw/2426/242600410010.001/swg.fits[1]
scw/2475/247500120010.001/swg.fits[1]
scw/2475/247500130010.001/swg.fits[1]
