scw/0049/004901000010.001/swg.fits[1]
scw/0051/005100020010.001/swg.fits[1]
scw/0051/005100110010.001/swg.fits[1]
scw/0051/005100120010.001/swg.fits[1]
scw/0052/005200130010.001/swg.fits[1]
scw/0052/005200140010.001/swg.fits[1]
scw/0052/005200240010.001/swg.fits[1]
scw/0052/005200250010.001/swg.fits[1]
scw/0052/005200290010.001/swg.fits[1]
scw/0052/005200300010.001/swg.fits[1]
scw/0052/005200390010.001/swg.fits[1]
scw/0052/005200400010.001/swg.fits[1]
scw/0052/005200410010.001/swg.fits[1]
scw/0052/005200460010.001/swg.fits[1]
scw/0054/005400710010.001/swg.fits[1]
scw/0054/005400720010.001/swg.fits[1]
scw/0054/005400900010.001/swg.fits[1]
scw/0054/005400910010.001/swg.fits[1]
scw/0054/005400920010.001/swg.fits[1]
scw/0059/005900200010.001/swg.fits[1]
scw/0100/010000680010.001/swg.fits[1]
scw/0100/010000690010.001/swg.fits[1]
scw/0100/010000700010.001/swg.fits[1]
scw/0100/010000790010.001/swg.fits[1]
scw/0100/010000800010.001/swg.fits[1]
scw/0100/010000850010.001/swg.fits[1]
scw/0100/010000860010.001/swg.fits[1]
scw/0100/010000960010.001/swg.fits[1]
scw/0100/010000970010.001/swg.fits[1]
scw/0100/010001020010.001/swg.fits[1]
scw/0100/010001030010.001/swg.fits[1]
scw/0100/010001120010.001/swg.fits[1]
scw/0100/010001130010.001/swg.fits[1]
scw/0118/011800720010.001/swg.fits[1]
scw/0118/011800730010.001/swg.fits[1]
scw/0118/011800740010.001/swg.fits[1]
scw/0118/011800870010.001/swg.fits[1]
scw/0118/011800880010.001/swg.fits[1]
scw/0118/011800890010.001/swg.fits[1]
scw/0166/016600220010.001/swg.fits[1]
scw/0166/016600230010.001/swg.fits[1]
scw/0166/016600290010.001/swg.fits[1]
scw/0166/016600300010.001/swg.fits[1]
scw/0166/016600700010.001/swg.fits[1]
scw/0166/016600710010.001/swg.fits[1]
scw/0167/016700810010.001/swg.fits[1]
scw/0167/016700820010.001/swg.fits[1]
scw/0167/016700870010.001/swg.fits[1]
scw/0167/016700880010.001/swg.fits[1]
scw/0174/017400030010.001/swg.fits[1]
scw/0174/017400040010.001/swg.fits[1]
scw/0174/017400290010.001/swg.fits[1]
scw/0174/017400300010.001/swg.fits[1]
scw/0224/022400560010.001/swg.fits[1]
scw/0224/022400620010.001/swg.fits[1]
scw/0226/022600480010.001/swg.fits[1]
scw/0232/023200460010.001/swg.fits[1]
scw/0232/023200470010.001/swg.fits[1]
scw/0232/023200480010.001/swg.fits[1]
scw/0232/023200490010.001/swg.fits[1]
scw/0232/023201040010.001/swg.fits[1]
scw/0232/023201050010.001/swg.fits[1]
scw/0232/023201060010.001/swg.fits[1]
scw/0232/023201070010.001/swg.fits[1]
scw/0233/023300230010.001/swg.fits[1]
scw/0290/029000120010.001/swg.fits[1]
scw/0290/029000130010.001/swg.fits[1]
scw/0290/029000210010.001/swg.fits[1]
scw/0290/029000220010.001/swg.fits[1]
scw/0290/029000510010.001/swg.fits[1]
scw/0290/029000520010.001/swg.fits[1]
scw/0290/029000530010.001/swg.fits[1]
scw/0290/029000610010.001/swg.fits[1]
scw/0295/029500720010.001/swg.fits[1]
scw/0295/029500730010.001/swg.fits[1]
scw/0295/029500800010.001/swg.fits[1]
scw/0295/029500810010.001/swg.fits[1]
scw/0295/029500820010.001/swg.fits[1]
scw/0296/029600660010.001/swg.fits[1]
scw/0296/029600670010.001/swg.fits[1]
scw/0296/029600680010.001/swg.fits[1]
scw/0296/029600760010.001/swg.fits[1]
scw/0299/029900410010.001/swg.fits[1]
scw/0299/029900420010.001/swg.fits[1]
scw/0299/029900490010.001/swg.fits[1]
scw/0299/029900500010.001/swg.fits[1]
scw/0299/029900510010.001/swg.fits[1]
scw/0299/029900800010.001/swg.fits[1]
scw/0299/029900810010.001/swg.fits[1]
scw/0299/029900820010.001/swg.fits[1]
scw/0299/029900900010.001/swg.fits[1]
scw/0301/030100510010.001/swg.fits[1]
scw/0302/030200110010.001/swg.fits[1]
scw/0302/030200120010.001/swg.fits[1]
scw/0302/030200130010.001/swg.fits[1]
scw/0302/030200180010.001/swg.fits[1]
scw/0302/030200190010.001/swg.fits[1]
scw/0302/030200200010.001/swg.fits[1]
scw/0302/030200210010.001/swg.fits[1]
scw/0302/030200220010.001/swg.fits[1]
scw/0302/030200230010.001/swg.fits[1]
scw/0303/030300250010.001/swg.fits[1]
scw/0303/030300350010.001/swg.fits[1]
scw/0303/030300360010.001/swg.fits[1]
scw/0303/030300410010.001/swg.fits[1]
scw/0303/030300420010.001/swg.fits[1]
scw/0303/030300450010.001/swg.fits[1]
scw/0303/030300460010.001/swg.fits[1]
scw/0304/030400100010.001/swg.fits[1]
scw/0304/030400110010.001/swg.fits[1]
scw/0304/030400180010.001/swg.fits[1]
scw/0304/030400190010.001/swg.fits[1]
scw/0304/030400490010.001/swg.fits[1]
scw/0304/030400500010.001/swg.fits[1]
scw/0304/030400510010.001/swg.fits[1]
scw/0345/034500540010.001/swg.fits[1]
scw/0345/034500550010.001/swg.fits[1]
scw/0345/034500620010.001/swg.fits[1]
scw/0345/034500630010.001/swg.fits[1]
scw/0350/035000400010.001/swg.fits[1]
scw/0350/035000410010.001/swg.fits[1]
scw/0350/035000420010.001/swg.fits[1]
scw/0351/035100650010.001/swg.fits[1]
scw/0351/035100660010.001/swg.fits[1]
scw/0351/035100670010.001/swg.fits[1]
scw/0351/035100720010.001/swg.fits[1]
scw/0351/035100730010.001/swg.fits[1]
scw/0351/035100740010.001/swg.fits[1]
scw/0351/035100750010.001/swg.fits[1]
scw/0351/035100760010.001/swg.fits[1]
scw/0367/036700150010.001/swg.fits[1]
scw/0367/036700220010.001/swg.fits[1]
scw/0407/040700140010.001/swg.fits[1]
scw/0409/040900320010.001/swg.fits[1]
scw/0411/041100180010.001/swg.fits[1]
scw/0419/041900550010.001/swg.fits[1]
scw/0423/042300170010.001/swg.fits[1]
scw/0481/048100400010.001/swg.fits[1]
scw/0525/052500020010.001/swg.fits[1]
scw/0525/052500030010.001/swg.fits[1]
scw/0525/052500110010.001/swg.fits[1]
scw/0525/052500420010.001/swg.fits[1]
scw/0525/052500430010.001/swg.fits[1]
scw/0525/052500500010.001/swg.fits[1]
scw/0525/052500510010.001/swg.fits[1]
scw/0531/053100120010.001/swg.fits[1]
scw/0531/053100210010.001/swg.fits[1]
scw/0531/053100520010.001/swg.fits[1]
scw/0531/053100530010.001/swg.fits[1]
scw/0534/053400810010.001/swg.fits[1]
scw/0535/053500020010.001/swg.fits[1]
scw/0536/053600150010.001/swg.fits[1]
scw/0536/053600160010.001/swg.fits[1]
scw/0536/053600250010.001/swg.fits[1]
scw/0536/053600550010.001/swg.fits[1]
scw/0536/053600560010.001/swg.fits[1]
scw/0536/053600570010.001/swg.fits[1]
scw/0536/053600650010.001/swg.fits[1]
scw/0537/053700360010.001/swg.fits[1]
scw/0540/054000100010.001/swg.fits[1]
scw/0540/054000190010.001/swg.fits[1]
scw/0540/054000490010.001/swg.fits[1]
scw/0540/054000500010.001/swg.fits[1]
scw/0540/054000510010.001/swg.fits[1]
scw/0540/054000590010.001/swg.fits[1]
scw/0542/054200540010.001/swg.fits[1]
scw/0544/054400330010.001/swg.fits[1]
scw/0544/054400340010.001/swg.fits[1]
scw/0544/054400630010.001/swg.fits[1]
scw/0544/054400640010.001/swg.fits[1]
scw/0544/054400650010.001/swg.fits[1]
scw/0895/089500140010.001/swg.fits[1]
scw/0895/089500150010.001/swg.fits[1]
scw/0895/089500160010.001/swg.fits[1]
scw/0895/089500170010.001/swg.fits[1]
scw/0895/089500180010.001/swg.fits[1]
scw/0895/089500350010.001/swg.fits[1]
scw/0895/089500360010.001/swg.fits[1]
scw/0895/089500370010.001/swg.fits[1]
scw/0895/089500380010.001/swg.fits[1]
scw/0895/089500460010.001/swg.fits[1]
scw/0895/089500570010.001/swg.fits[1]
scw/0895/089500580010.001/swg.fits[1]
scw/0896/089600120010.001/swg.fits[1]
scw/0896/089600130010.001/swg.fits[1]
scw/0896/089600150010.001/swg.fits[1]
scw/0896/089600330010.001/swg.fits[1]
scw/0896/089600340010.001/swg.fits[1]
scw/0896/089600350010.001/swg.fits[1]
scw/0896/089600430010.001/swg.fits[1]
scw/0896/089600610010.001/swg.fits[1]
scw/0896/089600620010.001/swg.fits[1]
scw/0896/089600630010.001/swg.fits[1]
scw/0896/089600640010.001/swg.fits[1]
scw/0896/089600650010.001/swg.fits[1]
scw/0897/089700150010.001/swg.fits[1]
scw/0897/089700250010.001/swg.fits[1]
