scw/0028/002800230010.001/swg.fits[1]
scw/0028/002800260010.001/swg.fits[1]
scw/0028/002800330010.001/swg.fits[1]
scw/0028/002800350010.001/swg.fits[1]
scw/0028/002800420010.001/swg.fits[1]
scw/0028/002800450010.001/swg.fits[1]
scw/0032/003200200010.001/swg.fits[1]
scw/0032/003200230010.001/swg.fits[1]
scw/0032/003200300010.001/swg.fits[1]
scw/0032/003200320010.001/swg.fits[1]
scw/0032/003200380010.001/swg.fits[1]
scw/0032/003200390010.001/swg.fits[1]
scw/0032/003200420010.001/swg.fits[1]
scw/0078/007800220010.001/swg.fits[1]
scw/0089/008900160010.001/swg.fits[1]
scw/0089/008900230010.001/swg.fits[1]
scw/0089/008900420010.001/swg.fits[1]
scw/0090/009000040010.001/swg.fits[1]
scw/0090/009000110010.001/swg.fits[1]
scw/0207/020700050010.001/swg.fits[1]
scw/0207/020700120010.001/swg.fits[1]
scw/0207/020700150010.001/swg.fits[1]
scw/0207/020700410010.001/swg.fits[1]
scw/0207/020700440010.001/swg.fits[1]
scw/0207/020700510010.001/swg.fits[1]
scw/0207/020700530010.001/swg.fits[1]
scw/0267/026700030010.001/swg.fits[1]
scw/0267/026700100010.001/swg.fits[1]
scw/0267/026700130010.001/swg.fits[1]
scw/0267/026700400010.001/swg.fits[1]
scw/0267/026700430010.001/swg.fits[1]
scw/0268/026800180010.001/swg.fits[1]
scw/0268/026800280010.001/swg.fits[1]
scw/0268/026800550010.001/swg.fits[1]
scw/0268/026800580010.001/swg.fits[1]
scw/0270/027000030010.001/swg.fits[1]
scw/0270/027000100010.001/swg.fits[1]
scw/0270/027000130010.001/swg.fits[1]
scw/0270/027000400010.001/swg.fits[1]
scw/0270/027000430010.001/swg.fits[1]
scw/0272/027200130010.001/swg.fits[1]
scw/0272/027200400010.001/swg.fits[1]
scw/0272/027200430010.001/swg.fits[1]
scw/0273/027300030010.001/swg.fits[1]
scw/0273/027300100010.001/swg.fits[1]
scw/0273/027300130010.001/swg.fits[1]
scw/0273/027300400010.001/swg.fits[1]
scw/0273/027300430010.001/swg.fits[1]
scw/0320/032000320010.001/swg.fits[1]
scw/0320/032000330010.001/swg.fits[1]
scw/0320/032000340010.001/swg.fits[1]
scw/0321/032100080010.001/swg.fits[1]
scw/0321/032100090010.001/swg.fits[1]
scw/0321/032100100010.001/swg.fits[1]
scw/0321/032100560010.001/swg.fits[1]
scw/0321/032100570010.001/swg.fits[1]
scw/0334/033400540010.001/swg.fits[1]
scw/0334/033400550010.001/swg.fits[1]
scw/0398/039800380010.001/swg.fits[1]
scw/0398/039800460010.001/swg.fits[1]
scw/0398/039800470010.001/swg.fits[1]
scw/0443/044300180010.001/swg.fits[1]
scw/0443/044300190010.001/swg.fits[1]
scw/0444/044400300010.001/swg.fits[1]
scw/0444/044400310010.001/swg.fits[1]
scw/0444/044400470010.001/swg.fits[1]
scw/0444/044400780010.001/swg.fits[1]
scw/0444/044400790010.001/swg.fits[1]
scw/0445/044500640010.001/swg.fits[1]
scw/0445/044500650010.001/swg.fits[1]
scw/0445/044500660010.001/swg.fits[1]
scw/0464/046400550010.001/swg.fits[1]
scw/0633/063300080010.001/swg.fits[1]
scw/0633/063300090010.001/swg.fits[1]
scw/0633/063300450010.001/swg.fits[1]
scw/0633/063300460010.001/swg.fits[1]
scw/0633/063300550010.001/swg.fits[1]
scw/0633/063300580010.001/swg.fits[1]
scw/0633/063300590010.001/swg.fits[1]
scw/0635/063500070010.001/swg.fits[1]
scw/0635/063500080010.001/swg.fits[1]
scw/0635/063500440010.001/swg.fits[1]
scw/0635/063500450010.001/swg.fits[1]
scw/0635/063500570010.001/swg.fits[1]
scw/0635/063500580010.001/swg.fits[1]
scw/0637/063700070010.001/swg.fits[1]
scw/0637/063700080010.001/swg.fits[1]
scw/0637/063700440010.001/swg.fits[1]
scw/0637/063700450010.001/swg.fits[1]
scw/0637/063700570010.001/swg.fits[1]
scw/0637/063700580010.001/swg.fits[1]
scw/0829/082900060010.001/swg.fits[1]
scw/0830/083000320010.001/swg.fits[1]
scw/0830/083000330010.001/swg.fits[1]
scw/0876/087600060010.001/swg.fits[1]
scw/0876/087600470010.001/swg.fits[1]
scw/0876/087600560010.001/swg.fits[1]
scw/0878/087800370010.001/swg.fits[1]
scw/0878/087800470010.001/swg.fits[1]
scw/0879/087900260010.001/swg.fits[1]
scw/0879/087900340010.001/swg.fits[1]
scw/0879/087900350010.001/swg.fits[1]
scw/0880/088000130010.001/swg.fits[1]
scw/0880/088000240010.001/swg.fits[1]
scw/0929/092900090010.001/swg.fits[1]
scw/0929/092900170010.001/swg.fits[1]
scw/0929/092900180010.001/swg.fits[1]
scw/0930/093000260010.001/swg.fits[1]
scw/0930/093000270010.001/swg.fits[1]
scw/0930/093000370010.001/swg.fits[1]
scw/0931/093100200010.001/swg.fits[1]
scw/0931/093100210010.001/swg.fits[1]
scw/0931/093100290010.001/swg.fits[1]
scw/0932/093200570010.001/swg.fits[1]
scw/0937/093700050010.001/swg.fits[1]
scw/0937/093700460010.001/swg.fits[1]
scw/0937/093700550010.001/swg.fits[1]
scw/0949/094900060010.001/swg.fits[1]
scw/0949/094900160010.001/swg.fits[1]
scw/0949/094900570010.001/swg.fits[1]
scw/0997/099700210010.001/swg.fits[1]
scw/0997/099700320010.001/swg.fits[1]
scw/1003/100300130010.001/swg.fits[1]
scw/1003/100300240010.001/swg.fits[1]
scw/1003/100300630010.001/swg.fits[1]
scw/1004/100400110010.001/swg.fits[1]
scw/1004/100400120010.001/swg.fits[1]
scw/1004/100400510010.001/swg.fits[1]
scw/1004/100400620010.001/swg.fits[1]
scw/1005/100500080010.001/swg.fits[1]
scw/1005/100500490010.001/swg.fits[1]
scw/1005/100500580010.001/swg.fits[1]
scw/1006/100600380010.001/swg.fits[1]
scw/1006/100600480010.001/swg.fits[1]
scw/1053/105300310010.001/swg.fits[1]
scw/1054/105400460010.001/swg.fits[1]
scw/1054/105400470010.001/swg.fits[1]
scw/1055/105500280010.001/swg.fits[1]
scw/1057/105700200010.001/swg.fits[1]
scw/1057/105700290010.001/swg.fits[1]
scw/1059/105900390010.001/swg.fits[1]
scw/1059/105900500010.001/swg.fits[1]
scw/1060/106000660010.001/swg.fits[1]
scw/1060/106000670010.001/swg.fits[1]
scw/1061/106100490010.001/swg.fits[1]
scw/1063/106300430010.001/swg.fits[1]
scw/1063/106300520010.001/swg.fits[1]
scw/1067/106700430010.001/swg.fits[1]
scw/1067/106700530010.001/swg.fits[1]
scw/1068/106800660010.001/swg.fits[1]
scw/1068/106800750010.001/swg.fits[1]
scw/1116/111600490010.001/swg.fits[1]
scw/1117/111700180010.001/swg.fits[1]
scw/1117/111700280010.001/swg.fits[1]
scw/1120/112000350010.001/swg.fits[1]
scw/1120/112000430010.001/swg.fits[1]
scw/1120/112000440010.001/swg.fits[1]
scw/1121/112100420010.001/swg.fits[1]
scw/1121/112100530010.001/swg.fits[1]
scw/1123/112300390010.001/swg.fits[1]
scw/1123/112300400010.001/swg.fits[1]
scw/1123/112300500010.001/swg.fits[1]
scw/1124/112400480010.001/swg.fits[1]
scw/1124/112400580010.001/swg.fits[1]
scw/1125/112500320010.001/swg.fits[1]
scw/1125/112500430010.001/swg.fits[1]
scw/1127/112700130010.001/swg.fits[1]
scw/1128/112800120010.001/swg.fits[1]
scw/1180/118000280010.001/swg.fits[1]
scw/1180/118000370010.001/swg.fits[1]
scw/1181/118100370010.001/swg.fits[1]
scw/1181/118100460010.001/swg.fits[1]
scw/1182/118200440010.001/swg.fits[1]
scw/1182/118200530010.001/swg.fits[1]
scw/1183/118300350010.001/swg.fits[1]
scw/1188/118800090010.001/swg.fits[1]
scw/1191/119100220010.001/swg.fits[1]
scw/1191/119100310010.001/swg.fits[1]
scw/1191/119100720010.001/swg.fits[1]
scw/1192/119200070010.001/swg.fits[1]
scw/1235/123500420010.001/swg.fits[1]
scw/1236/123600270010.001/swg.fits[1]
scw/1236/123600360010.001/swg.fits[1]
scw/1242/124200040010.001/swg.fits[1]
scw/1242/124200130010.001/swg.fits[1]
scw/1242/124200540010.001/swg.fits[1]
scw/1242/124200630010.001/swg.fits[1]
scw/1243/124300540010.001/swg.fits[1]
scw/1563/156300610010.001/swg.fits[1]
scw/1563/156300620010.001/swg.fits[1]
scw/1564/156400060010.001/swg.fits[1]
scw/1564/156400070010.001/swg.fits[1]
scw/1695/169500210010.001/swg.fits[1]
scw/1695/169500220010.001/swg.fits[1]
scw/1820/182000220010.001/swg.fits[1]
scw/1821/182100250010.001/swg.fits[1]
scw/1822/182200220010.001/swg.fits[1]
scw/1823/182300600010.001/swg.fits[1]
scw/1832/183200190010.001/swg.fits[1]
scw/1832/183200200010.001/swg.fits[1]
scw/1832/183200320010.001/swg.fits[1]
scw/1832/183200330010.001/swg.fits[1]
scw/1846/184600120010.001/swg.fits[1]
scw/1892/189200400010.001/swg.fits[1]
scw/1893/189300020010.001/swg.fits[1]
scw/1893/189300410010.001/swg.fits[1]
scw/1895/189500480010.001/swg.fits[1]
scw/1895/189500480020.001/swg.fits[1]
scw/1898/189800060010.001/swg.fits[1]
scw/1899/189900190010.001/swg.fits[1]
scw/1900/190000120010.001/swg.fits[1]
scw/1966/196600160010.001/swg.fits[1]
scw/1972/197200400010.001/swg.fits[1]
scw/1972/197200410010.001/swg.fits[1]
scw/1972/197200530010.001/swg.fits[1]
scw/1972/197200540010.001/swg.fits[1]
scw/1983/198300430010.001/swg.fits[1]
scw/2030/203000100010.001/swg.fits[1]
scw/2030/203000200010.001/swg.fits[1]
scw/2031/203100240010.001/swg.fits[1]
scw/2109/210900190010.001/swg.fits[1]
scw/2109/210900200010.001/swg.fits[1]
scw/2109/210900320010.001/swg.fits[1]
scw/2109/210900330010.001/swg.fits[1]
scw/2247/224700420010.001/swg.fits[1]
scw/2247/224700430010.001/swg.fits[1]
scw/2247/224700500010.001/swg.fits[1]
scw/2248/224800190010.001/swg.fits[1]
scw/2248/224800200010.001/swg.fits[1]
scw/2375/237500380010.001/swg.fits[1]
scw/2375/237500390010.001/swg.fits[1]
scw/2375/237500510010.001/swg.fits[1]
scw/2375/237500520010.001/swg.fits[1]
