scw/0231/023100890010.001/swg.fits[1]
scw/0233/023300120010.001/swg.fits[1]
scw/0237/023700100010.001/swg.fits[1]
scw/0237/023700110010.001/swg.fits[1]
scw/0242/024200430010.001/swg.fits[1]
scw/0242/024200440010.001/swg.fits[1]
scw/0242/024200490010.001/swg.fits[1]
scw/0242/024200500010.001/swg.fits[1]
scw/0243/024300730010.001/swg.fits[1]
scw/0243/024300740010.001/swg.fits[1]
scw/0243/024300790010.001/swg.fits[1]
scw/0243/024300800010.001/swg.fits[1]
scw/0246/024600020010.001/swg.fits[1]
scw/0246/024600030010.001/swg.fits[1]
scw/0246/024600040010.001/swg.fits[1]
scw/0246/024600050010.001/swg.fits[1]
scw/0246/024600090010.001/swg.fits[1]
scw/0246/024600100010.001/swg.fits[1]
scw/0246/024600110010.001/swg.fits[1]
scw/0246/024600120010.001/swg.fits[1]
scw/0246/024600160010.001/swg.fits[1]
scw/0246/024600170010.001/swg.fits[1]
scw/0246/024600180010.001/swg.fits[1]
scw/0246/024600190010.001/swg.fits[1]
scw/0246/024600230010.001/swg.fits[1]
scw/0246/024600240010.001/swg.fits[1]
scw/0246/024600250010.001/swg.fits[1]
scw/0246/024600260010.001/swg.fits[1]
scw/0248/024800130010.001/swg.fits[1]
scw/0248/024800140010.001/swg.fits[1]
scw/0248/024800150010.001/swg.fits[1]
scw/0248/024800550010.001/swg.fits[1]
scw/0248/024800650010.001/swg.fits[1]
scw/0248/024800660010.001/swg.fits[1]
scw/0248/024800670010.001/swg.fits[1]
scw/0248/024800750010.001/swg.fits[1]
scw/0249/024900370010.001/swg.fits[1]
scw/0249/024900380010.001/swg.fits[1]
scw/0249/024900470010.001/swg.fits[1]
scw/0249/024900480010.001/swg.fits[1]
scw/0249/024900790010.001/swg.fits[1]
scw/0249/024900880010.001/swg.fits[1]
scw/0249/024900980010.001/swg.fits[1]
scw/0249/024900990010.001/swg.fits[1]
scw/0250/025000540010.001/swg.fits[1]
scw/0250/025000550010.001/swg.fits[1]
scw/0250/025000640010.001/swg.fits[1]
scw/0250/025000650010.001/swg.fits[1]
scw/0250/025000740010.001/swg.fits[1]
scw/0251/025100010010.001/swg.fits[1]
scw/0251/025100120010.001/swg.fits[1]
scw/0251/025100420010.001/swg.fits[1]
scw/0251/025100510010.001/swg.fits[1]
scw/0251/025100520010.001/swg.fits[1]
scw/0255/025500310010.001/swg.fits[1]
scw/0255/025500320010.001/swg.fits[1]
scw/0255/025500330010.001/swg.fits[1]
scw/0255/025500340010.001/swg.fits[1]
scw/0255/025500350010.001/swg.fits[1]
scw/0255/025500380010.001/swg.fits[1]
scw/0255/025500390010.001/swg.fits[1]
scw/0255/025500400010.001/swg.fits[1]
scw/0255/025500410010.001/swg.fits[1]
scw/0255/025500420010.001/swg.fits[1]
scw/0255/025500450010.001/swg.fits[1]
scw/0255/025500460010.001/swg.fits[1]
scw/0255/025500470010.001/swg.fits[1]
scw/0255/025500480010.001/swg.fits[1]
scw/0255/025500490010.001/swg.fits[1]
scw/0255/025500520010.001/swg.fits[1]
scw/0255/025500530010.001/swg.fits[1]
scw/0255/025500540010.001/swg.fits[1]
scw/0255/025500550010.001/swg.fits[1]
scw/0255/025500560010.001/swg.fits[1]
scw/0257/025700030010.001/swg.fits[1]
scw/0295/029500040010.001/swg.fits[1]
scw/0295/029500080010.001/swg.fits[1]
scw/0295/029500090010.001/swg.fits[1]
scw/0295/029500100010.001/swg.fits[1]
scw/0295/029500110010.001/swg.fits[1]
scw/0295/029500150010.001/swg.fits[1]
scw/0295/029500160010.001/swg.fits[1]
scw/0295/029500170010.001/swg.fits[1]
scw/0295/029500180010.001/swg.fits[1]
scw/0295/029500220010.001/swg.fits[1]
scw/0295/029500230010.001/swg.fits[1]
scw/0295/029500240010.001/swg.fits[1]
scw/0295/029500250010.001/swg.fits[1]
scw/0295/029500290010.001/swg.fits[1]
scw/0295/029500300010.001/swg.fits[1]
scw/0295/029500310010.001/swg.fits[1]
scw/0301/030100340010.001/swg.fits[1]
scw/0305/030500020010.001/swg.fits[1]
scw/0305/030500060010.001/swg.fits[1]
scw/0305/030500070010.001/swg.fits[1]
scw/0305/030500080010.001/swg.fits[1]
scw/0305/030500090010.001/swg.fits[1]
scw/0305/030500130010.001/swg.fits[1]
scw/0305/030500140010.001/swg.fits[1]
scw/0305/030500150010.001/swg.fits[1]
scw/0305/030500160010.001/swg.fits[1]
scw/0305/030500200010.001/swg.fits[1]
scw/0305/030500210010.001/swg.fits[1]
scw/0305/030500220010.001/swg.fits[1]
scw/0305/030500230010.001/swg.fits[1]
scw/0305/030500270010.001/swg.fits[1]
scw/0305/030500280010.001/swg.fits[1]
scw/0305/030500290010.001/swg.fits[1]
scw/0307/030700130010.001/swg.fits[1]
scw/0311/031100050010.001/swg.fits[1]
scw/0315/031500290010.001/swg.fits[1]
scw/0315/031500300010.001/swg.fits[1]
scw/0315/031500330010.001/swg.fits[1]
scw/0315/031500340010.001/swg.fits[1]
scw/0315/031500350010.001/swg.fits[1]
scw/0315/031500360010.001/swg.fits[1]
scw/0315/031500370010.001/swg.fits[1]
scw/0315/031500400010.001/swg.fits[1]
scw/0315/031500410010.001/swg.fits[1]
scw/0315/031500420010.001/swg.fits[1]
scw/0315/031500430010.001/swg.fits[1]
scw/0315/031500440010.001/swg.fits[1]
scw/0315/031500470010.001/swg.fits[1]
scw/0315/031500480010.001/swg.fits[1]
scw/0315/031500490010.001/swg.fits[1]
scw/0315/031500500010.001/swg.fits[1]
scw/0315/031500510010.001/swg.fits[1]
scw/0323/032300140010.001/swg.fits[1]
scw/0356/035600300010.001/swg.fits[1]
scw/0356/035600310010.001/swg.fits[1]
scw/0356/035600320010.001/swg.fits[1]
scw/0356/035600330010.001/swg.fits[1]
scw/0356/035600370010.001/swg.fits[1]
scw/0356/035600380010.001/swg.fits[1]
scw/0356/035600390010.001/swg.fits[1]
scw/0356/035600400010.001/swg.fits[1]
scw/0356/035600440010.001/swg.fits[1]
scw/0356/035600450010.001/swg.fits[1]
scw/0356/035600460010.001/swg.fits[1]
scw/0356/035600510010.001/swg.fits[1]
scw/0356/035600520010.001/swg.fits[1]
scw/0356/035600530010.001/swg.fits[1]
scw/0356/035600540010.001/swg.fits[1]
scw/0361/036100010010.001/swg.fits[1]
scw/0361/036100020010.001/swg.fits[1]
scw/0361/036100030010.001/swg.fits[1]
scw/0361/036100040010.001/swg.fits[1]
scw/0361/036100080010.001/swg.fits[1]
scw/0361/036100090010.001/swg.fits[1]
scw/0361/036100100010.001/swg.fits[1]
scw/0361/036100110010.001/swg.fits[1]
scw/0361/036100150010.001/swg.fits[1]
scw/0361/036100160010.001/swg.fits[1]
scw/0361/036100170010.001/swg.fits[1]
scw/0361/036100180010.001/swg.fits[1]
scw/0361/036100220010.001/swg.fits[1]
scw/0361/036100230010.001/swg.fits[1]
scw/0361/036100240010.001/swg.fits[1]
scw/0361/036100250010.001/swg.fits[1]
scw/0366/036600250010.001/swg.fits[1]
scw/0366/036600320010.001/swg.fits[1]
scw/0366/036600330010.001/swg.fits[1]
scw/0366/036600340010.001/swg.fits[1]
scw/0366/036600350010.001/swg.fits[1]
scw/0366/036600360010.001/swg.fits[1]
scw/0366/036600370010.001/swg.fits[1]
scw/0366/036600430010.001/swg.fits[1]
scw/0366/036600440010.001/swg.fits[1]
scw/0367/036700420010.001/swg.fits[1]
scw/0367/036700430010.001/swg.fits[1]
scw/0367/036700440010.001/swg.fits[1]
scw/0367/036700450010.001/swg.fits[1]
scw/0367/036700460010.001/swg.fits[1]
scw/0367/036700500010.001/swg.fits[1]
scw/0367/036700510010.001/swg.fits[1]
scw/0367/036700520010.001/swg.fits[1]
scw/0367/036700530010.001/swg.fits[1]
scw/0367/036700570010.001/swg.fits[1]
scw/0367/036700580010.001/swg.fits[1]
scw/0367/036700590010.001/swg.fits[1]
scw/0367/036700600010.001/swg.fits[1]
scw/0367/036700660010.001/swg.fits[1]
scw/0368/036800010010.001/swg.fits[1]
scw/0368/036800020010.001/swg.fits[1]
scw/0368/036800030010.001/swg.fits[1]
scw/0368/036800040010.001/swg.fits[1]
scw/0368/036800080010.001/swg.fits[1]
scw/0368/036800090010.001/swg.fits[1]
scw/0368/036800100010.001/swg.fits[1]
scw/0368/036800110010.001/swg.fits[1]
scw/0368/036800150010.001/swg.fits[1]
scw/0368/036800160010.001/swg.fits[1]
scw/0368/036800170010.001/swg.fits[1]
scw/0368/036800180010.001/swg.fits[1]
scw/0368/036800600010.001/swg.fits[1]
scw/0369/036900020010.001/swg.fits[1]
scw/0369/036900030010.001/swg.fits[1]
scw/0369/036900040010.001/swg.fits[1]
scw/0369/036900050010.001/swg.fits[1]
scw/0369/036900060010.001/swg.fits[1]
scw/0369/036900120010.001/swg.fits[1]
scw/0373/037300030010.001/swg.fits[1]
scw/0373/037300040010.001/swg.fits[1]
scw/0373/037300050010.001/swg.fits[1]
scw/0373/037300090010.001/swg.fits[1]
scw/0373/037300110010.001/swg.fits[1]
scw/0373/037300120010.001/swg.fits[1]
scw/0373/037300160010.001/swg.fits[1]
scw/0373/037300170010.001/swg.fits[1]
scw/0373/037300180010.001/swg.fits[1]
scw/0373/037300190010.001/swg.fits[1]
scw/0373/037300200010.001/swg.fits[1]
scw/0373/037300230010.001/swg.fits[1]
scw/0373/037300240010.001/swg.fits[1]
scw/0373/037300250010.001/swg.fits[1]
scw/0373/037300260010.001/swg.fits[1]
scw/0373/037300270010.001/swg.fits[1]
scw/0379/037900040010.001/swg.fits[1]
scw/0379/037900050010.001/swg.fits[1]
scw/0379/037900060010.001/swg.fits[1]
scw/0379/037900070010.001/swg.fits[1]
scw/0379/037900080010.001/swg.fits[1]
scw/0379/037900110010.001/swg.fits[1]
