scw/0718/071800160010.001/swg.fits[1]
scw/0718/071800300010.001/swg.fits[1]
scw/0718/071800370010.001/swg.fits[1]
scw/0718/071800440010.001/swg.fits[1]
scw/0719/071900180010.001/swg.fits[1]
scw/0854/085400420010.001/swg.fits[1]
scw/0854/085400490010.001/swg.fits[1]
scw/0854/085400560010.001/swg.fits[1]
scw/0856/085600190010.001/swg.fits[1]
scw/0856/085600200010.001/swg.fits[1]
scw/0856/085600260010.001/swg.fits[1]
scw/0971/097100430010.001/swg.fits[1]
scw/0971/097100440010.001/swg.fits[1]
scw/0973/097300470010.001/swg.fits[1]
scw/0973/097300480010.001/swg.fits[1]
scw/0973/097300910010.001/swg.fits[1]
scw/0973/097300920010.001/swg.fits[1]
scw/0974/097400090010.001/swg.fits[1]
scw/0974/097400100010.001/swg.fits[1]
scw/0974/097400530010.001/swg.fits[1]
scw/0974/097400540010.001/swg.fits[1]
scw/0975/097500250010.001/swg.fits[1]
scw/0975/097500260010.001/swg.fits[1]
scw/0975/097500430010.001/swg.fits[1]
scw/0975/097500440010.001/swg.fits[1]
scw/1444/144400210010.001/swg.fits[1]
scw/1444/144400300010.001/swg.fits[1]
scw/1445/144500270010.001/swg.fits[1]
scw/1504/150400090010.001/swg.fits[1]
scw/1868/186800120010.001/swg.fits[1]
scw/1868/186800130010.001/swg.fits[1]
scw/1868/186800140010.001/swg.fits[1]
scw/1868/186800430010.001/swg.fits[1]
scw/1868/186800440010.001/swg.fits[1]
scw/1868/186800520010.001/swg.fits[1]
scw/1868/186800530010.001/swg.fits[1]
scw/1868/186800540010.001/swg.fits[1]
scw/1868/186800550010.001/swg.fits[1]
scw/1869/186900070010.001/swg.fits[1]
scw/1869/186900080010.001/swg.fits[1]
scw/1869/186900390010.001/swg.fits[1]
scw/1869/186900400010.001/swg.fits[1]
scw/1869/186900470010.001/swg.fits[1]
scw/1869/186900480010.001/swg.fits[1]
scw/1869/186900490010.001/swg.fits[1]
scw/1870/187000080010.001/swg.fits[1]
scw/1870/187000090010.001/swg.fits[1]
scw/1870/187000380010.001/swg.fits[1]
scw/1870/187000390010.001/swg.fits[1]
scw/1870/187000400010.001/swg.fits[1]
scw/1870/187000470010.001/swg.fits[1]
scw/1870/187000490010.001/swg.fits[1]
scw/1873/187300120010.001/swg.fits[1]
scw/1873/187300130010.001/swg.fits[1]
scw/1874/187400080010.001/swg.fits[1]
scw/1874/187400090010.001/swg.fits[1]
scw/1874/187400100010.001/swg.fits[1]
scw/1874/187400110010.001/swg.fits[1]
scw/1874/187400200010.001/swg.fits[1]
scw/1874/187400280010.001/swg.fits[1]
scw/1874/187400290010.001/swg.fits[1]
scw/1874/187400300010.001/swg.fits[1]
scw/1874/187400310010.001/swg.fits[1]
