scw/0051/005100550010.001/swg.fits[1]
scw/0063/006300080010.001/swg.fits[1]
scw/0229/022900560010.001/swg.fits[1]
scw/0250/025000150010.001/swg.fits[1]
scw/0292/029200050010.001/swg.fits[1]
scw/0308/030800080010.001/swg.fits[1]
scw/0420/042000190010.001/swg.fits[1]
scw/0428/042800650010.001/swg.fits[1]
scw/0436/043600030010.001/swg.fits[1]
scw/0918/091800720010.001/swg.fits[1]
scw/0918/091800730010.001/swg.fits[1]
scw/0919/091900210010.001/swg.fits[1]
scw/0919/091900220010.001/swg.fits[1]
scw/0919/091900230010.001/swg.fits[1]
scw/0919/091900240010.001/swg.fits[1]
scw/0919/091900410010.001/swg.fits[1]
scw/0919/091900420010.001/swg.fits[1]
scw/0919/091900430010.001/swg.fits[1]
scw/0919/091900440010.001/swg.fits[1]
scw/0919/091901030010.001/swg.fits[1]
scw/0919/091901040010.001/swg.fits[1]
scw/0920/092000160010.001/swg.fits[1]
scw/0920/092000170010.001/swg.fits[1]
scw/0920/092000360010.001/swg.fits[1]
scw/0920/092000370010.001/swg.fits[1]
scw/0920/092000380010.001/swg.fits[1]
scw/0920/092000390010.001/swg.fits[1]
scw/0920/092000560010.001/swg.fits[1]
scw/0920/092000570010.001/swg.fits[1]
scw/0921/092100240010.001/swg.fits[1]
scw/0921/092100250010.001/swg.fits[1]
scw/0921/092100430010.001/swg.fits[1]
scw/0921/092100440010.001/swg.fits[1]
scw/0921/092100450010.001/swg.fits[1]
scw/0921/092100460010.001/swg.fits[1]
scw/0921/092100630010.001/swg.fits[1]
scw/0921/092100640010.001/swg.fits[1]
scw/0921/092101050010.001/swg.fits[1]
scw/0922/092200170010.001/swg.fits[1]
scw/0922/092200360010.001/swg.fits[1]
scw/0922/092200370010.001/swg.fits[1]
scw/0922/092200380010.001/swg.fits[1]
scw/0922/092200390010.001/swg.fits[1]
scw/0923/092300240010.001/swg.fits[1]
scw/0923/092300250010.001/swg.fits[1]
scw/0923/092300440010.001/swg.fits[1]
scw/0923/092300450010.001/swg.fits[1]
scw/0923/092300640010.001/swg.fits[1]
scw/0924/092400620010.001/swg.fits[1]
scw/0924/092400630010.001/swg.fits[1]
scw/0924/092400640010.001/swg.fits[1]
scw/0924/092400650010.001/swg.fits[1]
scw/0924/092400830010.001/swg.fits[1]
scw/0924/092400840010.001/swg.fits[1]
scw/0975/097500820010.001/swg.fits[1]
scw/0975/097500830010.001/swg.fits[1]
scw/0979/097900450010.001/swg.fits[1]
scw/0979/097900640010.001/swg.fits[1]
scw/0979/097900650010.001/swg.fits[1]
scw/0979/097900840010.001/swg.fits[1]
scw/0979/097900850010.001/swg.fits[1]
scw/0979/097901040010.001/swg.fits[1]
scw/0980/098000720010.001/swg.fits[1]
scw/0980/098000730010.001/swg.fits[1]
scw/0980/098000910010.001/swg.fits[1]
scw/0980/098000920010.001/swg.fits[1]
scw/0980/098000930010.001/swg.fits[1]
scw/0980/098000940010.001/swg.fits[1]
scw/1035/103500190010.001/swg.fits[1]
scw/1035/103500200010.001/swg.fits[1]
scw/1035/103500210010.001/swg.fits[1]
scw/1095/109500250010.001/swg.fits[1]
scw/1095/109500260010.001/swg.fits[1]
scw/1095/109500570010.001/swg.fits[1]
scw/1095/109500580010.001/swg.fits[1]
scw/1095/109500890010.001/swg.fits[1]
scw/1095/109500900010.001/swg.fits[1]
scw/1141/114100240010.001/swg.fits[1]
scw/2294/229400220010.001/swg.fits[1]
scw/2428/242800200010.001/swg.fits[1]
scw/2428/242800220010.001/swg.fits[1]
scw/2428/242800230010.001/swg.fits[1]
