scw/1958/195800290010.001/swg.fits[1]
scw/1958/195800300010.001/swg.fits[1]
scw/1958/195800310010.001/swg.fits[1]
scw/1958/195800320010.001/swg.fits[1]
scw/1958/195800400010.001/swg.fits[1]
scw/1959/195900070010.001/swg.fits[1]
scw/1959/195900080010.001/swg.fits[1]
scw/1959/195900150010.001/swg.fits[1]
scw/1959/195900160010.001/swg.fits[1]
scw/1959/195900180010.001/swg.fits[1]
scw/1959/195900250010.001/swg.fits[1]
scw/1959/195900270010.001/swg.fits[1]
scw/1959/195900280010.001/swg.fits[1]
scw/1959/195900290010.001/swg.fits[1]
scw/1959/195900350010.001/swg.fits[1]
scw/1960/196000330010.001/swg.fits[1]
scw/1960/196000340010.001/swg.fits[1]
scw/1960/196000350010.001/swg.fits[1]
scw/1960/196000360010.001/swg.fits[1]
scw/1960/196000370010.001/swg.fits[1]
scw/1960/196000440010.001/swg.fits[1]
scw/1960/196000450010.001/swg.fits[1]
scw/1960/196000460010.001/swg.fits[1]
scw/1960/196000470010.001/swg.fits[1]
scw/1961/196100050010.001/swg.fits[1]
scw/1961/196100060010.001/swg.fits[1]
scw/1961/196100130010.001/swg.fits[1]
scw/1961/196100140010.001/swg.fits[1]
scw/1961/196100160010.001/swg.fits[1]
scw/1961/196100250010.001/swg.fits[1]
scw/1961/196100260010.001/swg.fits[1]
scw/1961/196100270010.001/swg.fits[1]
scw/1961/196100320010.001/swg.fits[1]
scw/1961/196100330010.001/swg.fits[1]
scw/1962/196200060010.001/swg.fits[1]
scw/1962/196200120010.001/swg.fits[1]
scw/1962/196200130010.001/swg.fits[1]
scw/1962/196200150010.001/swg.fits[1]
scw/1962/196200160010.001/swg.fits[1]
scw/1962/196200170010.001/swg.fits[1]
scw/1962/196200230010.001/swg.fits[1]
scw/1962/196200240010.001/swg.fits[1]
scw/1962/196200250010.001/swg.fits[1]
scw/1962/196200260010.001/swg.fits[1]
scw/1962/196200270010.001/swg.fits[1]
scw/1962/196200330010.001/swg.fits[1]
scw/1963/196300030010.001/swg.fits[1]
scw/1963/196300040010.001/swg.fits[1]
scw/1963/196300100010.001/swg.fits[1]
scw/1963/196300110010.001/swg.fits[1]
scw/1963/196300120010.001/swg.fits[1]
scw/1963/196300140010.001/swg.fits[1]
scw/1963/196300210010.001/swg.fits[1]
scw/1963/196300220010.001/swg.fits[1]
scw/1963/196300240010.001/swg.fits[1]
scw/1963/196300250010.001/swg.fits[1]
scw/1979/197900140010.001/swg.fits[1]
scw/1979/197900230010.001/swg.fits[1]
scw/1979/197900240010.001/swg.fits[1]
scw/1980/198000760010.001/swg.fits[1]
scw/1980/198000830010.001/swg.fits[1]
scw/1984/198400930010.001/swg.fits[1]
scw/2048/204800140010.001/swg.fits[1]
scw/2048/204800180010.001/swg.fits[1]
scw/2048/204800190010.001/swg.fits[1]
scw/2048/204800230010.001/swg.fits[1]
scw/2048/204800280010.001/swg.fits[1]
scw/2049/204900100010.001/swg.fits[1]
scw/2049/204900140010.001/swg.fits[1]
scw/2049/204900150010.001/swg.fits[1]
scw/2049/204900190010.001/swg.fits[1]
scw/2049/204900240010.001/swg.fits[1]
scw/2050/205000100010.001/swg.fits[1]
scw/2050/205000140010.001/swg.fits[1]
scw/2050/205000150010.001/swg.fits[1]
scw/2050/205000190010.001/swg.fits[1]
scw/2050/205000240010.001/swg.fits[1]
scw/2119/211900470010.001/swg.fits[1]
scw/2119/211900480010.001/swg.fits[1]
scw/2119/211900490010.001/swg.fits[1]
scw/2119/211900500010.001/swg.fits[1]
scw/2168/216800110010.001/swg.fits[1]
scw/2168/216800120010.001/swg.fits[1]
scw/2168/216800180010.001/swg.fits[1]
scw/2168/216800190010.001/swg.fits[1]
scw/2168/216800200010.001/swg.fits[1]
scw/2172/217200090010.001/swg.fits[1]
scw/2172/217200110010.001/swg.fits[1]
scw/2172/217200120010.001/swg.fits[1]
scw/2172/217200130010.001/swg.fits[1]
scw/2172/217200180010.001/swg.fits[1]
scw/2172/217200190010.001/swg.fits[1]
scw/2172/217200200010.001/swg.fits[1]
scw/2172/217200410010.001/swg.fits[1]
scw/2172/217200420010.001/swg.fits[1]
scw/2172/217200490010.001/swg.fits[1]
scw/2172/217200500010.001/swg.fits[1]
scw/2172/217200510010.001/swg.fits[1]
scw/2172/217200520010.001/swg.fits[1]
scw/2172/217200580010.001/swg.fits[1]
scw/2172/217200590010.001/swg.fits[1]
scw/2172/217200600010.001/swg.fits[1]
scw/2172/217200610010.001/swg.fits[1]
scw/2172/217200620010.001/swg.fits[1]
scw/2172/217200630010.001/swg.fits[1]
scw/2173/217300370010.001/swg.fits[1]
scw/2173/217300380010.001/swg.fits[1]
scw/2173/217300390010.001/swg.fits[1]
scw/2173/217300400010.001/swg.fits[1]
scw/2173/217300490010.001/swg.fits[1]
scw/2173/217300500010.001/swg.fits[1]
scw/2173/217300510010.001/swg.fits[1]
scw/2174/217400040010.001/swg.fits[1]
scw/2174/217400050010.001/swg.fits[1]
scw/2174/217400270010.001/swg.fits[1]
scw/2174/217400280010.001/swg.fits[1]
scw/2174/217400340010.001/swg.fits[1]
scw/2174/217400350010.001/swg.fits[1]
scw/2174/217400360010.001/swg.fits[1]
scw/2174/217400370010.001/swg.fits[1]
scw/2174/217400380010.001/swg.fits[1]
scw/2174/217400440010.001/swg.fits[1]
scw/2174/217400450010.001/swg.fits[1]
scw/2174/217400480010.001/swg.fits[1]
scw/2174/217400490010.001/swg.fits[1]
scw/2174/217400550010.001/swg.fits[1]
scw/2174/217400770010.001/swg.fits[1]
scw/2174/217400780010.001/swg.fits[1]
scw/2175/217500030010.001/swg.fits[1]
scw/2175/217500040010.001/swg.fits[1]
scw/2175/217500150010.001/swg.fits[1]
scw/2175/217500160010.001/swg.fits[1]
scw/2175/217500240010.001/swg.fits[1]
scw/2175/217500460010.001/swg.fits[1]
scw/2175/217500470010.001/swg.fits[1]
scw/2175/217500520010.001/swg.fits[1]
scw/2175/217500530010.001/swg.fits[1]
scw/2175/217500570010.001/swg.fits[1]
scw/2175/217500650010.001/swg.fits[1]
scw/2175/217500660010.001/swg.fits[1]
scw/2175/217500730010.001/swg.fits[1]
scw/2175/217500740010.001/swg.fits[1]
scw/2190/219000040010.001/swg.fits[1]
scw/2250/225000210010.001/swg.fits[1]
scw/2250/225000220010.001/swg.fits[1]
scw/2252/225200220010.001/swg.fits[1]
scw/2310/231000720010.001/swg.fits[1]
scw/2310/231000760010.001/swg.fits[1]
scw/2310/231000770010.001/swg.fits[1]
scw/2310/231000820010.001/swg.fits[1]
scw/2310/231000830010.001/swg.fits[1]
scw/2312/231200800010.001/swg.fits[1]
scw/2312/231200810010.001/swg.fits[1]
scw/2312/231200860010.001/swg.fits[1]
scw/2312/231200870010.001/swg.fits[1]
scw/2314/231400520010.001/swg.fits[1]
scw/2316/231600710010.001/swg.fits[1]
scw/2316/231600720010.001/swg.fits[1]
scw/2316/231600790010.001/swg.fits[1]
scw/2316/231600800010.001/swg.fits[1]
scw/2318/231800610010.001/swg.fits[1]
scw/2318/231800620010.001/swg.fits[1]
scw/2318/231800630010.001/swg.fits[1]
scw/2318/231800640010.001/swg.fits[1]
scw/2322/232200820010.001/swg.fits[1]
scw/2322/232200830010.001/swg.fits[1]
scw/2322/232200880010.001/swg.fits[1]
scw/2322/232200890010.001/swg.fits[1]
scw/2322/232200900010.001/swg.fits[1]
scw/2324/232400490010.001/swg.fits[1]
scw/2324/232400500010.001/swg.fits[1]
scw/2324/232400540010.001/swg.fits[1]
scw/2363/236300050010.001/swg.fits[1]
scw/2363/236300060010.001/swg.fits[1]
scw/2363/236300070010.001/swg.fits[1]
scw/2381/238100520010.001/swg.fits[1]
scw/2381/238100530010.001/swg.fits[1]
scw/2381/238100580010.001/swg.fits[1]
scw/2381/238100590010.001/swg.fits[1]
scw/2381/238100600010.001/swg.fits[1]
scw/2381/238100660010.001/swg.fits[1]
scw/2381/238100670010.001/swg.fits[1]
scw/2385/238500560010.001/swg.fits[1]
scw/2385/238500570010.001/swg.fits[1]
scw/2385/238500580010.001/swg.fits[1]
scw/2385/238500590010.001/swg.fits[1]
scw/2385/238500600010.001/swg.fits[1]
scw/2385/238500610010.001/swg.fits[1]
scw/2385/238500660010.001/swg.fits[1]
scw/2385/238500670010.001/swg.fits[1]
scw/2385/238500680010.001/swg.fits[1]
scw/2391/239100580010.001/swg.fits[1]
scw/2391/239100590010.001/swg.fits[1]
scw/2391/239100660010.001/swg.fits[1]
scw/2391/239100670010.001/swg.fits[1]
scw/2435/243500650010.001/swg.fits[1]
scw/2446/244600840010.001/swg.fits[1]
scw/2447/244700400010.001/swg.fits[1]
scw/2447/244700410010.001/swg.fits[1]
scw/2447/244700420010.001/swg.fits[1]
scw/2447/244700470010.001/swg.fits[1]
scw/2447/244700480010.001/swg.fits[1]
scw/2447/244700490010.001/swg.fits[1]
scw/2451/245100450010.001/swg.fits[1]
scw/2451/245100460010.001/swg.fits[1]
scw/2451/245100830010.001/swg.fits[1]
scw/2451/245100840010.001/swg.fits[1]
scw/2451/245100900010.001/swg.fits[1]
scw/2451/245100910010.001/swg.fits[1]
scw/2451/245100920010.001/swg.fits[1]
