scw/1717/171700380010.001/swg.fits[1]
scw/1717/171700510010.001/swg.fits[1]
scw/1717/171700520010.001/swg.fits[1]
scw/1717/171700530010.001/swg.fits[1]
scw/1717/171700540010.001/swg.fits[1]
scw/1717/171700890010.001/swg.fits[1]
scw/1717/171700900010.001/swg.fits[1]
scw/1718/171800400010.001/swg.fits[1]
scw/1718/171800410010.001/swg.fits[1]
scw/1718/171800560010.001/swg.fits[1]
scw/1718/171800570010.001/swg.fits[1]
scw/1718/171800720010.001/swg.fits[1]
scw/1718/171800730010.001/swg.fits[1]
scw/1718/171800880010.001/swg.fits[1]
scw/1718/171800890010.001/swg.fits[1]
scw/1719/171900380010.001/swg.fits[1]
scw/1719/171900400010.001/swg.fits[1]
scw/1719/171900410010.001/swg.fits[1]
scw/1719/171900540010.001/swg.fits[1]
scw/1719/171900560010.001/swg.fits[1]
scw/1719/171900570010.001/swg.fits[1]
scw/1719/171900580010.001/swg.fits[1]
scw/1720/172000110010.001/swg.fits[1]
scw/1720/172000120010.001/swg.fits[1]
scw/1720/172000130010.001/swg.fits[1]
scw/1720/172000270010.001/swg.fits[1]
scw/1720/172000280010.001/swg.fits[1]
scw/1720/172000430010.001/swg.fits[1]
scw/1720/172000440010.001/swg.fits[1]
scw/1720/172000600010.001/swg.fits[1]
scw/1720/172000610010.001/swg.fits[1]
scw/1721/172100480010.001/swg.fits[1]
scw/1721/172100490010.001/swg.fits[1]
scw/1721/172100500010.001/swg.fits[1]
scw/1721/172100640010.001/swg.fits[1]
scw/1721/172100660010.001/swg.fits[1]
scw/1721/172100670010.001/swg.fits[1]
scw/1721/172100800010.001/swg.fits[1]
scw/1721/172100810010.001/swg.fits[1]
scw/1721/172100820010.001/swg.fits[1]
scw/1721/172100830010.001/swg.fits[1]
scw/1721/172100960010.001/swg.fits[1]
scw/1721/172100970010.001/swg.fits[1]
scw/1721/172100980010.001/swg.fits[1]
scw/1769/176900450010.001/swg.fits[1]
scw/1769/176900460010.001/swg.fits[1]
scw/1769/176900610010.001/swg.fits[1]
scw/1769/176900620010.001/swg.fits[1]
scw/1769/176900720010.001/swg.fits[1]
scw/1769/176900780010.001/swg.fits[1]
scw/1769/176900880010.001/swg.fits[1]
scw/1769/176900920010.001/swg.fits[1]
scw/1769/176900940010.001/swg.fits[1]
scw/1770/177000400010.001/swg.fits[1]
scw/1770/177000410010.001/swg.fits[1]
scw/1770/177000440010.001/swg.fits[1]
scw/1770/177000450010.001/swg.fits[1]
scw/1770/177000460010.001/swg.fits[1]
scw/1770/177000610010.001/swg.fits[1]
scw/1770/177000620010.001/swg.fits[1]
scw/1770/177000720010.001/swg.fits[1]
scw/1770/177000730010.001/swg.fits[1]
scw/1770/177000760010.001/swg.fits[1]
scw/1770/177000770010.001/swg.fits[1]
scw/1770/177000780010.001/swg.fits[1]
scw/1770/177000880010.001/swg.fits[1]
scw/1770/177000890010.001/swg.fits[1]
scw/1770/177000930010.001/swg.fits[1]
scw/1770/177000940010.001/swg.fits[1]
scw/1771/177100630010.001/swg.fits[1]
scw/1771/177100680010.001/swg.fits[1]
scw/1774/177400620010.001/swg.fits[1]
scw/1774/177400660010.001/swg.fits[1]
scw/1774/177400670010.001/swg.fits[1]
scw/1776/177600630010.001/swg.fits[1]
scw/1776/177600670010.001/swg.fits[1]
scw/1776/177600680010.001/swg.fits[1]
scw/1777/177700010010.001/swg.fits[1]
scw/1777/177700020010.001/swg.fits[1]
scw/1777/177700050010.001/swg.fits[1]
scw/1777/177700060010.001/swg.fits[1]
scw/1777/177700070010.001/swg.fits[1]
scw/1777/177700220010.001/swg.fits[1]
scw/1777/177700230010.001/swg.fits[1]
scw/1777/177700370010.001/swg.fits[1]
scw/1777/177700380010.001/swg.fits[1]
scw/1777/177700390010.001/swg.fits[1]
scw/1777/177700540010.001/swg.fits[1]
scw/1777/177700550010.001/swg.fits[1]
scw/1777/177700700010.001/swg.fits[1]
scw/1777/177700710010.001/swg.fits[1]
scw/1777/177700860010.001/swg.fits[1]
scw/1777/177700870010.001/swg.fits[1]
scw/1778/177800020010.001/swg.fits[1]
scw/1778/177800030010.001/swg.fits[1]
scw/1778/177800040010.001/swg.fits[1]
scw/1778/177800140010.001/swg.fits[1]
scw/1778/177800150010.001/swg.fits[1]
scw/1778/177800180010.001/swg.fits[1]
scw/1778/177800190010.001/swg.fits[1]
scw/1778/177800200010.001/swg.fits[1]
scw/1778/177800350010.001/swg.fits[1]
scw/1778/177800360010.001/swg.fits[1]
scw/1778/177800460010.001/swg.fits[1]
scw/1778/177800470010.001/swg.fits[1]
scw/1778/177800510010.001/swg.fits[1]
scw/1778/177800520010.001/swg.fits[1]
scw/1778/177800670010.001/swg.fits[1]
scw/1778/177800680010.001/swg.fits[1]
scw/1778/177800830010.001/swg.fits[1]
scw/1778/177800840010.001/swg.fits[1]
scw/1778/177800940010.001/swg.fits[1]
scw/1778/177800950010.001/swg.fits[1]
scw/1779/177900010010.001/swg.fits[1]
scw/1779/177900020010.001/swg.fits[1]
scw/1779/177900030010.001/swg.fits[1]
scw/1779/177900130010.001/swg.fits[1]
scw/1779/177900140010.001/swg.fits[1]
scw/1779/177900180010.001/swg.fits[1]
scw/1779/177900190010.001/swg.fits[1]
scw/1779/177900290010.001/swg.fits[1]
scw/1779/177900300010.001/swg.fits[1]
scw/1779/177900330010.001/swg.fits[1]
scw/1779/177900340010.001/swg.fits[1]
scw/1779/177900350010.001/swg.fits[1]
scw/1779/177900450010.001/swg.fits[1]
scw/1779/177900490010.001/swg.fits[1]
scw/1779/177900500010.001/swg.fits[1]
scw/1779/177900510010.001/swg.fits[1]
scw/1779/177900690010.001/swg.fits[1]
scw/1779/177900730010.001/swg.fits[1]
scw/1779/177900740010.001/swg.fits[1]
scw/1779/177900750010.001/swg.fits[1]
scw/1779/177900900010.001/swg.fits[1]
scw/1779/177900910010.001/swg.fits[1]
scw/1780/178000060010.001/swg.fits[1]
scw/1780/178000070010.001/swg.fits[1]
scw/1780/178000080010.001/swg.fits[1]
scw/1780/178000180010.001/swg.fits[1]
scw/1780/178000190010.001/swg.fits[1]
scw/1780/178000220010.001/swg.fits[1]
scw/1780/178000230010.001/swg.fits[1]
scw/1780/178000240010.001/swg.fits[1]
scw/1780/178000380010.001/swg.fits[1]
scw/1780/178000390010.001/swg.fits[1]
scw/1780/178000400010.001/swg.fits[1]
scw/1782/178200670010.001/swg.fits[1]
scw/1782/178200690010.001/swg.fits[1]
scw/1782/178200730010.001/swg.fits[1]
scw/1782/178200740010.001/swg.fits[1]
scw/1786/178600130010.001/swg.fits[1]
scw/1786/178600170010.001/swg.fits[1]
scw/1786/178600180010.001/swg.fits[1]
scw/1786/178600280010.001/swg.fits[1]
scw/1787/178700430010.001/swg.fits[1]
scw/1787/178700470010.001/swg.fits[1]
scw/1787/178700480010.001/swg.fits[1]
scw/1787/178700580010.001/swg.fits[1]
scw/1833/183300500010.001/swg.fits[1]
scw/1833/183300650010.001/swg.fits[1]
scw/1838/183800260010.001/swg.fits[1]
scw/1838/183800330010.001/swg.fits[1]
scw/1838/183800340010.001/swg.fits[1]
scw/1838/183800500010.001/swg.fits[1]
scw/1838/183800520010.001/swg.fits[1]
scw/1838/183800530010.001/swg.fits[1]
scw/1838/183800540010.001/swg.fits[1]
scw/1838/183800680010.001/swg.fits[1]
scw/1838/183800690010.001/swg.fits[1]
scw/1838/183800820010.001/swg.fits[1]
scw/1838/183800840010.001/swg.fits[1]
scw/1838/183800850010.001/swg.fits[1]
scw/1838/183800860010.001/swg.fits[1]
scw/1838/183800980010.001/swg.fits[1]
scw/1838/183800990010.001/swg.fits[1]
scw/1839/183900260010.001/swg.fits[1]
scw/1839/183900310010.001/swg.fits[1]
scw/1839/183900320010.001/swg.fits[1]
scw/1839/183900330010.001/swg.fits[1]
scw/1839/183900470010.001/swg.fits[1]
scw/1839/183900480010.001/swg.fits[1]
scw/1839/183900630010.001/swg.fits[1]
scw/1839/183900640010.001/swg.fits[1]
scw/1839/183900650010.001/swg.fits[1]
scw/1839/183900770010.001/swg.fits[1]
scw/1839/183900780010.001/swg.fits[1]
scw/1839/183900790010.001/swg.fits[1]
scw/1839/183900800010.001/swg.fits[1]
scw/1839/183900950010.001/swg.fits[1]
scw/1839/183900960010.001/swg.fits[1]
scw/1840/184000360010.001/swg.fits[1]
scw/1840/184000370010.001/swg.fits[1]
scw/1840/184000520010.001/swg.fits[1]
scw/1840/184000530010.001/swg.fits[1]
scw/1840/184000750010.001/swg.fits[1]
scw/1840/184000760010.001/swg.fits[1]
scw/1840/184000890010.001/swg.fits[1]
scw/1840/184000910010.001/swg.fits[1]
scw/1840/184000930010.001/swg.fits[1]
scw/1841/184100570010.001/swg.fits[1]
scw/1841/184100620010.001/swg.fits[1]
scw/1841/184100630010.001/swg.fits[1]
scw/1841/184100640010.001/swg.fits[1]
scw/1841/184100650010.001/swg.fits[1]
scw/1841/184100660010.001/swg.fits[1]
scw/1841/184100780010.001/swg.fits[1]
scw/1841/184100790010.001/swg.fits[1]
scw/1841/184100800010.001/swg.fits[1]
scw/1841/184100810010.001/swg.fits[1]
scw/1841/184100820010.001/swg.fits[1]
scw/1842/184200110010.001/swg.fits[1]
scw/1842/184200460010.001/swg.fits[1]
scw/1842/184200470010.001/swg.fits[1]
scw/1842/184200490010.001/swg.fits[1]
scw/1842/184200500010.001/swg.fits[1]
scw/1842/184200640010.001/swg.fits[1]
scw/1842/184200650010.001/swg.fits[1]
scw/1842/184200800010.001/swg.fits[1]
scw/1842/184200810010.001/swg.fits[1]
scw/1842/184200940010.001/swg.fits[1]
scw/1842/184200960010.001/swg.fits[1]
scw/1842/184200970010.001/swg.fits[1]
scw/1842/184200980010.001/swg.fits[1]
