scw/0063/006300140010.001/swg.fits[1]
scw/0071/007100060010.001/swg.fits[1]
scw/0083/008300120010.001/swg.fits[1]
scw/0157/015700040010.001/swg.fits[1]
scw/0170/017001090010.001/swg.fits[1]
scw/0194/019400090010.001/swg.fits[1]
scw/0194/019400100010.001/swg.fits[1]
scw/0201/020100120010.001/swg.fits[1]
scw/0209/020900150010.001/swg.fits[1]
scw/0217/021700040010.001/swg.fits[1]
scw/0258/025800050010.001/swg.fits[1]
scw/0267/026700630010.001/swg.fits[1]
scw/0270/027000550010.001/swg.fits[1]
scw/0308/030800130010.001/swg.fits[1]
scw/0317/031700050010.001/swg.fits[1]
scw/0325/032500470010.001/swg.fits[1]
scw/0343/034300100010.001/swg.fits[1]
scw/0372/037200100010.001/swg.fits[1]
scw/0391/039100020010.001/swg.fits[1]
scw/0428/042800600010.001/swg.fits[1]
scw/0436/043600080010.001/swg.fits[1]
scw/0573/057300460010.001/swg.fits[1]
scw/0998/099800950010.001/swg.fits[1]
scw/1049/104900100010.001/swg.fits[1]
scw/1050/105000920010.001/swg.fits[1]
scw/1051/105100790010.001/swg.fits[1]
scw/1053/105300660010.001/swg.fits[1]
scw/1055/105500680010.001/swg.fits[1]
scw/1126/112600550010.001/swg.fits[1]
scw/1173/117300300010.001/swg.fits[1]
scw/1180/118000770010.001/swg.fits[1]
scw/1184/118400640010.001/swg.fits[1]
scw/1187/118700540010.001/swg.fits[1]
scw/1243/124300670010.001/swg.fits[1]
scw/1245/124500710010.001/swg.fits[1]
scw/1295/129500670010.001/swg.fits[1]
scw/1295/129500780010.001/swg.fits[1]
scw/1301/130100550010.001/swg.fits[1]
scw/1365/136500120010.001/swg.fits[1]
scw/1365/136500150010.001/swg.fits[1]
scw/1366/136600160010.001/swg.fits[1]
scw/1480/148000070010.001/swg.fits[1]
scw/1485/148500100010.001/swg.fits[1]
scw/1485/148500130010.001/swg.fits[1]
scw/1488/148800100010.001/swg.fits[1]
scw/1488/148800130010.001/swg.fits[1]
scw/1610/161000290010.001/swg.fits[1]
scw/1610/161000400010.001/swg.fits[1]
scw/1625/162500390010.001/swg.fits[1]
scw/1625/162500420010.001/swg.fits[1]
scw/2281/228100320010.001/swg.fits[1]
scw/2368/236800020010.001/swg.fits[1]
scw/2377/237700620010.001/swg.fits[1]
scw/2377/237700630010.001/swg.fits[1]
scw/2377/237700690010.001/swg.fits[1]
scw/2377/237700700010.001/swg.fits[1]
scw/2377/237700710010.001/swg.fits[1]
scw/2383/238300100010.001/swg.fits[1]
scw/2383/238300110010.001/swg.fits[1]
scw/2383/238300160010.001/swg.fits[1]
scw/2383/238300170010.001/swg.fits[1]
scw/2383/238300180010.001/swg.fits[1]
scw/2383/238300190010.001/swg.fits[1]
scw/2383/238300200010.001/swg.fits[1]
scw/2383/238300210010.001/swg.fits[1]
scw/2388/238800040010.001/swg.fits[1]
scw/2388/238800050010.001/swg.fits[1]
scw/2388/238800070010.001/swg.fits[1]
scw/2388/238800080010.001/swg.fits[1]
scw/2388/238800090010.001/swg.fits[1]
scw/2430/243000470010.001/swg.fits[1]
scw/2430/243000480010.001/swg.fits[1]
scw/2430/243000490010.001/swg.fits[1]
scw/2430/243000510010.001/swg.fits[1]
scw/2430/243000520010.001/swg.fits[1]
scw/2433/243300910010.001/swg.fits[1]
scw/2434/243400410010.001/swg.fits[1]
scw/2434/243400490010.001/swg.fits[1]
scw/2434/243400500010.001/swg.fits[1]
scw/2434/243400510010.001/swg.fits[1]
scw/2437/243700310010.001/swg.fits[1]
scw/2437/243700320010.001/swg.fits[1]
scw/2437/243700370010.001/swg.fits[1]
scw/2437/243700380010.001/swg.fits[1]
scw/2437/243700760010.001/swg.fits[1]
scw/2440/244000560010.001/swg.fits[1]
scw/2440/244000570010.001/swg.fits[1]
scw/2440/244000580010.001/swg.fits[1]
scw/2440/244000620010.001/swg.fits[1]
scw/2444/244400400010.001/swg.fits[1]
scw/2444/244400410010.001/swg.fits[1]
scw/2444/244400420010.001/swg.fits[1]
scw/2444/244400480010.001/swg.fits[1]
scw/2444/244400490010.001/swg.fits[1]
scw/2449/244900310010.001/swg.fits[1]
scw/2449/244900320010.001/swg.fits[1]
scw/2449/244900330010.001/swg.fits[1]
scw/2449/244900750010.001/swg.fits[1]
scw/2449/244900760010.001/swg.fits[1]
scw/2449/244900770010.001/swg.fits[1]
scw/2449/244900780010.001/swg.fits[1]
scw/2453/245300400010.001/swg.fits[1]
scw/2453/245300410010.001/swg.fits[1]
scw/2453/245300420010.001/swg.fits[1]
scw/2453/245300490010.001/swg.fits[1]
scw/2453/245300500010.001/swg.fits[1]
scw/2453/245300510010.001/swg.fits[1]
scw/2454/245400770010.001/swg.fits[1]
scw/2454/245400780010.001/swg.fits[1]
scw/2454/245400790010.001/swg.fits[1]
scw/2454/245400800010.001/swg.fits[1]
