scw/0856/085600500010.001/swg.fits[1]
scw/0856/085600510010.001/swg.fits[1]
scw/0856/085600540010.001/swg.fits[1]
scw/0856/085600550010.001/swg.fits[1]
scw/0856/085600600010.001/swg.fits[1]
scw/0856/085600610010.001/swg.fits[1]
scw/0856/085600640010.001/swg.fits[1]
scw/0857/085700710010.001/swg.fits[1]
scw/0857/085700770010.001/swg.fits[1]
scw/0858/085800750010.001/swg.fits[1]
scw/0858/085800760010.001/swg.fits[1]
scw/0859/085900130010.001/swg.fits[1]
scw/0859/085900160010.001/swg.fits[1]
scw/0859/085900220010.001/swg.fits[1]
scw/0859/085900260010.001/swg.fits[1]
scw/0859/085900270010.001/swg.fits[1]
scw/0859/085900320010.001/swg.fits[1]
scw/0859/085900330010.001/swg.fits[1]
scw/0860/086000590010.001/swg.fits[1]
scw/0860/086000600010.001/swg.fits[1]
scw/0860/086000620010.001/swg.fits[1]
scw/0860/086000630010.001/swg.fits[1]
scw/0860/086000700010.001/swg.fits[1]
scw/0860/086000730010.001/swg.fits[1]
scw/0860/086000740010.001/swg.fits[1]
scw/0861/086100620010.001/swg.fits[1]
scw/0862/086200090010.001/swg.fits[1]
scw/0862/086200160010.001/swg.fits[1]
scw/0862/086200170010.001/swg.fits[1]
scw/0862/086200190010.001/swg.fits[1]
scw/0862/086200250010.001/swg.fits[1]
scw/0862/086200260010.001/swg.fits[1]
scw/0862/086200270010.001/swg.fits[1]
scw/0862/086200290010.001/swg.fits[1]
scw/0862/086200300010.001/swg.fits[1]
scw/0862/086200360010.001/swg.fits[1]
scw/0868/086800560010.001/swg.fits[1]
scw/0869/086900020010.001/swg.fits[1]
scw/0869/086900030010.001/swg.fits[1]
scw/0869/086900040010.001/swg.fits[1]
scw/0869/086900050010.001/swg.fits[1]
scw/0869/086900140010.001/swg.fits[1]
scw/0869/086900150010.001/swg.fits[1]
scw/0869/086900220010.001/swg.fits[1]
scw/0869/086900230010.001/swg.fits[1]
scw/0869/086900450010.001/swg.fits[1]
scw/0869/086900510010.001/swg.fits[1]
scw/0869/086900520010.001/swg.fits[1]
scw/0869/086900530010.001/swg.fits[1]
scw/0869/086900540010.001/swg.fits[1]
scw/0869/086900550010.001/swg.fits[1]
scw/0870/087000020010.001/swg.fits[1]
scw/0870/087000030010.001/swg.fits[1]
scw/0870/087000040010.001/swg.fits[1]
scw/0870/087000120010.001/swg.fits[1]
scw/0870/087000370010.001/swg.fits[1]
scw/0870/087000380010.001/swg.fits[1]
scw/0870/087000460010.001/swg.fits[1]
scw/0870/087000570010.001/swg.fits[1]
scw/0870/087000580010.001/swg.fits[1]
scw/0871/087100070010.001/swg.fits[1]
scw/0871/087100080010.001/swg.fits[1]
scw/0871/087100300010.001/swg.fits[1]
scw/0871/087100370010.001/swg.fits[1]
scw/0871/087100380010.001/swg.fits[1]
scw/0871/087100390010.001/swg.fits[1]
scw/0871/087100490010.001/swg.fits[1]
scw/0871/087100500010.001/swg.fits[1]
scw/0871/087100560010.001/swg.fits[1]
scw/0871/087100570010.001/swg.fits[1]
scw/0871/087100580010.001/swg.fits[1]
scw/0872/087200190010.001/swg.fits[1]
scw/0872/087200260010.001/swg.fits[1]
scw/0872/087200270010.001/swg.fits[1]
scw/0872/087200380010.001/swg.fits[1]
scw/0872/087200390010.001/swg.fits[1]
scw/0872/087200460010.001/swg.fits[1]
scw/0872/087200470010.001/swg.fits[1]
scw/0932/093200030010.001/swg.fits[1]
scw/0932/093200040010.001/swg.fits[1]
scw/0932/093200050010.001/swg.fits[1]
scw/0932/093200110010.001/swg.fits[1]
scw/0932/093200330010.001/swg.fits[1]
scw/0933/093300020010.001/swg.fits[1]
scw/0933/093300090010.001/swg.fits[1]
scw/0933/093300100010.001/swg.fits[1]
scw/0933/093300220010.001/swg.fits[1]
scw/0933/093300280010.001/swg.fits[1]
scw/0933/093300290010.001/swg.fits[1]
scw/0933/093300300010.001/swg.fits[1]
scw/0977/097700550010.001/swg.fits[1]
scw/0977/097700560010.001/swg.fits[1]
scw/0977/097700590010.001/swg.fits[1]
scw/0977/097700600010.001/swg.fits[1]
scw/1029/102900050010.001/swg.fits[1]
scw/1029/102900060010.001/swg.fits[1]
scw/1029/102900100010.001/swg.fits[1]
scw/1029/102900110010.001/swg.fits[1]
scw/1031/103100120010.001/swg.fits[1]
scw/1031/103100170010.001/swg.fits[1]
scw/1031/103100220010.001/swg.fits[1]
scw/1031/103100230010.001/swg.fits[1]
scw/1031/103100270010.001/swg.fits[1]
scw/1031/103100280010.001/swg.fits[1]
scw/1033/103300660010.001/swg.fits[1]
scw/1033/103300670010.001/swg.fits[1]
scw/1033/103300720010.001/swg.fits[1]
scw/1033/103300730010.001/swg.fits[1]
scw/1036/103600580010.001/swg.fits[1]
scw/1036/103600590010.001/swg.fits[1]
scw/1036/103600640010.001/swg.fits[1]
scw/1036/103600650010.001/swg.fits[1]
scw/1036/103600740010.001/swg.fits[1]
scw/1036/103600750010.001/swg.fits[1]
scw/1037/103701070010.001/swg.fits[1]
scw/1037/103701080010.001/swg.fits[1]
scw/1042/104200320010.001/swg.fits[1]
scw/1042/104200380010.001/swg.fits[1]
scw/1042/104200390010.001/swg.fits[1]
scw/1042/104200420010.001/swg.fits[1]
scw/1046/104600200010.001/swg.fits[1]
scw/1046/104600210010.001/swg.fits[1]
scw/1046/104600280010.001/swg.fits[1]
scw/1046/104600290010.001/swg.fits[1]
scw/1046/104600510010.001/swg.fits[1]
scw/1046/104600570010.001/swg.fits[1]
scw/1046/104600580010.001/swg.fits[1]
scw/1046/104600680010.001/swg.fits[1]
scw/1046/104600680020.001/swg.fits[1]
scw/1048/104800580010.001/swg.fits[1]
scw/1048/104800590010.001/swg.fits[1]
scw/1048/104800660010.001/swg.fits[1]
scw/1049/104900410010.001/swg.fits[1]
scw/1049/104900420010.001/swg.fits[1]
scw/1049/104900490010.001/swg.fits[1]
scw/1049/104900500010.001/swg.fits[1]
scw/1092/109200680010.001/swg.fits[1]
scw/1092/109200730010.001/swg.fits[1]
scw/1092/109200740010.001/swg.fits[1]
scw/1092/109200780010.001/swg.fits[1]
scw/1092/109200790010.001/swg.fits[1]
scw/1092/109200830010.001/swg.fits[1]
scw/1092/109200830020.001/swg.fits[1]
scw/1093/109300190010.001/swg.fits[1]
scw/1093/109300200010.001/swg.fits[1]
scw/1111/111100620010.001/swg.fits[1]
scw/1111/111100630010.001/swg.fits[1]
scw/1112/111200040010.001/swg.fits[1]
scw/1112/111200340010.001/swg.fits[1]
scw/1112/111200350010.001/swg.fits[1]
scw/1112/111200360010.001/swg.fits[1]
scw/1112/111200370010.001/swg.fits[1]
scw/1112/111200440010.001/swg.fits[1]
scw/1112/111200460010.001/swg.fits[1]
scw/1112/111200470010.001/swg.fits[1]
scw/1112/111200530010.001/swg.fits[1]
scw/1112/111200540010.001/swg.fits[1]
scw/1114/111400400010.001/swg.fits[1]
scw/1114/111400470010.001/swg.fits[1]
scw/1114/111400480010.001/swg.fits[1]
scw/1115/111500280010.001/swg.fits[1]
scw/1115/111500290010.001/swg.fits[1]
scw/1115/111500360010.001/swg.fits[1]
scw/1115/111500370010.001/swg.fits[1]
scw/1225/122500740010.001/swg.fits[1]
scw/1225/122500750010.001/swg.fits[1]
scw/1225/122500780010.001/swg.fits[1]
scw/1225/122500840010.001/swg.fits[1]
scw/1226/122600560010.001/swg.fits[1]
scw/1226/122600590010.001/swg.fits[1]
scw/1226/122600600010.001/swg.fits[1]
scw/1226/122600660010.001/swg.fits[1]
scw/1228/122800480010.001/swg.fits[1]
scw/1228/122800490010.001/swg.fits[1]
scw/1228/122800550010.001/swg.fits[1]
scw/1228/122800560010.001/swg.fits[1]
scw/1228/122800580010.001/swg.fits[1]
scw/1228/122800680010.001/swg.fits[1]
scw/1228/122800690010.001/swg.fits[1]
scw/1228/122800740010.001/swg.fits[1]
scw/1228/122800750010.001/swg.fits[1]
scw/1230/123000470010.001/swg.fits[1]
scw/1230/123000480010.001/swg.fits[1]
scw/1230/123000490010.001/swg.fits[1]
scw/1230/123000500010.001/swg.fits[1]
scw/1230/123000570010.001/swg.fits[1]
scw/1230/123000590010.001/swg.fits[1]
scw/1230/123000600010.001/swg.fits[1]
scw/1230/123000610010.001/swg.fits[1]
scw/1230/123000670010.001/swg.fits[1]
scw/1231/123100560010.001/swg.fits[1]
scw/1231/123100570010.001/swg.fits[1]
scw/1231/123100640010.001/swg.fits[1]
scw/1231/123100650010.001/swg.fits[1]
scw/1231/123100740010.001/swg.fits[1]
scw/1231/123100770010.001/swg.fits[1]
scw/1231/123100780010.001/swg.fits[1]
scw/1233/123300170010.001/swg.fits[1]
scw/1233/123300400010.001/swg.fits[1]
scw/1233/123300460010.001/swg.fits[1]
scw/1233/123300470010.001/swg.fits[1]
scw/1233/123300480010.001/swg.fits[1]
scw/1233/123300490010.001/swg.fits[1]
scw/1233/123300500010.001/swg.fits[1]
scw/1233/123300590010.001/swg.fits[1]
scw/1233/123300600010.001/swg.fits[1]
scw/1234/123400090010.001/swg.fits[1]
scw/1234/123400100010.001/swg.fits[1]
scw/1234/123400320010.001/swg.fits[1]
scw/1234/123400380010.001/swg.fits[1]
scw/1234/123400390010.001/swg.fits[1]
scw/1234/123400400010.001/swg.fits[1]
scw/1234/123400410010.001/swg.fits[1]
scw/1237/123700850010.001/swg.fits[1]
scw/1237/123700930010.001/swg.fits[1]
scw/1237/123700930020.001/swg.fits[1]
scw/1238/123800250010.001/swg.fits[1]
scw/1238/123800260010.001/swg.fits[1]
scw/1238/123800340010.001/swg.fits[1]
scw/1238/123800550010.001/swg.fits[1]
scw/1351/135100150010.001/swg.fits[1]
scw/1351/135100210010.001/swg.fits[1]
scw/1352/135200060010.001/swg.fits[1]
scw/1352/135200070010.001/swg.fits[1]
scw/1352/135200120010.001/swg.fits[1]
scw/1352/135200130010.001/swg.fits[1]
scw/1353/135300750010.001/swg.fits[1]
scw/1353/135300800010.001/swg.fits[1]
scw/1353/135300810010.001/swg.fits[1]
scw/1353/135300840010.001/swg.fits[1]
scw/1353/135300850010.001/swg.fits[1]
scw/1353/135300900010.001/swg.fits[1]
scw/1353/135300910010.001/swg.fits[1]
scw/1355/135500850010.001/swg.fits[1]
scw/1355/135500860010.001/swg.fits[1]
scw/1355/135500900010.001/swg.fits[1]
scw/1355/135500910010.001/swg.fits[1]
scw/1355/135500950010.001/swg.fits[1]
scw/1355/135500960010.001/swg.fits[1]
scw/1357/135700680010.001/swg.fits[1]
scw/1357/135700730010.001/swg.fits[1]
scw/1357/135700740010.001/swg.fits[1]
scw/1357/135700780010.001/swg.fits[1]
