scw/1859/185900620010.001/swg.fits[1]
scw/1859/185900670010.001/swg.fits[1]
scw/1859/185900680010.001/swg.fits[1]
scw/1859/185900690010.001/swg.fits[1]
scw/1859/185900710010.001/swg.fits[1]
scw/1871/187100050010.001/swg.fits[1]
scw/1871/187100060010.001/swg.fits[1]
scw/1871/187100070010.001/swg.fits[1]
scw/1871/187100190010.001/swg.fits[1]
scw/1871/187100200010.001/swg.fits[1]
scw/1871/187100210010.001/swg.fits[1]
scw/1871/187100240010.001/swg.fits[1]
scw/1871/187100400010.001/swg.fits[1]
scw/1871/187100410010.001/swg.fits[1]
scw/1871/187100420010.001/swg.fits[1]
scw/1871/187100550010.001/swg.fits[1]
scw/1871/187100560010.001/swg.fits[1]
scw/1871/187100570010.001/swg.fits[1]
scw/1871/187100710010.001/swg.fits[1]
scw/1871/187100720010.001/swg.fits[1]
scw/1871/187100730010.001/swg.fits[1]
scw/1872/187200030010.001/swg.fits[1]
scw/1872/187200040010.001/swg.fits[1]
scw/1872/187200050010.001/swg.fits[1]
scw/1872/187200180010.001/swg.fits[1]
scw/1872/187200190010.001/swg.fits[1]
scw/1872/187200200010.001/swg.fits[1]
scw/1872/187200280010.001/swg.fits[1]
scw/1872/187200360010.001/swg.fits[1]
scw/1872/187200370010.001/swg.fits[1]
scw/1872/187200780010.001/swg.fits[1]
scw/1872/187200790010.001/swg.fits[1]
scw/1872/187200800010.001/swg.fits[1]
scw/1872/187200810010.001/swg.fits[1]
scw/1875/187500060010.001/swg.fits[1]
scw/1875/187500070010.001/swg.fits[1]
scw/1875/187500130010.001/swg.fits[1]
scw/1875/187500150010.001/swg.fits[1]
scw/1875/187500160010.001/swg.fits[1]
scw/1875/187500170010.001/swg.fits[1]
scw/1875/187500230010.001/swg.fits[1]
scw/1875/187500400010.001/swg.fits[1]
scw/1875/187500410010.001/swg.fits[1]
scw/1875/187500590010.001/swg.fits[1]
scw/1875/187500600010.001/swg.fits[1]
scw/1875/187500610010.001/swg.fits[1]
scw/1875/187500620010.001/swg.fits[1]
scw/1875/187500760010.001/swg.fits[1]
scw/1875/187500770010.001/swg.fits[1]
scw/1875/187500780010.001/swg.fits[1]
scw/1876/187600020010.001/swg.fits[1]
scw/1876/187600030010.001/swg.fits[1]
scw/1876/187600040010.001/swg.fits[1]
scw/1876/187600050010.001/swg.fits[1]
scw/1876/187600080010.001/swg.fits[1]
scw/1876/187600260010.001/swg.fits[1]
scw/1876/187600270010.001/swg.fits[1]
scw/1876/187600320010.001/swg.fits[1]
scw/1876/187600330010.001/swg.fits[1]
scw/1876/187600470010.001/swg.fits[1]
scw/1876/187600530010.001/swg.fits[1]
scw/1876/187600540010.001/swg.fits[1]
scw/1876/187600550010.001/swg.fits[1]
scw/1876/187600570010.001/swg.fits[1]
scw/1876/187600580010.001/swg.fits[1]
scw/1876/187600640010.001/swg.fits[1]
scw/1878/187800020010.001/swg.fits[1]
scw/1878/187800030010.001/swg.fits[1]
scw/1878/187800040010.001/swg.fits[1]
scw/1878/187800050010.001/swg.fits[1]
scw/1916/191600870010.001/swg.fits[1]
scw/1919/191900020010.001/swg.fits[1]
scw/1919/191900060010.001/swg.fits[1]
scw/1919/191900070010.001/swg.fits[1]
scw/1919/191900080010.001/swg.fits[1]
scw/1919/191900270010.001/swg.fits[1]
scw/1919/191900310010.001/swg.fits[1]
scw/1919/191900320010.001/swg.fits[1]
scw/1919/191900330010.001/swg.fits[1]
scw/1919/191900380010.001/swg.fits[1]
scw/1919/191900400010.001/swg.fits[1]
scw/1919/191900410010.001/swg.fits[1]
scw/1919/191900420010.001/swg.fits[1]
scw/1919/191900470010.001/swg.fits[1]
scw/1919/191900480010.001/swg.fits[1]
scw/1920/192000070010.001/swg.fits[1]
scw/1920/192000080010.001/swg.fits[1]
scw/1920/192000140010.001/swg.fits[1]
scw/1920/192000150010.001/swg.fits[1]
scw/1920/192000160010.001/swg.fits[1]
scw/1920/192000180010.001/swg.fits[1]
scw/1920/192000250010.001/swg.fits[1]
scw/1920/192000270010.001/swg.fits[1]
scw/1920/192000280010.001/swg.fits[1]
scw/1920/192000290010.001/swg.fits[1]
scw/1920/192000350010.001/swg.fits[1]
scw/1920/192000360010.001/swg.fits[1]
scw/1920/192000370010.001/swg.fits[1]
scw/1920/192000410010.001/swg.fits[1]
scw/1920/192000420010.001/swg.fits[1]
scw/1920/192000440010.001/swg.fits[1]
scw/1920/192000450010.001/swg.fits[1]
scw/1920/192000460010.001/swg.fits[1]
scw/1920/192000520010.001/swg.fits[1]
scw/1923/192300280010.001/swg.fits[1]
scw/1923/192300320010.001/swg.fits[1]
scw/1923/192300330010.001/swg.fits[1]
scw/1923/192300340010.001/swg.fits[1]
scw/1923/192300410010.001/swg.fits[1]
scw/1926/192600040010.001/swg.fits[1]
scw/1926/192600080010.001/swg.fits[1]
scw/1926/192600090010.001/swg.fits[1]
scw/1926/192600290010.001/swg.fits[1]
scw/1926/192600330010.001/swg.fits[1]
scw/1926/192600340010.001/swg.fits[1]
scw/1926/192600350010.001/swg.fits[1]
scw/1926/192600450010.001/swg.fits[1]
scw/1926/192600510010.001/swg.fits[1]
scw/1926/192600520010.001/swg.fits[1]
scw/1926/192600530010.001/swg.fits[1]
scw/1926/192600550010.001/swg.fits[1]
scw/1926/192600610010.001/swg.fits[1]
scw/1926/192600620010.001/swg.fits[1]
scw/1926/192600640010.001/swg.fits[1]
scw/1926/192600650010.001/swg.fits[1]
scw/1926/192600660010.001/swg.fits[1]
scw/1929/192900300010.001/swg.fits[1]
scw/1929/192900340010.001/swg.fits[1]
scw/1929/192900350010.001/swg.fits[1]
scw/1929/192900360010.001/swg.fits[1]
scw/1929/192900430010.001/swg.fits[1]
scw/1929/192900440010.001/swg.fits[1]
scw/1929/192900500010.001/swg.fits[1]
scw/1929/192900510010.001/swg.fits[1]
scw/1929/192900520010.001/swg.fits[1]
scw/1929/192900540010.001/swg.fits[1]
scw/1929/192900640010.001/swg.fits[1]
scw/1929/192900700010.001/swg.fits[1]
scw/1929/192900710010.001/swg.fits[1]
scw/1929/192900720010.001/swg.fits[1]
scw/1929/192900740010.001/swg.fits[1]
scw/1930/193000020010.001/swg.fits[1]
scw/1930/193000060010.001/swg.fits[1]
scw/1930/193000070010.001/swg.fits[1]
scw/1930/193000080010.001/swg.fits[1]
scw/1932/193200020010.001/swg.fits[1]
scw/1932/193200060010.001/swg.fits[1]
scw/1932/193200070010.001/swg.fits[1]
scw/1932/193200080010.001/swg.fits[1]
scw/1934/193400020010.001/swg.fits[1]
scw/1934/193400060010.001/swg.fits[1]
scw/1934/193400070010.001/swg.fits[1]
scw/1936/193600060010.001/swg.fits[1]
scw/1936/193600070010.001/swg.fits[1]
scw/1936/193600080010.001/swg.fits[1]
scw/1936/193600540010.001/swg.fits[1]
scw/1937/193700020010.001/swg.fits[1]
scw/1937/193700430010.001/swg.fits[1]
scw/1937/193700470010.001/swg.fits[1]
scw/1937/193700480010.001/swg.fits[1]
scw/1937/193700490010.001/swg.fits[1]
scw/1937/193700630010.001/swg.fits[1]
scw/1937/193700640010.001/swg.fits[1]
scw/1939/193900350010.001/swg.fits[1]
scw/1939/193900360010.001/swg.fits[1]
scw/1939/193900370010.001/swg.fits[1]
scw/1939/193900530010.001/swg.fits[1]
scw/1939/193900540010.001/swg.fits[1]
scw/1939/193900550010.001/swg.fits[1]
scw/1940/194000170010.001/swg.fits[1]
scw/1940/194000180010.001/swg.fits[1]
scw/1940/194000190010.001/swg.fits[1]
scw/1940/194000250010.001/swg.fits[1]
scw/1940/194000480010.001/swg.fits[1]
scw/1940/194000590010.001/swg.fits[1]
scw/1940/194000630010.001/swg.fits[1]
scw/1940/194000640010.001/swg.fits[1]
scw/1940/194000800010.001/swg.fits[1]
scw/1940/194000810010.001/swg.fits[1]
scw/1942/194200100010.001/swg.fits[1]
scw/1942/194200140010.001/swg.fits[1]
scw/1942/194200150010.001/swg.fits[1]
scw/1942/194200160010.001/swg.fits[1]
scw/1942/194200330010.001/swg.fits[1]
scw/1942/194200380010.001/swg.fits[1]
scw/1942/194200390010.001/swg.fits[1]
scw/1942/194200440010.001/swg.fits[1]
scw/1942/194200450010.001/swg.fits[1]
scw/1942/194200460010.001/swg.fits[1]
scw/1942/194200600010.001/swg.fits[1]
scw/1942/194200610010.001/swg.fits[1]
scw/1942/194200620010.001/swg.fits[1]
scw/1942/194200720010.001/swg.fits[1]
scw/1942/194200760010.001/swg.fits[1]
scw/1942/194200770010.001/swg.fits[1]
scw/1942/194200780010.001/swg.fits[1]
scw/1944/194400170010.001/swg.fits[1]
scw/1944/194400280010.001/swg.fits[1]
scw/1944/194400320010.001/swg.fits[1]
scw/1944/194400330010.001/swg.fits[1]
scw/1944/194400350010.001/swg.fits[1]
scw/1944/194400360010.001/swg.fits[1]
scw/1944/194400380010.001/swg.fits[1]
scw/1944/194400390010.001/swg.fits[1]
scw/1944/194400400010.001/swg.fits[1]
scw/1944/194400410010.001/swg.fits[1]
scw/1945/194500170010.001/swg.fits[1]
scw/1945/194500180010.001/swg.fits[1]
scw/1945/194500200010.001/swg.fits[1]
scw/1945/194500210010.001/swg.fits[1]
scw/1945/194500220010.001/swg.fits[1]
scw/1945/194500230010.001/swg.fits[1]
scw/1986/198600680010.001/swg.fits[1]
scw/1986/198600730010.001/swg.fits[1]
scw/1986/198600790010.001/swg.fits[1]
scw/1989/198900510010.001/swg.fits[1]
scw/1989/198900520010.001/swg.fits[1]
scw/1989/198900530010.001/swg.fits[1]
scw/1992/199200020010.001/swg.fits[1]
scw/1992/199200030010.001/swg.fits[1]
scw/1992/199200040010.001/swg.fits[1]
scw/1992/199200050010.001/swg.fits[1]
scw/1994/199400270010.001/swg.fits[1]
scw/1994/199400310010.001/swg.fits[1]
scw/1994/199400320010.001/swg.fits[1]
scw/1994/199400330010.001/swg.fits[1]
scw/1994/199400360010.001/swg.fits[1]
scw/1994/199400650010.001/swg.fits[1]
scw/1994/199400660010.001/swg.fits[1]
scw/1995/199500020010.001/swg.fits[1]
scw/1995/199500030010.001/swg.fits[1]
scw/1995/199500040010.001/swg.fits[1]
scw/1995/199500270010.001/swg.fits[1]
scw/1995/199500310010.001/swg.fits[1]
scw/1995/199500320010.001/swg.fits[1]
scw/1995/199500330010.001/swg.fits[1]
scw/1995/199500380010.001/swg.fits[1]
scw/1995/199500390010.001/swg.fits[1]
scw/1995/199500450010.001/swg.fits[1]
scw/1995/199500470010.001/swg.fits[1]
scw/1995/199500480010.001/swg.fits[1]
scw/1995/199500490010.001/swg.fits[1]
scw/1995/199500540010.001/swg.fits[1]
scw/1995/199500550010.001/swg.fits[1]
scw/1995/199500560010.001/swg.fits[1]
scw/1995/199500580010.001/swg.fits[1]
scw/1998/199800030010.001/swg.fits[1]
scw/1998/199800040010.001/swg.fits[1]
scw/1998/199800050010.001/swg.fits[1]
scw/1998/199800150010.001/swg.fits[1]
