scw/1484/148400510010.001/swg.fits[1]
scw/1484/148400520010.001/swg.fits[1]
scw/1484/148400610010.001/swg.fits[1]
scw/1484/148400660010.001/swg.fits[1]
scw/1484/148400670010.001/swg.fits[1]
scw/1484/148400700010.001/swg.fits[1]
scw/1484/148400710010.001/swg.fits[1]
scw/1486/148600040010.001/swg.fits[1]
scw/1486/148600300010.001/swg.fits[1]
scw/1486/148600310010.001/swg.fits[1]
scw/1486/148600320010.001/swg.fits[1]
scw/1486/148600360010.001/swg.fits[1]
scw/1486/148600370010.001/swg.fits[1]
scw/1486/148600450010.001/swg.fits[1]
scw/1486/148600500010.001/swg.fits[1]
scw/1486/148600510010.001/swg.fits[1]
scw/1486/148600520010.001/swg.fits[1]
scw/1486/148600550010.001/swg.fits[1]
scw/1486/148600560010.001/swg.fits[1]
scw/1486/148600570010.001/swg.fits[1]
scw/1486/148600760010.001/swg.fits[1]
scw/1486/148600810010.001/swg.fits[1]
scw/1486/148600820010.001/swg.fits[1]
scw/1486/148600850010.001/swg.fits[1]
scw/1486/148600860010.001/swg.fits[1]
scw/1487/148700180010.001/swg.fits[1]
scw/1487/148700330010.001/swg.fits[1]
scw/1487/148700340010.001/swg.fits[1]
scw/1487/148700350010.001/swg.fits[1]
scw/1487/148700380010.001/swg.fits[1]
scw/1487/148700390010.001/swg.fits[1]
scw/1487/148700400010.001/swg.fits[1]
scw/1487/148700630010.001/swg.fits[1]
scw/1487/148700640010.001/swg.fits[1]
scw/1487/148700680010.001/swg.fits[1]
scw/1487/148700690010.001/swg.fits[1]
scw/1487/148700700010.001/swg.fits[1]
scw/1487/148700730010.001/swg.fits[1]
scw/1487/148700740010.001/swg.fits[1]
scw/1487/148700830010.001/swg.fits[1]
scw/1487/148700840010.001/swg.fits[1]
scw/1487/148700850010.001/swg.fits[1]
scw/1488/148800770010.001/swg.fits[1]
scw/1488/148800920010.001/swg.fits[1]
scw/1489/148900210010.001/swg.fits[1]
scw/1489/148900220010.001/swg.fits[1]
scw/1489/148900230010.001/swg.fits[1]
scw/1489/148900470010.001/swg.fits[1]
scw/1489/148900480010.001/swg.fits[1]
scw/1489/148900510010.001/swg.fits[1]
scw/1489/148900520010.001/swg.fits[1]
scw/1489/148900660010.001/swg.fits[1]
scw/1489/148900670010.001/swg.fits[1]
scw/1489/148900680010.001/swg.fits[1]
scw/1489/148900710010.001/swg.fits[1]
scw/1489/148900720010.001/swg.fits[1]
scw/1489/148900860010.001/swg.fits[1]
scw/1489/148900870010.001/swg.fits[1]
scw/1489/148900880010.001/swg.fits[1]
scw/1490/149000180010.001/swg.fits[1]
scw/1534/153400240010.001/swg.fits[1]
scw/1534/153400250010.001/swg.fits[1]
scw/1534/153400260010.001/swg.fits[1]
scw/1534/153400290010.001/swg.fits[1]
scw/1534/153400300010.001/swg.fits[1]
scw/1534/153400350010.001/swg.fits[1]
scw/1534/153400450010.001/swg.fits[1]
scw/1534/153400460010.001/swg.fits[1]
scw/1534/153400490010.001/swg.fits[1]
scw/1534/153400500010.001/swg.fits[1]
scw/1534/153400560010.001/swg.fits[1]
scw/1534/153400660010.001/swg.fits[1]
scw/1534/153400670010.001/swg.fits[1]
scw/1535/153500110010.001/swg.fits[1]
scw/1535/153500120010.001/swg.fits[1]
scw/1535/153500130010.001/swg.fits[1]
scw/1535/153500140010.001/swg.fits[1]
scw/1535/153500170010.001/swg.fits[1]
scw/1535/153500180010.001/swg.fits[1]
scw/1536/153600200010.001/swg.fits[1]
scw/1536/153600210010.001/swg.fits[1]
scw/1536/153600400010.001/swg.fits[1]
scw/1536/153600410010.001/swg.fits[1]
scw/1536/153600420010.001/swg.fits[1]
scw/1536/153600440010.001/swg.fits[1]
scw/1536/153600450010.001/swg.fits[1]
scw/1536/153600700010.001/swg.fits[1]
scw/1536/153600710010.001/swg.fits[1]
scw/1536/153600720010.001/swg.fits[1]
scw/1536/153600740010.001/swg.fits[1]
scw/1536/153600750010.001/swg.fits[1]
scw/1536/153600910010.001/swg.fits[1]
scw/1537/153700020010.001/swg.fits[1]
scw/1537/153700030010.001/swg.fits[1]
scw/1537/153700040010.001/swg.fits[1]
scw/1537/153700050010.001/swg.fits[1]
scw/1537/153700110010.001/swg.fits[1]
scw/1539/153900600010.001/swg.fits[1]
scw/1539/153900610010.001/swg.fits[1]
scw/1539/153900640010.001/swg.fits[1]
scw/1539/153900650010.001/swg.fits[1]
scw/1541/154100160010.001/swg.fits[1]
scw/1541/154100170010.001/swg.fits[1]
scw/1541/154100180010.001/swg.fits[1]
scw/1541/154100200010.001/swg.fits[1]
scw/1541/154100210010.001/swg.fits[1]
scw/1542/154200030010.001/swg.fits[1]
scw/1542/154200040010.001/swg.fits[1]
scw/1542/154200050010.001/swg.fits[1]
scw/1542/154200080010.001/swg.fits[1]
scw/1542/154200090010.001/swg.fits[1]
scw/1542/154200100010.001/swg.fits[1]
scw/1542/154200240010.001/swg.fits[1]
scw/1542/154200250010.001/swg.fits[1]
scw/1542/154200260010.001/swg.fits[1]
scw/1542/154200280010.001/swg.fits[1]
scw/1542/154200290010.001/swg.fits[1]
scw/1542/154200520010.001/swg.fits[1]
scw/1542/154200580010.001/swg.fits[1]
scw/1542/154200590010.001/swg.fits[1]
scw/1542/154200620010.001/swg.fits[1]
scw/1542/154200630010.001/swg.fits[1]
scw/1542/154200730010.001/swg.fits[1]
scw/1542/154200780010.001/swg.fits[1]
scw/1542/154200790010.001/swg.fits[1]
scw/1542/154200820010.001/swg.fits[1]
scw/1543/154300020010.001/swg.fits[1]
scw/1543/154300260010.001/swg.fits[1]
scw/1543/154300270010.001/swg.fits[1]
scw/1543/154300280010.001/swg.fits[1]
scw/1543/154300310010.001/swg.fits[1]
scw/1543/154300320010.001/swg.fits[1]
scw/1543/154300370010.001/swg.fits[1]
scw/1543/154300470010.001/swg.fits[1]
scw/1543/154300480010.001/swg.fits[1]
scw/1543/154300510010.001/swg.fits[1]
scw/1543/154300520010.001/swg.fits[1]
scw/1543/154300530010.001/swg.fits[1]
scw/1543/154300770010.001/swg.fits[1]
scw/1543/154300780010.001/swg.fits[1]
scw/1543/154300810010.001/swg.fits[1]
scw/1543/154300820010.001/swg.fits[1]
scw/1554/155400230010.001/swg.fits[1]
scw/1554/155400240010.001/swg.fits[1]
scw/1554/155400330010.001/swg.fits[1]
scw/1554/155400340010.001/swg.fits[1]
scw/1554/155400350010.001/swg.fits[1]
scw/1557/155700120010.001/swg.fits[1]
scw/1557/155700210010.001/swg.fits[1]
scw/1557/155700220010.001/swg.fits[1]
scw/1557/155700310010.001/swg.fits[1]
scw/1557/155700320010.001/swg.fits[1]
scw/1557/155700330010.001/swg.fits[1]
scw/1558/155800130010.001/swg.fits[1]
scw/1558/155800140010.001/swg.fits[1]
scw/1558/155800210010.001/swg.fits[1]
scw/1558/155800220010.001/swg.fits[1]
scw/1558/155800310010.001/swg.fits[1]
scw/1558/155800320010.001/swg.fits[1]
scw/1558/155800330010.001/swg.fits[1]
scw/1558/155800340010.001/swg.fits[1]
scw/1558/155800420010.001/swg.fits[1]
scw/1559/155900090010.001/swg.fits[1]
scw/1559/155900180010.001/swg.fits[1]
scw/1559/155900280010.001/swg.fits[1]
scw/1559/155900290010.001/swg.fits[1]
scw/1559/155900380010.001/swg.fits[1]
scw/1559/155900590010.001/swg.fits[1]
scw/1559/155900600010.001/swg.fits[1]
scw/1559/155900600020.001/swg.fits[1]
scw/1560/156000110010.001/swg.fits[1]
scw/1560/156000210010.001/swg.fits[1]
scw/1560/156000220010.001/swg.fits[1]
scw/1560/156000310010.001/swg.fits[1]
scw/1561/156100190010.001/swg.fits[1]
scw/1561/156100280010.001/swg.fits[1]
scw/1561/156100390010.001/swg.fits[1]
scw/1561/156100480010.001/swg.fits[1]
scw/1562/156200140010.001/swg.fits[1]
scw/1562/156200150010.001/swg.fits[1]
scw/1562/156200230010.001/swg.fits[1]
scw/1562/156200570010.001/swg.fits[1]
scw/1563/156300350010.001/swg.fits[1]
scw/1563/156300360010.001/swg.fits[1]
scw/1600/160000200010.001/swg.fits[1]
scw/1600/160000210010.001/swg.fits[1]
scw/1600/160000220010.001/swg.fits[1]
scw/1600/160000310010.001/swg.fits[1]
scw/1600/160000410010.001/swg.fits[1]
scw/1600/160000450010.001/swg.fits[1]
scw/1600/160000460010.001/swg.fits[1]
scw/1600/160000470010.001/swg.fits[1]
scw/1600/160000510010.001/swg.fits[1]
scw/1600/160000700010.001/swg.fits[1]
scw/1600/160000710010.001/swg.fits[1]
scw/1600/160000720010.001/swg.fits[1]
scw/1600/160000750010.001/swg.fits[1]
scw/1600/160000760010.001/swg.fits[1]
scw/1601/160100740010.001/swg.fits[1]
scw/1601/160100750010.001/swg.fits[1]
scw/1601/160100780010.001/swg.fits[1]
scw/1601/160100790010.001/swg.fits[1]
scw/1602/160200530010.001/swg.fits[1]
scw/1602/160200590010.001/swg.fits[1]
scw/1602/160200600010.001/swg.fits[1]
scw/1602/160200610010.001/swg.fits[1]
scw/1602/160200630010.001/swg.fits[1]
scw/1602/160200790010.001/swg.fits[1]
scw/1603/160300460010.001/swg.fits[1]
scw/1603/160300490010.001/swg.fits[1]
scw/1603/160300500010.001/swg.fits[1]
scw/1603/160300560010.001/swg.fits[1]
scw/1603/160300750010.001/swg.fits[1]
scw/1603/160300760010.001/swg.fits[1]
scw/1605/160500100010.001/swg.fits[1]
scw/1605/160500210010.001/swg.fits[1]
scw/1605/160500330010.001/swg.fits[1]
scw/1605/160500340010.001/swg.fits[1]
scw/1605/160500490010.001/swg.fits[1]
scw/1605/160500500010.001/swg.fits[1]
scw/1605/160500510010.001/swg.fits[1]
scw/1605/160500530010.001/swg.fits[1]
scw/1605/160500540010.001/swg.fits[1]
scw/1605/160500730010.001/swg.fits[1]
scw/1605/160500790010.001/swg.fits[1]
scw/1605/160500800010.001/swg.fits[1]
scw/1606/160600080010.001/swg.fits[1]
scw/1607/160700040010.001/swg.fits[1]
scw/1607/160700190010.001/swg.fits[1]
scw/1607/160700230010.001/swg.fits[1]
scw/1607/160700240010.001/swg.fits[1]
scw/1607/160700250010.001/swg.fits[1]
scw/1607/160700300010.001/swg.fits[1]
scw/1607/160700410010.001/swg.fits[1]
scw/1607/160700420010.001/swg.fits[1]
scw/1607/160700430010.001/swg.fits[1]
scw/1607/160700440010.001/swg.fits[1]
scw/1607/160700450010.001/swg.fits[1]
scw/1607/160700690010.001/swg.fits[1]
scw/1607/160700700010.001/swg.fits[1]
scw/1607/160700710010.001/swg.fits[1]
scw/1607/160700740010.001/swg.fits[1]
scw/1607/160700750010.001/swg.fits[1]
scw/1607/160700760010.001/swg.fits[1]
