scw/0514/051400620010.001/swg.fits[1]
scw/0514/051400630010.001/swg.fits[1]
scw/0514/051400700010.001/swg.fits[1]
scw/0514/051400710010.001/swg.fits[1]
scw/0515/051500710010.001/swg.fits[1]
scw/0515/051500720010.001/swg.fits[1]
scw/0517/051700470010.001/swg.fits[1]
scw/0517/051700480010.001/swg.fits[1]
scw/0519/051900470010.001/swg.fits[1]
scw/0519/051900480010.001/swg.fits[1]
scw/0519/051900490010.001/swg.fits[1]
scw/0520/052000450010.001/swg.fits[1]
scw/0520/052000460010.001/swg.fits[1]
scw/0520/052000470010.001/swg.fits[1]
scw/0520/052000540010.001/swg.fits[1]
scw/0520/052000550010.001/swg.fits[1]
scw/0520/052000560010.001/swg.fits[1]
scw/0523/052300590010.001/swg.fits[1]
scw/0523/052300600010.001/swg.fits[1]
scw/0523/052300610010.001/swg.fits[1]
scw/0523/052300680010.001/swg.fits[1]
scw/0523/052300690010.001/swg.fits[1]
scw/0523/052300700010.001/swg.fits[1]
scw/0523/052300890010.001/swg.fits[1]
scw/0523/052300900010.001/swg.fits[1]
scw/0523/052300910010.001/swg.fits[1]
scw/0531/053100600010.001/swg.fits[1]
scw/0531/053100610010.001/swg.fits[1]
scw/0531/053100620010.001/swg.fits[1]
scw/0575/057500640010.001/swg.fits[1]
scw/0575/057500650010.001/swg.fits[1]
scw/0575/057500660010.001/swg.fits[1]
scw/0575/057500730010.001/swg.fits[1]
scw/0575/057500740010.001/swg.fits[1]
scw/0575/057500750010.001/swg.fits[1]
scw/0575/057500940010.001/swg.fits[1]
scw/0575/057500950010.001/swg.fits[1]
scw/0575/057500960010.001/swg.fits[1]
scw/0576/057600620010.001/swg.fits[1]
scw/0576/057600630010.001/swg.fits[1]
scw/0576/057600640010.001/swg.fits[1]
scw/0576/057600710010.001/swg.fits[1]
scw/0576/057600720010.001/swg.fits[1]
scw/0576/057600730010.001/swg.fits[1]
scw/0577/057700610010.001/swg.fits[1]
scw/0577/057700620010.001/swg.fits[1]
scw/0577/057700630010.001/swg.fits[1]
scw/0577/057700700010.001/swg.fits[1]
scw/0577/057700710010.001/swg.fits[1]
scw/0577/057700720010.001/swg.fits[1]
scw/0577/057700920010.001/swg.fits[1]
scw/0577/057700930010.001/swg.fits[1]
scw/0577/057700940010.001/swg.fits[1]
scw/0579/057900620010.001/swg.fits[1]
scw/0579/057900630010.001/swg.fits[1]
scw/0579/057900700010.001/swg.fits[1]
scw/0579/057900710010.001/swg.fits[1]
scw/0579/057900950010.001/swg.fits[1]
scw/0579/057900960010.001/swg.fits[1]
scw/0580/058000650010.001/swg.fits[1]
scw/0580/058000660010.001/swg.fits[1]
scw/0585/058500640010.001/swg.fits[1]
scw/0585/058500650010.001/swg.fits[1]
scw/0585/058500720010.001/swg.fits[1]
scw/0585/058500730010.001/swg.fits[1]
scw/0585/058500940010.001/swg.fits[1]
scw/0585/058500950010.001/swg.fits[1]
scw/0586/058600630010.001/swg.fits[1]
scw/0586/058600640010.001/swg.fits[1]
scw/0586/058600710010.001/swg.fits[1]
scw/0586/058600720010.001/swg.fits[1]
scw/0586/058600950010.001/swg.fits[1]
scw/0586/058600960010.001/swg.fits[1]
scw/0587/058700620010.001/swg.fits[1]
scw/0587/058700630010.001/swg.fits[1]
scw/0587/058700700010.001/swg.fits[1]
scw/0587/058700710010.001/swg.fits[1]
scw/0588/058800610010.001/swg.fits[1]
scw/0588/058800620010.001/swg.fits[1]
scw/0588/058800690010.001/swg.fits[1]
scw/0588/058800700010.001/swg.fits[1]
scw/0647/064700700010.001/swg.fits[1]
scw/0647/064700710010.001/swg.fits[1]
scw/0647/064700720010.001/swg.fits[1]
scw/0648/064800680010.001/swg.fits[1]
scw/0648/064800690010.001/swg.fits[1]
scw/0648/064800700010.001/swg.fits[1]
scw/0648/064800770010.001/swg.fits[1]
scw/0648/064800780010.001/swg.fits[1]
scw/0648/064800790010.001/swg.fits[1]
scw/0651/065100680010.001/swg.fits[1]
scw/0651/065100690010.001/swg.fits[1]
scw/0651/065100700010.001/swg.fits[1]
scw/0651/065101010010.001/swg.fits[1]
scw/0651/065101020010.001/swg.fits[1]
scw/0703/070300690010.001/swg.fits[1]
scw/0703/070300700010.001/swg.fits[1]
scw/0703/070300770010.001/swg.fits[1]
scw/0703/070300780010.001/swg.fits[1]
scw/0704/070400760010.001/swg.fits[1]
scw/0704/070400770010.001/swg.fits[1]
scw/0705/070500720010.001/swg.fits[1]
scw/0705/070500730010.001/swg.fits[1]
scw/2092/209200770010.001/swg.fits[1]
scw/2092/209200860010.001/swg.fits[1]
scw/2092/209200870010.001/swg.fits[1]
scw/2092/209200880010.001/swg.fits[1]
scw/2093/209300730010.001/swg.fits[1]
scw/2093/209300740010.001/swg.fits[1]
scw/2093/209300750010.001/swg.fits[1]
scw/2154/215400680010.001/swg.fits[1]
scw/2154/215400690010.001/swg.fits[1]
scw/2154/215400780010.001/swg.fits[1]
scw/2155/215500830010.001/swg.fits[1]
scw/2155/215500840010.001/swg.fits[1]
scw/2155/215500930010.001/swg.fits[1]
scw/2190/219000280010.001/swg.fits[1]
scw/2190/219000290010.001/swg.fits[1]
scw/2288/228800590010.001/swg.fits[1]
scw/2288/228800680010.001/swg.fits[1]
scw/2288/228800690010.001/swg.fits[1]
scw/2288/228800850010.001/swg.fits[1]
