scw/0070/007000170010.001/swg.fits[1]
scw/0070/007000170020.001/swg.fits[1]
scw/0070/007000170030.001/swg.fits[1]
scw/0070/007000170040.001/swg.fits[1]
scw/0070/007000170050.001/swg.fits[1]
scw/0070/007000170060.001/swg.fits[1]
scw/0070/007000170070.001/swg.fits[1]
scw/0070/007000170080.001/swg.fits[1]
scw/0070/007000170090.001/swg.fits[1]
scw/0070/007000170100.001/swg.fits[1]
scw/0070/007000170110.001/swg.fits[1]
scw/0070/007000690010.001/swg.fits[1]
scw/0070/007000690020.001/swg.fits[1]
scw/0070/007000690030.001/swg.fits[1]
scw/0070/007000690040.001/swg.fits[1]
scw/0070/007000690050.001/swg.fits[1]
scw/0070/007000690060.001/swg.fits[1]
scw/0070/007000690070.001/swg.fits[1]
scw/0729/072900310010.001/swg.fits[1]
scw/0729/072900320010.001/swg.fits[1]
scw/0729/072900330010.001/swg.fits[1]
scw/0729/072900910010.001/swg.fits[1]
scw/0729/072900930010.001/swg.fits[1]
scw/0730/073000730010.001/swg.fits[1]
scw/0730/073000740010.001/swg.fits[1]
scw/0730/073000750010.001/swg.fits[1]
scw/0734/073400100010.001/swg.fits[1]
scw/0734/073400110010.001/swg.fits[1]
scw/0734/073400120010.001/swg.fits[1]
scw/0736/073600890010.001/swg.fits[1]
scw/0736/073600900010.001/swg.fits[1]
scw/0738/073800330010.001/swg.fits[1]
scw/0738/073800350010.001/swg.fits[1]
scw/0738/073800360010.001/swg.fits[1]
scw/0738/073800410010.001/swg.fits[1]
scw/0738/073800420010.001/swg.fits[1]
scw/0738/073800430010.001/swg.fits[1]
scw/0738/073801040010.001/swg.fits[1]
scw/0738/073801050010.001/swg.fits[1]
scw/0738/073801060010.001/swg.fits[1]
scw/0789/078900600010.001/swg.fits[1]
scw/0789/078900610010.001/swg.fits[1]
scw/0790/079000660010.001/swg.fits[1]
scw/0790/079000670010.001/swg.fits[1]
scw/0793/079300800010.001/swg.fits[1]
scw/0793/079300810010.001/swg.fits[1]
scw/0794/079400370010.001/swg.fits[1]
scw/0794/079400380010.001/swg.fits[1]
scw/0851/085100430010.001/swg.fits[1]
scw/0851/085100440010.001/swg.fits[1]
scw/0851/085100450010.001/swg.fits[1]
scw/0855/085500270010.001/swg.fits[1]
scw/0855/085500290010.001/swg.fits[1]
scw/0855/085500300010.001/swg.fits[1]
scw/0855/085500310010.001/swg.fits[1]
scw/0855/085500360010.001/swg.fits[1]
scw/0855/085500610010.001/swg.fits[1]
scw/0855/085500650010.001/swg.fits[1]
scw/0855/085500660010.001/swg.fits[1]
scw/0855/085500670010.001/swg.fits[1]
scw/0855/085500710010.001/swg.fits[1]
scw/0857/085700070010.001/swg.fits[1]
scw/0857/085700090010.001/swg.fits[1]
scw/0857/085700100010.001/swg.fits[1]
scw/0857/085700110010.001/swg.fits[1]
scw/0857/085700160010.001/swg.fits[1]
scw/0857/085700410010.001/swg.fits[1]
scw/0857/085700450010.001/swg.fits[1]
scw/0857/085700460010.001/swg.fits[1]
scw/0857/085700470010.001/swg.fits[1]
scw/0857/085700500010.001/swg.fits[1]
scw/0857/085700510010.001/swg.fits[1]
scw/0858/085800070010.001/swg.fits[1]
scw/0858/085800090010.001/swg.fits[1]
scw/0858/085800100010.001/swg.fits[1]
scw/0858/085800110010.001/swg.fits[1]
scw/0858/085800160010.001/swg.fits[1]
scw/0858/085800410010.001/swg.fits[1]
scw/0858/085800450010.001/swg.fits[1]
scw/0858/085800460010.001/swg.fits[1]
scw/0858/085800470010.001/swg.fits[1]
scw/0858/085800510010.001/swg.fits[1]
scw/0860/086000050010.001/swg.fits[1]
scw/0860/086000140010.001/swg.fits[1]
scw/0860/086000390010.001/swg.fits[1]
scw/0860/086000430010.001/swg.fits[1]
scw/0860/086000440010.001/swg.fits[1]
scw/0860/086000450010.001/swg.fits[1]
scw/0860/086000480010.001/swg.fits[1]
scw/0860/086000490010.001/swg.fits[1]
scw/0861/086100130010.001/swg.fits[1]
scw/0861/086100150010.001/swg.fits[1]
scw/0861/086100160010.001/swg.fits[1]
scw/0861/086100170010.001/swg.fits[1]
scw/0861/086100220010.001/swg.fits[1]
scw/0861/086100470010.001/swg.fits[1]
scw/0861/086100510010.001/swg.fits[1]
scw/0861/086100520010.001/swg.fits[1]
scw/0861/086100530010.001/swg.fits[1]
scw/0861/086100560010.001/swg.fits[1]
scw/0861/086100570010.001/swg.fits[1]
scw/0862/086200430010.001/swg.fits[1]
scw/0862/086200450010.001/swg.fits[1]
scw/0862/086200460010.001/swg.fits[1]
scw/0862/086200470010.001/swg.fits[1]
scw/0862/086200520010.001/swg.fits[1]
scw/0862/086200530010.001/swg.fits[1]
scw/0863/086300130010.001/swg.fits[1]
scw/0863/086300170010.001/swg.fits[1]
scw/0863/086300180010.001/swg.fits[1]
scw/0863/086300190010.001/swg.fits[1]
scw/0863/086300220010.001/swg.fits[1]
scw/0863/086300230010.001/swg.fits[1]
scw/0864/086400050010.001/swg.fits[1]
scw/0864/086400070010.001/swg.fits[1]
scw/0864/086400080010.001/swg.fits[1]
scw/0864/086400090010.001/swg.fits[1]
scw/0864/086400140010.001/swg.fits[1]
scw/0864/086400150010.001/swg.fits[1]
scw/0864/086400390010.001/swg.fits[1]
scw/0864/086400430010.001/swg.fits[1]
scw/0864/086400440010.001/swg.fits[1]
scw/0864/086400450010.001/swg.fits[1]
scw/0864/086400480010.001/swg.fits[1]
scw/0864/086400490010.001/swg.fits[1]
scw/0865/086500320010.001/swg.fits[1]
scw/0865/086500340010.001/swg.fits[1]
scw/0865/086500350010.001/swg.fits[1]
scw/0865/086500360010.001/swg.fits[1]
scw/0865/086500410010.001/swg.fits[1]
scw/0865/086500420010.001/swg.fits[1]
scw/0865/086500660010.001/swg.fits[1]
