scw/1901/190100510010.001/swg.fits[1]
scw/1901/190100520010.001/swg.fits[1]
scw/1902/190200580010.001/swg.fits[1]
scw/1902/190200590010.001/swg.fits[1]
scw/1902/190200600010.001/swg.fits[1]
scw/1902/190200620010.001/swg.fits[1]
scw/1902/190200630010.001/swg.fits[1]
scw/1904/190400670010.001/swg.fits[1]
scw/1904/190400680010.001/swg.fits[1]
scw/1904/190400690010.001/swg.fits[1]
scw/1904/190400740010.001/swg.fits[1]
scw/1904/190400750010.001/swg.fits[1]
scw/1904/190400760010.001/swg.fits[1]
scw/1904/190400760020.001/swg.fits[1]
scw/1907/190700720010.001/swg.fits[1]
scw/1907/190700730010.001/swg.fits[1]
scw/1907/190700740010.001/swg.fits[1]
scw/1907/190700780010.001/swg.fits[1]
scw/1964/196400360010.001/swg.fits[1]
scw/1964/196400370010.001/swg.fits[1]
scw/1964/196400380010.001/swg.fits[1]
scw/1964/196400390010.001/swg.fits[1]
scw/1964/196400460010.001/swg.fits[1]
scw/1964/196400470010.001/swg.fits[1]
scw/1966/196600460010.001/swg.fits[1]
scw/1966/196600470010.001/swg.fits[1]
scw/1966/196600480010.001/swg.fits[1]
scw/1966/196600490010.001/swg.fits[1]
scw/1966/196600500010.001/swg.fits[1]
scw/1966/196600510010.001/swg.fits[1]
scw/1967/196700380010.001/swg.fits[1]
scw/1967/196700390010.001/swg.fits[1]
scw/1967/196700430010.001/swg.fits[1]
scw/1967/196700440010.001/swg.fits[1]
scw/2010/201000580010.001/swg.fits[1]
scw/2018/201800710010.001/swg.fits[1]
scw/2018/201800790010.001/swg.fits[1]
scw/2018/201800800010.001/swg.fits[1]
scw/2018/201800800020.001/swg.fits[1]
scw/2019/201900810010.001/swg.fits[1]
scw/2019/201900810020.001/swg.fits[1]
scw/2022/202200700010.001/swg.fits[1]
scw/2025/202500790010.001/swg.fits[1]
scw/2025/202500800010.001/swg.fits[1]
scw/2029/202900730010.001/swg.fits[1]
scw/2029/202900740010.001/swg.fits[1]
scw/2029/202900750010.001/swg.fits[1]
scw/2032/203200570010.001/swg.fits[1]
scw/2032/203200580010.001/swg.fits[1]
scw/2035/203500530010.001/swg.fits[1]
scw/2035/203500540010.001/swg.fits[1]
scw/2035/203500600010.001/swg.fits[1]
scw/2035/203500610010.001/swg.fits[1]
scw/2035/203500610020.001/swg.fits[1]
scw/2036/203600480010.001/swg.fits[1]
scw/2036/203600490010.001/swg.fits[1]
