scw/0425/042500220010.001/swg.fits[1]
scw/0425/042500230010.001/swg.fits[1]
scw/0425/042500240010.001/swg.fits[1]
scw/0425/042500640010.001/swg.fits[1]
scw/0425/042500650010.001/swg.fits[1]
scw/0426/042600140010.001/swg.fits[1]
scw/0426/042600150010.001/swg.fits[1]
scw/0426/042600160010.001/swg.fits[1]
scw/0426/042600550010.001/swg.fits[1]
scw/0426/042600560010.001/swg.fits[1]
scw/0426/042600570010.001/swg.fits[1]
scw/0426/042600640010.001/swg.fits[1]
scw/0426/042600650010.001/swg.fits[1]
scw/0427/042700410010.001/swg.fits[1]
scw/0427/042700420010.001/swg.fits[1]
scw/0428/042800150010.001/swg.fits[1]
scw/0428/042800160010.001/swg.fits[1]
scw/0428/042800170010.001/swg.fits[1]
scw/0472/047200570010.001/swg.fits[1]
scw/0472/047200660010.001/swg.fits[1]
scw/0473/047300490010.001/swg.fits[1]
scw/0473/047300580010.001/swg.fits[1]
scw/0476/047600250010.001/swg.fits[1]
scw/0476/047600330010.001/swg.fits[1]
scw/0476/047600340010.001/swg.fits[1]
scw/0476/047600350010.001/swg.fits[1]
scw/0545/054500330010.001/swg.fits[1]
scw/0546/054600100010.001/swg.fits[1]
scw/0546/054600190010.001/swg.fits[1]
scw/0594/059400300010.001/swg.fits[1]
scw/0594/059400420010.001/swg.fits[1]
scw/0595/059500280010.001/swg.fits[1]
scw/0595/059500360010.001/swg.fits[1]
scw/0596/059600200010.001/swg.fits[1]
scw/0596/059600280010.001/swg.fits[1]
scw/0599/059900230010.001/swg.fits[1]
scw/0599/059900310010.001/swg.fits[1]
scw/0600/060000130010.001/swg.fits[1]
scw/0600/060000210010.001/swg.fits[1]
scw/0600/060000610010.001/swg.fits[1]
scw/0601/060100240010.001/swg.fits[1]
scw/0601/060100640010.001/swg.fits[1]
scw/0604/060400180010.001/swg.fits[1]
scw/0604/060400270010.001/swg.fits[1]
scw/0661/066100460010.001/swg.fits[1]
scw/0661/066100550010.001/swg.fits[1]
scw/0663/066300440010.001/swg.fits[1]
scw/0663/066300530010.001/swg.fits[1]
scw/0669/066900400010.001/swg.fits[1]
scw/0669/066900410010.001/swg.fits[1]
scw/0725/072500120010.001/swg.fits[1]
scw/0725/072500210010.001/swg.fits[1]
scw/0725/072500620010.001/swg.fits[1]
scw/0729/072900180010.001/swg.fits[1]
scw/0729/072900190010.001/swg.fits[1]
scw/0729/072900200010.001/swg.fits[1]
scw/0729/072900280010.001/swg.fits[1]
scw/0732/073200150010.001/swg.fits[1]
scw/0732/073200160010.001/swg.fits[1]
scw/0732/073200230010.001/swg.fits[1]
scw/0732/073200240010.001/swg.fits[1]
scw/0734/073400660010.001/swg.fits[1]
scw/0734/073400670010.001/swg.fits[1]
scw/0734/073400740010.001/swg.fits[1]
scw/0735/073500960010.001/swg.fits[1]
scw/0736/073600310010.001/swg.fits[1]
scw/0736/073600320010.001/swg.fits[1]
scw/0736/073600390010.001/swg.fits[1]
scw/0776/077600560010.001/swg.fits[1]
scw/0776/077600650010.001/swg.fits[1]
scw/0777/077700390010.001/swg.fits[1]
scw/0777/077700400010.001/swg.fits[1]
scw/0777/077700470010.001/swg.fits[1]
scw/0777/077700480010.001/swg.fits[1]
scw/0777/077700490010.001/swg.fits[1]
scw/0778/077800340010.001/swg.fits[1]
scw/0778/077800350010.001/swg.fits[1]
scw/0779/077900010010.001/swg.fits[1]
scw/0779/077900080010.001/swg.fits[1]
scw/0779/077900090010.001/swg.fits[1]
scw/0779/077900100010.001/swg.fits[1]
scw/0780/078000260010.001/swg.fits[1]
scw/0780/078000270010.001/swg.fits[1]
scw/0780/078000280010.001/swg.fits[1]
scw/0780/078000350010.001/swg.fits[1]
scw/0780/078000360010.001/swg.fits[1]
scw/0783/078300080010.001/swg.fits[1]
scw/0783/078300160010.001/swg.fits[1]
scw/0783/078300170010.001/swg.fits[1]
scw/0783/078300180010.001/swg.fits[1]
scw/0792/079200120010.001/swg.fits[1]
scw/0792/079200530010.001/swg.fits[1]
scw/0795/079500090010.001/swg.fits[1]
scw/0838/083800150010.001/swg.fits[1]
scw/0838/083800560010.001/swg.fits[1]
scw/0838/083800640010.001/swg.fits[1]
scw/0843/084301060010.001/swg.fits[1]
scw/0843/084301070010.001/swg.fits[1]
scw/0846/084600200010.001/swg.fits[1]
scw/0846/084600220010.001/swg.fits[1]
scw/0846/084600230010.001/swg.fits[1]
scw/0846/084600240010.001/swg.fits[1]
scw/0846/084600300010.001/swg.fits[1]
scw/0846/084600310010.001/swg.fits[1]
scw/0846/084600320010.001/swg.fits[1]
scw/1149/114900660010.001/swg.fits[1]
scw/1149/114900670010.001/swg.fits[1]
scw/1149/114900900010.001/swg.fits[1]
scw/1149/114900910010.001/swg.fits[1]
scw/1149/114901020010.001/swg.fits[1]
scw/1149/114901030010.001/swg.fits[1]
scw/1151/115100080010.001/swg.fits[1]
scw/1151/115100330010.001/swg.fits[1]
scw/1151/115100340010.001/swg.fits[1]
scw/1151/115100590010.001/swg.fits[1]
scw/1151/115100600010.001/swg.fits[1]
scw/1151/115100610010.001/swg.fits[1]
scw/1151/115100850010.001/swg.fits[1]
scw/1151/115100860010.001/swg.fits[1]
scw/1151/115100870010.001/swg.fits[1]
scw/1152/115200080010.001/swg.fits[1]
scw/1152/115200340010.001/swg.fits[1]
scw/1152/115200590010.001/swg.fits[1]
scw/1152/115200600010.001/swg.fits[1]
scw/1152/115200860010.001/swg.fits[1]
scw/1154/115400750010.001/swg.fits[1]
scw/1154/115400760010.001/swg.fits[1]
scw/1154/115400890010.001/swg.fits[1]
scw/1154/115400900010.001/swg.fits[1]
scw/1157/115700160010.001/swg.fits[1]
scw/1157/115700170010.001/swg.fits[1]
scw/1157/115700280010.001/swg.fits[1]
scw/1157/115700290010.001/swg.fits[1]
scw/1157/115700530010.001/swg.fits[1]
scw/1157/115700540010.001/swg.fits[1]
scw/1157/115700660010.001/swg.fits[1]
scw/1157/115700670010.001/swg.fits[1]
scw/1157/115700900010.001/swg.fits[1]
scw/1157/115700910010.001/swg.fits[1]
scw/1157/115701040010.001/swg.fits[1]
scw/1157/115701050010.001/swg.fits[1]
scw/1207/120700220010.001/swg.fits[1]
scw/1211/121100070010.001/swg.fits[1]
scw/1211/121100080010.001/swg.fits[1]
scw/1211/121100090010.001/swg.fits[1]
scw/1211/121100300010.001/swg.fits[1]
scw/1211/121100310010.001/swg.fits[1]
scw/1211/121100320010.001/swg.fits[1]
scw/1211/121100430010.001/swg.fits[1]
scw/1211/121100440010.001/swg.fits[1]
scw/1211/121100450010.001/swg.fits[1]
scw/1211/121100660010.001/swg.fits[1]
scw/1211/121100670010.001/swg.fits[1]
scw/1211/121100680010.001/swg.fits[1]
scw/1211/121100790010.001/swg.fits[1]
scw/1211/121100800010.001/swg.fits[1]
scw/1211/121100810010.001/swg.fits[1]
scw/1211/121101020010.001/swg.fits[1]
scw/1211/121101030010.001/swg.fits[1]
scw/1211/121101040010.001/swg.fits[1]
scw/1215/121500260010.001/swg.fits[1]
scw/1217/121700180010.001/swg.fits[1]
scw/1217/121700690010.001/swg.fits[1]
scw/1218/121800090010.001/swg.fits[1]
scw/1222/122200200010.001/swg.fits[1]
scw/1222/122200210010.001/swg.fits[1]
scw/1222/122200220010.001/swg.fits[1]
scw/1222/122200430010.001/swg.fits[1]
scw/1222/122200440010.001/swg.fits[1]
scw/1222/122200450010.001/swg.fits[1]
scw/1222/122200560010.001/swg.fits[1]
scw/1222/122200570010.001/swg.fits[1]
scw/1222/122200580010.001/swg.fits[1]
scw/1222/122200800010.001/swg.fits[1]
scw/1222/122200810010.001/swg.fits[1]
scw/1222/122200820010.001/swg.fits[1]
scw/1222/122201100010.001/swg.fits[1]
scw/1223/122300160010.001/swg.fits[1]
scw/1223/122300170010.001/swg.fits[1]
scw/1223/122300180010.001/swg.fits[1]
scw/1223/122300390010.001/swg.fits[1]
scw/1223/122300400010.001/swg.fits[1]
scw/1223/122300410010.001/swg.fits[1]
scw/1223/122300580010.001/swg.fits[1]
scw/1223/122300600010.001/swg.fits[1]
scw/1223/122300710010.001/swg.fits[1]
scw/1223/122300720010.001/swg.fits[1]
scw/1223/122300730010.001/swg.fits[1]
scw/1225/122500300010.001/swg.fits[1]
scw/1261/126100880010.001/swg.fits[1]
scw/1275/127500120010.001/swg.fits[1]
scw/1275/127500130010.001/swg.fits[1]
scw/1275/127500230010.001/swg.fits[1]
scw/1275/127500240010.001/swg.fits[1]
scw/1276/127600230010.001/swg.fits[1]
scw/1276/127600240010.001/swg.fits[1]
scw/1276/127600340010.001/swg.fits[1]
scw/1276/127600350010.001/swg.fits[1]
scw/1276/127600580010.001/swg.fits[1]
scw/1276/127600590010.001/swg.fits[1]
scw/1276/127600690010.001/swg.fits[1]
scw/1276/127600700010.001/swg.fits[1]
scw/1276/127600860010.001/swg.fits[1]
scw/1280/128000130010.001/swg.fits[1]
scw/1280/128000140010.001/swg.fits[1]
scw/1280/128000240010.001/swg.fits[1]
scw/1280/128000250010.001/swg.fits[1]
scw/1280/128000480010.001/swg.fits[1]
scw/1280/128000490010.001/swg.fits[1]
scw/1280/128000590010.001/swg.fits[1]
scw/1280/128000600010.001/swg.fits[1]
scw/1333/133300140010.001/swg.fits[1]
scw/1333/133300150010.001/swg.fits[1]
scw/1333/133300160010.001/swg.fits[1]
scw/1333/133300260010.001/swg.fits[1]
scw/1333/133300270010.001/swg.fits[1]
scw/1333/133300280010.001/swg.fits[1]
scw/1334/133400090010.001/swg.fits[1]
scw/1334/133400100010.001/swg.fits[1]
scw/1334/133400110010.001/swg.fits[1]
scw/1334/133400310010.001/swg.fits[1]
scw/1334/133400320010.001/swg.fits[1]
scw/1334/133400330010.001/swg.fits[1]
scw/1334/133400440010.001/swg.fits[1]
scw/1334/133400450010.001/swg.fits[1]
scw/1334/133400460010.001/swg.fits[1]
scw/1334/133400660010.001/swg.fits[1]
scw/1334/133400670010.001/swg.fits[1]
scw/1334/133400680010.001/swg.fits[1]
scw/1335/133500320010.001/swg.fits[1]
