scw/0851/085100890010.001/swg.fits[1]
scw/0851/085100900010.001/swg.fits[1]
scw/0851/085100910010.001/swg.fits[1]
scw/0899/089900190010.001/swg.fits[1]
scw/0899/089900200010.001/swg.fits[1]
scw/0899/089900290010.001/swg.fits[1]
scw/0899/089900730010.001/swg.fits[1]
scw/0899/089900740010.001/swg.fits[1]
scw/0899/089900750010.001/swg.fits[1]
scw/0899/089900830010.001/swg.fits[1]
scw/0900/090000510010.001/swg.fits[1]
scw/0900/090000520010.001/swg.fits[1]
scw/0900/090000530010.001/swg.fits[1]
scw/0900/090001050010.001/swg.fits[1]
scw/0900/090001060010.001/swg.fits[1]
scw/0900/090001070010.001/swg.fits[1]
scw/0901/090100240010.001/swg.fits[1]
scw/0901/090100670010.001/swg.fits[1]
scw/0901/090100760010.001/swg.fits[1]
scw/0901/090100770010.001/swg.fits[1]
scw/0904/090400410010.001/swg.fits[1]
scw/0904/090400420010.001/swg.fits[1]
scw/0904/090400990010.001/swg.fits[1]
scw/0904/090401070010.001/swg.fits[1]
scw/0904/090401080010.001/swg.fits[1]
scw/0904/090401090010.001/swg.fits[1]
scw/0905/090500180010.001/swg.fits[1]
scw/0905/090500190010.001/swg.fits[1]
scw/0905/090500200010.001/swg.fits[1]
scw/0905/090501010010.001/swg.fits[1]
scw/0905/090501020010.001/swg.fits[1]
scw/0905/090501030010.001/swg.fits[1]
scw/0905/090501110010.001/swg.fits[1]
scw/0906/090600420010.001/swg.fits[1]
scw/0906/090600430010.001/swg.fits[1]
scw/0906/090600960010.001/swg.fits[1]
scw/0906/090600970010.001/swg.fits[1]
scw/0907/090700510010.001/swg.fits[1]
scw/0907/090700520010.001/swg.fits[1]
scw/0907/090700940010.001/swg.fits[1]
scw/0907/090701020010.001/swg.fits[1]
scw/0907/090701030010.001/swg.fits[1]
scw/0907/090701040010.001/swg.fits[1]
scw/0908/090800110010.001/swg.fits[1]
scw/0908/090800120010.001/swg.fits[1]
scw/0908/090800630010.001/swg.fits[1]
scw/0908/090800640010.001/swg.fits[1]
scw/0909/090900370010.001/swg.fits[1]
scw/0909/090900380010.001/swg.fits[1]
scw/0909/090900470010.001/swg.fits[1]
scw/0909/090900940010.001/swg.fits[1]
scw/0910/091000370010.001/swg.fits[1]
scw/0910/091000940010.001/swg.fits[1]
scw/0910/091000950010.001/swg.fits[1]
scw/1165/116500980010.001/swg.fits[1]
scw/1166/116601020010.001/swg.fits[1]
scw/1166/116601030010.001/swg.fits[1]
scw/1166/116601080010.001/swg.fits[1]
scw/1166/116601090010.001/swg.fits[1]
scw/1166/116601100010.001/swg.fits[1]
scw/1210/121001160010.001/swg.fits[1]
scw/1210/121001210010.001/swg.fits[1]
scw/1219/121901160010.001/swg.fits[1]
scw/1219/121901210010.001/swg.fits[1]
scw/1219/121901220010.001/swg.fits[1]
scw/1227/122701040010.001/swg.fits[1]
scw/1229/122900180010.001/swg.fits[1]
scw/1230/123000170010.001/swg.fits[1]
scw/1276/127601120010.001/swg.fits[1]
scw/1280/128000760010.001/swg.fits[1]
scw/1285/128500070010.001/swg.fits[1]
scw/1285/128500110010.001/swg.fits[1]
scw/1285/128500130010.001/swg.fits[1]
scw/1285/128500140010.001/swg.fits[1]
scw/1290/129000100010.001/swg.fits[1]
scw/1290/129000120010.001/swg.fits[1]
scw/1290/129000130010.001/swg.fits[1]
scw/1333/133300560010.001/swg.fits[1]
scw/1333/133300570010.001/swg.fits[1]
scw/1334/133401090010.001/swg.fits[1]
scw/1389/138900700010.001/swg.fits[1]
scw/1392/139200760010.001/swg.fits[1]
scw/1395/139500730010.001/swg.fits[1]
scw/1395/139500740010.001/swg.fits[1]
scw/1398/139800550010.001/swg.fits[1]
scw/1398/139800560010.001/swg.fits[1]
scw/1401/140100030010.001/swg.fits[1]
scw/1401/140100040010.001/swg.fits[1]
scw/1401/140100050010.001/swg.fits[1]
scw/1465/146500750010.001/swg.fits[1]
scw/1465/146500760010.001/swg.fits[1]
scw/1465/146500820010.001/swg.fits[1]
scw/1465/146500830010.001/swg.fits[1]
scw/1465/146500890010.001/swg.fits[1]
scw/1466/146600010010.001/swg.fits[1]
scw/1466/146600080010.001/swg.fits[1]
scw/1466/146600090010.001/swg.fits[1]
scw/1466/146600140010.001/swg.fits[1]
scw/1466/146600150010.001/swg.fits[1]
scw/1470/147000350010.001/swg.fits[1]
scw/1476/147600020010.001/swg.fits[1]
scw/1476/147600070010.001/swg.fits[1]
scw/1476/147600080010.001/swg.fits[1]
scw/1525/152500410010.001/swg.fits[1]
scw/1527/152700410010.001/swg.fits[1]
scw/1529/152900280010.001/swg.fits[1]
scw/1529/152900290010.001/swg.fits[1]
scw/1532/153200120010.001/swg.fits[1]
scw/1532/153200130010.001/swg.fits[1]
scw/1533/153300470010.001/swg.fits[1]
scw/1533/153300480010.001/swg.fits[1]
scw/1534/153400030010.001/swg.fits[1]
scw/1534/153400040010.001/swg.fits[1]
scw/1534/153400050010.001/swg.fits[1]
scw/1592/159200940010.001/swg.fits[1]
scw/1595/159500820010.001/swg.fits[1]
scw/1595/159500870010.001/swg.fits[1]
scw/1595/159500880010.001/swg.fits[1]
scw/1597/159700380010.001/swg.fits[1]
scw/1601/160100550010.001/swg.fits[1]
scw/1601/160100600010.001/swg.fits[1]
scw/1601/160100610010.001/swg.fits[1]
scw/1601/160100610020.001/swg.fits[1]
scw/1602/160200020010.001/swg.fits[1]
scw/1602/160200060010.001/swg.fits[1]
scw/1602/160200070010.001/swg.fits[1]
scw/1602/160200080010.001/swg.fits[1]
scw/1602/160200380010.001/swg.fits[1]
scw/1603/160300040010.001/swg.fits[1]
scw/1603/160300250010.001/swg.fits[1]
scw/1606/160600020010.001/swg.fits[1]
scw/2081/208100370010.001/swg.fits[1]
scw/2085/208500130010.001/swg.fits[1]
scw/2085/208500190010.001/swg.fits[1]
scw/2085/208500200010.001/swg.fits[1]
scw/2087/208700200010.001/swg.fits[1]
scw/2087/208700270010.001/swg.fits[1]
scw/2089/208900050010.001/swg.fits[1]
scw/2089/208900100010.001/swg.fits[1]
scw/2089/208900110010.001/swg.fits[1]
scw/2089/208900120010.001/swg.fits[1]
scw/2154/215400240010.001/swg.fits[1]
scw/2154/215400320010.001/swg.fits[1]
scw/2154/215400330010.001/swg.fits[1]
scw/2155/215500340010.001/swg.fits[1]
scw/2155/215500380010.001/swg.fits[1]
scw/2155/215500390010.001/swg.fits[1]
scw/2155/215500480010.001/swg.fits[1]
scw/2156/215600290010.001/swg.fits[1]
scw/2156/215600300010.001/swg.fits[1]
scw/2156/215600340010.001/swg.fits[1]
scw/2156/215600350010.001/swg.fits[1]
scw/2157/215700400010.001/swg.fits[1]
scw/2157/215700450010.001/swg.fits[1]
scw/2157/215700510010.001/swg.fits[1]
scw/2157/215700520010.001/swg.fits[1]
scw/2158/215800060010.001/swg.fits[1]
scw/2158/215800070010.001/swg.fits[1]
scw/2158/215800130010.001/swg.fits[1]
scw/2158/215800170010.001/swg.fits[1]
scw/2158/215800180010.001/swg.fits[1]
scw/2159/215900380010.001/swg.fits[1]
scw/2159/215900440010.001/swg.fits[1]
scw/2160/216000510010.001/swg.fits[1]
scw/2218/221800330010.001/swg.fits[1]
scw/2221/222100370010.001/swg.fits[1]
scw/2221/222100390010.001/swg.fits[1]
scw/2221/222100400010.001/swg.fits[1]
scw/2222/222200650010.001/swg.fits[1]
scw/2222/222200660010.001/swg.fits[1]
scw/2222/222200740010.001/swg.fits[1]
scw/2223/222300570010.001/swg.fits[1]
scw/2223/222300580010.001/swg.fits[1]
scw/2223/222300640010.001/swg.fits[1]
scw/2224/222400020010.001/swg.fits[1]
scw/2224/222400820010.001/swg.fits[1]
scw/2224/222400830010.001/swg.fits[1]
scw/2224/222400910010.001/swg.fits[1]
scw/2269/226900400010.001/swg.fits[1]
scw/2269/226900440010.001/swg.fits[1]
scw/2269/226900450010.001/swg.fits[1]
