scw/2366/236600140010.001/swg.fits[1]
scw/2366/236600150010.001/swg.fits[1]
scw/2366/236600160010.001/swg.fits[1]
scw/2367/236700490010.001/swg.fits[1]
scw/2367/236700500010.001/swg.fits[1]
scw/2367/236700510010.001/swg.fits[1]
scw/2367/236700520010.001/swg.fits[1]
scw/2367/236700610010.001/swg.fits[1]
scw/2368/236800420010.001/swg.fits[1]
scw/2368/236800490010.001/swg.fits[1]
scw/2368/236800500010.001/swg.fits[1]
scw/2368/236800510010.001/swg.fits[1]
scw/2369/236900530010.001/swg.fits[1]
scw/2369/236900540010.001/swg.fits[1]
scw/2369/236900550010.001/swg.fits[1]
scw/2369/236900620010.001/swg.fits[1]
scw/2370/237000330010.001/swg.fits[1]
scw/2370/237000420010.001/swg.fits[1]
scw/2370/237000430010.001/swg.fits[1]
scw/2371/237100160010.001/swg.fits[1]
scw/2371/237100170010.001/swg.fits[1]
scw/2371/237100180010.001/swg.fits[1]
