scw/0312/031200290010.001/swg.fits[1]
scw/0312/031200300010.001/swg.fits[1]
scw/0312/031200350010.001/swg.fits[1]
scw/0312/031200360010.001/swg.fits[1]
scw/0312/031200550010.001/swg.fits[1]
scw/0312/031200590010.001/swg.fits[1]
scw/0312/031200600010.001/swg.fits[1]
scw/0312/031200610010.001/swg.fits[1]
scw/0312/031200650010.001/swg.fits[1]
scw/0312/031200660010.001/swg.fits[1]
scw/0313/031300090010.001/swg.fits[1]
scw/0313/031300110010.001/swg.fits[1]
scw/0313/031300120010.001/swg.fits[1]
scw/0313/031300130010.001/swg.fits[1]
scw/0313/031300180010.001/swg.fits[1]
scw/0313/031300190010.001/swg.fits[1]
scw/0313/031300390010.001/swg.fits[1]
scw/0313/031300410010.001/swg.fits[1]
scw/0313/031300420010.001/swg.fits[1]
scw/0313/031300430010.001/swg.fits[1]
scw/0313/031300490010.001/swg.fits[1]
scw/0313/031300590010.001/swg.fits[1]
scw/0313/031300630010.001/swg.fits[1]
scw/0313/031300640010.001/swg.fits[1]
scw/0313/031300650010.001/swg.fits[1]
scw/0314/031400010010.001/swg.fits[1]
scw/1291/129100020010.001/swg.fits[1]
scw/1291/129100040010.001/swg.fits[1]
scw/1291/129100050010.001/swg.fits[1]
scw/1291/129100060010.001/swg.fits[1]
scw/1291/129100090010.001/swg.fits[1]
scw/1291/129100110010.001/swg.fits[1]
scw/1291/129100120010.001/swg.fits[1]
scw/1291/129100130010.001/swg.fits[1]
scw/1291/129100140010.001/swg.fits[1]
scw/1291/129100160010.001/swg.fits[1]
scw/1291/129100190010.001/swg.fits[1]
scw/1291/129100200010.001/swg.fits[1]
scw/1291/129100210010.001/swg.fits[1]
scw/1291/129100230010.001/swg.fits[1]
scw/1291/129100240010.001/swg.fits[1]
scw/1291/129100250010.001/swg.fits[1]
scw/1291/129100260010.001/swg.fits[1]
scw/1291/129100270010.001/swg.fits[1]
scw/1291/129100280010.001/swg.fits[1]
scw/1291/129100290010.001/swg.fits[1]
scw/1291/129100300010.001/swg.fits[1]
scw/1291/129100310010.001/swg.fits[1]
scw/1291/129100320010.001/swg.fits[1]
scw/1291/129100330010.001/swg.fits[1]
scw/1291/129100340010.001/swg.fits[1]
scw/1291/129100360010.001/swg.fits[1]
scw/1291/129100370010.001/swg.fits[1]
scw/1291/129100390010.001/swg.fits[1]
scw/1291/129100400010.001/swg.fits[1]
scw/1291/129100410010.001/swg.fits[1]
scw/1291/129100440010.001/swg.fits[1]
scw/1291/129100460010.001/swg.fits[1]
scw/1291/129100470010.001/swg.fits[1]
scw/1291/129100480010.001/swg.fits[1]
scw/1291/129100510010.001/swg.fits[1]
scw/1291/129100530010.001/swg.fits[1]
scw/1291/129100540010.001/swg.fits[1]
scw/1291/129100550010.001/swg.fits[1]
scw/1291/129100580010.001/swg.fits[1]
scw/1291/129100600010.001/swg.fits[1]
scw/1291/129100610010.001/swg.fits[1]
scw/1292/129200020010.001/swg.fits[1]
scw/1292/129200050010.001/swg.fits[1]
scw/1292/129200080010.001/swg.fits[1]
scw/1292/129200090010.001/swg.fits[1]
scw/1292/129200100010.001/swg.fits[1]
scw/1292/129200120010.001/swg.fits[1]
scw/1292/129200130010.001/swg.fits[1]
scw/1292/129200150010.001/swg.fits[1]
scw/1292/129200160010.001/swg.fits[1]
scw/1292/129200170010.001/swg.fits[1]
scw/1292/129200180010.001/swg.fits[1]
scw/1292/129200190010.001/swg.fits[1]
scw/1292/129200200010.001/swg.fits[1]
scw/1292/129200210010.001/swg.fits[1]
scw/1292/129200220010.001/swg.fits[1]
scw/1292/129200230010.001/swg.fits[1]
scw/1292/129200250010.001/swg.fits[1]
scw/1292/129200260010.001/swg.fits[1]
scw/1292/129200270010.001/swg.fits[1]
scw/1292/129200280010.001/swg.fits[1]
scw/1292/129200290010.001/swg.fits[1]
scw/1292/129200330010.001/swg.fits[1]
scw/1292/129200350010.001/swg.fits[1]
scw/1292/129200360010.001/swg.fits[1]
scw/1292/129200400010.001/swg.fits[1]
scw/1292/129200420010.001/swg.fits[1]
scw/1292/129200430010.001/swg.fits[1]
scw/1292/129200440010.001/swg.fits[1]
scw/1292/129200470010.001/swg.fits[1]
scw/1292/129200490010.001/swg.fits[1]
scw/1292/129200500010.001/swg.fits[1]
scw/1292/129200510010.001/swg.fits[1]
scw/1292/129200520010.001/swg.fits[1]
scw/1292/129200540010.001/swg.fits[1]
scw/1292/129200570010.001/swg.fits[1]
scw/1292/129200580010.001/swg.fits[1]
scw/1292/129200590010.001/swg.fits[1]
scw/1292/129200590020.001/swg.fits[1]
scw/1293/129300030010.001/swg.fits[1]
scw/1293/129300040010.001/swg.fits[1]
scw/1293/129300050010.001/swg.fits[1]
scw/1293/129300060010.001/swg.fits[1]
scw/1294/129400230010.001/swg.fits[1]
scw/1294/129400240010.001/swg.fits[1]
scw/1294/129400250010.001/swg.fits[1]
scw/1294/129400260010.001/swg.fits[1]
scw/1294/129400270010.001/swg.fits[1]
scw/1294/129400280010.001/swg.fits[1]
scw/1294/129400290010.001/swg.fits[1]
scw/1294/129400300010.001/swg.fits[1]
scw/1294/129400320010.001/swg.fits[1]
scw/1294/129400330010.001/swg.fits[1]
scw/1294/129400350010.001/swg.fits[1]
scw/1294/129400360010.001/swg.fits[1]
scw/1294/129400370010.001/swg.fits[1]
