scw/2297/229700130010.001/swg.fits[1]
scw/2297/229700140010.001/swg.fits[1]
scw/2297/229700240010.001/swg.fits[1]
scw/2297/229700250010.001/swg.fits[1]
scw/2298/229800790010.001/swg.fits[1]
scw/2298/229800800010.001/swg.fits[1]
scw/2303/230300040010.001/swg.fits[1]
scw/2303/230300200010.001/swg.fits[1]
scw/2303/230300220010.001/swg.fits[1]
scw/2303/230300230010.001/swg.fits[1]
scw/2303/230300310010.001/swg.fits[1]
scw/2304/230400100010.001/swg.fits[1]
scw/2304/230400180010.001/swg.fits[1]
scw/2304/230400190010.001/swg.fits[1]
scw/2304/230400200010.001/swg.fits[1]
scw/2304/230400210010.001/swg.fits[1]
scw/2305/230500060010.001/swg.fits[1]
scw/2305/230500070010.001/swg.fits[1]
scw/2305/230500080010.001/swg.fits[1]
scw/2305/230500090010.001/swg.fits[1]
scw/2305/230500170010.001/swg.fits[1]
scw/2305/230500270010.001/swg.fits[1]
scw/2305/230500350010.001/swg.fits[1]
scw/2305/230500360010.001/swg.fits[1]
scw/2305/230500370010.001/swg.fits[1]
scw/2305/230500380010.001/swg.fits[1]
scw/2306/230600340010.001/swg.fits[1]
scw/2306/230600350010.001/swg.fits[1]
scw/2307/230700040010.001/swg.fits[1]
scw/2307/230700110010.001/swg.fits[1]
scw/2307/230700210010.001/swg.fits[1]
scw/2307/230700230010.001/swg.fits[1]
scw/2307/230700240010.001/swg.fits[1]
scw/2334/233400610010.001/swg.fits[1]
scw/2334/233400640010.001/swg.fits[1]
scw/2338/233800460010.001/swg.fits[1]
scw/2338/233800490010.001/swg.fits[1]
scw/2338/233800500010.001/swg.fits[1]
scw/2338/233800560010.001/swg.fits[1]
scw/2340/234000690010.001/swg.fits[1]
scw/2340/234000720010.001/swg.fits[1]
scw/2340/234000730010.001/swg.fits[1]
scw/2340/234000780010.001/swg.fits[1]
scw/2340/234000790010.001/swg.fits[1]
scw/2341/234100560010.001/swg.fits[1]
scw/2342/234200570010.001/swg.fits[1]
scw/2342/234200640010.001/swg.fits[1]
scw/2342/234200650010.001/swg.fits[1]
scw/2343/234300560010.001/swg.fits[1]
scw/2343/234300630010.001/swg.fits[1]
scw/2343/234300650010.001/swg.fits[1]
scw/2343/234300660010.001/swg.fits[1]
scw/2346/234600480010.001/swg.fits[1]
scw/2346/234600490010.001/swg.fits[1]
scw/2346/234600500010.001/swg.fits[1]
scw/2346/234600510010.001/swg.fits[1]
scw/2346/234600570010.001/swg.fits[1]
scw/2346/234600580010.001/swg.fits[1]
scw/2346/234600610010.001/swg.fits[1]
scw/2351/235100180010.001/swg.fits[1]
scw/2351/235100190010.001/swg.fits[1]
scw/2351/235100270010.001/swg.fits[1]
scw/2352/235200560010.001/swg.fits[1]
scw/2352/235200630010.001/swg.fits[1]
scw/2353/235300400010.001/swg.fits[1]
scw/2353/235300510010.001/swg.fits[1]
scw/2353/235300520010.001/swg.fits[1]
scw/2355/235500550010.001/swg.fits[1]
scw/2355/235500570010.001/swg.fits[1]
scw/2355/235500580010.001/swg.fits[1]
scw/2355/235500650010.001/swg.fits[1]
scw/2355/235500660010.001/swg.fits[1]
scw/2357/235700180010.001/swg.fits[1]
scw/2357/235700190010.001/swg.fits[1]
scw/2359/235900620010.001/swg.fits[1]
scw/2359/235900650010.001/swg.fits[1]
scw/2359/235900720010.001/swg.fits[1]
scw/2359/235900730010.001/swg.fits[1]
scw/2359/235900740010.001/swg.fits[1]
scw/2359/235900750010.001/swg.fits[1]
scw/2361/236100620010.001/swg.fits[1]
scw/2361/236100630010.001/swg.fits[1]
scw/2363/236300510010.001/swg.fits[1]
scw/2363/236300540010.001/swg.fits[1]
scw/2363/236300610010.001/swg.fits[1]
scw/2365/236500100010.001/swg.fits[1]
scw/2365/236500110010.001/swg.fits[1]
scw/2365/236500180010.001/swg.fits[1]
scw/2365/236500190010.001/swg.fits[1]
scw/2365/236500410010.001/swg.fits[1]
scw/2365/236500420010.001/swg.fits[1]
scw/2365/236500480010.001/swg.fits[1]
scw/2365/236500490010.001/swg.fits[1]
scw/2368/236800260010.001/swg.fits[1]
scw/2368/236800270010.001/swg.fits[1]
scw/2368/236800280010.001/swg.fits[1]
scw/2368/236800290010.001/swg.fits[1]
scw/2370/237000150010.001/swg.fits[1]
scw/2370/237000170010.001/swg.fits[1]
scw/2370/237000180010.001/swg.fits[1]
scw/2372/237200130010.001/swg.fits[1]
scw/2372/237200190010.001/swg.fits[1]
scw/2372/237200200010.001/swg.fits[1]
scw/2372/237200210010.001/swg.fits[1]
scw/2372/237200230010.001/swg.fits[1]
scw/2373/237300110010.001/swg.fits[1]
scw/2373/237300180010.001/swg.fits[1]
scw/2373/237300190010.001/swg.fits[1]
scw/2373/237300200010.001/swg.fits[1]
scw/2373/237300210010.001/swg.fits[1]
scw/2395/239500250010.001/swg.fits[1]
scw/2395/239500260010.001/swg.fits[1]
scw/2400/240000020010.001/swg.fits[1]
scw/2400/240000030010.001/swg.fits[1]
scw/2406/240600410010.001/swg.fits[1]
scw/2406/240600450010.001/swg.fits[1]
scw/2406/240600460010.001/swg.fits[1]
scw/2406/240600510010.001/swg.fits[1]
scw/2406/240600520010.001/swg.fits[1]
scw/2409/240900340010.001/swg.fits[1]
scw/2409/240900350010.001/swg.fits[1]
scw/2410/241000340010.001/swg.fits[1]
scw/2410/241000350010.001/swg.fits[1]
scw/2410/241000380010.001/swg.fits[1]
scw/2412/241200060010.001/swg.fits[1]
scw/2412/241200070010.001/swg.fits[1]
scw/2412/241200130010.001/swg.fits[1]
scw/2412/241200140010.001/swg.fits[1]
scw/2418/241800430010.001/swg.fits[1]
scw/2420/242000040010.001/swg.fits[1]
scw/2420/242000110010.001/swg.fits[1]
scw/2420/242000120010.001/swg.fits[1]
scw/2420/242000340010.001/swg.fits[1]
scw/2424/242400260010.001/swg.fits[1]
scw/2424/242400310010.001/swg.fits[1]
scw/2424/242400320010.001/swg.fits[1]
scw/2429/242900400010.001/swg.fits[1]
scw/2429/242900480010.001/swg.fits[1]
scw/2429/242900490010.001/swg.fits[1]
scw/2429/242900500010.001/swg.fits[1]
scw/2432/243200430010.001/swg.fits[1]
scw/2432/243200430020.001/swg.fits[1]
scw/2434/243400050010.001/swg.fits[1]
scw/2434/243400060010.001/swg.fits[1]
scw/2434/243400130010.001/swg.fits[1]
scw/2434/243400250010.001/swg.fits[1]
scw/2434/243400260010.001/swg.fits[1]
scw/2438/243800370010.001/swg.fits[1]
scw/2438/243800380010.001/swg.fits[1]
scw/2438/243800560010.001/swg.fits[1]
scw/2438/243800570010.001/swg.fits[1]
scw/2438/243800590010.001/swg.fits[1]
scw/2438/243800600010.001/swg.fits[1]
scw/2442/244200180010.001/swg.fits[1]
scw/2442/244200260010.001/swg.fits[1]
scw/2442/244200270010.001/swg.fits[1]
scw/2442/244200290010.001/swg.fits[1]
scw/2444/244400200010.001/swg.fits[1]
scw/2444/244400220010.001/swg.fits[1]
scw/2444/244400230010.001/swg.fits[1]
scw/2447/244700360010.001/swg.fits[1]
scw/2448/244800350010.001/swg.fits[1]
scw/2448/244800380010.001/swg.fits[1]
scw/2448/244800390010.001/swg.fits[1]
scw/2449/244900220010.001/swg.fits[1]
scw/2449/244900230010.001/swg.fits[1]
scw/2449/244900250010.001/swg.fits[1]
scw/2449/244900270010.001/swg.fits[1]
scw/2452/245200100010.001/swg.fits[1]
scw/2452/245200110010.001/swg.fits[1]
scw/2452/245200120010.001/swg.fits[1]
scw/2452/245200130010.001/swg.fits[1]
scw/2468/246800190010.001/swg.fits[1]
scw/2468/246800200010.001/swg.fits[1]
scw/2469/246900060010.001/swg.fits[1]
scw/2469/246900100010.001/swg.fits[1]
scw/2469/246900110010.001/swg.fits[1]
scw/2469/246900120010.001/swg.fits[1]
scw/2469/246900150010.001/swg.fits[1]
scw/2469/246900160010.001/swg.fits[1]
scw/2472/247200220010.001/swg.fits[1]
scw/2472/247200230010.001/swg.fits[1]
scw/2472/247200270010.001/swg.fits[1]
scw/2472/247200280010.001/swg.fits[1]
scw/2472/247200310010.001/swg.fits[1]
scw/2472/247200320010.001/swg.fits[1]
scw/2472/247200330010.001/swg.fits[1]
scw/2472/247200370010.001/swg.fits[1]
scw/2473/247300270010.001/swg.fits[1]
scw/2473/247300280010.001/swg.fits[1]
scw/2474/247400420010.001/swg.fits[1]
scw/2474/247400430010.001/swg.fits[1]
scw/2474/247400460010.001/swg.fits[1]
scw/2474/247400470010.001/swg.fits[1]
scw/2475/247500490010.001/swg.fits[1]
scw/2475/247500540010.001/swg.fits[1]
scw/2475/247500550010.001/swg.fits[1]
scw/2475/247500590010.001/swg.fits[1]
