scw/0046/004600890010.001/swg.fits[1]
scw/0066/006600180010.001/swg.fits[1]
scw/0076/007600240010.001/swg.fits[1]
scw/0076/007600250010.001/swg.fits[1]
scw/0076/007600300010.001/swg.fits[1]
scw/0076/007600310010.001/swg.fits[1]
scw/0076/007600340010.001/swg.fits[1]
scw/0076/007600550010.001/swg.fits[1]
scw/0077/007700050010.001/swg.fits[1]
scw/0077/007700060010.001/swg.fits[1]
scw/0077/007700080010.001/swg.fits[1]
scw/0077/007700090010.001/swg.fits[1]
scw/0077/007700140010.001/swg.fits[1]
scw/0078/007800630010.001/swg.fits[1]
scw/0078/007800660010.001/swg.fits[1]
scw/0086/008600050010.001/swg.fits[1]
scw/0091/009100040010.001/swg.fits[1]
scw/0146/014600070010.001/swg.fits[1]
scw/0157/015700120010.001/swg.fits[1]
scw/0165/016500060010.001/swg.fits[1]
scw/0194/019400170010.001/swg.fits[1]
scw/0203/020300130010.001/swg.fits[1]
scw/0209/020900070010.001/swg.fits[1]
scw/0229/022900060010.001/swg.fits[1]
scw/0258/025800130010.001/swg.fits[1]
scw/0268/026800100010.001/swg.fits[1]
scw/0270/027000630010.001/swg.fits[1]
scw/0276/027600120010.001/swg.fits[1]
scw/0280/028000100010.001/swg.fits[1]
scw/0301/030100580010.001/swg.fits[1]
scw/0322/032200080010.001/swg.fits[1]
scw/0322/032200090010.001/swg.fits[1]
scw/0322/032200140010.001/swg.fits[1]
scw/0322/032200150010.001/swg.fits[1]
scw/0322/032200180010.001/swg.fits[1]
scw/0322/032200190010.001/swg.fits[1]
scw/0322/032200340010.001/swg.fits[1]
scw/0322/032200350010.001/swg.fits[1]
scw/0322/032200380010.001/swg.fits[1]
scw/0322/032200390010.001/swg.fits[1]
scw/0322/032200440010.001/swg.fits[1]
scw/0322/032200570010.001/swg.fits[1]
scw/0323/032300180010.001/swg.fits[1]
scw/0323/032300190010.001/swg.fits[1]
scw/0323/032300250010.001/swg.fits[1]
scw/0323/032300260010.001/swg.fits[1]
scw/0323/032300440010.001/swg.fits[1]
scw/0323/032300450010.001/swg.fits[1]
scw/0323/032300460010.001/swg.fits[1]
scw/0323/032300470010.001/swg.fits[1]
scw/0323/032300480010.001/swg.fits[1]
scw/0323/032300490010.001/swg.fits[1]
scw/0323/032300540010.001/swg.fits[1]
scw/0325/032500140010.001/swg.fits[1]
scw/0325/032500150010.001/swg.fits[1]
scw/0325/032500190010.001/swg.fits[1]
scw/0325/032500200010.001/swg.fits[1]
scw/0325/032500210010.001/swg.fits[1]
scw/0325/032500390010.001/swg.fits[1]
scw/0325/032500500010.001/swg.fits[1]
scw/0325/032500510010.001/swg.fits[1]
scw/0325/032500520010.001/swg.fits[1]
scw/0325/032500530010.001/swg.fits[1]
scw/0325/032500710010.001/swg.fits[1]
scw/0326/032600190010.001/swg.fits[1]
scw/0326/032600200010.001/swg.fits[1]
scw/0326/032600240010.001/swg.fits[1]
scw/0326/032600290010.001/swg.fits[1]
scw/0326/032600300010.001/swg.fits[1]
scw/0326/032600500010.001/swg.fits[1]
scw/0326/032600510010.001/swg.fits[1]
scw/0326/032600540010.001/swg.fits[1]
scw/0326/032600550010.001/swg.fits[1]
scw/0326/032600610010.001/swg.fits[1]
scw/0327/032700090010.001/swg.fits[1]
scw/0327/032700180010.001/swg.fits[1]
scw/0327/032700190010.001/swg.fits[1]
scw/0327/032700200010.001/swg.fits[1]
scw/0327/032700230010.001/swg.fits[1]
scw/0327/032700240010.001/swg.fits[1]
scw/0327/032700250010.001/swg.fits[1]
scw/0327/032700490010.001/swg.fits[1]
scw/0327/032700500010.001/swg.fits[1]
scw/0327/032700530010.001/swg.fits[1]
scw/0327/032700540010.001/swg.fits[1]
scw/0328/032800050010.001/swg.fits[1]
scw/0328/032800060010.001/swg.fits[1]
scw/0328/032800070010.001/swg.fits[1]
scw/0328/032800100010.001/swg.fits[1]
scw/0328/032800110010.001/swg.fits[1]
scw/0328/032800120010.001/swg.fits[1]
scw/0328/032800160010.001/swg.fits[1]
scw/0328/032800170010.001/swg.fits[1]
scw/0328/032800300010.001/swg.fits[1]
scw/0328/032800310010.001/swg.fits[1]
scw/0328/032800400010.001/swg.fits[1]
scw/0328/032800410010.001/swg.fits[1]
scw/0328/032800510010.001/swg.fits[1]
scw/0328/032800550010.001/swg.fits[1]
scw/0328/032800560010.001/swg.fits[1]
scw/0328/032800570010.001/swg.fits[1]
scw/0329/032900010010.001/swg.fits[1]
scw/0329/032900020010.001/swg.fits[1]
scw/0329/032900030010.001/swg.fits[1]
scw/0329/032900270010.001/swg.fits[1]
scw/0329/032900280010.001/swg.fits[1]
scw/0329/032900310010.001/swg.fits[1]
scw/0329/032900320010.001/swg.fits[1]
scw/0329/032900330010.001/swg.fits[1]
scw/0329/032900460010.001/swg.fits[1]
scw/0329/032900470010.001/swg.fits[1]
scw/0329/032900510010.001/swg.fits[1]
scw/0329/032900520010.001/swg.fits[1]
scw/0329/032900530010.001/swg.fits[1]
scw/0329/032900560010.001/swg.fits[1]
scw/0329/032900570010.001/swg.fits[1]
scw/0330/033000170010.001/swg.fits[1]
scw/0330/033000180010.001/swg.fits[1]
scw/0330/033000220010.001/swg.fits[1]
scw/0330/033000280010.001/swg.fits[1]
scw/0330/033000360010.001/swg.fits[1]
scw/0330/033000370010.001/swg.fits[1]
scw/0330/033000380010.001/swg.fits[1]
scw/0330/033000410010.001/swg.fits[1]
scw/0330/033000420010.001/swg.fits[1]
scw/0330/033000660010.001/swg.fits[1]
scw/0330/033000670010.001/swg.fits[1]
scw/0330/033000680010.001/swg.fits[1]
scw/0330/033000710010.001/swg.fits[1]
scw/0330/033000720010.001/swg.fits[1]
scw/0330/033000730010.001/swg.fits[1]
scw/0347/034700080010.001/swg.fits[1]
scw/0391/039100090010.001/swg.fits[1]
scw/0395/039500030010.001/swg.fits[1]
scw/0399/039900630010.001/swg.fits[1]
scw/0407/040700210010.001/swg.fits[1]
scw/0411/041100110010.001/swg.fits[1]
scw/0444/044400120010.001/swg.fits[1]
scw/0455/045500430010.001/swg.fits[1]
scw/0458/045800800010.001/swg.fits[1]
scw/0459/045900420010.001/swg.fits[1]
scw/0467/046700090010.001/swg.fits[1]
scw/0529/052900020010.001/swg.fits[1]
scw/0529/052900090010.001/swg.fits[1]
scw/0529/052900100010.001/swg.fits[1]
scw/0529/052900110010.001/swg.fits[1]
scw/0529/052900120010.001/swg.fits[1]
scw/0529/052900390010.001/swg.fits[1]
scw/0529/052900410010.001/swg.fits[1]
scw/0529/052900420010.001/swg.fits[1]
scw/0529/052900430010.001/swg.fits[1]
scw/0529/052900490010.001/swg.fits[1]
scw/0529/052900510010.001/swg.fits[1]
scw/0529/052900590010.001/swg.fits[1]
scw/0529/052900600010.001/swg.fits[1]
scw/0529/052900610010.001/swg.fits[1]
scw/0530/053000210010.001/swg.fits[1]
scw/0530/053000220010.001/swg.fits[1]
scw/0530/053000230010.001/swg.fits[1]
scw/0530/053000290010.001/swg.fits[1]
scw/0530/053000300010.001/swg.fits[1]
scw/0554/055400240010.001/swg.fits[1]
scw/0554/055400330010.001/swg.fits[1]
scw/0554/055400340010.001/swg.fits[1]
scw/0554/055400740010.001/swg.fits[1]
scw/0560/056000230010.001/swg.fits[1]
scw/0560/056000310010.001/swg.fits[1]
scw/0770/077000440010.001/swg.fits[1]
scw/0801/080100430010.001/swg.fits[1]
scw/0801/080100510010.001/swg.fits[1]
scw/0801/080100520010.001/swg.fits[1]
scw/1054/105400720010.001/swg.fits[1]
scw/1054/105400720020.001/swg.fits[1]
scw/1056/105600920010.001/swg.fits[1]
scw/1132/113200040010.001/swg.fits[1]
scw/1171/117100910010.001/swg.fits[1]
scw/1187/118700610010.001/swg.fits[1]
scw/1306/130600050010.001/swg.fits[1]
scw/1306/130600060010.001/swg.fits[1]
scw/1373/137300110010.001/swg.fits[1]
scw/1373/137300200010.001/swg.fits[1]
scw/1438/143800100010.001/swg.fits[1]
scw/1472/147200040010.001/swg.fits[1]
scw/1480/148000140010.001/swg.fits[1]
scw/1608/160800530010.001/swg.fits[1]
scw/1608/160800540010.001/swg.fits[1]
scw/1609/160900550010.001/swg.fits[1]
scw/1609/160900560010.001/swg.fits[1]
scw/1620/162000590010.001/swg.fits[1]
scw/1620/162000600010.001/swg.fits[1]
scw/1620/162000610010.001/swg.fits[1]
scw/1620/162000620010.001/swg.fits[1]
scw/1622/162200040010.001/swg.fits[1]
scw/1622/162200640010.001/swg.fits[1]
scw/1622/162200650010.001/swg.fits[1]
scw/1622/162200660010.001/swg.fits[1]
scw/1679/167900450010.001/swg.fits[1]
scw/1679/167900460010.001/swg.fits[1]
scw/1679/167900530010.001/swg.fits[1]
scw/1698/169800190010.001/swg.fits[1]
scw/1698/169800200010.001/swg.fits[1]
scw/1698/169800210010.001/swg.fits[1]
scw/1698/169800260010.001/swg.fits[1]
scw/1698/169800270010.001/swg.fits[1]
scw/1698/169800280010.001/swg.fits[1]
scw/1698/169800300010.001/swg.fits[1]
scw/1698/169800310010.001/swg.fits[1]
scw/1698/169800360010.001/swg.fits[1]
scw/1698/169800370010.001/swg.fits[1]
scw/1699/169900410010.001/swg.fits[1]
scw/1699/169900460010.001/swg.fits[1]
scw/1699/169900500010.001/swg.fits[1]
scw/1699/169900550010.001/swg.fits[1]
scw/1700/170000750010.001/swg.fits[1]
scw/1700/170000800010.001/swg.fits[1]
scw/1701/170100500010.001/swg.fits[1]
scw/1701/170100550010.001/swg.fits[1]
scw/1701/170100590010.001/swg.fits[1]
scw/1701/170100640010.001/swg.fits[1]
scw/1704/170400100010.001/swg.fits[1]
scw/1704/170400150010.001/swg.fits[1]
scw/1704/170400170010.001/swg.fits[1]
scw/1704/170400220010.001/swg.fits[1]
scw/1704/170400850010.001/swg.fits[1]
scw/1704/170400900010.001/swg.fits[1]
scw/1706/170600030010.001/swg.fits[1]
