scw/0030/003000100010.001/swg.fits[1]
scw/0076/007600190010.001/swg.fits[1]
scw/0076/007600350010.001/swg.fits[1]
scw/0076/007600360010.001/swg.fits[1]
scw/0076/007600410010.001/swg.fits[1]
scw/0076/007600440010.001/swg.fits[1]
scw/0076/007600450010.001/swg.fits[1]
scw/0076/007600460010.001/swg.fits[1]
scw/0076/007600480010.001/swg.fits[1]
scw/0076/007600490010.001/swg.fits[1]
scw/0076/007600500010.001/swg.fits[1]
scw/0076/007600520010.001/swg.fits[1]
scw/0076/007600530010.001/swg.fits[1]
scw/0078/007800670010.001/swg.fits[1]
scw/0078/007800680010.001/swg.fits[1]
scw/0078/007800710010.001/swg.fits[1]
scw/0078/007800720010.001/swg.fits[1]
scw/0083/008300040010.001/swg.fits[1]
scw/0085/008500020010.001/swg.fits[1]
scw/0154/015400130010.001/swg.fits[1]
scw/0201/020100040010.001/swg.fits[1]
scw/0213/021300110010.001/swg.fits[1]
scw/0217/021700120010.001/swg.fits[1]
scw/0256/025600180010.001/swg.fits[1]
scw/0260/026000140010.001/swg.fits[1]
scw/0267/026700550010.001/swg.fits[1]
scw/0279/027900090010.001/swg.fits[1]
scw/0281/028100090010.001/swg.fits[1]
scw/0283/028300120010.001/swg.fits[1]
scw/0291/029100050010.001/swg.fits[1]
scw/0317/031700120010.001/swg.fits[1]
scw/0322/032200040010.001/swg.fits[1]
scw/0322/032200050010.001/swg.fits[1]
scw/0322/032200060010.001/swg.fits[1]
scw/0322/032200450010.001/swg.fits[1]
scw/0322/032200470010.001/swg.fits[1]
scw/0322/032200480010.001/swg.fits[1]
scw/0322/032200490010.001/swg.fits[1]
scw/0322/032200550010.001/swg.fits[1]
scw/0322/032200560010.001/swg.fits[1]
scw/0323/032300550010.001/swg.fits[1]
scw/0323/032300560010.001/swg.fits[1]
scw/0323/032300570010.001/swg.fits[1]
scw/0323/032300580010.001/swg.fits[1]
scw/0323/032300640010.001/swg.fits[1]
scw/0325/032500160010.001/swg.fits[1]
scw/0325/032500170010.001/swg.fits[1]
scw/0326/032600120010.001/swg.fits[1]
scw/0326/032600130010.001/swg.fits[1]
scw/0326/032600220010.001/swg.fits[1]
scw/0326/032600230010.001/swg.fits[1]
scw/0326/032600520010.001/swg.fits[1]
scw/0326/032600530010.001/swg.fits[1]
scw/0327/032700120010.001/swg.fits[1]
scw/0327/032700210010.001/swg.fits[1]
scw/0327/032700220010.001/swg.fits[1]
scw/0327/032700510010.001/swg.fits[1]
scw/0327/032700520010.001/swg.fits[1]
scw/0327/032700610010.001/swg.fits[1]
scw/0328/032800080010.001/swg.fits[1]
scw/0328/032800090010.001/swg.fits[1]
scw/0328/032800490010.001/swg.fits[1]
scw/0328/032800500010.001/swg.fits[1]
scw/0328/032800580010.001/swg.fits[1]
scw/0328/032800590010.001/swg.fits[1]
scw/0329/032900290010.001/swg.fits[1]
scw/0329/032900300010.001/swg.fits[1]
scw/0329/032900480010.001/swg.fits[1]
scw/0329/032900490010.001/swg.fits[1]
scw/0329/032900500010.001/swg.fits[1]
scw/0330/033000190010.001/swg.fits[1]
scw/0330/033000290010.001/swg.fits[1]
scw/0330/033000300010.001/swg.fits[1]
scw/0330/033000390010.001/swg.fits[1]
scw/0330/033000400010.001/swg.fits[1]
scw/0330/033000690010.001/swg.fits[1]
scw/0330/033000700010.001/swg.fits[1]
scw/0428/042800530010.001/swg.fits[1]
scw/0436/043600150010.001/swg.fits[1]
scw/0529/052900030010.001/swg.fits[1]
scw/0529/052900040010.001/swg.fits[1]
scw/0529/052900460010.001/swg.fits[1]
scw/0529/052900470010.001/swg.fits[1]
scw/0529/052900480010.001/swg.fits[1]
scw/0529/052900520010.001/swg.fits[1]
scw/0529/052900530010.001/swg.fits[1]
scw/0529/052900540010.001/swg.fits[1]
scw/0529/052900580010.001/swg.fits[1]
scw/0530/053000270010.001/swg.fits[1]
scw/0530/053000280010.001/swg.fits[1]
scw/0554/055400230010.001/swg.fits[1]
scw/0560/056000210010.001/swg.fits[1]
scw/0560/056000220010.001/swg.fits[1]
scw/0560/056000720010.001/swg.fits[1]
scw/0770/077000450010.001/swg.fits[1]
scw/0778/077800670010.001/swg.fits[1]
scw/0778/077800680010.001/swg.fits[1]
scw/0780/078000660010.001/swg.fits[1]
scw/0780/078000670010.001/swg.fits[1]
scw/0781/078100380010.001/swg.fits[1]
scw/0783/078300480010.001/swg.fits[1]
scw/0783/078300490010.001/swg.fits[1]
scw/0786/078600750010.001/swg.fits[1]
scw/0786/078600840010.001/swg.fits[1]
scw/0786/078600850010.001/swg.fits[1]
scw/0800/080000290010.001/swg.fits[1]
scw/0801/080100420010.001/swg.fits[1]
scw/0801/080100530010.001/swg.fits[1]
scw/1053/105300730010.001/swg.fits[1]
scw/1056/105600910010.001/swg.fits[1]
scw/1058/105800720010.001/swg.fits[1]
scw/1171/117100920010.001/swg.fits[1]
scw/1181/118100760010.001/swg.fits[1]
scw/1300/130000040010.001/swg.fits[1]
scw/1300/130000130010.001/swg.fits[1]
scw/1374/137400080010.001/swg.fits[1]
scw/1374/137400190010.001/swg.fits[1]
scw/1375/137500100010.001/swg.fits[1]
scw/1377/137700050010.001/swg.fits[1]
scw/1485/148500030010.001/swg.fits[1]
scw/1608/160800600010.001/swg.fits[1]
scw/1609/160900580010.001/swg.fits[1]
scw/1609/160900590010.001/swg.fits[1]
scw/1609/160900600010.001/swg.fits[1]
scw/1611/161100550010.001/swg.fits[1]
scw/1611/161100560010.001/swg.fits[1]
scw/1620/162000370010.001/swg.fits[1]
scw/1620/162000420010.001/swg.fits[1]
scw/1620/162000530010.001/swg.fits[1]
scw/1620/162000540010.001/swg.fits[1]
scw/1620/162000570010.001/swg.fits[1]
scw/1620/162000580010.001/swg.fits[1]
scw/1620/162000630010.001/swg.fits[1]
scw/1621/162100030010.001/swg.fits[1]
scw/1621/162100200010.001/swg.fits[1]
scw/1622/162200620010.001/swg.fits[1]
scw/1622/162200630010.001/swg.fits[1]
scw/1622/162200670010.001/swg.fits[1]
scw/1622/162200680010.001/swg.fits[1]
scw/1622/162200690010.001/swg.fits[1]
scw/1622/162200750010.001/swg.fits[1]
scw/1622/162200760010.001/swg.fits[1]
scw/1625/162500320010.001/swg.fits[1]
scw/1678/167800340010.001/swg.fits[1]
scw/1678/167800350010.001/swg.fits[1]
scw/1678/167800360010.001/swg.fits[1]
scw/1678/167800380010.001/swg.fits[1]
scw/1679/167900360010.001/swg.fits[1]
scw/1679/167900370010.001/swg.fits[1]
scw/1679/167900410010.001/swg.fits[1]
scw/1679/167900420010.001/swg.fits[1]
scw/1679/167900430010.001/swg.fits[1]
scw/1679/167900470010.001/swg.fits[1]
scw/1698/169800220010.001/swg.fits[1]
scw/1698/169800230010.001/swg.fits[1]
scw/1698/169800240010.001/swg.fits[1]
scw/1698/169800250010.001/swg.fits[1]
scw/1698/169800320010.001/swg.fits[1]
scw/1698/169800330010.001/swg.fits[1]
scw/1698/169800340010.001/swg.fits[1]
scw/1698/169800350010.001/swg.fits[1]
scw/1699/169900440010.001/swg.fits[1]
scw/1699/169900450010.001/swg.fits[1]
scw/1699/169900510010.001/swg.fits[1]
scw/1700/170000780010.001/swg.fits[1]
scw/1700/170000790010.001/swg.fits[1]
scw/1701/170100530010.001/swg.fits[1]
scw/1701/170100540010.001/swg.fits[1]
scw/1701/170100600010.001/swg.fits[1]
scw/1704/170400110010.001/swg.fits[1]
scw/1704/170400200010.001/swg.fits[1]
scw/1704/170400210010.001/swg.fits[1]
scw/1704/170400880010.001/swg.fits[1]
scw/1704/170400890010.001/swg.fits[1]
scw/1706/170600040010.001/swg.fits[1]
scw/1706/170600120010.001/swg.fits[1]
scw/1707/170700050010.001/swg.fits[1]
scw/1707/170700120010.001/swg.fits[1]
scw/1707/170700270010.001/swg.fits[1]
scw/1707/170700350010.001/swg.fits[1]
scw/1708/170800610010.001/swg.fits[1]
scw/1708/170800670010.001/swg.fits[1]
scw/1708/170800680010.001/swg.fits[1]
scw/1710/171000730010.001/swg.fits[1]
scw/1710/171000740010.001/swg.fits[1]
scw/1710/171000750010.001/swg.fits[1]
scw/1710/171000790010.001/swg.fits[1]
scw/1710/171000800010.001/swg.fits[1]
scw/1716/171600570010.001/swg.fits[1]
scw/1716/171600580010.001/swg.fits[1]
scw/1716/171600660010.001/swg.fits[1]
scw/1738/173800240010.001/swg.fits[1]
scw/1738/173800290010.001/swg.fits[1]
scw/1769/176900220010.001/swg.fits[1]
scw/1769/176900270010.001/swg.fits[1]
scw/1769/176900320010.001/swg.fits[1]
scw/1769/176900370010.001/swg.fits[1]
scw/1769/176900380010.001/swg.fits[1]
scw/1770/177000200010.001/swg.fits[1]
scw/1770/177000300010.001/swg.fits[1]
scw/1770/177000350010.001/swg.fits[1]
scw/1770/177000360010.001/swg.fits[1]
scw/1771/177100040010.001/swg.fits[1]
scw/1771/177100050010.001/swg.fits[1]
scw/1772/177200150010.001/swg.fits[1]
scw/1772/177200160010.001/swg.fits[1]
scw/1773/177300540010.001/swg.fits[1]
scw/1773/177300580010.001/swg.fits[1]
scw/1773/177300590010.001/swg.fits[1]
scw/1773/177300640010.001/swg.fits[1]
scw/1773/177300690010.001/swg.fits[1]
scw/1773/177300700010.001/swg.fits[1]
scw/1774/177400030010.001/swg.fits[1]
scw/1774/177400040010.001/swg.fits[1]
scw/1774/177400050010.001/swg.fits[1]
scw/1774/177400090010.001/swg.fits[1]
scw/1775/177500160010.001/swg.fits[1]
scw/1775/177500170010.001/swg.fits[1]
