scw/0943/094300330010.001/swg.fits[1]
scw/0943/094300370010.001/swg.fits[1]
scw/0943/094300380010.001/swg.fits[1]
scw/0943/094300390010.001/swg.fits[1]
scw/0943/094300420010.001/swg.fits[1]
scw/0943/094300430010.001/swg.fits[1]
scw/0943/094300640010.001/swg.fits[1]
scw/0944/094400010010.001/swg.fits[1]
scw/0944/094400040010.001/swg.fits[1]
scw/0944/094400050010.001/swg.fits[1]
scw/0944/094400440010.001/swg.fits[1]
scw/0944/094400450010.001/swg.fits[1]
scw/0944/094400500010.001/swg.fits[1]
scw/0944/094400510010.001/swg.fits[1]
scw/0944/094400530010.001/swg.fits[1]
scw/0944/094400540010.001/swg.fits[1]
scw/0944/094400550010.001/swg.fits[1]
scw/0944/094400600010.001/swg.fits[1]
scw/0944/094400610010.001/swg.fits[1]
scw/0950/095000810010.001/swg.fits[1]
scw/0978/097800250010.001/swg.fits[1]
scw/0978/097800260010.001/swg.fits[1]
scw/0978/097800320010.001/swg.fits[1]
scw/0978/097800330010.001/swg.fits[1]
scw/0978/097800450010.001/swg.fits[1]
scw/0978/097800460010.001/swg.fits[1]
scw/0978/097800530010.001/swg.fits[1]
scw/0978/097800540010.001/swg.fits[1]
scw/0982/098200390010.001/swg.fits[1]
scw/0982/098200400010.001/swg.fits[1]
scw/0982/098200410010.001/swg.fits[1]
scw/0982/098200420010.001/swg.fits[1]
scw/0982/098200510010.001/swg.fits[1]
scw/0982/098200520010.001/swg.fits[1]
scw/0982/098200590010.001/swg.fits[1]
scw/0982/098200600010.001/swg.fits[1]
scw/0999/099900500010.001/swg.fits[1]
scw/0999/099900510010.001/swg.fits[1]
scw/0999/099900520010.001/swg.fits[1]
scw/0999/099900550010.001/swg.fits[1]
scw/0999/099900560010.001/swg.fits[1]
scw/0999/099900610010.001/swg.fits[1]
scw/0999/099900620010.001/swg.fits[1]
scw/0999/099900650010.001/swg.fits[1]
scw/1000/100000330010.001/swg.fits[1]
scw/1000/100000340010.001/swg.fits[1]
scw/1000/100000380010.001/swg.fits[1]
scw/1000/100000390010.001/swg.fits[1]
scw/1000/100000400010.001/swg.fits[1]
scw/1000/100000430010.001/swg.fits[1]
scw/1000/100000440010.001/swg.fits[1]
scw/1000/100000450010.001/swg.fits[1]
scw/1000/100000490010.001/swg.fits[1]
scw/1001/100100210010.001/swg.fits[1]
scw/1001/100100220010.001/swg.fits[1]
scw/1001/100100250010.001/swg.fits[1]
scw/1001/100100260010.001/swg.fits[1]
scw/1001/100100310010.001/swg.fits[1]
scw/1001/100100320010.001/swg.fits[1]
scw/1002/100200590010.001/swg.fits[1]
scw/1002/100200600010.001/swg.fits[1]
scw/1002/100200630010.001/swg.fits[1]
scw/1002/100200640010.001/swg.fits[1]
scw/1014/101400230010.001/swg.fits[1]
scw/1014/101400240010.001/swg.fits[1]
scw/1014/101400310010.001/swg.fits[1]
scw/1014/101400320010.001/swg.fits[1]
scw/1014/101400340010.001/swg.fits[1]
scw/1014/101400400010.001/swg.fits[1]
scw/1014/101400410010.001/swg.fits[1]
scw/1014/101400420010.001/swg.fits[1]
scw/1014/101400440010.001/swg.fits[1]
scw/1015/101500150010.001/swg.fits[1]
scw/1015/101500210010.001/swg.fits[1]
scw/1015/101500220010.001/swg.fits[1]
scw/1015/101500230010.001/swg.fits[1]
scw/1015/101500250010.001/swg.fits[1]
scw/1015/101500260010.001/swg.fits[1]
scw/1015/101500310010.001/swg.fits[1]
scw/1015/101500320010.001/swg.fits[1]
scw/1015/101500350010.001/swg.fits[1]
scw/1015/101500630010.001/swg.fits[1]
scw/1015/101500630020.001/swg.fits[1]
scw/1016/101600360010.001/swg.fits[1]
scw/1016/101600370010.001/swg.fits[1]
scw/1016/101600440010.001/swg.fits[1]
scw/1016/101600450010.001/swg.fits[1]
scw/1016/101600470010.001/swg.fits[1]
scw/1016/101600540010.001/swg.fits[1]
scw/1016/101600550010.001/swg.fits[1]
scw/1018/101800320010.001/swg.fits[1]
scw/1018/101800330010.001/swg.fits[1]
scw/1018/101800400010.001/swg.fits[1]
scw/1018/101800410010.001/swg.fits[1]
scw/1018/101800430010.001/swg.fits[1]
scw/1018/101800490010.001/swg.fits[1]
scw/1018/101800500010.001/swg.fits[1]
scw/1018/101800510010.001/swg.fits[1]
scw/1018/101800520010.001/swg.fits[1]
scw/1018/101800530010.001/swg.fits[1]
scw/1021/102100240010.001/swg.fits[1]
scw/1021/102100250010.001/swg.fits[1]
scw/1021/102100260010.001/swg.fits[1]
scw/1021/102100340010.001/swg.fits[1]
scw/1021/102100350010.001/swg.fits[1]
scw/1022/102200070010.001/swg.fits[1]
scw/1022/102200080010.001/swg.fits[1]
scw/1022/102200090010.001/swg.fits[1]
scw/1027/102700620010.001/swg.fits[1]
scw/1027/102700630010.001/swg.fits[1]
scw/1027/102700640010.001/swg.fits[1]
scw/1028/102800930010.001/swg.fits[1]
scw/1028/102800940010.001/swg.fits[1]
scw/1030/103001040010.001/swg.fits[1]
scw/1032/103200820010.001/swg.fits[1]
scw/1032/103200910010.001/swg.fits[1]
scw/1032/103200920010.001/swg.fits[1]
scw/1060/106000150010.001/swg.fits[1]
scw/1065/106500320010.001/swg.fits[1]
scw/1065/106500330010.001/swg.fits[1]
scw/1065/106500360010.001/swg.fits[1]
scw/1065/106500370010.001/swg.fits[1]
scw/1065/106500420010.001/swg.fits[1]
scw/1065/106500430010.001/swg.fits[1]
scw/1065/106500760010.001/swg.fits[1]
scw/1066/106600460010.001/swg.fits[1]
scw/1066/106600470010.001/swg.fits[1]
scw/1066/106600500010.001/swg.fits[1]
scw/1066/106600510010.001/swg.fits[1]
scw/1066/106600520010.001/swg.fits[1]
scw/1066/106600550010.001/swg.fits[1]
scw/1066/106600560010.001/swg.fits[1]
scw/1066/106600610010.001/swg.fits[1]
scw/1066/106600620010.001/swg.fits[1]
scw/1129/112900410010.001/swg.fits[1]
scw/1129/112900420010.001/swg.fits[1]
scw/1129/112900470010.001/swg.fits[1]
scw/1129/112900480010.001/swg.fits[1]
scw/1129/112900510010.001/swg.fits[1]
scw/1129/112900520010.001/swg.fits[1]
scw/1129/112900570010.001/swg.fits[1]
scw/1129/112900580010.001/swg.fits[1]
scw/1130/113000220010.001/swg.fits[1]
scw/1130/113000230010.001/swg.fits[1]
scw/1130/113000280010.001/swg.fits[1]
scw/1130/113000290010.001/swg.fits[1]
scw/1134/113400190010.001/swg.fits[1]
scw/1134/113400200010.001/swg.fits[1]
scw/1137/113700760010.001/swg.fits[1]
scw/1137/113700770010.001/swg.fits[1]
scw/1137/113700780010.001/swg.fits[1]
scw/1137/113700790010.001/swg.fits[1]
scw/1140/114000780010.001/swg.fits[1]
scw/1142/114201060010.001/swg.fits[1]
scw/1142/114201070010.001/swg.fits[1]
scw/1142/114201070020.001/swg.fits[1]
scw/1173/117300470010.001/swg.fits[1]
scw/1173/117300490010.001/swg.fits[1]
scw/1173/117300500010.001/swg.fits[1]
scw/1173/117300510010.001/swg.fits[1]
scw/1173/117300560010.001/swg.fits[1]
scw/1173/117300570010.001/swg.fits[1]
scw/1175/117500040010.001/swg.fits[1]
scw/1175/117500050010.001/swg.fits[1]
scw/1175/117500410010.001/swg.fits[1]
scw/1175/117500440010.001/swg.fits[1]
scw/1175/117500450010.001/swg.fits[1]
scw/1176/117600060010.001/swg.fits[1]
scw/1176/117600070010.001/swg.fits[1]
scw/1176/117600080010.001/swg.fits[1]
scw/1176/117600100010.001/swg.fits[1]
scw/1176/117600470010.001/swg.fits[1]
scw/1176/117600490010.001/swg.fits[1]
scw/1176/117600500010.001/swg.fits[1]
scw/1176/117600510010.001/swg.fits[1]
scw/1176/117600560010.001/swg.fits[1]
scw/1176/117600570010.001/swg.fits[1]
scw/1176/117600600010.001/swg.fits[1]
scw/1177/117700320010.001/swg.fits[1]
scw/1177/117700330010.001/swg.fits[1]
scw/1177/117700360010.001/swg.fits[1]
scw/1177/117700370010.001/swg.fits[1]
scw/1177/117700420010.001/swg.fits[1]
scw/1177/117700430010.001/swg.fits[1]
scw/1184/118400200010.001/swg.fits[1]
scw/1184/118400210010.001/swg.fits[1]
scw/1184/118400220010.001/swg.fits[1]
scw/1184/118400560010.001/swg.fits[1]
scw/1184/118400570010.001/swg.fits[1]
scw/1185/118500040010.001/swg.fits[1]
scw/1185/118500050010.001/swg.fits[1]
scw/1185/118500090010.001/swg.fits[1]
scw/1185/118500100010.001/swg.fits[1]
scw/1185/118500150010.001/swg.fits[1]
scw/1185/118500160010.001/swg.fits[1]
scw/1185/118500490010.001/swg.fits[1]
scw/1185/118500500010.001/swg.fits[1]
scw/1185/118500550010.001/swg.fits[1]
scw/1185/118500560010.001/swg.fits[1]
scw/1185/118500600010.001/swg.fits[1]
scw/1185/118500610010.001/swg.fits[1]
scw/1186/118600040010.001/swg.fits[1]
