scw/0804/080400830010.001/swg.fits[1]
scw/0805/080500020010.001/swg.fits[1]
scw/0805/080500030010.001/swg.fits[1]
scw/0805/080500040010.001/swg.fits[1]
scw/0805/080500210010.001/swg.fits[1]
scw/0805/080500220010.001/swg.fits[1]
scw/0805/080500630010.001/swg.fits[1]
scw/0805/080500820010.001/swg.fits[1]
scw/0805/080500830010.001/swg.fits[1]
scw/0805/080501010010.001/swg.fits[1]
scw/0805/080501020010.001/swg.fits[1]
scw/0805/080501030010.001/swg.fits[1]
scw/0805/080501040010.001/swg.fits[1]
scw/0806/080600170010.001/swg.fits[1]
scw/0806/080600180010.001/swg.fits[1]
scw/0806/080600770010.001/swg.fits[1]
scw/0806/080600780010.001/swg.fits[1]
scw/0806/080600790010.001/swg.fits[1]
scw/0806/080600800010.001/swg.fits[1]
scw/0875/087500680010.001/swg.fits[1]
scw/0875/087500690010.001/swg.fits[1]
scw/0875/087500880010.001/swg.fits[1]
scw/0877/087700540010.001/swg.fits[1]
scw/0877/087700550010.001/swg.fits[1]
scw/0877/087700720010.001/swg.fits[1]
scw/0877/087700730010.001/swg.fits[1]
scw/0877/087700740010.001/swg.fits[1]
scw/0877/087700750010.001/swg.fits[1]
scw/0983/098300030010.001/swg.fits[1]
scw/0983/098300260010.001/swg.fits[1]
scw/0983/098300710010.001/swg.fits[1]
scw/0983/098300720010.001/swg.fits[1]
scw/0985/098500100010.001/swg.fits[1]
scw/0985/098500110010.001/swg.fits[1]
scw/0985/098500340010.001/swg.fits[1]
scw/0985/098500350010.001/swg.fits[1]
scw/0986/098600640010.001/swg.fits[1]
scw/0986/098600650010.001/swg.fits[1]
scw/0986/098600860010.001/swg.fits[1]
scw/0986/098600870010.001/swg.fits[1]
scw/0986/098600880010.001/swg.fits[1]
scw/0986/098600890010.001/swg.fits[1]
scw/0987/098700230010.001/swg.fits[1]
scw/0987/098700240010.001/swg.fits[1]
scw/0989/098900090010.001/swg.fits[1]
scw/0989/098900870010.001/swg.fits[1]
scw/0989/098900880010.001/swg.fits[1]
scw/0989/098900890010.001/swg.fits[1]
scw/0989/098900900010.001/swg.fits[1]
scw/0992/099200140010.001/swg.fits[1]
scw/0992/099200150010.001/swg.fits[1]
scw/0992/099200170010.001/swg.fits[1]
scw/0992/099200180010.001/swg.fits[1]
scw/0993/099300620010.001/swg.fits[1]
scw/0993/099300630010.001/swg.fits[1]
scw/0994/099400100010.001/swg.fits[1]
scw/0994/099400110010.001/swg.fits[1]
scw/0994/099400120010.001/swg.fits[1]
scw/0994/099400140010.001/swg.fits[1]
scw/0995/099500130010.001/swg.fits[1]
scw/0995/099500140010.001/swg.fits[1]
scw/0995/099500340010.001/swg.fits[1]
scw/0995/099500360010.001/swg.fits[1]
scw/0996/099600360010.001/swg.fits[1]
scw/0996/099600370010.001/swg.fits[1]
scw/0996/099600570010.001/swg.fits[1]
scw/0996/099600580010.001/swg.fits[1]
scw/0996/099600590010.001/swg.fits[1]
scw/0996/099600600010.001/swg.fits[1]
scw/1049/104900710010.001/swg.fits[1]
scw/1050/105000660010.001/swg.fits[1]
scw/1051/105100100010.001/swg.fits[1]
scw/1052/105200110010.001/swg.fits[1]
scw/1053/105300070010.001/swg.fits[1]
scw/1055/105500070010.001/swg.fits[1]
scw/1061/106100220010.001/swg.fits[1]
scw/1061/106100330010.001/swg.fits[1]
scw/1065/106500020010.001/swg.fits[1]
scw/1119/111900790010.001/swg.fits[1]
scw/1121/112100200010.001/swg.fits[1]
scw/1122/112200920010.001/swg.fits[1]
scw/1123/112300160010.001/swg.fits[1]
scw/1124/112400060010.001/swg.fits[1]
scw/1125/112500520010.001/swg.fits[1]
scw/1129/112900120010.001/swg.fits[1]
scw/1140/114000040010.001/swg.fits[1]
scw/1171/117100260010.001/swg.fits[1]
scw/1174/117400630010.001/swg.fits[1]
scw/1184/118400130010.001/swg.fits[1]
scw/1189/118900050010.001/swg.fits[1]
scw/1189/118900190010.001/swg.fits[1]
scw/1190/119000140010.001/swg.fits[1]
scw/1227/122700870010.001/swg.fits[1]
scw/1228/122800320010.001/swg.fits[1]
scw/1229/122900090010.001/swg.fits[1]
scw/1231/123100080010.001/swg.fits[1]
scw/1235/123500270010.001/swg.fits[1]
scw/1237/123700070010.001/swg.fits[1]
scw/1247/124700090010.001/swg.fits[1]
scw/1293/129300570010.001/swg.fits[1]
scw/1371/137100660010.001/swg.fits[1]
scw/1374/137400490010.001/swg.fits[1]
scw/1374/137400680010.001/swg.fits[1]
scw/1377/137700600010.001/swg.fits[1]
scw/1377/137700670010.001/swg.fits[1]
scw/1434/143400020010.001/swg.fits[1]
scw/1434/143400030010.001/swg.fits[1]
scw/1434/143400040010.001/swg.fits[1]
scw/1434/143400110010.001/swg.fits[1]
scw/1434/143400320010.001/swg.fits[1]
scw/1434/143400330010.001/swg.fits[1]
scw/1434/143400390010.001/swg.fits[1]
scw/1434/143400400010.001/swg.fits[1]
scw/1434/143400410010.001/swg.fits[1]
scw/1434/143400430010.001/swg.fits[1]
scw/1434/143400500010.001/swg.fits[1]
scw/1434/143400540010.001/swg.fits[1]
scw/1434/143400600010.001/swg.fits[1]
scw/1435/143500210010.001/swg.fits[1]
scw/1435/143500220010.001/swg.fits[1]
scw/1435/143500290010.001/swg.fits[1]
scw/1435/143500300010.001/swg.fits[1]
scw/1435/143500390010.001/swg.fits[1]
scw/1435/143500410010.001/swg.fits[1]
scw/1435/143500420010.001/swg.fits[1]
scw/1435/143500490010.001/swg.fits[1]
scw/1435/143500500010.001/swg.fits[1]
scw/1436/143600100010.001/swg.fits[1]
scw/1436/143600110010.001/swg.fits[1]
scw/1436/143600180010.001/swg.fits[1]
scw/1436/143600190010.001/swg.fits[1]
scw/1436/143600290010.001/swg.fits[1]
scw/1436/143600300010.001/swg.fits[1]
scw/1436/143600310010.001/swg.fits[1]
scw/1436/143600390010.001/swg.fits[1]
scw/1437/143700040010.001/swg.fits[1]
scw/1437/143700050010.001/swg.fits[1]
scw/1437/143700120010.001/swg.fits[1]
scw/1437/143700130010.001/swg.fits[1]
scw/1437/143700580010.001/swg.fits[1]
scw/1476/147600170010.001/swg.fits[1]
scw/1476/147600220010.001/swg.fits[1]
scw/1480/148000850010.001/swg.fits[1]
scw/1488/148800800010.001/swg.fits[1]
scw/1488/148800890010.001/swg.fits[1]
scw/1602/160200290010.001/swg.fits[1]
scw/1607/160700070010.001/swg.fits[1]
scw/1607/160700160010.001/swg.fits[1]
scw/1611/161100690010.001/swg.fits[1]
scw/1611/161100750010.001/swg.fits[1]
scw/1613/161300680010.001/swg.fits[1]
scw/1613/161300750010.001/swg.fits[1]
scw/1614/161400070010.001/swg.fits[1]
scw/1614/161400140010.001/swg.fits[1]
scw/1618/161800100010.001/swg.fits[1]
scw/1618/161800170010.001/swg.fits[1]
scw/2147/214700530010.001/swg.fits[1]
scw/2156/215600910010.001/swg.fits[1]
scw/2324/232400270010.001/swg.fits[1]
scw/2324/232400280010.001/swg.fits[1]
scw/2325/232500580010.001/swg.fits[1]
scw/2325/232500590010.001/swg.fits[1]
scw/2325/232500600010.001/swg.fits[1]
scw/2325/232500630010.001/swg.fits[1]
scw/2325/232500640010.001/swg.fits[1]
scw/2325/232500650010.001/swg.fits[1]
scw/2392/239200030010.001/swg.fits[1]
scw/2392/239200040010.001/swg.fits[1]
scw/2392/239200090010.001/swg.fits[1]
scw/2392/239200100010.001/swg.fits[1]
scw/2392/239200140010.001/swg.fits[1]
scw/2393/239300480010.001/swg.fits[1]
scw/2396/239600140010.001/swg.fits[1]
scw/2396/239600180010.001/swg.fits[1]
scw/2396/239600190010.001/swg.fits[1]
scw/2396/239600200010.001/swg.fits[1]
scw/2396/239600240010.001/swg.fits[1]
scw/2446/244600050010.001/swg.fits[1]
scw/2446/244600060010.001/swg.fits[1]
scw/2446/244600070010.001/swg.fits[1]
scw/2446/244600080010.001/swg.fits[1]
scw/2462/246200040010.001/swg.fits[1]
scw/2462/246200050010.001/swg.fits[1]
scw/2462/246200060010.001/swg.fits[1]
scw/2462/246200080010.001/swg.fits[1]
scw/2462/246200320010.001/swg.fits[1]
scw/2462/246200330010.001/swg.fits[1]
