scw/0889/088900520010.001/swg.fits[1]
scw/0889/088900530010.001/swg.fits[1]
scw/0890/089000130010.001/swg.fits[1]
scw/0890/089000140010.001/swg.fits[1]
scw/0890/089000610010.001/swg.fits[1]
scw/0890/089000620010.001/swg.fits[1]
scw/1074/107400250010.001/swg.fits[1]
scw/1074/107400260010.001/swg.fits[1]
scw/1074/107400270010.001/swg.fits[1]
scw/1074/107400480010.001/swg.fits[1]
scw/1074/107400490010.001/swg.fits[1]
scw/1074/107400500010.001/swg.fits[1]
scw/1135/113500790010.001/swg.fits[1]
scw/1135/113500800010.001/swg.fits[1]
scw/1196/119600140010.001/swg.fits[1]
scw/1196/119600150010.001/swg.fits[1]
scw/1196/119600160010.001/swg.fits[1]
scw/1196/119600590010.001/swg.fits[1]
scw/1196/119600600010.001/swg.fits[1]
scw/1196/119600610010.001/swg.fits[1]
scw/1256/125600250010.001/swg.fits[1]
scw/1256/125600260010.001/swg.fits[1]
scw/1257/125700340010.001/swg.fits[1]
scw/1257/125700350010.001/swg.fits[1]
