scw/0057/005700270010.001/swg.fits[1]
scw/0062/006200470010.001/swg.fits[1]
scw/0248/024800610010.001/swg.fits[1]
scw/0249/024900180010.001/swg.fits[1]
scw/0249/024900920010.001/swg.fits[1]
scw/0250/025000580010.001/swg.fits[1]
scw/0250/025000610010.001/swg.fits[1]
scw/0251/025100080010.001/swg.fits[1]
scw/0251/025100560010.001/swg.fits[1]
scw/0729/072900730010.001/swg.fits[1]
scw/0729/072900740010.001/swg.fits[1]
scw/0730/073000940010.001/swg.fits[1]
scw/0730/073000950010.001/swg.fits[1]
scw/0732/073200840010.001/swg.fits[1]
scw/0733/073300370010.001/swg.fits[1]
scw/0733/073300380010.001/swg.fits[1]
scw/0793/079300560010.001/swg.fits[1]
scw/0793/079300570010.001/swg.fits[1]
scw/0793/079300580010.001/swg.fits[1]
scw/0795/079500480010.001/swg.fits[1]
scw/0795/079500500010.001/swg.fits[1]
scw/0795/079500510010.001/swg.fits[1]
scw/0795/079500720010.001/swg.fits[1]
scw/0795/079500730010.001/swg.fits[1]
scw/0795/079500740010.001/swg.fits[1]
scw/1051/105100360010.001/swg.fits[1]
scw/1227/122701020010.001/swg.fits[1]
scw/1743/174300060010.001/swg.fits[1]
scw/1743/174300460010.001/swg.fits[1]
scw/1743/174300470010.001/swg.fits[1]
scw/1744/174400050010.001/swg.fits[1]
scw/1744/174400060010.001/swg.fits[1]
scw/1744/174400450010.001/swg.fits[1]
scw/1744/174400460010.001/swg.fits[1]
scw/1744/174400470010.001/swg.fits[1]
scw/1788/178800480010.001/swg.fits[1]
scw/1798/179800440010.001/swg.fits[1]
scw/1798/179800530010.001/swg.fits[1]
scw/1803/180300930010.001/swg.fits[1]
scw/1807/180700260010.001/swg.fits[1]
scw/1809/180900220010.001/swg.fits[1]
scw/1811/181100550010.001/swg.fits[1]
scw/1813/181300560010.001/swg.fits[1]
scw/1817/181700600010.001/swg.fits[1]
scw/1872/187200560010.001/swg.fits[1]
scw/1880/188000060010.001/swg.fits[1]
scw/1882/188200060010.001/swg.fits[1]
scw/1936/193600270010.001/swg.fits[1]
scw/1944/194400800010.001/swg.fits[1]
scw/1946/194600220010.001/swg.fits[1]
scw/1948/194800210010.001/swg.fits[1]
scw/1948/194800220010.001/swg.fits[1]
scw/1950/195000060010.001/swg.fits[1]
scw/1950/195000070010.001/swg.fits[1]
scw/2012/201200480010.001/swg.fits[1]
scw/2014/201400750010.001/swg.fits[1]
scw/2016/201600550010.001/swg.fits[1]
scw/2018/201800060010.001/swg.fits[1]
scw/2020/202000560010.001/swg.fits[1]
scw/2072/207200410010.001/swg.fits[1]
scw/2082/208200760010.001/swg.fits[1]
scw/2084/208400060010.001/swg.fits[1]
scw/2086/208600210010.001/swg.fits[1]
scw/2086/208600220010.001/swg.fits[1]
scw/2088/208800060010.001/swg.fits[1]
scw/2088/208800070010.001/swg.fits[1]
scw/2147/214700220010.001/swg.fits[1]
scw/2147/214700300010.001/swg.fits[1]
scw/2147/214700310010.001/swg.fits[1]
scw/2147/214700320010.001/swg.fits[1]
scw/2153/215300740010.001/swg.fits[1]
scw/2155/215500260010.001/swg.fits[1]
scw/2157/215700250010.001/swg.fits[1]
scw/2157/215700260010.001/swg.fits[1]
scw/2159/215900260010.001/swg.fits[1]
scw/2216/221600240010.001/swg.fits[1]
scw/2218/221800100010.001/swg.fits[1]
scw/2220/222000210010.001/swg.fits[1]
scw/2220/222000220010.001/swg.fits[1]
scw/2222/222200050010.001/swg.fits[1]
scw/2222/222200060010.001/swg.fits[1]
scw/2222/222200070010.001/swg.fits[1]
scw/2290/229000510010.001/swg.fits[1]
scw/2292/229200490010.001/swg.fits[1]
scw/2294/229400650010.001/swg.fits[1]
scw/2296/229600450010.001/swg.fits[1]
scw/2356/235600540010.001/swg.fits[1]
scw/2358/235800470010.001/swg.fits[1]
scw/2362/236200220010.001/swg.fits[1]
scw/2421/242100100010.001/swg.fits[1]
scw/2426/242600060010.001/swg.fits[1]
scw/2428/242800780010.001/swg.fits[1]
scw/2430/243000100010.001/swg.fits[1]
scw/2431/243100100010.001/swg.fits[1]
scw/2433/243300060010.001/swg.fits[1]
scw/2435/243500080010.001/swg.fits[1]
scw/2436/243600100010.001/swg.fits[1]
scw/2437/243700220010.001/swg.fits[1]
