scw/0050/005000710010.001/swg.fits[1]
scw/0050/005000720010.001/swg.fits[1]
scw/0101/010100650010.001/swg.fits[1]
scw/0101/010100660010.001/swg.fits[1]
scw/0118/011800160010.001/swg.fits[1]
scw/0118/011800170010.001/swg.fits[1]
scw/0654/065400550010.001/swg.fits[1]
scw/0664/066400450010.001/swg.fits[1]
scw/1022/102200410010.001/swg.fits[1]
scw/1022/102200420010.001/swg.fits[1]
scw/1022/102200430010.001/swg.fits[1]
scw/1023/102300380010.001/swg.fits[1]
scw/1023/102300390010.001/swg.fits[1]
scw/1023/102300400010.001/swg.fits[1]
scw/1024/102400380010.001/swg.fits[1]
scw/1024/102400390010.001/swg.fits[1]
scw/1024/102400400010.001/swg.fits[1]
scw/1024/102400570010.001/swg.fits[1]
scw/1024/102400580010.001/swg.fits[1]
scw/1024/102400590010.001/swg.fits[1]
scw/1082/108200530010.001/swg.fits[1]
scw/1082/108200540010.001/swg.fits[1]
scw/1083/108300970010.001/swg.fits[1]
scw/1083/108300980010.001/swg.fits[1]
scw/1088/108800560010.001/swg.fits[1]
scw/1088/108800570010.001/swg.fits[1]
scw/1142/114200300010.001/swg.fits[1]
scw/1142/114200310010.001/swg.fits[1]
scw/1142/114200320010.001/swg.fits[1]
scw/1142/114200500010.001/swg.fits[1]
scw/1142/114200510010.001/swg.fits[1]
scw/1142/114200520010.001/swg.fits[1]
scw/1143/114300620010.001/swg.fits[1]
scw/1143/114300630010.001/swg.fits[1]
scw/1143/114300640010.001/swg.fits[1]
scw/1143/114300810010.001/swg.fits[1]
scw/1143/114300820010.001/swg.fits[1]
scw/1143/114300830010.001/swg.fits[1]
scw/1144/114400560010.001/swg.fits[1]
scw/1144/114400570010.001/swg.fits[1]
scw/1144/114400580010.001/swg.fits[1]
scw/2334/233400070010.001/swg.fits[1]
scw/2334/233400150010.001/swg.fits[1]
scw/2334/233400160010.001/swg.fits[1]
scw/2334/233400170010.001/swg.fits[1]
scw/2334/233400180010.001/swg.fits[1]
scw/2334/233400260010.001/swg.fits[1]
scw/2338/233800280010.001/swg.fits[1]
scw/2344/234400620010.001/swg.fits[1]
scw/2344/234400700010.001/swg.fits[1]
scw/2344/234400710010.001/swg.fits[1]
scw/2344/234400720010.001/swg.fits[1]
scw/2344/234400730010.001/swg.fits[1]
scw/2473/247300590010.001/swg.fits[1]
scw/2473/247300600010.001/swg.fits[1]
scw/2473/247300610010.001/swg.fits[1]
scw/2473/247300620010.001/swg.fits[1]
scw/2474/247400170010.001/swg.fits[1]
scw/2474/247400180010.001/swg.fits[1]
scw/2474/247400190010.001/swg.fits[1]
scw/2474/247400200010.001/swg.fits[1]
scw/2474/247400210010.001/swg.fits[1]
scw/2474/247400270010.001/swg.fits[1]
scw/2474/247400280010.001/swg.fits[1]
