scw/0145/014500080010.001/swg.fits[1]
scw/0229/022900350010.001/swg.fits[1]
scw/0266/026600080010.001/swg.fits[1]
scw/0468/046800170010.001/swg.fits[1]
scw/0511/051100160010.001/swg.fits[1]
scw/0511/051100250010.001/swg.fits[1]
scw/0511/051100660010.001/swg.fits[1]
scw/0512/051200310010.001/swg.fits[1]
scw/0512/051200320010.001/swg.fits[1]
scw/0512/051200410010.001/swg.fits[1]
scw/0512/051200720010.001/swg.fits[1]
scw/0512/051200810010.001/swg.fits[1]
scw/0513/051300070010.001/swg.fits[1]
scw/0513/051300460010.001/swg.fits[1]
scw/0513/051300550010.001/swg.fits[1]
scw/0513/051300560010.001/swg.fits[1]
scw/0513/051300650010.001/swg.fits[1]
scw/0514/051400110010.001/swg.fits[1]
scw/0514/051400200010.001/swg.fits[1]
scw/0514/051400210010.001/swg.fits[1]
scw/0514/051400300010.001/swg.fits[1]
scw/0516/051600110010.001/swg.fits[1]
scw/0518/051800150010.001/swg.fits[1]
scw/0519/051900040010.001/swg.fits[1]
scw/0557/055700700010.001/swg.fits[1]
scw/0558/055800660010.001/swg.fits[1]
scw/0564/056400160010.001/swg.fits[1]
scw/0564/056400170010.001/swg.fits[1]
scw/0569/056900100010.001/swg.fits[1]
scw/0569/056900190010.001/swg.fits[1]
scw/1120/112000200010.001/swg.fits[1]
scw/1122/112200770010.001/swg.fits[1]
scw/1124/112400200010.001/swg.fits[1]
scw/1182/118200150010.001/swg.fits[1]
scw/1239/123900140010.001/swg.fits[1]
scw/1244/124400630010.001/swg.fits[1]
scw/1252/125200590010.001/swg.fits[1]
scw/1366/136600620010.001/swg.fits[1]
scw/1366/136600750010.001/swg.fits[1]
scw/1373/137300860010.001/swg.fits[1]
scw/1373/137300930010.001/swg.fits[1]
scw/1435/143500260010.001/swg.fits[1]
scw/1471/147100150010.001/swg.fits[1]
scw/1471/147100270010.001/swg.fits[1]
scw/1487/148700070010.001/swg.fits[1]
scw/1487/148700140010.001/swg.fits[1]
scw/1490/149000070010.001/swg.fits[1]
scw/1490/149000140010.001/swg.fits[1]
scw/2286/228600110010.001/swg.fits[1]
scw/2286/228600120010.001/swg.fits[1]
scw/2286/228600180010.001/swg.fits[1]
scw/2286/228600190010.001/swg.fits[1]
scw/2286/228600250010.001/swg.fits[1]
scw/2286/228600260010.001/swg.fits[1]
scw/2286/228600330010.001/swg.fits[1]
scw/2286/228600400010.001/swg.fits[1]
scw/2286/228600470010.001/swg.fits[1]
scw/2286/228600480010.001/swg.fits[1]
scw/2286/228600530010.001/swg.fits[1]
scw/2286/228600540010.001/swg.fits[1]
scw/2286/228600610010.001/swg.fits[1]
scw/2286/228600670010.001/swg.fits[1]
scw/2286/228600740010.001/swg.fits[1]
scw/2324/232400230010.001/swg.fits[1]
scw/2462/246200280010.001/swg.fits[1]
