scw/0044/004400820010.001/swg.fits[1]
scw/0045/004500220010.001/swg.fits[1]
scw/0045/004500230010.001/swg.fits[1]
scw/0045/004500490010.001/swg.fits[1]
scw/0045/004500580010.001/swg.fits[1]
scw/0102/010200280010.001/swg.fits[1]
scw/0102/010200290010.001/swg.fits[1]
scw/0170/017000110010.001/swg.fits[1]
scw/0170/017000920010.001/swg.fits[1]
scw/0170/017000930010.001/swg.fits[1]
scw/0239/023900930010.001/swg.fits[1]
scw/0239/023900940010.001/swg.fits[1]
scw/0300/030000040010.001/swg.fits[1]
scw/0300/030000050010.001/swg.fits[1]
scw/0365/036501060010.001/swg.fits[1]
scw/0365/036501070010.001/swg.fits[1]
scw/0422/042200020010.001/swg.fits[1]
scw/0422/042200030010.001/swg.fits[1]
scw/0464/046400170010.001/swg.fits[1]
scw/0464/046400180010.001/swg.fits[1]
scw/0464/046400190010.001/swg.fits[1]
scw/0464/046400200010.001/swg.fits[1]
scw/0464/046400370010.001/swg.fits[1]
scw/0464/046400380010.001/swg.fits[1]
scw/0464/046400390010.001/swg.fits[1]
scw/0464/046400400010.001/swg.fits[1]
scw/0541/054100020010.001/swg.fits[1]
scw/0541/054100030010.001/swg.fits[1]
scw/0541/054100040010.001/swg.fits[1]
scw/0541/054100500010.001/swg.fits[1]
scw/0541/054100510010.001/swg.fits[1]
scw/0605/060500270010.001/swg.fits[1]
scw/0605/060500280010.001/swg.fits[1]
scw/0605/060500290010.001/swg.fits[1]
scw/0665/066500020010.001/swg.fits[1]
scw/0665/066500030010.001/swg.fits[1]
scw/0665/066500040010.001/swg.fits[1]
scw/0665/066500050010.001/swg.fits[1]
scw/0665/066500060010.001/swg.fits[1]
scw/0665/066500500010.001/swg.fits[1]
scw/0665/066500510010.001/swg.fits[1]
scw/0665/066500520010.001/swg.fits[1]
scw/0665/066500530010.001/swg.fits[1]
scw/0665/066500540010.001/swg.fits[1]
scw/0665/066500610010.001/swg.fits[1]
scw/0665/066501000010.001/swg.fits[1]
scw/0666/066600020010.001/swg.fits[1]
scw/0666/066600030010.001/swg.fits[1]
scw/0666/066600040010.001/swg.fits[1]
scw/0666/066600510010.001/swg.fits[1]
scw/0666/066600520010.001/swg.fits[1]
scw/0666/066600530010.001/swg.fits[1]
scw/0666/066600540010.001/swg.fits[1]
scw/0666/066600550010.001/swg.fits[1]
scw/0666/066600620010.001/swg.fits[1]
scw/0666/066601010010.001/swg.fits[1]
scw/0727/072700250010.001/swg.fits[1]
scw/0727/072700260010.001/swg.fits[1]
scw/0727/072700270010.001/swg.fits[1]
scw/0727/072700740010.001/swg.fits[1]
scw/0727/072700750010.001/swg.fits[1]
scw/0727/072700760010.001/swg.fits[1]
scw/0727/072700770010.001/swg.fits[1]
scw/0728/072800240010.001/swg.fits[1]
scw/0728/072800250010.001/swg.fits[1]
scw/0728/072800260010.001/swg.fits[1]
scw/0728/072800270010.001/swg.fits[1]
scw/0728/072800730010.001/swg.fits[1]
scw/0728/072800740010.001/swg.fits[1]
scw/0728/072800750010.001/swg.fits[1]
scw/0728/072800790010.001/swg.fits[1]
scw/0728/072800800010.001/swg.fits[1]
scw/0774/077400020010.001/swg.fits[1]
scw/0774/077400030010.001/swg.fits[1]
scw/0774/077400900010.001/swg.fits[1]
scw/0774/077400910010.001/swg.fits[1]
scw/0774/077400920010.001/swg.fits[1]
scw/0774/077400930010.001/swg.fits[1]
scw/0774/077400940010.001/swg.fits[1]
scw/0774/077400950010.001/swg.fits[1]
scw/0774/077400960010.001/swg.fits[1]
scw/0774/077400970010.001/swg.fits[1]
scw/0774/077400980010.001/swg.fits[1]
scw/0774/077400990010.001/swg.fits[1]
scw/0774/077401000010.001/swg.fits[1]
scw/0774/077401010010.001/swg.fits[1]
scw/0774/077401020010.001/swg.fits[1]
scw/0774/077401030010.001/swg.fits[1]
scw/0774/077401040010.001/swg.fits[1]
scw/0774/077401050010.001/swg.fits[1]
scw/0774/077401060010.001/swg.fits[1]
scw/0774/077401070010.001/swg.fits[1]
scw/0839/083900240010.001/swg.fits[1]
scw/0839/083900250010.001/swg.fits[1]
scw/0839/083900260010.001/swg.fits[1]
scw/0839/083900270010.001/swg.fits[1]
scw/0839/083900280010.001/swg.fits[1]
scw/0839/083900950010.001/swg.fits[1]
scw/0839/083900960010.001/swg.fits[1]
scw/0839/083900980010.001/swg.fits[1]
scw/0839/083900990010.001/swg.fits[1]
scw/0902/090200040010.001/swg.fits[1]
scw/0902/090200050010.001/swg.fits[1]
scw/0902/090200130010.001/swg.fits[1]
scw/0902/090200430010.001/swg.fits[1]
scw/0902/090200510010.001/swg.fits[1]
scw/0902/090200520010.001/swg.fits[1]
scw/0902/090200530010.001/swg.fits[1]
scw/0966/096600750010.001/swg.fits[1]
scw/0966/096600830010.001/swg.fits[1]
scw/0966/096600840010.001/swg.fits[1]
scw/0967/096700010010.001/swg.fits[1]
scw/0967/096700470010.001/swg.fits[1]
scw/0967/096700480010.001/swg.fits[1]
scw/0967/096700490010.001/swg.fits[1]
scw/0968/096800510010.001/swg.fits[1]
scw/0968/096800520010.001/swg.fits[1]
scw/0968/096800540010.001/swg.fits[1]
scw/0968/096800550010.001/swg.fits[1]
scw/0968/096800570010.001/swg.fits[1]
scw/0968/096800580010.001/swg.fits[1]
scw/0968/096800600010.001/swg.fits[1]
scw/0968/096800610010.001/swg.fits[1]
scw/0968/096800630010.001/swg.fits[1]
scw/0968/096800640010.001/swg.fits[1]
scw/0968/096800660010.001/swg.fits[1]
scw/0968/096800670010.001/swg.fits[1]
scw/0968/096800690010.001/swg.fits[1]
scw/0968/096800700010.001/swg.fits[1]
scw/0968/096800720010.001/swg.fits[1]
scw/0968/096800750010.001/swg.fits[1]
scw/0968/096800780010.001/swg.fits[1]
scw/0968/096800790010.001/swg.fits[1]
scw/0968/096800810010.001/swg.fits[1]
scw/0968/096800820010.001/swg.fits[1]
scw/0968/096800840010.001/swg.fits[1]
scw/0968/096800850010.001/swg.fits[1]
scw/0968/096800880010.001/swg.fits[1]
scw/0968/096800910010.001/swg.fits[1]
scw/0968/096800930010.001/swg.fits[1]
scw/0968/096800960010.001/swg.fits[1]
scw/0970/097000250010.001/swg.fits[1]
scw/0970/097000260010.001/swg.fits[1]
scw/1019/101900530010.001/swg.fits[1]
scw/1019/101900540010.001/swg.fits[1]
scw/1019/101900550010.001/swg.fits[1]
scw/1019/101901070010.001/swg.fits[1]
scw/1019/101901080010.001/swg.fits[1]
scw/1019/101901090010.001/swg.fits[1]
scw/1019/101901100010.001/swg.fits[1]
scw/1089/108900240010.001/swg.fits[1]
scw/1089/108900250010.001/swg.fits[1]
scw/1089/108900270010.001/swg.fits[1]
scw/1089/108900280010.001/swg.fits[1]
scw/1159/115900040010.001/swg.fits[1]
scw/1159/115900050010.001/swg.fits[1]
scw/1159/115900060010.001/swg.fits[1]
scw/1159/115900500010.001/swg.fits[1]
scw/1159/115900510010.001/swg.fits[1]
scw/1159/115900520010.001/swg.fits[1]
scw/1159/115900530010.001/swg.fits[1]
scw/1159/115900570010.001/swg.fits[1]
scw/1159/115900580010.001/swg.fits[1]
scw/1159/115900590010.001/swg.fits[1]
scw/1159/115901030010.001/swg.fits[1]
scw/1159/115901040010.001/swg.fits[1]
scw/1159/115901050010.001/swg.fits[1]
scw/1159/115901060010.001/swg.fits[1]
scw/1160/116000020010.001/swg.fits[1]
scw/1160/116000030010.001/swg.fits[1]
scw/1160/116000040010.001/swg.fits[1]
scw/1160/116000480010.001/swg.fits[1]
scw/1160/116000490010.001/swg.fits[1]
scw/1160/116000500010.001/swg.fits[1]
scw/1160/116000510010.001/swg.fits[1]
scw/1160/116000520010.001/swg.fits[1]
scw/1160/116000530010.001/swg.fits[1]
scw/1160/116000540010.001/swg.fits[1]
scw/1160/116000980010.001/swg.fits[1]
scw/1160/116000990010.001/swg.fits[1]
scw/1160/116001000010.001/swg.fits[1]
scw/1160/116001010010.001/swg.fits[1]
scw/1214/121400410010.001/swg.fits[1]
scw/1214/121400420010.001/swg.fits[1]
