scw/0104/010400060010.001/swg.fits[1]
scw/0104/010400460010.001/swg.fits[1]
scw/0104/010400540010.001/swg.fits[1]
scw/0225/022500190010.001/swg.fits[1]
scw/0225/022500190020.001/swg.fits[1]
scw/0225/022500190030.001/swg.fits[1]
scw/0225/022500200010.001/swg.fits[1]
scw/0574/057400420010.001/swg.fits[1]
scw/0576/057600020010.001/swg.fits[1]
scw/0578/057800370010.001/swg.fits[1]
scw/0580/058000020010.001/swg.fits[1]
scw/0580/058000360010.001/swg.fits[1]
scw/0581/058100020010.001/swg.fits[1]
scw/0581/058100340010.001/swg.fits[1]
scw/0581/058100350010.001/swg.fits[1]
scw/0582/058200840010.001/swg.fits[1]
scw/0582/058200840020.001/swg.fits[1]
scw/0583/058300140010.001/swg.fits[1]
scw/0587/058700020010.001/swg.fits[1]
scw/0702/070200260010.001/swg.fits[1]
scw/0702/070200580010.001/swg.fits[1]
scw/0704/070400540010.001/swg.fits[1]
scw/1201/120100360010.001/swg.fits[1]
scw/1201/120100360020.001/swg.fits[1]
scw/1201/120100360030.001/swg.fits[1]
scw/1201/120100370010.001/swg.fits[1]
scw/1714/171400080010.001/swg.fits[1]
scw/1714/171400140010.001/swg.fits[1]
scw/1714/171400150010.001/swg.fits[1]
scw/1714/171400160010.001/swg.fits[1]
scw/1714/171400340010.001/swg.fits[1]
scw/1714/171400380010.001/swg.fits[1]
scw/1714/171400390010.001/swg.fits[1]
scw/1714/171400450010.001/swg.fits[1]
scw/1852/185200300010.001/swg.fits[1]
scw/1852/185200310010.001/swg.fits[1]
scw/1852/185200400010.001/swg.fits[1]
scw/1853/185300210010.001/swg.fits[1]
scw/1853/185300220010.001/swg.fits[1]
scw/1853/185300310010.001/swg.fits[1]
scw/1853/185300720010.001/swg.fits[1]
scw/2185/218500530010.001/swg.fits[1]
scw/2328/232800550010.001/swg.fits[1]
scw/2328/232800650010.001/swg.fits[1]
