scw/0256/025600320010.001/swg.fits[1]
scw/0256/025600330010.001/swg.fits[1]
scw/0256/025600340010.001/swg.fits[1]
scw/0256/025600380010.001/swg.fits[1]
scw/0256/025600390010.001/swg.fits[1]
scw/0256/025600430010.001/swg.fits[1]
scw/0256/025600680010.001/swg.fits[1]
scw/0256/025600720010.001/swg.fits[1]
scw/0256/025600730010.001/swg.fits[1]
scw/0256/025600740010.001/swg.fits[1]
scw/0256/025600780010.001/swg.fits[1]
scw/0256/025600790010.001/swg.fits[1]
scw/0256/025600830010.001/swg.fits[1]
scw/0256/025600840010.001/swg.fits[1]
scw/0256/025600870010.001/swg.fits[1]
scw/0282/028200560010.001/swg.fits[1]
scw/0282/028200570010.001/swg.fits[1]
scw/1174/117400900010.001/swg.fits[1]
scw/2255/225500480010.001/swg.fits[1]
scw/2255/225500530010.001/swg.fits[1]
scw/2255/225500540010.001/swg.fits[1]
scw/2255/225500570010.001/swg.fits[1]
scw/2255/225500580010.001/swg.fits[1]
scw/2255/225500590010.001/swg.fits[1]
scw/2363/236300460010.001/swg.fits[1]
