scw/0229/022900290010.001/swg.fits[1]
scw/0259/025900160010.001/swg.fits[1]
scw/0266/026600140010.001/swg.fits[1]
scw/0375/037500670010.001/swg.fits[1]
scw/0383/038300540010.001/swg.fits[1]
scw/0415/041500050010.001/swg.fits[1]
scw/0482/048200130010.001/swg.fits[1]
scw/0482/048200540010.001/swg.fits[1]
scw/0482/048200550010.001/swg.fits[1]
scw/0484/048400040010.001/swg.fits[1]
scw/0484/048400050010.001/swg.fits[1]
scw/0484/048400060010.001/swg.fits[1]
scw/0498/049800450010.001/swg.fits[1]
scw/0498/049800540010.001/swg.fits[1]
scw/0498/049800550010.001/swg.fits[1]
scw/0499/049900530010.001/swg.fits[1]
scw/0500/050000030010.001/swg.fits[1]
scw/0500/050000430010.001/swg.fits[1]
scw/0500/050000520010.001/swg.fits[1]
scw/0504/050400270010.001/swg.fits[1]
scw/0504/050400360010.001/swg.fits[1]
scw/0505/050500240010.001/swg.fits[1]
scw/0506/050600250010.001/swg.fits[1]
scw/0506/050600340010.001/swg.fits[1]
scw/0545/054500240010.001/swg.fits[1]
scw/0546/054600510010.001/swg.fits[1]
scw/1037/103700230010.001/swg.fits[1]
scw/1037/103700240010.001/swg.fits[1]
scw/1037/103700250010.001/swg.fits[1]
scw/1048/104800430010.001/swg.fits[1]
scw/1049/104900960010.001/swg.fits[1]
scw/1171/117100120010.001/swg.fits[1]
scw/1174/117400740010.001/swg.fits[1]
scw/1229/122900360010.001/swg.fits[1]
scw/1235/123500120010.001/swg.fits[1]
scw/1304/130400120010.001/swg.fits[1]
scw/1480/148000970010.001/swg.fits[1]
scw/1531/153100330010.001/swg.fits[1]
scw/1531/153100340010.001/swg.fits[1]
scw/1827/182700280010.001/swg.fits[1]
scw/2271/227100910010.001/swg.fits[1]
scw/2285/228500090010.001/swg.fits[1]
scw/2285/228500480010.001/swg.fits[1]
scw/2330/233000690010.001/swg.fits[1]
scw/2332/233200340010.001/swg.fits[1]
