scw/0483/048300050010.001/swg.fits[1]
scw/0483/048300060010.001/swg.fits[1]
scw/0483/048300070010.001/swg.fits[1]
scw/0483/048300080010.001/swg.fits[1]
scw/0487/048700080010.001/swg.fits[1]
scw/0487/048700090010.001/swg.fits[1]
scw/0487/048700100010.001/swg.fits[1]
scw/0487/048700170010.001/swg.fits[1]
scw/0487/048700180010.001/swg.fits[1]
scw/0487/048700200010.001/swg.fits[1]
scw/0487/048700590010.001/swg.fits[1]
scw/0487/048700600010.001/swg.fits[1]
scw/0530/053000630010.001/swg.fits[1]
scw/0530/053000640010.001/swg.fits[1]
scw/0530/053000660010.001/swg.fits[1]
scw/0532/053200050010.001/swg.fits[1]
scw/0532/053200060010.001/swg.fits[1]
scw/0532/053200440010.001/swg.fits[1]
scw/0532/053200450010.001/swg.fits[1]
scw/0532/053200460010.001/swg.fits[1]
scw/0532/053200470010.001/swg.fits[1]
scw/0532/053200540010.001/swg.fits[1]
scw/0532/053200550010.001/swg.fits[1]
scw/0532/053200560010.001/swg.fits[1]
scw/0538/053800330010.001/swg.fits[1]
scw/0538/053800340010.001/swg.fits[1]
scw/0538/053800350010.001/swg.fits[1]
scw/0538/053800360010.001/swg.fits[1]
scw/0538/053800430010.001/swg.fits[1]
scw/0538/053800440010.001/swg.fits[1]
scw/0538/053800450010.001/swg.fits[1]
scw/0538/053800460010.001/swg.fits[1]
scw/0543/054300340010.001/swg.fits[1]
scw/0543/054300350010.001/swg.fits[1]
scw/0543/054300360010.001/swg.fits[1]
scw/0543/054300370010.001/swg.fits[1]
scw/0543/054300430010.001/swg.fits[1]
scw/0543/054300440010.001/swg.fits[1]
scw/0543/054300450010.001/swg.fits[1]
scw/0543/054300460010.001/swg.fits[1]
scw/0543/054300470010.001/swg.fits[1]
scw/0548/054800090010.001/swg.fits[1]
scw/0548/054800100010.001/swg.fits[1]
scw/0548/054800110010.001/swg.fits[1]
scw/0548/054800120010.001/swg.fits[1]
scw/0548/054800130010.001/swg.fits[1]
scw/0548/054800190010.001/swg.fits[1]
scw/0548/054800200010.001/swg.fits[1]
scw/0548/054800600010.001/swg.fits[1]
scw/0551/055100350010.001/swg.fits[1]
scw/0551/055100370010.001/swg.fits[1]
scw/0551/055100380010.001/swg.fits[1]
scw/0551/055100390010.001/swg.fits[1]
scw/0551/055100440010.001/swg.fits[1]
scw/0551/055100450010.001/swg.fits[1]
scw/0551/055100460010.001/swg.fits[1]
scw/0551/055100660010.001/swg.fits[1]
scw/0589/058900260010.001/swg.fits[1]
scw/0589/058900270010.001/swg.fits[1]
scw/0589/058900370010.001/swg.fits[1]
scw/0589/058900460010.001/swg.fits[1]
scw/0590/059000070010.001/swg.fits[1]
scw/0590/059000160010.001/swg.fits[1]
scw/0590/059000170010.001/swg.fits[1]
scw/0590/059000260010.001/swg.fits[1]
scw/0590/059000270010.001/swg.fits[1]
scw/0590/059000570010.001/swg.fits[1]
scw/0590/059000580010.001/swg.fits[1]
scw/0591/059100350010.001/swg.fits[1]
scw/0591/059100360010.001/swg.fits[1]
scw/0591/059100370010.001/swg.fits[1]
scw/0591/059100430010.001/swg.fits[1]
scw/0591/059100440010.001/swg.fits[1]
scw/0591/059100450010.001/swg.fits[1]
scw/0591/059100460010.001/swg.fits[1]
scw/0650/065000590010.001/swg.fits[1]
scw/0650/065000600010.001/swg.fits[1]
scw/0650/065000610010.001/swg.fits[1]
scw/0650/065000620010.001/swg.fits[1]
scw/0656/065600060010.001/swg.fits[1]
scw/0656/065600070010.001/swg.fits[1]
scw/0656/065600080010.001/swg.fits[1]
scw/0656/065600090010.001/swg.fits[1]
scw/0656/065600470010.001/swg.fits[1]
scw/0656/065600480010.001/swg.fits[1]
scw/0656/065600560010.001/swg.fits[1]
scw/0656/065600570010.001/swg.fits[1]
scw/0656/065600580010.001/swg.fits[1]
scw/0656/065600590010.001/swg.fits[1]
scw/0656/065600590020.001/swg.fits[1]
scw/0659/065900570010.001/swg.fits[1]
scw/0659/065900580010.001/swg.fits[1]
scw/1260/126000180010.001/swg.fits[1]
scw/1260/126000190010.001/swg.fits[1]
scw/1260/126000200010.001/swg.fits[1]
scw/1260/126000230010.001/swg.fits[1]
scw/1260/126000240010.001/swg.fits[1]
scw/1260/126000250010.001/swg.fits[1]
scw/1260/126000290010.001/swg.fits[1]
scw/1260/126000300010.001/swg.fits[1]
scw/1260/126000330010.001/swg.fits[1]
scw/1270/127000050010.001/swg.fits[1]
scw/1270/127000640010.001/swg.fits[1]
scw/1270/127000650010.001/swg.fits[1]
scw/1270/127000660010.001/swg.fits[1]
scw/1270/127000700010.001/swg.fits[1]
scw/1270/127000710010.001/swg.fits[1]
scw/1270/127000740010.001/swg.fits[1]
scw/1270/127000750010.001/swg.fits[1]
scw/1270/127000760010.001/swg.fits[1]
scw/1270/127000790010.001/swg.fits[1]
scw/1270/127000800010.001/swg.fits[1]
scw/1275/127500680010.001/swg.fits[1]
scw/1275/127500760010.001/swg.fits[1]
scw/1275/127500770010.001/swg.fits[1]
scw/1275/127500780010.001/swg.fits[1]
scw/1275/127500870010.001/swg.fits[1]
scw/1275/127500880010.001/swg.fits[1]
scw/1278/127800880010.001/swg.fits[1]
scw/1278/127800890010.001/swg.fits[1]
scw/1278/127800910010.001/swg.fits[1]
scw/1278/127800920010.001/swg.fits[1]
scw/1279/127900070010.001/swg.fits[1]
scw/1279/127900360010.001/swg.fits[1]
scw/1279/127900370010.001/swg.fits[1]
scw/1279/127900380010.001/swg.fits[1]
scw/1281/128100060010.001/swg.fits[1]
scw/1281/128100120010.001/swg.fits[1]
scw/1281/128100150010.001/swg.fits[1]
scw/1281/128100160010.001/swg.fits[1]
scw/1281/128100220010.001/swg.fits[1]
scw/1281/128100290010.001/swg.fits[1]
scw/1281/128100300010.001/swg.fits[1]
scw/1281/128100310010.001/swg.fits[1]
scw/1326/132600060010.001/swg.fits[1]
scw/1326/132600070010.001/swg.fits[1]
scw/1326/132600140010.001/swg.fits[1]
scw/1326/132600150010.001/swg.fits[1]
scw/1326/132600360010.001/swg.fits[1]
scw/1329/132900330010.001/swg.fits[1]
scw/1329/132900370010.001/swg.fits[1]
scw/1329/132900380010.001/swg.fits[1]
scw/1329/132900390010.001/swg.fits[1]
scw/1329/132900420010.001/swg.fits[1]
scw/1329/132900430010.001/swg.fits[1]
scw/1329/132900440010.001/swg.fits[1]
scw/1329/132900470010.001/swg.fits[1]
scw/1329/132900530010.001/swg.fits[1]
scw/1329/132900540010.001/swg.fits[1]
scw/1330/133000590010.001/swg.fits[1]
scw/1330/133000690010.001/swg.fits[1]
scw/1330/133000700010.001/swg.fits[1]
scw/1330/133000710010.001/swg.fits[1]
scw/1330/133000780010.001/swg.fits[1]
scw/1330/133000790010.001/swg.fits[1]
scw/1338/133800050010.001/swg.fits[1]
scw/1338/133800130010.001/swg.fits[1]
scw/1338/133800140010.001/swg.fits[1]
scw/1338/133800250010.001/swg.fits[1]
scw/1338/133800260010.001/swg.fits[1]
scw/1338/133800330010.001/swg.fits[1]
scw/1338/133800340010.001/swg.fits[1]
scw/1342/134200330010.001/swg.fits[1]
scw/1342/134200340010.001/swg.fits[1]
scw/1342/134200410010.001/swg.fits[1]
scw/1342/134200420010.001/swg.fits[1]
scw/1342/134200430010.001/swg.fits[1]
scw/1342/134200530010.001/swg.fits[1]
scw/1342/134200540010.001/swg.fits[1]
scw/1439/143900570010.001/swg.fits[1]
scw/1444/144400120010.001/swg.fits[1]
scw/1444/144400130010.001/swg.fits[1]
scw/1444/144400180010.001/swg.fits[1]
scw/1444/144400190010.001/swg.fits[1]
scw/1444/144400270010.001/swg.fits[1]
scw/1444/144400280010.001/swg.fits[1]
scw/1444/144400320010.001/swg.fits[1]
scw/1444/144400330010.001/swg.fits[1]
scw/1444/144400340010.001/swg.fits[1]
scw/1444/144400370010.001/swg.fits[1]
scw/1444/144400380010.001/swg.fits[1]
scw/1445/144500140010.001/swg.fits[1]
scw/1445/144500150010.001/swg.fits[1]
scw/1445/144500200010.001/swg.fits[1]
scw/1445/144500210010.001/swg.fits[1]
scw/1445/144500290010.001/swg.fits[1]
scw/1445/144500300010.001/swg.fits[1]
scw/1445/144500310010.001/swg.fits[1]
scw/1445/144500340010.001/swg.fits[1]
scw/1445/144500350010.001/swg.fits[1]
scw/1445/144500360010.001/swg.fits[1]
scw/1445/144500460010.001/swg.fits[1]
scw/1445/144500470010.001/swg.fits[1]
scw/1445/144500510010.001/swg.fits[1]
scw/1445/144500520010.001/swg.fits[1]
scw/1445/144500530010.001/swg.fits[1]
scw/1445/144500560010.001/swg.fits[1]
scw/1445/144500570010.001/swg.fits[1]
scw/1445/144500580010.001/swg.fits[1]
scw/1446/144600070010.001/swg.fits[1]
scw/1446/144600080010.001/swg.fits[1]
scw/1446/144600160010.001/swg.fits[1]
scw/1456/145600560010.001/swg.fits[1]
scw/1456/145600600010.001/swg.fits[1]
scw/1456/145600610010.001/swg.fits[1]
scw/1456/145600620010.001/swg.fits[1]
scw/1456/145600660010.001/swg.fits[1]
scw/1457/145700130010.001/swg.fits[1]
scw/1457/145700220010.001/swg.fits[1]
scw/1457/145700310010.001/swg.fits[1]
scw/1457/145700320010.001/swg.fits[1]
scw/1457/145700330010.001/swg.fits[1]
scw/1459/145900030010.001/swg.fits[1]
scw/1459/145900040010.001/swg.fits[1]
scw/1459/145900090010.001/swg.fits[1]
scw/1459/145900100010.001/swg.fits[1]
scw/1459/145900440010.001/swg.fits[1]
scw/1459/145900450010.001/swg.fits[1]
scw/1459/145900480010.001/swg.fits[1]
scw/1459/145900490010.001/swg.fits[1]
scw/1459/145900500010.001/swg.fits[1]
scw/1459/145900540010.001/swg.fits[1]
scw/1463/146300020010.001/swg.fits[1]
scw/1463/146300030010.001/swg.fits[1]
scw/1463/146300050010.001/swg.fits[1]
scw/1463/146300060010.001/swg.fits[1]
scw/1463/146300310010.001/swg.fits[1]
scw/1463/146300320010.001/swg.fits[1]
scw/1463/146300350010.001/swg.fits[1]
scw/1463/146300360010.001/swg.fits[1]
scw/1463/146300410010.001/swg.fits[1]
