scw/0618/061800020010.001/swg.fits[1]
scw/0618/061800540010.001/swg.fits[1]
scw/0618/061800550010.001/swg.fits[1]
scw/0619/061900010010.001/swg.fits[1]
scw/0620/062000030010.001/swg.fits[1]
scw/0620/062000040010.001/swg.fits[1]
scw/0620/062000050010.001/swg.fits[1]
scw/0620/062000530010.001/swg.fits[1]
scw/0620/062000540010.001/swg.fits[1]
scw/0675/067500160010.001/swg.fits[1]
scw/0675/067500170010.001/swg.fits[1]
scw/0675/067500180010.001/swg.fits[1]
scw/0676/067600460010.001/swg.fits[1]
scw/0676/067600470010.001/swg.fits[1]
scw/0676/067600480010.001/swg.fits[1]
scw/0677/067700620010.001/swg.fits[1]
scw/0677/067700630010.001/swg.fits[1]
scw/0922/092200720010.001/swg.fits[1]
scw/0922/092200730010.001/swg.fits[1]
scw/0923/092300890010.001/swg.fits[1]
scw/0923/092300900010.001/swg.fits[1]
scw/0980/098000370010.001/swg.fits[1]
scw/0980/098000380010.001/swg.fits[1]
scw/1050/105000780010.001/swg.fits[1]
scw/1052/105200880010.001/swg.fits[1]
scw/2290/229000610010.001/swg.fits[1]
scw/2290/229000620010.001/swg.fits[1]
scw/2433/243300360010.001/swg.fits[1]
scw/2436/243600450010.001/swg.fits[1]
