scw/0971/097100600010.001/swg.fits[1]
scw/0971/097100610010.001/swg.fits[1]
scw/0971/097100620010.001/swg.fits[1]
scw/0973/097300640010.001/swg.fits[1]
scw/0973/097300650010.001/swg.fits[1]
scw/0973/097300660010.001/swg.fits[1]
scw/0973/097300730010.001/swg.fits[1]
scw/0973/097300740010.001/swg.fits[1]
scw/0973/097300750010.001/swg.fits[1]
scw/0974/097400260010.001/swg.fits[1]
scw/0974/097400270010.001/swg.fits[1]
scw/0974/097400280010.001/swg.fits[1]
scw/0974/097400370010.001/swg.fits[1]
scw/0975/097500070010.001/swg.fits[1]
scw/0975/097500080010.001/swg.fits[1]
scw/0975/097500090010.001/swg.fits[1]
scw/0975/097500600010.001/swg.fits[1]
scw/0975/097500610010.001/swg.fits[1]
scw/1593/159300310010.001/swg.fits[1]
scw/1593/159300320010.001/swg.fits[1]
scw/1593/159300330010.001/swg.fits[1]
scw/1593/159300340010.001/swg.fits[1]
