scw/0316/031600260010.001/swg.fits[1]
scw/0316/031600770010.001/swg.fits[1]
scw/0873/087300190010.001/swg.fits[1]
scw/0873/087300280010.001/swg.fits[1]
scw/0873/087300290010.001/swg.fits[1]
scw/0873/087300380010.001/swg.fits[1]
scw/0874/087400050010.001/swg.fits[1]
scw/0874/087400140010.001/swg.fits[1]
scw/0874/087400150010.001/swg.fits[1]
scw/0874/087400160010.001/swg.fits[1]
scw/0874/087400230010.001/swg.fits[1]
scw/0874/087400240010.001/swg.fits[1]
scw/0874/087400550010.001/swg.fits[1]
scw/0874/087400640010.001/swg.fits[1]
scw/0990/099000190010.001/swg.fits[1]
scw/0990/099000280010.001/swg.fits[1]
scw/0990/099000290010.001/swg.fits[1]
scw/0990/099000380010.001/swg.fits[1]
scw/0990/099000690010.001/swg.fits[1]
scw/0990/099000780010.001/swg.fits[1]
scw/0991/099100170010.001/swg.fits[1]
scw/0991/099100260010.001/swg.fits[1]
scw/0991/099100270010.001/swg.fits[1]
scw/0991/099100360010.001/swg.fits[1]
scw/0991/099100670010.001/swg.fits[1]
scw/0991/099100760010.001/swg.fits[1]
