scw/0062/006200100010.001/swg.fits[1]
scw/0079/007900390010.001/swg.fits[1]
scw/0079/007900400010.001/swg.fits[1]
scw/0079/007900460010.001/swg.fits[1]
scw/0079/007900470010.001/swg.fits[1]
scw/0080/008000160010.001/swg.fits[1]
scw/0080/008000170010.001/swg.fits[1]
scw/0080/008000230010.001/swg.fits[1]
scw/0080/008000240010.001/swg.fits[1]
scw/0082/008200060010.001/swg.fits[1]
scw/0153/015300160010.001/swg.fits[1]
scw/0181/018100250010.001/swg.fits[1]
scw/0185/018500140010.001/swg.fits[1]
scw/0241/024100060010.001/swg.fits[1]
scw/0253/025300110010.001/swg.fits[1]
scw/0259/025900150010.001/swg.fits[1]
scw/0264/026400130010.001/swg.fits[1]
scw/0266/026600130010.001/swg.fits[1]
scw/0415/041500040010.001/swg.fits[1]
scw/0431/043100130010.001/swg.fits[1]
scw/0482/048200140010.001/swg.fits[1]
scw/0482/048200230010.001/swg.fits[1]
scw/0482/048200240010.001/swg.fits[1]
scw/0482/048200430010.001/swg.fits[1]
scw/0482/048200440010.001/swg.fits[1]
scw/0482/048200450010.001/swg.fits[1]
scw/0482/048200530010.001/swg.fits[1]
scw/0498/049800250010.001/swg.fits[1]
scw/0498/049800330010.001/swg.fits[1]
scw/0498/049800340010.001/swg.fits[1]
scw/0498/049800350010.001/swg.fits[1]
scw/0498/049800360010.001/swg.fits[1]
scw/0498/049800430010.001/swg.fits[1]
scw/0498/049800440010.001/swg.fits[1]
scw/0499/049900240010.001/swg.fits[1]
scw/0499/049900330010.001/swg.fits[1]
scw/0499/049900340010.001/swg.fits[1]
scw/0499/049900350010.001/swg.fits[1]
scw/0499/049900420010.001/swg.fits[1]
scw/0499/049900430010.001/swg.fits[1]
scw/0500/050000130010.001/swg.fits[1]
scw/0500/050000210010.001/swg.fits[1]
scw/0500/050000220010.001/swg.fits[1]
scw/0500/050000230010.001/swg.fits[1]
scw/0500/050000240010.001/swg.fits[1]
scw/0500/050000310010.001/swg.fits[1]
scw/0500/050000320010.001/swg.fits[1]
scw/0501/050100120010.001/swg.fits[1]
scw/0501/050100130010.001/swg.fits[1]
scw/0501/050100460010.001/swg.fits[1]
scw/0501/050100470010.001/swg.fits[1]
scw/0501/050100480010.001/swg.fits[1]
scw/0501/050100490010.001/swg.fits[1]
scw/0501/050100570010.001/swg.fits[1]
scw/0502/050200270010.001/swg.fits[1]
scw/0502/050200280010.001/swg.fits[1]
scw/0502/050200350010.001/swg.fits[1]
scw/0502/050200360010.001/swg.fits[1]
scw/0502/050200370010.001/swg.fits[1]
scw/0502/050200460010.001/swg.fits[1]
scw/0503/050300170010.001/swg.fits[1]
scw/0503/050300180010.001/swg.fits[1]
scw/0503/050300190010.001/swg.fits[1]
scw/0503/050300200010.001/swg.fits[1]
scw/0503/050300280010.001/swg.fits[1]
scw/0503/050300590010.001/swg.fits[1]
scw/0503/050300600010.001/swg.fits[1]
scw/0504/050400070010.001/swg.fits[1]
scw/0504/050400080010.001/swg.fits[1]
scw/0504/050400170010.001/swg.fits[1]
scw/0504/050400180010.001/swg.fits[1]
scw/0504/050400190010.001/swg.fits[1]
scw/0504/050400250010.001/swg.fits[1]
scw/0504/050400260010.001/swg.fits[1]
scw/0504/050400570010.001/swg.fits[1]
scw/0504/050400580010.001/swg.fits[1]
scw/0505/050500030010.001/swg.fits[1]
scw/0505/050500040010.001/swg.fits[1]
scw/0505/050500050010.001/swg.fits[1]
scw/0505/050500060010.001/swg.fits[1]
scw/0505/050500450010.001/swg.fits[1]
scw/0505/050500460010.001/swg.fits[1]
scw/0505/050500530010.001/swg.fits[1]
scw/0505/050500540010.001/swg.fits[1]
scw/0505/050500550010.001/swg.fits[1]
scw/0505/050500560010.001/swg.fits[1]
scw/0506/050600030010.001/swg.fits[1]
scw/0506/050600040010.001/swg.fits[1]
scw/0506/050600360010.001/swg.fits[1]
scw/0506/050600370010.001/swg.fits[1]
scw/0506/050600420010.001/swg.fits[1]
scw/0506/050600430010.001/swg.fits[1]
scw/0506/050600450010.001/swg.fits[1]
scw/0506/050600460010.001/swg.fits[1]
scw/0553/055300160010.001/swg.fits[1]
scw/0553/055300260010.001/swg.fits[1]
scw/0938/093800480010.001/swg.fits[1]
scw/0998/099800150010.001/swg.fits[1]
scw/1037/103700770010.001/swg.fits[1]
scw/1037/103700820010.001/swg.fits[1]
scw/1048/104800410010.001/swg.fits[1]
scw/1059/105900150010.001/swg.fits[1]
scw/1061/106100290010.001/swg.fits[1]
scw/1114/111400210010.001/swg.fits[1]
scw/1115/111500110010.001/swg.fits[1]
scw/1116/111600180010.001/swg.fits[1]
scw/1119/111900710010.001/swg.fits[1]
scw/1119/111900720010.001/swg.fits[1]
scw/1120/112000160010.001/swg.fits[1]
scw/1121/112100240010.001/swg.fits[1]
scw/1123/112300120010.001/swg.fits[1]
scw/1161/116100310010.001/swg.fits[1]
scw/1169/116900620010.001/swg.fits[1]
scw/1171/117100130010.001/swg.fits[1]
scw/1172/117200060010.001/swg.fits[1]
scw/1173/117300050010.001/swg.fits[1]
scw/1178/117800090010.001/swg.fits[1]
scw/1178/117800310010.001/swg.fits[1]
scw/1180/118000130010.001/swg.fits[1]
scw/1182/118200190010.001/swg.fits[1]
scw/1227/122700810010.001/swg.fits[1]
scw/1227/122700820010.001/swg.fits[1]
scw/1227/122700990010.001/swg.fits[1]
scw/1229/122900370010.001/swg.fits[1]
scw/1230/123000120010.001/swg.fits[1]
scw/1230/123000360010.001/swg.fits[1]
scw/1231/123100120010.001/swg.fits[1]
scw/1236/123600200010.001/swg.fits[1]
scw/1237/123700030010.001/swg.fits[1]
scw/1244/124400330010.001/swg.fits[1]
scw/1244/124400340010.001/swg.fits[1]
scw/1294/129400120010.001/swg.fits[1]
scw/1367/136700050010.001/swg.fits[1]
scw/1367/136700060010.001/swg.fits[1]
scw/1367/136700070010.001/swg.fits[1]
scw/1367/136700500010.001/swg.fits[1]
scw/1367/136700550010.001/swg.fits[1]
scw/1367/136700560010.001/swg.fits[1]
scw/1367/136700570010.001/swg.fits[1]
scw/1368/136800660010.001/swg.fits[1]
scw/1369/136900280010.001/swg.fits[1]
scw/1369/136900340010.001/swg.fits[1]
scw/1369/136900350010.001/swg.fits[1]
scw/1369/136900780010.001/swg.fits[1]
scw/1369/136900790010.001/swg.fits[1]
scw/1369/136900850010.001/swg.fits[1]
scw/1372/137200690010.001/swg.fits[1]
scw/1372/137200700010.001/swg.fits[1]
scw/1372/137200710010.001/swg.fits[1]
scw/1372/137200730010.001/swg.fits[1]
scw/1411/141100100010.001/swg.fits[1]
scw/1411/141100110010.001/swg.fits[1]
scw/1411/141100120010.001/swg.fits[1]
scw/1411/141100130010.001/swg.fits[1]
scw/1411/141100140010.001/swg.fits[1]
scw/1411/141100150010.001/swg.fits[1]
scw/1411/141100220010.001/swg.fits[1]
scw/1411/141100610010.001/swg.fits[1]
scw/1411/141100620010.001/swg.fits[1]
scw/1411/141100630010.001/swg.fits[1]
scw/1411/141100640010.001/swg.fits[1]
scw/1469/146900960010.001/swg.fits[1]
scw/1470/147000040010.001/swg.fits[1]
scw/1470/147000050010.001/swg.fits[1]
scw/1470/147000060010.001/swg.fits[1]
scw/1470/147000070010.001/swg.fits[1]
scw/1470/147000150010.001/swg.fits[1]
scw/1471/147100100010.001/swg.fits[1]
scw/1471/147100320010.001/swg.fits[1]
scw/1471/147100660010.001/swg.fits[1]
scw/1471/147100670010.001/swg.fits[1]
scw/1471/147100680010.001/swg.fits[1]
scw/1471/147100690010.001/swg.fits[1]
scw/1471/147100700010.001/swg.fits[1]
scw/1471/147100780010.001/swg.fits[1]
scw/1477/147700830010.001/swg.fits[1]
scw/1477/147700840010.001/swg.fits[1]
scw/1477/147700850010.001/swg.fits[1]
scw/1477/147700870010.001/swg.fits[1]
scw/1477/147700880010.001/swg.fits[1]
scw/1479/147900460010.001/swg.fits[1]
scw/1479/147900840010.001/swg.fits[1]
scw/1481/148100190010.001/swg.fits[1]
scw/1481/148100340010.001/swg.fits[1]
scw/1481/148100350010.001/swg.fits[1]
scw/1481/148100370010.001/swg.fits[1]
scw/1481/148100380010.001/swg.fits[1]
scw/1481/148100390010.001/swg.fits[1]
scw/1481/148100830010.001/swg.fits[1]
scw/1481/148100840010.001/swg.fits[1]
scw/1481/148100850010.001/swg.fits[1]
scw/1481/148100870010.001/swg.fits[1]
scw/1482/148200210010.001/swg.fits[1]
scw/1482/148200250010.001/swg.fits[1]
scw/1482/148200710010.001/swg.fits[1]
scw/1482/148200720010.001/swg.fits[1]
scw/1482/148200750010.001/swg.fits[1]
scw/1482/148200760010.001/swg.fits[1]
scw/1484/148400550010.001/swg.fits[1]
scw/1484/148400560010.001/swg.fits[1]
scw/1484/148400570010.001/swg.fits[1]
scw/1484/148400600010.001/swg.fits[1]
scw/1486/148600400010.001/swg.fits[1]
scw/1486/148600410010.001/swg.fits[1]
scw/1486/148600460010.001/swg.fits[1]
scw/1486/148600470010.001/swg.fits[1]
scw/1487/148700030010.001/swg.fits[1]
scw/1487/148700230010.001/swg.fits[1]
scw/1487/148700240010.001/swg.fits[1]
scw/1487/148700250010.001/swg.fits[1]
scw/1487/148700290010.001/swg.fits[1]
scw/1487/148700300010.001/swg.fits[1]
scw/1487/148700790010.001/swg.fits[1]
scw/1487/148700800010.001/swg.fits[1]
scw/1489/148900560010.001/swg.fits[1]
scw/1489/148900570010.001/swg.fits[1]
scw/1489/148900580010.001/swg.fits[1]
scw/1489/148900620010.001/swg.fits[1]
scw/1489/148900630010.001/swg.fits[1]
scw/1490/149000190010.001/swg.fits[1]
scw/1531/153100040010.001/swg.fits[1]
scw/1531/153100440010.001/swg.fits[1]
scw/1534/153400360010.001/swg.fits[1]
scw/1534/153400370010.001/swg.fits[1]
scw/1534/153400380010.001/swg.fits[1]
scw/1534/153400390010.001/swg.fits[1]
scw/1534/153400470010.001/swg.fits[1]
scw/1536/153600230010.001/swg.fits[1]
scw/1536/153600310010.001/swg.fits[1]
scw/1536/153600320010.001/swg.fits[1]
scw/1536/153600330010.001/swg.fits[1]
scw/1536/153600340010.001/swg.fits[1]
scw/1536/153600730010.001/swg.fits[1]
scw/1536/153600810010.001/swg.fits[1]
scw/1536/153600820010.001/swg.fits[1]
scw/1536/153600830010.001/swg.fits[1]
