scw/0170/017000020010.001/swg.fits[1]
scw/0464/046400340010.001/swg.fits[1]
scw/0464/046400430010.001/swg.fits[1]
scw/0646/064600230010.001/swg.fits[1]
scw/0646/064600240010.001/swg.fits[1]
scw/0646/064600250010.001/swg.fits[1]
scw/0646/064600280010.001/swg.fits[1]
scw/0646/064600290010.001/swg.fits[1]
scw/0646/064600300010.001/swg.fits[1]
scw/0646/064600340010.001/swg.fits[1]
scw/0646/064600740010.001/swg.fits[1]
scw/0662/066200330010.001/swg.fits[1]
scw/0662/066200340010.001/swg.fits[1]
scw/0662/066200350010.001/swg.fits[1]
scw/0662/066200390010.001/swg.fits[1]
scw/0662/066200400010.001/swg.fits[1]
scw/0662/066200440010.001/swg.fits[1]
scw/0662/066200830010.001/swg.fits[1]
scw/0662/066200840010.001/swg.fits[1]
scw/0662/066200890010.001/swg.fits[1]
scw/0662/066200900010.001/swg.fits[1]
scw/0662/066200910010.001/swg.fits[1]
scw/0715/071500130010.001/swg.fits[1]
scw/0715/071500140010.001/swg.fits[1]
scw/0715/071500150010.001/swg.fits[1]
scw/0715/071500540010.001/swg.fits[1]
scw/0715/071500580010.001/swg.fits[1]
scw/0715/071500590010.001/swg.fits[1]
scw/0715/071500600010.001/swg.fits[1]
scw/0715/071500640010.001/swg.fits[1]
scw/0715/071500650010.001/swg.fits[1]
scw/0716/071600470010.001/swg.fits[1]
scw/0716/071600510010.001/swg.fits[1]
scw/0716/071600520010.001/swg.fits[1]
scw/0724/072400320010.001/swg.fits[1]
scw/0724/072400360010.001/swg.fits[1]
scw/0724/072400370010.001/swg.fits[1]
scw/0724/072400420010.001/swg.fits[1]
scw/0724/072400570010.001/swg.fits[1]
scw/1910/191000340010.001/swg.fits[1]
scw/1924/192400060010.001/swg.fits[1]
scw/1924/192400560010.001/swg.fits[1]
scw/1988/198800080010.001/swg.fits[1]
scw/1988/198800090010.001/swg.fits[1]
scw/1988/198800140010.001/swg.fits[1]
scw/1988/198800150010.001/swg.fits[1]
scw/1988/198800180010.001/swg.fits[1]
scw/1988/198800190010.001/swg.fits[1]
scw/1988/198800340010.001/swg.fits[1]
scw/1988/198800350010.001/swg.fits[1]
scw/1988/198800380010.001/swg.fits[1]
scw/1988/198800390010.001/swg.fits[1]
scw/1988/198800450010.001/swg.fits[1]
scw/1990/199000280010.001/swg.fits[1]
scw/1990/199000290010.001/swg.fits[1]
scw/1990/199000340010.001/swg.fits[1]
scw/1990/199000350010.001/swg.fits[1]
scw/1990/199000390010.001/swg.fits[1]
scw/1993/199300230010.001/swg.fits[1]
scw/2058/205800370010.001/swg.fits[1]
scw/2058/205800410010.001/swg.fits[1]
scw/2058/205800420010.001/swg.fits[1]
scw/2058/205800470010.001/swg.fits[1]
scw/2058/205800480010.001/swg.fits[1]
scw/2058/205800610010.001/swg.fits[1]
scw/2117/211700090010.001/swg.fits[1]
scw/2117/211700510010.001/swg.fits[1]
scw/2117/211700520010.001/swg.fits[1]
scw/2122/212200280010.001/swg.fits[1]
