scw/1094/109400480010.001/swg.fits[1]
scw/1094/109400530010.001/swg.fits[1]
scw/1094/109400540010.001/swg.fits[1]
scw/1094/109400550010.001/swg.fits[1]
scw/1094/109400900010.001/swg.fits[1]
scw/1094/109400910010.001/swg.fits[1]
scw/1094/109400940010.001/swg.fits[1]
scw/1094/109400950010.001/swg.fits[1]
scw/1094/109400960010.001/swg.fits[1]
scw/1094/109401000010.001/swg.fits[1]
scw/1094/109401140010.001/swg.fits[1]
scw/1094/109401150010.001/swg.fits[1]
scw/1101/110100660010.001/swg.fits[1]
scw/1139/113900280010.001/swg.fits[1]
scw/1139/113900440010.001/swg.fits[1]
scw/1139/113900460010.001/swg.fits[1]
scw/1139/113900470010.001/swg.fits[1]
scw/1139/113900480010.001/swg.fits[1]
scw/1139/113900520010.001/swg.fits[1]
scw/1139/113900530010.001/swg.fits[1]
scw/1139/113900540010.001/swg.fits[1]
scw/1139/113900570010.001/swg.fits[1]
scw/1139/113900580010.001/swg.fits[1]
scw/1140/114000630010.001/swg.fits[1]
scw/1140/114000670010.001/swg.fits[1]
scw/1140/114000680010.001/swg.fits[1]
scw/1141/114100540010.001/swg.fits[1]
scw/1141/114100580010.001/swg.fits[1]
scw/1145/114500130010.001/swg.fits[1]
scw/1145/114500150010.001/swg.fits[1]
scw/1145/114500160010.001/swg.fits[1]
scw/1145/114500170010.001/swg.fits[1]
scw/1145/114500230010.001/swg.fits[1]
scw/1145/114500730010.001/swg.fits[1]
scw/1145/114500740010.001/swg.fits[1]
scw/1145/114500800010.001/swg.fits[1]
scw/1146/114600050010.001/swg.fits[1]
scw/1146/114600060010.001/swg.fits[1]
scw/1146/114600070010.001/swg.fits[1]
scw/1146/114600080010.001/swg.fits[1]
scw/1146/114600090010.001/swg.fits[1]
scw/1146/114600150010.001/swg.fits[1]
scw/1146/114600730010.001/swg.fits[1]
scw/1146/114600740010.001/swg.fits[1]
scw/1146/114600790010.001/swg.fits[1]
scw/1146/114600800010.001/swg.fits[1]
scw/1147/114700550010.001/swg.fits[1]
scw/1147/114700570010.001/swg.fits[1]
scw/1147/114700580010.001/swg.fits[1]
scw/1147/114700590010.001/swg.fits[1]
scw/1147/114700640010.001/swg.fits[1]
scw/1147/114700650010.001/swg.fits[1]
scw/1153/115300490010.001/swg.fits[1]
scw/1153/115300500010.001/swg.fits[1]
scw/1153/115300550010.001/swg.fits[1]
scw/1153/115300560010.001/swg.fits[1]
scw/1153/115300570010.001/swg.fits[1]
scw/1153/115300920010.001/swg.fits[1]
scw/1153/115300960010.001/swg.fits[1]
scw/1153/115300970010.001/swg.fits[1]
scw/1153/115301010010.001/swg.fits[1]
scw/1153/115301020010.001/swg.fits[1]
scw/1153/115301030010.001/swg.fits[1]
scw/1155/115500900010.001/swg.fits[1]
scw/1155/115500940010.001/swg.fits[1]
scw/1155/115500950010.001/swg.fits[1]
scw/1155/115501000010.001/swg.fits[1]
scw/1155/115501010010.001/swg.fits[1]
scw/1203/120300710010.001/swg.fits[1]
scw/1203/120300800010.001/swg.fits[1]
scw/1207/120700430010.001/swg.fits[1]
scw/1207/120700520010.001/swg.fits[1]
scw/1207/120700590010.001/swg.fits[1]
scw/1208/120800330010.001/swg.fits[1]
scw/1208/120800350010.001/swg.fits[1]
scw/1208/120800360010.001/swg.fits[1]
scw/1208/120800370010.001/swg.fits[1]
scw/1208/120800420010.001/swg.fits[1]
scw/1208/120800430010.001/swg.fits[1]
scw/1208/120800440010.001/swg.fits[1]
scw/1208/120800460010.001/swg.fits[1]
scw/1208/120800930010.001/swg.fits[1]
scw/1208/120800980010.001/swg.fits[1]
scw/1208/120801000010.001/swg.fits[1]
scw/1208/120801010010.001/swg.fits[1]
scw/1208/120801030010.001/swg.fits[1]
scw/1208/120801040010.001/swg.fits[1]
scw/1209/120900080010.001/swg.fits[1]
scw/1209/120900130010.001/swg.fits[1]
scw/1209/120900150010.001/swg.fits[1]
scw/1209/120900160010.001/swg.fits[1]
scw/1209/120900170010.001/swg.fits[1]
scw/1209/120900230010.001/swg.fits[1]
scw/1209/120900830010.001/swg.fits[1]
scw/1209/120900890010.001/swg.fits[1]
scw/1209/120900900010.001/swg.fits[1]
scw/1209/120900910010.001/swg.fits[1]
scw/1209/120900930010.001/swg.fits[1]
scw/1210/121000140010.001/swg.fits[1]
scw/1210/121000150010.001/swg.fits[1]
scw/1210/121000170010.001/swg.fits[1]
scw/1210/121000180010.001/swg.fits[1]
scw/1210/121000250010.001/swg.fits[1]
scw/1210/121000750010.001/swg.fits[1]
scw/1210/121000810010.001/swg.fits[1]
scw/1210/121000820010.001/swg.fits[1]
scw/1210/121000830010.001/swg.fits[1]
scw/1210/121000840010.001/swg.fits[1]
scw/1210/121000850010.001/swg.fits[1]
scw/1218/121800600010.001/swg.fits[1]
scw/1218/121800610010.001/swg.fits[1]
scw/1218/121800620010.001/swg.fits[1]
scw/1218/121800630010.001/swg.fits[1]
scw/1218/121800640010.001/swg.fits[1]
scw/1218/121800700010.001/swg.fits[1]
scw/1219/121900230010.001/swg.fits[1]
scw/1219/121900290010.001/swg.fits[1]
scw/1219/121900300010.001/swg.fits[1]
scw/1219/121900310010.001/swg.fits[1]
scw/1219/121900330010.001/swg.fits[1]
scw/1219/121900660010.001/swg.fits[1]
scw/1219/121900670010.001/swg.fits[1]
scw/1219/121900700010.001/swg.fits[1]
scw/1219/121900710010.001/swg.fits[1]
scw/1219/121900770010.001/swg.fits[1]
scw/1220/122000130010.001/swg.fits[1]
scw/1220/122000140010.001/swg.fits[1]
scw/1220/122000190010.001/swg.fits[1]
scw/1220/122000200010.001/swg.fits[1]
scw/1220/122000240010.001/swg.fits[1]
scw/1220/122000560010.001/swg.fits[1]
scw/1220/122000600010.001/swg.fits[1]
scw/1220/122000610010.001/swg.fits[1]
scw/1220/122000660010.001/swg.fits[1]
scw/1220/122000670010.001/swg.fits[1]
scw/1259/125900060010.001/swg.fits[1]
scw/1259/125900070010.001/swg.fits[1]
scw/1260/126000430010.001/swg.fits[1]
scw/1260/126000440010.001/swg.fits[1]
scw/1261/126100770010.001/swg.fits[1]
scw/1261/126100780010.001/swg.fits[1]
scw/1261/126100790010.001/swg.fits[1]
scw/1262/126200100010.001/swg.fits[1]
scw/1262/126200110010.001/swg.fits[1]
scw/1262/126200120010.001/swg.fits[1]
scw/1262/126200130010.001/swg.fits[1]
scw/1265/126500110010.001/swg.fits[1]
scw/1265/126500130010.001/swg.fits[1]
scw/1265/126500140010.001/swg.fits[1]
scw/1265/126500150010.001/swg.fits[1]
scw/1265/126500200010.001/swg.fits[1]
scw/1265/126500210010.001/swg.fits[1]
scw/1265/126500220010.001/swg.fits[1]
scw/1265/126500850010.001/swg.fits[1]
scw/1265/126500860010.001/swg.fits[1]
scw/1265/126500870010.001/swg.fits[1]
scw/1265/126500890010.001/swg.fits[1]
scw/1265/126500900010.001/swg.fits[1]
scw/1266/126600130010.001/swg.fits[1]
scw/1266/126600150010.001/swg.fits[1]
scw/1266/126600160010.001/swg.fits[1]
scw/1266/126600170010.001/swg.fits[1]
scw/1266/126600230010.001/swg.fits[1]
scw/1266/126600730010.001/swg.fits[1]
scw/1266/126600740010.001/swg.fits[1]
scw/1266/126600790010.001/swg.fits[1]
scw/1266/126600800010.001/swg.fits[1]
scw/1267/126700120010.001/swg.fits[1]
scw/1267/126700130010.001/swg.fits[1]
scw/1267/126700140010.001/swg.fits[1]
scw/1267/126700150010.001/swg.fits[1]
scw/1267/126700210010.001/swg.fits[1]
scw/1267/126700790010.001/swg.fits[1]
scw/1267/126700800010.001/swg.fits[1]
scw/1267/126700850010.001/swg.fits[1]
scw/1267/126700860010.001/swg.fits[1]
scw/1271/127100130010.001/swg.fits[1]
scw/1271/127100150010.001/swg.fits[1]
scw/1271/127100160010.001/swg.fits[1]
scw/1271/127100170010.001/swg.fits[1]
scw/1271/127100220010.001/swg.fits[1]
scw/1271/127100230010.001/swg.fits[1]
scw/1271/127100730010.001/swg.fits[1]
scw/1271/127100790010.001/swg.fits[1]
scw/1271/127100800010.001/swg.fits[1]
scw/1271/127100810010.001/swg.fits[1]
scw/1271/127100830010.001/swg.fits[1]
scw/1274/127400350010.001/swg.fits[1]
scw/1274/127400370010.001/swg.fits[1]
scw/1274/127400380010.001/swg.fits[1]
scw/1274/127400440010.001/swg.fits[1]
scw/1274/127400450010.001/swg.fits[1]
scw/1274/127400460010.001/swg.fits[1]
scw/1274/127400760010.001/swg.fits[1]
scw/1274/127400770010.001/swg.fits[1]
scw/1274/127400820010.001/swg.fits[1]
scw/1274/127400830010.001/swg.fits[1]
scw/1330/133000510010.001/swg.fits[1]
scw/1332/133200500010.001/swg.fits[1]
scw/1332/133200510010.001/swg.fits[1]
scw/1335/133500080010.001/swg.fits[1]
scw/1335/133500100010.001/swg.fits[1]
scw/1336/133600080010.001/swg.fits[1]
scw/1336/133600090010.001/swg.fits[1]
scw/1336/133600100010.001/swg.fits[1]
