scw/0374/037400330010.001/swg.fits[1]
scw/0375/037500390010.001/swg.fits[1]
scw/0375/037500440010.001/swg.fits[1]
scw/0402/040200240010.001/swg.fits[1]
scw/0402/040200280010.001/swg.fits[1]
scw/0402/040200290010.001/swg.fits[1]
scw/0402/040200300010.001/swg.fits[1]
scw/0402/040200330010.001/swg.fits[1]
scw/0403/040300060010.001/swg.fits[1]
scw/0403/040300070010.001/swg.fits[1]
scw/0403/040300080010.001/swg.fits[1]
scw/0403/040300090010.001/swg.fits[1]
scw/0403/040300100010.001/swg.fits[1]
scw/0403/040300110010.001/swg.fits[1]
scw/0403/040300160010.001/swg.fits[1]
scw/0403/040300170010.001/swg.fits[1]
scw/0403/040300200010.001/swg.fits[1]
scw/0403/040300210010.001/swg.fits[1]
scw/0403/040300570010.001/swg.fits[1]
scw/0403/040300590010.001/swg.fits[1]
scw/0403/040300600010.001/swg.fits[1]
scw/0403/040300610010.001/swg.fits[1]
scw/0404/040400090010.001/swg.fits[1]
scw/0404/040400100010.001/swg.fits[1]
scw/0404/040400110010.001/swg.fits[1]
scw/0404/040400130010.001/swg.fits[1]
scw/0404/040400140010.001/swg.fits[1]
scw/0524/052400240010.001/swg.fits[1]
scw/0524/052400330010.001/swg.fits[1]
scw/0525/052500630010.001/swg.fits[1]
scw/0525/052500720010.001/swg.fits[1]
scw/0525/052500730010.001/swg.fits[1]
scw/0526/052600530010.001/swg.fits[1]
scw/0527/052700450010.001/swg.fits[1]
scw/2320/232000220010.001/swg.fits[1]
scw/2320/232000240010.001/swg.fits[1]
scw/2320/232000250010.001/swg.fits[1]
