scw/0767/076700260010.001/swg.fits[1]
scw/0780/078000430010.001/swg.fits[1]
scw/0886/088600100010.001/swg.fits[1]
scw/0886/088600110010.001/swg.fits[1]
scw/0886/088600130010.001/swg.fits[1]
scw/0891/089100290010.001/swg.fits[1]
scw/0891/089100300010.001/swg.fits[1]
scw/0891/089100310010.001/swg.fits[1]
scw/0891/089100490010.001/swg.fits[1]
scw/0891/089100500010.001/swg.fits[1]
scw/0891/089100510010.001/swg.fits[1]
scw/1009/100900310010.001/swg.fits[1]
scw/1009/100900320010.001/swg.fits[1]
scw/1009/100900340010.001/swg.fits[1]
scw/1009/100900920010.001/swg.fits[1]
scw/1009/100900940010.001/swg.fits[1]
scw/1009/100900960010.001/swg.fits[1]
scw/1010/101000100010.001/swg.fits[1]
scw/1010/101000110010.001/swg.fits[1]
scw/1010/101000130010.001/swg.fits[1]
scw/1010/101000670010.001/swg.fits[1]
scw/1010/101000680010.001/swg.fits[1]
scw/1010/101000690010.001/swg.fits[1]
scw/1135/113500250010.001/swg.fits[1]
scw/1135/113500260010.001/swg.fits[1]
scw/1135/113500270010.001/swg.fits[1]
scw/1193/119300100010.001/swg.fits[1]
scw/1193/119300110010.001/swg.fits[1]
scw/1193/119300700010.001/swg.fits[1]
scw/1193/119300710010.001/swg.fits[1]
scw/1255/125500510010.001/swg.fits[1]
scw/1255/125500520010.001/swg.fits[1]
scw/1255/125500530010.001/swg.fits[1]
