scw/0047/004700170010.001/swg.fits[1]
scw/0717/071700040010.001/swg.fits[1]
scw/0717/071700480010.001/swg.fits[1]
scw/0717/071700490010.001/swg.fits[1]
scw/0717/071700540010.001/swg.fits[1]
scw/0837/083700120010.001/swg.fits[1]
scw/0837/083700130010.001/swg.fits[1]
scw/0837/083700140010.001/swg.fits[1]
scw/0837/083700180010.001/swg.fits[1]
scw/0837/083700190010.001/swg.fits[1]
scw/0837/083700220010.001/swg.fits[1]
scw/0837/083700230010.001/swg.fits[1]
scw/0837/083700280010.001/swg.fits[1]
scw/0837/083700290010.001/swg.fits[1]
scw/0837/083700320010.001/swg.fits[1]
scw/0837/083700590010.001/swg.fits[1]
scw/0837/083700600010.001/swg.fits[1]
scw/0837/083700620010.001/swg.fits[1]
scw/0837/083700630010.001/swg.fits[1]
scw/0853/085300460010.001/swg.fits[1]
scw/0853/085300470010.001/swg.fits[1]
scw/0853/085300500010.001/swg.fits[1]
scw/0853/085300510010.001/swg.fits[1]
scw/0853/085300560010.001/swg.fits[1]
scw/0853/085300570010.001/swg.fits[1]
scw/0853/085300600010.001/swg.fits[1]
scw/0854/085400090010.001/swg.fits[1]
scw/0854/085400100010.001/swg.fits[1]
scw/0854/085400130010.001/swg.fits[1]
scw/0854/085400140010.001/swg.fits[1]
scw/1141/114100170010.001/swg.fits[1]
scw/2012/201200130010.001/swg.fits[1]
scw/2012/201200140010.001/swg.fits[1]
scw/2012/201200150010.001/swg.fits[1]
scw/2012/201200160010.001/swg.fits[1]
scw/2012/201200170010.001/swg.fits[1]
scw/2012/201200180010.001/swg.fits[1]
scw/2271/227100040010.001/swg.fits[1]
