scw/0825/082500480010.001/swg.fits[1]
scw/0826/082600350010.001/swg.fits[1]
scw/0826/082600360010.001/swg.fits[1]
scw/0827/082700140010.001/swg.fits[1]
scw/0828/082800030010.001/swg.fits[1]
scw/0828/082800120010.001/swg.fits[1]
scw/0828/082800620010.001/swg.fits[1]
scw/0829/082900180010.001/swg.fits[1]
scw/0829/082900270010.001/swg.fits[1]
scw/0872/087200580010.001/swg.fits[1]
scw/0932/093200220010.001/swg.fits[1]
scw/1115/111500480010.001/swg.fits[1]
scw/1363/136300850010.001/swg.fits[1]
scw/1380/138000490010.001/swg.fits[1]
scw/1380/138000500010.001/swg.fits[1]
scw/1380/138000580010.001/swg.fits[1]
scw/1382/138200330010.001/swg.fits[1]
scw/1423/142300510010.001/swg.fits[1]
scw/2306/230600190010.001/swg.fits[1]
scw/2334/233400470010.001/swg.fits[1]
