scw/1176/117600330010.001/swg.fits[1]
scw/1176/117600340010.001/swg.fits[1]
scw/1176/117600350010.001/swg.fits[1]
scw/1177/117700080010.001/swg.fits[1]
scw/1177/117700090010.001/swg.fits[1]
scw/1177/117700100010.001/swg.fits[1]
scw/1177/117700110010.001/swg.fits[1]
scw/1177/117700170010.001/swg.fits[1]
scw/1177/117700180010.001/swg.fits[1]
scw/1177/117700190010.001/swg.fits[1]
scw/1184/118400350010.001/swg.fits[1]
scw/1184/118400360010.001/swg.fits[1]
scw/1184/118400410010.001/swg.fits[1]
scw/1184/118400420010.001/swg.fits[1]
scw/1184/118400450010.001/swg.fits[1]
scw/1184/118400460010.001/swg.fits[1]
scw/1185/118500290010.001/swg.fits[1]
scw/1185/118500300010.001/swg.fits[1]
scw/1185/118500350010.001/swg.fits[1]
scw/1185/118500360010.001/swg.fits[1]
scw/1186/118600190010.001/swg.fits[1]
scw/1186/118600200010.001/swg.fits[1]
scw/1186/118600210010.001/swg.fits[1]
scw/1186/118600270010.001/swg.fits[1]
scw/1186/118600290010.001/swg.fits[1]
scw/1186/118600300010.001/swg.fits[1]
scw/1187/118700180010.001/swg.fits[1]
scw/1187/118700190010.001/swg.fits[1]
scw/1187/118700200010.001/swg.fits[1]
scw/1187/118700240010.001/swg.fits[1]
scw/1187/118700250010.001/swg.fits[1]
scw/1188/118800420010.001/swg.fits[1]
scw/1188/118800430010.001/swg.fits[1]
scw/1188/118800460010.001/swg.fits[1]
scw/1188/118800470010.001/swg.fits[1]
scw/1188/118800510010.001/swg.fits[1]
scw/1188/118800520010.001/swg.fits[1]
scw/1188/118800530010.001/swg.fits[1]
scw/1188/118800560010.001/swg.fits[1]
scw/1188/118800570010.001/swg.fits[1]
scw/1188/118800580010.001/swg.fits[1]
scw/1189/118900600010.001/swg.fits[1]
scw/1189/118900610010.001/swg.fits[1]
scw/1189/118900650010.001/swg.fits[1]
scw/1189/118900660010.001/swg.fits[1]
scw/1190/119000620010.001/swg.fits[1]
scw/1190/119000630010.001/swg.fits[1]
scw/1190/119000640010.001/swg.fits[1]
scw/1190/119000670010.001/swg.fits[1]
scw/1190/119000680010.001/swg.fits[1]
scw/1190/119000690010.001/swg.fits[1]
scw/1192/119200670010.001/swg.fits[1]
scw/1193/119300830010.001/swg.fits[1]
scw/1193/119300880010.001/swg.fits[1]
scw/1193/119300890010.001/swg.fits[1]
scw/1193/119300920010.001/swg.fits[1]
scw/1193/119300930010.001/swg.fits[1]
scw/1193/119300940010.001/swg.fits[1]
scw/1193/119300940020.001/swg.fits[1]
scw/1194/119400870010.001/swg.fits[1]
scw/1195/119500770010.001/swg.fits[1]
scw/1195/119500780010.001/swg.fits[1]
scw/1195/119500810010.001/swg.fits[1]
scw/1195/119500810020.001/swg.fits[1]
scw/1196/119600770010.001/swg.fits[1]
scw/1196/119600780010.001/swg.fits[1]
scw/1197/119700300010.001/swg.fits[1]
scw/1197/119700360010.001/swg.fits[1]
scw/1197/119700370010.001/swg.fits[1]
scw/1197/119700390010.001/swg.fits[1]
scw/1197/119700400010.001/swg.fits[1]
scw/1197/119700410010.001/swg.fits[1]
scw/1197/119700460010.001/swg.fits[1]
scw/1197/119700470010.001/swg.fits[1]
scw/1245/124500260010.001/swg.fits[1]
scw/1245/124500270010.001/swg.fits[1]
scw/1246/124600140010.001/swg.fits[1]
scw/1246/124600150010.001/swg.fits[1]
scw/1246/124600190010.001/swg.fits[1]
scw/1246/124600200010.001/swg.fits[1]
scw/1246/124600210010.001/swg.fits[1]
scw/1246/124600240010.001/swg.fits[1]
scw/1246/124600250010.001/swg.fits[1]
scw/1247/124700470010.001/swg.fits[1]
scw/1247/124700480010.001/swg.fits[1]
scw/1247/124700490010.001/swg.fits[1]
scw/1247/124700530010.001/swg.fits[1]
scw/1247/124700540010.001/swg.fits[1]
scw/1247/124700570010.001/swg.fits[1]
scw/1247/124700580010.001/swg.fits[1]
scw/1248/124800290010.001/swg.fits[1]
scw/1248/124800300010.001/swg.fits[1]
scw/1248/124800310010.001/swg.fits[1]
scw/1248/124800340010.001/swg.fits[1]
scw/1248/124800350010.001/swg.fits[1]
scw/1248/124800360010.001/swg.fits[1]
scw/1248/124800390010.001/swg.fits[1]
scw/1248/124800400010.001/swg.fits[1]
scw/1248/124800410010.001/swg.fits[1]
scw/1285/128500910010.001/swg.fits[1]
scw/1285/128500980010.001/swg.fits[1]
scw/1285/128500990010.001/swg.fits[1]
scw/1285/128501000010.001/swg.fits[1]
scw/1286/128600740010.001/swg.fits[1]
scw/1287/128700760010.001/swg.fits[1]
scw/1289/128900720010.001/swg.fits[1]
scw/1289/128900800010.001/swg.fits[1]
scw/1289/128900810010.001/swg.fits[1]
scw/1289/128900820010.001/swg.fits[1]
scw/1290/129000270010.001/swg.fits[1]
scw/1290/129000280010.001/swg.fits[1]
scw/1293/129300450010.001/swg.fits[1]
scw/1294/129400190010.001/swg.fits[1]
scw/1294/129400200010.001/swg.fits[1]
scw/1294/129400210010.001/swg.fits[1]
scw/1294/129400830010.001/swg.fits[1]
scw/1298/129800010010.001/swg.fits[1]
scw/1299/129900270010.001/swg.fits[1]
scw/1299/129900280010.001/swg.fits[1]
scw/1299/129900290010.001/swg.fits[1]
scw/1299/129900300010.001/swg.fits[1]
scw/1299/129900360010.001/swg.fits[1]
scw/1299/129900370010.001/swg.fits[1]
scw/1299/129900380010.001/swg.fits[1]
scw/1299/129900400010.001/swg.fits[1]
scw/1300/130000250010.001/swg.fits[1]
scw/1300/130000260010.001/swg.fits[1]
scw/1300/130000280010.001/swg.fits[1]
scw/1300/130000290010.001/swg.fits[1]
scw/1300/130000300010.001/swg.fits[1]
scw/1300/130000360010.001/swg.fits[1]
scw/1300/130000370010.001/swg.fits[1]
scw/1300/130000380010.001/swg.fits[1]
scw/1301/130100160010.001/swg.fits[1]
scw/1301/130100170010.001/swg.fits[1]
scw/1301/130100180010.001/swg.fits[1]
scw/1301/130100190010.001/swg.fits[1]
scw/1301/130100250010.001/swg.fits[1]
scw/1301/130100260010.001/swg.fits[1]
scw/1301/130100270010.001/swg.fits[1]
scw/1301/130100280010.001/swg.fits[1]
scw/1301/130100290010.001/swg.fits[1]
scw/1301/130100300010.001/swg.fits[1]
scw/1302/130200160010.001/swg.fits[1]
scw/1302/130200170010.001/swg.fits[1]
scw/1302/130200180010.001/swg.fits[1]
scw/1302/130200250010.001/swg.fits[1]
scw/1302/130200260010.001/swg.fits[1]
scw/1302/130200270010.001/swg.fits[1]
scw/1302/130200280010.001/swg.fits[1]
scw/1302/130200290010.001/swg.fits[1]
scw/1303/130300130010.001/swg.fits[1]
scw/1303/130300140010.001/swg.fits[1]
scw/1303/130300160010.001/swg.fits[1]
scw/1303/130300170010.001/swg.fits[1]
scw/1303/130300180010.001/swg.fits[1]
scw/1303/130300230010.001/swg.fits[1]
scw/1303/130300240010.001/swg.fits[1]
scw/1303/130300250010.001/swg.fits[1]
scw/1303/130300270010.001/swg.fits[1]
scw/1304/130400500010.001/swg.fits[1]
scw/1304/130400510010.001/swg.fits[1]
scw/1304/130400520010.001/swg.fits[1]
scw/1304/130400530010.001/swg.fits[1]
scw/1304/130400590010.001/swg.fits[1]
scw/1304/130400600010.001/swg.fits[1]
scw/1306/130600110010.001/swg.fits[1]
scw/1306/130600120010.001/swg.fits[1]
scw/1306/130600170010.001/swg.fits[1]
scw/1306/130600180010.001/swg.fits[1]
scw/1306/130600210010.001/swg.fits[1]
scw/1306/130600220010.001/swg.fits[1]
scw/1307/130700080010.001/swg.fits[1]
scw/1307/130700090010.001/swg.fits[1]
scw/1307/130700140010.001/swg.fits[1]
scw/1307/130700150010.001/swg.fits[1]
scw/1309/130900550010.001/swg.fits[1]
scw/1309/130900560010.001/swg.fits[1]
scw/1309/130900570010.001/swg.fits[1]
scw/1309/130900610010.001/swg.fits[1]
scw/1309/130900620010.001/swg.fits[1]
scw/1309/130900650010.001/swg.fits[1]
scw/1309/130900660010.001/swg.fits[1]
scw/1313/131300890010.001/swg.fits[1]
scw/1313/131300920010.001/swg.fits[1]
scw/1313/131300930010.001/swg.fits[1]
scw/1314/131400150010.001/swg.fits[1]
scw/1314/131400160010.001/swg.fits[1]
scw/1315/131500030010.001/swg.fits[1]
scw/1315/131500040010.001/swg.fits[1]
scw/1315/131500050010.001/swg.fits[1]
scw/1315/131500080010.001/swg.fits[1]
scw/1315/131500090010.001/swg.fits[1]
scw/1315/131500140010.001/swg.fits[1]
scw/1315/131500150010.001/swg.fits[1]
scw/1365/136500260010.001/swg.fits[1]
scw/1365/136500280010.001/swg.fits[1]
scw/1365/136500290010.001/swg.fits[1]
scw/1365/136500300010.001/swg.fits[1]
scw/1365/136500360010.001/swg.fits[1]
scw/1365/136500380010.001/swg.fits[1]
scw/1365/136500390010.001/swg.fits[1]
scw/1365/136500400010.001/swg.fits[1]
scw/1366/136600330010.001/swg.fits[1]
scw/1366/136600500010.001/swg.fits[1]
scw/1366/136600510010.001/swg.fits[1]
