scw/0766/076600170010.001/swg.fits[1]
scw/0767/076700160010.001/swg.fits[1]
scw/0767/076700170010.001/swg.fits[1]
scw/0767/076700180010.001/swg.fits[1]
scw/0887/088700160010.001/swg.fits[1]
scw/0887/088700170010.001/swg.fits[1]
scw/0887/088700360010.001/swg.fits[1]
scw/1714/171400060010.001/swg.fits[1]
scw/1714/171400470010.001/swg.fits[1]
scw/1714/171400480010.001/swg.fits[1]
scw/1852/185200190010.001/swg.fits[1]
scw/1852/185200200010.001/swg.fits[1]
scw/1852/185200210010.001/swg.fits[1]
scw/1852/185200220010.001/swg.fits[1]
scw/1852/185200490010.001/swg.fits[1]
scw/1852/185200500010.001/swg.fits[1]
scw/1852/185200510010.001/swg.fits[1]
scw/1852/185200520010.001/swg.fits[1]
scw/1852/185200690010.001/swg.fits[1]
scw/1852/185200710010.001/swg.fits[1]
scw/1852/185200720010.001/swg.fits[1]
scw/1852/185200730010.001/swg.fits[1]
scw/1853/185300100010.001/swg.fits[1]
scw/1853/185300110010.001/swg.fits[1]
scw/1853/185300120010.001/swg.fits[1]
scw/1853/185300130010.001/swg.fits[1]
scw/1853/185300400010.001/swg.fits[1]
scw/1853/185300410010.001/swg.fits[1]
scw/1853/185300420010.001/swg.fits[1]
scw/1853/185300430010.001/swg.fits[1]
scw/1853/185300600010.001/swg.fits[1]
scw/1853/185300620010.001/swg.fits[1]
scw/1853/185300630010.001/swg.fits[1]
scw/1853/185300640010.001/swg.fits[1]
