scw/0729/072900890010.001/swg.fits[1]
scw/0729/072900900010.001/swg.fits[1]
scw/0730/073000790010.001/swg.fits[1]
scw/0730/073000800010.001/swg.fits[1]
scw/0737/073700130010.001/swg.fits[1]
scw/0737/073700140010.001/swg.fits[1]
scw/0737/073700700010.001/swg.fits[1]
scw/0737/073700710010.001/swg.fits[1]
scw/0737/073700790010.001/swg.fits[1]
scw/0737/073700810010.001/swg.fits[1]
scw/0789/078900660010.001/swg.fits[1]
scw/0789/078900670010.001/swg.fits[1]
scw/0789/078900680010.001/swg.fits[1]
scw/0793/079300150010.001/swg.fits[1]
scw/0793/079300170010.001/swg.fits[1]
scw/0793/079300180010.001/swg.fits[1]
scw/0794/079400440010.001/swg.fits[1]
scw/0794/079400450010.001/swg.fits[1]
scw/0794/079400460010.001/swg.fits[1]
scw/0852/085200370010.001/swg.fits[1]
scw/0852/085200380010.001/swg.fits[1]
scw/0853/085300130010.001/swg.fits[1]
scw/0853/085300140010.001/swg.fits[1]
scw/0855/085500680010.001/swg.fits[1]
scw/0857/085700480010.001/swg.fits[1]
scw/0858/085800480010.001/swg.fits[1]
scw/0860/086000460010.001/swg.fits[1]
scw/0861/086100540010.001/swg.fits[1]
scw/0863/086300200010.001/swg.fits[1]
scw/2015/201500480010.001/swg.fits[1]
scw/2016/201600800010.001/swg.fits[1]
scw/2017/201700300010.001/swg.fits[1]
scw/2019/201900080010.001/swg.fits[1]
scw/2020/202000080010.001/swg.fits[1]
scw/2020/202000820010.001/swg.fits[1]
scw/2021/202100620010.001/swg.fits[1]
scw/2022/202200300010.001/swg.fits[1]
scw/2084/208400450010.001/swg.fits[1]
scw/2085/208500590010.001/swg.fits[1]
scw/2086/208600370010.001/swg.fits[1]
scw/2087/208700580010.001/swg.fits[1]
scw/2088/208800370010.001/swg.fits[1]
scw/2089/208900430010.001/swg.fits[1]
scw/2089/208900910010.001/swg.fits[1]
scw/2090/209000490010.001/swg.fits[1]
scw/2092/209200220010.001/swg.fits[1]
scw/2092/209200230010.001/swg.fits[1]
scw/2092/209200260010.001/swg.fits[1]
scw/2092/209200270010.001/swg.fits[1]
scw/2092/209200480010.001/swg.fits[1]
scw/2092/209200490010.001/swg.fits[1]
scw/2092/209200520010.001/swg.fits[1]
scw/2092/209200530010.001/swg.fits[1]
