scw/0338/033800240010.001/swg.fits[1]
scw/0452/045200360010.001/swg.fits[1]
scw/0456/045600280010.001/swg.fits[1]
scw/0456/045600290010.001/swg.fits[1]
scw/0457/045700370010.001/swg.fits[1]
scw/0457/045700380010.001/swg.fits[1]
scw/0570/057000310010.001/swg.fits[1]
scw/0570/057000330010.001/swg.fits[1]
scw/0571/057100220010.001/swg.fits[1]
scw/0572/057200170010.001/swg.fits[1]
scw/0572/057200200010.001/swg.fits[1]
scw/0573/057300130010.001/swg.fits[1]
scw/0695/069500280010.001/swg.fits[1]
scw/0695/069500290010.001/swg.fits[1]
scw/0696/069600320010.001/swg.fits[1]
scw/0696/069600330010.001/swg.fits[1]
scw/0698/069800150010.001/swg.fits[1]
scw/0698/069800170010.001/swg.fits[1]
scw/0699/069900270010.001/swg.fits[1]
scw/0700/070000390010.001/swg.fits[1]
scw/0701/070100020010.001/swg.fits[1]
scw/1259/125900120010.001/swg.fits[1]
