scw/1239/123900330010.001/swg.fits[1]
scw/1239/123900370010.001/swg.fits[1]
scw/1239/123900380010.001/swg.fits[1]
scw/1239/123900390010.001/swg.fits[1]
scw/1239/123900520010.001/swg.fits[1]
scw/1239/123900530010.001/swg.fits[1]
scw/1239/123900580010.001/swg.fits[1]
scw/1240/124000220010.001/swg.fits[1]
scw/1240/124000230010.001/swg.fits[1]
scw/1240/124000240010.001/swg.fits[1]
scw/1241/124100300010.001/swg.fits[1]
scw/1241/124100310010.001/swg.fits[1]
scw/1241/124100360010.001/swg.fits[1]
scw/1241/124100360020.001/swg.fits[1]
scw/1241/124100370010.001/swg.fits[1]
scw/1241/124100610010.001/swg.fits[1]
scw/1241/124100660010.001/swg.fits[1]
scw/1244/124400710010.001/swg.fits[1]
scw/1244/124400840010.001/swg.fits[1]
scw/1254/125400290010.001/swg.fits[1]
scw/1254/125400300010.001/swg.fits[1]
scw/1254/125400310010.001/swg.fits[1]
scw/1254/125400330010.001/swg.fits[1]
scw/1347/134701010010.001/swg.fits[1]
scw/1347/134701060010.001/swg.fits[1]
scw/1347/134701070010.001/swg.fits[1]
scw/1348/134800780010.001/swg.fits[1]
scw/1348/134800790010.001/swg.fits[1]
scw/1348/134801040010.001/swg.fits[1]
scw/1349/134900650010.001/swg.fits[1]
scw/1349/134900660010.001/swg.fits[1]
scw/1349/134900690010.001/swg.fits[1]
scw/1349/134900700010.001/swg.fits[1]
scw/1349/134900750010.001/swg.fits[1]
scw/1349/134900800010.001/swg.fits[1]
scw/1349/134900810010.001/swg.fits[1]
scw/1350/135000740010.001/swg.fits[1]
scw/1350/135000780010.001/swg.fits[1]
scw/1350/135000790010.001/swg.fits[1]
scw/1350/135000890010.001/swg.fits[1]
scw/1350/135000900010.001/swg.fits[1]
scw/1350/135000930010.001/swg.fits[1]
scw/1350/135000940010.001/swg.fits[1]
scw/1351/135100250010.001/swg.fits[1]
scw/1351/135100300010.001/swg.fits[1]
scw/1351/135100350010.001/swg.fits[1]
scw/1351/135100400010.001/swg.fits[1]
scw/1351/135100450010.001/swg.fits[1]
scw/1351/135100460010.001/swg.fits[1]
scw/1352/135200020010.001/swg.fits[1]
scw/1353/135300950010.001/swg.fits[1]
scw/1353/135301000010.001/swg.fits[1]
scw/1354/135400930010.001/swg.fits[1]
scw/1354/135400970010.001/swg.fits[1]
scw/1354/135401020010.001/swg.fits[1]
scw/1355/135500760010.001/swg.fits[1]
scw/1355/135500770010.001/swg.fits[1]
scw/1355/135500810010.001/swg.fits[1]
scw/1356/135600810010.001/swg.fits[1]
scw/1356/135600860010.001/swg.fits[1]
scw/1356/135600870010.001/swg.fits[1]
scw/1356/135601000010.001/swg.fits[1]
scw/1356/135601010010.001/swg.fits[1]
scw/1357/135700630010.001/swg.fits[1]
scw/1357/135700880010.001/swg.fits[1]
scw/1357/135700930010.001/swg.fits[1]
scw/1358/135800020010.001/swg.fits[1]
scw/1358/135800060010.001/swg.fits[1]
scw/1358/135800150010.001/swg.fits[1]
scw/1358/135800160010.001/swg.fits[1]
scw/1358/135800210010.001/swg.fits[1]
scw/1358/135800220010.001/swg.fits[1]
scw/1358/135800460010.001/swg.fits[1]
scw/1358/135800470010.001/swg.fits[1]
scw/1358/135800510010.001/swg.fits[1]
scw/1358/135800610010.001/swg.fits[1]
scw/1358/135800660010.001/swg.fits[1]
scw/1358/135800670010.001/swg.fits[1]
scw/1359/135900650010.001/swg.fits[1]
scw/1359/135900690010.001/swg.fits[1]
scw/1359/135900700010.001/swg.fits[1]
scw/1359/135900710010.001/swg.fits[1]
scw/1359/135900840010.001/swg.fits[1]
scw/1359/135900850010.001/swg.fits[1]
scw/1359/135900890010.001/swg.fits[1]
scw/1359/135900900010.001/swg.fits[1]
scw/1360/136000030010.001/swg.fits[1]
scw/1360/136000040010.001/swg.fits[1]
scw/1360/136000050010.001/swg.fits[1]
scw/1360/136000090010.001/swg.fits[1]
scw/1360/136000330010.001/swg.fits[1]
scw/1360/136000340010.001/swg.fits[1]
scw/1360/136000390010.001/swg.fits[1]
scw/1360/136000400010.001/swg.fits[1]
scw/1360/136000530010.001/swg.fits[1]
scw/1360/136000540010.001/swg.fits[1]
scw/1360/136000590010.001/swg.fits[1]
scw/1360/136000840010.001/swg.fits[1]
scw/1361/136100030010.001/swg.fits[1]
scw/1361/136100040010.001/swg.fits[1]
scw/1361/136100050010.001/swg.fits[1]
scw/1361/136100180010.001/swg.fits[1]
scw/1361/136100190010.001/swg.fits[1]
scw/1361/136100240010.001/swg.fits[1]
scw/1361/136100250010.001/swg.fits[1]
scw/1361/136100490010.001/swg.fits[1]
scw/1361/136100500010.001/swg.fits[1]
scw/1361/136100540010.001/swg.fits[1]
scw/1361/136100550010.001/swg.fits[1]
scw/1361/136100640010.001/swg.fits[1]
scw/1361/136100680010.001/swg.fits[1]
scw/1361/136100690010.001/swg.fits[1]
scw/1361/136100700010.001/swg.fits[1]
scw/1361/136100740010.001/swg.fits[1]
scw/1362/136200120010.001/swg.fits[1]
scw/1362/136200160010.001/swg.fits[1]
scw/1362/136200170010.001/swg.fits[1]
scw/1362/136200180010.001/swg.fits[1]
scw/1362/136200310010.001/swg.fits[1]
scw/1362/136200320010.001/swg.fits[1]
scw/1362/136200370010.001/swg.fits[1]
scw/1363/136300270010.001/swg.fits[1]
scw/1363/136300280010.001/swg.fits[1]
scw/1363/136300290010.001/swg.fits[1]
scw/1363/136300310010.001/swg.fits[1]
scw/1363/136300410010.001/swg.fits[1]
scw/1363/136300420010.001/swg.fits[1]
scw/1363/136300470010.001/swg.fits[1]
scw/1363/136300480010.001/swg.fits[1]
scw/1363/136300720010.001/swg.fits[1]
scw/1363/136300770010.001/swg.fits[1]
scw/1363/136300780010.001/swg.fits[1]
scw/1363/136300810010.001/swg.fits[1]
scw/1380/138000170010.001/swg.fits[1]
scw/1380/138000190010.001/swg.fits[1]
scw/1380/138000200010.001/swg.fits[1]
scw/1380/138000210010.001/swg.fits[1]
scw/1380/138000290010.001/swg.fits[1]
scw/1380/138000300010.001/swg.fits[1]
scw/1380/138000370010.001/swg.fits[1]
scw/1380/138000380010.001/swg.fits[1]
scw/1380/138000670010.001/swg.fits[1]
scw/1380/138000690010.001/swg.fits[1]
scw/1380/138000700010.001/swg.fits[1]
scw/1381/138100150010.001/swg.fits[1]
scw/1381/138100170010.001/swg.fits[1]
scw/1381/138100180010.001/swg.fits[1]
scw/1381/138100190010.001/swg.fits[1]
scw/1381/138100280010.001/swg.fits[1]
scw/1381/138100340010.001/swg.fits[1]
scw/1381/138100350010.001/swg.fits[1]
scw/1381/138100360010.001/swg.fits[1]
scw/1382/138200010010.001/swg.fits[1]
scw/1382/138200030010.001/swg.fits[1]
scw/1382/138200040010.001/swg.fits[1]
scw/1382/138200120010.001/swg.fits[1]
scw/1382/138200130010.001/swg.fits[1]
scw/1382/138200140010.001/swg.fits[1]
scw/1382/138200210010.001/swg.fits[1]
scw/1382/138200220010.001/swg.fits[1]
scw/1382/138200240010.001/swg.fits[1]
scw/1382/138200500010.001/swg.fits[1]
scw/1382/138200510010.001/swg.fits[1]
scw/1382/138200540010.001/swg.fits[1]
scw/1382/138200550010.001/swg.fits[1]
scw/1383/138300400010.001/swg.fits[1]
scw/1383/138300410010.001/swg.fits[1]
scw/1383/138300420010.001/swg.fits[1]
scw/1383/138300440010.001/swg.fits[1]
scw/1383/138300610010.001/swg.fits[1]
scw/1383/138300620010.001/swg.fits[1]
scw/1383/138300640010.001/swg.fits[1]
scw/1384/138400170010.001/swg.fits[1]
scw/1384/138400180010.001/swg.fits[1]
scw/1384/138400190010.001/swg.fits[1]
scw/1384/138400200010.001/swg.fits[1]
scw/1384/138400370010.001/swg.fits[1]
scw/1384/138400380010.001/swg.fits[1]
scw/1384/138400400010.001/swg.fits[1]
scw/1385/138500160010.001/swg.fits[1]
scw/1385/138500170010.001/swg.fits[1]
scw/1385/138500200010.001/swg.fits[1]
scw/1385/138500370010.001/swg.fits[1]
scw/1385/138500380010.001/swg.fits[1]
scw/1385/138500400010.001/swg.fits[1]
scw/1385/138500410010.001/swg.fits[1]
scw/1385/138500660010.001/swg.fits[1]
scw/1385/138500670010.001/swg.fits[1]
scw/1385/138500680010.001/swg.fits[1]
scw/1385/138500680020.001/swg.fits[1]
scw/1386/138600010010.001/swg.fits[1]
scw/1386/138600020010.001/swg.fits[1]
scw/1386/138600150010.001/swg.fits[1]
scw/1388/138800140010.001/swg.fits[1]
scw/1388/138800150010.001/swg.fits[1]
scw/1388/138800170010.001/swg.fits[1]
scw/1388/138800180010.001/swg.fits[1]
scw/1388/138800280010.001/swg.fits[1]
scw/1388/138800340010.001/swg.fits[1]
scw/1388/138800350010.001/swg.fits[1]
scw/1389/138900040010.001/swg.fits[1]
scw/1389/138900060010.001/swg.fits[1]
scw/1389/138900070010.001/swg.fits[1]
scw/1389/138900170010.001/swg.fits[1]
scw/1389/138900240010.001/swg.fits[1]
scw/1389/138900470010.001/swg.fits[1]
scw/1390/139000090010.001/swg.fits[1]
scw/1390/139000100010.001/swg.fits[1]
scw/1390/139000130010.001/swg.fits[1]
scw/1390/139000230010.001/swg.fits[1]
scw/1390/139000300010.001/swg.fits[1]
scw/1390/139000330010.001/swg.fits[1]
scw/1390/139000340010.001/swg.fits[1]
