scw/0372/037200230010.001/swg.fits[1]
scw/0372/037200730010.001/swg.fits[1]
scw/0372/037200740010.001/swg.fits[1]
scw/2373/237300290010.001/swg.fits[1]
scw/2373/237300300010.001/swg.fits[1]
scw/2373/237300370010.001/swg.fits[1]
scw/2373/237300380010.001/swg.fits[1]
scw/2374/237400600010.001/swg.fits[1]
scw/2374/237400610010.001/swg.fits[1]
scw/2375/237500100010.001/swg.fits[1]
scw/2375/237500110010.001/swg.fits[1]
scw/2375/237500120010.001/swg.fits[1]
scw/2375/237500130010.001/swg.fits[1]
scw/2376/237600300010.001/swg.fits[1]
scw/2376/237600310010.001/swg.fits[1]
scw/2377/237700100010.001/swg.fits[1]
scw/2377/237700110010.001/swg.fits[1]
scw/2377/237700160010.001/swg.fits[1]
scw/2377/237700170010.001/swg.fits[1]
scw/2377/237700180010.001/swg.fits[1]
scw/2377/237700190010.001/swg.fits[1]
scw/2377/237700200010.001/swg.fits[1]
scw/2378/237800070010.001/swg.fits[1]
scw/2378/237800080010.001/swg.fits[1]
scw/2379/237900180010.001/swg.fits[1]
scw/2379/237900190010.001/swg.fits[1]
scw/2379/237900200010.001/swg.fits[1]
scw/2379/237900250010.001/swg.fits[1]
scw/2379/237900260010.001/swg.fits[1]
scw/2379/237900270010.001/swg.fits[1]
