scw/2107/210700330010.001/swg.fits[1]
scw/2107/210700340010.001/swg.fits[1]
scw/2107/210700420010.001/swg.fits[1]
scw/2107/210700430010.001/swg.fits[1]
scw/2107/210700440010.001/swg.fits[1]
scw/2107/210700510010.001/swg.fits[1]
scw/2107/210700520010.001/swg.fits[1]
scw/2107/210700540010.001/swg.fits[1]
scw/2107/210700540020.001/swg.fits[1]
scw/2108/210800320010.001/swg.fits[1]
scw/2108/210800340010.001/swg.fits[1]
scw/2108/210800350010.001/swg.fits[1]
scw/2108/210800360010.001/swg.fits[1]
scw/2108/210800420010.001/swg.fits[1]
scw/2108/210800510010.001/swg.fits[1]
scw/2108/210800520010.001/swg.fits[1]
scw/2109/210900570010.001/swg.fits[1]
scw/2109/210900580010.001/swg.fits[1]
scw/2109/210900590010.001/swg.fits[1]
scw/2110/211000160010.001/swg.fits[1]
scw/2110/211000170010.001/swg.fits[1]
scw/2110/211000240010.001/swg.fits[1]
scw/2110/211000250010.001/swg.fits[1]
scw/2110/211000260010.001/swg.fits[1]
scw/2110/211000270010.001/swg.fits[1]
scw/2110/211000340010.001/swg.fits[1]
scw/2110/211000350010.001/swg.fits[1]
scw/2110/211000360010.001/swg.fits[1]
scw/2110/211000370010.001/swg.fits[1]
scw/2110/211000380010.001/swg.fits[1]
scw/2110/211000450010.001/swg.fits[1]
scw/2111/211100200010.001/swg.fits[1]
scw/2111/211100210010.001/swg.fits[1]
scw/2111/211100220010.001/swg.fits[1]
scw/2111/211100280010.001/swg.fits[1]
scw/2111/211100290010.001/swg.fits[1]
scw/2111/211100380010.001/swg.fits[1]
scw/2111/211100400010.001/swg.fits[1]
scw/2111/211100410010.001/swg.fits[1]
scw/2111/211100420010.001/swg.fits[1]
scw/2111/211100470010.001/swg.fits[1]
scw/2111/211100480010.001/swg.fits[1]
scw/2112/211200230010.001/swg.fits[1]
scw/2112/211200310010.001/swg.fits[1]
scw/2112/211200320010.001/swg.fits[1]
scw/2112/211200330010.001/swg.fits[1]
scw/2112/211200410010.001/swg.fits[1]
scw/2112/211200430010.001/swg.fits[1]
scw/2112/211200440010.001/swg.fits[1]
scw/2112/211200510010.001/swg.fits[1]
scw/2112/211200510020.001/swg.fits[1]
scw/2113/211300040010.001/swg.fits[1]
scw/2113/211300370010.001/swg.fits[1]
scw/2113/211300380010.001/swg.fits[1]
scw/2113/211300390010.001/swg.fits[1]
scw/2113/211300460010.001/swg.fits[1]
scw/2113/211300470010.001/swg.fits[1]
scw/2113/211300560010.001/swg.fits[1]
scw/2113/211300570010.001/swg.fits[1]
scw/2113/211300580010.001/swg.fits[1]
scw/2113/211300590010.001/swg.fits[1]
scw/2114/211400390010.001/swg.fits[1]
scw/2114/211400400010.001/swg.fits[1]
scw/2114/211400410010.001/swg.fits[1]
scw/2114/211400510010.001/swg.fits[1]
scw/2114/211400520010.001/swg.fits[1]
scw/2114/211400520020.001/swg.fits[1]
scw/2115/211500100010.001/swg.fits[1]
scw/2115/211500110010.001/swg.fits[1]
scw/2115/211500120010.001/swg.fits[1]
scw/2115/211500320010.001/swg.fits[1]
scw/2115/211500400010.001/swg.fits[1]
scw/2115/211500410010.001/swg.fits[1]
scw/2115/211500420010.001/swg.fits[1]
scw/2115/211500510010.001/swg.fits[1]
scw/2115/211500520010.001/swg.fits[1]
scw/2119/211900090010.001/swg.fits[1]
scw/2119/211900100010.001/swg.fits[1]
scw/2119/211900110010.001/swg.fits[1]
scw/2167/216700510010.001/swg.fits[1]
scw/2167/216700520010.001/swg.fits[1]
scw/2167/216700530010.001/swg.fits[1]
scw/2169/216900060010.001/swg.fits[1]
scw/2169/216900070010.001/swg.fits[1]
scw/2169/216900080010.001/swg.fits[1]
scw/2169/216900090010.001/swg.fits[1]
scw/2169/216900100010.001/swg.fits[1]
scw/2169/216900110010.001/swg.fits[1]
scw/2169/216900420010.001/swg.fits[1]
scw/2169/216900430010.001/swg.fits[1]
scw/2169/216900440010.001/swg.fits[1]
scw/2169/216900450010.001/swg.fits[1]
scw/2169/216900460010.001/swg.fits[1]
scw/2170/217000090010.001/swg.fits[1]
scw/2170/217000100010.001/swg.fits[1]
scw/2170/217000130010.001/swg.fits[1]
scw/2170/217000140010.001/swg.fits[1]
scw/2170/217000390010.001/swg.fits[1]
scw/2170/217000400010.001/swg.fits[1]
scw/2170/217000410010.001/swg.fits[1]
scw/2170/217000420010.001/swg.fits[1]
scw/2170/217000430010.001/swg.fits[1]
scw/2170/217000440010.001/swg.fits[1]
scw/2171/217100040010.001/swg.fits[1]
scw/2171/217100050010.001/swg.fits[1]
scw/2171/217100060010.001/swg.fits[1]
scw/2171/217100140010.001/swg.fits[1]
scw/2171/217100150010.001/swg.fits[1]
scw/2171/217100180010.001/swg.fits[1]
scw/2171/217100190010.001/swg.fits[1]
scw/2171/217100450010.001/swg.fits[1]
scw/2171/217100460010.001/swg.fits[1]
scw/2171/217100470010.001/swg.fits[1]
scw/2171/217100480010.001/swg.fits[1]
scw/2176/217600560010.001/swg.fits[1]
scw/2176/217600580010.001/swg.fits[1]
scw/2177/217700130010.001/swg.fits[1]
scw/2177/217700140010.001/swg.fits[1]
scw/2177/217700150010.001/swg.fits[1]
scw/2177/217700160010.001/swg.fits[1]
scw/2177/217700170010.001/swg.fits[1]
scw/2177/217700260010.001/swg.fits[1]
scw/2177/217700320010.001/swg.fits[1]
scw/2177/217700330010.001/swg.fits[1]
scw/2177/217700360010.001/swg.fits[1]
scw/2177/217700370010.001/swg.fits[1]
scw/2178/217800100010.001/swg.fits[1]
scw/2178/217800110010.001/swg.fits[1]
scw/2178/217800140010.001/swg.fits[1]
scw/2178/217800150010.001/swg.fits[1]
scw/2178/217800210010.001/swg.fits[1]
scw/2178/217800270010.001/swg.fits[1]
scw/2178/217800310010.001/swg.fits[1]
scw/2178/217800320010.001/swg.fits[1]
scw/2178/217800330010.001/swg.fits[1]
scw/2178/217800340010.001/swg.fits[1]
scw/2178/217800370010.001/swg.fits[1]
scw/2178/217800380010.001/swg.fits[1]
scw/2178/217800500010.001/swg.fits[1]
scw/2178/217800510010.001/swg.fits[1]
scw/2178/217800520010.001/swg.fits[1]
scw/2179/217900070010.001/swg.fits[1]
scw/2179/217900210010.001/swg.fits[1]
scw/2179/217900220010.001/swg.fits[1]
scw/2179/217900330010.001/swg.fits[1]
scw/2179/217900340010.001/swg.fits[1]
scw/2179/217900390010.001/swg.fits[1]
scw/2179/217900400010.001/swg.fits[1]
scw/2179/217900410010.001/swg.fits[1]
scw/2179/217900520010.001/swg.fits[1]
scw/2179/217900530010.001/swg.fits[1]
scw/2179/217900540010.001/swg.fits[1]
scw/2179/217900540020.001/swg.fits[1]
scw/2180/218000020010.001/swg.fits[1]
scw/2180/218000030010.001/swg.fits[1]
scw/2180/218000090010.001/swg.fits[1]
scw/2180/218000120010.001/swg.fits[1]
scw/2180/218000130010.001/swg.fits[1]
scw/2180/218000180010.001/swg.fits[1]
scw/2180/218000190010.001/swg.fits[1]
scw/2180/218000230010.001/swg.fits[1]
scw/2180/218000480010.001/swg.fits[1]
scw/2180/218000490010.001/swg.fits[1]
scw/2180/218000520010.001/swg.fits[1]
scw/2180/218000530010.001/swg.fits[1]
scw/2180/218000530020.001/swg.fits[1]
scw/2181/218100070010.001/swg.fits[1]
scw/2181/218100100010.001/swg.fits[1]
scw/2181/218100110010.001/swg.fits[1]
scw/2181/218100160010.001/swg.fits[1]
scw/2181/218100170010.001/swg.fits[1]
scw/2181/218100180010.001/swg.fits[1]
scw/2181/218100460010.001/swg.fits[1]
scw/2181/218100470010.001/swg.fits[1]
scw/2181/218100480010.001/swg.fits[1]
scw/2181/218100500010.001/swg.fits[1]
scw/2181/218100510010.001/swg.fits[1]
scw/2182/218200090010.001/swg.fits[1]
scw/2182/218200150010.001/swg.fits[1]
scw/2182/218200160010.001/swg.fits[1]
scw/2182/218200190010.001/swg.fits[1]
scw/2182/218200200010.001/swg.fits[1]
scw/2182/218200450010.001/swg.fits[1]
scw/2182/218200460010.001/swg.fits[1]
scw/2182/218200490010.001/swg.fits[1]
scw/2182/218200500010.001/swg.fits[1]
scw/2182/218200510010.001/swg.fits[1]
scw/2183/218300040010.001/swg.fits[1]
scw/2310/231000190010.001/swg.fits[1]
scw/2310/231000200010.001/swg.fits[1]
scw/2310/231000260010.001/swg.fits[1]
scw/2310/231000270010.001/swg.fits[1]
scw/2310/231000280010.001/swg.fits[1]
scw/2311/231100070010.001/swg.fits[1]
scw/2311/231100080010.001/swg.fits[1]
scw/2311/231100090010.001/swg.fits[1]
scw/2311/231100100010.001/swg.fits[1]
scw/2311/231100170010.001/swg.fits[1]
scw/2311/231100180010.001/swg.fits[1]
scw/2312/231200170010.001/swg.fits[1]
scw/2312/231200180010.001/swg.fits[1]
scw/2312/231200190010.001/swg.fits[1]
scw/2312/231200200010.001/swg.fits[1]
scw/2312/231200210010.001/swg.fits[1]
scw/2313/231300830010.001/swg.fits[1]
scw/2313/231300840010.001/swg.fits[1]
scw/2313/231300850010.001/swg.fits[1]
scw/2313/231300860010.001/swg.fits[1]
scw/2314/231400660010.001/swg.fits[1]
scw/2314/231400720010.001/swg.fits[1]
scw/2314/231400730010.001/swg.fits[1]
scw/2314/231400740010.001/swg.fits[1]
scw/2314/231400760010.001/swg.fits[1]
scw/2315/231500180010.001/swg.fits[1]
scw/2315/231500230010.001/swg.fits[1]
scw/2315/231500240010.001/swg.fits[1]
scw/2316/231600140010.001/swg.fits[1]
scw/2317/231700120010.001/swg.fits[1]
scw/2317/231700130010.001/swg.fits[1]
scw/2317/231700200010.001/swg.fits[1]
scw/2317/231700210010.001/swg.fits[1]
scw/2317/231700270010.001/swg.fits[1]
scw/2318/231800390010.001/swg.fits[1]
scw/2318/231800400010.001/swg.fits[1]
scw/2318/231800440010.001/swg.fits[1]
scw/2318/231800450010.001/swg.fits[1]
scw/2318/231800460010.001/swg.fits[1]
scw/2393/239300050010.001/swg.fits[1]
scw/2432/243200200010.001/swg.fits[1]
scw/2432/243200230010.001/swg.fits[1]
scw/2432/243200240010.001/swg.fits[1]
scw/2432/243200290010.001/swg.fits[1]
scw/2432/243200300010.001/swg.fits[1]
