scw/0401/040100200010.001/swg.fits[1]
scw/0401/040100290010.001/swg.fits[1]
scw/0401/040100300010.001/swg.fits[1]
scw/0711/071100130010.001/swg.fits[1]
scw/0711/071100140010.001/swg.fits[1]
scw/0711/071100320010.001/swg.fits[1]
scw/0711/071100330010.001/swg.fits[1]
scw/0711/071100700010.001/swg.fits[1]
scw/0711/071100730010.001/swg.fits[1]
scw/0889/088900570010.001/swg.fits[1]
scw/0889/088900580010.001/swg.fits[1]
scw/0890/089000180010.001/swg.fits[1]
scw/0890/089000190010.001/swg.fits[1]
scw/0890/089000560010.001/swg.fits[1]
scw/0890/089000570010.001/swg.fits[1]
scw/1074/107400200010.001/swg.fits[1]
scw/1074/107400210010.001/swg.fits[1]
scw/1074/107400220010.001/swg.fits[1]
scw/1074/107400530010.001/swg.fits[1]
scw/1074/107400540010.001/swg.fits[1]
scw/1074/107400550010.001/swg.fits[1]
scw/1196/119600190010.001/swg.fits[1]
scw/1196/119600200010.001/swg.fits[1]
scw/1196/119600210010.001/swg.fits[1]
scw/1196/119600540010.001/swg.fits[1]
scw/1196/119600550010.001/swg.fits[1]
scw/1196/119600560010.001/swg.fits[1]
scw/1256/125600200010.001/swg.fits[1]
scw/1256/125600210010.001/swg.fits[1]
scw/1257/125700290010.001/swg.fits[1]
scw/1257/125700300010.001/swg.fits[1]
scw/2120/212000130010.001/swg.fits[1]
scw/2120/212000140010.001/swg.fits[1]
scw/2120/212000190010.001/swg.fits[1]
scw/2120/212000200010.001/swg.fits[1]
scw/2120/212000230010.001/swg.fits[1]
scw/2120/212000300010.001/swg.fits[1]
scw/2120/212000320010.001/swg.fits[1]
scw/2120/212000330010.001/swg.fits[1]
scw/2120/212000400010.001/swg.fits[1]
