scw/0066/006600100010.001/swg.fits[1]
scw/0086/008600130010.001/swg.fits[1]
scw/0186/018600840010.001/swg.fits[1]
scw/0203/020300050010.001/swg.fits[1]
scw/0268/026800020010.001/swg.fits[1]
scw/0301/030100050010.001/swg.fits[1]
scw/0387/038700090010.001/swg.fits[1]
scw/0398/039800040010.001/swg.fits[1]
scw/0444/044400050010.001/swg.fits[1]
scw/1114/111400630010.001/swg.fits[1]
scw/1116/111600370010.001/swg.fits[1]
scw/1182/118200690010.001/swg.fits[1]
scw/1233/123300630010.001/swg.fits[1]
scw/1373/137300040010.001/swg.fits[1]
scw/1979/197900020010.001/swg.fits[1]
scw/2262/226200680010.001/swg.fits[1]
scw/2377/237700570010.001/swg.fits[1]
scw/2423/242300280010.001/swg.fits[1]
scw/2430/243000640010.001/swg.fits[1]
scw/2437/243700450010.001/swg.fits[1]
scw/2444/244400540010.001/swg.fits[1]
