scw/1180/118000650010.001/swg.fits[1]
scw/1181/118100250010.001/swg.fits[1]
scw/1181/118100580010.001/swg.fits[1]
scw/1182/118200310010.001/swg.fits[1]
scw/1182/118200320010.001/swg.fits[1]
scw/1183/118300060010.001/swg.fits[1]
scw/1183/118300070010.001/swg.fits[1]
scw/1183/118300220010.001/swg.fits[1]
scw/1183/118300230010.001/swg.fits[1]
scw/1188/118800210010.001/swg.fits[1]
scw/1191/119100090010.001/swg.fits[1]
scw/1191/119100100010.001/swg.fits[1]
scw/1191/119100430010.001/swg.fits[1]
scw/1191/119100440010.001/swg.fits[1]
scw/1191/119100590010.001/swg.fits[1]
scw/1191/119100600010.001/swg.fits[1]
scw/1192/119200190010.001/swg.fits[1]
scw/1192/119200200010.001/swg.fits[1]
scw/1235/123500540010.001/swg.fits[1]
scw/1235/123500550010.001/swg.fits[1]
scw/1235/123500700010.001/swg.fits[1]
scw/1235/123500710010.001/swg.fits[1]
scw/1236/123600480010.001/swg.fits[1]
scw/1236/123600490010.001/swg.fits[1]
scw/1236/123600500010.001/swg.fits[1]
scw/1236/123600640010.001/swg.fits[1]
scw/1236/123600650010.001/swg.fits[1]
scw/1242/124200250010.001/swg.fits[1]
scw/1242/124200260010.001/swg.fits[1]
scw/1242/124200410010.001/swg.fits[1]
scw/1242/124200420010.001/swg.fits[1]
scw/1243/124300250010.001/swg.fits[1]
scw/1243/124300260010.001/swg.fits[1]
scw/1243/124300270010.001/swg.fits[1]
scw/1243/124300410010.001/swg.fits[1]
scw/1243/124300420010.001/swg.fits[1]
scw/1494/149400050010.001/swg.fits[1]
scw/1494/149400550010.001/swg.fits[1]
scw/1495/149500470010.001/swg.fits[1]
scw/1495/149500480010.001/swg.fits[1]
scw/1498/149800240010.001/swg.fits[1]
scw/1498/149800260010.001/swg.fits[1]
scw/1498/149800270010.001/swg.fits[1]
scw/1544/154400640010.001/swg.fits[1]
scw/1545/154500420010.001/swg.fits[1]
scw/1545/154500430010.001/swg.fits[1]
scw/1546/154600220010.001/swg.fits[1]
scw/1546/154600410010.001/swg.fits[1]
scw/1546/154600420010.001/swg.fits[1]
scw/1547/154700250010.001/swg.fits[1]
scw/1547/154700430010.001/swg.fits[1]
scw/1547/154700440010.001/swg.fits[1]
scw/1548/154800260010.001/swg.fits[1]
scw/1548/154800450010.001/swg.fits[1]
scw/1549/154900270010.001/swg.fits[1]
scw/1549/154900280010.001/swg.fits[1]
scw/1549/154900460010.001/swg.fits[1]
scw/1550/155000350010.001/swg.fits[1]
scw/1551/155100060010.001/swg.fits[1]
scw/1551/155100070010.001/swg.fits[1]
scw/1551/155100390010.001/swg.fits[1]
scw/1551/155100390020.001/swg.fits[1]
scw/1552/155200010010.001/swg.fits[1]
scw/1552/155200320010.001/swg.fits[1]
scw/1563/156300470010.001/swg.fits[1]
scw/1563/156300480010.001/swg.fits[1]
scw/1564/156400200010.001/swg.fits[1]
scw/1564/156400220010.001/swg.fits[1]
scw/1617/161700290010.001/swg.fits[1]
scw/1617/161700300010.001/swg.fits[1]
scw/1682/168200110010.001/swg.fits[1]
scw/1683/168300090010.001/swg.fits[1]
scw/1683/168300100010.001/swg.fits[1]
scw/1683/168300380010.001/swg.fits[1]
scw/1686/168600060010.001/swg.fits[1]
scw/1686/168600070010.001/swg.fits[1]
scw/1686/168600380010.001/swg.fits[1]
scw/1686/168600560010.001/swg.fits[1]
scw/1686/168600560020.001/swg.fits[1]
scw/1687/168700020010.001/swg.fits[1]
scw/1687/168700330010.001/swg.fits[1]
scw/1695/169500070010.001/swg.fits[1]
scw/1695/169500080010.001/swg.fits[1]
scw/1753/175300100010.001/swg.fits[1]
scw/1753/175300280010.001/swg.fits[1]
scw/1753/175300290010.001/swg.fits[1]
scw/1754/175400070010.001/swg.fits[1]
scw/1754/175400170010.001/swg.fits[1]
scw/1759/175900120010.001/swg.fits[1]
scw/1761/176100240010.001/swg.fits[1]
scw/1761/176100250010.001/swg.fits[1]
scw/1761/176100260010.001/swg.fits[1]
scw/1820/182000100010.001/swg.fits[1]
scw/1820/182000110010.001/swg.fits[1]
scw/1820/182000420010.001/swg.fits[1]
scw/1820/182000430010.001/swg.fits[1]
scw/1821/182100120010.001/swg.fits[1]
scw/1821/182100130010.001/swg.fits[1]
scw/1821/182100140010.001/swg.fits[1]
scw/1821/182100450010.001/swg.fits[1]
scw/1821/182100460010.001/swg.fits[1]
scw/1822/182200030010.001/swg.fits[1]
scw/1822/182200040010.001/swg.fits[1]
scw/1822/182200050010.001/swg.fits[1]
scw/1822/182200430010.001/swg.fits[1]
scw/1822/182200440010.001/swg.fits[1]
scw/1823/182300470010.001/swg.fits[1]
scw/1823/182300480010.001/swg.fits[1]
scw/1824/182400230010.001/swg.fits[1]
scw/1824/182400240010.001/swg.fits[1]
scw/1824/182400250010.001/swg.fits[1]
scw/1832/183200050010.001/swg.fits[1]
scw/1832/183200060010.001/swg.fits[1]
scw/1832/183200480010.001/swg.fits[1]
scw/1845/184500220010.001/swg.fits[1]
scw/1845/184500240010.001/swg.fits[1]
scw/1845/184500250010.001/swg.fits[1]
scw/1845/184500260010.001/swg.fits[1]
scw/1893/189300200010.001/swg.fits[1]
scw/1893/189300230010.001/swg.fits[1]
scw/1894/189400220010.001/swg.fits[1]
scw/1894/189400230010.001/swg.fits[1]
scw/1894/189400240010.001/swg.fits[1]
scw/1894/189400320010.001/swg.fits[1]
scw/1894/189400330010.001/swg.fits[1]
scw/1894/189400340010.001/swg.fits[1]
scw/1895/189500350010.001/swg.fits[1]
scw/1895/189500360010.001/swg.fits[1]
scw/1896/189600290010.001/swg.fits[1]
scw/1896/189600300010.001/swg.fits[1]
scw/1896/189600310010.001/swg.fits[1]
scw/1896/189600320010.001/swg.fits[1]
scw/1897/189700240010.001/swg.fits[1]
scw/1897/189700250010.001/swg.fits[1]
scw/1897/189700350010.001/swg.fits[1]
scw/1897/189700360010.001/swg.fits[1]
scw/1898/189800270010.001/swg.fits[1]
scw/1898/189800280010.001/swg.fits[1]
scw/1898/189800290010.001/swg.fits[1]
scw/1898/189800370010.001/swg.fits[1]
scw/1898/189800440010.001/swg.fits[1]
scw/1898/189800450010.001/swg.fits[1]
scw/1899/189900360010.001/swg.fits[1]
scw/1899/189900370010.001/swg.fits[1]
scw/1899/189900460010.001/swg.fits[1]
scw/1899/189900470010.001/swg.fits[1]
scw/1900/190000320010.001/swg.fits[1]
scw/1900/190000330010.001/swg.fits[1]
scw/1900/190000340010.001/swg.fits[1]
scw/1900/190000430010.001/swg.fits[1]
scw/1900/190000440010.001/swg.fits[1]
scw/1964/196400090010.001/swg.fits[1]
scw/1964/196400100010.001/swg.fits[1]
scw/1964/196400110010.001/swg.fits[1]
scw/1965/196500140010.001/swg.fits[1]
scw/1965/196500150010.001/swg.fits[1]
scw/1966/196600030010.001/swg.fits[1]
scw/1966/196600040010.001/swg.fits[1]
scw/1966/196600050010.001/swg.fits[1]
scw/1967/196700080010.001/swg.fits[1]
scw/1967/196700090010.001/swg.fits[1]
scw/1967/196700190010.001/swg.fits[1]
scw/1967/196700200010.001/swg.fits[1]
scw/1972/197200260010.001/swg.fits[1]
scw/1972/197200270010.001/swg.fits[1]
scw/1972/197200670010.001/swg.fits[1]
scw/1972/197200690010.001/swg.fits[1]
scw/1981/198100030010.001/swg.fits[1]
scw/1981/198100040010.001/swg.fits[1]
scw/1981/198100190010.001/swg.fits[1]
scw/1981/198100200010.001/swg.fits[1]
scw/1982/198200110010.001/swg.fits[1]
scw/1982/198200120010.001/swg.fits[1]
scw/1982/198200140010.001/swg.fits[1]
scw/1982/198200150010.001/swg.fits[1]
scw/1983/198300110010.001/swg.fits[1]
scw/1983/198300130010.001/swg.fits[1]
scw/1983/198300140010.001/swg.fits[1]
scw/1983/198300150010.001/swg.fits[1]
scw/2031/203100060010.001/swg.fits[1]
scw/2109/210900050010.001/swg.fits[1]
scw/2109/210900060010.001/swg.fits[1]
scw/2109/210900460010.001/swg.fits[1]
scw/2109/210900480010.001/swg.fits[1]
scw/2248/224800050010.001/swg.fits[1]
scw/2248/224800060010.001/swg.fits[1]
scw/2375/237500240010.001/swg.fits[1]
scw/2375/237500250010.001/swg.fits[1]
scw/2375/237500670010.001/swg.fits[1]
