scw/0747/074700080010.001/swg.fits[1]
scw/0747/074700090010.001/swg.fits[1]
scw/0749/074900110010.001/swg.fits[1]
scw/0749/074900130010.001/swg.fits[1]
scw/0751/075100120010.001/swg.fits[1]
scw/0751/075100130010.001/swg.fits[1]
scw/0751/075100140010.001/swg.fits[1]
scw/0753/075300060010.001/swg.fits[1]
scw/0753/075300070010.001/swg.fits[1]
scw/0755/075500030010.001/swg.fits[1]
scw/0755/075500040010.001/swg.fits[1]
scw/0755/075500050010.001/swg.fits[1]
scw/0756/075600240010.001/swg.fits[1]
scw/0756/075600250010.001/swg.fits[1]
scw/0756/075600260010.001/swg.fits[1]
scw/0756/075600270010.001/swg.fits[1]
scw/0796/079600180010.001/swg.fits[1]
scw/0796/079600190010.001/swg.fits[1]
scw/0812/081200030010.001/swg.fits[1]
scw/0812/081200050010.001/swg.fits[1]
scw/0813/081300240010.001/swg.fits[1]
scw/0813/081300250010.001/swg.fits[1]
scw/0813/081300260010.001/swg.fits[1]
scw/0815/081500160010.001/swg.fits[1]
scw/0815/081500170010.001/swg.fits[1]
scw/0817/081700040010.001/swg.fits[1]
scw/0817/081700050010.001/swg.fits[1]
scw/0818/081800230010.001/swg.fits[1]
scw/1034/103400220010.001/swg.fits[1]
scw/1305/130500260010.001/swg.fits[1]
scw/1307/130700590010.001/swg.fits[1]
scw/1307/130700600010.001/swg.fits[1]
scw/1310/131000770010.001/swg.fits[1]
scw/1310/131000780010.001/swg.fits[1]
scw/1317/131700650010.001/swg.fits[1]
scw/1347/134700930010.001/swg.fits[1]
scw/1347/134700940010.001/swg.fits[1]
scw/1352/135200540010.001/swg.fits[1]
scw/1362/136200480010.001/swg.fits[1]
scw/1364/136400200010.001/swg.fits[1]
scw/1373/137300250010.001/swg.fits[1]
scw/1373/137300340010.001/swg.fits[1]
scw/1373/137300740010.001/swg.fits[1]
scw/1478/147800360010.001/swg.fits[1]
scw/1483/148300280010.001/swg.fits[1]
scw/1485/148500240010.001/swg.fits[1]
scw/1488/148800230010.001/swg.fits[1]
scw/1490/149000260010.001/swg.fits[1]
scw/1490/149000750010.001/swg.fits[1]
scw/1541/154100590010.001/swg.fits[1]
scw/1544/154400250010.001/swg.fits[1]
scw/1601/160100040010.001/swg.fits[1]
scw/1601/160100050010.001/swg.fits[1]
scw/1604/160400360010.001/swg.fits[1]
scw/1612/161200540010.001/swg.fits[1]
scw/1615/161500560010.001/swg.fits[1]
scw/1618/161800250010.001/swg.fits[1]
scw/1618/161800260010.001/swg.fits[1]
scw/2183/218300190010.001/swg.fits[1]
scw/2184/218400070010.001/swg.fits[1]
scw/2184/218400160010.001/swg.fits[1]
scw/2184/218400170010.001/swg.fits[1]
scw/2185/218500060010.001/swg.fits[1]
scw/2186/218600060010.001/swg.fits[1]
scw/2186/218600150010.001/swg.fits[1]
scw/2186/218600160010.001/swg.fits[1]
scw/2291/229100350010.001/swg.fits[1]
scw/2297/229700360010.001/swg.fits[1]
scw/2299/229900410010.001/swg.fits[1]
scw/2309/230900290010.001/swg.fits[1]
