scw/0055/005500680010.001/swg.fits[1]
scw/0063/006300170010.001/swg.fits[1]
scw/0066/006600130010.001/swg.fits[1]
scw/0076/007600140010.001/swg.fits[1]
scw/0081/008100140010.001/swg.fits[1]
scw/0081/008100150010.001/swg.fits[1]
scw/0081/008100200010.001/swg.fits[1]
scw/0081/008100210010.001/swg.fits[1]
scw/0081/008100220010.001/swg.fits[1]
scw/0081/008100240010.001/swg.fits[1]
scw/0081/008100300010.001/swg.fits[1]
scw/0081/008100320010.001/swg.fits[1]
scw/0081/008100330010.001/swg.fits[1]
scw/0081/008100340010.001/swg.fits[1]
scw/0081/008100390010.001/swg.fits[1]
scw/0081/008100400010.001/swg.fits[1]
scw/0082/008200400010.001/swg.fits[1]
scw/0082/008200410010.001/swg.fits[1]
scw/0082/008200460010.001/swg.fits[1]
scw/0082/008200470010.001/swg.fits[1]
scw/0082/008200480010.001/swg.fits[1]
scw/0082/008200500010.001/swg.fits[1]
scw/0082/008200560010.001/swg.fits[1]
scw/0082/008200580010.001/swg.fits[1]
scw/0082/008200590010.001/swg.fits[1]
scw/0082/008200600010.001/swg.fits[1]
scw/0082/008200650010.001/swg.fits[1]
scw/0082/008200660010.001/swg.fits[1]
scw/0083/008300100010.001/swg.fits[1]
scw/0083/008300310010.001/swg.fits[1]
scw/0083/008300370010.001/swg.fits[1]
scw/0083/008300380010.001/swg.fits[1]
scw/0083/008300390010.001/swg.fits[1]
scw/0083/008300410010.001/swg.fits[1]
scw/0083/008300470010.001/swg.fits[1]
scw/0083/008300470020.001/swg.fits[1]
scw/0083/008300490010.001/swg.fits[1]
scw/0083/008300500010.001/swg.fits[1]
scw/0083/008300510010.001/swg.fits[1]
scw/0083/008300560010.001/swg.fits[1]
scw/0083/008300570010.001/swg.fits[1]
scw/0084/008400120010.001/swg.fits[1]
scw/0084/008400130010.001/swg.fits[1]
scw/0084/008400190010.001/swg.fits[1]
scw/0084/008400200010.001/swg.fits[1]
scw/0084/008400210010.001/swg.fits[1]
scw/0084/008400230010.001/swg.fits[1]
scw/0084/008400290010.001/swg.fits[1]
scw/0084/008400310010.001/swg.fits[1]
scw/0084/008400320010.001/swg.fits[1]
scw/0084/008400330010.001/swg.fits[1]
scw/0084/008400380010.001/swg.fits[1]
scw/0084/008400390010.001/swg.fits[1]
scw/0085/008500520010.001/swg.fits[1]
scw/0085/008500610010.001/swg.fits[1]
scw/0085/008500620010.001/swg.fits[1]
scw/0085/008500630010.001/swg.fits[1]
scw/0085/008500640010.001/swg.fits[1]
scw/0085/008500660010.001/swg.fits[1]
scw/0085/008500670010.001/swg.fits[1]
scw/0085/008500680010.001/swg.fits[1]
scw/0085/008500770010.001/swg.fits[1]
scw/0085/008500780010.001/swg.fits[1]
scw/0085/008500790010.001/swg.fits[1]
scw/0085/008500800010.001/swg.fits[1]
scw/0086/008600170010.001/swg.fits[1]
scw/0086/008600180010.001/swg.fits[1]
scw/0086/008600190010.001/swg.fits[1]
scw/0086/008600210010.001/swg.fits[1]
scw/0086/008600270010.001/swg.fits[1]
scw/0086/008600290010.001/swg.fits[1]
scw/0086/008600300010.001/swg.fits[1]
scw/0086/008600310010.001/swg.fits[1]
scw/0086/008600360010.001/swg.fits[1]
scw/0086/008600370010.001/swg.fits[1]
scw/0086/008600560010.001/swg.fits[1]
scw/0086/008600570010.001/swg.fits[1]
scw/0086/008600590010.001/swg.fits[1]
scw/0087/008700250010.001/swg.fits[1]
scw/0087/008700260010.001/swg.fits[1]
scw/0087/008700270010.001/swg.fits[1]
scw/0087/008700280010.001/swg.fits[1]
scw/0087/008700300010.001/swg.fits[1]
scw/0087/008700310010.001/swg.fits[1]
scw/0087/008700320010.001/swg.fits[1]
scw/0087/008700410010.001/swg.fits[1]
scw/0087/008700420010.001/swg.fits[1]
scw/0087/008700430010.001/swg.fits[1]
scw/0087/008700440010.001/swg.fits[1]
scw/0087/008700460010.001/swg.fits[1]
scw/0087/008700470010.001/swg.fits[1]
scw/0087/008700480010.001/swg.fits[1]
scw/0087/008700570010.001/swg.fits[1]
scw/0087/008700580010.001/swg.fits[1]
scw/0087/008700590010.001/swg.fits[1]
scw/0087/008700600010.001/swg.fits[1]
scw/0087/008700620010.001/swg.fits[1]
scw/0087/008700630010.001/swg.fits[1]
scw/0087/008700640010.001/swg.fits[1]
scw/0088/008800540010.001/swg.fits[1]
scw/0088/008800550010.001/swg.fits[1]
scw/0088/008800560010.001/swg.fits[1]
scw/0088/008800570010.001/swg.fits[1]
scw/0088/008800590010.001/swg.fits[1]
scw/0088/008800600010.001/swg.fits[1]
scw/0088/008800700010.001/swg.fits[1]
scw/0088/008800710010.001/swg.fits[1]
scw/0088/008800720010.001/swg.fits[1]
scw/0088/008800730010.001/swg.fits[1]
scw/0088/008800750010.001/swg.fits[1]
scw/0088/008800760010.001/swg.fits[1]
scw/0088/008800770010.001/swg.fits[1]
scw/0137/013700250010.001/swg.fits[1]
scw/0137/013700330010.001/swg.fits[1]
scw/0137/013700730010.001/swg.fits[1]
scw/0137/013700810010.001/swg.fits[1]
scw/0138/013800030010.001/swg.fits[1]
scw/0138/013800110010.001/swg.fits[1]
scw/0138/013800510010.001/swg.fits[1]
scw/0138/013800590010.001/swg.fits[1]
scw/0138/013800990010.001/swg.fits[1]
scw/0138/013801080010.001/swg.fits[1]
scw/0138/013801130010.001/swg.fits[1]
scw/0139/013900330010.001/swg.fits[1]
scw/0139/013900410010.001/swg.fits[1]
scw/0139/013900810010.001/swg.fits[1]
scw/0139/013900890010.001/swg.fits[1]
scw/0140/014000260010.001/swg.fits[1]
scw/0140/014000340010.001/swg.fits[1]
scw/0140/014000740010.001/swg.fits[1]
scw/0141/014100080010.001/swg.fits[1]
scw/0141/014100160010.001/swg.fits[1]
scw/0141/014100560010.001/swg.fits[1]
scw/0141/014100640010.001/swg.fits[1]
scw/0141/014101040010.001/swg.fits[1]
scw/0141/014101120010.001/swg.fits[1]
scw/0149/014900030010.001/swg.fits[1]
scw/0154/015400070010.001/swg.fits[1]
scw/0161/016100060010.001/swg.fits[1]
scw/0186/018600810010.001/swg.fits[1]
scw/0201/020100100010.001/swg.fits[1]
scw/0213/021300060010.001/swg.fits[1]
scw/0217/021700060010.001/swg.fits[1]
scw/0226/022600620010.001/swg.fits[1]
scw/0250/025000060010.001/swg.fits[1]
scw/0267/026700600010.001/swg.fits[1]
scw/0267/026700600200.001/swg.fits[1]
scw/0271/027100050010.001/swg.fits[1]
scw/0279/027900040010.001/swg.fits[1]
scw/0281/028100040010.001/swg.fits[1]
scw/0283/028300060010.001/swg.fits[1]
scw/0324/032400070010.001/swg.fits[1]
scw/0325/032500480010.001/swg.fits[1]
scw/0325/032500490010.001/swg.fits[1]
scw/0335/033500090010.001/swg.fits[1]
scw/0338/033800070010.001/swg.fits[1]
scw/0372/037200080010.001/swg.fits[1]
scw/0373/037300490010.001/swg.fits[1]
scw/0373/037300500010.001/swg.fits[1]
scw/0373/037300570010.001/swg.fits[1]
scw/0373/037300580010.001/swg.fits[1]
scw/0373/037300590010.001/swg.fits[1]
scw/0374/037400690010.001/swg.fits[1]
scw/0374/037400700010.001/swg.fits[1]
scw/0374/037400710010.001/swg.fits[1]
scw/0374/037400720010.001/swg.fits[1]
scw/0374/037400730010.001/swg.fits[1]
scw/0375/037500070010.001/swg.fits[1]
scw/0375/037500080010.001/swg.fits[1]
scw/0375/037500090010.001/swg.fits[1]
scw/0375/037500100010.001/swg.fits[1]
scw/0375/037500170010.001/swg.fits[1]
scw/0375/037500180010.001/swg.fits[1]
scw/0375/037500190010.001/swg.fits[1]
scw/0376/037600270010.001/swg.fits[1]
scw/0376/037600280010.001/swg.fits[1]
scw/0376/037600350010.001/swg.fits[1]
scw/0376/037600360010.001/swg.fits[1]
