scw/0204/020400070010.001/swg.fits[1]
scw/0204/020400090010.001/swg.fits[1]
scw/0204/020400470010.001/swg.fits[1]
scw/0204/020400490010.001/swg.fits[1]
scw/0204/020400550010.001/swg.fits[1]
scw/0204/020400570010.001/swg.fits[1]
scw/0951/095100300010.001/swg.fits[1]
scw/0951/095100310010.001/swg.fits[1]
scw/0951/095100320010.001/swg.fits[1]
scw/0951/095100680010.001/swg.fits[1]
scw/0951/095100690010.001/swg.fits[1]
scw/0951/095100700010.001/swg.fits[1]
scw/0952/095200260010.001/swg.fits[1]
scw/0952/095200270010.001/swg.fits[1]
scw/0952/095200280010.001/swg.fits[1]
scw/1073/107300100010.001/swg.fits[1]
scw/1073/107300110010.001/swg.fits[1]
scw/1073/107300120010.001/swg.fits[1]
scw/1073/107300640010.001/swg.fits[1]
scw/1073/107300650010.001/swg.fits[1]
scw/1073/107300660010.001/swg.fits[1]
scw/1198/119800670010.001/swg.fits[1]
scw/1198/119800680010.001/swg.fits[1]
scw/1198/119800690010.001/swg.fits[1]
scw/1257/125700830010.001/swg.fits[1]
scw/1257/125700840010.001/swg.fits[1]
scw/1308/130800110010.001/swg.fits[1]
scw/1308/130800120010.001/swg.fits[1]
scw/1308/130800410010.001/swg.fits[1]
scw/1308/130800420010.001/swg.fits[1]
scw/1312/131200110010.001/swg.fits[1]
scw/1312/131200120010.001/swg.fits[1]
scw/1312/131200410010.001/swg.fits[1]
scw/1312/131200420010.001/swg.fits[1]
scw/1312/131200510010.001/swg.fits[1]
scw/1313/131300450010.001/swg.fits[1]
scw/1313/131300460010.001/swg.fits[1]
scw/1313/131300750010.001/swg.fits[1]
scw/1313/131300760010.001/swg.fits[1]
scw/1313/131300850010.001/swg.fits[1]
scw/1315/131500700010.001/swg.fits[1]
scw/1315/131500710010.001/swg.fits[1]
scw/1316/131600260010.001/swg.fits[1]
scw/1316/131600270010.001/swg.fits[1]
scw/1318/131800500010.001/swg.fits[1]
scw/1318/131800510010.001/swg.fits[1]
scw/1318/131800520010.001/swg.fits[1]
scw/1318/131800710010.001/swg.fits[1]
scw/1375/137500420010.001/swg.fits[1]
scw/1375/137500430010.001/swg.fits[1]
scw/1376/137600270010.001/swg.fits[1]
scw/1376/137600360010.001/swg.fits[1]
scw/1376/137600370010.001/swg.fits[1]
scw/1377/137700350010.001/swg.fits[1]
scw/1383/138300030010.001/swg.fits[1]
scw/1383/138300110010.001/swg.fits[1]
scw/1429/142900520010.001/swg.fits[1]
scw/1429/142900530010.001/swg.fits[1]
scw/1429/142900820010.001/swg.fits[1]
scw/1429/142900830010.001/swg.fits[1]
scw/1430/143000770010.001/swg.fits[1]
scw/1430/143000780010.001/swg.fits[1]
scw/1430/143000870010.001/swg.fits[1]
scw/1430/143000880010.001/swg.fits[1]
scw/1431/143100380010.001/swg.fits[1]
scw/1431/143100390010.001/swg.fits[1]
scw/1431/143100790010.001/swg.fits[1]
scw/1431/143100880010.001/swg.fits[1]
scw/1431/143100890010.001/swg.fits[1]
