scw/1285/128500240010.001/swg.fits[1]
scw/1285/128500540010.001/swg.fits[1]
scw/1285/128500590010.001/swg.fits[1]
scw/1285/128500890010.001/swg.fits[1]
scw/1286/128600050010.001/swg.fits[1]
scw/1286/128600350010.001/swg.fits[1]
scw/1286/128600400010.001/swg.fits[1]
scw/1286/128600700010.001/swg.fits[1]
scw/1287/128700080010.001/swg.fits[1]
scw/1287/128700380010.001/swg.fits[1]
scw/1287/128700430010.001/swg.fits[1]
scw/1287/128700730010.001/swg.fits[1]
scw/1288/128800350010.001/swg.fits[1]
scw/1288/128800650010.001/swg.fits[1]
scw/1288/128800700010.001/swg.fits[1]
scw/1289/128900050010.001/swg.fits[1]
scw/1289/128900350010.001/swg.fits[1]
scw/1289/128900400010.001/swg.fits[1]
scw/1289/128900700010.001/swg.fits[1]
scw/1290/129000340010.001/swg.fits[1]
scw/1290/129000640010.001/swg.fits[1]
scw/1290/129000690010.001/swg.fits[1]
scw/1290/129000990010.001/swg.fits[1]
scw/1294/129400450010.001/swg.fits[1]
scw/1294/129400750010.001/swg.fits[1]
scw/1295/129500060010.001/swg.fits[1]
scw/1296/129600060010.001/swg.fits[1]
scw/1296/129600360010.001/swg.fits[1]
scw/1296/129600410010.001/swg.fits[1]
scw/1296/129600710010.001/swg.fits[1]
scw/1297/129700080010.001/swg.fits[1]
scw/1297/129700380010.001/swg.fits[1]
scw/1297/129700430010.001/swg.fits[1]
scw/1297/129700730010.001/swg.fits[1]
scw/1298/129800140010.001/swg.fits[1]
scw/1298/129800440010.001/swg.fits[1]
scw/1298/129800490010.001/swg.fits[1]
scw/1298/129800790010.001/swg.fits[1]
