scw/0026/002600090010.001/swg.fits[1]
scw/0031/003100270010.001/swg.fits[1]
scw/0031/003100280010.001/swg.fits[1]
scw/0031/003100290010.001/swg.fits[1]
scw/0031/003100320010.001/swg.fits[1]
scw/0031/003100330010.001/swg.fits[1]
scw/0031/003100340010.001/swg.fits[1]
scw/0031/003100360010.001/swg.fits[1]
scw/0031/003100370010.001/swg.fits[1]
scw/0031/003100380010.001/swg.fits[1]
scw/0031/003100410010.001/swg.fits[1]
scw/0031/003100420010.001/swg.fits[1]
scw/0031/003100430010.001/swg.fits[1]
scw/0031/003100470010.001/swg.fits[1]
scw/0031/003100750010.001/swg.fits[1]
scw/0031/003100760010.001/swg.fits[1]
scw/0031/003100770010.001/swg.fits[1]
scw/0031/003100800010.001/swg.fits[1]
scw/0031/003100810010.001/swg.fits[1]
scw/0031/003100820010.001/swg.fits[1]
scw/0031/003100840010.001/swg.fits[1]
scw/0031/003100850010.001/swg.fits[1]
scw/0031/003100860010.001/swg.fits[1]
scw/0031/003100890010.001/swg.fits[1]
scw/0031/003100900010.001/swg.fits[1]
scw/0031/003100910010.001/swg.fits[1]
scw/0031/003100950010.001/swg.fits[1]
scw/0047/004700080010.001/swg.fits[1]
scw/0079/007900060010.001/swg.fits[1]
scw/0142/014200180010.001/swg.fits[1]
scw/0142/014200190010.001/swg.fits[1]
scw/0142/014200200010.001/swg.fits[1]
scw/0142/014200230010.001/swg.fits[1]
scw/0142/014200240010.001/swg.fits[1]
scw/0142/014200290010.001/swg.fits[1]
scw/0142/014200530010.001/swg.fits[1]
scw/0142/014200580010.001/swg.fits[1]
scw/0142/014200590010.001/swg.fits[1]
scw/0142/014200620010.001/swg.fits[1]
scw/0142/014200630010.001/swg.fits[1]
scw/0142/014200640010.001/swg.fits[1]
scw/0142/014200660010.001/swg.fits[1]
scw/0142/014200670010.001/swg.fits[1]
scw/0142/014200680010.001/swg.fits[1]
scw/0142/014200710010.001/swg.fits[1]
scw/0142/014200720010.001/swg.fits[1]
scw/0142/014200770010.001/swg.fits[1]
scw/0143/014300050010.001/swg.fits[1]
scw/0143/014300100010.001/swg.fits[1]
scw/0143/014300110010.001/swg.fits[1]
scw/0143/014300140010.001/swg.fits[1]
scw/0143/014300150010.001/swg.fits[1]
scw/0143/014300160010.001/swg.fits[1]
scw/0143/014300180010.001/swg.fits[1]
scw/0143/014300190010.001/swg.fits[1]
scw/0143/014300200010.001/swg.fits[1]
scw/0143/014300230010.001/swg.fits[1]
scw/0143/014300240010.001/swg.fits[1]
scw/0143/014300290010.001/swg.fits[1]
scw/0143/014300580010.001/swg.fits[1]
scw/0143/014300590010.001/swg.fits[1]
scw/0143/014300620010.001/swg.fits[1]
scw/0143/014300630010.001/swg.fits[1]
scw/0143/014300640010.001/swg.fits[1]
scw/0143/014300660010.001/swg.fits[1]
scw/0143/014300670010.001/swg.fits[1]
scw/0143/014300680010.001/swg.fits[1]
scw/0143/014300710010.001/swg.fits[1]
scw/0143/014300720010.001/swg.fits[1]
scw/0144/014400190010.001/swg.fits[1]
scw/0144/014400200010.001/swg.fits[1]
scw/0144/014400230010.001/swg.fits[1]
scw/0144/014400240010.001/swg.fits[1]
scw/0144/014400250010.001/swg.fits[1]
scw/0144/014400270010.001/swg.fits[1]
scw/0144/014400280010.001/swg.fits[1]
scw/0144/014400290010.001/swg.fits[1]
scw/0144/014400320010.001/swg.fits[1]
scw/0144/014400330010.001/swg.fits[1]
scw/0144/014400670010.001/swg.fits[1]
scw/0144/014400680010.001/swg.fits[1]
scw/0144/014400710010.001/swg.fits[1]
scw/0144/014400720010.001/swg.fits[1]
scw/0144/014400730010.001/swg.fits[1]
scw/0144/014400750010.001/swg.fits[1]
scw/0144/014400760010.001/swg.fits[1]
scw/0144/014400770010.001/swg.fits[1]
scw/0144/014400800010.001/swg.fits[1]
scw/0144/014400810010.001/swg.fits[1]
scw/0145/014500440010.001/swg.fits[1]
scw/0145/014500450010.001/swg.fits[1]
scw/0145/014500480010.001/swg.fits[1]
scw/0145/014500490010.001/swg.fits[1]
scw/0145/014500500010.001/swg.fits[1]
scw/0145/014500520010.001/swg.fits[1]
scw/0145/014500530010.001/swg.fits[1]
scw/0145/014500540010.001/swg.fits[1]
scw/0145/014500570010.001/swg.fits[1]
scw/0145/014500580010.001/swg.fits[1]
scw/0145/014500920010.001/swg.fits[1]
scw/0145/014500930010.001/swg.fits[1]
scw/0146/014600210010.001/swg.fits[1]
scw/0146/014600220010.001/swg.fits[1]
scw/0146/014600230010.001/swg.fits[1]
scw/0146/014600250010.001/swg.fits[1]
scw/0146/014600260010.001/swg.fits[1]
scw/0146/014600270010.001/swg.fits[1]
scw/0146/014600300010.001/swg.fits[1]
scw/0146/014600310010.001/swg.fits[1]
scw/0146/014600640010.001/swg.fits[1]
scw/0146/014600650010.001/swg.fits[1]
scw/0146/014600660010.001/swg.fits[1]
scw/0146/014600690010.001/swg.fits[1]
scw/0146/014600700010.001/swg.fits[1]
scw/0146/014600710010.001/swg.fits[1]
scw/0146/014600730010.001/swg.fits[1]
scw/0146/014600740010.001/swg.fits[1]
scw/0146/014600750010.001/swg.fits[1]
scw/0146/014600780010.001/swg.fits[1]
scw/0146/014600790010.001/swg.fits[1]
scw/0147/014700190010.001/swg.fits[1]
scw/0147/014700200010.001/swg.fits[1]
scw/0147/014700230010.001/swg.fits[1]
scw/0147/014700240010.001/swg.fits[1]
scw/0147/014700250010.001/swg.fits[1]
scw/0147/014700270010.001/swg.fits[1]
scw/0147/014700280010.001/swg.fits[1]
scw/0147/014700290010.001/swg.fits[1]
scw/0147/014700320010.001/swg.fits[1]
scw/0147/014700330010.001/swg.fits[1]
scw/0147/014700670010.001/swg.fits[1]
scw/0147/014700680010.001/swg.fits[1]
scw/0147/014700710010.001/swg.fits[1]
scw/0147/014700720010.001/swg.fits[1]
scw/0147/014700730010.001/swg.fits[1]
scw/0147/014700750010.001/swg.fits[1]
scw/0147/014700760010.001/swg.fits[1]
scw/0147/014700770010.001/swg.fits[1]
scw/0147/014700800010.001/swg.fits[1]
scw/0147/014700810010.001/swg.fits[1]
scw/0148/014800210010.001/swg.fits[1]
scw/0148/014800220010.001/swg.fits[1]
scw/0148/014800250010.001/swg.fits[1]
scw/0148/014800260010.001/swg.fits[1]
scw/0148/014800270010.001/swg.fits[1]
scw/0148/014800290010.001/swg.fits[1]
scw/0148/014800300010.001/swg.fits[1]
scw/0148/014800310010.001/swg.fits[1]
scw/0148/014800340010.001/swg.fits[1]
scw/0148/014800350010.001/swg.fits[1]
scw/0148/014800690010.001/swg.fits[1]
scw/0148/014800700010.001/swg.fits[1]
scw/0148/014800730010.001/swg.fits[1]
scw/0148/014800740010.001/swg.fits[1]
scw/0148/014800750010.001/swg.fits[1]
scw/0148/014800780010.001/swg.fits[1]
scw/0148/014800790010.001/swg.fits[1]
scw/0161/016100260010.001/swg.fits[1]
scw/0161/016100270010.001/swg.fits[1]
scw/0161/016100280010.001/swg.fits[1]
scw/0161/016100310010.001/swg.fits[1]
scw/0161/016100320010.001/swg.fits[1]
scw/0161/016100330010.001/swg.fits[1]
scw/0161/016100370010.001/swg.fits[1]
scw/0161/016100610010.001/swg.fits[1]
scw/0161/016100650010.001/swg.fits[1]
scw/0161/016100660010.001/swg.fits[1]
scw/0161/016100670010.001/swg.fits[1]
scw/0161/016100700010.001/swg.fits[1]
scw/0161/016100710010.001/swg.fits[1]
scw/0162/016200240010.001/swg.fits[1]
scw/0162/016200260010.001/swg.fits[1]
scw/0162/016200270010.001/swg.fits[1]
scw/0162/016200280010.001/swg.fits[1]
scw/0162/016200310010.001/swg.fits[1]
scw/0162/016200320010.001/swg.fits[1]
scw/0162/016200330010.001/swg.fits[1]
scw/0162/016200370010.001/swg.fits[1]
scw/0162/016200610010.001/swg.fits[1]
scw/0162/016200650010.001/swg.fits[1]
scw/0162/016200660010.001/swg.fits[1]
scw/0162/016200670010.001/swg.fits[1]
scw/0177/017700290010.001/swg.fits[1]
scw/0181/018100160010.001/swg.fits[1]
scw/0210/021000060010.001/swg.fits[1]
scw/0218/021800110010.001/swg.fits[1]
scw/0229/022900380010.001/swg.fits[1]
scw/0253/025300200010.001/swg.fits[1]
scw/0257/025700570010.001/swg.fits[1]
scw/0261/026100030010.001/swg.fits[1]
scw/0261/026100750010.001/swg.fits[1]
scw/0261/026100760010.001/swg.fits[1]
scw/0261/026100770010.001/swg.fits[1]
scw/0262/026200160010.001/swg.fits[1]
scw/0262/026200170010.001/swg.fits[1]
scw/0262/026200220010.001/swg.fits[1]
scw/0262/026200460010.001/swg.fits[1]
scw/0262/026200560010.001/swg.fits[1]
scw/0262/026200650010.001/swg.fits[1]
scw/0262/026200660010.001/swg.fits[1]
scw/0263/026300180010.001/swg.fits[1]
scw/0263/026300190010.001/swg.fits[1]
scw/0263/026300270010.001/swg.fits[1]
scw/0263/026300280010.001/swg.fits[1]
scw/0263/026300570010.001/swg.fits[1]
scw/0263/026300580010.001/swg.fits[1]
scw/0264/026400210010.001/swg.fits[1]
scw/0264/026400220010.001/swg.fits[1]
scw/0264/026400230010.001/swg.fits[1]
scw/0264/026400280010.001/swg.fits[1]
scw/0264/026400320010.001/swg.fits[1]
scw/0264/026400360010.001/swg.fits[1]
scw/0264/026400370010.001/swg.fits[1]
scw/0264/026400380010.001/swg.fits[1]
scw/0264/026400410010.001/swg.fits[1]
scw/0264/026400420010.001/swg.fits[1]
scw/0264/026400430010.001/swg.fits[1]
scw/0264/026400460010.001/swg.fits[1]
scw/0264/026400470010.001/swg.fits[1]
scw/0264/026400770010.001/swg.fits[1]
scw/0264/026400780010.001/swg.fits[1]
scw/0264/026400810010.001/swg.fits[1]
scw/0264/026400820010.001/swg.fits[1]
scw/0264/026400830010.001/swg.fits[1]
scw/0264/026400860010.001/swg.fits[1]
scw/0264/026400870010.001/swg.fits[1]
scw/0264/026400910010.001/swg.fits[1]
scw/0264/026400920010.001/swg.fits[1]
scw/0264/026400930010.001/swg.fits[1]
scw/0264/026400960010.001/swg.fits[1]
scw/0264/026400970010.001/swg.fits[1]
scw/0265/026500340010.001/swg.fits[1]
