scw/0711/071100040010.001/swg.fits[1]
scw/0711/071100050010.001/swg.fits[1]
scw/0711/071100090010.001/swg.fits[1]
scw/0711/071100440010.001/swg.fits[1]
scw/0711/071100490010.001/swg.fits[1]
scw/0711/071100580010.001/swg.fits[1]
scw/0711/071100590010.001/swg.fits[1]
scw/0711/071100640010.001/swg.fits[1]
scw/0889/088900590010.001/swg.fits[1]
scw/0889/088900600010.001/swg.fits[1]
scw/0889/088900610010.001/swg.fits[1]
scw/0890/089000200010.001/swg.fits[1]
scw/0890/089000210010.001/swg.fits[1]
scw/0890/089000220010.001/swg.fits[1]
scw/0890/089000530010.001/swg.fits[1]
scw/0890/089000540010.001/swg.fits[1]
scw/0890/089000550010.001/swg.fits[1]
scw/1074/107400180010.001/swg.fits[1]
scw/1074/107400190010.001/swg.fits[1]
scw/1074/107400560010.001/swg.fits[1]
scw/1074/107400570010.001/swg.fits[1]
scw/1196/119600220010.001/swg.fits[1]
scw/1196/119600230010.001/swg.fits[1]
scw/1196/119600520010.001/swg.fits[1]
scw/1196/119600530010.001/swg.fits[1]
scw/1256/125600160010.001/swg.fits[1]
scw/1256/125600170010.001/swg.fits[1]
scw/1256/125600180010.001/swg.fits[1]
scw/1257/125700260010.001/swg.fits[1]
scw/1257/125700270010.001/swg.fits[1]
scw/1257/125700280010.001/swg.fits[1]
scw/2120/212000040010.001/swg.fits[1]
scw/2120/212000050010.001/swg.fits[1]
scw/2120/212000090010.001/swg.fits[1]
scw/2120/212000390010.001/swg.fits[1]
scw/2120/212000440010.001/swg.fits[1]
scw/2120/212000490010.001/swg.fits[1]
