scw/0280/028000380010.001/swg.fits[1]
scw/0280/028000390010.001/swg.fits[1]
scw/0280/028000430010.001/swg.fits[1]
scw/0280/028000440010.001/swg.fits[1]
scw/0280/028000450010.001/swg.fits[1]
scw/0280/028000640010.001/swg.fits[1]
scw/0280/028000650010.001/swg.fits[1]
scw/0280/028000660010.001/swg.fits[1]
scw/0280/028000680010.001/swg.fits[1]
scw/0280/028000690010.001/swg.fits[1]
scw/0281/028100180010.001/swg.fits[1]
scw/0281/028100320010.001/swg.fits[1]
scw/0281/028100330010.001/swg.fits[1]
scw/0281/028100380010.001/swg.fits[1]
scw/0281/028100390010.001/swg.fits[1]
scw/0281/028100420010.001/swg.fits[1]
scw/0281/028100580010.001/swg.fits[1]
scw/0281/028100590010.001/swg.fits[1]
scw/0281/028100610010.001/swg.fits[1]
scw/0281/028100620010.001/swg.fits[1]
scw/0281/028100630010.001/swg.fits[1]
scw/0281/028100680010.001/swg.fits[1]
scw/0282/028200350010.001/swg.fits[1]
scw/0282/028200360010.001/swg.fits[1]
scw/0282/028200390010.001/swg.fits[1]
scw/0282/028200400010.001/swg.fits[1]
scw/0282/028200450010.001/swg.fits[1]
scw/0607/060700190010.001/swg.fits[1]
scw/0607/060700200010.001/swg.fits[1]
scw/0607/060700790010.001/swg.fits[1]
scw/0607/060700800010.001/swg.fits[1]
scw/0610/061000770010.001/swg.fits[1]
scw/0610/061000780010.001/swg.fits[1]
scw/0611/061100690010.001/swg.fits[1]
scw/0611/061100700010.001/swg.fits[1]
scw/0671/067100460010.001/swg.fits[1]
scw/0671/067100470010.001/swg.fits[1]
scw/0671/067100480010.001/swg.fits[1]
scw/0672/067200720010.001/swg.fits[1]
scw/0847/084700100010.001/swg.fits[1]
scw/0847/084700110010.001/swg.fits[1]
scw/0847/084700430010.001/swg.fits[1]
scw/0847/084700440010.001/swg.fits[1]
scw/0848/084800400010.001/swg.fits[1]
scw/0848/084800410010.001/swg.fits[1]
scw/0848/084800440010.001/swg.fits[1]
scw/0848/084800450010.001/swg.fits[1]
scw/0849/084900310010.001/swg.fits[1]
scw/0849/084900330010.001/swg.fits[1]
scw/0951/095100070010.001/swg.fits[1]
scw/0951/095100080010.001/swg.fits[1]
scw/0951/095100450010.001/swg.fits[1]
scw/0951/095100460010.001/swg.fits[1]
scw/0952/095200040010.001/swg.fits[1]
scw/0952/095200050010.001/swg.fits[1]
scw/1073/107300340010.001/swg.fits[1]
scw/1073/107300350010.001/swg.fits[1]
scw/1073/107300430010.001/swg.fits[1]
scw/1198/119800910010.001/swg.fits[1]
scw/1198/119800920010.001/swg.fits[1]
scw/1257/125700600010.001/swg.fits[1]
scw/1257/125700610010.001/swg.fits[1]
scw/1257/125700620010.001/swg.fits[1]
scw/1318/131800280010.001/swg.fits[1]
scw/1318/131800290010.001/swg.fits[1]
scw/1318/131800930010.001/swg.fits[1]
scw/1318/131800940010.001/swg.fits[1]
