scw/0047/004700130010.001/swg.fits[1]
scw/0051/005100670010.001/swg.fits[1]
scw/0162/016200100010.001/swg.fits[1]
scw/0229/022900440010.001/swg.fits[1]
scw/0234/023400130010.001/swg.fits[1]
scw/0272/027200740010.001/swg.fits[1]
scw/0272/027200750010.001/swg.fits[1]
scw/0272/027200750020.001/swg.fits[1]
scw/0272/027200750030.001/swg.fits[1]
scw/0272/027200750040.001/swg.fits[1]
scw/0272/027200750050.001/swg.fits[1]
scw/0272/027200750060.001/swg.fits[1]
scw/0272/027200750070.001/swg.fits[1]
scw/0272/027200750080.001/swg.fits[1]
scw/0273/027300670010.001/swg.fits[1]
scw/0273/027300690010.001/swg.fits[1]
scw/0273/027300700010.001/swg.fits[1]
scw/0273/027300720010.001/swg.fits[1]
scw/0273/027300730010.001/swg.fits[1]
scw/0273/027300740010.001/swg.fits[1]
scw/0273/027300750010.001/swg.fits[1]
scw/0273/027300760010.001/swg.fits[1]
scw/0273/027300800010.001/swg.fits[1]
scw/0273/027300810010.001/swg.fits[1]
scw/0273/027300820010.001/swg.fits[1]
scw/0274/027400070010.001/swg.fits[1]
scw/0274/027400080010.001/swg.fits[1]
scw/0278/027800470010.001/swg.fits[1]
scw/0278/027800480010.001/swg.fits[1]
scw/0278/027800490010.001/swg.fits[1]
scw/0278/027800500010.001/swg.fits[1]
scw/0278/027800510010.001/swg.fits[1]
scw/0278/027800520010.001/swg.fits[1]
scw/0278/027800530010.001/swg.fits[1]
scw/0278/027800560010.001/swg.fits[1]
scw/0278/027800570010.001/swg.fits[1]
scw/0278/027800580010.001/swg.fits[1]
scw/0278/027800600010.001/swg.fits[1]
scw/0278/027800610010.001/swg.fits[1]
scw/0278/027800630010.001/swg.fits[1]
scw/0278/027800640010.001/swg.fits[1]
scw/0278/027800650010.001/swg.fits[1]
scw/0278/027800660010.001/swg.fits[1]
scw/0278/027800670010.001/swg.fits[1]
scw/0278/027800710010.001/swg.fits[1]
scw/0278/027800720010.001/swg.fits[1]
scw/0278/027800730010.001/swg.fits[1]
scw/0278/027800740010.001/swg.fits[1]
scw/0278/027800740020.001/swg.fits[1]
scw/0284/028400040010.001/swg.fits[1]
scw/0284/028400080010.001/swg.fits[1]
scw/0284/028400090010.001/swg.fits[1]
scw/0284/028400100010.001/swg.fits[1]
scw/0284/028400110010.001/swg.fits[1]
scw/0284/028400150010.001/swg.fits[1]
scw/0284/028400160010.001/swg.fits[1]
scw/0284/028400170010.001/swg.fits[1]
scw/0284/028400180010.001/swg.fits[1]
scw/0284/028400190010.001/swg.fits[1]
scw/0284/028400220010.001/swg.fits[1]
scw/0284/028400230010.001/swg.fits[1]
scw/0284/028400240010.001/swg.fits[1]
scw/0284/028400250010.001/swg.fits[1]
scw/0284/028400260010.001/swg.fits[1]
scw/0284/028400290010.001/swg.fits[1]
scw/0284/028400300010.001/swg.fits[1]
scw/0284/028400310010.001/swg.fits[1]
scw/0284/028400320010.001/swg.fits[1]
scw/0284/028400330010.001/swg.fits[1]
scw/0284/028400350010.001/swg.fits[1]
scw/0284/028400360010.001/swg.fits[1]
scw/0284/028400380010.001/swg.fits[1]
scw/0284/028400390010.001/swg.fits[1]
scw/0284/028400400010.001/swg.fits[1]
scw/0284/028400420010.001/swg.fits[1]
scw/0284/028400430010.001/swg.fits[1]
scw/0284/028400440010.001/swg.fits[1]
scw/0284/028400450010.001/swg.fits[1]
scw/0285/028500020010.001/swg.fits[1]
scw/0285/028500030010.001/swg.fits[1]
scw/0285/028500060010.001/swg.fits[1]
scw/0285/028500070010.001/swg.fits[1]
scw/0285/028500080010.001/swg.fits[1]
scw/0286/028600180010.001/swg.fits[1]
scw/0286/028600190010.001/swg.fits[1]
scw/0286/028600220010.001/swg.fits[1]
scw/0286/028600230010.001/swg.fits[1]
scw/0286/028600240010.001/swg.fits[1]
scw/0287/028700020010.001/swg.fits[1]
scw/0287/028700030010.001/swg.fits[1]
scw/0287/028700060010.001/swg.fits[1]
scw/0287/028700070010.001/swg.fits[1]
scw/0287/028700080010.001/swg.fits[1]
scw/0288/028800020010.001/swg.fits[1]
scw/0288/028800030010.001/swg.fits[1]
scw/0288/028800060010.001/swg.fits[1]
scw/0288/028800070010.001/swg.fits[1]
scw/0288/028800080010.001/swg.fits[1]
scw/0288/028800080020.001/swg.fits[1]
scw/0396/039600120010.001/swg.fits[1]
scw/0412/041200110010.001/swg.fits[1]
scw/1127/112700370010.001/swg.fits[1]
scw/1128/112800350010.001/swg.fits[1]
scw/1130/113000420010.001/swg.fits[1]
scw/1141/114100140010.001/swg.fits[1]
scw/1141/114100330010.001/swg.fits[1]
scw/1150/115000850010.001/swg.fits[1]
scw/1150/115000860010.001/swg.fits[1]
scw/1150/115000990010.001/swg.fits[1]
scw/1150/115001000010.001/swg.fits[1]
scw/1150/115001050010.001/swg.fits[1]
scw/1150/115001060010.001/swg.fits[1]
scw/1199/119900490010.001/swg.fits[1]
scw/1199/119900500010.001/swg.fits[1]
scw/1199/119900550010.001/swg.fits[1]
scw/1199/119900560010.001/swg.fits[1]
scw/1200/120000170010.001/swg.fits[1]
scw/1200/120000180010.001/swg.fits[1]
scw/1200/120000310010.001/swg.fits[1]
scw/1200/120000320010.001/swg.fits[1]
scw/1200/120000370010.001/swg.fits[1]
scw/1200/120000380010.001/swg.fits[1]
scw/1200/120000510010.001/swg.fits[1]
scw/1200/120000520010.001/swg.fits[1]
scw/1200/120000570010.001/swg.fits[1]
scw/1200/120000580010.001/swg.fits[1]
scw/1201/120100790010.001/swg.fits[1]
scw/1201/120100800010.001/swg.fits[1]
scw/1201/120100830010.001/swg.fits[1]
scw/1201/120100840010.001/swg.fits[1]
scw/1201/120100980010.001/swg.fits[1]
scw/1201/120100990010.001/swg.fits[1]
scw/1202/120200600010.001/swg.fits[1]
scw/1202/120200610010.001/swg.fits[1]
scw/1202/120200740010.001/swg.fits[1]
scw/1202/120200750010.001/swg.fits[1]
scw/1202/120200940010.001/swg.fits[1]
scw/1202/120200950010.001/swg.fits[1]
scw/1202/120200960010.001/swg.fits[1]
scw/1202/120200990010.001/swg.fits[1]
scw/1202/120201000010.001/swg.fits[1]
scw/1204/120400520010.001/swg.fits[1]
scw/1204/120400550010.001/swg.fits[1]
scw/1204/120400560010.001/swg.fits[1]
scw/1204/120400570010.001/swg.fits[1]
scw/1204/120400700010.001/swg.fits[1]
scw/1204/120400710010.001/swg.fits[1]
scw/1204/120400720010.001/swg.fits[1]
scw/1204/120400750010.001/swg.fits[1]
scw/1204/120400760010.001/swg.fits[1]
scw/1204/120400770010.001/swg.fits[1]
scw/1204/120400900010.001/swg.fits[1]
scw/1204/120400910010.001/swg.fits[1]
scw/1204/120400920010.001/swg.fits[1]
scw/1205/120500790010.001/swg.fits[1]
scw/1205/120500800010.001/swg.fits[1]
scw/1205/120500810010.001/swg.fits[1]
scw/1205/120500840010.001/swg.fits[1]
scw/1205/120500850010.001/swg.fits[1]
scw/1205/120500860010.001/swg.fits[1]
scw/1205/120501000010.001/swg.fits[1]
scw/1205/120501010010.001/swg.fits[1]
scw/1206/120600260010.001/swg.fits[1]
scw/1206/120600270010.001/swg.fits[1]
scw/1207/120700620010.001/swg.fits[1]
scw/1207/120700630010.001/swg.fits[1]
scw/1207/120700640010.001/swg.fits[1]
scw/1207/120700770010.001/swg.fits[1]
scw/1207/120700780010.001/swg.fits[1]
scw/1207/120700790010.001/swg.fits[1]
scw/1207/120700970010.001/swg.fits[1]
scw/1207/120700980010.001/swg.fits[1]
scw/1207/120700990010.001/swg.fits[1]
scw/1212/121200500010.001/swg.fits[1]
scw/1212/121200510010.001/swg.fits[1]
scw/1212/121200520010.001/swg.fits[1]
scw/1212/121200650010.001/swg.fits[1]
scw/1212/121200660010.001/swg.fits[1]
scw/1212/121200670010.001/swg.fits[1]
scw/1254/125400380010.001/swg.fits[1]
scw/1254/125400390010.001/swg.fits[1]
scw/1254/125400520010.001/swg.fits[1]
scw/1254/125400530010.001/swg.fits[1]
scw/1254/125400580010.001/swg.fits[1]
scw/1254/125400590010.001/swg.fits[1]
scw/1254/125400720010.001/swg.fits[1]
scw/1254/125400730010.001/swg.fits[1]
scw/1255/125500130010.001/swg.fits[1]
scw/1255/125500140010.001/swg.fits[1]
scw/1255/125500150010.001/swg.fits[1]
scw/1255/125500180010.001/swg.fits[1]
scw/1255/125500190010.001/swg.fits[1]
scw/1255/125500200010.001/swg.fits[1]
