scw/0926/092600810010.001/swg.fits[1]
scw/0934/093400370010.001/swg.fits[1]
scw/0935/093500050010.001/swg.fits[1]
scw/0935/093500480010.001/swg.fits[1]
scw/0935/093500490010.001/swg.fits[1]
scw/0935/093500570010.001/swg.fits[1]
scw/0939/093900040010.001/swg.fits[1]
scw/0939/093900050010.001/swg.fits[1]
scw/0942/094200400010.001/swg.fits[1]
scw/0942/094200410010.001/swg.fits[1]
scw/0978/097800340010.001/swg.fits[1]
scw/0982/098200500010.001/swg.fits[1]
scw/1014/101400330010.001/swg.fits[1]
scw/1015/101500240010.001/swg.fits[1]
scw/1016/101600460010.001/swg.fits[1]
scw/1018/101800420010.001/swg.fits[1]
scw/1177/117700350010.001/swg.fits[1]
scw/1195/119500550010.001/swg.fits[1]
scw/1197/119700140010.001/swg.fits[1]
scw/1287/128700820010.001/swg.fits[1]
scw/1288/128800240010.001/swg.fits[1]
scw/1293/129300220010.001/swg.fits[1]
scw/1293/129300310010.001/swg.fits[1]
scw/1299/129900540010.001/swg.fits[1]
