scw/0066/006600250010.001/swg.fits[1]
scw/0066/006600260010.001/swg.fits[1]
scw/0066/006600750010.001/swg.fits[1]
scw/0066/006600760010.001/swg.fits[1]
scw/0117/011700750010.001/swg.fits[1]
scw/0117/011700760010.001/swg.fits[1]
scw/0117/011701140010.001/swg.fits[1]
scw/0117/011701150010.001/swg.fits[1]
scw/0610/061000380010.001/swg.fits[1]
scw/0610/061000390010.001/swg.fits[1]
scw/0611/061100300010.001/swg.fits[1]
scw/0611/061100310010.001/swg.fits[1]
scw/0614/061400180010.001/swg.fits[1]
scw/0614/061400190010.001/swg.fits[1]
scw/0615/061500180010.001/swg.fits[1]
scw/0615/061500190010.001/swg.fits[1]
scw/0615/061500360010.001/swg.fits[1]
scw/0615/061500370010.001/swg.fits[1]
scw/0615/061500720010.001/swg.fits[1]
scw/0615/061500730010.001/swg.fits[1]
scw/0621/062100120010.001/swg.fits[1]
scw/0621/062100130010.001/swg.fits[1]
scw/0621/062100140010.001/swg.fits[1]
scw/0621/062100150010.001/swg.fits[1]
scw/0621/062100520010.001/swg.fits[1]
scw/0621/062100530010.001/swg.fits[1]
scw/0621/062100540010.001/swg.fits[1]
scw/0621/062100630010.001/swg.fits[1]
scw/0622/062200020010.001/swg.fits[1]
scw/0622/062200030010.001/swg.fits[1]
scw/0622/062200110010.001/swg.fits[1]
scw/0622/062200400010.001/swg.fits[1]
scw/0622/062200410010.001/swg.fits[1]
scw/0622/062200420010.001/swg.fits[1]
scw/0622/062200430010.001/swg.fits[1]
scw/0622/062200500010.001/swg.fits[1]
scw/0622/062200510010.001/swg.fits[1]
scw/0622/062200520010.001/swg.fits[1]
scw/0667/066700390010.001/swg.fits[1]
scw/0667/066700400010.001/swg.fits[1]
scw/0667/066700410010.001/swg.fits[1]
scw/0667/066700580010.001/swg.fits[1]
scw/0667/066700590010.001/swg.fits[1]
scw/0667/066700600010.001/swg.fits[1]
scw/0670/067000410010.001/swg.fits[1]
scw/0670/067000420010.001/swg.fits[1]
scw/0670/067000430010.001/swg.fits[1]
scw/0670/067000610010.001/swg.fits[1]
scw/0670/067000620010.001/swg.fits[1]
scw/0670/067000630010.001/swg.fits[1]
scw/0671/067100700010.001/swg.fits[1]
scw/0671/067100710010.001/swg.fits[1]
scw/0671/067100720010.001/swg.fits[1]
scw/0672/067200320010.001/swg.fits[1]
scw/0672/067200330010.001/swg.fits[1]
scw/0672/067200340010.001/swg.fits[1]
scw/0672/067200940010.001/swg.fits[1]
scw/0672/067200950010.001/swg.fits[1]
scw/0672/067200960010.001/swg.fits[1]
scw/0674/067400520010.001/swg.fits[1]
scw/0674/067400530010.001/swg.fits[1]
scw/0674/067400540010.001/swg.fits[1]
scw/0674/067400710010.001/swg.fits[1]
scw/0674/067400720010.001/swg.fits[1]
scw/0680/068000040010.001/swg.fits[1]
scw/0680/068000050010.001/swg.fits[1]
scw/0680/068000060010.001/swg.fits[1]
scw/0680/068000130010.001/swg.fits[1]
scw/0680/068000140010.001/swg.fits[1]
scw/0680/068000150010.001/swg.fits[1]
scw/0680/068000160010.001/swg.fits[1]
scw/0680/068000490010.001/swg.fits[1]
scw/0680/068000570010.001/swg.fits[1]
scw/0680/068000580010.001/swg.fits[1]
scw/0680/068000590010.001/swg.fits[1]
scw/0681/068100160010.001/swg.fits[1]
scw/0681/068100170010.001/swg.fits[1]
scw/0681/068100560010.001/swg.fits[1]
scw/0681/068100570010.001/swg.fits[1]
scw/0681/068100580010.001/swg.fits[1]
scw/0741/074100040010.001/swg.fits[1]
scw/0741/074100050010.001/swg.fits[1]
scw/0741/074100060010.001/swg.fits[1]
scw/0847/084700960010.001/swg.fits[1]
scw/0847/084700970010.001/swg.fits[1]
scw/0848/084800960010.001/swg.fits[1]
scw/0848/084800970010.001/swg.fits[1]
scw/0849/084900440010.001/swg.fits[1]
scw/0849/084900450010.001/swg.fits[1]
scw/0851/085100310010.001/swg.fits[1]
scw/0851/085100330010.001/swg.fits[1]
scw/0852/085200230010.001/swg.fits[1]
scw/0852/085200240010.001/swg.fits[1]
scw/2409/240900410010.001/swg.fits[1]
