scw/0116/011600050010.001/swg.fits[1]
scw/0116/011600060010.001/swg.fits[1]
scw/0116/011600110010.001/swg.fits[1]
scw/0116/011600120010.001/swg.fits[1]
scw/0119/011900170010.001/swg.fits[1]
scw/0119/011900180010.001/swg.fits[1]
scw/0119/011900450010.001/swg.fits[1]
scw/0119/011900460010.001/swg.fits[1]
scw/0164/016400180010.001/swg.fits[1]
scw/0164/016400190010.001/swg.fits[1]
scw/0164/016400300010.001/swg.fits[1]
scw/0164/016400310010.001/swg.fits[1]
scw/0164/016400320010.001/swg.fits[1]
scw/0165/016500760010.001/swg.fits[1]
scw/0165/016500770010.001/swg.fits[1]
scw/0165/016500780010.001/swg.fits[1]
scw/0165/016500890010.001/swg.fits[1]
scw/0165/016500900010.001/swg.fits[1]
scw/0231/023100490010.001/swg.fits[1]
scw/0231/023100520010.001/swg.fits[1]
scw/0231/023100530010.001/swg.fits[1]
scw/0233/023300900010.001/swg.fits[1]
scw/0233/023300910010.001/swg.fits[1]
scw/0233/023300940010.001/swg.fits[1]
scw/0233/023300950010.001/swg.fits[1]
scw/0296/029600100010.001/swg.fits[1]
scw/0296/029600110010.001/swg.fits[1]
scw/0296/029600120010.001/swg.fits[1]
scw/0358/035800410010.001/swg.fits[1]
scw/0358/035800420010.001/swg.fits[1]
scw/0358/035800430010.001/swg.fits[1]
scw/0360/036000720010.001/swg.fits[1]
scw/0360/036000730010.001/swg.fits[1]
scw/0360/036000740010.001/swg.fits[1]
scw/0417/041700410010.001/swg.fits[1]
scw/0417/041700420010.001/swg.fits[1]
scw/1780/178000720010.001/swg.fits[1]
scw/1859/185900060010.001/swg.fits[1]
scw/1859/185900070010.001/swg.fits[1]
scw/1859/185900080010.001/swg.fits[1]
scw/2200/220000300010.001/swg.fits[1]
scw/2326/232600150010.001/swg.fits[1]
scw/2326/232600160010.001/swg.fits[1]
scw/2326/232600170010.001/swg.fits[1]
scw/2326/232600250010.001/swg.fits[1]
scw/2326/232600360010.001/swg.fits[1]
scw/2326/232600450010.001/swg.fits[1]
scw/2327/232700060010.001/swg.fits[1]
scw/2328/232800430010.001/swg.fits[1]
scw/2328/232800440010.001/swg.fits[1]
scw/2328/232800450010.001/swg.fits[1]
scw/2328/232800530010.001/swg.fits[1]
scw/2397/239700710010.001/swg.fits[1]
