scw/1002/100200310010.001/swg.fits[1]
scw/1002/100200380010.001/swg.fits[1]
scw/1002/100200390010.001/swg.fits[1]
scw/1002/100200400010.001/swg.fits[1]
scw/1007/100700230010.001/swg.fits[1]
scw/1007/100700240010.001/swg.fits[1]
scw/1007/100700250010.001/swg.fits[1]
scw/1007/100700330010.001/swg.fits[1]
scw/1007/100700340010.001/swg.fits[1]
scw/1008/100800090010.001/swg.fits[1]
scw/1008/100800180010.001/swg.fits[1]
scw/1008/100800580010.001/swg.fits[1]
scw/1008/100800590010.001/swg.fits[1]
scw/1008/100800600010.001/swg.fits[1]
scw/1009/100900130010.001/swg.fits[1]
scw/1009/100900140010.001/swg.fits[1]
scw/1009/100900150010.001/swg.fits[1]
scw/1009/100900160010.001/swg.fits[1]
scw/1011/101100080010.001/swg.fits[1]
scw/1011/101100090010.001/swg.fits[1]
scw/1011/101100200010.001/swg.fits[1]
scw/1011/101100290010.001/swg.fits[1]
scw/1011/101100300010.001/swg.fits[1]
scw/1011/101100310010.001/swg.fits[1]
scw/1011/101100490010.001/swg.fits[1]
scw/1011/101100500010.001/swg.fits[1]
scw/1011/101100510010.001/swg.fits[1]
scw/1011/101100580010.001/swg.fits[1]
scw/1011/101100590010.001/swg.fits[1]
scw/1012/101200850010.001/swg.fits[1]
scw/1012/101200930010.001/swg.fits[1]
scw/1012/101200940010.001/swg.fits[1]
scw/1012/101200940020.001/swg.fits[1]
scw/1013/101300790010.001/swg.fits[1]
scw/1054/105400020010.001/swg.fits[1]
scw/1055/105500030010.001/swg.fits[1]
scw/1056/105600810010.001/swg.fits[1]
scw/1058/105800030010.001/swg.fits[1]
scw/1060/106000330010.001/swg.fits[1]
scw/1061/106100370010.001/swg.fits[1]
scw/1067/106700260010.001/swg.fits[1]
scw/1071/107100080010.001/swg.fits[1]
scw/1071/107100090010.001/swg.fits[1]
scw/1074/107400790010.001/swg.fits[1]
scw/1074/107400900010.001/swg.fits[1]
scw/1076/107600300010.001/swg.fits[1]
scw/1076/107600440010.001/swg.fits[1]
scw/1076/107600500010.001/swg.fits[1]
scw/1076/107600510010.001/swg.fits[1]
scw/1076/107600520010.001/swg.fits[1]
scw/1076/107600540010.001/swg.fits[1]
scw/1077/107700080010.001/swg.fits[1]
scw/1077/107700090010.001/swg.fits[1]
scw/1077/107700100010.001/swg.fits[1]
scw/1077/107700110010.001/swg.fits[1]
scw/1077/107700300010.001/swg.fits[1]
scw/1077/107700310010.001/swg.fits[1]
scw/1077/107700400010.001/swg.fits[1]
scw/1077/107700410010.001/swg.fits[1]
scw/1077/107700510010.001/swg.fits[1]
scw/1077/107700580010.001/swg.fits[1]
scw/1077/107700590010.001/swg.fits[1]
scw/1077/107700600010.001/swg.fits[1]
scw/1077/107700610010.001/swg.fits[1]
scw/1079/107900430010.001/swg.fits[1]
scw/1079/107900440010.001/swg.fits[1]
scw/1079/107900460010.001/swg.fits[1]
scw/1079/107900530010.001/swg.fits[1]
scw/1079/107900630010.001/swg.fits[1]
scw/1079/107900640010.001/swg.fits[1]
scw/1079/107900650010.001/swg.fits[1]
scw/1079/107900660010.001/swg.fits[1]
scw/1079/107900670010.001/swg.fits[1]
scw/1115/111500030010.001/swg.fits[1]
scw/1116/111600030010.001/swg.fits[1]
scw/1119/111900840010.001/swg.fits[1]
scw/1120/112000030010.001/swg.fits[1]
scw/1122/112200870010.001/swg.fits[1]
scw/1126/112600050010.001/swg.fits[1]
scw/1128/112800470010.001/swg.fits[1]
scw/1129/112900080010.001/swg.fits[1]
scw/1130/113000460010.001/swg.fits[1]
scw/1141/114100100010.001/swg.fits[1]
scw/1171/117100210010.001/swg.fits[1]
scw/1181/118100060010.001/swg.fits[1]
scw/1189/118900100010.001/swg.fits[1]
scw/1239/123900030010.001/swg.fits[1]
scw/1243/124300090010.001/swg.fits[1]
scw/1244/124400910010.001/swg.fits[1]
scw/1245/124500130010.001/swg.fits[1]
scw/1247/124700040010.001/swg.fits[1]
scw/1248/124800490010.001/swg.fits[1]
scw/1252/125200670010.001/swg.fits[1]
scw/1299/129900040010.001/swg.fits[1]
scw/1316/131600670010.001/swg.fits[1]
scw/1316/131600760010.001/swg.fits[1]
scw/1317/131700090010.001/swg.fits[1]
scw/1317/131700240010.001/swg.fits[1]
scw/1365/136500660010.001/swg.fits[1]
scw/1365/136500690010.001/swg.fits[1]
scw/1371/137100600010.001/swg.fits[1]
scw/1371/137100610010.001/swg.fits[1]
scw/1374/137400540010.001/swg.fits[1]
scw/1376/137600610010.001/swg.fits[1]
scw/1376/137600720010.001/swg.fits[1]
scw/1437/143700630010.001/swg.fits[1]
scw/1438/143800680010.001/swg.fits[1]
scw/1482/148200130010.001/swg.fits[1]
scw/1569/156900040010.001/swg.fits[1]
scw/1569/156900050010.001/swg.fits[1]
scw/1569/156900060010.001/swg.fits[1]
scw/1569/156900070010.001/swg.fits[1]
scw/1569/156900080010.001/swg.fits[1]
scw/1569/156900090010.001/swg.fits[1]
scw/1569/156900100010.001/swg.fits[1]
scw/1569/156900110010.001/swg.fits[1]
scw/1569/156900140010.001/swg.fits[1]
scw/1569/156900150010.001/swg.fits[1]
scw/1569/156900160010.001/swg.fits[1]
scw/1569/156900180010.001/swg.fits[1]
scw/1569/156900190010.001/swg.fits[1]
scw/1569/156900200010.001/swg.fits[1]
scw/1569/156900210010.001/swg.fits[1]
scw/1569/156900220010.001/swg.fits[1]
scw/1569/156900230010.001/swg.fits[1]
scw/1569/156900240010.001/swg.fits[1]
scw/1569/156900250010.001/swg.fits[1]
scw/1569/156900260010.001/swg.fits[1]
scw/1569/156900270010.001/swg.fits[1]
scw/1569/156900280010.001/swg.fits[1]
scw/1569/156900290010.001/swg.fits[1]
scw/1569/156900300010.001/swg.fits[1]
scw/1569/156900310010.001/swg.fits[1]
scw/1569/156900320010.001/swg.fits[1]
scw/1569/156900330010.001/swg.fits[1]
scw/1569/156900340010.001/swg.fits[1]
scw/1569/156900350010.001/swg.fits[1]
scw/1569/156900360010.001/swg.fits[1]
scw/1569/156900380010.001/swg.fits[1]
scw/1569/156900390010.001/swg.fits[1]
scw/1569/156900400010.001/swg.fits[1]
scw/1569/156900410010.001/swg.fits[1]
scw/1569/156900420010.001/swg.fits[1]
scw/1569/156900430010.001/swg.fits[1]
scw/1569/156900450010.001/swg.fits[1]
scw/1569/156900460010.001/swg.fits[1]
scw/1569/156900480010.001/swg.fits[1]
scw/1569/156900490010.001/swg.fits[1]
scw/1569/156900500010.001/swg.fits[1]
scw/1630/163000100010.001/swg.fits[1]
scw/1630/163000110010.001/swg.fits[1]
scw/1630/163000180010.001/swg.fits[1]
scw/1630/163000190010.001/swg.fits[1]
scw/1630/163000210010.001/swg.fits[1]
scw/1630/163000300010.001/swg.fits[1]
scw/1630/163000310010.001/swg.fits[1]
scw/1630/163000380010.001/swg.fits[1]
scw/1630/163000390010.001/swg.fits[1]
scw/1688/168800040010.001/swg.fits[1]
scw/1688/168800050010.001/swg.fits[1]
scw/1688/168800060010.001/swg.fits[1]
scw/1688/168800070010.001/swg.fits[1]
scw/1688/168800080010.001/swg.fits[1]
scw/1688/168800090010.001/swg.fits[1]
scw/1688/168800140010.001/swg.fits[1]
scw/1688/168800150010.001/swg.fits[1]
scw/1688/168800160010.001/swg.fits[1]
scw/1688/168800370010.001/swg.fits[1]
scw/1688/168800380010.001/swg.fits[1]
scw/1688/168800450010.001/swg.fits[1]
scw/1688/168800460010.001/swg.fits[1]
scw/1688/168800470010.001/swg.fits[1]
scw/1688/168800540010.001/swg.fits[1]
scw/1688/168800540020.001/swg.fits[1]
scw/1689/168900040010.001/swg.fits[1]
scw/1689/168900050010.001/swg.fits[1]
scw/1689/168900060010.001/swg.fits[1]
scw/1689/168900470010.001/swg.fits[1]
scw/1689/168900480010.001/swg.fits[1]
scw/1690/169000020010.001/swg.fits[1]
scw/1690/169000030010.001/swg.fits[1]
scw/1690/169000040010.001/swg.fits[1]
scw/1690/169000050010.001/swg.fits[1]
scw/1690/169000340010.001/swg.fits[1]
scw/1690/169000350010.001/swg.fits[1]
scw/1690/169000420010.001/swg.fits[1]
scw/1690/169000430010.001/swg.fits[1]
scw/1690/169000440010.001/swg.fits[1]
scw/1690/169000450010.001/swg.fits[1]
scw/1691/169100020010.001/swg.fits[1]
scw/1691/169100030010.001/swg.fits[1]
scw/1691/169100440010.001/swg.fits[1]
scw/1691/169100450010.001/swg.fits[1]
scw/1691/169100510010.001/swg.fits[1]
scw/1691/169100520010.001/swg.fits[1]
scw/1691/169100530010.001/swg.fits[1]
scw/1692/169200030010.001/swg.fits[1]
scw/1692/169200040010.001/swg.fits[1]
scw/1692/169200050010.001/swg.fits[1]
scw/1692/169200100010.001/swg.fits[1]
scw/1692/169200110010.001/swg.fits[1]
scw/1692/169200120010.001/swg.fits[1]
scw/1692/169200330010.001/swg.fits[1]
scw/1692/169200340010.001/swg.fits[1]
scw/1692/169200410010.001/swg.fits[1]
scw/1692/169200420010.001/swg.fits[1]
