scw/0097/009700050010.001/swg.fits[1]
scw/0097/009700490010.001/swg.fits[1]
scw/0101/010100040010.001/swg.fits[1]
scw/0101/010100480010.001/swg.fits[1]
scw/0163/016300560010.001/swg.fits[1]
scw/0163/016300570010.001/swg.fits[1]
scw/0228/022800050010.001/swg.fits[1]
scw/0228/022800160010.001/swg.fits[1]
scw/0228/022800170010.001/swg.fits[1]
scw/0228/022800980010.001/swg.fits[1]
scw/0228/022800990010.001/swg.fits[1]
scw/0228/022801100010.001/swg.fits[1]
scw/0228/022801110010.001/swg.fits[1]
scw/0235/023500330010.001/swg.fits[1]
scw/0235/023500340010.001/swg.fits[1]
scw/0235/023500450010.001/swg.fits[1]
scw/0235/023500460010.001/swg.fits[1]
scw/0294/029400110010.001/swg.fits[1]
scw/0294/029400120010.001/swg.fits[1]
scw/0359/035900030010.001/swg.fits[1]
scw/0359/035900040010.001/swg.fits[1]
scw/0410/041000190010.001/swg.fits[1]
scw/0410/041000200010.001/swg.fits[1]
scw/0410/041000400010.001/swg.fits[1]
scw/0410/041000480010.001/swg.fits[1]
scw/0410/041000490010.001/swg.fits[1]
scw/0410/041000500010.001/swg.fits[1]
scw/0410/041000510010.001/swg.fits[1]
scw/0410/041000600010.001/swg.fits[1]
scw/0416/041600090010.001/swg.fits[1]
scw/0416/041600100010.001/swg.fits[1]
scw/0416/041600110010.001/swg.fits[1]
scw/0417/041700740010.001/swg.fits[1]
scw/0417/041700750010.001/swg.fits[1]
scw/0417/041700760010.001/swg.fits[1]
scw/0418/041800270010.001/swg.fits[1]
scw/0418/041800280010.001/swg.fits[1]
scw/0418/041800290010.001/swg.fits[1]
scw/0418/041800370010.001/swg.fits[1]
scw/0418/041800470010.001/swg.fits[1]
scw/0418/041800480010.001/swg.fits[1]
scw/0419/041900210010.001/swg.fits[1]
scw/0419/041900220010.001/swg.fits[1]
scw/0419/041900230010.001/swg.fits[1]
scw/0419/041900310010.001/swg.fits[1]
scw/0419/041900410010.001/swg.fits[1]
scw/0420/042000510010.001/swg.fits[1]
scw/0420/042000590010.001/swg.fits[1]
scw/0420/042000600010.001/swg.fits[1]
scw/0420/042000610010.001/swg.fits[1]
scw/0463/046300400010.001/swg.fits[1]
scw/0463/046300490010.001/swg.fits[1]
scw/0463/046300500010.001/swg.fits[1]
scw/0463/046300690010.001/swg.fits[1]
scw/0463/046300700010.001/swg.fits[1]
scw/0465/046500040010.001/swg.fits[1]
scw/0465/046500120010.001/swg.fits[1]
scw/0465/046500130010.001/swg.fits[1]
scw/0465/046500140010.001/swg.fits[1]
scw/0465/046500340010.001/swg.fits[1]
scw/0467/046700120010.001/swg.fits[1]
scw/0467/046700130010.001/swg.fits[1]
scw/0467/046700320010.001/swg.fits[1]
scw/0467/046700330010.001/swg.fits[1]
scw/0467/046700530010.001/swg.fits[1]
scw/0467/046700620010.001/swg.fits[1]
scw/0467/046700630010.001/swg.fits[1]
scw/0469/046900160010.001/swg.fits[1]
scw/0469/046900240010.001/swg.fits[1]
scw/0469/046900250010.001/swg.fits[1]
scw/0469/046900260010.001/swg.fits[1]
scw/0469/046900460010.001/swg.fits[1]
scw/0469/046900550010.001/swg.fits[1]
scw/0469/046900560010.001/swg.fits[1]
scw/0469/046900570010.001/swg.fits[1]
scw/0471/047100170010.001/swg.fits[1]
scw/0471/047100180010.001/swg.fits[1]
scw/0471/047100190010.001/swg.fits[1]
scw/0471/047100390010.001/swg.fits[1]
scw/0471/047100470010.001/swg.fits[1]
scw/0471/047100480010.001/swg.fits[1]
scw/0471/047100490010.001/swg.fits[1]
scw/0472/047200050010.001/swg.fits[1]
scw/0472/047200060010.001/swg.fits[1]
scw/0472/047200150010.001/swg.fits[1]
scw/0890/089000840010.001/swg.fits[1]
scw/0892/089200180010.001/swg.fits[1]
scw/0892/089200380010.001/swg.fits[1]
scw/0893/089300080010.001/swg.fits[1]
scw/0893/089300090010.001/swg.fits[1]
scw/0893/089300290010.001/swg.fits[1]
scw/0893/089300580010.001/swg.fits[1]
scw/0894/089400510010.001/swg.fits[1]
scw/0952/095200810010.001/swg.fits[1]
scw/0953/095300440010.001/swg.fits[1]
scw/0954/095400050010.001/swg.fits[1]
scw/0955/095500290010.001/swg.fits[1]
scw/0955/095500490010.001/swg.fits[1]
scw/0955/095500500010.001/swg.fits[1]
scw/0958/095800270010.001/swg.fits[1]
scw/0958/095800280010.001/swg.fits[1]
scw/1985/198500180010.001/swg.fits[1]
scw/1985/198500380010.001/swg.fits[1]
scw/1985/198500390010.001/swg.fits[1]
scw/1985/198500680010.001/swg.fits[1]
scw/1985/198500880010.001/swg.fits[1]
scw/2059/205900140010.001/swg.fits[1]
scw/2059/205900430010.001/swg.fits[1]
scw/2059/205900440010.001/swg.fits[1]
scw/2059/205900630010.001/swg.fits[1]
scw/2060/206000330010.001/swg.fits[1]
scw/2060/206000340010.001/swg.fits[1]
scw/2060/206000350010.001/swg.fits[1]
scw/2257/225700560010.001/swg.fits[1]
scw/2257/225700570010.001/swg.fits[1]
scw/2258/225800160010.001/swg.fits[1]
scw/2258/225800170010.001/swg.fits[1]
scw/2259/225900160010.001/swg.fits[1]
scw/2259/225900170010.001/swg.fits[1]
scw/2260/226000170010.001/swg.fits[1]
