scw/0099/009900470010.001/swg.fits[1]
scw/0099/009900490010.001/swg.fits[1]
scw/0099/009900500010.001/swg.fits[1]
scw/0099/009900510010.001/swg.fits[1]
scw/0099/009900550010.001/swg.fits[1]
scw/0099/009900560010.001/swg.fits[1]
scw/0099/009900570010.001/swg.fits[1]
scw/0099/009900590010.001/swg.fits[1]
scw/0154/015400390010.001/swg.fits[1]
scw/0154/015400410010.001/swg.fits[1]
scw/0154/015400420010.001/swg.fits[1]
scw/0154/015400430010.001/swg.fits[1]
scw/2092/209200690010.001/swg.fits[1]
scw/2092/209200700010.001/swg.fits[1]
scw/2093/209300120010.001/swg.fits[1]
scw/2093/209300380010.001/swg.fits[1]
scw/2093/209300560010.001/swg.fits[1]
scw/2093/209300570010.001/swg.fits[1]
scw/2183/218300150010.001/swg.fits[1]
scw/2183/218300230010.001/swg.fits[1]
scw/2183/218300240010.001/swg.fits[1]
scw/2184/218400100010.001/swg.fits[1]
scw/2184/218400110010.001/swg.fits[1]
scw/2184/218400120010.001/swg.fits[1]
scw/2184/218400130010.001/swg.fits[1]
scw/2184/218400200010.001/swg.fits[1]
scw/2184/218400210010.001/swg.fits[1]
scw/2184/218400520010.001/swg.fits[1]
scw/2184/218400520020.001/swg.fits[1]
scw/2185/218500100010.001/swg.fits[1]
scw/2185/218500110010.001/swg.fits[1]
scw/2185/218500120010.001/swg.fits[1]
scw/2185/218500190010.001/swg.fits[1]
scw/2185/218500200010.001/swg.fits[1]
scw/2185/218500510010.001/swg.fits[1]
scw/2186/218600020010.001/swg.fits[1]
scw/2186/218600090010.001/swg.fits[1]
scw/2186/218600100010.001/swg.fits[1]
scw/2186/218600110010.001/swg.fits[1]
scw/2186/218600120010.001/swg.fits[1]
scw/2186/218600190010.001/swg.fits[1]
scw/2186/218600200010.001/swg.fits[1]
scw/2288/228800260010.001/swg.fits[1]
scw/2288/228800520010.001/swg.fits[1]
scw/2288/228800740010.001/swg.fits[1]
scw/2288/228800750010.001/swg.fits[1]
scw/2291/229100540010.001/swg.fits[1]
scw/2291/229100560010.001/swg.fits[1]
scw/2291/229100570010.001/swg.fits[1]
scw/2292/229200810010.001/swg.fits[1]
scw/2292/229200820010.001/swg.fits[1]
scw/2292/229200830010.001/swg.fits[1]
scw/2295/229500320010.001/swg.fits[1]
scw/2295/229500330010.001/swg.fits[1]
scw/2295/229500340010.001/swg.fits[1]
scw/2295/229500400010.001/swg.fits[1]
scw/2295/229500410010.001/swg.fits[1]
scw/2295/229500420010.001/swg.fits[1]
scw/2295/229500430010.001/swg.fits[1]
scw/2295/229500440010.001/swg.fits[1]
scw/2297/229700550010.001/swg.fits[1]
scw/2299/229900020010.001/swg.fits[1]
scw/2299/229900030010.001/swg.fits[1]
scw/2299/229900040010.001/swg.fits[1]
scw/2299/229900100010.001/swg.fits[1]
scw/2299/229900110010.001/swg.fits[1]
scw/2299/229900130010.001/swg.fits[1]
scw/2303/230300430010.001/swg.fits[1]
scw/2303/230300440010.001/swg.fits[1]
scw/2303/230300490010.001/swg.fits[1]
scw/2303/230300500010.001/swg.fits[1]
scw/2306/230600500010.001/swg.fits[1]
scw/2306/230600540010.001/swg.fits[1]
scw/2306/230600550010.001/swg.fits[1]
scw/2306/230600560010.001/swg.fits[1]
scw/2306/230600560020.001/swg.fits[1]
