scw/0301/030100800010.001/swg.fits[1]
scw/0301/030100810010.001/swg.fits[1]
scw/0301/030100820010.001/swg.fits[1]
scw/0301/030100870010.001/swg.fits[1]
scw/0301/030100880010.001/swg.fits[1]
scw/0301/030100890010.001/swg.fits[1]
scw/0302/030200380010.001/swg.fits[1]
scw/0302/030200390010.001/swg.fits[1]
scw/0302/030200400010.001/swg.fits[1]
scw/0302/030200410010.001/swg.fits[1]
scw/0302/030200420010.001/swg.fits[1]
scw/0302/030200430010.001/swg.fits[1]
scw/0302/030200480010.001/swg.fits[1]
scw/0302/030200490010.001/swg.fits[1]
scw/0302/030200500010.001/swg.fits[1]
scw/0302/030200920010.001/swg.fits[1]
scw/0302/030200930010.001/swg.fits[1]
scw/0302/030200980010.001/swg.fits[1]
scw/0302/030200990010.001/swg.fits[1]
scw/0303/030300260010.001/swg.fits[1]
scw/0303/030300610010.001/swg.fits[1]
scw/0303/030300620010.001/swg.fits[1]
scw/0303/030300650010.001/swg.fits[1]
scw/0303/030300660010.001/swg.fits[1]
scw/0303/030300710010.001/swg.fits[1]
scw/0303/030300720010.001/swg.fits[1]
scw/0347/034700140010.001/swg.fits[1]
scw/0347/034700330010.001/swg.fits[1]
scw/0347/034700340010.001/swg.fits[1]
scw/0347/034700360010.001/swg.fits[1]
scw/0347/034700370010.001/swg.fits[1]
scw/0347/034700380010.001/swg.fits[1]
scw/0347/034700430010.001/swg.fits[1]
scw/0347/034700440010.001/swg.fits[1]
scw/0347/034700470010.001/swg.fits[1]
scw/0347/034700480010.001/swg.fits[1]
scw/0347/034700490010.001/swg.fits[1]
scw/0347/034700530010.001/swg.fits[1]
scw/0350/035000200010.001/swg.fits[1]
scw/0350/035000230010.001/swg.fits[1]
scw/0350/035000240010.001/swg.fits[1]
scw/0350/035000250010.001/swg.fits[1]
scw/0350/035000260010.001/swg.fits[1]
scw/0350/035000290010.001/swg.fits[1]
scw/0350/035000300010.001/swg.fits[1]
scw/0350/035000310010.001/swg.fits[1]
scw/0350/035000340010.001/swg.fits[1]
scw/0350/035000350010.001/swg.fits[1]
scw/0350/035000600010.001/swg.fits[1]
scw/0350/035000610010.001/swg.fits[1]
scw/0350/035000620010.001/swg.fits[1]
scw/0350/035000670010.001/swg.fits[1]
scw/0350/035000680010.001/swg.fits[1]
scw/0350/035000690010.001/swg.fits[1]
scw/0351/035100450010.001/swg.fits[1]
scw/0351/035100460010.001/swg.fits[1]
scw/0351/035100470010.001/swg.fits[1]
scw/0351/035100520010.001/swg.fits[1]
scw/0351/035100530010.001/swg.fits[1]
scw/0351/035100540010.001/swg.fits[1]
scw/0351/035100950010.001/swg.fits[1]
scw/0351/035100960010.001/swg.fits[1]
scw/0353/035300410010.001/swg.fits[1]
scw/0353/035300420010.001/swg.fits[1]
scw/0353/035300430010.001/swg.fits[1]
scw/0353/035300460010.001/swg.fits[1]
scw/0353/035300470010.001/swg.fits[1]
scw/0353/035300480010.001/swg.fits[1]
scw/0353/035300510010.001/swg.fits[1]
scw/0353/035300520010.001/swg.fits[1]
scw/0353/035300530010.001/swg.fits[1]
scw/0353/035300570010.001/swg.fits[1]
scw/0354/035400380010.001/swg.fits[1]
scw/0354/035400800010.001/swg.fits[1]
scw/0399/039900570010.001/swg.fits[1]
scw/0407/040700150010.001/swg.fits[1]
scw/0411/041100170010.001/swg.fits[1]
scw/0427/042700520010.001/swg.fits[1]
scw/0468/046800350010.001/swg.fits[1]
scw/0468/046800360010.001/swg.fits[1]
scw/0468/046800370010.001/swg.fits[1]
scw/0468/046800420010.001/swg.fits[1]
scw/0468/046800430010.001/swg.fits[1]
scw/0468/046800550010.001/swg.fits[1]
scw/0468/046800560010.001/swg.fits[1]
scw/0468/046800630010.001/swg.fits[1]
scw/0468/046800640010.001/swg.fits[1]
scw/0468/046800660010.001/swg.fits[1]
scw/0525/052500190010.001/swg.fits[1]
scw/0525/052500230010.001/swg.fits[1]
scw/0525/052500240010.001/swg.fits[1]
scw/0525/052500250010.001/swg.fits[1]
scw/0525/052500280010.001/swg.fits[1]
scw/0525/052500290010.001/swg.fits[1]
scw/0525/052500350010.001/swg.fits[1]
scw/0531/053100280010.001/swg.fits[1]
scw/0531/053100290010.001/swg.fits[1]
scw/0531/053100330010.001/swg.fits[1]
scw/0531/053100340010.001/swg.fits[1]
scw/0531/053100350010.001/swg.fits[1]
scw/0531/053100370010.001/swg.fits[1]
scw/0531/053100380010.001/swg.fits[1]
scw/0531/053100390010.001/swg.fits[1]
scw/0531/053100450010.001/swg.fits[1]
scw/0536/053600320010.001/swg.fits[1]
scw/0536/053600330010.001/swg.fits[1]
scw/0536/053600380010.001/swg.fits[1]
scw/0536/053600390010.001/swg.fits[1]
scw/0536/053600400010.001/swg.fits[1]
scw/0536/053600410010.001/swg.fits[1]
scw/0536/053600420010.001/swg.fits[1]
scw/0536/053600430010.001/swg.fits[1]
scw/0536/053600490010.001/swg.fits[1]
scw/0540/054000260010.001/swg.fits[1]
scw/0540/054000320010.001/swg.fits[1]
scw/0540/054000330010.001/swg.fits[1]
scw/0540/054000340010.001/swg.fits[1]
scw/0540/054000350010.001/swg.fits[1]
scw/0540/054000360010.001/swg.fits[1]
scw/0540/054000370010.001/swg.fits[1]
scw/0540/054000430010.001/swg.fits[1]
scw/0544/054400400010.001/swg.fits[1]
scw/0544/054400460010.001/swg.fits[1]
scw/0544/054400470010.001/swg.fits[1]
scw/0544/054400480010.001/swg.fits[1]
scw/0544/054400490010.001/swg.fits[1]
scw/0544/054400500010.001/swg.fits[1]
scw/0544/054400510010.001/swg.fits[1]
scw/0544/054400570010.001/swg.fits[1]
scw/0544/054400580010.001/swg.fits[1]
scw/0731/073100680010.001/swg.fits[1]
scw/0731/073100700010.001/swg.fits[1]
scw/0782/078200130010.001/swg.fits[1]
scw/0782/078200150010.001/swg.fits[1]
scw/0782/078200160010.001/swg.fits[1]
scw/0782/078200170010.001/swg.fits[1]
scw/0782/078200220010.001/swg.fits[1]
scw/0782/078200230010.001/swg.fits[1]
scw/0782/078200650010.001/swg.fits[1]
scw/0782/078200670010.001/swg.fits[1]
scw/0782/078200680010.001/swg.fits[1]
scw/0782/078200690010.001/swg.fits[1]
scw/0782/078200750010.001/swg.fits[1]
scw/0782/078200760010.001/swg.fits[1]
scw/0785/078500460010.001/swg.fits[1]
scw/0785/078500470010.001/swg.fits[1]
scw/0785/078500500010.001/swg.fits[1]
scw/0785/078500510010.001/swg.fits[1]
scw/0785/078500570010.001/swg.fits[1]
scw/0786/078600500010.001/swg.fits[1]
scw/0786/078600510010.001/swg.fits[1]
scw/0786/078600520010.001/swg.fits[1]
scw/0786/078600530010.001/swg.fits[1]
scw/0786/078600540010.001/swg.fits[1]
scw/0786/078600600010.001/swg.fits[1]
scw/0788/078800480010.001/swg.fits[1]
scw/0788/078800520010.001/swg.fits[1]
scw/0788/078800530010.001/swg.fits[1]
scw/0790/079000130010.001/swg.fits[1]
scw/0790/079000190010.001/swg.fits[1]
scw/0790/079000230010.001/swg.fits[1]
scw/0790/079000240010.001/swg.fits[1]
scw/0791/079100380010.001/swg.fits[1]
scw/0791/079100390010.001/swg.fits[1]
scw/0791/079100420010.001/swg.fits[1]
scw/0791/079100430010.001/swg.fits[1]
scw/0791/079100440010.001/swg.fits[1]
scw/0791/079100480010.001/swg.fits[1]
scw/0791/079101010010.001/swg.fits[1]
scw/0791/079101020010.001/swg.fits[1]
scw/0791/079101070010.001/swg.fits[1]
scw/0791/079101080010.001/swg.fits[1]
scw/0791/079101090010.001/swg.fits[1]
scw/0791/079101110010.001/swg.fits[1]
scw/0840/084000410010.001/swg.fits[1]
scw/0840/084000470010.001/swg.fits[1]
scw/0840/084000480010.001/swg.fits[1]
scw/0840/084000490010.001/swg.fits[1]
scw/0840/084000510010.001/swg.fits[1]
scw/0840/084000930010.001/swg.fits[1]
scw/0840/084000950010.001/swg.fits[1]
scw/0840/084000960010.001/swg.fits[1]
scw/0840/084000970010.001/swg.fits[1]
scw/0840/084001030010.001/swg.fits[1]
scw/0841/084100410010.001/swg.fits[1]
scw/0841/084100470010.001/swg.fits[1]
scw/0841/084100480010.001/swg.fits[1]
scw/0841/084100490010.001/swg.fits[1]
scw/0841/084100510010.001/swg.fits[1]
scw/0841/084100520010.001/swg.fits[1]
scw/0841/084100930010.001/swg.fits[1]
scw/0841/084100940010.001/swg.fits[1]
scw/0841/084100950010.001/swg.fits[1]
scw/0841/084100960010.001/swg.fits[1]
scw/0841/084100970010.001/swg.fits[1]
scw/0841/084101030010.001/swg.fits[1]
scw/0842/084200410010.001/swg.fits[1]
scw/0842/084200420010.001/swg.fits[1]
scw/0842/084200470010.001/swg.fits[1]
scw/0842/084200480010.001/swg.fits[1]
scw/0842/084200930010.001/swg.fits[1]
scw/0842/084200950010.001/swg.fits[1]
scw/0842/084200960010.001/swg.fits[1]
scw/0842/084200970010.001/swg.fits[1]
scw/0842/084201030010.001/swg.fits[1]
scw/0843/084300450010.001/swg.fits[1]
scw/0843/084300460010.001/swg.fits[1]
scw/0843/084300830010.001/swg.fits[1]
scw/0843/084300850010.001/swg.fits[1]
scw/0843/084300860010.001/swg.fits[1]
scw/0843/084300870010.001/swg.fits[1]
scw/0843/084300930010.001/swg.fits[1]
scw/0843/084300940010.001/swg.fits[1]
scw/0844/084400390010.001/swg.fits[1]
scw/0844/084400400010.001/swg.fits[1]
scw/0844/084400450010.001/swg.fits[1]
scw/0844/084400460010.001/swg.fits[1]
scw/0844/084400470010.001/swg.fits[1]
scw/0844/084400490010.001/swg.fits[1]
scw/0844/084400900010.001/swg.fits[1]
scw/0844/084400910010.001/swg.fits[1]
scw/0844/084400930010.001/swg.fits[1]
scw/0844/084400940010.001/swg.fits[1]
scw/0844/084400950010.001/swg.fits[1]
scw/0844/084401000010.001/swg.fits[1]
