scw/0077/007700380010.001/swg.fits[1]
scw/0078/007800200010.001/swg.fits[1]
scw/0078/007800240010.001/swg.fits[1]
scw/0321/032100320010.001/swg.fits[1]
scw/0321/032100330010.001/swg.fits[1]
scw/0321/032100340010.001/swg.fits[1]
scw/0334/033400780010.001/swg.fits[1]
scw/0334/033400790010.001/swg.fits[1]
scw/0397/039700120010.001/swg.fits[1]
scw/0397/039700210010.001/swg.fits[1]
scw/0397/039700320010.001/swg.fits[1]
scw/0397/039700410010.001/swg.fits[1]
scw/0398/039800280010.001/swg.fits[1]
scw/0398/039800570010.001/swg.fits[1]
scw/0399/039900170010.001/swg.fits[1]
scw/0399/039900280010.001/swg.fits[1]
scw/0399/039900370010.001/swg.fits[1]
scw/0444/044400560010.001/swg.fits[1]
scw/0445/044500890010.001/swg.fits[1]
scw/0445/044500900010.001/swg.fits[1]
scw/0766/076600520010.001/swg.fits[1]
scw/0766/076600630010.001/swg.fits[1]
scw/0768/076800080010.001/swg.fits[1]
scw/0829/082900160010.001/swg.fits[1]
scw/0830/083000220010.001/swg.fits[1]
scw/0830/083000230010.001/swg.fits[1]
scw/0830/083000420010.001/swg.fits[1]
