scw/0205/020500030010.001/swg.fits[1]
scw/0205/020500040010.001/swg.fits[1]
scw/0205/020500480010.001/swg.fits[1]
scw/0205/020500490010.001/swg.fits[1]
scw/0205/020500510010.001/swg.fits[1]
scw/0205/020500520010.001/swg.fits[1]
scw/0206/020600350010.001/swg.fits[1]
scw/0206/020600360010.001/swg.fits[1]
scw/0206/020600380010.001/swg.fits[1]
scw/0206/020600390010.001/swg.fits[1]
scw/0257/025700610010.001/swg.fits[1]
scw/0257/025700620010.001/swg.fits[1]
scw/0257/025700630010.001/swg.fits[1]
scw/0625/062500100010.001/swg.fits[1]
scw/0625/062500110010.001/swg.fits[1]
scw/0625/062500120010.001/swg.fits[1]
scw/0626/062600030010.001/swg.fits[1]
scw/0626/062600040010.001/swg.fits[1]
scw/0626/062600050010.001/swg.fits[1]
scw/0626/062600540010.001/swg.fits[1]
scw/0627/062700470010.001/swg.fits[1]
scw/0685/068500160010.001/swg.fits[1]
scw/0685/068500170010.001/swg.fits[1]
scw/0686/068600070010.001/swg.fits[1]
scw/0688/068800350010.001/swg.fits[1]
scw/0688/068800360010.001/swg.fits[1]
scw/0688/068800370010.001/swg.fits[1]
scw/0688/068800380010.001/swg.fits[1]
scw/0689/068900270010.001/swg.fits[1]
scw/0689/068900280010.001/swg.fits[1]
scw/0760/076000280010.001/swg.fits[1]
scw/0827/082700200010.001/swg.fits[1]
scw/0827/082700270010.001/swg.fits[1]
scw/0828/082800160010.001/swg.fits[1]
scw/0829/082900210010.001/swg.fits[1]
scw/0829/082900220010.001/swg.fits[1]
