scw/0950/095000290010.001/swg.fits[1]
scw/0950/095000300010.001/swg.fits[1]
scw/0950/095000310010.001/swg.fits[1]
scw/0950/095000670010.001/swg.fits[1]
scw/0950/095000680010.001/swg.fits[1]
scw/0950/095000690010.001/swg.fits[1]
scw/0952/095200430010.001/swg.fits[1]
scw/0952/095200440010.001/swg.fits[1]
scw/0952/095200450010.001/swg.fits[1]
scw/1012/101200290010.001/swg.fits[1]
scw/1012/101200690010.001/swg.fits[1]
scw/1012/101200700010.001/swg.fits[1]
scw/1013/101300300010.001/swg.fits[1]
scw/1013/101300310010.001/swg.fits[1]
scw/1013/101300480010.001/swg.fits[1]
scw/1013/101300490010.001/swg.fits[1]
scw/1136/113600420010.001/swg.fits[1]
scw/1136/113600430010.001/swg.fits[1]
scw/1198/119800480010.001/swg.fits[1]
scw/1198/119800490010.001/swg.fits[1]
scw/1198/119800500010.001/swg.fits[1]
scw/1255/125500870010.001/swg.fits[1]
scw/1255/125500880010.001/swg.fits[1]
scw/1256/125600740010.001/swg.fits[1]
scw/1256/125600750010.001/swg.fits[1]
