scw/0055/005500860010.001/swg.fits[1]
scw/0181/018100080010.001/swg.fits[1]
scw/0229/022900460010.001/swg.fits[1]
scw/0234/023400160010.001/swg.fits[1]
scw/0301/030100180010.001/swg.fits[1]
scw/0412/041200130010.001/swg.fits[1]
scw/0717/071700180010.001/swg.fits[1]
scw/0717/071700230010.001/swg.fits[1]
scw/0717/071700240010.001/swg.fits[1]
scw/0717/071700250010.001/swg.fits[1]
scw/0717/071700280010.001/swg.fits[1]
scw/0717/071700290010.001/swg.fits[1]
scw/0717/071700350010.001/swg.fits[1]
scw/0717/071700680010.001/swg.fits[1]
scw/0717/071700690010.001/swg.fits[1]
scw/0720/072000240010.001/swg.fits[1]
scw/0720/072000270010.001/swg.fits[1]
scw/0720/072000280010.001/swg.fits[1]
scw/0720/072000330010.001/swg.fits[1]
scw/0720/072000340010.001/swg.fits[1]
scw/0720/072000370010.001/swg.fits[1]
scw/0720/072000380010.001/swg.fits[1]
scw/0720/072000430010.001/swg.fits[1]
scw/0720/072000440010.001/swg.fits[1]
scw/0720/072000450010.001/swg.fits[1]
scw/0720/072000470010.001/swg.fits[1]
scw/0720/072000730010.001/swg.fits[1]
scw/0720/072000740010.001/swg.fits[1]
scw/0720/072000770010.001/swg.fits[1]
scw/0720/072000780010.001/swg.fits[1]
scw/0720/072000830010.001/swg.fits[1]
scw/0721/072100020010.001/swg.fits[1]
scw/0721/072100030010.001/swg.fits[1]
scw/0721/072100050010.001/swg.fits[1]
scw/0721/072100350010.001/swg.fits[1]
scw/0721/072100360010.001/swg.fits[1]
scw/0721/072100370010.001/swg.fits[1]
scw/0721/072100410010.001/swg.fits[1]
scw/0721/072100420010.001/swg.fits[1]
scw/0721/072100450010.001/swg.fits[1]
scw/0721/072100460010.001/swg.fits[1]
scw/0721/072100510010.001/swg.fits[1]
scw/0721/072100520010.001/swg.fits[1]
scw/0721/072100550010.001/swg.fits[1]
scw/0721/072100810010.001/swg.fits[1]
scw/0784/078400020010.001/swg.fits[1]
scw/0784/078400270010.001/swg.fits[1]
scw/0784/078400300010.001/swg.fits[1]
scw/0784/078400310010.001/swg.fits[1]
scw/0784/078400360010.001/swg.fits[1]
scw/0784/078400370010.001/swg.fits[1]
scw/0784/078400400010.001/swg.fits[1]
scw/0784/078400410010.001/swg.fits[1]
scw/0784/078400450010.001/swg.fits[1]
scw/0784/078400460010.001/swg.fits[1]
scw/0784/078400470010.001/swg.fits[1]
scw/0784/078400500010.001/swg.fits[1]
scw/0784/078400760010.001/swg.fits[1]
scw/0784/078400770010.001/swg.fits[1]
scw/0784/078400800010.001/swg.fits[1]
scw/0784/078400810010.001/swg.fits[1]
scw/0784/078400820010.001/swg.fits[1]
scw/0784/078400860010.001/swg.fits[1]
scw/0784/078400900010.001/swg.fits[1]
scw/0784/078400910010.001/swg.fits[1]
scw/0787/078700040010.001/swg.fits[1]
scw/0787/078700050010.001/swg.fits[1]
scw/0787/078700060010.001/swg.fits[1]
scw/0787/078700350010.001/swg.fits[1]
scw/0787/078700400010.001/swg.fits[1]
scw/0787/078700410010.001/swg.fits[1]
scw/0787/078700440010.001/swg.fits[1]
scw/0787/078700450010.001/swg.fits[1]
scw/0787/078700460010.001/swg.fits[1]
scw/0787/078700540010.001/swg.fits[1]
scw/0787/078700550010.001/swg.fits[1]
scw/0787/078700560010.001/swg.fits[1]
scw/0787/078700600010.001/swg.fits[1]
scw/0787/078700610010.001/swg.fits[1]
scw/0787/078700850010.001/swg.fits[1]
scw/0787/078700860010.001/swg.fits[1]
scw/0787/078700890010.001/swg.fits[1]
scw/0787/078700900010.001/swg.fits[1]
scw/0787/078700910010.001/swg.fits[1]
scw/0831/083100140010.001/swg.fits[1]
scw/0831/083100150010.001/swg.fits[1]
scw/0831/083100200010.001/swg.fits[1]
scw/0831/083100210010.001/swg.fits[1]
scw/0831/083100240010.001/swg.fits[1]
scw/0831/083100300010.001/swg.fits[1]
scw/0831/083100310010.001/swg.fits[1]
scw/0831/083100320010.001/swg.fits[1]
scw/0831/083100340010.001/swg.fits[1]
scw/0831/083100610010.001/swg.fits[1]
scw/0831/083100630010.001/swg.fits[1]
scw/0831/083100640010.001/swg.fits[1]
scw/0831/083100650010.001/swg.fits[1]
scw/0831/083100710010.001/swg.fits[1]
scw/0831/083100800010.001/swg.fits[1]
scw/0831/083100810010.001/swg.fits[1]
scw/0831/083100820010.001/swg.fits[1]
scw/0831/083100840010.001/swg.fits[1]
scw/0831/083100850010.001/swg.fits[1]
scw/0832/083200160010.001/swg.fits[1]
scw/0832/083200180010.001/swg.fits[1]
scw/0832/083200190010.001/swg.fits[1]
scw/0832/083200200010.001/swg.fits[1]
scw/0832/083200260010.001/swg.fits[1]
scw/0832/083200270010.001/swg.fits[1]
scw/0832/083200290010.001/swg.fits[1]
scw/0832/083200300010.001/swg.fits[1]
scw/0832/083200350010.001/swg.fits[1]
scw/0832/083200360010.001/swg.fits[1]
scw/0832/083200370010.001/swg.fits[1]
scw/0832/083200390010.001/swg.fits[1]
scw/0832/083200660010.001/swg.fits[1]
scw/0832/083200680010.001/swg.fits[1]
scw/0832/083200690010.001/swg.fits[1]
scw/0832/083200700010.001/swg.fits[1]
scw/0832/083200760010.001/swg.fits[1]
scw/0832/083200790010.001/swg.fits[1]
scw/0832/083200800010.001/swg.fits[1]
scw/0832/083200840010.001/swg.fits[1]
scw/0832/083200850010.001/swg.fits[1]
scw/0832/083200860010.001/swg.fits[1]
scw/0833/083300200010.001/swg.fits[1]
scw/0833/083300210010.001/swg.fits[1]
scw/0833/083300230010.001/swg.fits[1]
scw/0833/083300240010.001/swg.fits[1]
scw/0833/083300250010.001/swg.fits[1]
scw/0833/083300340010.001/swg.fits[1]
scw/0833/083300400010.001/swg.fits[1]
scw/0833/083300410010.001/swg.fits[1]
scw/0833/083300420010.001/swg.fits[1]
scw/0833/083300440010.001/swg.fits[1]
scw/0833/083300450010.001/swg.fits[1]
scw/0833/083300700010.001/swg.fits[1]
scw/0833/083300740010.001/swg.fits[1]
scw/0833/083300750010.001/swg.fits[1]
scw/0833/083300760010.001/swg.fits[1]
scw/0833/083300800010.001/swg.fits[1]
scw/0833/083300850010.001/swg.fits[1]
scw/0833/083300900010.001/swg.fits[1]
scw/0833/083300910010.001/swg.fits[1]
scw/0833/083300940010.001/swg.fits[1]
scw/0834/083400590010.001/swg.fits[1]
scw/0834/083400600010.001/swg.fits[1]
