scw/0077/007700380010.001/swg.fits[1]
scw/0078/007800200010.001/swg.fits[1]
scw/0078/007800240010.001/swg.fits[1]
scw/0267/026700110010.001/swg.fits[1]
scw/0267/026700120010.001/swg.fits[1]
scw/0267/026700410010.001/swg.fits[1]
scw/0267/026700420010.001/swg.fits[1]
scw/0267/026700510010.001/swg.fits[1]
scw/0268/026800170010.001/swg.fits[1]
scw/0268/026800260010.001/swg.fits[1]
scw/0268/026800270010.001/swg.fits[1]
scw/0268/026800560010.001/swg.fits[1]
scw/0268/026800570010.001/swg.fits[1]
scw/0268/026800660010.001/swg.fits[1]
scw/0270/027000020010.001/swg.fits[1]
scw/0270/027000110010.001/swg.fits[1]
scw/0270/027000120010.001/swg.fits[1]
scw/0270/027000410010.001/swg.fits[1]
scw/0270/027000420010.001/swg.fits[1]
scw/0270/027000510010.001/swg.fits[1]
scw/0272/027200410010.001/swg.fits[1]
scw/0272/027200420010.001/swg.fits[1]
scw/0272/027200510010.001/swg.fits[1]
scw/0273/027300020010.001/swg.fits[1]
scw/0273/027300110010.001/swg.fits[1]
scw/0273/027300120010.001/swg.fits[1]
scw/0273/027300410010.001/swg.fits[1]
scw/0273/027300420010.001/swg.fits[1]
scw/0273/027300510010.001/swg.fits[1]
scw/0320/032000230010.001/swg.fits[1]
scw/0320/032000240010.001/swg.fits[1]
scw/0320/032000250010.001/swg.fits[1]
scw/0321/032100230010.001/swg.fits[1]
scw/0321/032100240010.001/swg.fits[1]
scw/0321/032100250010.001/swg.fits[1]
scw/0321/032100320010.001/swg.fits[1]
scw/0321/032100330010.001/swg.fits[1]
scw/0321/032100340010.001/swg.fits[1]
scw/0321/032100480010.001/swg.fits[1]
scw/0321/032100490010.001/swg.fits[1]
scw/0334/033400710010.001/swg.fits[1]
scw/0334/033400720010.001/swg.fits[1]
scw/0334/033400780010.001/swg.fits[1]
scw/0334/033400790010.001/swg.fits[1]
scw/0397/039700120010.001/swg.fits[1]
scw/0397/039700210010.001/swg.fits[1]
scw/0397/039700220010.001/swg.fits[1]
scw/0397/039700300010.001/swg.fits[1]
scw/0397/039700310010.001/swg.fits[1]
scw/0397/039700320010.001/swg.fits[1]
scw/0397/039700330010.001/swg.fits[1]
scw/0397/039700410010.001/swg.fits[1]
scw/0398/039800280010.001/swg.fits[1]
scw/0398/039800370010.001/swg.fits[1]
scw/0398/039800480010.001/swg.fits[1]
scw/0398/039800490010.001/swg.fits[1]
scw/0398/039800570010.001/swg.fits[1]
scw/0399/039900170010.001/swg.fits[1]
scw/0399/039900180010.001/swg.fits[1]
scw/0399/039900270010.001/swg.fits[1]
scw/0399/039900280010.001/swg.fits[1]
scw/0399/039900370010.001/swg.fits[1]
scw/0443/044300080010.001/swg.fits[1]
scw/0443/044300090010.001/swg.fits[1]
scw/0444/044400460010.001/swg.fits[1]
scw/0444/044400540010.001/swg.fits[1]
scw/0444/044400550010.001/swg.fits[1]
scw/0444/044400560010.001/swg.fits[1]
scw/0444/044400700010.001/swg.fits[1]
scw/0444/044400710010.001/swg.fits[1]
scw/0445/044500790010.001/swg.fits[1]
scw/0445/044500800010.001/swg.fits[1]
scw/0445/044500890010.001/swg.fits[1]
scw/0445/044500900010.001/swg.fits[1]
scw/0633/063300040010.001/swg.fits[1]
scw/0633/063300050010.001/swg.fits[1]
scw/0633/063300470010.001/swg.fits[1]
scw/0633/063300480010.001/swg.fits[1]
scw/0633/063300490010.001/swg.fits[1]
scw/0633/063300540010.001/swg.fits[1]
scw/0635/063500030010.001/swg.fits[1]
scw/0635/063500040010.001/swg.fits[1]
scw/0635/063500460010.001/swg.fits[1]
scw/0635/063500470010.001/swg.fits[1]
scw/0635/063500480010.001/swg.fits[1]
scw/0635/063500530010.001/swg.fits[1]
scw/0635/063500540010.001/swg.fits[1]
scw/0637/063700030010.001/swg.fits[1]
scw/0637/063700040010.001/swg.fits[1]
scw/0637/063700460010.001/swg.fits[1]
scw/0637/063700470010.001/swg.fits[1]
scw/0637/063700480010.001/swg.fits[1]
scw/0637/063700530010.001/swg.fits[1]
scw/0637/063700540010.001/swg.fits[1]
scw/0766/076600520010.001/swg.fits[1]
scw/0766/076600530010.001/swg.fits[1]
scw/0766/076600540010.001/swg.fits[1]
scw/0766/076600610010.001/swg.fits[1]
scw/0766/076600620010.001/swg.fits[1]
scw/0766/076600630010.001/swg.fits[1]
scw/0768/076800080010.001/swg.fits[1]
scw/0829/082900070010.001/swg.fits[1]
scw/0829/082900160010.001/swg.fits[1]
scw/0830/083000220010.001/swg.fits[1]
scw/0830/083000230010.001/swg.fits[1]
scw/0830/083000300010.001/swg.fits[1]
scw/0830/083000310010.001/swg.fits[1]
scw/0830/083000410010.001/swg.fits[1]
scw/0830/083000420010.001/swg.fits[1]
scw/0878/087800460010.001/swg.fits[1]
scw/0880/088000140010.001/swg.fits[1]
scw/0880/088000230010.001/swg.fits[1]
scw/0930/093000350010.001/swg.fits[1]
scw/0930/093000360010.001/swg.fits[1]
scw/0949/094900070010.001/swg.fits[1]
scw/0997/099700220010.001/swg.fits[1]
scw/0997/099700310010.001/swg.fits[1]
scw/1003/100300140010.001/swg.fits[1]
scw/1003/100300230010.001/swg.fits[1]
scw/1003/100300640010.001/swg.fits[1]
scw/1004/100400520010.001/swg.fits[1]
scw/1004/100400610010.001/swg.fits[1]
scw/1006/100600470010.001/swg.fits[1]
scw/1059/105900400010.001/swg.fits[1]
scw/1059/105900480010.001/swg.fits[1]
scw/1059/105900490010.001/swg.fits[1]
scw/1067/106700440010.001/swg.fits[1]
scw/1117/111700260010.001/swg.fits[1]
scw/1117/111700270010.001/swg.fits[1]
scw/1121/112100430010.001/swg.fits[1]
scw/1121/112100520010.001/swg.fits[1]
scw/1123/112300490010.001/swg.fits[1]
scw/1124/112400490010.001/swg.fits[1]
scw/1124/112400570010.001/swg.fits[1]
scw/1125/112500330010.001/swg.fits[1]
scw/1125/112500420010.001/swg.fits[1]
scw/1127/112700140010.001/swg.fits[1]
scw/1128/112800110010.001/swg.fits[1]
scw/1563/156300650010.001/swg.fits[1]
scw/1563/156300660010.001/swg.fits[1]
scw/1564/156400040010.001/swg.fits[1]
scw/1564/156400050010.001/swg.fits[1]
scw/1695/169500250010.001/swg.fits[1]
scw/1695/169500260010.001/swg.fits[1]
scw/1822/182200230010.001/swg.fits[1]
scw/1832/183200230010.001/swg.fits[1]
scw/1832/183200240010.001/swg.fits[1]
scw/1832/183200290010.001/swg.fits[1]
scw/1832/183200300010.001/swg.fits[1]
scw/1832/183200310010.001/swg.fits[1]
scw/1846/184600110010.001/swg.fits[1]
scw/1892/189200410010.001/swg.fits[1]
scw/1892/189200500010.001/swg.fits[1]
scw/1893/189300420010.001/swg.fits[1]
scw/1894/189400040010.001/swg.fits[1]
scw/1898/189800070010.001/swg.fits[1]
scw/1899/189900090010.001/swg.fits[1]
scw/1899/189900180010.001/swg.fits[1]
scw/1901/190100140010.001/swg.fits[1]
scw/1964/196400220010.001/swg.fits[1]
scw/1972/197200440010.001/swg.fits[1]
scw/1972/197200450010.001/swg.fits[1]
scw/1972/197200510010.001/swg.fits[1]
scw/1972/197200520010.001/swg.fits[1]
scw/1983/198300420010.001/swg.fits[1]
scw/2030/203000110010.001/swg.fits[1]
scw/2031/203100250010.001/swg.fits[1]
scw/2031/203100340010.001/swg.fits[1]
scw/2109/210900230010.001/swg.fits[1]
scw/2109/210900240010.001/swg.fits[1]
scw/2109/210900300010.001/swg.fits[1]
scw/2109/210900310010.001/swg.fits[1]
scw/2248/224800230010.001/swg.fits[1]
scw/2248/224800240010.001/swg.fits[1]
scw/2375/237500420010.001/swg.fits[1]
scw/2375/237500430010.001/swg.fits[1]
scw/2375/237500490010.001/swg.fits[1]
scw/2375/237500500010.001/swg.fits[1]
