scw/0402/040200030010.001/swg.fits[1]
scw/0402/040200040010.001/swg.fits[1]
scw/0402/040200080010.001/swg.fits[1]
scw/0402/040200090010.001/swg.fits[1]
scw/0402/040200100010.001/swg.fits[1]
scw/0402/040200390010.001/swg.fits[1]
scw/0402/040200440010.001/swg.fits[1]
scw/0402/040200450010.001/swg.fits[1]
scw/0402/040200480010.001/swg.fits[1]
scw/0402/040200490010.001/swg.fits[1]
scw/0402/040200530010.001/swg.fits[1]
scw/0402/040200540010.001/swg.fits[1]
scw/0402/040200550010.001/swg.fits[1]
scw/0402/040200590010.001/swg.fits[1]
scw/0402/040200600010.001/swg.fits[1]
scw/0403/040300310010.001/swg.fits[1]
scw/0403/040300320010.001/swg.fits[1]
scw/0403/040300350010.001/swg.fits[1]
scw/0403/040300360010.001/swg.fits[1]
scw/0403/040300370010.001/swg.fits[1]
scw/0403/040300400010.001/swg.fits[1]
scw/0403/040300410010.001/swg.fits[1]
scw/0403/040300450010.001/swg.fits[1]
scw/0403/040300460010.001/swg.fits[1]
scw/0403/040300470010.001/swg.fits[1]
scw/0403/040300500010.001/swg.fits[1]
scw/0403/040300510010.001/swg.fits[1]
scw/0404/040400230010.001/swg.fits[1]
scw/0404/040400240010.001/swg.fits[1]
scw/0404/040400250010.001/swg.fits[1]
scw/0404/040400280010.001/swg.fits[1]
scw/0404/040400290010.001/swg.fits[1]
scw/0404/040400300010.001/swg.fits[1]
scw/0524/052400040010.001/swg.fits[1]
scw/0524/052400130010.001/swg.fits[1]
scw/0524/052400430010.001/swg.fits[1]
scw/0524/052400440010.001/swg.fits[1]
scw/0524/052400450010.001/swg.fits[1]
scw/0524/052400530010.001/swg.fits[1]
scw/0524/052400540010.001/swg.fits[1]
scw/0524/052400630010.001/swg.fits[1]
scw/0526/052600140010.001/swg.fits[1]
scw/0526/052600150010.001/swg.fits[1]
scw/0526/052600230010.001/swg.fits[1]
scw/0526/052600330010.001/swg.fits[1]
scw/0526/052600340010.001/swg.fits[1]
scw/0527/052700060010.001/swg.fits[1]
scw/0527/052700070010.001/swg.fits[1]
scw/0527/052700150010.001/swg.fits[1]
scw/0527/052700160010.001/swg.fits[1]
scw/0527/052700250010.001/swg.fits[1]
scw/0527/052700550010.001/swg.fits[1]
scw/0527/052700560010.001/swg.fits[1]
scw/0533/053300140010.001/swg.fits[1]
scw/0533/053300150010.001/swg.fits[1]
scw/0533/053300440010.001/swg.fits[1]
scw/0533/053300450010.001/swg.fits[1]
scw/0533/053300640010.001/swg.fits[1]
scw/0533/053300650010.001/swg.fits[1]
scw/1022/102200600010.001/swg.fits[1]
scw/1022/102200610010.001/swg.fits[1]
scw/1023/102300200010.001/swg.fits[1]
scw/1023/102300210010.001/swg.fits[1]
scw/1024/102400210010.001/swg.fits[1]
scw/1024/102400220010.001/swg.fits[1]
scw/1024/102400760010.001/swg.fits[1]
scw/1024/102400770010.001/swg.fits[1]
scw/1082/108200730010.001/swg.fits[1]
scw/1082/108200740010.001/swg.fits[1]
scw/1082/108200750010.001/swg.fits[1]
scw/1083/108300690010.001/swg.fits[1]
scw/1083/108300700010.001/swg.fits[1]
scw/1083/108300710010.001/swg.fits[1]
scw/1083/108300780010.001/swg.fits[1]
scw/1083/108300790010.001/swg.fits[1]
scw/1083/108300800010.001/swg.fits[1]
scw/1088/108800380010.001/swg.fits[1]
scw/1088/108800390010.001/swg.fits[1]
scw/1088/108800400010.001/swg.fits[1]
scw/1142/114200130010.001/swg.fits[1]
scw/1142/114200140010.001/swg.fits[1]
scw/1142/114200680010.001/swg.fits[1]
scw/1142/114200690010.001/swg.fits[1]
scw/1143/114300450010.001/swg.fits[1]
scw/1143/114300460010.001/swg.fits[1]
scw/1143/114300990010.001/swg.fits[1]
scw/1143/114301000010.001/swg.fits[1]
scw/1144/114400380010.001/swg.fits[1]
scw/1144/114400390010.001/swg.fits[1]
scw/1572/157200100010.001/swg.fits[1]
scw/1572/157200340010.001/swg.fits[1]
scw/1572/157200350010.001/swg.fits[1]
scw/1572/157200590010.001/swg.fits[1]
scw/1574/157400020010.001/swg.fits[1]
scw/1574/157400260010.001/swg.fits[1]
scw/1574/157400270010.001/swg.fits[1]
scw/1574/157400510010.001/swg.fits[1]
scw/1574/157400520010.001/swg.fits[1]
scw/1574/157400760010.001/swg.fits[1]
scw/1576/157600040010.001/swg.fits[1]
scw/1576/157600280010.001/swg.fits[1]
scw/1576/157600290010.001/swg.fits[1]
scw/1576/157600530010.001/swg.fits[1]
scw/1576/157600540010.001/swg.fits[1]
scw/1576/157600780010.001/swg.fits[1]
scw/1578/157800120010.001/swg.fits[1]
scw/1578/157800360010.001/swg.fits[1]
scw/1578/157800370010.001/swg.fits[1]
scw/1578/157800610010.001/swg.fits[1]
scw/1580/158000040010.001/swg.fits[1]
scw/1580/158000280010.001/swg.fits[1]
scw/1580/158000290010.001/swg.fits[1]
scw/1580/158000530010.001/swg.fits[1]
scw/1582/158200020010.001/swg.fits[1]
scw/1582/158200260010.001/swg.fits[1]
scw/1582/158200270010.001/swg.fits[1]
scw/1582/158200510010.001/swg.fits[1]
scw/1583/158300020010.001/swg.fits[1]
scw/1583/158300260010.001/swg.fits[1]
scw/1583/158300270010.001/swg.fits[1]
scw/1583/158300510010.001/swg.fits[1]
scw/2136/213600560010.001/swg.fits[1]
scw/2254/225400390010.001/swg.fits[1]
scw/2320/232000060010.001/swg.fits[1]
scw/2320/232000100010.001/swg.fits[1]
scw/2320/232000110010.001/swg.fits[1]
scw/2320/232000120010.001/swg.fits[1]
