scw/1698/169800600010.001/swg.fits[1]
scw/1698/169800610010.001/swg.fits[1]
scw/1698/169800660010.001/swg.fits[1]
scw/1699/169900090010.001/swg.fits[1]
scw/1699/169900140010.001/swg.fits[1]
scw/1699/169900180010.001/swg.fits[1]
scw/1700/170000090010.001/swg.fits[1]
scw/1700/170000250010.001/swg.fits[1]
scw/1700/170000430010.001/swg.fits[1]
scw/1700/170000480010.001/swg.fits[1]
scw/1700/170000520010.001/swg.fits[1]
scw/1701/170100180010.001/swg.fits[1]
scw/1701/170100230010.001/swg.fits[1]
scw/1701/170100270010.001/swg.fits[1]
scw/1701/170100320010.001/swg.fits[1]
scw/1702/170200220010.001/swg.fits[1]
scw/1702/170200290010.001/swg.fits[1]
scw/1702/170200450010.001/swg.fits[1]
scw/1702/170200640010.001/swg.fits[1]
scw/1702/170200690010.001/swg.fits[1]
scw/1702/170200730010.001/swg.fits[1]
scw/1703/170300720010.001/swg.fits[1]
scw/1703/170300770010.001/swg.fits[1]
scw/1704/170400400010.001/swg.fits[1]
scw/1704/170400450010.001/swg.fits[1]
scw/1704/170400510010.001/swg.fits[1]
scw/1704/170400530010.001/swg.fits[1]
scw/1704/170400580010.001/swg.fits[1]
scw/1704/170400620010.001/swg.fits[1]
scw/1704/170400670010.001/swg.fits[1]
scw/1705/170500030010.001/swg.fits[1]
scw/1705/170500080010.001/swg.fits[1]
scw/1705/170500150010.001/swg.fits[1]
scw/1705/170500760010.001/swg.fits[1]
scw/1705/170500810010.001/swg.fits[1]
scw/1705/170500850010.001/swg.fits[1]
scw/1706/170600310010.001/swg.fits[1]
scw/1706/170600360010.001/swg.fits[1]
scw/1706/170600410010.001/swg.fits[1]
scw/1706/170600420010.001/swg.fits[1]
scw/1708/170800260010.001/swg.fits[1]
scw/1708/170800300010.001/swg.fits[1]
scw/1708/170800310010.001/swg.fits[1]
scw/1711/171100080010.001/swg.fits[1]
scw/1711/171100090010.001/swg.fits[1]
scw/1711/171100130010.001/swg.fits[1]
scw/1711/171100140010.001/swg.fits[1]
scw/1712/171200080010.001/swg.fits[1]
scw/1712/171200090010.001/swg.fits[1]
scw/1712/171200130010.001/swg.fits[1]
scw/1712/171200140010.001/swg.fits[1]
scw/1712/171200790010.001/swg.fits[1]
scw/1717/171700870010.001/swg.fits[1]
scw/1717/171700880010.001/swg.fits[1]
scw/1718/171800420010.001/swg.fits[1]
scw/1720/172000300010.001/swg.fits[1]
scw/1720/172000460010.001/swg.fits[1]
scw/1721/172100520010.001/swg.fits[1]
scw/1769/176900570010.001/swg.fits[1]
scw/1771/177100570010.001/swg.fits[1]
scw/1771/177100580010.001/swg.fits[1]
scw/1771/177100650010.001/swg.fits[1]
scw/1774/177400560010.001/swg.fits[1]
scw/1774/177400640010.001/swg.fits[1]
scw/1776/177600570010.001/swg.fits[1]
scw/1776/177600650010.001/swg.fits[1]
scw/1777/177700180010.001/swg.fits[1]
scw/1777/177700340010.001/swg.fits[1]
scw/1777/177700660010.001/swg.fits[1]
scw/1778/177800630010.001/swg.fits[1]
scw/1782/178200700010.001/swg.fits[1]
scw/1782/178200710010.001/swg.fits[1]
scw/1782/178200760010.001/swg.fits[1]
scw/1782/178200800010.001/swg.fits[1]
scw/1786/178600070010.001/swg.fits[1]
scw/1786/178600150010.001/swg.fits[1]
scw/1786/178600200010.001/swg.fits[1]
scw/1787/178700370010.001/swg.fits[1]
scw/1787/178700440010.001/swg.fits[1]
scw/1787/178700450010.001/swg.fits[1]
scw/1787/178700500010.001/swg.fits[1]
scw/1833/183300420010.001/swg.fits[1]
scw/1833/183300470010.001/swg.fits[1]
scw/1833/183300530010.001/swg.fits[1]
scw/1833/183300570010.001/swg.fits[1]
scw/1833/183300620010.001/swg.fits[1]
scw/1833/183300680010.001/swg.fits[1]
scw/1838/183800180010.001/swg.fits[1]
scw/1838/183800230010.001/swg.fits[1]
scw/1838/183800290010.001/swg.fits[1]
scw/1838/183800350010.001/swg.fits[1]
scw/1839/183900180010.001/swg.fits[1]
scw/1839/183900240010.001/swg.fits[1]
scw/1839/183900290010.001/swg.fits[1]
scw/1839/183900970010.001/swg.fits[1]
scw/1840/184000380010.001/swg.fits[1]
scw/1840/184000390010.001/swg.fits[1]
scw/1840/184000540010.001/swg.fits[1]
scw/1841/184100490010.001/swg.fits[1]
scw/1841/184100540010.001/swg.fits[1]
scw/1841/184100550010.001/swg.fits[1]
scw/1841/184100600010.001/swg.fits[1]
scw/1842/184200030010.001/swg.fits[1]
scw/1842/184200080010.001/swg.fits[1]
scw/1842/184200660010.001/swg.fits[1]
scw/1844/184400030010.001/swg.fits[1]
scw/1844/184400080010.001/swg.fits[1]
scw/1844/184400130010.001/swg.fits[1]
scw/1844/184400140010.001/swg.fits[1]
scw/1846/184600470010.001/swg.fits[1]
scw/1847/184700440010.001/swg.fits[1]
scw/1847/184700480010.001/swg.fits[1]
scw/1847/184700490010.001/swg.fits[1]
scw/1847/184700580010.001/swg.fits[1]
scw/1848/184800080010.001/swg.fits[1]
scw/1848/184800090010.001/swg.fits[1]
scw/1848/184800130010.001/swg.fits[1]
scw/1848/184800140010.001/swg.fits[1]
scw/1849/184900160010.001/swg.fits[1]
scw/1849/184900170010.001/swg.fits[1]
scw/1849/184900210010.001/swg.fits[1]
scw/1849/184900220010.001/swg.fits[1]
scw/1850/185000460010.001/swg.fits[1]
scw/1850/185000470010.001/swg.fits[1]
scw/1850/185000510010.001/swg.fits[1]
scw/1850/185000520010.001/swg.fits[1]
scw/1851/185100060010.001/swg.fits[1]
scw/1851/185100220010.001/swg.fits[1]
scw/1855/185500080010.001/swg.fits[1]
scw/1855/185500090010.001/swg.fits[1]
scw/1855/185500130010.001/swg.fits[1]
scw/1855/185500140010.001/swg.fits[1]
scw/1862/186200020010.001/swg.fits[1]
scw/1862/186200510010.001/swg.fits[1]
scw/1863/186300460010.001/swg.fits[1]
scw/1902/190200070010.001/swg.fits[1]
scw/1902/190200080010.001/swg.fits[1]
scw/1902/190200310010.001/swg.fits[1]
scw/1902/190200320010.001/swg.fits[1]
scw/1902/190200480010.001/swg.fits[1]
scw/1902/190200490010.001/swg.fits[1]
scw/1903/190300070010.001/swg.fits[1]
scw/1903/190300080010.001/swg.fits[1]
scw/1904/190400530010.001/swg.fits[1]
scw/1904/190400540010.001/swg.fits[1]
scw/1905/190500530010.001/swg.fits[1]
scw/1905/190500540010.001/swg.fits[1]
scw/1906/190600040010.001/swg.fits[1]
scw/1906/190600120010.001/swg.fits[1]
scw/1906/190600130010.001/swg.fits[1]
scw/1913/191300530010.001/swg.fits[1]
scw/1913/191300590010.001/swg.fits[1]
scw/1913/191300600010.001/swg.fits[1]
scw/1913/191300740010.001/swg.fits[1]
scw/1913/191300750010.001/swg.fits[1]
scw/1914/191400470010.001/swg.fits[1]
scw/1914/191400480010.001/swg.fits[1]
scw/1914/191400560010.001/swg.fits[1]
scw/1915/191500530010.001/swg.fits[1]
scw/1916/191600370010.001/swg.fits[1]
scw/1916/191600430010.001/swg.fits[1]
scw/1916/191600440010.001/swg.fits[1]
scw/1917/191700030010.001/swg.fits[1]
scw/1917/191700040010.001/swg.fits[1]
scw/1979/197900510010.001/swg.fits[1]
scw/1979/197900560010.001/swg.fits[1]
scw/1979/197900620010.001/swg.fits[1]
scw/1979/197900660010.001/swg.fits[1]
scw/1979/197900710010.001/swg.fits[1]
scw/1979/197900720010.001/swg.fits[1]
scw/1979/197900770010.001/swg.fits[1]
scw/1980/198000180010.001/swg.fits[1]
scw/1980/198000230010.001/swg.fits[1]
scw/1980/198000270010.001/swg.fits[1]
scw/1980/198000320010.001/swg.fits[1]
scw/1980/198000380010.001/swg.fits[1]
scw/1980/198000420010.001/swg.fits[1]
scw/1980/198000470010.001/swg.fits[1]
scw/1984/198400500010.001/swg.fits[1]
scw/1984/198400540010.001/swg.fits[1]
scw/1984/198400550010.001/swg.fits[1]
scw/2048/204800640010.001/swg.fits[1]
scw/2048/204800720010.001/swg.fits[1]
scw/2048/204800790010.001/swg.fits[1]
scw/2049/204900530010.001/swg.fits[1]
scw/2049/204900600010.001/swg.fits[1]
scw/2049/204900750010.001/swg.fits[1]
scw/2050/205000530010.001/swg.fits[1]
scw/2050/205000600010.001/swg.fits[1]
scw/2050/205000680010.001/swg.fits[1]
scw/2050/205000740010.001/swg.fits[1]
scw/2050/205000750010.001/swg.fits[1]
scw/2052/205200020010.001/swg.fits[1]
scw/2052/205200110010.001/swg.fits[1]
scw/2052/205200420010.001/swg.fits[1]
scw/2053/205300020010.001/swg.fits[1]
scw/2053/205300030010.001/swg.fits[1]
scw/2053/205300430010.001/swg.fits[1]
scw/2053/205300520010.001/swg.fits[1]
scw/2054/205400100010.001/swg.fits[1]
scw/2054/205400410010.001/swg.fits[1]
scw/2054/205400500010.001/swg.fits[1]
scw/2054/205400510010.001/swg.fits[1]
scw/2055/205500090010.001/swg.fits[1]
scw/2055/205500400010.001/swg.fits[1]
scw/2055/205500490010.001/swg.fits[1]
scw/2141/214100140010.001/swg.fits[1]
scw/2141/214100150010.001/swg.fits[1]
scw/2141/214100200010.001/swg.fits[1]
scw/2141/214100210010.001/swg.fits[1]
scw/2192/219200730010.001/swg.fits[1]
scw/2192/219200800010.001/swg.fits[1]
scw/2192/219200830010.001/swg.fits[1]
scw/2192/219200840010.001/swg.fits[1]
scw/2193/219300130010.001/swg.fits[1]
scw/2193/219300210010.001/swg.fits[1]
scw/2194/219400400010.001/swg.fits[1]
scw/2251/225100550010.001/swg.fits[1]
scw/2251/225100600010.001/swg.fits[1]
scw/2251/225100630010.001/swg.fits[1]
scw/2251/225100640010.001/swg.fits[1]
scw/2251/225100690010.001/swg.fits[1]
scw/2311/231100860010.001/swg.fits[1]
scw/2311/231100870010.001/swg.fits[1]
scw/2311/231100880010.001/swg.fits[1]
scw/2317/231700540010.001/swg.fits[1]
scw/2317/231700550010.001/swg.fits[1]
scw/2319/231900020010.001/swg.fits[1]
scw/2319/231900030010.001/swg.fits[1]
scw/2319/231900110010.001/swg.fits[1]
scw/2382/238200390010.001/swg.fits[1]
scw/2382/238200400010.001/swg.fits[1]
scw/2382/238200410010.001/swg.fits[1]
scw/2382/238200420010.001/swg.fits[1]
scw/2382/238200430010.001/swg.fits[1]
scw/2382/238200440010.001/swg.fits[1]
scw/2386/238600820010.001/swg.fits[1]
scw/2386/238600830010.001/swg.fits[1]
scw/2389/238900670010.001/swg.fits[1]
scw/2389/238900740010.001/swg.fits[1]
scw/2389/238900750010.001/swg.fits[1]
scw/2389/238900760010.001/swg.fits[1]
scw/2389/238900770010.001/swg.fits[1]
scw/2389/238900780010.001/swg.fits[1]
