scw/1030/103000220010.001/swg.fits[1]
scw/1030/103000230010.001/swg.fits[1]
scw/1030/103000240010.001/swg.fits[1]
scw/1030/103000250010.001/swg.fits[1]
scw/1030/103000260010.001/swg.fits[1]
scw/1470/147000990010.001/swg.fits[1]
scw/2154/215400640010.001/swg.fits[1]
scw/2154/215400650010.001/swg.fits[1]
scw/2154/215400720010.001/swg.fits[1]
scw/2154/215400730010.001/swg.fits[1]
scw/2154/215400740010.001/swg.fits[1]
scw/2154/215400750010.001/swg.fits[1]
scw/2155/215500790010.001/swg.fits[1]
scw/2155/215500800010.001/swg.fits[1]
scw/2155/215500870010.001/swg.fits[1]
scw/2155/215500880010.001/swg.fits[1]
scw/2155/215500890010.001/swg.fits[1]
scw/2155/215500900010.001/swg.fits[1]
scw/2190/219000070010.001/swg.fits[1]
scw/2190/219000080010.001/swg.fits[1]
scw/2190/219000130010.001/swg.fits[1]
scw/2190/219000140010.001/swg.fits[1]
scw/2190/219000330010.001/swg.fits[1]
scw/2223/222300850010.001/swg.fits[1]
scw/2223/222300860010.001/swg.fits[1]
