scw/0142/014200050010.001/swg.fits[1]
scw/0245/024500140010.001/swg.fits[1]
scw/0630/063000550010.001/swg.fits[1]
scw/0682/068200190010.001/swg.fits[1]
scw/0682/068200200010.001/swg.fits[1]
scw/0683/068300990010.001/swg.fits[1]
scw/0742/074200720010.001/swg.fits[1]
scw/0742/074200730010.001/swg.fits[1]
scw/0804/080400340010.001/swg.fits[1]
scw/0985/098500710010.001/swg.fits[1]
scw/0985/098500720010.001/swg.fits[1]
scw/0994/099400690010.001/swg.fits[1]
scw/0994/099400700010.001/swg.fits[1]
scw/0996/099600940010.001/swg.fits[1]
scw/1056/105600700010.001/swg.fits[1]
scw/1059/105900110010.001/swg.fits[1]
scw/1061/106100250010.001/swg.fits[1]
scw/1228/122800180010.001/swg.fits[1]
scw/1476/147600140010.001/swg.fits[1]
scw/1476/147600250010.001/swg.fits[1]
scw/1554/155400190010.001/swg.fits[1]
scw/1554/155400280010.001/swg.fits[1]
scw/1554/155400290010.001/swg.fits[1]
scw/1557/155700170010.001/swg.fits[1]
scw/1557/155700250010.001/swg.fits[1]
scw/1557/155700260010.001/swg.fits[1]
scw/1557/155700270010.001/swg.fits[1]
scw/1558/155800180010.001/swg.fits[1]
scw/1558/155800270010.001/swg.fits[1]
scw/1558/155800280010.001/swg.fits[1]
scw/1559/155900140010.001/swg.fits[1]
scw/1559/155900150010.001/swg.fits[1]
scw/1559/155900220010.001/swg.fits[1]
scw/1559/155900230010.001/swg.fits[1]
scw/1559/155900240010.001/swg.fits[1]
scw/1559/155900250010.001/swg.fits[1]
scw/1560/156000070010.001/swg.fits[1]
scw/1560/156000150010.001/swg.fits[1]
scw/1560/156000160010.001/swg.fits[1]
scw/1560/156000170010.001/swg.fits[1]
scw/1560/156000180010.001/swg.fits[1]
scw/1561/156100320010.001/swg.fits[1]
scw/1561/156100330010.001/swg.fits[1]
scw/1561/156100340010.001/swg.fits[1]
scw/1561/156100350010.001/swg.fits[1]
scw/1561/156100420010.001/swg.fits[1]
scw/1562/156200280010.001/swg.fits[1]
scw/1562/156200290010.001/swg.fits[1]
scw/1562/156200300010.001/swg.fits[1]
scw/1562/156200310010.001/swg.fits[1]
scw/1562/156200510010.001/swg.fits[1]
scw/1611/161100660010.001/swg.fits[1]
scw/1611/161100780010.001/swg.fits[1]
