scw/1948/194800300010.001/swg.fits[1]
scw/1948/194800310010.001/swg.fits[1]
scw/1949/194900020010.001/swg.fits[1]
scw/1949/194900030010.001/swg.fits[1]
scw/1949/194900040010.001/swg.fits[1]
scw/1949/194900050010.001/swg.fits[1]
scw/1949/194900090010.001/swg.fits[1]
scw/1949/194900100010.001/swg.fits[1]
scw/1949/194900110010.001/swg.fits[1]
scw/1949/194900120010.001/swg.fits[1]
scw/1950/195000280010.001/swg.fits[1]
scw/1950/195000290010.001/swg.fits[1]
scw/1950/195000300010.001/swg.fits[1]
scw/1950/195000310010.001/swg.fits[1]
scw/1951/195100020010.001/swg.fits[1]
scw/1951/195100030010.001/swg.fits[1]
scw/1951/195100040010.001/swg.fits[1]
scw/1951/195100050010.001/swg.fits[1]
scw/1951/195100090010.001/swg.fits[1]
scw/1951/195100100010.001/swg.fits[1]
scw/1951/195100110010.001/swg.fits[1]
scw/1951/195100120010.001/swg.fits[1]
scw/2006/200600340010.001/swg.fits[1]
scw/2006/200600380010.001/swg.fits[1]
scw/2006/200600390010.001/swg.fits[1]
scw/2006/200600400010.001/swg.fits[1]
scw/2006/200600440010.001/swg.fits[1]
scw/2007/200700060010.001/swg.fits[1]
scw/2007/200700100010.001/swg.fits[1]
scw/2007/200700110010.001/swg.fits[1]
scw/2007/200700120010.001/swg.fits[1]
scw/2007/200700160010.001/swg.fits[1]
scw/2007/200700250010.001/swg.fits[1]
scw/2007/200700260010.001/swg.fits[1]
scw/2007/200700310010.001/swg.fits[1]
scw/2007/200700320010.001/swg.fits[1]
scw/2015/201500400010.001/swg.fits[1]
scw/2015/201500410010.001/swg.fits[1]
scw/2015/201500520010.001/swg.fits[1]
scw/2015/201500560010.001/swg.fits[1]
scw/2015/201500570010.001/swg.fits[1]
scw/2015/201500720010.001/swg.fits[1]
scw/2015/201500880010.001/swg.fits[1]
scw/2016/201600730010.001/swg.fits[1]
scw/2016/201600840010.001/swg.fits[1]
scw/2016/201600880010.001/swg.fits[1]
scw/2016/201600890010.001/swg.fits[1]
scw/2017/201700060010.001/swg.fits[1]
scw/2017/201700070010.001/swg.fits[1]
scw/2017/201700230010.001/swg.fits[1]
scw/2017/201700340010.001/swg.fits[1]
scw/2017/201700380010.001/swg.fits[1]
scw/2017/201700390010.001/swg.fits[1]
scw/2017/201700540010.001/swg.fits[1]
scw/2017/201700550010.001/swg.fits[1]
scw/2017/201700700010.001/swg.fits[1]
scw/2017/201700870010.001/swg.fits[1]
scw/2018/201800280010.001/swg.fits[1]
scw/2018/201800320010.001/swg.fits[1]
scw/2018/201800330010.001/swg.fits[1]
scw/2018/201800480010.001/swg.fits[1]
scw/2018/201800490010.001/swg.fits[1]
scw/2019/201900120010.001/swg.fits[1]
scw/2019/201900160010.001/swg.fits[1]
scw/2019/201900170010.001/swg.fits[1]
scw/2019/201900320010.001/swg.fits[1]
scw/2019/201900330010.001/swg.fits[1]
scw/2019/201900480010.001/swg.fits[1]
scw/2019/201900650010.001/swg.fits[1]
scw/2020/202000120010.001/swg.fits[1]
scw/2020/202000160010.001/swg.fits[1]
scw/2020/202000170010.001/swg.fits[1]
scw/2020/202000320010.001/swg.fits[1]
scw/2020/202000330010.001/swg.fits[1]
scw/2020/202000750010.001/swg.fits[1]
scw/2021/202100020010.001/swg.fits[1]
scw/2021/202100060010.001/swg.fits[1]
scw/2021/202100070010.001/swg.fits[1]
scw/2021/202100220010.001/swg.fits[1]
scw/2021/202100230010.001/swg.fits[1]
scw/2021/202100380010.001/swg.fits[1]
scw/2021/202100550010.001/swg.fits[1]
scw/2021/202100660010.001/swg.fits[1]
scw/2021/202100700010.001/swg.fits[1]
scw/2021/202100710010.001/swg.fits[1]
scw/2021/202100860010.001/swg.fits[1]
scw/2021/202100870010.001/swg.fits[1]
scw/2022/202200070010.001/swg.fits[1]
scw/2022/202200230010.001/swg.fits[1]
scw/2022/202200340010.001/swg.fits[1]
scw/2022/202200380010.001/swg.fits[1]
scw/2022/202200390010.001/swg.fits[1]
scw/2022/202200540010.001/swg.fits[1]
scw/2022/202200550010.001/swg.fits[1]
scw/2072/207200040010.001/swg.fits[1]
scw/2072/207200080010.001/swg.fits[1]
scw/2072/207200090010.001/swg.fits[1]
scw/2072/207200100010.001/swg.fits[1]
scw/2072/207200130010.001/swg.fits[1]
scw/2072/207200140010.001/swg.fits[1]
scw/2072/207200190010.001/swg.fits[1]
scw/2072/207200230010.001/swg.fits[1]
scw/2072/207200240010.001/swg.fits[1]
scw/2072/207200250010.001/swg.fits[1]
scw/2072/207200290010.001/swg.fits[1]
scw/2072/207200460010.001/swg.fits[1]
scw/2072/207200480010.001/swg.fits[1]
scw/2072/207200490010.001/swg.fits[1]
scw/2072/207200500010.001/swg.fits[1]
scw/2072/207200510010.001/swg.fits[1]
scw/2072/207200520010.001/swg.fits[1]
scw/2084/208400370010.001/swg.fits[1]
scw/2084/208400380010.001/swg.fits[1]
scw/2084/208400530010.001/swg.fits[1]
scw/2084/208400540010.001/swg.fits[1]
scw/2084/208400690010.001/swg.fits[1]
scw/2084/208400860010.001/swg.fits[1]
scw/2085/208500510010.001/swg.fits[1]
scw/2085/208500520010.001/swg.fits[1]
scw/2085/208500670010.001/swg.fits[1]
scw/2085/208500680010.001/swg.fits[1]
scw/2086/208600290010.001/swg.fits[1]
scw/2086/208600300010.001/swg.fits[1]
scw/2086/208600450010.001/swg.fits[1]
scw/2086/208600460010.001/swg.fits[1]
scw/2086/208600610010.001/swg.fits[1]
scw/2086/208600780010.001/swg.fits[1]
scw/2086/208600940010.001/swg.fits[1]
scw/2087/208700660010.001/swg.fits[1]
scw/2087/208700670010.001/swg.fits[1]
scw/2088/208800290010.001/swg.fits[1]
scw/2088/208800300010.001/swg.fits[1]
scw/2088/208800450010.001/swg.fits[1]
scw/2088/208800460010.001/swg.fits[1]
scw/2088/208800610010.001/swg.fits[1]
scw/2088/208800780010.001/swg.fits[1]
scw/2088/208800940010.001/swg.fits[1]
scw/2089/208900510010.001/swg.fits[1]
scw/2089/208900520010.001/swg.fits[1]
scw/2089/208900830010.001/swg.fits[1]
scw/2089/208900840010.001/swg.fits[1]
scw/2090/209000420010.001/swg.fits[1]
scw/2090/209000570010.001/swg.fits[1]
scw/2090/209000580010.001/swg.fits[1]
scw/2090/209000890010.001/swg.fits[1]
scw/2156/215600650010.001/swg.fits[1]
scw/2156/215600660010.001/swg.fits[1]
scw/2156/215600820010.001/swg.fits[1]
