scw/1214/121400440010.001/swg.fits[1]
scw/1214/121400450010.001/swg.fits[1]
scw/1214/121400470010.001/swg.fits[1]
scw/1214/121400480010.001/swg.fits[1]
scw/1214/121400500010.001/swg.fits[1]
scw/1214/121400510010.001/swg.fits[1]
scw/1214/121400530010.001/swg.fits[1]
scw/1214/121400540010.001/swg.fits[1]
scw/1214/121400560010.001/swg.fits[1]
scw/1214/121400570010.001/swg.fits[1]
scw/1214/121400590010.001/swg.fits[1]
scw/1214/121400600010.001/swg.fits[1]
scw/1214/121400620010.001/swg.fits[1]
scw/1214/121400630010.001/swg.fits[1]
scw/1214/121400650010.001/swg.fits[1]
scw/1214/121400660010.001/swg.fits[1]
scw/1214/121400680010.001/swg.fits[1]
scw/1214/121400690010.001/swg.fits[1]
scw/1214/121400710010.001/swg.fits[1]
scw/1214/121400720010.001/swg.fits[1]
scw/1214/121400740010.001/swg.fits[1]
scw/1214/121400770010.001/swg.fits[1]
scw/1214/121400800010.001/swg.fits[1]
scw/1214/121400830010.001/swg.fits[1]
scw/1221/122100030010.001/swg.fits[1]
scw/1221/122100040010.001/swg.fits[1]
scw/1221/122100060010.001/swg.fits[1]
scw/1221/122100070010.001/swg.fits[1]
scw/1221/122100090010.001/swg.fits[1]
scw/1221/122100100010.001/swg.fits[1]
scw/1221/122100120010.001/swg.fits[1]
scw/1221/122100130010.001/swg.fits[1]
scw/1221/122100150010.001/swg.fits[1]
scw/1221/122100160010.001/swg.fits[1]
scw/1221/122100180010.001/swg.fits[1]
scw/1221/122100190010.001/swg.fits[1]
scw/1221/122100210010.001/swg.fits[1]
scw/1221/122100220010.001/swg.fits[1]
scw/1221/122100240010.001/swg.fits[1]
scw/1221/122100250010.001/swg.fits[1]
scw/1221/122100270010.001/swg.fits[1]
scw/1221/122100280010.001/swg.fits[1]
scw/1221/122100300010.001/swg.fits[1]
scw/1221/122100310010.001/swg.fits[1]
scw/1221/122100330010.001/swg.fits[1]
scw/1221/122100340010.001/swg.fits[1]
scw/1221/122100360010.001/swg.fits[1]
scw/1221/122100390010.001/swg.fits[1]
scw/1221/122100420010.001/swg.fits[1]
scw/1221/122100450010.001/swg.fits[1]
scw/1221/122100480010.001/swg.fits[1]
scw/1221/122100490010.001/swg.fits[1]
scw/1221/122100760010.001/swg.fits[1]
scw/1221/122100770010.001/swg.fits[1]
scw/1221/122100790010.001/swg.fits[1]
scw/1221/122100800010.001/swg.fits[1]
scw/1268/126800500010.001/swg.fits[1]
scw/1268/126800510010.001/swg.fits[1]
scw/1268/126800530010.001/swg.fits[1]
scw/1268/126800580010.001/swg.fits[1]
scw/1268/126800590010.001/swg.fits[1]
scw/1268/126801030010.001/swg.fits[1]
scw/1268/126801040010.001/swg.fits[1]
scw/1268/126801060010.001/swg.fits[1]
scw/1269/126900030010.001/swg.fits[1]
scw/1269/126900040010.001/swg.fits[1]
scw/1269/126900480010.001/swg.fits[1]
scw/1269/126900490010.001/swg.fits[1]
scw/1269/126900510010.001/swg.fits[1]
scw/1269/126900520010.001/swg.fits[1]
scw/1269/126900960010.001/swg.fits[1]
scw/1269/126900970010.001/swg.fits[1]
scw/1269/126900990010.001/swg.fits[1]
scw/1269/126901000010.001/swg.fits[1]
scw/1278/127800040010.001/swg.fits[1]
scw/1278/127800050010.001/swg.fits[1]
scw/1278/127800060010.001/swg.fits[1]
scw/1327/132700250010.001/swg.fits[1]
scw/1327/132700260010.001/swg.fits[1]
scw/1327/132700270010.001/swg.fits[1]
scw/1327/132700780010.001/swg.fits[1]
scw/1327/132700790010.001/swg.fits[1]
scw/1327/132700800010.001/swg.fits[1]
scw/1328/132800250010.001/swg.fits[1]
scw/1328/132800260010.001/swg.fits[1]
scw/1328/132800270010.001/swg.fits[1]
scw/1328/132800740010.001/swg.fits[1]
scw/1328/132800750010.001/swg.fits[1]
scw/1328/132800760010.001/swg.fits[1]
scw/1328/132800770010.001/swg.fits[1]
scw/1328/132800780010.001/swg.fits[1]
scw/1342/134200170010.001/swg.fits[1]
scw/1342/134200180010.001/swg.fits[1]
scw/1387/138700040010.001/swg.fits[1]
scw/1387/138700050010.001/swg.fits[1]
scw/1387/138700520010.001/swg.fits[1]
scw/1387/138700530010.001/swg.fits[1]
scw/1387/138700570010.001/swg.fits[1]
scw/1387/138700580010.001/swg.fits[1]
scw/1387/138701050010.001/swg.fits[1]
scw/1387/138701060010.001/swg.fits[1]
scw/1444/144400790010.001/swg.fits[1]
scw/1447/144700610010.001/swg.fits[1]
scw/1447/144700620010.001/swg.fits[1]
scw/1452/145200510010.001/swg.fits[1]
scw/1452/145200520010.001/swg.fits[1]
scw/1452/145200530010.001/swg.fits[1]
scw/1456/145600230010.001/swg.fits[1]
scw/1456/145600240010.001/swg.fits[1]
scw/1461/146100220010.001/swg.fits[1]
scw/1461/146100230010.001/swg.fits[1]
scw/1461/146100620010.001/swg.fits[1]
scw/1461/146100630010.001/swg.fits[1]
scw/1461/146100880010.001/swg.fits[1]
scw/1461/146100890010.001/swg.fits[1]
scw/1462/146200250010.001/swg.fits[1]
scw/1462/146200260010.001/swg.fits[1]
scw/1462/146200270010.001/swg.fits[1]
scw/1462/146200750010.001/swg.fits[1]
scw/1462/146200760010.001/swg.fits[1]
scw/1462/146200770010.001/swg.fits[1]
scw/1466/146600920010.001/swg.fits[1]
scw/1508/150800020010.001/swg.fits[1]
scw/1508/150800030010.001/swg.fits[1]
scw/1515/151500040010.001/swg.fits[1]
scw/1515/151500050010.001/swg.fits[1]
scw/1515/151500060010.001/swg.fits[1]
scw/1515/151500320010.001/swg.fits[1]
scw/1515/151500330010.001/swg.fits[1]
scw/1515/151500340010.001/swg.fits[1]
scw/1516/151600040010.001/swg.fits[1]
scw/1516/151600050010.001/swg.fits[1]
scw/1520/152000020010.001/swg.fits[1]
scw/1520/152000030010.001/swg.fits[1]
scw/1524/152400020010.001/swg.fits[1]
scw/1524/152400030010.001/swg.fits[1]
scw/1528/152800040010.001/swg.fits[1]
scw/1528/152800050010.001/swg.fits[1]
scw/1577/157700270010.001/swg.fits[1]
scw/1581/158100020010.001/swg.fits[1]
scw/1581/158100030010.001/swg.fits[1]
scw/1589/158900240010.001/swg.fits[1]
scw/1589/158900250010.001/swg.fits[1]
scw/1593/159300550010.001/swg.fits[1]
scw/1597/159700250010.001/swg.fits[1]
scw/1598/159800290010.001/swg.fits[1]
scw/1598/159800300010.001/swg.fits[1]
scw/1598/159800580010.001/swg.fits[1]
scw/1598/159800590010.001/swg.fits[1]
scw/1599/159900250010.001/swg.fits[1]
scw/1599/159900260010.001/swg.fits[1]
scw/1599/159900270010.001/swg.fits[1]
scw/1644/164400040010.001/swg.fits[1]
scw/1644/164400050010.001/swg.fits[1]
scw/1648/164800420010.001/swg.fits[1]
scw/1648/164800430010.001/swg.fits[1]
scw/1652/165200040010.001/swg.fits[1]
scw/1652/165200050010.001/swg.fits[1]
scw/1652/165200060010.001/swg.fits[1]
scw/1652/165200130010.001/swg.fits[1]
scw/1657/165700870010.001/swg.fits[1]
scw/1657/165700880010.001/swg.fits[1]
scw/1658/165800020010.001/swg.fits[1]
scw/1661/166100290010.001/swg.fits[1]
scw/1661/166100300010.001/swg.fits[1]
scw/1662/166200020010.001/swg.fits[1]
scw/1662/166200030010.001/swg.fits[1]
scw/1662/166200040010.001/swg.fits[1]
scw/1662/166200280010.001/swg.fits[1]
scw/1662/166200290010.001/swg.fits[1]
scw/1664/166400240010.001/swg.fits[1]
scw/1664/166400250010.001/swg.fits[1]
scw/1664/166400260010.001/swg.fits[1]
scw/1667/166700520010.001/swg.fits[1]
scw/1667/166700530010.001/swg.fits[1]
scw/1667/166700540010.001/swg.fits[1]
scw/1715/171500060010.001/swg.fits[1]
scw/1719/171900930010.001/swg.fits[1]
scw/1723/172300270010.001/swg.fits[1]
scw/1723/172300280010.001/swg.fits[1]
scw/1723/172300550010.001/swg.fits[1]
scw/1723/172300560010.001/swg.fits[1]
scw/1724/172400250010.001/swg.fits[1]
scw/1724/172400260010.001/swg.fits[1]
