scw/0055/005500720010.001/swg.fits[1]
scw/0066/006600080010.001/swg.fits[1]
scw/0076/007600100010.001/swg.fits[1]
scw/0146/014600160010.001/swg.fits[1]
scw/0170/017001070010.001/swg.fits[1]
scw/0186/018600860010.001/swg.fits[1]
scw/0203/020300030010.001/swg.fits[1]
scw/0256/025600080010.001/swg.fits[1]
scw/0260/026000040010.001/swg.fits[1]
scw/0301/030100060010.001/swg.fits[1]
scw/0380/038000060010.001/swg.fits[1]
scw/0387/038700100010.001/swg.fits[1]
scw/0412/041200250010.001/swg.fits[1]
scw/1048/104800860010.001/swg.fits[1]
scw/1048/104800980010.001/swg.fits[1]
scw/1049/104900080010.001/swg.fits[1]
scw/1049/104900200010.001/swg.fits[1]
scw/1054/105400610010.001/swg.fits[1]
scw/1055/105500630010.001/swg.fits[1]
scw/1056/105600830010.001/swg.fits[1]
scw/1058/105800630010.001/swg.fits[1]
scw/1115/111500720010.001/swg.fits[1]
scw/1116/111600390010.001/swg.fits[1]
scw/1171/117100490010.001/swg.fits[1]
scw/1172/117200330010.001/swg.fits[1]
scw/1178/117800950010.001/swg.fits[1]
scw/1245/124500720010.001/swg.fits[1]
scw/1245/124500720020.001/swg.fits[1]
scw/1297/129700760010.001/swg.fits[1]
scw/1297/129700860010.001/swg.fits[1]
scw/1298/129800830010.001/swg.fits[1]
scw/1298/129800960010.001/swg.fits[1]
scw/1300/130000660010.001/swg.fits[1]
scw/1300/130000670010.001/swg.fits[1]
scw/1306/130600560010.001/swg.fits[1]
scw/1306/130600690010.001/swg.fits[1]
scw/1479/147900300010.001/swg.fits[1]
scw/1479/147900330010.001/swg.fits[1]
scw/1480/148000220010.001/swg.fits[1]
scw/2273/227300400010.001/swg.fits[1]
scw/2273/227300410010.001/swg.fits[1]
scw/2273/227300480010.001/swg.fits[1]
scw/2273/227300490010.001/swg.fits[1]
scw/2292/229200070010.001/swg.fits[1]
scw/2292/229200160010.001/swg.fits[1]
scw/2377/237700320010.001/swg.fits[1]
scw/2377/237700330010.001/swg.fits[1]
scw/2377/237700380010.001/swg.fits[1]
scw/2377/237700390010.001/swg.fits[1]
scw/2377/237700400010.001/swg.fits[1]
scw/2428/242800670010.001/swg.fits[1]
scw/2433/243300660010.001/swg.fits[1]
scw/2433/243300670010.001/swg.fits[1]
scw/2436/243600660010.001/swg.fits[1]
scw/2436/243600670010.001/swg.fits[1]
scw/2436/243600750010.001/swg.fits[1]
scw/2436/243600760010.001/swg.fits[1]
scw/2436/243600770010.001/swg.fits[1]
scw/2436/243600780010.001/swg.fits[1]
scw/2437/243700470010.001/swg.fits[1]
scw/2437/243700510010.001/swg.fits[1]
scw/2437/243700520010.001/swg.fits[1]
scw/2437/243700530010.001/swg.fits[1]
scw/2440/244000330010.001/swg.fits[1]
scw/2440/244000340010.001/swg.fits[1]
scw/2440/244000350010.001/swg.fits[1]
scw/2440/244000430010.001/swg.fits[1]
scw/2440/244000680010.001/swg.fits[1]
scw/2440/244000700010.001/swg.fits[1]
scw/2440/244000710010.001/swg.fits[1]
scw/2440/244000720010.001/swg.fits[1]
scw/2440/244000760010.001/swg.fits[1]
scw/2440/244000770010.001/swg.fits[1]
scw/2440/244000780010.001/swg.fits[1]
scw/2442/244200350010.001/swg.fits[1]
scw/2442/244200620010.001/swg.fits[1]
scw/2442/244200630010.001/swg.fits[1]
scw/2442/244200700010.001/swg.fits[1]
scw/2442/244200710010.001/swg.fits[1]
scw/2442/244200720010.001/swg.fits[1]
scw/2442/244200730010.001/swg.fits[1]
scw/2442/244200740010.001/swg.fits[1]
scw/2442/244200790010.001/swg.fits[1]
scw/2448/244800500010.001/swg.fits[1]
scw/2449/244900360010.001/swg.fits[1]
scw/2449/244900370010.001/swg.fits[1]
scw/2449/244900430010.001/swg.fits[1]
scw/2449/244900440010.001/swg.fits[1]
scw/2449/244900450010.001/swg.fits[1]
scw/2449/244900460010.001/swg.fits[1]
scw/2449/244900470010.001/swg.fits[1]
scw/2449/244900480010.001/swg.fits[1]
scw/2449/244900530010.001/swg.fits[1]
scw/2449/244900540010.001/swg.fits[1]
scw/2453/245300550010.001/swg.fits[1]
scw/2453/245300560010.001/swg.fits[1]
