scw/0031/003100040010.001/swg.fits[1]
scw/0054/005400300010.001/swg.fits[1]
scw/0067/006700140010.001/swg.fits[1]
scw/0074/007400070010.001/swg.fits[1]
scw/0082/008200110010.001/swg.fits[1]
scw/0153/015300110010.001/swg.fits[1]
scw/0181/018100200010.001/swg.fits[1]
scw/0185/018500080010.001/swg.fits[1]
scw/0202/020200100010.001/swg.fits[1]
scw/0234/023400040010.001/swg.fits[1]
scw/0249/024900090010.001/swg.fits[1]
scw/0253/025300160010.001/swg.fits[1]
scw/0259/025900090010.001/swg.fits[1]
scw/0263/026300070010.001/swg.fits[1]
scw/0264/026400080010.001/swg.fits[1]
scw/0315/031500190010.001/swg.fits[1]
scw/0319/031900080010.001/swg.fits[1]
scw/0332/033200050010.001/swg.fits[1]
scw/0375/037500620010.001/swg.fits[1]
scw/0383/038300590010.001/swg.fits[1]
scw/0388/038800070010.001/swg.fits[1]
scw/0396/039600190010.001/swg.fits[1]
scw/0397/039700600010.001/swg.fits[1]
scw/0431/043100080010.001/swg.fits[1]
scw/0435/043500040010.001/swg.fits[1]
scw/0443/044300900010.001/swg.fits[1]
scw/0453/045300640010.001/swg.fits[1]
scw/0460/046000090010.001/swg.fits[1]
scw/0510/051000030010.001/swg.fits[1]
scw/0510/051000040010.001/swg.fits[1]
scw/0510/051000090010.001/swg.fits[1]
scw/0510/051000100010.001/swg.fits[1]
scw/0510/051000110010.001/swg.fits[1]
scw/0510/051000120010.001/swg.fits[1]
scw/0510/051000130010.001/swg.fits[1]
scw/0510/051000140010.001/swg.fits[1]
scw/0510/051000430010.001/swg.fits[1]
scw/0510/051000500010.001/swg.fits[1]
scw/0510/051000510010.001/swg.fits[1]
scw/0510/051000600010.001/swg.fits[1]
scw/0510/051000610010.001/swg.fits[1]
scw/0510/051000620010.001/swg.fits[1]
scw/0510/051000630010.001/swg.fits[1]
scw/0511/051100040010.001/swg.fits[1]
scw/0511/051100050010.001/swg.fits[1]
scw/0511/051100060010.001/swg.fits[1]
scw/0511/051100070010.001/swg.fits[1]
scw/0511/051100140010.001/swg.fits[1]
scw/0511/051100150010.001/swg.fits[1]
scw/0511/051100170010.001/swg.fits[1]
scw/0511/051100180010.001/swg.fits[1]
scw/0511/051100230010.001/swg.fits[1]
scw/0511/051100240010.001/swg.fits[1]
scw/0511/051100270010.001/swg.fits[1]
scw/0511/051100280010.001/swg.fits[1]
scw/0511/051100540010.001/swg.fits[1]
scw/0511/051100560010.001/swg.fits[1]
scw/0511/051100570010.001/swg.fits[1]
scw/0511/051100630010.001/swg.fits[1]
scw/0511/051100640010.001/swg.fits[1]
scw/0511/051100650010.001/swg.fits[1]
scw/0511/051100730010.001/swg.fits[1]
scw/0511/051100740010.001/swg.fits[1]
scw/0511/051100750010.001/swg.fits[1]
scw/0511/051100760010.001/swg.fits[1]
scw/0511/051100770010.001/swg.fits[1]
scw/0511/051100780010.001/swg.fits[1]
scw/0512/051200220010.001/swg.fits[1]
scw/0512/051200230010.001/swg.fits[1]
scw/0512/051200240010.001/swg.fits[1]
scw/0512/051200290010.001/swg.fits[1]
scw/0512/051200300010.001/swg.fits[1]
scw/0512/051200330010.001/swg.fits[1]
scw/0512/051200340010.001/swg.fits[1]
scw/0512/051200390010.001/swg.fits[1]
scw/0512/051200400010.001/swg.fits[1]
scw/0512/051200440010.001/swg.fits[1]
scw/0512/051200690010.001/swg.fits[1]
scw/0512/051200700010.001/swg.fits[1]
scw/0512/051200710010.001/swg.fits[1]
scw/0512/051200730010.001/swg.fits[1]
scw/0512/051200740010.001/swg.fits[1]
scw/0512/051200800010.001/swg.fits[1]
scw/0513/051300050010.001/swg.fits[1]
scw/0513/051300060010.001/swg.fits[1]
scw/0513/051300430010.001/swg.fits[1]
scw/0513/051300470010.001/swg.fits[1]
scw/0513/051300480010.001/swg.fits[1]
scw/0513/051300530010.001/swg.fits[1]
scw/0513/051300540010.001/swg.fits[1]
scw/0513/051300630010.001/swg.fits[1]
scw/0513/051300640010.001/swg.fits[1]
scw/0513/051300660010.001/swg.fits[1]
scw/0513/051300670010.001/swg.fits[1]
scw/0513/051300680010.001/swg.fits[1]
scw/0513/051300690010.001/swg.fits[1]
scw/0514/051400080010.001/swg.fits[1]
scw/0514/051400090010.001/swg.fits[1]
scw/0514/051400120010.001/swg.fits[1]
scw/0514/051400130010.001/swg.fits[1]
scw/0514/051400180010.001/swg.fits[1]
scw/0514/051400190010.001/swg.fits[1]
scw/0514/051400220010.001/swg.fits[1]
scw/0514/051400230010.001/swg.fits[1]
scw/0514/051400240010.001/swg.fits[1]
scw/0514/051400280010.001/swg.fits[1]
scw/0514/051400290010.001/swg.fits[1]
scw/0515/051500330010.001/swg.fits[1]
scw/0516/051600020010.001/swg.fits[1]
scw/0516/051600030010.001/swg.fits[1]
scw/0516/051600080010.001/swg.fits[1]
scw/0516/051600090010.001/swg.fits[1]
scw/0516/051600100010.001/swg.fits[1]
scw/0516/051600120010.001/swg.fits[1]
scw/0516/051600130010.001/swg.fits[1]
scw/0516/051600180010.001/swg.fits[1]
scw/0516/051600190010.001/swg.fits[1]
scw/0516/051600200010.001/swg.fits[1]
scw/0518/051800040010.001/swg.fits[1]
scw/0518/051800060010.001/swg.fits[1]
scw/0518/051800070010.001/swg.fits[1]
scw/0518/051800080010.001/swg.fits[1]
scw/0518/051800140010.001/swg.fits[1]
scw/0519/051900050010.001/swg.fits[1]
scw/0519/051900060010.001/swg.fits[1]
scw/0519/051900070010.001/swg.fits[1]
scw/0519/051900110010.001/swg.fits[1]
scw/0519/051900120010.001/swg.fits[1]
scw/0527/052700020010.001/swg.fits[1]
scw/0528/052800040010.001/swg.fits[1]
scw/0553/055300290010.001/swg.fits[1]
scw/0553/055300400010.001/swg.fits[1]
scw/0553/055300410010.001/swg.fits[1]
scw/0553/055300480010.001/swg.fits[1]
scw/0553/055300490010.001/swg.fits[1]
scw/0553/055300500010.001/swg.fits[1]
scw/0553/055300680010.001/swg.fits[1]
scw/0553/055300690010.001/swg.fits[1]
scw/0553/055300700010.001/swg.fits[1]
scw/0553/055300710010.001/swg.fits[1]
scw/0553/055300720010.001/swg.fits[1]
scw/0557/055700200010.001/swg.fits[1]
scw/0557/055700210010.001/swg.fits[1]
scw/0557/055700280010.001/swg.fits[1]
scw/0557/055700290010.001/swg.fits[1]
scw/0557/055700300010.001/swg.fits[1]
scw/0557/055700310010.001/swg.fits[1]
scw/0557/055700480010.001/swg.fits[1]
scw/0557/055700490010.001/swg.fits[1]
scw/0557/055700500010.001/swg.fits[1]
scw/0557/055700510010.001/swg.fits[1]
scw/0557/055700590010.001/swg.fits[1]
scw/0557/055700770010.001/swg.fits[1]
scw/0557/055700780010.001/swg.fits[1]
scw/0557/055700790010.001/swg.fits[1]
scw/0557/055700800010.001/swg.fits[1]
scw/0557/055700810010.001/swg.fits[1]
scw/0558/055800550010.001/swg.fits[1]
scw/0558/055800570010.001/swg.fits[1]
scw/0558/055800580010.001/swg.fits[1]
scw/0558/055800590010.001/swg.fits[1]
scw/0558/055800650010.001/swg.fits[1]
scw/0559/055900130010.001/swg.fits[1]
scw/0559/055900250010.001/swg.fits[1]
scw/0559/055900260010.001/swg.fits[1]
scw/0559/055900270010.001/swg.fits[1]
scw/0559/055900280010.001/swg.fits[1]
scw/0559/055900380010.001/swg.fits[1]
scw/0559/055900450010.001/swg.fits[1]
scw/0559/055900460010.001/swg.fits[1]
scw/0559/055900470010.001/swg.fits[1]
scw/0559/055900480010.001/swg.fits[1]
scw/0559/055900750010.001/swg.fits[1]
scw/0559/055900760010.001/swg.fits[1]
scw/0559/055900770010.001/swg.fits[1]
scw/0559/055900780010.001/swg.fits[1]
scw/0563/056300270010.001/swg.fits[1]
scw/0563/056300370010.001/swg.fits[1]
scw/0563/056300380010.001/swg.fits[1]
scw/0563/056300390010.001/swg.fits[1]
scw/0563/056300400010.001/swg.fits[1]
scw/0563/056300670010.001/swg.fits[1]
scw/0563/056300680010.001/swg.fits[1]
scw/0563/056300690010.001/swg.fits[1]
scw/0563/056300700010.001/swg.fits[1]
scw/0564/056400090010.001/swg.fits[1]
scw/0564/056400140010.001/swg.fits[1]
scw/0564/056400150010.001/swg.fits[1]
scw/0564/056400180010.001/swg.fits[1]
