scw/0280/028000490010.001/swg.fits[1]
scw/0280/028000500010.001/swg.fits[1]
scw/0280/028000520010.001/swg.fits[1]
scw/0280/028000530010.001/swg.fits[1]
scw/0280/028000540010.001/swg.fits[1]
scw/0280/028000590010.001/swg.fits[1]
scw/0280/028000600010.001/swg.fits[1]
scw/0280/028000610010.001/swg.fits[1]
scw/0280/028000630010.001/swg.fits[1]
scw/0281/028100430010.001/swg.fits[1]
scw/0281/028100440010.001/swg.fits[1]
scw/0281/028100470010.001/swg.fits[1]
scw/0281/028100480010.001/swg.fits[1]
scw/0281/028100520010.001/swg.fits[1]
scw/0281/028100530010.001/swg.fits[1]
scw/0281/028100540010.001/swg.fits[1]
scw/0281/028100570010.001/swg.fits[1]
scw/0282/028200460010.001/swg.fits[1]
scw/0282/028200470010.001/swg.fits[1]
scw/0282/028200480010.001/swg.fits[1]
scw/0282/028200490010.001/swg.fits[1]
scw/0610/061000180010.001/swg.fits[1]
scw/0610/061000190010.001/swg.fits[1]
scw/0611/061100100010.001/swg.fits[1]
scw/0611/061100110010.001/swg.fits[1]
scw/0667/066700790010.001/swg.fits[1]
scw/0667/066700800010.001/swg.fits[1]
scw/0667/066700810010.001/swg.fits[1]
scw/0670/067000190010.001/swg.fits[1]
scw/0670/067000200010.001/swg.fits[1]
scw/0670/067000210010.001/swg.fits[1]
scw/0670/067000810010.001/swg.fits[1]
scw/0670/067000820010.001/swg.fits[1]
scw/0670/067000830010.001/swg.fits[1]
scw/0671/067100490010.001/swg.fits[1]
scw/0671/067100500010.001/swg.fits[1]
scw/0671/067100510010.001/swg.fits[1]
scw/0672/067200100010.001/swg.fits[1]
scw/0672/067200110010.001/swg.fits[1]
scw/0672/067200120010.001/swg.fits[1]
scw/0672/067200740010.001/swg.fits[1]
scw/0672/067200750010.001/swg.fits[1]
scw/0847/084700750010.001/swg.fits[1]
scw/0847/084700760010.001/swg.fits[1]
scw/0848/084800760010.001/swg.fits[1]
scw/0848/084800770010.001/swg.fits[1]
scw/0849/084900650010.001/swg.fits[1]
scw/0851/085100100010.001/swg.fits[1]
scw/0851/085100110010.001/swg.fits[1]
scw/0852/085200030010.001/swg.fits[1]
scw/0852/085200040010.001/swg.fits[1]
scw/2289/228900620010.001/swg.fits[1]
