scw/0312/031200230010.001/swg.fits[1]
scw/0312/031200240010.001/swg.fits[1]
scw/0312/031200250010.001/swg.fits[1]
scw/0312/031200310010.001/swg.fits[1]
scw/0312/031200640010.001/swg.fits[1]
scw/0313/031300020010.001/swg.fits[1]
scw/0313/031300030010.001/swg.fits[1]
scw/0313/031300040010.001/swg.fits[1]
scw/0313/031300060010.001/swg.fits[1]
scw/0313/031300070010.001/swg.fits[1]
scw/0313/031300080010.001/swg.fits[1]
scw/0313/031300140010.001/swg.fits[1]
scw/0313/031300470010.001/swg.fits[1]
scw/0313/031300480010.001/swg.fits[1]
scw/0313/031300530010.001/swg.fits[1]
scw/0313/031300540010.001/swg.fits[1]
scw/0313/031300550010.001/swg.fits[1]
scw/0313/031300570010.001/swg.fits[1]
scw/0313/031300580010.001/swg.fits[1]
scw/1291/129100070010.001/swg.fits[1]
scw/1291/129100180010.001/swg.fits[1]
scw/1291/129100350010.001/swg.fits[1]
scw/1291/129100420010.001/swg.fits[1]
scw/1291/129100490010.001/swg.fits[1]
scw/1291/129100560010.001/swg.fits[1]
scw/1292/129200030010.001/swg.fits[1]
scw/1292/129200070010.001/swg.fits[1]
scw/1292/129200140010.001/swg.fits[1]
scw/1292/129200240010.001/swg.fits[1]
scw/1292/129200300010.001/swg.fits[1]
scw/1292/129200310010.001/swg.fits[1]
scw/1292/129200320010.001/swg.fits[1]
scw/1292/129200370010.001/swg.fits[1]
scw/1292/129200380010.001/swg.fits[1]
scw/1292/129200450010.001/swg.fits[1]
scw/1292/129200560010.001/swg.fits[1]
scw/1294/129400310010.001/swg.fits[1]
scw/1294/129400380010.001/swg.fits[1]
scw/1354/135400550010.001/swg.fits[1]
