scw/0026/002600080010.001/swg.fits[1]
scw/0067/006700150010.001/swg.fits[1]
scw/0074/007400050010.001/swg.fits[1]
scw/0082/008200130010.001/swg.fits[1]
scw/0087/008700120010.001/swg.fits[1]
scw/0202/020200120010.001/swg.fits[1]
scw/0229/022900370010.001/swg.fits[1]
scw/0259/025900080010.001/swg.fits[1]
scw/0266/026600060010.001/swg.fits[1]
scw/0282/028200150010.001/swg.fits[1]
scw/0396/039600180010.001/swg.fits[1]
scw/0397/039700610010.001/swg.fits[1]
scw/0431/043100070010.001/swg.fits[1]
scw/0468/046800160010.001/swg.fits[1]
scw/0512/051200110010.001/swg.fits[1]
scw/0512/051200520010.001/swg.fits[1]
scw/0515/051500130010.001/swg.fits[1]
scw/0516/051600310010.001/swg.fits[1]
scw/0520/052000050010.001/swg.fits[1]
scw/0520/052000140010.001/swg.fits[1]
scw/0562/056200020010.001/swg.fits[1]
scw/0562/056200030010.001/swg.fits[1]
scw/0562/056200040010.001/swg.fits[1]
scw/0562/056200050010.001/swg.fits[1]
scw/0568/056800120010.001/swg.fits[1]
scw/0568/056800130010.001/swg.fits[1]
scw/0583/058300070010.001/swg.fits[1]
scw/0957/095700440010.001/swg.fits[1]
scw/1048/104800290010.001/swg.fits[1]
scw/1051/105100060010.001/swg.fits[1]
scw/1051/105100540010.001/swg.fits[1]
scw/1053/105300050010.001/swg.fits[1]
scw/1053/105300240010.001/swg.fits[1]
scw/1055/105500050010.001/swg.fits[1]
scw/1055/105500220010.001/swg.fits[1]
scw/1058/105800200010.001/swg.fits[1]
scw/1059/105900210010.001/swg.fits[1]
scw/1061/106100350010.001/swg.fits[1]
scw/1114/111400150010.001/swg.fits[1]
scw/1115/111500050010.001/swg.fits[1]
scw/1116/111600240010.001/swg.fits[1]
scw/1120/112000220010.001/swg.fits[1]
scw/1121/112100180010.001/swg.fits[1]
scw/1123/112300180010.001/swg.fits[1]
scw/1124/112400190010.001/swg.fits[1]
scw/1125/112500540010.001/swg.fits[1]
scw/1140/114000060010.001/swg.fits[1]
scw/1141/114100080010.001/swg.fits[1]
scw/1141/114100390010.001/swg.fits[1]
scw/1171/117100190010.001/swg.fits[1]
scw/1172/117200120010.001/swg.fits[1]
scw/1190/119000080010.001/swg.fits[1]
scw/1229/122900430010.001/swg.fits[1]
scw/1230/123000060010.001/swg.fits[1]
scw/1231/123100060010.001/swg.fits[1]
scw/1236/123600140010.001/swg.fits[1]
scw/1237/123700090010.001/swg.fits[1]
scw/1239/123900160010.001/swg.fits[1]
scw/1241/124100160010.001/swg.fits[1]
scw/1299/129900060010.001/swg.fits[1]
scw/1299/129900230010.001/swg.fits[1]
scw/1366/136600630010.001/swg.fits[1]
scw/1366/136600740010.001/swg.fits[1]
scw/1373/137300840010.001/swg.fits[1]
scw/1373/137300950010.001/swg.fits[1]
scw/1374/137400660010.001/swg.fits[1]
scw/1377/137700580010.001/swg.fits[1]
scw/1471/147100160010.001/swg.fits[1]
scw/1471/147100260010.001/swg.fits[1]
scw/1481/148100130010.001/swg.fits[1]
scw/1482/148200150010.001/swg.fits[1]
scw/1487/148700090010.001/swg.fits[1]
scw/1490/149000080010.001/swg.fits[1]
scw/1490/149000130010.001/swg.fits[1]
scw/1614/161400120010.001/swg.fits[1]
scw/2317/231700400010.001/swg.fits[1]
scw/2317/231700410010.001/swg.fits[1]
scw/2317/231700460010.001/swg.fits[1]
scw/2317/231700470010.001/swg.fits[1]
scw/2318/231800120010.001/swg.fits[1]
scw/2318/231800130010.001/swg.fits[1]
scw/2318/231800200010.001/swg.fits[1]
scw/2318/231800210010.001/swg.fits[1]
scw/2322/232200220010.001/swg.fits[1]
scw/2322/232200230010.001/swg.fits[1]
scw/2322/232200240010.001/swg.fits[1]
scw/2322/232200320010.001/swg.fits[1]
scw/2322/232200330010.001/swg.fits[1]
scw/2324/232400050010.001/swg.fits[1]
scw/2324/232400060010.001/swg.fits[1]
scw/2324/232400110010.001/swg.fits[1]
scw/2324/232400120010.001/swg.fits[1]
scw/2324/232400130010.001/swg.fits[1]
scw/2324/232400150010.001/swg.fits[1]
scw/2324/232400160010.001/swg.fits[1]
scw/2393/239300190010.001/swg.fits[1]
scw/2393/239300230010.001/swg.fits[1]
scw/2393/239300240010.001/swg.fits[1]
scw/2393/239300250010.001/swg.fits[1]
scw/2393/239300320010.001/swg.fits[1]
scw/2393/239300330010.001/swg.fits[1]
scw/2446/244600380010.001/swg.fits[1]
scw/2446/244600390010.001/swg.fits[1]
scw/2446/244600400010.001/swg.fits[1]
scw/2446/244600450010.001/swg.fits[1]
scw/2446/244600460010.001/swg.fits[1]
scw/2446/244600470010.001/swg.fits[1]
scw/2461/246100560010.001/swg.fits[1]
scw/2461/246100600010.001/swg.fits[1]
scw/2461/246100610010.001/swg.fits[1]
scw/2461/246100620010.001/swg.fits[1]
scw/2461/246100660010.001/swg.fits[1]
