scw/0441/044100030010.001/swg.fits[1]
scw/0441/044100080010.001/swg.fits[1]
scw/0441/044100090010.001/swg.fits[1]
scw/0441/044100150010.001/swg.fits[1]
scw/0441/044100220010.001/swg.fits[1]
scw/0441/044100240010.001/swg.fits[1]
scw/0441/044100310010.001/swg.fits[1]
scw/0441/044100380010.001/swg.fits[1]
scw/0441/044100450010.001/swg.fits[1]
scw/0441/044100500010.001/swg.fits[1]
scw/0441/044100510010.001/swg.fits[1]
scw/0442/044200070010.001/swg.fits[1]
scw/0442/044200080010.001/swg.fits[1]
scw/0442/044200140010.001/swg.fits[1]
scw/0442/044200210010.001/swg.fits[1]
scw/0442/044200230010.001/swg.fits[1]
scw/0442/044200300010.001/swg.fits[1]
scw/0442/044200370010.001/swg.fits[1]
scw/0442/044200380010.001/swg.fits[1]
scw/0442/044200440010.001/swg.fits[1]
scw/0442/044200500010.001/swg.fits[1]
scw/0442/044200560010.001/swg.fits[1]
scw/0443/044300760010.001/swg.fits[1]
scw/0443/044300810010.001/swg.fits[1]
