scw/0047/004700160010.001/swg.fits[1]
scw/0051/005100640010.001/swg.fits[1]
scw/0162/016200070010.001/swg.fits[1]
scw/0225/022500090010.001/swg.fits[1]
scw/0282/028200060010.001/swg.fits[1]
scw/0292/029200130010.001/swg.fits[1]
scw/0717/071700120010.001/swg.fits[1]
scw/0717/071700130010.001/swg.fits[1]
scw/0717/071700140010.001/swg.fits[1]
scw/0717/071700190010.001/swg.fits[1]
scw/0717/071700200010.001/swg.fits[1]
scw/0717/071700330010.001/swg.fits[1]
scw/0717/071700340010.001/swg.fits[1]
scw/0717/071700390010.001/swg.fits[1]
scw/0717/071700400010.001/swg.fits[1]
scw/0717/071700440010.001/swg.fits[1]
scw/0717/071700590010.001/swg.fits[1]
scw/0717/071700600010.001/swg.fits[1]
scw/0717/071700630010.001/swg.fits[1]
scw/0717/071700640010.001/swg.fits[1]
scw/0717/071700700010.001/swg.fits[1]
scw/0720/072000120010.001/swg.fits[1]
scw/0720/072000130010.001/swg.fits[1]
scw/0720/072000180010.001/swg.fits[1]
scw/0720/072000190010.001/swg.fits[1]
scw/0720/072000220010.001/swg.fits[1]
scw/0720/072000230010.001/swg.fits[1]
scw/0720/072000480010.001/swg.fits[1]
scw/0720/072000520010.001/swg.fits[1]
scw/0720/072000530010.001/swg.fits[1]
scw/0720/072000540010.001/swg.fits[1]
scw/0720/072000580010.001/swg.fits[1]
scw/0720/072000620010.001/swg.fits[1]
scw/0720/072000630010.001/swg.fits[1]
scw/0720/072000670010.001/swg.fits[1]
scw/0720/072000680010.001/swg.fits[1]
scw/0720/072000690010.001/swg.fits[1]
scw/0720/072000720010.001/swg.fits[1]
scw/0721/072100060010.001/swg.fits[1]
scw/0721/072100100010.001/swg.fits[1]
scw/0721/072100110010.001/swg.fits[1]
scw/0721/072100120010.001/swg.fits[1]
scw/0721/072100160010.001/swg.fits[1]
scw/0721/072100170010.001/swg.fits[1]
scw/0721/072100260010.001/swg.fits[1]
scw/0721/072100270010.001/swg.fits[1]
scw/0721/072100280010.001/swg.fits[1]
scw/0721/072100300010.001/swg.fits[1]
scw/0721/072100310010.001/swg.fits[1]
scw/0721/072100560010.001/swg.fits[1]
scw/0721/072100570010.001/swg.fits[1]
scw/0721/072100600010.001/swg.fits[1]
scw/0721/072100610010.001/swg.fits[1]
scw/0721/072100620010.001/swg.fits[1]
scw/0721/072100660010.001/swg.fits[1]
scw/0721/072100670010.001/swg.fits[1]
scw/0721/072100690010.001/swg.fits[1]
scw/0721/072100700010.001/swg.fits[1]
scw/0721/072100710010.001/swg.fits[1]
scw/0721/072100760010.001/swg.fits[1]
scw/0721/072100770010.001/swg.fits[1]
scw/0721/072100800010.001/swg.fits[1]
scw/0784/078400050010.001/swg.fits[1]
scw/0784/078400060010.001/swg.fits[1]
scw/0784/078400110010.001/swg.fits[1]
scw/0784/078400120010.001/swg.fits[1]
scw/0784/078400160010.001/swg.fits[1]
scw/0784/078400250010.001/swg.fits[1]
scw/0784/078400260010.001/swg.fits[1]
scw/0784/078400510010.001/swg.fits[1]
scw/0784/078400520010.001/swg.fits[1]
scw/0784/078400550010.001/swg.fits[1]
scw/0784/078400560010.001/swg.fits[1]
scw/0784/078400650010.001/swg.fits[1]
scw/0784/078400660010.001/swg.fits[1]
scw/0784/078400710010.001/swg.fits[1]
scw/0784/078400720010.001/swg.fits[1]
scw/0784/078400750010.001/swg.fits[1]
scw/0787/078700090010.001/swg.fits[1]
scw/0787/078700100010.001/swg.fits[1]
scw/0787/078700110010.001/swg.fits[1]
scw/0787/078700140010.001/swg.fits[1]
scw/0787/078700150010.001/swg.fits[1]
scw/0787/078700200010.001/swg.fits[1]
scw/0787/078700240010.001/swg.fits[1]
scw/0787/078700250010.001/swg.fits[1]
scw/0787/078700300010.001/swg.fits[1]
scw/0787/078700310010.001/swg.fits[1]
scw/0787/078700320010.001/swg.fits[1]
scw/0787/078700340010.001/swg.fits[1]
scw/0787/078700640010.001/swg.fits[1]
scw/0787/078700650010.001/swg.fits[1]
scw/0787/078700700010.001/swg.fits[1]
scw/0787/078700710010.001/swg.fits[1]
scw/0787/078700740010.001/swg.fits[1]
scw/0787/078700750010.001/swg.fits[1]
scw/0787/078700800010.001/swg.fits[1]
scw/0787/078700810010.001/swg.fits[1]
scw/0787/078700840010.001/swg.fits[1]
scw/0830/083000670010.001/swg.fits[1]
scw/0831/083100050010.001/swg.fits[1]
scw/0831/083100060010.001/swg.fits[1]
scw/0831/083100070010.001/swg.fits[1]
scw/0831/083100090010.001/swg.fits[1]
scw/0831/083100100010.001/swg.fits[1]
scw/0831/083100160010.001/swg.fits[1]
scw/0831/083100350010.001/swg.fits[1]
scw/0831/083100360010.001/swg.fits[1]
scw/0831/083100390010.001/swg.fits[1]
scw/0831/083100400010.001/swg.fits[1]
scw/0831/083100410010.001/swg.fits[1]
scw/0831/083100450010.001/swg.fits[1]
scw/0831/083100460010.001/swg.fits[1]
scw/0831/083100500010.001/swg.fits[1]
scw/0831/083100550010.001/swg.fits[1]
scw/0831/083100560010.001/swg.fits[1]
scw/0831/083100590010.001/swg.fits[1]
scw/0831/083100600010.001/swg.fits[1]
scw/0831/083100880010.001/swg.fits[1]
scw/0831/083100890010.001/swg.fits[1]
scw/0831/083100900010.001/swg.fits[1]
scw/0831/083100950010.001/swg.fits[1]
scw/0831/083100960010.001/swg.fits[1]
scw/0832/083200050010.001/swg.fits[1]
scw/0832/083200100010.001/swg.fits[1]
scw/0832/083200110010.001/swg.fits[1]
scw/0832/083200140010.001/swg.fits[1]
scw/0832/083200150010.001/swg.fits[1]
scw/0832/083200400010.001/swg.fits[1]
scw/0832/083200410010.001/swg.fits[1]
scw/0832/083200430010.001/swg.fits[1]
scw/0832/083200440010.001/swg.fits[1]
scw/0832/083200450010.001/swg.fits[1]
scw/0832/083200500010.001/swg.fits[1]
scw/0832/083200550010.001/swg.fits[1]
scw/0832/083200590010.001/swg.fits[1]
scw/0832/083200600010.001/swg.fits[1]
scw/0832/083200610010.001/swg.fits[1]
scw/0832/083200650010.001/swg.fits[1]
scw/0832/083200900010.001/swg.fits[1]
scw/0832/083200910010.001/swg.fits[1]
scw/0832/083200930010.001/swg.fits[1]
scw/0832/083200940010.001/swg.fits[1]
scw/0832/083200950010.001/swg.fits[1]
scw/0833/083300090010.001/swg.fits[1]
scw/0833/083300100010.001/swg.fits[1]
scw/0833/083300140010.001/swg.fits[1]
scw/0833/083300150010.001/swg.fits[1]
scw/0833/083300160010.001/swg.fits[1]
scw/0833/083300190010.001/swg.fits[1]
scw/0833/083300460010.001/swg.fits[1]
scw/0833/083300480010.001/swg.fits[1]
scw/0833/083300490010.001/swg.fits[1]
scw/0833/083300500010.001/swg.fits[1]
