scw/1673/167300050010.001/swg.fits[1]
scw/1673/167300370010.001/swg.fits[1]
scw/1673/167300380010.001/swg.fits[1]
scw/1673/167300450010.001/swg.fits[1]
scw/1673/167300460010.001/swg.fits[1]
scw/1673/167300470010.001/swg.fits[1]
scw/1673/167300480010.001/swg.fits[1]
scw/1674/167400050010.001/swg.fits[1]
scw/1674/167400060010.001/swg.fits[1]
scw/1674/167400370010.001/swg.fits[1]
scw/1674/167400450010.001/swg.fits[1]
scw/1674/167400460010.001/swg.fits[1]
scw/1674/167400480010.001/swg.fits[1]
scw/1675/167500050010.001/swg.fits[1]
scw/1675/167500370010.001/swg.fits[1]
scw/1675/167500380010.001/swg.fits[1]
scw/1675/167500450010.001/swg.fits[1]
scw/1675/167500470010.001/swg.fits[1]
scw/1675/167500480010.001/swg.fits[1]
scw/1676/167600070010.001/swg.fits[1]
scw/1676/167600080010.001/swg.fits[1]
scw/1676/167600390010.001/swg.fits[1]
scw/1676/167600400010.001/swg.fits[1]
scw/1676/167600470010.001/swg.fits[1]
scw/1680/168000400010.001/swg.fits[1]
scw/1680/168000410010.001/swg.fits[1]
scw/1680/168000480010.001/swg.fits[1]
scw/1680/168000490010.001/swg.fits[1]
scw/1680/168000510010.001/swg.fits[1]
scw/1681/168100040010.001/swg.fits[1]
scw/1681/168100370010.001/swg.fits[1]
scw/1681/168100440010.001/swg.fits[1]
scw/1681/168100450010.001/swg.fits[1]
scw/1681/168100470010.001/swg.fits[1]
scw/1681/168100480010.001/swg.fits[1]
