scw/0097/009700090010.001/swg.fits[1]
scw/0097/009700150010.001/swg.fits[1]
scw/0097/009700160010.001/swg.fits[1]
scw/0097/009700170010.001/swg.fits[1]
scw/0097/009700190010.001/swg.fits[1]
scw/0097/009700200010.001/swg.fits[1]
scw/0097/009700350010.001/swg.fits[1]
scw/0097/009700370010.001/swg.fits[1]
scw/0097/009700380010.001/swg.fits[1]
scw/0097/009700390010.001/swg.fits[1]
scw/0097/009700450010.001/swg.fits[1]
scw/0097/009700530010.001/swg.fits[1]
scw/0097/009700530020.001/swg.fits[1]
scw/0097/009700530030.001/swg.fits[1]
scw/0097/009700530040.001/swg.fits[1]
scw/0101/010100080010.001/swg.fits[1]
scw/0101/010100140010.001/swg.fits[1]
scw/0101/010100150010.001/swg.fits[1]
scw/0101/010100160010.001/swg.fits[1]
scw/0101/010100180010.001/swg.fits[1]
scw/0101/010100340010.001/swg.fits[1]
scw/0101/010100360010.001/swg.fits[1]
scw/0101/010100370010.001/swg.fits[1]
scw/0101/010100380010.001/swg.fits[1]
scw/0101/010100440010.001/swg.fits[1]
scw/0163/016300670010.001/swg.fits[1]
scw/0163/016300760010.001/swg.fits[1]
scw/0166/016600780010.001/swg.fits[1]
scw/0166/016600790010.001/swg.fits[1]
scw/0228/022800240010.001/swg.fits[1]
scw/0228/022800250010.001/swg.fits[1]
scw/0228/022800320010.001/swg.fits[1]
scw/0228/022800330010.001/swg.fits[1]
scw/0228/022800820010.001/swg.fits[1]
scw/0228/022800830010.001/swg.fits[1]
scw/0228/022800900010.001/swg.fits[1]
scw/0228/022800910010.001/swg.fits[1]
scw/0294/029400660010.001/swg.fits[1]
scw/0294/029400670010.001/swg.fits[1]
scw/0294/029400680010.001/swg.fits[1]
scw/0294/029400750010.001/swg.fits[1]
scw/0294/029400760010.001/swg.fits[1]
scw/0294/029400770010.001/swg.fits[1]
scw/0295/029500660010.001/swg.fits[1]
scw/0295/029500670010.001/swg.fits[1]
scw/0295/029500680010.001/swg.fits[1]
scw/0357/035700580010.001/swg.fits[1]
scw/0357/035700590010.001/swg.fits[1]
scw/0357/035700600010.001/swg.fits[1]
scw/0357/035700670010.001/swg.fits[1]
scw/0357/035700680010.001/swg.fits[1]
scw/0357/035700690010.001/swg.fits[1]
scw/0358/035800270010.001/swg.fits[1]
scw/0358/035800280010.001/swg.fits[1]
scw/0358/035800290010.001/swg.fits[1]
scw/0359/035900580010.001/swg.fits[1]
scw/0359/035900590010.001/swg.fits[1]
scw/0359/035900600010.001/swg.fits[1]
scw/0360/036000050010.001/swg.fits[1]
scw/0360/036000060010.001/swg.fits[1]
scw/0360/036000070010.001/swg.fits[1]
scw/0360/036000580010.001/swg.fits[1]
scw/0360/036000590010.001/swg.fits[1]
scw/0360/036000600010.001/swg.fits[1]
scw/0410/041000130010.001/swg.fits[1]
scw/0410/041000150010.001/swg.fits[1]
scw/0410/041000160010.001/swg.fits[1]
scw/0410/041000170010.001/swg.fits[1]
scw/0410/041000220010.001/swg.fits[1]
scw/0410/041000230010.001/swg.fits[1]
scw/0410/041000450010.001/swg.fits[1]
scw/0410/041000460010.001/swg.fits[1]
scw/0410/041000520010.001/swg.fits[1]
scw/0410/041000530010.001/swg.fits[1]
scw/0410/041000540010.001/swg.fits[1]
scw/0410/041000560010.001/swg.fits[1]
scw/0410/041000620010.001/swg.fits[1]
scw/0410/041000630010.001/swg.fits[1]
scw/0410/041000650010.001/swg.fits[1]
scw/0416/041600660010.001/swg.fits[1]
scw/0416/041600670010.001/swg.fits[1]
scw/0416/041600740010.001/swg.fits[1]
scw/0416/041600750010.001/swg.fits[1]
scw/0417/041700280010.001/swg.fits[1]
scw/0417/041700290010.001/swg.fits[1]
scw/0417/041700730010.001/swg.fits[1]
scw/0417/041700790010.001/swg.fits[1]
scw/0418/041800240010.001/swg.fits[1]
scw/0418/041800300010.001/swg.fits[1]
scw/0418/041800310010.001/swg.fits[1]
scw/0418/041800320010.001/swg.fits[1]
scw/0418/041800330010.001/swg.fits[1]
scw/0418/041800340010.001/swg.fits[1]
scw/0418/041800440010.001/swg.fits[1]
scw/0418/041800450010.001/swg.fits[1]
scw/0418/041800500010.001/swg.fits[1]
scw/0418/041800510010.001/swg.fits[1]
scw/0419/041900180010.001/swg.fits[1]
scw/0419/041900240010.001/swg.fits[1]
scw/0419/041900250010.001/swg.fits[1]
scw/0419/041900260010.001/swg.fits[1]
scw/0419/041900280010.001/swg.fits[1]
scw/0419/041900340010.001/swg.fits[1]
scw/0419/041900350010.001/swg.fits[1]
scw/0419/041900370010.001/swg.fits[1]
scw/0419/041900380010.001/swg.fits[1]
scw/0419/041900390010.001/swg.fits[1]
scw/0419/041900400010.001/swg.fits[1]
scw/0419/041900440010.001/swg.fits[1]
scw/0419/041900450010.001/swg.fits[1]
scw/0419/041900450020.001/swg.fits[1]
scw/0420/042000540010.001/swg.fits[1]
scw/0420/042000560010.001/swg.fits[1]
scw/0420/042000570010.001/swg.fits[1]
scw/0420/042000580010.001/swg.fits[1]
scw/0420/042000640010.001/swg.fits[1]
scw/0420/042000650010.001/swg.fits[1]
scw/0463/046300460010.001/swg.fits[1]
scw/0463/046300470010.001/swg.fits[1]
scw/0463/046300520010.001/swg.fits[1]
scw/0463/046300530010.001/swg.fits[1]
scw/0463/046300540010.001/swg.fits[1]
scw/0463/046300620010.001/swg.fits[1]
scw/0463/046300660010.001/swg.fits[1]
scw/0463/046300670010.001/swg.fits[1]
scw/0463/046300680010.001/swg.fits[1]
scw/0463/046300720010.001/swg.fits[1]
scw/0464/046400570010.001/swg.fits[1]
scw/0465/046500100010.001/swg.fits[1]
scw/0465/046500110010.001/swg.fits[1]
scw/0465/046500160010.001/swg.fits[1]
scw/0465/046500170010.001/swg.fits[1]
scw/0465/046500180010.001/swg.fits[1]
scw/0465/046500300010.001/swg.fits[1]
scw/0465/046500310010.001/swg.fits[1]
scw/0465/046500360010.001/swg.fits[1]
scw/0465/046500370010.001/swg.fits[1]
scw/0465/046500610010.001/swg.fits[1]
scw/0467/046700140010.001/swg.fits[1]
scw/0467/046700150010.001/swg.fits[1]
scw/0467/046700160010.001/swg.fits[1]
scw/0467/046700190010.001/swg.fits[1]
scw/0467/046700200010.001/swg.fits[1]
scw/0467/046700260010.001/swg.fits[1]
scw/0467/046700280010.001/swg.fits[1]
scw/0467/046700290010.001/swg.fits[1]
scw/0467/046700300010.001/swg.fits[1]
scw/0467/046700350010.001/swg.fits[1]
scw/0467/046700360010.001/swg.fits[1]
scw/0467/046700590010.001/swg.fits[1]
scw/0467/046700600010.001/swg.fits[1]
scw/0467/046700650010.001/swg.fits[1]
scw/0469/046900090010.001/swg.fits[1]
scw/0469/046900210010.001/swg.fits[1]
scw/0469/046900220010.001/swg.fits[1]
scw/0469/046900230010.001/swg.fits[1]
scw/0469/046900290010.001/swg.fits[1]
scw/0469/046900520010.001/swg.fits[1]
scw/0469/046900580010.001/swg.fits[1]
scw/0469/046900590010.001/swg.fits[1]
scw/0469/046900600010.001/swg.fits[1]
scw/0469/046900620010.001/swg.fits[1]
scw/0471/047100110010.001/swg.fits[1]
scw/0471/047100120010.001/swg.fits[1]
scw/0471/047100150010.001/swg.fits[1]
scw/0471/047100160010.001/swg.fits[1]
scw/0471/047100450010.001/swg.fits[1]
scw/0471/047100620010.001/swg.fits[1]
scw/0471/047100640010.001/swg.fits[1]
scw/0472/047200020010.001/swg.fits[1]
scw/0472/047200030010.001/swg.fits[1]
scw/0472/047200090010.001/swg.fits[1]
scw/0890/089000760010.001/swg.fits[1]
scw/0890/089000800010.001/swg.fits[1]
scw/0890/089000810010.001/swg.fits[1]
