scw/2087/208700450010.001/swg.fits[1]
scw/2087/208700500010.001/swg.fits[1]
scw/2087/208700510010.001/swg.fits[1]
scw/2088/208800050010.001/swg.fits[1]
scw/2088/208800080010.001/swg.fits[1]
scw/2088/208800090010.001/swg.fits[1]
scw/2088/208800100010.001/swg.fits[1]
scw/2088/208800140010.001/swg.fits[1]
scw/2088/208800150010.001/swg.fits[1]
scw/2089/208900280010.001/swg.fits[1]
scw/2089/208900290010.001/swg.fits[1]
scw/2089/208900360010.001/swg.fits[1]
scw/2090/209000120010.001/swg.fits[1]
scw/2090/209000130010.001/swg.fits[1]
scw/2090/209000200010.001/swg.fits[1]
scw/2090/209000210010.001/swg.fits[1]
scw/2090/209000220010.001/swg.fits[1]
scw/2093/209300870010.001/swg.fits[1]
scw/2147/214700130010.001/swg.fits[1]
scw/2147/214700140010.001/swg.fits[1]
scw/2147/214700180010.001/swg.fits[1]
scw/2147/214700190010.001/swg.fits[1]
scw/2147/214700200010.001/swg.fits[1]
scw/2147/214700210010.001/swg.fits[1]
scw/2147/214700230010.001/swg.fits[1]
scw/2147/214700240010.001/swg.fits[1]
scw/2147/214700330010.001/swg.fits[1]
scw/2147/214700340010.001/swg.fits[1]
scw/2147/214700390010.001/swg.fits[1]
scw/2147/214700400010.001/swg.fits[1]
scw/2153/215300750010.001/swg.fits[1]
scw/2153/215300760010.001/swg.fits[1]
scw/2153/215300770010.001/swg.fits[1]
scw/2153/215300820010.001/swg.fits[1]
scw/2153/215300830010.001/swg.fits[1]
scw/2153/215300840010.001/swg.fits[1]
scw/2153/215300860010.001/swg.fits[1]
scw/2154/215400070010.001/swg.fits[1]
scw/2155/215500170010.001/swg.fits[1]
scw/2155/215500230010.001/swg.fits[1]
scw/2155/215500240010.001/swg.fits[1]
scw/2155/215500250010.001/swg.fits[1]
scw/2155/215500270010.001/swg.fits[1]
scw/2156/215600510010.001/swg.fits[1]
scw/2156/215600570010.001/swg.fits[1]
scw/2156/215600580010.001/swg.fits[1]
scw/2157/215700170010.001/swg.fits[1]
scw/2157/215700180010.001/swg.fits[1]
scw/2157/215700230010.001/swg.fits[1]
scw/2157/215700240010.001/swg.fits[1]
scw/2157/215700270010.001/swg.fits[1]
scw/2157/215700620010.001/swg.fits[1]
scw/2157/215700630010.001/swg.fits[1]
scw/2157/215700670010.001/swg.fits[1]
scw/2157/215700680010.001/swg.fits[1]
scw/2158/215800340010.001/swg.fits[1]
scw/2158/215800400010.001/swg.fits[1]
scw/2159/215900160010.001/swg.fits[1]
scw/2159/215900170010.001/swg.fits[1]
scw/2159/215900230010.001/swg.fits[1]
scw/2159/215900240010.001/swg.fits[1]
scw/2159/215900250010.001/swg.fits[1]
scw/2159/215900600010.001/swg.fits[1]
scw/2159/215900660010.001/swg.fits[1]
scw/2159/215900670010.001/swg.fits[1]
scw/2160/216000680010.001/swg.fits[1]
scw/2161/216100110010.001/swg.fits[1]
scw/2161/216100120010.001/swg.fits[1]
scw/2161/216100170010.001/swg.fits[1]
scw/2161/216100180010.001/swg.fits[1]
scw/2161/216100220010.001/swg.fits[1]
scw/2161/216100230010.001/swg.fits[1]
scw/2162/216200100010.001/swg.fits[1]
scw/2162/216200110010.001/swg.fits[1]
scw/2162/216200150010.001/swg.fits[1]
scw/2162/216200160010.001/swg.fits[1]
scw/2216/221600210010.001/swg.fits[1]
scw/2216/221600220010.001/swg.fits[1]
scw/2216/221600230010.001/swg.fits[1]
scw/2216/221600250010.001/swg.fits[1]
scw/2218/221800080010.001/swg.fits[1]
scw/2218/221800090010.001/swg.fits[1]
scw/2218/221800110010.001/swg.fits[1]
scw/2218/221800120010.001/swg.fits[1]
scw/2218/221800130010.001/swg.fits[1]
scw/2218/221800180010.001/swg.fits[1]
scw/2218/221800510010.001/swg.fits[1]
scw/2220/222000130010.001/swg.fits[1]
scw/2220/222000140010.001/swg.fits[1]
scw/2220/222000190010.001/swg.fits[1]
scw/2220/222000200010.001/swg.fits[1]
scw/2220/222000230010.001/swg.fits[1]
scw/2221/222100100010.001/swg.fits[1]
scw/2221/222100110010.001/swg.fits[1]
scw/2221/222100190010.001/swg.fits[1]
scw/2222/222200080010.001/swg.fits[1]
scw/2222/222200090010.001/swg.fits[1]
scw/2222/222200100010.001/swg.fits[1]
scw/2222/222200140010.001/swg.fits[1]
scw/2222/222200150010.001/swg.fits[1]
scw/2222/222200430010.001/swg.fits[1]
scw/2222/222200440010.001/swg.fits[1]
scw/2222/222200450010.001/swg.fits[1]
scw/2222/222200530010.001/swg.fits[1]
scw/2224/222400140010.001/swg.fits[1]
scw/2224/222400150010.001/swg.fits[1]
scw/2224/222400210010.001/swg.fits[1]
scw/2224/222400220010.001/swg.fits[1]
scw/2224/222400230010.001/swg.fits[1]
scw/2224/222400240010.001/swg.fits[1]
scw/2224/222400250010.001/swg.fits[1]
scw/2224/222400610010.001/swg.fits[1]
scw/2224/222400620010.001/swg.fits[1]
scw/2224/222400700010.001/swg.fits[1]
scw/2224/222400710010.001/swg.fits[1]
scw/2268/226800380010.001/swg.fits[1]
scw/2268/226800390010.001/swg.fits[1]
scw/2290/229000420010.001/swg.fits[1]
scw/2290/229000480010.001/swg.fits[1]
scw/2290/229000490010.001/swg.fits[1]
scw/2290/229000500010.001/swg.fits[1]
scw/2290/229000520010.001/swg.fits[1]
scw/2292/229200500010.001/swg.fits[1]
scw/2292/229200510010.001/swg.fits[1]
scw/2292/229200520010.001/swg.fits[1]
scw/2292/229200570010.001/swg.fits[1]
scw/2292/229200580010.001/swg.fits[1]
scw/2292/229200590010.001/swg.fits[1]
scw/2292/229200610010.001/swg.fits[1]
scw/2294/229400560010.001/swg.fits[1]
scw/2294/229400620010.001/swg.fits[1]
scw/2294/229400630010.001/swg.fits[1]
scw/2294/229400640010.001/swg.fits[1]
scw/2294/229400660010.001/swg.fits[1]
scw/2296/229600440010.001/swg.fits[1]
scw/2296/229600460010.001/swg.fits[1]
scw/2296/229600470010.001/swg.fits[1]
scw/2296/229600480010.001/swg.fits[1]
scw/2296/229600540010.001/swg.fits[1]
scw/2296/229600550010.001/swg.fits[1]
scw/2298/229800360010.001/swg.fits[1]
scw/2298/229800370010.001/swg.fits[1]
scw/2298/229800440010.001/swg.fits[1]
scw/2298/229800450010.001/swg.fits[1]
scw/2298/229800570010.001/swg.fits[1]
scw/2298/229800580010.001/swg.fits[1]
scw/2298/229800640010.001/swg.fits[1]
scw/2298/229800650010.001/swg.fits[1]
scw/2298/229800660010.001/swg.fits[1]
scw/2356/235600450010.001/swg.fits[1]
scw/2356/235600510010.001/swg.fits[1]
scw/2356/235600520010.001/swg.fits[1]
scw/2356/235600530010.001/swg.fits[1]
scw/2356/235600550010.001/swg.fits[1]
scw/2358/235800380010.001/swg.fits[1]
scw/2358/235800440010.001/swg.fits[1]
scw/2358/235800450010.001/swg.fits[1]
scw/2358/235800460010.001/swg.fits[1]
scw/2358/235800480010.001/swg.fits[1]
scw/2360/236000450010.001/swg.fits[1]
scw/2360/236000540010.001/swg.fits[1]
scw/2360/236000550010.001/swg.fits[1]
scw/2360/236000560010.001/swg.fits[1]
scw/2360/236000570010.001/swg.fits[1]
scw/2360/236000600010.001/swg.fits[1]
scw/2360/236000610010.001/swg.fits[1]
scw/2360/236000620010.001/swg.fits[1]
scw/2362/236200130010.001/swg.fits[1]
scw/2362/236200190010.001/swg.fits[1]
scw/2362/236200200010.001/swg.fits[1]
scw/2362/236200210010.001/swg.fits[1]
scw/2362/236200230010.001/swg.fits[1]
scw/2421/242100090010.001/swg.fits[1]
scw/2421/242100110010.001/swg.fits[1]
scw/2421/242100120010.001/swg.fits[1]
scw/2421/242100130010.001/swg.fits[1]
scw/2421/242100190010.001/swg.fits[1]
scw/2426/242600050010.001/swg.fits[1]
scw/2426/242600070010.001/swg.fits[1]
scw/2426/242600080010.001/swg.fits[1]
scw/2426/242600090010.001/swg.fits[1]
scw/2426/242600150010.001/swg.fits[1]
scw/2428/242800770010.001/swg.fits[1]
scw/2428/242800790010.001/swg.fits[1]
scw/2428/242800800010.001/swg.fits[1]
scw/2428/242800810010.001/swg.fits[1]
scw/2428/242800870010.001/swg.fits[1]
scw/2430/243000090010.001/swg.fits[1]
scw/2430/243000110010.001/swg.fits[1]
scw/2430/243000120010.001/swg.fits[1]
scw/2430/243000130010.001/swg.fits[1]
scw/2430/243000190010.001/swg.fits[1]
scw/2431/243100090010.001/swg.fits[1]
scw/2431/243100110010.001/swg.fits[1]
scw/2431/243100120010.001/swg.fits[1]
scw/2431/243100130010.001/swg.fits[1]
scw/2431/243100190010.001/swg.fits[1]
scw/2431/243100200010.001/swg.fits[1]
scw/2433/243300070010.001/swg.fits[1]
scw/2433/243300080010.001/swg.fits[1]
scw/2433/243300090010.001/swg.fits[1]
scw/2433/243300150010.001/swg.fits[1]
scw/2433/243300160010.001/swg.fits[1]
scw/2435/243500090010.001/swg.fits[1]
scw/2435/243500100010.001/swg.fits[1]
scw/2435/243500110010.001/swg.fits[1]
scw/2435/243500170010.001/swg.fits[1]
scw/2435/243500180010.001/swg.fits[1]
scw/2436/243600110010.001/swg.fits[1]
scw/2436/243600120010.001/swg.fits[1]
scw/2436/243600130010.001/swg.fits[1]
scw/2436/243600190010.001/swg.fits[1]
scw/2436/243600200010.001/swg.fits[1]
scw/2437/243700130010.001/swg.fits[1]
scw/2437/243700140010.001/swg.fits[1]
scw/2437/243700190010.001/swg.fits[1]
scw/2437/243700200010.001/swg.fits[1]
scw/2437/243700210010.001/swg.fits[1]
scw/2437/243700230010.001/swg.fits[1]
