scw/0050/005000240010.001/swg.fits[1]
scw/0071/007100130010.001/swg.fits[1]
scw/0076/007600420010.001/swg.fits[1]
scw/0076/007600430010.001/swg.fits[1]
scw/0085/008500030010.001/swg.fits[1]
scw/0085/008500040010.001/swg.fits[1]
scw/0085/008500090010.001/swg.fits[1]
scw/0085/008500100010.001/swg.fits[1]
scw/0085/008500110010.001/swg.fits[1]
scw/0085/008500140010.001/swg.fits[1]
scw/0085/008500380010.001/swg.fits[1]
scw/0085/008500410010.001/swg.fits[1]
scw/0085/008500420010.001/swg.fits[1]
scw/0085/008500430010.001/swg.fits[1]
scw/0088/008800020010.001/swg.fits[1]
scw/0088/008800030010.001/swg.fits[1]
scw/0088/008800040010.001/swg.fits[1]
scw/0088/008800070010.001/swg.fits[1]
scw/0088/008800150010.001/swg.fits[1]
scw/0088/008800180010.001/swg.fits[1]
scw/0088/008800190010.001/swg.fits[1]
scw/0088/008800200010.001/swg.fits[1]
scw/0088/008800230010.001/swg.fits[1]
scw/0088/008800310010.001/swg.fits[1]
scw/0088/008800340010.001/swg.fits[1]
scw/0088/008800350010.001/swg.fits[1]
scw/0088/008800360010.001/swg.fits[1]
scw/0088/008800390010.001/swg.fits[1]
scw/0088/008800470010.001/swg.fits[1]
scw/0088/008800500010.001/swg.fits[1]
scw/0091/009100050010.001/swg.fits[1]
scw/0149/014900080010.001/swg.fits[1]
scw/0161/016100100010.001/swg.fits[1]
scw/0192/019200020010.001/swg.fits[1]
scw/0192/019200030010.001/swg.fits[1]
scw/0192/019200040010.001/swg.fits[1]
scw/0192/019200100010.001/swg.fits[1]
scw/0192/019200420010.001/swg.fits[1]
scw/0192/019200480010.001/swg.fits[1]
scw/0192/019200490010.001/swg.fits[1]
scw/0192/019200500010.001/swg.fits[1]
scw/0192/019200510010.001/swg.fits[1]
scw/0192/019200520010.001/swg.fits[1]
scw/0192/019200580010.001/swg.fits[1]
scw/0194/019400160010.001/swg.fits[1]
scw/0194/019400480010.001/swg.fits[1]
scw/0194/019400480020.001/swg.fits[1]
scw/0194/019400540010.001/swg.fits[1]
scw/0194/019400550010.001/swg.fits[1]
scw/0194/019400560010.001/swg.fits[1]
scw/0194/019400570010.001/swg.fits[1]
scw/0194/019400580010.001/swg.fits[1]
scw/0194/019400640010.001/swg.fits[1]
scw/0195/019500280010.001/swg.fits[1]
scw/0195/019500340010.001/swg.fits[1]
scw/0195/019500350010.001/swg.fits[1]
scw/0195/019500360010.001/swg.fits[1]
scw/0195/019500370010.001/swg.fits[1]
scw/0195/019500380010.001/swg.fits[1]
scw/0195/019500440010.001/swg.fits[1]
scw/0196/019600160010.001/swg.fits[1]
scw/0196/019600220010.001/swg.fits[1]
scw/0196/019600230010.001/swg.fits[1]
scw/0196/019600240010.001/swg.fits[1]
scw/0196/019600250010.001/swg.fits[1]
scw/0196/019600260010.001/swg.fits[1]
scw/0196/019600320010.001/swg.fits[1]
scw/0197/019700430010.001/swg.fits[1]
scw/0197/019700490010.001/swg.fits[1]
scw/0197/019700500010.001/swg.fits[1]
scw/0197/019700510010.001/swg.fits[1]
scw/0197/019700520010.001/swg.fits[1]
scw/0197/019700530010.001/swg.fits[1]
scw/0197/019700590010.001/swg.fits[1]
scw/0198/019800240010.001/swg.fits[1]
scw/0198/019800300010.001/swg.fits[1]
scw/0198/019800310010.001/swg.fits[1]
scw/0198/019800320010.001/swg.fits[1]
scw/0198/019800330010.001/swg.fits[1]
scw/0198/019800340010.001/swg.fits[1]
scw/0198/019800400010.001/swg.fits[1]
scw/0199/019900120010.001/swg.fits[1]
scw/0199/019900180010.001/swg.fits[1]
scw/0199/019900190010.001/swg.fits[1]
scw/0199/019900200010.001/swg.fits[1]
scw/0199/019900210010.001/swg.fits[1]
scw/0199/019900220010.001/swg.fits[1]
scw/0199/019900280010.001/swg.fits[1]
scw/0200/020000480010.001/swg.fits[1]
scw/0200/020000540010.001/swg.fits[1]
scw/0200/020000550010.001/swg.fits[1]
scw/0200/020000560010.001/swg.fits[1]
scw/0200/020000570010.001/swg.fits[1]
scw/0200/020000580010.001/swg.fits[1]
scw/0201/020100190010.001/swg.fits[1]
scw/0201/020100510010.001/swg.fits[1]
scw/0201/020100570010.001/swg.fits[1]
scw/0201/020100580010.001/swg.fits[1]
scw/0201/020100590010.001/swg.fits[1]
scw/0201/020100600010.001/swg.fits[1]
scw/0201/020100610010.001/swg.fits[1]
scw/0202/020200210010.001/swg.fits[1]
scw/0202/020200530010.001/swg.fits[1]
scw/0202/020200590010.001/swg.fits[1]
scw/0202/020200600010.001/swg.fits[1]
scw/0202/020200610010.001/swg.fits[1]
scw/0202/020200620010.001/swg.fits[1]
scw/0202/020200630010.001/swg.fits[1]
scw/0203/020300210010.001/swg.fits[1]
scw/0209/020900080010.001/swg.fits[1]
scw/0213/021300100010.001/swg.fits[1]
scw/0226/022600580010.001/swg.fits[1]
scw/0258/025800120010.001/swg.fits[1]
scw/0260/026000130010.001/swg.fits[1]
scw/0271/027100100010.001/swg.fits[1]
scw/0275/027500080010.001/swg.fits[1]
scw/0279/027900080010.001/swg.fits[1]
scw/0291/029100040010.001/swg.fits[1]
scw/0308/030800190010.001/swg.fits[1]
scw/0317/031700110010.001/swg.fits[1]
scw/0326/032600140010.001/swg.fits[1]
scw/0327/032700620010.001/swg.fits[1]
scw/0327/032700630010.001/swg.fits[1]
scw/0328/032800480010.001/swg.fits[1]
scw/0329/032900390010.001/swg.fits[1]
scw/0329/032900400010.001/swg.fits[1]
scw/0329/032900410010.001/swg.fits[1]
scw/0335/033500050010.001/swg.fits[1]
scw/0372/037200040010.001/swg.fits[1]
scw/0391/039100080010.001/swg.fits[1]
scw/0399/039900490010.001/swg.fits[1]
scw/0399/039900640010.001/swg.fits[1]
scw/0411/041100100010.001/swg.fits[1]
scw/0415/041500240010.001/swg.fits[1]
scw/0423/042300250010.001/swg.fits[1]
scw/0428/042800540010.001/swg.fits[1]
scw/0529/052900060010.001/swg.fits[1]
scw/0529/052900140010.001/swg.fits[1]
scw/0529/052900150010.001/swg.fits[1]
scw/0529/052900160010.001/swg.fits[1]
scw/0529/052900350010.001/swg.fits[1]
scw/0529/052900360010.001/swg.fits[1]
scw/0529/052900440010.001/swg.fits[1]
scw/0529/052900450010.001/swg.fits[1]
scw/0529/052900560010.001/swg.fits[1]
scw/0529/052900570010.001/swg.fits[1]
scw/0529/052900640010.001/swg.fits[1]
scw/0529/052900650010.001/swg.fits[1]
scw/0530/053000160010.001/swg.fits[1]
scw/0530/053000170010.001/swg.fits[1]
scw/0530/053000240010.001/swg.fits[1]
scw/0530/053000250010.001/swg.fits[1]
scw/0530/053000260010.001/swg.fits[1]
scw/0554/055400120010.001/swg.fits[1]
scw/0554/055400130010.001/swg.fits[1]
scw/0554/055400140010.001/swg.fits[1]
scw/0554/055400150010.001/swg.fits[1]
scw/0554/055400160010.001/swg.fits[1]
scw/0554/055400420010.001/swg.fits[1]
scw/0554/055400430010.001/swg.fits[1]
scw/0554/055400440010.001/swg.fits[1]
scw/0554/055400450010.001/swg.fits[1]
scw/0554/055400520010.001/swg.fits[1]
scw/0554/055400620010.001/swg.fits[1]
scw/0554/055400630010.001/swg.fits[1]
scw/0554/055400640010.001/swg.fits[1]
scw/0554/055400650010.001/swg.fits[1]
scw/0554/055400720010.001/swg.fits[1]
scw/0554/055400730010.001/swg.fits[1]
scw/0560/056000100010.001/swg.fits[1]
scw/0560/056000120010.001/swg.fits[1]
scw/0560/056000130010.001/swg.fits[1]
scw/0560/056000140010.001/swg.fits[1]
scw/0560/056000200010.001/swg.fits[1]
scw/0560/056000320010.001/swg.fits[1]
scw/0560/056000400010.001/swg.fits[1]
scw/0560/056000410010.001/swg.fits[1]
scw/0560/056000420010.001/swg.fits[1]
scw/0560/056000430010.001/swg.fits[1]
scw/0560/056000620010.001/swg.fits[1]
scw/0560/056000630010.001/swg.fits[1]
scw/0560/056000700010.001/swg.fits[1]
scw/0560/056000710010.001/swg.fits[1]
scw/0770/077000460010.001/swg.fits[1]
scw/0770/077000470010.001/swg.fits[1]
scw/0770/077000500010.001/swg.fits[1]
scw/0770/077000510010.001/swg.fits[1]
scw/0770/077000560010.001/swg.fits[1]
scw/0778/077800590010.001/swg.fits[1]
scw/0778/077800600010.001/swg.fits[1]
scw/0778/077800640010.001/swg.fits[1]
scw/0778/077800660010.001/swg.fits[1]
scw/0779/077900360010.001/swg.fits[1]
scw/0779/077900370010.001/swg.fits[1]
scw/0779/077900420010.001/swg.fits[1]
scw/0779/077900430010.001/swg.fits[1]
scw/0779/077900440010.001/swg.fits[1]
scw/0780/078000570010.001/swg.fits[1]
scw/0780/078000580010.001/swg.fits[1]
scw/0780/078000630010.001/swg.fits[1]
scw/0780/078000640010.001/swg.fits[1]
scw/0780/078000650010.001/swg.fits[1]
scw/0781/078100350010.001/swg.fits[1]
scw/0781/078100360010.001/swg.fits[1]
scw/0781/078100370010.001/swg.fits[1]
scw/0781/078100410010.001/swg.fits[1]
scw/0783/078300390010.001/swg.fits[1]
scw/0783/078300400010.001/swg.fits[1]
scw/0783/078300410010.001/swg.fits[1]
scw/0783/078300460010.001/swg.fits[1]
scw/0783/078300500010.001/swg.fits[1]
scw/0783/078300560010.001/swg.fits[1]
