scw/1501/150100050010.001/swg.fits[1]
scw/1501/150100070010.001/swg.fits[1]
scw/1501/150100080010.001/swg.fits[1]
scw/1501/150100090010.001/swg.fits[1]
scw/1501/150100140010.001/swg.fits[1]
scw/1501/150100150010.001/swg.fits[1]
scw/1501/150100380010.001/swg.fits[1]
scw/1501/150100440010.001/swg.fits[1]
scw/1501/150100450010.001/swg.fits[1]
scw/1501/150100460010.001/swg.fits[1]
scw/1501/150100480010.001/swg.fits[1]
scw/1502/150200080010.001/swg.fits[1]
scw/1502/150200100010.001/swg.fits[1]
scw/1502/150200110010.001/swg.fits[1]
scw/1502/150200120010.001/swg.fits[1]
scw/1502/150200180010.001/swg.fits[1]
scw/1502/150200410010.001/swg.fits[1]
scw/1502/150200470010.001/swg.fits[1]
scw/1502/150200480010.001/swg.fits[1]
scw/1502/150200490010.001/swg.fits[1]
scw/1502/150200500010.001/swg.fits[1]
scw/1502/150200510010.001/swg.fits[1]
