scw/0036/003600300010.001/swg.fits[1]
scw/0036/003600520010.001/swg.fits[1]
scw/0036/003600780010.001/swg.fits[1]
scw/0071/007100210010.001/swg.fits[1]
scw/0071/007100470010.001/swg.fits[1]
scw/0071/007100690010.001/swg.fits[1]
scw/0072/007200030010.001/swg.fits[1]
scw/0072/007200250010.001/swg.fits[1]
scw/0072/007200510010.001/swg.fits[1]
scw/0072/007200680010.001/swg.fits[1]
scw/0274/027400290010.001/swg.fits[1]
scw/0275/027500400010.001/swg.fits[1]
scw/0318/031800080010.001/swg.fits[1]
scw/0324/032400280010.001/swg.fits[1]
scw/0801/080100310010.001/swg.fits[1]
scw/0802/080200140010.001/swg.fits[1]
scw/0802/080200230010.001/swg.fits[1]
scw/0820/082000510010.001/swg.fits[1]
scw/0821/082100060010.001/swg.fits[1]
scw/0821/082100070010.001/swg.fits[1]
scw/0821/082100250010.001/swg.fits[1]
scw/0821/082100260010.001/swg.fits[1]
scw/0821/082100320010.001/swg.fits[1]
scw/0821/082100330010.001/swg.fits[1]
scw/0822/082200140010.001/swg.fits[1]
scw/0822/082200150010.001/swg.fits[1]
scw/0822/082200290010.001/swg.fits[1]
scw/0822/082200440010.001/swg.fits[1]
scw/0822/082200450010.001/swg.fits[1]
scw/0823/082300070010.001/swg.fits[1]
scw/0823/082300080010.001/swg.fits[1]
scw/0823/082300150010.001/swg.fits[1]
scw/0823/082300560010.001/swg.fits[1]
scw/0823/082300570010.001/swg.fits[1]
scw/0824/082400110010.001/swg.fits[1]
