scw/0718/071800140010.001/swg.fits[1]
scw/0718/071800150010.001/swg.fits[1]
scw/0718/071800210010.001/swg.fits[1]
scw/0718/071800220010.001/swg.fits[1]
scw/0718/071800260010.001/swg.fits[1]
scw/0718/071800280010.001/swg.fits[1]
scw/0718/071800290010.001/swg.fits[1]
scw/0718/071800330010.001/swg.fits[1]
scw/0718/071800350010.001/swg.fits[1]
scw/0718/071800360010.001/swg.fits[1]
scw/0718/071800420010.001/swg.fits[1]
scw/0718/071800430010.001/swg.fits[1]
scw/0718/071800490010.001/swg.fits[1]
scw/0718/071800500010.001/swg.fits[1]
scw/0718/071800560010.001/swg.fits[1]
scw/0718/071800570010.001/swg.fits[1]
scw/0719/071900160010.001/swg.fits[1]
scw/0719/071900170010.001/swg.fits[1]
scw/0719/071900230010.001/swg.fits[1]
scw/0719/071900240010.001/swg.fits[1]
scw/0719/071900300010.001/swg.fits[1]
scw/0719/071900310010.001/swg.fits[1]
scw/0719/071900320010.001/swg.fits[1]
scw/0854/085400200010.001/swg.fits[1]
scw/0854/085400210010.001/swg.fits[1]
scw/0854/085400270010.001/swg.fits[1]
scw/0854/085400280010.001/swg.fits[1]
scw/0854/085400320010.001/swg.fits[1]
scw/0854/085400330010.001/swg.fits[1]
scw/0854/085400340010.001/swg.fits[1]
scw/0854/085400350010.001/swg.fits[1]
scw/0854/085400390010.001/swg.fits[1]
scw/0854/085400400010.001/swg.fits[1]
scw/0854/085400410010.001/swg.fits[1]
scw/0854/085400480010.001/swg.fits[1]
scw/0854/085400550010.001/swg.fits[1]
scw/0855/085500010010.001/swg.fits[1]
scw/0855/085500020010.001/swg.fits[1]
scw/0855/085500080010.001/swg.fits[1]
scw/0855/085500090010.001/swg.fits[1]
scw/0855/085500150010.001/swg.fits[1]
scw/0855/085500160010.001/swg.fits[1]
scw/0855/085500200010.001/swg.fits[1]
scw/0855/085500210010.001/swg.fits[1]
scw/0855/085500220010.001/swg.fits[1]
scw/0856/085600120010.001/swg.fits[1]
scw/0856/085600160010.001/swg.fits[1]
scw/0856/085600170010.001/swg.fits[1]
scw/0856/085600180010.001/swg.fits[1]
scw/0856/085600240010.001/swg.fits[1]
scw/0856/085600250010.001/swg.fits[1]
scw/0971/097100400010.001/swg.fits[1]
scw/0971/097100410010.001/swg.fits[1]
scw/0971/097100420010.001/swg.fits[1]
scw/0973/097300440010.001/swg.fits[1]
scw/0973/097300450010.001/swg.fits[1]
scw/0973/097300460010.001/swg.fits[1]
scw/0973/097300930010.001/swg.fits[1]
scw/0973/097300940010.001/swg.fits[1]
scw/0973/097300950010.001/swg.fits[1]
scw/0974/097400060010.001/swg.fits[1]
scw/0974/097400070010.001/swg.fits[1]
scw/0974/097400080010.001/swg.fits[1]
scw/0974/097400550010.001/swg.fits[1]
scw/0974/097400560010.001/swg.fits[1]
scw/0974/097400570010.001/swg.fits[1]
scw/0975/097500270010.001/swg.fits[1]
scw/0975/097500280010.001/swg.fits[1]
scw/0975/097500290010.001/swg.fits[1]
scw/0975/097500400010.001/swg.fits[1]
scw/0975/097500410010.001/swg.fits[1]
scw/0975/097500420010.001/swg.fits[1]
scw/1260/126000210010.001/swg.fits[1]
scw/1260/126000220010.001/swg.fits[1]
scw/1260/126000310010.001/swg.fits[1]
scw/1260/126000320010.001/swg.fits[1]
scw/1270/127000670010.001/swg.fits[1]
scw/1270/127000680010.001/swg.fits[1]
scw/1270/127000690010.001/swg.fits[1]
scw/1270/127000770010.001/swg.fits[1]
scw/1270/127000780010.001/swg.fits[1]
scw/1281/128100070010.001/swg.fits[1]
scw/1281/128100080010.001/swg.fits[1]
scw/1281/128100090010.001/swg.fits[1]
scw/1281/128100100010.001/swg.fits[1]
scw/1281/128100110010.001/swg.fits[1]
scw/1281/128100170010.001/swg.fits[1]
scw/1281/128100180010.001/swg.fits[1]
scw/1281/128100200010.001/swg.fits[1]
scw/1329/132900400010.001/swg.fits[1]
scw/1329/132900410010.001/swg.fits[1]
scw/1329/132900490010.001/swg.fits[1]
scw/1329/132900500010.001/swg.fits[1]
scw/1329/132900510010.001/swg.fits[1]
scw/1329/132900520010.001/swg.fits[1]
scw/1444/144400110010.001/swg.fits[1]
scw/1444/144400200010.001/swg.fits[1]
scw/1444/144400310010.001/swg.fits[1]
scw/1444/144400390010.001/swg.fits[1]
scw/1444/144400400010.001/swg.fits[1]
scw/1445/144500080010.001/swg.fits[1]
scw/1445/144500090010.001/swg.fits[1]
scw/1445/144500160010.001/swg.fits[1]
scw/1445/144500170010.001/swg.fits[1]
scw/1445/144500180010.001/swg.fits[1]
scw/1445/144500190010.001/swg.fits[1]
scw/1445/144500280010.001/swg.fits[1]
scw/1445/144500370010.001/swg.fits[1]
scw/1445/144500480010.001/swg.fits[1]
scw/1445/144500490010.001/swg.fits[1]
scw/1445/144500500010.001/swg.fits[1]
scw/1456/145600630010.001/swg.fits[1]
scw/1456/145600640010.001/swg.fits[1]
scw/1456/145600650010.001/swg.fits[1]
scw/1459/145900050010.001/swg.fits[1]
scw/1459/145900060010.001/swg.fits[1]
scw/1459/145900080010.001/swg.fits[1]
scw/1459/145900470010.001/swg.fits[1]
scw/1459/145900550010.001/swg.fits[1]
scw/1459/145900560010.001/swg.fits[1]
scw/1459/145900570010.001/swg.fits[1]
scw/1459/145900580010.001/swg.fits[1]
scw/1463/146300370010.001/swg.fits[1]
scw/1463/146300380010.001/swg.fits[1]
scw/1463/146300390010.001/swg.fits[1]
scw/1463/146300400010.001/swg.fits[1]
scw/1463/146300470010.001/swg.fits[1]
scw/1463/146300480010.001/swg.fits[1]
scw/1504/150400100010.001/swg.fits[1]
scw/1504/150400190010.001/swg.fits[1]
scw/1504/150400400010.001/swg.fits[1]
scw/1504/150400410010.001/swg.fits[1]
scw/1505/150500020010.001/swg.fits[1]
scw/1505/150500030010.001/swg.fits[1]
scw/1505/150500110010.001/swg.fits[1]
scw/1505/150500120010.001/swg.fits[1]
scw/1505/150500130010.001/swg.fits[1]
scw/1505/150500140010.001/swg.fits[1]
scw/1505/150500430010.001/swg.fits[1]
scw/1505/150500520010.001/swg.fits[1]
scw/1505/150500520020.001/swg.fits[1]
scw/1664/166400560010.001/swg.fits[1]
scw/1868/186800150010.001/swg.fits[1]
scw/1868/186800210010.001/swg.fits[1]
scw/1868/186800220010.001/swg.fits[1]
scw/1868/186800230010.001/swg.fits[1]
scw/1868/186800250010.001/swg.fits[1]
scw/1868/186800320010.001/swg.fits[1]
scw/1868/186800350010.001/swg.fits[1]
scw/1868/186800360010.001/swg.fits[1]
scw/1868/186800410010.001/swg.fits[1]
scw/1868/186800420010.001/swg.fits[1]
scw/1869/186900090010.001/swg.fits[1]
scw/1869/186900100010.001/swg.fits[1]
scw/1869/186900160010.001/swg.fits[1]
scw/1869/186900170010.001/swg.fits[1]
scw/1869/186900300010.001/swg.fits[1]
scw/1869/186900310010.001/swg.fits[1]
scw/1869/186900360010.001/swg.fits[1]
scw/1869/186900370010.001/swg.fits[1]
scw/1869/186900380010.001/swg.fits[1]
scw/1870/187000100010.001/swg.fits[1]
scw/1870/187000170010.001/swg.fits[1]
scw/1870/187000180010.001/swg.fits[1]
scw/1870/187000190010.001/swg.fits[1]
scw/1870/187000200010.001/swg.fits[1]
scw/1870/187000270010.001/swg.fits[1]
scw/1870/187000290010.001/swg.fits[1]
scw/1870/187000300010.001/swg.fits[1]
scw/1870/187000310010.001/swg.fits[1]
scw/1870/187000370010.001/swg.fits[1]
scw/1873/187300140010.001/swg.fits[1]
scw/1873/187300150010.001/swg.fits[1]
scw/1873/187300210010.001/swg.fits[1]
scw/1873/187300220010.001/swg.fits[1]
scw/1873/187300230010.001/swg.fits[1]
scw/1873/187300310010.001/swg.fits[1]
scw/1873/187300320010.001/swg.fits[1]
scw/1873/187300340010.001/swg.fits[1]
scw/1873/187300350010.001/swg.fits[1]
scw/1873/187300360010.001/swg.fits[1]
scw/1874/187400370010.001/swg.fits[1]
scw/1874/187400380010.001/swg.fits[1]
scw/1874/187400390010.001/swg.fits[1]
scw/2011/201100450010.001/swg.fits[1]
scw/2076/207600150010.001/swg.fits[1]
scw/2076/207600160010.001/swg.fits[1]
scw/2198/219800520010.001/swg.fits[1]
scw/2212/221200190010.001/swg.fits[1]
scw/2212/221200200010.001/swg.fits[1]
scw/2217/221700340010.001/swg.fits[1]
scw/2401/240100030010.001/swg.fits[1]
scw/2401/240100050010.001/swg.fits[1]
scw/2401/240100130010.001/swg.fits[1]
scw/2404/240400150010.001/swg.fits[1]
