scw/0070/007000110010.001/swg.fits[1]
scw/0189/018900150010.001/swg.fits[1]
scw/0233/023300090010.001/swg.fits[1]
scw/0241/024100070010.001/swg.fits[1]
scw/0245/024500160010.001/swg.fits[1]
scw/0249/024900150010.001/swg.fits[1]
scw/0257/025700050010.001/swg.fits[1]
scw/0263/026300130010.001/swg.fits[1]
scw/0265/026500140010.001/swg.fits[1]
scw/0311/031100070010.001/swg.fits[1]
scw/0315/031500240010.001/swg.fits[1]
scw/0323/032300120010.001/swg.fits[1]
scw/0379/037900350010.001/swg.fits[1]
scw/0419/041900660010.001/swg.fits[1]
scw/0423/042300060010.001/swg.fits[1]
scw/0435/043500090010.001/swg.fits[1]
scw/0447/044700560010.001/swg.fits[1]
scw/0482/048200200010.001/swg.fits[1]
scw/0482/048200260010.001/swg.fits[1]
scw/0482/048200270010.001/swg.fits[1]
scw/0482/048200300010.001/swg.fits[1]
scw/0482/048200310010.001/swg.fits[1]
scw/0482/048200370010.001/swg.fits[1]
scw/0482/048200390010.001/swg.fits[1]
scw/0482/048200400010.001/swg.fits[1]
scw/0482/048200410010.001/swg.fits[1]
scw/0482/048200470010.001/swg.fits[1]
scw/0498/049800200010.001/swg.fits[1]
scw/0498/049800210010.001/swg.fits[1]
scw/0498/049800270010.001/swg.fits[1]
scw/0498/049800280010.001/swg.fits[1]
scw/0498/049800290010.001/swg.fits[1]
scw/0498/049800300010.001/swg.fits[1]
scw/0498/049800390010.001/swg.fits[1]
scw/0498/049800400010.001/swg.fits[1]
scw/0498/049800410010.001/swg.fits[1]
scw/0498/049800480010.001/swg.fits[1]
scw/0498/049800490010.001/swg.fits[1]
scw/0499/049900190010.001/swg.fits[1]
scw/0499/049900200010.001/swg.fits[1]
scw/0499/049900210010.001/swg.fits[1]
scw/0499/049900260010.001/swg.fits[1]
scw/0499/049900270010.001/swg.fits[1]
scw/0499/049900390010.001/swg.fits[1]
scw/0499/049900400010.001/swg.fits[1]
scw/0499/049900410010.001/swg.fits[1]
scw/0499/049900470010.001/swg.fits[1]
scw/0499/049900480010.001/swg.fits[1]
scw/0500/050000080010.001/swg.fits[1]
scw/0500/050000090010.001/swg.fits[1]
scw/0500/050000150010.001/swg.fits[1]
scw/0500/050000160010.001/swg.fits[1]
scw/0500/050000170010.001/swg.fits[1]
scw/0500/050000190010.001/swg.fits[1]
scw/0500/050000280010.001/swg.fits[1]
scw/0500/050000290010.001/swg.fits[1]
scw/0500/050000350010.001/swg.fits[1]
scw/0500/050000360010.001/swg.fits[1]
scw/0500/050000370010.001/swg.fits[1]
scw/0500/050000390010.001/swg.fits[1]
scw/0500/050000580010.001/swg.fits[1]
scw/0500/050000590010.001/swg.fits[1]
scw/0501/050100140010.001/swg.fits[1]
scw/0501/050100140020.001/swg.fits[1]
scw/0501/050100150010.001/swg.fits[1]
scw/0501/050100410010.001/swg.fits[1]
scw/0501/050100540010.001/swg.fits[1]
scw/0501/050100550010.001/swg.fits[1]
scw/0501/050100600010.001/swg.fits[1]
scw/0501/050100610010.001/swg.fits[1]
scw/0501/050100620010.001/swg.fits[1]
scw/0502/050200060010.001/swg.fits[1]
scw/0502/050200080010.001/swg.fits[1]
scw/0502/050200090010.001/swg.fits[1]
scw/0502/050200100010.001/swg.fits[1]
scw/0502/050200100020.001/swg.fits[1]
scw/0502/050200300010.001/swg.fits[1]
scw/0502/050200430010.001/swg.fits[1]
scw/0502/050200440010.001/swg.fits[1]
scw/0502/050200490010.001/swg.fits[1]
scw/0502/050200500010.001/swg.fits[1]
scw/0503/050300040010.001/swg.fits[1]
scw/0503/050300050010.001/swg.fits[1]
scw/0503/050300060010.001/swg.fits[1]
scw/0503/050300110010.001/swg.fits[1]
scw/0503/050300120010.001/swg.fits[1]
scw/0503/050300130010.001/swg.fits[1]
scw/0503/050300240010.001/swg.fits[1]
scw/0503/050300250010.001/swg.fits[1]
scw/0503/050300260010.001/swg.fits[1]
scw/0503/050300310010.001/swg.fits[1]
scw/0503/050300320010.001/swg.fits[1]
scw/0503/050300330010.001/swg.fits[1]
scw/0503/050300510010.001/swg.fits[1]
scw/0503/050300550010.001/swg.fits[1]
scw/0503/050300560010.001/swg.fits[1]
scw/0504/050400010010.001/swg.fits[1]
scw/0504/050400020010.001/swg.fits[1]
scw/0504/050400220010.001/swg.fits[1]
scw/0504/050400230010.001/swg.fits[1]
scw/0504/050400300010.001/swg.fits[1]
scw/0504/050400310010.001/swg.fits[1]
scw/0504/050400330010.001/swg.fits[1]
scw/0504/050400500010.001/swg.fits[1]
scw/0504/050400510010.001/swg.fits[1]
scw/0504/050400520010.001/swg.fits[1]
scw/0504/050400530010.001/swg.fits[1]
scw/0504/050400600010.001/swg.fits[1]
scw/0504/050400610010.001/swg.fits[1]
scw/0505/050500100010.001/swg.fits[1]
scw/0505/050500110010.001/swg.fits[1]
scw/0505/050500180010.001/swg.fits[1]
scw/0505/050500190010.001/swg.fits[1]
scw/0505/050500380010.001/swg.fits[1]
scw/0505/050500390010.001/swg.fits[1]
scw/0505/050500400010.001/swg.fits[1]
scw/0505/050500410010.001/swg.fits[1]
scw/0505/050500420010.001/swg.fits[1]
scw/0505/050500600010.001/swg.fits[1]
scw/0506/050600010010.001/swg.fits[1]
scw/0506/050600020010.001/swg.fits[1]
scw/0506/050600070010.001/swg.fits[1]
scw/0506/050600080010.001/swg.fits[1]
scw/0506/050600090010.001/swg.fits[1]
scw/0506/050600100010.001/swg.fits[1]
scw/0506/050600110010.001/swg.fits[1]
scw/0506/050600280010.001/swg.fits[1]
scw/0506/050600290010.001/swg.fits[1]
scw/0506/050600300010.001/swg.fits[1]
scw/0506/050600310010.001/swg.fits[1]
scw/0506/050600380010.001/swg.fits[1]
scw/0506/050600390010.001/swg.fits[1]
scw/0506/050600510010.001/swg.fits[1]
scw/0506/050600520010.001/swg.fits[1]
scw/0544/054400180010.001/swg.fits[1]
scw/0545/054500100010.001/swg.fits[1]
scw/0545/054500110010.001/swg.fits[1]
scw/0545/054500120010.001/swg.fits[1]
scw/0545/054500160010.001/swg.fits[1]
scw/0545/054500170010.001/swg.fits[1]
scw/0553/055300120010.001/swg.fits[1]
scw/0553/055300180010.001/swg.fits[1]
scw/0553/055300190010.001/swg.fits[1]
scw/0553/055300200010.001/swg.fits[1]
scw/0553/055300220010.001/swg.fits[1]
scw/0553/055300230010.001/swg.fits[1]
scw/1037/103700280010.001/swg.fits[1]
scw/1037/103700290010.001/swg.fits[1]
scw/1037/103700300010.001/swg.fits[1]
scw/1052/105200060010.001/swg.fits[1]
scw/1054/105400140010.001/swg.fits[1]
scw/1055/105500120010.001/swg.fits[1]
scw/1056/105600710010.001/swg.fits[1]
scw/1058/105800120010.001/swg.fits[1]
scw/1060/106000420010.001/swg.fits[1]
scw/1061/106100270010.001/swg.fits[1]
scw/1115/111500150010.001/swg.fits[1]
scw/1116/111600120010.001/swg.fits[1]
scw/1120/112000120010.001/swg.fits[1]
scw/1169/116900560010.001/swg.fits[1]
scw/1172/117200230010.001/swg.fits[1]
scw/1173/117300140010.001/swg.fits[1]
scw/1174/117400680010.001/swg.fits[1]
scw/1180/118000140010.001/swg.fits[1]
scw/1181/118100160010.001/swg.fits[1]
scw/1182/118200060010.001/swg.fits[1]
scw/1227/122701110010.001/swg.fits[1]
scw/1228/122800160010.001/swg.fits[1]
scw/1230/123000350010.001/swg.fits[1]
scw/1231/123100340010.001/swg.fits[1]
scw/1236/123600040010.001/swg.fits[1]
scw/1238/123800140010.001/swg.fits[1]
scw/1293/129300530010.001/swg.fits[1]
scw/1293/129300640010.001/swg.fits[1]
scw/1296/129600790010.001/swg.fits[1]
scw/1296/129600920010.001/swg.fits[1]
scw/1299/129900130010.001/swg.fits[1]
scw/1299/129900160010.001/swg.fits[1]
scw/1303/130300560010.001/swg.fits[1]
scw/1476/147600270010.001/swg.fits[1]
scw/1481/148100030010.001/swg.fits[1]
scw/1482/148200030010.001/swg.fits[1]
scw/1485/148500760010.001/swg.fits[1]
scw/1485/148500970010.001/swg.fits[1]
scw/1486/148600020010.001/swg.fits[1]
scw/1486/148600190010.001/swg.fits[1]
scw/1488/148800760010.001/swg.fits[1]
scw/1488/148800930010.001/swg.fits[1]
scw/1531/153100050010.001/swg.fits[1]
scw/1531/153100060010.001/swg.fits[1]
scw/1531/153100070010.001/swg.fits[1]
scw/1531/153100110010.001/swg.fits[1]
scw/1531/153100460010.001/swg.fits[1]
scw/1531/153100470010.001/swg.fits[1]
scw/1606/160600060010.001/swg.fits[1]
scw/1606/160600210010.001/swg.fits[1]
scw/1611/161100650010.001/swg.fits[1]
scw/1613/161300800010.001/swg.fits[1]
scw/1619/161900580010.001/swg.fits[1]
scw/1619/161900770010.001/swg.fits[1]
scw/2023/202300130010.001/swg.fits[1]
scw/2023/202300140010.001/swg.fits[1]
scw/2023/202300290010.001/swg.fits[1]
scw/2023/202300300010.001/swg.fits[1]
scw/2023/202300460010.001/swg.fits[1]
scw/2024/202400140010.001/swg.fits[1]
scw/2024/202400300010.001/swg.fits[1]
scw/2024/202400460010.001/swg.fits[1]
scw/2024/202400620010.001/swg.fits[1]
scw/2024/202400780010.001/swg.fits[1]
scw/2025/202500120010.001/swg.fits[1]
scw/2025/202500280010.001/swg.fits[1]
scw/2025/202500440010.001/swg.fits[1]
scw/2025/202500600010.001/swg.fits[1]
scw/2026/202600140010.001/swg.fits[1]
scw/2026/202600300010.001/swg.fits[1]
scw/2026/202600460010.001/swg.fits[1]
scw/2026/202600620010.001/swg.fits[1]
scw/2026/202600780010.001/swg.fits[1]
scw/2027/202700120010.001/swg.fits[1]
scw/2027/202700280010.001/swg.fits[1]
scw/2027/202700440010.001/swg.fits[1]
scw/2027/202700510010.001/swg.fits[1]
scw/2027/202700670010.001/swg.fits[1]
scw/2027/202700900010.001/swg.fits[1]
scw/2028/202800160010.001/swg.fits[1]
scw/2028/202800320010.001/swg.fits[1]
scw/2028/202800480010.001/swg.fits[1]
scw/2028/202800640010.001/swg.fits[1]
scw/2028/202800800010.001/swg.fits[1]
scw/2029/202900040010.001/swg.fits[1]
scw/2029/202900200010.001/swg.fits[1]
scw/2029/202900360010.001/swg.fits[1]
scw/2029/202900520010.001/swg.fits[1]
scw/2222/222200320010.001/swg.fits[1]
scw/2222/222200330010.001/swg.fits[1]
scw/2285/228500210010.001/swg.fits[1]
scw/2285/228500250010.001/swg.fits[1]
scw/2285/228500260010.001/swg.fits[1]
scw/2285/228500270010.001/swg.fits[1]
scw/2285/228500310010.001/swg.fits[1]
scw/2285/228500320010.001/swg.fits[1]
scw/2285/228500330010.001/swg.fits[1]
scw/2285/228500350010.001/swg.fits[1]
scw/2285/228500360010.001/swg.fits[1]
