scw/0062/006200940010.001/swg.fits[1]
scw/0062/006200940020.001/swg.fits[1]
scw/0607/060700470010.001/swg.fits[1]
scw/0607/060700480010.001/swg.fits[1]
scw/0607/060700490010.001/swg.fits[1]
scw/0607/060700500010.001/swg.fits[1]
scw/0607/060700510010.001/swg.fits[1]
scw/0607/060700520010.001/swg.fits[1]
scw/0610/061000480010.001/swg.fits[1]
scw/0610/061000490010.001/swg.fits[1]
scw/0610/061000500010.001/swg.fits[1]
scw/0611/061100400010.001/swg.fits[1]
scw/0611/061100410010.001/swg.fits[1]
scw/0611/061100420010.001/swg.fits[1]
scw/0614/061400630010.001/swg.fits[1]
scw/0614/061400640010.001/swg.fits[1]
scw/0614/061400650010.001/swg.fits[1]
scw/0614/061400660010.001/swg.fits[1]
scw/0614/061400670010.001/swg.fits[1]
scw/0614/061400680010.001/swg.fits[1]
scw/0671/067100190010.001/swg.fits[1]
scw/0671/067100200010.001/swg.fits[1]
scw/0672/067200450010.001/swg.fits[1]
scw/0672/067200460010.001/swg.fits[1]
scw/0674/067400910010.001/swg.fits[1]
scw/0674/067400920010.001/swg.fits[1]
scw/0680/068000340010.001/swg.fits[1]
scw/0680/068000340020.001/swg.fits[1]
scw/0680/068000340030.001/swg.fits[1]
scw/0680/068000350010.001/swg.fits[1]
scw/0847/084700380010.001/swg.fits[1]
scw/0847/084700390010.001/swg.fits[1]
scw/0847/084700400010.001/swg.fits[1]
scw/0847/084700700010.001/swg.fits[1]
scw/0847/084700710010.001/swg.fits[1]
scw/0847/084700720010.001/swg.fits[1]
scw/0848/084800070010.001/swg.fits[1]
scw/0848/084800080010.001/swg.fits[1]
scw/0848/084800090010.001/swg.fits[1]
scw/0848/084800710010.001/swg.fits[1]
scw/0848/084800720010.001/swg.fits[1]
scw/0848/084800730010.001/swg.fits[1]
scw/0849/084900020010.001/swg.fits[1]
scw/0849/084900030010.001/swg.fits[1]
scw/0849/084900040010.001/swg.fits[1]
scw/0926/092600350010.001/swg.fits[1]
scw/0926/092600360010.001/swg.fits[1]
scw/0926/092600440010.001/swg.fits[1]
scw/0926/092600450010.001/swg.fits[1]
scw/0927/092700380010.001/swg.fits[1]
scw/0927/092700390010.001/swg.fits[1]
