scw/1825/182500510010.001/swg.fits[1]
scw/1825/182500520010.001/swg.fits[1]
scw/1825/182500530010.001/swg.fits[1]
scw/1825/182500600010.001/swg.fits[1]
scw/1825/182500610010.001/swg.fits[1]
scw/1826/182600210010.001/swg.fits[1]
scw/1826/182600220010.001/swg.fits[1]
scw/1826/182600230010.001/swg.fits[1]
scw/1826/182600280010.001/swg.fits[1]
scw/1826/182600290010.001/swg.fits[1]
scw/1826/182600300010.001/swg.fits[1]
scw/1826/182600320010.001/swg.fits[1]
scw/1826/182600330010.001/swg.fits[1]
scw/1827/182700340010.001/swg.fits[1]
scw/1827/182700350010.001/swg.fits[1]
scw/1828/182800030010.001/swg.fits[1]
scw/1828/182800040010.001/swg.fits[1]
scw/1828/182800090010.001/swg.fits[1]
scw/1828/182800100010.001/swg.fits[1]
scw/1828/182800110010.001/swg.fits[1]
scw/1828/182800130010.001/swg.fits[1]
scw/1828/182800140010.001/swg.fits[1]
scw/1828/182800190010.001/swg.fits[1]
scw/1828/182800200010.001/swg.fits[1]
scw/1829/182900520010.001/swg.fits[1]
scw/1829/182900530010.001/swg.fits[1]
scw/1829/182900590010.001/swg.fits[1]
scw/1829/182900600010.001/swg.fits[1]
scw/1829/182900610010.001/swg.fits[1]
scw/1830/183000120010.001/swg.fits[1]
scw/1830/183000130010.001/swg.fits[1]
scw/1830/183000140010.001/swg.fits[1]
scw/1830/183000150010.001/swg.fits[1]
scw/1830/183000220010.001/swg.fits[1]
scw/1830/183000230010.001/swg.fits[1]
scw/1830/183000340010.001/swg.fits[1]
scw/1830/183000350010.001/swg.fits[1]
scw/1830/183000420010.001/swg.fits[1]
scw/1830/183000430010.001/swg.fits[1]
scw/1831/183100110010.001/swg.fits[1]
scw/1831/183100120010.001/swg.fits[1]
scw/1831/183100190010.001/swg.fits[1]
scw/1831/183100200010.001/swg.fits[1]
scw/1833/183300770010.001/swg.fits[1]
scw/1833/183300780010.001/swg.fits[1]
scw/1833/183300830010.001/swg.fits[1]
scw/1833/183300830020.001/swg.fits[1]
scw/1834/183400020010.001/swg.fits[1]
scw/1834/183400030010.001/swg.fits[1]
scw/1834/183400050010.001/swg.fits[1]
scw/1834/183400220010.001/swg.fits[1]
scw/1834/183400230010.001/swg.fits[1]
scw/1834/183400240010.001/swg.fits[1]
scw/1834/183400250010.001/swg.fits[1]
scw/1834/183400320010.001/swg.fits[1]
scw/1834/183400330010.001/swg.fits[1]
scw/1834/183400440010.001/swg.fits[1]
scw/1834/183400450010.001/swg.fits[1]
scw/1834/183400510010.001/swg.fits[1]
scw/1834/183400520010.001/swg.fits[1]
scw/1834/183400520020.001/swg.fits[1]
scw/1835/183500020010.001/swg.fits[1]
scw/1835/183500200010.001/swg.fits[1]
scw/1835/183500210010.001/swg.fits[1]
scw/1835/183500220010.001/swg.fits[1]
scw/1835/183500230010.001/swg.fits[1]
scw/1835/183500240010.001/swg.fits[1]
scw/1835/183500500010.001/swg.fits[1]
scw/1835/183500510010.001/swg.fits[1]
scw/1835/183500520010.001/swg.fits[1]
scw/1835/183500530010.001/swg.fits[1]
scw/1835/183500540010.001/swg.fits[1]
scw/1835/183500540020.001/swg.fits[1]
scw/1836/183600180010.001/swg.fits[1]
scw/1836/183600200010.001/swg.fits[1]
scw/1836/183600210010.001/swg.fits[1]
scw/1836/183600220010.001/swg.fits[1]
scw/1836/183600280010.001/swg.fits[1]
scw/1836/183600480010.001/swg.fits[1]
scw/1836/183600490010.001/swg.fits[1]
scw/1836/183600500010.001/swg.fits[1]
scw/1836/183600510010.001/swg.fits[1]
scw/1836/183600520010.001/swg.fits[1]
scw/1837/183700150010.001/swg.fits[1]
scw/1837/183700160010.001/swg.fits[1]
scw/1837/183700180010.001/swg.fits[1]
scw/1837/183700190010.001/swg.fits[1]
scw/1837/183700200010.001/swg.fits[1]
scw/1837/183700250010.001/swg.fits[1]
scw/1974/197400200010.001/swg.fits[1]
scw/1974/197400210010.001/swg.fits[1]
scw/1974/197400260010.001/swg.fits[1]
scw/1974/197400270010.001/swg.fits[1]
scw/1974/197400290010.001/swg.fits[1]
scw/1974/197400300010.001/swg.fits[1]
scw/1974/197400310010.001/swg.fits[1]
scw/1974/197400370010.001/swg.fits[1]
scw/1975/197500190010.001/swg.fits[1]
scw/1975/197500200010.001/swg.fits[1]
scw/1975/197500210010.001/swg.fits[1]
scw/1975/197500260010.001/swg.fits[1]
scw/1975/197500270010.001/swg.fits[1]
scw/1975/197500290010.001/swg.fits[1]
scw/1975/197500300010.001/swg.fits[1]
scw/1975/197500310010.001/swg.fits[1]
scw/1977/197700050010.001/swg.fits[1]
scw/1977/197700390010.001/swg.fits[1]
scw/1977/197700430010.001/swg.fits[1]
scw/1977/197700440010.001/swg.fits[1]
scw/1977/197700450010.001/swg.fits[1]
scw/1977/197700480010.001/swg.fits[1]
scw/1977/197700490010.001/swg.fits[1]
scw/2039/203900100010.001/swg.fits[1]
scw/2039/203900110010.001/swg.fits[1]
scw/2039/203900120010.001/swg.fits[1]
scw/2039/203900170010.001/swg.fits[1]
scw/2039/203900180010.001/swg.fits[1]
scw/2039/203900210010.001/swg.fits[1]
scw/2039/203900220010.001/swg.fits[1]
scw/2039/203900270010.001/swg.fits[1]
scw/2039/203900280010.001/swg.fits[1]
scw/2039/203900320010.001/swg.fits[1]
scw/2040/204000110010.001/swg.fits[1]
scw/2040/204000120010.001/swg.fits[1]
scw/2040/204000170010.001/swg.fits[1]
scw/2040/204000180010.001/swg.fits[1]
scw/2040/204000210010.001/swg.fits[1]
scw/2040/204000220010.001/swg.fits[1]
scw/2040/204000270010.001/swg.fits[1]
scw/2040/204000280010.001/swg.fits[1]
scw/2041/204100100010.001/swg.fits[1]
scw/2041/204100110010.001/swg.fits[1]
scw/2041/204100150010.001/swg.fits[1]
scw/2041/204100160010.001/swg.fits[1]
scw/2041/204100170010.001/swg.fits[1]
scw/2041/204100200010.001/swg.fits[1]
scw/2041/204100210010.001/swg.fits[1]
scw/2041/204100260010.001/swg.fits[1]
scw/2045/204500170010.001/swg.fits[1]
scw/2045/204500180010.001/swg.fits[1]
scw/2045/204500210010.001/swg.fits[1]
scw/2045/204500220010.001/swg.fits[1]
scw/2045/204500270010.001/swg.fits[1]
scw/2045/204500280010.001/swg.fits[1]
scw/2045/204500310010.001/swg.fits[1]
scw/2045/204500320010.001/swg.fits[1]
scw/2045/204500330010.001/swg.fits[1]
scw/2045/204500370010.001/swg.fits[1]
scw/2046/204600110010.001/swg.fits[1]
scw/2046/204600120010.001/swg.fits[1]
scw/2046/204600160010.001/swg.fits[1]
scw/2046/204600170010.001/swg.fits[1]
scw/2046/204600180010.001/swg.fits[1]
scw/2046/204600210010.001/swg.fits[1]
scw/2046/204600220010.001/swg.fits[1]
scw/2046/204600230010.001/swg.fits[1]
scw/2046/204600260010.001/swg.fits[1]
scw/2046/204600270010.001/swg.fits[1]
scw/2047/204700100010.001/swg.fits[1]
scw/2047/204700110010.001/swg.fits[1]
scw/2047/204700150010.001/swg.fits[1]
scw/2047/204700160010.001/swg.fits[1]
scw/2047/204700170010.001/swg.fits[1]
scw/2047/204700280010.001/swg.fits[1]
scw/2047/204700290010.001/swg.fits[1]
scw/2047/204700300010.001/swg.fits[1]
scw/2047/204700310010.001/swg.fits[1]
scw/2047/204700320010.001/swg.fits[1]
scw/2047/204700380010.001/swg.fits[1]
scw/2099/209900060010.001/swg.fits[1]
scw/2099/209900070010.001/swg.fits[1]
scw/2099/209900140010.001/swg.fits[1]
scw/2099/209900150010.001/swg.fits[1]
scw/2099/209900240010.001/swg.fits[1]
scw/2099/209900250010.001/swg.fits[1]
scw/2099/209900260010.001/swg.fits[1]
scw/2099/209900270010.001/swg.fits[1]
scw/2099/209900340010.001/swg.fits[1]
scw/2099/209900350010.001/swg.fits[1]
scw/2100/210000080010.001/swg.fits[1]
scw/2100/210000090010.001/swg.fits[1]
scw/2100/210000160010.001/swg.fits[1]
scw/2100/210000170010.001/swg.fits[1]
scw/2100/210000300010.001/swg.fits[1]
scw/2100/210000350010.001/swg.fits[1]
scw/2100/210000360010.001/swg.fits[1]
scw/2102/210200100010.001/swg.fits[1]
scw/2102/210200110010.001/swg.fits[1]
scw/2102/210200180010.001/swg.fits[1]
scw/2102/210200190010.001/swg.fits[1]
scw/2102/210200300010.001/swg.fits[1]
scw/2102/210200310010.001/swg.fits[1]
scw/2102/210200320010.001/swg.fits[1]
scw/2102/210200370010.001/swg.fits[1]
scw/2102/210200380010.001/swg.fits[1]
scw/2102/210200390010.001/swg.fits[1]
scw/2103/210300100010.001/swg.fits[1]
scw/2103/210300110010.001/swg.fits[1]
scw/2103/210300120010.001/swg.fits[1]
scw/2103/210300130010.001/swg.fits[1]
scw/2103/210300200010.001/swg.fits[1]
scw/2103/210300320010.001/swg.fits[1]
scw/2103/210300330010.001/swg.fits[1]
scw/2103/210300390010.001/swg.fits[1]
scw/2103/210300400010.001/swg.fits[1]
scw/2103/210300410010.001/swg.fits[1]
scw/2103/210300420010.001/swg.fits[1]
scw/2103/210300430010.001/swg.fits[1]
scw/2103/210300440010.001/swg.fits[1]
scw/2104/210400130010.001/swg.fits[1]
scw/2104/210400140010.001/swg.fits[1]
scw/2104/210400170010.001/swg.fits[1]
scw/2104/210400180010.001/swg.fits[1]
scw/2104/210400230010.001/swg.fits[1]
scw/2104/210400240010.001/swg.fits[1]
scw/2104/210400360010.001/swg.fits[1]
scw/2104/210400370010.001/swg.fits[1]
scw/2104/210400380010.001/swg.fits[1]
scw/2104/210400430010.001/swg.fits[1]
scw/2104/210400440010.001/swg.fits[1]
scw/2106/210600160010.001/swg.fits[1]
scw/2106/210600170010.001/swg.fits[1]
scw/2106/210600180010.001/swg.fits[1]
scw/2106/210600230010.001/swg.fits[1]
scw/2106/210600240010.001/swg.fits[1]
scw/2106/210600250010.001/swg.fits[1]
scw/2106/210600440010.001/swg.fits[1]
scw/2106/210600450010.001/swg.fits[1]
scw/2106/210600460010.001/swg.fits[1]
scw/2106/210600470010.001/swg.fits[1]
scw/2106/210600480010.001/swg.fits[1]
scw/2107/210700160010.001/swg.fits[1]
