scw/0094/009400240010.001/swg.fits[1]
scw/0094/009400270010.001/swg.fits[1]
scw/0094/009400340010.001/swg.fits[1]
scw/0095/009500290010.001/swg.fits[1]
scw/0095/009500360010.001/swg.fits[1]
scw/0745/074500040010.001/swg.fits[1]
scw/0745/074500080010.001/swg.fits[1]
scw/0745/074500090010.001/swg.fits[1]
scw/0745/074500140010.001/swg.fits[1]
scw/0746/074600230010.001/swg.fits[1]
scw/0746/074600240010.001/swg.fits[1]
scw/0747/074700050010.001/swg.fits[1]
scw/0747/074700060010.001/swg.fits[1]
scw/0747/074700100010.001/swg.fits[1]
scw/0747/074700150010.001/swg.fits[1]
scw/0747/074700160010.001/swg.fits[1]
scw/0747/074700200010.001/swg.fits[1]
scw/0749/074900030010.001/swg.fits[1]
scw/0749/074900040010.001/swg.fits[1]
scw/0749/074900100010.001/swg.fits[1]
scw/0749/074900140010.001/swg.fits[1]
scw/0749/074900180010.001/swg.fits[1]
scw/0749/074900190010.001/swg.fits[1]
scw/0750/075000260010.001/swg.fits[1]
scw/0751/075100040010.001/swg.fits[1]
scw/0751/075100050010.001/swg.fits[1]
scw/0751/075100100010.001/swg.fits[1]
scw/0751/075100110010.001/swg.fits[1]
scw/0751/075100200010.001/swg.fits[1]
scw/0751/075100210010.001/swg.fits[1]
scw/0751/075100250010.001/swg.fits[1]
scw/0752/075200250010.001/swg.fits[1]
scw/0753/075300040010.001/swg.fits[1]
scw/0753/075300050010.001/swg.fits[1]
scw/0753/075300080010.001/swg.fits[1]
scw/0753/075300090010.001/swg.fits[1]
scw/0753/075300130010.001/swg.fits[1]
scw/0753/075300140010.001/swg.fits[1]
scw/0754/075400150010.001/swg.fits[1]
scw/0754/075400190010.001/swg.fits[1]
scw/0754/075400200010.001/swg.fits[1]
scw/0755/075500060010.001/swg.fits[1]
scw/0755/075500070010.001/swg.fits[1]
scw/0755/075500120010.001/swg.fits[1]
scw/0756/075600170010.001/swg.fits[1]
scw/0756/075600180010.001/swg.fits[1]
scw/0756/075600190010.001/swg.fits[1]
scw/0756/075600230010.001/swg.fits[1]
scw/0796/079600080010.001/swg.fits[1]
scw/0796/079600090010.001/swg.fits[1]
scw/0796/079600140010.001/swg.fits[1]
scw/0796/079600150010.001/swg.fits[1]
scw/0796/079600240010.001/swg.fits[1]
scw/0796/079600250010.001/swg.fits[1]
scw/0796/079600280010.001/swg.fits[1]
scw/0796/079600290010.001/swg.fits[1]
scw/0796/079600340010.001/swg.fits[1]
scw/0796/079600350010.001/swg.fits[1]
scw/0797/079700200010.001/swg.fits[1]
scw/0797/079700210010.001/swg.fits[1]
scw/0797/079700280010.001/swg.fits[1]
scw/0797/079700310010.001/swg.fits[1]
scw/0812/081200020010.001/swg.fits[1]
scw/0812/081200060010.001/swg.fits[1]
scw/0812/081200070010.001/swg.fits[1]
scw/0812/081200120010.001/swg.fits[1]
scw/0812/081200130010.001/swg.fits[1]
scw/0813/081300160010.001/swg.fits[1]
scw/0813/081300170010.001/swg.fits[1]
scw/0813/081300220010.001/swg.fits[1]
scw/0813/081300230010.001/swg.fits[1]
scw/0813/081300270010.001/swg.fits[1]
scw/0814/081400040010.001/swg.fits[1]
scw/0814/081400050010.001/swg.fits[1]
scw/0814/081400090010.001/swg.fits[1]
scw/0815/081500080010.001/swg.fits[1]
scw/0815/081500090010.001/swg.fits[1]
scw/0815/081500140010.001/swg.fits[1]
scw/0815/081500150010.001/swg.fits[1]
scw/0815/081500180010.001/swg.fits[1]
scw/0815/081500190010.001/swg.fits[1]
scw/0815/081500240010.001/swg.fits[1]
scw/0815/081500250010.001/swg.fits[1]
scw/0816/081600260010.001/swg.fits[1]
scw/0816/081600270010.001/swg.fits[1]
scw/0816/081600280010.001/swg.fits[1]
scw/0816/081600340010.001/swg.fits[1]
scw/0817/081700060010.001/swg.fits[1]
scw/0817/081700070010.001/swg.fits[1]
scw/0817/081700110010.001/swg.fits[1]
scw/0817/081700120010.001/swg.fits[1]
scw/0818/081800140010.001/swg.fits[1]
scw/0818/081800150010.001/swg.fits[1]
scw/0818/081800160010.001/swg.fits[1]
scw/0818/081800220010.001/swg.fits[1]
scw/1034/103400130010.001/swg.fits[1]
scw/1034/103400200010.001/swg.fits[1]
scw/1034/103400230010.001/swg.fits[1]
scw/1034/103400300010.001/swg.fits[1]
scw/1034/103400310010.001/swg.fits[1]
scw/1034/103400320010.001/swg.fits[1]
scw/1034/103400330010.001/swg.fits[1]
scw/1050/105000050010.001/swg.fits[1]
scw/1050/105000060010.001/swg.fits[1]
scw/1050/105000120010.001/swg.fits[1]
scw/1050/105000130010.001/swg.fits[1]
scw/1050/105000180010.001/swg.fits[1]
scw/1050/105000190010.001/swg.fits[1]
scw/1050/105000200010.001/swg.fits[1]
scw/1050/105000260010.001/swg.fits[1]
scw/1050/105000270010.001/swg.fits[1]
scw/1305/130500190010.001/swg.fits[1]
scw/1305/130500200010.001/swg.fits[1]
scw/1305/130500230010.001/swg.fits[1]
scw/1305/130500240010.001/swg.fits[1]
scw/1305/130500250010.001/swg.fits[1]
scw/1305/130500280010.001/swg.fits[1]
scw/1305/130500290010.001/swg.fits[1]
scw/1305/130500300010.001/swg.fits[1]
scw/1305/130500340010.001/swg.fits[1]
scw/1307/130700520010.001/swg.fits[1]
scw/1307/130700560010.001/swg.fits[1]
scw/1307/130700570010.001/swg.fits[1]
scw/1307/130700580010.001/swg.fits[1]
scw/1307/130700610010.001/swg.fits[1]
scw/1307/130700620010.001/swg.fits[1]
scw/1307/130700630010.001/swg.fits[1]
scw/1307/130700670010.001/swg.fits[1]
scw/1310/131000690010.001/swg.fits[1]
scw/1310/131000700010.001/swg.fits[1]
scw/1310/131000750010.001/swg.fits[1]
scw/1310/131000760010.001/swg.fits[1]
scw/1310/131000790010.001/swg.fits[1]
scw/1310/131000800010.001/swg.fits[1]
scw/1310/131000850010.001/swg.fits[1]
scw/1317/131700660010.001/swg.fits[1]
scw/1317/131700670010.001/swg.fits[1]
scw/1317/131700720010.001/swg.fits[1]
scw/1317/131700730010.001/swg.fits[1]
scw/1317/131700740010.001/swg.fits[1]
scw/1317/131700750010.001/swg.fits[1]
scw/1317/131700760010.001/swg.fits[1]
scw/1317/131700770010.001/swg.fits[1]
scw/1317/131700820010.001/swg.fits[1]
scw/1317/131700830010.001/swg.fits[1]
scw/1317/131700840010.001/swg.fits[1]
scw/1347/134700490010.001/swg.fits[1]
scw/1347/134700500010.001/swg.fits[1]
scw/1347/134700510010.001/swg.fits[1]
scw/1347/134700520010.001/swg.fits[1]
scw/1347/134700680010.001/swg.fits[1]
scw/1347/134700690010.001/swg.fits[1]
scw/1347/134700830010.001/swg.fits[1]
scw/1347/134700840010.001/swg.fits[1]
scw/1347/134700910010.001/swg.fits[1]
scw/1347/134700920010.001/swg.fits[1]
scw/1349/134900130010.001/swg.fits[1]
scw/1349/134900150010.001/swg.fits[1]
scw/1349/134900160010.001/swg.fits[1]
scw/1349/134900230010.001/swg.fits[1]
scw/1349/134900530010.001/swg.fits[1]
scw/1349/134900540010.001/swg.fits[1]
scw/1349/134900550010.001/swg.fits[1]
scw/1349/134900560010.001/swg.fits[1]
scw/1352/135200550010.001/swg.fits[1]
scw/1352/135200570010.001/swg.fits[1]
scw/1352/135200580010.001/swg.fits[1]
scw/1352/135200650010.001/swg.fits[1]
scw/1352/135200950010.001/swg.fits[1]
scw/1352/135200960010.001/swg.fits[1]
scw/1352/135200980010.001/swg.fits[1]
scw/1354/135400060010.001/swg.fits[1]
scw/1354/135400070010.001/swg.fits[1]
scw/1354/135400090010.001/swg.fits[1]
scw/1354/135400100010.001/swg.fits[1]
scw/1354/135400170010.001/swg.fits[1]
scw/1354/135400470010.001/swg.fits[1]
scw/1354/135400480010.001/swg.fits[1]
scw/1354/135400500010.001/swg.fits[1]
scw/1354/135400510010.001/swg.fits[1]
scw/1357/135700060010.001/swg.fits[1]
scw/1357/135700070010.001/swg.fits[1]
scw/1357/135700090010.001/swg.fits[1]
scw/1357/135700100010.001/swg.fits[1]
scw/1357/135700470010.001/swg.fits[1]
scw/1357/135700500010.001/swg.fits[1]
scw/1357/135700510010.001/swg.fits[1]
scw/1359/135900040010.001/swg.fits[1]
scw/1359/135900050010.001/swg.fits[1]
