scw/0094/009400210010.001/swg.fits[1]
scw/1317/131700540010.001/swg.fits[1]
scw/1347/134700460010.001/swg.fits[1]
scw/1347/134700970010.001/swg.fits[1]
scw/1349/134900100010.001/swg.fits[1]
scw/1349/134900590010.001/swg.fits[1]
scw/1352/135201010010.001/swg.fits[1]
scw/1352/135201010020.001/swg.fits[1]
scw/1354/135400130010.001/swg.fits[1]
scw/1354/135400530010.001/swg.fits[1]
scw/1373/137300440010.001/swg.fits[1]
scw/1373/137300450010.001/swg.fits[1]
scw/1470/147000450010.001/swg.fits[1]
scw/1470/147000940010.001/swg.fits[1]
scw/1472/147200310010.001/swg.fits[1]
scw/1472/147200800010.001/swg.fits[1]
scw/1476/147600430010.001/swg.fits[1]
scw/2183/218300400010.001/swg.fits[1]
scw/2183/218300490010.001/swg.fits[1]
scw/2184/218400370010.001/swg.fits[1]
scw/2184/218400460010.001/swg.fits[1]
scw/2185/218500450010.001/swg.fits[1]
scw/2250/225000300010.001/swg.fits[1]
scw/2299/229900340010.001/swg.fits[1]
scw/2345/234500020010.001/swg.fits[1]
