scw/0097/009700460010.001/swg.fits[1]
scw/0097/009700470010.001/swg.fits[1]
scw/0097/009700480010.001/swg.fits[1]
scw/0101/010100050010.001/swg.fits[1]
scw/0101/010100060010.001/swg.fits[1]
scw/0101/010100070010.001/swg.fits[1]
scw/0101/010100450010.001/swg.fits[1]
scw/0101/010100460010.001/swg.fits[1]
scw/0101/010100470010.001/swg.fits[1]
scw/0163/016300680010.001/swg.fits[1]
scw/0163/016300690010.001/swg.fits[1]
scw/0163/016300740010.001/swg.fits[1]
scw/0163/016300750010.001/swg.fits[1]
scw/0228/022800220010.001/swg.fits[1]
scw/0228/022800230010.001/swg.fits[1]
scw/0228/022800340010.001/swg.fits[1]
scw/0228/022800350010.001/swg.fits[1]
scw/0228/022800800010.001/swg.fits[1]
scw/0228/022800810010.001/swg.fits[1]
scw/0228/022800920010.001/swg.fits[1]
scw/0228/022800930010.001/swg.fits[1]
scw/0235/023500280010.001/swg.fits[1]
scw/0281/028100230010.001/swg.fits[1]
scw/0281/028100240010.001/swg.fits[1]
scw/0281/028100280010.001/swg.fits[1]
scw/0282/028200250010.001/swg.fits[1]
scw/0294/029400130010.001/swg.fits[1]
scw/0294/029400140010.001/swg.fits[1]
scw/0294/029400150010.001/swg.fits[1]
scw/0357/035700060010.001/swg.fits[1]
scw/0357/035700070010.001/swg.fits[1]
scw/0359/035900050010.001/swg.fits[1]
scw/0359/035900060010.001/swg.fits[1]
scw/0359/035900070010.001/swg.fits[1]
scw/0410/041000100010.001/swg.fits[1]
scw/0410/041000110010.001/swg.fits[1]
scw/0410/041000120010.001/swg.fits[1]
scw/0410/041000180010.001/swg.fits[1]
scw/0410/041000570010.001/swg.fits[1]
scw/0410/041000580010.001/swg.fits[1]
scw/0410/041000590010.001/swg.fits[1]
scw/0410/041000610010.001/swg.fits[1]
scw/0416/041600120010.001/swg.fits[1]
scw/0416/041600130010.001/swg.fits[1]
scw/0418/041800350010.001/swg.fits[1]
scw/0418/041800360010.001/swg.fits[1]
scw/0418/041800380010.001/swg.fits[1]
scw/0418/041800390010.001/swg.fits[1]
scw/0418/041800400010.001/swg.fits[1]
scw/0418/041800460010.001/swg.fits[1]
scw/0419/041900290010.001/swg.fits[1]
scw/0419/041900300010.001/swg.fits[1]
scw/0419/041900320010.001/swg.fits[1]
scw/0419/041900330010.001/swg.fits[1]
scw/0420/042000620010.001/swg.fits[1]
scw/0420/042000630010.001/swg.fits[1]
scw/0420/042000670010.001/swg.fits[1]
scw/0420/042000680010.001/swg.fits[1]
scw/0420/042000690010.001/swg.fits[1]
scw/0420/042000700010.001/swg.fits[1]
scw/0420/042000710010.001/swg.fits[1]
scw/0420/042000720010.001/swg.fits[1]
scw/0420/042000730010.001/swg.fits[1]
scw/0463/046300510010.001/swg.fits[1]
scw/0463/046300570010.001/swg.fits[1]
scw/0463/046300580010.001/swg.fits[1]
scw/0463/046300590010.001/swg.fits[1]
scw/0463/046300600010.001/swg.fits[1]
scw/0463/046300610010.001/swg.fits[1]
scw/0465/046500150010.001/swg.fits[1]
scw/0465/046500210010.001/swg.fits[1]
scw/0465/046500220010.001/swg.fits[1]
scw/0465/046500230010.001/swg.fits[1]
scw/0465/046500240010.001/swg.fits[1]
scw/0465/046500250010.001/swg.fits[1]
scw/0465/046500260010.001/swg.fits[1]
scw/0465/046500320010.001/swg.fits[1]
scw/0465/046500330010.001/swg.fits[1]
scw/0467/046700210010.001/swg.fits[1]
scw/0467/046700220010.001/swg.fits[1]
scw/0467/046700230010.001/swg.fits[1]
scw/0467/046700240010.001/swg.fits[1]
scw/0467/046700250010.001/swg.fits[1]
scw/0467/046700310010.001/swg.fits[1]
scw/0467/046700640010.001/swg.fits[1]
scw/0469/046900130010.001/swg.fits[1]
scw/0469/046900140010.001/swg.fits[1]
scw/0469/046900150010.001/swg.fits[1]
scw/0469/046900170010.001/swg.fits[1]
scw/0469/046900630010.001/swg.fits[1]
scw/0469/046900640010.001/swg.fits[1]
scw/0469/046900650010.001/swg.fits[1]
scw/0471/047100100010.001/swg.fits[1]
scw/0471/047100560010.001/swg.fits[1]
scw/0471/047100570010.001/swg.fits[1]
scw/0471/047100590010.001/swg.fits[1]
scw/0471/047100600010.001/swg.fits[1]
scw/0471/047100610010.001/swg.fits[1]
scw/0472/047200040010.001/swg.fits[1]
scw/0890/089000740010.001/swg.fits[1]
scw/0890/089000750010.001/swg.fits[1]
scw/0890/089000830010.001/swg.fits[1]
scw/0892/089200190010.001/swg.fits[1]
scw/0892/089200200010.001/swg.fits[1]
scw/0892/089200260010.001/swg.fits[1]
scw/0892/089200270010.001/swg.fits[1]
scw/0892/089200280010.001/swg.fits[1]
scw/0892/089200290010.001/swg.fits[1]
scw/0892/089200300010.001/swg.fits[1]
scw/0893/089300100010.001/swg.fits[1]
scw/0893/089300170010.001/swg.fits[1]
scw/0893/089300180010.001/swg.fits[1]
scw/0893/089300190010.001/swg.fits[1]
scw/0893/089300200010.001/swg.fits[1]
scw/0893/089300280010.001/swg.fits[1]
scw/0893/089300590010.001/swg.fits[1]
scw/0893/089300600010.001/swg.fits[1]
scw/0894/089400060010.001/swg.fits[1]
scw/0894/089400070010.001/swg.fits[1]
scw/0894/089400080010.001/swg.fits[1]
scw/0894/089400090010.001/swg.fits[1]
scw/0894/089400170010.001/swg.fits[1]
scw/0894/089400520010.001/swg.fits[1]
scw/0894/089400530010.001/swg.fits[1]
scw/0894/089400590010.001/swg.fits[1]
scw/0894/089400600010.001/swg.fits[1]
scw/0952/095200820010.001/swg.fits[1]
scw/0952/095200830010.001/swg.fits[1]
scw/0953/095300030010.001/swg.fits[1]
scw/0953/095300040010.001/swg.fits[1]
scw/0953/095300050010.001/swg.fits[1]
scw/0953/095300060010.001/swg.fits[1]
scw/0953/095300140010.001/swg.fits[1]
scw/0953/095300450010.001/swg.fits[1]
scw/0953/095300460010.001/swg.fits[1]
scw/0953/095300470010.001/swg.fits[1]
scw/0953/095300520010.001/swg.fits[1]
scw/0953/095300530010.001/swg.fits[1]
scw/0953/095300540010.001/swg.fits[1]
scw/0953/095300550010.001/swg.fits[1]
scw/0953/095300560010.001/swg.fits[1]
scw/0954/095400040010.001/swg.fits[1]
scw/0954/095400350010.001/swg.fits[1]
scw/0954/095400430010.001/swg.fits[1]
scw/0954/095400440010.001/swg.fits[1]
scw/0954/095400450010.001/swg.fits[1]
scw/0954/095400460010.001/swg.fits[1]
scw/0954/095400540010.001/swg.fits[1]
scw/0955/095500300010.001/swg.fits[1]
scw/0955/095500310010.001/swg.fits[1]
scw/0955/095500380010.001/swg.fits[1]
scw/0955/095500390010.001/swg.fits[1]
scw/0955/095500400010.001/swg.fits[1]
scw/0955/095500410010.001/swg.fits[1]
scw/0958/095800290010.001/swg.fits[1]
scw/0958/095800350010.001/swg.fits[1]
scw/0958/095800360010.001/swg.fits[1]
scw/0958/095800370010.001/swg.fits[1]
scw/0971/097100720010.001/swg.fits[1]
scw/0971/097100730010.001/swg.fits[1]
scw/0972/097200160010.001/swg.fits[1]
scw/0972/097200180010.001/swg.fits[1]
scw/0972/097200190010.001/swg.fits[1]
scw/0972/097200200010.001/swg.fits[1]
scw/0972/097200560010.001/swg.fits[1]
scw/0972/097200570010.001/swg.fits[1]
scw/0973/097300040010.001/swg.fits[1]
scw/0973/097300060010.001/swg.fits[1]
scw/0973/097300070010.001/swg.fits[1]
scw/0973/097300080010.001/swg.fits[1]
scw/0977/097700070010.001/swg.fits[1]
scw/0977/097700080010.001/swg.fits[1]
scw/0977/097700090010.001/swg.fits[1]
scw/0977/097700480010.001/swg.fits[1]
scw/1985/198500190010.001/swg.fits[1]
scw/1985/198500270010.001/swg.fits[1]
scw/1985/198500280010.001/swg.fits[1]
scw/1985/198500290010.001/swg.fits[1]
scw/1985/198500300010.001/swg.fits[1]
scw/1985/198500310010.001/swg.fits[1]
scw/1985/198500370010.001/swg.fits[1]
scw/1985/198500690010.001/swg.fits[1]
scw/1985/198500770010.001/swg.fits[1]
scw/1985/198500780010.001/swg.fits[1]
scw/1985/198500790010.001/swg.fits[1]
scw/1985/198500800010.001/swg.fits[1]
scw/1985/198500810010.001/swg.fits[1]
scw/1985/198500870010.001/swg.fits[1]
scw/2059/205900040010.001/swg.fits[1]
scw/2059/205900050010.001/swg.fits[1]
scw/2059/205900130010.001/swg.fits[1]
scw/2059/205900450010.001/swg.fits[1]
scw/2059/205900510010.001/swg.fits[1]
scw/2059/205900520010.001/swg.fits[1]
scw/2059/205900530010.001/swg.fits[1]
scw/2059/205900540010.001/swg.fits[1]
scw/2059/205900550010.001/swg.fits[1]
scw/2060/206000360010.001/swg.fits[1]
scw/2060/206000370010.001/swg.fits[1]
scw/2060/206000420010.001/swg.fits[1]
scw/2060/206000430010.001/swg.fits[1]
scw/2060/206000460010.001/swg.fits[1]
scw/2257/225700650010.001/swg.fits[1]
scw/2257/225700660010.001/swg.fits[1]
scw/2257/225700660020.001/swg.fits[1]
scw/2258/225800180010.001/swg.fits[1]
scw/2258/225800240010.001/swg.fits[1]
scw/2258/225800250010.001/swg.fits[1]
scw/2258/225800260010.001/swg.fits[1]
scw/2259/225900180010.001/swg.fits[1]
scw/2259/225900240010.001/swg.fits[1]
scw/2259/225900250010.001/swg.fits[1]
scw/2259/225900260010.001/swg.fits[1]
scw/2260/226000250010.001/swg.fits[1]
scw/2260/226000260010.001/swg.fits[1]
