scw/0046/004600260010.001/swg.fits[1]
scw/0046/004600280010.001/swg.fits[1]
scw/0046/004600740010.001/swg.fits[1]
scw/0046/004600760010.001/swg.fits[1]
scw/0051/005100170010.001/swg.fits[1]
scw/0051/005100180010.001/swg.fits[1]
scw/0051/005100280010.001/swg.fits[1]
scw/0051/005100290010.001/swg.fits[1]
scw/0051/005100340010.001/swg.fits[1]
scw/0051/005100350010.001/swg.fits[1]
scw/0051/005100440010.001/swg.fits[1]
scw/0051/005100450010.001/swg.fits[1]
scw/0051/005100460010.001/swg.fits[1]
scw/0052/005200500010.001/swg.fits[1]
scw/0052/005200510010.001/swg.fits[1]
scw/0052/005200600010.001/swg.fits[1]
scw/0052/005200610010.001/swg.fits[1]
scw/0054/005401050010.001/swg.fits[1]
scw/0054/005401060010.001/swg.fits[1]
scw/0058/005800630010.001/swg.fits[1]
scw/0060/006000510010.001/swg.fits[1]
scw/0060/006000520010.001/swg.fits[1]
scw/0061/006100060010.001/swg.fits[1]
scw/0103/010300100010.001/swg.fits[1]
scw/0103/010300110010.001/swg.fits[1]
scw/0103/010300120010.001/swg.fits[1]
scw/0103/010300210010.001/swg.fits[1]
scw/0103/010300220010.001/swg.fits[1]
scw/0103/010300270010.001/swg.fits[1]
scw/0103/010300280010.001/swg.fits[1]
scw/0103/010300370010.001/swg.fits[1]
scw/0103/010300380010.001/swg.fits[1]
scw/0103/010300390010.001/swg.fits[1]
scw/0103/010300440010.001/swg.fits[1]
scw/0103/010300450010.001/swg.fits[1]
scw/0103/010300540010.001/swg.fits[1]
scw/0103/010300550010.001/swg.fits[1]
scw/0118/011801060010.001/swg.fits[1]
scw/0118/011801070010.001/swg.fits[1]
scw/0118/011801080010.001/swg.fits[1]
scw/0119/011900040010.001/swg.fits[1]
scw/0119/011900050010.001/swg.fits[1]
scw/0119/011900060010.001/swg.fits[1]
scw/0167/016700890010.001/swg.fits[1]
scw/0167/016700900010.001/swg.fits[1]
scw/0167/016700950010.001/swg.fits[1]
scw/0167/016700960010.001/swg.fits[1]
scw/0174/017400020010.001/swg.fits[1]
scw/0174/017400310010.001/swg.fits[1]
scw/0179/017900400010.001/swg.fits[1]
scw/0183/018300270010.001/swg.fits[1]
scw/0183/018300280010.001/swg.fits[1]
scw/0185/018500290010.001/swg.fits[1]
scw/0185/018500300010.001/swg.fits[1]
scw/0226/022600470010.001/swg.fits[1]
scw/0232/023200540010.001/swg.fits[1]
scw/0232/023200550010.001/swg.fits[1]
scw/0232/023200560010.001/swg.fits[1]
scw/0232/023200570010.001/swg.fits[1]
scw/0232/023200960010.001/swg.fits[1]
scw/0232/023200970010.001/swg.fits[1]
scw/0232/023200980010.001/swg.fits[1]
scw/0232/023200990010.001/swg.fits[1]
scw/0234/023400890010.001/swg.fits[1]
scw/0234/023400900010.001/swg.fits[1]
scw/0234/023400910010.001/swg.fits[1]
scw/0234/023400920010.001/swg.fits[1]
scw/0243/024300960010.001/swg.fits[1]
scw/0243/024300970010.001/swg.fits[1]
scw/0301/030100500010.001/swg.fits[1]
scw/0303/030300240010.001/swg.fits[1]
scw/0304/030400200010.001/swg.fits[1]
scw/0304/030400400010.001/swg.fits[1]
scw/0347/034700160010.001/swg.fits[1]
scw/0362/036200110010.001/swg.fits[1]
scw/0362/036200210010.001/swg.fits[1]
scw/0362/036200580010.001/swg.fits[1]
scw/0362/036200590010.001/swg.fits[1]
scw/0362/036200600010.001/swg.fits[1]
scw/0362/036200680010.001/swg.fits[1]
scw/0364/036400110010.001/swg.fits[1]
scw/0364/036400120010.001/swg.fits[1]
scw/0364/036400190010.001/swg.fits[1]
scw/0364/036400200010.001/swg.fits[1]
scw/0364/036400370010.001/swg.fits[1]
scw/0364/036400470010.001/swg.fits[1]
scw/0370/037000740010.001/swg.fits[1]
scw/0409/040900210010.001/swg.fits[1]
scw/0409/040900220010.001/swg.fits[1]
scw/0409/040900230010.001/swg.fits[1]
scw/0409/040900240010.001/swg.fits[1]
scw/0411/041100600010.001/swg.fits[1]
scw/0411/041100680010.001/swg.fits[1]
scw/0411/041100690010.001/swg.fits[1]
scw/0411/041100700010.001/swg.fits[1]
scw/0412/041200590010.001/swg.fits[1]
scw/0412/041200600010.001/swg.fits[1]
scw/0412/041200670010.001/swg.fits[1]
scw/0412/041200680010.001/swg.fits[1]
scw/0412/041200690010.001/swg.fits[1]
scw/0413/041300340010.001/swg.fits[1]
scw/0413/041300420010.001/swg.fits[1]
scw/0413/041300430010.001/swg.fits[1]
scw/0413/041300440010.001/swg.fits[1]
scw/0413/041300450010.001/swg.fits[1]
scw/0413/041300530010.001/swg.fits[1]
scw/0427/042700540010.001/swg.fits[1]
scw/0478/047800520010.001/swg.fits[1]
scw/0478/047800530010.001/swg.fits[1]
scw/0478/047800540010.001/swg.fits[1]
scw/0478/047800620010.001/swg.fits[1]
scw/0479/047900290010.001/swg.fits[1]
scw/0479/047900370010.001/swg.fits[1]
scw/0479/047900380010.001/swg.fits[1]
scw/0479/047900390010.001/swg.fits[1]
scw/0480/048000190010.001/swg.fits[1]
scw/0480/048000200010.001/swg.fits[1]
scw/0480/048000210010.001/swg.fits[1]
scw/0480/048000280010.001/swg.fits[1]
scw/0480/048000290010.001/swg.fits[1]
scw/0480/048000660010.001/swg.fits[1]
scw/0480/048000740010.001/swg.fits[1]
scw/0480/048000750010.001/swg.fits[1]
scw/0481/048100480010.001/swg.fits[1]
scw/0481/048100490010.001/swg.fits[1]
scw/0481/048100500010.001/swg.fits[1]
scw/0481/048100510010.001/swg.fits[1]
scw/0484/048400380010.001/swg.fits[1]
scw/0484/048400460010.001/swg.fits[1]
scw/0484/048400470010.001/swg.fits[1]
scw/0484/048400480010.001/swg.fits[1]
scw/0485/048500210010.001/swg.fits[1]
scw/0485/048500220010.001/swg.fits[1]
scw/0485/048500230010.001/swg.fits[1]
scw/0485/048500300010.001/swg.fits[1]
scw/0485/048500310010.001/swg.fits[1]
scw/0485/048500690010.001/swg.fits[1]
scw/0485/048500770010.001/swg.fits[1]
scw/0485/048500780010.001/swg.fits[1]
scw/0485/048500790010.001/swg.fits[1]
scw/0534/053400700010.001/swg.fits[1]
scw/0534/053400710010.001/swg.fits[1]
scw/0534/053400720010.001/swg.fits[1]
scw/0534/053400730010.001/swg.fits[1]
scw/0535/053500100010.001/swg.fits[1]
scw/0535/053500110010.001/swg.fits[1]
scw/0535/053500120010.001/swg.fits[1]
scw/0535/053500130010.001/swg.fits[1]
scw/0535/053500210010.001/swg.fits[1]
scw/0535/053500810010.001/swg.fits[1]
scw/0535/053500820010.001/swg.fits[1]
scw/0536/053600660010.001/swg.fits[1]
scw/0536/053600670010.001/swg.fits[1]
scw/0536/053600750010.001/swg.fits[1]
scw/0537/053700440010.001/swg.fits[1]
scw/0537/053700450010.001/swg.fits[1]
scw/0537/053700460010.001/swg.fits[1]
scw/0537/053700470010.001/swg.fits[1]
scw/0537/053700660010.001/swg.fits[1]
scw/0537/053700670010.001/swg.fits[1]
scw/0537/053700730010.001/swg.fits[1]
scw/0537/053700740010.001/swg.fits[1]
scw/0537/053700750010.001/swg.fits[1]
scw/0537/053700760010.001/swg.fits[1]
scw/0537/053700770010.001/swg.fits[1]
scw/0539/053900620010.001/swg.fits[1]
scw/0539/053900630010.001/swg.fits[1]
scw/0539/053900640010.001/swg.fits[1]
scw/0539/053900720010.001/swg.fits[1]
scw/0542/054200430010.001/swg.fits[1]
scw/0542/054200440010.001/swg.fits[1]
scw/0542/054200450010.001/swg.fits[1]
scw/0542/054200460010.001/swg.fits[1]
scw/0731/073100960010.001/swg.fits[1]
scw/0732/073200030010.001/swg.fits[1]
scw/0734/073400450010.001/swg.fits[1]
scw/0734/073400540010.001/swg.fits[1]
scw/0736/073600100010.001/swg.fits[1]
scw/0736/073600190010.001/swg.fits[1]
scw/0846/084600520010.001/swg.fits[1]
scw/0895/089500030010.001/swg.fits[1]
scw/0895/089500040010.001/swg.fits[1]
scw/0895/089500080010.001/swg.fits[1]
scw/0895/089500090010.001/swg.fits[1]
scw/0895/089500100010.001/swg.fits[1]
scw/0895/089500390010.001/swg.fits[1]
scw/0895/089500440010.001/swg.fits[1]
scw/0895/089500450010.001/swg.fits[1]
scw/0895/089500480010.001/swg.fits[1]
scw/0895/089500490010.001/swg.fits[1]
scw/0895/089500530010.001/swg.fits[1]
scw/0895/089500540010.001/swg.fits[1]
scw/0895/089500550010.001/swg.fits[1]
scw/0895/089500590010.001/swg.fits[1]
scw/0896/089600410010.001/swg.fits[1]
scw/0896/089600420010.001/swg.fits[1]
scw/0896/089600450010.001/swg.fits[1]
scw/0896/089600460010.001/swg.fits[1]
scw/0896/089600470010.001/swg.fits[1]
scw/0896/089600500010.001/swg.fits[1]
scw/0896/089600510010.001/swg.fits[1]
scw/0896/089600550010.001/swg.fits[1]
scw/0896/089600560010.001/swg.fits[1]
scw/0897/089700290010.001/swg.fits[1]
scw/0897/089700330010.001/swg.fits[1]
scw/0897/089700340010.001/swg.fits[1]
scw/0897/089700350010.001/swg.fits[1]
scw/0897/089700380010.001/swg.fits[1]
scw/0897/089700390010.001/swg.fits[1]
scw/0897/089700400010.001/swg.fits[1]
scw/0897/089700430010.001/swg.fits[1]
scw/0897/089700440010.001/swg.fits[1]
scw/0897/089700490010.001/swg.fits[1]
scw/0897/089700500010.001/swg.fits[1]
scw/0898/089800220010.001/swg.fits[1]
scw/0898/089800260010.001/swg.fits[1]
scw/0898/089800270010.001/swg.fits[1]
scw/0898/089800280010.001/swg.fits[1]
scw/0898/089800320010.001/swg.fits[1]
scw/0898/089800360010.001/swg.fits[1]
scw/0898/089800370010.001/swg.fits[1]
scw/0898/089800410010.001/swg.fits[1]
scw/0898/089800420010.001/swg.fits[1]
scw/0898/089800430010.001/swg.fits[1]
scw/0898/089800470010.001/swg.fits[1]
scw/0956/095600240010.001/swg.fits[1]
scw/0956/095600280010.001/swg.fits[1]
scw/0956/095600290010.001/swg.fits[1]
scw/0956/095600300010.001/swg.fits[1]
scw/0956/095600340010.001/swg.fits[1]
scw/0956/095600380010.001/swg.fits[1]
scw/0956/095600390010.001/swg.fits[1]
scw/0956/095600440010.001/swg.fits[1]
scw/0956/095600450010.001/swg.fits[1]
scw/0958/095800610010.001/swg.fits[1]
scw/0958/095800620010.001/swg.fits[1]
scw/0959/095900100010.001/swg.fits[1]
scw/0959/095900110010.001/swg.fits[1]
scw/0959/095900120010.001/swg.fits[1]
scw/0959/095900140010.001/swg.fits[1]
scw/0959/095900150010.001/swg.fits[1]
scw/0959/095900200010.001/swg.fits[1]
scw/0959/095900210010.001/swg.fits[1]
scw/0959/095900500010.001/swg.fits[1]
scw/0959/095900540010.001/swg.fits[1]
scw/0959/095900550010.001/swg.fits[1]
