scw/1748/174800460020.001/swg.fits[1]
scw/1748/174800460030.001/swg.fits[1]
scw/1788/178800390010.001/swg.fits[1]
scw/1788/178800450010.001/swg.fits[1]
scw/1788/178800460010.001/swg.fits[1]
scw/1788/178800490010.001/swg.fits[1]
scw/1788/178800500010.001/swg.fits[1]
scw/1798/179800350010.001/swg.fits[1]
scw/1798/179800410010.001/swg.fits[1]
scw/1798/179800420010.001/swg.fits[1]
scw/1798/179800450010.001/swg.fits[1]
scw/1798/179800460010.001/swg.fits[1]
scw/1798/179800510010.001/swg.fits[1]
scw/1798/179800520010.001/swg.fits[1]
scw/1798/179800550010.001/swg.fits[1]
scw/1798/179800560010.001/swg.fits[1]
scw/1798/179800570010.001/swg.fits[1]
scw/1798/179800610010.001/swg.fits[1]
scw/1803/180300840010.001/swg.fits[1]
scw/1803/180300900010.001/swg.fits[1]
scw/1803/180300910010.001/swg.fits[1]
scw/1803/180300920010.001/swg.fits[1]
scw/1803/180300940010.001/swg.fits[1]
scw/1804/180400120010.001/swg.fits[1]
scw/1804/180400410010.001/swg.fits[1]
scw/1804/180400610010.001/swg.fits[1]
scw/1805/180500080010.001/swg.fits[1]
scw/1805/180500090010.001/swg.fits[1]
scw/1805/180500580010.001/swg.fits[1]
scw/1806/180600320010.001/swg.fits[1]
scw/1806/180600530010.001/swg.fits[1]
scw/1807/180700170010.001/swg.fits[1]
scw/1807/180700230010.001/swg.fits[1]
scw/1807/180700240010.001/swg.fits[1]
scw/1807/180700250010.001/swg.fits[1]
scw/1807/180700270010.001/swg.fits[1]
scw/1807/180700320010.001/swg.fits[1]
scw/1807/180700810010.001/swg.fits[1]
scw/1807/180700820010.001/swg.fits[1]
scw/1808/180800390010.001/swg.fits[1]
scw/1808/180800480010.001/swg.fits[1]
scw/1808/180800490010.001/swg.fits[1]
scw/1809/180900130010.001/swg.fits[1]
scw/1809/180900190010.001/swg.fits[1]
scw/1809/180900200010.001/swg.fits[1]
scw/1809/180900210010.001/swg.fits[1]
scw/1809/180900230010.001/swg.fits[1]
scw/1809/180900460010.001/swg.fits[1]
scw/1809/180900470010.001/swg.fits[1]
scw/1809/180900480010.001/swg.fits[1]
scw/1810/181000140010.001/swg.fits[1]
scw/1810/181000150010.001/swg.fits[1]
scw/1810/181000630010.001/swg.fits[1]
scw/1810/181000640010.001/swg.fits[1]
scw/1810/181000650010.001/swg.fits[1]
scw/1811/181100460010.001/swg.fits[1]
scw/1811/181100520010.001/swg.fits[1]
scw/1811/181100530010.001/swg.fits[1]
scw/1811/181100540010.001/swg.fits[1]
scw/1811/181100560010.001/swg.fits[1]
scw/1811/181100760010.001/swg.fits[1]
scw/1811/181100770010.001/swg.fits[1]
scw/1811/181100780010.001/swg.fits[1]
scw/1812/181200360010.001/swg.fits[1]
scw/1812/181200370010.001/swg.fits[1]
scw/1813/181300050010.001/swg.fits[1]
scw/1813/181300060010.001/swg.fits[1]
scw/1813/181300470010.001/swg.fits[1]
scw/1813/181300530010.001/swg.fits[1]
scw/1813/181300540010.001/swg.fits[1]
scw/1813/181300550010.001/swg.fits[1]
scw/1813/181300570010.001/swg.fits[1]
scw/1814/181400480010.001/swg.fits[1]
scw/1814/181400490010.001/swg.fits[1]
scw/1814/181400500010.001/swg.fits[1]
scw/1815/181500680010.001/swg.fits[1]
scw/1816/181600010010.001/swg.fits[1]
scw/1817/181700500010.001/swg.fits[1]
scw/1817/181700510010.001/swg.fits[1]
scw/1817/181700570010.001/swg.fits[1]
scw/1817/181700580010.001/swg.fits[1]
scw/1817/181700590010.001/swg.fits[1]
scw/1865/186500340010.001/swg.fits[1]
scw/1865/186500350010.001/swg.fits[1]
scw/1865/186500360010.001/swg.fits[1]
scw/1872/187200550010.001/swg.fits[1]
scw/1872/187200570010.001/swg.fits[1]
scw/1872/187200580010.001/swg.fits[1]
scw/1872/187200590010.001/swg.fits[1]
scw/1872/187200650010.001/swg.fits[1]
scw/1879/187900300010.001/swg.fits[1]
scw/1879/187900310010.001/swg.fits[1]
scw/1879/187900320010.001/swg.fits[1]
scw/1880/188000050010.001/swg.fits[1]
scw/1880/188000070010.001/swg.fits[1]
scw/1880/188000080010.001/swg.fits[1]
scw/1880/188000090010.001/swg.fits[1]
scw/1880/188000150010.001/swg.fits[1]
scw/1880/188000480010.001/swg.fits[1]
scw/1880/188000490010.001/swg.fits[1]
scw/1881/188100120010.001/swg.fits[1]
scw/1881/188100130010.001/swg.fits[1]
scw/1881/188100140010.001/swg.fits[1]
scw/1881/188100630010.001/swg.fits[1]
scw/1881/188100640010.001/swg.fits[1]
scw/1881/188100730010.001/swg.fits[1]
scw/1882/188200050010.001/swg.fits[1]
scw/1882/188200070010.001/swg.fits[1]
scw/1882/188200080010.001/swg.fits[1]
scw/1882/188200090010.001/swg.fits[1]
scw/1882/188200150010.001/swg.fits[1]
scw/1882/188200160010.001/swg.fits[1]
scw/1883/188300170010.001/swg.fits[1]
scw/1883/188300360010.001/swg.fits[1]
scw/1883/188300370010.001/swg.fits[1]
scw/1883/188300670010.001/swg.fits[1]
scw/1883/188300760010.001/swg.fits[1]
scw/1883/188300770010.001/swg.fits[1]
scw/1884/188400020010.001/swg.fits[1]
scw/1884/188400430010.001/swg.fits[1]
scw/1884/188400520010.001/swg.fits[1]
scw/1884/188400830010.001/swg.fits[1]
scw/1885/188500650010.001/swg.fits[1]
scw/1885/188500660010.001/swg.fits[1]
scw/1886/188600490010.001/swg.fits[1]
scw/1886/188600500010.001/swg.fits[1]
scw/1886/188600590010.001/swg.fits[1]
scw/1887/188700470010.001/swg.fits[1]
scw/1887/188700480010.001/swg.fits[1]
scw/1887/188700490010.001/swg.fits[1]
scw/1887/188700580010.001/swg.fits[1]
scw/1888/188800210010.001/swg.fits[1]
scw/1888/188800220010.001/swg.fits[1]
scw/1888/188800510010.001/swg.fits[1]
scw/1888/188800520010.001/swg.fits[1]
scw/1888/188800720010.001/swg.fits[1]
scw/1888/188800730010.001/swg.fits[1]
scw/1888/188800740010.001/swg.fits[1]
scw/1944/194400710010.001/swg.fits[1]
scw/1944/194400770010.001/swg.fits[1]
scw/1944/194400780010.001/swg.fits[1]
scw/1944/194400790010.001/swg.fits[1]
scw/1944/194400810010.001/swg.fits[1]
scw/1946/194600200010.001/swg.fits[1]
scw/1946/194600210010.001/swg.fits[1]
scw/1946/194600230010.001/swg.fits[1]
scw/1946/194600240010.001/swg.fits[1]
scw/1946/194600250010.001/swg.fits[1]
scw/1948/194800120010.001/swg.fits[1]
scw/1948/194800130010.001/swg.fits[1]
scw/1948/194800140010.001/swg.fits[1]
scw/1948/194800190010.001/swg.fits[1]
scw/1948/194800200010.001/swg.fits[1]
scw/1948/194800230010.001/swg.fits[1]
scw/1950/195000050010.001/swg.fits[1]
scw/1950/195000080010.001/swg.fits[1]
scw/1950/195000090010.001/swg.fits[1]
scw/1950/195000100010.001/swg.fits[1]
scw/1950/195000140010.001/swg.fits[1]
scw/1950/195000150010.001/swg.fits[1]
scw/1952/195200120010.001/swg.fits[1]
scw/1952/195200130010.001/swg.fits[1]
scw/1952/195200200010.001/swg.fits[1]
scw/1952/195200210010.001/swg.fits[1]
scw/1952/195200220010.001/swg.fits[1]
scw/2012/201200390010.001/swg.fits[1]
scw/2012/201200400010.001/swg.fits[1]
scw/2012/201200450010.001/swg.fits[1]
scw/2012/201200460010.001/swg.fits[1]
scw/2012/201200470010.001/swg.fits[1]
scw/2012/201200490010.001/swg.fits[1]
scw/2014/201400760010.001/swg.fits[1]
scw/2014/201400770010.001/swg.fits[1]
scw/2014/201400780010.001/swg.fits[1]
scw/2014/201400830010.001/swg.fits[1]
scw/2014/201400840010.001/swg.fits[1]
scw/2014/201400850010.001/swg.fits[1]
scw/2014/201400870010.001/swg.fits[1]
scw/2016/201600460010.001/swg.fits[1]
scw/2016/201600520010.001/swg.fits[1]
scw/2016/201600530010.001/swg.fits[1]
scw/2016/201600540010.001/swg.fits[1]
scw/2016/201600560010.001/swg.fits[1]
scw/2018/201800050010.001/swg.fits[1]
scw/2018/201800070010.001/swg.fits[1]
scw/2018/201800080010.001/swg.fits[1]
scw/2018/201800090010.001/swg.fits[1]
scw/2018/201800150010.001/swg.fits[1]
scw/2020/202000460010.001/swg.fits[1]
scw/2020/202000470010.001/swg.fits[1]
scw/2020/202000530010.001/swg.fits[1]
scw/2020/202000540010.001/swg.fits[1]
scw/2020/202000550010.001/swg.fits[1]
scw/2074/207400320010.001/swg.fits[1]
scw/2074/207400330010.001/swg.fits[1]
scw/2074/207400340010.001/swg.fits[1]
scw/2074/207400350010.001/swg.fits[1]
scw/2074/207400390010.001/swg.fits[1]
scw/2074/207400400010.001/swg.fits[1]
scw/2074/207400410010.001/swg.fits[1]
scw/2074/207400420010.001/swg.fits[1]
scw/2082/208200740010.001/swg.fits[1]
scw/2082/208200750010.001/swg.fits[1]
scw/2082/208200770010.001/swg.fits[1]
scw/2082/208200780010.001/swg.fits[1]
scw/2082/208200790010.001/swg.fits[1]
scw/2082/208200840010.001/swg.fits[1]
scw/2084/208400050010.001/swg.fits[1]
scw/2084/208400070010.001/swg.fits[1]
scw/2084/208400080010.001/swg.fits[1]
scw/2084/208400090010.001/swg.fits[1]
scw/2084/208400140010.001/swg.fits[1]
scw/2084/208400150010.001/swg.fits[1]
scw/2085/208500370010.001/swg.fits[1]
scw/2085/208500420010.001/swg.fits[1]
scw/2085/208500430010.001/swg.fits[1]
scw/2085/208500440010.001/swg.fits[1]
scw/2086/208600120010.001/swg.fits[1]
scw/2086/208600130010.001/swg.fits[1]
scw/2086/208600140010.001/swg.fits[1]
scw/2086/208600190010.001/swg.fits[1]
scw/2086/208600200010.001/swg.fits[1]
scw/2087/208700440010.001/swg.fits[1]
