scw/0789/078900630010.001/swg.fits[1]
scw/0793/079300120010.001/swg.fits[1]
scw/0794/079400410010.001/swg.fits[1]
scw/0855/085500410010.001/swg.fits[1]
scw/0855/085500450010.001/swg.fits[1]
scw/0855/085500460010.001/swg.fits[1]
scw/0855/085500470010.001/swg.fits[1]
scw/0855/085500500010.001/swg.fits[1]
scw/0855/085500510010.001/swg.fits[1]
scw/0855/085500520010.001/swg.fits[1]
scw/0855/085500560010.001/swg.fits[1]
scw/0857/085700210010.001/swg.fits[1]
scw/0857/085700250010.001/swg.fits[1]
scw/0857/085700260010.001/swg.fits[1]
scw/0857/085700270010.001/swg.fits[1]
scw/0857/085700300010.001/swg.fits[1]
scw/0857/085700310010.001/swg.fits[1]
scw/0857/085700320010.001/swg.fits[1]
scw/0857/085700360010.001/swg.fits[1]
scw/0858/085800210010.001/swg.fits[1]
scw/0858/085800250010.001/swg.fits[1]
scw/0858/085800260010.001/swg.fits[1]
scw/0858/085800270010.001/swg.fits[1]
scw/0858/085800300010.001/swg.fits[1]
scw/0858/085800310010.001/swg.fits[1]
scw/0858/085800320010.001/swg.fits[1]
scw/0858/085800360010.001/swg.fits[1]
scw/0860/086000190010.001/swg.fits[1]
scw/0860/086000230010.001/swg.fits[1]
scw/0860/086000250010.001/swg.fits[1]
scw/0860/086000290010.001/swg.fits[1]
scw/0860/086000300010.001/swg.fits[1]
scw/0860/086000340010.001/swg.fits[1]
scw/0861/086100270010.001/swg.fits[1]
scw/0861/086100310010.001/swg.fits[1]
scw/0861/086100320010.001/swg.fits[1]
scw/0861/086100330010.001/swg.fits[1]
scw/0861/086100370010.001/swg.fits[1]
scw/0861/086100380010.001/swg.fits[1]
scw/0861/086100420010.001/swg.fits[1]
scw/0862/086200570010.001/swg.fits[1]
scw/0862/086200610010.001/swg.fits[1]
scw/0862/086200620010.001/swg.fits[1]
scw/0862/086200630010.001/swg.fits[1]
scw/0863/086300020010.001/swg.fits[1]
scw/0863/086300030010.001/swg.fits[1]
scw/0863/086300040010.001/swg.fits[1]
scw/0863/086300080010.001/swg.fits[1]
scw/0864/086400190010.001/swg.fits[1]
scw/0864/086400230010.001/swg.fits[1]
scw/0864/086400240010.001/swg.fits[1]
scw/0864/086400250010.001/swg.fits[1]
scw/0864/086400290010.001/swg.fits[1]
scw/0864/086400300010.001/swg.fits[1]
scw/0864/086400340010.001/swg.fits[1]
scw/0865/086500460010.001/swg.fits[1]
scw/0865/086500500010.001/swg.fits[1]
scw/0865/086500510010.001/swg.fits[1]
scw/0865/086500520010.001/swg.fits[1]
scw/0865/086500560010.001/swg.fits[1]
scw/0865/086500570010.001/swg.fits[1]
scw/0865/086500600010.001/swg.fits[1]
scw/0865/086500610010.001/swg.fits[1]
scw/0866/086600650010.001/swg.fits[1]
scw/0866/086600690010.001/swg.fits[1]
scw/0866/086600700010.001/swg.fits[1]
scw/0866/086600710010.001/swg.fits[1]
scw/0867/086700030010.001/swg.fits[1]
scw/0867/086700040010.001/swg.fits[1]
scw/0867/086700070010.001/swg.fits[1]
scw/0867/086700080010.001/swg.fits[1]
scw/0867/086700430010.001/swg.fits[1]
scw/0867/086700470010.001/swg.fits[1]
scw/0867/086700480010.001/swg.fits[1]
scw/0867/086700490010.001/swg.fits[1]
scw/0867/086700530010.001/swg.fits[1]
scw/0867/086700540010.001/swg.fits[1]
scw/0867/086700570010.001/swg.fits[1]
scw/0867/086700580010.001/swg.fits[1]
scw/2023/202300060010.001/swg.fits[1]
scw/2023/202300220010.001/swg.fits[1]
scw/2023/202300380010.001/swg.fits[1]
scw/2023/202300540010.001/swg.fits[1]
scw/2024/202400060010.001/swg.fits[1]
scw/2024/202400220010.001/swg.fits[1]
scw/2024/202400380010.001/swg.fits[1]
scw/2024/202400540010.001/swg.fits[1]
scw/2024/202400700010.001/swg.fits[1]
scw/2024/202400860010.001/swg.fits[1]
scw/2025/202500040010.001/swg.fits[1]
scw/2025/202500200010.001/swg.fits[1]
scw/2025/202500360010.001/swg.fits[1]
scw/2025/202500520010.001/swg.fits[1]
scw/2026/202600060010.001/swg.fits[1]
scw/2026/202600220010.001/swg.fits[1]
scw/2026/202600380010.001/swg.fits[1]
scw/2026/202600540010.001/swg.fits[1]
scw/2026/202600700010.001/swg.fits[1]
scw/2026/202600860010.001/swg.fits[1]
scw/2027/202700040010.001/swg.fits[1]
scw/2027/202700200010.001/swg.fits[1]
scw/2027/202700360010.001/swg.fits[1]
scw/2027/202700590010.001/swg.fits[1]
scw/2027/202700750010.001/swg.fits[1]
scw/2027/202700820010.001/swg.fits[1]
scw/2028/202800080010.001/swg.fits[1]
scw/2028/202800240010.001/swg.fits[1]
scw/2028/202800400010.001/swg.fits[1]
scw/2028/202800560010.001/swg.fits[1]
scw/2028/202800720010.001/swg.fits[1]
scw/2028/202800880010.001/swg.fits[1]
scw/2029/202900120010.001/swg.fits[1]
scw/2029/202900280010.001/swg.fits[1]
scw/2029/202900440010.001/swg.fits[1]
scw/2029/202900600010.001/swg.fits[1]
scw/2282/228200640010.001/swg.fits[1]
scw/2366/236600260010.001/swg.fits[1]
scw/2367/236700400010.001/swg.fits[1]
scw/2367/236700410010.001/swg.fits[1]
scw/2368/236800600010.001/swg.fits[1]
scw/2368/236800610010.001/swg.fits[1]
scw/2369/236900420010.001/swg.fits[1]
scw/2369/236900430010.001/swg.fits[1]
scw/2369/236900440010.001/swg.fits[1]
scw/2370/237000530010.001/swg.fits[1]
scw/2371/237100060010.001/swg.fits[1]
scw/2371/237100070010.001/swg.fits[1]
