scw/0031/003100050010.001/swg.fits[1]
scw/0051/005100750010.001/swg.fits[1]
scw/0070/007000040010.001/swg.fits[1]
scw/0079/007900090010.001/swg.fits[1]
scw/0087/008700110010.001/swg.fits[1]
scw/0092/009200110010.001/swg.fits[1]
scw/0153/015300100010.001/swg.fits[1]
scw/0162/016200180010.001/swg.fits[1]
scw/0177/017700320010.001/swg.fits[1]
scw/0189/018900080010.001/swg.fits[1]
scw/0210/021000090010.001/swg.fits[1]
scw/0245/024500090010.001/swg.fits[1]
scw/0249/024900080010.001/swg.fits[1]
scw/0263/026300060010.001/swg.fits[1]
scw/0269/026900080010.001/swg.fits[1]
scw/0282/028200160010.001/swg.fits[1]
scw/0286/028600320010.001/swg.fits[1]
scw/0311/031100130010.001/swg.fits[1]
scw/0332/033200060010.001/swg.fits[1]
scw/0379/037900410010.001/swg.fits[1]
scw/0435/043500030010.001/swg.fits[1]
scw/0441/044100610010.001/swg.fits[1]
scw/0447/044700500010.001/swg.fits[1]
scw/0452/045200090010.001/swg.fits[1]
scw/0510/051000170010.001/swg.fits[1]
scw/0510/051000180010.001/swg.fits[1]
scw/0510/051000190010.001/swg.fits[1]
scw/0510/051000240010.001/swg.fits[1]
scw/0510/051000250010.001/swg.fits[1]
scw/0510/051000260010.001/swg.fits[1]
scw/0510/051000280010.001/swg.fits[1]
scw/0510/051000290010.001/swg.fits[1]
scw/0510/051000340010.001/swg.fits[1]
scw/0510/051000350010.001/swg.fits[1]
scw/0510/051000680010.001/swg.fits[1]
scw/0510/051000690010.001/swg.fits[1]
scw/0510/051000740010.001/swg.fits[1]
scw/0510/051000750010.001/swg.fits[1]
scw/0510/051000780010.001/swg.fits[1]
scw/0510/051000790010.001/swg.fits[1]
scw/0510/051000840010.001/swg.fits[1]
scw/0511/051100310010.001/swg.fits[1]
scw/0511/051100320010.001/swg.fits[1]
scw/0511/051100390010.001/swg.fits[1]
scw/0511/051100400010.001/swg.fits[1]
scw/0511/051100420010.001/swg.fits[1]
scw/0511/051100430010.001/swg.fits[1]
scw/0511/051100480010.001/swg.fits[1]
scw/0511/051100490010.001/swg.fits[1]
scw/0511/051100820010.001/swg.fits[1]
scw/0512/051200040010.001/swg.fits[1]
scw/0512/051200050010.001/swg.fits[1]
scw/0512/051200080010.001/swg.fits[1]
scw/0512/051200090010.001/swg.fits[1]
scw/0512/051200140010.001/swg.fits[1]
scw/0512/051200150010.001/swg.fits[1]
scw/0512/051200160010.001/swg.fits[1]
scw/0512/051200190010.001/swg.fits[1]
scw/0512/051200470010.001/swg.fits[1]
scw/0512/051200480010.001/swg.fits[1]
scw/0512/051200490010.001/swg.fits[1]
scw/0512/051200540010.001/swg.fits[1]
scw/0512/051200550010.001/swg.fits[1]
scw/0512/051200560010.001/swg.fits[1]
scw/0512/051200570010.001/swg.fits[1]
scw/0512/051200580010.001/swg.fits[1]
scw/0512/051200590010.001/swg.fits[1]
scw/0512/051200640010.001/swg.fits[1]
scw/0512/051200650010.001/swg.fits[1]
scw/0512/051200660010.001/swg.fits[1]
scw/0513/051300130010.001/swg.fits[1]
scw/0513/051300220010.001/swg.fits[1]
scw/0513/051300230010.001/swg.fits[1]
scw/0513/051300280010.001/swg.fits[1]
scw/0513/051300290010.001/swg.fits[1]
scw/0513/051300300010.001/swg.fits[1]
scw/0513/051300310010.001/swg.fits[1]
scw/0513/051300320010.001/swg.fits[1]
scw/0513/051300390010.001/swg.fits[1]
scw/0513/051300400010.001/swg.fits[1]
scw/0513/051300720010.001/swg.fits[1]
scw/0513/051300730010.001/swg.fits[1]
scw/0513/051300780010.001/swg.fits[1]
scw/0513/051300790010.001/swg.fits[1]
scw/0513/051300800010.001/swg.fits[1]
scw/0513/051300820010.001/swg.fits[1]
scw/0513/051300830010.001/swg.fits[1]
scw/0514/051400030010.001/swg.fits[1]
scw/0514/051400040010.001/swg.fits[1]
scw/0515/051500080010.001/swg.fits[1]
scw/0515/051500090010.001/swg.fits[1]
scw/0515/051500150010.001/swg.fits[1]
scw/0515/051500160010.001/swg.fits[1]
scw/0515/051500170010.001/swg.fits[1]
scw/0515/051500190010.001/swg.fits[1]
scw/0515/051500200010.001/swg.fits[1]
scw/0515/051500210010.001/swg.fits[1]
scw/0515/051500250010.001/swg.fits[1]
scw/0515/051500260010.001/swg.fits[1]
scw/0516/051600270010.001/swg.fits[1]
scw/0516/051600280010.001/swg.fits[1]
scw/0517/051700040010.001/swg.fits[1]
scw/0517/051700050010.001/swg.fits[1]
scw/0517/051700060010.001/swg.fits[1]
scw/0517/051700090010.001/swg.fits[1]
scw/0517/051700100010.001/swg.fits[1]
scw/0517/051700110010.001/swg.fits[1]
scw/0517/051700150010.001/swg.fits[1]
scw/0519/051900160010.001/swg.fits[1]
scw/0519/051900200010.001/swg.fits[1]
scw/0520/052000020010.001/swg.fits[1]
scw/0520/052000070010.001/swg.fits[1]
scw/0520/052000080010.001/swg.fits[1]
scw/0520/052000110010.001/swg.fits[1]
scw/0520/052000120010.001/swg.fits[1]
scw/0520/052000130010.001/swg.fits[1]
scw/0520/052000170010.001/swg.fits[1]
scw/0520/052000180010.001/swg.fits[1]
scw/0553/055300430010.001/swg.fits[1]
scw/0553/055300440010.001/swg.fits[1]
scw/0553/055300450010.001/swg.fits[1]
scw/0553/055300460010.001/swg.fits[1]
scw/0553/055300650010.001/swg.fits[1]
scw/0553/055300730010.001/swg.fits[1]
scw/0553/055300740010.001/swg.fits[1]
scw/0553/055300750010.001/swg.fits[1]
scw/0557/055700160010.001/swg.fits[1]
scw/0557/055700230010.001/swg.fits[1]
scw/0557/055700240010.001/swg.fits[1]
scw/0557/055700250010.001/swg.fits[1]
scw/0557/055700260010.001/swg.fits[1]
scw/0557/055700530010.001/swg.fits[1]
scw/0557/055700540010.001/swg.fits[1]
scw/0557/055700550010.001/swg.fits[1]
scw/0557/055700560010.001/swg.fits[1]
scw/0557/055700630010.001/swg.fits[1]
scw/0557/055700740010.001/swg.fits[1]
scw/0557/055700750010.001/swg.fits[1]
scw/0557/055700760010.001/swg.fits[1]
scw/0558/055800610010.001/swg.fits[1]
scw/0558/055800620010.001/swg.fits[1]
scw/0558/055800630010.001/swg.fits[1]
scw/0558/055800700010.001/swg.fits[1]
scw/0558/055800710010.001/swg.fits[1]
scw/0559/055900090010.001/swg.fits[1]
scw/0559/055900150010.001/swg.fits[1]
scw/0559/055900160010.001/swg.fits[1]
scw/0559/055900170010.001/swg.fits[1]
scw/0559/055900220010.001/swg.fits[1]
scw/0559/055900230010.001/swg.fits[1]
scw/0559/055900500010.001/swg.fits[1]
scw/0559/055900510010.001/swg.fits[1]
scw/0559/055900520010.001/swg.fits[1]
scw/0559/055900530010.001/swg.fits[1]
scw/0559/055900630010.001/swg.fits[1]
scw/0559/055900700010.001/swg.fits[1]
scw/0559/055900710010.001/swg.fits[1]
scw/0559/055900720010.001/swg.fits[1]
scw/0559/055900730010.001/swg.fits[1]
scw/0563/056300420010.001/swg.fits[1]
scw/0563/056300430010.001/swg.fits[1]
scw/0563/056300440010.001/swg.fits[1]
scw/0563/056300450010.001/swg.fits[1]
scw/0563/056300520010.001/swg.fits[1]
