scw/0282/028200540010.001/swg.fits[1]
scw/0514/051400560010.001/swg.fits[1]
scw/0514/051400580010.001/swg.fits[1]
scw/0514/051400750010.001/swg.fits[1]
scw/0514/051400760010.001/swg.fits[1]
scw/0515/051500760010.001/swg.fits[1]
scw/0515/051500770010.001/swg.fits[1]
scw/0515/051500780010.001/swg.fits[1]
scw/0517/051700410010.001/swg.fits[1]
scw/0517/051700420010.001/swg.fits[1]
scw/0517/051700430010.001/swg.fits[1]
scw/0519/051900420010.001/swg.fits[1]
scw/0519/051900430010.001/swg.fits[1]
scw/0519/051900440010.001/swg.fits[1]
scw/0520/052000400010.001/swg.fits[1]
scw/0520/052000410010.001/swg.fits[1]
scw/0520/052000420010.001/swg.fits[1]
scw/0520/052000590010.001/swg.fits[1]
scw/0520/052000600010.001/swg.fits[1]
scw/0520/052000610010.001/swg.fits[1]
scw/0523/052300540010.001/swg.fits[1]
scw/0523/052300550010.001/swg.fits[1]
scw/0523/052300560010.001/swg.fits[1]
scw/0523/052300730010.001/swg.fits[1]
scw/0523/052300740010.001/swg.fits[1]
scw/0523/052300750010.001/swg.fits[1]
scw/0523/052300840010.001/swg.fits[1]
scw/0523/052300850010.001/swg.fits[1]
scw/0523/052300860010.001/swg.fits[1]
scw/0531/053100650010.001/swg.fits[1]
scw/0531/053100660010.001/swg.fits[1]
scw/0531/053100670010.001/swg.fits[1]
scw/0575/057500590010.001/swg.fits[1]
scw/0575/057500600010.001/swg.fits[1]
scw/0575/057500610010.001/swg.fits[1]
scw/0575/057500780010.001/swg.fits[1]
scw/0575/057500790010.001/swg.fits[1]
scw/0575/057500800010.001/swg.fits[1]
scw/0575/057500890010.001/swg.fits[1]
scw/0575/057500900010.001/swg.fits[1]
scw/0575/057500910010.001/swg.fits[1]
scw/0576/057600570010.001/swg.fits[1]
scw/0576/057600580010.001/swg.fits[1]
scw/0576/057600590010.001/swg.fits[1]
scw/0576/057600760010.001/swg.fits[1]
scw/0576/057600770010.001/swg.fits[1]
scw/0576/057600780010.001/swg.fits[1]
scw/0577/057700560010.001/swg.fits[1]
scw/0577/057700570010.001/swg.fits[1]
scw/0577/057700580010.001/swg.fits[1]
scw/0577/057700750010.001/swg.fits[1]
scw/0577/057700760010.001/swg.fits[1]
scw/0577/057700880010.001/swg.fits[1]
scw/0577/057700890010.001/swg.fits[1]
scw/0579/057900570010.001/swg.fits[1]
scw/0579/057900580010.001/swg.fits[1]
scw/0579/057900750010.001/swg.fits[1]
scw/0579/057900770010.001/swg.fits[1]
scw/0579/057900910010.001/swg.fits[1]
scw/0580/058000590010.001/swg.fits[1]
scw/0580/058000610010.001/swg.fits[1]
scw/0585/058500600010.001/swg.fits[1]
scw/0585/058500770010.001/swg.fits[1]
scw/0585/058500780010.001/swg.fits[1]
scw/0585/058500880010.001/swg.fits[1]
scw/0585/058500900010.001/swg.fits[1]
scw/0586/058600580010.001/swg.fits[1]
scw/0586/058600590010.001/swg.fits[1]
scw/0586/058600760010.001/swg.fits[1]
scw/0586/058600770010.001/swg.fits[1]
scw/0586/058600900010.001/swg.fits[1]
scw/0586/058600910010.001/swg.fits[1]
scw/0587/058700570010.001/swg.fits[1]
scw/0587/058700580010.001/swg.fits[1]
scw/0587/058700760010.001/swg.fits[1]
scw/0587/058700770010.001/swg.fits[1]
scw/0588/058800560010.001/swg.fits[1]
scw/0588/058800740010.001/swg.fits[1]
scw/0588/058800750010.001/swg.fits[1]
scw/0647/064700640010.001/swg.fits[1]
scw/0647/064700650010.001/swg.fits[1]
scw/0647/064700670010.001/swg.fits[1]
scw/0648/064800630010.001/swg.fits[1]
scw/0648/064800640010.001/swg.fits[1]
scw/0648/064800650010.001/swg.fits[1]
scw/0648/064800820010.001/swg.fits[1]
scw/0648/064800830010.001/swg.fits[1]
scw/0648/064800840010.001/swg.fits[1]
scw/0651/065100620010.001/swg.fits[1]
scw/0651/065100640010.001/swg.fits[1]
scw/0651/065100650010.001/swg.fits[1]
scw/0651/065100960010.001/swg.fits[1]
scw/0651/065100970010.001/swg.fits[1]
scw/0651/065100980010.001/swg.fits[1]
scw/0703/070300630010.001/swg.fits[1]
scw/0703/070300640010.001/swg.fits[1]
scw/0703/070300830010.001/swg.fits[1]
scw/0703/070300850010.001/swg.fits[1]
scw/0704/070400810010.001/swg.fits[1]
scw/0704/070400820010.001/swg.fits[1]
scw/0705/070500670010.001/swg.fits[1]
scw/0705/070500680010.001/swg.fits[1]
scw/2199/219900300010.001/swg.fits[1]
scw/2363/236300330010.001/swg.fits[1]
scw/2363/236300420010.001/swg.fits[1]
scw/2408/240800100010.001/swg.fits[1]
scw/2408/240800110010.001/swg.fits[1]
scw/2408/240800120010.001/swg.fits[1]
scw/2408/240800200010.001/swg.fits[1]
scw/2412/241200340010.001/swg.fits[1]
scw/2412/241200350010.001/swg.fits[1]
scw/2412/241200360010.001/swg.fits[1]
scw/2412/241200440010.001/swg.fits[1]
scw/2413/241300190010.001/swg.fits[1]
scw/2426/242600540010.001/swg.fits[1]
