scw/0066/006600060010.001/swg.fits[1]
scw/0071/007100020010.001/swg.fits[1]
scw/0186/018600880010.001/swg.fits[1]
scw/0194/019400050010.001/swg.fits[1]
scw/0256/025600050010.001/swg.fits[1]
scw/0308/030800090010.001/swg.fits[1]
scw/0372/037200140010.001/swg.fits[1]
scw/0380/038000040010.001/swg.fits[1]
scw/0618/061800090010.001/swg.fits[1]
scw/0618/061800100010.001/swg.fits[1]
scw/0618/061800110010.001/swg.fits[1]
scw/0618/061800130010.001/swg.fits[1]
scw/0618/061800140010.001/swg.fits[1]
scw/0618/061800430010.001/swg.fits[1]
scw/0618/061800440010.001/swg.fits[1]
scw/0618/061800470010.001/swg.fits[1]
scw/0618/061800480010.001/swg.fits[1]
scw/0618/061800490010.001/swg.fits[1]
scw/0618/061800530010.001/swg.fits[1]
scw/0619/061900020010.001/swg.fits[1]
scw/0619/061900030010.001/swg.fits[1]
scw/0619/061900080010.001/swg.fits[1]
scw/0619/061900090010.001/swg.fits[1]
scw/0619/061900100010.001/swg.fits[1]
scw/0619/061900120010.001/swg.fits[1]
scw/0619/061900550010.001/swg.fits[1]
scw/0619/061900560010.001/swg.fits[1]
scw/0619/061900570010.001/swg.fits[1]
scw/0619/061900610010.001/swg.fits[1]
scw/0620/062000020010.001/swg.fits[1]
scw/0620/062000110010.001/swg.fits[1]
scw/0620/062000120010.001/swg.fits[1]
scw/0620/062000130010.001/swg.fits[1]
scw/0620/062000140010.001/swg.fits[1]
scw/0620/062000150010.001/swg.fits[1]
scw/0620/062000160010.001/swg.fits[1]
scw/0620/062000220010.001/swg.fits[1]
scw/0620/062000420010.001/swg.fits[1]
scw/0620/062000440010.001/swg.fits[1]
scw/0620/062000450010.001/swg.fits[1]
scw/0620/062000460010.001/swg.fits[1]
scw/0620/062000520010.001/swg.fits[1]
scw/0620/062000550010.001/swg.fits[1]
scw/0675/067500050010.001/swg.fits[1]
scw/0675/067500070010.001/swg.fits[1]
scw/0675/067500080010.001/swg.fits[1]
scw/0675/067500090010.001/swg.fits[1]
scw/0675/067500140010.001/swg.fits[1]
scw/0675/067500150010.001/swg.fits[1]
scw/0675/067500190010.001/swg.fits[1]
scw/0676/067600050010.001/swg.fits[1]
scw/0676/067600060010.001/swg.fits[1]
scw/0676/067600090010.001/swg.fits[1]
scw/0676/067600100010.001/swg.fits[1]
scw/0676/067600350010.001/swg.fits[1]
scw/0676/067600360010.001/swg.fits[1]
scw/0676/067600380010.001/swg.fits[1]
scw/0676/067600390010.001/swg.fits[1]
scw/0676/067600400010.001/swg.fits[1]
scw/0676/067600490010.001/swg.fits[1]
scw/0676/067600550010.001/swg.fits[1]
scw/0676/067600560010.001/swg.fits[1]
scw/0676/067600570010.001/swg.fits[1]
scw/0676/067600590010.001/swg.fits[1]
scw/0677/067700510010.001/swg.fits[1]
scw/0677/067700520010.001/swg.fits[1]
scw/0677/067700540010.001/swg.fits[1]
scw/0677/067700550010.001/swg.fits[1]
scw/0677/067700560010.001/swg.fits[1]
scw/0677/067700610010.001/swg.fits[1]
scw/0678/067800050010.001/swg.fits[1]
scw/0678/067800060010.001/swg.fits[1]
scw/0678/067800090010.001/swg.fits[1]
scw/0678/067800100010.001/swg.fits[1]
scw/0918/091800560010.001/swg.fits[1]
scw/0918/091800570010.001/swg.fits[1]
scw/0918/091800660010.001/swg.fits[1]
scw/0918/091800670010.001/swg.fits[1]
scw/0919/091900560010.001/swg.fits[1]
scw/0919/091900570010.001/swg.fits[1]
scw/0919/091900580010.001/swg.fits[1]
scw/0919/091900670010.001/swg.fits[1]
scw/0919/091900680010.001/swg.fits[1]
scw/0919/091900690010.001/swg.fits[1]
scw/0919/091900760010.001/swg.fits[1]
scw/0919/091900770010.001/swg.fits[1]
scw/0919/091900780010.001/swg.fits[1]
scw/0919/091900870010.001/swg.fits[1]
scw/0919/091900880010.001/swg.fits[1]
scw/0919/091900970010.001/swg.fits[1]
scw/0919/091900980010.001/swg.fits[1]
scw/0920/092000620010.001/swg.fits[1]
scw/0920/092000630010.001/swg.fits[1]
scw/0920/092000640010.001/swg.fits[1]
scw/0920/092000720010.001/swg.fits[1]
scw/0920/092000730010.001/swg.fits[1]
scw/0920/092000820010.001/swg.fits[1]
scw/0920/092000830010.001/swg.fits[1]
scw/0920/092000920010.001/swg.fits[1]
scw/0920/092000930010.001/swg.fits[1]
scw/0920/092001020010.001/swg.fits[1]
scw/0920/092001030010.001/swg.fits[1]
scw/0921/092100690010.001/swg.fits[1]
scw/0921/092100700010.001/swg.fits[1]
scw/0921/092100790010.001/swg.fits[1]
scw/0921/092100800010.001/swg.fits[1]
scw/0921/092100890010.001/swg.fits[1]
scw/0921/092100900010.001/swg.fits[1]
scw/0921/092100990010.001/swg.fits[1]
scw/0921/092101000010.001/swg.fits[1]
scw/0922/092200520010.001/swg.fits[1]
scw/0922/092200530010.001/swg.fits[1]
scw/0922/092200620010.001/swg.fits[1]
scw/0922/092200630010.001/swg.fits[1]
scw/0922/092200820010.001/swg.fits[1]
scw/0922/092200830010.001/swg.fits[1]
scw/0922/092200920010.001/swg.fits[1]
scw/0922/092200930010.001/swg.fits[1]
scw/0922/092201020010.001/swg.fits[1]
scw/0922/092201030010.001/swg.fits[1]
scw/0923/092300690010.001/swg.fits[1]
scw/0923/092300700010.001/swg.fits[1]
scw/0923/092300790010.001/swg.fits[1]
scw/0923/092300800010.001/swg.fits[1]
scw/0923/092300990010.001/swg.fits[1]
scw/0923/092301000010.001/swg.fits[1]
scw/0924/092400480010.001/swg.fits[1]
scw/0924/092400490010.001/swg.fits[1]
scw/0924/092400980010.001/swg.fits[1]
scw/0924/092400990010.001/swg.fits[1]
scw/0924/092401000010.001/swg.fits[1]
scw/0978/097800710010.001/swg.fits[1]
scw/0978/097800720010.001/swg.fits[1]
scw/0979/097900190010.001/swg.fits[1]
scw/0979/097900200010.001/swg.fits[1]
scw/0979/097900210010.001/swg.fits[1]
scw/0979/097900290010.001/swg.fits[1]
scw/0979/097900300010.001/swg.fits[1]
scw/0979/097900390010.001/swg.fits[1]
scw/0979/097900400010.001/swg.fits[1]
scw/0979/097901090010.001/swg.fits[1]
scw/0979/097901100010.001/swg.fits[1]
scw/0980/098000270010.001/swg.fits[1]
scw/0980/098000280010.001/swg.fits[1]
scw/0980/098000470010.001/swg.fits[1]
scw/0980/098000480010.001/swg.fits[1]
scw/0980/098000560010.001/swg.fits[1]
scw/0980/098000570010.001/swg.fits[1]
scw/0980/098000580010.001/swg.fits[1]
scw/0982/098200200010.001/swg.fits[1]
scw/0982/098200210010.001/swg.fits[1]
scw/0982/098200220010.001/swg.fits[1]
scw/0982/098200300010.001/swg.fits[1]
scw/0982/098200310010.001/swg.fits[1]
scw/1048/104801020010.001/swg.fits[1]
scw/1114/111400590010.001/swg.fits[1]
scw/1115/111500580010.001/swg.fits[1]
scw/1116/111600410010.001/swg.fits[1]
scw/1298/129800810010.001/swg.fits[1]
scw/1298/129800980010.001/swg.fits[1]
scw/1472/147200260010.001/swg.fits[1]
scw/1478/147800640010.001/swg.fits[1]
scw/1478/147800670010.001/swg.fits[1]
scw/1479/147900280010.001/swg.fits[1]
scw/1479/147900350010.001/swg.fits[1]
scw/2214/221400060010.001/swg.fits[1]
scw/2271/227100560010.001/swg.fits[1]
scw/2290/229000630010.001/swg.fits[1]
scw/2290/229000670010.001/swg.fits[1]
scw/2290/229000680010.001/swg.fits[1]
scw/2290/229000690010.001/swg.fits[1]
scw/2290/229000730010.001/swg.fits[1]
scw/2294/229400030010.001/swg.fits[1]
scw/2294/229400040010.001/swg.fits[1]
scw/2294/229400050010.001/swg.fits[1]
scw/2294/229400080010.001/swg.fits[1]
scw/2294/229400090010.001/swg.fits[1]
scw/2428/242800050010.001/swg.fits[1]
scw/2428/242800060010.001/swg.fits[1]
scw/2428/242800070010.001/swg.fits[1]
scw/2428/242800080010.001/swg.fits[1]
scw/2433/243300430010.001/swg.fits[1]
scw/2433/243300440010.001/swg.fits[1]
scw/2436/243600460010.001/swg.fits[1]
scw/2436/243600470010.001/swg.fits[1]
scw/2436/243600540010.001/swg.fits[1]
scw/2436/243600550010.001/swg.fits[1]
scw/2442/244200510010.001/swg.fits[1]
