scw/0938/093800450010.001/swg.fits[1]
scw/0938/093800550010.001/swg.fits[1]
scw/0938/093800590010.001/swg.fits[1]
scw/0938/093800600010.001/swg.fits[1]
scw/0938/093800610010.001/swg.fits[1]
scw/0938/093800690010.001/swg.fits[1]
scw/0938/093800730010.001/swg.fits[1]
scw/0938/093800740010.001/swg.fits[1]
scw/0938/093800800010.001/swg.fits[1]
scw/0938/093800870010.001/swg.fits[1]
scw/0983/098300110010.001/swg.fits[1]
scw/0983/098300120010.001/swg.fits[1]
scw/0983/098300190010.001/swg.fits[1]
scw/0983/098300200010.001/swg.fits[1]
scw/0983/098300790010.001/swg.fits[1]
scw/0983/098300800010.001/swg.fits[1]
scw/0983/098300860010.001/swg.fits[1]
scw/0983/098300870010.001/swg.fits[1]
scw/0985/098500260010.001/swg.fits[1]
scw/0985/098500270010.001/swg.fits[1]
scw/0985/098500410010.001/swg.fits[1]
scw/0986/098600720010.001/swg.fits[1]
scw/0986/098600730010.001/swg.fits[1]
scw/0986/098600790010.001/swg.fits[1]
scw/0986/098600800010.001/swg.fits[1]
scw/0987/098700050010.001/swg.fits[1]
scw/0987/098700070010.001/swg.fits[1]
scw/0987/098700130010.001/swg.fits[1]
scw/0987/098700140010.001/swg.fits[1]
scw/0988/098800840010.001/swg.fits[1]
scw/0988/098800860010.001/swg.fits[1]
scw/0988/098800910010.001/swg.fits[1]
scw/0988/098800910020.001/swg.fits[1]
scw/0989/098900020010.001/swg.fits[1]
scw/0989/098900750010.001/swg.fits[1]
scw/0989/098900770010.001/swg.fits[1]
scw/0989/098900780010.001/swg.fits[1]
scw/0989/098900960010.001/swg.fits[1]
scw/0989/098900970010.001/swg.fits[1]
scw/0989/098900980010.001/swg.fits[1]
scw/0992/099200050010.001/swg.fits[1]
scw/0992/099200060010.001/swg.fits[1]
scw/0992/099200070010.001/swg.fits[1]
scw/0992/099200230010.001/swg.fits[1]
scw/0992/099200240010.001/swg.fits[1]
scw/0992/099200250010.001/swg.fits[1]
scw/0993/099300030010.001/swg.fits[1]
scw/0993/099300040010.001/swg.fits[1]
scw/0993/099300100010.001/swg.fits[1]
scw/0993/099300110010.001/swg.fits[1]
scw/0993/099300170010.001/swg.fits[1]
scw/0993/099300180010.001/swg.fits[1]
scw/0993/099300240010.001/swg.fits[1]
scw/0993/099300310010.001/swg.fits[1]
scw/0993/099300550010.001/swg.fits[1]
scw/0993/099300560010.001/swg.fits[1]
scw/0993/099300690010.001/swg.fits[1]
scw/0993/099300700010.001/swg.fits[1]
scw/0993/099300740010.001/swg.fits[1]
scw/0993/099300760010.001/swg.fits[1]
scw/0994/099400040010.001/swg.fits[1]
scw/0994/099400200010.001/swg.fits[1]
scw/0994/099400210010.001/swg.fits[1]
scw/0994/099400220010.001/swg.fits[1]
scw/0994/099400960010.001/swg.fits[1]
scw/0995/099500040010.001/swg.fits[1]
scw/0995/099500200010.001/swg.fits[1]
scw/0995/099500210010.001/swg.fits[1]
scw/0995/099500260010.001/swg.fits[1]
scw/0995/099500270010.001/swg.fits[1]
scw/0995/099500420010.001/swg.fits[1]
scw/0995/099500430010.001/swg.fits[1]
scw/0996/099600270010.001/swg.fits[1]
scw/0996/099600290010.001/swg.fits[1]
scw/0996/099600440010.001/swg.fits[1]
scw/0996/099600450010.001/swg.fits[1]
scw/0996/099600490010.001/swg.fits[1]
scw/0996/099600500010.001/swg.fits[1]
scw/0996/099600510010.001/swg.fits[1]
scw/0996/099600650010.001/swg.fits[1]
scw/0996/099600660010.001/swg.fits[1]
scw/0996/099600680010.001/swg.fits[1]
scw/0996/099600690010.001/swg.fits[1]
scw/0998/099800260010.001/swg.fits[1]
scw/0998/099800310010.001/swg.fits[1]
scw/0998/099800550010.001/swg.fits[1]
scw/0998/099800600010.001/swg.fits[1]
scw/1031/103100350010.001/swg.fits[1]
scw/1031/103100360010.001/swg.fits[1]
scw/1031/103100470010.001/swg.fits[1]
scw/1031/103100490010.001/swg.fits[1]
scw/1031/103100500010.001/swg.fits[1]
scw/1031/103100510010.001/swg.fits[1]
scw/1031/103100520010.001/swg.fits[1]
scw/1031/103100640010.001/swg.fits[1]
scw/1031/103100650010.001/swg.fits[1]
scw/1031/103100710010.001/swg.fits[1]
scw/1031/103100720010.001/swg.fits[1]
scw/1031/103100750010.001/swg.fits[1]
scw/1031/103100780010.001/swg.fits[1]
scw/1031/103100790010.001/swg.fits[1]
scw/1031/103100800010.001/swg.fits[1]
scw/1031/103100820010.001/swg.fits[1]
scw/1031/103100860010.001/swg.fits[1]
scw/1031/103100870010.001/swg.fits[1]
scw/1037/103700500010.001/swg.fits[1]
scw/1037/103700510010.001/swg.fits[1]
scw/1037/103700580010.001/swg.fits[1]
scw/1037/103700690010.001/swg.fits[1]
scw/1037/103700710010.001/swg.fits[1]
scw/1037/103700720010.001/swg.fits[1]
scw/1037/103700730010.001/swg.fits[1]
scw/1037/103700740010.001/swg.fits[1]
scw/1037/103700840010.001/swg.fits[1]
scw/1037/103700860010.001/swg.fits[1]
scw/1037/103700870010.001/swg.fits[1]
scw/1037/103700880010.001/swg.fits[1]
scw/1037/103700940010.001/swg.fits[1]
scw/1037/103700990010.001/swg.fits[1]
scw/1037/103701020010.001/swg.fits[1]
scw/1037/103701030010.001/swg.fits[1]
scw/1037/103701040010.001/swg.fits[1]
scw/1048/104800390010.001/swg.fits[1]
scw/1049/104900920010.001/swg.fits[1]
scw/1050/105000450010.001/swg.fits[1]
scw/1051/105100140010.001/swg.fits[1]
scw/1052/105200180010.001/swg.fits[1]
scw/1052/105200210010.001/swg.fits[1]
scw/1052/105200220010.001/swg.fits[1]
scw/1052/105200230010.001/swg.fits[1]
scw/1052/105200240010.001/swg.fits[1]
scw/1052/105200350010.001/swg.fits[1]
scw/1052/105200360010.001/swg.fits[1]
scw/1052/105200370010.001/swg.fits[1]
scw/1052/105200430010.001/swg.fits[1]
scw/1052/105200520010.001/swg.fits[1]
scw/1052/105200720010.001/swg.fits[1]
scw/1052/105200730010.001/swg.fits[1]
scw/1053/105300090010.001/swg.fits[1]
scw/1054/105400090010.001/swg.fits[1]
scw/1056/105600090010.001/swg.fits[1]
scw/1056/105600610010.001/swg.fits[1]
scw/1056/105600740010.001/swg.fits[1]
scw/1058/105800100010.001/swg.fits[1]
scw/1059/105900170010.001/swg.fits[1]
scw/1114/111400060010.001/swg.fits[1]
scw/1119/111900190010.001/swg.fits[1]
scw/1119/111900240010.001/swg.fits[1]
scw/1119/111900260010.001/swg.fits[1]
scw/1119/111900470010.001/swg.fits[1]
scw/1119/111900480010.001/swg.fits[1]
scw/1119/111900540010.001/swg.fits[1]
scw/1119/111900550010.001/swg.fits[1]
scw/1119/111900620010.001/swg.fits[1]
scw/1120/112000100010.001/swg.fits[1]
scw/1122/112200150010.001/swg.fits[1]
scw/1122/112200160010.001/swg.fits[1]
scw/1122/112200170010.001/swg.fits[1]
scw/1122/112200230010.001/swg.fits[1]
scw/1122/112200300010.001/swg.fits[1]
scw/1122/112200350010.001/swg.fits[1]
scw/1122/112200370010.001/swg.fits[1]
scw/1122/112200380010.001/swg.fits[1]
scw/1122/112200420010.001/swg.fits[1]
scw/1122/112200440010.001/swg.fits[1]
scw/1122/112200450010.001/swg.fits[1]
scw/1122/112200490010.001/swg.fits[1]
scw/1122/112200510010.001/swg.fits[1]
scw/1122/112200590010.001/swg.fits[1]
scw/1122/112200640010.001/swg.fits[1]
scw/1122/112200660010.001/swg.fits[1]
scw/1126/112600130010.001/swg.fits[1]
scw/1140/114000020010.001/swg.fits[1]
scw/1161/116100350010.001/swg.fits[1]
scw/1161/116100400010.001/swg.fits[1]
scw/1161/116100410010.001/swg.fits[1]
scw/1161/116100430010.001/swg.fits[1]
scw/1161/116100470010.001/swg.fits[1]
scw/1161/116100480010.001/swg.fits[1]
scw/1161/116100580010.001/swg.fits[1]
scw/1161/116100620010.001/swg.fits[1]
scw/1161/116100630010.001/swg.fits[1]
scw/1161/116100700010.001/swg.fits[1]
scw/1161/116100720010.001/swg.fits[1]
scw/1161/116100760010.001/swg.fits[1]
scw/1161/116100770010.001/swg.fits[1]
scw/1161/116100840010.001/swg.fits[1]
scw/1171/117100140010.001/swg.fits[1]
scw/1172/117200210010.001/swg.fits[1]
scw/1174/117400270010.001/swg.fits[1]
scw/1174/117400310010.001/swg.fits[1]
scw/1174/117400320010.001/swg.fits[1]
scw/1174/117400400010.001/swg.fits[1]
scw/1174/117400460010.001/swg.fits[1]
scw/1174/117400470010.001/swg.fits[1]
scw/1174/117400530010.001/swg.fits[1]
scw/1174/117400540010.001/swg.fits[1]
scw/1174/117400560010.001/swg.fits[1]
scw/1174/117400610010.001/swg.fits[1]
scw/1174/117400760010.001/swg.fits[1]
scw/1178/117800160010.001/swg.fits[1]
scw/1178/117800350010.001/swg.fits[1]
scw/1178/117800400010.001/swg.fits[1]
scw/1178/117800410010.001/swg.fits[1]
scw/1178/117800470010.001/swg.fits[1]
scw/1178/117800480010.001/swg.fits[1]
scw/1180/118000120010.001/swg.fits[1]
scw/1182/118200180010.001/swg.fits[1]
scw/1183/118300460010.001/swg.fits[1]
scw/1183/118300480010.001/swg.fits[1]
scw/1183/118300530010.001/swg.fits[1]
scw/1183/118300540010.001/swg.fits[1]
scw/1183/118300550010.001/swg.fits[1]
scw/1183/118300560010.001/swg.fits[1]
scw/1183/118300590010.001/swg.fits[1]
scw/1183/118300600010.001/swg.fits[1]
scw/1183/118300610010.001/swg.fits[1]
scw/1183/118300620010.001/swg.fits[1]
scw/1183/118300660010.001/swg.fits[1]
scw/1183/118300670010.001/swg.fits[1]
scw/1183/118300680010.001/swg.fits[1]
scw/1183/118300690010.001/swg.fits[1]
scw/1183/118300700010.001/swg.fits[1]
scw/1183/118300730010.001/swg.fits[1]
scw/1183/118300740010.001/swg.fits[1]
scw/1183/118300760010.001/swg.fits[1]
