scw/0047/004700120010.001/swg.fits[1]
scw/0177/017700250010.001/swg.fits[1]
scw/0210/021000020010.001/swg.fits[1]
scw/0234/023400120010.001/swg.fits[1]
scw/0286/028600250010.001/swg.fits[1]
scw/0969/096900170010.001/swg.fits[1]
scw/0969/096900260010.001/swg.fits[1]
scw/0969/096900270010.001/swg.fits[1]
scw/0969/096900360010.001/swg.fits[1]
scw/0969/096900670010.001/swg.fits[1]
scw/0970/097000430010.001/swg.fits[1]
scw/0970/097000520010.001/swg.fits[1]
scw/0970/097000530010.001/swg.fits[1]
scw/0970/097000620010.001/swg.fits[1]
scw/0971/097100240010.001/swg.fits[1]
scw/0971/097100330010.001/swg.fits[1]
scw/1125/112500600010.001/swg.fits[1]
scw/1128/112800360010.001/swg.fits[1]
scw/1130/113000430010.001/swg.fits[1]
scw/1141/114100130010.001/swg.fits[1]
scw/1150/115000830010.001/swg.fits[1]
scw/1150/115000840010.001/swg.fits[1]
scw/1150/115001010010.001/swg.fits[1]
scw/1150/115001020010.001/swg.fits[1]
scw/1150/115001030010.001/swg.fits[1]
scw/1150/115001040010.001/swg.fits[1]
scw/1189/118900120010.001/swg.fits[1]
scw/1199/119900510010.001/swg.fits[1]
scw/1199/119900520010.001/swg.fits[1]
scw/1199/119900530010.001/swg.fits[1]
scw/1199/119900540010.001/swg.fits[1]
scw/1200/120000150010.001/swg.fits[1]
scw/1200/120000160010.001/swg.fits[1]
scw/1200/120000330010.001/swg.fits[1]
scw/1200/120000340010.001/swg.fits[1]
scw/1200/120000350010.001/swg.fits[1]
scw/1200/120000360010.001/swg.fits[1]
scw/1200/120000530010.001/swg.fits[1]
scw/1200/120000540010.001/swg.fits[1]
scw/1200/120000550010.001/swg.fits[1]
scw/1200/120000560010.001/swg.fits[1]
scw/1201/120100810010.001/swg.fits[1]
scw/1201/120100820010.001/swg.fits[1]
scw/1201/120101000010.001/swg.fits[1]
scw/1202/120200580010.001/swg.fits[1]
scw/1202/120200590010.001/swg.fits[1]
scw/1202/120200760010.001/swg.fits[1]
scw/1202/120200770010.001/swg.fits[1]
scw/1202/120200970010.001/swg.fits[1]
scw/1202/120200980010.001/swg.fits[1]
scw/1204/120400530010.001/swg.fits[1]
scw/1204/120400540010.001/swg.fits[1]
scw/1204/120400730010.001/swg.fits[1]
scw/1204/120400740010.001/swg.fits[1]
scw/1204/120400930010.001/swg.fits[1]
scw/1205/120500820010.001/swg.fits[1]
scw/1205/120500830010.001/swg.fits[1]
scw/1205/120501020010.001/swg.fits[1]
scw/1206/120600250010.001/swg.fits[1]
scw/1207/120700610010.001/swg.fits[1]
scw/1207/120700800010.001/swg.fits[1]
scw/1207/120701000010.001/swg.fits[1]
scw/1207/120701010010.001/swg.fits[1]
scw/1212/121200680010.001/swg.fits[1]
scw/1254/125400540010.001/swg.fits[1]
scw/1254/125400550010.001/swg.fits[1]
scw/1254/125400560010.001/swg.fits[1]
scw/1254/125400570010.001/swg.fits[1]
scw/1254/125400740010.001/swg.fits[1]
scw/1254/125400750010.001/swg.fits[1]
scw/1255/125500160010.001/swg.fits[1]
scw/1255/125500170010.001/swg.fits[1]
scw/1261/126100030010.001/swg.fits[1]
scw/1261/126100040010.001/swg.fits[1]
scw/1261/126100210010.001/swg.fits[1]
scw/1261/126100220010.001/swg.fits[1]
scw/1261/126100230010.001/swg.fits[1]
scw/1261/126100240010.001/swg.fits[1]
scw/1261/126100610010.001/swg.fits[1]
scw/1261/126100620010.001/swg.fits[1]
scw/1317/131700060010.001/swg.fits[1]
scw/1317/131700270010.001/swg.fits[1]
scw/1375/137500640010.001/swg.fits[1]
scw/1375/137500690010.001/swg.fits[1]
scw/1376/137600640010.001/swg.fits[1]
scw/1376/137600690010.001/swg.fits[1]
scw/1377/137700750010.001/swg.fits[1]
scw/2321/232100210010.001/swg.fits[1]
scw/2321/232100220010.001/swg.fits[1]
scw/2321/232100260010.001/swg.fits[1]
scw/2321/232100270010.001/swg.fits[1]
scw/2321/232100280010.001/swg.fits[1]
scw/2321/232100310010.001/swg.fits[1]
scw/2321/232100320010.001/swg.fits[1]
scw/2323/232300810010.001/swg.fits[1]
scw/2323/232300820010.001/swg.fits[1]
scw/2323/232300830010.001/swg.fits[1]
scw/2323/232300840010.001/swg.fits[1]
scw/2323/232300850010.001/swg.fits[1]
scw/2323/232300910010.001/swg.fits[1]
scw/2323/232300920010.001/swg.fits[1]
