scw/1419/141900310010.001/swg.fits[1]
scw/1419/141900810010.001/swg.fits[1]
scw/1420/142000150010.001/swg.fits[1]
scw/1420/142000160010.001/swg.fits[1]
scw/1420/142000240010.001/swg.fits[1]
scw/1420/142000730010.001/swg.fits[1]
scw/1420/142000740010.001/swg.fits[1]
scw/1420/142000750010.001/swg.fits[1]
scw/1421/142100090010.001/swg.fits[1]
scw/1421/142100100010.001/swg.fits[1]
scw/1421/142100170010.001/swg.fits[1]
scw/1421/142100180010.001/swg.fits[1]
scw/1421/142100580010.001/swg.fits[1]
scw/1421/142100590010.001/swg.fits[1]
scw/1421/142100600010.001/swg.fits[1]
scw/1421/142100670010.001/swg.fits[1]
scw/1421/142100680010.001/swg.fits[1]
scw/1422/142200030010.001/swg.fits[1]
scw/1422/142200040010.001/swg.fits[1]
scw/1422/142200120010.001/swg.fits[1]
scw/1422/142200520010.001/swg.fits[1]
scw/1422/142200530010.001/swg.fits[1]
scw/1422/142200540010.001/swg.fits[1]
scw/1422/142200620010.001/swg.fits[1]
scw/1422/142201030010.001/swg.fits[1]
scw/1423/142300060010.001/swg.fits[1]
scw/1423/142300460010.001/swg.fits[1]
scw/1423/142300470010.001/swg.fits[1]
scw/1423/142300560010.001/swg.fits[1]
scw/1423/142300570010.001/swg.fits[1]
scw/1423/142300970010.001/swg.fits[1]
scw/1423/142301050010.001/swg.fits[1]
scw/1424/142400010010.001/swg.fits[1]
scw/1424/142400020010.001/swg.fits[1]
scw/1424/142400420010.001/swg.fits[1]
scw/1424/142400510010.001/swg.fits[1]
scw/1424/142400520010.001/swg.fits[1]
scw/1424/142400920010.001/swg.fits[1]
scw/1424/142400930010.001/swg.fits[1]
scw/1424/142401010010.001/swg.fits[1]
scw/1425/142500360010.001/swg.fits[1]
scw/1425/142500450010.001/swg.fits[1]
scw/1425/142500460010.001/swg.fits[1]
scw/1425/142500860010.001/swg.fits[1]
scw/1425/142500950010.001/swg.fits[1]
scw/1425/142500960010.001/swg.fits[1]
scw/1426/142600300010.001/swg.fits[1]
scw/1426/142600380010.001/swg.fits[1]
scw/1426/142600390010.001/swg.fits[1]
scw/1426/142600400010.001/swg.fits[1]
scw/1426/142600790010.001/swg.fits[1]
scw/1426/142600900010.001/swg.fits[1]
scw/1427/142700230010.001/swg.fits[1]
scw/1427/142700330010.001/swg.fits[1]
scw/1427/142700730010.001/swg.fits[1]
scw/1427/142700740010.001/swg.fits[1]
scw/1427/142700840010.001/swg.fits[1]
scw/1428/142800170010.001/swg.fits[1]
scw/1428/142800270010.001/swg.fits[1]
scw/1428/142800670010.001/swg.fits[1]
scw/1428/142800680010.001/swg.fits[1]
scw/1428/142800770010.001/swg.fits[1]
scw/1428/142800780010.001/swg.fits[1]
scw/1674/167400470010.001/swg.fits[1]
scw/1675/167500060010.001/swg.fits[1]
scw/1675/167500460010.001/swg.fits[1]
scw/1676/167600480010.001/swg.fits[1]
scw/1676/167600480020.001/swg.fits[1]
scw/1680/168000500010.001/swg.fits[1]
scw/1681/168100460010.001/swg.fits[1]
scw/2157/215700820010.001/swg.fits[1]
scw/2162/216200250010.001/swg.fits[1]
scw/2162/216200330010.001/swg.fits[1]
scw/2163/216300160010.001/swg.fits[1]
scw/2164/216400140010.001/swg.fits[1]
scw/2164/216400150010.001/swg.fits[1]
scw/2164/216400220010.001/swg.fits[1]
scw/2164/216400230010.001/swg.fits[1]
scw/2165/216500140010.001/swg.fits[1]
scw/2165/216500150010.001/swg.fits[1]
scw/2165/216500220010.001/swg.fits[1]
scw/2165/216500230010.001/swg.fits[1]
scw/2165/216500240010.001/swg.fits[1]
scw/2166/216600120010.001/swg.fits[1]
scw/2166/216600130010.001/swg.fits[1]
scw/2166/216600200010.001/swg.fits[1]
scw/2166/216600210010.001/swg.fits[1]
scw/2167/216700100010.001/swg.fits[1]
scw/2228/222800280010.001/swg.fits[1]
scw/2290/229000250010.001/swg.fits[1]
scw/2291/229100070010.001/swg.fits[1]
scw/2293/229300120010.001/swg.fits[1]
scw/2293/229300180010.001/swg.fits[1]
scw/2295/229500270010.001/swg.fits[1]
scw/2296/229600080010.001/swg.fits[1]
scw/2297/229700160010.001/swg.fits[1]
scw/2297/229700220010.001/swg.fits[1]
scw/2303/230300320010.001/swg.fits[1]
scw/2304/230400090010.001/swg.fits[1]
scw/2305/230500180010.001/swg.fits[1]
scw/2305/230500260010.001/swg.fits[1]
scw/2306/230600140010.001/swg.fits[1]
scw/2306/230600150010.001/swg.fits[1]
scw/2306/230600240010.001/swg.fits[1]
scw/2306/230600250010.001/swg.fits[1]
scw/2307/230700320010.001/swg.fits[1]
scw/2338/233800420010.001/swg.fits[1]
scw/2338/233800430010.001/swg.fits[1]
scw/2338/233800440010.001/swg.fits[1]
scw/2340/234000740010.001/swg.fits[1]
scw/2340/234000750010.001/swg.fits[1]
scw/2340/234000760010.001/swg.fits[1]
scw/2340/234000770010.001/swg.fits[1]
scw/2343/234300570010.001/swg.fits[1]
scw/2343/234300580010.001/swg.fits[1]
scw/2352/235200670010.001/swg.fits[1]
scw/2363/236300640010.001/swg.fits[1]
scw/2363/236300650010.001/swg.fits[1]
scw/2365/236500080010.001/swg.fits[1]
scw/2367/236700290010.001/swg.fits[1]
scw/2367/236700300010.001/swg.fits[1]
scw/2370/237000270010.001/swg.fits[1]
scw/2370/237000280010.001/swg.fits[1]
scw/2372/237200100010.001/swg.fits[1]
scw/2376/237600070010.001/swg.fits[1]
scw/2376/237600080010.001/swg.fits[1]
scw/2376/237600090010.001/swg.fits[1]
scw/2376/237600160010.001/swg.fits[1]
scw/2376/237600170010.001/swg.fits[1]
scw/2376/237600190010.001/swg.fits[1]
scw/2395/239500280010.001/swg.fits[1]
scw/2402/240200420010.001/swg.fits[1]
scw/2410/241000400010.001/swg.fits[1]
scw/2410/241000410010.001/swg.fits[1]
scw/2410/241000420010.001/swg.fits[1]
scw/2410/241000420020.001/swg.fits[1]
scw/2418/241800410010.001/swg.fits[1]
scw/2429/242900370010.001/swg.fits[1]
scw/2429/242900380010.001/swg.fits[1]
scw/2434/243400160010.001/swg.fits[1]
scw/2440/244000160010.001/swg.fits[1]
scw/2440/244000190010.001/swg.fits[1]
scw/2440/244000200010.001/swg.fits[1]
scw/2440/244000270010.001/swg.fits[1]
scw/2445/244500330010.001/swg.fits[1]
scw/2447/244700270010.001/swg.fits[1]
scw/2447/244700280010.001/swg.fits[1]
scw/2450/245000520010.001/swg.fits[1]
scw/2450/245000530010.001/swg.fits[1]
scw/2450/245000620010.001/swg.fits[1]
scw/2468/246800170010.001/swg.fits[1]
scw/2469/246900080010.001/swg.fits[1]
scw/2469/246900090010.001/swg.fits[1]
scw/2472/247200290010.001/swg.fits[1]
scw/2472/247200300010.001/swg.fits[1]
scw/2473/247300250010.001/swg.fits[1]
scw/2473/247300340010.001/swg.fits[1]
scw/2474/247400400010.001/swg.fits[1]
scw/2474/247400410010.001/swg.fits[1]
scw/2475/247500610010.001/swg.fits[1]
scw/2475/247500620010.001/swg.fits[1]
