scw/0837/083700040010.001/swg.fits[1]
scw/0837/083700050010.001/swg.fits[1]
scw/0837/083700070010.001/swg.fits[1]
scw/0837/083700080010.001/swg.fits[1]
scw/0837/083700330010.001/swg.fits[1]
scw/0837/083700340010.001/swg.fits[1]
scw/0837/083700370010.001/swg.fits[1]
scw/0837/083700380010.001/swg.fits[1]
scw/0837/083700430010.001/swg.fits[1]
scw/0837/083700470010.001/swg.fits[1]
scw/0837/083700530010.001/swg.fits[1]
scw/0837/083700540010.001/swg.fits[1]
scw/0837/083700550010.001/swg.fits[1]
scw/0853/085300610010.001/swg.fits[1]
scw/0853/085300650010.001/swg.fits[1]
scw/0853/085300660010.001/swg.fits[1]
scw/0853/085300670010.001/swg.fits[1]
scw/0853/085300700010.001/swg.fits[1]
scw/0853/085300710010.001/swg.fits[1]
scw/0853/085300720010.001/swg.fits[1]
scw/0853/085300810010.001/swg.fits[1]
scw/0853/085300820010.001/swg.fits[1]
scw/0854/085400030010.001/swg.fits[1]
scw/0854/085400040010.001/swg.fits[1]
scw/2012/201200110010.001/swg.fits[1]
scw/2012/201200120010.001/swg.fits[1]
