scw/0054/005400240010.001/swg.fits[1]
scw/0062/006200110010.001/swg.fits[1]
scw/0074/007400130010.001/swg.fits[1]
scw/0082/008200050010.001/swg.fits[1]
scw/0181/018100260010.001/swg.fits[1]
scw/0185/018500150010.001/swg.fits[1]
scw/0193/019300070010.001/swg.fits[1]
scw/0202/020200040010.001/swg.fits[1]
scw/0253/025300100010.001/swg.fits[1]
scw/0264/026400140010.001/swg.fits[1]
scw/0307/030700110010.001/swg.fits[1]
scw/0319/031900130010.001/swg.fits[1]
scw/0388/038800020010.001/swg.fits[1]
scw/0482/048200110010.001/swg.fits[1]
scw/0482/048200120010.001/swg.fits[1]
scw/0482/048200150010.001/swg.fits[1]
scw/0482/048200160010.001/swg.fits[1]
scw/0482/048200210010.001/swg.fits[1]
scw/0482/048200220010.001/swg.fits[1]
scw/0482/048200460010.001/swg.fits[1]
scw/0482/048200500010.001/swg.fits[1]
scw/0482/048200510010.001/swg.fits[1]
scw/0482/048200520010.001/swg.fits[1]
scw/0482/048200560010.001/swg.fits[1]
scw/0484/048400070010.001/swg.fits[1]
scw/0484/048400080010.001/swg.fits[1]
scw/0498/049800220010.001/swg.fits[1]
scw/0498/049800230010.001/swg.fits[1]
scw/0498/049800240010.001/swg.fits[1]
scw/0498/049800260010.001/swg.fits[1]
scw/0498/049800420010.001/swg.fits[1]
scw/0498/049800460010.001/swg.fits[1]
scw/0498/049800470010.001/swg.fits[1]
scw/0498/049800520010.001/swg.fits[1]
scw/0498/049800530010.001/swg.fits[1]
scw/0499/049900140010.001/swg.fits[1]
scw/0499/049900150010.001/swg.fits[1]
scw/0499/049900160010.001/swg.fits[1]
scw/0499/049900220010.001/swg.fits[1]
scw/0499/049900230010.001/swg.fits[1]
scw/0499/049900250010.001/swg.fits[1]
scw/0499/049900440010.001/swg.fits[1]
scw/0499/049900450010.001/swg.fits[1]
scw/0499/049900460010.001/swg.fits[1]
scw/0499/049900510010.001/swg.fits[1]
scw/0499/049900520010.001/swg.fits[1]
scw/0500/050000040010.001/swg.fits[1]
scw/0500/050000100010.001/swg.fits[1]
scw/0500/050000110010.001/swg.fits[1]
scw/0500/050000120010.001/swg.fits[1]
scw/0500/050000140010.001/swg.fits[1]
scw/0500/050000330010.001/swg.fits[1]
scw/0500/050000340010.001/swg.fits[1]
scw/0500/050000400010.001/swg.fits[1]
scw/0500/050000410010.001/swg.fits[1]
scw/0500/050000420010.001/swg.fits[1]
scw/0500/050000530010.001/swg.fits[1]
scw/0500/050000540010.001/swg.fits[1]
scw/0500/050000550010.001/swg.fits[1]
scw/0501/050100100010.001/swg.fits[1]
scw/0501/050100110010.001/swg.fits[1]
scw/0501/050100560010.001/swg.fits[1]
scw/0501/050100580010.001/swg.fits[1]
scw/0501/050100590010.001/swg.fits[1]
scw/0501/050100660010.001/swg.fits[1]
scw/0501/050100670010.001/swg.fits[1]
scw/0502/050200020010.001/swg.fits[1]
scw/0502/050200030010.001/swg.fits[1]
scw/0502/050200040010.001/swg.fits[1]
scw/0502/050200050010.001/swg.fits[1]
scw/0502/050200250010.001/swg.fits[1]
scw/0502/050200260010.001/swg.fits[1]
scw/0502/050200450010.001/swg.fits[1]
scw/0502/050200470010.001/swg.fits[1]
scw/0502/050200480010.001/swg.fits[1]
scw/0502/050200550010.001/swg.fits[1]
scw/0502/050200560010.001/swg.fits[1]
scw/0502/050200670010.001/swg.fits[1]
scw/0503/050300070010.001/swg.fits[1]
scw/0503/050300080010.001/swg.fits[1]
scw/0503/050300090010.001/swg.fits[1]
scw/0503/050300100010.001/swg.fits[1]
scw/0503/050300270010.001/swg.fits[1]
scw/0503/050300290010.001/swg.fits[1]
scw/0503/050300300010.001/swg.fits[1]
scw/0503/050300370010.001/swg.fits[1]
scw/0503/050300380010.001/swg.fits[1]
scw/0503/050300490010.001/swg.fits[1]
scw/0503/050300500010.001/swg.fits[1]
scw/0503/050300570010.001/swg.fits[1]
scw/0503/050300580010.001/swg.fits[1]
scw/0504/050400240010.001/swg.fits[1]
scw/0504/050400280010.001/swg.fits[1]
scw/0504/050400290010.001/swg.fits[1]
scw/0504/050400340010.001/swg.fits[1]
scw/0504/050400350010.001/swg.fits[1]
scw/0504/050400470010.001/swg.fits[1]
scw/0504/050400480010.001/swg.fits[1]
scw/0504/050400490010.001/swg.fits[1]
scw/0504/050400540010.001/swg.fits[1]
scw/0504/050400550010.001/swg.fits[1]
scw/0504/050400560010.001/swg.fits[1]
scw/0505/050500120010.001/swg.fits[1]
scw/0505/050500130010.001/swg.fits[1]
scw/0505/050500140010.001/swg.fits[1]
scw/0505/050500170010.001/swg.fits[1]
scw/0505/050500350010.001/swg.fits[1]
scw/0505/050500360010.001/swg.fits[1]
scw/0505/050500370010.001/swg.fits[1]
scw/0505/050500430010.001/swg.fits[1]
scw/0505/050500440010.001/swg.fits[1]
scw/0506/050600050010.001/swg.fits[1]
scw/0506/050600060010.001/swg.fits[1]
scw/0506/050600120010.001/swg.fits[1]
scw/0506/050600130010.001/swg.fits[1]
scw/0506/050600140010.001/swg.fits[1]
scw/0506/050600260010.001/swg.fits[1]
scw/0506/050600270010.001/swg.fits[1]
scw/0506/050600320010.001/swg.fits[1]
scw/0506/050600330010.001/swg.fits[1]
scw/0545/054500150010.001/swg.fits[1]
scw/0545/054500210010.001/swg.fits[1]
scw/0545/054500220010.001/swg.fits[1]
scw/0545/054500230010.001/swg.fits[1]
scw/0545/054500250010.001/swg.fits[1]
scw/0546/054600500010.001/swg.fits[1]
scw/0546/054600520010.001/swg.fits[1]
scw/0546/054600530010.001/swg.fits[1]
scw/0553/055300130010.001/swg.fits[1]
scw/0553/055300140010.001/swg.fits[1]
scw/0553/055300150010.001/swg.fits[1]
scw/0553/055300170010.001/swg.fits[1]
scw/0999/099900070010.001/swg.fits[1]
scw/1037/103700260010.001/swg.fits[1]
scw/1037/103700270010.001/swg.fits[1]
scw/1054/105400110010.001/swg.fits[1]
scw/1055/105500150010.001/swg.fits[1]
scw/1056/105600720010.001/swg.fits[1]
scw/1058/105800130010.001/swg.fits[1]
scw/1060/106000190010.001/swg.fits[1]
scw/1061/106100280010.001/swg.fits[1]
