scw/1337/133700600010.001/swg.fits[1]
scw/1337/133700770010.001/swg.fits[1]
scw/1337/133700780010.001/swg.fits[1]
scw/1337/133700940010.001/swg.fits[1]
scw/1337/133700950010.001/swg.fits[1]
scw/1340/134000120010.001/swg.fits[1]
scw/1340/134000130010.001/swg.fits[1]
scw/1340/134000290010.001/swg.fits[1]
scw/1340/134000300010.001/swg.fits[1]
scw/1341/134100120010.001/swg.fits[1]
scw/1341/134100130010.001/swg.fits[1]
scw/1341/134100290010.001/swg.fits[1]
scw/1341/134100300010.001/swg.fits[1]
scw/1343/134300510010.001/swg.fits[1]
scw/1343/134300520010.001/swg.fits[1]
scw/1343/134300680010.001/swg.fits[1]
scw/1343/134300690010.001/swg.fits[1]
scw/1343/134300860010.001/swg.fits[1]
scw/1343/134300870010.001/swg.fits[1]
scw/1343/134301030010.001/swg.fits[1]
scw/1343/134301040010.001/swg.fits[1]
scw/1344/134400780010.001/swg.fits[1]
scw/1344/134400790010.001/swg.fits[1]
scw/1344/134400950010.001/swg.fits[1]
scw/1344/134400960010.001/swg.fits[1]
scw/1345/134500180010.001/swg.fits[1]
scw/1345/134500190010.001/swg.fits[1]
scw/1345/134500350010.001/swg.fits[1]
scw/1345/134500360010.001/swg.fits[1]
scw/1345/134500530010.001/swg.fits[1]
scw/1345/134500540010.001/swg.fits[1]
scw/1345/134500700010.001/swg.fits[1]
scw/1345/134500710010.001/swg.fits[1]
scw/1346/134600260010.001/swg.fits[1]
scw/1346/134600270010.001/swg.fits[1]
scw/1346/134600430010.001/swg.fits[1]
scw/1346/134600440010.001/swg.fits[1]
scw/1464/146400120010.001/swg.fits[1]
scw/1464/146400130010.001/swg.fits[1]
scw/1464/146400290010.001/swg.fits[1]
scw/1464/146400300010.001/swg.fits[1]
scw/1464/146400470010.001/swg.fits[1]
scw/1464/146400480010.001/swg.fits[1]
scw/1464/146400640010.001/swg.fits[1]
scw/1464/146400650010.001/swg.fits[1]
scw/1468/146800860010.001/swg.fits[1]
scw/1468/146800870010.001/swg.fits[1]
scw/1468/146801040010.001/swg.fits[1]
scw/1468/146801050010.001/swg.fits[1]
scw/1469/146900100010.001/swg.fits[1]
scw/1469/146900110010.001/swg.fits[1]
scw/1469/146900270010.001/swg.fits[1]
scw/1469/146900280010.001/swg.fits[1]
scw/1517/151700200010.001/swg.fits[1]
scw/1517/151700210010.001/swg.fits[1]
scw/1517/151700220010.001/swg.fits[1]
scw/1517/151700370010.001/swg.fits[1]
scw/1517/151700380010.001/swg.fits[1]
scw/1519/151900100010.001/swg.fits[1]
scw/1519/151900110010.001/swg.fits[1]
scw/1519/151900120010.001/swg.fits[1]
scw/1519/151900270010.001/swg.fits[1]
scw/1519/151900280010.001/swg.fits[1]
scw/1519/151900290010.001/swg.fits[1]
scw/1521/152100100010.001/swg.fits[1]
scw/1521/152100110010.001/swg.fits[1]
scw/1521/152100120010.001/swg.fits[1]
scw/1521/152100260010.001/swg.fits[1]
scw/1521/152100270010.001/swg.fits[1]
scw/1521/152100280010.001/swg.fits[1]
scw/1522/152200100010.001/swg.fits[1]
scw/1522/152200110010.001/swg.fits[1]
scw/1522/152200120010.001/swg.fits[1]
scw/1522/152200260010.001/swg.fits[1]
scw/1522/152200270010.001/swg.fits[1]
scw/1522/152200280010.001/swg.fits[1]
scw/1522/152200450010.001/swg.fits[1]
scw/1522/152200460010.001/swg.fits[1]
scw/1522/152200470010.001/swg.fits[1]
scw/1522/152200620010.001/swg.fits[1]
scw/1522/152200630010.001/swg.fits[1]
scw/1522/152200640010.001/swg.fits[1]
scw/1525/152500100010.001/swg.fits[1]
scw/1525/152500110010.001/swg.fits[1]
scw/1525/152500120010.001/swg.fits[1]
scw/1525/152500260010.001/swg.fits[1]
scw/1525/152500270010.001/swg.fits[1]
scw/1525/152500280010.001/swg.fits[1]
scw/1526/152600290010.001/swg.fits[1]
scw/1526/152600300010.001/swg.fits[1]
scw/1526/152600310010.001/swg.fits[1]
scw/1526/152600460010.001/swg.fits[1]
scw/1526/152600470010.001/swg.fits[1]
scw/1526/152600480010.001/swg.fits[1]
scw/1526/152600650010.001/swg.fits[1]
scw/1526/152600660010.001/swg.fits[1]
scw/1526/152600670010.001/swg.fits[1]
scw/1526/152600820010.001/swg.fits[1]
scw/1526/152600830010.001/swg.fits[1]
scw/1526/152600840010.001/swg.fits[1]
scw/1527/152700090010.001/swg.fits[1]
scw/1527/152700100010.001/swg.fits[1]
scw/1527/152700110010.001/swg.fits[1]
scw/1527/152700260010.001/swg.fits[1]
scw/1527/152700270010.001/swg.fits[1]
scw/1527/152700280010.001/swg.fits[1]
scw/1529/152900510010.001/swg.fits[1]
scw/1529/152900520010.001/swg.fits[1]
scw/1529/152900530010.001/swg.fits[1]
scw/1529/152900680010.001/swg.fits[1]
scw/1529/152900690010.001/swg.fits[1]
scw/1529/152900700010.001/swg.fits[1]
scw/1530/153000200010.001/swg.fits[1]
scw/1530/153000210010.001/swg.fits[1]
scw/1530/153000220010.001/swg.fits[1]
scw/1530/153000360010.001/swg.fits[1]
scw/1530/153000370010.001/swg.fits[1]
scw/1530/153000380010.001/swg.fits[1]
scw/1530/153000550010.001/swg.fits[1]
scw/1530/153000560010.001/swg.fits[1]
scw/1530/153000570010.001/swg.fits[1]
scw/1530/153000710010.001/swg.fits[1]
scw/1530/153000720010.001/swg.fits[1]
scw/1530/153000730010.001/swg.fits[1]
scw/1532/153200260010.001/swg.fits[1]
scw/1532/153200270010.001/swg.fits[1]
scw/1532/153200280010.001/swg.fits[1]
scw/1532/153200420010.001/swg.fits[1]
scw/1532/153200430010.001/swg.fits[1]
scw/1532/153200440010.001/swg.fits[1]
scw/1532/153200610010.001/swg.fits[1]
scw/1532/153200620010.001/swg.fits[1]
scw/1532/153200630010.001/swg.fits[1]
scw/1532/153200780010.001/swg.fits[1]
scw/1532/153200790010.001/swg.fits[1]
scw/1532/153200800010.001/swg.fits[1]
scw/1533/153300090010.001/swg.fits[1]
scw/1533/153300100010.001/swg.fits[1]
scw/1533/153300110010.001/swg.fits[1]
scw/1533/153300250010.001/swg.fits[1]
scw/1533/153300260010.001/swg.fits[1]
scw/1533/153300270010.001/swg.fits[1]
scw/1592/159200250010.001/swg.fits[1]
scw/1592/159200260010.001/swg.fits[1]
scw/1592/159200430010.001/swg.fits[1]
scw/1592/159200440010.001/swg.fits[1]
scw/1592/159200600010.001/swg.fits[1]
scw/1592/159200610010.001/swg.fits[1]
scw/1592/159200780010.001/swg.fits[1]
scw/1592/159200790010.001/swg.fits[1]
scw/1594/159400100010.001/swg.fits[1]
scw/1594/159400110010.001/swg.fits[1]
scw/1594/159400270010.001/swg.fits[1]
scw/1594/159400280010.001/swg.fits[1]
scw/1595/159500260010.001/swg.fits[1]
scw/1595/159500270010.001/swg.fits[1]
scw/1595/159500450010.001/swg.fits[1]
scw/1595/159500460010.001/swg.fits[1]
scw/1597/159700570010.001/swg.fits[1]
scw/1597/159700580010.001/swg.fits[1]
scw/1597/159700740010.001/swg.fits[1]
scw/1597/159700750010.001/swg.fits[1]
scw/2074/207400680010.001/swg.fits[1]
scw/2082/208200140010.001/swg.fits[1]
scw/2139/213900300010.001/swg.fits[1]
scw/2219/221900140010.001/swg.fits[1]
scw/2342/234200360010.001/swg.fits[1]
scw/2353/235300180010.001/swg.fits[1]
scw/2353/235300190010.001/swg.fits[1]
scw/2353/235300200010.001/swg.fits[1]
scw/2353/235300280010.001/swg.fits[1]
scw/2359/235900040010.001/swg.fits[1]
scw/2359/235900050010.001/swg.fits[1]
scw/2359/235900300010.001/swg.fits[1]
scw/2359/235900310010.001/swg.fits[1]
scw/2361/236100100010.001/swg.fits[1]
scw/2361/236100170010.001/swg.fits[1]
scw/2361/236100180010.001/swg.fits[1]
scw/2361/236100190010.001/swg.fits[1]
scw/2361/236100200010.001/swg.fits[1]
scw/2429/242900180010.001/swg.fits[1]
scw/2429/242900190010.001/swg.fits[1]
scw/2429/242900200010.001/swg.fits[1]
scw/2429/242900280010.001/swg.fits[1]
