scw/0126/012600570010.001/swg.fits[1]
scw/0126/012600580010.001/swg.fits[1]
scw/0170/017000340010.001/swg.fits[1]
scw/0170/017000350010.001/swg.fits[1]
scw/0170/017000360010.001/swg.fits[1]
scw/0170/017000640010.001/swg.fits[1]
scw/0170/017000980010.001/swg.fits[1]
scw/0182/018200020010.001/swg.fits[1]
scw/0182/018200040010.001/swg.fits[1]
scw/0182/018200050010.001/swg.fits[1]
scw/0182/018200060010.001/swg.fits[1]
scw/0182/018200070010.001/swg.fits[1]
scw/0182/018200080010.001/swg.fits[1]
scw/0182/018200090010.001/swg.fits[1]
scw/0182/018200110010.001/swg.fits[1]
scw/0182/018200120010.001/swg.fits[1]
scw/0182/018200130010.001/swg.fits[1]
scw/0182/018200140010.001/swg.fits[1]
scw/0182/018200150010.001/swg.fits[1]
scw/0182/018200160010.001/swg.fits[1]
scw/0182/018200190010.001/swg.fits[1]
scw/0182/018200200010.001/swg.fits[1]
scw/0182/018200210010.001/swg.fits[1]
scw/0182/018200220010.001/swg.fits[1]
scw/0182/018200230010.001/swg.fits[1]
scw/0182/018200260010.001/swg.fits[1]
scw/0182/018200270010.001/swg.fits[1]
scw/0182/018200280010.001/swg.fits[1]
scw/0182/018200290010.001/swg.fits[1]
scw/0182/018200300010.001/swg.fits[1]
scw/0182/018200320010.001/swg.fits[1]
scw/0182/018200330010.001/swg.fits[1]
scw/0182/018200340010.001/swg.fits[1]
scw/0182/018200350010.001/swg.fits[1]
scw/0182/018200360010.001/swg.fits[1]
scw/0182/018200370010.001/swg.fits[1]
scw/0182/018200390010.001/swg.fits[1]
scw/0182/018200400010.001/swg.fits[1]
scw/0182/018200400020.001/swg.fits[1]
scw/0182/018200410010.001/swg.fits[1]
scw/0182/018200420010.001/swg.fits[1]
scw/0182/018200430010.001/swg.fits[1]
scw/0182/018200440010.001/swg.fits[1]
scw/0182/018200470010.001/swg.fits[1]
scw/0182/018200480010.001/swg.fits[1]
scw/0182/018200490010.001/swg.fits[1]
scw/0182/018200500010.001/swg.fits[1]
scw/0182/018200510010.001/swg.fits[1]
scw/0182/018200530010.001/swg.fits[1]
scw/0182/018200540010.001/swg.fits[1]
scw/0182/018200550010.001/swg.fits[1]
scw/0182/018200560010.001/swg.fits[1]
scw/0182/018200570010.001/swg.fits[1]
scw/0182/018200580010.001/swg.fits[1]
scw/0184/018400040010.001/swg.fits[1]
scw/0184/018400040020.001/swg.fits[1]
scw/0184/018400040030.001/swg.fits[1]
scw/0184/018400040040.001/swg.fits[1]
scw/0184/018400040050.001/swg.fits[1]
scw/0184/018400040060.001/swg.fits[1]
scw/0184/018400040070.001/swg.fits[1]
scw/0184/018400040080.001/swg.fits[1]
scw/0184/018400040090.001/swg.fits[1]
scw/0184/018400040100.001/swg.fits[1]
scw/0184/018400040110.001/swg.fits[1]
scw/0184/018400040120.001/swg.fits[1]
scw/0184/018400040130.001/swg.fits[1]
scw/0184/018400040140.001/swg.fits[1]
scw/0184/018400040150.001/swg.fits[1]
scw/0184/018400040160.001/swg.fits[1]
scw/0184/018400040170.001/swg.fits[1]
scw/0184/018400040180.001/swg.fits[1]
scw/0184/018400040190.001/swg.fits[1]
scw/0184/018400040200.001/swg.fits[1]
scw/0184/018400040210.001/swg.fits[1]
scw/0184/018400040220.001/swg.fits[1]
scw/0184/018400040230.001/swg.fits[1]
scw/0184/018400040240.001/swg.fits[1]
scw/0184/018400040250.001/swg.fits[1]
scw/0184/018400040260.001/swg.fits[1]
scw/0184/018400040270.001/swg.fits[1]
scw/0184/018400040280.001/swg.fits[1]
scw/0184/018400040290.001/swg.fits[1]
scw/0184/018400040300.001/swg.fits[1]
scw/0184/018400040310.001/swg.fits[1]
scw/0184/018400040320.001/swg.fits[1]
scw/0184/018400050010.001/swg.fits[1]
scw/0184/018400050020.001/swg.fits[1]
scw/0184/018400050030.001/swg.fits[1]
scw/0184/018400050040.001/swg.fits[1]
scw/0184/018400050050.001/swg.fits[1]
scw/0184/018400050060.001/swg.fits[1]
scw/0184/018400050070.001/swg.fits[1]
scw/0184/018400050080.001/swg.fits[1]
scw/0184/018400050090.001/swg.fits[1]
scw/0184/018400050100.001/swg.fits[1]
scw/0184/018400050110.001/swg.fits[1]
scw/0184/018400050120.001/swg.fits[1]
scw/0184/018400050130.001/swg.fits[1]
scw/0184/018400050140.001/swg.fits[1]
scw/0184/018400050150.001/swg.fits[1]
scw/0184/018400050160.001/swg.fits[1]
scw/0184/018400050170.001/swg.fits[1]
scw/0184/018400050180.001/swg.fits[1]
scw/0184/018400050190.001/swg.fits[1]
scw/0184/018400050200.001/swg.fits[1]
scw/0184/018400050210.001/swg.fits[1]
scw/0184/018400050220.001/swg.fits[1]
scw/0184/018400050230.001/swg.fits[1]
scw/0184/018400050240.001/swg.fits[1]
scw/0184/018400050250.001/swg.fits[1]
scw/0184/018400050260.001/swg.fits[1]
scw/0184/018400050270.001/swg.fits[1]
scw/0184/018400050280.001/swg.fits[1]
scw/0184/018400050290.001/swg.fits[1]
scw/0229/022900520010.001/swg.fits[1]
scw/0234/023400210010.001/swg.fits[1]
scw/0250/025000190010.001/swg.fits[1]
scw/0286/028600090010.001/swg.fits[1]
scw/0292/029200090010.001/swg.fits[1]
scw/0300/030000520010.001/swg.fits[1]
scw/0300/030000530010.001/swg.fits[1]
scw/0300/030000950010.001/swg.fits[1]
scw/0300/030000960010.001/swg.fits[1]
scw/0300/030000970010.001/swg.fits[1]
scw/0412/041200180010.001/swg.fits[1]
scw/1141/114100260010.001/swg.fits[1]
scw/1472/147200200010.001/swg.fits[1]
scw/1472/147200210010.001/swg.fits[1]
scw/2272/227200040010.001/swg.fits[1]
scw/2272/227200130010.001/swg.fits[1]
scw/2272/227200140010.001/swg.fits[1]
scw/2272/227200150010.001/swg.fits[1]
