scw/0515/051500600010.001/swg.fits[1]
scw/0515/051500610010.001/swg.fits[1]
scw/0515/051500620010.001/swg.fits[1]
scw/0516/051600580010.001/swg.fits[1]
scw/0516/051600590010.001/swg.fits[1]
scw/0516/051600600010.001/swg.fits[1]
scw/0574/057400660010.001/swg.fits[1]
scw/0574/057400670010.001/swg.fits[1]
scw/0576/057600910010.001/swg.fits[1]
scw/0576/057600920010.001/swg.fits[1]
scw/0578/057800940010.001/swg.fits[1]
scw/0580/058000750010.001/swg.fits[1]
scw/0580/058000760010.001/swg.fits[1]
scw/0580/058000770010.001/swg.fits[1]
scw/0580/058000930010.001/swg.fits[1]
scw/0580/058000940010.001/swg.fits[1]
scw/0580/058000950010.001/swg.fits[1]
scw/0581/058100580010.001/swg.fits[1]
scw/0581/058100590010.001/swg.fits[1]
scw/0581/058100600010.001/swg.fits[1]
scw/0581/058100710010.001/swg.fits[1]
scw/0581/058100720010.001/swg.fits[1]
scw/0581/058100730010.001/swg.fits[1]
scw/0581/058100910010.001/swg.fits[1]
scw/0581/058100920010.001/swg.fits[1]
scw/0581/058100930010.001/swg.fits[1]
scw/0582/058200580010.001/swg.fits[1]
scw/0582/058200590010.001/swg.fits[1]
scw/0582/058200600010.001/swg.fits[1]
scw/0583/058300840010.001/swg.fits[1]
scw/0583/058300850010.001/swg.fits[1]
scw/0583/058300860010.001/swg.fits[1]
scw/0584/058400730010.001/swg.fits[1]
scw/0584/058400740010.001/swg.fits[1]
scw/0584/058400750010.001/swg.fits[1]
scw/0587/058700910010.001/swg.fits[1]
scw/0587/058700920010.001/swg.fits[1]
scw/0587/058700930010.001/swg.fits[1]
scw/0651/065100810010.001/swg.fits[1]
scw/0651/065100820010.001/swg.fits[1]
scw/0702/070200670010.001/swg.fits[1]
scw/0702/070200680010.001/swg.fits[1]
scw/0702/070200690010.001/swg.fits[1]
scw/0702/070200800010.001/swg.fits[1]
scw/0702/070200810010.001/swg.fits[1]
scw/0702/070200820010.001/swg.fits[1]
scw/0704/070400660010.001/swg.fits[1]
scw/0704/070400670010.001/swg.fits[1]
scw/0704/070400680010.001/swg.fits[1]
scw/2092/209200830010.001/swg.fits[1]
scw/2093/209300700010.001/swg.fits[1]
scw/2093/209300760010.001/swg.fits[1]
scw/2093/209300770010.001/swg.fits[1]
scw/2093/209300800010.001/swg.fits[1]
scw/2093/209300810010.001/swg.fits[1]
scw/2093/209300820010.001/swg.fits[1]
scw/2288/228800560010.001/swg.fits[1]
scw/2288/228800570010.001/swg.fits[1]
scw/2288/228800820010.001/swg.fits[1]
scw/2288/228800830010.001/swg.fits[1]
