scw/0183/018300910010.001/swg.fits[1]
scw/0183/018300920010.001/swg.fits[1]
scw/0183/018301070010.001/swg.fits[1]
scw/0183/018301080010.001/swg.fits[1]
scw/0185/018500930010.001/swg.fits[1]
scw/0185/018500940010.001/swg.fits[1]
scw/0186/018600210010.001/swg.fits[1]
scw/0186/018600220010.001/swg.fits[1]
scw/0186/018600410010.001/swg.fits[1]
scw/0186/018600420010.001/swg.fits[1]
scw/0186/018600570010.001/swg.fits[1]
scw/0186/018600580010.001/swg.fits[1]
scw/0244/024400490010.001/swg.fits[1]
scw/0244/024400500010.001/swg.fits[1]
scw/0244/024400650010.001/swg.fits[1]
scw/0244/024400660010.001/swg.fits[1]
scw/0927/092700440010.001/swg.fits[1]
scw/0927/092700450010.001/swg.fits[1]
scw/0927/092700460010.001/swg.fits[1]
scw/0928/092800380010.001/swg.fits[1]
scw/0928/092800390010.001/swg.fits[1]
scw/0928/092800400010.001/swg.fits[1]
scw/0928/092800410010.001/swg.fits[1]
scw/2361/236100340010.001/swg.fits[1]
