scw/0338/033800420010.001/swg.fits[1]
scw/0338/033800430010.001/swg.fits[1]
scw/0338/033800490010.001/swg.fits[1]
scw/0338/033800520010.001/swg.fits[1]
scw/0339/033900030010.001/swg.fits[1]
scw/0339/033900040010.001/swg.fits[1]
scw/0339/033900070010.001/swg.fits[1]
scw/0339/033900080010.001/swg.fits[1]
scw/0339/033900130010.001/swg.fits[1]
scw/0339/033900270010.001/swg.fits[1]
scw/0339/033900330010.001/swg.fits[1]
scw/0339/033900340010.001/swg.fits[1]
scw/0339/033900360010.001/swg.fits[1]
scw/0339/033900370010.001/swg.fits[1]
scw/0339/033900530010.001/swg.fits[1]
scw/0339/033900540010.001/swg.fits[1]
scw/0339/033900570010.001/swg.fits[1]
scw/0339/033900580010.001/swg.fits[1]
scw/0340/034000140010.001/swg.fits[1]
scw/0340/034000150010.001/swg.fits[1]
scw/0340/034000200010.001/swg.fits[1]
scw/0340/034000210010.001/swg.fits[1]
scw/0340/034000220010.001/swg.fits[1]
scw/0341/034100370010.001/swg.fits[1]
scw/0341/034100380010.001/swg.fits[1]
scw/0341/034100430010.001/swg.fits[1]
scw/0341/034100440010.001/swg.fits[1]
scw/0341/034100470010.001/swg.fits[1]
scw/0341/034100480010.001/swg.fits[1]
scw/0341/034100630010.001/swg.fits[1]
scw/0341/034100640010.001/swg.fits[1]
scw/0341/034100670010.001/swg.fits[1]
scw/0342/034200020010.001/swg.fits[1]
scw/0342/034200070010.001/swg.fits[1]
scw/0342/034200080010.001/swg.fits[1]
scw/0342/034200210010.001/swg.fits[1]
scw/0342/034200270010.001/swg.fits[1]
scw/0342/034200280010.001/swg.fits[1]
scw/0342/034200300010.001/swg.fits[1]
scw/0342/034200310010.001/swg.fits[1]
scw/0597/059700020010.001/swg.fits[1]
scw/0597/059700030010.001/swg.fits[1]
scw/0597/059700070010.001/swg.fits[1]
scw/0597/059700080010.001/swg.fits[1]
scw/0597/059700090010.001/swg.fits[1]
scw/0597/059700100010.001/swg.fits[1]
scw/0597/059700140010.001/swg.fits[1]
scw/0597/059700150010.001/swg.fits[1]
scw/0597/059700160010.001/swg.fits[1]
scw/0597/059700170010.001/swg.fits[1]
scw/0597/059700210010.001/swg.fits[1]
scw/0597/059700220010.001/swg.fits[1]
scw/0597/059700230010.001/swg.fits[1]
scw/0597/059700240010.001/swg.fits[1]
scw/0597/059700280010.001/swg.fits[1]
scw/0597/059700290010.001/swg.fits[1]
scw/0597/059700300010.001/swg.fits[1]
scw/0597/059700310010.001/swg.fits[1]
scw/0597/059700350010.001/swg.fits[1]
scw/0597/059700360010.001/swg.fits[1]
scw/0597/059700370010.001/swg.fits[1]
scw/0597/059700380010.001/swg.fits[1]
scw/0597/059700420010.001/swg.fits[1]
scw/0597/059700430010.001/swg.fits[1]
scw/0597/059700440010.001/swg.fits[1]
scw/0597/059700450010.001/swg.fits[1]
scw/0597/059700490010.001/swg.fits[1]
scw/0597/059700500010.001/swg.fits[1]
scw/0597/059700510010.001/swg.fits[1]
scw/0597/059700520010.001/swg.fits[1]
scw/0597/059700560010.001/swg.fits[1]
scw/0597/059700570010.001/swg.fits[1]
scw/0597/059700580010.001/swg.fits[1]
scw/0597/059700590010.001/swg.fits[1]
scw/0598/059800020010.001/swg.fits[1]
scw/0598/059800030010.001/swg.fits[1]
scw/0598/059800040010.001/swg.fits[1]
scw/0598/059800050010.001/swg.fits[1]
scw/0598/059800090010.001/swg.fits[1]
scw/0598/059800100010.001/swg.fits[1]
scw/0598/059800110010.001/swg.fits[1]
scw/0598/059800120010.001/swg.fits[1]
scw/0598/059800160010.001/swg.fits[1]
scw/0598/059800170010.001/swg.fits[1]
scw/0598/059800180010.001/swg.fits[1]
scw/0598/059800190010.001/swg.fits[1]
scw/0598/059800230010.001/swg.fits[1]
scw/0598/059800240010.001/swg.fits[1]
scw/0598/059800250010.001/swg.fits[1]
scw/0598/059800260010.001/swg.fits[1]
scw/0598/059800300010.001/swg.fits[1]
scw/0598/059800310010.001/swg.fits[1]
scw/0598/059800320010.001/swg.fits[1]
scw/0598/059800330010.001/swg.fits[1]
scw/0598/059800370010.001/swg.fits[1]
scw/0598/059800380010.001/swg.fits[1]
scw/0598/059800390010.001/swg.fits[1]
scw/0598/059800400010.001/swg.fits[1]
scw/0598/059800440010.001/swg.fits[1]
scw/0598/059800450010.001/swg.fits[1]
scw/0598/059800460010.001/swg.fits[1]
scw/0598/059800470010.001/swg.fits[1]
scw/0598/059800510010.001/swg.fits[1]
scw/0598/059800520010.001/swg.fits[1]
scw/0598/059800530010.001/swg.fits[1]
scw/0598/059800540010.001/swg.fits[1]
scw/0598/059800580010.001/swg.fits[1]
scw/0598/059800590010.001/swg.fits[1]
scw/0598/059800600010.001/swg.fits[1]
scw/0945/094500100010.001/swg.fits[1]
scw/0945/094500110010.001/swg.fits[1]
scw/0945/094500160010.001/swg.fits[1]
scw/0945/094500170010.001/swg.fits[1]
scw/0945/094500360010.001/swg.fits[1]
scw/0945/094500400010.001/swg.fits[1]
scw/0945/094500410010.001/swg.fits[1]
scw/0945/094500460010.001/swg.fits[1]
scw/0945/094500600010.001/swg.fits[1]
scw/0945/094500660010.001/swg.fits[1]
scw/0945/094500670010.001/swg.fits[1]
scw/0945/094500700010.001/swg.fits[1]
scw/0945/094500810010.001/swg.fits[1]
scw/0945/094500820010.001/swg.fits[1]
scw/0945/094500830010.001/swg.fits[1]
scw/0946/094600080010.001/swg.fits[1]
scw/0946/094600090010.001/swg.fits[1]
scw/0946/094600140010.001/swg.fits[1]
scw/0946/094600150010.001/swg.fits[1]
scw/0946/094600340010.001/swg.fits[1]
scw/0946/094600380010.001/swg.fits[1]
scw/0946/094600390010.001/swg.fits[1]
scw/0946/094600440010.001/swg.fits[1]
scw/0946/094600580010.001/swg.fits[1]
scw/0946/094600640010.001/swg.fits[1]
scw/0946/094600650010.001/swg.fits[1]
scw/0946/094600680010.001/swg.fits[1]
scw/0946/094600790010.001/swg.fits[1]
scw/0946/094600800010.001/swg.fits[1]
scw/0947/094700080010.001/swg.fits[1]
scw/0947/094700090010.001/swg.fits[1]
scw/0947/094700140010.001/swg.fits[1]
scw/0947/094700150010.001/swg.fits[1]
scw/0947/094700340010.001/swg.fits[1]
scw/0947/094700380010.001/swg.fits[1]
scw/0947/094700390010.001/swg.fits[1]
scw/0947/094700440010.001/swg.fits[1]
scw/0947/094700580010.001/swg.fits[1]
scw/0947/094700640010.001/swg.fits[1]
scw/0947/094700650010.001/swg.fits[1]
scw/0947/094700680010.001/swg.fits[1]
scw/0947/094700790010.001/swg.fits[1]
scw/0947/094700800010.001/swg.fits[1]
scw/1062/106200120010.001/swg.fits[1]
scw/1062/106200130010.001/swg.fits[1]
scw/1062/106200180010.001/swg.fits[1]
scw/1062/106200190010.001/swg.fits[1]
scw/1062/106200420010.001/swg.fits[1]
scw/1062/106200430010.001/swg.fits[1]
scw/1062/106200440010.001/swg.fits[1]
scw/1062/106200480010.001/swg.fits[1]
scw/1062/106200620010.001/swg.fits[1]
scw/1062/106200680010.001/swg.fits[1]
scw/1062/106200690010.001/swg.fits[1]
scw/1062/106200700010.001/swg.fits[1]
scw/1064/106400080010.001/swg.fits[1]
scw/1064/106400140010.001/swg.fits[1]
scw/1064/106400150010.001/swg.fits[1]
scw/1064/106400340010.001/swg.fits[1]
scw/1064/106400380010.001/swg.fits[1]
scw/1064/106400390010.001/swg.fits[1]
scw/1064/106400440010.001/swg.fits[1]
scw/1064/106400580010.001/swg.fits[1]
scw/1064/106400640010.001/swg.fits[1]
scw/1064/106400650010.001/swg.fits[1]
scw/1064/106400660010.001/swg.fits[1]
scw/1064/106400680010.001/swg.fits[1]
scw/1069/106900080010.001/swg.fits[1]
scw/1069/106900090010.001/swg.fits[1]
scw/1069/106900140010.001/swg.fits[1]
scw/1069/106900150010.001/swg.fits[1]
scw/1069/106900340010.001/swg.fits[1]
scw/1069/106900380010.001/swg.fits[1]
scw/1069/106900390010.001/swg.fits[1]
scw/1069/106900440010.001/swg.fits[1]
scw/1069/106900580010.001/swg.fits[1]
scw/1069/106900640010.001/swg.fits[1]
scw/1069/106900650010.001/swg.fits[1]
scw/1069/106900680010.001/swg.fits[1]
scw/1156/115600020010.001/swg.fits[1]
scw/1156/115600040010.001/swg.fits[1]
scw/1156/115600050010.001/swg.fits[1]
scw/1156/115600060010.001/swg.fits[1]
scw/1156/115600070010.001/swg.fits[1]
scw/1156/115600090010.001/swg.fits[1]
scw/1156/115600110010.001/swg.fits[1]
scw/1156/115600120010.001/swg.fits[1]
scw/1156/115600130010.001/swg.fits[1]
scw/1156/115600160010.001/swg.fits[1]
scw/1156/115600190010.001/swg.fits[1]
scw/1156/115600200010.001/swg.fits[1]
scw/1156/115600210010.001/swg.fits[1]
scw/1156/115600230010.001/swg.fits[1]
scw/1156/115600250010.001/swg.fits[1]
scw/1156/115600260010.001/swg.fits[1]
scw/1156/115600270010.001/swg.fits[1]
scw/1156/115600280010.001/swg.fits[1]
scw/1156/115600300010.001/swg.fits[1]
scw/1156/115600320010.001/swg.fits[1]
scw/1156/115600330010.001/swg.fits[1]
scw/1156/115600340010.001/swg.fits[1]
scw/1156/115600350010.001/swg.fits[1]
scw/1156/115600370010.001/swg.fits[1]
scw/1156/115600390010.001/swg.fits[1]
scw/1156/115600400010.001/swg.fits[1]
scw/1156/115600410010.001/swg.fits[1]
scw/1156/115600440010.001/swg.fits[1]
scw/1156/115600460010.001/swg.fits[1]
scw/1156/115600470010.001/swg.fits[1]
scw/1156/115600480010.001/swg.fits[1]
scw/1156/115600490010.001/swg.fits[1]
scw/1156/115600510010.001/swg.fits[1]
scw/1156/115600530010.001/swg.fits[1]
scw/1156/115600540010.001/swg.fits[1]
scw/1156/115600550010.001/swg.fits[1]
scw/1156/115600560010.001/swg.fits[1]
scw/1158/115800100010.001/swg.fits[1]
scw/1158/115800130010.001/swg.fits[1]
scw/1158/115800140010.001/swg.fits[1]
scw/1158/115800150010.001/swg.fits[1]
scw/1158/115800170010.001/swg.fits[1]
scw/1158/115800200010.001/swg.fits[1]
scw/1158/115800210010.001/swg.fits[1]
scw/1158/115800220010.001/swg.fits[1]
scw/1158/115800240010.001/swg.fits[1]
scw/1158/115800270010.001/swg.fits[1]
scw/1158/115800280010.001/swg.fits[1]
scw/1158/115800290010.001/swg.fits[1]
scw/1158/115800310010.001/swg.fits[1]
scw/1158/115800330010.001/swg.fits[1]
scw/1158/115800340010.001/swg.fits[1]
scw/1158/115800350010.001/swg.fits[1]
scw/1158/115800360010.001/swg.fits[1]
scw/1158/115800380010.001/swg.fits[1]
