scw/1382/138200310010.001/swg.fits[1]
scw/1382/138200340010.001/swg.fits[1]
scw/1382/138200350010.001/swg.fits[1]
scw/1382/138200390010.001/swg.fits[1]
scw/1382/138200400010.001/swg.fits[1]
scw/1382/138200410010.001/swg.fits[1]
scw/1383/138300300010.001/swg.fits[1]
scw/1383/138300310010.001/swg.fits[1]
scw/1383/138300740010.001/swg.fits[1]
scw/1384/138400010010.001/swg.fits[1]
scw/1384/138400070010.001/swg.fits[1]
scw/1384/138400080010.001/swg.fits[1]
scw/1384/138400470010.001/swg.fits[1]
scw/1384/138400490010.001/swg.fits[1]
scw/1384/138400500010.001/swg.fits[1]
scw/1384/138400510010.001/swg.fits[1]
scw/1385/138500070010.001/swg.fits[1]
scw/1385/138500470010.001/swg.fits[1]
scw/1385/138500490010.001/swg.fits[1]
scw/1385/138500500010.001/swg.fits[1]
scw/1385/138500570010.001/swg.fits[1]
scw/1385/138500580010.001/swg.fits[1]
scw/1388/138800050010.001/swg.fits[1]
scw/1388/138800060010.001/swg.fits[1]
scw/1388/138800450010.001/swg.fits[1]
scw/1388/138800470010.001/swg.fits[1]
scw/1388/138800480010.001/swg.fits[1]
scw/1388/138800490010.001/swg.fits[1]
scw/1388/138800550010.001/swg.fits[1]
scw/1388/138800560010.001/swg.fits[1]
scw/1389/138900340010.001/swg.fits[1]
scw/1389/138900350010.001/swg.fits[1]
scw/1389/138900360010.001/swg.fits[1]
scw/1389/138900370010.001/swg.fits[1]
scw/1389/138900440010.001/swg.fits[1]
scw/1389/138900450010.001/swg.fits[1]
scw/1390/139000400010.001/swg.fits[1]
scw/1390/139000410010.001/swg.fits[1]
scw/1390/139000420010.001/swg.fits[1]
scw/1390/139000430010.001/swg.fits[1]
scw/1390/139000510010.001/swg.fits[1]
scw/1391/139100200010.001/swg.fits[1]
scw/1391/139100210010.001/swg.fits[1]
scw/1391/139100280010.001/swg.fits[1]
scw/1391/139100290010.001/swg.fits[1]
scw/1391/139100310010.001/swg.fits[1]
scw/1392/139200100010.001/swg.fits[1]
scw/1392/139200110010.001/swg.fits[1]
scw/1392/139200190010.001/swg.fits[1]
scw/1392/139200200010.001/swg.fits[1]
scw/1393/139300080010.001/swg.fits[1]
scw/1393/139300090010.001/swg.fits[1]
scw/1393/139300470010.001/swg.fits[1]
scw/1393/139300480010.001/swg.fits[1]
scw/1393/139300490010.001/swg.fits[1]
scw/1393/139300500010.001/swg.fits[1]
scw/1393/139300580010.001/swg.fits[1]
scw/1393/139300590010.001/swg.fits[1]
scw/1394/139400100010.001/swg.fits[1]
scw/1394/139400110010.001/swg.fits[1]
scw/1394/139400120010.001/swg.fits[1]
scw/1394/139400190010.001/swg.fits[1]
scw/1394/139400200010.001/swg.fits[1]
scw/1394/139400600010.001/swg.fits[1]
scw/1394/139400610010.001/swg.fits[1]
scw/1394/139400620010.001/swg.fits[1]
scw/1394/139400700010.001/swg.fits[1]
scw/1394/139400710010.001/swg.fits[1]
scw/1395/139500290010.001/swg.fits[1]
scw/1395/139500300010.001/swg.fits[1]
scw/1395/139500310010.001/swg.fits[1]
scw/1395/139500320010.001/swg.fits[1]
scw/1395/139500390010.001/swg.fits[1]
scw/1395/139500400010.001/swg.fits[1]
scw/1395/139500410010.001/swg.fits[1]
scw/1396/139600160010.001/swg.fits[1]
scw/1396/139600170010.001/swg.fits[1]
scw/1396/139600250010.001/swg.fits[1]
scw/1396/139600260010.001/swg.fits[1]
scw/1396/139600270010.001/swg.fits[1]
scw/1396/139600280010.001/swg.fits[1]
scw/1396/139600670010.001/swg.fits[1]
scw/1396/139600760010.001/swg.fits[1]
scw/1396/139600770010.001/swg.fits[1]
scw/1397/139700060010.001/swg.fits[1]
scw/1397/139700070010.001/swg.fits[1]
scw/1397/139700450010.001/swg.fits[1]
scw/1397/139700460010.001/swg.fits[1]
scw/1397/139700470010.001/swg.fits[1]
scw/1397/139700480010.001/swg.fits[1]
scw/1397/139700560010.001/swg.fits[1]
scw/1397/139700570010.001/swg.fits[1]
scw/1398/139800210010.001/swg.fits[1]
scw/1398/139800300010.001/swg.fits[1]
scw/1398/139800400010.001/swg.fits[1]
scw/1398/139800410010.001/swg.fits[1]
scw/1399/139900300010.001/swg.fits[1]
scw/1399/139900310010.001/swg.fits[1]
scw/1399/139900400010.001/swg.fits[1]
scw/1399/139900410010.001/swg.fits[1]
scw/1400/140000150010.001/swg.fits[1]
scw/1400/140000160010.001/swg.fits[1]
scw/1400/140000250010.001/swg.fits[1]
scw/1400/140000260010.001/swg.fits[1]
scw/1401/140100350010.001/swg.fits[1]
scw/1401/140100360010.001/swg.fits[1]
scw/1401/140100450010.001/swg.fits[1]
scw/1401/140100460010.001/swg.fits[1]
scw/1401/140100460020.001/swg.fits[1]
scw/1402/140200190010.001/swg.fits[1]
scw/1402/140200200010.001/swg.fits[1]
scw/1402/140200360010.001/swg.fits[1]
scw/1402/140200450010.001/swg.fits[1]
scw/1402/140200460010.001/swg.fits[1]
scw/1402/140200550010.001/swg.fits[1]
scw/1402/140200560010.001/swg.fits[1]
scw/1403/140300220010.001/swg.fits[1]
scw/1403/140300310010.001/swg.fits[1]
scw/1403/140300410010.001/swg.fits[1]
scw/1403/140300420010.001/swg.fits[1]
scw/1403/140300510010.001/swg.fits[1]
scw/1404/140400730010.001/swg.fits[1]
scw/1404/140400820010.001/swg.fits[1]
scw/1404/140400920010.001/swg.fits[1]
scw/1405/140500090010.001/swg.fits[1]
scw/1405/140500170010.001/swg.fits[1]
scw/1405/140500180010.001/swg.fits[1]
scw/1405/140500390010.001/swg.fits[1]
scw/1405/140500480010.001/swg.fits[1]
scw/1405/140500490010.001/swg.fits[1]
scw/1405/140500590010.001/swg.fits[1]
scw/1406/140600030010.001/swg.fits[1]
scw/1406/140600370010.001/swg.fits[1]
scw/1406/140600480010.001/swg.fits[1]
scw/1406/140600570010.001/swg.fits[1]
scw/1407/140700170010.001/swg.fits[1]
scw/1407/140700260010.001/swg.fits[1]
scw/1407/140700460010.001/swg.fits[1]
scw/1419/141900160010.001/swg.fits[1]
scw/1419/141900170010.001/swg.fits[1]
scw/1419/141900270010.001/swg.fits[1]
scw/1419/141900350010.001/swg.fits[1]
scw/1419/141900360010.001/swg.fits[1]
scw/1419/141900370010.001/swg.fits[1]
scw/1419/141900670010.001/swg.fits[1]
scw/1419/141900760010.001/swg.fits[1]
scw/1419/141900770010.001/swg.fits[1]
scw/1419/141900850010.001/swg.fits[1]
scw/1419/141900860010.001/swg.fits[1]
scw/1419/141900870010.001/swg.fits[1]
scw/1420/142000100010.001/swg.fits[1]
scw/1420/142000200010.001/swg.fits[1]
scw/1420/142000280010.001/swg.fits[1]
scw/1420/142000290010.001/swg.fits[1]
scw/1420/142000600010.001/swg.fits[1]
scw/1420/142000790010.001/swg.fits[1]
scw/1420/142000800010.001/swg.fits[1]
scw/1421/142100030010.001/swg.fits[1]
scw/1421/142100040010.001/swg.fits[1]
scw/1421/142100230010.001/swg.fits[1]
scw/1421/142100530010.001/swg.fits[1]
scw/1421/142100540010.001/swg.fits[1]
scw/1421/142100730010.001/swg.fits[1]
scw/1421/142101040010.001/swg.fits[1]
scw/1422/142200070010.001/swg.fits[1]
scw/1422/142200080010.001/swg.fits[1]
scw/1422/142200170010.001/swg.fits[1]
scw/1422/142200480010.001/swg.fits[1]
scw/1422/142200580010.001/swg.fits[1]
scw/1422/142200660010.001/swg.fits[1]
scw/1422/142200670010.001/swg.fits[1]
scw/1422/142200980010.001/swg.fits[1]
scw/1422/142200990010.001/swg.fits[1]
scw/1423/142300010010.001/swg.fits[1]
scw/1423/142300020010.001/swg.fits[1]
scw/1423/142300110010.001/swg.fits[1]
scw/1423/142300410010.001/swg.fits[1]
scw/1423/142300420010.001/swg.fits[1]
scw/1423/142300430010.001/swg.fits[1]
scw/1423/142300520010.001/swg.fits[1]
scw/1423/142300600010.001/swg.fits[1]
scw/1423/142300610010.001/swg.fits[1]
scw/1423/142300920010.001/swg.fits[1]
scw/1423/142300930010.001/swg.fits[1]
scw/1423/142301000010.001/swg.fits[1]
scw/1423/142301010010.001/swg.fits[1]
scw/1423/142301020010.001/swg.fits[1]
scw/1424/142400060010.001/swg.fits[1]
scw/1424/142400370010.001/swg.fits[1]
