scw/1348/134800280010.001/swg.fits[1]
scw/1348/134800290010.001/swg.fits[1]
scw/1348/134800300010.001/swg.fits[1]
scw/1450/145000900010.001/swg.fits[1]
scw/1450/145001170010.001/swg.fits[1]
scw/1454/145400790010.001/swg.fits[1]
scw/1455/145500980010.001/swg.fits[1]
scw/1469/146900580010.001/swg.fits[1]
scw/1510/151000810010.001/swg.fits[1]
scw/1512/151200290010.001/swg.fits[1]
scw/1513/151300800010.001/swg.fits[1]
scw/1517/151700610010.001/swg.fits[1]
scw/1517/151700620010.001/swg.fits[1]
scw/1527/152700660010.001/swg.fits[1]
scw/1527/152700910010.001/swg.fits[1]
scw/1589/158900630010.001/swg.fits[1]
scw/1594/159400410010.001/swg.fits[1]
scw/1654/165400390010.001/swg.fits[1]
scw/1654/165400400010.001/swg.fits[1]
scw/1655/165500400010.001/swg.fits[1]
scw/1657/165700420010.001/swg.fits[1]
scw/1665/166500150010.001/swg.fits[1]
scw/1665/166500160010.001/swg.fits[1]
scw/1669/166900130010.001/swg.fits[1]
scw/1669/166900140010.001/swg.fits[1]
scw/1670/167000130010.001/swg.fits[1]
scw/1719/171900290010.001/swg.fits[1]
scw/1722/172200290010.001/swg.fits[1]
scw/1725/172500990010.001/swg.fits[1]
scw/1727/172700370010.001/swg.fits[1]
scw/1730/173000220010.001/swg.fits[1]
scw/1730/173000480010.001/swg.fits[1]
scw/1730/173000490010.001/swg.fits[1]
scw/1730/173000730010.001/swg.fits[1]
scw/1730/173000740010.001/swg.fits[1]
scw/1730/173000750010.001/swg.fits[1]
scw/1789/178900060010.001/swg.fits[1]
scw/1858/185800310010.001/swg.fits[1]
scw/1872/187200290010.001/swg.fits[1]
scw/1939/193900420010.001/swg.fits[1]
scw/1939/193900430010.001/swg.fits[1]
scw/1998/199800140010.001/swg.fits[1]
scw/2003/200300290010.001/swg.fits[1]
scw/2008/200800130010.001/swg.fits[1]
scw/2008/200800140010.001/swg.fits[1]
scw/2012/201200810010.001/swg.fits[1]
scw/2013/201300210010.001/swg.fits[1]
scw/2014/201400290010.001/swg.fits[1]
scw/2060/206000650010.001/swg.fits[1]
scw/2060/206000660010.001/swg.fits[1]
scw/2060/206000670010.001/swg.fits[1]
scw/2067/206700150010.001/swg.fits[1]
scw/2067/206700160010.001/swg.fits[1]
scw/2067/206700170010.001/swg.fits[1]
scw/2067/206700180010.001/swg.fits[1]
scw/2069/206900150010.001/swg.fits[1]
scw/2069/206900230010.001/swg.fits[1]
scw/2069/206900240010.001/swg.fits[1]
scw/2069/206900250010.001/swg.fits[1]
scw/2074/207400640010.001/swg.fits[1]
scw/2074/207400650010.001/swg.fits[1]
scw/2074/207400660010.001/swg.fits[1]
scw/2074/207400720010.001/swg.fits[1]
scw/2075/207500170010.001/swg.fits[1]
scw/2075/207500260010.001/swg.fits[1]
scw/2075/207500270010.001/swg.fits[1]
scw/2082/208200110010.001/swg.fits[1]
scw/2082/208200120010.001/swg.fits[1]
scw/2082/208200130010.001/swg.fits[1]
scw/2082/208200170010.001/swg.fits[1]
scw/2139/213900330010.001/swg.fits[1]
scw/2142/214200500010.001/swg.fits[1]
scw/2142/214200560010.001/swg.fits[1]
scw/2142/214200570010.001/swg.fits[1]
scw/2142/214200600010.001/swg.fits[1]
scw/2142/214200610010.001/swg.fits[1]
scw/2152/215200090010.001/swg.fits[1]
scw/2152/215200110010.001/swg.fits[1]
scw/2152/215200120010.001/swg.fits[1]
scw/2152/215200130010.001/swg.fits[1]
scw/2152/215200190010.001/swg.fits[1]
scw/2153/215300080010.001/swg.fits[1]
scw/2153/215300090010.001/swg.fits[1]
scw/2153/215300120010.001/swg.fits[1]
scw/2153/215300130010.001/swg.fits[1]
scw/2202/220200140010.001/swg.fits[1]
scw/2202/220200150010.001/swg.fits[1]
scw/2202/220200160010.001/swg.fits[1]
scw/2208/220800130010.001/swg.fits[1]
scw/2208/220800140010.001/swg.fits[1]
scw/2208/220800150010.001/swg.fits[1]
scw/2208/220800160010.001/swg.fits[1]
scw/2213/221300190010.001/swg.fits[1]
scw/2213/221300270010.001/swg.fits[1]
scw/2213/221300280010.001/swg.fits[1]
scw/2213/221300290010.001/swg.fits[1]
scw/2219/221900100010.001/swg.fits[1]
scw/2219/221900110010.001/swg.fits[1]
scw/2219/221900180010.001/swg.fits[1]
scw/2221/222100840010.001/swg.fits[1]
scw/2221/222100850010.001/swg.fits[1]
scw/2221/222100880010.001/swg.fits[1]
scw/2221/222100890010.001/swg.fits[1]
scw/2267/226700330010.001/swg.fits[1]
scw/2289/228900130010.001/swg.fits[1]
scw/2289/228900180010.001/swg.fits[1]
scw/2289/228900190010.001/swg.fits[1]
scw/2289/228900200010.001/swg.fits[1]
scw/2289/228900230010.001/swg.fits[1]
scw/2289/228900240010.001/swg.fits[1]
scw/2289/228900450010.001/swg.fits[1]
scw/2289/228900460010.001/swg.fits[1]
scw/2289/228900490010.001/swg.fits[1]
scw/2289/228900500010.001/swg.fits[1]
scw/2342/234200290010.001/swg.fits[1]
scw/2342/234200330010.001/swg.fits[1]
scw/2342/234200340010.001/swg.fits[1]
scw/2342/234200350010.001/swg.fits[1]
scw/2353/235300220010.001/swg.fits[1]
scw/2353/235300230010.001/swg.fits[1]
scw/2353/235300240010.001/swg.fits[1]
scw/2353/235300250010.001/swg.fits[1]
scw/2361/236100140010.001/swg.fits[1]
scw/2361/236100150010.001/swg.fits[1]
scw/2361/236100220010.001/swg.fits[1]
scw/2361/236100230010.001/swg.fits[1]
scw/2361/236100240010.001/swg.fits[1]
scw/2414/241400360010.001/swg.fits[1]
scw/2422/242200660010.001/swg.fits[1]
scw/2422/242200670010.001/swg.fits[1]
scw/2422/242200710010.001/swg.fits[1]
scw/2422/242200730010.001/swg.fits[1]
scw/2422/242200740010.001/swg.fits[1]
scw/2422/242200780010.001/swg.fits[1]
scw/2422/242200800010.001/swg.fits[1]
scw/2423/242300420010.001/swg.fits[1]
scw/2423/242300430010.001/swg.fits[1]
scw/2423/242300500010.001/swg.fits[1]
scw/2423/242300510010.001/swg.fits[1]
scw/2423/242300620010.001/swg.fits[1]
scw/2423/242300630010.001/swg.fits[1]
scw/2424/242400020010.001/swg.fits[1]
scw/2424/242400030010.001/swg.fits[1]
scw/2424/242400040010.001/swg.fits[1]
scw/2424/242400070010.001/swg.fits[1]
scw/2424/242400080010.001/swg.fits[1]
scw/2424/242400090010.001/swg.fits[1]
scw/2424/242400100010.001/swg.fits[1]
scw/2424/242400140010.001/swg.fits[1]
scw/2424/242400150010.001/swg.fits[1]
scw/2424/242400160010.001/swg.fits[1]
scw/2424/242400170010.001/swg.fits[1]
scw/2424/242400210010.001/swg.fits[1]
scw/2424/242400220010.001/swg.fits[1]
