scw/0475/047500700010.001/swg.fits[1]
scw/0475/047500710010.001/swg.fits[1]
scw/0475/047500770010.001/swg.fits[1]
scw/0476/047600520010.001/swg.fits[1]
scw/0476/047600530010.001/swg.fits[1]
scw/0476/047600550010.001/swg.fits[1]
scw/0477/047700140010.001/swg.fits[1]
scw/0478/047800480010.001/swg.fits[1]
scw/0478/047800490010.001/swg.fits[1]
scw/0478/047800560010.001/swg.fits[1]
scw/0478/047800570010.001/swg.fits[1]
scw/0479/047900340010.001/swg.fits[1]
scw/0479/047900350010.001/swg.fits[1]
scw/0479/047900360010.001/swg.fits[1]
scw/0479/047900420010.001/swg.fits[1]
scw/0479/047900820010.001/swg.fits[1]
scw/0480/048000220010.001/swg.fits[1]
scw/0480/048000250010.001/swg.fits[1]
scw/0480/048000260010.001/swg.fits[1]
scw/0480/048000690010.001/swg.fits[1]
scw/0480/048000710010.001/swg.fits[1]
scw/0480/048000720010.001/swg.fits[1]
scw/0480/048000730010.001/swg.fits[1]
scw/0480/048000790010.001/swg.fits[1]
scw/0481/048100450010.001/swg.fits[1]
scw/0481/048100460010.001/swg.fits[1]
scw/0481/048100530010.001/swg.fits[1]
scw/0481/048100540010.001/swg.fits[1]
scw/0484/048400410010.001/swg.fits[1]
scw/0484/048400430010.001/swg.fits[1]
scw/0484/048400440010.001/swg.fits[1]
scw/0484/048400450010.001/swg.fits[1]
scw/0484/048400510010.001/swg.fits[1]
scw/0484/048400520010.001/swg.fits[1]
scw/0485/048500170010.001/swg.fits[1]
scw/0485/048500180010.001/swg.fits[1]
scw/0485/048500250010.001/swg.fits[1]
scw/0485/048500260010.001/swg.fits[1]
scw/0485/048500270010.001/swg.fits[1]
scw/0485/048500740010.001/swg.fits[1]
scw/0485/048500750010.001/swg.fits[1]
scw/0485/048500810010.001/swg.fits[1]
scw/0485/048500820010.001/swg.fits[1]
scw/0485/048500830010.001/swg.fits[1]
scw/0488/048800120010.001/swg.fits[1]
scw/0534/053400670010.001/swg.fits[1]
scw/0534/053400680010.001/swg.fits[1]
scw/0534/053400750010.001/swg.fits[1]
scw/0534/053400760010.001/swg.fits[1]
scw/0535/053500070010.001/swg.fits[1]
scw/0535/053500080010.001/swg.fits[1]
scw/0535/053500150010.001/swg.fits[1]
scw/0535/053500160010.001/swg.fits[1]
scw/0535/053500170010.001/swg.fits[1]
scw/0535/053500780010.001/swg.fits[1]
scw/0535/053500790010.001/swg.fits[1]
scw/0536/053600690010.001/swg.fits[1]
scw/0536/053600700010.001/swg.fits[1]
scw/0537/053700400010.001/swg.fits[1]
scw/0537/053700410010.001/swg.fits[1]
scw/0537/053700420010.001/swg.fits[1]
scw/0537/053700490010.001/swg.fits[1]
scw/0537/053700500010.001/swg.fits[1]
scw/0537/053700700010.001/swg.fits[1]
scw/0537/053700710010.001/swg.fits[1]
scw/0537/053700720010.001/swg.fits[1]
scw/0539/053900040010.001/swg.fits[1]
scw/0539/053900580010.001/swg.fits[1]
scw/0539/053900590010.001/swg.fits[1]
scw/0539/053900660010.001/swg.fits[1]
scw/0539/053900670010.001/swg.fits[1]
scw/0540/054000030010.001/swg.fits[1]
scw/0542/054200400010.001/swg.fits[1]
scw/0542/054200410010.001/swg.fits[1]
scw/0542/054200480010.001/swg.fits[1]
scw/0542/054200490010.001/swg.fits[1]
scw/0545/054500450010.001/swg.fits[1]
scw/0545/054500510010.001/swg.fits[1]
scw/0545/054500520010.001/swg.fits[1]
scw/0545/054500530010.001/swg.fits[1]
scw/0545/054500540010.001/swg.fits[1]
scw/0545/054500550010.001/swg.fits[1]
scw/0546/054600310010.001/swg.fits[1]
scw/0546/054600370010.001/swg.fits[1]
scw/0546/054600390010.001/swg.fits[1]
scw/0594/059400100010.001/swg.fits[1]
scw/0594/059400110010.001/swg.fits[1]
scw/0594/059400120010.001/swg.fits[1]
scw/0594/059400180010.001/swg.fits[1]
scw/0594/059400540010.001/swg.fits[1]
scw/0594/059400600010.001/swg.fits[1]
scw/0594/059400610010.001/swg.fits[1]
scw/0594/059400620010.001/swg.fits[1]
scw/0594/059400630010.001/swg.fits[1]
scw/0595/059500160010.001/swg.fits[1]
scw/0595/059500480010.001/swg.fits[1]
scw/0595/059500540010.001/swg.fits[1]
scw/0595/059500550010.001/swg.fits[1]
scw/0595/059500560010.001/swg.fits[1]
scw/0595/059500570010.001/swg.fits[1]
scw/0595/059500580010.001/swg.fits[1]
scw/0595/059500640010.001/swg.fits[1]
scw/0596/059600400010.001/swg.fits[1]
scw/0596/059600460010.001/swg.fits[1]
scw/0596/059600470010.001/swg.fits[1]
scw/0596/059600480010.001/swg.fits[1]
scw/0596/059600490010.001/swg.fits[1]
scw/0596/059600500010.001/swg.fits[1]
scw/0596/059600560010.001/swg.fits[1]
scw/0599/059900430010.001/swg.fits[1]
scw/0599/059900490010.001/swg.fits[1]
scw/0599/059900500010.001/swg.fits[1]
scw/0599/059900510010.001/swg.fits[1]
scw/0599/059900520010.001/swg.fits[1]
scw/0599/059900530010.001/swg.fits[1]
scw/0599/059900590010.001/swg.fits[1]
scw/0600/060000330010.001/swg.fits[1]
scw/0600/060000390010.001/swg.fits[1]
scw/0600/060000400010.001/swg.fits[1]
scw/0600/060000410010.001/swg.fits[1]
scw/0600/060000420010.001/swg.fits[1]
scw/0600/060000430010.001/swg.fits[1]
scw/0600/060000490010.001/swg.fits[1]
scw/0601/060100360010.001/swg.fits[1]
scw/0601/060100420010.001/swg.fits[1]
scw/0601/060100430010.001/swg.fits[1]
scw/0601/060100440010.001/swg.fits[1]
scw/0601/060100450010.001/swg.fits[1]
scw/0601/060100460010.001/swg.fits[1]
scw/0601/060100520010.001/swg.fits[1]
scw/0604/060400060010.001/swg.fits[1]
scw/0604/060400390010.001/swg.fits[1]
scw/0604/060400450010.001/swg.fits[1]
scw/0604/060400460010.001/swg.fits[1]
scw/0604/060400470010.001/swg.fits[1]
scw/0604/060400490010.001/swg.fits[1]
scw/0604/060400500010.001/swg.fits[1]
scw/0660/066000030010.001/swg.fits[1]
scw/0661/066100230010.001/swg.fits[1]
scw/0661/066100240010.001/swg.fits[1]
scw/0661/066100260010.001/swg.fits[1]
scw/0661/066100270010.001/swg.fits[1]
scw/0661/066100280010.001/swg.fits[1]
scw/0661/066100340010.001/swg.fits[1]
scw/0661/066100670010.001/swg.fits[1]
scw/0663/066300220010.001/swg.fits[1]
scw/0663/066300230010.001/swg.fits[1]
scw/0663/066300240010.001/swg.fits[1]
scw/0663/066300250010.001/swg.fits[1]
scw/0663/066300260010.001/swg.fits[1]
scw/0663/066300320010.001/swg.fits[1]
scw/0669/066900180010.001/swg.fits[1]
scw/0669/066900190010.001/swg.fits[1]
scw/0669/066900200010.001/swg.fits[1]
scw/0669/066900210010.001/swg.fits[1]
scw/0669/066900280010.001/swg.fits[1]
scw/0724/072400700010.001/swg.fits[1]
scw/0724/072400710010.001/swg.fits[1]
scw/0724/072400720010.001/swg.fits[1]
scw/0724/072400780010.001/swg.fits[1]
scw/0725/072500400010.001/swg.fits[1]
scw/0725/072500410010.001/swg.fits[1]
scw/0725/072500420010.001/swg.fits[1]
scw/0725/072500430010.001/swg.fits[1]
scw/0725/072500440010.001/swg.fits[1]
scw/0725/072500500010.001/swg.fits[1]
scw/0726/072600370010.001/swg.fits[1]
scw/0726/072600380010.001/swg.fits[1]
scw/0726/072600440010.001/swg.fits[1]
scw/0726/072600450010.001/swg.fits[1]
scw/0726/072600460010.001/swg.fits[1]
scw/0726/072600480010.001/swg.fits[1]
scw/0726/072600490010.001/swg.fits[1]
scw/0730/073000060010.001/swg.fits[1]
scw/0731/073100970010.001/swg.fits[1]
scw/0731/073100980010.001/swg.fits[1]
scw/0731/073100990010.001/swg.fits[1]
scw/0733/073300870010.001/swg.fits[1]
scw/0733/073300880010.001/swg.fits[1]
scw/0733/073300890010.001/swg.fits[1]
scw/0733/073300900010.001/swg.fits[1]
scw/0733/073300910010.001/swg.fits[1]
scw/0733/073300970010.001/swg.fits[1]
scw/0734/073400460010.001/swg.fits[1]
scw/0734/073400470010.001/swg.fits[1]
scw/0734/073400480010.001/swg.fits[1]
scw/0734/073400520010.001/swg.fits[1]
scw/0734/073400880010.001/swg.fits[1]
scw/0734/073400920010.001/swg.fits[1]
scw/0736/073600110010.001/swg.fits[1]
scw/0736/073600120010.001/swg.fits[1]
scw/0736/073600130010.001/swg.fits[1]
scw/0736/073600170010.001/swg.fits[1]
scw/0736/073600530010.001/swg.fits[1]
scw/0736/073600570010.001/swg.fits[1]
scw/0736/073600580010.001/swg.fits[1]
scw/0736/073600590010.001/swg.fits[1]
scw/0777/077700100010.001/swg.fits[1]
scw/0777/077700160010.001/swg.fits[1]
scw/0777/077700170010.001/swg.fits[1]
scw/0777/077700180010.001/swg.fits[1]
scw/0777/077700200010.001/swg.fits[1]
scw/0778/077800120010.001/swg.fits[1]
scw/0778/077800130010.001/swg.fits[1]
scw/0778/077800160010.001/swg.fits[1]
scw/0778/077800170010.001/swg.fits[1]
scw/0779/077900280010.001/swg.fits[1]
scw/0779/077900310010.001/swg.fits[1]
scw/0779/077900320010.001/swg.fits[1]
scw/0781/078100140010.001/swg.fits[1]
scw/0781/078100150010.001/swg.fits[1]
scw/0781/078100180010.001/swg.fits[1]
scw/0781/078100190010.001/swg.fits[1]
scw/0785/078500370010.001/swg.fits[1]
scw/0789/078900120010.001/swg.fits[1]
scw/0789/078900130010.001/swg.fits[1]
scw/0789/078900150010.001/swg.fits[1]
scw/0789/078900160010.001/swg.fits[1]
scw/0789/078900170010.001/swg.fits[1]
scw/0789/078900230010.001/swg.fits[1]
scw/0792/079200240010.001/swg.fits[1]
scw/0792/079200310010.001/swg.fits[1]
scw/0792/079200320010.001/swg.fits[1]
scw/0792/079200330010.001/swg.fits[1]
scw/0792/079200340010.001/swg.fits[1]
scw/0792/079200350010.001/swg.fits[1]
scw/0792/079200410010.001/swg.fits[1]
scw/0838/083800330010.001/swg.fits[1]
scw/0838/083800340010.001/swg.fits[1]
scw/0838/083800360010.001/swg.fits[1]
scw/0838/083800370010.001/swg.fits[1]
scw/0838/083800380010.001/swg.fits[1]
scw/0838/083800440010.001/swg.fits[1]
scw/0846/084600030010.001/swg.fits[1]
scw/0846/084600040010.001/swg.fits[1]
scw/0846/084600490010.001/swg.fits[1]
scw/0846/084600500010.001/swg.fits[1]
scw/0846/084600530010.001/swg.fits[1]
scw/0846/084600540010.001/swg.fits[1]
scw/0846/084600550010.001/swg.fits[1]
scw/0846/084600590010.001/swg.fits[1]
scw/0849/084900890010.001/swg.fits[1]
scw/0853/085300060010.001/swg.fits[1]
scw/0895/089500420010.001/swg.fits[1]
scw/0895/089500510010.001/swg.fits[1]
scw/0895/089500520010.001/swg.fits[1]
scw/0896/089600480010.001/swg.fits[1]
scw/0897/089700410010.001/swg.fits[1]
