scw/0803/080300420010.001/swg.fits[1]
scw/0803/080300600010.001/swg.fits[1]
scw/0803/080300610010.001/swg.fits[1]
scw/0804/080400220010.001/swg.fits[1]
scw/0804/080400230010.001/swg.fits[1]
scw/0804/080400240010.001/swg.fits[1]
scw/0804/080400250010.001/swg.fits[1]
scw/0804/080400440010.001/swg.fits[1]
scw/0804/080400450010.001/swg.fits[1]
scw/0804/080400620010.001/swg.fits[1]
scw/0804/080400630010.001/swg.fits[1]
scw/0805/080500230010.001/swg.fits[1]
scw/0805/080500240010.001/swg.fits[1]
scw/0805/080500410010.001/swg.fits[1]
scw/0805/080500420010.001/swg.fits[1]
scw/0805/080500430010.001/swg.fits[1]
scw/0805/080500620010.001/swg.fits[1]
scw/0806/080600190010.001/swg.fits[1]
scw/0806/080600200010.001/swg.fits[1]
scw/0806/080600370010.001/swg.fits[1]
scw/0806/080600380010.001/swg.fits[1]
scw/0806/080600390010.001/swg.fits[1]
scw/0806/080600400010.001/swg.fits[1]
scw/0806/080600570010.001/swg.fits[1]
scw/0806/080600580010.001/swg.fits[1]
scw/0806/080600590010.001/swg.fits[1]
scw/0806/080600600010.001/swg.fits[1]
scw/0875/087500890010.001/swg.fits[1]
scw/0875/087501080010.001/swg.fits[1]
scw/0875/087501090010.001/swg.fits[1]
scw/0875/087501100010.001/swg.fits[1]
scw/0877/087700520010.001/swg.fits[1]
scw/0877/087700530010.001/swg.fits[1]
scw/0983/098300270010.001/swg.fits[1]
scw/0983/098300500010.001/swg.fits[1]
scw/0983/098300510010.001/swg.fits[1]
scw/0983/098300520010.001/swg.fits[1]
scw/0983/098300690010.001/swg.fits[1]
scw/0983/098300700010.001/swg.fits[1]
scw/0985/098500570010.001/swg.fits[1]
scw/0985/098500580010.001/swg.fits[1]
scw/0985/098500870010.001/swg.fits[1]
scw/0985/098500880010.001/swg.fits[1]
scw/0986/098600600010.001/swg.fits[1]
scw/0986/098600620010.001/swg.fits[1]
scw/0989/098900110010.001/swg.fits[1]
scw/0989/098900330010.001/swg.fits[1]
scw/0989/098900340010.001/swg.fits[1]
scw/0989/098900350010.001/swg.fits[1]
scw/0989/098900590010.001/swg.fits[1]
scw/0989/098900600010.001/swg.fits[1]
scw/0989/098900620010.001/swg.fits[1]
scw/0989/098900640010.001/swg.fits[1]
scw/0992/099200380010.001/swg.fits[1]
scw/0992/099200390010.001/swg.fits[1]
scw/0992/099200400010.001/swg.fits[1]
scw/0992/099200410010.001/swg.fits[1]
scw/0992/099200620010.001/swg.fits[1]
scw/0992/099200640010.001/swg.fits[1]
scw/0992/099200650010.001/swg.fits[1]
scw/0992/099200900010.001/swg.fits[1]
scw/0992/099200910010.001/swg.fits[1]
scw/0993/099300380010.001/swg.fits[1]
scw/0993/099300400010.001/swg.fits[1]
scw/0994/099400350010.001/swg.fits[1]
scw/0994/099400360010.001/swg.fits[1]
scw/0994/099400380010.001/swg.fits[1]
scw/0994/099400400010.001/swg.fits[1]
scw/0994/099400580010.001/swg.fits[1]
scw/0994/099400590010.001/swg.fits[1]
scw/0994/099400810010.001/swg.fits[1]
scw/0994/099400820010.001/swg.fits[1]
scw/0995/099500580010.001/swg.fits[1]
scw/0995/099500590010.001/swg.fits[1]
scw/0995/099500810010.001/swg.fits[1]
scw/0995/099500820010.001/swg.fits[1]
scw/0996/099600100010.001/swg.fits[1]
scw/0996/099600120010.001/swg.fits[1]
scw/0996/099600790010.001/swg.fits[1]
scw/0996/099600800010.001/swg.fits[1]
scw/0996/099600810010.001/swg.fits[1]
scw/0996/099600820010.001/swg.fits[1]
scw/1049/104900880010.001/swg.fits[1]
scw/1050/105000410010.001/swg.fits[1]
scw/1051/105100500010.001/swg.fits[1]
scw/1053/105300220010.001/swg.fits[1]
scw/1055/105500200010.001/swg.fits[1]
scw/1056/105600670010.001/swg.fits[1]
scw/1056/105600760010.001/swg.fits[1]
scw/1059/105900080010.001/swg.fits[1]
scw/1059/105900190010.001/swg.fits[1]
scw/1119/111900920010.001/swg.fits[1]
scw/1121/112100070010.001/swg.fits[1]
scw/1122/112200760010.001/swg.fits[1]
scw/1123/112300080010.001/swg.fits[1]
scw/1124/112400210010.001/swg.fits[1]
scw/1125/112500670010.001/swg.fits[1]
scw/1126/112600150010.001/swg.fits[1]
scw/1141/114100410010.001/swg.fits[1]
scw/1169/116900660010.001/swg.fits[1]
scw/1173/117300180010.001/swg.fits[1]
scw/1174/117400780010.001/swg.fits[1]
scw/1180/118000070010.001/swg.fits[1]
scw/1181/118100100010.001/swg.fits[1]
scw/1190/119000100010.001/swg.fits[1]
scw/1227/122700950010.001/swg.fits[1]
scw/1231/123100380010.001/swg.fits[1]
scw/1235/123500160010.001/swg.fits[1]
scw/1238/123800070010.001/swg.fits[1]
scw/1241/124100070010.001/swg.fits[1]
scw/1243/124300050010.001/swg.fits[1]
scw/1243/124300180010.001/swg.fits[1]
scw/1244/124400620010.001/swg.fits[1]
scw/1245/124500040010.001/swg.fits[1]
scw/1247/124700150010.001/swg.fits[1]
scw/1248/124800530010.001/swg.fits[1]
scw/1252/125200600010.001/swg.fits[1]
scw/1296/129600830010.001/swg.fits[1]
scw/1296/129600880010.001/swg.fits[1]
scw/1303/130300520010.001/swg.fits[1]
scw/1303/130300630010.001/swg.fits[1]
scw/1304/130400080010.001/swg.fits[1]
scw/1304/130400170010.001/swg.fits[1]
scw/1315/131500470010.001/swg.fits[1]
scw/1315/131500520010.001/swg.fits[1]
scw/1316/131600630010.001/swg.fits[1]
scw/1316/131600800010.001/swg.fits[1]
scw/1366/136600610010.001/swg.fits[1]
scw/1366/136600760010.001/swg.fits[1]
scw/1375/137500770010.001/swg.fits[1]
scw/1434/143400380010.001/swg.fits[1]
scw/1434/143400440010.001/swg.fits[1]
scw/1434/143400450010.001/swg.fits[1]
scw/1434/143400460010.001/swg.fits[1]
scw/1434/143400470010.001/swg.fits[1]
scw/1434/143400480010.001/swg.fits[1]
scw/1434/143400490010.001/swg.fits[1]
scw/1435/143500280010.001/swg.fits[1]
scw/1435/143500320010.001/swg.fits[1]
scw/1435/143500330010.001/swg.fits[1]
scw/1435/143500340010.001/swg.fits[1]
scw/1435/143500370010.001/swg.fits[1]
scw/1435/143500380010.001/swg.fits[1]
scw/1435/143500430010.001/swg.fits[1]
scw/1436/143600160010.001/swg.fits[1]
scw/1436/143600170010.001/swg.fits[1]
scw/1436/143600210010.001/swg.fits[1]
scw/1436/143600220010.001/swg.fits[1]
scw/1436/143600230010.001/swg.fits[1]
scw/1436/143600260010.001/swg.fits[1]
scw/1436/143600270010.001/swg.fits[1]
scw/1436/143600280010.001/swg.fits[1]
scw/1437/143700110010.001/swg.fits[1]
scw/1437/143700150010.001/swg.fits[1]
scw/1437/143700160010.001/swg.fits[1]
scw/1437/143700170010.001/swg.fits[1]
scw/1471/147100140010.001/swg.fits[1]
scw/1471/147100280010.001/swg.fits[1]
scw/1479/147900420010.001/swg.fits[1]
scw/1479/147900880010.001/swg.fits[1]
scw/1480/148000930010.001/swg.fits[1]
scw/1482/148200070010.001/swg.fits[1]
scw/1484/148400060010.001/swg.fits[1]
scw/1484/148400180010.001/swg.fits[1]
scw/1485/148500930010.001/swg.fits[1]
scw/1487/148700150010.001/swg.fits[1]
scw/1490/149000060010.001/swg.fits[1]
scw/1490/149000150010.001/swg.fits[1]
scw/1605/160500130010.001/swg.fits[1]
scw/1605/160500180010.001/swg.fits[1]
scw/1616/161600610010.001/swg.fits[1]
scw/1616/161600680010.001/swg.fits[1]
scw/1624/162400060010.001/swg.fits[1]
scw/1624/162400170010.001/swg.fits[1]
scw/1988/198800640010.001/swg.fits[1]
scw/2271/227100930010.001/swg.fits[1]
scw/2324/232400260010.001/swg.fits[1]
scw/2325/232500500010.001/swg.fits[1]
scw/2325/232500510010.001/swg.fits[1]
scw/2325/232500520010.001/swg.fits[1]
scw/2325/232500530010.001/swg.fits[1]
scw/2325/232500540010.001/swg.fits[1]
scw/2392/239200080010.001/swg.fits[1]
scw/2392/239200150010.001/swg.fits[1]
scw/2392/239200160010.001/swg.fits[1]
scw/2392/239200170010.001/swg.fits[1]
scw/2392/239200180010.001/swg.fits[1]
scw/2396/239600030010.001/swg.fits[1]
scw/2396/239600100010.001/swg.fits[1]
scw/2396/239600110010.001/swg.fits[1]
scw/2396/239600120010.001/swg.fits[1]
scw/2396/239600130010.001/swg.fits[1]
scw/2446/244600020010.001/swg.fits[1]
scw/2446/244600030010.001/swg.fits[1]
scw/2446/244600040010.001/swg.fits[1]
scw/2446/244600090010.001/swg.fits[1]
scw/2446/244600100010.001/swg.fits[1]
scw/2446/244600110010.001/swg.fits[1]
scw/2462/246200070010.001/swg.fits[1]
scw/2462/246200160010.001/swg.fits[1]
scw/2462/246200310010.001/swg.fits[1]
