scw/0416/041600390010.001/swg.fits[1]
scw/1667/166700040010.001/swg.fits[1]
scw/1667/166700050010.001/swg.fits[1]
scw/1668/166800480010.001/swg.fits[1]
scw/1668/166800490010.001/swg.fits[1]
scw/1668/166800720010.001/swg.fits[1]
scw/1668/166800950010.001/swg.fits[1]
scw/1669/166900740010.001/swg.fits[1]
scw/1670/167000460010.001/swg.fits[1]
scw/1722/172200600010.001/swg.fits[1]
scw/1725/172500240010.001/swg.fits[1]
scw/1727/172700580010.001/swg.fits[1]
scw/1729/172900600010.001/swg.fits[1]
scw/1731/173100910010.001/swg.fits[1]
scw/1732/173200340010.001/swg.fits[1]
scw/1732/173200850010.001/swg.fits[1]
scw/1735/173500780010.001/swg.fits[1]
scw/1737/173700650010.001/swg.fits[1]
scw/1737/173700810010.001/swg.fits[1]
scw/1792/179200480010.001/swg.fits[1]
scw/1792/179200640010.001/swg.fits[1]
scw/1792/179200800010.001/swg.fits[1]
scw/1793/179300700010.001/swg.fits[1]
scw/1802/180200410010.001/swg.fits[1]
scw/1875/187500500010.001/swg.fits[1]
scw/1875/187500840010.001/swg.fits[1]
scw/1942/194200060010.001/swg.fits[1]
scw/1942/194200840010.001/swg.fits[1]
scw/2002/200200370010.001/swg.fits[1]
scw/2002/200200690010.001/swg.fits[1]
scw/2002/200200850010.001/swg.fits[1]
scw/2008/200800530010.001/swg.fits[1]
scw/2009/200900850010.001/swg.fits[1]
scw/2013/201300360010.001/swg.fits[1]
scw/2013/201300520010.001/swg.fits[1]
scw/2013/201300570010.001/swg.fits[1]
scw/2067/206700600010.001/swg.fits[1]
scw/2068/206800640010.001/swg.fits[1]
scw/2069/206900560010.001/swg.fits[1]
scw/2071/207100570010.001/swg.fits[1]
scw/2077/207700470010.001/swg.fits[1]
scw/2079/207900580010.001/swg.fits[1]
scw/2080/208000400010.001/swg.fits[1]
scw/2138/213800770010.001/swg.fits[1]
scw/2139/213900610010.001/swg.fits[1]
scw/2149/214900820010.001/swg.fits[1]
scw/2150/215000520010.001/swg.fits[1]
scw/2150/215000840010.001/swg.fits[1]
scw/2151/215100600010.001/swg.fits[1]
scw/2201/220100560010.001/swg.fits[1]
scw/2208/220800630010.001/swg.fits[1]
scw/2209/220900520010.001/swg.fits[1]
scw/2211/221100780010.001/swg.fits[1]
scw/2213/221300600010.001/swg.fits[1]
scw/2216/221600340010.001/swg.fits[1]
scw/2219/221900480010.001/swg.fits[1]
scw/2220/222000790010.001/swg.fits[1]
scw/2346/234600230010.001/swg.fits[1]
scw/2352/235200230010.001/swg.fits[1]
scw/2354/235400300010.001/swg.fits[1]
scw/2357/235700630010.001/swg.fits[1]
