scw/0104/010400140010.001/swg.fits[1]
scw/0104/010400180010.001/swg.fits[1]
scw/0104/010400190010.001/swg.fits[1]
scw/0104/010400200010.001/swg.fits[1]
scw/0104/010400240010.001/swg.fits[1]
scw/0104/010400250010.001/swg.fits[1]
scw/0104/010400270010.001/swg.fits[1]
scw/0104/010400280010.001/swg.fits[1]
scw/0104/010400320010.001/swg.fits[1]
scw/0104/010400330010.001/swg.fits[1]
scw/0104/010400340010.001/swg.fits[1]
scw/0104/010400380010.001/swg.fits[1]
scw/0104/010400620010.001/swg.fits[1]
scw/0104/010400660010.001/swg.fits[1]
scw/0104/010400670010.001/swg.fits[1]
scw/0104/010400680010.001/swg.fits[1]
scw/0104/010400720010.001/swg.fits[1]
scw/0104/010400730010.001/swg.fits[1]
scw/0578/057800020010.001/swg.fits[1]
scw/0578/057800390010.001/swg.fits[1]
scw/0584/058400300010.001/swg.fits[1]
scw/0588/058800020010.001/swg.fits[1]
