scw/0037/003700020010.001/swg.fits[1]
scw/0037/003700500010.001/swg.fits[1]
scw/0038/003800010010.001/swg.fits[1]
scw/0047/004700580010.001/swg.fits[1]
scw/0047/004700590010.001/swg.fits[1]
scw/0047/004700730010.001/swg.fits[1]
scw/0047/004700740010.001/swg.fits[1]
scw/0047/004700750010.001/swg.fits[1]
scw/0047/004700760010.001/swg.fits[1]
scw/0047/004700910010.001/swg.fits[1]
scw/0047/004700920010.001/swg.fits[1]
scw/0047/004700930010.001/swg.fits[1]
scw/0047/004701060010.001/swg.fits[1]
scw/0047/004701070010.001/swg.fits[1]
scw/0050/005000730010.001/swg.fits[1]
scw/0050/005000740010.001/swg.fits[1]
scw/0050/005000970010.001/swg.fits[1]
scw/0050/005000980010.001/swg.fits[1]
scw/0050/005000990010.001/swg.fits[1]
scw/0100/010000140010.001/swg.fits[1]
scw/0100/010000150010.001/swg.fits[1]
scw/0101/010100630010.001/swg.fits[1]
scw/0101/010100640010.001/swg.fits[1]
scw/0116/011600270010.001/swg.fits[1]
scw/0116/011600280010.001/swg.fits[1]
scw/0116/011600290010.001/swg.fits[1]
scw/0116/011600300010.001/swg.fits[1]
scw/0116/011600440010.001/swg.fits[1]
scw/0116/011600450010.001/swg.fits[1]
scw/0116/011600460010.001/swg.fits[1]
scw/0116/011600470010.001/swg.fits[1]
scw/0116/011600610010.001/swg.fits[1]
scw/0116/011600620010.001/swg.fits[1]
scw/0116/011600630010.001/swg.fits[1]
scw/0116/011600640010.001/swg.fits[1]
scw/0118/011800180010.001/swg.fits[1]
scw/0118/011800190010.001/swg.fits[1]
scw/0118/011800400010.001/swg.fits[1]
scw/0118/011800410010.001/swg.fits[1]
scw/0157/015700190010.001/swg.fits[1]
scw/0164/016400910010.001/swg.fits[1]
scw/0166/016600030010.001/swg.fits[1]
scw/0166/016600040010.001/swg.fits[1]
scw/0166/016600050010.001/swg.fits[1]
scw/0166/016600090010.001/swg.fits[1]
scw/0166/016600430010.001/swg.fits[1]
scw/0166/016600470010.001/swg.fits[1]
scw/0166/016600480010.001/swg.fits[1]
scw/0166/016600490010.001/swg.fits[1]
scw/0166/016600510010.001/swg.fits[1]
scw/0166/016600520010.001/swg.fits[1]
scw/0166/016600530010.001/swg.fits[1]
scw/0166/016600570010.001/swg.fits[1]
scw/0175/017500380010.001/swg.fits[1]
scw/0222/022200310010.001/swg.fits[1]
scw/0223/022300120010.001/swg.fits[1]
scw/0223/022300600010.001/swg.fits[1]
scw/0224/022400360010.001/swg.fits[1]
scw/0224/022400370010.001/swg.fits[1]
scw/0224/022400380010.001/swg.fits[1]
scw/0224/022400420010.001/swg.fits[1]
scw/0224/022400760010.001/swg.fits[1]
scw/0224/022400800010.001/swg.fits[1]
scw/0283/028300270010.001/swg.fits[1]
scw/0284/028400550010.001/swg.fits[1]
scw/0285/028500510010.001/swg.fits[1]
scw/0287/028700550010.001/swg.fits[1]
scw/0288/028800540010.001/swg.fits[1]
scw/0292/029200590010.001/swg.fits[1]
scw/0293/029300490010.001/swg.fits[1]
scw/0302/030200910010.001/swg.fits[1]
scw/0302/030201000010.001/swg.fits[1]
scw/0303/030300630010.001/swg.fits[1]
scw/0303/030300640010.001/swg.fits[1]
scw/0303/030300730010.001/swg.fits[1]
scw/0347/034700450010.001/swg.fits[1]
scw/0350/035000320010.001/swg.fits[1]
scw/0353/035300450010.001/swg.fits[1]
scw/0468/046800440010.001/swg.fits[1]
scw/0468/046800450010.001/swg.fits[1]
scw/0468/046800540010.001/swg.fits[1]
scw/0525/052500160010.001/swg.fits[1]
scw/0525/052500170010.001/swg.fits[1]
scw/0525/052500180010.001/swg.fits[1]
scw/0525/052500260010.001/swg.fits[1]
scw/0525/052500270010.001/swg.fits[1]
scw/0525/052500360010.001/swg.fits[1]
scw/0531/053100260010.001/swg.fits[1]
scw/0531/053100270010.001/swg.fits[1]
scw/0531/053100360010.001/swg.fits[1]
scw/0531/053100460010.001/swg.fits[1]
scw/0531/053100470010.001/swg.fits[1]
scw/0536/053600210010.001/swg.fits[1]
scw/0536/053600290010.001/swg.fits[1]
scw/0536/053600300010.001/swg.fits[1]
scw/0536/053600310010.001/swg.fits[1]
scw/0536/053600500010.001/swg.fits[1]
scw/0536/053600510010.001/swg.fits[1]
scw/0540/054000150010.001/swg.fits[1]
scw/0540/054000230010.001/swg.fits[1]
scw/0540/054000240010.001/swg.fits[1]
scw/0540/054000250010.001/swg.fits[1]
scw/0540/054000440010.001/swg.fits[1]
scw/0540/054000450010.001/swg.fits[1]
scw/0544/054400290010.001/swg.fits[1]
scw/0544/054400370010.001/swg.fits[1]
scw/0544/054400380010.001/swg.fits[1]
scw/0544/054400390010.001/swg.fits[1]
scw/0544/054400590010.001/swg.fits[1]
scw/0544/054400680010.001/swg.fits[1]
scw/0544/054400770010.001/swg.fits[1]
scw/0782/078200140010.001/swg.fits[1]
scw/0782/078200660010.001/swg.fits[1]
scw/0785/078500480010.001/swg.fits[1]
scw/0788/078800490010.001/swg.fits[1]
scw/0788/078800500010.001/swg.fits[1]
scw/0790/079000220010.001/swg.fits[1]
scw/0791/079101100010.001/swg.fits[1]
scw/0840/084000500010.001/swg.fits[1]
scw/0840/084000940010.001/swg.fits[1]
scw/0841/084100500010.001/swg.fits[1]
scw/0842/084200490010.001/swg.fits[1]
scw/0842/084200500010.001/swg.fits[1]
scw/0842/084200510010.001/swg.fits[1]
scw/0842/084200940010.001/swg.fits[1]
scw/0843/084300840010.001/swg.fits[1]
scw/0844/084400480010.001/swg.fits[1]
scw/0844/084400920010.001/swg.fits[1]
scw/0845/084500480010.001/swg.fits[1]
scw/0845/084500910010.001/swg.fits[1]
scw/0845/084500920010.001/swg.fits[1]
scw/0845/084500930010.001/swg.fits[1]
scw/0850/085000470010.001/swg.fits[1]
scw/0850/085000480010.001/swg.fits[1]
scw/0850/085000490010.001/swg.fits[1]
scw/0850/085000870010.001/swg.fits[1]
scw/0899/089900400010.001/swg.fits[1]
scw/0899/089901100010.001/swg.fits[1]
scw/0900/090000310010.001/swg.fits[1]
scw/0901/090100390010.001/swg.fits[1]
scw/0901/090100400010.001/swg.fits[1]
scw/0901/090100410010.001/swg.fits[1]
scw/0901/090100920010.001/swg.fits[1]
scw/0902/090200610010.001/swg.fits[1]
scw/0902/090200680010.001/swg.fits[1]
scw/0904/090400080010.001/swg.fits[1]
scw/0904/090400880010.001/swg.fits[1]
scw/0905/090500400010.001/swg.fits[1]
scw/0906/090600210010.001/swg.fits[1]
scw/0906/090600220010.001/swg.fits[1]
scw/0906/090600230010.001/swg.fits[1]
scw/0906/090600760010.001/swg.fits[1]
scw/0907/090700220010.001/swg.fits[1]
scw/0907/090700830010.001/swg.fits[1]
scw/0908/090800310010.001/swg.fits[1]
scw/0908/090800320010.001/swg.fits[1]
scw/0908/090800830010.001/swg.fits[1]
scw/0908/090800840010.001/swg.fits[1]
scw/0909/090900050010.001/swg.fits[1]
scw/0909/090900730010.001/swg.fits[1]
scw/0909/090900740010.001/swg.fits[1]
scw/0909/090900750010.001/swg.fits[1]
scw/0910/091000050010.001/swg.fits[1]
scw/0910/091000060010.001/swg.fits[1]
scw/0910/091000740010.001/swg.fits[1]
scw/0910/091000750010.001/swg.fits[1]
scw/0916/091600550010.001/swg.fits[1]
scw/0916/091600620010.001/swg.fits[1]
scw/0916/091600690010.001/swg.fits[1]
scw/1011/101100700010.001/swg.fits[1]
scw/1012/101200980010.001/swg.fits[1]
scw/1022/102200440010.001/swg.fits[1]
scw/1022/102200450010.001/swg.fits[1]
scw/1023/102300360010.001/swg.fits[1]
scw/1023/102300370010.001/swg.fits[1]
scw/1024/102400360010.001/swg.fits[1]
scw/1024/102400370010.001/swg.fits[1]
scw/1024/102400600010.001/swg.fits[1]
scw/1024/102400610010.001/swg.fits[1]
scw/1082/108200550010.001/swg.fits[1]
scw/1082/108200560010.001/swg.fits[1]
scw/1082/108200570010.001/swg.fits[1]
scw/1083/108300550010.001/swg.fits[1]
scw/1083/108300560010.001/swg.fits[1]
scw/1083/108300940010.001/swg.fits[1]
scw/1083/108300950010.001/swg.fits[1]
scw/1083/108300960010.001/swg.fits[1]
scw/1088/108800530010.001/swg.fits[1]
scw/1088/108800540010.001/swg.fits[1]
scw/1088/108800550010.001/swg.fits[1]
scw/1139/113900170010.001/swg.fits[1]
scw/1142/114200280010.001/swg.fits[1]
scw/1142/114200290010.001/swg.fits[1]
scw/1142/114200530010.001/swg.fits[1]
scw/1142/114200540010.001/swg.fits[1]
scw/1143/114300600010.001/swg.fits[1]
scw/1143/114300610010.001/swg.fits[1]
scw/1143/114300840010.001/swg.fits[1]
scw/1143/114300850010.001/swg.fits[1]
scw/1144/114400540010.001/swg.fits[1]
scw/1144/114400550010.001/swg.fits[1]
scw/1448/144801000010.001/swg.fits[1]
scw/2333/233300410010.001/swg.fits[1]
scw/2419/241900030010.001/swg.fits[1]
scw/2419/241900090010.001/swg.fits[1]
scw/2419/241900100010.001/swg.fits[1]
scw/2419/241900110010.001/swg.fits[1]
scw/2419/241900160010.001/swg.fits[1]
scw/2419/241900170010.001/swg.fits[1]
scw/2419/241900240010.001/swg.fits[1]
scw/2419/241900310010.001/swg.fits[1]
scw/2419/241900380010.001/swg.fits[1]
scw/2419/241900390010.001/swg.fits[1]
scw/2419/241900450010.001/swg.fits[1]
scw/2419/241900460010.001/swg.fits[1]
scw/2419/241900520010.001/swg.fits[1]
