scw/0485/048500560010.001/swg.fits[1]
scw/0485/048500600010.001/swg.fits[1]
scw/0485/048500610010.001/swg.fits[1]
scw/0485/048500620010.001/swg.fits[1]
scw/0534/053400310010.001/swg.fits[1]
scw/0534/053400320010.001/swg.fits[1]
scw/0534/053400350010.001/swg.fits[1]
scw/0534/053400360010.001/swg.fits[1]
scw/0534/053400370010.001/swg.fits[1]
scw/0534/053400410010.001/swg.fits[1]
scw/0534/053400420010.001/swg.fits[1]
scw/0534/053400450010.001/swg.fits[1]
scw/0534/053400460010.001/swg.fits[1]
scw/0535/053500600010.001/swg.fits[1]
scw/0535/053500640010.001/swg.fits[1]
scw/0535/053500650010.001/swg.fits[1]
scw/0535/053500660010.001/swg.fits[1]
scw/0536/053600790010.001/swg.fits[1]
scw/0536/053600800010.001/swg.fits[1]
scw/0536/053600810010.001/swg.fits[1]
scw/0536/053600830010.001/swg.fits[1]
scw/0539/053900430010.001/swg.fits[1]
scw/0539/053900440010.001/swg.fits[1]
scw/0539/053900450010.001/swg.fits[1]
scw/0539/053900480010.001/swg.fits[1]
scw/0539/053900490010.001/swg.fits[1]
scw/0539/053900800010.001/swg.fits[1]
scw/0539/053900810010.001/swg.fits[1]
scw/0540/054000710010.001/swg.fits[1]
scw/0540/054000720010.001/swg.fits[1]
scw/0540/054000730010.001/swg.fits[1]
scw/0542/054200730010.001/swg.fits[1]
scw/0542/054200740010.001/swg.fits[1]
scw/0542/054200770010.001/swg.fits[1]
scw/0542/054200780010.001/swg.fits[1]
scw/0542/054200790010.001/swg.fits[1]
scw/0543/054300050010.001/swg.fits[1]
scw/0545/054500380010.001/swg.fits[1]
scw/0545/054500390010.001/swg.fits[1]
scw/0545/054500590010.001/swg.fits[1]
scw/0546/054600040010.001/swg.fits[1]
scw/0546/054600050010.001/swg.fits[1]
scw/0546/054600060010.001/swg.fits[1]
scw/0546/054600230010.001/swg.fits[1]
scw/0546/054600240010.001/swg.fits[1]
scw/0546/054600250010.001/swg.fits[1]
scw/0547/054700520010.001/swg.fits[1]
scw/0594/059400240010.001/swg.fits[1]
scw/0594/059400250010.001/swg.fits[1]
scw/0594/059400260010.001/swg.fits[1]
scw/0594/059400470010.001/swg.fits[1]
scw/0594/059400480010.001/swg.fits[1]
scw/0595/059500220010.001/swg.fits[1]
scw/0595/059500230010.001/swg.fits[1]
scw/0595/059500410010.001/swg.fits[1]
scw/0595/059500420010.001/swg.fits[1]
scw/0596/059600140010.001/swg.fits[1]
scw/0596/059600150010.001/swg.fits[1]
scw/0596/059600330010.001/swg.fits[1]
scw/0596/059600340010.001/swg.fits[1]
scw/0599/059900170010.001/swg.fits[1]
scw/0599/059900180010.001/swg.fits[1]
scw/0599/059900360010.001/swg.fits[1]
scw/0599/059900370010.001/swg.fits[1]
scw/0599/059900650010.001/swg.fits[1]
scw/0600/060000080010.001/swg.fits[1]
scw/0600/060000260010.001/swg.fits[1]
scw/0600/060000270010.001/swg.fits[1]
scw/0600/060000550010.001/swg.fits[1]
scw/0600/060000560010.001/swg.fits[1]
scw/0601/060100290010.001/swg.fits[1]
scw/0601/060100300010.001/swg.fits[1]
scw/0601/060100580010.001/swg.fits[1]
scw/0601/060100590010.001/swg.fits[1]
scw/0604/060400130010.001/swg.fits[1]
scw/0604/060400320010.001/swg.fits[1]
scw/0604/060400330010.001/swg.fits[1]
scw/0604/060400620010.001/swg.fits[1]
scw/0604/060400630010.001/swg.fits[1]
scw/0604/060400630020.001/swg.fits[1]
scw/0661/066100400010.001/swg.fits[1]
scw/0661/066100410010.001/swg.fits[1]
scw/0661/066100420010.001/swg.fits[1]
scw/0661/066100500010.001/swg.fits[1]
scw/0661/066100510010.001/swg.fits[1]
scw/0661/066100590010.001/swg.fits[1]
scw/0661/066100600010.001/swg.fits[1]
scw/0661/066100610010.001/swg.fits[1]
scw/0663/066300120010.001/swg.fits[1]
scw/0663/066300380010.001/swg.fits[1]
scw/0663/066300390010.001/swg.fits[1]
scw/0663/066300400010.001/swg.fits[1]
scw/0663/066300480010.001/swg.fits[1]
scw/0663/066300580010.001/swg.fits[1]
scw/0663/066300590010.001/swg.fits[1]
scw/0663/066300680010.001/swg.fits[1]
scw/0669/066900250010.001/swg.fits[1]
scw/0669/066900340010.001/swg.fits[1]
scw/0669/066900350010.001/swg.fits[1]
scw/0724/072400840010.001/swg.fits[1]
scw/0724/072400850010.001/swg.fits[1]
scw/0725/072500250010.001/swg.fits[1]
scw/0725/072500260010.001/swg.fits[1]
scw/0725/072500270010.001/swg.fits[1]
scw/0725/072500360010.001/swg.fits[1]
scw/0725/072500560010.001/swg.fits[1]
scw/0725/072500570010.001/swg.fits[1]
scw/0726/072600210010.001/swg.fits[1]
scw/0726/072600220010.001/swg.fits[1]
scw/0726/072600300010.001/swg.fits[1]
scw/0726/072600310010.001/swg.fits[1]
scw/0726/072600320010.001/swg.fits[1]
scw/0726/072600610010.001/swg.fits[1]
scw/0726/072600620010.001/swg.fits[1]
scw/0735/073500900010.001/swg.fits[1]
scw/0735/073500910010.001/swg.fits[1]
scw/0777/077700030010.001/swg.fits[1]
scw/0777/077700240010.001/swg.fits[1]
scw/0777/077700330010.001/swg.fits[1]
scw/0777/077700340010.001/swg.fits[1]
scw/0777/077700530010.001/swg.fits[1]
scw/0777/077700540010.001/swg.fits[1]
scw/0778/077800290010.001/swg.fits[1]
scw/0778/077800300010.001/swg.fits[1]
scw/0779/077900140010.001/swg.fits[1]
scw/0779/077900150010.001/swg.fits[1]
scw/0780/078000210010.001/swg.fits[1]
scw/0780/078000410010.001/swg.fits[1]
scw/0783/078300020010.001/swg.fits[1]
scw/0783/078300030010.001/swg.fits[1]
scw/0783/078300220010.001/swg.fits[1]
scw/0783/078300230010.001/swg.fits[1]
scw/0789/078900050010.001/swg.fits[1]
scw/0789/078900290010.001/swg.fits[1]
scw/0789/078900300010.001/swg.fits[1]
scw/0790/079000280010.001/swg.fits[1]
scw/0790/079000360010.001/swg.fits[1]
scw/0792/079200170010.001/swg.fits[1]
scw/0792/079200180010.001/swg.fits[1]
scw/0792/079200470010.001/swg.fits[1]
scw/0792/079200480010.001/swg.fits[1]
scw/0795/079500140010.001/swg.fits[1]
scw/0795/079500150010.001/swg.fits[1]
scw/0795/079500160010.001/swg.fits[1]
scw/0795/079500240010.001/swg.fits[1]
scw/0838/083800110010.001/swg.fits[1]
scw/0838/083800190010.001/swg.fits[1]
scw/0838/083800200010.001/swg.fits[1]
scw/0838/083800210010.001/swg.fits[1]
scw/0838/083800500010.001/swg.fits[1]
scw/0838/083800510010.001/swg.fits[1]
scw/0838/083800520010.001/swg.fits[1]
scw/0838/083800600010.001/swg.fits[1]
scw/0846/084600370010.001/swg.fits[1]
scw/0846/084600670010.001/swg.fits[1]
scw/0847/084700070010.001/swg.fits[1]
scw/0848/084800040010.001/swg.fits[1]
scw/0848/084800050010.001/swg.fits[1]
scw/0907/090701180010.001/swg.fits[1]
scw/0917/091700330010.001/swg.fits[1]
scw/0917/091700340010.001/swg.fits[1]
scw/0917/091700370010.001/swg.fits[1]
scw/0917/091700380010.001/swg.fits[1]
scw/0917/091700470010.001/swg.fits[1]
scw/0917/091700530010.001/swg.fits[1]
scw/0917/091700540010.001/swg.fits[1]
scw/0917/091700550010.001/swg.fits[1]
scw/0917/091700570010.001/swg.fits[1]
scw/0917/091700580010.001/swg.fits[1]
scw/0918/091800120010.001/swg.fits[1]
scw/0918/091800130010.001/swg.fits[1]
scw/0918/091800160010.001/swg.fits[1]
scw/0918/091800170010.001/swg.fits[1]
scw/0918/091800320010.001/swg.fits[1]
scw/0918/091800330010.001/swg.fits[1]
scw/0918/091800350010.001/swg.fits[1]
scw/0918/091800360010.001/swg.fits[1]
scw/0918/091800370010.001/swg.fits[1]
scw/0959/095900080010.001/swg.fits[1]
scw/0978/097800190010.001/swg.fits[1]
scw/1031/103100920010.001/swg.fits[1]
scw/1082/108200860010.001/swg.fits[1]
scw/1091/109100710010.001/swg.fits[1]
scw/1091/109100720010.001/swg.fits[1]
scw/1091/109100730010.001/swg.fits[1]
scw/1150/115000200010.001/swg.fits[1]
scw/1150/115000210010.001/swg.fits[1]
scw/1150/115000250010.001/swg.fits[1]
scw/1150/115000260010.001/swg.fits[1]
scw/1150/115000270010.001/swg.fits[1]
scw/1150/115000310010.001/swg.fits[1]
scw/1150/115000460010.001/swg.fits[1]
scw/1150/115000470010.001/swg.fits[1]
scw/1150/115000510010.001/swg.fits[1]
scw/1150/115000520010.001/swg.fits[1]
scw/1150/115000530010.001/swg.fits[1]
scw/1150/115000570010.001/swg.fits[1]
scw/1151/115100130010.001/swg.fits[1]
scw/1151/115100140010.001/swg.fits[1]
scw/1151/115100390010.001/swg.fits[1]
scw/1151/115100650010.001/swg.fits[1]
scw/1151/115100660010.001/swg.fits[1]
scw/1151/115100670010.001/swg.fits[1]
scw/1151/115100750010.001/swg.fits[1]
scw/1151/115100910010.001/swg.fits[1]
scw/1151/115100920010.001/swg.fits[1]
scw/1152/115200120010.001/swg.fits[1]
scw/1152/115200130010.001/swg.fits[1]
scw/1152/115200140010.001/swg.fits[1]
scw/1152/115200150010.001/swg.fits[1]
scw/1152/115200230010.001/swg.fits[1]
scw/1152/115200390010.001/swg.fits[1]
scw/1152/115200650010.001/swg.fits[1]
scw/1152/115200910010.001/swg.fits[1]
scw/1155/115501170010.001/swg.fits[1]
scw/1203/120300870010.001/swg.fits[1]
scw/1203/120300880010.001/swg.fits[1]
scw/1203/120300950010.001/swg.fits[1]
scw/1203/120300960010.001/swg.fits[1]
scw/1205/120500050010.001/swg.fits[1]
scw/1205/120500070010.001/swg.fits[1]
scw/1205/120500080010.001/swg.fits[1]
scw/1205/120500150010.001/swg.fits[1]
scw/1205/120500160010.001/swg.fits[1]
scw/1207/120700150010.001/swg.fits[1]
scw/1207/120700160010.001/swg.fits[1]
scw/1207/120700170010.001/swg.fits[1]
scw/1207/120700180010.001/swg.fits[1]
scw/1207/120700260010.001/swg.fits[1]
scw/1210/121000080010.001/swg.fits[1]
scw/1212/121200160010.001/swg.fits[1]
scw/1212/121200170010.001/swg.fits[1]
scw/1212/121200240010.001/swg.fits[1]
