scw/0339/033900050010.001/swg.fits[1]
scw/0341/034100560010.001/swg.fits[1]
scw/0341/034100650010.001/swg.fits[1]
scw/0947/094700360010.001/swg.fits[1]
scw/1062/106200410010.001/swg.fits[1]
scw/1064/106400370010.001/swg.fits[1]
scw/1069/106900360010.001/swg.fits[1]
scw/1312/131200680010.001/swg.fits[1]
scw/1312/131200760010.001/swg.fits[1]
scw/1312/131200770010.001/swg.fits[1]
scw/1312/131200780010.001/swg.fits[1]
scw/1312/131200790010.001/swg.fits[1]
scw/1313/131300340010.001/swg.fits[1]
scw/1663/166300510010.001/swg.fits[1]
scw/1715/171500630010.001/swg.fits[1]
scw/1715/171500640010.001/swg.fits[1]
scw/1847/184700170010.001/swg.fits[1]
scw/1875/187500020010.001/swg.fits[1]
scw/1911/191100200010.001/swg.fits[1]
scw/2105/210500390010.001/swg.fits[1]
scw/2262/226200210010.001/swg.fits[1]
scw/2262/226200300010.001/swg.fits[1]
scw/2262/226200310010.001/swg.fits[1]
scw/2263/226300410010.001/swg.fits[1]
scw/2264/226400300010.001/swg.fits[1]
scw/2357/235700240010.001/swg.fits[1]
scw/2370/237000300010.001/swg.fits[1]
scw/2390/239000360010.001/swg.fits[1]
scw/2453/245300040010.001/swg.fits[1]
scw/2453/245300130010.001/swg.fits[1]
scw/2454/245400040010.001/swg.fits[1]
scw/2454/245400130010.001/swg.fits[1]
scw/2454/245400440010.001/swg.fits[1]
scw/2454/245400520010.001/swg.fits[1]
scw/2454/245400530010.001/swg.fits[1]
scw/2465/246500050010.001/swg.fits[1]
scw/2465/246500510010.001/swg.fits[1]
scw/2465/246500520010.001/swg.fits[1]
