scw/0899/089900970010.001/swg.fits[1]
scw/0899/089900980010.001/swg.fits[1]
scw/0899/089901020010.001/swg.fits[1]
scw/0899/089901030010.001/swg.fits[1]
scw/0900/090000170010.001/swg.fits[1]
scw/0900/090000180010.001/swg.fits[1]
scw/0900/090000230010.001/swg.fits[1]
scw/0900/090000240010.001/swg.fits[1]
scw/0900/090000250010.001/swg.fits[1]
scw/0900/090000710010.001/swg.fits[1]
scw/0900/090000720010.001/swg.fits[1]
scw/0900/090000770010.001/swg.fits[1]
scw/0900/090000780010.001/swg.fits[1]
scw/0901/090100470010.001/swg.fits[1]
scw/0901/090100530010.001/swg.fits[1]
scw/0901/090100540010.001/swg.fits[1]
scw/0901/090100550010.001/swg.fits[1]
scw/0901/090100570010.001/swg.fits[1]
scw/0901/090100990010.001/swg.fits[1]
scw/0901/090101000010.001/swg.fits[1]
scw/0901/090101050010.001/swg.fits[1]
scw/0901/090101060010.001/swg.fits[1]
scw/0901/090101070010.001/swg.fits[1]
scw/0901/090101090010.001/swg.fits[1]
scw/0904/090400150010.001/swg.fits[1]
scw/0904/090400210010.001/swg.fits[1]
scw/0904/090400220010.001/swg.fits[1]
scw/0904/090400230010.001/swg.fits[1]
scw/0904/090400250010.001/swg.fits[1]
scw/0904/090400700010.001/swg.fits[1]
scw/0904/090400740010.001/swg.fits[1]
scw/0904/090400750010.001/swg.fits[1]
scw/0904/090400760010.001/swg.fits[1]
scw/0904/090400800010.001/swg.fits[1]
scw/0904/090400810010.001/swg.fits[1]
scw/0905/090500470010.001/swg.fits[1]
scw/0905/090500480010.001/swg.fits[1]
scw/0905/090500530010.001/swg.fits[1]
scw/0905/090500540010.001/swg.fits[1]
scw/0905/090500550010.001/swg.fits[1]
scw/0905/090500670010.001/swg.fits[1]
scw/0905/090500680010.001/swg.fits[1]
scw/0905/090500730010.001/swg.fits[1]
scw/0905/090500740010.001/swg.fits[1]
scw/0906/090600050010.001/swg.fits[1]
scw/0906/090600070010.001/swg.fits[1]
scw/0906/090600080010.001/swg.fits[1]
scw/0906/090600090010.001/swg.fits[1]
scw/0906/090600150010.001/swg.fits[1]
scw/0906/090600610010.001/swg.fits[1]
scw/0906/090600620010.001/swg.fits[1]
scw/0906/090600630010.001/swg.fits[1]
scw/0906/090600680010.001/swg.fits[1]
scw/0906/090600690010.001/swg.fits[1]
scw/0907/090700050010.001/swg.fits[1]
scw/0907/090700070010.001/swg.fits[1]
scw/0907/090700080010.001/swg.fits[1]
scw/0907/090700090010.001/swg.fits[1]
scw/0907/090700150010.001/swg.fits[1]
scw/0907/090700650010.001/swg.fits[1]
scw/0907/090700660010.001/swg.fits[1]
scw/0907/090700690010.001/swg.fits[1]
scw/0907/090700700010.001/swg.fits[1]
scw/0907/090700710010.001/swg.fits[1]
scw/0908/090800390010.001/swg.fits[1]
scw/0908/090800450010.001/swg.fits[1]
scw/0908/090800460010.001/swg.fits[1]
scw/0908/090800490010.001/swg.fits[1]
scw/0908/090800500010.001/swg.fits[1]
scw/0908/090800910010.001/swg.fits[1]
scw/0908/090800970010.001/swg.fits[1]
scw/0908/090800980010.001/swg.fits[1]
scw/0908/090800990010.001/swg.fits[1]
scw/0908/090801010010.001/swg.fits[1]
scw/0909/090900190010.001/swg.fits[1]
scw/0909/090900200010.001/swg.fits[1]
scw/0909/090900230010.001/swg.fits[1]
scw/0909/090900240010.001/swg.fits[1]
scw/0909/090900560010.001/swg.fits[1]
scw/0909/090900570010.001/swg.fits[1]
scw/0909/090900580010.001/swg.fits[1]
scw/0909/090900590010.001/swg.fits[1]
scw/0909/090900600010.001/swg.fits[1]
scw/0909/090900610010.001/swg.fits[1]
scw/0910/091000130010.001/swg.fits[1]
scw/0910/091000190010.001/swg.fits[1]
scw/0910/091000200010.001/swg.fits[1]
scw/0910/091000210010.001/swg.fits[1]
scw/0910/091000230010.001/swg.fits[1]
scw/0910/091000570010.001/swg.fits[1]
scw/0910/091000590010.001/swg.fits[1]
scw/0910/091000600010.001/swg.fits[1]
scw/0910/091000610010.001/swg.fits[1]
scw/0910/091000670010.001/swg.fits[1]
scw/0911/091100590010.001/swg.fits[1]
scw/1022/102200490010.001/swg.fits[1]
scw/1022/102200500010.001/swg.fits[1]
scw/1023/102300300010.001/swg.fits[1]
scw/1023/102300310010.001/swg.fits[1]
scw/1024/102400310010.001/swg.fits[1]
scw/1024/102400320010.001/swg.fits[1]
scw/1024/102400660010.001/swg.fits[1]
scw/1024/102400670010.001/swg.fits[1]
scw/1082/108200610010.001/swg.fits[1]
scw/1082/108200620010.001/swg.fits[1]
scw/1082/108200630010.001/swg.fits[1]
scw/1083/108300590010.001/swg.fits[1]
scw/1083/108300600010.001/swg.fits[1]
scw/1083/108300610010.001/swg.fits[1]
scw/1083/108300890010.001/swg.fits[1]
scw/1083/108300900010.001/swg.fits[1]
scw/1083/108300910010.001/swg.fits[1]
scw/1088/108800480010.001/swg.fits[1]
scw/1088/108800490010.001/swg.fits[1]
scw/1088/108800500010.001/swg.fits[1]
scw/1137/113700410010.001/swg.fits[1]
scw/1138/113800330010.001/swg.fits[1]
scw/1142/114200230010.001/swg.fits[1]
scw/1142/114200240010.001/swg.fits[1]
scw/1142/114200580010.001/swg.fits[1]
scw/1142/114200590010.001/swg.fits[1]
scw/1143/114300050010.001/swg.fits[1]
scw/1143/114300550010.001/swg.fits[1]
scw/1143/114300560010.001/swg.fits[1]
scw/1143/114300890010.001/swg.fits[1]
scw/1143/114300900010.001/swg.fits[1]
scw/1144/114400490010.001/swg.fits[1]
scw/1144/114400500010.001/swg.fits[1]
scw/1147/114700800010.001/swg.fits[1]
scw/1147/114700810010.001/swg.fits[1]
scw/1198/119800140010.001/swg.fits[1]
scw/1198/119800180010.001/swg.fits[1]
scw/1198/119800190010.001/swg.fits[1]
scw/1198/119800200010.001/swg.fits[1]
scw/1200/120000970010.001/swg.fits[1]
scw/1200/120001010010.001/swg.fits[1]
scw/1200/120001020010.001/swg.fits[1]
scw/1203/120300570010.001/swg.fits[1]
scw/1203/120300580010.001/swg.fits[1]
scw/1204/120400060010.001/swg.fits[1]
scw/1207/120700280010.001/swg.fits[1]
scw/1207/120700290010.001/swg.fits[1]
scw/1207/120700300010.001/swg.fits[1]
scw/1207/120700360010.001/swg.fits[1]
scw/1256/125600420010.001/swg.fits[1]
scw/1257/125700520010.001/swg.fits[1]
scw/1262/126200440010.001/swg.fits[1]
scw/1262/126200460010.001/swg.fits[1]
scw/1262/126200470010.001/swg.fits[1]
scw/1265/126500020010.001/swg.fits[1]
scw/1265/126500030010.001/swg.fits[1]
scw/1265/126500040010.001/swg.fits[1]
scw/1265/126500050010.001/swg.fits[1]
scw/1267/126700020010.001/swg.fits[1]
scw/1267/126700030010.001/swg.fits[1]
scw/1267/126700040010.001/swg.fits[1]
scw/1267/126700050010.001/swg.fits[1]
scw/1279/127900450010.001/swg.fits[1]
scw/1316/131600440010.001/swg.fits[1]
scw/1316/131600450010.001/swg.fits[1]
scw/1318/131800220010.001/swg.fits[1]
scw/1326/132600460010.001/swg.fits[1]
scw/1337/133700080010.001/swg.fits[1]
scw/1340/134000530010.001/swg.fits[1]
scw/1340/134000540010.001/swg.fits[1]
scw/1341/134100450010.001/swg.fits[1]
scw/1341/134100460010.001/swg.fits[1]
scw/1345/134500060010.001/swg.fits[1]
scw/1446/144600350010.001/swg.fits[1]
scw/1447/144700140010.001/swg.fits[1]
scw/1448/144800720010.001/swg.fits[1]
scw/1448/144800760010.001/swg.fits[1]
scw/1448/144800770010.001/swg.fits[1]
scw/1448/144800820010.001/swg.fits[1]
scw/1448/144800860010.001/swg.fits[1]
scw/1448/144800870010.001/swg.fits[1]
scw/1448/144800880010.001/swg.fits[1]
scw/1448/144800920010.001/swg.fits[1]
scw/1449/144900120010.001/swg.fits[1]
scw/1449/144900160010.001/swg.fits[1]
scw/1449/144900170010.001/swg.fits[1]
scw/1449/144900180010.001/swg.fits[1]
scw/1449/144900220010.001/swg.fits[1]
scw/1449/144900230010.001/swg.fits[1]
scw/1449/144900270010.001/swg.fits[1]
scw/1449/144900310010.001/swg.fits[1]
scw/1449/144900320010.001/swg.fits[1]
scw/1449/144900330010.001/swg.fits[1]
scw/1449/144900370010.001/swg.fits[1]
scw/1449/144900380010.001/swg.fits[1]
scw/1449/144900390010.001/swg.fits[1]
scw/1449/144900550010.001/swg.fits[1]
scw/1449/144900560010.001/swg.fits[1]
scw/1450/145000020010.001/swg.fits[1]
scw/1450/145000060010.001/swg.fits[1]
scw/1450/145000070010.001/swg.fits[1]
scw/1450/145000080010.001/swg.fits[1]
scw/1451/145100180010.001/swg.fits[1]
scw/1451/145100230010.001/swg.fits[1]
scw/1451/145100240010.001/swg.fits[1]
scw/1453/145300040010.001/swg.fits[1]
scw/1453/145300090010.001/swg.fits[1]
scw/1453/145300100010.001/swg.fits[1]
scw/1454/145400260010.001/swg.fits[1]
scw/1455/145500240010.001/swg.fits[1]
scw/1517/151700880010.001/swg.fits[1]
scw/1519/151900400010.001/swg.fits[1]
scw/1521/152100390010.001/swg.fits[1]
scw/1521/152100400010.001/swg.fits[1]
scw/1525/152500550010.001/swg.fits[1]
scw/1525/152500560010.001/swg.fits[1]
scw/1527/152700550010.001/swg.fits[1]
scw/1527/152700560010.001/swg.fits[1]
scw/1527/152700570010.001/swg.fits[1]
scw/1572/157200180010.001/swg.fits[1]
scw/1572/157200190010.001/swg.fits[1]
scw/1572/157200200010.001/swg.fits[1]
scw/1572/157200240010.001/swg.fits[1]
scw/1572/157200250010.001/swg.fits[1]
scw/1572/157200260010.001/swg.fits[1]
scw/1572/157200430010.001/swg.fits[1]
scw/1572/157200440010.001/swg.fits[1]
scw/1572/157200450010.001/swg.fits[1]
scw/1572/157200490010.001/swg.fits[1]
scw/1572/157200510010.001/swg.fits[1]
scw/1574/157400100010.001/swg.fits[1]
scw/1574/157400110010.001/swg.fits[1]
scw/1574/157400120010.001/swg.fits[1]
scw/1574/157400160010.001/swg.fits[1]
