scw/0254/025400580010.001/swg.fits[1]
scw/0258/025800700010.001/swg.fits[1]
scw/0259/025900630010.001/swg.fits[1]
scw/0797/079700630010.001/swg.fits[1]
scw/0798/079800040010.001/swg.fits[1]
scw/0798/079800050010.001/swg.fits[1]
scw/0798/079800100010.001/swg.fits[1]
scw/0798/079800110010.001/swg.fits[1]
scw/0798/079800190010.001/swg.fits[1]
scw/0798/079800490010.001/swg.fits[1]
scw/0798/079800540010.001/swg.fits[1]
scw/0798/079800550010.001/swg.fits[1]
scw/0798/079800580010.001/swg.fits[1]
scw/0799/079900020010.001/swg.fits[1]
scw/0799/079900070010.001/swg.fits[1]
scw/0799/079900080010.001/swg.fits[1]
scw/0799/079900120010.001/swg.fits[1]
scw/0799/079900130010.001/swg.fits[1]
scw/0799/079900470010.001/swg.fits[1]
scw/0799/079900480010.001/swg.fits[1]
scw/0799/079900500010.001/swg.fits[1]
scw/0799/079900510010.001/swg.fits[1]
scw/0799/079900570010.001/swg.fits[1]
scw/0799/079900580010.001/swg.fits[1]
scw/0799/079900620010.001/swg.fits[1]
scw/1042/104200460010.001/swg.fits[1]
scw/1042/104200500010.001/swg.fits[1]
scw/1042/104200510010.001/swg.fits[1]
scw/1042/104200560010.001/swg.fits[1]
scw/1042/104200570010.001/swg.fits[1]
scw/1042/104200610010.001/swg.fits[1]
scw/1043/104300340010.001/swg.fits[1]
scw/1043/104300350010.001/swg.fits[1]
scw/1043/104300390010.001/swg.fits[1]
scw/1043/104300440010.001/swg.fits[1]
scw/1043/104300450010.001/swg.fits[1]
scw/1043/104300490010.001/swg.fits[1]
scw/1043/104300500010.001/swg.fits[1]
scw/1044/104400330010.001/swg.fits[1]
scw/1044/104400340010.001/swg.fits[1]
scw/1044/104400370010.001/swg.fits[1]
scw/1044/104400430010.001/swg.fits[1]
scw/1044/104400440010.001/swg.fits[1]
scw/1044/104400480010.001/swg.fits[1]
scw/1045/104500210010.001/swg.fits[1]
scw/1045/104500220010.001/swg.fits[1]
scw/1045/104500250010.001/swg.fits[1]
scw/1045/104500310010.001/swg.fits[1]
scw/1045/104500320010.001/swg.fits[1]
scw/1045/104500360010.001/swg.fits[1]
