scw/1261/126100050010.001/swg.fits[1]
scw/1261/126100060010.001/swg.fits[1]
scw/1261/126100190010.001/swg.fits[1]
scw/1261/126100200010.001/swg.fits[1]
scw/1261/126100250010.001/swg.fits[1]
scw/1261/126100260010.001/swg.fits[1]
scw/1261/126100450010.001/swg.fits[1]
scw/1261/126100460010.001/swg.fits[1]
scw/1261/126100590010.001/swg.fits[1]
scw/1261/126100600010.001/swg.fits[1]
scw/1317/131700050010.001/swg.fits[1]
scw/1317/131700280010.001/swg.fits[1]
scw/1376/137600650010.001/swg.fits[1]
scw/1376/137600680010.001/swg.fits[1]
scw/1377/137700520010.001/swg.fits[1]
scw/1565/156500020010.001/swg.fits[1]
scw/1565/156500030010.001/swg.fits[1]
scw/1565/156500040010.001/swg.fits[1]
scw/1565/156500050010.001/swg.fits[1]
scw/1565/156500060010.001/swg.fits[1]
scw/1565/156500080010.001/swg.fits[1]
scw/1565/156500090010.001/swg.fits[1]
scw/1565/156500100010.001/swg.fits[1]
scw/1565/156500110010.001/swg.fits[1]
scw/1565/156500120010.001/swg.fits[1]
scw/1565/156500130010.001/swg.fits[1]
scw/1565/156500150010.001/swg.fits[1]
scw/1565/156500160010.001/swg.fits[1]
scw/1565/156500170010.001/swg.fits[1]
scw/1565/156500180010.001/swg.fits[1]
scw/1565/156500190010.001/swg.fits[1]
scw/1565/156500200010.001/swg.fits[1]
scw/1565/156500220010.001/swg.fits[1]
scw/1565/156500230010.001/swg.fits[1]
scw/1565/156500240010.001/swg.fits[1]
scw/1565/156500250010.001/swg.fits[1]
scw/1565/156500290010.001/swg.fits[1]
scw/1565/156500290020.001/swg.fits[1]
scw/1570/157000020010.001/swg.fits[1]
scw/1570/157000030010.001/swg.fits[1]
scw/1570/157000040010.001/swg.fits[1]
scw/1570/157000050010.001/swg.fits[1]
scw/1570/157000060010.001/swg.fits[1]
scw/1570/157000080010.001/swg.fits[1]
scw/1570/157000090010.001/swg.fits[1]
scw/1570/157000100010.001/swg.fits[1]
scw/1570/157000110010.001/swg.fits[1]
scw/1570/157000120010.001/swg.fits[1]
scw/1570/157000130010.001/swg.fits[1]
scw/1570/157000150010.001/swg.fits[1]
scw/1570/157000160010.001/swg.fits[1]
scw/1570/157000170010.001/swg.fits[1]
scw/1570/157000180010.001/swg.fits[1]
scw/1570/157000190010.001/swg.fits[1]
scw/1570/157000200010.001/swg.fits[1]
scw/1570/157000210010.001/swg.fits[1]
scw/1570/157000220010.001/swg.fits[1]
scw/1570/157000230010.001/swg.fits[1]
scw/1570/157000240010.001/swg.fits[1]
scw/1570/157000250010.001/swg.fits[1]
scw/1570/157000290010.001/swg.fits[1]
scw/1570/157000300010.001/swg.fits[1]
scw/1570/157000310010.001/swg.fits[1]
scw/1570/157000320010.001/swg.fits[1]
scw/1570/157000370010.001/swg.fits[1]
scw/1570/157000380010.001/swg.fits[1]
scw/1570/157000390010.001/swg.fits[1]
scw/1570/157000400010.001/swg.fits[1]
scw/1570/157000440010.001/swg.fits[1]
scw/1570/157000450010.001/swg.fits[1]
scw/1570/157000460010.001/swg.fits[1]
scw/1570/157000470010.001/swg.fits[1]
scw/1570/157000480010.001/swg.fits[1]
scw/1570/157000510010.001/swg.fits[1]
scw/1570/157000520010.001/swg.fits[1]
scw/1570/157000530010.001/swg.fits[1]
scw/1570/157000540010.001/swg.fits[1]
scw/1570/157000550010.001/swg.fits[1]
scw/1570/157000570010.001/swg.fits[1]
scw/1570/157000580010.001/swg.fits[1]
scw/1570/157000600010.001/swg.fits[1]
scw/1570/157000610010.001/swg.fits[1]
scw/1570/157000620010.001/swg.fits[1]
scw/1570/157000640010.001/swg.fits[1]
scw/1570/157000650010.001/swg.fits[1]
scw/1570/157000660010.001/swg.fits[1]
scw/1570/157000670010.001/swg.fits[1]
scw/1570/157000680010.001/swg.fits[1]
scw/1570/157000690010.001/swg.fits[1]
scw/1570/157000700010.001/swg.fits[1]
scw/1570/157000710010.001/swg.fits[1]
scw/1570/157000720010.001/swg.fits[1]
scw/1570/157000730010.001/swg.fits[1]
scw/1570/157000740010.001/swg.fits[1]
scw/1570/157000770010.001/swg.fits[1]
scw/1570/157000780010.001/swg.fits[1]
scw/1570/157000790010.001/swg.fits[1]
scw/1570/157000800010.001/swg.fits[1]
scw/1570/157000810010.001/swg.fits[1]
scw/1586/158600040010.001/swg.fits[1]
scw/1586/158600050010.001/swg.fits[1]
scw/1586/158600060010.001/swg.fits[1]
scw/1586/158600070010.001/swg.fits[1]
scw/1586/158600080010.001/swg.fits[1]
scw/1586/158600110010.001/swg.fits[1]
scw/1586/158600120010.001/swg.fits[1]
scw/1586/158600130010.001/swg.fits[1]
scw/1586/158600140010.001/swg.fits[1]
scw/1586/158600150010.001/swg.fits[1]
scw/1586/158600180010.001/swg.fits[1]
scw/1586/158600190010.001/swg.fits[1]
scw/1586/158600200010.001/swg.fits[1]
scw/1586/158600210010.001/swg.fits[1]
scw/1586/158600220010.001/swg.fits[1]
scw/1586/158600230010.001/swg.fits[1]
scw/1596/159600040010.001/swg.fits[1]
scw/1596/159600050010.001/swg.fits[1]
scw/1596/159600060010.001/swg.fits[1]
scw/1596/159600070010.001/swg.fits[1]
scw/1596/159600080010.001/swg.fits[1]
scw/1596/159600090010.001/swg.fits[1]
scw/1596/159600110010.001/swg.fits[1]
scw/1596/159600120010.001/swg.fits[1]
scw/1596/159600130010.001/swg.fits[1]
scw/1596/159600140010.001/swg.fits[1]
scw/1596/159600150010.001/swg.fits[1]
scw/1596/159600180010.001/swg.fits[1]
scw/1596/159600190010.001/swg.fits[1]
scw/1596/159600200010.001/swg.fits[1]
scw/1596/159600210010.001/swg.fits[1]
scw/1596/159600220010.001/swg.fits[1]
scw/1596/159600230010.001/swg.fits[1]
scw/1596/159600250010.001/swg.fits[1]
scw/1596/159600260010.001/swg.fits[1]
scw/1596/159600270010.001/swg.fits[1]
scw/1596/159600280010.001/swg.fits[1]
scw/1596/159600300010.001/swg.fits[1]
scw/1596/159600310010.001/swg.fits[1]
scw/1596/159600320010.001/swg.fits[1]
scw/1596/159600330010.001/swg.fits[1]
scw/1596/159600340010.001/swg.fits[1]
scw/1596/159600350010.001/swg.fits[1]
scw/1596/159600390010.001/swg.fits[1]
scw/1596/159600400010.001/swg.fits[1]
scw/1596/159600410010.001/swg.fits[1]
scw/1596/159600420010.001/swg.fits[1]
scw/1596/159600460010.001/swg.fits[1]
scw/1596/159600470010.001/swg.fits[1]
scw/1596/159600480010.001/swg.fits[1]
scw/1596/159600490010.001/swg.fits[1]
scw/1596/159600500010.001/swg.fits[1]
scw/1596/159600530010.001/swg.fits[1]
scw/1596/159600540010.001/swg.fits[1]
scw/1596/159600550010.001/swg.fits[1]
scw/1596/159600560010.001/swg.fits[1]
scw/1596/159600570010.001/swg.fits[1]
scw/1596/159600580010.001/swg.fits[1]
scw/1596/159600600010.001/swg.fits[1]
scw/1596/159600610010.001/swg.fits[1]
scw/1596/159600620010.001/swg.fits[1]
scw/1596/159600630010.001/swg.fits[1]
scw/1596/159600640010.001/swg.fits[1]
scw/1596/159600670010.001/swg.fits[1]
scw/1596/159600690010.001/swg.fits[1]
scw/1596/159600700010.001/swg.fits[1]
scw/1596/159600710010.001/swg.fits[1]
scw/1596/159600720010.001/swg.fits[1]
scw/1596/159600740010.001/swg.fits[1]
scw/1596/159600750010.001/swg.fits[1]
scw/1596/159600760010.001/swg.fits[1]
scw/1596/159600770010.001/swg.fits[1]
scw/1596/159600780010.001/swg.fits[1]
scw/1596/159600790010.001/swg.fits[1]
scw/1596/159600800010.001/swg.fits[1]
scw/1596/159600810010.001/swg.fits[1]
scw/1596/159600820010.001/swg.fits[1]
scw/1596/159600830010.001/swg.fits[1]
scw/1596/159600840010.001/swg.fits[1]
scw/2073/207300130010.001/swg.fits[1]
scw/2073/207300330010.001/swg.fits[1]
scw/2073/207300340010.001/swg.fits[1]
scw/2118/211800230010.001/swg.fits[1]
scw/2118/211800240010.001/swg.fits[1]
scw/2118/211800330010.001/swg.fits[1]
scw/2118/211800340010.001/swg.fits[1]
scw/2321/232100330010.001/swg.fits[1]
scw/2321/232100350010.001/swg.fits[1]
scw/2321/232100360010.001/swg.fits[1]
scw/2321/232100370010.001/swg.fits[1]
scw/2321/232100430010.001/swg.fits[1]
scw/2323/232300930010.001/swg.fits[1]
