scw/0099/009900290010.001/swg.fits[1]
scw/0152/015200780010.001/swg.fits[1]
scw/0745/074500020010.001/swg.fits[1]
scw/0747/074700070010.001/swg.fits[1]
scw/0749/074900120010.001/swg.fits[1]
scw/0749/074900210010.001/swg.fits[1]
scw/0751/075100220010.001/swg.fits[1]
scw/0753/075300160010.001/swg.fits[1]
scw/0754/075400180010.001/swg.fits[1]
scw/0756/075600150010.001/swg.fits[1]
scw/0756/075600160010.001/swg.fits[1]
scw/0796/079600200010.001/swg.fits[1]
scw/0796/079600210010.001/swg.fits[1]
scw/0796/079600220010.001/swg.fits[1]
scw/0796/079600230010.001/swg.fits[1]
scw/0812/081200040010.001/swg.fits[1]
scw/0817/081700140010.001/swg.fits[1]
scw/1305/130500170010.001/swg.fits[1]
scw/1305/130500270010.001/swg.fits[1]
scw/1307/130700490010.001/swg.fits[1]
scw/1307/130700500010.001/swg.fits[1]
scw/1310/131000670010.001/swg.fits[1]
scw/1310/131000680010.001/swg.fits[1]
scw/1317/131700550010.001/swg.fits[1]
scw/1317/131700640010.001/swg.fits[1]
scw/1347/134700950010.001/swg.fits[1]
scw/1347/134700960010.001/swg.fits[1]
scw/1349/134900110010.001/swg.fits[1]
scw/1349/134900120010.001/swg.fits[1]
scw/1352/135200520010.001/swg.fits[1]
scw/1352/135200530010.001/swg.fits[1]
scw/1354/135400040010.001/swg.fits[1]
scw/1354/135400050010.001/swg.fits[1]
scw/1354/135400520010.001/swg.fits[1]
scw/1357/135700040010.001/swg.fits[1]
scw/1357/135700050010.001/swg.fits[1]
scw/1357/135700130010.001/swg.fits[1]
scw/1357/135700530010.001/swg.fits[1]
scw/1359/135900020010.001/swg.fits[1]
scw/1359/135900030010.001/swg.fits[1]
scw/1359/135900110010.001/swg.fits[1]
scw/1359/135900510010.001/swg.fits[1]
scw/1362/136200470010.001/swg.fits[1]
scw/1362/136200560010.001/swg.fits[1]
scw/1364/136400190010.001/swg.fits[1]
scw/1364/136400280010.001/swg.fits[1]
scw/1364/136400680010.001/swg.fits[1]
scw/1373/137300350010.001/swg.fits[1]
scw/1470/147000460010.001/swg.fits[1]
scw/1470/147000470010.001/swg.fits[1]
scw/1472/147200320010.001/swg.fits[1]
scw/1472/147200330010.001/swg.fits[1]
scw/1476/147600340010.001/swg.fits[1]
scw/1476/147600350010.001/swg.fits[1]
scw/1476/147600820010.001/swg.fits[1]
scw/1478/147800330010.001/swg.fits[1]
scw/1478/147800340010.001/swg.fits[1]
scw/1478/147800350010.001/swg.fits[1]
scw/1478/147800440010.001/swg.fits[1]
scw/1480/148000250010.001/swg.fits[1]
scw/1480/148000260010.001/swg.fits[1]
scw/1480/148000340010.001/swg.fits[1]
scw/1480/148000740010.001/swg.fits[1]
scw/1483/148300270010.001/swg.fits[1]
scw/1483/148300360010.001/swg.fits[1]
scw/1483/148300760010.001/swg.fits[1]
scw/1485/148500230010.001/swg.fits[1]
scw/1485/148500720010.001/swg.fits[1]
scw/1488/148800320010.001/swg.fits[1]
scw/1488/148800720010.001/swg.fits[1]
scw/1490/149000350010.001/swg.fits[1]
scw/1490/149000360010.001/swg.fits[1]
scw/1535/153500550010.001/swg.fits[1]
scw/1535/153500560010.001/swg.fits[1]
scw/1537/153700540010.001/swg.fits[1]
scw/1537/153700550010.001/swg.fits[1]
scw/1541/154100600010.001/swg.fits[1]
scw/1541/154100610010.001/swg.fits[1]
scw/1544/154400260010.001/swg.fits[1]
scw/1544/154400270010.001/swg.fits[1]
scw/1601/160100020010.001/swg.fits[1]
scw/1601/160100030010.001/swg.fits[1]
scw/1604/160400340010.001/swg.fits[1]
scw/1604/160400350010.001/swg.fits[1]
scw/1606/160600270010.001/swg.fits[1]
scw/1606/160600280010.001/swg.fits[1]
scw/1606/160600760010.001/swg.fits[1]
scw/1606/160600760020.001/swg.fits[1]
scw/1608/160800020010.001/swg.fits[1]
scw/1608/160800030010.001/swg.fits[1]
scw/1608/160800510010.001/swg.fits[1]
scw/1612/161200530010.001/swg.fits[1]
scw/1615/161500550010.001/swg.fits[1]
scw/1615/161500640010.001/swg.fits[1]
scw/1618/161800340010.001/swg.fits[1]
scw/1618/161800740010.001/swg.fits[1]
scw/1618/161800790010.001/swg.fits[1]
scw/2183/218300200010.001/swg.fits[1]
scw/2183/218300290010.001/swg.fits[1]
scw/2183/218300500010.001/swg.fits[1]
scw/2184/218400060010.001/swg.fits[1]
scw/2184/218400260010.001/swg.fits[1]
scw/2184/218400270010.001/swg.fits[1]
scw/2184/218400470010.001/swg.fits[1]
scw/2185/218500050010.001/swg.fits[1]
scw/2185/218500460010.001/swg.fits[1]
scw/2186/218600050010.001/swg.fits[1]
scw/2186/218600460010.001/swg.fits[1]
scw/2293/229300570010.001/swg.fits[1]
scw/2293/229300580010.001/swg.fits[1]
scw/2297/229700370010.001/swg.fits[1]
scw/2297/229700380010.001/swg.fits[1]
scw/2299/229900310010.001/swg.fits[1]
scw/2299/229900320010.001/swg.fits[1]
scw/2299/229900330010.001/swg.fits[1]
scw/2304/230400470010.001/swg.fits[1]
scw/2304/230400550010.001/swg.fits[1]
scw/2304/230400560010.001/swg.fits[1]
scw/2305/230500490010.001/swg.fits[1]
scw/2305/230500570010.001/swg.fits[1]
scw/2372/237200600010.001/swg.fits[1]
