scw/0833/083300550010.001/swg.fits[1]
scw/0833/083300560010.001/swg.fits[1]
scw/0833/083300590010.001/swg.fits[1]
scw/0833/083300650010.001/swg.fits[1]
scw/0833/083300660010.001/swg.fits[1]
scw/0833/083300670010.001/swg.fits[1]
scw/0833/083300690010.001/swg.fits[1]
scw/0834/083400330010.001/swg.fits[1]
scw/0834/083400340010.001/swg.fits[1]
scw/0834/083400350010.001/swg.fits[1]
scw/0834/083400450010.001/swg.fits[1]
scw/0834/083400460010.001/swg.fits[1]
scw/0834/083400480010.001/swg.fits[1]
scw/0834/083400490010.001/swg.fits[1]
scw/0834/083400530010.001/swg.fits[1]
scw/0834/083400540010.001/swg.fits[1]
scw/0834/083400550010.001/swg.fits[1]
scw/0835/083500090010.001/swg.fits[1]
scw/0835/083500100010.001/swg.fits[1]
scw/0835/083500280010.001/swg.fits[1]
scw/0835/083500290010.001/swg.fits[1]
scw/0835/083500300010.001/swg.fits[1]
scw/0835/083500400010.001/swg.fits[1]
scw/0835/083500440010.001/swg.fits[1]
scw/0835/083500450010.001/swg.fits[1]
scw/0835/083500460010.001/swg.fits[1]
scw/0835/083500500010.001/swg.fits[1]
scw/0835/083500750010.001/swg.fits[1]
scw/0835/083500760010.001/swg.fits[1]
scw/0835/083500790010.001/swg.fits[1]
scw/0835/083500800010.001/swg.fits[1]
scw/0835/083500850010.001/swg.fits[1]
scw/0836/083600190010.001/swg.fits[1]
scw/0836/083600200010.001/swg.fits[1]
scw/0836/083600260010.001/swg.fits[1]
scw/0836/083600290010.001/swg.fits[1]
scw/0836/083600560010.001/swg.fits[1]
scw/0836/083600580010.001/swg.fits[1]
scw/0836/083600590010.001/swg.fits[1]
scw/0836/083600600010.001/swg.fits[1]
scw/0836/083600660010.001/swg.fits[1]
scw/0961/096100270010.001/swg.fits[1]
scw/0961/096100880010.001/swg.fits[1]
scw/0961/096100890010.001/swg.fits[1]
scw/0964/096400260010.001/swg.fits[1]
scw/0964/096400270010.001/swg.fits[1]
scw/0964/096400280010.001/swg.fits[1]
scw/0964/096400610010.001/swg.fits[1]
scw/0964/096400620010.001/swg.fits[1]
scw/0964/096400920010.001/swg.fits[1]
scw/0964/096400940010.001/swg.fits[1]
scw/0964/096400950010.001/swg.fits[1]
scw/0965/096500150010.001/swg.fits[1]
scw/0965/096500160010.001/swg.fits[1]
scw/0965/096500170010.001/swg.fits[1]
scw/0965/096500500010.001/swg.fits[1]
scw/0965/096500510010.001/swg.fits[1]
scw/0965/096500530010.001/swg.fits[1]
scw/1141/114100160010.001/swg.fits[1]
scw/1150/115000710010.001/swg.fits[1]
scw/1150/115000720010.001/swg.fits[1]
scw/1150/115000730010.001/swg.fits[1]
scw/1150/115000740010.001/swg.fits[1]
scw/1199/119900630010.001/swg.fits[1]
scw/1199/119900820010.001/swg.fits[1]
scw/1200/120000040010.001/swg.fits[1]
scw/1200/120000050010.001/swg.fits[1]
scw/1200/120000650010.001/swg.fits[1]
scw/1200/120000840010.001/swg.fits[1]
scw/1200/120000850010.001/swg.fits[1]
scw/1201/120100500010.001/swg.fits[1]
scw/1201/120100510010.001/swg.fits[1]
scw/1201/120100520010.001/swg.fits[1]
scw/1201/120100530010.001/swg.fits[1]
scw/1201/120100700010.001/swg.fits[1]
scw/1201/120100710010.001/swg.fits[1]
scw/1202/120200280010.001/swg.fits[1]
scw/1202/120200460010.001/swg.fits[1]
scw/1202/120200470010.001/swg.fits[1]
scw/1202/120200480010.001/swg.fits[1]
scw/1202/120200490010.001/swg.fits[1]
scw/1203/120300090010.001/swg.fits[1]
scw/1203/120300100010.001/swg.fits[1]
scw/1203/120300270010.001/swg.fits[1]
scw/1203/120300280010.001/swg.fits[1]
scw/1204/120400220010.001/swg.fits[1]
scw/1204/120400230010.001/swg.fits[1]
scw/1204/120400240010.001/swg.fits[1]
scw/1204/120400250010.001/swg.fits[1]
scw/1204/120400420010.001/swg.fits[1]
scw/1204/120400430010.001/swg.fits[1]
scw/1204/120401020010.001/swg.fits[1]
scw/1204/120401030010.001/swg.fits[1]
scw/1204/120401040010.001/swg.fits[1]
scw/1204/120401050010.001/swg.fits[1]
scw/1205/120500530010.001/swg.fits[1]
scw/1205/120500540010.001/swg.fits[1]
scw/1205/120500710010.001/swg.fits[1]
scw/1205/120500720010.001/swg.fits[1]
scw/1206/120600350010.001/swg.fits[1]
scw/1206/120600360010.001/swg.fits[1]
scw/1206/120600530010.001/swg.fits[1]
scw/1206/120600540010.001/swg.fits[1]
scw/1206/120600550010.001/swg.fits[1]
scw/1206/120600560010.001/swg.fits[1]
scw/1206/120600730010.001/swg.fits[1]
scw/1206/120600740010.001/swg.fits[1]
scw/1206/120600750010.001/swg.fits[1]
scw/1206/120600760010.001/swg.fits[1]
scw/1212/121200770010.001/swg.fits[1]
scw/1212/121200780010.001/swg.fits[1]
scw/1212/121200790010.001/swg.fits[1]
scw/1212/121200800010.001/swg.fits[1]
scw/1254/125400850010.001/swg.fits[1]
scw/1255/125500050010.001/swg.fits[1]
scw/1255/125500060010.001/swg.fits[1]
scw/1260/126000510010.001/swg.fits[1]
scw/1260/126000700010.001/swg.fits[1]
scw/1260/126000710010.001/swg.fits[1]
scw/1262/126200610010.001/swg.fits[1]
scw/1262/126200620010.001/swg.fits[1]
scw/1262/126200810010.001/swg.fits[1]
scw/1262/126200820010.001/swg.fits[1]
scw/1262/126201010010.001/swg.fits[1]
scw/1924/192400290010.001/swg.fits[1]
scw/1924/192400300010.001/swg.fits[1]
scw/1924/192400310010.001/swg.fits[1]
scw/1924/192400320010.001/swg.fits[1]
scw/1993/199300290010.001/swg.fits[1]
scw/1993/199300300010.001/swg.fits[1]
scw/1993/199300390010.001/swg.fits[1]
scw/1997/199700060010.001/swg.fits[1]
scw/1997/199700150010.001/swg.fits[1]
scw/1997/199700260010.001/swg.fits[1]
scw/1997/199700350010.001/swg.fits[1]
scw/2066/206600160010.001/swg.fits[1]
scw/2066/206600250010.001/swg.fits[1]
scw/2122/212200040010.001/swg.fits[1]
scw/2122/212200440010.001/swg.fits[1]
scw/2124/212400160010.001/swg.fits[1]
scw/2124/212400170010.001/swg.fits[1]
scw/2271/227100070010.001/swg.fits[1]
scw/2271/227100120010.001/swg.fits[1]
scw/2271/227100190010.001/swg.fits[1]
scw/2271/227100200010.001/swg.fits[1]
scw/2271/227100230010.001/swg.fits[1]
scw/2271/227100240010.001/swg.fits[1]
scw/2271/227100250010.001/swg.fits[1]
scw/2271/227100260010.001/swg.fits[1]
scw/2275/227500850010.001/swg.fits[1]
scw/2275/227500920010.001/swg.fits[1]
scw/2400/240000060010.001/swg.fits[1]
