scw/0643/064300190010.001/swg.fits[1]
scw/0643/064300200010.001/swg.fits[1]
scw/0643/064300230010.001/swg.fits[1]
scw/0643/064300240010.001/swg.fits[1]
scw/0643/064300290010.001/swg.fits[1]
scw/0643/064300340010.001/swg.fits[1]
scw/0643/064300350010.001/swg.fits[1]
scw/0643/064300390010.001/swg.fits[1]
scw/0644/064400050010.001/swg.fits[1]
scw/0644/064400100010.001/swg.fits[1]
scw/0644/064400110010.001/swg.fits[1]
scw/0644/064400200010.001/swg.fits[1]
scw/0644/064400330010.001/swg.fits[1]
scw/0644/064400340010.001/swg.fits[1]
scw/0644/064400390010.001/swg.fits[1]
scw/0645/064500040010.001/swg.fits[1]
scw/0645/064500050010.001/swg.fits[1]
scw/0645/064500080010.001/swg.fits[1]
scw/0645/064500180010.001/swg.fits[1]
scw/0645/064500190010.001/swg.fits[1]
scw/0645/064500240010.001/swg.fits[1]
scw/0645/064500480010.001/swg.fits[1]
scw/0645/064500540010.001/swg.fits[1]
scw/0645/064500550010.001/swg.fits[1]
scw/0645/064500560010.001/swg.fits[1]
scw/0645/064500580010.001/swg.fits[1]
scw/0763/076300140010.001/swg.fits[1]
scw/0763/076300190010.001/swg.fits[1]
scw/0763/076300200010.001/swg.fits[1]
scw/0763/076300230010.001/swg.fits[1]
scw/0763/076300240010.001/swg.fits[1]
scw/0763/076300340010.001/swg.fits[1]
scw/0763/076300350010.001/swg.fits[1]
scw/0763/076300390010.001/swg.fits[1]
scw/0764/076400040010.001/swg.fits[1]
scw/0764/076400090010.001/swg.fits[1]
scw/0764/076400100010.001/swg.fits[1]
scw/0764/076400230010.001/swg.fits[1]
scw/0764/076400240010.001/swg.fits[1]
scw/0764/076400290010.001/swg.fits[1]
scw/0765/076500290010.001/swg.fits[1]
scw/0765/076500300010.001/swg.fits[1]
scw/0766/076600030010.001/swg.fits[1]
scw/0766/076600040010.001/swg.fits[1]
scw/0766/076600130010.001/swg.fits[1]
scw/0766/076600140010.001/swg.fits[1]
scw/0766/076600190010.001/swg.fits[1]
scw/0767/076700130010.001/swg.fits[1]
scw/0767/076700190010.001/swg.fits[1]
scw/0767/076700200010.001/swg.fits[1]
scw/0767/076700210010.001/swg.fits[1]
scw/0767/076700230010.001/swg.fits[1]
scw/0887/088700140010.001/swg.fits[1]
scw/0887/088700190010.001/swg.fits[1]
scw/0887/088700200010.001/swg.fits[1]
scw/0887/088700230010.001/swg.fits[1]
scw/0887/088700240010.001/swg.fits[1]
scw/0887/088700290010.001/swg.fits[1]
scw/0887/088700340010.001/swg.fits[1]
scw/0887/088700350010.001/swg.fits[1]
scw/0887/088700390010.001/swg.fits[1]
scw/0888/088800260010.001/swg.fits[1]
scw/0888/088800270010.001/swg.fits[1]
scw/0888/088800500010.001/swg.fits[1]
scw/0888/088800510010.001/swg.fits[1]
scw/0889/088900260010.001/swg.fits[1]
scw/0889/088900270010.001/swg.fits[1]
scw/1071/107100460010.001/swg.fits[1]
scw/1071/107100470010.001/swg.fits[1]
scw/1071/107100490010.001/swg.fits[1]
scw/1071/107100700010.001/swg.fits[1]
scw/1071/107100710010.001/swg.fits[1]
scw/1071/107100720010.001/swg.fits[1]
scw/1072/107200250010.001/swg.fits[1]
scw/1072/107200260010.001/swg.fits[1]
scw/1072/107200270010.001/swg.fits[1]
scw/1072/107200480010.001/swg.fits[1]
scw/1072/107200490010.001/swg.fits[1]
scw/1072/107200500010.001/swg.fits[1]
scw/1136/113600770010.001/swg.fits[1]
scw/1136/113600780010.001/swg.fits[1]
scw/1194/119400120010.001/swg.fits[1]
scw/1194/119400140010.001/swg.fits[1]
scw/1194/119400150010.001/swg.fits[1]
scw/1194/119400640010.001/swg.fits[1]
scw/1194/119400650010.001/swg.fits[1]
scw/1194/119400660010.001/swg.fits[1]
scw/1195/119500140010.001/swg.fits[1]
scw/1195/119500150010.001/swg.fits[1]
scw/1195/119500160010.001/swg.fits[1]
scw/1203/120300460010.001/swg.fits[1]
