scw/1427/142700040010.001/swg.fits[1]
scw/1427/142700440010.001/swg.fits[1]
scw/1427/142700520010.001/swg.fits[1]
scw/1427/142700530010.001/swg.fits[1]
scw/1427/142700540010.001/swg.fits[1]
scw/1427/142700550010.001/swg.fits[1]
scw/1427/142701040010.001/swg.fits[1]
scw/1427/142701050010.001/swg.fits[1]
scw/1428/142800480010.001/swg.fits[1]
scw/1428/142800490010.001/swg.fits[1]
scw/1671/167100360010.001/swg.fits[1]
scw/1673/167300060010.001/swg.fits[1]
scw/1673/167300070010.001/swg.fits[1]
scw/1673/167300080010.001/swg.fits[1]
scw/1673/167300150010.001/swg.fits[1]
scw/1673/167300160010.001/swg.fits[1]
scw/1673/167300260010.001/swg.fits[1]
scw/1673/167300270010.001/swg.fits[1]
scw/1673/167300360010.001/swg.fits[1]
scw/1674/167400070010.001/swg.fits[1]
scw/1674/167400150010.001/swg.fits[1]
scw/1674/167400160010.001/swg.fits[1]
scw/1674/167400270010.001/swg.fits[1]
scw/1674/167400360010.001/swg.fits[1]
scw/1675/167500070010.001/swg.fits[1]
scw/1675/167500080010.001/swg.fits[1]
scw/1675/167500150010.001/swg.fits[1]
scw/1675/167500160010.001/swg.fits[1]
scw/1675/167500180010.001/swg.fits[1]
scw/1675/167500270010.001/swg.fits[1]
scw/1675/167500280010.001/swg.fits[1]
scw/1675/167500350010.001/swg.fits[1]
scw/1675/167500360010.001/swg.fits[1]
scw/1676/167600090010.001/swg.fits[1]
scw/1676/167600180010.001/swg.fits[1]
scw/1676/167600290010.001/swg.fits[1]
scw/1676/167600300010.001/swg.fits[1]
scw/1676/167600370010.001/swg.fits[1]
scw/1676/167600380010.001/swg.fits[1]
scw/1680/168000080010.001/swg.fits[1]
scw/1680/168000090010.001/swg.fits[1]
scw/1680/168000100010.001/swg.fits[1]
scw/1680/168000110010.001/swg.fits[1]
scw/1680/168000180010.001/swg.fits[1]
scw/1680/168000300010.001/swg.fits[1]
scw/1680/168000390010.001/swg.fits[1]
scw/1681/168100050010.001/swg.fits[1]
scw/1681/168100060010.001/swg.fits[1]
scw/1681/168100070010.001/swg.fits[1]
scw/1681/168100150010.001/swg.fits[1]
scw/1681/168100260010.001/swg.fits[1]
scw/1681/168100350010.001/swg.fits[1]
scw/1681/168100360010.001/swg.fits[1]
scw/2158/215800490010.001/swg.fits[1]
scw/2162/216200450010.001/swg.fits[1]
scw/2163/216300050010.001/swg.fits[1]
scw/2163/216300360010.001/swg.fits[1]
scw/2164/216400430010.001/swg.fits[1]
scw/2164/216400440010.001/swg.fits[1]
scw/2165/216500030010.001/swg.fits[1]
scw/2165/216500430010.001/swg.fits[1]
scw/2165/216500440010.001/swg.fits[1]
scw/2165/216500530010.001/swg.fits[1]
scw/2166/216600320010.001/swg.fits[1]
scw/2166/216600410010.001/swg.fits[1]
scw/2166/216600420010.001/swg.fits[1]
scw/2166/216600510010.001/swg.fits[1]
scw/2227/222700540010.001/swg.fits[1]
scw/2228/222800160010.001/swg.fits[1]
scw/2278/227800100010.001/swg.fits[1]
scw/2278/227800110010.001/swg.fits[1]
scw/2294/229400350010.001/swg.fits[1]
scw/2295/229500150010.001/swg.fits[1]
scw/2296/229600200010.001/swg.fits[1]
scw/2297/229700040010.001/swg.fits[1]
scw/2298/229800810010.001/swg.fits[1]
scw/2303/230300210010.001/swg.fits[1]
scw/2304/230400290010.001/swg.fits[1]
scw/2306/230600060010.001/swg.fits[1]
scw/2307/230700120010.001/swg.fits[1]
scw/2307/230700130010.001/swg.fits[1]
scw/2307/230700220010.001/swg.fits[1]
scw/2334/233400630010.001/swg.fits[1]
scw/2338/233800470010.001/swg.fits[1]
scw/2338/233800480010.001/swg.fits[1]
scw/2340/234000700010.001/swg.fits[1]
scw/2340/234000710010.001/swg.fits[1]
scw/2340/234000800010.001/swg.fits[1]
scw/2340/234000800020.001/swg.fits[1]
scw/2341/234100550010.001/swg.fits[1]
scw/2342/234200660010.001/swg.fits[1]
scw/2342/234200660020.001/swg.fits[1]
scw/2343/234300640010.001/swg.fits[1]
scw/2346/234600590010.001/swg.fits[1]
scw/2346/234600600010.001/swg.fits[1]
scw/2352/235200550010.001/swg.fits[1]
scw/2352/235200640010.001/swg.fits[1]
scw/2357/235700170010.001/swg.fits[1]
scw/2359/235900630010.001/swg.fits[1]
scw/2363/236300520010.001/swg.fits[1]
scw/2363/236300530010.001/swg.fits[1]
scw/2365/236500200010.001/swg.fits[1]
scw/2365/236500390010.001/swg.fits[1]
scw/2365/236500400010.001/swg.fits[1]
scw/2370/237000060010.001/swg.fits[1]
scw/2370/237000070010.001/swg.fits[1]
scw/2370/237000160010.001/swg.fits[1]
scw/2372/237200220010.001/swg.fits[1]
scw/2373/237300090010.001/swg.fits[1]
scw/2373/237300100010.001/swg.fits[1]
scw/2400/240000040010.001/swg.fits[1]
scw/2402/240200380010.001/swg.fits[1]
scw/2402/240200390010.001/swg.fits[1]
scw/2406/240600420010.001/swg.fits[1]
scw/2406/240600430010.001/swg.fits[1]
scw/2406/240600440010.001/swg.fits[1]
scw/2410/241000360010.001/swg.fits[1]
scw/2410/241000370010.001/swg.fits[1]
scw/2412/241200040010.001/swg.fits[1]
scw/2412/241200050010.001/swg.fits[1]
scw/2418/241800440010.001/swg.fits[1]
scw/2418/241800450010.001/swg.fits[1]
scw/2420/242000330010.001/swg.fits[1]
scw/2424/242400330010.001/swg.fits[1]
scw/2434/243400040010.001/swg.fits[1]
scw/2438/243800390010.001/swg.fits[1]
scw/2438/243800490010.001/swg.fits[1]
scw/2438/243800500010.001/swg.fits[1]
scw/2438/243800580010.001/swg.fits[1]
scw/2442/244200280010.001/swg.fits[1]
scw/2443/244300250010.001/swg.fits[1]
scw/2443/244300260010.001/swg.fits[1]
scw/2444/244400210010.001/swg.fits[1]
scw/2448/244800370010.001/swg.fits[1]
scw/2448/244800440010.001/swg.fits[1]
scw/2448/244800450010.001/swg.fits[1]
scw/2448/244800460010.001/swg.fits[1]
scw/2448/244800470010.001/swg.fits[1]
scw/2448/244800480010.001/swg.fits[1]
scw/2449/244900240010.001/swg.fits[1]
scw/2469/246900050010.001/swg.fits[1]
scw/2472/247200250010.001/swg.fits[1]
scw/2472/247200260010.001/swg.fits[1]
scw/2472/247200340010.001/swg.fits[1]
scw/2473/247300290010.001/swg.fits[1]
scw/2473/247300300010.001/swg.fits[1]
scw/2473/247300310010.001/swg.fits[1]
scw/2474/247400440010.001/swg.fits[1]
scw/2475/247500560010.001/swg.fits[1]
scw/2475/247500570010.001/swg.fits[1]
scw/2475/247500580010.001/swg.fits[1]
