scw/0321/032100390010.001/swg.fits[1]
scw/1492/149200460010.001/swg.fits[1]
scw/1492/149200470010.001/swg.fits[1]
scw/1492/149200530010.001/swg.fits[1]
scw/1492/149200540010.001/swg.fits[1]
scw/1493/149300370010.001/swg.fits[1]
scw/1493/149300380010.001/swg.fits[1]
scw/1493/149300480010.001/swg.fits[1]
scw/1494/149400260010.001/swg.fits[1]
scw/1494/149400270010.001/swg.fits[1]
scw/1494/149400330010.001/swg.fits[1]
scw/1494/149400340010.001/swg.fits[1]
scw/1495/149500300010.001/swg.fits[1]
scw/1496/149600180010.001/swg.fits[1]
scw/1496/149600270010.001/swg.fits[1]
scw/1496/149600280010.001/swg.fits[1]
scw/1496/149600290010.001/swg.fits[1]
scw/1497/149700040010.001/swg.fits[1]
scw/1497/149700050010.001/swg.fits[1]
scw/1497/149700110010.001/swg.fits[1]
scw/1497/149700120010.001/swg.fits[1]
scw/1497/149700450010.001/swg.fits[1]
scw/1497/149700460010.001/swg.fits[1]
scw/1497/149700470010.001/swg.fits[1]
scw/1497/149700520010.001/swg.fits[1]
scw/1498/149800090010.001/swg.fits[1]
scw/1498/149800510010.001/swg.fits[1]
scw/1498/149800520010.001/swg.fits[1]
scw/1499/149900040010.001/swg.fits[1]
scw/1499/149900380010.001/swg.fits[1]
scw/1499/149900390010.001/swg.fits[1]
scw/1499/149900430010.001/swg.fits[1]
scw/1499/149900440010.001/swg.fits[1]
scw/1499/149900470010.001/swg.fits[1]
scw/1499/149900480010.001/swg.fits[1]
scw/1500/150000060010.001/swg.fits[1]
scw/1500/150000400010.001/swg.fits[1]
scw/1500/150000410010.001/swg.fits[1]
scw/1547/154700080010.001/swg.fits[1]
scw/1547/154700090010.001/swg.fits[1]
scw/1548/154800120010.001/swg.fits[1]
scw/1549/154900100010.001/swg.fits[1]
scw/1550/155000120010.001/swg.fits[1]
scw/1550/155000150010.001/swg.fits[1]
scw/1553/155300140010.001/swg.fits[1]
scw/1553/155300150010.001/swg.fits[1]
scw/1553/155300240010.001/swg.fits[1]
scw/1553/155300260010.001/swg.fits[1]
scw/1553/155300340010.001/swg.fits[1]
scw/1564/156400560010.001/swg.fits[1]
scw/1565/156500400010.001/swg.fits[1]
scw/1565/156500450010.001/swg.fits[1]
scw/1565/156500460010.001/swg.fits[1]
scw/1565/156500470010.001/swg.fits[1]
scw/1566/156600240010.001/swg.fits[1]
scw/1566/156600250010.001/swg.fits[1]
scw/1566/156600310010.001/swg.fits[1]
scw/1566/156600330010.001/swg.fits[1]
scw/1566/156600400010.001/swg.fits[1]
scw/1566/156600410010.001/swg.fits[1]
scw/1567/156700260010.001/swg.fits[1]
scw/1567/156700310010.001/swg.fits[1]
scw/1567/156700320010.001/swg.fits[1]
scw/1617/161700030010.001/swg.fits[1]
scw/1617/161700070010.001/swg.fits[1]
scw/1617/161700080010.001/swg.fits[1]
scw/1617/161700510010.001/swg.fits[1]
scw/1686/168600210010.001/swg.fits[1]
scw/1687/168700190010.001/swg.fits[1]
scw/1753/175300460010.001/swg.fits[1]
scw/1753/175300470010.001/swg.fits[1]
scw/1754/175400390010.001/swg.fits[1]
scw/1754/175400400010.001/swg.fits[1]
scw/1754/175400410010.001/swg.fits[1]
scw/1754/175400450010.001/swg.fits[1]
scw/1754/175400460010.001/swg.fits[1]
scw/1755/175500370010.001/swg.fits[1]
scw/1755/175500430010.001/swg.fits[1]
scw/1756/175600370010.001/swg.fits[1]
scw/1756/175600410010.001/swg.fits[1]
scw/1756/175600430010.001/swg.fits[1]
scw/1756/175600470010.001/swg.fits[1]
scw/1757/175700350010.001/swg.fits[1]
scw/1757/175700360010.001/swg.fits[1]
scw/1757/175700410010.001/swg.fits[1]
scw/1757/175700420010.001/swg.fits[1]
scw/1758/175800300010.001/swg.fits[1]
scw/1758/175800330010.001/swg.fits[1]
scw/1758/175800450010.001/swg.fits[1]
scw/1759/175900330010.001/swg.fits[1]
scw/1759/175900440010.001/swg.fits[1]
scw/1760/176000020010.001/swg.fits[1]
scw/1760/176000030010.001/swg.fits[1]
scw/1760/176000090010.001/swg.fits[1]
scw/1760/176000100010.001/swg.fits[1]
scw/1760/176000430010.001/swg.fits[1]
scw/1760/176000440010.001/swg.fits[1]
scw/1760/176000500010.001/swg.fits[1]
scw/1760/176000520010.001/swg.fits[1]
scw/1760/176000520020.001/swg.fits[1]
scw/1761/176100090010.001/swg.fits[1]
scw/1761/176100420010.001/swg.fits[1]
scw/1761/176100520010.001/swg.fits[1]
scw/1762/176200070010.001/swg.fits[1]
scw/1762/176200410010.001/swg.fits[1]
scw/1762/176200420010.001/swg.fits[1]
scw/1762/176200490010.001/swg.fits[1]
scw/1762/176200500010.001/swg.fits[1]
scw/1763/176300070010.001/swg.fits[1]
scw/1763/176300080010.001/swg.fits[1]
scw/1763/176300540010.001/swg.fits[1]
scw/1763/176300590010.001/swg.fits[1]
scw/1763/176300600010.001/swg.fits[1]
scw/1764/176400030010.001/swg.fits[1]
scw/1764/176400040010.001/swg.fits[1]
scw/1764/176400090010.001/swg.fits[1]
scw/1764/176400430010.001/swg.fits[1]
scw/1764/176400440010.001/swg.fits[1]
scw/1764/176400500010.001/swg.fits[1]
scw/1764/176400510010.001/swg.fits[1]
scw/1765/176500020010.001/swg.fits[1]
scw/1765/176500030010.001/swg.fits[1]
scw/1765/176500080010.001/swg.fits[1]
scw/1765/176500430010.001/swg.fits[1]
scw/1766/176600030010.001/swg.fits[1]
scw/1766/176600320010.001/swg.fits[1]
scw/1766/176600330010.001/swg.fits[1]
scw/1820/182000260010.001/swg.fits[1]
scw/1820/182000270010.001/swg.fits[1]
scw/1822/182200260010.001/swg.fits[1]
scw/1822/182200270010.001/swg.fits[1]
scw/1822/182200280010.001/swg.fits[1]
scw/1823/182300640010.001/swg.fits[1]
scw/1823/182300650010.001/swg.fits[1]
scw/1823/182300660010.001/swg.fits[1]
scw/1824/182400470010.001/swg.fits[1]
scw/1824/182400480010.001/swg.fits[1]
scw/1846/184600040010.001/swg.fits[1]
scw/1846/184600050010.001/swg.fits[1]
scw/1846/184600060010.001/swg.fits[1]
scw/1846/184600070010.001/swg.fits[1]
scw/1846/184600080010.001/swg.fits[1]
scw/1892/189200440010.001/swg.fits[1]
scw/1892/189200460010.001/swg.fits[1]
scw/1893/189300450010.001/swg.fits[1]
scw/1893/189300460010.001/swg.fits[1]
scw/1893/189300480010.001/swg.fits[1]
scw/1893/189300480020.001/swg.fits[1]
scw/1895/189500030010.001/swg.fits[1]
scw/1895/189500040010.001/swg.fits[1]
scw/1896/189600050010.001/swg.fits[1]
scw/1896/189600060010.001/swg.fits[1]
scw/1896/189600070010.001/swg.fits[1]
scw/1897/189700090010.001/swg.fits[1]
scw/1898/189800100010.001/swg.fits[1]
scw/1899/189900130010.001/swg.fits[1]
scw/1899/189900140010.001/swg.fits[1]
scw/1899/189900150010.001/swg.fits[1]
scw/1901/190100170010.001/swg.fits[1]
scw/1901/190100180010.001/swg.fits[1]
scw/1964/196400260010.001/swg.fits[1]
scw/1964/196400270010.001/swg.fits[1]
scw/1981/198100380010.001/swg.fits[1]
scw/1981/198100390010.001/swg.fits[1]
scw/1982/198200350010.001/swg.fits[1]
scw/1982/198200360010.001/swg.fits[1]
scw/1982/198200370010.001/swg.fits[1]
scw/1983/198300350010.001/swg.fits[1]
scw/1983/198300360010.001/swg.fits[1]
scw/1983/198300370010.001/swg.fits[1]
scw/1983/198300380010.001/swg.fits[1]
scw/1983/198300390010.001/swg.fits[1]
scw/2030/203000140010.001/swg.fits[1]
scw/2030/203000150010.001/swg.fits[1]
scw/2030/203000160010.001/swg.fits[1]
scw/2031/203100280010.001/swg.fits[1]
scw/2031/203100290010.001/swg.fits[1]
scw/2031/203100310010.001/swg.fits[1]
