scw/0054/005400800010.001/swg.fits[1]
scw/0054/005400810010.001/swg.fits[1]
scw/0054/005400820010.001/swg.fits[1]
scw/0054/005400830010.001/swg.fits[1]
scw/0118/011800960010.001/swg.fits[1]
scw/0118/011800970010.001/swg.fits[1]
scw/0118/011800980010.001/swg.fits[1]
scw/0118/011800990010.001/swg.fits[1]
scw/1010/101000020010.001/swg.fits[1]
scw/1010/101000780010.001/swg.fits[1]
scw/1023/102300730010.001/swg.fits[1]
scw/1023/102300750010.001/swg.fits[1]
scw/1023/102300760010.001/swg.fits[1]
scw/1025/102500610010.001/swg.fits[1]
scw/1025/102500620010.001/swg.fits[1]
scw/1025/102500630010.001/swg.fits[1]
scw/1082/108200180010.001/swg.fits[1]
scw/1082/108200190010.001/swg.fits[1]
scw/1083/108300190010.001/swg.fits[1]
scw/1135/113500170010.001/swg.fits[1]
scw/1142/114200780010.001/swg.fits[1]
scw/1142/114200790010.001/swg.fits[1]
scw/1142/114200800010.001/swg.fits[1]
scw/1143/114300340010.001/swg.fits[1]
scw/1143/114300350010.001/swg.fits[1]
scw/1143/114300360010.001/swg.fits[1]
scw/1144/114400260010.001/swg.fits[1]
scw/1144/114400270010.001/swg.fits[1]
scw/1144/114400280010.001/swg.fits[1]
scw/1144/114400900010.001/swg.fits[1]
scw/1144/114400920010.001/swg.fits[1]
scw/1144/114400930010.001/swg.fits[1]
scw/1501/150100060010.001/swg.fits[1]
scw/1501/150100470010.001/swg.fits[1]
scw/1502/150200090010.001/swg.fits[1]
scw/1642/164200020010.001/swg.fits[1]
scw/1642/164200030010.001/swg.fits[1]
scw/1642/164200040010.001/swg.fits[1]
scw/1642/164200240010.001/swg.fits[1]
scw/1642/164200250010.001/swg.fits[1]
scw/1642/164200260010.001/swg.fits[1]
scw/1642/164200270010.001/swg.fits[1]
scw/1642/164200280010.001/swg.fits[1]
scw/1642/164200290010.001/swg.fits[1]
scw/1642/164200490010.001/swg.fits[1]
scw/1642/164200500010.001/swg.fits[1]
scw/1642/164200510010.001/swg.fits[1]
scw/1642/164200520010.001/swg.fits[1]
scw/1642/164200530010.001/swg.fits[1]
scw/1642/164200540010.001/swg.fits[1]
scw/1642/164200740010.001/swg.fits[1]
scw/1642/164200750010.001/swg.fits[1]
scw/1642/164200760010.001/swg.fits[1]
scw/1642/164200770010.001/swg.fits[1]
scw/1642/164200780010.001/swg.fits[1]
scw/1642/164200790010.001/swg.fits[1]
scw/1643/164300090010.001/swg.fits[1]
scw/1643/164300100010.001/swg.fits[1]
scw/1643/164300110010.001/swg.fits[1]
scw/1643/164300120010.001/swg.fits[1]
scw/1643/164300130010.001/swg.fits[1]
scw/1643/164300140010.001/swg.fits[1]
scw/1643/164300340010.001/swg.fits[1]
scw/1643/164300350010.001/swg.fits[1]
scw/1643/164300360010.001/swg.fits[1]
scw/1643/164300370010.001/swg.fits[1]
scw/1643/164300380010.001/swg.fits[1]
scw/1643/164300390010.001/swg.fits[1]
scw/1643/164300590010.001/swg.fits[1]
scw/1643/164300600010.001/swg.fits[1]
scw/1643/164300610010.001/swg.fits[1]
scw/1643/164300620010.001/swg.fits[1]
scw/1643/164300630010.001/swg.fits[1]
scw/1643/164300640010.001/swg.fits[1]
scw/1643/164300840010.001/swg.fits[1]
scw/1643/164300850010.001/swg.fits[1]
scw/1643/164300860010.001/swg.fits[1]
scw/1645/164500300010.001/swg.fits[1]
scw/1645/164500310010.001/swg.fits[1]
scw/1645/164500320010.001/swg.fits[1]
scw/1645/164500520010.001/swg.fits[1]
scw/1645/164500530010.001/swg.fits[1]
scw/1645/164500540010.001/swg.fits[1]
scw/1645/164500550010.001/swg.fits[1]
scw/1645/164500560010.001/swg.fits[1]
scw/1645/164500570010.001/swg.fits[1]
scw/1645/164500770010.001/swg.fits[1]
scw/1645/164500780010.001/swg.fits[1]
scw/1645/164500790010.001/swg.fits[1]
scw/1645/164500790020.001/swg.fits[1]
scw/1646/164600360010.001/swg.fits[1]
scw/1646/164600370010.001/swg.fits[1]
scw/1646/164600380010.001/swg.fits[1]
scw/1646/164600580010.001/swg.fits[1]
scw/1647/164700370010.001/swg.fits[1]
scw/1647/164700380010.001/swg.fits[1]
scw/1647/164700390010.001/swg.fits[1]
scw/1647/164700590010.001/swg.fits[1]
scw/1647/164700600010.001/swg.fits[1]
scw/1647/164700610010.001/swg.fits[1]
scw/1647/164700620010.001/swg.fits[1]
scw/1647/164700630010.001/swg.fits[1]
scw/1647/164700640010.001/swg.fits[1]
scw/1647/164700840010.001/swg.fits[1]
scw/1647/164700850010.001/swg.fits[1]
scw/1647/164700860010.001/swg.fits[1]
scw/1649/164900380010.001/swg.fits[1]
scw/1649/164900390010.001/swg.fits[1]
scw/1649/164900400010.001/swg.fits[1]
scw/1649/164900600010.001/swg.fits[1]
scw/1649/164900610010.001/swg.fits[1]
scw/1649/164900620010.001/swg.fits[1]
scw/1649/164900630010.001/swg.fits[1]
scw/1649/164900640010.001/swg.fits[1]
scw/1649/164900650010.001/swg.fits[1]
scw/1649/164900850010.001/swg.fits[1]
scw/1649/164900860010.001/swg.fits[1]
scw/1649/164900870010.001/swg.fits[1]
scw/2327/232700260010.001/swg.fits[1]
scw/2327/232700270010.001/swg.fits[1]
