scw/1200/120000270010.001/swg.fits[1]
scw/1200/120000280010.001/swg.fits[1]
scw/1200/120000410010.001/swg.fits[1]
scw/1200/120000420010.001/swg.fits[1]
scw/1200/120000430010.001/swg.fits[1]
scw/1200/120000460010.001/swg.fits[1]
scw/1200/120000470010.001/swg.fits[1]
scw/1200/120000620010.001/swg.fits[1]
scw/1200/120000630010.001/swg.fits[1]
scw/1201/120100740010.001/swg.fits[1]
scw/1201/120100750010.001/swg.fits[1]
scw/1201/120100880010.001/swg.fits[1]
scw/1201/120100890010.001/swg.fits[1]
scw/1201/120100930010.001/swg.fits[1]
scw/1201/120100940010.001/swg.fits[1]
scw/1201/120100950010.001/swg.fits[1]
scw/1202/120200640010.001/swg.fits[1]
scw/1202/120200650010.001/swg.fits[1]
scw/1202/120200700010.001/swg.fits[1]
scw/1202/120200710010.001/swg.fits[1]
scw/1202/120200900010.001/swg.fits[1]
scw/1202/120200910010.001/swg.fits[1]
scw/1203/120300050010.001/swg.fits[1]
scw/1203/120300060010.001/swg.fits[1]
scw/1204/120400460010.001/swg.fits[1]
scw/1204/120400470010.001/swg.fits[1]
scw/1204/120400600010.001/swg.fits[1]
scw/1204/120400610010.001/swg.fits[1]
scw/1204/120400660010.001/swg.fits[1]
scw/1204/120400670010.001/swg.fits[1]
scw/1204/120400800010.001/swg.fits[1]
scw/1204/120400810010.001/swg.fits[1]
scw/1204/120400860010.001/swg.fits[1]
scw/1204/120400870010.001/swg.fits[1]
scw/1205/120500750010.001/swg.fits[1]
scw/1205/120500760010.001/swg.fits[1]
scw/1205/120500890010.001/swg.fits[1]
scw/1205/120500900010.001/swg.fits[1]
scw/1205/120500950010.001/swg.fits[1]
scw/1205/120500960010.001/swg.fits[1]
scw/1206/120600310010.001/swg.fits[1]
scw/1206/120600320010.001/swg.fits[1]
scw/1207/120700670010.001/swg.fits[1]
scw/1207/120700680010.001/swg.fits[1]
scw/1207/120700730010.001/swg.fits[1]
scw/1207/120700740010.001/swg.fits[1]
scw/1207/120700930010.001/swg.fits[1]
scw/1207/120700940010.001/swg.fits[1]
scw/1212/121200610010.001/swg.fits[1]
scw/1212/121200620010.001/swg.fits[1]
scw/1254/125400420010.001/swg.fits[1]
scw/1254/125400430010.001/swg.fits[1]
scw/1254/125400470010.001/swg.fits[1]
scw/1254/125400480010.001/swg.fits[1]
scw/1254/125400630010.001/swg.fits[1]
scw/1254/125400640010.001/swg.fits[1]
scw/1254/125400680010.001/swg.fits[1]
scw/1255/125500090010.001/swg.fits[1]
scw/1255/125500100010.001/swg.fits[1]
scw/1255/125500230010.001/swg.fits[1]
scw/1261/126100100010.001/swg.fits[1]
scw/1261/126100110010.001/swg.fits[1]
scw/1261/126100140010.001/swg.fits[1]
scw/1261/126100150010.001/swg.fits[1]
scw/1261/126100300010.001/swg.fits[1]
scw/1261/126100310010.001/swg.fits[1]
scw/1261/126100500010.001/swg.fits[1]
scw/1261/126100510010.001/swg.fits[1]
scw/1261/126100540010.001/swg.fits[1]
scw/1261/126100550010.001/swg.fits[1]
scw/1262/126201030010.001/swg.fits[1]
scw/1262/126201040010.001/swg.fits[1]
scw/1262/126201050010.001/swg.fits[1]
scw/1375/137500660010.001/swg.fits[1]
scw/1375/137500670010.001/swg.fits[1]
scw/1376/137600660010.001/swg.fits[1]
scw/1376/137600670010.001/swg.fits[1]
scw/1924/192400110010.001/swg.fits[1]
scw/1924/192400410010.001/swg.fits[1]
scw/1924/192400500010.001/swg.fits[1]
scw/1993/199300090010.001/swg.fits[1]
scw/1993/199300400010.001/swg.fits[1]
scw/1993/199300480010.001/swg.fits[1]
scw/1993/199300490010.001/swg.fits[1]
scw/1993/199300500010.001/swg.fits[1]
scw/1993/199300510010.001/swg.fits[1]
scw/1997/199700050010.001/swg.fits[1]
scw/1997/199700360010.001/swg.fits[1]
scw/1997/199700370010.001/swg.fits[1]
scw/1997/199700440010.001/swg.fits[1]
scw/1997/199700450010.001/swg.fits[1]
scw/1997/199700490010.001/swg.fits[1]
scw/1997/199700500010.001/swg.fits[1]
scw/1997/199700520010.001/swg.fits[1]
scw/1997/199700530010.001/swg.fits[1]
scw/2066/206600060010.001/swg.fits[1]
scw/2066/206600070010.001/swg.fits[1]
scw/2066/206600140010.001/swg.fits[1]
scw/2066/206600150010.001/swg.fits[1]
scw/2073/207300170010.001/swg.fits[1]
scw/2073/207300180010.001/swg.fits[1]
scw/2073/207300190010.001/swg.fits[1]
scw/2073/207300200010.001/swg.fits[1]
scw/2073/207300210010.001/swg.fits[1]
scw/2073/207300270010.001/swg.fits[1]
scw/2073/207300280010.001/swg.fits[1]
scw/2073/207300290010.001/swg.fits[1]
scw/2073/207300300010.001/swg.fits[1]
scw/2073/207300370010.001/swg.fits[1]
scw/2073/207300380010.001/swg.fits[1]
scw/2118/211800060010.001/swg.fits[1]
scw/2118/211800070010.001/swg.fits[1]
scw/2118/211800100010.001/swg.fits[1]
scw/2118/211800110010.001/swg.fits[1]
scw/2118/211800460010.001/swg.fits[1]
scw/2118/211800470010.001/swg.fits[1]
scw/2118/211800480010.001/swg.fits[1]
scw/2118/211800490010.001/swg.fits[1]
scw/2118/211800500010.001/swg.fits[1]
scw/2118/211800510010.001/swg.fits[1]
scw/2122/212200230010.001/swg.fits[1]
scw/2122/212200340010.001/swg.fits[1]
scw/2122/212200430010.001/swg.fits[1]
scw/2124/212400060010.001/swg.fits[1]
scw/2344/234400040010.001/swg.fits[1]
scw/2344/234400050010.001/swg.fits[1]
scw/2344/234400060010.001/swg.fits[1]
scw/2344/234400070010.001/swg.fits[1]
scw/2344/234400080010.001/swg.fits[1]
scw/2344/234400090010.001/swg.fits[1]
