scw/1134/113400170010.001/swg.fits[1]
scw/1134/113400180010.001/swg.fits[1]
scw/1134/113400250010.001/swg.fits[1]
scw/1134/113400260010.001/swg.fits[1]
scw/1137/113700810010.001/swg.fits[1]
scw/1140/114000750010.001/swg.fits[1]
scw/1172/117200450010.001/swg.fits[1]
scw/1172/117200510010.001/swg.fits[1]
scw/1172/117200520010.001/swg.fits[1]
scw/1172/117200530010.001/swg.fits[1]
scw/1172/117200540010.001/swg.fits[1]
scw/1172/117200610010.001/swg.fits[1]
scw/1173/117300380010.001/swg.fits[1]
scw/1173/117300390010.001/swg.fits[1]
scw/1173/117300390020.001/swg.fits[1]
scw/1175/117500110010.001/swg.fits[1]
scw/1175/117500140010.001/swg.fits[1]
scw/1175/117500150010.001/swg.fits[1]
scw/1175/117500210010.001/swg.fits[1]
scw/1175/117500220010.001/swg.fits[1]
scw/1175/117500300010.001/swg.fits[1]
scw/1175/117500310010.001/swg.fits[1]
scw/1175/117500320010.001/swg.fits[1]
scw/1175/117500330010.001/swg.fits[1]
scw/1175/117500340010.001/swg.fits[1]
scw/1176/117600180010.001/swg.fits[1]
scw/1176/117600190010.001/swg.fits[1]
scw/1176/117600200010.001/swg.fits[1]
scw/1176/117600280010.001/swg.fits[1]
scw/1176/117600290010.001/swg.fits[1]
scw/1176/117600370010.001/swg.fits[1]
scw/1176/117600380010.001/swg.fits[1]
scw/1177/117700030010.001/swg.fits[1]
scw/1177/117700050010.001/swg.fits[1]
scw/1177/117700060010.001/swg.fits[1]
scw/1177/117700070010.001/swg.fits[1]
scw/1177/117700140010.001/swg.fits[1]
scw/1177/117700150010.001/swg.fits[1]
scw/1177/117700160010.001/swg.fits[1]
scw/1177/117700230010.001/swg.fits[1]
scw/1177/117700240010.001/swg.fits[1]
scw/1184/118400270010.001/swg.fits[1]
scw/1184/118400280010.001/swg.fits[1]
scw/1184/118400290010.001/swg.fits[1]
scw/1184/118400300010.001/swg.fits[1]
scw/1184/118400470010.001/swg.fits[1]
scw/1184/118400480010.001/swg.fits[1]
scw/1184/118400490010.001/swg.fits[1]
scw/1185/118500210010.001/swg.fits[1]
scw/1185/118500220010.001/swg.fits[1]
scw/1185/118500230010.001/swg.fits[1]
scw/1185/118500240010.001/swg.fits[1]
scw/1185/118500410010.001/swg.fits[1]
scw/1185/118500410020.001/swg.fits[1]
scw/1185/118500420010.001/swg.fits[1]
scw/1185/118500430010.001/swg.fits[1]
scw/1185/118500440010.001/swg.fits[1]
scw/1186/118600120010.001/swg.fits[1]
scw/1186/118600130010.001/swg.fits[1]
scw/1186/118600310010.001/swg.fits[1]
scw/1186/118600320010.001/swg.fits[1]
scw/1186/118600330010.001/swg.fits[1]
scw/1186/118600340010.001/swg.fits[1]
scw/1187/118700110010.001/swg.fits[1]
scw/1187/118700120010.001/swg.fits[1]
scw/1187/118700300010.001/swg.fits[1]
scw/1187/118700310010.001/swg.fits[1]
scw/1187/118700320010.001/swg.fits[1]
scw/1187/118700520010.001/swg.fits[1]
scw/1188/118800310010.001/swg.fits[1]
scw/1188/118800380010.001/swg.fits[1]
scw/1188/118800390010.001/swg.fits[1]
scw/1188/118800600010.001/swg.fits[1]
scw/1189/118900320010.001/swg.fits[1]
scw/1189/118900520010.001/swg.fits[1]
scw/1189/118900530010.001/swg.fits[1]
scw/1190/119000260010.001/swg.fits[1]
scw/1190/119000270010.001/swg.fits[1]
scw/1190/119000340010.001/swg.fits[1]
scw/1190/119000350010.001/swg.fits[1]
scw/1190/119000550010.001/swg.fits[1]
scw/1190/119000560010.001/swg.fits[1]
scw/1192/119200360010.001/swg.fits[1]
scw/1192/119200370010.001/swg.fits[1]
scw/1192/119200450010.001/swg.fits[1]
scw/1192/119200560010.001/swg.fits[1]
scw/1192/119200650010.001/swg.fits[1]
scw/1194/119400900010.001/swg.fits[1]
scw/1194/119400910010.001/swg.fits[1]
scw/1195/119500480010.001/swg.fits[1]
scw/1195/119500490010.001/swg.fits[1]
scw/1195/119500500010.001/swg.fits[1]
scw/1195/119500600010.001/swg.fits[1]
scw/1195/119500680010.001/swg.fits[1]
scw/1195/119500690010.001/swg.fits[1]
scw/1196/119600850010.001/swg.fits[1]
scw/1196/119600860010.001/swg.fits[1]
scw/1197/119700070010.001/swg.fits[1]
scw/1197/119700080010.001/swg.fits[1]
scw/1197/119700190010.001/swg.fits[1]
scw/1197/119700200010.001/swg.fits[1]
scw/1197/119700270010.001/swg.fits[1]
scw/1197/119700280010.001/swg.fits[1]
scw/1198/119800070010.001/swg.fits[1]
scw/1198/119800080010.001/swg.fits[1]
scw/1198/119800090010.001/swg.fits[1]
scw/1198/119800100010.001/swg.fits[1]
scw/1199/119900070010.001/swg.fits[1]
scw/1245/124500320010.001/swg.fits[1]
scw/1245/124500330010.001/swg.fits[1]
scw/1245/124500340010.001/swg.fits[1]
scw/1245/124500350010.001/swg.fits[1]
scw/1246/124600060010.001/swg.fits[1]
scw/1246/124600070010.001/swg.fits[1]
scw/1246/124600080010.001/swg.fits[1]
scw/1246/124600090010.001/swg.fits[1]
scw/1246/124600270010.001/swg.fits[1]
scw/1246/124600280010.001/swg.fits[1]
scw/1247/124700400010.001/swg.fits[1]
scw/1247/124700410010.001/swg.fits[1]
scw/1247/124700610010.001/swg.fits[1]
scw/1247/124700620010.001/swg.fits[1]
scw/1248/124800010010.001/swg.fits[1]
scw/1248/124800020010.001/swg.fits[1]
scw/1248/124800220010.001/swg.fits[1]
scw/1248/124800230010.001/swg.fits[1]
scw/1248/124800430010.001/swg.fits[1]
scw/1285/128500960010.001/swg.fits[1]
scw/1286/128600760010.001/swg.fits[1]
scw/1286/128600770010.001/swg.fits[1]
scw/1289/128900780010.001/swg.fits[1]
scw/1289/128900840010.001/swg.fits[1]
scw/1289/128900850010.001/swg.fits[1]
scw/1290/129000220010.001/swg.fits[1]
scw/1293/129300100010.001/swg.fits[1]
scw/1293/129300420010.001/swg.fits[1]
scw/1293/129300430010.001/swg.fits[1]
scw/1294/129400780010.001/swg.fits[1]
scw/1294/129400790010.001/swg.fits[1]
scw/1294/129400800010.001/swg.fits[1]
scw/1294/129400810010.001/swg.fits[1]
scw/1298/129800040010.001/swg.fits[1]
scw/1298/129800050010.001/swg.fits[1]
scw/1298/129800060010.001/swg.fits[1]
scw/1298/129800070010.001/swg.fits[1]
scw/1299/129900330010.001/swg.fits[1]
scw/1299/129900340010.001/swg.fits[1]
scw/1299/129900350010.001/swg.fits[1]
scw/1299/129900420010.001/swg.fits[1]
scw/1299/129900430010.001/swg.fits[1]
scw/1300/130000220010.001/swg.fits[1]
scw/1300/130000230010.001/swg.fits[1]
scw/1300/130000240010.001/swg.fits[1]
scw/1300/130000330010.001/swg.fits[1]
scw/1300/130000340010.001/swg.fits[1]
scw/1300/130000410010.001/swg.fits[1]
scw/1300/130000420010.001/swg.fits[1]
scw/1300/130000440010.001/swg.fits[1]
scw/1301/130100110010.001/swg.fits[1]
scw/1301/130100120010.001/swg.fits[1]
scw/1301/130100130010.001/swg.fits[1]
scw/1301/130100140010.001/swg.fits[1]
scw/1301/130100220010.001/swg.fits[1]
scw/1301/130100310010.001/swg.fits[1]
scw/1301/130100320010.001/swg.fits[1]
scw/1301/130100330010.001/swg.fits[1]
scw/1301/130100340010.001/swg.fits[1]
scw/1302/130200100010.001/swg.fits[1]
scw/1302/130200120010.001/swg.fits[1]
scw/1302/130200130010.001/swg.fits[1]
scw/1302/130200210010.001/swg.fits[1]
scw/1302/130200300010.001/swg.fits[1]
scw/1302/130200310010.001/swg.fits[1]
scw/1302/130200320010.001/swg.fits[1]
scw/1302/130200330010.001/swg.fits[1]
scw/1303/130300100010.001/swg.fits[1]
scw/1303/130300110010.001/swg.fits[1]
scw/1303/130300120010.001/swg.fits[1]
scw/1303/130300290010.001/swg.fits[1]
scw/1303/130300310010.001/swg.fits[1]
scw/1303/130300320010.001/swg.fits[1]
scw/1304/130400450010.001/swg.fits[1]
scw/1304/130400460010.001/swg.fits[1]
scw/1304/130400470010.001/swg.fits[1]
scw/1304/130400480010.001/swg.fits[1]
scw/1304/130400570010.001/swg.fits[1]
scw/1304/130400650010.001/swg.fits[1]
scw/1304/130400660010.001/swg.fits[1]
scw/1304/130400670010.001/swg.fits[1]
scw/1305/130500770010.001/swg.fits[1]
scw/1305/130500780010.001/swg.fits[1]
scw/1305/130500790010.001/swg.fits[1]
scw/1305/130500800010.001/swg.fits[1]
scw/1306/130600230010.001/swg.fits[1]
scw/1306/130600240010.001/swg.fits[1]
scw/1306/130600250010.001/swg.fits[1]
scw/1306/130600530010.001/swg.fits[1]
scw/1306/130600540010.001/swg.fits[1]
scw/1307/130700020010.001/swg.fits[1]
scw/1307/130700030010.001/swg.fits[1]
scw/1307/130700200010.001/swg.fits[1]
scw/1307/130700210010.001/swg.fits[1]
scw/1307/130700220010.001/swg.fits[1]
scw/1307/130700230010.001/swg.fits[1]
scw/1309/130900480010.001/swg.fits[1]
scw/1309/130900490010.001/swg.fits[1]
scw/1309/130900680010.001/swg.fits[1]
scw/1309/130900690010.001/swg.fits[1]
scw/1309/130900700010.001/swg.fits[1]
scw/1311/131100530010.001/swg.fits[1]
scw/1311/131100540010.001/swg.fits[1]
scw/1311/131100740010.001/swg.fits[1]
scw/1311/131100750010.001/swg.fits[1]
scw/1314/131400030010.001/swg.fits[1]
scw/1314/131400040010.001/swg.fits[1]
scw/1314/131400110010.001/swg.fits[1]
scw/1314/131400120010.001/swg.fits[1]
scw/1315/131500170010.001/swg.fits[1]
scw/1315/131500260010.001/swg.fits[1]
scw/1364/136400150010.001/swg.fits[1]
scw/1364/136400160010.001/swg.fits[1]
scw/1364/136400170010.001/swg.fits[1]
scw/1364/136400170020.001/swg.fits[1]
scw/1365/136500410010.001/swg.fits[1]
scw/1365/136500420010.001/swg.fits[1]
scw/1365/136500430010.001/swg.fits[1]
scw/1365/136500440010.001/swg.fits[1]
scw/1366/136600310010.001/swg.fits[1]
scw/1366/136600360010.001/swg.fits[1]
scw/1366/136600430010.001/swg.fits[1]
scw/1366/136600480010.001/swg.fits[1]
