scw/0063/006300160010.001/swg.fits[1]
scw/0071/007100080010.001/swg.fits[1]
scw/0076/007600130010.001/swg.fits[1]
scw/0081/008100250010.001/swg.fits[1]
scw/0081/008100260010.001/swg.fits[1]
scw/0081/008100280010.001/swg.fits[1]
scw/0081/008100290010.001/swg.fits[1]
scw/0082/008200510010.001/swg.fits[1]
scw/0082/008200520010.001/swg.fits[1]
scw/0082/008200540010.001/swg.fits[1]
scw/0082/008200550010.001/swg.fits[1]
scw/0083/008300420010.001/swg.fits[1]
scw/0083/008300430010.001/swg.fits[1]
scw/0083/008300450010.001/swg.fits[1]
scw/0083/008300460010.001/swg.fits[1]
scw/0084/008400240010.001/swg.fits[1]
scw/0084/008400250010.001/swg.fits[1]
scw/0084/008400270010.001/swg.fits[1]
scw/0084/008400280010.001/swg.fits[1]
scw/0086/008600220010.001/swg.fits[1]
scw/0086/008600230010.001/swg.fits[1]
scw/0086/008600250010.001/swg.fits[1]
scw/0086/008600260010.001/swg.fits[1]
scw/0138/013801090010.001/swg.fits[1]
scw/0138/013801100010.001/swg.fits[1]
scw/0170/017001110010.001/swg.fits[1]
scw/0213/021300050010.001/swg.fits[1]
scw/0234/023400340010.001/swg.fits[1]
scw/0250/025000070010.001/swg.fits[1]
scw/0260/026000080010.001/swg.fits[1]
scw/0267/026700610010.001/swg.fits[1]
scw/0270/027000570010.001/swg.fits[1]
scw/0271/027100040010.001/swg.fits[1]
scw/0281/028100030010.001/swg.fits[1]
scw/0283/028300050010.001/swg.fits[1]
scw/0324/032400080010.001/swg.fits[1]
scw/0372/037200090010.001/swg.fits[1]
scw/0374/037400610010.001/swg.fits[1]
scw/0376/037600260010.001/swg.fits[1]
scw/0380/038000170010.001/swg.fits[1]
scw/0380/038000560010.001/swg.fits[1]
scw/0381/038100430010.001/swg.fits[1]
scw/0381/038100440010.001/swg.fits[1]
scw/0381/038100530010.001/swg.fits[1]
scw/0382/038200390010.001/swg.fits[1]
scw/0382/038200400010.001/swg.fits[1]
scw/0382/038200490010.001/swg.fits[1]
scw/0383/038300310010.001/swg.fits[1]
scw/0383/038300410010.001/swg.fits[1]
scw/0434/043400540010.001/swg.fits[1]
scw/0435/043500560010.001/swg.fits[1]
scw/0436/043600180010.001/swg.fits[1]
scw/0436/043600480010.001/swg.fits[1]
scw/0438/043800170010.001/swg.fits[1]
scw/0439/043900360010.001/swg.fits[1]
scw/0440/044000260010.001/swg.fits[1]
scw/0445/044500060010.001/swg.fits[1]
scw/0445/044500070010.001/swg.fits[1]
scw/0455/045500380010.001/swg.fits[1]
scw/0467/046700040010.001/swg.fits[1]
scw/0696/069600430010.001/swg.fits[1]
scw/0863/086300440010.001/swg.fits[1]
scw/0863/086300450010.001/swg.fits[1]
scw/0864/086400570010.001/swg.fits[1]
scw/0864/086400580010.001/swg.fits[1]
scw/0864/086400770010.001/swg.fits[1]
scw/0866/086600160010.001/swg.fits[1]
scw/0866/086600170010.001/swg.fits[1]
scw/0866/086600370010.001/swg.fits[1]
scw/0868/086800110010.001/swg.fits[1]
scw/0868/086800120010.001/swg.fits[1]
scw/0880/088000450010.001/swg.fits[1]
scw/0880/088000460010.001/swg.fits[1]
scw/0880/088000540010.001/swg.fits[1]
scw/0880/088000550010.001/swg.fits[1]
scw/0880/088000560010.001/swg.fits[1]
scw/0880/088000570010.001/swg.fits[1]
scw/0881/088100330010.001/swg.fits[1]
scw/0881/088100340010.001/swg.fits[1]
scw/0881/088100430010.001/swg.fits[1]
scw/0881/088100440010.001/swg.fits[1]
scw/0882/088200210010.001/swg.fits[1]
scw/0882/088200220010.001/swg.fits[1]
scw/0882/088200230010.001/swg.fits[1]
scw/0882/088200310010.001/swg.fits[1]
scw/0913/091300130010.001/swg.fits[1]
scw/0913/091300220010.001/swg.fits[1]
scw/0913/091300230010.001/swg.fits[1]
scw/0913/091300240010.001/swg.fits[1]
scw/0913/091300320010.001/swg.fits[1]
scw/0914/091400340010.001/swg.fits[1]
scw/0914/091400350010.001/swg.fits[1]
scw/0914/091400420010.001/swg.fits[1]
scw/0914/091400430010.001/swg.fits[1]
scw/0914/091400440010.001/swg.fits[1]
scw/0914/091400450010.001/swg.fits[1]
scw/0915/091500430010.001/swg.fits[1]
scw/0915/091500440010.001/swg.fits[1]
scw/0915/091500510010.001/swg.fits[1]
scw/0915/091500520010.001/swg.fits[1]
scw/0915/091500530010.001/swg.fits[1]
scw/0915/091500530020.001/swg.fits[1]
scw/0976/097600320010.001/swg.fits[1]
scw/0976/097600330010.001/swg.fits[1]
scw/0976/097600400010.001/swg.fits[1]
scw/0976/097600410010.001/swg.fits[1]
scw/0976/097600420010.001/swg.fits[1]
scw/0976/097600430010.001/swg.fits[1]
scw/0976/097600500010.001/swg.fits[1]
scw/0976/097600510010.001/swg.fits[1]
scw/1054/105400580010.001/swg.fits[1]
scw/1055/105500690010.001/swg.fits[1]
scw/1056/105600860010.001/swg.fits[1]
scw/1058/105800670010.001/swg.fits[1]
scw/1115/111500690010.001/swg.fits[1]
scw/1116/111600330010.001/swg.fits[1]
scw/1172/117200370010.001/swg.fits[1]
scw/1181/118100810010.001/swg.fits[1]
scw/1182/118200730010.001/swg.fits[1]
scw/1186/118600660010.001/swg.fits[1]
scw/1187/118700550010.001/swg.fits[1]
scw/1295/129500690010.001/swg.fits[1]
scw/1295/129500760010.001/swg.fits[1]
scw/1297/129700790010.001/swg.fits[1]
scw/1297/129700830010.001/swg.fits[1]
scw/1300/130000630010.001/swg.fits[1]
scw/1300/130000700010.001/swg.fits[1]
scw/1302/130200570010.001/swg.fits[1]
scw/1365/136500110010.001/swg.fits[1]
scw/1365/136500160010.001/swg.fits[1]
scw/1366/136600110010.001/swg.fits[1]
scw/1376/137600040010.001/swg.fits[1]
scw/1480/148000190010.001/swg.fits[1]
scw/1485/148500140010.001/swg.fits[1]
scw/1488/148800090010.001/swg.fits[1]
scw/1488/148800140010.001/swg.fits[1]
scw/1621/162100080010.001/swg.fits[1]
scw/1625/162500430010.001/swg.fits[1]
scw/2042/204200200010.001/swg.fits[1]
