scw/0886/088600080010.001/swg.fits[1]
scw/0886/088600090010.001/swg.fits[1]
scw/0891/089100320010.001/swg.fits[1]
scw/0891/089100330010.001/swg.fits[1]
scw/0891/089100470010.001/swg.fits[1]
scw/0891/089100480010.001/swg.fits[1]
scw/1009/100900290010.001/swg.fits[1]
scw/1009/100900300010.001/swg.fits[1]
scw/1009/100900970010.001/swg.fits[1]
scw/1009/100900980010.001/swg.fits[1]
scw/1010/101000080010.001/swg.fits[1]
scw/1010/101000090010.001/swg.fits[1]
scw/1010/101000700010.001/swg.fits[1]
scw/1010/101000710010.001/swg.fits[1]
scw/1082/108200110010.001/swg.fits[1]
scw/1083/108300120010.001/swg.fits[1]
scw/1135/113500230010.001/swg.fits[1]
scw/1135/113500240010.001/swg.fits[1]
scw/1193/119300070010.001/swg.fits[1]
scw/1193/119300080010.001/swg.fits[1]
scw/1193/119300090010.001/swg.fits[1]
scw/1193/119300720010.001/swg.fits[1]
scw/1193/119300730010.001/swg.fits[1]
scw/1193/119300740010.001/swg.fits[1]
scw/1255/125500540010.001/swg.fits[1]
scw/1255/125500550010.001/swg.fits[1]
scw/1502/150200260010.001/swg.fits[1]
scw/2403/240300300010.001/swg.fits[1]
