scw/0515/051500630010.001/swg.fits[1]
scw/0515/051500640010.001/swg.fits[1]
scw/0516/051600610010.001/swg.fits[1]
scw/0516/051600620010.001/swg.fits[1]
scw/0574/057400680010.001/swg.fits[1]
scw/0574/057400690010.001/swg.fits[1]
scw/0574/057400700010.001/swg.fits[1]
scw/0576/057600930010.001/swg.fits[1]
scw/0576/057600940010.001/swg.fits[1]
scw/0576/057600950010.001/swg.fits[1]
scw/0578/057800900010.001/swg.fits[1]
scw/0578/057800910010.001/swg.fits[1]
scw/0578/057800920010.001/swg.fits[1]
scw/0578/057800930010.001/swg.fits[1]
scw/0580/058000730010.001/swg.fits[1]
scw/0580/058000740010.001/swg.fits[1]
scw/0580/058000960010.001/swg.fits[1]
scw/0580/058000970010.001/swg.fits[1]
scw/0581/058100610010.001/swg.fits[1]
scw/0581/058100620010.001/swg.fits[1]
scw/0581/058100690010.001/swg.fits[1]
scw/0581/058100700010.001/swg.fits[1]
scw/0581/058100940010.001/swg.fits[1]
scw/0581/058100950010.001/swg.fits[1]
scw/0582/058200560010.001/swg.fits[1]
scw/0582/058200570010.001/swg.fits[1]
scw/0583/058300870010.001/swg.fits[1]
scw/0583/058300880010.001/swg.fits[1]
scw/0584/058400760010.001/swg.fits[1]
scw/0584/058400770010.001/swg.fits[1]
scw/0587/058700940010.001/swg.fits[1]
scw/0587/058700950010.001/swg.fits[1]
scw/0651/065100780010.001/swg.fits[1]
scw/0651/065100790010.001/swg.fits[1]
scw/0651/065100800010.001/swg.fits[1]
scw/0702/070200700010.001/swg.fits[1]
scw/0702/070200710010.001/swg.fits[1]
scw/0702/070200780010.001/swg.fits[1]
scw/0702/070200790010.001/swg.fits[1]
scw/0704/070400690010.001/swg.fits[1]
scw/0704/070400700010.001/swg.fits[1]
scw/2092/209200740010.001/swg.fits[1]
scw/2092/209200780010.001/swg.fits[1]
scw/2092/209200790010.001/swg.fits[1]
scw/2092/209200840010.001/swg.fits[1]
scw/2092/209200850010.001/swg.fits[1]
scw/2093/209300610010.001/swg.fits[1]
scw/2093/209300650010.001/swg.fits[1]
scw/2093/209300660010.001/swg.fits[1]
scw/2093/209300710010.001/swg.fits[1]
scw/2093/209300720010.001/swg.fits[1]
scw/2288/228800610010.001/swg.fits[1]
scw/2288/228800660010.001/swg.fits[1]
scw/2288/228800670010.001/swg.fits[1]
scw/2288/228800700010.001/swg.fits[1]
scw/2288/228800710010.001/swg.fits[1]
scw/2288/228800860010.001/swg.fits[1]
scw/2288/228800870010.001/swg.fits[1]
scw/2288/228800920010.001/swg.fits[1]
scw/2288/228800930010.001/swg.fits[1]
