scw/0649/064900220010.001/swg.fits[1]
scw/0649/064900230010.001/swg.fits[1]
scw/0649/064900240010.001/swg.fits[1]
scw/0649/064900250010.001/swg.fits[1]
scw/0649/064900320010.001/swg.fits[1]
scw/0649/064900340010.001/swg.fits[1]
scw/0649/064900350010.001/swg.fits[1]
scw/0649/064900360010.001/swg.fits[1]
scw/0649/064900420010.001/swg.fits[1]
scw/0649/064900640010.001/swg.fits[1]
scw/0650/065000030010.001/swg.fits[1]
scw/0650/065000040010.001/swg.fits[1]
scw/0650/065000050010.001/swg.fits[1]
scw/0650/065000060010.001/swg.fits[1]
scw/0650/065000140010.001/swg.fits[1]
scw/0650/065000150010.001/swg.fits[1]
scw/0650/065000160010.001/swg.fits[1]
scw/0650/065000230010.001/swg.fits[1]
scw/0650/065000240010.001/swg.fits[1]
scw/0652/065200130010.001/swg.fits[1]
scw/0652/065200200010.001/swg.fits[1]
scw/0652/065200210010.001/swg.fits[1]
scw/0652/065200220010.001/swg.fits[1]
scw/0652/065200230010.001/swg.fits[1]
scw/0652/065200310010.001/swg.fits[1]
scw/0652/065200320010.001/swg.fits[1]
scw/0652/065200330010.001/swg.fits[1]
scw/0652/065200400010.001/swg.fits[1]
scw/0652/065200410010.001/swg.fits[1]
scw/0652/065200620010.001/swg.fits[1]
scw/0653/065300020010.001/swg.fits[1]
scw/0653/065300030010.001/swg.fits[1]
scw/0653/065300040010.001/swg.fits[1]
scw/0653/065300140010.001/swg.fits[1]
scw/0653/065300150010.001/swg.fits[1]
scw/0653/065300220010.001/swg.fits[1]
scw/0653/065300230010.001/swg.fits[1]
