scw/0102/010200350010.001/swg.fits[1]
scw/0102/010200350020.001/swg.fits[1]
scw/0102/010200350030.001/swg.fits[1]
scw/0102/010200350040.001/swg.fits[1]
scw/0102/010200350050.001/swg.fits[1]
scw/0102/010200350060.001/swg.fits[1]
scw/0102/010200350070.001/swg.fits[1]
scw/0102/010200350080.001/swg.fits[1]
scw/0102/010200350090.001/swg.fits[1]
scw/0102/010200350100.001/swg.fits[1]
scw/0102/010200350110.001/swg.fits[1]
scw/0102/010200350120.001/swg.fits[1]
scw/0102/010200350130.001/swg.fits[1]
scw/0102/010200350140.001/swg.fits[1]
scw/0102/010200350150.001/swg.fits[1]
scw/0102/010200350160.001/swg.fits[1]
scw/0102/010200350170.001/swg.fits[1]
scw/0170/017000100010.001/swg.fits[1]
scw/0300/030000760010.001/swg.fits[1]
scw/1593/159300370010.001/swg.fits[1]
scw/1593/159300380010.001/swg.fits[1]
scw/1593/159300390010.001/swg.fits[1]
scw/1593/159300400010.001/swg.fits[1]
scw/2273/227300510010.001/swg.fits[1]
