scw/0318/031800030010.001/swg.fits[1]
scw/0318/031800390010.001/swg.fits[1]
scw/0318/031800430010.001/swg.fits[1]
scw/0801/080100400010.001/swg.fits[1]
scw/0821/082100140010.001/swg.fits[1]
scw/0822/082200030010.001/swg.fits[1]
scw/0822/082200520010.001/swg.fits[1]
scw/0823/082300100010.001/swg.fits[1]
scw/0823/082300450010.001/swg.fits[1]
scw/0888/088800030010.001/swg.fits[1]
scw/0888/088800040010.001/swg.fits[1]
scw/0888/088800740010.001/swg.fits[1]
scw/0888/088800750010.001/swg.fits[1]
scw/0889/088900030010.001/swg.fits[1]
scw/0889/088900040010.001/swg.fits[1]
scw/1071/107100240010.001/swg.fits[1]
scw/1071/107100940010.001/swg.fits[1]
scw/1072/107200030010.001/swg.fits[1]
scw/1072/107200040010.001/swg.fits[1]
scw/1072/107200710010.001/swg.fits[1]
scw/1072/107200720010.001/swg.fits[1]
scw/1136/113600540010.001/swg.fits[1]
scw/1194/119400370010.001/swg.fits[1]
scw/1194/119400410010.001/swg.fits[1]
scw/1194/119400420010.001/swg.fits[1]
scw/1195/119500370010.001/swg.fits[1]
scw/1195/119500380010.001/swg.fits[1]
