scw/0058/005800260010.001/swg.fits[1]
scw/0170/017000460010.001/swg.fits[1]
scw/0177/017700190010.001/swg.fits[1]
scw/0234/023400180010.001/swg.fits[1]
scw/0242/024200080010.001/swg.fits[1]
scw/0282/028200040010.001/swg.fits[1]
scw/0286/028600130010.001/swg.fits[1]
scw/0292/029200120010.001/swg.fits[1]
scw/0412/041200150010.001/swg.fits[1]
scw/0717/071700060010.001/swg.fits[1]
scw/0853/085300480010.001/swg.fits[1]
scw/1866/186600130010.001/swg.fits[1]
scw/1866/186600140010.001/swg.fits[1]
scw/1866/186600420010.001/swg.fits[1]
scw/1866/186600430010.001/swg.fits[1]
scw/1866/186600440010.001/swg.fits[1]
scw/1866/186600540010.001/swg.fits[1]
scw/1866/186600540020.001/swg.fits[1]
scw/1867/186700090010.001/swg.fits[1]
scw/1867/186700100010.001/swg.fits[1]
scw/1867/186700380010.001/swg.fits[1]
scw/1867/186700390010.001/swg.fits[1]
scw/1867/186700400010.001/swg.fits[1]
scw/1867/186700410010.001/swg.fits[1]
scw/1867/186700490010.001/swg.fits[1]
scw/2131/213100110010.001/swg.fits[1]
scw/2131/213100120010.001/swg.fits[1]
scw/2131/213100320010.001/swg.fits[1]
scw/2131/213100400010.001/swg.fits[1]
scw/2131/213100410010.001/swg.fits[1]
scw/2131/213100420010.001/swg.fits[1]
scw/2131/213100520010.001/swg.fits[1]
scw/2132/213200060010.001/swg.fits[1]
scw/2132/213200070010.001/swg.fits[1]
scw/2132/213200350010.001/swg.fits[1]
scw/2132/213200360010.001/swg.fits[1]
scw/2132/213200370010.001/swg.fits[1]
scw/2132/213200380010.001/swg.fits[1]
scw/2133/213300020010.001/swg.fits[1]
scw/2133/213300030010.001/swg.fits[1]
scw/2133/213300310010.001/swg.fits[1]
scw/2133/213300320010.001/swg.fits[1]
scw/2133/213300330010.001/swg.fits[1]
scw/2271/227100020010.001/swg.fits[1]
scw/2271/227100360010.001/swg.fits[1]
scw/2271/227100370010.001/swg.fits[1]
scw/2271/227100380010.001/swg.fits[1]
scw/2271/227100390010.001/swg.fits[1]
scw/2271/227100460010.001/swg.fits[1]
scw/2271/227100480010.001/swg.fits[1]
scw/2271/227100520010.001/swg.fits[1]
scw/2275/227500610010.001/swg.fits[1]
scw/2275/227500680010.001/swg.fits[1]
scw/2275/227500730010.001/swg.fits[1]
scw/2275/227500740010.001/swg.fits[1]
scw/2276/227600040010.001/swg.fits[1]
scw/2276/227600170010.001/swg.fits[1]
scw/2276/227600220010.001/swg.fits[1]
