scw/0293/029300170010.001/swg.fits[1]
scw/0293/029300180010.001/swg.fits[1]
scw/0293/029300190010.001/swg.fits[1]
scw/0293/029300220010.001/swg.fits[1]
scw/0293/029300230010.001/swg.fits[1]
scw/0293/029300240010.001/swg.fits[1]
scw/0293/029300260010.001/swg.fits[1]
scw/0293/029300270010.001/swg.fits[1]
scw/0293/029300280010.001/swg.fits[1]
scw/0293/029300310010.001/swg.fits[1]
scw/0293/029300320010.001/swg.fits[1]
scw/0293/029300330010.001/swg.fits[1]
scw/0293/029300370010.001/swg.fits[1]
scw/0293/029300610010.001/swg.fits[1]
scw/0293/029300650010.001/swg.fits[1]
scw/0301/030100830010.001/swg.fits[1]
scw/0301/030100840010.001/swg.fits[1]
scw/0301/030100850010.001/swg.fits[1]
scw/0301/030100860010.001/swg.fits[1]
scw/0302/030200360010.001/swg.fits[1]
scw/0302/030200370010.001/swg.fits[1]
scw/0302/030200440010.001/swg.fits[1]
scw/0302/030200450010.001/swg.fits[1]
scw/0302/030200460010.001/swg.fits[1]
scw/0302/030200470010.001/swg.fits[1]
scw/0302/030200940010.001/swg.fits[1]
scw/0302/030200950010.001/swg.fits[1]
scw/0302/030200960010.001/swg.fits[1]
scw/0302/030200970010.001/swg.fits[1]
scw/0303/030300590010.001/swg.fits[1]
scw/0303/030300600010.001/swg.fits[1]
scw/0303/030300670010.001/swg.fits[1]
scw/0303/030300680010.001/swg.fits[1]
scw/0303/030300690010.001/swg.fits[1]
scw/0303/030300700010.001/swg.fits[1]
scw/0347/034700280010.001/swg.fits[1]
scw/0347/034700290010.001/swg.fits[1]
scw/0347/034700300010.001/swg.fits[1]
scw/0347/034700310010.001/swg.fits[1]
scw/0347/034700320010.001/swg.fits[1]
scw/0347/034700500010.001/swg.fits[1]
scw/0347/034700510010.001/swg.fits[1]
scw/0347/034700520010.001/swg.fits[1]
scw/0347/034700590010.001/swg.fits[1]
scw/0347/034700600010.001/swg.fits[1]
scw/0350/035000160010.001/swg.fits[1]
scw/0350/035000170010.001/swg.fits[1]
scw/0350/035000180010.001/swg.fits[1]
scw/0350/035000190010.001/swg.fits[1]
scw/0350/035000360010.001/swg.fits[1]
scw/0350/035000370010.001/swg.fits[1]
scw/0350/035000380010.001/swg.fits[1]
scw/0350/035000630010.001/swg.fits[1]
scw/0350/035000640010.001/swg.fits[1]
scw/0350/035000650010.001/swg.fits[1]
scw/0350/035000660010.001/swg.fits[1]
scw/0351/035100480010.001/swg.fits[1]
scw/0351/035100490010.001/swg.fits[1]
scw/0351/035100500010.001/swg.fits[1]
scw/0351/035100510010.001/swg.fits[1]
scw/0351/035100970010.001/swg.fits[1]
scw/0351/035100980010.001/swg.fits[1]
scw/0353/035300110010.001/swg.fits[1]
scw/0353/035300120010.001/swg.fits[1]
scw/0353/035300180010.001/swg.fits[1]
scw/0353/035300190010.001/swg.fits[1]
scw/0353/035300300010.001/swg.fits[1]
scw/0353/035300380010.001/swg.fits[1]
scw/0353/035300390010.001/swg.fits[1]
scw/0353/035300400010.001/swg.fits[1]
scw/0353/035300500010.001/swg.fits[1]
scw/0353/035300580010.001/swg.fits[1]
scw/0353/035300590010.001/swg.fits[1]
scw/0353/035300600010.001/swg.fits[1]
scw/0353/035300610010.001/swg.fits[1]
scw/0354/035400360010.001/swg.fits[1]
scw/0354/035400370010.001/swg.fits[1]
scw/0468/046800280010.001/swg.fits[1]
scw/0468/046800300010.001/swg.fits[1]
scw/0468/046800310010.001/swg.fits[1]
scw/0468/046800320010.001/swg.fits[1]
scw/0468/046800380010.001/swg.fits[1]
scw/0468/046800610010.001/swg.fits[1]
scw/0468/046800620010.001/swg.fits[1]
scw/0468/046800670010.001/swg.fits[1]
scw/0468/046800680010.001/swg.fits[1]
scw/0468/046800710010.001/swg.fits[1]
scw/0468/046800720010.001/swg.fits[1]
scw/0468/046800760010.001/swg.fits[1]
scw/0468/046800770010.001/swg.fits[1]
scw/0468/046800780010.001/swg.fits[1]
scw/0525/052500220010.001/swg.fits[1]
scw/0525/052500300010.001/swg.fits[1]
scw/0536/053600370010.001/swg.fits[1]
scw/0731/073100790010.001/swg.fits[1]
scw/0767/076700280010.001/swg.fits[1]
scw/0767/076700760010.001/swg.fits[1]
scw/0767/076700770010.001/swg.fits[1]
scw/0768/076800510010.001/swg.fits[1]
scw/0769/076900380010.001/swg.fits[1]
scw/0769/076900390010.001/swg.fits[1]
scw/0769/076900400010.001/swg.fits[1]
scw/0771/077100170010.001/swg.fits[1]
scw/0771/077100180010.001/swg.fits[1]
scw/0772/077200050010.001/swg.fits[1]
scw/0782/078200210010.001/swg.fits[1]
scw/0782/078200270010.001/swg.fits[1]
scw/0782/078200280010.001/swg.fits[1]
scw/0782/078200290010.001/swg.fits[1]
scw/0782/078200310010.001/swg.fits[1]
scw/0782/078200730010.001/swg.fits[1]
scw/0782/078200740010.001/swg.fits[1]
scw/0782/078200780010.001/swg.fits[1]
scw/0782/078200800010.001/swg.fits[1]
scw/0782/078200840010.001/swg.fits[1]
scw/0785/078500520010.001/swg.fits[1]
scw/0785/078500550010.001/swg.fits[1]
scw/0785/078500560010.001/swg.fits[1]
scw/0785/078500610010.001/swg.fits[1]
scw/0785/078500620010.001/swg.fits[1]
scw/0785/078500630010.001/swg.fits[1]
scw/0786/078600580010.001/swg.fits[1]
scw/0786/078600590010.001/swg.fits[1]
scw/0786/078600640010.001/swg.fits[1]
scw/0786/078600650010.001/swg.fits[1]
scw/0786/078600690010.001/swg.fits[1]
scw/0790/079000040010.001/swg.fits[1]
scw/0790/079000080010.001/swg.fits[1]
scw/0790/079000090010.001/swg.fits[1]
scw/0790/079000140010.001/swg.fits[1]
scw/0790/079000150010.001/swg.fits[1]
scw/0791/079100470010.001/swg.fits[1]
scw/0791/079100530010.001/swg.fits[1]
scw/0791/079100540010.001/swg.fits[1]
scw/0791/079100550010.001/swg.fits[1]
scw/0791/079100570010.001/swg.fits[1]
scw/0791/079100920010.001/swg.fits[1]
scw/0791/079100930010.001/swg.fits[1]
scw/0791/079100960010.001/swg.fits[1]
scw/0791/079100970010.001/swg.fits[1]
scw/0791/079100980010.001/swg.fits[1]
scw/0840/084000330010.001/swg.fits[1]
scw/0840/084000350010.001/swg.fits[1]
scw/0840/084000360010.001/swg.fits[1]
scw/0840/084000370010.001/swg.fits[1]
scw/0840/084000420010.001/swg.fits[1]
scw/0840/084000430010.001/swg.fits[1]
scw/0840/084001010010.001/swg.fits[1]
scw/0840/084001020010.001/swg.fits[1]
scw/0840/084001070010.001/swg.fits[1]
scw/0840/084001080010.001/swg.fits[1]
scw/0840/084001120010.001/swg.fits[1]
scw/0841/084100360010.001/swg.fits[1]
scw/0841/084100370010.001/swg.fits[1]
scw/0841/084100420010.001/swg.fits[1]
scw/0841/084100430010.001/swg.fits[1]
scw/0841/084100440010.001/swg.fits[1]
scw/0841/084100460010.001/swg.fits[1]
scw/0841/084101010010.001/swg.fits[1]
scw/0841/084101020010.001/swg.fits[1]
scw/0841/084101070010.001/swg.fits[1]
scw/0841/084101080010.001/swg.fits[1]
scw/0842/084200330010.001/swg.fits[1]
scw/0842/084200350010.001/swg.fits[1]
scw/0842/084200360010.001/swg.fits[1]
scw/0842/084200370010.001/swg.fits[1]
scw/0842/084200430010.001/swg.fits[1]
scw/0842/084201010010.001/swg.fits[1]
scw/0842/084201020010.001/swg.fits[1]
scw/0842/084201070010.001/swg.fits[1]
scw/0842/084201080010.001/swg.fits[1]
scw/0843/084300310010.001/swg.fits[1]
scw/0843/084300330010.001/swg.fits[1]
scw/0843/084300340010.001/swg.fits[1]
scw/0843/084300350010.001/swg.fits[1]
scw/0843/084300400010.001/swg.fits[1]
scw/0843/084300410010.001/swg.fits[1]
scw/0843/084300420010.001/swg.fits[1]
scw/0843/084300440010.001/swg.fits[1]
scw/0843/084300910010.001/swg.fits[1]
scw/0843/084300920010.001/swg.fits[1]
scw/0843/084300960010.001/swg.fits[1]
scw/0843/084300970010.001/swg.fits[1]
scw/0843/084300980010.001/swg.fits[1]
scw/0843/084300990010.001/swg.fits[1]
scw/0843/084301010010.001/swg.fits[1]
scw/0843/084301020010.001/swg.fits[1]
scw/0844/084400310010.001/swg.fits[1]
scw/0844/084400330010.001/swg.fits[1]
scw/0844/084400340010.001/swg.fits[1]
scw/0844/084400350010.001/swg.fits[1]
scw/0844/084400410010.001/swg.fits[1]
scw/0844/084400990010.001/swg.fits[1]
scw/0844/084401050010.001/swg.fits[1]
scw/0844/084401060010.001/swg.fits[1]
scw/0844/084401070010.001/swg.fits[1]
scw/0844/084401090010.001/swg.fits[1]
scw/0845/084500300010.001/swg.fits[1]
scw/0845/084500310010.001/swg.fits[1]
scw/0845/084500330010.001/swg.fits[1]
scw/0845/084500340010.001/swg.fits[1]
scw/0845/084500350010.001/swg.fits[1]
scw/0845/084500410010.001/swg.fits[1]
scw/0845/084500990010.001/swg.fits[1]
scw/0845/084501000010.001/swg.fits[1]
scw/0845/084501010010.001/swg.fits[1]
scw/0845/084501050010.001/swg.fits[1]
scw/0845/084501060010.001/swg.fits[1]
scw/0845/084501070010.001/swg.fits[1]
scw/0845/084501080010.001/swg.fits[1]
scw/0845/084501090010.001/swg.fits[1]
scw/0850/085000300010.001/swg.fits[1]
scw/0850/085000310010.001/swg.fits[1]
scw/0850/085000330010.001/swg.fits[1]
scw/0850/085000340010.001/swg.fits[1]
scw/0850/085000350010.001/swg.fits[1]
scw/0850/085000410010.001/swg.fits[1]
scw/0850/085000940010.001/swg.fits[1]
scw/0850/085001000010.001/swg.fits[1]
scw/0850/085001010010.001/swg.fits[1]
scw/0850/085001020010.001/swg.fits[1]
scw/0850/085001040010.001/swg.fits[1]
scw/0899/089900470010.001/swg.fits[1]
scw/0899/089900530010.001/swg.fits[1]
scw/0899/089900540010.001/swg.fits[1]
scw/0899/089900550010.001/swg.fits[1]
scw/0899/089900570010.001/swg.fits[1]
scw/0899/089900920010.001/swg.fits[1]
scw/0899/089900960010.001/swg.fits[1]
