scw/0057/005700210010.001/swg.fits[1]
scw/0057/005700220010.001/swg.fits[1]
scw/0057/005700230010.001/swg.fits[1]
scw/0057/005700240010.001/swg.fits[1]
scw/0057/005700300010.001/swg.fits[1]
scw/0057/005700420010.001/swg.fits[1]
scw/0057/005700460010.001/swg.fits[1]
scw/0059/005900090010.001/swg.fits[1]
scw/0062/006200410010.001/swg.fits[1]
scw/0062/006200420010.001/swg.fits[1]
scw/0062/006200430010.001/swg.fits[1]
scw/0062/006200440010.001/swg.fits[1]
scw/0062/006200500010.001/swg.fits[1]
scw/0062/006200620010.001/swg.fits[1]
scw/0062/006200660010.001/swg.fits[1]
scw/0067/006700060010.001/swg.fits[1]
scw/0172/017200550010.001/swg.fits[1]
scw/0172/017200560010.001/swg.fits[1]
scw/0172/017200570010.001/swg.fits[1]
scw/0172/017200580010.001/swg.fits[1]
scw/0174/017400660010.001/swg.fits[1]
scw/0174/017400670010.001/swg.fits[1]
scw/0174/017400680010.001/swg.fits[1]
scw/0174/017400690010.001/swg.fits[1]
scw/0181/018100280010.001/swg.fits[1]
scw/0233/023300110010.001/swg.fits[1]
scw/0241/024100090010.001/swg.fits[1]
scw/0242/024200350010.001/swg.fits[1]
scw/0242/024200360010.001/swg.fits[1]
scw/0242/024200410010.001/swg.fits[1]
scw/0242/024200420010.001/swg.fits[1]
scw/0243/024300810010.001/swg.fits[1]
scw/0243/024300820010.001/swg.fits[1]
scw/0243/024300870010.001/swg.fits[1]
scw/0243/024300880010.001/swg.fits[1]
scw/0253/025300080010.001/swg.fits[1]
scw/0373/037300100010.001/swg.fits[1]
scw/0379/037900120010.001/swg.fits[1]
scw/0379/037900190010.001/swg.fits[1]
scw/0419/041900650010.001/swg.fits[1]
scw/0423/042300070010.001/swg.fits[1]
scw/0427/042700630010.001/swg.fits[1]
scw/0441/044100540010.001/swg.fits[1]
scw/0542/054200140010.001/swg.fits[1]
scw/0544/054400130010.001/swg.fits[1]
scw/0557/055700060010.001/swg.fits[1]
scw/0559/055900050010.001/swg.fits[1]
scw/0607/060700110010.001/swg.fits[1]
scw/0607/060700160010.001/swg.fits[1]
scw/0614/061400030010.001/swg.fits[1]
scw/0673/067300140010.001/swg.fits[1]
scw/0739/073900030010.001/swg.fits[1]
scw/0786/078600060010.001/swg.fits[1]
scw/0788/078800080010.001/swg.fits[1]
scw/0790/079001030010.001/swg.fits[1]
scw/0790/079001040010.001/swg.fits[1]
scw/0800/080000060010.001/swg.fits[1]
scw/0801/080100170010.001/swg.fits[1]
scw/0804/080400060010.001/swg.fits[1]
scw/1032/103200080010.001/swg.fits[1]
scw/1036/103600820010.001/swg.fits[1]
scw/1036/103600830010.001/swg.fits[1]
scw/1039/103901000010.001/swg.fits[1]
scw/1049/104900590010.001/swg.fits[1]
scw/1050/105000540010.001/swg.fits[1]
scw/1051/105100220010.001/swg.fits[1]
scw/1052/105200050010.001/swg.fits[1]
scw/1053/105300130010.001/swg.fits[1]
scw/1055/105500130010.001/swg.fits[1]
scw/1169/116900140010.001/swg.fits[1]
scw/1169/116900600010.001/swg.fits[1]
scw/1171/117100060010.001/swg.fits[1]
scw/1171/117100320010.001/swg.fits[1]
scw/1173/117300030010.001/swg.fits[1]
scw/1174/117400690010.001/swg.fits[1]
scw/1227/122700200010.001/swg.fits[1]
scw/1227/122701100010.001/swg.fits[1]
scw/1228/122800380010.001/swg.fits[1]
scw/1229/122900150010.001/swg.fits[1]
scw/1229/122900210010.001/swg.fits[1]
scw/1230/123000220010.001/swg.fits[1]
scw/1231/123100140010.001/swg.fits[1]
scw/1235/123500330010.001/swg.fits[1]
scw/1238/123800130010.001/swg.fits[1]
scw/1290/129000060010.001/swg.fits[1]
scw/1293/129300510010.001/swg.fits[1]
scw/1294/129400140010.001/swg.fits[1]
scw/1296/129600960010.001/swg.fits[1]
scw/1299/129900140010.001/swg.fits[1]
scw/1480/148000790010.001/swg.fits[1]
scw/1602/160200350010.001/swg.fits[1]
scw/1613/161300620010.001/swg.fits[1]
scw/1613/161300810010.001/swg.fits[1]
scw/1618/161800040010.001/swg.fits[1]
scw/1618/161800230010.001/swg.fits[1]
scw/1743/174300230010.001/swg.fits[1]
scw/1743/174300240010.001/swg.fits[1]
scw/1743/174300250010.001/swg.fits[1]
scw/1743/174300280010.001/swg.fits[1]
scw/1743/174300290010.001/swg.fits[1]
scw/1743/174300300010.001/swg.fits[1]
scw/1743/174300340010.001/swg.fits[1]
scw/1744/174400230010.001/swg.fits[1]
scw/1744/174400280010.001/swg.fits[1]
scw/1744/174400290010.001/swg.fits[1]
scw/1744/174400330010.001/swg.fits[1]
scw/1746/174600530010.001/swg.fits[1]
scw/1747/174700450010.001/swg.fits[1]
scw/1788/178800280010.001/swg.fits[1]
scw/1788/178800290010.001/swg.fits[1]
scw/1788/178800360010.001/swg.fits[1]
scw/1788/178800370010.001/swg.fits[1]
scw/1798/179800240010.001/swg.fits[1]
scw/1798/179800250010.001/swg.fits[1]
scw/1798/179800260010.001/swg.fits[1]
scw/1798/179800320010.001/swg.fits[1]
scw/1798/179800650010.001/swg.fits[1]
scw/1798/179800660010.001/swg.fits[1]
scw/1798/179800700010.001/swg.fits[1]
scw/1798/179800710010.001/swg.fits[1]
scw/1798/179800720010.001/swg.fits[1]
scw/1798/179800730010.001/swg.fits[1]
scw/1803/180300730010.001/swg.fits[1]
scw/1803/180300740010.001/swg.fits[1]
scw/1803/180300750010.001/swg.fits[1]
scw/1803/180300810010.001/swg.fits[1]
scw/1807/180700070010.001/swg.fits[1]
scw/1807/180700080010.001/swg.fits[1]
scw/1807/180700090010.001/swg.fits[1]
scw/1807/180700380010.001/swg.fits[1]
scw/1807/180700390010.001/swg.fits[1]
scw/1807/180700400010.001/swg.fits[1]
scw/1807/180700430010.001/swg.fits[1]
scw/1807/180700440010.001/swg.fits[1]
scw/1807/180700450010.001/swg.fits[1]
scw/1807/180700630010.001/swg.fits[1]
scw/1807/180700640010.001/swg.fits[1]
scw/1807/180700690010.001/swg.fits[1]
scw/1807/180700700010.001/swg.fits[1]
scw/1807/180700730010.001/swg.fits[1]
scw/1807/180700740010.001/swg.fits[1]
scw/1808/180800050010.001/swg.fits[1]
scw/1808/180800060010.001/swg.fits[1]
scw/1808/180800110010.001/swg.fits[1]
scw/1808/180800120010.001/swg.fits[1]
scw/1808/180800150010.001/swg.fits[1]
scw/1808/180800160010.001/swg.fits[1]
scw/1808/180800300010.001/swg.fits[1]
scw/1808/180800310010.001/swg.fits[1]
scw/1808/180800360010.001/swg.fits[1]
scw/1808/180800370010.001/swg.fits[1]
scw/1808/180800550010.001/swg.fits[1]
scw/1808/180800560010.001/swg.fits[1]
scw/1808/180800570010.001/swg.fits[1]
scw/1808/180800600010.001/swg.fits[1]
scw/1808/180800610010.001/swg.fits[1]
scw/1808/180800620010.001/swg.fits[1]
scw/1809/180900030010.001/swg.fits[1]
scw/1809/180900040010.001/swg.fits[1]
scw/1809/180900050010.001/swg.fits[1]
scw/1809/180900280010.001/swg.fits[1]
scw/1809/180900290010.001/swg.fits[1]
scw/1809/180900300010.001/swg.fits[1]
scw/1809/180900330010.001/swg.fits[1]
scw/1809/180900340010.001/swg.fits[1]
scw/1809/180900350010.001/swg.fits[1]
scw/1809/180900380010.001/swg.fits[1]
scw/1809/180900390010.001/swg.fits[1]
scw/1809/180900400010.001/swg.fits[1]
scw/1809/180900530010.001/swg.fits[1]
scw/1809/180900540010.001/swg.fits[1]
scw/1809/180900590010.001/swg.fits[1]
scw/1809/180900600010.001/swg.fits[1]
scw/1810/181000020010.001/swg.fits[1]
