scw/0729/072900560010.001/swg.fits[1]
scw/0729/072900570010.001/swg.fits[1]
scw/0729/072900580010.001/swg.fits[1]
scw/0730/073000360010.001/swg.fits[1]
scw/0730/073000370010.001/swg.fits[1]
scw/0730/073000380010.001/swg.fits[1]
scw/0731/073100350010.001/swg.fits[1]
scw/0731/073100360010.001/swg.fits[1]
scw/0731/073100370010.001/swg.fits[1]
scw/0733/073300440010.001/swg.fits[1]
scw/0733/073300450010.001/swg.fits[1]
scw/0733/073300460010.001/swg.fits[1]
scw/0733/073300530010.001/swg.fits[1]
scw/0733/073300540010.001/swg.fits[1]
scw/0733/073300550010.001/swg.fits[1]
scw/0734/073400370010.001/swg.fits[1]
scw/0734/073400380010.001/swg.fits[1]
scw/0734/073400390010.001/swg.fits[1]
scw/0735/073500460010.001/swg.fits[1]
scw/0735/073500470010.001/swg.fits[1]
scw/0735/073500480010.001/swg.fits[1]
scw/0735/073500550010.001/swg.fits[1]
scw/0735/073500560010.001/swg.fits[1]
scw/0735/073500570010.001/swg.fits[1]
scw/0737/073700380010.001/swg.fits[1]
scw/0737/073700390010.001/swg.fits[1]
scw/0737/073700400010.001/swg.fits[1]
scw/0737/073700470010.001/swg.fits[1]
scw/0737/073700480010.001/swg.fits[1]
scw/0737/073700490010.001/swg.fits[1]
scw/0737/073701050010.001/swg.fits[1]
scw/0738/073800070010.001/swg.fits[1]
scw/0789/078900890010.001/swg.fits[1]
scw/0789/078900900010.001/swg.fits[1]
scw/0790/079000950010.001/swg.fits[1]
scw/0790/079000960010.001/swg.fits[1]
scw/0793/079300400010.001/swg.fits[1]
scw/0793/079300410010.001/swg.fits[1]
scw/0794/079400670010.001/swg.fits[1]
scw/0794/079400680010.001/swg.fits[1]
scw/0852/085200610010.001/swg.fits[1]
scw/0852/085200620010.001/swg.fits[1]
scw/0852/085200630010.001/swg.fits[1]
scw/0853/085300370010.001/swg.fits[1]
scw/0853/085300380010.001/swg.fits[1]
scw/0853/085300390010.001/swg.fits[1]
scw/2125/212500130010.001/swg.fits[1]
scw/2125/212500140010.001/swg.fits[1]
scw/2125/212500230010.001/swg.fits[1]
scw/2125/212500390010.001/swg.fits[1]
scw/2125/212500400010.001/swg.fits[1]
scw/2125/212500490010.001/swg.fits[1]
scw/2252/225200370010.001/swg.fits[1]
scw/2253/225300300010.001/swg.fits[1]
scw/2264/226400410010.001/swg.fits[1]
scw/2264/226400420010.001/swg.fits[1]
scw/2264/226400510010.001/swg.fits[1]
scw/2264/226400620010.001/swg.fits[1]
scw/2264/226400710010.001/swg.fits[1]
scw/2264/226400720010.001/swg.fits[1]
