scw/0074/007400470010.001/swg.fits[1]
scw/0074/007400470020.001/swg.fits[1]
scw/0074/007400470030.001/swg.fits[1]
scw/0074/007400470040.001/swg.fits[1]
scw/0074/007400480010.001/swg.fits[1]
scw/0074/007400480020.001/swg.fits[1]
scw/0074/007400480030.001/swg.fits[1]
scw/0074/007400480040.001/swg.fits[1]
scw/0074/007400480050.001/swg.fits[1]
scw/0074/007400480060.001/swg.fits[1]
scw/0074/007400480070.001/swg.fits[1]
scw/0074/007400480080.001/swg.fits[1]
scw/0074/007400480090.001/swg.fits[1]
scw/0074/007400480100.001/swg.fits[1]
scw/0074/007400480110.001/swg.fits[1]
scw/0074/007400480120.001/swg.fits[1]
scw/0074/007400480130.001/swg.fits[1]
scw/0074/007400480140.001/swg.fits[1]
scw/0074/007400480150.001/swg.fits[1]
scw/0074/007400480160.001/swg.fits[1]
scw/0074/007400480170.001/swg.fits[1]
scw/0074/007400480180.001/swg.fits[1]
scw/0074/007400480190.001/swg.fits[1]
scw/0074/007400480200.001/swg.fits[1]
scw/0074/007400480210.001/swg.fits[1]
scw/0074/007400480220.001/swg.fits[1]
scw/0074/007400480230.001/swg.fits[1]
scw/0074/007400480240.001/swg.fits[1]
scw/0075/007500030010.001/swg.fits[1]
scw/0075/007500040010.001/swg.fits[1]
scw/0075/007500040020.001/swg.fits[1]
scw/0075/007500040030.001/swg.fits[1]
scw/0075/007500040040.001/swg.fits[1]
scw/0075/007500040050.001/swg.fits[1]
scw/0075/007500040060.001/swg.fits[1]
scw/0075/007500040070.001/swg.fits[1]
scw/0075/007500040080.001/swg.fits[1]
scw/0075/007500040090.001/swg.fits[1]
scw/0075/007500040100.001/swg.fits[1]
scw/0075/007500040110.001/swg.fits[1]
scw/0075/007500040120.001/swg.fits[1]
scw/0075/007500040130.001/swg.fits[1]
scw/0075/007500040140.001/swg.fits[1]
scw/0075/007500040150.001/swg.fits[1]
scw/0075/007500040160.001/swg.fits[1]
scw/0075/007500040170.001/swg.fits[1]
scw/0075/007500040180.001/swg.fits[1]
scw/0075/007500040190.001/swg.fits[1]
scw/0075/007500040200.001/swg.fits[1]
scw/0075/007500040210.001/swg.fits[1]
scw/0075/007500040220.001/swg.fits[1]
scw/0075/007500040230.001/swg.fits[1]
scw/0075/007500040240.001/swg.fits[1]
scw/0075/007500040250.001/swg.fits[1]
scw/0075/007500040260.001/swg.fits[1]
scw/0075/007500040270.001/swg.fits[1]
scw/0075/007500040280.001/swg.fits[1]
scw/0075/007500040290.001/swg.fits[1]
scw/0075/007500040300.001/swg.fits[1]
scw/0075/007500040310.001/swg.fits[1]
scw/0075/007500040320.001/swg.fits[1]
scw/0075/007500050010.001/swg.fits[1]
scw/0075/007500050020.001/swg.fits[1]
scw/0075/007500050030.001/swg.fits[1]
scw/0075/007500050040.001/swg.fits[1]
scw/0075/007500050050.001/swg.fits[1]
scw/0075/007500050060.001/swg.fits[1]
scw/0075/007500050070.001/swg.fits[1]
scw/0075/007500050080.001/swg.fits[1]
scw/0075/007500050090.001/swg.fits[1]
scw/0075/007500050100.001/swg.fits[1]
scw/0075/007500050110.001/swg.fits[1]
scw/0075/007500050120.001/swg.fits[1]
scw/0075/007500050130.001/swg.fits[1]
scw/0075/007500050140.001/swg.fits[1]
scw/0075/007500050150.001/swg.fits[1]
scw/0075/007500050160.001/swg.fits[1]
scw/0075/007500050170.001/swg.fits[1]
scw/0075/007500050180.001/swg.fits[1]
scw/0075/007500050190.001/swg.fits[1]
scw/0075/007500050200.001/swg.fits[1]
scw/0075/007500050210.001/swg.fits[1]
scw/0075/007500050220.001/swg.fits[1]
scw/0075/007500050230.001/swg.fits[1]
scw/0076/007600030010.001/swg.fits[1]
scw/0076/007600040010.001/swg.fits[1]
scw/0076/007600040020.001/swg.fits[1]
scw/0076/007600040030.001/swg.fits[1]
scw/0076/007600040040.001/swg.fits[1]
scw/0076/007600040050.001/swg.fits[1]
scw/0076/007600040060.001/swg.fits[1]
scw/0076/007600040070.001/swg.fits[1]
scw/0076/007600040080.001/swg.fits[1]
scw/0076/007600040090.001/swg.fits[1]
scw/0076/007600040100.001/swg.fits[1]
scw/0076/007600040110.001/swg.fits[1]
scw/0076/007600040120.001/swg.fits[1]
scw/0076/007600040130.001/swg.fits[1]
scw/0076/007600040140.001/swg.fits[1]
scw/0076/007600040150.001/swg.fits[1]
scw/0521/052100040010.001/swg.fits[1]
scw/0521/052100110010.001/swg.fits[1]
scw/0521/052100160010.001/swg.fits[1]
scw/0521/052100380010.001/swg.fits[1]
scw/0521/052100390010.001/swg.fits[1]
scw/0521/052100460010.001/swg.fits[1]
scw/0521/052100510010.001/swg.fits[1]
scw/0521/052100580010.001/swg.fits[1]
scw/0522/052200030010.001/swg.fits[1]
scw/0522/052200180010.001/swg.fits[1]
scw/0522/052200190010.001/swg.fits[1]
scw/0522/052200260010.001/swg.fits[1]
scw/0522/052200270010.001/swg.fits[1]
scw/0522/052200340010.001/swg.fits[1]
scw/0522/052200410010.001/swg.fits[1]
scw/0522/052200460010.001/swg.fits[1]
scw/0561/056100090010.001/swg.fits[1]
scw/0561/056100110010.001/swg.fits[1]
scw/0561/056100160010.001/swg.fits[1]
scw/0561/056100390010.001/swg.fits[1]
scw/0562/056200260010.001/swg.fits[1]
scw/0562/056200310010.001/swg.fits[1]
scw/0562/056200330010.001/swg.fits[1]
scw/0562/056200390010.001/swg.fits[1]
scw/0562/056200460010.001/swg.fits[1]
scw/0562/056200610010.001/swg.fits[1]
scw/0563/056300020010.001/swg.fits[1]
scw/0563/056300070010.001/swg.fits[1]
scw/0563/056300090010.001/swg.fits[1]
scw/0563/056300140010.001/swg.fits[1]
scw/0634/063400020010.001/swg.fits[1]
scw/0634/063400070010.001/swg.fits[1]
scw/0634/063400140010.001/swg.fits[1]
scw/0634/063400210010.001/swg.fits[1]
scw/0634/063400370010.001/swg.fits[1]
scw/0634/063400420010.001/swg.fits[1]
scw/0634/063400440010.001/swg.fits[1]
scw/0634/063400490010.001/swg.fits[1]
scw/0634/063400510010.001/swg.fits[1]
scw/0634/063400560010.001/swg.fits[1]
scw/0636/063600110010.001/swg.fits[1]
scw/0636/063600260010.001/swg.fits[1]
scw/0636/063600340010.001/swg.fits[1]
scw/0636/063600390010.001/swg.fits[1]
scw/0636/063600410010.001/swg.fits[1]
scw/0636/063600460010.001/swg.fits[1]
scw/0636/063600530010.001/swg.fits[1]
scw/0810/081000150010.001/swg.fits[1]
scw/0810/081000250010.001/swg.fits[1]
scw/0810/081000550010.001/swg.fits[1]
scw/0811/081100050010.001/swg.fits[1]
scw/0811/081100080010.001/swg.fits[1]
scw/0811/081100150010.001/swg.fits[1]
scw/0811/081100480010.001/swg.fits[1]
scw/1047/104700090010.001/swg.fits[1]
scw/1047/104700110010.001/swg.fits[1]
scw/1047/104700160010.001/swg.fits[1]
scw/1047/104700240010.001/swg.fits[1]
scw/1047/104700390010.001/swg.fits[1]
scw/1047/104700460010.001/swg.fits[1]
scw/1047/104700600010.001/swg.fits[1]
scw/1057/105700370010.001/swg.fits[1]
scw/1057/105700390010.001/swg.fits[1]
scw/1057/105700520010.001/swg.fits[1]
scw/1113/111300060010.001/swg.fits[1]
scw/1113/111300080010.001/swg.fits[1]
scw/1113/111300130010.001/swg.fits[1]
scw/1113/111300270010.001/swg.fits[1]
scw/1113/111300340010.001/swg.fits[1]
scw/1113/111300360010.001/swg.fits[1]
scw/1113/111300410010.001/swg.fits[1]
scw/1113/111300430010.001/swg.fits[1]
scw/1113/111300500010.001/swg.fits[1]
scw/1113/111300550010.001/swg.fits[1]
scw/1113/111300570010.001/swg.fits[1]
scw/1113/111300620010.001/swg.fits[1]
scw/1113/111300620020.001/swg.fits[1]
scw/1117/111700370010.001/swg.fits[1]
scw/1117/111700520010.001/swg.fits[1]
scw/1117/111700600010.001/swg.fits[1]
scw/1117/111700610010.001/swg.fits[1]
scw/1118/111800070010.001/swg.fits[1]
scw/1118/111800140010.001/swg.fits[1]
scw/1118/111800160010.001/swg.fits[1]
scw/1118/111800210010.001/swg.fits[1]
scw/1118/111800350010.001/swg.fits[1]
scw/1118/111800420010.001/swg.fits[1]
scw/1170/117000220010.001/swg.fits[1]
scw/1170/117000320010.001/swg.fits[1]
scw/1179/117900090010.001/swg.fits[1]
scw/1179/117900100010.001/swg.fits[1]
scw/1179/117900130010.001/swg.fits[1]
scw/1179/117900600010.001/swg.fits[1]
scw/1232/123200220010.001/swg.fits[1]
scw/1240/124000350010.001/swg.fits[1]
scw/1240/124000480010.001/swg.fits[1]
scw/1240/124000540010.001/swg.fits[1]
