scw/0205/020500020010.001/swg.fits[1]
scw/0205/020500110010.001/swg.fits[1]
scw/0205/020500410010.001/swg.fits[1]
scw/0205/020500500010.001/swg.fits[1]
scw/0205/020500590010.001/swg.fits[1]
scw/0206/020600280010.001/swg.fits[1]
scw/0206/020600370010.001/swg.fits[1]
scw/0206/020600460010.001/swg.fits[1]
scw/0257/025700600010.001/swg.fits[1]
scw/0257/025700690010.001/swg.fits[1]
scw/0685/068500150010.001/swg.fits[1]
scw/0759/075900370010.001/swg.fits[1]
scw/0759/075900380010.001/swg.fits[1]
scw/0760/076000200010.001/swg.fits[1]
scw/0760/076000290010.001/swg.fits[1]
scw/0761/076100200010.001/swg.fits[1]
scw/0762/076200110010.001/swg.fits[1]
scw/0824/082400520010.001/swg.fits[1]
scw/0825/082500020010.001/swg.fits[1]
scw/0826/082600310010.001/swg.fits[1]
scw/0826/082600400010.001/swg.fits[1]
scw/0827/082700190010.001/swg.fits[1]
scw/0827/082700280010.001/swg.fits[1]
scw/0828/082800080010.001/swg.fits[1]
scw/0828/082800170010.001/swg.fits[1]
scw/0828/082800180010.001/swg.fits[1]
scw/0828/082800580010.001/swg.fits[1]
scw/0829/082900230010.001/swg.fits[1]
