scw/2293/229300130010.001/swg.fits[1]
scw/2293/229300170010.001/swg.fits[1]
scw/2293/229300220010.001/swg.fits[1]
scw/2294/229400320010.001/swg.fits[1]
scw/2295/229500180010.001/swg.fits[1]
scw/2295/229500230010.001/swg.fits[1]
scw/2295/229500240010.001/swg.fits[1]
scw/2295/229500280010.001/swg.fits[1]
scw/2296/229600070010.001/swg.fits[1]
scw/2296/229600120010.001/swg.fits[1]
scw/2296/229600170010.001/swg.fits[1]
scw/2297/229700070010.001/swg.fits[1]
scw/2297/229700120010.001/swg.fits[1]
scw/2297/229700170010.001/swg.fits[1]
scw/2297/229700210010.001/swg.fits[1]
scw/2297/229700260010.001/swg.fits[1]
scw/2298/229800780010.001/swg.fits[1]
scw/2303/230300240010.001/swg.fits[1]
scw/2303/230300290010.001/swg.fits[1]
scw/2303/230300300010.001/swg.fits[1]
scw/2303/230300330010.001/swg.fits[1]
scw/2304/230400080010.001/swg.fits[1]
scw/2304/230400110010.001/swg.fits[1]
scw/2304/230400120010.001/swg.fits[1]
scw/2304/230400170010.001/swg.fits[1]
scw/2305/230500100010.001/swg.fits[1]
scw/2305/230500150010.001/swg.fits[1]
scw/2305/230500160010.001/swg.fits[1]
scw/2305/230500190010.001/swg.fits[1]
scw/2305/230500250010.001/swg.fits[1]
scw/2305/230500280010.001/swg.fits[1]
scw/2305/230500290010.001/swg.fits[1]
scw/2305/230500340010.001/swg.fits[1]
scw/2306/230600130010.001/swg.fits[1]
scw/2306/230600230010.001/swg.fits[1]
scw/2306/230600260010.001/swg.fits[1]
scw/2306/230600270010.001/swg.fits[1]
scw/2306/230600320010.001/swg.fits[1]
scw/2306/230600330010.001/swg.fits[1]
scw/2307/230700250010.001/swg.fits[1]
scw/2307/230700300010.001/swg.fits[1]
scw/2307/230700310010.001/swg.fits[1]
scw/2307/230700340010.001/swg.fits[1]
scw/2334/233400550010.001/swg.fits[1]
scw/2334/233400560010.001/swg.fits[1]
scw/2334/233400590010.001/swg.fits[1]
scw/2334/233400600010.001/swg.fits[1]
scw/2338/233800510010.001/swg.fits[1]
scw/2338/233800540010.001/swg.fits[1]
scw/2338/233800550010.001/swg.fits[1]
scw/2338/233800610010.001/swg.fits[1]
scw/2339/233900650010.001/swg.fits[1]
scw/2339/233900660010.001/swg.fits[1]
scw/2339/233900680010.001/swg.fits[1]
scw/2339/233900690010.001/swg.fits[1]
scw/2339/233900690020.001/swg.fits[1]
scw/2341/234100570010.001/swg.fits[1]
scw/2341/234100580010.001/swg.fits[1]
scw/2341/234100610010.001/swg.fits[1]
scw/2341/234100620010.001/swg.fits[1]
scw/2342/234200580010.001/swg.fits[1]
scw/2342/234200590010.001/swg.fits[1]
scw/2342/234200620010.001/swg.fits[1]
scw/2342/234200630010.001/swg.fits[1]
scw/2343/234300610010.001/swg.fits[1]
scw/2343/234300620010.001/swg.fits[1]
scw/2343/234300670010.001/swg.fits[1]
scw/2343/234300680010.001/swg.fits[1]
scw/2346/234600460010.001/swg.fits[1]
scw/2346/234600470010.001/swg.fits[1]
scw/2346/234600520010.001/swg.fits[1]
scw/2346/234600530010.001/swg.fits[1]
scw/2346/234600560010.001/swg.fits[1]
scw/2346/234600620010.001/swg.fits[1]
scw/2346/234600630010.001/swg.fits[1]
scw/2351/235100250010.001/swg.fits[1]
scw/2351/235100260010.001/swg.fits[1]
scw/2352/235200570010.001/swg.fits[1]
scw/2352/235200580010.001/swg.fits[1]
scw/2352/235200610010.001/swg.fits[1]
scw/2352/235200620010.001/swg.fits[1]
scw/2352/235200680010.001/swg.fits[1]
scw/2353/235300410010.001/swg.fits[1]
scw/2353/235300420010.001/swg.fits[1]
scw/2353/235300530010.001/swg.fits[1]
scw/2353/235300540010.001/swg.fits[1]
scw/2355/235500540010.001/swg.fits[1]
scw/2355/235500590010.001/swg.fits[1]
scw/2355/235500600010.001/swg.fits[1]
scw/2355/235500640010.001/swg.fits[1]
scw/2359/235900600010.001/swg.fits[1]
scw/2359/235900610010.001/swg.fits[1]
scw/2359/235900660010.001/swg.fits[1]
scw/2359/235900670010.001/swg.fits[1]
scw/2359/235900710010.001/swg.fits[1]
scw/2359/235900760010.001/swg.fits[1]
scw/2359/235900770010.001/swg.fits[1]
scw/2363/236300550010.001/swg.fits[1]
scw/2363/236300560010.001/swg.fits[1]
scw/2363/236300590010.001/swg.fits[1]
scw/2363/236300600010.001/swg.fits[1]
scw/2365/236500070010.001/swg.fits[1]
scw/2365/236500120010.001/swg.fits[1]
scw/2365/236500130010.001/swg.fits[1]
scw/2365/236500170010.001/swg.fits[1]
scw/2365/236500460010.001/swg.fits[1]
scw/2365/236500470010.001/swg.fits[1]
scw/2365/236500520010.001/swg.fits[1]
scw/2365/236500530010.001/swg.fits[1]
scw/2367/236700280010.001/swg.fits[1]
scw/2367/236700320010.001/swg.fits[1]
scw/2367/236700330010.001/swg.fits[1]
scw/2368/236800250010.001/swg.fits[1]
scw/2370/237000190010.001/swg.fits[1]
scw/2370/237000230010.001/swg.fits[1]
scw/2370/237000240010.001/swg.fits[1]
scw/2370/237000250010.001/swg.fits[1]
scw/2372/237200090010.001/swg.fits[1]
scw/2372/237200140010.001/swg.fits[1]
scw/2372/237200150010.001/swg.fits[1]
scw/2373/237300220010.001/swg.fits[1]
scw/2376/237600050010.001/swg.fits[1]
scw/2376/237600060010.001/swg.fits[1]
scw/2376/237600200010.001/swg.fits[1]
scw/2376/237600210010.001/swg.fits[1]
scw/2395/239500270010.001/swg.fits[1]
scw/2406/240600470010.001/swg.fits[1]
scw/2406/240600490010.001/swg.fits[1]
scw/2406/240600500010.001/swg.fits[1]
scw/2406/240600570010.001/swg.fits[1]
scw/2410/241000300010.001/swg.fits[1]
scw/2410/241000320010.001/swg.fits[1]
scw/2410/241000330010.001/swg.fits[1]
scw/2412/241200080010.001/swg.fits[1]
scw/2412/241200110010.001/swg.fits[1]
scw/2412/241200120010.001/swg.fits[1]
scw/2412/241200180010.001/swg.fits[1]
scw/2414/241400480010.001/swg.fits[1]
scw/2414/241400490010.001/swg.fits[1]
scw/2418/241800420010.001/swg.fits[1]
scw/2420/242000050010.001/swg.fits[1]
scw/2420/242000060010.001/swg.fits[1]
scw/2420/242000090010.001/swg.fits[1]
scw/2420/242000100010.001/swg.fits[1]
scw/2424/242400270010.001/swg.fits[1]
scw/2424/242400300010.001/swg.fits[1]
scw/2424/242400370010.001/swg.fits[1]
scw/2429/242900410010.001/swg.fits[1]
scw/2429/242900420010.001/swg.fits[1]
scw/2429/242900460010.001/swg.fits[1]
scw/2429/242900470010.001/swg.fits[1]
scw/2434/243400070010.001/swg.fits[1]
scw/2434/243400110010.001/swg.fits[1]
scw/2434/243400120010.001/swg.fits[1]
scw/2434/243400170010.001/swg.fits[1]
scw/2434/243400220010.001/swg.fits[1]
scw/2434/243400230010.001/swg.fits[1]
scw/2434/243400270010.001/swg.fits[1]
scw/2438/243800320010.001/swg.fits[1]
scw/2438/243800360010.001/swg.fits[1]
scw/2438/243800610010.001/swg.fits[1]
scw/2438/243800620010.001/swg.fits[1]
scw/2438/243800650010.001/swg.fits[1]
scw/2440/244000150010.001/swg.fits[1]
scw/2440/244000250010.001/swg.fits[1]
scw/2440/244000260010.001/swg.fits[1]
scw/2442/244200190010.001/swg.fits[1]
scw/2442/244200200010.001/swg.fits[1]
scw/2442/244200250010.001/swg.fits[1]
scw/2444/244400240010.001/swg.fits[1]
scw/2445/244500300010.001/swg.fits[1]
scw/2445/244500310010.001/swg.fits[1]
scw/2445/244500340010.001/swg.fits[1]
scw/2447/244700300010.001/swg.fits[1]
scw/2447/244700310010.001/swg.fits[1]
scw/2447/244700320010.001/swg.fits[1]
scw/2450/245000500010.001/swg.fits[1]
scw/2450/245000510010.001/swg.fits[1]
scw/2450/245000540010.001/swg.fits[1]
scw/2450/245000550010.001/swg.fits[1]
scw/2450/245000630010.001/swg.fits[1]
scw/2450/245000640010.001/swg.fits[1]
scw/2452/245200040010.001/swg.fits[1]
scw/2468/246800080010.001/swg.fits[1]
scw/2468/246800140010.001/swg.fits[1]
scw/2468/246800150010.001/swg.fits[1]
scw/2468/246800160010.001/swg.fits[1]
scw/2468/246800180010.001/swg.fits[1]
scw/2469/246900180010.001/swg.fits[1]
scw/2469/246900200010.001/swg.fits[1]
scw/2469/246900210010.001/swg.fits[1]
scw/2472/247200190010.001/swg.fits[1]
scw/2472/247200200010.001/swg.fits[1]
scw/2472/247200210010.001/swg.fits[1]
scw/2472/247200380010.001/swg.fits[1]
scw/2472/247200390010.001/swg.fits[1]
scw/2472/247200410010.001/swg.fits[1]
scw/2473/247300170010.001/swg.fits[1]
scw/2473/247300180010.001/swg.fits[1]
scw/2473/247300190010.001/swg.fits[1]
scw/2473/247300260010.001/swg.fits[1]
scw/2474/247400480010.001/swg.fits[1]
scw/2474/247400490010.001/swg.fits[1]
scw/2474/247400510010.001/swg.fits[1]
scw/2474/247400520010.001/swg.fits[1]
scw/2475/247500500010.001/swg.fits[1]
scw/2475/247500510010.001/swg.fits[1]
scw/2475/247500520010.001/swg.fits[1]
scw/2475/247500530010.001/swg.fits[1]
