scw/0461/046100180010.001/swg.fits[1]
scw/0462/046200570010.001/swg.fits[1]
scw/0462/046200620010.001/swg.fits[1]
scw/0462/046200630010.001/swg.fits[1]
scw/0462/046200650010.001/swg.fits[1]
scw/0462/046200660010.001/swg.fits[1]
scw/0462/046200730010.001/swg.fits[1]
scw/0463/046300030010.001/swg.fits[1]
scw/0463/046300040010.001/swg.fits[1]
scw/0463/046300050010.001/swg.fits[1]
scw/2326/232600620010.001/swg.fits[1]
scw/2326/232600630010.001/swg.fits[1]
scw/2326/232600660010.001/swg.fits[1]
scw/2326/232600670010.001/swg.fits[1]
scw/2326/232600730010.001/swg.fits[1]
scw/2327/232700600010.001/swg.fits[1]
scw/2327/232700610010.001/swg.fits[1]
scw/2327/232700630010.001/swg.fits[1]
scw/2327/232700640010.001/swg.fits[1]
scw/2328/232800750010.001/swg.fits[1]
scw/2328/232800780010.001/swg.fits[1]
scw/2328/232800790010.001/swg.fits[1]
scw/2328/232800850010.001/swg.fits[1]
