scw/0320/032000430010.001/swg.fits[1]
scw/0320/032000440010.001/swg.fits[1]
scw/0320/032000910010.001/swg.fits[1]
scw/0320/032000920010.001/swg.fits[1]
scw/0321/032100670010.001/swg.fits[1]
scw/0321/032100680010.001/swg.fits[1]
scw/0321/032100690010.001/swg.fits[1]
scw/0334/033400420010.001/swg.fits[1]
scw/0334/033400430010.001/swg.fits[1]
scw/0443/044300270010.001/swg.fits[1]
scw/0443/044300280010.001/swg.fits[1]
scw/0443/044300290010.001/swg.fits[1]
scw/0444/044400890010.001/swg.fits[1]
scw/0444/044400900010.001/swg.fits[1]
scw/0747/074700350010.001/swg.fits[1]
scw/0748/074800390010.001/swg.fits[1]
scw/0748/074800470010.001/swg.fits[1]
scw/0749/074900530010.001/swg.fits[1]
scw/0749/074900540010.001/swg.fits[1]
scw/0749/074900550010.001/swg.fits[1]
scw/0750/075000360010.001/swg.fits[1]
scw/0750/075000370010.001/swg.fits[1]
scw/0751/075100460010.001/swg.fits[1]
scw/0753/075300380010.001/swg.fits[1]
scw/0753/075300390010.001/swg.fits[1]
scw/0753/075300500010.001/swg.fits[1]
scw/0753/075300510010.001/swg.fits[1]
scw/0753/075300520010.001/swg.fits[1]
scw/0758/075800380010.001/swg.fits[1]
scw/0758/075800390010.001/swg.fits[1]
scw/0758/075800510010.001/swg.fits[1]
scw/0758/075800520010.001/swg.fits[1]
scw/0814/081400520010.001/swg.fits[1]
scw/0815/081500610010.001/swg.fits[1]
scw/0815/081500620010.001/swg.fits[1]
scw/0815/081500630010.001/swg.fits[1]
scw/0816/081600430010.001/swg.fits[1]
scw/0816/081600440010.001/swg.fits[1]
scw/0819/081900020010.001/swg.fits[1]
scw/0819/081900030010.001/swg.fits[1]
scw/0819/081900140010.001/swg.fits[1]
scw/0819/081900150010.001/swg.fits[1]
scw/0820/082000030010.001/swg.fits[1]
scw/0820/082000040010.001/swg.fits[1]
scw/0820/082000050010.001/swg.fits[1]
scw/0820/082000430010.001/swg.fits[1]
scw/0820/082000440010.001/swg.fits[1]
scw/0820/082000450010.001/swg.fits[1]
scw/0876/087600120010.001/swg.fits[1]
scw/0876/087600600010.001/swg.fits[1]
scw/0876/087600610010.001/swg.fits[1]
scw/0876/087600610020.001/swg.fits[1]
scw/0878/087800320010.001/swg.fits[1]
scw/0878/087800330010.001/swg.fits[1]
scw/0878/087800520010.001/swg.fits[1]
scw/0880/088000070010.001/swg.fits[1]
scw/0880/088000080010.001/swg.fits[1]
scw/0880/088000290010.001/swg.fits[1]
scw/0880/088000300010.001/swg.fits[1]
scw/0929/092900240010.001/swg.fits[1]
scw/0930/093000200010.001/swg.fits[1]
scw/0930/093000210010.001/swg.fits[1]
scw/0930/093000420010.001/swg.fits[1]
scw/0937/093700410010.001/swg.fits[1]
scw/0937/093700420010.001/swg.fits[1]
scw/0937/093700590010.001/swg.fits[1]
scw/0937/093700600010.001/swg.fits[1]
scw/0938/093800290010.001/swg.fits[1]
scw/0949/094900200010.001/swg.fits[1]
scw/0949/094900210010.001/swg.fits[1]
scw/0949/094900520010.001/swg.fits[1]
scw/0997/099700150010.001/swg.fits[1]
scw/0997/099700160010.001/swg.fits[1]
scw/0997/099700370010.001/swg.fits[1]
scw/0997/099700380010.001/swg.fits[1]
scw/1003/100300290010.001/swg.fits[1]
scw/1003/100300300010.001/swg.fits[1]
scw/1003/100300580010.001/swg.fits[1]
scw/1005/100500620010.001/swg.fits[1]
scw/1005/100500630010.001/swg.fits[1]
scw/1006/100600330010.001/swg.fits[1]
scw/1006/100600340010.001/swg.fits[1]
scw/1006/100600530010.001/swg.fits[1]
scw/1053/105300350010.001/swg.fits[1]
scw/1054/105400410010.001/swg.fits[1]
scw/1055/105500340010.001/swg.fits[1]
scw/1055/105500350010.001/swg.fits[1]
scw/1057/105700130010.001/swg.fits[1]
scw/1057/105700140010.001/swg.fits[1]
scw/1059/105900330010.001/swg.fits[1]
scw/1059/105900340010.001/swg.fits[1]
scw/1059/105900550010.001/swg.fits[1]
scw/1063/106300560010.001/swg.fits[1]
scw/1067/106700370010.001/swg.fits[1]
scw/1067/106700380010.001/swg.fits[1]
scw/1067/106700570010.001/swg.fits[1]
scw/1067/106700580010.001/swg.fits[1]
scw/1068/106800620010.001/swg.fits[1]
scw/1070/107000650010.001/swg.fits[1]
scw/1116/111600540010.001/swg.fits[1]
scw/1117/111700130010.001/swg.fits[1]
scw/1117/111700140010.001/swg.fits[1]
scw/1118/111800470010.001/swg.fits[1]
scw/1121/112100360010.001/swg.fits[1]
scw/1121/112100370010.001/swg.fits[1]
scw/1121/112100580010.001/swg.fits[1]
scw/1121/112100590010.001/swg.fits[1]
scw/1123/112300550010.001/swg.fits[1]
scw/1123/112300560010.001/swg.fits[1]
scw/1124/112400430010.001/swg.fits[1]
scw/1125/112500480010.001/swg.fits[1]
scw/1125/112500490010.001/swg.fits[1]
scw/1128/112800170010.001/swg.fits[1]
scw/1128/112800180010.001/swg.fits[1]
scw/1180/118000410010.001/swg.fits[1]
scw/1181/118100320010.001/swg.fits[1]
scw/1181/118100330010.001/swg.fits[1]
scw/1181/118100500010.001/swg.fits[1]
scw/1181/118100510010.001/swg.fits[1]
scw/1182/118200570010.001/swg.fits[1]
scw/1183/118300300010.001/swg.fits[1]
scw/1183/118300310010.001/swg.fits[1]
scw/1188/118800130010.001/swg.fits[1]
scw/1188/118800140010.001/swg.fits[1]
scw/1191/119100350010.001/swg.fits[1]
scw/1191/119100360010.001/swg.fits[1]
scw/1191/119100670010.001/swg.fits[1]
scw/1191/119100680010.001/swg.fits[1]
scw/1192/119200110010.001/swg.fits[1]
scw/1192/119200120010.001/swg.fits[1]
scw/1235/123500480010.001/swg.fits[1]
scw/1235/123500490010.001/swg.fits[1]
scw/1236/123600400010.001/swg.fits[1]
scw/1236/123600410010.001/swg.fits[1]
scw/1236/123600720010.001/swg.fits[1]
scw/1236/123600730010.001/swg.fits[1]
scw/1242/124200190010.001/swg.fits[1]
scw/1242/124200670010.001/swg.fits[1]
scw/1242/124200680010.001/swg.fits[1]
scw/1243/124300490010.001/swg.fits[1]
scw/1243/124300500010.001/swg.fits[1]
scw/1492/149200140010.001/swg.fits[1]
scw/1492/149200150010.001/swg.fits[1]
scw/1492/149200360010.001/swg.fits[1]
scw/1492/149200370010.001/swg.fits[1]
scw/1493/149300030010.001/swg.fits[1]
scw/1493/149300040010.001/swg.fits[1]
scw/1493/149300050010.001/swg.fits[1]
scw/1493/149300260010.001/swg.fits[1]
scw/1493/149300270010.001/swg.fits[1]
scw/1493/149300570010.001/swg.fits[1]
scw/1494/149400160010.001/swg.fits[1]
scw/1494/149400170010.001/swg.fits[1]
scw/1494/149400180010.001/swg.fits[1]
scw/1494/149400430010.001/swg.fits[1]
scw/1494/149400440010.001/swg.fits[1]
scw/1495/149500070010.001/swg.fits[1]
scw/1495/149500380010.001/swg.fits[1]
scw/1495/149500390010.001/swg.fits[1]
scw/1496/149600370010.001/swg.fits[1]
scw/1496/149600380010.001/swg.fits[1]
scw/1496/149600390010.001/swg.fits[1]
scw/1496/149600540010.001/swg.fits[1]
scw/1496/149600550010.001/swg.fits[1]
scw/1496/149600550020.001/swg.fits[1]
scw/1497/149700210010.001/swg.fits[1]
scw/1497/149700220010.001/swg.fits[1]
scw/1497/149700350010.001/swg.fits[1]
scw/1497/149700360010.001/swg.fits[1]
scw/1497/149700370010.001/swg.fits[1]
scw/1498/149800180010.001/swg.fits[1]
scw/1498/149800340010.001/swg.fits[1]
scw/1499/149900130010.001/swg.fits[1]
scw/1499/149900140010.001/swg.fits[1]
scw/1982/198200490010.001/swg.fits[1]
scw/1983/198300190010.001/swg.fits[1]
scw/1983/198300200010.001/swg.fits[1]
scw/2030/203000340010.001/swg.fits[1]
scw/2030/203000350010.001/swg.fits[1]
scw/2031/203100110010.001/swg.fits[1]
