scw/1843/184300070010.001/swg.fits[1]
scw/1843/184300070020.001/swg.fits[1]
scw/1843/184300070030.001/swg.fits[1]
scw/1843/184300070040.001/swg.fits[1]
scw/1843/184300070050.001/swg.fits[1]
scw/1843/184300070060.001/swg.fits[1]
scw/1843/184300070070.001/swg.fits[1]
scw/1843/184300070080.001/swg.fits[1]
scw/1843/184300070090.001/swg.fits[1]
scw/1843/184300070100.001/swg.fits[1]
scw/1843/184300070110.001/swg.fits[1]
scw/1843/184300070120.001/swg.fits[1]
scw/1843/184300070130.001/swg.fits[1]
scw/1843/184300070140.001/swg.fits[1]
scw/1843/184300070150.001/swg.fits[1]
scw/1843/184300070160.001/swg.fits[1]
scw/1843/184300070170.001/swg.fits[1]
scw/1843/184300070180.001/swg.fits[1]
scw/1843/184300070190.001/swg.fits[1]
scw/1843/184300070200.001/swg.fits[1]
scw/1843/184300070210.001/swg.fits[1]
scw/1843/184300070220.001/swg.fits[1]
