scw/1070/107000540010.001/swg.fits[1]
scw/1070/107000590010.001/swg.fits[1]
scw/1076/107600430010.001/swg.fits[1]
scw/1077/107700190010.001/swg.fits[1]
scw/1079/107900240010.001/swg.fits[1]
scw/1079/107900350010.001/swg.fits[1]
scw/1115/111500020010.001/swg.fits[1]
scw/1116/111600020010.001/swg.fits[1]
scw/1120/112000020010.001/swg.fits[1]
scw/1121/112100150010.001/swg.fits[1]
scw/1122/112200970010.001/swg.fits[1]
scw/1123/112300210010.001/swg.fits[1]
scw/1124/112400110010.001/swg.fits[1]
scw/1125/112500570010.001/swg.fits[1]
scw/1126/112600040010.001/swg.fits[1]
scw/1126/112600200010.001/swg.fits[1]
scw/1127/112700340010.001/swg.fits[1]
scw/1129/112900070010.001/swg.fits[1]
scw/1129/112900170010.001/swg.fits[1]
scw/1130/113000450010.001/swg.fits[1]
scw/1190/119000190010.001/swg.fits[1]
scw/1239/123900020010.001/swg.fits[1]
scw/1244/124400900010.001/swg.fits[1]
scw/1245/124500090010.001/swg.fits[1]
scw/1245/124500120010.001/swg.fits[1]
scw/1246/124600650010.001/swg.fits[1]
scw/1248/124800660010.001/swg.fits[1]
scw/1248/124800660020.001/swg.fits[1]
scw/1252/125200680010.001/swg.fits[1]
scw/1304/130400030010.001/swg.fits[1]
scw/1317/131700080010.001/swg.fits[1]
scw/1317/131700250010.001/swg.fits[1]
scw/1365/136500680010.001/swg.fits[1]
scw/1374/137400630010.001/swg.fits[1]
scw/1375/137500620010.001/swg.fits[1]
scw/1376/137600620010.001/swg.fits[1]
scw/1376/137600710010.001/swg.fits[1]
scw/1483/148300900010.001/swg.fits[1]
scw/1483/148300910010.001/swg.fits[1]
scw/1569/156900370010.001/swg.fits[1]
scw/1569/156900440010.001/swg.fits[1]
scw/1569/156900510010.001/swg.fits[1]
scw/1630/163000200010.001/swg.fits[1]
scw/1630/163000290010.001/swg.fits[1]
scw/1688/168800480010.001/swg.fits[1]
scw/1690/169000510010.001/swg.fits[1]
scw/1690/169000520010.001/swg.fits[1]
scw/1690/169000520020.001/swg.fits[1]
scw/1692/169200020010.001/swg.fits[1]
scw/1692/169200430010.001/swg.fits[1]
scw/1692/169200440010.001/swg.fits[1]
scw/1692/169200520010.001/swg.fits[1]
scw/1694/169400400010.001/swg.fits[1]
scw/1694/169400410010.001/swg.fits[1]
scw/1694/169400480010.001/swg.fits[1]
scw/1694/169400490010.001/swg.fits[1]
scw/1733/173300510010.001/swg.fits[1]
scw/1733/173300600010.001/swg.fits[1]
scw/1767/176700090010.001/swg.fits[1]
scw/1767/176700100010.001/swg.fits[1]
scw/1767/176700180010.001/swg.fits[1]
scw/1768/176800080010.001/swg.fits[1]
scw/1768/176800170010.001/swg.fits[1]
scw/1826/182600010010.001/swg.fits[1]
scw/1826/182600020010.001/swg.fits[1]
scw/1826/182600090010.001/swg.fits[1]
scw/1826/182600100010.001/swg.fits[1]
scw/1827/182700470010.001/swg.fits[1]
scw/1827/182700480010.001/swg.fits[1]
scw/1827/182700550010.001/swg.fits[1]
scw/1827/182700560010.001/swg.fits[1]
scw/1829/182900410010.001/swg.fits[1]
scw/1829/182900420010.001/swg.fits[1]
scw/1829/182900430010.001/swg.fits[1]
scw/1974/197400070010.001/swg.fits[1]
scw/1974/197400080010.001/swg.fits[1]
scw/1974/197400490010.001/swg.fits[1]
scw/1975/197500080010.001/swg.fits[1]
scw/1977/197700170010.001/swg.fits[1]
scw/1977/197700250010.001/swg.fits[1]
scw/1977/197700260010.001/swg.fits[1]
scw/1977/197700270010.001/swg.fits[1]
scw/2039/203900400010.001/swg.fits[1]
scw/2039/203900480010.001/swg.fits[1]
scw/2039/203900490010.001/swg.fits[1]
scw/2040/204000400010.001/swg.fits[1]
scw/2040/204000410010.001/swg.fits[1]
scw/2040/204000480010.001/swg.fits[1]
scw/2040/204000490010.001/swg.fits[1]
scw/2041/204100380010.001/swg.fits[1]
scw/2041/204100390010.001/swg.fits[1]
scw/2041/204100400010.001/swg.fits[1]
scw/2041/204100470010.001/swg.fits[1]
scw/2041/204100480010.001/swg.fits[1]
scw/2045/204500450010.001/swg.fits[1]
scw/2045/204500540010.001/swg.fits[1]
scw/2046/204600390010.001/swg.fits[1]
scw/2046/204600400010.001/swg.fits[1]
scw/2046/204600490010.001/swg.fits[1]
scw/2110/211000090010.001/swg.fits[1]
scw/2110/211000510010.001/swg.fits[1]
scw/2110/211000510020.001/swg.fits[1]
scw/2111/211100140010.001/swg.fits[1]
scw/2112/211200080010.001/swg.fits[1]
scw/2112/211200160010.001/swg.fits[1]
scw/2112/211200170010.001/swg.fits[1]
scw/2113/211300100010.001/swg.fits[1]
scw/2113/211300320010.001/swg.fits[1]
scw/2115/211500170010.001/swg.fits[1]
scw/2115/211500260010.001/swg.fits[1]
scw/2115/211500270010.001/swg.fits[1]
scw/2119/211900150010.001/swg.fits[1]
scw/2119/211900160010.001/swg.fits[1]
scw/2119/211900250010.001/swg.fits[1]
scw/2179/217900120010.001/swg.fits[1]
scw/2179/217900130010.001/swg.fits[1]
scw/2179/217900140010.001/swg.fits[1]
scw/2196/219600610010.001/swg.fits[1]
scw/2273/227300660010.001/swg.fits[1]
scw/2273/227300670010.001/swg.fits[1]
scw/2273/227300680010.001/swg.fits[1]
scw/2273/227300690010.001/swg.fits[1]
scw/2273/227300760010.001/swg.fits[1]
scw/2310/231000400010.001/swg.fits[1]
scw/2310/231000410010.001/swg.fits[1]
scw/2310/231000480010.001/swg.fits[1]
scw/2310/231000490010.001/swg.fits[1]
scw/2311/231100240010.001/swg.fits[1]
scw/2311/231100250010.001/swg.fits[1]
scw/2311/231100300010.001/swg.fits[1]
scw/2311/231100310010.001/swg.fits[1]
scw/2311/231100320010.001/swg.fits[1]
scw/2311/231100370010.001/swg.fits[1]
scw/2311/231100380010.001/swg.fits[1]
scw/2311/231100390010.001/swg.fits[1]
scw/2312/231200390010.001/swg.fits[1]
scw/2312/231200400010.001/swg.fits[1]
scw/2312/231200410010.001/swg.fits[1]
scw/2313/231300550010.001/swg.fits[1]
scw/2313/231300560010.001/swg.fits[1]
scw/2313/231300980010.001/swg.fits[1]
scw/2313/231300990010.001/swg.fits[1]
scw/2313/231301000010.001/swg.fits[1]
scw/2313/231301010010.001/swg.fits[1]
scw/2314/231400850010.001/swg.fits[1]
scw/2314/231400910010.001/swg.fits[1]
scw/2314/231400920010.001/swg.fits[1]
scw/2314/231400930010.001/swg.fits[1]
scw/2314/231400940010.001/swg.fits[1]
scw/2314/231400950010.001/swg.fits[1]
scw/2315/231500300010.001/swg.fits[1]
scw/2315/231500310010.001/swg.fits[1]
scw/2316/231600360010.001/swg.fits[1]
scw/2316/231600370010.001/swg.fits[1]
scw/2316/231600380010.001/swg.fits[1]
scw/2316/231600390010.001/swg.fits[1]
scw/2316/231600460010.001/swg.fits[1]
scw/2317/231700050010.001/swg.fits[1]
scw/2317/231700060010.001/swg.fits[1]
scw/2319/231900550010.001/swg.fits[1]
scw/2320/232000580010.001/swg.fits[1]
scw/2323/232300480010.001/swg.fits[1]
scw/2323/232300490010.001/swg.fits[1]
scw/2323/232300500010.001/swg.fits[1]
scw/2323/232300530010.001/swg.fits[1]
scw/2323/232300540010.001/swg.fits[1]
scw/2332/233200020010.001/swg.fits[1]
