scw/0116/011600200010.001/swg.fits[1]
scw/0116/011600210010.001/swg.fits[1]
scw/0116/011600220010.001/swg.fits[1]
scw/0116/011600230010.001/swg.fits[1]
scw/0119/011900280010.001/swg.fits[1]
scw/0119/011900290010.001/swg.fits[1]
scw/0119/011900340010.001/swg.fits[1]
scw/0119/011900350010.001/swg.fits[1]
scw/0183/018300600010.001/swg.fits[1]
scw/0183/018300610010.001/swg.fits[1]
scw/0183/018300620010.001/swg.fits[1]
scw/0183/018300650010.001/swg.fits[1]
scw/0183/018300660010.001/swg.fits[1]
scw/0183/018300670010.001/swg.fits[1]
scw/0185/018500620010.001/swg.fits[1]
scw/0185/018500630010.001/swg.fits[1]
scw/0185/018500640010.001/swg.fits[1]
scw/0185/018500670010.001/swg.fits[1]
scw/0185/018500680010.001/swg.fits[1]
scw/0185/018500690010.001/swg.fits[1]
scw/0244/024400190010.001/swg.fits[1]
scw/0244/024400200010.001/swg.fits[1]
scw/0244/024400230010.001/swg.fits[1]
scw/0244/024400240010.001/swg.fits[1]
scw/0244/024401030010.001/swg.fits[1]
scw/0244/024401040010.001/swg.fits[1]
scw/0244/024401070010.001/swg.fits[1]
scw/0244/024401080010.001/swg.fits[1]
scw/0296/029600230010.001/swg.fits[1]
scw/0296/029600240010.001/swg.fits[1]
scw/0358/035800540010.001/swg.fits[1]
scw/0358/035800550010.001/swg.fits[1]
scw/0360/036000850010.001/swg.fits[1]
scw/0360/036000860010.001/swg.fits[1]
scw/0414/041400310010.001/swg.fits[1]
scw/0417/041700530010.001/swg.fits[1]
scw/0417/041700540010.001/swg.fits[1]
scw/0417/041700550010.001/swg.fits[1]
scw/1274/127400570010.001/swg.fits[1]
scw/1274/127400580010.001/swg.fits[1]
scw/2138/213800300010.001/swg.fits[1]
scw/2274/227400300010.001/swg.fits[1]
scw/2338/233800040010.001/swg.fits[1]
scw/2338/233800050010.001/swg.fits[1]
scw/2338/233800130010.001/swg.fits[1]
scw/2359/235900060010.001/swg.fits[1]
scw/2359/235900070010.001/swg.fits[1]
scw/2359/235900080010.001/swg.fits[1]
scw/2359/235900100010.001/swg.fits[1]
scw/2359/235900110010.001/swg.fits[1]
scw/2359/235900320010.001/swg.fits[1]
scw/2359/235900330010.001/swg.fits[1]
scw/2359/235900360010.001/swg.fits[1]
scw/2359/235900370010.001/swg.fits[1]
scw/2359/235900380010.001/swg.fits[1]
scw/2426/242600480010.001/swg.fits[1]
scw/2426/242600490010.001/swg.fits[1]
scw/2429/242900100010.001/swg.fits[1]
scw/2429/242900110010.001/swg.fits[1]
scw/2429/242900150010.001/swg.fits[1]
scw/2429/242900160010.001/swg.fits[1]
scw/2429/242900170010.001/swg.fits[1]
