scw/1308/130800060010.001/swg.fits[1]
scw/1308/130800460010.001/swg.fits[1]
scw/1312/131200060010.001/swg.fits[1]
scw/1312/131200460010.001/swg.fits[1]
scw/1312/131200470010.001/swg.fits[1]
scw/1313/131300400010.001/swg.fits[1]
scw/1313/131300710010.001/swg.fits[1]
scw/1313/131300800010.001/swg.fits[1]
scw/1313/131300810010.001/swg.fits[1]
scw/1315/131500650010.001/swg.fits[1]
scw/1316/131600220010.001/swg.fits[1]
scw/1316/131600310010.001/swg.fits[1]
scw/1316/131600320010.001/swg.fits[1]
scw/1375/137500480010.001/swg.fits[1]
scw/1376/137600310010.001/swg.fits[1]
scw/1376/137600320010.001/swg.fits[1]
scw/1383/138300070010.001/swg.fits[1]
scw/1383/138300160010.001/swg.fits[1]
scw/1429/142900470010.001/swg.fits[1]
scw/1429/142900870010.001/swg.fits[1]
scw/1429/142900880010.001/swg.fits[1]
scw/1430/143000420010.001/swg.fits[1]
scw/1430/143000820010.001/swg.fits[1]
scw/1430/143000830010.001/swg.fits[1]
scw/1430/143000920010.001/swg.fits[1]
scw/1431/143100740010.001/swg.fits[1]
scw/1431/143100830010.001/swg.fits[1]
scw/1431/143100840010.001/swg.fits[1]
