scw/0048/004800020010.001/swg.fits[1]
scw/0048/004800060010.001/swg.fits[1]
scw/0048/004800070010.001/swg.fits[1]
scw/0048/004800080010.001/swg.fits[1]
scw/0048/004800090010.001/swg.fits[1]
scw/0048/004800130010.001/swg.fits[1]
scw/0048/004800140010.001/swg.fits[1]
scw/0048/004800150010.001/swg.fits[1]
scw/0048/004800160010.001/swg.fits[1]
scw/0048/004800200010.001/swg.fits[1]
scw/0048/004800210010.001/swg.fits[1]
scw/0048/004800220010.001/swg.fits[1]
scw/0048/004800230010.001/swg.fits[1]
scw/0048/004800270010.001/swg.fits[1]
scw/0048/004800280010.001/swg.fits[1]
scw/0048/004800290010.001/swg.fits[1]
scw/0048/004800300010.001/swg.fits[1]
scw/0048/004800340010.001/swg.fits[1]
scw/0048/004800350010.001/swg.fits[1]
scw/0048/004800360010.001/swg.fits[1]
scw/0048/004800370010.001/swg.fits[1]
scw/0048/004800410010.001/swg.fits[1]
scw/0048/004800420010.001/swg.fits[1]
scw/0048/004800430010.001/swg.fits[1]
scw/0048/004800440010.001/swg.fits[1]
scw/0054/005400210010.001/swg.fits[1]
scw/0057/005700040010.001/swg.fits[1]
scw/0057/005700100010.001/swg.fits[1]
scw/0057/005700110010.001/swg.fits[1]
scw/0057/005700120010.001/swg.fits[1]
scw/0057/005700130010.001/swg.fits[1]
scw/0057/005700140010.001/swg.fits[1]
scw/0057/005700150010.001/swg.fits[1]
scw/0057/005700310010.001/swg.fits[1]
scw/0057/005700320010.001/swg.fits[1]
scw/0057/005700350010.001/swg.fits[1]
scw/0057/005700360010.001/swg.fits[1]
scw/0057/005700370010.001/swg.fits[1]
scw/0057/005700400010.001/swg.fits[1]
scw/0057/005700410010.001/swg.fits[1]
scw/0057/005700470010.001/swg.fits[1]
scw/0057/005700480010.001/swg.fits[1]
scw/0059/005900520010.001/swg.fits[1]
scw/0059/005900560010.001/swg.fits[1]
scw/0059/005900570010.001/swg.fits[1]
scw/0059/005900580010.001/swg.fits[1]
scw/0059/005900590010.001/swg.fits[1]
scw/0059/005900650010.001/swg.fits[1]
scw/0059/005900660010.001/swg.fits[1]
scw/0059/005900700010.001/swg.fits[1]
scw/0059/005900710010.001/swg.fits[1]
scw/0059/005900720010.001/swg.fits[1]
scw/0059/005900730010.001/swg.fits[1]
scw/0059/005900770010.001/swg.fits[1]
scw/0059/005900780010.001/swg.fits[1]
scw/0059/005900790010.001/swg.fits[1]
scw/0059/005900800010.001/swg.fits[1]
scw/0059/005900840010.001/swg.fits[1]
scw/0059/005900850010.001/swg.fits[1]
scw/0059/005900860010.001/swg.fits[1]
scw/0059/005900870010.001/swg.fits[1]
scw/0059/005900910010.001/swg.fits[1]
scw/0059/005900920010.001/swg.fits[1]
scw/0059/005900930010.001/swg.fits[1]
scw/0059/005900940010.001/swg.fits[1]
scw/0062/006200240010.001/swg.fits[1]
scw/0062/006200300010.001/swg.fits[1]
scw/0062/006200310010.001/swg.fits[1]
scw/0062/006200320010.001/swg.fits[1]
scw/0062/006200330010.001/swg.fits[1]
scw/0062/006200340010.001/swg.fits[1]
scw/0062/006200350010.001/swg.fits[1]
scw/0062/006200510010.001/swg.fits[1]
scw/0062/006200520010.001/swg.fits[1]
scw/0062/006200550010.001/swg.fits[1]
scw/0062/006200560010.001/swg.fits[1]
scw/0062/006200570010.001/swg.fits[1]
scw/0062/006200600010.001/swg.fits[1]
scw/0062/006200610010.001/swg.fits[1]
scw/0062/006200670010.001/swg.fits[1]
scw/0062/006200680010.001/swg.fits[1]
scw/0067/006700760010.001/swg.fits[1]
scw/0067/006700770010.001/swg.fits[1]
scw/0067/006700780010.001/swg.fits[1]
scw/0067/006700790010.001/swg.fits[1]
scw/0067/006700830010.001/swg.fits[1]
scw/0067/006700840010.001/swg.fits[1]
scw/0067/006700850010.001/swg.fits[1]
scw/0067/006700860010.001/swg.fits[1]
scw/0068/006800330010.001/swg.fits[1]
scw/0068/006800340010.001/swg.fits[1]
scw/0068/006800350010.001/swg.fits[1]
scw/0068/006800360010.001/swg.fits[1]
scw/0068/006800400010.001/swg.fits[1]
scw/0068/006800410010.001/swg.fits[1]
scw/0068/006800420010.001/swg.fits[1]
scw/0068/006800430010.001/swg.fits[1]
scw/0068/006800810010.001/swg.fits[1]
scw/0068/006800820010.001/swg.fits[1]
scw/0068/006800830010.001/swg.fits[1]
scw/0068/006800840010.001/swg.fits[1]
scw/0068/006800880010.001/swg.fits[1]
scw/0068/006800890010.001/swg.fits[1]
scw/0068/006800900010.001/swg.fits[1]
scw/0068/006800910010.001/swg.fits[1]
scw/0069/006900400010.001/swg.fits[1]
scw/0069/006900410010.001/swg.fits[1]
scw/0069/006900420010.001/swg.fits[1]
scw/0069/006900430010.001/swg.fits[1]
scw/0069/006900640010.001/swg.fits[1]
scw/0069/006900650010.001/swg.fits[1]
scw/0069/006900660010.001/swg.fits[1]
scw/0069/006900670010.001/swg.fits[1]
scw/0069/006900710010.001/swg.fits[1]
scw/0069/006900720010.001/swg.fits[1]
scw/0069/006900730010.001/swg.fits[1]
scw/0069/006900740010.001/swg.fits[1]
scw/0069/006900780010.001/swg.fits[1]
scw/0069/006900790010.001/swg.fits[1]
scw/0069/006900800010.001/swg.fits[1]
scw/0069/006900810010.001/swg.fits[1]
scw/0069/006900850010.001/swg.fits[1]
scw/0069/006900860010.001/swg.fits[1]
scw/0069/006900870010.001/swg.fits[1]
scw/0069/006900880010.001/swg.fits[1]
scw/0069/006900920010.001/swg.fits[1]
scw/0069/006900930010.001/swg.fits[1]
scw/0069/006900940010.001/swg.fits[1]
scw/0069/006900950010.001/swg.fits[1]
scw/0069/006900990010.001/swg.fits[1]
scw/0070/007000380010.001/swg.fits[1]
scw/0070/007000390010.001/swg.fits[1]
scw/0070/007000400010.001/swg.fits[1]
scw/0070/007000410010.001/swg.fits[1]
scw/0070/007000450010.001/swg.fits[1]
scw/0070/007000460010.001/swg.fits[1]
scw/0070/007000470010.001/swg.fits[1]
scw/0070/007000480010.001/swg.fits[1]
scw/0128/012800660010.001/swg.fits[1]
scw/0128/012800670010.001/swg.fits[1]
scw/0128/012800680010.001/swg.fits[1]
scw/0128/012800690010.001/swg.fits[1]
scw/0128/012800730010.001/swg.fits[1]
scw/0135/013500040010.001/swg.fits[1]
scw/0135/013500050010.001/swg.fits[1]
scw/0135/013500060010.001/swg.fits[1]
scw/0135/013500070010.001/swg.fits[1]
scw/0135/013500080010.001/swg.fits[1]
scw/0135/013500110010.001/swg.fits[1]
scw/0135/013500120010.001/swg.fits[1]
scw/0135/013500130010.001/swg.fits[1]
scw/0135/013500140010.001/swg.fits[1]
scw/0135/013500150010.001/swg.fits[1]
scw/0135/013500180010.001/swg.fits[1]
scw/0135/013500190010.001/swg.fits[1]
scw/0135/013500200010.001/swg.fits[1]
scw/0135/013500210010.001/swg.fits[1]
scw/0135/013500220010.001/swg.fits[1]
scw/0135/013500250010.001/swg.fits[1]
scw/0135/013500260010.001/swg.fits[1]
scw/0135/013500270010.001/swg.fits[1]
scw/0135/013500280010.001/swg.fits[1]
scw/0135/013500290010.001/swg.fits[1]
scw/0172/017200470010.001/swg.fits[1]
scw/0172/017200480010.001/swg.fits[1]
scw/0172/017200490010.001/swg.fits[1]
scw/0172/017200500010.001/swg.fits[1]
scw/0174/017400740010.001/swg.fits[1]
scw/0174/017400750010.001/swg.fits[1]
scw/0174/017400760010.001/swg.fits[1]
scw/0174/017400770010.001/swg.fits[1]
scw/0176/017600920010.001/swg.fits[1]
scw/0176/017600930010.001/swg.fits[1]
scw/0177/017700370010.001/swg.fits[1]
scw/0177/017700380010.001/swg.fits[1]
scw/0177/017700460010.001/swg.fits[1]
scw/0177/017700470010.001/swg.fits[1]
scw/0186/018600080010.001/swg.fits[1]
scw/0186/018600090010.001/swg.fits[1]
scw/0187/018700320010.001/swg.fits[1]
scw/0187/018700330010.001/swg.fits[1]
scw/0187/018700410010.001/swg.fits[1]
scw/0187/018700420010.001/swg.fits[1]
scw/0188/018800180010.001/swg.fits[1]
scw/0188/018800190010.001/swg.fits[1]
scw/0188/018800270010.001/swg.fits[1]
scw/0188/018800280010.001/swg.fits[1]
scw/0189/018900520010.001/swg.fits[1]
scw/0189/018900530010.001/swg.fits[1]
scw/0189/018900610010.001/swg.fits[1]
scw/0189/018900620010.001/swg.fits[1]
scw/0193/019300100010.001/swg.fits[1]
scw/0193/019300140010.001/swg.fits[1]
scw/0193/019300150010.001/swg.fits[1]
scw/0193/019300210010.001/swg.fits[1]
scw/0193/019300220010.001/swg.fits[1]
scw/0193/019300230010.001/swg.fits[1]
scw/0193/019300240010.001/swg.fits[1]
scw/0193/019300290010.001/swg.fits[1]
scw/0193/019300300010.001/swg.fits[1]
scw/0193/019300310010.001/swg.fits[1]
scw/0193/019300350010.001/swg.fits[1]
scw/0193/019300360010.001/swg.fits[1]
scw/0193/019300370010.001/swg.fits[1]
scw/0193/019300380010.001/swg.fits[1]
scw/0193/019300420010.001/swg.fits[1]
scw/0193/019300430010.001/swg.fits[1]
scw/0193/019300440010.001/swg.fits[1]
scw/0193/019300450010.001/swg.fits[1]
scw/0193/019300490010.001/swg.fits[1]
scw/0193/019300500010.001/swg.fits[1]
scw/0193/019300510010.001/swg.fits[1]
scw/0193/019300520010.001/swg.fits[1]
scw/0193/019300560010.001/swg.fits[1]
scw/0193/019300570010.001/swg.fits[1]
scw/0193/019300580010.001/swg.fits[1]
scw/0193/019300590010.001/swg.fits[1]
scw/0193/019300600010.001/swg.fits[1]
scw/0229/022900260010.001/swg.fits[1]
scw/0231/023100780010.001/swg.fits[1]
scw/0231/023100790010.001/swg.fits[1]
scw/0231/023100870010.001/swg.fits[1]
scw/0231/023100880010.001/swg.fits[1]
