scw/0066/006600360010.001/swg.fits[1]
scw/0066/006600860010.001/swg.fits[1]
scw/0117/011700860010.001/swg.fits[1]
scw/0117/011700870010.001/swg.fits[1]
scw/0117/011700920010.001/swg.fits[1]
scw/0122/012200050010.001/swg.fits[1]
scw/0123/012300050010.001/swg.fits[1]
scw/0123/012300060010.001/swg.fits[1]
scw/0241/024100210010.001/swg.fits[1]
scw/0242/024200290010.001/swg.fits[1]
scw/0345/034500050010.001/swg.fits[1]
scw/0345/034500060010.001/swg.fits[1]
scw/0345/034500070010.001/swg.fits[1]
scw/0345/034500080010.001/swg.fits[1]
scw/0345/034500090010.001/swg.fits[1]
scw/0345/034500100010.001/swg.fits[1]
scw/0345/034500110010.001/swg.fits[1]
scw/0345/034500120010.001/swg.fits[1]
scw/0345/034500130010.001/swg.fits[1]
scw/0345/034500140010.001/swg.fits[1]
scw/0345/034500150010.001/swg.fits[1]
scw/0345/034500160010.001/swg.fits[1]
scw/0345/034500170010.001/swg.fits[1]
scw/0345/034500180010.001/swg.fits[1]
scw/0345/034500190010.001/swg.fits[1]
scw/0345/034500200010.001/swg.fits[1]
scw/0345/034500210010.001/swg.fits[1]
scw/0345/034500220010.001/swg.fits[1]
scw/0345/034500230010.001/swg.fits[1]
scw/0345/034500240010.001/swg.fits[1]
scw/0345/034500250010.001/swg.fits[1]
scw/0345/034500260010.001/swg.fits[1]
scw/0345/034500270010.001/swg.fits[1]
scw/0345/034500280010.001/swg.fits[1]
scw/0345/034500290010.001/swg.fits[1]
scw/0345/034500300010.001/swg.fits[1]
scw/0345/034500310010.001/swg.fits[1]
scw/0345/034500320010.001/swg.fits[1]
scw/0345/034500330010.001/swg.fits[1]
scw/0345/034500340010.001/swg.fits[1]
scw/0345/034500350010.001/swg.fits[1]
scw/0345/034500360010.001/swg.fits[1]
scw/0345/034500370010.001/swg.fits[1]
scw/0345/034500380010.001/swg.fits[1]
scw/0345/034500390010.001/swg.fits[1]
scw/0345/034500400010.001/swg.fits[1]
scw/0345/034500410010.001/swg.fits[1]
scw/0345/034500420010.001/swg.fits[1]
scw/0345/034500430010.001/swg.fits[1]
scw/0345/034500440010.001/swg.fits[1]
scw/0345/034500450010.001/swg.fits[1]
scw/0345/034500460010.001/swg.fits[1]
scw/0345/034500470010.001/swg.fits[1]
scw/0345/034500480010.001/swg.fits[1]
scw/0345/034500490010.001/swg.fits[1]
scw/0345/034500500010.001/swg.fits[1]
scw/0345/034500510010.001/swg.fits[1]
scw/0345/034500520010.001/swg.fits[1]
scw/0592/059200150010.001/swg.fits[1]
scw/0592/059200160010.001/swg.fits[1]
scw/0592/059200170010.001/swg.fits[1]
scw/0592/059200180010.001/swg.fits[1]
scw/0592/059200260010.001/swg.fits[1]
scw/0592/059200460010.001/swg.fits[1]
scw/0592/059200540010.001/swg.fits[1]
scw/0592/059200550010.001/swg.fits[1]
scw/0592/059200560010.001/swg.fits[1]
scw/0592/059200570010.001/swg.fits[1]
scw/0592/059200630010.001/swg.fits[1]
scw/0592/059200640010.001/swg.fits[1]
scw/0593/059300100010.001/swg.fits[1]
scw/0593/059300110010.001/swg.fits[1]
scw/0593/059300190010.001/swg.fits[1]
scw/0593/059300390010.001/swg.fits[1]
scw/0593/059300470010.001/swg.fits[1]
scw/0593/059300480010.001/swg.fits[1]
scw/0593/059300490010.001/swg.fits[1]
scw/0593/059300500010.001/swg.fits[1]
scw/0593/059300560010.001/swg.fits[1]
scw/0593/059300570010.001/swg.fits[1]
scw/0593/059300580010.001/swg.fits[1]
scw/0593/059300590010.001/swg.fits[1]
scw/0602/060200120010.001/swg.fits[1]
scw/0602/060200320010.001/swg.fits[1]
scw/0602/060200400010.001/swg.fits[1]
scw/0602/060200410010.001/swg.fits[1]
scw/0602/060200420010.001/swg.fits[1]
scw/0602/060200500010.001/swg.fits[1]
scw/0602/060200510010.001/swg.fits[1]
scw/0602/060200520010.001/swg.fits[1]
scw/0602/060200600010.001/swg.fits[1]
scw/0603/060300360010.001/swg.fits[1]
scw/0603/060300440010.001/swg.fits[1]
scw/0603/060300450010.001/swg.fits[1]
scw/0603/060300460010.001/swg.fits[1]
scw/0603/060300540010.001/swg.fits[1]
scw/0603/060300550010.001/swg.fits[1]
scw/0603/060300560010.001/swg.fits[1]
scw/0603/060300640010.001/swg.fits[1]
scw/0607/060700890010.001/swg.fits[1]
scw/0610/061000250010.001/swg.fits[1]
scw/0610/061000260010.001/swg.fits[1]
scw/0610/061000270010.001/swg.fits[1]
scw/0611/061100170010.001/swg.fits[1]
scw/0611/061100180010.001/swg.fits[1]
scw/0611/061100190010.001/swg.fits[1]
scw/0611/061100880010.001/swg.fits[1]
scw/0614/061400300010.001/swg.fits[1]
scw/0614/061400310010.001/swg.fits[1]
scw/0614/061400320010.001/swg.fits[1]
scw/0615/061500050010.001/swg.fits[1]
scw/0615/061500060010.001/swg.fits[1]
scw/0615/061500070010.001/swg.fits[1]
scw/0615/061500490010.001/swg.fits[1]
scw/0615/061500500010.001/swg.fits[1]
scw/0615/061500510010.001/swg.fits[1]
scw/0615/061500580010.001/swg.fits[1]
scw/0615/061500590010.001/swg.fits[1]
scw/0615/061500600010.001/swg.fits[1]
scw/0615/061500910010.001/swg.fits[1]
scw/0655/065500270010.001/swg.fits[1]
scw/0655/065500280010.001/swg.fits[1]
scw/0655/065500290010.001/swg.fits[1]
scw/0655/065500300010.001/swg.fits[1]
scw/0655/065500380010.001/swg.fits[1]
scw/0655/065500390010.001/swg.fits[1]
scw/0657/065700160010.001/swg.fits[1]
scw/0657/065700240010.001/swg.fits[1]
scw/0657/065700250010.001/swg.fits[1]
scw/0657/065700260010.001/swg.fits[1]
scw/0657/065700350010.001/swg.fits[1]
scw/0657/065700360010.001/swg.fits[1]
scw/0657/065700370010.001/swg.fits[1]
scw/0657/065700450010.001/swg.fits[1]
scw/0658/065800220010.001/swg.fits[1]
scw/0658/065800230010.001/swg.fits[1]
scw/0658/065800240010.001/swg.fits[1]
scw/0658/065800310010.001/swg.fits[1]
scw/0658/065800320010.001/swg.fits[1]
scw/0658/065800330010.001/swg.fits[1]
scw/0658/065800340010.001/swg.fits[1]
scw/0658/065800420010.001/swg.fits[1]
scw/0658/065800630010.001/swg.fits[1]
scw/0660/066000170010.001/swg.fits[1]
scw/0660/066000180010.001/swg.fits[1]
scw/0660/066000190010.001/swg.fits[1]
scw/0660/066000200010.001/swg.fits[1]
scw/0660/066000280010.001/swg.fits[1]
scw/0660/066000290010.001/swg.fits[1]
scw/0660/066000300010.001/swg.fits[1]
scw/0660/066000380010.001/swg.fits[1]
scw/0667/066700270010.001/swg.fits[1]
scw/0667/066700280010.001/swg.fits[1]
scw/0667/066700720010.001/swg.fits[1]
scw/0667/066700730010.001/swg.fits[1]
scw/0670/067000270010.001/swg.fits[1]
scw/0670/067000280010.001/swg.fits[1]
scw/0670/067000740010.001/swg.fits[1]
scw/0670/067000750010.001/swg.fits[1]
scw/0671/067100570010.001/swg.fits[1]
scw/0671/067100580010.001/swg.fits[1]
scw/0672/067200180010.001/swg.fits[1]
scw/0672/067200190010.001/swg.fits[1]
scw/0672/067200820010.001/swg.fits[1]
scw/0672/067200830010.001/swg.fits[1]
scw/0674/067400280010.001/swg.fits[1]
scw/0674/067400290010.001/swg.fits[1]
scw/0674/067400390010.001/swg.fits[1]
scw/0674/067400400010.001/swg.fits[1]
scw/0847/084700820010.001/swg.fits[1]
scw/0847/084700830010.001/swg.fits[1]
scw/0847/084700840010.001/swg.fits[1]
scw/0848/084800830010.001/swg.fits[1]
scw/0848/084800840010.001/swg.fits[1]
scw/0848/084800850010.001/swg.fits[1]
scw/0849/084900560010.001/swg.fits[1]
scw/0849/084900570010.001/swg.fits[1]
scw/0849/084900580010.001/swg.fits[1]
scw/0851/085100180010.001/swg.fits[1]
scw/0851/085100190010.001/swg.fits[1]
scw/0851/085100200010.001/swg.fits[1]
scw/0852/085200100010.001/swg.fits[1]
scw/0852/085200110010.001/swg.fits[1]
scw/0852/085200120010.001/swg.fits[1]
scw/0907/090700460010.001/swg.fits[1]
scw/0907/090700470010.001/swg.fits[1]
scw/0907/090700480010.001/swg.fits[1]
scw/1282/128200020010.001/swg.fits[1]
scw/2329/232900400010.001/swg.fits[1]
scw/2329/232900490010.001/swg.fits[1]
scw/2329/232900500010.001/swg.fits[1]
scw/2349/234900360010.001/swg.fits[1]
scw/2349/234900370010.001/swg.fits[1]
scw/2349/234900450010.001/swg.fits[1]
