scw/0181/018100070010.001/swg.fits[1]
scw/0225/022500100010.001/swg.fits[1]
scw/0234/023400170010.001/swg.fits[1]
scw/0468/046800070010.001/swg.fits[1]
scw/0717/071700160010.001/swg.fits[1]
scw/0717/071700170010.001/swg.fits[1]
scw/0717/071700260010.001/swg.fits[1]
scw/0717/071700270010.001/swg.fits[1]
scw/0717/071700360010.001/swg.fits[1]
scw/0717/071700660010.001/swg.fits[1]
scw/0717/071700670010.001/swg.fits[1]
scw/0720/072000250010.001/swg.fits[1]
scw/0720/072000260010.001/swg.fits[1]
scw/0720/072000460010.001/swg.fits[1]
scw/0720/072000660010.001/swg.fits[1]
scw/0720/072000750010.001/swg.fits[1]
scw/0720/072000760010.001/swg.fits[1]
scw/0721/072100040010.001/swg.fits[1]
scw/0721/072100320010.001/swg.fits[1]
scw/0721/072100330010.001/swg.fits[1]
scw/0721/072100340010.001/swg.fits[1]
scw/0721/072100530010.001/swg.fits[1]
scw/0721/072100540010.001/swg.fits[1]
scw/0721/072100740010.001/swg.fits[1]
scw/0784/078400080010.001/swg.fits[1]
scw/0784/078400280010.001/swg.fits[1]
scw/0784/078400290010.001/swg.fits[1]
scw/0784/078400380010.001/swg.fits[1]
scw/0784/078400480010.001/swg.fits[1]
scw/0784/078400490010.001/swg.fits[1]
scw/0784/078400780010.001/swg.fits[1]
scw/0784/078400790010.001/swg.fits[1]
scw/0784/078400890010.001/swg.fits[1]
scw/0787/078700070010.001/swg.fits[1]
scw/0787/078700080010.001/swg.fits[1]
scw/0787/078700360010.001/swg.fits[1]
scw/0787/078700370010.001/swg.fits[1]
scw/0787/078700380010.001/swg.fits[1]
scw/0787/078700390010.001/swg.fits[1]
scw/0787/078700570010.001/swg.fits[1]
scw/0787/078700580010.001/swg.fits[1]
scw/0787/078700590010.001/swg.fits[1]
scw/0787/078700870010.001/swg.fits[1]
scw/0787/078700880010.001/swg.fits[1]
scw/0831/083100030010.001/swg.fits[1]
scw/0831/083100110010.001/swg.fits[1]
scw/0831/083100120010.001/swg.fits[1]
scw/0831/083100130010.001/swg.fits[1]
scw/0831/083100330010.001/swg.fits[1]
scw/0831/083100420010.001/swg.fits[1]
scw/0831/083100530010.001/swg.fits[1]
scw/0831/083100620010.001/swg.fits[1]
scw/0831/083100830010.001/swg.fits[1]
scw/0831/083100910010.001/swg.fits[1]
scw/0831/083100920010.001/swg.fits[1]
scw/0832/083200170010.001/swg.fits[1]
scw/0832/083200380010.001/swg.fits[1]
scw/0832/083200470010.001/swg.fits[1]
scw/0832/083200580010.001/swg.fits[1]
scw/0832/083200670010.001/swg.fits[1]
scw/0832/083200870010.001/swg.fits[1]
scw/0832/083200880010.001/swg.fits[1]
scw/0832/083200890010.001/swg.fits[1]
scw/0833/083300130010.001/swg.fits[1]
scw/0833/083300220010.001/swg.fits[1]
scw/0833/083300430010.001/swg.fits[1]
scw/0833/083300520010.001/swg.fits[1]
scw/0833/083300630010.001/swg.fits[1]
scw/0833/083300710010.001/swg.fits[1]
scw/0833/083300720010.001/swg.fits[1]
scw/0833/083300730010.001/swg.fits[1]
scw/0833/083300930010.001/swg.fits[1]
scw/0834/083400360010.001/swg.fits[1]
scw/0834/083400410010.001/swg.fits[1]
scw/0834/083400520010.001/swg.fits[1]
scw/0834/083400610010.001/swg.fits[1]
scw/0835/083500060010.001/swg.fits[1]
scw/0835/083500070010.001/swg.fits[1]
scw/0835/083500080010.001/swg.fits[1]
scw/0835/083500520010.001/swg.fits[1]
scw/0835/083500720010.001/swg.fits[1]
scw/0835/083500730010.001/swg.fits[1]
scw/0836/083600230010.001/swg.fits[1]
scw/0836/083600320010.001/swg.fits[1]
scw/0836/083600330010.001/swg.fits[1]
scw/0836/083600520010.001/swg.fits[1]
scw/0836/083600530010.001/swg.fits[1]
scw/0836/083600540010.001/swg.fits[1]
scw/0836/083600620010.001/swg.fits[1]
scw/1924/192400230010.001/swg.fits[1]
scw/1924/192400240010.001/swg.fits[1]
scw/1924/192400250010.001/swg.fits[1]
scw/1924/192400270010.001/swg.fits[1]
scw/1924/192400280010.001/swg.fits[1]
scw/1924/192400330010.001/swg.fits[1]
scw/1924/192400340010.001/swg.fits[1]
scw/1924/192400350010.001/swg.fits[1]
scw/1924/192400360010.001/swg.fits[1]
scw/1924/192400370010.001/swg.fits[1]
scw/1990/199000480010.001/swg.fits[1]
scw/1990/199000490010.001/swg.fits[1]
scw/1990/199000500010.001/swg.fits[1]
scw/1993/199300040010.001/swg.fits[1]
scw/1993/199300050010.001/swg.fits[1]
scw/2122/212200060010.001/swg.fits[1]
scw/2122/212200070010.001/swg.fits[1]
scw/2122/212200100010.001/swg.fits[1]
scw/2122/212200110010.001/swg.fits[1]
scw/2122/212200400010.001/swg.fits[1]
scw/2122/212200470010.001/swg.fits[1]
scw/2122/212200480010.001/swg.fits[1]
scw/2122/212200490010.001/swg.fits[1]
scw/2122/212200500010.001/swg.fits[1]
scw/2122/212200510010.001/swg.fits[1]
scw/2122/212200510020.001/swg.fits[1]
scw/2271/227100100010.001/swg.fits[1]
scw/2271/227100150010.001/swg.fits[1]
scw/2271/227100160010.001/swg.fits[1]
scw/2271/227100210010.001/swg.fits[1]
scw/2271/227100280010.001/swg.fits[1]
scw/2275/227500830010.001/swg.fits[1]
scw/2275/227500840010.001/swg.fits[1]
scw/2275/227500870010.001/swg.fits[1]
scw/2275/227500880010.001/swg.fits[1]
scw/2275/227500890010.001/swg.fits[1]
scw/2275/227500900010.001/swg.fits[1]
scw/2275/227500940010.001/swg.fits[1]
scw/2276/227600060010.001/swg.fits[1]
scw/2276/227600080010.001/swg.fits[1]
scw/2276/227600090010.001/swg.fits[1]
scw/2276/227600110010.001/swg.fits[1]
scw/2276/227600120010.001/swg.fits[1]
scw/2276/227600130010.001/swg.fits[1]
scw/2276/227600160010.001/swg.fits[1]
scw/2276/227600240010.001/swg.fits[1]
