scw/0479/047900310010.001/swg.fits[1]
scw/0479/047900320010.001/swg.fits[1]
scw/0480/048000270010.001/swg.fits[1]
scw/0480/048000310010.001/swg.fits[1]
scw/0480/048000320010.001/swg.fits[1]
scw/0480/048000330010.001/swg.fits[1]
scw/0480/048000630010.001/swg.fits[1]
scw/0480/048000640010.001/swg.fits[1]
scw/0480/048000650010.001/swg.fits[1]
scw/0480/048000670010.001/swg.fits[1]
scw/0480/048000680010.001/swg.fits[1]
scw/0481/048100520010.001/swg.fits[1]
scw/0481/048100560010.001/swg.fits[1]
scw/0481/048100570010.001/swg.fits[1]
scw/0481/048100580010.001/swg.fits[1]
scw/0481/048100620010.001/swg.fits[1]
scw/0481/048100630010.001/swg.fits[1]
scw/0484/048400350010.001/swg.fits[1]
scw/0484/048400360010.001/swg.fits[1]
scw/0484/048400390010.001/swg.fits[1]
scw/0484/048400400010.001/swg.fits[1]
scw/0485/048500280010.001/swg.fits[1]
scw/0485/048500290010.001/swg.fits[1]
scw/0485/048500330010.001/swg.fits[1]
scw/0485/048500340010.001/swg.fits[1]
scw/0485/048500350010.001/swg.fits[1]
scw/0485/048500660010.001/swg.fits[1]
scw/0485/048500670010.001/swg.fits[1]
scw/0485/048500700010.001/swg.fits[1]
scw/0485/048500710010.001/swg.fits[1]
scw/0485/048500720010.001/swg.fits[1]
scw/0485/048500760010.001/swg.fits[1]
scw/0534/053400590010.001/swg.fits[1]
scw/0534/053400630010.001/swg.fits[1]
scw/0534/053400640010.001/swg.fits[1]
scw/0534/053400650010.001/swg.fits[1]
scw/0534/053400690010.001/swg.fits[1]
scw/0535/053500140010.001/swg.fits[1]
scw/0535/053500180010.001/swg.fits[1]
scw/0535/053500190010.001/swg.fits[1]
scw/0535/053500200010.001/swg.fits[1]
scw/0535/053500230010.001/swg.fits[1]
scw/0535/053500240010.001/swg.fits[1]
scw/0535/053500250010.001/swg.fits[1]
scw/0535/053500700010.001/swg.fits[1]
scw/0535/053500740010.001/swg.fits[1]
scw/0535/053500750010.001/swg.fits[1]
scw/0535/053500760010.001/swg.fits[1]
scw/0535/053500800010.001/swg.fits[1]
scw/0537/053700480010.001/swg.fits[1]
scw/0537/053700520010.001/swg.fits[1]
scw/0537/053700530010.001/swg.fits[1]
scw/0537/053700540010.001/swg.fits[1]
scw/0537/053700580010.001/swg.fits[1]
scw/0537/053700590010.001/swg.fits[1]
scw/0537/053700620010.001/swg.fits[1]
scw/0537/053700630010.001/swg.fits[1]
scw/0537/053700640010.001/swg.fits[1]
scw/0537/053700680010.001/swg.fits[1]
scw/0537/053700690010.001/swg.fits[1]
scw/0539/053900650010.001/swg.fits[1]
scw/0539/053900690010.001/swg.fits[1]
scw/0539/053900700010.001/swg.fits[1]
scw/0539/053900710010.001/swg.fits[1]
scw/0539/053900740010.001/swg.fits[1]
scw/0539/053900750010.001/swg.fits[1]
scw/0539/053900760010.001/swg.fits[1]
scw/0540/054000080010.001/swg.fits[1]
scw/0542/054200320010.001/swg.fits[1]
scw/0542/054200360010.001/swg.fits[1]
scw/0542/054200370010.001/swg.fits[1]
scw/0542/054200380010.001/swg.fits[1]
scw/0542/054200420010.001/swg.fits[1]
scw/0545/054500430010.001/swg.fits[1]
scw/0545/054500440010.001/swg.fits[1]
scw/0545/054500630010.001/swg.fits[1]
scw/0545/054500640010.001/swg.fits[1]
scw/0546/054600290010.001/swg.fits[1]
scw/0546/054600300010.001/swg.fits[1]
scw/0594/059400190010.001/swg.fits[1]
scw/0594/059400200010.001/swg.fits[1]
scw/0594/059400520010.001/swg.fits[1]
scw/0594/059400530010.001/swg.fits[1]
scw/0595/059500170010.001/swg.fits[1]
scw/0595/059500180010.001/swg.fits[1]
scw/0595/059500460010.001/swg.fits[1]
scw/0595/059500470010.001/swg.fits[1]
scw/0595/059500650010.001/swg.fits[1]
scw/0596/059600100010.001/swg.fits[1]
scw/0596/059600380010.001/swg.fits[1]
scw/0596/059600390010.001/swg.fits[1]
scw/0596/059600570010.001/swg.fits[1]
scw/0596/059600580010.001/swg.fits[1]
scw/0599/059900410010.001/swg.fits[1]
scw/0599/059900420010.001/swg.fits[1]
scw/0599/059900600010.001/swg.fits[1]
scw/0599/059900610010.001/swg.fits[1]
scw/0600/060000310010.001/swg.fits[1]
scw/0600/060000320010.001/swg.fits[1]
scw/0600/060000500010.001/swg.fits[1]
scw/0600/060000510010.001/swg.fits[1]
scw/0601/060100340010.001/swg.fits[1]
scw/0601/060100350010.001/swg.fits[1]
scw/0601/060100530010.001/swg.fits[1]
scw/0601/060100540010.001/swg.fits[1]
scw/0604/060400050010.001/swg.fits[1]
scw/0604/060400090010.001/swg.fits[1]
scw/0604/060400170010.001/swg.fits[1]
scw/0604/060400370010.001/swg.fits[1]
scw/0604/060400380010.001/swg.fits[1]
scw/0604/060400480010.001/swg.fits[1]
scw/0604/060400560010.001/swg.fits[1]
scw/0604/060400570010.001/swg.fits[1]
scw/0604/060400580010.001/swg.fits[1]
scw/0660/066000080010.001/swg.fits[1]
scw/0661/066100170010.001/swg.fits[1]
scw/0661/066100350010.001/swg.fits[1]
scw/0661/066100360010.001/swg.fits[1]
scw/0661/066100650010.001/swg.fits[1]
scw/0661/066100660010.001/swg.fits[1]
scw/0663/066300330010.001/swg.fits[1]
scw/0663/066300340010.001/swg.fits[1]
scw/0663/066300640010.001/swg.fits[1]
scw/0669/066900290010.001/swg.fits[1]
scw/0669/066900300010.001/swg.fits[1]
scw/0724/072400790010.001/swg.fits[1]
scw/0724/072400800010.001/swg.fits[1]
scw/0725/072500310010.001/swg.fits[1]
scw/0725/072500320010.001/swg.fits[1]
scw/0725/072500510010.001/swg.fits[1]
scw/0725/072500520010.001/swg.fits[1]
scw/0725/072500610010.001/swg.fits[1]
scw/0726/072600360010.001/swg.fits[1]
scw/0726/072600470010.001/swg.fits[1]
scw/0726/072600550010.001/swg.fits[1]
scw/0726/072600560010.001/swg.fits[1]
scw/0726/072600570010.001/swg.fits[1]
scw/0730/073000050010.001/swg.fits[1]
scw/0732/073200020010.001/swg.fits[1]
scw/0732/073200040010.001/swg.fits[1]
scw/0732/073200050010.001/swg.fits[1]
scw/0732/073200060010.001/swg.fits[1]
scw/0732/073200120010.001/swg.fits[1]
scw/0732/073200330010.001/swg.fits[1]
scw/0732/073200340010.001/swg.fits[1]
scw/0734/073400530010.001/swg.fits[1]
scw/0734/073400550010.001/swg.fits[1]
scw/0734/073400560010.001/swg.fits[1]
scw/0734/073400570010.001/swg.fits[1]
scw/0734/073400630010.001/swg.fits[1]
scw/0734/073400840010.001/swg.fits[1]
scw/0734/073400850010.001/swg.fits[1]
scw/0734/073400860010.001/swg.fits[1]
scw/0734/073400870010.001/swg.fits[1]
scw/0735/073500850010.001/swg.fits[1]
scw/0735/073500860010.001/swg.fits[1]
scw/0735/073500870010.001/swg.fits[1]
scw/0735/073500950010.001/swg.fits[1]
scw/0736/073600180010.001/swg.fits[1]
scw/0736/073600200010.001/swg.fits[1]
scw/0736/073600210010.001/swg.fits[1]
scw/0736/073600220010.001/swg.fits[1]
scw/0736/073600280010.001/swg.fits[1]
scw/0736/073600490010.001/swg.fits[1]
scw/0736/073600500010.001/swg.fits[1]
scw/0736/073600510010.001/swg.fits[1]
scw/0736/073600520010.001/swg.fits[1]
scw/0776/077600660010.001/swg.fits[1]
scw/0777/077700080010.001/swg.fits[1]
scw/0777/077700090010.001/swg.fits[1]
scw/0777/077700190010.001/swg.fits[1]
scw/0777/077700280010.001/swg.fits[1]
scw/0777/077700580010.001/swg.fits[1]
scw/0777/077700590010.001/swg.fits[1]
scw/0777/077700600010.001/swg.fits[1]
scw/0778/077800150010.001/swg.fits[1]
scw/0778/077800230010.001/swg.fits[1]
scw/0778/077800240010.001/swg.fits[1]
scw/0778/077800250010.001/swg.fits[1]
scw/0779/077900200010.001/swg.fits[1]
scw/0779/077900300010.001/swg.fits[1]
scw/0780/078000150010.001/swg.fits[1]
scw/0780/078000160010.001/swg.fits[1]
scw/0780/078000170010.001/swg.fits[1]
scw/0780/078000370010.001/swg.fits[1]
scw/0781/078100060010.001/swg.fits[1]
scw/0781/078100070010.001/swg.fits[1]
scw/0781/078100080010.001/swg.fits[1]
scw/0781/078100160010.001/swg.fits[1]
scw/0781/078100170010.001/swg.fits[1]
scw/0781/078100260010.001/swg.fits[1]
scw/0781/078100270010.001/swg.fits[1]
scw/0783/078300270010.001/swg.fits[1]
scw/0783/078300280010.001/swg.fits[1]
scw/0783/078300290010.001/swg.fits[1]
scw/0785/078500420010.001/swg.fits[1]
scw/0789/078900140010.001/swg.fits[1]
scw/0789/078900240010.001/swg.fits[1]
scw/0789/078900250010.001/swg.fits[1]
scw/0792/079200420010.001/swg.fits[1]
scw/0792/079200430010.001/swg.fits[1]
scw/0795/079500200010.001/swg.fits[1]
scw/0838/083800250010.001/swg.fits[1]
scw/0838/083800260010.001/swg.fits[1]
scw/0838/083800270010.001/swg.fits[1]
scw/0838/083800350010.001/swg.fits[1]
scw/0838/083800450010.001/swg.fits[1]
scw/0838/083800460010.001/swg.fits[1]
scw/0846/084600020010.001/swg.fits[1]
scw/0846/084600090010.001/swg.fits[1]
scw/0846/084600100010.001/swg.fits[1]
scw/0846/084600110010.001/swg.fits[1]
scw/0846/084600120010.001/swg.fits[1]
scw/0846/084600130010.001/swg.fits[1]
scw/0846/084600410010.001/swg.fits[1]
scw/0846/084600420010.001/swg.fits[1]
scw/0846/084600430010.001/swg.fits[1]
scw/0846/084600510010.001/swg.fits[1]
scw/0846/084600600010.001/swg.fits[1]
scw/0846/084600610010.001/swg.fits[1]
