scw/0286/028600170010.001/swg.fits[1]
scw/1129/112900200010.001/swg.fits[1]
scw/1202/120200800010.001/swg.fits[1]
scw/1202/120200810010.001/swg.fits[1]
scw/1207/120700820010.001/swg.fits[1]
scw/1207/120700830010.001/swg.fits[1]
scw/1207/120700840010.001/swg.fits[1]
scw/1506/150600360010.001/swg.fits[1]
scw/1518/151800170010.001/swg.fits[1]
scw/1518/151800270010.001/swg.fits[1]
scw/1518/151800360010.001/swg.fits[1]
scw/1568/156800410010.001/swg.fits[1]
scw/1570/157000590010.001/swg.fits[1]
scw/1579/157900420010.001/swg.fits[1]
scw/1579/157900610010.001/swg.fits[1]
scw/1588/158800130010.001/swg.fits[1]
scw/1588/158800440010.001/swg.fits[1]
scw/1588/158800530010.001/swg.fits[1]
scw/1588/158800540010.001/swg.fits[1]
scw/1596/159600680010.001/swg.fits[1]
scw/2073/207300430010.001/swg.fits[1]
scw/2073/207300440010.001/swg.fits[1]
scw/2073/207300530010.001/swg.fits[1]
scw/2073/207300540010.001/swg.fits[1]
scw/2118/211800250010.001/swg.fits[1]
scw/2118/211800320010.001/swg.fits[1]
scw/2321/232100250010.001/swg.fits[1]
scw/2321/232100340010.001/swg.fits[1]
