scw/0310/031000800010.001/swg.fits[1]
scw/0310/031000870010.001/swg.fits[1]
scw/0311/031100270010.001/swg.fits[1]
scw/0311/031100340010.001/swg.fits[1]
scw/0311/031100530010.001/swg.fits[1]
scw/0311/031100570010.001/swg.fits[1]
scw/0311/031100640010.001/swg.fits[1]
scw/0312/031200030010.001/swg.fits[1]
scw/0312/031200090010.001/swg.fits[1]
scw/1084/108400520010.001/swg.fits[1]
scw/1085/108500340010.001/swg.fits[1]
scw/1086/108600190010.001/swg.fits[1]
scw/1099/109900360010.001/swg.fits[1]
scw/1101/110100080010.001/swg.fits[1]
scw/1101/110100490010.001/swg.fits[1]
scw/1102/110200630010.001/swg.fits[1]
scw/1103/110300550010.001/swg.fits[1]
scw/1104/110400380010.001/swg.fits[1]
scw/1104/110400460010.001/swg.fits[1]
scw/1104/110400470010.001/swg.fits[1]
scw/1105/110500200010.001/swg.fits[1]
scw/1105/110500290010.001/swg.fits[1]
scw/1106/110600110010.001/swg.fits[1]
scw/1106/110600200010.001/swg.fits[1]
scw/1107/110700030010.001/swg.fits[1]
scw/1107/110700440010.001/swg.fits[1]
scw/1107/110700530010.001/swg.fits[1]
scw/1108/110800370010.001/swg.fits[1]
scw/1109/110900260010.001/swg.fits[1]
scw/1109/110900350010.001/swg.fits[1]
scw/1109/110900360010.001/swg.fits[1]
scw/1110/111000610010.001/swg.fits[1]
