scw/2364/236400250010.001/swg.fits[1]
scw/2366/236600110010.001/swg.fits[1]
scw/2366/236600120010.001/swg.fits[1]
scw/2366/236600130010.001/swg.fits[1]
scw/2366/236600180010.001/swg.fits[1]
scw/2366/236600190010.001/swg.fits[1]
scw/2367/236700460010.001/swg.fits[1]
scw/2367/236700470010.001/swg.fits[1]
scw/2367/236700540010.001/swg.fits[1]
scw/2367/236700550010.001/swg.fits[1]
scw/2368/236800460010.001/swg.fits[1]
scw/2368/236800470010.001/swg.fits[1]
scw/2368/236800480010.001/swg.fits[1]
scw/2368/236800540010.001/swg.fits[1]
scw/2369/236900500010.001/swg.fits[1]
scw/2369/236900570010.001/swg.fits[1]
scw/2369/236900580010.001/swg.fits[1]
scw/2369/236900590010.001/swg.fits[1]
scw/2370/237000390010.001/swg.fits[1]
scw/2370/237000400010.001/swg.fits[1]
scw/2370/237000450010.001/swg.fits[1]
scw/2370/237000460010.001/swg.fits[1]
scw/2371/237100130010.001/swg.fits[1]
scw/2371/237100200010.001/swg.fits[1]
scw/2371/237100210010.001/swg.fits[1]
