scw/0062/006200120010.001/swg.fits[1]
scw/0498/049800560010.001/swg.fits[1]
scw/0499/049900540010.001/swg.fits[1]
scw/0500/050000020010.001/swg.fits[1]
scw/0501/050100190010.001/swg.fits[1]
scw/0501/050100200010.001/swg.fits[1]
scw/0501/050100210010.001/swg.fits[1]
scw/0501/050100220010.001/swg.fits[1]
scw/0501/050100230010.001/swg.fits[1]
scw/0501/050100680010.001/swg.fits[1]
scw/0502/050200660010.001/swg.fits[1]
scw/0503/050300390010.001/swg.fits[1]
scw/0504/050400370010.001/swg.fits[1]
scw/0504/050400460010.001/swg.fits[1]
scw/0505/050500250010.001/swg.fits[1]
scw/0506/050600240010.001/swg.fits[1]
scw/1038/103800200010.001/swg.fits[1]
scw/1038/103800210010.001/swg.fits[1]
scw/1038/103800220010.001/swg.fits[1]
scw/1038/103800430010.001/swg.fits[1]
scw/1038/103800440010.001/swg.fits[1]
scw/1038/103800450010.001/swg.fits[1]
scw/1039/103900200010.001/swg.fits[1]
scw/1039/103900210010.001/swg.fits[1]
scw/1039/103900220010.001/swg.fits[1]
scw/1039/103900430010.001/swg.fits[1]
scw/1039/103900440010.001/swg.fits[1]
scw/1039/103900450010.001/swg.fits[1]
scw/1039/103900820010.001/swg.fits[1]
scw/1039/103900830010.001/swg.fits[1]
scw/1039/103900840010.001/swg.fits[1]
scw/1120/112000140010.001/swg.fits[1]
scw/1154/115400440010.001/swg.fits[1]
scw/1154/115400450010.001/swg.fits[1]
scw/1154/115400460010.001/swg.fits[1]
scw/1161/116101060010.001/swg.fits[1]
scw/1161/116101070010.001/swg.fits[1]
scw/1163/116300350010.001/swg.fits[1]
scw/1163/116300360010.001/swg.fits[1]
scw/1163/116300370010.001/swg.fits[1]
scw/1163/116300590010.001/swg.fits[1]
scw/1163/116300600010.001/swg.fits[1]
scw/1163/116300610010.001/swg.fits[1]
scw/1163/116300970010.001/swg.fits[1]
scw/1163/116300980010.001/swg.fits[1]
scw/1163/116300990010.001/swg.fits[1]
scw/1164/116400130010.001/swg.fits[1]
scw/1164/116400140010.001/swg.fits[1]
scw/1164/116400150010.001/swg.fits[1]
scw/1164/116400520010.001/swg.fits[1]
scw/1164/116400530010.001/swg.fits[1]
scw/1164/116400540010.001/swg.fits[1]
scw/1164/116400750010.001/swg.fits[1]
scw/1164/116400760010.001/swg.fits[1]
scw/1164/116400770010.001/swg.fits[1]
scw/1165/116500120010.001/swg.fits[1]
scw/1165/116500130010.001/swg.fits[1]
scw/1165/116500140010.001/swg.fits[1]
scw/1165/116500490010.001/swg.fits[1]
scw/1165/116500500010.001/swg.fits[1]
scw/1165/116500510010.001/swg.fits[1]
scw/1165/116500720010.001/swg.fits[1]
scw/1165/116500730010.001/swg.fits[1]
scw/1165/116500740010.001/swg.fits[1]
scw/1166/116600120010.001/swg.fits[1]
scw/1166/116600130010.001/swg.fits[1]
scw/1166/116600140010.001/swg.fits[1]
scw/1166/116600510010.001/swg.fits[1]
scw/1166/116600520010.001/swg.fits[1]
scw/1166/116600530010.001/swg.fits[1]
scw/1166/116600760010.001/swg.fits[1]
scw/1166/116600770010.001/swg.fits[1]
scw/1166/116600780010.001/swg.fits[1]
scw/1167/116700350010.001/swg.fits[1]
scw/1167/116700360010.001/swg.fits[1]
scw/1167/116700370010.001/swg.fits[1]
scw/1167/116700580010.001/swg.fits[1]
scw/1167/116700590010.001/swg.fits[1]
scw/1167/116700600010.001/swg.fits[1]
scw/1167/116700980010.001/swg.fits[1]
scw/1167/116700990010.001/swg.fits[1]
scw/1167/116701000010.001/swg.fits[1]
scw/1168/116800120010.001/swg.fits[1]
scw/1168/116800130010.001/swg.fits[1]
scw/1168/116800140010.001/swg.fits[1]
scw/1168/116800510010.001/swg.fits[1]
scw/1168/116800520010.001/swg.fits[1]
scw/1168/116800530010.001/swg.fits[1]
scw/1168/116800740010.001/swg.fits[1]
scw/1168/116800750010.001/swg.fits[1]
scw/1168/116800760010.001/swg.fits[1]
scw/1169/116900290010.001/swg.fits[1]
scw/1169/116900300010.001/swg.fits[1]
scw/1471/147100090010.001/swg.fits[1]
scw/1471/147100330010.001/swg.fits[1]
scw/1531/153100240010.001/swg.fits[1]
scw/1531/153100250010.001/swg.fits[1]
scw/1531/153100320010.001/swg.fits[1]
scw/2285/228500070010.001/swg.fits[1]
scw/2285/228500080010.001/swg.fits[1]
scw/2285/228500490010.001/swg.fits[1]
scw/2285/228500500010.001/swg.fits[1]
scw/2333/233300020010.001/swg.fits[1]
scw/2337/233700020010.001/swg.fits[1]
