scw/1041/104100710010.001/swg.fits[1]
scw/1126/112600820010.001/swg.fits[1]
scw/1126/112600830010.001/swg.fits[1]
scw/1127/112700670010.001/swg.fits[1]
scw/1127/112700680010.001/swg.fits[1]
scw/1127/112700780010.001/swg.fits[1]
scw/1127/112700790010.001/swg.fits[1]
scw/1127/112700800010.001/swg.fits[1]
scw/1128/112800780010.001/swg.fits[1]
scw/1128/112800790010.001/swg.fits[1]
scw/1128/112800800010.001/swg.fits[1]
scw/1130/113000770010.001/swg.fits[1]
scw/1130/113000780010.001/swg.fits[1]
scw/1130/113000790010.001/swg.fits[1]
scw/1131/113100700010.001/swg.fits[1]
scw/1131/113100710010.001/swg.fits[1]
scw/1131/113100720010.001/swg.fits[1]
scw/1132/113200670010.001/swg.fits[1]
scw/1132/113200680010.001/swg.fits[1]
scw/1132/113200690010.001/swg.fits[1]
scw/1133/113300680010.001/swg.fits[1]
scw/1133/113300690010.001/swg.fits[1]
scw/1133/113300700010.001/swg.fits[1]
scw/1137/113700690010.001/swg.fits[1]
scw/1137/113700700010.001/swg.fits[1]
scw/1137/113700710010.001/swg.fits[1]
scw/1138/113800710010.001/swg.fits[1]
scw/1138/113800720010.001/swg.fits[1]
scw/1138/113800730010.001/swg.fits[1]
scw/1171/117100790010.001/swg.fits[1]
scw/1171/117100800010.001/swg.fits[1]
scw/1171/117100810010.001/swg.fits[1]
scw/1172/117200660010.001/swg.fits[1]
scw/1172/117200670010.001/swg.fits[1]
scw/1173/117300630010.001/swg.fits[1]
scw/1173/117300640010.001/swg.fits[1]
scw/1174/117401080010.001/swg.fits[1]
scw/1174/117401090010.001/swg.fits[1]
scw/1175/117500720010.001/swg.fits[1]
scw/1175/117500730010.001/swg.fits[1]
scw/1175/117500740010.001/swg.fits[1]
scw/1177/117700720010.001/swg.fits[1]
scw/1177/117700730010.001/swg.fits[1]
scw/1177/117700740010.001/swg.fits[1]
scw/1964/196400310010.001/swg.fits[1]
scw/1965/196500310010.001/swg.fits[1]
scw/2194/219400470010.001/swg.fits[1]
