scw/1243/124300390010.001/swg.fits[1]
scw/1243/124300400010.001/swg.fits[1]
scw/1492/149200230010.001/swg.fits[1]
scw/1492/149200270010.001/swg.fits[1]
scw/1493/149300130010.001/swg.fits[1]
scw/1493/149300140010.001/swg.fits[1]
scw/1493/149300160010.001/swg.fits[1]
scw/1493/149300170010.001/swg.fits[1]
scw/1494/149400070010.001/swg.fits[1]
scw/1494/149400080010.001/swg.fits[1]
scw/1494/149400530010.001/swg.fits[1]
scw/1545/154500230010.001/swg.fits[1]
scw/1545/154500240010.001/swg.fits[1]
scw/1545/154500380010.001/swg.fits[1]
scw/1545/154500390010.001/swg.fits[1]
scw/1546/154600240010.001/swg.fits[1]
scw/1546/154600250010.001/swg.fits[1]
scw/1546/154600260010.001/swg.fits[1]
scw/1546/154600350010.001/swg.fits[1]
scw/1546/154600360010.001/swg.fits[1]
scw/1547/154700260010.001/swg.fits[1]
scw/1547/154700270010.001/swg.fits[1]
scw/1547/154700280010.001/swg.fits[1]
scw/1547/154700410010.001/swg.fits[1]
scw/1547/154700420010.001/swg.fits[1]
scw/1548/154800340010.001/swg.fits[1]
scw/1548/154800380010.001/swg.fits[1]
scw/1549/154900380010.001/swg.fits[1]
scw/1549/154900390010.001/swg.fits[1]
scw/1550/155000400010.001/swg.fits[1]
scw/1550/155000410010.001/swg.fits[1]
scw/1551/155100040010.001/swg.fits[1]
scw/1551/155100370010.001/swg.fits[1]
scw/1552/155200340010.001/swg.fits[1]
scw/1617/161700270010.001/swg.fits[1]
scw/1617/161700320010.001/swg.fits[1]
scw/1682/168200430010.001/swg.fits[1]
scw/1682/168200440010.001/swg.fits[1]
scw/1683/168300050010.001/swg.fits[1]
scw/1683/168300060010.001/swg.fits[1]
scw/1683/168300400010.001/swg.fits[1]
scw/1683/168300410010.001/swg.fits[1]
scw/1683/168300420010.001/swg.fits[1]
scw/1683/168300510010.001/swg.fits[1]
scw/1686/168600390010.001/swg.fits[1]
scw/1686/168600400010.001/swg.fits[1]
scw/1686/168600410010.001/swg.fits[1]
scw/1686/168600540010.001/swg.fits[1]
scw/1686/168600550010.001/swg.fits[1]
scw/1687/168700410010.001/swg.fits[1]
scw/1687/168700450010.001/swg.fits[1]
scw/1753/175300170010.001/swg.fits[1]
scw/1753/175300220010.001/swg.fits[1]
scw/1754/175400130010.001/swg.fits[1]
scw/1754/175400140010.001/swg.fits[1]
scw/1754/175400150010.001/swg.fits[1]
scw/1754/175400190010.001/swg.fits[1]
scw/1754/175400200010.001/swg.fits[1]
scw/1755/175500130010.001/swg.fits[1]
scw/1755/175500140010.001/swg.fits[1]
scw/1755/175500150010.001/swg.fits[1]
scw/1755/175500160010.001/swg.fits[1]
scw/1755/175500170010.001/swg.fits[1]
scw/1756/175600120010.001/swg.fits[1]
scw/1756/175600130010.001/swg.fits[1]
scw/1756/175600140010.001/swg.fits[1]
scw/1756/175600150010.001/swg.fits[1]
scw/1756/175600160010.001/swg.fits[1]
scw/1757/175700140010.001/swg.fits[1]
scw/1757/175700150010.001/swg.fits[1]
scw/1757/175700160010.001/swg.fits[1]
scw/1758/175800100010.001/swg.fits[1]
scw/1758/175800110010.001/swg.fits[1]
scw/1759/175900140010.001/swg.fits[1]
scw/1820/182000040010.001/swg.fits[1]
scw/1820/182000050010.001/swg.fits[1]
scw/1820/182000060010.001/swg.fits[1]
scw/1820/182000480010.001/swg.fits[1]
scw/1820/182000490010.001/swg.fits[1]
scw/1822/182200060010.001/swg.fits[1]
scw/1822/182200070010.001/swg.fits[1]
scw/1822/182200490010.001/swg.fits[1]
scw/1823/182300430010.001/swg.fits[1]
scw/1823/182300440010.001/swg.fits[1]
scw/1824/182400190010.001/swg.fits[1]
scw/1824/182400200010.001/swg.fits[1]
scw/1824/182400210010.001/swg.fits[1]
scw/1824/182400260010.001/swg.fits[1]
scw/1824/182400270010.001/swg.fits[1]
scw/1824/182400280010.001/swg.fits[1]
scw/1845/184500200010.001/swg.fits[1]
scw/1845/184500270010.001/swg.fits[1]
scw/1845/184500280010.001/swg.fits[1]
scw/1893/189300170010.001/swg.fits[1]
scw/1893/189300180010.001/swg.fits[1]
scw/1893/189300250010.001/swg.fits[1]
scw/1893/189300260010.001/swg.fits[1]
scw/1894/189400200010.001/swg.fits[1]
scw/1894/189400280010.001/swg.fits[1]
scw/1895/189500240010.001/swg.fits[1]
scw/1895/189500310010.001/swg.fits[1]
scw/1895/189500320010.001/swg.fits[1]
scw/1896/189600270010.001/swg.fits[1]
scw/1896/189600280010.001/swg.fits[1]
scw/1896/189600330010.001/swg.fits[1]
scw/1896/189600340010.001/swg.fits[1]
scw/1896/189600350010.001/swg.fits[1]
scw/1897/189700310010.001/swg.fits[1]
scw/1898/189800400010.001/swg.fits[1]
scw/1898/189800410010.001/swg.fits[1]
scw/1899/189900340010.001/swg.fits[1]
scw/1899/189900350010.001/swg.fits[1]
scw/1899/189900420010.001/swg.fits[1]
scw/1900/190000360010.001/swg.fits[1]
scw/1900/190000450010.001/swg.fits[1]
scw/1900/190000460010.001/swg.fits[1]
scw/1964/196400050010.001/swg.fits[1]
scw/1964/196400060010.001/swg.fits[1]
scw/1965/196500200010.001/swg.fits[1]
scw/1965/196500210010.001/swg.fits[1]
scw/1967/196700120010.001/swg.fits[1]
scw/1967/196700210010.001/swg.fits[1]
scw/1967/196700220010.001/swg.fits[1]
scw/1981/198100060010.001/swg.fits[1]
scw/1981/198100080010.001/swg.fits[1]
scw/1981/198100150010.001/swg.fits[1]
scw/1981/198100160010.001/swg.fits[1]
scw/1982/198200090010.001/swg.fits[1]
scw/1982/198200160010.001/swg.fits[1]
scw/1982/198200170010.001/swg.fits[1]
scw/1983/198300090010.001/swg.fits[1]
scw/1983/198300160010.001/swg.fits[1]
scw/1983/198300170010.001/swg.fits[1]
scw/2030/203000360010.001/swg.fits[1]
scw/2030/203000370010.001/swg.fits[1]
scw/2031/203100080010.001/swg.fits[1]
scw/2031/203100090010.001/swg.fits[1]
