scw/0732/073200660010.001/swg.fits[1]
scw/0732/073200670010.001/swg.fits[1]
scw/0733/073300180010.001/swg.fits[1]
scw/0733/073300190010.001/swg.fits[1]
scw/0733/073300200010.001/swg.fits[1]
scw/2016/201600610010.001/swg.fits[1]
scw/2017/201700110010.001/swg.fits[1]
scw/2017/201700750010.001/swg.fits[1]
scw/2018/201800530010.001/swg.fits[1]
scw/2019/201900530010.001/swg.fits[1]
scw/2020/202000630010.001/swg.fits[1]
scw/2021/202100430010.001/swg.fits[1]
scw/2022/202200110010.001/swg.fits[1]
scw/2084/208400640010.001/swg.fits[1]
scw/2085/208500780010.001/swg.fits[1]
scw/2086/208600560010.001/swg.fits[1]
scw/2087/208700770010.001/swg.fits[1]
scw/2088/208800560010.001/swg.fits[1]
scw/2088/208800720010.001/swg.fits[1]
scw/2089/208900620010.001/swg.fits[1]
scw/2090/209000680010.001/swg.fits[1]
scw/2091/209100520010.001/swg.fits[1]
scw/2091/209100590010.001/swg.fits[1]
scw/2091/209100680010.001/swg.fits[1]
scw/2091/209100850010.001/swg.fits[1]
scw/2092/209200040010.001/swg.fits[1]
scw/2301/230100020010.001/swg.fits[1]
scw/2301/230100280010.001/swg.fits[1]
scw/2301/230100640010.001/swg.fits[1]
scw/2301/230100730010.001/swg.fits[1]
