scw/1838/183800130010.001/swg.fits[1]
scw/1838/183800140010.001/swg.fits[1]
scw/1839/183900040010.001/swg.fits[1]
scw/1839/183900130010.001/swg.fits[1]
scw/1839/183900140010.001/swg.fits[1]
scw/1841/184100360010.001/swg.fits[1]
scw/1841/184100440010.001/swg.fits[1]
scw/1841/184100450010.001/swg.fits[1]
scw/1846/184600420010.001/swg.fits[1]
scw/1846/184600430010.001/swg.fits[1]
scw/1902/190200130010.001/swg.fits[1]
scw/1902/190200180010.001/swg.fits[1]
scw/1903/190300130010.001/swg.fits[1]
scw/1903/190300180010.001/swg.fits[1]
scw/1903/190300200010.001/swg.fits[1]
scw/1903/190300250010.001/swg.fits[1]
scw/1904/190400340010.001/swg.fits[1]
scw/1904/190400390010.001/swg.fits[1]
scw/1904/190400430010.001/swg.fits[1]
scw/1904/190400480010.001/swg.fits[1]
scw/1905/190500340010.001/swg.fits[1]
scw/1905/190500390010.001/swg.fits[1]
scw/1905/190500430010.001/swg.fits[1]
scw/1905/190500480010.001/swg.fits[1]
scw/1906/190600180010.001/swg.fits[1]
scw/1906/190600230010.001/swg.fits[1]
scw/1906/190600250010.001/swg.fits[1]
scw/1906/190600300010.001/swg.fits[1]
scw/1907/190700030010.001/swg.fits[1]
scw/1907/190700080010.001/swg.fits[1]
scw/1907/190700100010.001/swg.fits[1]
scw/1907/190700150010.001/swg.fits[1]
scw/1913/191300340010.001/swg.fits[1]
scw/1913/191300380010.001/swg.fits[1]
scw/1913/191300390010.001/swg.fits[1]
scw/1913/191300430010.001/swg.fits[1]
scw/1913/191300480010.001/swg.fits[1]
scw/1914/191400660010.001/swg.fits[1]
scw/1914/191400670010.001/swg.fits[1]
scw/1914/191400710010.001/swg.fits[1]
scw/1914/191400720010.001/swg.fits[1]
scw/1915/191500340010.001/swg.fits[1]
scw/1915/191500380010.001/swg.fits[1]
scw/1915/191500390010.001/swg.fits[1]
scw/1915/191500480010.001/swg.fits[1]
scw/1916/191600180010.001/swg.fits[1]
scw/1916/191600220010.001/swg.fits[1]
scw/1916/191600230010.001/swg.fits[1]
scw/1916/191600320010.001/swg.fits[1]
scw/1979/197900380010.001/swg.fits[1]
scw/1979/197900460010.001/swg.fits[1]
scw/1979/197900470010.001/swg.fits[1]
scw/1980/198000520010.001/swg.fits[1]
scw/1980/198000590010.001/swg.fits[1]
scw/1984/198400690010.001/swg.fits[1]
scw/1984/198400750010.001/swg.fits[1]
scw/1984/198400760010.001/swg.fits[1]
scw/2048/204800380010.001/swg.fits[1]
scw/2048/204800420010.001/swg.fits[1]
scw/2048/204800430010.001/swg.fits[1]
scw/2048/204800470010.001/swg.fits[1]
scw/2048/204800520010.001/swg.fits[1]
scw/2049/204900340010.001/swg.fits[1]
scw/2049/204900380010.001/swg.fits[1]
scw/2049/204900390010.001/swg.fits[1]
scw/2049/204900430010.001/swg.fits[1]
scw/2049/204900480010.001/swg.fits[1]
scw/2050/205000340010.001/swg.fits[1]
scw/2050/205000380010.001/swg.fits[1]
scw/2050/205000390010.001/swg.fits[1]
scw/2050/205000430010.001/swg.fits[1]
scw/2050/205000480010.001/swg.fits[1]
scw/2051/205100030010.001/swg.fits[1]
scw/2051/205100100010.001/swg.fits[1]
scw/2051/205100170010.001/swg.fits[1]
scw/2051/205100450010.001/swg.fits[1]
scw/2051/205100520010.001/swg.fits[1]
scw/2052/205200170010.001/swg.fits[1]
scw/2052/205200180010.001/swg.fits[1]
scw/2052/205200190010.001/swg.fits[1]
scw/2052/205200250010.001/swg.fits[1]
scw/2052/205200260010.001/swg.fits[1]
scw/2052/205200270010.001/swg.fits[1]
scw/2052/205200280010.001/swg.fits[1]
scw/2052/205200350010.001/swg.fits[1]
scw/2052/205200360010.001/swg.fits[1]
scw/2053/205300160010.001/swg.fits[1]
scw/2053/205300170010.001/swg.fits[1]
scw/2053/205300180010.001/swg.fits[1]
scw/2053/205300190010.001/swg.fits[1]
scw/2053/205300200010.001/swg.fits[1]
scw/2053/205300260010.001/swg.fits[1]
scw/2053/205300270010.001/swg.fits[1]
scw/2053/205300280010.001/swg.fits[1]
scw/2053/205300290010.001/swg.fits[1]
scw/2053/205300360010.001/swg.fits[1]
scw/2053/205300370010.001/swg.fits[1]
scw/2053/205300380010.001/swg.fits[1]
scw/2054/205400160010.001/swg.fits[1]
scw/2054/205400170010.001/swg.fits[1]
scw/2054/205400240010.001/swg.fits[1]
scw/2054/205400250010.001/swg.fits[1]
scw/2054/205400260010.001/swg.fits[1]
scw/2054/205400270010.001/swg.fits[1]
scw/2054/205400340010.001/swg.fits[1]
scw/2054/205400350010.001/swg.fits[1]
scw/2054/205400360010.001/swg.fits[1]
scw/2055/205500130010.001/swg.fits[1]
scw/2055/205500150010.001/swg.fits[1]
scw/2055/205500160010.001/swg.fits[1]
scw/2055/205500170010.001/swg.fits[1]
scw/2055/205500230010.001/swg.fits[1]
scw/2055/205500240010.001/swg.fits[1]
scw/2055/205500250010.001/swg.fits[1]
scw/2055/205500260010.001/swg.fits[1]
scw/2055/205500330010.001/swg.fits[1]
scw/2055/205500340010.001/swg.fits[1]
scw/2061/206100100010.001/swg.fits[1]
scw/2061/206100150010.001/swg.fits[1]
scw/2061/206100450010.001/swg.fits[1]
scw/2061/206100500010.001/swg.fits[1]
scw/2192/219200880010.001/swg.fits[1]
scw/2193/219300070010.001/swg.fits[1]
scw/2193/219300080010.001/swg.fits[1]
scw/2250/225000040010.001/swg.fits[1]
scw/2254/225400330010.001/swg.fits[1]
scw/2310/231000890010.001/swg.fits[1]
scw/2310/231000900010.001/swg.fits[1]
scw/2310/231000910010.001/swg.fits[1]
scw/2310/231000920010.001/swg.fits[1]
scw/2310/231000990010.001/swg.fits[1]
scw/2310/231001000010.001/swg.fits[1]
scw/2311/231100750010.001/swg.fits[1]
scw/2311/231100760010.001/swg.fits[1]
scw/2311/231100770010.001/swg.fits[1]
scw/2311/231100820010.001/swg.fits[1]
scw/2311/231100830010.001/swg.fits[1]
scw/2312/231200950010.001/swg.fits[1]
scw/2312/231200960010.001/swg.fits[1]
scw/2312/231201020010.001/swg.fits[1]
scw/2312/231201030010.001/swg.fits[1]
scw/2312/231201040010.001/swg.fits[1]
scw/2312/231201050010.001/swg.fits[1]
scw/2314/231400180010.001/swg.fits[1]
scw/2314/231400190010.001/swg.fits[1]
scw/2314/231400200010.001/swg.fits[1]
scw/2314/231400210010.001/swg.fits[1]
scw/2314/231400220010.001/swg.fits[1]
scw/2314/231400230010.001/swg.fits[1]
scw/2316/231600870010.001/swg.fits[1]
scw/2316/231600880010.001/swg.fits[1]
scw/2316/231600890010.001/swg.fits[1]
scw/2316/231600940010.001/swg.fits[1]
scw/2316/231600950010.001/swg.fits[1]
scw/2316/231600960010.001/swg.fits[1]
scw/2317/231700690010.001/swg.fits[1]
scw/2317/231700700010.001/swg.fits[1]
scw/2317/231700710010.001/swg.fits[1]
scw/2317/231700770010.001/swg.fits[1]
scw/2317/231700780010.001/swg.fits[1]
scw/2318/231800970010.001/swg.fits[1]
scw/2318/231800980010.001/swg.fits[1]
scw/2318/231800990010.001/swg.fits[1]
scw/2318/231801000010.001/swg.fits[1]
scw/2319/231900170010.001/swg.fits[1]
scw/2319/231900250010.001/swg.fits[1]
scw/2319/231900260010.001/swg.fits[1]
scw/2319/231900300010.001/swg.fits[1]
scw/2319/231900310010.001/swg.fits[1]
scw/2382/238200060010.001/swg.fits[1]
scw/2382/238200070010.001/swg.fits[1]
scw/2382/238200080010.001/swg.fits[1]
scw/2382/238200130010.001/swg.fits[1]
scw/2382/238200140010.001/swg.fits[1]
scw/2382/238200240010.001/swg.fits[1]
scw/2382/238200250010.001/swg.fits[1]
scw/2386/238600550010.001/swg.fits[1]
scw/2386/238600560010.001/swg.fits[1]
scw/2386/238600600010.001/swg.fits[1]
scw/2386/238600610010.001/swg.fits[1]
scw/2386/238600680010.001/swg.fits[1]
scw/2386/238600690010.001/swg.fits[1]
scw/2391/239100500010.001/swg.fits[1]
scw/2391/239100510010.001/swg.fits[1]
scw/2391/239100520010.001/swg.fits[1]
scw/2448/244800550010.001/swg.fits[1]
scw/2448/244800560010.001/swg.fits[1]
scw/2448/244800570010.001/swg.fits[1]
scw/2448/244800580010.001/swg.fits[1]
scw/2448/244800650010.001/swg.fits[1]
scw/2448/244800660010.001/swg.fits[1]
scw/2452/245200580010.001/swg.fits[1]
scw/2452/245200590010.001/swg.fits[1]
scw/2452/245200600010.001/swg.fits[1]
scw/2452/245200650010.001/swg.fits[1]
scw/2452/245200660010.001/swg.fits[1]
scw/2452/245200670010.001/swg.fits[1]
