scw/0031/003100080010.001/swg.fits[1]
scw/0031/003100140010.001/swg.fits[1]
scw/0031/003100150010.001/swg.fits[1]
scw/0031/003100160010.001/swg.fits[1]
scw/0031/003100170010.001/swg.fits[1]
scw/0031/003100530010.001/swg.fits[1]
scw/0031/003100540010.001/swg.fits[1]
scw/0031/003100550010.001/swg.fits[1]
scw/0031/003100560010.001/swg.fits[1]
scw/0031/003100620010.001/swg.fits[1]
scw/0031/003100630010.001/swg.fits[1]
scw/0031/003100640010.001/swg.fits[1]
scw/0031/003100650010.001/swg.fits[1]
scw/0074/007400030010.001/swg.fits[1]
scw/0092/009200070010.001/swg.fits[1]
scw/0142/014200350010.001/swg.fits[1]
scw/0142/014200360010.001/swg.fits[1]
scw/0142/014200370010.001/swg.fits[1]
scw/0142/014200380010.001/swg.fits[1]
scw/0142/014200440010.001/swg.fits[1]
scw/0142/014200450010.001/swg.fits[1]
scw/0142/014200460010.001/swg.fits[1]
scw/0142/014200470010.001/swg.fits[1]
scw/0142/014200830010.001/swg.fits[1]
scw/0142/014200840010.001/swg.fits[1]
scw/0142/014200850010.001/swg.fits[1]
scw/0142/014200860010.001/swg.fits[1]
scw/0142/014200920010.001/swg.fits[1]
scw/0142/014200930010.001/swg.fits[1]
scw/0142/014200940010.001/swg.fits[1]
scw/0142/014200950010.001/swg.fits[1]
scw/0143/014300350010.001/swg.fits[1]
scw/0143/014300360010.001/swg.fits[1]
scw/0143/014300370010.001/swg.fits[1]
scw/0143/014300380010.001/swg.fits[1]
scw/0143/014300440010.001/swg.fits[1]
scw/0143/014300450010.001/swg.fits[1]
scw/0143/014300460010.001/swg.fits[1]
scw/0143/014300470010.001/swg.fits[1]
scw/0143/014300830010.001/swg.fits[1]
scw/0143/014300840010.001/swg.fits[1]
scw/0143/014300850010.001/swg.fits[1]
scw/0143/014300860010.001/swg.fits[1]
scw/0143/014300920010.001/swg.fits[1]
scw/0143/014300930010.001/swg.fits[1]
scw/0144/014400050010.001/swg.fits[1]
scw/0144/014400060010.001/swg.fits[1]
scw/0144/014400070010.001/swg.fits[1]
scw/0144/014400080010.001/swg.fits[1]
scw/0144/014400440010.001/swg.fits[1]
scw/0144/014400450010.001/swg.fits[1]
scw/0144/014400460010.001/swg.fits[1]
scw/0144/014400470010.001/swg.fits[1]
scw/0144/014400530010.001/swg.fits[1]
scw/0144/014400540010.001/swg.fits[1]
scw/0144/014400550010.001/swg.fits[1]
scw/0144/014400560010.001/swg.fits[1]
scw/0145/014500120010.001/swg.fits[1]
scw/0145/014500210010.001/swg.fits[1]
scw/0145/014500220010.001/swg.fits[1]
scw/0145/014500230010.001/swg.fits[1]
scw/0145/014500240010.001/swg.fits[1]
scw/0145/014500300010.001/swg.fits[1]
scw/0145/014500310010.001/swg.fits[1]
scw/0145/014500320010.001/swg.fits[1]
scw/0145/014500330010.001/swg.fits[1]
scw/0145/014500690010.001/swg.fits[1]
scw/0145/014500700010.001/swg.fits[1]
scw/0145/014500710010.001/swg.fits[1]
scw/0145/014500720010.001/swg.fits[1]
scw/0145/014500780010.001/swg.fits[1]
scw/0145/014500790010.001/swg.fits[1]
scw/0145/014500800010.001/swg.fits[1]
scw/0145/014500810010.001/swg.fits[1]
scw/0146/014600420010.001/swg.fits[1]
scw/0146/014600430010.001/swg.fits[1]
scw/0146/014600440010.001/swg.fits[1]
scw/0146/014600450010.001/swg.fits[1]
scw/0146/014600510010.001/swg.fits[1]
scw/0146/014600520010.001/swg.fits[1]
scw/0146/014600530010.001/swg.fits[1]
scw/0146/014600540010.001/swg.fits[1]
scw/0146/014600900010.001/swg.fits[1]
scw/0147/014700050010.001/swg.fits[1]
scw/0147/014700060010.001/swg.fits[1]
scw/0147/014700070010.001/swg.fits[1]
scw/0147/014700080010.001/swg.fits[1]
scw/0147/014700440010.001/swg.fits[1]
scw/0147/014700450010.001/swg.fits[1]
scw/0147/014700460010.001/swg.fits[1]
scw/0147/014700470010.001/swg.fits[1]
scw/0147/014700530010.001/swg.fits[1]
scw/0147/014700540010.001/swg.fits[1]
scw/0147/014700550010.001/swg.fits[1]
scw/0147/014700560010.001/swg.fits[1]
scw/0147/014700920010.001/swg.fits[1]
scw/0147/014700930010.001/swg.fits[1]
scw/0148/014800010010.001/swg.fits[1]
scw/0148/014800070010.001/swg.fits[1]
scw/0148/014800080010.001/swg.fits[1]
scw/0148/014800090010.001/swg.fits[1]
scw/0148/014800100010.001/swg.fits[1]
scw/0148/014800460010.001/swg.fits[1]
scw/0148/014800470010.001/swg.fits[1]
scw/0148/014800480010.001/swg.fits[1]
scw/0148/014800490010.001/swg.fits[1]
scw/0148/014800550010.001/swg.fits[1]
scw/0148/014800560010.001/swg.fits[1]
scw/0148/014800570010.001/swg.fits[1]
scw/0148/014800580010.001/swg.fits[1]
scw/0148/014800830010.001/swg.fits[1]
scw/0161/016100220010.001/swg.fits[1]
scw/0161/016100430010.001/swg.fits[1]
scw/0161/016100440010.001/swg.fits[1]
scw/0161/016100450010.001/swg.fits[1]
scw/0161/016100460010.001/swg.fits[1]
scw/0161/016100520010.001/swg.fits[1]
scw/0161/016100530010.001/swg.fits[1]
scw/0161/016100540010.001/swg.fits[1]
scw/0161/016100550010.001/swg.fits[1]
scw/0162/016200140010.001/swg.fits[1]
scw/0162/016200430010.001/swg.fits[1]
scw/0162/016200440010.001/swg.fits[1]
scw/0162/016200450010.001/swg.fits[1]
scw/0162/016200460010.001/swg.fits[1]
scw/0162/016200520010.001/swg.fits[1]
scw/0162/016200530010.001/swg.fits[1]
scw/0162/016200540010.001/swg.fits[1]
scw/0162/016200550010.001/swg.fits[1]
scw/0181/018100150010.001/swg.fits[1]
scw/0189/018900050010.001/swg.fits[1]
scw/0202/020200140010.001/swg.fits[1]
scw/0229/022900390010.001/swg.fits[1]
scw/0234/023400090010.001/swg.fits[1]
scw/0249/024900040010.001/swg.fits[1]
scw/0259/025900050010.001/swg.fits[1]
scw/0262/026200280010.001/swg.fits[1]
scw/0262/026200290010.001/swg.fits[1]
scw/0262/026200300010.001/swg.fits[1]
scw/0262/026200310010.001/swg.fits[1]
scw/0262/026200380010.001/swg.fits[1]
scw/0262/026200390010.001/swg.fits[1]
scw/0262/026200410010.001/swg.fits[1]
scw/0262/026200730010.001/swg.fits[1]
scw/0262/026200740010.001/swg.fits[1]
scw/0263/026300030010.001/swg.fits[1]
scw/0263/026300650010.001/swg.fits[1]
scw/0263/026300660010.001/swg.fits[1]
scw/0264/026400530010.001/swg.fits[1]
scw/0264/026400540010.001/swg.fits[1]
scw/0264/026400550010.001/swg.fits[1]
scw/0264/026400560010.001/swg.fits[1]
scw/0264/026400630010.001/swg.fits[1]
scw/0264/026400640010.001/swg.fits[1]
scw/0264/026400650010.001/swg.fits[1]
scw/0264/026400660010.001/swg.fits[1]
scw/0264/026401030010.001/swg.fits[1]
scw/0265/026500210010.001/swg.fits[1]
scw/0265/026500220010.001/swg.fits[1]
scw/0265/026500230010.001/swg.fits[1]
scw/0265/026500240010.001/swg.fits[1]
scw/0265/026500540010.001/swg.fits[1]
scw/0265/026500610010.001/swg.fits[1]
scw/0265/026500620010.001/swg.fits[1]
scw/0265/026500630010.001/swg.fits[1]
scw/0265/026500640010.001/swg.fits[1]
scw/0265/026500710010.001/swg.fits[1]
scw/0265/026500720010.001/swg.fits[1]
scw/0265/026500730010.001/swg.fits[1]
scw/0265/026500740010.001/swg.fits[1]
scw/0266/026600030010.001/swg.fits[1]
scw/0266/026600170010.001/swg.fits[1]
scw/0266/026600180010.001/swg.fits[1]
scw/0266/026600190010.001/swg.fits[1]
scw/0266/026600200010.001/swg.fits[1]
scw/0266/026600270010.001/swg.fits[1]
scw/0266/026600280010.001/swg.fits[1]
scw/0266/026600290010.001/swg.fits[1]
scw/0266/026600300010.001/swg.fits[1]
scw/0266/026600670010.001/swg.fits[1]
scw/0266/026600680010.001/swg.fits[1]
scw/0266/026600690010.001/swg.fits[1]
scw/0266/026600700010.001/swg.fits[1]
scw/0266/026600760010.001/swg.fits[1]
scw/0266/026600770010.001/swg.fits[1]
scw/0266/026600780010.001/swg.fits[1]
scw/0266/026600790010.001/swg.fits[1]
scw/0266/026600800010.001/swg.fits[1]
scw/0268/026800990010.001/swg.fits[1]
scw/0268/026801000010.001/swg.fits[1]
scw/0268/026801010010.001/swg.fits[1]
scw/0268/026801020010.001/swg.fits[1]
scw/0269/026900400010.001/swg.fits[1]
scw/0269/026900410010.001/swg.fits[1]
scw/0269/026900420010.001/swg.fits[1]
scw/0269/026900430010.001/swg.fits[1]
scw/0269/026900500010.001/swg.fits[1]
scw/0269/026900510010.001/swg.fits[1]
scw/0269/026900520010.001/swg.fits[1]
scw/0269/026900530010.001/swg.fits[1]
scw/0269/026900900010.001/swg.fits[1]
scw/0269/026900910010.001/swg.fits[1]
scw/0269/026900920010.001/swg.fits[1]
scw/0269/026900930010.001/swg.fits[1]
scw/0269/026900940010.001/swg.fits[1]
scw/0269/026901000010.001/swg.fits[1]
scw/0269/026901010010.001/swg.fits[1]
scw/0269/026901020010.001/swg.fits[1]
scw/0269/026901030010.001/swg.fits[1]
scw/0286/028600290010.001/swg.fits[1]
scw/0292/029200190010.001/swg.fits[1]
scw/0301/030100240010.001/swg.fits[1]
scw/0352/035200630010.001/swg.fits[1]
scw/0352/035200640010.001/swg.fits[1]
scw/0352/035200650010.001/swg.fits[1]
scw/0384/038400450010.001/swg.fits[1]
scw/0384/038400460010.001/swg.fits[1]
scw/0384/038400530010.001/swg.fits[1]
scw/0384/038400540010.001/swg.fits[1]
scw/0384/038400550010.001/swg.fits[1]
scw/0384/038400560010.001/swg.fits[1]
scw/0384/038400630010.001/swg.fits[1]
scw/0384/038400640010.001/swg.fits[1]
scw/0384/038400950010.001/swg.fits[1]
scw/0384/038400960010.001/swg.fits[1]
scw/0384/038401030010.001/swg.fits[1]
scw/0384/038401040010.001/swg.fits[1]
scw/0384/038401050010.001/swg.fits[1]
scw/0384/038401060010.001/swg.fits[1]
scw/0384/038401130010.001/swg.fits[1]
