scw/0054/005400150010.001/swg.fits[1]
scw/0056/005600980010.001/swg.fits[1]
scw/0056/005600990010.001/swg.fits[1]
scw/0059/005900160010.001/swg.fits[1]
scw/0059/005900260010.001/swg.fits[1]
scw/0059/005900270010.001/swg.fits[1]
scw/0059/005900280010.001/swg.fits[1]
scw/0059/005900330010.001/swg.fits[1]
scw/0059/005900340010.001/swg.fits[1]
scw/0063/006300310010.001/swg.fits[1]
scw/0063/006300320010.001/swg.fits[1]
scw/0063/006300370010.001/swg.fits[1]
scw/0063/006300380010.001/swg.fits[1]
scw/0063/006300390010.001/swg.fits[1]
scw/0063/006300480010.001/swg.fits[1]
scw/0063/006300490010.001/swg.fits[1]
scw/0064/006400070010.001/swg.fits[1]
scw/0064/006400080010.001/swg.fits[1]
scw/0109/010900090010.001/swg.fits[1]
scw/0109/010900100010.001/swg.fits[1]
scw/0109/010900110010.001/swg.fits[1]
scw/0109/010900120010.001/swg.fits[1]
scw/0109/010900130010.001/swg.fits[1]
scw/0109/010900400010.001/swg.fits[1]
scw/0109/010900410010.001/swg.fits[1]
scw/0109/010900420010.001/swg.fits[1]
scw/0109/010900570010.001/swg.fits[1]
scw/0109/010900580010.001/swg.fits[1]
scw/0109/010900590010.001/swg.fits[1]
scw/0109/010900600010.001/swg.fits[1]
scw/0109/010900610010.001/swg.fits[1]
scw/0116/011600980010.001/swg.fits[1]
scw/0116/011600990010.001/swg.fits[1]
scw/0120/012001120010.001/swg.fits[1]
scw/0120/012001130010.001/swg.fits[1]
scw/0121/012100290010.001/swg.fits[1]
scw/0121/012100300010.001/swg.fits[1]
scw/0121/012100430010.001/swg.fits[1]
scw/0121/012100440010.001/swg.fits[1]
scw/0122/012200090010.001/swg.fits[1]
scw/0122/012200100010.001/swg.fits[1]
scw/0122/012200190010.001/swg.fits[1]
scw/0122/012200200010.001/swg.fits[1]
scw/0122/012200250010.001/swg.fits[1]
scw/0122/012200260010.001/swg.fits[1]
scw/0122/012200360010.001/swg.fits[1]
scw/0122/012200370010.001/swg.fits[1]
scw/0122/012200420010.001/swg.fits[1]
scw/0122/012200430010.001/swg.fits[1]
scw/0164/016400600010.001/swg.fits[1]
scw/0164/016400610010.001/swg.fits[1]
scw/0164/016400880010.001/swg.fits[1]
scw/0164/016400890010.001/swg.fits[1]
scw/0165/016500190010.001/swg.fits[1]
scw/0165/016500200010.001/swg.fits[1]
scw/0165/016500470010.001/swg.fits[1]
scw/0165/016500480010.001/swg.fits[1]
scw/0171/017101020010.001/swg.fits[1]
scw/0171/017101030010.001/swg.fits[1]
scw/0171/017101040010.001/swg.fits[1]
scw/0171/017101050010.001/swg.fits[1]
scw/0172/017200620010.001/swg.fits[1]
scw/0172/017200920010.001/swg.fits[1]
scw/0175/017500200010.001/swg.fits[1]
scw/0175/017500210010.001/swg.fits[1]
scw/0175/017500220010.001/swg.fits[1]
scw/0175/017500230010.001/swg.fits[1]
scw/0179/017900300010.001/swg.fits[1]
scw/0183/018300180010.001/swg.fits[1]
scw/0225/022500260010.001/swg.fits[1]
scw/0225/022500270010.001/swg.fits[1]
scw/0225/022500280010.001/swg.fits[1]
scw/0225/022500330010.001/swg.fits[1]
scw/0225/022500340010.001/swg.fits[1]
scw/0225/022500350010.001/swg.fits[1]
scw/0225/022500400010.001/swg.fits[1]
scw/0225/022500410010.001/swg.fits[1]
scw/0225/022500420010.001/swg.fits[1]
scw/0225/022500470010.001/swg.fits[1]
scw/0225/022500480010.001/swg.fits[1]
scw/0225/022500490010.001/swg.fits[1]
scw/0225/022500540010.001/swg.fits[1]
scw/0225/022500550010.001/swg.fits[1]
scw/0225/022500560010.001/swg.fits[1]
scw/0225/022500610010.001/swg.fits[1]
scw/0225/022500620010.001/swg.fits[1]
scw/0225/022500630010.001/swg.fits[1]
scw/0233/023300180010.001/swg.fits[1]
scw/0242/024201010010.001/swg.fits[1]
scw/0242/024201020010.001/swg.fits[1]
scw/0242/024201030010.001/swg.fits[1]
scw/0242/024201040010.001/swg.fits[1]
scw/0243/024300190010.001/swg.fits[1]
scw/0243/024300200010.001/swg.fits[1]
scw/0243/024300210010.001/swg.fits[1]
scw/0243/024300220010.001/swg.fits[1]
scw/0348/034800310010.001/swg.fits[1]
scw/0348/034800320010.001/swg.fits[1]
scw/0351/035100070010.001/swg.fits[1]
scw/0354/035400100010.001/swg.fits[1]
scw/0354/035400110010.001/swg.fits[1]
scw/0354/035400120010.001/swg.fits[1]
scw/0354/035400130010.001/swg.fits[1]
scw/0362/036200290010.001/swg.fits[1]
scw/0362/036200350010.001/swg.fits[1]
scw/0362/036200360010.001/swg.fits[1]
scw/0362/036200370010.001/swg.fits[1]
scw/0362/036200380010.001/swg.fits[1]
scw/0362/036200390010.001/swg.fits[1]
scw/0363/036300100010.001/swg.fits[1]
scw/0363/036300110010.001/swg.fits[1]
scw/0363/036300120010.001/swg.fits[1]
scw/0363/036300200010.001/swg.fits[1]
scw/0363/036300350010.001/swg.fits[1]
scw/0363/036300360010.001/swg.fits[1]
scw/0363/036300370010.001/swg.fits[1]
scw/0363/036300380010.001/swg.fits[1]
scw/0363/036300530010.001/swg.fits[1]
scw/0363/036300610010.001/swg.fits[1]
scw/0363/036300620010.001/swg.fits[1]
scw/0363/036300630010.001/swg.fits[1]
scw/0369/036900200010.001/swg.fits[1]
scw/0369/036900210010.001/swg.fits[1]
scw/0370/037000070010.001/swg.fits[1]
scw/0370/037000080010.001/swg.fits[1]
scw/0370/037000090010.001/swg.fits[1]
scw/0370/037000170010.001/swg.fits[1]
scw/0370/037000560010.001/swg.fits[1]
scw/0370/037000570010.001/swg.fits[1]
scw/0407/040700100010.001/swg.fits[1]
scw/0411/041100380010.001/swg.fits[1]
scw/0411/041100390010.001/swg.fits[1]
scw/0411/041100400010.001/swg.fits[1]
scw/0411/041100410010.001/swg.fits[1]
scw/0411/041100490010.001/swg.fits[1]
scw/0412/041200370010.001/swg.fits[1]
scw/0412/041200380010.001/swg.fits[1]
scw/0412/041200390010.001/swg.fits[1]
scw/0412/041200400010.001/swg.fits[1]
scw/0412/041200480010.001/swg.fits[1]
scw/0413/041300140010.001/swg.fits[1]
scw/0413/041300150010.001/swg.fits[1]
scw/0413/041300220010.001/swg.fits[1]
scw/0413/041300230010.001/swg.fits[1]
scw/0413/041300640010.001/swg.fits[1]
scw/0413/041300650010.001/swg.fits[1]
scw/0413/041300660010.001/swg.fits[1]
scw/0413/041300740010.001/swg.fits[1]
scw/0419/041900590010.001/swg.fits[1]
scw/0427/042700570010.001/swg.fits[1]
scw/0478/047800220010.001/swg.fits[1]
scw/0478/047800300010.001/swg.fits[1]
scw/0478/047800310010.001/swg.fits[1]
scw/0478/047800320010.001/swg.fits[1]
scw/0478/047800800010.001/swg.fits[1]
scw/0479/047900090010.001/swg.fits[1]
scw/0479/047900100010.001/swg.fits[1]
scw/0479/047900110010.001/swg.fits[1]
scw/0479/047900170010.001/swg.fits[1]
scw/0479/047900180010.001/swg.fits[1]
scw/0479/047900630010.001/swg.fits[1]
scw/0479/047900640010.001/swg.fits[1]
scw/0479/047900650010.001/swg.fits[1]
scw/0479/047900660010.001/swg.fits[1]
scw/0480/048000440010.001/swg.fits[1]
scw/0480/048000450010.001/swg.fits[1]
scw/0480/048000460010.001/swg.fits[1]
scw/0480/048000470010.001/swg.fits[1]
scw/0481/048100190010.001/swg.fits[1]
scw/0481/048100270010.001/swg.fits[1]
scw/0481/048100280010.001/swg.fits[1]
scw/0481/048100290010.001/swg.fits[1]
scw/0481/048100740010.001/swg.fits[1]
scw/0481/048100750010.001/swg.fits[1]
scw/0481/048100760010.001/swg.fits[1]
scw/0481/048100770010.001/swg.fits[1]
scw/0484/048400270010.001/swg.fits[1]
scw/0484/048400720010.001/swg.fits[1]
scw/0484/048400730010.001/swg.fits[1]
scw/0484/048400740010.001/swg.fits[1]
scw/0484/048400750010.001/swg.fits[1]
scw/0485/048500480010.001/swg.fits[1]
scw/0485/048500490010.001/swg.fits[1]
scw/0485/048500500010.001/swg.fits[1]
scw/0485/048500570010.001/swg.fits[1]
scw/0485/048500580010.001/swg.fits[1]
scw/0534/053400230010.001/swg.fits[1]
scw/0534/053400240010.001/swg.fits[1]
scw/0534/053400250010.001/swg.fits[1]
scw/0534/053400330010.001/swg.fits[1]
scw/0534/053400440010.001/swg.fits[1]
scw/0534/053400520010.001/swg.fits[1]
scw/0534/053400530010.001/swg.fits[1]
scw/0534/053400540010.001/swg.fits[1]
scw/0535/053500520010.001/swg.fits[1]
scw/0535/053500530010.001/swg.fits[1]
scw/0535/053500540010.001/swg.fits[1]
scw/0535/053500610010.001/swg.fits[1]
scw/0535/053500620010.001/swg.fits[1]
scw/0536/053600820010.001/swg.fits[1]
scw/0537/053700230010.001/swg.fits[1]
scw/0537/053700240010.001/swg.fits[1]
scw/0539/053900360010.001/swg.fits[1]
scw/0539/053900370010.001/swg.fits[1]
scw/0539/053900380010.001/swg.fits[1]
scw/0539/053900460010.001/swg.fits[1]
scw/0540/054000700010.001/swg.fits[1]
scw/0540/054000780010.001/swg.fits[1]
scw/0542/054200180010.001/swg.fits[1]
scw/0542/054200190010.001/swg.fits[1]
scw/0542/054200650010.001/swg.fits[1]
scw/0542/054200660010.001/swg.fits[1]
scw/0542/054200670010.001/swg.fits[1]
scw/0542/054200750010.001/swg.fits[1]
scw/0547/054700030010.001/swg.fits[1]
scw/0547/054700040010.001/swg.fits[1]
