scw/0320/032000170010.001/swg.fits[1]
scw/0321/032100400010.001/swg.fits[1]
scw/0321/032100410010.001/swg.fits[1]
scw/0334/033400850010.001/swg.fits[1]
scw/0444/044400620010.001/swg.fits[1]
scw/1492/149200010010.001/swg.fits[1]
scw/1492/149200500010.001/swg.fits[1]
scw/1493/149300410010.001/swg.fits[1]
scw/1493/149300420010.001/swg.fits[1]
scw/1494/149400300010.001/swg.fits[1]
scw/1495/149500230010.001/swg.fits[1]
scw/1495/149500240010.001/swg.fits[1]
scw/1496/149600210010.001/swg.fits[1]
scw/1496/149600230010.001/swg.fits[1]
scw/1497/149700530010.001/swg.fits[1]
scw/1498/149800500010.001/swg.fits[1]
scw/1566/156600320010.001/swg.fits[1]
scw/1617/161700050010.001/swg.fits[1]
scw/1754/175400430010.001/swg.fits[1]
scw/1755/175500400010.001/swg.fits[1]
scw/1755/175500410010.001/swg.fits[1]
scw/1756/175600390010.001/swg.fits[1]
scw/1757/175700380010.001/swg.fits[1]
scw/1757/175700390010.001/swg.fits[1]
scw/1758/175800360010.001/swg.fits[1]
scw/1758/175800390010.001/swg.fits[1]
scw/1759/175900380010.001/swg.fits[1]
scw/1761/176100500010.001/swg.fits[1]
scw/1766/176600380010.001/swg.fits[1]
scw/1766/176600390010.001/swg.fits[1]
