scw/0738/073800950010.001/swg.fits[1]
scw/0738/073800960010.001/swg.fits[1]
scw/0789/078900740010.001/swg.fits[1]
scw/0789/078900750010.001/swg.fits[1]
scw/0790/079000780010.001/swg.fits[1]
scw/0793/079300240010.001/swg.fits[1]
scw/0793/079300250010.001/swg.fits[1]
scw/0794/079400520010.001/swg.fits[1]
scw/0794/079400530010.001/swg.fits[1]
scw/0852/085200460010.001/swg.fits[1]
scw/0852/085200470010.001/swg.fits[1]
scw/0852/085200480010.001/swg.fits[1]
scw/0853/085300220010.001/swg.fits[1]
scw/0853/085300230010.001/swg.fits[1]
scw/0853/085300240010.001/swg.fits[1]
scw/0984/098400200010.001/swg.fits[1]
scw/0984/098400210010.001/swg.fits[1]
scw/0984/098400220010.001/swg.fits[1]
scw/0984/098400230010.001/swg.fits[1]
scw/0984/098400310010.001/swg.fits[1]
scw/0984/098400320010.001/swg.fits[1]
scw/0984/098400410010.001/swg.fits[1]
scw/0987/098700480010.001/swg.fits[1]
scw/0987/098700490010.001/swg.fits[1]
scw/0987/098700500010.001/swg.fits[1]
scw/0987/098700510010.001/swg.fits[1]
scw/0987/098700600010.001/swg.fits[1]
scw/0987/098700690010.001/swg.fits[1]
scw/1040/104000060010.001/swg.fits[1]
scw/1040/104000070010.001/swg.fits[1]
scw/1040/104000080010.001/swg.fits[1]
scw/1040/104000370010.001/swg.fits[1]
scw/1040/104000460010.001/swg.fits[1]
scw/1040/104000470010.001/swg.fits[1]
scw/1040/104000550010.001/swg.fits[1]
scw/1040/104000560010.001/swg.fits[1]
scw/1040/104000570010.001/swg.fits[1]
scw/1041/104100120010.001/swg.fits[1]
scw/1041/104100150010.001/swg.fits[1]
scw/1041/104100440010.001/swg.fits[1]
scw/1041/104100530010.001/swg.fits[1]
scw/1041/104100540010.001/swg.fits[1]
scw/1041/104100620010.001/swg.fits[1]
scw/1041/104100630010.001/swg.fits[1]
scw/1041/104100640010.001/swg.fits[1]
scw/1272/127200040010.001/swg.fits[1]
scw/1272/127200050010.001/swg.fits[1]
scw/1272/127200060010.001/swg.fits[1]
scw/1272/127200080010.001/swg.fits[1]
scw/1272/127200500010.001/swg.fits[1]
scw/1272/127200510010.001/swg.fits[1]
scw/1272/127200520010.001/swg.fits[1]
scw/1272/127200580010.001/swg.fits[1]
scw/1272/127200590010.001/swg.fits[1]
scw/1272/127200600010.001/swg.fits[1]
scw/1273/127300140010.001/swg.fits[1]
scw/1273/127300150010.001/swg.fits[1]
scw/1273/127300160010.001/swg.fits[1]
scw/1273/127300180010.001/swg.fits[1]
scw/1273/127300560010.001/swg.fits[1]
scw/1273/127300570010.001/swg.fits[1]
scw/1273/127300580010.001/swg.fits[1]
scw/1273/127300650010.001/swg.fits[1]
scw/1273/127300660010.001/swg.fits[1]
scw/1293/129300500010.001/swg.fits[1]
scw/1473/147300200010.001/swg.fits[1]
scw/1473/147300210010.001/swg.fits[1]
scw/1473/147300220010.001/swg.fits[1]
scw/1473/147300230010.001/swg.fits[1]
scw/1473/147300310010.001/swg.fits[1]
scw/1473/147300320010.001/swg.fits[1]
scw/1473/147300410010.001/swg.fits[1]
scw/1474/147400080010.001/swg.fits[1]
scw/1474/147400090010.001/swg.fits[1]
scw/1474/147400100010.001/swg.fits[1]
scw/1474/147400180010.001/swg.fits[1]
scw/1474/147400190010.001/swg.fits[1]
scw/1474/147400570010.001/swg.fits[1]
scw/1474/147400580010.001/swg.fits[1]
scw/1474/147400590010.001/swg.fits[1]
scw/1474/147400600010.001/swg.fits[1]
scw/1475/147500030010.001/swg.fits[1]
scw/1475/147500040010.001/swg.fits[1]
scw/1475/147500130010.001/swg.fits[1]
scw/1475/147500430010.001/swg.fits[1]
scw/1475/147500440010.001/swg.fits[1]
scw/1475/147500450010.001/swg.fits[1]
scw/1475/147500530010.001/swg.fits[1]
scw/1475/147500540010.001/swg.fits[1]
scw/1475/147500550010.001/swg.fits[1]
scw/1475/147500630010.001/swg.fits[1]
scw/1538/153800070010.001/swg.fits[1]
scw/1538/153800080010.001/swg.fits[1]
scw/1538/153800090010.001/swg.fits[1]
scw/1538/153800100010.001/swg.fits[1]
scw/1538/153800390010.001/swg.fits[1]
scw/1538/153800480010.001/swg.fits[1]
scw/1538/153800490010.001/swg.fits[1]
scw/1538/153800570010.001/swg.fits[1]
scw/1538/153800580010.001/swg.fits[1]
scw/1538/153800590010.001/swg.fits[1]
scw/1539/153900290010.001/swg.fits[1]
scw/1539/153900300010.001/swg.fits[1]
scw/1539/153900380010.001/swg.fits[1]
scw/1539/153900390010.001/swg.fits[1]
scw/1539/153900400010.001/swg.fits[1]
scw/1539/153900410010.001/swg.fits[1]
scw/1539/153900480010.001/swg.fits[1]
scw/1540/154000130010.001/swg.fits[1]
scw/1540/154000220010.001/swg.fits[1]
scw/1540/154000230010.001/swg.fits[1]
scw/1540/154000310010.001/swg.fits[1]
scw/1540/154000320010.001/swg.fits[1]
scw/1540/154000330010.001/swg.fits[1]
scw/1540/154000630010.001/swg.fits[1]
scw/1541/154100040010.001/swg.fits[1]
scw/1541/154100050010.001/swg.fits[1]
scw/1804/180400050010.001/swg.fits[1]
scw/1804/180400060010.001/swg.fits[1]
scw/1804/180400070010.001/swg.fits[1]
scw/1804/180400080010.001/swg.fits[1]
scw/1804/180400370010.001/swg.fits[1]
scw/1804/180400450010.001/swg.fits[1]
scw/1804/180400460010.001/swg.fits[1]
scw/1804/180400470010.001/swg.fits[1]
scw/1804/180400480010.001/swg.fits[1]
scw/1804/180400550010.001/swg.fits[1]
scw/1804/180400560010.001/swg.fits[1]
scw/1804/180400570010.001/swg.fits[1]
scw/1805/180500130010.001/swg.fits[1]
scw/1805/180500140010.001/swg.fits[1]
scw/1805/180500150010.001/swg.fits[1]
scw/1805/180500220010.001/swg.fits[1]
scw/1805/180500230010.001/swg.fits[1]
scw/1805/180500240010.001/swg.fits[1]
scw/1805/180500250010.001/swg.fits[1]
scw/1805/180500620010.001/swg.fits[1]
scw/1805/180500630010.001/swg.fits[1]
scw/1805/180500640010.001/swg.fits[1]
scw/1805/180500650010.001/swg.fits[1]
scw/1805/180500720010.001/swg.fits[1]
scw/1805/180500730010.001/swg.fits[1]
scw/1805/180500740010.001/swg.fits[1]
scw/1805/180500750010.001/swg.fits[1]
scw/1806/180600280010.001/swg.fits[1]
scw/1806/180600360010.001/swg.fits[1]
scw/1806/180600370010.001/swg.fits[1]
scw/1806/180600380010.001/swg.fits[1]
scw/1806/180600460010.001/swg.fits[1]
scw/1806/180600470010.001/swg.fits[1]
scw/1806/180600480010.001/swg.fits[1]
scw/1806/180600490010.001/swg.fits[1]
scw/1883/188300200010.001/swg.fits[1]
scw/1883/188300210010.001/swg.fits[1]
scw/1883/188300220010.001/swg.fits[1]
scw/1883/188300230010.001/swg.fits[1]
scw/1883/188300310010.001/swg.fits[1]
scw/1883/188300320010.001/swg.fits[1]
scw/1883/188300410010.001/swg.fits[1]
scw/1883/188300710010.001/swg.fits[1]
scw/1883/188300720010.001/swg.fits[1]
scw/1883/188300730010.001/swg.fits[1]
scw/1883/188300810010.001/swg.fits[1]
scw/1883/188300820010.001/swg.fits[1]
scw/1884/188400360010.001/swg.fits[1]
scw/1884/188400370010.001/swg.fits[1]
scw/1884/188400380010.001/swg.fits[1]
scw/1884/188400390010.001/swg.fits[1]
scw/1884/188400470010.001/swg.fits[1]
scw/1884/188400480010.001/swg.fits[1]
scw/1884/188400570010.001/swg.fits[1]
scw/1885/188500030010.001/swg.fits[1]
scw/2298/229800410010.001/swg.fits[1]
