scw/0036/003600130010.001/swg.fits[1]
scw/0154/015400090010.001/swg.fits[1]
scw/0283/028300080010.001/swg.fits[1]
scw/0325/032500580010.001/swg.fits[1]
scw/0325/032500590010.001/swg.fits[1]
scw/0446/044600200010.001/swg.fits[1]
scw/0446/044600210010.001/swg.fits[1]
scw/1115/111500670010.001/swg.fits[1]
scw/1300/130000070010.001/swg.fits[1]
scw/1300/130000100010.001/swg.fits[1]
scw/1480/148000170010.001/swg.fits[1]
scw/2324/232400920010.001/swg.fits[1]
scw/2324/232400930010.001/swg.fits[1]
scw/2390/239000090010.001/swg.fits[1]
scw/2435/243500340010.001/swg.fits[1]
scw/2435/243500350010.001/swg.fits[1]
scw/2435/243500430010.001/swg.fits[1]
scw/2446/244600780010.001/swg.fits[1]
scw/2450/245000370010.001/swg.fits[1]
scw/2455/245500610010.001/swg.fits[1]
scw/2455/245500700010.001/swg.fits[1]
