scw/0144/014400880010.001/swg.fits[1]
scw/0144/014400880020.001/swg.fits[1]
scw/0144/014400880030.001/swg.fits[1]
scw/0144/014400880040.001/swg.fits[1]
scw/0262/026200480010.001/swg.fits[1]
scw/0262/026200480020.001/swg.fits[1]
scw/0262/026200480030.001/swg.fits[1]
scw/0262/026200490010.001/swg.fits[1]
scw/0336/033600480010.001/swg.fits[1]
scw/0336/033600480020.001/swg.fits[1]
scw/0336/033600480030.001/swg.fits[1]
scw/0336/033600490010.001/swg.fits[1]
scw/0394/039400370010.001/swg.fits[1]
scw/0394/039400370020.001/swg.fits[1]
scw/0394/039400370030.001/swg.fits[1]
scw/0394/039400380010.001/swg.fits[1]
scw/2107/210700220010.001/swg.fits[1]
scw/2107/210700230010.001/swg.fits[1]
scw/2107/210700240010.001/swg.fits[1]
scw/2107/210700250010.001/swg.fits[1]
scw/2107/210700260010.001/swg.fits[1]
scw/2107/210700270010.001/swg.fits[1]
scw/2107/210700280010.001/swg.fits[1]
scw/2113/211300170010.001/swg.fits[1]
scw/2113/211300270010.001/swg.fits[1]
scw/2170/217000480010.001/swg.fits[1]
scw/2170/217000580010.001/swg.fits[1]
