scw/1547/154700110010.001/swg.fits[1]
scw/1547/154700120010.001/swg.fits[1]
scw/1548/154800090010.001/swg.fits[1]
scw/1548/154800130010.001/swg.fits[1]
scw/1548/154800140010.001/swg.fits[1]
scw/1549/154900090010.001/swg.fits[1]
scw/1549/154900130010.001/swg.fits[1]
scw/1549/154900140010.001/swg.fits[1]
scw/1550/155000110010.001/swg.fits[1]
scw/1550/155000160010.001/swg.fits[1]
scw/1551/155100240010.001/swg.fits[1]
scw/1551/155100250010.001/swg.fits[1]
scw/1552/155200140010.001/swg.fits[1]
scw/1552/155200150010.001/swg.fits[1]
scw/1552/155200180010.001/swg.fits[1]
scw/1552/155200190010.001/swg.fits[1]
scw/1553/155300100010.001/swg.fits[1]
scw/1553/155300110010.001/swg.fits[1]
scw/1553/155300330010.001/swg.fits[1]
scw/1564/156400570010.001/swg.fits[1]
scw/1565/156500500010.001/swg.fits[1]
scw/1565/156500510010.001/swg.fits[1]
scw/1565/156500520010.001/swg.fits[1]
scw/1566/156600200010.001/swg.fits[1]
scw/1566/156600210010.001/swg.fits[1]
scw/1567/156700200010.001/swg.fits[1]
scw/1567/156700210010.001/swg.fits[1]
scw/1567/156700220010.001/swg.fits[1]
scw/1617/161700110010.001/swg.fits[1]
scw/1617/161700120010.001/swg.fits[1]
scw/1617/161700470010.001/swg.fits[1]
scw/1617/161700480010.001/swg.fits[1]
scw/1682/168200240010.001/swg.fits[1]
scw/1682/168200250010.001/swg.fits[1]
scw/1682/168200280010.001/swg.fits[1]
scw/1682/168200290010.001/swg.fits[1]
scw/1683/168300220010.001/swg.fits[1]
scw/1683/168300250010.001/swg.fits[1]
scw/1686/168600200010.001/swg.fits[1]
scw/1686/168600240010.001/swg.fits[1]
scw/1686/168600250010.001/swg.fits[1]
scw/1687/168700160010.001/swg.fits[1]
scw/1687/168700200010.001/swg.fits[1]
scw/1687/168700210010.001/swg.fits[1]
scw/1753/175300420010.001/swg.fits[1]
scw/1753/175300430010.001/swg.fits[1]
scw/1754/175400490010.001/swg.fits[1]
scw/1754/175400500010.001/swg.fits[1]
scw/1755/175500330010.001/swg.fits[1]
scw/1755/175500340010.001/swg.fits[1]
scw/1755/175500360010.001/swg.fits[1]
scw/1755/175500440010.001/swg.fits[1]
scw/1756/175600350010.001/swg.fits[1]
scw/1756/175600360010.001/swg.fits[1]
scw/1756/175600460010.001/swg.fits[1]
scw/1757/175700310010.001/swg.fits[1]
scw/1757/175700320010.001/swg.fits[1]
scw/1757/175700460010.001/swg.fits[1]
scw/1758/175800310010.001/swg.fits[1]
scw/1758/175800320010.001/swg.fits[1]
scw/1758/175800430010.001/swg.fits[1]
scw/1758/175800440010.001/swg.fits[1]
scw/1759/175900290010.001/swg.fits[1]
scw/1759/175900300010.001/swg.fits[1]
scw/1759/175900420010.001/swg.fits[1]
scw/1759/175900430010.001/swg.fits[1]
scw/1760/176000130010.001/swg.fits[1]
scw/1760/176000400010.001/swg.fits[1]
scw/1761/176100080010.001/swg.fits[1]
scw/1761/176100430010.001/swg.fits[1]
scw/1761/176100440010.001/swg.fits[1]
scw/1762/176200110010.001/swg.fits[1]
scw/1762/176200120010.001/swg.fits[1]
scw/1762/176200380010.001/swg.fits[1]
scw/1763/176300060010.001/swg.fits[1]
scw/1763/176300480010.001/swg.fits[1]
scw/1763/176300490010.001/swg.fits[1]
scw/1763/176300500010.001/swg.fits[1]
scw/1764/176400130010.001/swg.fits[1]
scw/1764/176400140010.001/swg.fits[1]
scw/1764/176400390010.001/swg.fits[1]
scw/1764/176400400010.001/swg.fits[1]
scw/1765/176500120010.001/swg.fits[1]
scw/1765/176500130010.001/swg.fits[1]
scw/1765/176500380010.001/swg.fits[1]
scw/1765/176500390010.001/swg.fits[1]
scw/1820/182000170010.001/swg.fits[1]
scw/1820/182000250010.001/swg.fits[1]
scw/1820/182000280010.001/swg.fits[1]
scw/1820/182000360010.001/swg.fits[1]
scw/1821/182100280010.001/swg.fits[1]
scw/1821/182100290010.001/swg.fits[1]
scw/1821/182100300010.001/swg.fits[1]
scw/1821/182100310010.001/swg.fits[1]
scw/1822/182200180010.001/swg.fits[1]
scw/1822/182200190010.001/swg.fits[1]
scw/1822/182200290010.001/swg.fits[1]
scw/1823/182300630010.001/swg.fits[1]
scw/1824/182400080010.001/swg.fits[1]
scw/1824/182400390010.001/swg.fits[1]
scw/1824/182400400010.001/swg.fits[1]
scw/1892/189200360010.001/swg.fits[1]
scw/1892/189200370010.001/swg.fits[1]
scw/1892/189200470010.001/swg.fits[1]
scw/1894/189400080010.001/swg.fits[1]
scw/1894/189400090010.001/swg.fits[1]
scw/1894/189400480010.001/swg.fits[1]
scw/1894/189400480020.001/swg.fits[1]
scw/1895/189500020010.001/swg.fits[1]
scw/1896/189600040010.001/swg.fits[1]
scw/1896/189600140010.001/swg.fits[1]
scw/1896/189600150010.001/swg.fits[1]
scw/1896/189600460010.001/swg.fits[1]
scw/1897/189700100010.001/swg.fits[1]
scw/1898/189800020010.001/swg.fits[1]
scw/1898/189800030010.001/swg.fits[1]
scw/1898/189800120010.001/swg.fits[1]
scw/1898/189800130010.001/swg.fits[1]
scw/1899/189900120010.001/swg.fits[1]
scw/1899/189900230010.001/swg.fits[1]
scw/1900/190000150010.001/swg.fits[1]
scw/1900/190000160010.001/swg.fits[1]
scw/1900/190000170010.001/swg.fits[1]
scw/1900/190000180010.001/swg.fits[1]
scw/1901/190100090010.001/swg.fits[1]
scw/1901/190100100010.001/swg.fits[1]
scw/1964/196400250010.001/swg.fits[1]
scw/1964/196400280010.001/swg.fits[1]
scw/1964/196400290010.001/swg.fits[1]
scw/1966/196600190010.001/swg.fits[1]
scw/1966/196600200010.001/swg.fits[1]
scw/1966/196600210010.001/swg.fits[1]
scw/1966/196600220010.001/swg.fits[1]
scw/1966/196600230010.001/swg.fits[1]
scw/1981/198100350010.001/swg.fits[1]
scw/1981/198100360010.001/swg.fits[1]
scw/1982/198200380010.001/swg.fits[1]
scw/1982/198200390010.001/swg.fits[1]
scw/1983/198300460010.001/swg.fits[1]
scw/1983/198300470010.001/swg.fits[1]
scw/2030/203000060010.001/swg.fits[1]
scw/2030/203000070010.001/swg.fits[1]
scw/2031/203100200010.001/swg.fits[1]
scw/2031/203100380010.001/swg.fits[1]
scw/2031/203100390010.001/swg.fits[1]
