scw/1099/109900690010.001/swg.fits[1]
scw/1099/109900700010.001/swg.fits[1]
scw/1101/110100550010.001/swg.fits[1]
scw/1101/110100590010.001/swg.fits[1]
scw/1101/110100600010.001/swg.fits[1]
scw/1101/110100610010.001/swg.fits[1]
scw/1103/110300020010.001/swg.fits[1]
scw/1103/110300060010.001/swg.fits[1]
scw/1103/110300070010.001/swg.fits[1]
scw/1103/110300080010.001/swg.fits[1]
scw/1138/113800370010.001/swg.fits[1]
scw/1139/113900210010.001/swg.fits[1]
scw/1141/114100480010.001/swg.fits[1]
scw/1141/114100490010.001/swg.fits[1]
scw/1141/114100500010.001/swg.fits[1]
scw/1141/114100510010.001/swg.fits[1]
scw/1142/114200020010.001/swg.fits[1]
scw/1142/114200030010.001/swg.fits[1]
scw/1142/114200040010.001/swg.fits[1]
scw/1142/114200050010.001/swg.fits[1]
scw/1143/114301050010.001/swg.fits[1]
scw/1143/114301060010.001/swg.fits[1]
scw/1143/114301070010.001/swg.fits[1]
scw/1143/114301080010.001/swg.fits[1]
scw/1144/114401030010.001/swg.fits[1]
scw/1144/114401040010.001/swg.fits[1]
scw/1144/114401050010.001/swg.fits[1]
scw/1145/114501150010.001/swg.fits[1]
scw/1145/114501160010.001/swg.fits[1]
scw/1145/114501170010.001/swg.fits[1]
scw/1146/114601150010.001/swg.fits[1]
scw/1146/114601160010.001/swg.fits[1]
scw/1146/114601170010.001/swg.fits[1]
scw/1147/114700030010.001/swg.fits[1]
scw/1147/114700040010.001/swg.fits[1]
scw/1149/114900580010.001/swg.fits[1]
scw/1149/114900600010.001/swg.fits[1]
scw/1149/114900610010.001/swg.fits[1]
scw/1149/114900620010.001/swg.fits[1]
scw/1149/114900950010.001/swg.fits[1]
scw/1149/114900960010.001/swg.fits[1]
scw/1149/114900970010.001/swg.fits[1]
scw/1149/114900980010.001/swg.fits[1]
scw/1150/115000320010.001/swg.fits[1]
scw/1150/115000330010.001/swg.fits[1]
scw/1150/115000580010.001/swg.fits[1]
scw/1150/115000590010.001/swg.fits[1]
scw/1151/115100150010.001/swg.fits[1]
scw/1151/115100210010.001/swg.fits[1]
scw/1151/115100220010.001/swg.fits[1]
scw/1151/115100230010.001/swg.fits[1]
scw/1151/115100250010.001/swg.fits[1]
scw/1151/115100260010.001/swg.fits[1]
scw/1151/115100400010.001/swg.fits[1]
scw/1151/115100410010.001/swg.fits[1]
scw/1151/115100470010.001/swg.fits[1]
scw/1151/115100480010.001/swg.fits[1]
scw/1151/115100490010.001/swg.fits[1]
scw/1151/115100510010.001/swg.fits[1]
scw/1151/115100730010.001/swg.fits[1]
scw/1151/115100740010.001/swg.fits[1]
scw/1151/115100770010.001/swg.fits[1]
scw/1151/115100780010.001/swg.fits[1]
scw/1151/115100930010.001/swg.fits[1]
scw/1151/115100990010.001/swg.fits[1]
scw/1151/115101000010.001/swg.fits[1]
scw/1151/115101010010.001/swg.fits[1]
scw/1151/115101030010.001/swg.fits[1]
scw/1151/115101040010.001/swg.fits[1]
scw/1152/115200160010.001/swg.fits[1]
scw/1152/115200200010.001/swg.fits[1]
scw/1152/115200210010.001/swg.fits[1]
scw/1152/115200220010.001/swg.fits[1]
scw/1152/115200260010.001/swg.fits[1]
scw/1152/115200400010.001/swg.fits[1]
scw/1152/115200410010.001/swg.fits[1]
scw/1152/115200420010.001/swg.fits[1]
scw/1152/115200480010.001/swg.fits[1]
scw/1152/115200490010.001/swg.fits[1]
scw/1152/115200510010.001/swg.fits[1]
scw/1152/115200660010.001/swg.fits[1]
scw/1152/115200670010.001/swg.fits[1]
scw/1152/115200740010.001/swg.fits[1]
scw/1152/115200750010.001/swg.fits[1]
scw/1152/115200770010.001/swg.fits[1]
scw/1152/115200920010.001/swg.fits[1]
scw/1152/115200930010.001/swg.fits[1]
scw/1152/115200940010.001/swg.fits[1]
scw/1152/115200990010.001/swg.fits[1]
scw/1152/115201000010.001/swg.fits[1]
scw/1152/115201010010.001/swg.fits[1]
scw/1152/115201030010.001/swg.fits[1]
scw/1153/115300040010.001/swg.fits[1]
scw/1153/115300050010.001/swg.fits[1]
scw/1153/115300060010.001/swg.fits[1]
scw/1153/115300070010.001/swg.fits[1]
scw/1154/115400800010.001/swg.fits[1]
scw/1154/115400810010.001/swg.fits[1]
scw/1154/115400820010.001/swg.fits[1]
scw/1154/115400840010.001/swg.fits[1]
scw/1155/115500020010.001/swg.fits[1]
scw/1155/115500030010.001/swg.fits[1]
scw/1155/115500040010.001/swg.fits[1]
scw/1155/115500050010.001/swg.fits[1]
scw/1155/115501150010.001/swg.fits[1]
scw/1155/115501160010.001/swg.fits[1]
scw/1157/115700210010.001/swg.fits[1]
scw/1157/115700220010.001/swg.fits[1]
scw/1157/115700230010.001/swg.fits[1]
scw/1157/115700240010.001/swg.fits[1]
scw/1157/115700580010.001/swg.fits[1]
scw/1157/115700590010.001/swg.fits[1]
scw/1157/115700600010.001/swg.fits[1]
scw/1157/115700610010.001/swg.fits[1]
scw/1157/115700950010.001/swg.fits[1]
scw/1157/115700970010.001/swg.fits[1]
scw/1157/115700980010.001/swg.fits[1]
scw/1157/115701000010.001/swg.fits[1]
scw/1158/115800040010.001/swg.fits[1]
scw/1161/116100060010.001/swg.fits[1]
scw/1199/119900280010.001/swg.fits[1]
scw/1199/119900290010.001/swg.fits[1]
scw/1199/119900300010.001/swg.fits[1]
scw/1200/120001050010.001/swg.fits[1]
scw/1200/120001060010.001/swg.fits[1]
scw/1200/120001070010.001/swg.fits[1]
scw/1200/120001090010.001/swg.fits[1]
scw/1200/120001100010.001/swg.fits[1]
scw/1200/120001110010.001/swg.fits[1]
scw/1201/120100240010.001/swg.fits[1]
scw/1201/120100250010.001/swg.fits[1]
scw/1201/120100260010.001/swg.fits[1]
scw/1201/120100340010.001/swg.fits[1]
scw/1202/120201080010.001/swg.fits[1]
scw/1202/120201090010.001/swg.fits[1]
scw/1202/120201100010.001/swg.fits[1]
scw/1203/120300830010.001/swg.fits[1]
scw/1203/120300840010.001/swg.fits[1]
scw/1203/120300850010.001/swg.fits[1]
scw/1203/120300890010.001/swg.fits[1]
scw/1204/120400140010.001/swg.fits[1]
scw/1204/120400150010.001/swg.fits[1]
scw/1204/120400160010.001/swg.fits[1]
scw/1205/120500030010.001/swg.fits[1]
scw/1205/120500040010.001/swg.fits[1]
scw/1205/120500090010.001/swg.fits[1]
scw/1206/120600110010.001/swg.fits[1]
scw/1206/120600120010.001/swg.fits[1]
scw/1206/120600130010.001/swg.fits[1]
scw/1207/120700040010.001/swg.fits[1]
scw/1207/120700080010.001/swg.fits[1]
scw/1207/120700090010.001/swg.fits[1]
scw/1207/120700100010.001/swg.fits[1]
scw/1207/120700140010.001/swg.fits[1]
scw/1208/120801080010.001/swg.fits[1]
scw/1208/120801120010.001/swg.fits[1]
scw/1208/120801130010.001/swg.fits[1]
scw/1208/120801140010.001/swg.fits[1]
scw/1208/120801150010.001/swg.fits[1]
scw/1209/120900620010.001/swg.fits[1]
scw/1209/120900660010.001/swg.fits[1]
scw/1209/120900670010.001/swg.fits[1]
scw/1209/120900680010.001/swg.fits[1]
scw/1209/120900690010.001/swg.fits[1]
scw/1210/121000020010.001/swg.fits[1]
scw/1210/121000060010.001/swg.fits[1]
scw/1210/121000070010.001/swg.fits[1]
scw/1211/121100020010.001/swg.fits[1]
scw/1211/121100030010.001/swg.fits[1]
scw/1211/121100040010.001/swg.fits[1]
scw/1211/121100350010.001/swg.fits[1]
scw/1211/121100360010.001/swg.fits[1]
scw/1211/121100370010.001/swg.fits[1]
scw/1211/121100380010.001/swg.fits[1]
scw/1211/121100710010.001/swg.fits[1]
scw/1211/121100720010.001/swg.fits[1]
scw/1211/121100730010.001/swg.fits[1]
scw/1211/121100740010.001/swg.fits[1]
scw/1211/121100750010.001/swg.fits[1]
scw/1211/121100760010.001/swg.fits[1]
scw/1211/121101070010.001/swg.fits[1]
scw/1211/121101080010.001/swg.fits[1]
scw/1211/121101090010.001/swg.fits[1]
scw/1212/121200120010.001/swg.fits[1]
scw/1212/121200130010.001/swg.fits[1]
scw/1212/121200140010.001/swg.fits[1]
scw/1212/121200180010.001/swg.fits[1]
scw/1212/121200410010.001/swg.fits[1]
scw/1212/121200420010.001/swg.fits[1]
scw/1212/121200430010.001/swg.fits[1]
scw/1213/121300050010.001/swg.fits[1]
scw/1213/121300060010.001/swg.fits[1]
scw/1213/121300100010.001/swg.fits[1]
scw/1213/121300110010.001/swg.fits[1]
scw/1213/121300120010.001/swg.fits[1]
scw/1213/121300150010.001/swg.fits[1]
scw/1213/121300160010.001/swg.fits[1]
scw/1213/121300420010.001/swg.fits[1]
scw/1213/121300440010.001/swg.fits[1]
scw/1213/121300450010.001/swg.fits[1]
scw/1213/121300460010.001/swg.fits[1]
scw/1213/121300520010.001/swg.fits[1]
scw/1213/121300610010.001/swg.fits[1]
scw/1213/121300620010.001/swg.fits[1]
scw/1213/121300650010.001/swg.fits[1]
scw/1213/121300660010.001/swg.fits[1]
scw/1214/121400260010.001/swg.fits[1]
scw/1214/121400270010.001/swg.fits[1]
scw/1214/121400290010.001/swg.fits[1]
scw/1214/121400300010.001/swg.fits[1]
scw/1214/121400310010.001/swg.fits[1]
scw/1215/121500040010.001/swg.fits[1]
scw/1215/121500120010.001/swg.fits[1]
scw/1215/121500130010.001/swg.fits[1]
scw/1215/121500140010.001/swg.fits[1]
scw/1215/121500180010.001/swg.fits[1]
scw/1215/121500430010.001/swg.fits[1]
scw/1215/121500440010.001/swg.fits[1]
scw/1215/121500470010.001/swg.fits[1]
scw/1215/121500480010.001/swg.fits[1]
scw/1215/121500490010.001/swg.fits[1]
scw/1215/121500540010.001/swg.fits[1]
scw/1215/121500580010.001/swg.fits[1]
scw/1215/121500620010.001/swg.fits[1]
scw/1215/121500630010.001/swg.fits[1]
scw/1215/121500630020.001/swg.fits[1]
scw/1216/121600050010.001/swg.fits[1]
scw/1216/121600080010.001/swg.fits[1]
scw/1216/121600090010.001/swg.fits[1]
scw/1216/121600380010.001/swg.fits[1]
scw/1216/121600390010.001/swg.fits[1]
scw/1216/121600440010.001/swg.fits[1]
scw/1216/121600450010.001/swg.fits[1]
scw/1216/121600480010.001/swg.fits[1]
scw/1216/121600490010.001/swg.fits[1]
scw/1217/121700040010.001/swg.fits[1]
scw/1217/121700050010.001/swg.fits[1]
scw/1217/121700060010.001/swg.fits[1]
scw/1217/121700100010.001/swg.fits[1]
scw/1217/121700350010.001/swg.fits[1]
scw/1217/121700390010.001/swg.fits[1]
scw/1217/121700400010.001/swg.fits[1]
scw/1217/121700410010.001/swg.fits[1]
