scw/0432/043200700010.001/swg.fits[1]
scw/0432/043200710010.001/swg.fits[1]
scw/0432/043200720010.001/swg.fits[1]
scw/0433/043300150010.001/swg.fits[1]
scw/0433/043300160010.001/swg.fits[1]
scw/0433/043300170010.001/swg.fits[1]
scw/0433/043300180010.001/swg.fits[1]
scw/0433/043300370010.001/swg.fits[1]
scw/0433/043300420010.001/swg.fits[1]
scw/2225/222500070010.001/swg.fits[1]
scw/2225/222500080010.001/swg.fits[1]
scw/2225/222500120010.001/swg.fits[1]
scw/2225/222500130010.001/swg.fits[1]
scw/2225/222500470010.001/swg.fits[1]
scw/2225/222500480010.001/swg.fits[1]
scw/2225/222500530010.001/swg.fits[1]
scw/2225/222500540010.001/swg.fits[1]
scw/2225/222500570010.001/swg.fits[1]
scw/2225/222500580010.001/swg.fits[1]
scw/2226/222600050010.001/swg.fits[1]
scw/2226/222600060010.001/swg.fits[1]
scw/2226/222600110010.001/swg.fits[1]
scw/2226/222600400010.001/swg.fits[1]
scw/2226/222600410010.001/swg.fits[1]
scw/2226/222600460010.001/swg.fits[1]
scw/2226/222600470010.001/swg.fits[1]
scw/2226/222600510010.001/swg.fits[1]
scw/2226/222600520010.001/swg.fits[1]
scw/2226/222600550010.001/swg.fits[1]
scw/2226/222600560010.001/swg.fits[1]
scw/2227/222700330010.001/swg.fits[1]
scw/2227/222700340010.001/swg.fits[1]
scw/2227/222700380010.001/swg.fits[1]
scw/2227/222700390010.001/swg.fits[1]
scw/2227/222700420010.001/swg.fits[1]
scw/2227/222700430010.001/swg.fits[1]
scw/2356/235600020010.001/swg.fits[1]
scw/2356/235600030010.001/swg.fits[1]
scw/2356/235600040010.001/swg.fits[1]
scw/2356/235600090010.001/swg.fits[1]
scw/2356/235600100010.001/swg.fits[1]
scw/2356/235600130010.001/swg.fits[1]
scw/2360/236000060010.001/swg.fits[1]
scw/2360/236000070010.001/swg.fits[1]
scw/2360/236000130010.001/swg.fits[1]
scw/2360/236000160010.001/swg.fits[1]
scw/2360/236000170010.001/swg.fits[1]
scw/2360/236000220010.001/swg.fits[1]
scw/2360/236000230010.001/swg.fits[1]
scw/2362/236200310010.001/swg.fits[1]
