scw/0117/011700300010.001/swg.fits[1]
scw/0117/011700310010.001/swg.fits[1]
scw/0117/011700680010.001/swg.fits[1]
scw/0117/011700690010.001/swg.fits[1]
scw/0121/012100900010.001/swg.fits[1]
scw/0121/012100910010.001/swg.fits[1]
scw/0123/012300160010.001/swg.fits[1]
scw/0123/012300170010.001/swg.fits[1]
scw/0607/060700400010.001/swg.fits[1]
scw/0607/060700410010.001/swg.fits[1]
scw/0607/060700580010.001/swg.fits[1]
scw/0607/060700590010.001/swg.fits[1]
scw/0610/061000560010.001/swg.fits[1]
scw/0610/061000570010.001/swg.fits[1]
scw/0611/061100480010.001/swg.fits[1]
scw/0611/061100490010.001/swg.fits[1]
scw/0614/061400560010.001/swg.fits[1]
scw/0614/061400570010.001/swg.fits[1]
scw/0614/061400740010.001/swg.fits[1]
scw/0614/061400750010.001/swg.fits[1]
scw/0621/062100610010.001/swg.fits[1]
scw/0621/062100620010.001/swg.fits[1]
scw/0622/062200440010.001/swg.fits[1]
scw/0671/067100260010.001/swg.fits[1]
scw/0671/067100270010.001/swg.fits[1]
scw/0671/067100280010.001/swg.fits[1]
scw/0672/067200520010.001/swg.fits[1]
scw/0672/067200530010.001/swg.fits[1]
scw/0672/067200540010.001/swg.fits[1]
scw/0674/067400830010.001/swg.fits[1]
scw/0674/067400840010.001/swg.fits[1]
scw/0674/067400850010.001/swg.fits[1]
scw/0680/068000120010.001/swg.fits[1]
scw/0680/068000600010.001/swg.fits[1]
scw/0681/068100150010.001/swg.fits[1]
scw/0847/084700310010.001/swg.fits[1]
scw/0847/084700320010.001/swg.fits[1]
scw/0847/084700630010.001/swg.fits[1]
scw/0847/084700640010.001/swg.fits[1]
scw/0848/084800160010.001/swg.fits[1]
scw/0848/084800170010.001/swg.fits[1]
scw/0848/084800640010.001/swg.fits[1]
scw/0848/084800650010.001/swg.fits[1]
scw/0849/084900100010.001/swg.fits[1]
scw/0849/084900110010.001/swg.fits[1]
scw/2409/240900420010.001/swg.fits[1]
scw/2409/240900430010.001/swg.fits[1]
scw/2409/240900440010.001/swg.fits[1]
scw/2409/240900450010.001/swg.fits[1]
scw/2418/241800530010.001/swg.fits[1]
