scw/0441/044100040010.001/swg.fits[1]
scw/0441/044100120010.001/swg.fits[1]
scw/0441/044100160010.001/swg.fits[1]
scw/0441/044100190010.001/swg.fits[1]
scw/0441/044100250010.001/swg.fits[1]
scw/0441/044100320010.001/swg.fits[1]
scw/0441/044100390010.001/swg.fits[1]
scw/0441/044100460010.001/swg.fits[1]
scw/0442/044200040010.001/swg.fits[1]
scw/0442/044200110010.001/swg.fits[1]
scw/0442/044200150010.001/swg.fits[1]
scw/0442/044200180010.001/swg.fits[1]
scw/0442/044200240010.001/swg.fits[1]
scw/0442/044200310010.001/swg.fits[1]
scw/0442/044200450010.001/swg.fits[1]
scw/0442/044200530010.001/swg.fits[1]
scw/0443/044300750010.001/swg.fits[1]
scw/0443/044300780010.001/swg.fits[1]
scw/2362/236200280010.001/swg.fits[1]
scw/2366/236600020010.001/swg.fits[1]
scw/2369/236900330010.001/swg.fits[1]
scw/2376/237600240010.001/swg.fits[1]
