scw/1529/152900650010.001/swg.fits[1]
scw/1529/152900830010.001/swg.fits[1]
scw/1529/152900850010.001/swg.fits[1]
scw/1529/152900860010.001/swg.fits[1]
scw/1529/152900870010.001/swg.fits[1]
scw/1529/152900930010.001/swg.fits[1]
scw/1530/153000250010.001/swg.fits[1]
scw/1530/153000260010.001/swg.fits[1]
scw/1530/153000270010.001/swg.fits[1]
scw/1530/153000310010.001/swg.fits[1]
scw/1530/153000320010.001/swg.fits[1]
scw/1530/153000330010.001/swg.fits[1]
scw/1530/153000600010.001/swg.fits[1]
scw/1530/153000610010.001/swg.fits[1]
scw/1530/153000620010.001/swg.fits[1]
scw/1530/153000660010.001/swg.fits[1]
scw/1530/153000670010.001/swg.fits[1]
scw/1530/153000680010.001/swg.fits[1]
scw/1530/153000850010.001/swg.fits[1]
scw/1530/153000860010.001/swg.fits[1]
scw/1530/153000870010.001/swg.fits[1]
scw/1532/153200020010.001/swg.fits[1]
scw/1532/153200030010.001/swg.fits[1]
scw/1532/153200050010.001/swg.fits[1]
scw/1532/153200060010.001/swg.fits[1]
scw/1532/153200070010.001/swg.fits[1]
scw/1532/153200080010.001/swg.fits[1]
scw/1532/153200310010.001/swg.fits[1]
scw/1532/153200320010.001/swg.fits[1]
scw/1532/153200330010.001/swg.fits[1]
scw/1532/153200370010.001/swg.fits[1]
scw/1532/153200380010.001/swg.fits[1]
scw/1532/153200390010.001/swg.fits[1]
scw/1532/153200660010.001/swg.fits[1]
scw/1532/153200680010.001/swg.fits[1]
scw/1532/153200690010.001/swg.fits[1]
scw/1532/153200730010.001/swg.fits[1]
scw/1532/153200740010.001/swg.fits[1]
scw/1532/153200750010.001/swg.fits[1]
scw/1533/153300140010.001/swg.fits[1]
scw/1533/153300150010.001/swg.fits[1]
scw/1533/153300160010.001/swg.fits[1]
scw/1533/153300200010.001/swg.fits[1]
scw/1533/153300210010.001/swg.fits[1]
scw/1533/153300220010.001/swg.fits[1]
scw/1533/153300370010.001/swg.fits[1]
scw/1533/153300410010.001/swg.fits[1]
scw/1533/153300420010.001/swg.fits[1]
scw/1533/153300430010.001/swg.fits[1]
scw/1533/153300580010.001/swg.fits[1]
scw/1533/153300590010.001/swg.fits[1]
scw/1533/153300650010.001/swg.fits[1]
scw/1533/153300660010.001/swg.fits[1]
scw/1533/153300670010.001/swg.fits[1]
scw/1533/153300800010.001/swg.fits[1]
scw/1533/153300860010.001/swg.fits[1]
scw/1533/153300870010.001/swg.fits[1]
scw/1533/153300880010.001/swg.fits[1]
scw/1533/153300900010.001/swg.fits[1]
scw/1578/157800040010.001/swg.fits[1]
scw/1578/157800050010.001/swg.fits[1]
scw/1578/157800060010.001/swg.fits[1]
scw/1578/157800070010.001/swg.fits[1]
scw/1578/157800880010.001/swg.fits[1]
scw/1578/157800920010.001/swg.fits[1]
scw/1578/157800930010.001/swg.fits[1]
scw/1578/157800940010.001/swg.fits[1]
scw/1580/158000630010.001/swg.fits[1]
scw/1580/158000640010.001/swg.fits[1]
scw/1580/158000650010.001/swg.fits[1]
scw/1580/158000660010.001/swg.fits[1]
scw/1580/158000810010.001/swg.fits[1]
scw/1580/158000820010.001/swg.fits[1]
scw/1580/158000850010.001/swg.fits[1]
scw/1580/158000860010.001/swg.fits[1]
scw/1582/158200610010.001/swg.fits[1]
scw/1582/158200620010.001/swg.fits[1]
scw/1582/158200630010.001/swg.fits[1]
scw/1582/158200640010.001/swg.fits[1]
scw/1583/158300560010.001/swg.fits[1]
scw/1583/158300570010.001/swg.fits[1]
scw/1583/158300610010.001/swg.fits[1]
scw/1583/158300620010.001/swg.fits[1]
scw/1583/158300630010.001/swg.fits[1]
scw/1583/158300810010.001/swg.fits[1]
scw/1583/158300820010.001/swg.fits[1]
scw/1583/158300830010.001/swg.fits[1]
scw/1584/158400240010.001/swg.fits[1]
scw/1584/158400250010.001/swg.fits[1]
scw/1585/158500110010.001/swg.fits[1]
scw/1585/158500120010.001/swg.fits[1]
scw/1585/158500130010.001/swg.fits[1]
scw/1585/158500340010.001/swg.fits[1]
scw/1585/158500350010.001/swg.fits[1]
scw/1585/158500390010.001/swg.fits[1]
scw/1585/158500400010.001/swg.fits[1]
scw/1585/158500410010.001/swg.fits[1]
scw/1587/158700110010.001/swg.fits[1]
scw/1587/158700120010.001/swg.fits[1]
scw/1587/158700130010.001/swg.fits[1]
scw/1587/158700280010.001/swg.fits[1]
scw/1587/158700290010.001/swg.fits[1]
scw/1587/158700360010.001/swg.fits[1]
scw/1587/158700370010.001/swg.fits[1]
scw/1589/158900380010.001/swg.fits[1]
scw/1589/158900390010.001/swg.fits[1]
scw/1589/158900520010.001/swg.fits[1]
scw/1589/158900530010.001/swg.fits[1]
scw/1590/159000180010.001/swg.fits[1]
scw/1590/159000190010.001/swg.fits[1]
scw/1590/159000210010.001/swg.fits[1]
scw/1590/159000220010.001/swg.fits[1]
scw/1590/159000460010.001/swg.fits[1]
scw/1590/159000470010.001/swg.fits[1]
scw/1590/159000510010.001/swg.fits[1]
scw/1590/159000520010.001/swg.fits[1]
scw/1590/159000530010.001/swg.fits[1]
scw/1590/159000720010.001/swg.fits[1]
scw/1590/159000780010.001/swg.fits[1]
scw/1590/159000790010.001/swg.fits[1]
scw/1590/159000800010.001/swg.fits[1]
scw/1591/159100100010.001/swg.fits[1]
scw/1591/159100110010.001/swg.fits[1]
scw/1591/159100120010.001/swg.fits[1]
scw/1591/159100130010.001/swg.fits[1]
scw/1591/159100300010.001/swg.fits[1]
scw/1591/159100340010.001/swg.fits[1]
scw/1591/159100350010.001/swg.fits[1]
scw/1591/159100360010.001/swg.fits[1]
scw/1591/159100390010.001/swg.fits[1]
scw/1591/159100400010.001/swg.fits[1]
scw/1591/159100540010.001/swg.fits[1]
scw/1591/159100550010.001/swg.fits[1]
scw/1591/159100620010.001/swg.fits[1]
scw/1591/159100630010.001/swg.fits[1]
scw/1592/159200110010.001/swg.fits[1]
scw/1592/159200120010.001/swg.fits[1]
scw/1592/159200300010.001/swg.fits[1]
scw/1592/159200310010.001/swg.fits[1]
scw/1592/159200380010.001/swg.fits[1]
scw/1592/159200390010.001/swg.fits[1]
scw/1592/159200660010.001/swg.fits[1]
scw/1592/159200670010.001/swg.fits[1]
scw/1592/159200730010.001/swg.fits[1]
scw/1592/159200740010.001/swg.fits[1]
scw/1594/159400150010.001/swg.fits[1]
scw/1594/159400160010.001/swg.fits[1]
scw/1594/159400220010.001/swg.fits[1]
scw/1594/159400230010.001/swg.fits[1]
scw/1594/159400650010.001/swg.fits[1]
scw/1594/159400690010.001/swg.fits[1]
scw/1594/159400700010.001/swg.fits[1]
scw/1594/159400750010.001/swg.fits[1]
scw/1594/159400760010.001/swg.fits[1]
scw/1595/159500120010.001/swg.fits[1]
scw/1595/159500310010.001/swg.fits[1]
scw/1595/159500320010.001/swg.fits[1]
scw/1595/159500400010.001/swg.fits[1]
scw/1595/159500410010.001/swg.fits[1]
scw/1595/159500720010.001/swg.fits[1]
scw/1595/159500730010.001/swg.fits[1]
scw/1595/159500780010.001/swg.fits[1]
scw/1595/159500790010.001/swg.fits[1]
scw/1597/159700410010.001/swg.fits[1]
scw/1597/159700420010.001/swg.fits[1]
scw/1597/159700430010.001/swg.fits[1]
scw/1597/159700620010.001/swg.fits[1]
scw/1597/159700630010.001/swg.fits[1]
scw/1597/159700690010.001/swg.fits[1]
scw/1597/159700700010.001/swg.fits[1]
scw/1603/160300300010.001/swg.fits[1]
scw/1603/160300310010.001/swg.fits[1]
scw/1603/160300320010.001/swg.fits[1]
scw/1603/160300330010.001/swg.fits[1]
scw/1604/160400100010.001/swg.fits[1]
scw/1604/160400110010.001/swg.fits[1]
scw/1604/160400120010.001/swg.fits[1]
scw/1604/160400130010.001/swg.fits[1]
scw/1643/164300880010.001/swg.fits[1]
scw/1643/164300920010.001/swg.fits[1]
scw/1643/164300930010.001/swg.fits[1]
scw/1645/164500050010.001/swg.fits[1]
scw/1645/164500060010.001/swg.fits[1]
scw/1646/164600060010.001/swg.fits[1]
scw/1646/164600070010.001/swg.fits[1]
scw/1646/164600080010.001/swg.fits[1]
scw/1646/164600150010.001/swg.fits[1]
scw/1646/164600160010.001/swg.fits[1]
scw/1646/164600170010.001/swg.fits[1]
scw/1646/164600220010.001/swg.fits[1]
scw/1646/164600230010.001/swg.fits[1]
scw/1646/164600240010.001/swg.fits[1]
scw/1646/164600260010.001/swg.fits[1]
scw/1647/164700020010.001/swg.fits[1]
scw/1647/164700070010.001/swg.fits[1]
scw/1647/164700080010.001/swg.fits[1]
scw/1647/164700090010.001/swg.fits[1]
scw/1647/164700130010.001/swg.fits[1]
scw/1647/164700140010.001/swg.fits[1]
scw/1647/164700170010.001/swg.fits[1]
scw/1647/164700180010.001/swg.fits[1]
scw/1647/164700890010.001/swg.fits[1]
scw/1647/164700900010.001/swg.fits[1]
scw/1647/164700910010.001/swg.fits[1]
scw/1647/164700950010.001/swg.fits[1]
scw/1647/164700960010.001/swg.fits[1]
scw/1649/164900080010.001/swg.fits[1]
scw/1649/164900090010.001/swg.fits[1]
scw/1649/164900100010.001/swg.fits[1]
scw/1649/164900150010.001/swg.fits[1]
scw/1649/164900170010.001/swg.fits[1]
scw/1649/164900180010.001/swg.fits[1]
scw/1649/164900190010.001/swg.fits[1]
scw/1649/164900240010.001/swg.fits[1]
scw/1649/164900250010.001/swg.fits[1]
scw/1649/164900950010.001/swg.fits[1]
scw/1649/164900960010.001/swg.fits[1]
scw/1650/165000030010.001/swg.fits[1]
scw/1650/165000040010.001/swg.fits[1]
scw/1650/165000050010.001/swg.fits[1]
scw/1650/165000070010.001/swg.fits[1]
scw/1650/165000230010.001/swg.fits[1]
scw/1650/165000240010.001/swg.fits[1]
scw/1650/165000290010.001/swg.fits[1]
scw/1650/165000300010.001/swg.fits[1]
scw/1650/165000430010.001/swg.fits[1]
scw/1650/165000470010.001/swg.fits[1]
scw/1650/165000480010.001/swg.fits[1]
scw/1650/165000490010.001/swg.fits[1]
scw/1650/165000510010.001/swg.fits[1]
scw/1650/165000520010.001/swg.fits[1]
scw/1650/165000780010.001/swg.fits[1]
scw/1650/165000790010.001/swg.fits[1]
scw/1650/165000820010.001/swg.fits[1]
scw/1650/165000830010.001/swg.fits[1]
scw/1650/165000840010.001/swg.fits[1]
scw/1650/165000880010.001/swg.fits[1]
scw/1650/165000890010.001/swg.fits[1]
scw/1652/165200350010.001/swg.fits[1]
scw/1652/165200390010.001/swg.fits[1]
scw/1652/165200400010.001/swg.fits[1]
scw/1652/165200410010.001/swg.fits[1]
scw/1652/165200440010.001/swg.fits[1]
scw/1652/165200450010.001/swg.fits[1]
scw/1652/165200460010.001/swg.fits[1]
scw/1652/165200500010.001/swg.fits[1]
scw/1652/165200510010.001/swg.fits[1]
scw/1652/165200740010.001/swg.fits[1]
scw/1652/165200750010.001/swg.fits[1]
scw/1652/165200810010.001/swg.fits[1]
