scw/1470/147000410010.001/swg.fits[1]
scw/1470/147000420010.001/swg.fits[1]
scw/1470/147000430010.001/swg.fits[1]
scw/1508/150800410010.001/swg.fits[1]
scw/1508/150800490010.001/swg.fits[1]
scw/1508/150800500010.001/swg.fits[1]
scw/1508/150800510010.001/swg.fits[1]
scw/1508/150800840010.001/swg.fits[1]
scw/1508/150800850010.001/swg.fits[1]
scw/1508/150800860010.001/swg.fits[1]
scw/1509/150900120010.001/swg.fits[1]
scw/1509/150900130010.001/swg.fits[1]
scw/1509/150900190010.001/swg.fits[1]
scw/1509/150900200010.001/swg.fits[1]
scw/1509/150900210010.001/swg.fits[1]
scw/1509/150900230010.001/swg.fits[1]
scw/1509/150900440010.001/swg.fits[1]
scw/1509/150900450010.001/swg.fits[1]
scw/1509/150900460010.001/swg.fits[1]
scw/1509/150900490010.001/swg.fits[1]
scw/1509/150900500010.001/swg.fits[1]
scw/1509/150900630010.001/swg.fits[1]
scw/1509/150900640010.001/swg.fits[1]
scw/1509/150900650010.001/swg.fits[1]
scw/1509/150900730010.001/swg.fits[1]
scw/1509/150900970010.001/swg.fits[1]
scw/1509/150900980010.001/swg.fits[1]
scw/1509/150900990010.001/swg.fits[1]
scw/1510/151000020010.001/swg.fits[1]
scw/1510/151000030010.001/swg.fits[1]
scw/1510/151000040010.001/swg.fits[1]
scw/1510/151000350010.001/swg.fits[1]
scw/1510/151000360010.001/swg.fits[1]
scw/1510/151000420010.001/swg.fits[1]
scw/1510/151000430010.001/swg.fits[1]
scw/1510/151000440010.001/swg.fits[1]
scw/1510/151000460010.001/swg.fits[1]
scw/1510/151000600010.001/swg.fits[1]
scw/1510/151000610010.001/swg.fits[1]
scw/1510/151000620010.001/swg.fits[1]
scw/1510/151000630010.001/swg.fits[1]
scw/1510/151000690010.001/swg.fits[1]
scw/1510/151000700010.001/swg.fits[1]
scw/1511/151100460010.001/swg.fits[1]
scw/1511/151100470010.001/swg.fits[1]
scw/1511/151100480010.001/swg.fits[1]
scw/1511/151100610010.001/swg.fits[1]
scw/1511/151100620010.001/swg.fits[1]
scw/1511/151100710010.001/swg.fits[1]
scw/1512/151200020010.001/swg.fits[1]
scw/1512/151200030010.001/swg.fits[1]
scw/1512/151200040010.001/swg.fits[1]
scw/1512/151200420010.001/swg.fits[1]
scw/1512/151200460010.001/swg.fits[1]
scw/1512/151200470010.001/swg.fits[1]
scw/1512/151200480010.001/swg.fits[1]
scw/1512/151200490010.001/swg.fits[1]
scw/1512/151200620010.001/swg.fits[1]
scw/1512/151200680010.001/swg.fits[1]
scw/1512/151200690010.001/swg.fits[1]
scw/1512/151200700010.001/swg.fits[1]
scw/1512/151200720010.001/swg.fits[1]
scw/1512/151200880010.001/swg.fits[1]
scw/1512/151200890010.001/swg.fits[1]
scw/1512/151200940010.001/swg.fits[1]
scw/1512/151200950010.001/swg.fits[1]
scw/1513/151300020010.001/swg.fits[1]
scw/1513/151300030010.001/swg.fits[1]
scw/1513/151300040010.001/swg.fits[1]
scw/1513/151300360010.001/swg.fits[1]
scw/1513/151300370010.001/swg.fits[1]
scw/1513/151300410010.001/swg.fits[1]
scw/1513/151300420010.001/swg.fits[1]
scw/1513/151300430010.001/swg.fits[1]
scw/1513/151300440010.001/swg.fits[1]
scw/1513/151300470010.001/swg.fits[1]
scw/1513/151300620010.001/swg.fits[1]
scw/1513/151300680010.001/swg.fits[1]
scw/1513/151300690010.001/swg.fits[1]
scw/1513/151300700010.001/swg.fits[1]
scw/1513/151300720010.001/swg.fits[1]
scw/1514/151400120010.001/swg.fits[1]
scw/1514/151400130010.001/swg.fits[1]
scw/1514/151400200010.001/swg.fits[1]
scw/1514/151400210010.001/swg.fits[1]
scw/1514/151400370010.001/swg.fits[1]
scw/1514/151400380010.001/swg.fits[1]
scw/1514/151400710010.001/swg.fits[1]
scw/1514/151400720010.001/swg.fits[1]
scw/1514/151400730010.001/swg.fits[1]
scw/1514/151400870010.001/swg.fits[1]
scw/1514/151400880010.001/swg.fits[1]
scw/1514/151400890010.001/swg.fits[1]
scw/1517/151700050010.001/swg.fits[1]
scw/1517/151700060010.001/swg.fits[1]
scw/1517/151700070010.001/swg.fits[1]
scw/1517/151700280010.001/swg.fits[1]
scw/1517/151700300010.001/swg.fits[1]
scw/1517/151700310010.001/swg.fits[1]
scw/1517/151700750010.001/swg.fits[1]
scw/1517/151700800010.001/swg.fits[1]
scw/1517/151700810010.001/swg.fits[1]
scw/1517/151700820010.001/swg.fits[1]
scw/1519/151900190010.001/swg.fits[1]
scw/1519/151900200010.001/swg.fits[1]
scw/1519/151900210010.001/swg.fits[1]
scw/1519/151900480010.001/swg.fits[1]
scw/1519/151900490010.001/swg.fits[1]
scw/1519/151900500010.001/swg.fits[1]
scw/1519/151900730010.001/swg.fits[1]
scw/1519/151900740010.001/swg.fits[1]
scw/1519/151900810010.001/swg.fits[1]
scw/1519/151900820010.001/swg.fits[1]
scw/1521/152100180010.001/swg.fits[1]
scw/1521/152100190010.001/swg.fits[1]
scw/1521/152100200010.001/swg.fits[1]
scw/1521/152100470010.001/swg.fits[1]
scw/1521/152100480010.001/swg.fits[1]
scw/1521/152100490010.001/swg.fits[1]
scw/1521/152100620010.001/swg.fits[1]
scw/1521/152100630010.001/swg.fits[1]
scw/1521/152100660010.001/swg.fits[1]
scw/1521/152100670010.001/swg.fits[1]
scw/1521/152100710010.001/swg.fits[1]
scw/1521/152100790010.001/swg.fits[1]
scw/1521/152100800010.001/swg.fits[1]
scw/1521/152100810010.001/swg.fits[1]
scw/1521/152100950010.001/swg.fits[1]
scw/1522/152200180010.001/swg.fits[1]
scw/1522/152200190010.001/swg.fits[1]
scw/1522/152200200010.001/swg.fits[1]
scw/1522/152200530010.001/swg.fits[1]
scw/1522/152200540010.001/swg.fits[1]
scw/1522/152200550010.001/swg.fits[1]
scw/1522/152200860010.001/swg.fits[1]
scw/1525/152500180010.001/swg.fits[1]
scw/1525/152500190010.001/swg.fits[1]
scw/1525/152500200010.001/swg.fits[1]
scw/1525/152500470010.001/swg.fits[1]
scw/1525/152500480010.001/swg.fits[1]
scw/1525/152500490010.001/swg.fits[1]
scw/1525/152500660010.001/swg.fits[1]
scw/1525/152500670010.001/swg.fits[1]
scw/1525/152500680010.001/swg.fits[1]
scw/1525/152500710010.001/swg.fits[1]
scw/1525/152500720010.001/swg.fits[1]
scw/1525/152500780010.001/swg.fits[1]
scw/1526/152600060010.001/swg.fits[1]
scw/1526/152600120010.001/swg.fits[1]
scw/1526/152600130010.001/swg.fits[1]
scw/1526/152600140010.001/swg.fits[1]
scw/1526/152600160010.001/swg.fits[1]
scw/1526/152600170010.001/swg.fits[1]
scw/1526/152600370010.001/swg.fits[1]
scw/1526/152600380010.001/swg.fits[1]
scw/1526/152600730010.001/swg.fits[1]
scw/1526/152600740010.001/swg.fits[1]
scw/1526/152600750010.001/swg.fits[1]
scw/1527/152700180010.001/swg.fits[1]
scw/1527/152700190010.001/swg.fits[1]
scw/1527/152700200010.001/swg.fits[1]
scw/1527/152700470010.001/swg.fits[1]
scw/1527/152700480010.001/swg.fits[1]
scw/1527/152700490010.001/swg.fits[1]
scw/1527/152700780010.001/swg.fits[1]
scw/1527/152700840010.001/swg.fits[1]
scw/1527/152700850010.001/swg.fits[1]
scw/1527/152700860010.001/swg.fits[1]
scw/1529/152900100010.001/swg.fits[1]
scw/1529/152900140010.001/swg.fits[1]
scw/1529/152900150010.001/swg.fits[1]
scw/1529/152900160010.001/swg.fits[1]
scw/1529/152900190010.001/swg.fits[1]
scw/1529/152900200010.001/swg.fits[1]
scw/1529/152900210010.001/swg.fits[1]
scw/1529/152900590010.001/swg.fits[1]
scw/1529/152900600010.001/swg.fits[1]
scw/1529/152900610010.001/swg.fits[1]
scw/1529/152900910010.001/swg.fits[1]
scw/1529/152900920010.001/swg.fits[1]
scw/1530/153000030010.001/swg.fits[1]
scw/1530/153000040010.001/swg.fits[1]
scw/1530/153000050010.001/swg.fits[1]
scw/1530/153000070010.001/swg.fits[1]
scw/1530/153000280010.001/swg.fits[1]
scw/1530/153000290010.001/swg.fits[1]
scw/1530/153000300010.001/swg.fits[1]
scw/1530/153000630010.001/swg.fits[1]
scw/1530/153000640010.001/swg.fits[1]
scw/1530/153000650010.001/swg.fits[1]
scw/1532/153200040010.001/swg.fits[1]
scw/1532/153200340010.001/swg.fits[1]
scw/1532/153200350010.001/swg.fits[1]
scw/1532/153200360010.001/swg.fits[1]
scw/1532/153200700010.001/swg.fits[1]
scw/1532/153200710010.001/swg.fits[1]
scw/1532/153200720010.001/swg.fits[1]
scw/1533/153300170010.001/swg.fits[1]
scw/1533/153300180010.001/swg.fits[1]
scw/1533/153300190010.001/swg.fits[1]
scw/1533/153300380010.001/swg.fits[1]
scw/1533/153300390010.001/swg.fits[1]
scw/1533/153300400010.001/swg.fits[1]
scw/1533/153300690010.001/swg.fits[1]
scw/1533/153300700010.001/swg.fits[1]
scw/1533/153300710010.001/swg.fits[1]
scw/1533/153300910010.001/swg.fits[1]
scw/1533/153300920010.001/swg.fits[1]
scw/1578/157800080010.001/swg.fits[1]
scw/1578/157800090010.001/swg.fits[1]
scw/1578/157800100010.001/swg.fits[1]
scw/1578/157800840010.001/swg.fits[1]
scw/1578/157800850010.001/swg.fits[1]
scw/1578/157800860010.001/swg.fits[1]
scw/1578/157800870010.001/swg.fits[1]
scw/1580/158000670010.001/swg.fits[1]
scw/1580/158000680010.001/swg.fits[1]
scw/1580/158000690010.001/swg.fits[1]
scw/1580/158000760010.001/swg.fits[1]
scw/1580/158000770010.001/swg.fits[1]
scw/1580/158000780010.001/swg.fits[1]
scw/1580/158000800010.001/swg.fits[1]
scw/1582/158200650010.001/swg.fits[1]
scw/1582/158200660010.001/swg.fits[1]
scw/1582/158200670010.001/swg.fits[1]
scw/1582/158200820010.001/swg.fits[1]
scw/1583/158300530010.001/swg.fits[1]
scw/1583/158300540010.001/swg.fits[1]
scw/1583/158300550010.001/swg.fits[1]
scw/1583/158300800010.001/swg.fits[1]
scw/1583/158300840010.001/swg.fits[1]
scw/1583/158300850010.001/swg.fits[1]
scw/1583/158300860010.001/swg.fits[1]
scw/1584/158400160010.001/swg.fits[1]
scw/1584/158400170010.001/swg.fits[1]
scw/1584/158400180010.001/swg.fits[1]
scw/1584/158400260010.001/swg.fits[1]
scw/1585/158500100010.001/swg.fits[1]
scw/1585/158500140010.001/swg.fits[1]
scw/1585/158500150010.001/swg.fits[1]
scw/1585/158500160010.001/swg.fits[1]
scw/1585/158500230010.001/swg.fits[1]
scw/1585/158500310010.001/swg.fits[1]
