scw/0401/040100260010.001/swg.fits[1]
scw/0401/040100320010.001/swg.fits[1]
scw/0401/040100330010.001/swg.fits[1]
scw/0711/071100160010.001/swg.fits[1]
scw/0711/071100360010.001/swg.fits[1]
scw/0711/071100370010.001/swg.fits[1]
scw/0711/071100460010.001/swg.fits[1]
scw/0711/071100670010.001/swg.fits[1]
scw/0951/095100230010.001/swg.fits[1]
scw/0951/095100240010.001/swg.fits[1]
scw/0951/095100600010.001/swg.fits[1]
scw/0951/095100610010.001/swg.fits[1]
scw/0952/095200190010.001/swg.fits[1]
scw/0952/095200200010.001/swg.fits[1]
scw/1073/107300190010.001/swg.fits[1]
scw/1073/107300200010.001/swg.fits[1]
scw/1073/107300570010.001/swg.fits[1]
scw/1073/107300580010.001/swg.fits[1]
scw/1198/119800750010.001/swg.fits[1]
scw/1198/119800760010.001/swg.fits[1]
scw/1257/125700750010.001/swg.fits[1]
scw/1257/125700760010.001/swg.fits[1]
scw/1257/125700770010.001/swg.fits[1]
scw/1318/131800430010.001/swg.fits[1]
scw/1318/131800440010.001/swg.fits[1]
scw/1318/131800770010.001/swg.fits[1]
scw/1318/131800780010.001/swg.fits[1]
scw/2120/212000160010.001/swg.fits[1]
scw/2120/212000360010.001/swg.fits[1]
scw/2120/212000370010.001/swg.fits[1]
scw/2120/212000460010.001/swg.fits[1]
