scw/0183/018300980010.001/swg.fits[1]
scw/0183/018300990010.001/swg.fits[1]
scw/0183/018301000010.001/swg.fits[1]
scw/0183/018301010010.001/swg.fits[1]
scw/0185/018501000010.001/swg.fits[1]
scw/0185/018501010010.001/swg.fits[1]
scw/0185/018501020010.001/swg.fits[1]
scw/0185/018501030010.001/swg.fits[1]
scw/0186/018600480010.001/swg.fits[1]
scw/0186/018600490010.001/swg.fits[1]
scw/0186/018600500010.001/swg.fits[1]
scw/0186/018600510010.001/swg.fits[1]
scw/0244/024400570010.001/swg.fits[1]
scw/0244/024400580010.001/swg.fits[1]
scw/0496/049600040010.001/swg.fits[1]
scw/0924/092400040010.001/swg.fits[1]
scw/0924/092400050010.001/swg.fits[1]
scw/0924/092400060010.001/swg.fits[1]
scw/0925/092500350010.001/swg.fits[1]
scw/0925/092500360010.001/swg.fits[1]
scw/0925/092500370010.001/swg.fits[1]
scw/0925/092500470010.001/swg.fits[1]
scw/0925/092500480010.001/swg.fits[1]
scw/0925/092500490010.001/swg.fits[1]
