scw/1783/178300390010.001/swg.fits[1]
scw/1783/178300440010.001/swg.fits[1]
scw/1783/178300450010.001/swg.fits[1]
scw/1783/178300460010.001/swg.fits[1]
scw/1783/178300480010.001/swg.fits[1]
scw/1786/178600400010.001/swg.fits[1]
scw/1786/178600410010.001/swg.fits[1]
scw/1786/178600420010.001/swg.fits[1]
scw/1786/178600430010.001/swg.fits[1]
scw/1786/178600480010.001/swg.fits[1]
scw/1786/178600490010.001/swg.fits[1]
scw/1786/178600500010.001/swg.fits[1]
scw/1786/178600520010.001/swg.fits[1]
scw/1786/178600580010.001/swg.fits[1]
scw/1786/178600620010.001/swg.fits[1]
scw/1786/178600630010.001/swg.fits[1]
scw/1786/178600640010.001/swg.fits[1]
scw/1786/178600680010.001/swg.fits[1]
scw/1786/178600690010.001/swg.fits[1]
scw/1787/178700010010.001/swg.fits[1]
scw/1787/178700020010.001/swg.fits[1]
scw/1787/178700030010.001/swg.fits[1]
scw/1787/178700040010.001/swg.fits[1]
scw/1787/178700170010.001/swg.fits[1]
scw/1787/178700180010.001/swg.fits[1]
scw/1789/178900180010.001/swg.fits[1]
scw/1789/178900190010.001/swg.fits[1]
scw/1789/178900240010.001/swg.fits[1]
scw/1789/178900250010.001/swg.fits[1]
scw/1790/179000030010.001/swg.fits[1]
scw/1790/179000040010.001/swg.fits[1]
scw/1790/179000050010.001/swg.fits[1]
scw/1790/179000160010.001/swg.fits[1]
scw/1790/179000170010.001/swg.fits[1]
scw/1790/179000180010.001/swg.fits[1]
scw/1790/179000190010.001/swg.fits[1]
scw/1790/179000340010.001/swg.fits[1]
scw/1790/179000480010.001/swg.fits[1]
scw/1790/179000490010.001/swg.fits[1]
scw/1790/179000500010.001/swg.fits[1]
scw/1790/179000630010.001/swg.fits[1]
scw/1790/179000640010.001/swg.fits[1]
scw/1790/179000650010.001/swg.fits[1]
scw/1790/179000660010.001/swg.fits[1]
scw/1791/179100030010.001/swg.fits[1]
scw/1791/179100040010.001/swg.fits[1]
scw/1791/179100050010.001/swg.fits[1]
scw/1791/179100120010.001/swg.fits[1]
scw/1791/179100130010.001/swg.fits[1]
scw/1791/179100140010.001/swg.fits[1]
scw/1791/179100320010.001/swg.fits[1]
scw/1791/179100330010.001/swg.fits[1]
scw/1791/179100470010.001/swg.fits[1]
scw/1791/179100480010.001/swg.fits[1]
scw/1791/179100490010.001/swg.fits[1]
scw/1791/179100500010.001/swg.fits[1]
scw/1791/179100580010.001/swg.fits[1]
scw/1792/179200030010.001/swg.fits[1]
scw/1792/179200040010.001/swg.fits[1]
scw/1792/179200050010.001/swg.fits[1]
scw/1792/179200180010.001/swg.fits[1]
scw/1792/179200200010.001/swg.fits[1]
scw/1792/179200210010.001/swg.fits[1]
scw/1792/179200220010.001/swg.fits[1]
scw/1792/179200270010.001/swg.fits[1]
scw/1792/179200280010.001/swg.fits[1]
scw/1792/179200290010.001/swg.fits[1]
scw/1792/179200370010.001/swg.fits[1]
scw/1792/179200380010.001/swg.fits[1]
scw/1792/179200530010.001/swg.fits[1]
scw/1792/179200540010.001/swg.fits[1]
scw/1792/179200550010.001/swg.fits[1]
scw/1792/179200680010.001/swg.fits[1]
scw/1792/179200690010.001/swg.fits[1]
scw/1792/179200700010.001/swg.fits[1]
scw/1792/179200710010.001/swg.fits[1]
scw/1792/179200840010.001/swg.fits[1]
scw/1792/179200850010.001/swg.fits[1]
scw/1792/179200860010.001/swg.fits[1]
scw/1792/179200870010.001/swg.fits[1]
scw/1793/179300030010.001/swg.fits[1]
scw/1793/179300040010.001/swg.fits[1]
scw/1793/179300050010.001/swg.fits[1]
scw/1793/179300090010.001/swg.fits[1]
scw/1793/179300100010.001/swg.fits[1]
scw/1793/179300240010.001/swg.fits[1]
scw/1793/179300250010.001/swg.fits[1]
scw/1793/179300260010.001/swg.fits[1]
scw/1793/179300270010.001/swg.fits[1]
scw/1793/179300350010.001/swg.fits[1]
scw/1793/179300440010.001/swg.fits[1]
scw/1793/179300450010.001/swg.fits[1]
scw/1793/179300580010.001/swg.fits[1]
scw/1793/179300590010.001/swg.fits[1]
scw/1793/179300600010.001/swg.fits[1]
scw/1793/179300760010.001/swg.fits[1]
scw/1796/179600380010.001/swg.fits[1]
scw/1796/179600390010.001/swg.fits[1]
scw/1796/179600400010.001/swg.fits[1]
scw/1796/179600610010.001/swg.fits[1]
scw/1796/179600620010.001/swg.fits[1]
scw/1796/179600630010.001/swg.fits[1]
scw/1796/179600660010.001/swg.fits[1]
scw/1796/179600670010.001/swg.fits[1]
scw/1796/179600780010.001/swg.fits[1]
scw/1796/179600790010.001/swg.fits[1]
scw/1798/179800090010.001/swg.fits[1]
scw/1798/179800100010.001/swg.fits[1]
scw/1799/179900040010.001/swg.fits[1]
scw/1799/179900050010.001/swg.fits[1]
scw/1799/179900210010.001/swg.fits[1]
scw/1799/179900220010.001/swg.fits[1]
scw/1799/179900310010.001/swg.fits[1]
scw/1799/179900380010.001/swg.fits[1]
scw/1799/179900390010.001/swg.fits[1]
scw/1799/179900400010.001/swg.fits[1]
scw/1799/179900410010.001/swg.fits[1]
scw/1799/179900560010.001/swg.fits[1]
scw/1799/179900710010.001/swg.fits[1]
scw/1799/179900720010.001/swg.fits[1]
scw/1799/179900730010.001/swg.fits[1]
scw/1799/179900860010.001/swg.fits[1]
scw/1799/179900870010.001/swg.fits[1]
scw/1799/179900880010.001/swg.fits[1]
scw/1799/179900890010.001/swg.fits[1]
scw/1799/179900920010.001/swg.fits[1]
scw/1799/179900920020.001/swg.fits[1]
scw/1800/180000020010.001/swg.fits[1]
scw/1800/180000030010.001/swg.fits[1]
scw/1800/180000040010.001/swg.fits[1]
scw/1800/180000050010.001/swg.fits[1]
scw/1800/180000180010.001/swg.fits[1]
scw/1800/180000190010.001/swg.fits[1]
scw/1800/180000200010.001/swg.fits[1]
scw/1800/180000210010.001/swg.fits[1]
scw/1800/180000290010.001/swg.fits[1]
scw/1800/180000460010.001/swg.fits[1]
scw/1800/180000520010.001/swg.fits[1]
scw/1800/180000530010.001/swg.fits[1]
scw/1800/180000540010.001/swg.fits[1]
scw/1800/180000560010.001/swg.fits[1]
scw/1800/180000630010.001/swg.fits[1]
scw/1800/180000650010.001/swg.fits[1]
scw/1802/180200040010.001/swg.fits[1]
scw/1802/180200050010.001/swg.fits[1]
scw/1802/180200060010.001/swg.fits[1]
scw/1802/180200070010.001/swg.fits[1]
scw/1802/180200200010.001/swg.fits[1]
scw/1802/180200210010.001/swg.fits[1]
scw/1802/180200220010.001/swg.fits[1]
scw/1802/180200300010.001/swg.fits[1]
scw/1802/180200460010.001/swg.fits[1]
scw/1802/180200470010.001/swg.fits[1]
scw/1802/180200610010.001/swg.fits[1]
scw/1802/180200620010.001/swg.fits[1]
scw/1802/180200630010.001/swg.fits[1]
scw/1802/180200640010.001/swg.fits[1]
scw/1802/180200780010.001/swg.fits[1]
scw/1802/180200790010.001/swg.fits[1]
scw/1802/180200800010.001/swg.fits[1]
scw/1803/180300020010.001/swg.fits[1]
scw/1803/180300030010.001/swg.fits[1]
scw/1803/180300190010.001/swg.fits[1]
scw/1803/180300200010.001/swg.fits[1]
scw/1803/180300340010.001/swg.fits[1]
scw/1803/180300350010.001/swg.fits[1]
scw/1803/180300360010.001/swg.fits[1]
scw/1803/180300490010.001/swg.fits[1]
scw/1803/180300500010.001/swg.fits[1]
scw/1803/180300510010.001/swg.fits[1]
scw/1803/180300520010.001/swg.fits[1]
scw/1803/180300670010.001/swg.fits[1]
scw/1803/180300680010.001/swg.fits[1]
scw/1806/180600040010.001/swg.fits[1]
scw/1849/184900020010.001/swg.fits[1]
scw/1849/184900030010.001/swg.fits[1]
scw/1849/184900050010.001/swg.fits[1]
scw/1849/184900060010.001/swg.fits[1]
scw/1849/184900070010.001/swg.fits[1]
scw/1849/184900080010.001/swg.fits[1]
scw/1849/184900740010.001/swg.fits[1]
scw/1849/184900780010.001/swg.fits[1]
scw/1849/184900790010.001/swg.fits[1]
scw/1849/184900800010.001/swg.fits[1]
scw/1849/184900800020.001/swg.fits[1]
scw/1850/185000360010.001/swg.fits[1]
scw/1850/185000370010.001/swg.fits[1]
scw/1850/185000380010.001/swg.fits[1]
scw/1854/185400640010.001/swg.fits[1]
scw/1854/185400650010.001/swg.fits[1]
scw/1854/185400660010.001/swg.fits[1]
scw/1854/185400720010.001/swg.fits[1]
scw/1854/185400730010.001/swg.fits[1]
scw/1854/185400780010.001/swg.fits[1]
scw/1854/185400790010.001/swg.fits[1]
scw/1855/185500360010.001/swg.fits[1]
scw/1855/185500440010.001/swg.fits[1]
scw/1855/185500450010.001/swg.fits[1]
scw/1855/185500460010.001/swg.fits[1]
scw/1855/185500470010.001/swg.fits[1]
scw/1855/185500560010.001/swg.fits[1]
scw/1855/185500600010.001/swg.fits[1]
scw/1855/185500610010.001/swg.fits[1]
scw/1855/185500620010.001/swg.fits[1]
scw/1855/185500720010.001/swg.fits[1]
scw/1855/185500730010.001/swg.fits[1]
scw/1858/185800080010.001/swg.fits[1]
scw/1858/185800090010.001/swg.fits[1]
scw/1858/185800100010.001/swg.fits[1]
scw/1858/185800110010.001/swg.fits[1]
scw/1858/185800120010.001/swg.fits[1]
scw/1858/185800130010.001/swg.fits[1]
scw/1858/185800190010.001/swg.fits[1]
scw/1858/185800420010.001/swg.fits[1]
scw/1858/185800440010.001/swg.fits[1]
scw/1858/185800450010.001/swg.fits[1]
scw/1858/185800460010.001/swg.fits[1]
scw/1858/185800510010.001/swg.fits[1]
scw/1858/185800520010.001/swg.fits[1]
scw/1858/185800530010.001/swg.fits[1]
scw/1858/185800550010.001/swg.fits[1]
scw/1859/185900130010.001/swg.fits[1]
scw/1859/185900150010.001/swg.fits[1]
scw/1859/185900160010.001/swg.fits[1]
scw/1859/185900170010.001/swg.fits[1]
scw/1859/185900230010.001/swg.fits[1]
scw/1859/185900240010.001/swg.fits[1]
scw/1859/185900480010.001/swg.fits[1]
scw/1859/185900520010.001/swg.fits[1]
scw/1859/185900530010.001/swg.fits[1]
scw/1859/185900540010.001/swg.fits[1]
scw/1859/185900660010.001/swg.fits[1]
scw/1859/185900730010.001/swg.fits[1]
scw/1859/185900740010.001/swg.fits[1]
scw/1859/185900760010.001/swg.fits[1]
scw/1859/185900770010.001/swg.fits[1]
scw/1871/187100040010.001/swg.fits[1]
scw/1871/187100080010.001/swg.fits[1]
scw/1871/187100090010.001/swg.fits[1]
scw/1871/187100100010.001/swg.fits[1]
scw/1871/187100150010.001/swg.fits[1]
scw/1871/187100160010.001/swg.fits[1]
scw/1871/187100170010.001/swg.fits[1]
