scw/0067/006700190010.001/swg.fits[1]
scw/0067/006700200010.001/swg.fits[1]
scw/0153/015300200010.001/swg.fits[1]
scw/0153/015300210010.001/swg.fits[1]
scw/0154/015400670010.001/swg.fits[1]
scw/0154/015400680010.001/swg.fits[1]
scw/0154/015400720010.001/swg.fits[1]
scw/0154/015400730010.001/swg.fits[1]
scw/0159/015900250010.001/swg.fits[1]
scw/0159/015900260010.001/swg.fits[1]
scw/0159/015900300010.001/swg.fits[1]
scw/0159/015900310010.001/swg.fits[1]
scw/0159/015900730010.001/swg.fits[1]
scw/0159/015900740010.001/swg.fits[1]
scw/0159/015900780010.001/swg.fits[1]
scw/0159/015900790010.001/swg.fits[1]
scw/0160/016000240010.001/swg.fits[1]
scw/0160/016000250010.001/swg.fits[1]
scw/0160/016000290010.001/swg.fits[1]
scw/0160/016000300010.001/swg.fits[1]
scw/0160/016000720010.001/swg.fits[1]
scw/0160/016000730010.001/swg.fits[1]
scw/0160/016000770010.001/swg.fits[1]
scw/0160/016000780010.001/swg.fits[1]
scw/0190/019000040010.001/swg.fits[1]
scw/0190/019000050010.001/swg.fits[1]
scw/0190/019000510010.001/swg.fits[1]
scw/0190/019000520010.001/swg.fits[1]
scw/0190/019000560010.001/swg.fits[1]
scw/0190/019000570010.001/swg.fits[1]
scw/0191/019100060010.001/swg.fits[1]
scw/0191/019100070010.001/swg.fits[1]
scw/0191/019100110010.001/swg.fits[1]
scw/0191/019100120010.001/swg.fits[1]
scw/0191/019100540010.001/swg.fits[1]
scw/0191/019100550010.001/swg.fits[1]
scw/0252/025200190010.001/swg.fits[1]
scw/0253/025300280010.001/swg.fits[1]
scw/0255/025500660010.001/swg.fits[1]
scw/0255/025500660020.001/swg.fits[1]
scw/0263/026300100010.001/swg.fits[1]
scw/0303/030300030010.001/swg.fits[1]
scw/0315/031500210010.001/swg.fits[1]
scw/0332/033200030010.001/swg.fits[1]
scw/0453/045300660010.001/swg.fits[1]
scw/0453/045300660020.001/swg.fits[1]
scw/0462/046200280010.001/swg.fits[1]
scw/0630/063000580010.001/swg.fits[1]
scw/0630/063000590010.001/swg.fits[1]
scw/0682/068200150010.001/swg.fits[1]
scw/0682/068200160010.001/swg.fits[1]
scw/0742/074200760010.001/swg.fits[1]
scw/0742/074200770010.001/swg.fits[1]
scw/0756/075600570010.001/swg.fits[1]
scw/0756/075600580010.001/swg.fits[1]
scw/0804/080400380010.001/swg.fits[1]
scw/0804/080400390010.001/swg.fits[1]
scw/0985/098500780010.001/swg.fits[1]
scw/0985/098500800010.001/swg.fits[1]
scw/0994/099400640010.001/swg.fits[1]
scw/0994/099400650010.001/swg.fits[1]
scw/1184/118400050010.001/swg.fits[1]
scw/1241/124100090010.001/swg.fits[1]
scw/1293/129300610010.001/swg.fits[1]
scw/1296/129600820010.001/swg.fits[1]
scw/1296/129600890010.001/swg.fits[1]
scw/1315/131500500010.001/swg.fits[1]
scw/1484/148400200010.001/swg.fits[1]
scw/1554/155400080010.001/swg.fits[1]
scw/1557/155700060010.001/swg.fits[1]
scw/1558/155800570010.001/swg.fits[1]
scw/1561/156100030010.001/swg.fits[1]
scw/1562/156200090010.001/swg.fits[1]
scw/1624/162400190010.001/swg.fits[1]
scw/2111/211100040010.001/swg.fits[1]
scw/2392/239200520010.001/swg.fits[1]
scw/2396/239600420010.001/swg.fits[1]
scw/2396/239600510010.001/swg.fits[1]
scw/2427/242700340010.001/swg.fits[1]
scw/2451/245100250010.001/swg.fits[1]
scw/2464/246400260010.001/swg.fits[1]
