scw/0051/005100530010.001/swg.fits[1]
scw/0055/005500750010.001/swg.fits[1]
scw/0063/006300100010.001/swg.fits[1]
scw/0170/017001040010.001/swg.fits[1]
scw/0229/022900580010.001/swg.fits[1]
scw/0250/025000130010.001/swg.fits[1]
scw/0412/041200230010.001/swg.fits[1]
scw/0618/061800150010.001/swg.fits[1]
scw/0618/061800170010.001/swg.fits[1]
scw/0618/061800180010.001/swg.fits[1]
scw/0618/061800190010.001/swg.fits[1]
scw/0618/061800250010.001/swg.fits[1]
scw/0618/061800280010.001/swg.fits[1]
scw/0618/061800380010.001/swg.fits[1]
scw/0618/061800390010.001/swg.fits[1]
scw/0618/061800400010.001/swg.fits[1]
scw/0618/061800420010.001/swg.fits[1]
scw/0619/061900130010.001/swg.fits[1]
scw/0619/061900140010.001/swg.fits[1]
scw/0619/061900170010.001/swg.fits[1]
scw/0619/061900180010.001/swg.fits[1]
scw/0619/061900330010.001/swg.fits[1]
scw/0619/061900340010.001/swg.fits[1]
scw/0619/061900350010.001/swg.fits[1]
scw/0619/061900360010.001/swg.fits[1]
scw/0619/061900370010.001/swg.fits[1]
scw/0619/061900380010.001/swg.fits[1]
scw/0620/062000200010.001/swg.fits[1]
scw/0620/062000210010.001/swg.fits[1]
scw/0620/062000260010.001/swg.fits[1]
scw/0620/062000270010.001/swg.fits[1]
scw/0620/062000300010.001/swg.fits[1]
scw/0620/062000360010.001/swg.fits[1]
scw/0620/062000370010.001/swg.fits[1]
scw/0620/062000380010.001/swg.fits[1]
scw/0620/062000400010.001/swg.fits[1]
scw/0620/062000410010.001/swg.fits[1]
scw/0674/067400990010.001/swg.fits[1]
scw/0674/067401000010.001/swg.fits[1]
scw/0675/067500030010.001/swg.fits[1]
scw/0675/067500040010.001/swg.fits[1]
scw/0676/067600110010.001/swg.fits[1]
scw/0676/067600130010.001/swg.fits[1]
scw/0676/067600140010.001/swg.fits[1]
scw/0676/067600150010.001/swg.fits[1]
scw/0676/067600210010.001/swg.fits[1]
scw/0676/067600240010.001/swg.fits[1]
scw/0676/067600250010.001/swg.fits[1]
scw/0676/067600300010.001/swg.fits[1]
scw/0676/067600310010.001/swg.fits[1]
scw/0676/067600340010.001/swg.fits[1]
scw/0676/067600600010.001/swg.fits[1]
scw/0677/067700460010.001/swg.fits[1]
scw/0677/067700470010.001/swg.fits[1]
scw/0677/067700500010.001/swg.fits[1]
scw/0678/067800110010.001/swg.fits[1]
scw/0679/067900120010.001/swg.fits[1]
scw/0679/067900130010.001/swg.fits[1]
scw/0679/067900140010.001/swg.fits[1]
scw/0679/067900140020.001/swg.fits[1]
scw/0679/067900780010.001/swg.fits[1]
scw/0679/067900810010.001/swg.fits[1]
scw/0679/067900820010.001/swg.fits[1]
scw/0918/091800760010.001/swg.fits[1]
scw/0918/091800770010.001/swg.fits[1]
scw/0919/091900170010.001/swg.fits[1]
scw/0919/091900180010.001/swg.fits[1]
scw/0919/091900270010.001/swg.fits[1]
scw/0919/091900280010.001/swg.fits[1]
scw/0919/091900360010.001/swg.fits[1]
scw/0919/091900370010.001/swg.fits[1]
scw/0919/091900380010.001/swg.fits[1]
scw/0919/091900470010.001/swg.fits[1]
scw/0919/091900480010.001/swg.fits[1]
scw/0919/091900490010.001/swg.fits[1]
scw/0920/092000020010.001/swg.fits[1]
scw/0920/092000030010.001/swg.fits[1]
scw/0920/092000120010.001/swg.fits[1]
scw/0920/092000130010.001/swg.fits[1]
scw/0920/092000310010.001/swg.fits[1]
scw/0920/092000320010.001/swg.fits[1]
scw/0920/092000420010.001/swg.fits[1]
scw/0920/092000430010.001/swg.fits[1]
scw/0920/092000440010.001/swg.fits[1]
scw/0920/092000510010.001/swg.fits[1]
scw/0920/092000520010.001/swg.fits[1]
scw/0920/092000530010.001/swg.fits[1]
scw/0921/092100190010.001/swg.fits[1]
scw/0921/092100200010.001/swg.fits[1]
scw/0921/092100290010.001/swg.fits[1]
scw/0921/092100300010.001/swg.fits[1]
scw/0921/092100390010.001/swg.fits[1]
scw/0921/092100400010.001/swg.fits[1]
scw/0921/092100490010.001/swg.fits[1]
scw/0921/092100500010.001/swg.fits[1]
scw/0921/092100590010.001/swg.fits[1]
scw/0921/092100600010.001/swg.fits[1]
scw/0922/092200020010.001/swg.fits[1]
scw/0922/092200030010.001/swg.fits[1]
scw/0922/092200120010.001/swg.fits[1]
scw/0922/092200130010.001/swg.fits[1]
scw/0922/092200320010.001/swg.fits[1]
scw/0922/092200330010.001/swg.fits[1]
scw/0922/092200420010.001/swg.fits[1]
scw/0922/092200430010.001/swg.fits[1]
scw/0923/092300190010.001/swg.fits[1]
scw/0923/092300200010.001/swg.fits[1]
scw/0923/092300290010.001/swg.fits[1]
scw/0923/092300300010.001/swg.fits[1]
scw/0923/092300390010.001/swg.fits[1]
scw/0923/092300400010.001/swg.fits[1]
scw/0923/092300490010.001/swg.fits[1]
scw/0923/092300500010.001/swg.fits[1]
scw/0923/092300590010.001/swg.fits[1]
scw/0923/092300600010.001/swg.fits[1]
scw/0924/092400580010.001/swg.fits[1]
scw/0924/092400590010.001/swg.fits[1]
scw/0924/092400680010.001/swg.fits[1]
scw/0924/092400690010.001/swg.fits[1]
scw/0924/092400780010.001/swg.fits[1]
scw/0924/092400790010.001/swg.fits[1]
scw/0924/092400800010.001/swg.fits[1]
scw/0924/092400870010.001/swg.fits[1]
scw/0924/092400880010.001/swg.fits[1]
scw/0924/092400890010.001/swg.fits[1]
scw/0979/097900490010.001/swg.fits[1]
scw/0979/097900500010.001/swg.fits[1]
scw/0979/097900590010.001/swg.fits[1]
scw/0979/097900600010.001/swg.fits[1]
scw/0979/097900690010.001/swg.fits[1]
scw/0979/097900700010.001/swg.fits[1]
scw/0979/097900790010.001/swg.fits[1]
scw/0979/097900800010.001/swg.fits[1]
scw/0979/097900890010.001/swg.fits[1]
scw/0979/097900900010.001/swg.fits[1]
scw/0979/097900990010.001/swg.fits[1]
scw/0979/097901000010.001/swg.fits[1]
scw/0980/098000670010.001/swg.fits[1]
scw/0980/098000680010.001/swg.fits[1]
scw/0980/098000690010.001/swg.fits[1]
scw/0980/098000760010.001/swg.fits[1]
scw/0980/098000770010.001/swg.fits[1]
scw/0980/098000780010.001/swg.fits[1]
scw/0980/098000870010.001/swg.fits[1]
scw/0980/098000880010.001/swg.fits[1]
scw/0980/098000970010.001/swg.fits[1]
scw/0980/098000980010.001/swg.fits[1]
scw/1048/104800820010.001/swg.fits[1]
scw/1053/105300620010.001/swg.fits[1]
scw/1172/117200310010.001/swg.fits[1]
scw/1297/129700880010.001/swg.fits[1]
scw/1610/161000360010.001/swg.fits[1]
scw/2280/228000020010.001/swg.fits[1]
scw/2290/229000740010.001/swg.fits[1]
scw/2290/229000760010.001/swg.fits[1]
scw/2290/229000770010.001/swg.fits[1]
scw/2290/229000780010.001/swg.fits[1]
scw/2294/229400070010.001/swg.fits[1]
scw/2294/229400150010.001/swg.fits[1]
scw/2294/229400160010.001/swg.fits[1]
scw/2294/229400170010.001/swg.fits[1]
scw/2294/229400180010.001/swg.fits[1]
scw/2428/242800160010.001/swg.fits[1]
scw/2428/242800170010.001/swg.fits[1]
scw/2433/243300420010.001/swg.fits[1]
scw/2433/243300480010.001/swg.fits[1]
scw/2433/243300490010.001/swg.fits[1]
scw/2433/243300500010.001/swg.fits[1]
scw/2433/243300510010.001/swg.fits[1]
scw/2433/243300520010.001/swg.fits[1]
scw/2433/243300530010.001/swg.fits[1]
scw/2436/243600530010.001/swg.fits[1]
scw/2436/243600570010.001/swg.fits[1]
scw/2436/243600580010.001/swg.fits[1]
scw/2436/243600590010.001/swg.fits[1]
scw/2442/244200520010.001/swg.fits[1]
