scw/0448/044800030010.001/swg.fits[1]
scw/0448/044800100010.001/swg.fits[1]
scw/0448/044800150010.001/swg.fits[1]
scw/0448/044800220010.001/swg.fits[1]
scw/0448/044800380010.001/swg.fits[1]
scw/0448/044800450010.001/swg.fits[1]
scw/0448/044800510010.001/swg.fits[1]
scw/0448/044800520010.001/swg.fits[1]
scw/0448/044800570010.001/swg.fits[1]
scw/0448/044800590010.001/swg.fits[1]
scw/0449/044900020010.001/swg.fits[1]
scw/0449/044900090010.001/swg.fits[1]
scw/0449/044900140010.001/swg.fits[1]
scw/0449/044900210010.001/swg.fits[1]
scw/0449/044900370010.001/swg.fits[1]
scw/0449/044900440010.001/swg.fits[1]
scw/0449/044900500010.001/swg.fits[1]
scw/0449/044900510010.001/swg.fits[1]
scw/0449/044900580010.001/swg.fits[1]
scw/0450/045000020010.001/swg.fits[1]
scw/0450/045000090010.001/swg.fits[1]
scw/0450/045000140010.001/swg.fits[1]
scw/0450/045000210010.001/swg.fits[1]
scw/0450/045000370010.001/swg.fits[1]
scw/0450/045000440010.001/swg.fits[1]
scw/0450/045000500010.001/swg.fits[1]
scw/0450/045000510010.001/swg.fits[1]
scw/0450/045000580010.001/swg.fits[1]
scw/0451/045100020010.001/swg.fits[1]
scw/0451/045100090010.001/swg.fits[1]
scw/0451/045100140010.001/swg.fits[1]
scw/0451/045100160010.001/swg.fits[1]
scw/0451/045100210010.001/swg.fits[1]
scw/0451/045100370010.001/swg.fits[1]
scw/0451/045100440010.001/swg.fits[1]
scw/0451/045100500010.001/swg.fits[1]
scw/0451/045100510010.001/swg.fits[1]
scw/0451/045100580010.001/swg.fits[1]
scw/0451/045100580020.001/swg.fits[1]
scw/0678/067800220010.001/swg.fits[1]
scw/0678/067800290010.001/swg.fits[1]
scw/0678/067800360010.001/swg.fits[1]
scw/0678/067800430010.001/swg.fits[1]
scw/0678/067800500010.001/swg.fits[1]
scw/0678/067800570010.001/swg.fits[1]
scw/0679/067900220010.001/swg.fits[1]
scw/0679/067900290010.001/swg.fits[1]
scw/0679/067900360010.001/swg.fits[1]
scw/0679/067900430010.001/swg.fits[1]
scw/0679/067900500010.001/swg.fits[1]
scw/0679/067900570010.001/swg.fits[1]
scw/1283/128300100010.001/swg.fits[1]
scw/1283/128300170010.001/swg.fits[1]
scw/1283/128300240010.001/swg.fits[1]
scw/1283/128300310010.001/swg.fits[1]
scw/1283/128300380010.001/swg.fits[1]
scw/1283/128300450010.001/swg.fits[1]
scw/1283/128300520010.001/swg.fits[1]
scw/1284/128400080010.001/swg.fits[1]
scw/1284/128400130010.001/swg.fits[1]
scw/1284/128400200010.001/swg.fits[1]
scw/1284/128400430010.001/swg.fits[1]
scw/1284/128400550010.001/swg.fits[1]
scw/1623/162300060010.001/swg.fits[1]
scw/1623/162300120010.001/swg.fits[1]
scw/1623/162300460010.001/swg.fits[1]
scw/1623/162300510010.001/swg.fits[1]
scw/1623/162300620010.001/swg.fits[1]
scw/2101/210100220010.001/swg.fits[1]
scw/2101/210100330010.001/swg.fits[1]
scw/2101/210100380010.001/swg.fits[1]
scw/2300/230000050010.001/swg.fits[1]
scw/2300/230000120010.001/swg.fits[1]
scw/2300/230000150010.001/swg.fits[1]
scw/2308/230800100010.001/swg.fits[1]
scw/2308/230800150010.001/swg.fits[1]
scw/2308/230800260010.001/swg.fits[1]
