scw/0043/004300550010.001/swg.fits[1]
scw/0043/004300560010.001/swg.fits[1]
scw/0043/004300600010.001/swg.fits[1]
scw/0043/004300610010.001/swg.fits[1]
scw/0044/004400230010.001/swg.fits[1]
scw/0044/004400240010.001/swg.fits[1]
scw/0044/004400280010.001/swg.fits[1]
scw/0044/004400290010.001/swg.fits[1]
scw/0044/004400730010.001/swg.fits[1]
scw/0044/004400740010.001/swg.fits[1]
scw/0045/004500040010.001/swg.fits[1]
scw/0055/005500830010.001/swg.fits[1]
scw/0102/010200110010.001/swg.fits[1]
scw/0102/010200120010.001/swg.fits[1]
scw/0170/017000410010.001/swg.fits[1]
scw/0170/017000420010.001/swg.fits[1]
scw/0170/017000430010.001/swg.fits[1]
scw/0170/017000780010.001/swg.fits[1]
scw/0170/017000790010.001/swg.fits[1]
scw/0181/018100050010.001/swg.fits[1]
scw/0229/022900500010.001/swg.fits[1]
scw/0239/023900870010.001/swg.fits[1]
scw/0239/023900880010.001/swg.fits[1]
scw/0242/024200100010.001/swg.fits[1]
scw/0300/030000180010.001/swg.fits[1]
scw/0300/030000190010.001/swg.fits[1]
scw/0300/030000280010.001/swg.fits[1]
scw/0301/030100150010.001/swg.fits[1]
scw/0352/035200040010.001/swg.fits[1]
scw/0352/035200050010.001/swg.fits[1]
scw/0352/035200060010.001/swg.fits[1]
scw/0352/035200070010.001/swg.fits[1]
scw/0352/035200080010.001/swg.fits[1]
scw/0352/035200110010.001/swg.fits[1]
scw/0352/035200120010.001/swg.fits[1]
scw/0352/035200130010.001/swg.fits[1]
scw/0352/035200140010.001/swg.fits[1]
scw/0352/035200150010.001/swg.fits[1]
scw/0352/035200180010.001/swg.fits[1]
scw/0352/035200190010.001/swg.fits[1]
scw/0352/035200200010.001/swg.fits[1]
scw/0352/035200210010.001/swg.fits[1]
scw/0352/035200220010.001/swg.fits[1]
scw/0352/035200250010.001/swg.fits[1]
scw/0352/035200260010.001/swg.fits[1]
scw/0352/035200270010.001/swg.fits[1]
scw/0352/035200280010.001/swg.fits[1]
scw/0352/035200290010.001/swg.fits[1]
scw/0352/035200320010.001/swg.fits[1]
scw/0352/035200330010.001/swg.fits[1]
scw/0352/035200340010.001/swg.fits[1]
scw/0352/035200350010.001/swg.fits[1]
scw/0352/035200360010.001/swg.fits[1]
scw/0352/035200390010.001/swg.fits[1]
scw/0352/035200400010.001/swg.fits[1]
scw/0352/035200410010.001/swg.fits[1]
scw/0352/035200420010.001/swg.fits[1]
scw/0352/035200430010.001/swg.fits[1]
scw/0352/035200460010.001/swg.fits[1]
scw/0352/035200470010.001/swg.fits[1]
scw/0352/035200480010.001/swg.fits[1]
scw/0352/035200490010.001/swg.fits[1]
scw/0352/035200500010.001/swg.fits[1]
scw/0352/035200530010.001/swg.fits[1]
scw/0352/035200540010.001/swg.fits[1]
scw/0352/035200550010.001/swg.fits[1]
scw/0352/035200560010.001/swg.fits[1]
scw/0352/035200570010.001/swg.fits[1]
scw/0365/036500830010.001/swg.fits[1]
scw/0365/036500920010.001/swg.fits[1]
scw/0365/036500930010.001/swg.fits[1]
scw/0422/042200160010.001/swg.fits[1]
scw/0422/042200170010.001/swg.fits[1]
scw/0422/042200260010.001/swg.fits[1]
scw/0428/042800700010.001/swg.fits[1]
scw/0541/054100160010.001/swg.fits[1]
scw/0541/054100170010.001/swg.fits[1]
scw/0541/054100260010.001/swg.fits[1]
scw/0541/054100350010.001/swg.fits[1]
scw/0541/054100360010.001/swg.fits[1]
scw/0541/054100370010.001/swg.fits[1]
scw/0541/054100380010.001/swg.fits[1]
scw/0605/060500040010.001/swg.fits[1]
scw/0605/060500130010.001/swg.fits[1]
scw/0605/060500140010.001/swg.fits[1]
scw/0605/060500420010.001/swg.fits[1]
scw/0605/060500430010.001/swg.fits[1]
scw/0605/060500440010.001/swg.fits[1]
scw/0605/060500450010.001/swg.fits[1]
scw/0665/066500160010.001/swg.fits[1]
scw/0665/066500170010.001/swg.fits[1]
scw/0665/066500260010.001/swg.fits[1]
scw/0665/066500350010.001/swg.fits[1]
scw/0665/066500360010.001/swg.fits[1]
scw/0665/066500370010.001/swg.fits[1]
scw/0665/066500380010.001/swg.fits[1]
scw/0665/066500670010.001/swg.fits[1]
scw/0665/066500760010.001/swg.fits[1]
scw/0665/066500770010.001/swg.fits[1]
scw/0665/066500780010.001/swg.fits[1]
scw/0665/066500850010.001/swg.fits[1]
scw/0665/066500860010.001/swg.fits[1]
scw/0665/066500870010.001/swg.fits[1]
scw/0666/066600160010.001/swg.fits[1]
scw/0666/066600170010.001/swg.fits[1]
scw/0666/066600260010.001/swg.fits[1]
scw/0666/066600350010.001/swg.fits[1]
scw/0666/066600360010.001/swg.fits[1]
scw/0666/066600370010.001/swg.fits[1]
scw/0666/066600380010.001/swg.fits[1]
scw/0666/066600680010.001/swg.fits[1]
scw/0666/066600770010.001/swg.fits[1]
scw/0666/066600780010.001/swg.fits[1]
scw/0666/066600860010.001/swg.fits[1]
scw/0666/066600870010.001/swg.fits[1]
scw/0666/066600880010.001/swg.fits[1]
scw/0727/072700020010.001/swg.fits[1]
scw/0727/072700110010.001/swg.fits[1]
scw/0727/072700120010.001/swg.fits[1]
scw/0727/072700400010.001/swg.fits[1]
scw/0727/072700410010.001/swg.fits[1]
scw/0727/072700420010.001/swg.fits[1]
scw/0727/072700520010.001/swg.fits[1]
scw/0727/072700910010.001/swg.fits[1]
scw/0727/072700920010.001/swg.fits[1]
scw/0727/072700930010.001/swg.fits[1]
scw/0727/072701010010.001/swg.fits[1]
scw/0728/072800010010.001/swg.fits[1]
scw/0728/072800100010.001/swg.fits[1]
scw/0728/072800110010.001/swg.fits[1]
scw/0728/072800390010.001/swg.fits[1]
scw/0728/072800400010.001/swg.fits[1]
scw/0728/072800410010.001/swg.fits[1]
scw/0728/072800510010.001/swg.fits[1]
scw/0728/072800600010.001/swg.fits[1]
scw/0728/072800610010.001/swg.fits[1]
scw/0728/072800930010.001/swg.fits[1]
scw/0728/072800940010.001/swg.fits[1]
scw/0728/072800950010.001/swg.fits[1]
scw/0774/077400160010.001/swg.fits[1]
scw/0774/077400170010.001/swg.fits[1]
scw/0774/077400260010.001/swg.fits[1]
scw/0834/083400020010.001/swg.fits[1]
scw/0834/083400030010.001/swg.fits[1]
scw/0834/083400040010.001/swg.fits[1]
scw/0834/083400050010.001/swg.fits[1]
scw/0834/083400060010.001/swg.fits[1]
scw/0834/083400090010.001/swg.fits[1]
scw/0834/083400110010.001/swg.fits[1]
scw/0834/083400120010.001/swg.fits[1]
scw/0834/083400130010.001/swg.fits[1]
scw/0834/083400160010.001/swg.fits[1]
scw/0834/083400170010.001/swg.fits[1]
scw/0834/083400180010.001/swg.fits[1]
scw/0834/083400190010.001/swg.fits[1]
scw/0834/083400200010.001/swg.fits[1]
scw/0834/083400230010.001/swg.fits[1]
scw/0834/083400240010.001/swg.fits[1]
scw/0834/083400250010.001/swg.fits[1]
scw/0834/083400260010.001/swg.fits[1]
scw/0834/083400270010.001/swg.fits[1]
scw/0835/083500120010.001/swg.fits[1]
scw/0835/083500130010.001/swg.fits[1]
scw/0835/083500140010.001/swg.fits[1]
scw/0835/083500150010.001/swg.fits[1]
scw/0835/083500160010.001/swg.fits[1]
scw/0835/083500190010.001/swg.fits[1]
scw/0835/083500210010.001/swg.fits[1]
scw/0835/083500220010.001/swg.fits[1]
scw/0835/083500230010.001/swg.fits[1]
scw/0836/083600020010.001/swg.fits[1]
scw/0836/083600030010.001/swg.fits[1]
scw/0836/083600040010.001/swg.fits[1]
scw/0836/083600050010.001/swg.fits[1]
scw/0836/083600060010.001/swg.fits[1]
scw/0836/083600090010.001/swg.fits[1]
scw/0836/083600110010.001/swg.fits[1]
scw/0836/083600120010.001/swg.fits[1]
scw/0836/083600130010.001/swg.fits[1]
scw/0839/083900110010.001/swg.fits[1]
scw/0839/083900120010.001/swg.fits[1]
scw/0839/083900130010.001/swg.fits[1]
scw/0839/083900390010.001/swg.fits[1]
scw/0839/083900400010.001/swg.fits[1]
scw/0839/083900410010.001/swg.fits[1]
scw/0839/083900600010.001/swg.fits[1]
scw/0839/083900610010.001/swg.fits[1]
scw/0839/083900620010.001/swg.fits[1]
scw/0839/083900630010.001/swg.fits[1]
scw/0839/083900640010.001/swg.fits[1]
scw/0839/083900650010.001/swg.fits[1]
scw/0839/083900820010.001/swg.fits[1]
scw/0839/083900830010.001/swg.fits[1]
scw/0839/083900840010.001/swg.fits[1]
scw/0839/083901110010.001/swg.fits[1]
scw/0839/083901120010.001/swg.fits[1]
scw/0902/090200170010.001/swg.fits[1]
scw/0902/090200180010.001/swg.fits[1]
scw/0902/090200190010.001/swg.fits[1]
scw/0902/090200370010.001/swg.fits[1]
scw/0902/090200380010.001/swg.fits[1]
scw/0912/091200400010.001/swg.fits[1]
scw/0912/091200410010.001/swg.fits[1]
scw/0912/091200440010.001/swg.fits[1]
scw/0912/091200450010.001/swg.fits[1]
scw/0912/091200460010.001/swg.fits[1]
scw/0912/091200470010.001/swg.fits[1]
scw/0912/091200480010.001/swg.fits[1]
scw/0912/091200510010.001/swg.fits[1]
scw/0912/091200520010.001/swg.fits[1]
scw/0912/091200530010.001/swg.fits[1]
scw/0912/091200540010.001/swg.fits[1]
scw/0912/091200550010.001/swg.fits[1]
scw/0912/091200580010.001/swg.fits[1]
scw/0912/091200590010.001/swg.fits[1]
scw/0912/091200600010.001/swg.fits[1]
scw/0912/091200610010.001/swg.fits[1]
scw/0912/091200620010.001/swg.fits[1]
scw/0912/091200660010.001/swg.fits[1]
scw/0912/091200670010.001/swg.fits[1]
scw/0912/091200670020.001/swg.fits[1]
scw/0914/091400080010.001/swg.fits[1]
scw/0914/091400090010.001/swg.fits[1]
scw/0914/091400100010.001/swg.fits[1]
scw/0914/091400110010.001/swg.fits[1]
