scw/1465/146500390010.001/swg.fits[1]
scw/1466/146600290010.001/swg.fits[1]
scw/1508/150800610010.001/swg.fits[1]
scw/1509/150900740010.001/swg.fits[1]
scw/1511/151100720010.001/swg.fits[1]
scw/1514/151400480010.001/swg.fits[1]
scw/1521/152100720010.001/swg.fits[1]
scw/1525/152500790010.001/swg.fits[1]
scw/1578/157800740010.001/swg.fits[1]
scw/1578/157800750010.001/swg.fits[1]
scw/1582/158200810010.001/swg.fits[1]
scw/1584/158400050010.001/swg.fits[1]
scw/1584/158400060010.001/swg.fits[1]
scw/1584/158400070010.001/swg.fits[1]
scw/1585/158500220010.001/swg.fits[1]
scw/1590/159000340010.001/swg.fits[1]
scw/1590/159000600010.001/swg.fits[1]
scw/1645/164500240010.001/swg.fits[1]
scw/1648/164800110010.001/swg.fits[1]
scw/1650/165000700010.001/swg.fits[1]
scw/1657/165700320010.001/swg.fits[1]
scw/1667/166700360010.001/swg.fits[1]
scw/1668/166800310010.001/swg.fits[1]
scw/1668/166800320010.001/swg.fits[1]
scw/1717/171700130010.001/swg.fits[1]
scw/1720/172000770010.001/swg.fits[1]
scw/1721/172100180010.001/swg.fits[1]
scw/1728/172800210010.001/swg.fits[1]
scw/1729/172900130010.001/swg.fits[1]
scw/1729/172900140010.001/swg.fits[1]
scw/1731/173100150010.001/swg.fits[1]
scw/1734/173400390010.001/swg.fits[1]
scw/1734/173400640010.001/swg.fits[1]
scw/1738/173800760010.001/swg.fits[1]
scw/1780/178000650010.001/swg.fits[1]
scw/1780/178000660010.001/swg.fits[1]
scw/1780/178000730010.001/swg.fits[1]
scw/1780/178000740010.001/swg.fits[1]
scw/1782/178200310010.001/swg.fits[1]
scw/1787/178700280010.001/swg.fits[1]
scw/1791/179100590010.001/swg.fits[1]
scw/1793/179300360010.001/swg.fits[1]
scw/1793/179300370010.001/swg.fits[1]
scw/1799/179900320010.001/swg.fits[1]
scw/1800/180000310010.001/swg.fits[1]
scw/1802/180200310010.001/swg.fits[1]
scw/1802/180200320010.001/swg.fits[1]
scw/1855/185500350010.001/swg.fits[1]
scw/1859/185900040010.001/swg.fits[1]
scw/1859/185900050010.001/swg.fits[1]
scw/1919/191900140010.001/swg.fits[1]
scw/1926/192600150010.001/swg.fits[1]
scw/1926/192600160010.001/swg.fits[1]
scw/1940/194000370010.001/swg.fits[1]
scw/1986/198600490010.001/swg.fits[1]
scw/1986/198600500010.001/swg.fits[1]
scw/1986/198600510010.001/swg.fits[1]
scw/1994/199400130010.001/swg.fits[1]
scw/1994/199400140010.001/swg.fits[1]
scw/1995/199500130010.001/swg.fits[1]
scw/1995/199500140010.001/swg.fits[1]
scw/2057/205700330010.001/swg.fits[1]
scw/2064/206400310010.001/swg.fits[1]
scw/2064/206400350010.001/swg.fits[1]
scw/2064/206400360010.001/swg.fits[1]
scw/2064/206400370010.001/swg.fits[1]
scw/2065/206500290010.001/swg.fits[1]
scw/2071/207100310010.001/swg.fits[1]
scw/2077/207700190010.001/swg.fits[1]
scw/2077/207700200010.001/swg.fits[1]
scw/2077/207700280010.001/swg.fits[1]
scw/2125/212500780010.001/swg.fits[1]
scw/2129/212900070010.001/swg.fits[1]
scw/2129/212900150010.001/swg.fits[1]
scw/2129/212900160010.001/swg.fits[1]
scw/2129/212900170010.001/swg.fits[1]
scw/2140/214000140010.001/swg.fits[1]
scw/2145/214500050010.001/swg.fits[1]
scw/2145/214500060010.001/swg.fits[1]
scw/2145/214500070010.001/swg.fits[1]
scw/2146/214600060010.001/swg.fits[1]
scw/2146/214600070010.001/swg.fits[1]
scw/2150/215000060010.001/swg.fits[1]
scw/2192/219200130010.001/swg.fits[1]
scw/2192/219200140010.001/swg.fits[1]
scw/2192/219200150010.001/swg.fits[1]
scw/2192/219200230010.001/swg.fits[1]
scw/2196/219600210010.001/swg.fits[1]
scw/2199/219900570010.001/swg.fits[1]
scw/2199/219900580010.001/swg.fits[1]
scw/2199/219900610010.001/swg.fits[1]
scw/2199/219900620010.001/swg.fits[1]
scw/2199/219900630010.001/swg.fits[1]
scw/2200/220000190010.001/swg.fits[1]
scw/2200/220000200010.001/swg.fits[1]
scw/2200/220000210010.001/swg.fits[1]
scw/2200/220000280010.001/swg.fits[1]
scw/2200/220000290010.001/swg.fits[1]
scw/2204/220400320010.001/swg.fits[1]
scw/2207/220700430010.001/swg.fits[1]
scw/2261/226100280010.001/swg.fits[1]
scw/2280/228000530010.001/swg.fits[1]
scw/2280/228000540010.001/swg.fits[1]
scw/2283/228300530010.001/swg.fits[1]
scw/2283/228300540010.001/swg.fits[1]
scw/2283/228300550010.001/swg.fits[1]
scw/2326/232600070010.001/swg.fits[1]
scw/2326/232600080010.001/swg.fits[1]
scw/2326/232600130010.001/swg.fits[1]
scw/2326/232600140010.001/swg.fits[1]
scw/2326/232600440010.001/swg.fits[1]
scw/2326/232600460010.001/swg.fits[1]
scw/2326/232600470010.001/swg.fits[1]
scw/2327/232700070010.001/swg.fits[1]
scw/2327/232700340010.001/swg.fits[1]
scw/2327/232700380010.001/swg.fits[1]
scw/2327/232700390010.001/swg.fits[1]
scw/2340/234000230010.001/swg.fits[1]
scw/2340/234000290010.001/swg.fits[1]
scw/2340/234000300010.001/swg.fits[1]
scw/2340/234000310010.001/swg.fits[1]
scw/2340/234000320010.001/swg.fits[1]
scw/2340/234000330010.001/swg.fits[1]
scw/2467/246700700010.001/swg.fits[1]
scw/2467/246700710010.001/swg.fits[1]
