scw/1143/114300280010.001/swg.fits[1]
scw/1144/114400180010.001/swg.fits[1]
scw/1144/114400190010.001/swg.fits[1]
scw/1144/114400830010.001/swg.fits[1]
scw/1144/114400840010.001/swg.fits[1]
scw/1145/114500110010.001/swg.fits[1]
scw/1145/114500120010.001/swg.fits[1]
scw/1145/114500780010.001/swg.fits[1]
scw/1145/114500840010.001/swg.fits[1]
scw/1145/114500850010.001/swg.fits[1]
scw/1145/114500860010.001/swg.fits[1]
scw/1146/114600030010.001/swg.fits[1]
scw/1146/114600040010.001/swg.fits[1]
scw/1146/114600780010.001/swg.fits[1]
scw/1146/114600840010.001/swg.fits[1]
scw/1146/114600850010.001/swg.fits[1]
scw/1146/114600860010.001/swg.fits[1]
scw/1147/114700520010.001/swg.fits[1]
scw/1147/114700530010.001/swg.fits[1]
scw/1147/114700540010.001/swg.fits[1]
scw/1147/114700600010.001/swg.fits[1]
scw/1153/115300540010.001/swg.fits[1]
scw/1153/115300600010.001/swg.fits[1]
scw/1153/115300610010.001/swg.fits[1]
scw/1153/115300620010.001/swg.fits[1]
scw/1153/115300900010.001/swg.fits[1]
scw/1153/115300910010.001/swg.fits[1]
scw/1153/115300980010.001/swg.fits[1]
scw/1153/115300990010.001/swg.fits[1]
scw/1155/115500880010.001/swg.fits[1]
scw/1155/115500890010.001/swg.fits[1]
scw/1155/115500960010.001/swg.fits[1]
scw/1200/120001030010.001/swg.fits[1]
scw/1201/120100020010.001/swg.fits[1]
scw/1201/120100080010.001/swg.fits[1]
scw/1203/120300590010.001/swg.fits[1]
scw/1203/120300610010.001/swg.fits[1]
scw/1203/120300620010.001/swg.fits[1]
scw/1203/120300630010.001/swg.fits[1]
scw/1203/120300680010.001/swg.fits[1]
scw/1203/120300690010.001/swg.fits[1]
scw/1204/120400020010.001/swg.fits[1]
scw/1204/120400070010.001/swg.fits[1]
scw/1204/120400080010.001/swg.fits[1]
scw/1206/120600150010.001/swg.fits[1]
scw/1207/120700340010.001/swg.fits[1]
scw/1207/120700350010.001/swg.fits[1]
scw/1207/120700400010.001/swg.fits[1]
scw/1207/120700410010.001/swg.fits[1]
scw/1207/120700420010.001/swg.fits[1]
scw/1207/120700440010.001/swg.fits[1]
scw/1207/120700530010.001/swg.fits[1]
scw/1207/120700570010.001/swg.fits[1]
scw/1207/120700580010.001/swg.fits[1]
scw/1208/120800300010.001/swg.fits[1]
scw/1208/120800310010.001/swg.fits[1]
scw/1208/120800320010.001/swg.fits[1]
scw/1208/120800380010.001/swg.fits[1]
scw/1208/120801050010.001/swg.fits[1]
scw/1208/120801060010.001/swg.fits[1]
scw/1209/120900020010.001/swg.fits[1]
scw/1209/120900060010.001/swg.fits[1]
scw/1209/120900070010.001/swg.fits[1]
scw/1209/120900110010.001/swg.fits[1]
scw/1209/120900120010.001/swg.fits[1]
scw/1209/120900940010.001/swg.fits[1]
scw/1209/120900950010.001/swg.fits[1]
scw/1210/121000130010.001/swg.fits[1]
scw/1210/121000860010.001/swg.fits[1]
scw/1210/121000870010.001/swg.fits[1]
scw/1218/121800570010.001/swg.fits[1]
scw/1218/121800580010.001/swg.fits[1]
scw/1218/121800590010.001/swg.fits[1]
scw/1218/121800650010.001/swg.fits[1]
scw/1219/121900280010.001/swg.fits[1]
scw/1219/121900340010.001/swg.fits[1]
scw/1219/121900350010.001/swg.fits[1]
scw/1219/121900360010.001/swg.fits[1]
scw/1219/121900640010.001/swg.fits[1]
scw/1219/121900650010.001/swg.fits[1]
scw/1220/122000170010.001/swg.fits[1]
scw/1220/122000180010.001/swg.fits[1]
scw/1220/122000250010.001/swg.fits[1]
scw/1220/122000260010.001/swg.fits[1]
scw/1220/122000540010.001/swg.fits[1]
scw/1220/122000550010.001/swg.fits[1]
scw/1220/122000620010.001/swg.fits[1]
scw/1223/122300890010.001/swg.fits[1]
scw/1223/122300900010.001/swg.fits[1]
scw/1223/122300910010.001/swg.fits[1]
scw/1259/125900050010.001/swg.fits[1]
scw/1265/126500090010.001/swg.fits[1]
scw/1265/126500100010.001/swg.fits[1]
scw/1265/126500910010.001/swg.fits[1]
scw/1266/126600110010.001/swg.fits[1]
scw/1266/126600120010.001/swg.fits[1]
scw/1266/126600780010.001/swg.fits[1]
scw/1266/126600840010.001/swg.fits[1]
scw/1266/126600850010.001/swg.fits[1]
scw/1266/126600860010.001/swg.fits[1]
scw/1267/126700090010.001/swg.fits[1]
scw/1267/126700100010.001/swg.fits[1]
scw/1267/126700840010.001/swg.fits[1]
scw/1267/126700900010.001/swg.fits[1]
scw/1267/126700910010.001/swg.fits[1]
scw/1267/126700920010.001/swg.fits[1]
scw/1271/127100100010.001/swg.fits[1]
scw/1271/127100110010.001/swg.fits[1]
scw/1271/127100120010.001/swg.fits[1]
scw/1271/127100180010.001/swg.fits[1]
scw/1271/127100840010.001/swg.fits[1]
scw/1271/127100850010.001/swg.fits[1]
scw/1274/127400320010.001/swg.fits[1]
scw/1274/127400330010.001/swg.fits[1]
scw/1274/127400340010.001/swg.fits[1]
scw/1274/127400390010.001/swg.fits[1]
scw/1274/127400400010.001/swg.fits[1]
scw/1274/127400800010.001/swg.fits[1]
scw/1274/127400810010.001/swg.fits[1]
scw/1274/127400870010.001/swg.fits[1]
scw/1274/127400880010.001/swg.fits[1]
scw/1274/127400890010.001/swg.fits[1]
scw/1316/131600400010.001/swg.fits[1]
scw/1316/131600460010.001/swg.fits[1]
scw/1318/131800080010.001/swg.fits[1]
scw/1318/131800090010.001/swg.fits[1]
scw/1318/131800230010.001/swg.fits[1]
scw/1326/132600470010.001/swg.fits[1]
scw/1326/132600480010.001/swg.fits[1]
scw/1329/132900060010.001/swg.fits[1]
scw/1329/132900070010.001/swg.fits[1]
scw/1329/132900080010.001/swg.fits[1]
scw/1330/133000490010.001/swg.fits[1]
scw/1330/133000500010.001/swg.fits[1]
scw/1331/133100080010.001/swg.fits[1]
scw/1331/133100090010.001/swg.fits[1]
scw/1332/133200490010.001/swg.fits[1]
scw/1343/134300060010.001/swg.fits[1]
scw/1344/134400060010.001/swg.fits[1]
scw/1344/134400070010.001/swg.fits[1]
scw/1345/134500070010.001/swg.fits[1]
scw/1346/134600060010.001/swg.fits[1]
scw/1346/134600070010.001/swg.fits[1]
scw/1386/138600380010.001/swg.fits[1]
scw/1392/139200440010.001/swg.fits[1]
scw/1395/139500880010.001/swg.fits[1]
scw/1398/139800700010.001/swg.fits[1]
scw/1398/139800710010.001/swg.fits[1]
scw/1401/140100190010.001/swg.fits[1]
scw/1401/140100200010.001/swg.fits[1]
scw/1404/140400110010.001/swg.fits[1]
scw/1404/140400120010.001/swg.fits[1]
scw/1404/140400130010.001/swg.fits[1]
scw/1446/144600310010.001/swg.fits[1]
scw/1446/144600360010.001/swg.fits[1]
scw/1446/144600370010.001/swg.fits[1]
scw/1447/144700100010.001/swg.fits[1]
scw/1447/144700150010.001/swg.fits[1]
scw/1447/144700160010.001/swg.fits[1]
scw/1448/144800780010.001/swg.fits[1]
scw/1448/144800930010.001/swg.fits[1]
scw/1448/144800940010.001/swg.fits[1]
scw/1448/144800950010.001/swg.fits[1]
scw/1448/144800960010.001/swg.fits[1]
scw/1449/144900080010.001/swg.fits[1]
scw/1449/144900090010.001/swg.fits[1]
scw/1449/144900100010.001/swg.fits[1]
scw/1449/144900110010.001/swg.fits[1]
scw/1449/144900400010.001/swg.fits[1]
scw/1449/144900410010.001/swg.fits[1]
scw/1449/144900420010.001/swg.fits[1]
scw/1449/144900490010.001/swg.fits[1]
scw/1449/144900500010.001/swg.fits[1]
scw/1449/144900570010.001/swg.fits[1]
scw/1460/146000230010.001/swg.fits[1]
scw/1464/146401120010.001/swg.fits[1]
scw/1466/146600580010.001/swg.fits[1]
scw/1466/146600620010.001/swg.fits[1]
scw/1466/146600630010.001/swg.fits[1]
scw/1467/146700980010.001/swg.fits[1]
scw/1467/146701020010.001/swg.fits[1]
scw/1467/146701030010.001/swg.fits[1]
scw/1467/146701040010.001/swg.fits[1]
scw/1508/150800680010.001/swg.fits[1]
scw/1508/150800690010.001/swg.fits[1]
scw/1510/151000180010.001/swg.fits[1]
scw/1512/151200100010.001/swg.fits[1]
scw/1512/151200110010.001/swg.fits[1]
scw/1513/151300180010.001/swg.fits[1]
scw/1513/151300190010.001/swg.fits[1]
scw/1513/151300200010.001/swg.fits[1]
scw/1514/151400630010.001/swg.fits[1]
scw/1517/151700890010.001/swg.fits[1]
scw/1517/151700900010.001/swg.fits[1]
scw/1519/151900410010.001/swg.fits[1]
scw/1519/151900420010.001/swg.fits[1]
scw/1521/152100410010.001/swg.fits[1]
scw/1525/152500570010.001/swg.fits[1]
scw/1529/152900350010.001/swg.fits[1]
scw/1529/152900360010.001/swg.fits[1]
scw/1587/158700480010.001/swg.fits[1]
scw/1589/158900730010.001/swg.fits[1]
scw/1590/159000020010.001/swg.fits[1]
scw/1590/159000060010.001/swg.fits[1]
scw/1590/159000070010.001/swg.fits[1]
scw/1591/159100700010.001/swg.fits[1]
scw/1591/159100740010.001/swg.fits[1]
scw/1591/159100750010.001/swg.fits[1]
scw/1592/159200020010.001/swg.fits[1]
