scw/0055/005500660010.001/swg.fits[1]
scw/0066/006600150010.001/swg.fits[1]
scw/0076/007600160010.001/swg.fits[1]
scw/0086/008600090010.001/swg.fits[1]
scw/0146/014600100010.001/swg.fits[1]
scw/0161/016100070010.001/swg.fits[1]
scw/0201/020100080010.001/swg.fits[1]
scw/0203/020300090010.001/swg.fits[1]
scw/0209/020900160030.001/swg.fits[1]
scw/0209/020900160050.001/swg.fits[1]
scw/0229/022900030010.001/swg.fits[1]
scw/0256/025600140010.001/swg.fits[1]
scw/0260/026000100010.001/swg.fits[1]
scw/0268/026800070010.001/swg.fits[1]
scw/0271/027100070010.001/swg.fits[1]
scw/0275/027500110010.001/swg.fits[1]
scw/0280/028000070010.001/swg.fits[1]
scw/0291/029100020010.001/swg.fits[1]
scw/0317/031700090010.001/swg.fits[1]
scw/0327/032700060010.001/swg.fits[1]
scw/0335/033500070010.001/swg.fits[1]
scw/0380/038000110010.001/swg.fits[1]
scw/0398/039800080010.001/swg.fits[1]
scw/0407/040700240010.001/swg.fits[1]
scw/0436/043600120010.001/swg.fits[1]
scw/0444/044400090010.001/swg.fits[1]
scw/0455/045500400010.001/swg.fits[1]
scw/0463/046300280010.001/swg.fits[1]
scw/0467/046700060010.001/swg.fits[1]
scw/0588/058800970010.001/swg.fits[1]
scw/1051/105100930010.001/swg.fits[1]
scw/1053/105300540010.001/swg.fits[1]
scw/1054/105400560010.001/swg.fits[1]
scw/1056/105600880010.001/swg.fits[1]
scw/1058/105800580010.001/swg.fits[1]
scw/1133/113300830010.001/swg.fits[1]
scw/1171/117100950010.001/swg.fits[1]
scw/1178/117800900010.001/swg.fits[1]
scw/1181/118100790010.001/swg.fits[1]
scw/1182/118200650010.001/swg.fits[1]
scw/1186/118600590010.001/swg.fits[1]
scw/1245/124500670010.001/swg.fits[1]
scw/1301/130100580010.001/swg.fits[1]
scw/1301/130100620010.001/swg.fits[1]
scw/1306/130600610010.001/swg.fits[1]
scw/1366/136600090010.001/swg.fits[1]
scw/1366/136600200010.001/swg.fits[1]
scw/1373/137300080010.001/swg.fits[1]
scw/1373/137300230010.001/swg.fits[1]
scw/1375/137500070010.001/swg.fits[1]
scw/1472/147200070010.001/swg.fits[1]
scw/1485/148500060010.001/swg.fits[1]
scw/1609/160900390010.001/swg.fits[1]
scw/1609/160900430010.001/swg.fits[1]
scw/1609/160900440010.001/swg.fits[1]
scw/1609/160900450010.001/swg.fits[1]
scw/1610/161000100010.001/swg.fits[1]
scw/1610/161000110010.001/swg.fits[1]
scw/1610/161000120010.001/swg.fits[1]
scw/1610/161000160010.001/swg.fits[1]
scw/1610/161000170010.001/swg.fits[1]
scw/1610/161000180010.001/swg.fits[1]
scw/1611/161100100010.001/swg.fits[1]
scw/1611/161100110010.001/swg.fits[1]
scw/1611/161100120010.001/swg.fits[1]
scw/1611/161100160010.001/swg.fits[1]
scw/1611/161100170010.001/swg.fits[1]
scw/1611/161100180010.001/swg.fits[1]
scw/1611/161100350010.001/swg.fits[1]
scw/1611/161100360010.001/swg.fits[1]
scw/1611/161100370010.001/swg.fits[1]
scw/1611/161100410010.001/swg.fits[1]
scw/1611/161100420010.001/swg.fits[1]
scw/1611/161100430010.001/swg.fits[1]
scw/1612/161200100010.001/swg.fits[1]
scw/1612/161200110010.001/swg.fits[1]
scw/1612/161200120010.001/swg.fits[1]
scw/1612/161200160010.001/swg.fits[1]
scw/1612/161200170010.001/swg.fits[1]
scw/1612/161200180010.001/swg.fits[1]
scw/1612/161200350010.001/swg.fits[1]
scw/1612/161200360010.001/swg.fits[1]
scw/1612/161200370010.001/swg.fits[1]
scw/1612/161200410010.001/swg.fits[1]
scw/1612/161200420010.001/swg.fits[1]
scw/1612/161200430010.001/swg.fits[1]
scw/1613/161300100010.001/swg.fits[1]
scw/1613/161300110010.001/swg.fits[1]
scw/1613/161300120010.001/swg.fits[1]
scw/1613/161300160010.001/swg.fits[1]
scw/1613/161300170010.001/swg.fits[1]
scw/1613/161300180010.001/swg.fits[1]
scw/1613/161300350010.001/swg.fits[1]
scw/1613/161300360010.001/swg.fits[1]
scw/1613/161300370010.001/swg.fits[1]
scw/1613/161300410010.001/swg.fits[1]
scw/1613/161300420010.001/swg.fits[1]
scw/1613/161300430010.001/swg.fits[1]
scw/1615/161500120010.001/swg.fits[1]
scw/1615/161500130010.001/swg.fits[1]
scw/1615/161500140010.001/swg.fits[1]
scw/1615/161500180010.001/swg.fits[1]
scw/1615/161500190010.001/swg.fits[1]
scw/1615/161500200010.001/swg.fits[1]
scw/1615/161500370010.001/swg.fits[1]
scw/1615/161500380010.001/swg.fits[1]
scw/1615/161500390010.001/swg.fits[1]
scw/1615/161500430010.001/swg.fits[1]
scw/1615/161500440010.001/swg.fits[1]
scw/1615/161500450010.001/swg.fits[1]
scw/1616/161600100010.001/swg.fits[1]
scw/1616/161600110010.001/swg.fits[1]
scw/1616/161600120010.001/swg.fits[1]
scw/1616/161600160010.001/swg.fits[1]
scw/1616/161600170010.001/swg.fits[1]
scw/1616/161600180010.001/swg.fits[1]
scw/1616/161600350010.001/swg.fits[1]
scw/1616/161600360010.001/swg.fits[1]
scw/1616/161600370010.001/swg.fits[1]
scw/1616/161600410010.001/swg.fits[1]
scw/1616/161600420010.001/swg.fits[1]
scw/1616/161600430010.001/swg.fits[1]
scw/1619/161900100010.001/swg.fits[1]
scw/1619/161900110010.001/swg.fits[1]
scw/1619/161900120010.001/swg.fits[1]
scw/1619/161900160010.001/swg.fits[1]
scw/1619/161900170010.001/swg.fits[1]
scw/1619/161900180010.001/swg.fits[1]
scw/1619/161900350010.001/swg.fits[1]
scw/1619/161900360010.001/swg.fits[1]
scw/1619/161900370010.001/swg.fits[1]
scw/1619/161900410010.001/swg.fits[1]
scw/1619/161900420010.001/swg.fits[1]
scw/1619/161900430010.001/swg.fits[1]
scw/1620/162000130010.001/swg.fits[1]
scw/1620/162000140010.001/swg.fits[1]
scw/1620/162000180010.001/swg.fits[1]
scw/1620/162000190010.001/swg.fits[1]
scw/1620/162000200010.001/swg.fits[1]
scw/1620/162000340010.001/swg.fits[1]
scw/1620/162000350010.001/swg.fits[1]
scw/1620/162000440010.001/swg.fits[1]
scw/1620/162000450010.001/swg.fits[1]
scw/1622/162200140010.001/swg.fits[1]
scw/1622/162200150010.001/swg.fits[1]
scw/1622/162200160010.001/swg.fits[1]
scw/1622/162200200010.001/swg.fits[1]
scw/1622/162200210010.001/swg.fits[1]
scw/1622/162200220010.001/swg.fits[1]
scw/1622/162200390010.001/swg.fits[1]
scw/1625/162500350010.001/swg.fits[1]
scw/2203/220300020010.001/swg.fits[1]
scw/2313/231300440010.001/swg.fits[1]
scw/2322/232200700010.001/swg.fits[1]
scw/2322/232200710010.001/swg.fits[1]
scw/2322/232200720010.001/swg.fits[1]
scw/2324/232400840010.001/swg.fits[1]
scw/2324/232400850010.001/swg.fits[1]
scw/2324/232400900010.001/swg.fits[1]
scw/2324/232400910010.001/swg.fits[1]
scw/2324/232400940010.001/swg.fits[1]
scw/2362/236200600010.001/swg.fits[1]
scw/2362/236200640010.001/swg.fits[1]
scw/2362/236200650010.001/swg.fits[1]
scw/2362/236200660010.001/swg.fits[1]
scw/2371/237100790010.001/swg.fits[1]
scw/2371/237100800010.001/swg.fits[1]
scw/2371/237100840010.001/swg.fits[1]
scw/2371/237100850010.001/swg.fits[1]
scw/2371/237100860010.001/swg.fits[1]
scw/2378/237800310010.001/swg.fits[1]
scw/2378/237800320010.001/swg.fits[1]
scw/2378/237800350010.001/swg.fits[1]
scw/2378/237800360010.001/swg.fits[1]
scw/2378/237800370010.001/swg.fits[1]
scw/2378/237800380010.001/swg.fits[1]
scw/2378/237800410010.001/swg.fits[1]
scw/2378/237800420010.001/swg.fits[1]
scw/2378/237800490010.001/swg.fits[1]
scw/2384/238400310010.001/swg.fits[1]
scw/2384/238400320010.001/swg.fits[1]
scw/2384/238400770010.001/swg.fits[1]
scw/2384/238400780010.001/swg.fits[1]
scw/2390/239000160010.001/swg.fits[1]
scw/2390/239000170010.001/swg.fits[1]
scw/2392/239200710010.001/swg.fits[1]
scw/2392/239200720010.001/swg.fits[1]
scw/2392/239200730010.001/swg.fits[1]
scw/2392/239200740010.001/swg.fits[1]
scw/2392/239200810010.001/swg.fits[1]
scw/2392/239200820010.001/swg.fits[1]
scw/2431/243100380010.001/swg.fits[1]
scw/2431/243100390010.001/swg.fits[1]
scw/2431/243100400010.001/swg.fits[1]
scw/2431/243100420010.001/swg.fits[1]
scw/2431/243100720010.001/swg.fits[1]
scw/2431/243100810010.001/swg.fits[1]
scw/2435/243500360010.001/swg.fits[1]
scw/2435/243500400010.001/swg.fits[1]
scw/2435/243500410010.001/swg.fits[1]
scw/2435/243500420010.001/swg.fits[1]
scw/2435/243500450010.001/swg.fits[1]
scw/2435/243500460010.001/swg.fits[1]
scw/2438/243800240010.001/swg.fits[1]
scw/2439/243900300010.001/swg.fits[1]
scw/2439/243900390010.001/swg.fits[1]
scw/2439/243900780010.001/swg.fits[1]
scw/2439/243900790010.001/swg.fits[1]
scw/2441/244100250010.001/swg.fits[1]
scw/2441/244100730010.001/swg.fits[1]
scw/2443/244300330010.001/swg.fits[1]
scw/2443/244300420010.001/swg.fits[1]
scw/2445/244500400010.001/swg.fits[1]
scw/2445/244500490010.001/swg.fits[1]
scw/2446/244600700010.001/swg.fits[1]
scw/2446/244600710010.001/swg.fits[1]
scw/2446/244600750010.001/swg.fits[1]
scw/2446/244600760010.001/swg.fits[1]
scw/2446/244600770010.001/swg.fits[1]
scw/2446/244601000010.001/swg.fits[1]
scw/2450/245000350010.001/swg.fits[1]
scw/2450/245000360010.001/swg.fits[1]
scw/2450/245000380010.001/swg.fits[1]
scw/2450/245000390010.001/swg.fits[1]
scw/2450/245000400010.001/swg.fits[1]
scw/2455/245500620010.001/swg.fits[1]
scw/2455/245500630010.001/swg.fits[1]
scw/2455/245500680010.001/swg.fits[1]
scw/2455/245500690010.001/swg.fits[1]
