scw/1773/177300390010.001/swg.fits[1]
scw/1773/177300470010.001/swg.fits[1]
scw/1774/177400230010.001/swg.fits[1]
scw/1774/177400290010.001/swg.fits[1]
scw/1774/177400300010.001/swg.fits[1]
scw/1774/177400310010.001/swg.fits[1]
scw/1775/177500390010.001/swg.fits[1]
scw/1776/177600070010.001/swg.fits[1]
scw/1776/177600080010.001/swg.fits[1]
scw/1776/177600140010.001/swg.fits[1]
scw/1776/177600150010.001/swg.fits[1]
scw/1814/181400020010.001/swg.fits[1]
scw/1814/181400040010.001/swg.fits[1]
scw/1814/181400050010.001/swg.fits[1]
scw/1814/181400060010.001/swg.fits[1]
scw/1814/181400120010.001/swg.fits[1]
scw/1814/181400160010.001/swg.fits[1]
scw/1814/181400210010.001/swg.fits[1]
scw/1814/181400220010.001/swg.fits[1]
scw/1814/181400250010.001/swg.fits[1]
scw/1814/181400260010.001/swg.fits[1]
scw/1815/181500260010.001/swg.fits[1]
scw/1815/181500290010.001/swg.fits[1]
scw/1816/181600500010.001/swg.fits[1]
scw/1816/181600590010.001/swg.fits[1]
scw/1817/181700150010.001/swg.fits[1]
scw/1817/181700340010.001/swg.fits[1]
scw/1817/181700350010.001/swg.fits[1]
scw/1818/181800440010.001/swg.fits[1]
scw/1818/181800500010.001/swg.fits[1]
scw/1818/181800530010.001/swg.fits[1]
scw/1818/181800540010.001/swg.fits[1]
scw/1819/181900040010.001/swg.fits[1]
scw/1819/181900050010.001/swg.fits[1]
scw/1819/181900090010.001/swg.fits[1]
scw/1819/181900280010.001/swg.fits[1]
scw/1819/181900350010.001/swg.fits[1]
scw/1819/181900360010.001/swg.fits[1]
scw/1819/181900370010.001/swg.fits[1]
scw/1819/181900380010.001/swg.fits[1]
scw/1819/181900390010.001/swg.fits[1]
scw/1819/181900480010.001/swg.fits[1]
scw/1823/182300090010.001/swg.fits[1]
scw/1823/182300100010.001/swg.fits[1]
scw/1826/182600420010.001/swg.fits[1]
scw/1826/182600430010.001/swg.fits[1]
scw/1827/182700070010.001/swg.fits[1]
scw/1827/182700080010.001/swg.fits[1]
scw/1828/182800470010.001/swg.fits[1]
scw/1828/182800480010.001/swg.fits[1]
scw/1829/182900310010.001/swg.fits[1]
scw/1829/182900320010.001/swg.fits[1]
scw/1831/183100360010.001/swg.fits[1]
scw/1831/183100370010.001/swg.fits[1]
scw/1833/183300070010.001/swg.fits[1]
scw/1837/183700370010.001/swg.fits[1]
scw/1837/183700420010.001/swg.fits[1]
scw/1837/183700440010.001/swg.fits[1]
scw/1837/183700490010.001/swg.fits[1]
scw/1840/184000030010.001/swg.fits[1]
scw/1840/184000080010.001/swg.fits[1]
scw/1840/184000100010.001/swg.fits[1]
scw/1840/184000150010.001/swg.fits[1]
scw/1841/184100080010.001/swg.fits[1]
scw/1841/184100100010.001/swg.fits[1]
scw/1841/184100150010.001/swg.fits[1]
scw/1889/188900100010.001/swg.fits[1]
scw/1889/188900110010.001/swg.fits[1]
scw/1889/188900130010.001/swg.fits[1]
scw/1889/188900140010.001/swg.fits[1]
scw/1889/188900150010.001/swg.fits[1]
scw/1889/188900210010.001/swg.fits[1]
scw/1889/188900240010.001/swg.fits[1]
scw/1889/188900310010.001/swg.fits[1]
scw/1889/188900320010.001/swg.fits[1]
scw/1889/188900340010.001/swg.fits[1]
scw/1890/189000110010.001/swg.fits[1]
scw/1890/189000120010.001/swg.fits[1]
scw/1890/189000140010.001/swg.fits[1]
scw/1890/189000150010.001/swg.fits[1]
scw/1890/189000300010.001/swg.fits[1]
scw/1890/189000310010.001/swg.fits[1]
scw/1890/189000330010.001/swg.fits[1]
scw/1890/189000340010.001/swg.fits[1]
scw/1890/189000350010.001/swg.fits[1]
scw/1890/189000410010.001/swg.fits[1]
scw/1891/189100110010.001/swg.fits[1]
scw/1891/189100120010.001/swg.fits[1]
scw/1891/189100130010.001/swg.fits[1]
scw/1891/189100140010.001/swg.fits[1]
scw/1891/189100150010.001/swg.fits[1]
scw/1891/189100480010.001/swg.fits[1]
scw/1891/189100500010.001/swg.fits[1]
scw/1891/189100510010.001/swg.fits[1]
scw/1891/189100520010.001/swg.fits[1]
scw/1891/189100580010.001/swg.fits[1]
scw/1892/189200120010.001/swg.fits[1]
scw/1892/189200190010.001/swg.fits[1]
scw/1892/189200200010.001/swg.fits[1]
scw/1892/189200210010.001/swg.fits[1]
scw/1892/189200220010.001/swg.fits[1]
scw/1901/190100200010.001/swg.fits[1]
scw/1901/190100230010.001/swg.fits[1]
scw/1901/190100240010.001/swg.fits[1]
scw/1902/190200230010.001/swg.fits[1]
scw/1902/190200240010.001/swg.fits[1]
scw/1902/190200400010.001/swg.fits[1]
scw/1902/190200410010.001/swg.fits[1]
scw/1903/190300460010.001/swg.fits[1]
scw/1903/190300550010.001/swg.fits[1]
scw/1903/190300560010.001/swg.fits[1]
scw/1904/190400050010.001/swg.fits[1]
scw/1904/190400060010.001/swg.fits[1]
scw/1904/190400120010.001/swg.fits[1]
scw/1905/190500050010.001/swg.fits[1]
scw/1905/190500060010.001/swg.fits[1]
scw/1905/190500120010.001/swg.fits[1]
scw/1906/190600510010.001/swg.fits[1]
scw/1906/190600600010.001/swg.fits[1]
scw/1906/190600610010.001/swg.fits[1]
scw/1907/190700480010.001/swg.fits[1]
scw/1907/190700570010.001/swg.fits[1]
scw/1907/190700580010.001/swg.fits[1]
scw/1913/191300050010.001/swg.fits[1]
scw/1913/191300120010.001/swg.fits[1]
scw/1915/191500050010.001/swg.fits[1]
scw/1915/191500110010.001/swg.fits[1]
scw/1915/191500120010.001/swg.fits[1]
scw/1945/194500470010.001/swg.fits[1]
scw/1945/194500480010.001/swg.fits[1]
scw/1945/194500490010.001/swg.fits[1]
scw/1945/194500500010.001/swg.fits[1]
scw/1945/194500560010.001/swg.fits[1]
scw/1945/194500570010.001/swg.fits[1]
scw/1945/194500590010.001/swg.fits[1]
scw/1946/194600470010.001/swg.fits[1]
scw/1946/194600480010.001/swg.fits[1]
scw/1946/194600490010.001/swg.fits[1]
scw/1946/194600510010.001/swg.fits[1]
scw/1947/194700250010.001/swg.fits[1]
scw/1947/194700260010.001/swg.fits[1]
scw/1947/194700270010.001/swg.fits[1]
scw/1947/194700330010.001/swg.fits[1]
scw/1947/194700340010.001/swg.fits[1]
scw/1947/194700350010.001/swg.fits[1]
scw/1947/194700360010.001/swg.fits[1]
scw/1947/194700370010.001/swg.fits[1]
scw/1948/194800380010.001/swg.fits[1]
scw/1948/194800390010.001/swg.fits[1]
scw/1948/194800420010.001/swg.fits[1]
scw/1949/194900190010.001/swg.fits[1]
scw/1949/194900200010.001/swg.fits[1]
scw/1949/194900210010.001/swg.fits[1]
scw/1949/194900280010.001/swg.fits[1]
scw/1949/194900290010.001/swg.fits[1]
scw/1949/194900310010.001/swg.fits[1]
scw/1949/194900370010.001/swg.fits[1]
scw/1949/194900380010.001/swg.fits[1]
scw/1949/194900390010.001/swg.fits[1]
scw/1949/194900410010.001/swg.fits[1]
scw/1950/195000460010.001/swg.fits[1]
scw/1950/195000470010.001/swg.fits[1]
scw/1950/195000480010.001/swg.fits[1]
scw/1950/195000540010.001/swg.fits[1]
scw/1950/195000570010.001/swg.fits[1]
scw/1950/195000630010.001/swg.fits[1]
scw/1950/195000670010.001/swg.fits[1]
scw/1951/195100430010.001/swg.fits[1]
scw/1951/195100440010.001/swg.fits[1]
scw/1951/195100450010.001/swg.fits[1]
scw/1951/195100460010.001/swg.fits[1]
scw/1951/195100540010.001/swg.fits[1]
scw/1951/195100560010.001/swg.fits[1]
scw/1952/195200330010.001/swg.fits[1]
scw/1952/195200340010.001/swg.fits[1]
scw/1952/195200350010.001/swg.fits[1]
scw/1952/195200640010.001/swg.fits[1]
scw/1952/195200650010.001/swg.fits[1]
scw/1952/195200660010.001/swg.fits[1]
scw/1953/195300060010.001/swg.fits[1]
scw/1953/195300070010.001/swg.fits[1]
scw/1953/195300090010.001/swg.fits[1]
scw/1953/195300150010.001/swg.fits[1]
scw/1953/195300160010.001/swg.fits[1]
scw/1953/195300170010.001/swg.fits[1]
scw/1953/195300190010.001/swg.fits[1]
scw/1953/195300460010.001/swg.fits[1]
scw/1953/195300470010.001/swg.fits[1]
scw/1953/195300480010.001/swg.fits[1]
scw/1953/195300490010.001/swg.fits[1]
scw/1954/195400040010.001/swg.fits[1]
scw/1954/195400130010.001/swg.fits[1]
scw/1954/195400140010.001/swg.fits[1]
scw/1954/195400150010.001/swg.fits[1]
scw/1954/195400160010.001/swg.fits[1]
scw/1954/195400440010.001/swg.fits[1]
scw/1954/195400450010.001/swg.fits[1]
scw/1954/195400460010.001/swg.fits[1]
scw/1955/195500150010.001/swg.fits[1]
scw/1955/195500160010.001/swg.fits[1]
