scw/0055/005500020010.001/swg.fits[1]
scw/0055/005500030010.001/swg.fits[1]
scw/0057/005700570010.001/swg.fits[1]
scw/0057/005700580010.001/swg.fits[1]
scw/0060/006000020010.001/swg.fits[1]
scw/0060/006000030010.001/swg.fits[1]
scw/0165/016500110010.001/swg.fits[1]
scw/0219/021900100010.001/swg.fits[1]
scw/0219/021900400010.001/swg.fits[1]
scw/0219/021900580010.001/swg.fits[1]
scw/0221/022100350010.001/swg.fits[1]
scw/0221/022100530010.001/swg.fits[1]
scw/0276/027600170010.001/swg.fits[1]
scw/0279/027900200010.001/swg.fits[1]
scw/0279/027900520010.001/swg.fits[1]
scw/0302/030200710010.001/swg.fits[1]
scw/0302/030200800010.001/swg.fits[1]
scw/0303/030300840010.001/swg.fits[1]
scw/0303/030300930010.001/swg.fits[1]
scw/0407/040700170010.001/swg.fits[1]
scw/0419/041900520010.001/swg.fits[1]
scw/0731/073100640010.001/swg.fits[1]
scw/0731/073100740010.001/swg.fits[1]
scw/0767/076700330010.001/swg.fits[1]
scw/0768/076800560010.001/swg.fits[1]
scw/0771/077100230010.001/swg.fits[1]
scw/0772/077200110010.001/swg.fits[1]
scw/0911/091100220010.001/swg.fits[1]
scw/0911/091100230010.001/swg.fits[1]
scw/0911/091100640010.001/swg.fits[1]
scw/0911/091100730010.001/swg.fits[1]
scw/1137/113700350010.001/swg.fits[1]
scw/1194/119400780010.001/swg.fits[1]
scw/1854/185400190010.001/swg.fits[1]
scw/1854/185400230010.001/swg.fits[1]
scw/1854/185400240010.001/swg.fits[1]
scw/1854/185400250010.001/swg.fits[1]
scw/1860/186000220010.001/swg.fits[1]
scw/1860/186000230010.001/swg.fits[1]
scw/1860/186000310010.001/swg.fits[1]
scw/1862/186200230010.001/swg.fits[1]
scw/1862/186200310010.001/swg.fits[1]
scw/1863/186300170010.001/swg.fits[1]
scw/1863/186300180010.001/swg.fits[1]
scw/1863/186300190010.001/swg.fits[1]
scw/1863/186300250010.001/swg.fits[1]
scw/1863/186300260010.001/swg.fits[1]
scw/1864/186400400010.001/swg.fits[1]
scw/1864/186400410010.001/swg.fits[1]
scw/1865/186500030010.001/swg.fits[1]
scw/1865/186500040010.001/swg.fits[1]
scw/2325/232500190010.001/swg.fits[1]
scw/2389/238900560010.001/swg.fits[1]
scw/2396/239600720010.001/swg.fits[1]
scw/2396/239600730010.001/swg.fits[1]
scw/2408/240800040010.001/swg.fits[1]
scw/2408/240800050010.001/swg.fits[1]
scw/2408/240800060010.001/swg.fits[1]
scw/2408/240800160010.001/swg.fits[1]
scw/2410/241000120010.001/swg.fits[1]
scw/2412/241200400010.001/swg.fits[1]
