scw/1126/112600570010.001/swg.fits[1]
scw/1126/112600580010.001/swg.fits[1]
scw/1126/112600590010.001/swg.fits[1]
scw/1127/112700410010.001/swg.fits[1]
scw/1127/112700420010.001/swg.fits[1]
scw/1127/112700430010.001/swg.fits[1]
scw/1128/112800530010.001/swg.fits[1]
scw/1128/112800540010.001/swg.fits[1]
scw/1128/112800550010.001/swg.fits[1]
scw/1130/113000530010.001/swg.fits[1]
scw/1130/113000540010.001/swg.fits[1]
scw/1130/113000550010.001/swg.fits[1]
scw/1132/113200430010.001/swg.fits[1]
scw/1132/113200440010.001/swg.fits[1]
scw/1132/113200450010.001/swg.fits[1]
scw/1137/113700450010.001/swg.fits[1]
scw/1137/113700460010.001/swg.fits[1]
scw/1137/113700470010.001/swg.fits[1]
scw/1138/113800470010.001/swg.fits[1]
scw/1138/113800480010.001/swg.fits[1]
scw/1138/113800490010.001/swg.fits[1]
scw/1171/117100550010.001/swg.fits[1]
scw/1171/117100560010.001/swg.fits[1]
scw/1171/117100570010.001/swg.fits[1]
scw/1175/117500490010.001/swg.fits[1]
scw/1175/117500500010.001/swg.fits[1]
scw/1177/117700450010.001/swg.fits[1]
scw/1177/117700460010.001/swg.fits[1]
scw/1177/117700470010.001/swg.fits[1]
scw/2454/245400570010.001/swg.fits[1]
