scw/0616/061600250010.001/swg.fits[1]
scw/0653/065300400010.001/swg.fits[1]
scw/0654/065400270010.001/swg.fits[1]
scw/0671/067100820010.001/swg.fits[1]
scw/0671/067100830010.001/swg.fits[1]
scw/0740/074000120010.001/swg.fits[1]
scw/0740/074000130010.001/swg.fits[1]
scw/1023/102300510010.001/swg.fits[1]
scw/1023/102300520010.001/swg.fits[1]
scw/1025/102500840010.001/swg.fits[1]
scw/1025/102500850010.001/swg.fits[1]
scw/1082/108200410010.001/swg.fits[1]
scw/1082/108200420010.001/swg.fits[1]
scw/1082/108200430010.001/swg.fits[1]
scw/1083/108300400010.001/swg.fits[1]
scw/1142/114201010010.001/swg.fits[1]
scw/1142/114201030010.001/swg.fits[1]
scw/1143/114300110010.001/swg.fits[1]
scw/1143/114300130010.001/swg.fits[1]
scw/1144/114400030010.001/swg.fits[1]
scw/1144/114400040010.001/swg.fits[1]
scw/1144/114400670010.001/swg.fits[1]
scw/1144/114400690010.001/swg.fits[1]
