scw/0131/013100330010.001/swg.fits[1]
scw/0131/013100410010.001/swg.fits[1]
scw/0132/013200350010.001/swg.fits[1]
scw/0132/013200430010.001/swg.fits[1]
scw/0133/013300210010.001/swg.fits[1]
scw/0133/013300290010.001/swg.fits[1]
scw/0180/018000090010.001/swg.fits[1]
scw/0180/018000170010.001/swg.fits[1]
scw/0180/018000570010.001/swg.fits[1]
scw/0960/096000310010.001/swg.fits[1]
scw/0960/096000320010.001/swg.fits[1]
scw/0960/096000330010.001/swg.fits[1]
scw/0961/096100710010.001/swg.fits[1]
scw/0961/096100720010.001/swg.fits[1]
scw/0961/096100730010.001/swg.fits[1]
scw/0962/096200500010.001/swg.fits[1]
scw/0962/096200520010.001/swg.fits[1]
scw/0962/096200530010.001/swg.fits[1]
scw/0962/096201070010.001/swg.fits[1]
scw/0962/096201080010.001/swg.fits[1]
scw/0962/096201090010.001/swg.fits[1]
