scw/0256/025600400010.001/swg.fits[1]
scw/0282/028200580010.001/swg.fits[1]
scw/1126/112600600010.001/swg.fits[1]
scw/1126/112600610010.001/swg.fits[1]
scw/1127/112700440010.001/swg.fits[1]
scw/1127/112700450010.001/swg.fits[1]
scw/1128/112800560010.001/swg.fits[1]
scw/1128/112800570010.001/swg.fits[1]
scw/1130/113000560010.001/swg.fits[1]
scw/1130/113000570010.001/swg.fits[1]
scw/1132/113200460010.001/swg.fits[1]
scw/1132/113200470010.001/swg.fits[1]
scw/1137/113700480010.001/swg.fits[1]
scw/1137/113700490010.001/swg.fits[1]
scw/1138/113800500010.001/swg.fits[1]
scw/1138/113800510010.001/swg.fits[1]
scw/1171/117100580010.001/swg.fits[1]
scw/1171/117100590010.001/swg.fits[1]
scw/1172/117200880010.001/swg.fits[1]
scw/1172/117200890010.001/swg.fits[1]
scw/1174/117400870010.001/swg.fits[1]
scw/1175/117500510010.001/swg.fits[1]
scw/1175/117500520010.001/swg.fits[1]
scw/1177/117700480010.001/swg.fits[1]
scw/1177/117700500010.001/swg.fits[1]
scw/1609/160900040010.001/swg.fits[1]
scw/1609/160900280010.001/swg.fits[1]
scw/1609/160900290010.001/swg.fits[1]
scw/1609/160900530010.001/swg.fits[1]
scw/1610/161000020010.001/swg.fits[1]
scw/1610/161000260010.001/swg.fits[1]
scw/1611/161100260010.001/swg.fits[1]
scw/1611/161100270010.001/swg.fits[1]
scw/1611/161100510010.001/swg.fits[1]
scw/1612/161200020010.001/swg.fits[1]
scw/1612/161200260010.001/swg.fits[1]
scw/1612/161200270010.001/swg.fits[1]
scw/1612/161200510010.001/swg.fits[1]
scw/1613/161300020010.001/swg.fits[1]
scw/1613/161300260010.001/swg.fits[1]
scw/1613/161300270010.001/swg.fits[1]
scw/1613/161300510010.001/swg.fits[1]
scw/1615/161500040010.001/swg.fits[1]
scw/1615/161500280010.001/swg.fits[1]
scw/1615/161500290010.001/swg.fits[1]
scw/1615/161500530010.001/swg.fits[1]
scw/1616/161600020010.001/swg.fits[1]
scw/1616/161600260010.001/swg.fits[1]
scw/1616/161600270010.001/swg.fits[1]
scw/1616/161600510010.001/swg.fits[1]
scw/1619/161900020010.001/swg.fits[1]
scw/1619/161900260010.001/swg.fits[1]
scw/1619/161900270010.001/swg.fits[1]
scw/1619/161900510010.001/swg.fits[1]
scw/1620/162000040010.001/swg.fits[1]
scw/1620/162000280010.001/swg.fits[1]
scw/1622/162200060010.001/swg.fits[1]
scw/1622/162200300010.001/swg.fits[1]
scw/1622/162200310010.001/swg.fits[1]
scw/1622/162200550010.001/swg.fits[1]
scw/1625/162500040010.001/swg.fits[1]
scw/1625/162500280010.001/swg.fits[1]
scw/2255/225500460010.001/swg.fits[1]
scw/2257/225700380010.001/swg.fits[1]
scw/2258/225800300010.001/swg.fits[1]
scw/2259/225900300010.001/swg.fits[1]
scw/2260/226000300010.001/swg.fits[1]
