scw/0521/052100170010.001/swg.fits[1]
scw/0521/052100470010.001/swg.fits[1]
scw/0521/052100540010.001/swg.fits[1]
scw/0521/052100590010.001/swg.fits[1]
scw/0522/052200040010.001/swg.fits[1]
scw/0522/052200280010.001/swg.fits[1]
scw/0561/056100050010.001/swg.fits[1]
scw/0561/056100190010.001/swg.fits[1]
scw/0561/056100260010.001/swg.fits[1]
scw/0562/056200410010.001/swg.fits[1]
scw/0563/056300030010.001/swg.fits[1]
scw/0563/056300170010.001/swg.fits[1]
scw/0634/063400150010.001/swg.fits[1]
scw/0634/063400500010.001/swg.fits[1]
scw/0636/063600050010.001/swg.fits[1]
scw/0636/063600120010.001/swg.fits[1]
scw/0636/063600350010.001/swg.fits[1]
scw/0636/063600400010.001/swg.fits[1]
scw/0636/063600540010.001/swg.fits[1]
scw/0810/081000050010.001/swg.fits[1]
scw/0810/081000490010.001/swg.fits[1]
scw/0811/081100170010.001/swg.fits[1]
scw/0811/081100420010.001/swg.fits[1]
scw/1047/104700050010.001/swg.fits[1]
scw/1047/104700190010.001/swg.fits[1]
scw/1047/104700260010.001/swg.fits[1]
scw/1047/104700540010.001/swg.fits[1]
scw/1057/105700470010.001/swg.fits[1]
scw/1057/105700540010.001/swg.fits[1]
scw/1113/111300070010.001/swg.fits[1]
scw/1113/111300140010.001/swg.fits[1]
scw/1113/111300210010.001/swg.fits[1]
scw/1113/111300490010.001/swg.fits[1]
scw/1113/111300560010.001/swg.fits[1]
scw/1117/111700320010.001/swg.fits[1]
scw/1117/111700390010.001/swg.fits[1]
scw/1170/117000150010.001/swg.fits[1]
scw/1179/117900220010.001/swg.fits[1]
scw/1179/117900500010.001/swg.fits[1]
scw/1179/117900610010.001/swg.fits[1]
scw/1232/123200150010.001/swg.fits[1]
scw/1232/123200350010.001/swg.fits[1]
scw/1232/123200360010.001/swg.fits[1]
scw/1232/123200420010.001/swg.fits[1]
scw/1240/124000270010.001/swg.fits[1]
scw/1240/124000470010.001/swg.fits[1]
