scw/0051/005100510010.001/swg.fits[1]
scw/0058/005800150010.001/swg.fits[1]
scw/0071/007100040010.001/swg.fits[1]
scw/0078/007800600010.001/swg.fits[1]
scw/0177/017700080010.001/swg.fits[1]
scw/0194/019400070010.001/swg.fits[1]
scw/0203/020300020010.001/swg.fits[1]
scw/0380/038000050010.001/swg.fits[1]
scw/0420/042000220010.001/swg.fits[1]
scw/0918/091800600010.001/swg.fits[1]
scw/0918/091800610010.001/swg.fits[1]
scw/0918/091800620010.001/swg.fits[1]
scw/0918/091800630010.001/swg.fits[1]
scw/0919/091900530010.001/swg.fits[1]
scw/0919/091900720010.001/swg.fits[1]
scw/0919/091900730010.001/swg.fits[1]
scw/0919/091900920010.001/swg.fits[1]
scw/0919/091900930010.001/swg.fits[1]
scw/0920/092000670010.001/swg.fits[1]
scw/0920/092000680010.001/swg.fits[1]
scw/0920/092000860010.001/swg.fits[1]
scw/0920/092000870010.001/swg.fits[1]
scw/0920/092000880010.001/swg.fits[1]
scw/0920/092000890010.001/swg.fits[1]
scw/0920/092001060010.001/swg.fits[1]
scw/0921/092100140010.001/swg.fits[1]
scw/0921/092100740010.001/swg.fits[1]
scw/0921/092100750010.001/swg.fits[1]
scw/0921/092100930010.001/swg.fits[1]
scw/0921/092100940010.001/swg.fits[1]
scw/0921/092100950010.001/swg.fits[1]
scw/0921/092100960010.001/swg.fits[1]
scw/0922/092200480010.001/swg.fits[1]
scw/0922/092200670010.001/swg.fits[1]
scw/0922/092200860010.001/swg.fits[1]
scw/0922/092200870010.001/swg.fits[1]
scw/0922/092200880010.001/swg.fits[1]
scw/0922/092200890010.001/swg.fits[1]
scw/0922/092201060010.001/swg.fits[1]
scw/0923/092300140010.001/swg.fits[1]
scw/0923/092300730010.001/swg.fits[1]
scw/0923/092300740010.001/swg.fits[1]
scw/0923/092300750010.001/swg.fits[1]
scw/0923/092300760010.001/swg.fits[1]
scw/0923/092300950010.001/swg.fits[1]
scw/0923/092300960010.001/swg.fits[1]
scw/0924/092400520010.001/swg.fits[1]
scw/0924/092400530010.001/swg.fits[1]
scw/0924/092400940010.001/swg.fits[1]
scw/0924/092400950010.001/swg.fits[1]
scw/0979/097900140010.001/swg.fits[1]
scw/0979/097900150010.001/swg.fits[1]
scw/0979/097900160010.001/swg.fits[1]
scw/0979/097900330010.001/swg.fits[1]
scw/0979/097900340010.001/swg.fits[1]
scw/0979/097900350010.001/swg.fits[1]
scw/0979/097900360010.001/swg.fits[1]
scw/0980/098000210010.001/swg.fits[1]
scw/0980/098000220010.001/swg.fits[1]
scw/0980/098000230010.001/swg.fits[1]
scw/0980/098000240010.001/swg.fits[1]
scw/0980/098000430010.001/swg.fits[1]
scw/0980/098000440010.001/swg.fits[1]
scw/0980/098000610010.001/swg.fits[1]
scw/0980/098000620010.001/swg.fits[1]
scw/0982/098200140010.001/swg.fits[1]
scw/0982/098200150010.001/swg.fits[1]
scw/0982/098200160010.001/swg.fits[1]
scw/0982/098200170010.001/swg.fits[1]
scw/0982/098200340010.001/swg.fits[1]
scw/0982/098200350010.001/swg.fits[1]
scw/0982/098200360010.001/swg.fits[1]
scw/1048/104801000010.001/swg.fits[1]
scw/1049/104900220010.001/swg.fits[1]
scw/1050/105000820010.001/swg.fits[1]
scw/1051/105100750010.001/swg.fits[1]
scw/1053/105300640010.001/swg.fits[1]
scw/1054/105400630010.001/swg.fits[1]
scw/1114/111400710010.001/swg.fits[1]
scw/1171/117100480010.001/swg.fits[1]
scw/1172/117200410010.001/swg.fits[1]
scw/1178/117800970010.001/swg.fits[1]
scw/1285/128500330010.001/swg.fits[1]
scw/1285/128500340010.001/swg.fits[1]
scw/1285/128500400010.001/swg.fits[1]
scw/1285/128500410010.001/swg.fits[1]
scw/1285/128500680010.001/swg.fits[1]
scw/1285/128500690010.001/swg.fits[1]
scw/1285/128500750010.001/swg.fits[1]
scw/1285/128500760010.001/swg.fits[1]
scw/1286/128600140010.001/swg.fits[1]
scw/1286/128600150010.001/swg.fits[1]
scw/1286/128600210010.001/swg.fits[1]
scw/1286/128600220010.001/swg.fits[1]
scw/1286/128600490010.001/swg.fits[1]
scw/1286/128600500010.001/swg.fits[1]
scw/1286/128600560010.001/swg.fits[1]
scw/1286/128600570010.001/swg.fits[1]
scw/1287/128700170010.001/swg.fits[1]
scw/1287/128700180010.001/swg.fits[1]
scw/1287/128700240010.001/swg.fits[1]
scw/1287/128700250010.001/swg.fits[1]
scw/1287/128700520010.001/swg.fits[1]
scw/1287/128700530010.001/swg.fits[1]
scw/1287/128700590010.001/swg.fits[1]
scw/1287/128700600010.001/swg.fits[1]
scw/1288/128800440010.001/swg.fits[1]
scw/1288/128800450010.001/swg.fits[1]
scw/1288/128800510010.001/swg.fits[1]
scw/1288/128800520010.001/swg.fits[1]
scw/1288/128800790010.001/swg.fits[1]
scw/1288/128800800010.001/swg.fits[1]
scw/1288/128800860010.001/swg.fits[1]
scw/1288/128800870010.001/swg.fits[1]
scw/1289/128900140010.001/swg.fits[1]
scw/1289/128900150010.001/swg.fits[1]
scw/1289/128900210010.001/swg.fits[1]
scw/1289/128900220010.001/swg.fits[1]
scw/1289/128900490010.001/swg.fits[1]
scw/1289/128900500010.001/swg.fits[1]
scw/1289/128900560010.001/swg.fits[1]
scw/1289/128900570010.001/swg.fits[1]
scw/1290/129000430010.001/swg.fits[1]
scw/1290/129000440010.001/swg.fits[1]
scw/1290/129000500010.001/swg.fits[1]
scw/1290/129000510010.001/swg.fits[1]
scw/1290/129000780010.001/swg.fits[1]
scw/1290/129000790010.001/swg.fits[1]
scw/1290/129000850010.001/swg.fits[1]
scw/1290/129000860010.001/swg.fits[1]
scw/1294/129400540010.001/swg.fits[1]
scw/1294/129400550010.001/swg.fits[1]
scw/1294/129400610010.001/swg.fits[1]
scw/1294/129400620010.001/swg.fits[1]
scw/1295/129500150010.001/swg.fits[1]
scw/1295/129500160010.001/swg.fits[1]
scw/1295/129500220010.001/swg.fits[1]
scw/1295/129500230010.001/swg.fits[1]
scw/1296/129600150010.001/swg.fits[1]
scw/1296/129600160010.001/swg.fits[1]
scw/1296/129600220010.001/swg.fits[1]
scw/1296/129600230010.001/swg.fits[1]
scw/1296/129600500010.001/swg.fits[1]
scw/1296/129600510010.001/swg.fits[1]
scw/1296/129600570010.001/swg.fits[1]
scw/1296/129600580010.001/swg.fits[1]
scw/1297/129700170010.001/swg.fits[1]
scw/1297/129700180010.001/swg.fits[1]
scw/1297/129700240010.001/swg.fits[1]
scw/1297/129700250010.001/swg.fits[1]
scw/1297/129700520010.001/swg.fits[1]
scw/1297/129700530010.001/swg.fits[1]
scw/1297/129700590010.001/swg.fits[1]
scw/1297/129700600010.001/swg.fits[1]
scw/1298/129800230010.001/swg.fits[1]
scw/1298/129800240010.001/swg.fits[1]
scw/1298/129800300010.001/swg.fits[1]
scw/1298/129800310010.001/swg.fits[1]
scw/1298/129800580010.001/swg.fits[1]
scw/1298/129800590010.001/swg.fits[1]
scw/1298/129800650010.001/swg.fits[1]
scw/1298/129800660010.001/swg.fits[1]
scw/1298/129800820010.001/swg.fits[1]
scw/1298/129800970010.001/swg.fits[1]
scw/1350/135000340010.001/swg.fits[1]
scw/1350/135000350010.001/swg.fits[1]
scw/1350/135000360010.001/swg.fits[1]
scw/1350/135000400010.001/swg.fits[1]
scw/1350/135000410010.001/swg.fits[1]
scw/1350/135000420010.001/swg.fits[1]
scw/1351/135100640010.001/swg.fits[1]
scw/1351/135100650010.001/swg.fits[1]
scw/1351/135100660010.001/swg.fits[1]
scw/1351/135100700010.001/swg.fits[1]
scw/1351/135100710010.001/swg.fits[1]
scw/1351/135100720010.001/swg.fits[1]
scw/1352/135200290010.001/swg.fits[1]
scw/1352/135200300010.001/swg.fits[1]
scw/1352/135200310010.001/swg.fits[1]
scw/1352/135200350010.001/swg.fits[1]
scw/1352/135200360010.001/swg.fits[1]
scw/1352/135200370010.001/swg.fits[1]
scw/1353/135300150010.001/swg.fits[1]
scw/1353/135300160010.001/swg.fits[1]
scw/1353/135300170010.001/swg.fits[1]
scw/1353/135300210010.001/swg.fits[1]
scw/1353/135300220010.001/swg.fits[1]
scw/1353/135300230010.001/swg.fits[1]
scw/1353/135300500010.001/swg.fits[1]
scw/1353/135300510010.001/swg.fits[1]
scw/1353/135300520010.001/swg.fits[1]
scw/1353/135300560010.001/swg.fits[1]
scw/1353/135300570010.001/swg.fits[1]
scw/1353/135300580010.001/swg.fits[1]
scw/1354/135400700010.001/swg.fits[1]
scw/1354/135400710010.001/swg.fits[1]
scw/1354/135400720010.001/swg.fits[1]
scw/1354/135400760010.001/swg.fits[1]
scw/1354/135400770010.001/swg.fits[1]
scw/1354/135400780010.001/swg.fits[1]
scw/1355/135500170010.001/swg.fits[1]
scw/1355/135500180010.001/swg.fits[1]
scw/1355/135500190010.001/swg.fits[1]
scw/1355/135500230010.001/swg.fits[1]
scw/1355/135500240010.001/swg.fits[1]
scw/1355/135500250010.001/swg.fits[1]
scw/1355/135500520010.001/swg.fits[1]
scw/1355/135500530010.001/swg.fits[1]
scw/1355/135500540010.001/swg.fits[1]
scw/1355/135500580010.001/swg.fits[1]
scw/1355/135500590010.001/swg.fits[1]
scw/1355/135500600010.001/swg.fits[1]
scw/1356/135600170010.001/swg.fits[1]
scw/1356/135600180010.001/swg.fits[1]
scw/1356/135600190010.001/swg.fits[1]
scw/1356/135600230010.001/swg.fits[1]
scw/1356/135600240010.001/swg.fits[1]
scw/1356/135600250010.001/swg.fits[1]
