scw/1163/116300030010.001/swg.fits[1]
scw/1164/116400980010.001/swg.fits[1]
scw/1205/120500340010.001/swg.fits[1]
scw/1208/120800180010.001/swg.fits[1]
scw/1208/120800190010.001/swg.fits[1]
scw/1208/120800650010.001/swg.fits[1]
scw/1208/120800660010.001/swg.fits[1]
scw/1208/120800750010.001/swg.fits[1]
scw/1208/120801180010.001/swg.fits[1]
scw/1208/120801220010.001/swg.fits[1]
scw/1208/120801230010.001/swg.fits[1]
scw/1209/120900500010.001/swg.fits[1]
scw/1209/120900510010.001/swg.fits[1]
scw/1209/120901070010.001/swg.fits[1]
scw/1209/120901080010.001/swg.fits[1]
scw/1210/121000430010.001/swg.fits[1]
scw/1210/121000520010.001/swg.fits[1]
scw/1210/121000530010.001/swg.fits[1]
scw/1210/121000990010.001/swg.fits[1]
scw/1210/121001000010.001/swg.fits[1]
scw/1218/121800460010.001/swg.fits[1]
scw/1218/121800960010.001/swg.fits[1]
scw/1218/121800970010.001/swg.fits[1]
scw/1219/121900470010.001/swg.fits[1]
scw/1219/121900480010.001/swg.fits[1]
scw/1219/121901040010.001/swg.fits[1]
scw/1219/121901050010.001/swg.fits[1]
scw/1220/122000280010.001/swg.fits[1]
scw/1220/122000360010.001/swg.fits[1]
scw/1220/122000370010.001/swg.fits[1]
scw/1220/122000380010.001/swg.fits[1]
scw/1220/122000940010.001/swg.fits[1]
scw/1220/122000950010.001/swg.fits[1]
scw/1220/122000960010.001/swg.fits[1]
scw/1220/122001040010.001/swg.fits[1]
scw/1223/122300970010.001/swg.fits[1]
scw/1223/122300980010.001/swg.fits[1]
scw/1224/122400150010.001/swg.fits[1]
scw/1224/122400160010.001/swg.fits[1]
scw/1224/122400170010.001/swg.fits[1]
scw/1225/122500400010.001/swg.fits[1]
scw/1225/122500410010.001/swg.fits[1]
scw/1225/122500420010.001/swg.fits[1]
scw/1226/122600410010.001/swg.fits[1]
scw/1226/122600420010.001/swg.fits[1]
scw/1227/122700080010.001/swg.fits[1]
scw/1227/122700150010.001/swg.fits[1]
scw/1227/122701050010.001/swg.fits[1]
scw/1228/122800020010.001/swg.fits[1]
scw/1265/126500480010.001/swg.fits[1]
scw/1265/126500490010.001/swg.fits[1]
scw/1265/126501030010.001/swg.fits[1]
scw/1265/126501040010.001/swg.fits[1]
scw/1265/126501050010.001/swg.fits[1]
scw/1265/126501130010.001/swg.fits[1]
scw/1266/126600500010.001/swg.fits[1]
scw/1266/126600510010.001/swg.fits[1]
scw/1266/126600880010.001/swg.fits[1]
scw/1266/126600960010.001/swg.fits[1]
scw/1266/126600970010.001/swg.fits[1]
scw/1266/126600980010.001/swg.fits[1]
scw/1266/126601150010.001/swg.fits[1]
scw/1267/126700480010.001/swg.fits[1]
scw/1267/126700490010.001/swg.fits[1]
scw/1267/126701020010.001/swg.fits[1]
scw/1267/126701030010.001/swg.fits[1]
scw/1267/126701040010.001/swg.fits[1]
scw/1271/127100500010.001/swg.fits[1]
scw/1271/127100510010.001/swg.fits[1]
scw/1271/127100970010.001/swg.fits[1]
scw/1271/127100980010.001/swg.fits[1]
scw/1274/127400210010.001/swg.fits[1]
scw/1274/127400910010.001/swg.fits[1]
scw/1274/127400990010.001/swg.fits[1]
scw/1274/127401000010.001/swg.fits[1]
scw/1274/127401010010.001/swg.fits[1]
scw/1287/128700950010.001/swg.fits[1]
scw/1287/128700960010.001/swg.fits[1]
scw/1287/128700970010.001/swg.fits[1]
scw/1287/128700980010.001/swg.fits[1]
scw/1288/128800050010.001/swg.fits[1]
scw/1289/128900890010.001/swg.fits[1]
scw/1289/128900900010.001/swg.fits[1]
scw/1289/128900910010.001/swg.fits[1]
scw/1326/132600810010.001/swg.fits[1]
scw/1326/132600820010.001/swg.fits[1]
scw/1329/132900240010.001/swg.fits[1]
scw/1330/133000080010.001/swg.fits[1]
scw/1330/133000090010.001/swg.fits[1]
scw/1330/133000100010.001/swg.fits[1]
scw/1332/133200080010.001/swg.fits[1]
scw/1332/133200090010.001/swg.fits[1]
scw/1337/133701110010.001/swg.fits[1]
scw/1340/134001130010.001/swg.fits[1]
scw/1341/134101080010.001/swg.fits[1]
scw/1341/134101130010.001/swg.fits[1]
scw/1341/134101140010.001/swg.fits[1]
scw/1344/134401060010.001/swg.fits[1]
scw/1344/134401110010.001/swg.fits[1]
scw/1344/134401120010.001/swg.fits[1]
scw/1346/134601060010.001/swg.fits[1]
scw/1346/134601100010.001/swg.fits[1]
scw/1346/134601110010.001/swg.fits[1]
scw/1346/134601120010.001/swg.fits[1]
scw/1347/134700020010.001/swg.fits[1]
scw/1347/134700060010.001/swg.fits[1]
scw/1347/134700070010.001/swg.fits[1]
scw/1348/134800350010.001/swg.fits[1]
scw/1348/134800390010.001/swg.fits[1]
scw/1348/134800400010.001/swg.fits[1]
scw/1349/134900060010.001/swg.fits[1]
scw/1350/135000150010.001/swg.fits[1]
scw/1407/140700590010.001/swg.fits[1]
scw/1448/144800040010.001/swg.fits[1]
scw/1448/144800090010.001/swg.fits[1]
scw/1448/144800100010.001/swg.fits[1]
scw/1449/144900930010.001/swg.fits[1]
scw/1449/144900980010.001/swg.fits[1]
scw/1451/145100020010.001/swg.fits[1]
scw/1451/145100060010.001/swg.fits[1]
scw/1451/145100070010.001/swg.fits[1]
scw/1451/145100080010.001/swg.fits[1]
scw/1451/145101070010.001/swg.fits[1]
scw/1451/145101110010.001/swg.fits[1]
scw/1451/145101120010.001/swg.fits[1]
scw/1453/145300900010.001/swg.fits[1]
scw/1453/145300940010.001/swg.fits[1]
scw/1453/145300950010.001/swg.fits[1]
scw/1454/145400100010.001/swg.fits[1]
scw/1455/145500080010.001/swg.fits[1]
scw/1458/145800270010.001/swg.fits[1]
scw/1460/146000020010.001/swg.fits[1]
scw/1460/146000070010.001/swg.fits[1]
scw/1460/146000080010.001/swg.fits[1]
scw/1460/146001060010.001/swg.fits[1]
scw/1460/146001110010.001/swg.fits[1]
scw/1465/146500620010.001/swg.fits[1]
scw/1465/146500660010.001/swg.fits[1]
scw/1465/146500670010.001/swg.fits[1]
scw/1465/146500680010.001/swg.fits[1]
scw/1466/146600170010.001/swg.fits[1]
scw/1466/146600210010.001/swg.fits[1]
scw/1466/146600220010.001/swg.fits[1]
scw/1467/146700040010.001/swg.fits[1]
scw/1467/146700080010.001/swg.fits[1]
scw/1467/146700090010.001/swg.fits[1]
scw/1467/146701100010.001/swg.fits[1]
scw/1468/146800400010.001/swg.fits[1]
scw/1508/150800350010.001/swg.fits[1]
scw/1508/150800360010.001/swg.fits[1]
scw/1508/150800770010.001/swg.fits[1]
scw/1508/150800780010.001/swg.fits[1]
scw/1510/151000120010.001/swg.fits[1]
scw/1511/151100400010.001/swg.fits[1]
scw/1512/151200180010.001/swg.fits[1]
scw/1512/151200190010.001/swg.fits[1]
scw/1512/151200200010.001/swg.fits[1]
scw/1513/151300100010.001/swg.fits[1]
scw/1513/151300110010.001/swg.fits[1]
scw/1514/151400550010.001/swg.fits[1]
scw/1514/151400560010.001/swg.fits[1]
scw/1517/151700510010.001/swg.fits[1]
scw/1519/151900560010.001/swg.fits[1]
scw/1535/153500050010.001/swg.fits[1]
scw/1536/153600050010.001/swg.fits[1]
scw/1536/153600060010.001/swg.fits[1]
scw/1582/158200750010.001/swg.fits[1]
scw/1583/158300880010.001/swg.fits[1]
scw/1583/158300930010.001/swg.fits[1]
scw/1583/158300940010.001/swg.fits[1]
scw/1583/158300940020.001/swg.fits[1]
scw/1585/158500440010.001/swg.fits[1]
scw/1585/158500490010.001/swg.fits[1]
scw/1585/158500500010.001/swg.fits[1]
scw/1587/158700020010.001/swg.fits[1]
scw/1587/158700060010.001/swg.fits[1]
scw/1587/158700070010.001/swg.fits[1]
scw/1589/158900320010.001/swg.fits[1]
scw/1590/159000140010.001/swg.fits[1]
scw/1604/160400080010.001/swg.fits[1]
scw/1923/192300080010.001/swg.fits[1]
scw/1923/192300090010.001/swg.fits[1]
scw/1923/192300140010.001/swg.fits[1]
scw/1923/192300150010.001/swg.fits[1]
scw/2081/208100180010.001/swg.fits[1]
scw/2081/208100200010.001/swg.fits[1]
scw/2081/208100210010.001/swg.fits[1]
scw/2081/208100270010.001/swg.fits[1]
scw/2087/208700010010.001/swg.fits[1]
scw/2087/208700030010.001/swg.fits[1]
scw/2087/208700040010.001/swg.fits[1]
scw/2087/208700100010.001/swg.fits[1]
scw/2087/208700110010.001/swg.fits[1]
scw/2154/215400390010.001/swg.fits[1]
scw/2154/215400490010.001/swg.fits[1]
scw/2155/215500540010.001/swg.fits[1]
scw/2155/215500550010.001/swg.fits[1]
scw/2155/215500630010.001/swg.fits[1]
scw/2155/215500640010.001/swg.fits[1]
scw/2156/215600140010.001/swg.fits[1]
scw/2156/215600150010.001/swg.fits[1]
scw/2156/215600210010.001/swg.fits[1]
scw/2157/215700320010.001/swg.fits[1]
scw/2157/215700360010.001/swg.fits[1]
scw/2157/215700370010.001/swg.fits[1]
scw/2205/220500110010.001/swg.fits[1]
scw/2205/220500120010.001/swg.fits[1]
scw/2205/220500320010.001/swg.fits[1]
scw/2205/220500410010.001/swg.fits[1]
scw/2205/220500420010.001/swg.fits[1]
scw/2205/220500520010.001/swg.fits[1]
scw/2206/220600770010.001/swg.fits[1]
scw/2206/220600870010.001/swg.fits[1]
scw/2221/222100450010.001/swg.fits[1]
scw/2221/222100460010.001/swg.fits[1]
scw/2221/222100470010.001/swg.fits[1]
scw/2221/222100550010.001/swg.fits[1]
scw/2222/222200790010.001/swg.fits[1]
scw/2222/222200850010.001/swg.fits[1]
scw/2222/222200870010.001/swg.fits[1]
scw/2222/222200880010.001/swg.fits[1]
scw/2223/222300750010.001/swg.fits[1]
scw/2223/222300770010.001/swg.fits[1]
scw/2223/222300780010.001/swg.fits[1]
scw/2224/222400970010.001/swg.fits[1]
scw/2269/226900030010.001/swg.fits[1]
scw/2269/226900040010.001/swg.fits[1]
scw/2269/226900050010.001/swg.fits[1]
scw/2269/226900090010.001/swg.fits[1]
scw/2269/226900100010.001/swg.fits[1]
scw/2269/226900140010.001/swg.fits[1]
scw/2418/241800690010.001/swg.fits[1]
