scw/0718/071800170010.001/swg.fits[1]
scw/0718/071800380010.001/swg.fits[1]
scw/0718/071800450010.001/swg.fits[1]
scw/0718/071800510010.001/swg.fits[1]
scw/0718/071800520010.001/swg.fits[1]
scw/0718/071800580010.001/swg.fits[1]
scw/0854/085400220010.001/swg.fits[1]
scw/0854/085400360010.001/swg.fits[1]
scw/0854/085400430010.001/swg.fits[1]
scw/0854/085400500010.001/swg.fits[1]
scw/0854/085400510010.001/swg.fits[1]
scw/0854/085400570010.001/swg.fits[1]
scw/0855/085500030010.001/swg.fits[1]
scw/0855/085500100010.001/swg.fits[1]
scw/0856/085600270010.001/swg.fits[1]
scw/0856/085600280010.001/swg.fits[1]
scw/0975/097500870010.001/swg.fits[1]
scw/0975/097500880010.001/swg.fits[1]
scw/1035/103500240010.001/swg.fits[1]
scw/1035/103500250010.001/swg.fits[1]
scw/1035/103500260010.001/swg.fits[1]
scw/1095/109500200010.001/swg.fits[1]
scw/1095/109500210010.001/swg.fits[1]
scw/1095/109500520010.001/swg.fits[1]
scw/1095/109500530010.001/swg.fits[1]
scw/1095/109500840010.001/swg.fits[1]
scw/1095/109500850010.001/swg.fits[1]
scw/1868/186800110010.001/swg.fits[1]
scw/1868/186800460010.001/swg.fits[1]
scw/1868/186800470010.001/swg.fits[1]
scw/1868/186800500010.001/swg.fits[1]
scw/1868/186800510010.001/swg.fits[1]
scw/1869/186900010010.001/swg.fits[1]
scw/1869/186900020010.001/swg.fits[1]
scw/1869/186900410010.001/swg.fits[1]
scw/1869/186900450010.001/swg.fits[1]
scw/1869/186900460010.001/swg.fits[1]
scw/1869/186900500010.001/swg.fits[1]
scw/1870/187000010010.001/swg.fits[1]
scw/1870/187000050010.001/swg.fits[1]
scw/1870/187000060010.001/swg.fits[1]
scw/1870/187000070010.001/swg.fits[1]
scw/1870/187000410010.001/swg.fits[1]
scw/1870/187000450010.001/swg.fits[1]
scw/1870/187000460010.001/swg.fits[1]
scw/1870/187000500010.001/swg.fits[1]
scw/1873/187300060010.001/swg.fits[1]
scw/1873/187300070010.001/swg.fits[1]
scw/1874/187400120010.001/swg.fits[1]
scw/1874/187400130010.001/swg.fits[1]
scw/1874/187400160010.001/swg.fits[1]
scw/1874/187400170010.001/swg.fits[1]
scw/1874/187400180010.001/swg.fits[1]
scw/1874/187400210010.001/swg.fits[1]
scw/1874/187400220010.001/swg.fits[1]
scw/1874/187400230010.001/swg.fits[1]
scw/1874/187400260010.001/swg.fits[1]
scw/1874/187400270010.001/swg.fits[1]
