scw/0056/005600700010.001/swg.fits[1]
scw/0056/005600710010.001/swg.fits[1]
scw/0056/005600720010.001/swg.fits[1]
scw/0056/005600730010.001/swg.fits[1]
scw/0056/005600740010.001/swg.fits[1]
scw/0119/011900830010.001/swg.fits[1]
scw/0119/011900840010.001/swg.fits[1]
scw/0120/012000020010.001/swg.fits[1]
scw/0120/012000030010.001/swg.fits[1]
scw/0164/016400040010.001/swg.fits[1]
scw/0164/016400080010.001/swg.fits[1]
scw/0164/016400090010.001/swg.fits[1]
scw/0165/016500990010.001/swg.fits[1]
scw/0165/016501000010.001/swg.fits[1]
scw/0165/016501040010.001/swg.fits[1]
scw/0228/022800400010.001/swg.fits[1]
scw/0228/022800410010.001/swg.fits[1]
scw/0228/022800520010.001/swg.fits[1]
scw/0228/022800530010.001/swg.fits[1]
scw/0228/022800620010.001/swg.fits[1]
scw/0228/022800630010.001/swg.fits[1]
scw/0228/022800740010.001/swg.fits[1]
scw/0228/022800750010.001/swg.fits[1]
scw/0294/029400160010.001/swg.fits[1]
scw/0294/029400170010.001/swg.fits[1]
scw/0357/035700080010.001/swg.fits[1]
scw/0357/035700090010.001/swg.fits[1]
scw/0359/035900080010.001/swg.fits[1]
scw/0359/035900090010.001/swg.fits[1]
scw/0416/041600140010.001/swg.fits[1]
scw/0416/041600150010.001/swg.fits[1]
scw/0416/041600160010.001/swg.fits[1]
scw/0466/046600590010.001/swg.fits[1]
scw/0466/046600590020.001/swg.fits[1]
scw/0466/046600590030.001/swg.fits[1]
scw/0466/046600600010.001/swg.fits[1]
scw/0534/053400190010.001/swg.fits[1]
scw/0534/053400190020.001/swg.fits[1]
scw/0534/053400190030.001/swg.fits[1]
scw/0534/053400200010.001/swg.fits[1]
scw/0971/097100710010.001/swg.fits[1]
scw/0971/097100750010.001/swg.fits[1]
scw/0971/097100760010.001/swg.fits[1]
scw/0971/097100800010.001/swg.fits[1]
scw/0971/097100810010.001/swg.fits[1]
scw/0971/097100820010.001/swg.fits[1]
scw/0971/097100860010.001/swg.fits[1]
scw/0972/097200100010.001/swg.fits[1]
scw/0972/097200110010.001/swg.fits[1]
scw/0972/097200140010.001/swg.fits[1]
scw/0972/097200150010.001/swg.fits[1]
scw/0972/097200590010.001/swg.fits[1]
scw/0972/097200600010.001/swg.fits[1]
scw/0972/097200640010.001/swg.fits[1]
scw/0972/097200650010.001/swg.fits[1]
scw/0972/097200660010.001/swg.fits[1]
scw/0972/097200700010.001/swg.fits[1]
scw/0972/097200900010.001/swg.fits[1]
scw/0972/097200910010.001/swg.fits[1]
scw/0973/097300020010.001/swg.fits[1]
scw/0973/097300030010.001/swg.fits[1]
scw/0977/097700100010.001/swg.fits[1]
scw/0977/097700110010.001/swg.fits[1]
scw/0977/097700150010.001/swg.fits[1]
scw/0977/097700160010.001/swg.fits[1]
scw/0977/097700170010.001/swg.fits[1]
scw/0977/097700210010.001/swg.fits[1]
scw/0977/097700420010.001/swg.fits[1]
scw/0977/097700430010.001/swg.fits[1]
scw/0977/097700460010.001/swg.fits[1]
scw/0977/097700470010.001/swg.fits[1]
scw/2060/206000410010.001/swg.fits[1]
scw/2328/232800270010.001/swg.fits[1]
scw/2328/232800280010.001/swg.fits[1]
scw/2328/232800390010.001/swg.fits[1]
scw/2328/232800480010.001/swg.fits[1]
scw/2397/239700550010.001/swg.fits[1]
scw/2397/239700560010.001/swg.fits[1]
scw/2466/246600690010.001/swg.fits[1]
scw/2467/246700750010.001/swg.fits[1]
