scw/0236/023600950010.001/swg.fits[1]
scw/0236/023600980010.001/swg.fits[1]
scw/0236/023600990010.001/swg.fits[1]
scw/0236/023601040010.001/swg.fits[1]
scw/0236/023601050010.001/swg.fits[1]
scw/0237/023700200010.001/swg.fits[1]
scw/0237/023700300010.001/swg.fits[1]
scw/0237/023700310010.001/swg.fits[1]
scw/0237/023700320010.001/swg.fits[1]
scw/0237/023700330010.001/swg.fits[1]
scw/0237/023700400010.001/swg.fits[1]
scw/0237/023700530010.001/swg.fits[1]
scw/0237/023700600010.001/swg.fits[1]
scw/0237/023700610010.001/swg.fits[1]
scw/0237/023700620010.001/swg.fits[1]
scw/0237/023700630010.001/swg.fits[1]
scw/0237/023700740010.001/swg.fits[1]
scw/0237/023700750010.001/swg.fits[1]
scw/0237/023700810010.001/swg.fits[1]
scw/0237/023700820010.001/swg.fits[1]
scw/0237/023700830010.001/swg.fits[1]
scw/0237/023700850010.001/swg.fits[1]
scw/0237/023701050010.001/swg.fits[1]
scw/0237/023701110010.001/swg.fits[1]
scw/0237/023701120010.001/swg.fits[1]
scw/0237/023701130010.001/swg.fits[1]
scw/0240/024000130010.001/swg.fits[1]
scw/0240/024000140010.001/swg.fits[1]
scw/0240/024000190010.001/swg.fits[1]
scw/0240/024000200010.001/swg.fits[1]
scw/0240/024000230010.001/swg.fits[1]
scw/0240/024000240010.001/swg.fits[1]
scw/0240/024000290010.001/swg.fits[1]
scw/0240/024000300010.001/swg.fits[1]
scw/0240/024000630010.001/swg.fits[1]
scw/0240/024000640010.001/swg.fits[1]
scw/0240/024000690010.001/swg.fits[1]
scw/0240/024000700010.001/swg.fits[1]
scw/0240/024000730010.001/swg.fits[1]
scw/0240/024000740010.001/swg.fits[1]
scw/0240/024000790010.001/swg.fits[1]
scw/0240/024000800010.001/swg.fits[1]
scw/0240/024001140010.001/swg.fits[1]
scw/0241/024100380010.001/swg.fits[1]
scw/0241/024100390010.001/swg.fits[1]
scw/0241/024100440010.001/swg.fits[1]
scw/0241/024100450010.001/swg.fits[1]
scw/0241/024100780010.001/swg.fits[1]
scw/0241/024100790010.001/swg.fits[1]
scw/0241/024100840010.001/swg.fits[1]
scw/0241/024100850010.001/swg.fits[1]
scw/0241/024100880010.001/swg.fits[1]
scw/0241/024100890010.001/swg.fits[1]
scw/0241/024100940010.001/swg.fits[1]
scw/0241/024100950010.001/swg.fits[1]
scw/0243/024300030010.001/swg.fits[1]
scw/0243/024300040010.001/swg.fits[1]
scw/0243/024300070010.001/swg.fits[1]
scw/0243/024300080010.001/swg.fits[1]
scw/0243/024301000010.001/swg.fits[1]
scw/0243/024301010010.001/swg.fits[1]
scw/0244/024401130010.001/swg.fits[1]
scw/0245/024500330010.001/swg.fits[1]
scw/0245/024500340010.001/swg.fits[1]
scw/0245/024500400010.001/swg.fits[1]
scw/0245/024500410010.001/swg.fits[1]
scw/0245/024500420010.001/swg.fits[1]
scw/0245/024500430010.001/swg.fits[1]
scw/0245/024500440010.001/swg.fits[1]
scw/0245/024500700010.001/swg.fits[1]
scw/0245/024500710010.001/swg.fits[1]
scw/0245/024500740010.001/swg.fits[1]
scw/0245/024500750010.001/swg.fits[1]
scw/0245/024500800010.001/swg.fits[1]
scw/0245/024500810010.001/swg.fits[1]
scw/0245/024500900010.001/swg.fits[1]
scw/0245/024500910010.001/swg.fits[1]
scw/0245/024500930010.001/swg.fits[1]
scw/0245/024500940010.001/swg.fits[1]
scw/0245/024500950010.001/swg.fits[1]
scw/0245/024501000010.001/swg.fits[1]
scw/0245/024501010010.001/swg.fits[1]
scw/0246/024600400010.001/swg.fits[1]
scw/0246/024600410010.001/swg.fits[1]
scw/0246/024600430010.001/swg.fits[1]
scw/0246/024600440010.001/swg.fits[1]
scw/0246/024600450010.001/swg.fits[1]
scw/0246/024600500010.001/swg.fits[1]
scw/0246/024600510010.001/swg.fits[1]
scw/0246/024600620010.001/swg.fits[1]
scw/0246/024600630010.001/swg.fits[1]
scw/0246/024600650010.001/swg.fits[1]
scw/0246/024600660010.001/swg.fits[1]
scw/0246/024600670010.001/swg.fits[1]
scw/0246/024600720010.001/swg.fits[1]
scw/0249/024900260010.001/swg.fits[1]
scw/0286/028600420010.001/swg.fits[1]
scw/0286/028600430010.001/swg.fits[1]
scw/0286/028600440010.001/swg.fits[1]
scw/0286/028600450010.001/swg.fits[1]
scw/0286/028600460010.001/swg.fits[1]
scw/0286/028600520010.001/swg.fits[1]
scw/0286/028600550010.001/swg.fits[1]
scw/0286/028600620010.001/swg.fits[1]
scw/0286/028600630010.001/swg.fits[1]
scw/0286/028600640010.001/swg.fits[1]
scw/0286/028600650010.001/swg.fits[1]
scw/0286/028600660010.001/swg.fits[1]
scw/0286/028600860010.001/swg.fits[1]
scw/0286/028600920010.001/swg.fits[1]
scw/0286/028600930010.001/swg.fits[1]
scw/0286/028600940010.001/swg.fits[1]
scw/0286/028600960010.001/swg.fits[1]
scw/0286/028600970010.001/swg.fits[1]
scw/0287/028700160010.001/swg.fits[1]
scw/0287/028700170010.001/swg.fits[1]
scw/0287/028700180010.001/swg.fits[1]
scw/0288/028800160010.001/swg.fits[1]
scw/0288/028800170010.001/swg.fits[1]
scw/0288/028800180010.001/swg.fits[1]
scw/0289/028900080010.001/swg.fits[1]
scw/0289/028900090010.001/swg.fits[1]
scw/0289/028900100010.001/swg.fits[1]
scw/0290/029000080010.001/swg.fits[1]
scw/0290/029000090010.001/swg.fits[1]
scw/0290/029000100010.001/swg.fits[1]
scw/0291/029100240010.001/swg.fits[1]
scw/0291/029100250010.001/swg.fits[1]
scw/0291/029100260010.001/swg.fits[1]
scw/0292/029200300010.001/swg.fits[1]
scw/0292/029200310010.001/swg.fits[1]
scw/0292/029200320010.001/swg.fits[1]
scw/0293/029300080010.001/swg.fits[1]
scw/0294/029400060010.001/swg.fits[1]
scw/0294/029400070010.001/swg.fits[1]
scw/0294/029400080010.001/swg.fits[1]
scw/0294/029400540010.001/swg.fits[1]
scw/0294/029400550010.001/swg.fits[1]
scw/0294/029400880010.001/swg.fits[1]
scw/0294/029400890010.001/swg.fits[1]
scw/0295/029500370010.001/swg.fits[1]
scw/0295/029500380010.001/swg.fits[1]
scw/0295/029500390010.001/swg.fits[1]
scw/0295/029500540010.001/swg.fits[1]
scw/0295/029500550010.001/swg.fits[1]
scw/0296/029600380010.001/swg.fits[1]
scw/0296/029600390010.001/swg.fits[1]
scw/0296/029600400010.001/swg.fits[1]
scw/0296/029600780010.001/swg.fits[1]
scw/0296/029600790010.001/swg.fits[1]
scw/0296/029600800010.001/swg.fits[1]
scw/0296/029600810010.001/swg.fits[1]
scw/0296/029600820010.001/swg.fits[1]
scw/0296/029600880010.001/swg.fits[1]
scw/0296/029601070010.001/swg.fits[1]
scw/0297/029700060010.001/swg.fits[1]
scw/0297/029700070010.001/swg.fits[1]
scw/0297/029700080010.001/swg.fits[1]
scw/0297/029700120010.001/swg.fits[1]
scw/0297/029700190010.001/swg.fits[1]
scw/0297/029700200010.001/swg.fits[1]
scw/0297/029700210010.001/swg.fits[1]
scw/0297/029700220010.001/swg.fits[1]
scw/0297/029700230010.001/swg.fits[1]
scw/0297/029700380010.001/swg.fits[1]
scw/0297/029700390010.001/swg.fits[1]
scw/0297/029700410010.001/swg.fits[1]
scw/0297/029700420010.001/swg.fits[1]
scw/0297/029700430010.001/swg.fits[1]
scw/0297/029700490010.001/swg.fits[1]
scw/0297/029700700010.001/swg.fits[1]
scw/0297/029700710010.001/swg.fits[1]
scw/0297/029700720010.001/swg.fits[1]
scw/0297/029700730010.001/swg.fits[1]
scw/0297/029700800010.001/swg.fits[1]
scw/0297/029700810010.001/swg.fits[1]
scw/0297/029700840010.001/swg.fits[1]
scw/0297/029700900010.001/swg.fits[1]
scw/0297/029700910010.001/swg.fits[1]
scw/0297/029700930010.001/swg.fits[1]
scw/0297/029700940010.001/swg.fits[1]
scw/0297/029700950010.001/swg.fits[1]
scw/0298/029800060010.001/swg.fits[1]
scw/0298/029800070010.001/swg.fits[1]
scw/0298/029800080010.001/swg.fits[1]
scw/0298/029800130010.001/swg.fits[1]
scw/0298/029800140010.001/swg.fits[1]
scw/0298/029800150010.001/swg.fits[1]
scw/0298/029800160010.001/swg.fits[1]
scw/0298/029800170010.001/swg.fits[1]
scw/0298/029800180010.001/swg.fits[1]
scw/0298/029800240010.001/swg.fits[1]
scw/0298/029800260010.001/swg.fits[1]
scw/0298/029800270010.001/swg.fits[1]
scw/0298/029800330010.001/swg.fits[1]
scw/0298/029800340010.001/swg.fits[1]
scw/0298/029800350010.001/swg.fits[1]
scw/0298/029800370010.001/swg.fits[1]
scw/0298/029800670010.001/swg.fits[1]
scw/0298/029800680010.001/swg.fits[1]
scw/0298/029800700010.001/swg.fits[1]
scw/0298/029800710010.001/swg.fits[1]
scw/0298/029800720010.001/swg.fits[1]
scw/0298/029800770010.001/swg.fits[1]
scw/0298/029800780010.001/swg.fits[1]
scw/0298/029800870010.001/swg.fits[1]
scw/0298/029800880010.001/swg.fits[1]
scw/0298/029800900010.001/swg.fits[1]
scw/0298/029800910010.001/swg.fits[1]
scw/0298/029800920010.001/swg.fits[1]
scw/0299/029900060010.001/swg.fits[1]
scw/0299/029900070010.001/swg.fits[1]
scw/0299/029900080010.001/swg.fits[1]
scw/0299/029900110010.001/swg.fits[1]
scw/0299/029900120010.001/swg.fits[1]
scw/0299/029900130010.001/swg.fits[1]
scw/0299/029900190010.001/swg.fits[1]
scw/0299/029900290010.001/swg.fits[1]
scw/0299/029900300010.001/swg.fits[1]
scw/0299/029900310010.001/swg.fits[1]
scw/0299/029900320010.001/swg.fits[1]
scw/0299/029900390010.001/swg.fits[1]
scw/0299/029901040010.001/swg.fits[1]
scw/0301/030100420010.001/swg.fits[1]
scw/0301/030100460010.001/swg.fits[1]
scw/0301/030100470010.001/swg.fits[1]
scw/0301/030100480010.001/swg.fits[1]
scw/0302/030200020010.001/swg.fits[1]
scw/0302/030200060010.001/swg.fits[1]
scw/0302/030200070010.001/swg.fits[1]
scw/0302/030200080010.001/swg.fits[1]
scw/0303/030300160010.001/swg.fits[1]
scw/0303/030300200010.001/swg.fits[1]
scw/0303/030300210010.001/swg.fits[1]
scw/0303/030300220010.001/swg.fits[1]
scw/0303/030300960010.001/swg.fits[1]
scw/0304/030400020010.001/swg.fits[1]
scw/0304/030400060010.001/swg.fits[1]
scw/0304/030400070010.001/swg.fits[1]
scw/0304/030400080010.001/swg.fits[1]
scw/0304/030400680010.001/swg.fits[1]
scw/0304/030400690010.001/swg.fits[1]
scw/0304/030400700010.001/swg.fits[1]
scw/0304/030400710010.001/swg.fits[1]
scw/0304/030400720010.001/swg.fits[1]
scw/0304/030400780010.001/swg.fits[1]
scw/0304/030400870010.001/swg.fits[1]
scw/0304/030400880010.001/swg.fits[1]
scw/0304/030400980010.001/swg.fits[1]
scw/0305/030500310010.001/swg.fits[1]
