scw/0625/062500030010.001/swg.fits[1]
scw/0625/062500040010.001/swg.fits[1]
scw/0625/062500070010.001/swg.fits[1]
scw/0625/062500080010.001/swg.fits[1]
scw/0625/062500130010.001/swg.fits[1]
scw/0625/062500140010.001/swg.fits[1]
scw/0625/062500170010.001/swg.fits[1]
scw/0625/062500180010.001/swg.fits[1]
scw/0625/062500540010.001/swg.fits[1]
scw/0625/062500560010.001/swg.fits[1]
scw/0625/062500570010.001/swg.fits[1]
scw/0625/062500580010.001/swg.fits[1]
scw/0626/062600060010.001/swg.fits[1]
scw/0626/062600070010.001/swg.fits[1]
scw/0626/062600080010.001/swg.fits[1]
scw/0626/062600090010.001/swg.fits[1]
scw/0626/062600100010.001/swg.fits[1]
scw/0626/062600460010.001/swg.fits[1]
scw/0626/062600500010.001/swg.fits[1]
scw/0626/062600510010.001/swg.fits[1]
scw/0626/062600560010.001/swg.fits[1]
scw/0626/062600570010.001/swg.fits[1]
scw/0627/062700020010.001/swg.fits[1]
scw/0627/062700030010.001/swg.fits[1]
scw/0627/062700040010.001/swg.fits[1]
scw/0627/062700400010.001/swg.fits[1]
scw/0627/062700420010.001/swg.fits[1]
scw/0627/062700430010.001/swg.fits[1]
scw/0627/062700440010.001/swg.fits[1]
scw/0627/062700490010.001/swg.fits[1]
scw/0627/062700500010.001/swg.fits[1]
scw/0627/062700530010.001/swg.fits[1]
scw/0627/062700540010.001/swg.fits[1]
scw/0685/068500090010.001/swg.fits[1]
scw/0685/068500100010.001/swg.fits[1]
scw/0685/068500130010.001/swg.fits[1]
scw/0685/068500140010.001/swg.fits[1]
scw/0685/068500180010.001/swg.fits[1]
scw/0685/068500190010.001/swg.fits[1]
scw/0685/068500200010.001/swg.fits[1]
scw/0685/068500230010.001/swg.fits[1]
scw/0685/068500240010.001/swg.fits[1]
scw/0685/068500600010.001/swg.fits[1]
scw/0686/068600030010.001/swg.fits[1]
scw/0686/068600040010.001/swg.fits[1]
scw/0686/068600080010.001/swg.fits[1]
scw/0686/068600090010.001/swg.fits[1]
scw/0686/068600100010.001/swg.fits[1]
scw/0686/068600130010.001/swg.fits[1]
scw/0686/068600140010.001/swg.fits[1]
scw/0686/068600490010.001/swg.fits[1]
scw/0686/068600530010.001/swg.fits[1]
scw/0686/068600540010.001/swg.fits[1]
scw/0686/068600590010.001/swg.fits[1]
scw/0686/068600600010.001/swg.fits[1]
scw/0686/068600610010.001/swg.fits[1]
scw/0687/068700030010.001/swg.fits[1]
scw/0687/068700040010.001/swg.fits[1]
scw/0687/068700390010.001/swg.fits[1]
scw/0687/068700400010.001/swg.fits[1]
scw/0687/068700410010.001/swg.fits[1]
scw/0687/068700430010.001/swg.fits[1]
scw/0687/068700440010.001/swg.fits[1]
scw/0687/068700490010.001/swg.fits[1]
scw/0687/068700500010.001/swg.fits[1]
scw/0687/068700530010.001/swg.fits[1]
scw/0687/068700540010.001/swg.fits[1]
scw/0688/068800300010.001/swg.fits[1]
scw/0688/068800310010.001/swg.fits[1]
scw/0688/068800320010.001/swg.fits[1]
scw/0688/068800330010.001/swg.fits[1]
scw/0688/068800340010.001/swg.fits[1]
scw/0688/068800390010.001/swg.fits[1]
scw/0688/068800400010.001/swg.fits[1]
scw/0688/068800420010.001/swg.fits[1]
scw/0688/068800430010.001/swg.fits[1]
scw/0688/068800440010.001/swg.fits[1]
scw/0689/068900200010.001/swg.fits[1]
scw/0689/068900210010.001/swg.fits[1]
scw/0689/068900220010.001/swg.fits[1]
scw/0689/068900230010.001/swg.fits[1]
scw/0689/068900240010.001/swg.fits[1]
scw/0689/068900290010.001/swg.fits[1]
scw/0689/068900300010.001/swg.fits[1]
scw/0689/068900330010.001/swg.fits[1]
scw/0689/068900340010.001/swg.fits[1]
scw/0689/068900390010.001/swg.fits[1]
scw/0690/069000100010.001/swg.fits[1]
scw/0690/069000110010.001/swg.fits[1]
scw/0690/069000140010.001/swg.fits[1]
scw/0690/069000150010.001/swg.fits[1]
scw/0759/075900190010.001/swg.fits[1]
scw/0759/075900270010.001/swg.fits[1]
scw/0759/075900280010.001/swg.fits[1]
scw/0759/075900290010.001/swg.fits[1]
scw/0759/075900300010.001/swg.fits[1]
scw/0759/075900390010.001/swg.fits[1]
scw/0759/075900400010.001/swg.fits[1]
scw/0759/075900470010.001/swg.fits[1]
scw/0759/075900480010.001/swg.fits[1]
scw/0760/076000100010.001/swg.fits[1]
scw/0760/076000180010.001/swg.fits[1]
scw/0760/076000190010.001/swg.fits[1]
scw/0760/076000300010.001/swg.fits[1]
scw/0760/076000310010.001/swg.fits[1]
scw/0760/076000380010.001/swg.fits[1]
scw/0760/076000390010.001/swg.fits[1]
scw/0760/076000600010.001/swg.fits[1]
scw/0761/076100090010.001/swg.fits[1]
scw/0761/076100100010.001/swg.fits[1]
scw/0761/076100110010.001/swg.fits[1]
scw/0761/076100120010.001/swg.fits[1]
scw/0761/076100190010.001/swg.fits[1]
scw/0761/076100210010.001/swg.fits[1]
scw/0761/076100220010.001/swg.fits[1]
scw/0761/076100290010.001/swg.fits[1]
scw/0761/076100300010.001/swg.fits[1]
scw/0761/076100510010.001/swg.fits[1]
scw/0761/076100590010.001/swg.fits[1]
scw/0761/076100600010.001/swg.fits[1]
scw/0762/076200020010.001/swg.fits[1]
scw/0762/076200100010.001/swg.fits[1]
scw/0762/076200120010.001/swg.fits[1]
scw/0762/076200130010.001/swg.fits[1]
scw/0762/076200200010.001/swg.fits[1]
scw/0762/076200210010.001/swg.fits[1]
scw/0811/081100610010.001/swg.fits[1]
scw/0811/081100620010.001/swg.fits[1]
scw/0824/082400200010.001/swg.fits[1]
scw/0824/082400210010.001/swg.fits[1]
scw/0824/082400420010.001/swg.fits[1]
scw/0824/082400500010.001/swg.fits[1]
scw/0824/082400510010.001/swg.fits[1]
scw/0825/082500030010.001/swg.fits[1]
scw/0825/082500040010.001/swg.fits[1]
scw/0825/082500110010.001/swg.fits[1]
scw/0825/082500120010.001/swg.fits[1]
scw/0825/082500330010.001/swg.fits[1]
scw/0825/082500410010.001/swg.fits[1]
scw/0825/082500420010.001/swg.fits[1]
scw/0825/082500430010.001/swg.fits[1]
scw/0825/082500440010.001/swg.fits[1]
scw/0825/082500520010.001/swg.fits[1]
scw/0825/082500530010.001/swg.fits[1]
scw/0825/082500540010.001/swg.fits[1]
scw/0825/082500620010.001/swg.fits[1]
scw/0826/082600210010.001/swg.fits[1]
scw/0826/082600220010.001/swg.fits[1]
scw/0826/082600290010.001/swg.fits[1]
scw/0826/082600300010.001/swg.fits[1]
scw/0826/082600390010.001/swg.fits[1]
scw/0826/082600410010.001/swg.fits[1]
scw/0826/082600420010.001/swg.fits[1]
scw/0826/082600490010.001/swg.fits[1]
scw/0826/082600500010.001/swg.fits[1]
scw/0827/082700080010.001/swg.fits[1]
scw/0827/082700090010.001/swg.fits[1]
scw/0827/082700100010.001/swg.fits[1]
scw/0827/082700180010.001/swg.fits[1]
scw/0827/082700290010.001/swg.fits[1]
scw/0827/082700300010.001/swg.fits[1]
scw/0827/082700370010.001/swg.fits[1]
scw/0827/082700380010.001/swg.fits[1]
scw/0827/082700390010.001/swg.fits[1]
scw/0827/082700590010.001/swg.fits[1]
scw/0827/082700600010.001/swg.fits[1]
scw/0828/082800070010.001/swg.fits[1]
scw/0828/082800190010.001/swg.fits[1]
scw/0828/082800250010.001/swg.fits[1]
scw/0828/082800260010.001/swg.fits[1]
scw/0828/082800270010.001/swg.fits[1]
scw/0828/082800480010.001/swg.fits[1]
scw/0828/082800490010.001/swg.fits[1]
scw/0828/082800560010.001/swg.fits[1]
scw/0828/082800570010.001/swg.fits[1]
scw/0829/082900310010.001/swg.fits[1]
scw/0829/082900320010.001/swg.fits[1]
scw/0829/082900330010.001/swg.fits[1]
scw/0829/082900340010.001/swg.fits[1]
scw/0829/082900470010.001/swg.fits[1]
scw/0829/082900530010.001/swg.fits[1]
scw/0829/082900570010.001/swg.fits[1]
scw/0829/082900580010.001/swg.fits[1]
scw/0829/082900590010.001/swg.fits[1]
scw/2218/221800040010.001/swg.fits[1]
scw/2365/236500020010.001/swg.fits[1]
scw/2450/245000660010.001/swg.fits[1]
