scw/1652/165200820010.001/swg.fits[1]
scw/1652/165200830010.001/swg.fits[1]
scw/1653/165300020010.001/swg.fits[1]
scw/1653/165300060010.001/swg.fits[1]
scw/1653/165300070010.001/swg.fits[1]
scw/1653/165300080010.001/swg.fits[1]
scw/1653/165300110010.001/swg.fits[1]
scw/1653/165300120010.001/swg.fits[1]
scw/1653/165300170010.001/swg.fits[1]
scw/1653/165300180010.001/swg.fits[1]
scw/1653/165300380010.001/swg.fits[1]
scw/1653/165300390010.001/swg.fits[1]
scw/1653/165300420010.001/swg.fits[1]
scw/1653/165300480010.001/swg.fits[1]
scw/1654/165400020010.001/swg.fits[1]
scw/1654/165400060010.001/swg.fits[1]
scw/1654/165400070010.001/swg.fits[1]
scw/1654/165400080010.001/swg.fits[1]
scw/1654/165400160010.001/swg.fits[1]
scw/1654/165400220010.001/swg.fits[1]
scw/1654/165400230010.001/swg.fits[1]
scw/1654/165400240010.001/swg.fits[1]
scw/1654/165400260010.001/swg.fits[1]
scw/1654/165400500010.001/swg.fits[1]
scw/1654/165400510010.001/swg.fits[1]
scw/1654/165400520010.001/swg.fits[1]
scw/1654/165400600010.001/swg.fits[1]
scw/1655/165500020010.001/swg.fits[1]
scw/1655/165500060010.001/swg.fits[1]
scw/1655/165500070010.001/swg.fits[1]
scw/1655/165500110010.001/swg.fits[1]
scw/1655/165500120010.001/swg.fits[1]
scw/1655/165500130010.001/swg.fits[1]
scw/1655/165500170010.001/swg.fits[1]
scw/1655/165500180010.001/swg.fits[1]
scw/1655/165500220010.001/swg.fits[1]
scw/1655/165500410010.001/swg.fits[1]
scw/1655/165500490010.001/swg.fits[1]
scw/1655/165500500010.001/swg.fits[1]
scw/1655/165500510010.001/swg.fits[1]
scw/1656/165600060010.001/swg.fits[1]
scw/1656/165600070010.001/swg.fits[1]
scw/1656/165600080010.001/swg.fits[1]
scw/1657/165700090010.001/swg.fits[1]
scw/1657/165700100010.001/swg.fits[1]
scw/1657/165700110010.001/swg.fits[1]
scw/1657/165700120010.001/swg.fits[1]
scw/1657/165700130010.001/swg.fits[1]
scw/1657/165700140010.001/swg.fits[1]
scw/1657/165700200010.001/swg.fits[1]
scw/1657/165700430010.001/swg.fits[1]
scw/1657/165700510010.001/swg.fits[1]
scw/1657/165700520010.001/swg.fits[1]
scw/1657/165700530010.001/swg.fits[1]
scw/1657/165700540010.001/swg.fits[1]
scw/1658/165800270010.001/swg.fits[1]
scw/1658/165800320010.001/swg.fits[1]
scw/1658/165800330010.001/swg.fits[1]
scw/1658/165800380010.001/swg.fits[1]
scw/1658/165800390010.001/swg.fits[1]
scw/1658/165800540010.001/swg.fits[1]
scw/1658/165800550010.001/swg.fits[1]
scw/1658/165800700010.001/swg.fits[1]
scw/1658/165800710010.001/swg.fits[1]
scw/1658/165800730010.001/swg.fits[1]
scw/1658/165800770010.001/swg.fits[1]
scw/1658/165800780010.001/swg.fits[1]
scw/1658/165800890010.001/swg.fits[1]
scw/1658/165800930010.001/swg.fits[1]
scw/1658/165800940010.001/swg.fits[1]
scw/1659/165900010010.001/swg.fits[1]
scw/1659/165900020010.001/swg.fits[1]
scw/1659/165900040010.001/swg.fits[1]
scw/1659/165900050010.001/swg.fits[1]
scw/1659/165900060010.001/swg.fits[1]
scw/1659/165900070010.001/swg.fits[1]
scw/1659/165900170010.001/swg.fits[1]
scw/1659/165900210010.001/swg.fits[1]
scw/1659/165900220010.001/swg.fits[1]
scw/1659/165900240010.001/swg.fits[1]
scw/1659/165900280010.001/swg.fits[1]
scw/1659/165900400010.001/swg.fits[1]
scw/1659/165900440010.001/swg.fits[1]
scw/1659/165900450010.001/swg.fits[1]
scw/1659/165900560010.001/swg.fits[1]
scw/1659/165900600010.001/swg.fits[1]
scw/1659/165900610010.001/swg.fits[1]
scw/1659/165900670010.001/swg.fits[1]
scw/1659/165900680010.001/swg.fits[1]
scw/1659/165900830010.001/swg.fits[1]
scw/1659/165900840010.001/swg.fits[1]
scw/1659/165900990010.001/swg.fits[1]
scw/1659/165901000010.001/swg.fits[1]
scw/1663/166300550010.001/swg.fits[1]
scw/1663/166300560010.001/swg.fits[1]
scw/1663/166300580010.001/swg.fits[1]
scw/1663/166300590010.001/swg.fits[1]
scw/1663/166300600010.001/swg.fits[1]
scw/1663/166300610010.001/swg.fits[1]
scw/1663/166300680010.001/swg.fits[1]
scw/1663/166300690010.001/swg.fits[1]
scw/1663/166300750010.001/swg.fits[1]
scw/1663/166300760010.001/swg.fits[1]
scw/1663/166300770010.001/swg.fits[1]
scw/1663/166300780010.001/swg.fits[1]
scw/1665/166500040010.001/swg.fits[1]
scw/1665/166500080010.001/swg.fits[1]
scw/1665/166500090010.001/swg.fits[1]
scw/1665/166500100010.001/swg.fits[1]
scw/1665/166500260010.001/swg.fits[1]
scw/1665/166500270010.001/swg.fits[1]
scw/1665/166500280010.001/swg.fits[1]
scw/1665/166500370010.001/swg.fits[1]
scw/1665/166500410010.001/swg.fits[1]
scw/1665/166500420010.001/swg.fits[1]
scw/1665/166500430010.001/swg.fits[1]
scw/1665/166500530010.001/swg.fits[1]
scw/1665/166500570010.001/swg.fits[1]
scw/1665/166500580010.001/swg.fits[1]
scw/1665/166500590010.001/swg.fits[1]
scw/1665/166500690010.001/swg.fits[1]
scw/1665/166500730010.001/swg.fits[1]
scw/1665/166500740010.001/swg.fits[1]
scw/1665/166500750010.001/swg.fits[1]
scw/1665/166500760010.001/swg.fits[1]
scw/1665/166500800010.001/swg.fits[1]
scw/1665/166500810010.001/swg.fits[1]
scw/1665/166500920010.001/swg.fits[1]
scw/1665/166500960010.001/swg.fits[1]
scw/1665/166500970010.001/swg.fits[1]
scw/1666/166600050010.001/swg.fits[1]
scw/1666/166600060010.001/swg.fits[1]
scw/1666/166600070010.001/swg.fits[1]
scw/1666/166600190010.001/swg.fits[1]
scw/1666/166600230010.001/swg.fits[1]
scw/1666/166600240010.001/swg.fits[1]
scw/1666/166600290010.001/swg.fits[1]
scw/1666/166600300010.001/swg.fits[1]
scw/1666/166600520010.001/swg.fits[1]
scw/1666/166600560010.001/swg.fits[1]
scw/1666/166600570010.001/swg.fits[1]
scw/1666/166600630010.001/swg.fits[1]
scw/1666/166600640010.001/swg.fits[1]
scw/1666/166600650010.001/swg.fits[1]
scw/1666/166600790010.001/swg.fits[1]
scw/1666/166600800010.001/swg.fits[1]
scw/1666/166600810010.001/swg.fits[1]
scw/1667/166700130010.001/swg.fits[1]
scw/1667/166700140010.001/swg.fits[1]
scw/1667/166700150010.001/swg.fits[1]
scw/1667/166700160010.001/swg.fits[1]
scw/1667/166700170010.001/swg.fits[1]
scw/1667/166700180010.001/swg.fits[1]
scw/1667/166700240010.001/swg.fits[1]
scw/1668/166800080010.001/swg.fits[1]
scw/1668/166800090010.001/swg.fits[1]
scw/1668/166800100010.001/swg.fits[1]
scw/1668/166800110010.001/swg.fits[1]
scw/1668/166800120010.001/swg.fits[1]
scw/1668/166800130010.001/swg.fits[1]
scw/1668/166800190010.001/swg.fits[1]
scw/1668/166800370010.001/swg.fits[1]
scw/1668/166800380010.001/swg.fits[1]
scw/1668/166800420010.001/swg.fits[1]
scw/1668/166800430010.001/swg.fits[1]
scw/1668/166800530010.001/swg.fits[1]
scw/1668/166800540010.001/swg.fits[1]
scw/1668/166800580010.001/swg.fits[1]
scw/1668/166800590010.001/swg.fits[1]
scw/1668/166800640010.001/swg.fits[1]
scw/1668/166800650010.001/swg.fits[1]
scw/1668/166800660010.001/swg.fits[1]
scw/1668/166800800010.001/swg.fits[1]
scw/1668/166800810010.001/swg.fits[1]
scw/1668/166800820010.001/swg.fits[1]
scw/1668/166800870010.001/swg.fits[1]
scw/1668/166800880010.001/swg.fits[1]
scw/1668/166800890010.001/swg.fits[1]
scw/1669/166900020010.001/swg.fits[1]
scw/1669/166900060010.001/swg.fits[1]
scw/1669/166900070010.001/swg.fits[1]
scw/1669/166900080010.001/swg.fits[1]
scw/1669/166900230010.001/swg.fits[1]
scw/1669/166900250010.001/swg.fits[1]
scw/1669/166900260010.001/swg.fits[1]
scw/1669/166900340010.001/swg.fits[1]
scw/1669/166900390010.001/swg.fits[1]
scw/1669/166900410010.001/swg.fits[1]
scw/1669/166900420010.001/swg.fits[1]
scw/1669/166900430010.001/swg.fits[1]
scw/1669/166900490010.001/swg.fits[1]
scw/1669/166900670010.001/swg.fits[1]
scw/1669/166900680010.001/swg.fits[1]
scw/1669/166900830010.001/swg.fits[1]
scw/1669/166900840010.001/swg.fits[1]
scw/1669/166900840020.001/swg.fits[1]
scw/1669/166900840030.001/swg.fits[1]
scw/1670/167000010010.001/swg.fits[1]
scw/1670/167000050010.001/swg.fits[1]
scw/1670/167000060010.001/swg.fits[1]
scw/1670/167000070010.001/swg.fits[1]
scw/1670/167000230010.001/swg.fits[1]
scw/1670/167000240010.001/swg.fits[1]
scw/1670/167000390010.001/swg.fits[1]
scw/1670/167000400010.001/swg.fits[1]
scw/1670/167000500010.001/swg.fits[1]
scw/1670/167000540010.001/swg.fits[1]
scw/1670/167000550010.001/swg.fits[1]
scw/1670/167000660010.001/swg.fits[1]
scw/1670/167000700010.001/swg.fits[1]
scw/1670/167000710010.001/swg.fits[1]
scw/1714/171400540010.001/swg.fits[1]
scw/1714/171400550010.001/swg.fits[1]
scw/1714/171400560010.001/swg.fits[1]
scw/1714/171400720010.001/swg.fits[1]
scw/1714/171400780010.001/swg.fits[1]
scw/1714/171400790010.001/swg.fits[1]
scw/1714/171400800010.001/swg.fits[1]
scw/1714/171400820010.001/swg.fits[1]
scw/1716/171600030010.001/swg.fits[1]
scw/1716/171600040010.001/swg.fits[1]
scw/1716/171600050010.001/swg.fits[1]
scw/1716/171600830010.001/swg.fits[1]
scw/1716/171600870010.001/swg.fits[1]
scw/1716/171600880010.001/swg.fits[1]
scw/1716/171600890010.001/swg.fits[1]
scw/1716/171600920010.001/swg.fits[1]
scw/1716/171600930010.001/swg.fits[1]
scw/1717/171700030010.001/swg.fits[1]
scw/1717/171700040010.001/swg.fits[1]
scw/1717/171700310010.001/swg.fits[1]
scw/1717/171700320010.001/swg.fits[1]
scw/1718/171800020010.001/swg.fits[1]
scw/1718/171800050010.001/swg.fits[1]
scw/1718/171800230010.001/swg.fits[1]
scw/1718/171800240010.001/swg.fits[1]
scw/1718/171800280010.001/swg.fits[1]
scw/1718/171800290010.001/swg.fits[1]
scw/1718/171800300010.001/swg.fits[1]
scw/1718/171800340010.001/swg.fits[1]
scw/1719/171900020010.001/swg.fits[1]
scw/1719/171900030010.001/swg.fits[1]
scw/1719/171900040010.001/swg.fits[1]
scw/1719/171900050010.001/swg.fits[1]
scw/1719/171900180010.001/swg.fits[1]
scw/1719/171900190010.001/swg.fits[1]
scw/1719/171900200010.001/swg.fits[1]
scw/1719/171900280010.001/swg.fits[1]
scw/1720/172000670010.001/swg.fits[1]
scw/1720/172000680010.001/swg.fits[1]
