scw/0746/074600050010.001/swg.fits[1]
scw/0746/074600060010.001/swg.fits[1]
scw/0748/074800090010.001/swg.fits[1]
scw/0748/074800100010.001/swg.fits[1]
scw/0748/074800110010.001/swg.fits[1]
scw/0750/075000140010.001/swg.fits[1]
scw/0752/075200070010.001/swg.fits[1]
scw/0812/081200290010.001/swg.fits[1]
scw/0812/081200300010.001/swg.fits[1]
scw/0813/081300090010.001/swg.fits[1]
scw/0814/081400210010.001/swg.fits[1]
scw/0814/081400310010.001/swg.fits[1]
scw/0816/081600200010.001/swg.fits[1]
scw/1034/103400490010.001/swg.fits[1]
scw/1352/135200770010.001/swg.fits[1]
scw/1354/135400290010.001/swg.fits[1]
scw/1357/135700290010.001/swg.fits[1]
scw/1478/147800100010.001/swg.fits[1]
scw/1478/147800590010.001/swg.fits[1]
scw/1537/153700790010.001/swg.fits[1]
scw/1541/154100360010.001/swg.fits[1]
scw/1541/154100840010.001/swg.fits[1]
scw/1541/154100850010.001/swg.fits[1]
scw/1544/154400020010.001/swg.fits[1]
scw/1544/154400510010.001/swg.fits[1]
scw/1612/161200770010.001/swg.fits[1]
scw/1612/161200780010.001/swg.fits[1]
scw/1615/161500790010.001/swg.fits[1]
scw/1615/161500800010.001/swg.fits[1]
scw/1618/161800490010.001/swg.fits[1]
scw/1618/161800500010.001/swg.fits[1]
