scw/2067/206700280010.001/swg.fits[1]
scw/2067/206700350010.001/swg.fits[1]
scw/2067/206700360010.001/swg.fits[1]
scw/2067/206700520010.001/swg.fits[1]
scw/2067/206700530010.001/swg.fits[1]
scw/2067/206700540010.001/swg.fits[1]
scw/2067/206700640010.001/swg.fits[1]
scw/2067/206700680010.001/swg.fits[1]
scw/2067/206700690010.001/swg.fits[1]
scw/2067/206700700010.001/swg.fits[1]
scw/2067/206700800010.001/swg.fits[1]
scw/2067/206700840010.001/swg.fits[1]
scw/2067/206700850010.001/swg.fits[1]
scw/2067/206700860010.001/swg.fits[1]
scw/2068/206800020010.001/swg.fits[1]
scw/2068/206800060010.001/swg.fits[1]
scw/2068/206800070010.001/swg.fits[1]
scw/2068/206800080010.001/swg.fits[1]
scw/2068/206800120010.001/swg.fits[1]
scw/2068/206800130010.001/swg.fits[1]
scw/2068/206800140010.001/swg.fits[1]
scw/2068/206800160010.001/swg.fits[1]
scw/2068/206800170010.001/swg.fits[1]
scw/2068/206800360010.001/swg.fits[1]
scw/2068/206800400010.001/swg.fits[1]
scw/2068/206800410010.001/swg.fits[1]
scw/2068/206800560010.001/swg.fits[1]
scw/2068/206800570010.001/swg.fits[1]
scw/2068/206800580010.001/swg.fits[1]
scw/2068/206800680010.001/swg.fits[1]
scw/2068/206800690010.001/swg.fits[1]
scw/2068/206800720010.001/swg.fits[1]
scw/2068/206800730010.001/swg.fits[1]
scw/2068/206800740010.001/swg.fits[1]
scw/2068/206800840010.001/swg.fits[1]
scw/2068/206800880010.001/swg.fits[1]
scw/2068/206800890010.001/swg.fits[1]
scw/2068/206800900010.001/swg.fits[1]
scw/2068/206800900020.001/swg.fits[1]
scw/2069/206900020010.001/swg.fits[1]
scw/2069/206900060010.001/swg.fits[1]
scw/2069/206900070010.001/swg.fits[1]
scw/2069/206900080010.001/swg.fits[1]
scw/2069/206900500010.001/swg.fits[1]
scw/2069/206900600010.001/swg.fits[1]
scw/2069/206900640010.001/swg.fits[1]
scw/2069/206900650010.001/swg.fits[1]
scw/2069/206900660010.001/swg.fits[1]
scw/2069/206900760010.001/swg.fits[1]
scw/2069/206900800010.001/swg.fits[1]
scw/2069/206900810010.001/swg.fits[1]
scw/2069/206900820010.001/swg.fits[1]
scw/2069/206900920010.001/swg.fits[1]
scw/2071/207100040010.001/swg.fits[1]
scw/2071/207100080010.001/swg.fits[1]
scw/2071/207100090010.001/swg.fits[1]
scw/2071/207100110010.001/swg.fits[1]
scw/2071/207100120010.001/swg.fits[1]
scw/2071/207100490010.001/swg.fits[1]
scw/2071/207100500010.001/swg.fits[1]
scw/2071/207100510010.001/swg.fits[1]
scw/2071/207100610010.001/swg.fits[1]
scw/2071/207100620010.001/swg.fits[1]
scw/2071/207100640010.001/swg.fits[1]
scw/2071/207100650010.001/swg.fits[1]
scw/2071/207100660010.001/swg.fits[1]
scw/2071/207100670010.001/swg.fits[1]
scw/2071/207100770010.001/swg.fits[1]
scw/2071/207100810010.001/swg.fits[1]
scw/2071/207100820010.001/swg.fits[1]
scw/2071/207100830010.001/swg.fits[1]
scw/2074/207400600010.001/swg.fits[1]
scw/2074/207400610010.001/swg.fits[1]
scw/2074/207400620010.001/swg.fits[1]
scw/2074/207400750010.001/swg.fits[1]
scw/2074/207400760010.001/swg.fits[1]
scw/2074/207400810010.001/swg.fits[1]
scw/2074/207400820010.001/swg.fits[1]
scw/2074/207400830010.001/swg.fits[1]
scw/2074/207400850010.001/swg.fits[1]
scw/2077/207700060010.001/swg.fits[1]
scw/2077/207700070010.001/swg.fits[1]
scw/2077/207700080010.001/swg.fits[1]
scw/2077/207700390010.001/swg.fits[1]
scw/2077/207700400010.001/swg.fits[1]
scw/2077/207700410010.001/swg.fits[1]
scw/2077/207700510010.001/swg.fits[1]
scw/2077/207700550010.001/swg.fits[1]
scw/2077/207700560010.001/swg.fits[1]
scw/2077/207700570010.001/swg.fits[1]
scw/2077/207700670010.001/swg.fits[1]
scw/2077/207700710010.001/swg.fits[1]
scw/2077/207700720010.001/swg.fits[1]
scw/2077/207700730010.001/swg.fits[1]
scw/2078/207800050010.001/swg.fits[1]
scw/2078/207800060010.001/swg.fits[1]
scw/2078/207800070010.001/swg.fits[1]
scw/2078/207800080010.001/swg.fits[1]
scw/2079/207900040010.001/swg.fits[1]
scw/2079/207900090010.001/swg.fits[1]
scw/2079/207900100010.001/swg.fits[1]
scw/2079/207900160010.001/swg.fits[1]
scw/2079/207900170010.001/swg.fits[1]
scw/2079/207900500010.001/swg.fits[1]
scw/2079/207900510010.001/swg.fits[1]
scw/2079/207900520010.001/swg.fits[1]
scw/2079/207900620010.001/swg.fits[1]
scw/2079/207900630010.001/swg.fits[1]
scw/2079/207900650010.001/swg.fits[1]
scw/2079/207900660010.001/swg.fits[1]
scw/2079/207900670010.001/swg.fits[1]
scw/2079/207900680010.001/swg.fits[1]
scw/2079/207900780010.001/swg.fits[1]
scw/2079/207900820010.001/swg.fits[1]
scw/2079/207900830010.001/swg.fits[1]
scw/2079/207900840010.001/swg.fits[1]
scw/2080/208000020010.001/swg.fits[1]
scw/2080/208000030010.001/swg.fits[1]
scw/2080/208000050010.001/swg.fits[1]
scw/2080/208000060010.001/swg.fits[1]
scw/2080/208000070010.001/swg.fits[1]
scw/2080/208000080010.001/swg.fits[1]
scw/2080/208000440010.001/swg.fits[1]
scw/2080/208000480010.001/swg.fits[1]
scw/2080/208000490010.001/swg.fits[1]
scw/2080/208000500010.001/swg.fits[1]
scw/2080/208000600010.001/swg.fits[1]
scw/2080/208000640010.001/swg.fits[1]
scw/2080/208000650010.001/swg.fits[1]
scw/2080/208000660010.001/swg.fits[1]
scw/2080/208000760010.001/swg.fits[1]
scw/2080/208000800010.001/swg.fits[1]
scw/2080/208000810010.001/swg.fits[1]
scw/2081/208100020010.001/swg.fits[1]
scw/2081/208100030010.001/swg.fits[1]
scw/2081/208100050010.001/swg.fits[1]
scw/2081/208100060010.001/swg.fits[1]
scw/2081/208100070010.001/swg.fits[1]
scw/2081/208100080010.001/swg.fits[1]
scw/2081/208100420010.001/swg.fits[1]
scw/2081/208100430010.001/swg.fits[1]
scw/2081/208100510010.001/swg.fits[1]
scw/2081/208100680010.001/swg.fits[1]
scw/2081/208100720010.001/swg.fits[1]
scw/2081/208100730010.001/swg.fits[1]
scw/2081/208100740010.001/swg.fits[1]
scw/2081/208100840010.001/swg.fits[1]
scw/2081/208100880010.001/swg.fits[1]
scw/2081/208100890010.001/swg.fits[1]
scw/2082/208200020010.001/swg.fits[1]
scw/2082/208200060010.001/swg.fits[1]
scw/2082/208200070010.001/swg.fits[1]
scw/2082/208200080010.001/swg.fits[1]
scw/2082/208200260010.001/swg.fits[1]
scw/2082/208200270010.001/swg.fits[1]
scw/2082/208200320010.001/swg.fits[1]
scw/2082/208200330010.001/swg.fits[1]
scw/2082/208200360010.001/swg.fits[1]
scw/2082/208200370010.001/swg.fits[1]
scw/2082/208200390010.001/swg.fits[1]
scw/2082/208200400010.001/swg.fits[1]
scw/2082/208200410010.001/swg.fits[1]
scw/2082/208200420010.001/swg.fits[1]
scw/2082/208200520010.001/swg.fits[1]
scw/2082/208200560010.001/swg.fits[1]
scw/2082/208200570010.001/swg.fits[1]
scw/2082/208200580010.001/swg.fits[1]
scw/2125/212500590010.001/swg.fits[1]
scw/2128/212800270010.001/swg.fits[1]
scw/2128/212800280010.001/swg.fits[1]
scw/2128/212800290010.001/swg.fits[1]
scw/2128/212800300010.001/swg.fits[1]
scw/2128/212800390010.001/swg.fits[1]
scw/2128/212800410010.001/swg.fits[1]
scw/2128/212800420010.001/swg.fits[1]
scw/2128/212800430010.001/swg.fits[1]
scw/2128/212800490010.001/swg.fits[1]
scw/2129/212900280010.001/swg.fits[1]
scw/2129/212900290010.001/swg.fits[1]
scw/2129/212900300010.001/swg.fits[1]
scw/2129/212900310010.001/swg.fits[1]
scw/2129/212900410010.001/swg.fits[1]
scw/2129/212900470010.001/swg.fits[1]
scw/2129/212900480010.001/swg.fits[1]
scw/2129/212900490010.001/swg.fits[1]
scw/2129/212900510010.001/swg.fits[1]
scw/2129/212900520010.001/swg.fits[1]
scw/2129/212900580010.001/swg.fits[1]
scw/2129/212900600010.001/swg.fits[1]
scw/2129/212900610010.001/swg.fits[1]
scw/2129/212900610020.001/swg.fits[1]
scw/2130/213000030010.001/swg.fits[1]
scw/2130/213000040010.001/swg.fits[1]
scw/2130/213000050010.001/swg.fits[1]
scw/2130/213000250010.001/swg.fits[1]
scw/2130/213000330010.001/swg.fits[1]
scw/2130/213000340010.001/swg.fits[1]
scw/2130/213000350010.001/swg.fits[1]
scw/2130/213000400010.001/swg.fits[1]
scw/2130/213000410010.001/swg.fits[1]
scw/2130/213000420010.001/swg.fits[1]
scw/2130/213000440010.001/swg.fits[1]
scw/2138/213800030010.001/swg.fits[1]
scw/2138/213800040010.001/swg.fits[1]
scw/2138/213800050010.001/swg.fits[1]
scw/2138/213800250010.001/swg.fits[1]
scw/2138/213800340010.001/swg.fits[1]
scw/2138/213800370010.001/swg.fits[1]
scw/2138/213800380010.001/swg.fits[1]
scw/2138/213800390010.001/swg.fits[1]
scw/2138/213800530010.001/swg.fits[1]
scw/2138/213800540010.001/swg.fits[1]
scw/2138/213800550010.001/swg.fits[1]
scw/2138/213800700010.001/swg.fits[1]
scw/2138/213800710010.001/swg.fits[1]
scw/2138/213800840010.001/swg.fits[1]
scw/2138/213800850010.001/swg.fits[1]
scw/2138/213800860010.001/swg.fits[1]
scw/2138/213800870010.001/swg.fits[1]
scw/2139/213900030010.001/swg.fits[1]
scw/2139/213900040010.001/swg.fits[1]
scw/2139/213900050010.001/swg.fits[1]
scw/2139/213900160010.001/swg.fits[1]
scw/2139/213900220010.001/swg.fits[1]
scw/2139/213900230010.001/swg.fits[1]
scw/2139/213900240010.001/swg.fits[1]
scw/2139/213900260010.001/swg.fits[1]
scw/2139/213900380010.001/swg.fits[1]
scw/2139/213900530010.001/swg.fits[1]
scw/2139/213900540010.001/swg.fits[1]
scw/2139/213900550010.001/swg.fits[1]
scw/2139/213900680010.001/swg.fits[1]
scw/2139/213900690010.001/swg.fits[1]
scw/2139/213900700010.001/swg.fits[1]
scw/2139/213900710010.001/swg.fits[1]
scw/2139/213900850010.001/swg.fits[1]
scw/2139/213900860010.001/swg.fits[1]
scw/2139/213900870010.001/swg.fits[1]
scw/2140/214000030010.001/swg.fits[1]
scw/2140/214000040010.001/swg.fits[1]
scw/2140/214000050010.001/swg.fits[1]
scw/2140/214000340010.001/swg.fits[1]
scw/2140/214000700010.001/swg.fits[1]
scw/2140/214000710010.001/swg.fits[1]
scw/2141/214100030010.001/swg.fits[1]
scw/2141/214100040010.001/swg.fits[1]
scw/2141/214100540010.001/swg.fits[1]
scw/2141/214100620010.001/swg.fits[1]
scw/2141/214100630010.001/swg.fits[1]
scw/2141/214100760010.001/swg.fits[1]
