scw/0971/097100550010.001/swg.fits[1]
scw/0971/097100560010.001/swg.fits[1]
scw/0971/097100570010.001/swg.fits[1]
scw/0973/097300590010.001/swg.fits[1]
scw/0973/097300600010.001/swg.fits[1]
scw/0973/097300610010.001/swg.fits[1]
scw/0973/097300780010.001/swg.fits[1]
scw/0973/097300800010.001/swg.fits[1]
scw/0974/097400210010.001/swg.fits[1]
scw/0974/097400220010.001/swg.fits[1]
scw/0974/097400230010.001/swg.fits[1]
scw/0974/097400400010.001/swg.fits[1]
scw/0974/097400410010.001/swg.fits[1]
scw/0974/097400420010.001/swg.fits[1]
scw/0975/097500120010.001/swg.fits[1]
scw/0975/097500130010.001/swg.fits[1]
scw/0975/097500140010.001/swg.fits[1]
scw/0975/097500550010.001/swg.fits[1]
scw/0975/097500560010.001/swg.fits[1]
scw/0975/097500570010.001/swg.fits[1]
