scw/0098/009800050010.001/swg.fits[1]
scw/0098/009800050020.001/swg.fits[1]
scw/0098/009800060010.001/swg.fits[1]
scw/0098/009800110010.001/swg.fits[1]
scw/0098/009800120010.001/swg.fits[1]
scw/0098/009800130010.001/swg.fits[1]
scw/0098/009800180010.001/swg.fits[1]
scw/0098/009800190010.001/swg.fits[1]
scw/0098/009800200010.001/swg.fits[1]
scw/0098/009800250010.001/swg.fits[1]
scw/0098/009800260010.001/swg.fits[1]
scw/0098/009800270010.001/swg.fits[1]
scw/0098/009800320010.001/swg.fits[1]
scw/0098/009800330010.001/swg.fits[1]
scw/0098/009800340010.001/swg.fits[1]
scw/0098/009800390010.001/swg.fits[1]
scw/0098/009800400010.001/swg.fits[1]
scw/0098/009800410010.001/swg.fits[1]
scw/0098/009800460010.001/swg.fits[1]
scw/0098/009800470010.001/swg.fits[1]
scw/0098/009800480010.001/swg.fits[1]
scw/0098/009800530010.001/swg.fits[1]
scw/0098/009800540010.001/swg.fits[1]
scw/0098/009800550010.001/swg.fits[1]
scw/0098/009800600010.001/swg.fits[1]
scw/0098/009800610010.001/swg.fits[1]
scw/0098/009800620010.001/swg.fits[1]
scw/0099/009900050010.001/swg.fits[1]
scw/0099/009900060010.001/swg.fits[1]
scw/0099/009900070010.001/swg.fits[1]
scw/0099/009900120010.001/swg.fits[1]
scw/0099/009900130010.001/swg.fits[1]
scw/0099/009900140010.001/swg.fits[1]
scw/0099/009900190010.001/swg.fits[1]
scw/0099/009900200010.001/swg.fits[1]
scw/0099/009900210010.001/swg.fits[1]
scw/0099/009900260010.001/swg.fits[1]
scw/0207/020700590010.001/swg.fits[1]
scw/0207/020700660010.001/swg.fits[1]
scw/0207/020700670010.001/swg.fits[1]
scw/0208/020800030010.001/swg.fits[1]
scw/0208/020800100010.001/swg.fits[1]
scw/0208/020800110010.001/swg.fits[1]
scw/0208/020800410010.001/swg.fits[1]
scw/0208/020800420010.001/swg.fits[1]
scw/0208/020800490010.001/swg.fits[1]
scw/0208/020800510010.001/swg.fits[1]
scw/0208/020800580010.001/swg.fits[1]
scw/0208/020800590010.001/swg.fits[1]
scw/0209/020900310010.001/swg.fits[1]
scw/0209/020900320010.001/swg.fits[1]
scw/0209/020900390010.001/swg.fits[1]
scw/0209/020900410010.001/swg.fits[1]
scw/0209/020900480010.001/swg.fits[1]
scw/0209/020900490010.001/swg.fits[1]
scw/0210/021000440010.001/swg.fits[1]
scw/0210/021000610010.001/swg.fits[1]
scw/0336/033600520010.001/swg.fits[1]
scw/0336/033600590010.001/swg.fits[1]
scw/0336/033600590020.001/swg.fits[1]
scw/0341/034100060010.001/swg.fits[1]
scw/0341/034100090010.001/swg.fits[1]
scw/0341/034100160010.001/swg.fits[1]
scw/0341/034100190010.001/swg.fits[1]
scw/0341/034100260010.001/swg.fits[1]
scw/0456/045600050010.001/swg.fits[1]
scw/0456/045600120010.001/swg.fits[1]
scw/0457/045700040010.001/swg.fits[1]
scw/0457/045700050010.001/swg.fits[1]
scw/0457/045700110010.001/swg.fits[1]
scw/0457/045700140010.001/swg.fits[1]
scw/0457/045700200010.001/swg.fits[1]
scw/0457/045700210010.001/swg.fits[1]
scw/0457/045700550010.001/swg.fits[1]
scw/0570/057000050010.001/swg.fits[1]
scw/0570/057000490010.001/swg.fits[1]
scw/0570/057000500010.001/swg.fits[1]
scw/0570/057000550010.001/swg.fits[1]
scw/0570/057000560010.001/swg.fits[1]
scw/0570/057000590010.001/swg.fits[1]
scw/0571/057100070010.001/swg.fits[1]
scw/0571/057100400010.001/swg.fits[1]
scw/0571/057100470010.001/swg.fits[1]
scw/0571/057100500010.001/swg.fits[1]
scw/0572/057200020010.001/swg.fits[1]
scw/0572/057200350010.001/swg.fits[1]
scw/0572/057200420010.001/swg.fits[1]
scw/0572/057200450010.001/swg.fits[1]
scw/0572/057200520010.001/swg.fits[1]
scw/0573/057300280010.001/swg.fits[1]
scw/0573/057300350010.001/swg.fits[1]
scw/0573/057300360010.001/swg.fits[1]
scw/0573/057300380010.001/swg.fits[1]
scw/0582/058200020010.001/swg.fits[1]
scw/0695/069500050010.001/swg.fits[1]
scw/0695/069500120010.001/swg.fits[1]
scw/0695/069500450010.001/swg.fits[1]
scw/0695/069500460010.001/swg.fits[1]
scw/0696/069600060010.001/swg.fits[1]
scw/0696/069600090010.001/swg.fits[1]
scw/0696/069600100010.001/swg.fits[1]
scw/0696/069600150010.001/swg.fits[1]
scw/0696/069600160010.001/swg.fits[1]
scw/0697/069700460010.001/swg.fits[1]
scw/0697/069700510010.001/swg.fits[1]
scw/0697/069700520010.001/swg.fits[1]
scw/0697/069700550010.001/swg.fits[1]
scw/0697/069700620010.001/swg.fits[1]
scw/0697/069700630010.001/swg.fits[1]
scw/0698/069800330010.001/swg.fits[1]
scw/0698/069800340010.001/swg.fits[1]
scw/0698/069800400010.001/swg.fits[1]
scw/0699/069900040010.001/swg.fits[1]
scw/0699/069900110010.001/swg.fits[1]
scw/0700/070000030010.001/swg.fits[1]
scw/0700/070000060010.001/swg.fits[1]
scw/0700/070000130010.001/swg.fits[1]
scw/0700/070000160010.001/swg.fits[1]
scw/0700/070000230010.001/swg.fits[1]
scw/0701/070100180010.001/swg.fits[1]
scw/0701/070100250010.001/swg.fits[1]
scw/0701/070100280010.001/swg.fits[1]
scw/0701/070100350010.001/swg.fits[1]
scw/0701/070100380010.001/swg.fits[1]
