scw/0056/005601000010.001/swg.fits[1]
scw/0056/005601010010.001/swg.fits[1]
scw/0056/005601100010.001/swg.fits[1]
scw/0059/005900290010.001/swg.fits[1]
scw/0059/005900300010.001/swg.fits[1]
scw/0059/005900310010.001/swg.fits[1]
scw/0059/005900320010.001/swg.fits[1]
scw/0063/006300330010.001/swg.fits[1]
scw/0063/006300340010.001/swg.fits[1]
scw/0063/006300350010.001/swg.fits[1]
scw/0063/006300360010.001/swg.fits[1]
scw/0063/006300500010.001/swg.fits[1]
scw/0063/006300510010.001/swg.fits[1]
scw/0064/006400090010.001/swg.fits[1]
scw/0064/006400100010.001/swg.fits[1]
scw/0064/006400110010.001/swg.fits[1]
scw/0108/010800580010.001/swg.fits[1]
scw/0109/010900500010.001/swg.fits[1]
scw/0120/012001140010.001/swg.fits[1]
scw/0121/012100310010.001/swg.fits[1]
scw/0121/012100320010.001/swg.fits[1]
scw/0121/012100410010.001/swg.fits[1]
scw/0121/012100420010.001/swg.fits[1]
scw/0122/012200070010.001/swg.fits[1]
scw/0122/012200080010.001/swg.fits[1]
scw/0122/012200210010.001/swg.fits[1]
scw/0122/012200220010.001/swg.fits[1]
scw/0122/012200230010.001/swg.fits[1]
scw/0122/012200240010.001/swg.fits[1]
scw/0122/012200380010.001/swg.fits[1]
scw/0122/012200390010.001/swg.fits[1]
scw/0122/012200400010.001/swg.fits[1]
scw/0122/012200410010.001/swg.fits[1]
scw/0164/016400420010.001/swg.fits[1]
scw/0164/016400430010.001/swg.fits[1]
scw/0165/016500650010.001/swg.fits[1]
scw/0165/016500660010.001/swg.fits[1]
scw/0172/017201010010.001/swg.fits[1]
scw/0172/017201020010.001/swg.fits[1]
scw/0231/023100020010.001/swg.fits[1]
scw/0231/023100250010.001/swg.fits[1]
scw/0231/023100400010.001/swg.fits[1]
scw/0231/023100410010.001/swg.fits[1]
scw/0233/023301020010.001/swg.fits[1]
scw/0233/023301030010.001/swg.fits[1]
scw/0241/024100160010.001/swg.fits[1]
scw/0301/030100390010.001/swg.fits[1]
scw/0362/036200270010.001/swg.fits[1]
scw/0362/036200280010.001/swg.fits[1]
scw/0362/036200790010.001/swg.fits[1]
scw/0363/036300270010.001/swg.fits[1]
scw/0413/041300240010.001/swg.fits[1]
scw/0413/041300750010.001/swg.fits[1]
scw/0479/047900190010.001/swg.fits[1]
scw/0479/047900550010.001/swg.fits[1]
scw/0480/048000550010.001/swg.fits[1]
scw/0480/048000560010.001/swg.fits[1]
scw/0485/048500590010.001/swg.fits[1]
scw/0534/053400340010.001/swg.fits[1]
scw/0535/053500630010.001/swg.fits[1]
scw/0542/054200760010.001/swg.fits[1]
scw/0917/091700400010.001/swg.fits[1]
scw/0917/091700500010.001/swg.fits[1]
scw/0918/091800100010.001/swg.fits[1]
scw/0918/091800190010.001/swg.fits[1]
scw/0918/091800300010.001/swg.fits[1]
scw/0918/091800390010.001/swg.fits[1]
scw/1147/114700300010.001/swg.fits[1]
scw/1153/115300310010.001/swg.fits[1]
scw/1153/115300320010.001/swg.fits[1]
scw/1153/115300330010.001/swg.fits[1]
scw/1153/115300670010.001/swg.fits[1]
scw/1153/115300680010.001/swg.fits[1]
scw/1153/115300690010.001/swg.fits[1]
scw/1208/120800070010.001/swg.fits[1]
scw/1208/120800080010.001/swg.fits[1]
scw/1208/120800760010.001/swg.fits[1]
scw/1209/120900400010.001/swg.fits[1]
scw/1209/120901180010.001/swg.fits[1]
scw/1210/121000420010.001/swg.fits[1]
scw/1210/121001100010.001/swg.fits[1]
scw/1218/121800350010.001/swg.fits[1]
scw/1219/121900580010.001/swg.fits[1]
scw/1219/121900940010.001/swg.fits[1]
scw/1220/122000470010.001/swg.fits[1]
scw/1220/122000480010.001/swg.fits[1]
scw/1220/122000490010.001/swg.fits[1]
scw/1220/122000840010.001/swg.fits[1]
scw/1265/126500370010.001/swg.fits[1]
scw/1265/126500380010.001/swg.fits[1]
scw/1265/126501140010.001/swg.fits[1]
scw/1266/126600400010.001/swg.fits[1]
scw/1266/126601080010.001/swg.fits[1]
scw/1266/126601090010.001/swg.fits[1]
scw/1267/126701130010.001/swg.fits[1]
scw/1267/126701140010.001/swg.fits[1]
scw/1267/126701150010.001/swg.fits[1]
scw/1271/127100400010.001/swg.fits[1]
scw/1271/127101080010.001/swg.fits[1]
scw/1274/127400100010.001/swg.fits[1]
scw/1274/127401100010.001/swg.fits[1]
scw/1274/127401110010.001/swg.fits[1]
scw/1274/127401120010.001/swg.fits[1]
scw/1511/151100040010.001/swg.fits[1]
scw/1511/151100180010.001/swg.fits[1]
scw/1511/151100190010.001/swg.fits[1]
scw/1511/151100250010.001/swg.fits[1]
scw/1511/151100320010.001/swg.fits[1]
scw/1603/160300070010.001/swg.fits[1]
scw/1603/160300220010.001/swg.fits[1]
scw/1923/192300250010.001/swg.fits[1]
scw/1923/192300260010.001/swg.fits[1]
scw/2080/208000200010.001/swg.fits[1]
scw/2080/208000290010.001/swg.fits[1]
scw/2205/220500220010.001/swg.fits[1]
scw/2205/220500310010.001/swg.fits[1]
scw/2265/226500500010.001/swg.fits[1]
scw/2265/226500590010.001/swg.fits[1]
scw/2277/227700470010.001/swg.fits[1]
scw/2277/227700550010.001/swg.fits[1]
scw/2277/227700560010.001/swg.fits[1]
scw/2277/227700570010.001/swg.fits[1]
scw/2328/232800070010.001/swg.fits[1]
scw/2328/232800080010.001/swg.fits[1]
scw/2328/232800090010.001/swg.fits[1]
scw/2329/232900440010.001/swg.fits[1]
scw/2329/232900450010.001/swg.fits[1]
scw/2330/233000460010.001/swg.fits[1]
scw/2330/233000480010.001/swg.fits[1]
scw/2330/233000490010.001/swg.fits[1]
scw/2330/233000560010.001/swg.fits[1]
scw/2330/233000570010.001/swg.fits[1]
scw/2336/233600060010.001/swg.fits[1]
scw/2336/233600140010.001/swg.fits[1]
scw/2336/233600150010.001/swg.fits[1]
scw/2336/233600160010.001/swg.fits[1]
scw/2336/233600170010.001/swg.fits[1]
scw/2336/233600180010.001/swg.fits[1]
scw/2336/233600230010.001/swg.fits[1]
scw/2336/233600240010.001/swg.fits[1]
scw/2336/233600260010.001/swg.fits[1]
scw/2336/233600280010.001/swg.fits[1]
scw/2349/234900410010.001/swg.fits[1]
scw/2349/234900500010.001/swg.fits[1]
scw/2397/239700350010.001/swg.fits[1]
scw/2397/239700360010.001/swg.fits[1]
scw/2397/239700370010.001/swg.fits[1]
scw/2398/239800420010.001/swg.fits[1]
scw/2398/239800430010.001/swg.fits[1]
scw/2398/239800440010.001/swg.fits[1]
scw/2398/239800450010.001/swg.fits[1]
scw/2398/239800460010.001/swg.fits[1]
scw/2398/239800540010.001/swg.fits[1]
scw/2399/239900520010.001/swg.fits[1]
scw/2399/239900530010.001/swg.fits[1]
scw/2399/239900540010.001/swg.fits[1]
scw/2399/239900580010.001/swg.fits[1]
scw/2399/239900590010.001/swg.fits[1]
scw/2399/239900600010.001/swg.fits[1]
scw/2399/239900610010.001/swg.fits[1]
scw/2399/239900630010.001/swg.fits[1]
scw/2399/239900640010.001/swg.fits[1]
scw/2399/239900650010.001/swg.fits[1]
scw/2400/240000550010.001/swg.fits[1]
scw/2400/240000560010.001/swg.fits[1]
scw/2400/240000570010.001/swg.fits[1]
scw/2400/240000580010.001/swg.fits[1]
scw/2400/240000590010.001/swg.fits[1]
scw/2400/240000640010.001/swg.fits[1]
scw/2400/240000650010.001/swg.fits[1]
scw/2402/240200100010.001/swg.fits[1]
scw/2402/240200110010.001/swg.fits[1]
scw/2402/240200120010.001/swg.fits[1]
scw/2402/240200130010.001/swg.fits[1]
scw/2402/240200140010.001/swg.fits[1]
scw/2402/240200190010.001/swg.fits[1]
scw/2402/240200200010.001/swg.fits[1]
scw/2404/240400430010.001/swg.fits[1]
scw/2466/246600490010.001/swg.fits[1]
scw/2466/246600500010.001/swg.fits[1]
scw/2466/246600510010.001/swg.fits[1]
