scw/1284/128400050010.001/swg.fits[1]
scw/1284/128400060010.001/swg.fits[1]
scw/1671/167100370010.001/swg.fits[1]
scw/1673/167300090010.001/swg.fits[1]
scw/1673/167300100010.001/swg.fits[1]
scw/1673/167300130010.001/swg.fits[1]
scw/1673/167300140010.001/swg.fits[1]
scw/1673/167300240010.001/swg.fits[1]
scw/1673/167300250010.001/swg.fits[1]
scw/1673/167300280010.001/swg.fits[1]
scw/1673/167300290010.001/swg.fits[1]
scw/1673/167300340010.001/swg.fits[1]
scw/1673/167300350010.001/swg.fits[1]
scw/1674/167400090010.001/swg.fits[1]
scw/1674/167400140010.001/swg.fits[1]
scw/1674/167400280010.001/swg.fits[1]
scw/1674/167400290010.001/swg.fits[1]
scw/1674/167400340010.001/swg.fits[1]
scw/1674/167400350010.001/swg.fits[1]
scw/1675/167500090010.001/swg.fits[1]
scw/1675/167500100010.001/swg.fits[1]
scw/1675/167500130010.001/swg.fits[1]
scw/1675/167500140010.001/swg.fits[1]
scw/1675/167500190010.001/swg.fits[1]
scw/1675/167500240010.001/swg.fits[1]
scw/1675/167500250010.001/swg.fits[1]
scw/1675/167500290010.001/swg.fits[1]
scw/1675/167500340010.001/swg.fits[1]
scw/1676/167600100010.001/swg.fits[1]
scw/1676/167600110010.001/swg.fits[1]
scw/1676/167600160010.001/swg.fits[1]
scw/1676/167600170010.001/swg.fits[1]
scw/1676/167600210010.001/swg.fits[1]
scw/1676/167600260010.001/swg.fits[1]
scw/1676/167600270010.001/swg.fits[1]
scw/1676/167600310010.001/swg.fits[1]
scw/1680/168000120010.001/swg.fits[1]
scw/1680/168000130010.001/swg.fits[1]
scw/1680/168000170010.001/swg.fits[1]
scw/1680/168000270010.001/swg.fits[1]
scw/1680/168000280010.001/swg.fits[1]
scw/1680/168000310010.001/swg.fits[1]
scw/1680/168000320010.001/swg.fits[1]
scw/1680/168000370010.001/swg.fits[1]
scw/1680/168000380010.001/swg.fits[1]
scw/1681/168100080010.001/swg.fits[1]
scw/1681/168100130010.001/swg.fits[1]
scw/1681/168100140010.001/swg.fits[1]
scw/1681/168100270010.001/swg.fits[1]
scw/1681/168100280010.001/swg.fits[1]
scw/1681/168100330010.001/swg.fits[1]
scw/1681/168100340010.001/swg.fits[1]
