scw/0540/054000310010.001/swg.fits[1]
scw/0540/054000380010.001/swg.fits[1]
scw/0540/054000390010.001/swg.fits[1]
scw/0540/054000400010.001/swg.fits[1]
scw/0544/054400440010.001/swg.fits[1]
scw/0544/054400450010.001/swg.fits[1]
scw/0544/054400520010.001/swg.fits[1]
scw/0544/054400530010.001/swg.fits[1]
scw/0544/054400540010.001/swg.fits[1]
scw/0782/078200190010.001/swg.fits[1]
scw/0782/078200200010.001/swg.fits[1]
scw/0782/078200620010.001/swg.fits[1]
scw/0782/078200700010.001/swg.fits[1]
scw/0782/078200710010.001/swg.fits[1]
scw/0782/078200720010.001/swg.fits[1]
scw/0785/078500530010.001/swg.fits[1]
scw/0785/078500540010.001/swg.fits[1]
scw/0786/078600470010.001/swg.fits[1]
scw/0786/078600550010.001/swg.fits[1]
scw/0786/078600560010.001/swg.fits[1]
scw/0786/078600570010.001/swg.fits[1]
scw/0790/079000070010.001/swg.fits[1]
scw/0790/079000160010.001/swg.fits[1]
scw/0790/079000170010.001/swg.fits[1]
scw/0791/079100460010.001/swg.fits[1]
scw/0791/079100950010.001/swg.fits[1]
scw/0791/079101030010.001/swg.fits[1]
scw/0791/079101040010.001/swg.fits[1]
scw/0840/084000440010.001/swg.fits[1]
scw/0840/084000450010.001/swg.fits[1]
scw/0840/084000460010.001/swg.fits[1]
scw/0840/084000540010.001/swg.fits[1]
scw/0840/084000900010.001/swg.fits[1]
scw/0840/084000980010.001/swg.fits[1]
scw/0840/084000990010.001/swg.fits[1]
scw/0840/084001000010.001/swg.fits[1]
scw/0841/084100450010.001/swg.fits[1]
scw/0841/084100540010.001/swg.fits[1]
scw/0841/084100900010.001/swg.fits[1]
scw/0841/084100980010.001/swg.fits[1]
scw/0841/084100990010.001/swg.fits[1]
scw/0841/084101000010.001/swg.fits[1]
scw/0842/084200440010.001/swg.fits[1]
scw/0842/084200450010.001/swg.fits[1]
scw/0842/084200900010.001/swg.fits[1]
scw/0842/084200980010.001/swg.fits[1]
scw/0842/084200990010.001/swg.fits[1]
scw/0842/084201000010.001/swg.fits[1]
scw/0843/084300430010.001/swg.fits[1]
scw/0843/084300880010.001/swg.fits[1]
scw/0843/084300890010.001/swg.fits[1]
scw/0843/084300900010.001/swg.fits[1]
scw/0844/084400420010.001/swg.fits[1]
scw/0844/084400430010.001/swg.fits[1]
scw/0844/084400970010.001/swg.fits[1]
scw/0844/084400980010.001/swg.fits[1]
scw/0845/084500420010.001/swg.fits[1]
scw/0845/084500430010.001/swg.fits[1]
scw/0845/084500970010.001/swg.fits[1]
scw/0845/084500980010.001/swg.fits[1]
scw/0850/085000420010.001/swg.fits[1]
scw/0850/085000430010.001/swg.fits[1]
scw/0850/085000920010.001/swg.fits[1]
scw/0850/085000930010.001/swg.fits[1]
scw/0896/089600220010.001/swg.fits[1]
scw/0896/089600240010.001/swg.fits[1]
scw/0897/089700650010.001/swg.fits[1]
scw/0898/089800610010.001/swg.fits[1]
scw/0899/089900360010.001/swg.fits[1]
scw/0899/089900450010.001/swg.fits[1]
scw/0899/089900460010.001/swg.fits[1]
scw/0899/089901040010.001/swg.fits[1]
scw/0899/089901050010.001/swg.fits[1]
scw/0899/089901060010.001/swg.fits[1]
scw/0899/089901140010.001/swg.fits[1]
scw/0900/090000260010.001/swg.fits[1]
scw/0900/090000270010.001/swg.fits[1]
scw/0900/090000350010.001/swg.fits[1]
scw/0900/090000790010.001/swg.fits[1]
scw/0900/090000800010.001/swg.fits[1]
scw/0900/090000810010.001/swg.fits[1]
scw/0900/090000890010.001/swg.fits[1]
scw/0901/090100450010.001/swg.fits[1]
scw/0901/090100460010.001/swg.fits[1]
scw/0901/090100880010.001/swg.fits[1]
scw/0901/090100960010.001/swg.fits[1]
scw/0901/090100970010.001/swg.fits[1]
scw/0901/090100980010.001/swg.fits[1]
scw/0904/090400130010.001/swg.fits[1]
scw/0904/090400140010.001/swg.fits[1]
scw/0904/090400820010.001/swg.fits[1]
scw/0904/090400830010.001/swg.fits[1]
scw/0904/090400840010.001/swg.fits[1]
scw/0905/090500440010.001/swg.fits[1]
scw/0905/090500450010.001/swg.fits[1]
scw/0905/090500460010.001/swg.fits[1]
scw/0905/090500750010.001/swg.fits[1]
scw/0905/090500760010.001/swg.fits[1]
scw/0905/090500770010.001/swg.fits[1]
scw/0905/090500850010.001/swg.fits[1]
scw/0906/090600160010.001/swg.fits[1]
scw/0906/090600170010.001/swg.fits[1]
scw/0906/090600700010.001/swg.fits[1]
scw/0906/090600710010.001/swg.fits[1]
scw/0907/090700160010.001/swg.fits[1]
scw/0907/090700170010.001/swg.fits[1]
scw/0907/090700680010.001/swg.fits[1]
scw/0907/090700760010.001/swg.fits[1]
scw/0907/090700770010.001/swg.fits[1]
scw/0907/090700780010.001/swg.fits[1]
scw/0908/090800380010.001/swg.fits[1]
scw/0908/090800470010.001/swg.fits[1]
scw/0908/090800890010.001/swg.fits[1]
scw/0908/090800900010.001/swg.fits[1]
scw/0909/090900110010.001/swg.fits[1]
scw/0909/090900120010.001/swg.fits[1]
scw/0909/090900130010.001/swg.fits[1]
scw/0909/090900210010.001/swg.fits[1]
scw/0909/090900680010.001/swg.fits[1]
scw/0910/091000110010.001/swg.fits[1]
scw/0910/091000120010.001/swg.fits[1]
scw/0910/091000680010.001/swg.fits[1]
scw/0910/091000690010.001/swg.fits[1]
scw/0956/095600100010.001/swg.fits[1]
scw/0958/095800460010.001/swg.fits[1]
scw/0959/095900360010.001/swg.fits[1]
scw/0972/097200470010.001/swg.fits[1]
scw/0972/097200480010.001/swg.fits[1]
scw/1016/101600020010.001/swg.fits[1]
scw/1020/102000180010.001/swg.fits[1]
scw/1020/102000670010.001/swg.fits[1]
scw/1023/102300660010.001/swg.fits[1]
scw/1023/102300670010.001/swg.fits[1]
scw/1025/102500460010.001/swg.fits[1]
scw/1025/102500520010.001/swg.fits[1]
scw/1025/102500530010.001/swg.fits[1]
scw/1025/102500540010.001/swg.fits[1]
scw/1025/102500690010.001/swg.fits[1]
scw/1025/102500700010.001/swg.fits[1]
scw/1026/102600380010.001/swg.fits[1]
scw/1026/102600390010.001/swg.fits[1]
scw/1027/102700520010.001/swg.fits[1]
scw/1027/102700580010.001/swg.fits[1]
scw/1027/102700590010.001/swg.fits[1]
scw/1027/102700600010.001/swg.fits[1]
scw/1028/102800020010.001/swg.fits[1]
scw/1028/102800030010.001/swg.fits[1]
scw/1028/102800100010.001/swg.fits[1]
scw/1028/102800110010.001/swg.fits[1]
scw/1029/102900920010.001/swg.fits[1]
scw/1029/102900930010.001/swg.fits[1]
scw/1030/103000280010.001/swg.fits[1]
scw/1030/103000290010.001/swg.fits[1]
scw/1030/103000300010.001/swg.fits[1]
scw/1030/103000360010.001/swg.fits[1]
scw/1032/103200620010.001/swg.fits[1]
scw/1032/103200680010.001/swg.fits[1]
scw/1032/103200690010.001/swg.fits[1]
scw/1032/103200700010.001/swg.fits[1]
scw/1033/103300380010.001/swg.fits[1]
scw/1033/103300390010.001/swg.fits[1]
scw/1034/103401050010.001/swg.fits[1]
scw/1034/103401120010.001/swg.fits[1]
scw/1034/103401130010.001/swg.fits[1]
scw/1035/103500460010.001/swg.fits[1]
scw/1035/103500470010.001/swg.fits[1]
scw/1035/103500480010.001/swg.fits[1]
scw/1035/103500540010.001/swg.fits[1]
scw/1036/103600280010.001/swg.fits[1]
scw/1081/108100610010.001/swg.fits[1]
scw/1081/108100620010.001/swg.fits[1]
scw/1081/108100630010.001/swg.fits[1]
scw/1082/108200250010.001/swg.fits[1]
scw/1082/108200260010.001/swg.fits[1]
scw/1082/108200270010.001/swg.fits[1]
scw/1083/108300250010.001/swg.fits[1]
scw/1083/108300260010.001/swg.fits[1]
scw/1083/108300270010.001/swg.fits[1]
scw/1090/109000580010.001/swg.fits[1]
scw/1090/109000590010.001/swg.fits[1]
scw/1090/109000880010.001/swg.fits[1]
scw/1090/109000890010.001/swg.fits[1]
scw/1090/109000900010.001/swg.fits[1]
scw/1090/109000960010.001/swg.fits[1]
scw/1091/109100440010.001/swg.fits[1]
scw/1091/109100500010.001/swg.fits[1]
scw/1091/109100510010.001/swg.fits[1]
scw/1091/109100520010.001/swg.fits[1]
scw/1091/109100760010.001/swg.fits[1]
scw/1091/109100770010.001/swg.fits[1]
scw/1092/109200440010.001/swg.fits[1]
scw/1092/109200500010.001/swg.fits[1]
scw/1092/109200510010.001/swg.fits[1]
scw/1092/109200520010.001/swg.fits[1]
scw/1093/109300400010.001/swg.fits[1]
scw/1093/109300430010.001/swg.fits[1]
scw/1093/109300440010.001/swg.fits[1]
scw/1093/109300510010.001/swg.fits[1]
scw/1094/109400520010.001/swg.fits[1]
scw/1094/109400580010.001/swg.fits[1]
scw/1094/109400590010.001/swg.fits[1]
scw/1094/109400600010.001/swg.fits[1]
scw/1094/109400880010.001/swg.fits[1]
scw/1094/109400890010.001/swg.fits[1]
scw/1138/113800340010.001/swg.fits[1]
scw/1140/114000640010.001/swg.fits[1]
scw/1142/114200860010.001/swg.fits[1]
scw/1142/114200870010.001/swg.fits[1]
scw/1143/114300270010.001/swg.fits[1]
