scw/0729/072900130010.001/swg.fits[1]
scw/0729/072900140010.001/swg.fits[1]
scw/0729/072900150010.001/swg.fits[1]
scw/0729/072900160010.001/swg.fits[1]
scw/0730/073000020010.001/swg.fits[1]
scw/0730/073000070010.001/swg.fits[1]
scw/0730/073000080010.001/swg.fits[1]
scw/0731/073100020010.001/swg.fits[1]
scw/0731/073100030010.001/swg.fits[1]
scw/0731/073100050010.001/swg.fits[1]
scw/0731/073100060010.001/swg.fits[1]
scw/0731/073100070010.001/swg.fits[1]
scw/0731/073100080010.001/swg.fits[1]
scw/0731/073101000010.001/swg.fits[1]
scw/0731/073101010010.001/swg.fits[1]
scw/0731/073101020010.001/swg.fits[1]
scw/0732/073200080010.001/swg.fits[1]
scw/0732/073200300010.001/swg.fits[1]
scw/0732/073200310010.001/swg.fits[1]
scw/0733/073300060010.001/swg.fits[1]
scw/0733/073300070010.001/swg.fits[1]
scw/0733/073300080010.001/swg.fits[1]
scw/0733/073300940010.001/swg.fits[1]
scw/0733/073300950010.001/swg.fits[1]
scw/0733/073300960010.001/swg.fits[1]
scw/0734/073400020010.001/swg.fits[1]
scw/0734/073400060010.001/swg.fits[1]
scw/0734/073400070010.001/swg.fits[1]
scw/0734/073400080010.001/swg.fits[1]
scw/0734/073400490010.001/swg.fits[1]
scw/0734/073400500010.001/swg.fits[1]
scw/0734/073400510010.001/swg.fits[1]
scw/0734/073400590010.001/swg.fits[1]
scw/0734/073400810010.001/swg.fits[1]
scw/0734/073400820010.001/swg.fits[1]
scw/0734/073400890010.001/swg.fits[1]
scw/0734/073400900010.001/swg.fits[1]
scw/0734/073400910010.001/swg.fits[1]
scw/0735/073500060010.001/swg.fits[1]
scw/0735/073500070010.001/swg.fits[1]
scw/0735/073500080010.001/swg.fits[1]
scw/0735/073500880010.001/swg.fits[1]
scw/0735/073500890010.001/swg.fits[1]
scw/0736/073600060010.001/swg.fits[1]
scw/0736/073600070010.001/swg.fits[1]
scw/0736/073600080010.001/swg.fits[1]
scw/0736/073600140010.001/swg.fits[1]
scw/0736/073600150010.001/swg.fits[1]
scw/0736/073600160010.001/swg.fits[1]
scw/0736/073600240010.001/swg.fits[1]
scw/0736/073600460010.001/swg.fits[1]
scw/0736/073600470010.001/swg.fits[1]
scw/0736/073600540010.001/swg.fits[1]
scw/0736/073600550010.001/swg.fits[1]
scw/0736/073600560010.001/swg.fits[1]
scw/0776/077600500010.001/swg.fits[1]
scw/0776/077600510010.001/swg.fits[1]
scw/0776/077600520010.001/swg.fits[1]
scw/0777/077700040010.001/swg.fits[1]
scw/0777/077700050010.001/swg.fits[1]
scw/0777/077700060010.001/swg.fits[1]
scw/0777/077700110010.001/swg.fits[1]
scw/0777/077700120010.001/swg.fits[1]
scw/0777/077700130010.001/swg.fits[1]
scw/0777/077700150010.001/swg.fits[1]
scw/0777/077700210010.001/swg.fits[1]
scw/0777/077700220010.001/swg.fits[1]
scw/0777/077700250010.001/swg.fits[1]
scw/0777/077700260010.001/swg.fits[1]
scw/0777/077700320010.001/swg.fits[1]
scw/0777/077700550010.001/swg.fits[1]
scw/0777/077700610010.001/swg.fits[1]
scw/0777/077700620010.001/swg.fits[1]
scw/0777/077700630010.001/swg.fits[1]
scw/0778/077800030010.001/swg.fits[1]
scw/0778/077800040010.001/swg.fits[1]
scw/0778/077800050010.001/swg.fits[1]
scw/0778/077800110010.001/swg.fits[1]
scw/0778/077800180010.001/swg.fits[1]
scw/0778/077800200010.001/swg.fits[1]
scw/0778/077800210010.001/swg.fits[1]
scw/0778/077800220010.001/swg.fits[1]
scw/0778/077800280010.001/swg.fits[1]
scw/0779/077900160010.001/swg.fits[1]
scw/0779/077900220010.001/swg.fits[1]
scw/0779/077900230010.001/swg.fits[1]
scw/0779/077900240010.001/swg.fits[1]
scw/0779/077900260010.001/swg.fits[1]
scw/0779/077900270010.001/swg.fits[1]
scw/0780/078000030010.001/swg.fits[1]
scw/0780/078000040010.001/swg.fits[1]
scw/0780/078000050010.001/swg.fits[1]
scw/0780/078000100010.001/swg.fits[1]
scw/0780/078000110010.001/swg.fits[1]
scw/0780/078000120010.001/swg.fits[1]
scw/0780/078000130010.001/swg.fits[1]
scw/0780/078000140010.001/swg.fits[1]
scw/0780/078000200010.001/swg.fits[1]
scw/0781/078100020010.001/swg.fits[1]
scw/0781/078100030010.001/swg.fits[1]
scw/0781/078100090010.001/swg.fits[1]
scw/0781/078100100010.001/swg.fits[1]
scw/0781/078100110010.001/swg.fits[1]
scw/0781/078100130010.001/swg.fits[1]
scw/0781/078100200010.001/swg.fits[1]
scw/0781/078100220010.001/swg.fits[1]
scw/0781/078100230010.001/swg.fits[1]
scw/0781/078100240010.001/swg.fits[1]
scw/0781/078100300010.001/swg.fits[1]
scw/0782/078200030010.001/swg.fits[1]
scw/0782/078200040010.001/swg.fits[1]
scw/0782/078200050010.001/swg.fits[1]
scw/0783/078300240010.001/swg.fits[1]
scw/0783/078300300010.001/swg.fits[1]
scw/0783/078300310010.001/swg.fits[1]
scw/0783/078300320010.001/swg.fits[1]
scw/0785/078500380010.001/swg.fits[1]
scw/0785/078500390010.001/swg.fits[1]
scw/0786/078600100010.001/swg.fits[1]
scw/0786/078600110010.001/swg.fits[1]
scw/0786/078600120010.001/swg.fits[1]
scw/0786/078600130010.001/swg.fits[1]
scw/0788/078800380010.001/swg.fits[1]
scw/0788/078800390010.001/swg.fits[1]
scw/0788/078800400010.001/swg.fits[1]
scw/0788/078800410010.001/swg.fits[1]
scw/0789/078900030010.001/swg.fits[1]
scw/0789/078900040010.001/swg.fits[1]
scw/0789/078900110010.001/swg.fits[1]
scw/0789/078900210010.001/swg.fits[1]
scw/0789/078900220010.001/swg.fits[1]
scw/0789/078900270010.001/swg.fits[1]
scw/0789/078900280010.001/swg.fits[1]
scw/0791/079100300010.001/swg.fits[1]
scw/0792/079200190010.001/swg.fits[1]
scw/0792/079200200010.001/swg.fits[1]
scw/0792/079200250010.001/swg.fits[1]
scw/0792/079200260010.001/swg.fits[1]
scw/0792/079200270010.001/swg.fits[1]
scw/0792/079200290010.001/swg.fits[1]
scw/0792/079200300010.001/swg.fits[1]
scw/0792/079200360010.001/swg.fits[1]
scw/0792/079200380010.001/swg.fits[1]
scw/0792/079200390010.001/swg.fits[1]
scw/0792/079200400010.001/swg.fits[1]
scw/0792/079200450010.001/swg.fits[1]
scw/0792/079200460010.001/swg.fits[1]
scw/0793/079300030010.001/swg.fits[1]
scw/0795/079500020010.001/swg.fits[1]
scw/0795/079500030010.001/swg.fits[1]
scw/0795/079500040010.001/swg.fits[1]
scw/0795/079500210010.001/swg.fits[1]
scw/0795/079500220010.001/swg.fits[1]
scw/0795/079500230010.001/swg.fits[1]
scw/0795/079500260010.001/swg.fits[1]
scw/0795/079500270010.001/swg.fits[1]
scw/0836/083600820010.001/swg.fits[1]
scw/0836/083600830010.001/swg.fits[1]
scw/0838/083800060010.001/swg.fits[1]
scw/0838/083800070010.001/swg.fits[1]
scw/0838/083800080010.001/swg.fits[1]
scw/0838/083800220010.001/swg.fits[1]
scw/0838/083800280010.001/swg.fits[1]
scw/0838/083800290010.001/swg.fits[1]
scw/0838/083800300010.001/swg.fits[1]
scw/0838/083800320010.001/swg.fits[1]
scw/0838/083800420010.001/swg.fits[1]
scw/0838/083800430010.001/swg.fits[1]
scw/0838/083800480010.001/swg.fits[1]
scw/0838/083800490010.001/swg.fits[1]
scw/0840/084000600010.001/swg.fits[1]
scw/0840/084000610010.001/swg.fits[1]
scw/0840/084000620010.001/swg.fits[1]
scw/0841/084100560010.001/swg.fits[1]
scw/0841/084100600010.001/swg.fits[1]
scw/0841/084100610010.001/swg.fits[1]
scw/0841/084100620010.001/swg.fits[1]
scw/0842/084200560010.001/swg.fits[1]
scw/0842/084200600010.001/swg.fits[1]
scw/0842/084200610010.001/swg.fits[1]
scw/0842/084200620010.001/swg.fits[1]
scw/0844/084400540010.001/swg.fits[1]
scw/0844/084400580010.001/swg.fits[1]
scw/0844/084400590010.001/swg.fits[1]
scw/0844/084400600010.001/swg.fits[1]
scw/0845/084500540010.001/swg.fits[1]
scw/0845/084500580010.001/swg.fits[1]
scw/0845/084500590010.001/swg.fits[1]
scw/0845/084500600010.001/swg.fits[1]
scw/0846/084600050010.001/swg.fits[1]
scw/0846/084600060010.001/swg.fits[1]
scw/0846/084600070010.001/swg.fits[1]
scw/0846/084600080010.001/swg.fits[1]
scw/0846/084600160010.001/swg.fits[1]
scw/0846/084600440010.001/swg.fits[1]
scw/0846/084600450010.001/swg.fits[1]
scw/0846/084600460010.001/swg.fits[1]
scw/0846/084600470010.001/swg.fits[1]
scw/0846/084600480010.001/swg.fits[1]
scw/0846/084600560010.001/swg.fits[1]
scw/0846/084600570010.001/swg.fits[1]
scw/0846/084600580010.001/swg.fits[1]
scw/0846/084600650010.001/swg.fits[1]
scw/0846/084600660010.001/swg.fits[1]
scw/0847/084700010010.001/swg.fits[1]
scw/0847/084700050010.001/swg.fits[1]
scw/0847/084700060010.001/swg.fits[1]
scw/0849/084900720010.001/swg.fits[1]
scw/0849/084900730010.001/swg.fits[1]
scw/0849/084900740010.001/swg.fits[1]
scw/0849/084900750010.001/swg.fits[1]
scw/0849/084900810010.001/swg.fits[1]
scw/0849/084900820010.001/swg.fits[1]
scw/0849/084900830010.001/swg.fits[1]
scw/0849/084900850010.001/swg.fits[1]
scw/0849/084900900010.001/swg.fits[1]
scw/0849/084900910010.001/swg.fits[1]
scw/0849/084900920010.001/swg.fits[1]
scw/0851/085100050010.001/swg.fits[1]
scw/0851/085100060010.001/swg.fits[1]
scw/0851/085100070010.001/swg.fits[1]
scw/0853/085300020010.001/swg.fits[1]
scw/0853/085300070010.001/swg.fits[1]
scw/0853/085300080010.001/swg.fits[1]
scw/0856/085600020010.001/swg.fits[1]
scw/0856/085600060010.001/swg.fits[1]
scw/0856/085600070010.001/swg.fits[1]
scw/0856/085600080010.001/swg.fits[1]
scw/0857/085700590010.001/swg.fits[1]
scw/0857/085700600010.001/swg.fits[1]
scw/0857/085700610010.001/swg.fits[1]
scw/0896/089600020010.001/swg.fits[1]
scw/0896/089600030010.001/swg.fits[1]
scw/0896/089600040010.001/swg.fits[1]
scw/0896/089600050010.001/swg.fits[1]
scw/0897/089700020010.001/swg.fits[1]
scw/0897/089700030010.001/swg.fits[1]
scw/0897/089700040010.001/swg.fits[1]
scw/0897/089700050010.001/swg.fits[1]
scw/0898/089800030010.001/swg.fits[1]
scw/0898/089800040010.001/swg.fits[1]
scw/0898/089800050010.001/swg.fits[1]
scw/0899/089900030010.001/swg.fits[1]
