scw/0083/008300050010.001/swg.fits[1]
scw/0085/008500050010.001/swg.fits[1]
scw/0201/020100050010.001/swg.fits[1]
scw/0217/021700110010.001/swg.fits[1]
scw/0267/026700560010.001/swg.fits[1]
scw/0529/052900550010.001/swg.fits[1]
scw/0554/055400040010.001/swg.fits[1]
scw/0554/055400050010.001/swg.fits[1]
scw/0554/055400530010.001/swg.fits[1]
scw/0554/055400540010.001/swg.fits[1]
scw/0560/056000020010.001/swg.fits[1]
scw/0560/056000110010.001/swg.fits[1]
scw/0560/056000510010.001/swg.fits[1]
scw/0560/056000610010.001/swg.fits[1]
scw/0770/077000480010.001/swg.fits[1]
scw/0779/077900380010.001/swg.fits[1]
scw/0781/078100320010.001/swg.fits[1]
scw/0783/078300510010.001/swg.fits[1]
scw/0800/080000390010.001/swg.fits[1]
scw/0800/080000480010.001/swg.fits[1]
scw/0800/080000490010.001/swg.fits[1]
scw/0801/080100630010.001/swg.fits[1]
scw/0802/080200590010.001/swg.fits[1]
scw/0802/080200600010.001/swg.fits[1]
scw/1302/130200620010.001/swg.fits[1]
scw/1621/162100040010.001/swg.fits[1]
scw/1621/162100190010.001/swg.fits[1]
scw/1625/162500610010.001/swg.fits[1]
scw/1678/167800450010.001/swg.fits[1]
scw/1771/177100070010.001/swg.fits[1]
scw/1771/177100160010.001/swg.fits[1]
scw/1774/177400070010.001/swg.fits[1]
scw/1774/177400160010.001/swg.fits[1]
scw/1775/177500140010.001/swg.fits[1]
scw/1775/177500150010.001/swg.fits[1]
scw/1775/177500250010.001/swg.fits[1]
scw/1775/177500340010.001/swg.fits[1]
scw/1776/177600310010.001/swg.fits[1]
scw/1816/181600440010.001/swg.fits[1]
scw/1816/181600450010.001/swg.fits[1]
scw/1816/181600460010.001/swg.fits[1]
scw/1816/181600540010.001/swg.fits[1]
scw/1817/181700200010.001/swg.fits[1]
scw/1817/181700280010.001/swg.fits[1]
scw/1817/181700290010.001/swg.fits[1]
scw/1817/181700300010.001/swg.fits[1]
scw/1818/181800020010.001/swg.fits[1]
scw/1818/181800410010.001/swg.fits[1]
scw/1818/181800420010.001/swg.fits[1]
scw/1945/194500330010.001/swg.fits[1]
scw/1947/194700070010.001/swg.fits[1]
scw/1947/194700080010.001/swg.fits[1]
scw/1947/194700190010.001/swg.fits[1]
scw/1948/194800560010.001/swg.fits[1]
scw/1948/194800650010.001/swg.fits[1]
scw/1950/195000400010.001/swg.fits[1]
scw/1951/195100200010.001/swg.fits[1]
scw/1951/195100390010.001/swg.fits[1]
scw/1952/195200580010.001/swg.fits[1]
scw/1953/195300420010.001/swg.fits[1]
scw/1955/195500110010.001/swg.fits[1]
scw/1957/195700100010.001/swg.fits[1]
scw/1959/195900360010.001/swg.fits[1]
scw/1960/196000260010.001/swg.fits[1]
scw/1961/196100340010.001/swg.fits[1]
scw/1961/196100350010.001/swg.fits[1]
scw/1962/196200050010.001/swg.fits[1]
scw/1962/196200140010.001/swg.fits[1]
scw/1962/196200340010.001/swg.fits[1]
scw/2168/216800210010.001/swg.fits[1]
scw/2173/217300080010.001/swg.fits[1]
scw/2174/217400060010.001/swg.fits[1]
scw/2174/217400470010.001/swg.fits[1]
scw/2174/217400560010.001/swg.fits[1]
scw/2175/217500450010.001/swg.fits[1]
scw/2175/217500540010.001/swg.fits[1]
scw/2310/231000750010.001/swg.fits[1]
scw/2310/231000840010.001/swg.fits[1]
scw/2312/231200880010.001/swg.fits[1]
scw/2322/232200810010.001/swg.fits[1]
scw/2324/232400510010.001/swg.fits[1]
