scw/1665/166500630010.001/swg.fits[1]
scw/1665/166500640010.001/swg.fits[1]
scw/1665/166500870010.001/swg.fits[1]
scw/1666/166600460010.001/swg.fits[1]
scw/1666/166600470010.001/swg.fits[1]
scw/1666/166600670010.001/swg.fits[1]
scw/1666/166600680010.001/swg.fits[1]
scw/1666/166600690010.001/swg.fits[1]
scw/1666/166600700010.001/swg.fits[1]
scw/1666/166600830010.001/swg.fits[1]
scw/1666/166600840010.001/swg.fits[1]
scw/1666/166600850010.001/swg.fits[1]
scw/1666/166600860010.001/swg.fits[1]
scw/1667/166700030010.001/swg.fits[1]
scw/1668/166800470010.001/swg.fits[1]
scw/1668/166800680010.001/swg.fits[1]
scw/1668/166800690010.001/swg.fits[1]
scw/1668/166800700010.001/swg.fits[1]
scw/1668/166800910010.001/swg.fits[1]
scw/1668/166800920010.001/swg.fits[1]
scw/1668/166800930010.001/swg.fits[1]
scw/1669/166900700010.001/swg.fits[1]
scw/1669/166900710010.001/swg.fits[1]
scw/1669/166900720010.001/swg.fits[1]
scw/1669/166900760010.001/swg.fits[1]
scw/1670/167000420010.001/swg.fits[1]
scw/1670/167000430010.001/swg.fits[1]
scw/1670/167000440010.001/swg.fits[1]
scw/1670/167000480010.001/swg.fits[1]
scw/1670/167000600010.001/swg.fits[1]
scw/1670/167000610010.001/swg.fits[1]
scw/1670/167000760010.001/swg.fits[1]
scw/1670/167000770010.001/swg.fits[1]
scw/1722/172200430010.001/swg.fits[1]
scw/1722/172200480010.001/swg.fits[1]
scw/1722/172200490010.001/swg.fits[1]
scw/1722/172200590010.001/swg.fits[1]
scw/1722/172200630010.001/swg.fits[1]
scw/1722/172200640010.001/swg.fits[1]
scw/1722/172200750010.001/swg.fits[1]
scw/1722/172200800010.001/swg.fits[1]
scw/1722/172200810010.001/swg.fits[1]
scw/1722/172200910010.001/swg.fits[1]
scw/1722/172200920010.001/swg.fits[1]
scw/1722/172200960010.001/swg.fits[1]
scw/1722/172200970010.001/swg.fits[1]
scw/1725/172500270010.001/swg.fits[1]
scw/1725/172500280010.001/swg.fits[1]
scw/1725/172500390010.001/swg.fits[1]
scw/1725/172500440010.001/swg.fits[1]
scw/1725/172500450010.001/swg.fits[1]
scw/1725/172500550010.001/swg.fits[1]
scw/1725/172500600010.001/swg.fits[1]
scw/1725/172500610010.001/swg.fits[1]
scw/1725/172500750010.001/swg.fits[1]
scw/1725/172500760010.001/swg.fits[1]
scw/1725/172500770010.001/swg.fits[1]
scw/1726/172600170010.001/swg.fits[1]
scw/1726/172600180010.001/swg.fits[1]
scw/1726/172600200010.001/swg.fits[1]
scw/1726/172600210010.001/swg.fits[1]
scw/1726/172600220010.001/swg.fits[1]
scw/1726/172600230010.001/swg.fits[1]
scw/1726/172600380010.001/swg.fits[1]
scw/1726/172600390010.001/swg.fits[1]
scw/1726/172600490010.001/swg.fits[1]
scw/1726/172600500010.001/swg.fits[1]
scw/1726/172600540010.001/swg.fits[1]
scw/1726/172600550010.001/swg.fits[1]
scw/1726/172600650010.001/swg.fits[1]
scw/1726/172600660010.001/swg.fits[1]
scw/1726/172600690010.001/swg.fits[1]
scw/1726/172600700010.001/swg.fits[1]
scw/1726/172600710010.001/swg.fits[1]
scw/1727/172700570010.001/swg.fits[1]
scw/1727/172700610010.001/swg.fits[1]
scw/1727/172700620010.001/swg.fits[1]
scw/1727/172700630010.001/swg.fits[1]
scw/1727/172700770010.001/swg.fits[1]
scw/1727/172700780010.001/swg.fits[1]
scw/1727/172700790010.001/swg.fits[1]
scw/1727/172700890010.001/swg.fits[1]
scw/1727/172700930010.001/swg.fits[1]
scw/1727/172700940010.001/swg.fits[1]
scw/1727/172700950010.001/swg.fits[1]
scw/1728/172800480010.001/swg.fits[1]
scw/1728/172800590010.001/swg.fits[1]
scw/1728/172800600010.001/swg.fits[1]
scw/1728/172800640010.001/swg.fits[1]
scw/1728/172800650010.001/swg.fits[1]
scw/1729/172900480010.001/swg.fits[1]
scw/1729/172900490010.001/swg.fits[1]
scw/1729/172900630010.001/swg.fits[1]
scw/1729/172900640010.001/swg.fits[1]
scw/1729/172900650010.001/swg.fits[1]
scw/1729/172900750010.001/swg.fits[1]
scw/1729/172900800010.001/swg.fits[1]
scw/1729/172900810010.001/swg.fits[1]
scw/1731/173100460010.001/swg.fits[1]
scw/1731/173100470010.001/swg.fits[1]
scw/1731/173100480010.001/swg.fits[1]
scw/1731/173100580010.001/swg.fits[1]
scw/1731/173100590010.001/swg.fits[1]
scw/1731/173100630010.001/swg.fits[1]
scw/1731/173100640010.001/swg.fits[1]
scw/1731/173100740010.001/swg.fits[1]
scw/1731/173100750010.001/swg.fits[1]
scw/1731/173100770010.001/swg.fits[1]
scw/1731/173100780010.001/swg.fits[1]
scw/1731/173100790010.001/swg.fits[1]
scw/1731/173100800010.001/swg.fits[1]
scw/1731/173100900010.001/swg.fits[1]
scw/1731/173100940010.001/swg.fits[1]
scw/1731/173100950010.001/swg.fits[1]
scw/1732/173200220010.001/swg.fits[1]
scw/1732/173200230010.001/swg.fits[1]
scw/1732/173200330010.001/swg.fits[1]
scw/1732/173200370010.001/swg.fits[1]
scw/1732/173200380010.001/swg.fits[1]
scw/1732/173200530010.001/swg.fits[1]
scw/1732/173200540010.001/swg.fits[1]
scw/1732/173200680010.001/swg.fits[1]
scw/1732/173200690010.001/swg.fits[1]
scw/1732/173200710010.001/swg.fits[1]
scw/1732/173200720010.001/swg.fits[1]
scw/1732/173200730010.001/swg.fits[1]
scw/1732/173200740010.001/swg.fits[1]
scw/1732/173200840010.001/swg.fits[1]
scw/1732/173200880010.001/swg.fits[1]
scw/1735/173500290010.001/swg.fits[1]
scw/1735/173500330010.001/swg.fits[1]
scw/1735/173500340010.001/swg.fits[1]
scw/1735/173500350010.001/swg.fits[1]
scw/1735/173500500010.001/swg.fits[1]
scw/1735/173500510010.001/swg.fits[1]
scw/1735/173500650010.001/swg.fits[1]
scw/1735/173500660010.001/swg.fits[1]
scw/1735/173500670010.001/swg.fits[1]
scw/1735/173500810010.001/swg.fits[1]
scw/1735/173500820010.001/swg.fits[1]
scw/1736/173600400010.001/swg.fits[1]
scw/1736/173600430010.001/swg.fits[1]
scw/1736/173600440010.001/swg.fits[1]
scw/1736/173600450010.001/swg.fits[1]
scw/1736/173600460010.001/swg.fits[1]
scw/1736/173600560010.001/swg.fits[1]
scw/1736/173600590010.001/swg.fits[1]
scw/1736/173600600010.001/swg.fits[1]
scw/1736/173600610010.001/swg.fits[1]
scw/1736/173600720010.001/swg.fits[1]
scw/1736/173600760010.001/swg.fits[1]
scw/1736/173600770010.001/swg.fits[1]
scw/1736/173600780010.001/swg.fits[1]
scw/1736/173600880010.001/swg.fits[1]
scw/1736/173600890010.001/swg.fits[1]
scw/1736/173600910010.001/swg.fits[1]
scw/1736/173600920010.001/swg.fits[1]
scw/1736/173600930010.001/swg.fits[1]
scw/1737/173700360010.001/swg.fits[1]
scw/1737/173700380010.001/swg.fits[1]
scw/1737/173700480010.001/swg.fits[1]
scw/1737/173700520010.001/swg.fits[1]
scw/1737/173700530010.001/swg.fits[1]
scw/1737/173700540010.001/swg.fits[1]
scw/1737/173700640010.001/swg.fits[1]
scw/1737/173700680010.001/swg.fits[1]
scw/1737/173700690010.001/swg.fits[1]
scw/1737/173700800010.001/swg.fits[1]
scw/1737/173700830010.001/swg.fits[1]
scw/1737/173700840010.001/swg.fits[1]
scw/1737/173700850010.001/swg.fits[1]
scw/1739/173900440010.001/swg.fits[1]
scw/1739/173900480010.001/swg.fits[1]
scw/1739/173900490010.001/swg.fits[1]
scw/1739/173900500010.001/swg.fits[1]
scw/1739/173900640010.001/swg.fits[1]
scw/1739/173900650010.001/swg.fits[1]
scw/1739/173900760010.001/swg.fits[1]
scw/1739/173900810010.001/swg.fits[1]
scw/1739/173900920010.001/swg.fits[1]
scw/1740/174000360010.001/swg.fits[1]
scw/1740/174000370010.001/swg.fits[1]
scw/1740/174000380010.001/swg.fits[1]
scw/1740/174000390010.001/swg.fits[1]
scw/1740/174000530010.001/swg.fits[1]
scw/1740/174000540010.001/swg.fits[1]
scw/1740/174000690010.001/swg.fits[1]
scw/1740/174000700010.001/swg.fits[1]
scw/1740/174000810010.001/swg.fits[1]
scw/1740/174000860010.001/swg.fits[1]
scw/1740/174000870010.001/swg.fits[1]
scw/1790/179000120010.001/swg.fits[1]
scw/1790/179000130010.001/swg.fits[1]
scw/1790/179000240010.001/swg.fits[1]
scw/1790/179000250010.001/swg.fits[1]
scw/1790/179000260010.001/swg.fits[1]
scw/1790/179000270010.001/swg.fits[1]
scw/1790/179000420010.001/swg.fits[1]
scw/1790/179000430010.001/swg.fits[1]
scw/1790/179000570010.001/swg.fits[1]
scw/1790/179000580010.001/swg.fits[1]
scw/1790/179000710010.001/swg.fits[1]
scw/1791/179100200010.001/swg.fits[1]
scw/1791/179100210010.001/swg.fits[1]
scw/1791/179100220010.001/swg.fits[1]
scw/1792/179200450010.001/swg.fits[1]
scw/1792/179200460010.001/swg.fits[1]
scw/1792/179200610010.001/swg.fits[1]
scw/1792/179200620010.001/swg.fits[1]
scw/1792/179200760010.001/swg.fits[1]
scw/1792/179200770010.001/swg.fits[1]
scw/1792/179200780010.001/swg.fits[1]
scw/1792/179200920010.001/swg.fits[1]
scw/1792/179200930010.001/swg.fits[1]
scw/1792/179200940010.001/swg.fits[1]
