scw/0643/064300120010.001/swg.fits[1]
scw/0643/064300130010.001/swg.fits[1]
scw/0643/064300210010.001/swg.fits[1]
scw/0643/064300320010.001/swg.fits[1]
scw/0643/064300330010.001/swg.fits[1]
scw/0643/064300400010.001/swg.fits[1]
scw/0643/064300410010.001/swg.fits[1]
scw/0643/064300430010.001/swg.fits[1]
scw/0643/064300600010.001/swg.fits[1]
scw/0644/064400020010.001/swg.fits[1]
scw/0644/064400030010.001/swg.fits[1]
scw/0644/064400040010.001/swg.fits[1]
scw/0644/064400400010.001/swg.fits[1]
scw/0644/064400410010.001/swg.fits[1]
scw/0644/064400430010.001/swg.fits[1]
scw/0644/064400610010.001/swg.fits[1]
scw/0644/064400620010.001/swg.fits[1]
scw/0644/064400630010.001/swg.fits[1]
scw/0645/064500060010.001/swg.fits[1]
scw/0645/064500170010.001/swg.fits[1]
scw/0645/064500250010.001/swg.fits[1]
scw/0645/064500260010.001/swg.fits[1]
scw/0645/064500280010.001/swg.fits[1]
scw/0645/064500460010.001/swg.fits[1]
scw/0645/064500470010.001/swg.fits[1]
scw/0763/076300120010.001/swg.fits[1]
scw/0763/076300130010.001/swg.fits[1]
scw/0763/076300210010.001/swg.fits[1]
scw/0763/076300320010.001/swg.fits[1]
scw/0763/076300330010.001/swg.fits[1]
scw/0763/076300400010.001/swg.fits[1]
scw/0763/076300410010.001/swg.fits[1]
scw/0763/076300430010.001/swg.fits[1]
scw/0763/076300600010.001/swg.fits[1]
scw/0763/076300610010.001/swg.fits[1]
scw/0764/076400020010.001/swg.fits[1]
scw/0764/076400030010.001/swg.fits[1]
scw/0764/076400300010.001/swg.fits[1]
scw/0764/076400310010.001/swg.fits[1]
scw/0765/076500030010.001/swg.fits[1]
scw/0765/076500220010.001/swg.fits[1]
scw/0765/076500230010.001/swg.fits[1]
scw/0765/076500310010.001/swg.fits[1]
scw/0766/076600120010.001/swg.fits[1]
scw/0766/076600200010.001/swg.fits[1]
scw/0766/076600210010.001/swg.fits[1]
scw/0766/076600230010.001/swg.fits[1]
scw/0767/076700110010.001/swg.fits[1]
scw/0767/076700120010.001/swg.fits[1]
scw/0887/088700120010.001/swg.fits[1]
scw/0887/088700130010.001/swg.fits[1]
scw/0887/088700210010.001/swg.fits[1]
scw/0887/088700330010.001/swg.fits[1]
scw/0887/088700400010.001/swg.fits[1]
scw/0887/088700410010.001/swg.fits[1]
scw/0887/088700430010.001/swg.fits[1]
scw/0887/088700600010.001/swg.fits[1]
scw/0887/088700610010.001/swg.fits[1]
scw/0887/088700610020.001/swg.fits[1]
