scw/0047/004700150010.001/swg.fits[1]
scw/0051/005100650010.001/swg.fits[1]
scw/0162/016200080010.001/swg.fits[1]
scw/0177/017700220010.001/swg.fits[1]
scw/0181/018100090010.001/swg.fits[1]
scw/0218/021800040010.001/swg.fits[1]
scw/0225/022500080010.001/swg.fits[1]
scw/0420/042000100010.001/swg.fits[1]
scw/0468/046800080010.001/swg.fits[1]
scw/0717/071700210010.001/swg.fits[1]
scw/0717/071700220010.001/swg.fits[1]
scw/0717/071700310010.001/swg.fits[1]
scw/0717/071700320010.001/swg.fits[1]
scw/0717/071700410010.001/swg.fits[1]
scw/0717/071700620010.001/swg.fits[1]
scw/0717/071700710010.001/swg.fits[1]
scw/0720/072000200010.001/swg.fits[1]
scw/0720/072000210010.001/swg.fits[1]
scw/0720/072000300010.001/swg.fits[1]
scw/0720/072000410010.001/swg.fits[1]
scw/0720/072000490010.001/swg.fits[1]
scw/0720/072000500010.001/swg.fits[1]
scw/0720/072000510010.001/swg.fits[1]
scw/0720/072000700010.001/swg.fits[1]
scw/0720/072000710010.001/swg.fits[1]
scw/0721/072100070010.001/swg.fits[1]
scw/0721/072100080010.001/swg.fits[1]
scw/0721/072100090010.001/swg.fits[1]
scw/0721/072100290010.001/swg.fits[1]
scw/0721/072100580010.001/swg.fits[1]
scw/0721/072100590010.001/swg.fits[1]
scw/0721/072100780010.001/swg.fits[1]
scw/0721/072100790010.001/swg.fits[1]
scw/0784/078400030010.001/swg.fits[1]
scw/0784/078400040010.001/swg.fits[1]
scw/0784/078400130010.001/swg.fits[1]
scw/0784/078400230010.001/swg.fits[1]
scw/0784/078400240010.001/swg.fits[1]
scw/0784/078400330010.001/swg.fits[1]
scw/0784/078400530010.001/swg.fits[1]
scw/0784/078400540010.001/swg.fits[1]
scw/0784/078400730010.001/swg.fits[1]
scw/0784/078400740010.001/swg.fits[1]
scw/0784/078400940010.001/swg.fits[1]
scw/0787/078700120010.001/swg.fits[1]
scw/0787/078700130010.001/swg.fits[1]
scw/0787/078700330010.001/swg.fits[1]
scw/0787/078700620010.001/swg.fits[1]
scw/0787/078700630010.001/swg.fits[1]
scw/0787/078700720010.001/swg.fits[1]
scw/0787/078700730010.001/swg.fits[1]
scw/0787/078700820010.001/swg.fits[1]
scw/0787/078700830010.001/swg.fits[1]
scw/0831/083100080010.001/swg.fits[1]
scw/0831/083100170010.001/swg.fits[1]
scw/0831/083100280010.001/swg.fits[1]
scw/0831/083100370010.001/swg.fits[1]
scw/0831/083100380010.001/swg.fits[1]
scw/0831/083100570010.001/swg.fits[1]
scw/0831/083100580010.001/swg.fits[1]
scw/0831/083100660010.001/swg.fits[1]
scw/0831/083100670010.001/swg.fits[1]
scw/0831/083100780010.001/swg.fits[1]
scw/0831/083100870010.001/swg.fits[1]
scw/0832/083200130010.001/swg.fits[1]
scw/0832/083200210010.001/swg.fits[1]
scw/0832/083200220010.001/swg.fits[1]
scw/0832/083200230010.001/swg.fits[1]
scw/0832/083200330010.001/swg.fits[1]
scw/0832/083200420010.001/swg.fits[1]
scw/0832/083200620010.001/swg.fits[1]
scw/0832/083200630010.001/swg.fits[1]
scw/0832/083200640010.001/swg.fits[1]
scw/0832/083200720010.001/swg.fits[1]
scw/0832/083200830010.001/swg.fits[1]
scw/0832/083200920010.001/swg.fits[1]
scw/0833/083300170010.001/swg.fits[1]
scw/0833/083300180010.001/swg.fits[1]
scw/0833/083300270010.001/swg.fits[1]
scw/0833/083300380010.001/swg.fits[1]
scw/0833/083300470010.001/swg.fits[1]
scw/0833/083300680010.001/swg.fits[1]
scw/0833/083300770010.001/swg.fits[1]
scw/0834/083400320010.001/swg.fits[1]
scw/0834/083400560010.001/swg.fits[1]
scw/0834/083400570010.001/swg.fits[1]
scw/0834/083400580010.001/swg.fits[1]
scw/0834/083400660010.001/swg.fits[1]
scw/0835/083500020010.001/swg.fits[1]
scw/0835/083500270010.001/swg.fits[1]
scw/0835/083500470010.001/swg.fits[1]
scw/0835/083500480010.001/swg.fits[1]
scw/0835/083500490010.001/swg.fits[1]
scw/0835/083500570010.001/swg.fits[1]
scw/0835/083500680010.001/swg.fits[1]
scw/0835/083500770010.001/swg.fits[1]
scw/0835/083500780010.001/swg.fits[1]
scw/0836/083600270010.001/swg.fits[1]
scw/0836/083600280010.001/swg.fits[1]
scw/0836/083600570010.001/swg.fits[1]
scw/0960/096000480010.001/swg.fits[1]
scw/0960/096000490010.001/swg.fits[1]
scw/0960/096000500010.001/swg.fits[1]
scw/0960/096000830010.001/swg.fits[1]
scw/0960/096000840010.001/swg.fits[1]
scw/0960/096000850010.001/swg.fits[1]
scw/0961/096100280010.001/swg.fits[1]
scw/0961/096100860010.001/swg.fits[1]
scw/0961/096100870010.001/swg.fits[1]
scw/0962/096200290010.001/swg.fits[1]
scw/0962/096200300010.001/swg.fits[1]
scw/0962/096200310010.001/swg.fits[1]
scw/0963/096300170010.001/swg.fits[1]
scw/0963/096300180010.001/swg.fits[1]
scw/0963/096300190010.001/swg.fits[1]
scw/0963/096300460010.001/swg.fits[1]
scw/0963/096300470010.001/swg.fits[1]
scw/0963/096300480010.001/swg.fits[1]
scw/0963/096300810010.001/swg.fits[1]
scw/0963/096300820010.001/swg.fits[1]
scw/0963/096300830010.001/swg.fits[1]
scw/0966/096600400010.001/swg.fits[1]
scw/0966/096600410010.001/swg.fits[1]
scw/0966/096600420010.001/swg.fits[1]
scw/1141/114100150010.001/swg.fits[1]
scw/1150/115000690010.001/swg.fits[1]
scw/1150/115000700010.001/swg.fits[1]
