scw/0834/083400620010.001/swg.fits[1]
scw/0834/083400630010.001/swg.fits[1]
scw/0834/083400640010.001/swg.fits[1]
scw/0834/083400730010.001/swg.fits[1]
scw/0834/083400740010.001/swg.fits[1]
scw/0835/083500030010.001/swg.fits[1]
scw/0835/083500040010.001/swg.fits[1]
scw/0835/083500050010.001/swg.fits[1]
scw/0835/083500510010.001/swg.fits[1]
scw/0835/083500530010.001/swg.fits[1]
scw/0835/083500540010.001/swg.fits[1]
scw/0835/083500550010.001/swg.fits[1]
scw/0835/083500610010.001/swg.fits[1]
scw/0835/083500640010.001/swg.fits[1]
scw/0835/083500650010.001/swg.fits[1]
scw/0835/083500700010.001/swg.fits[1]
scw/0835/083500710010.001/swg.fits[1]
scw/0835/083500740010.001/swg.fits[1]
scw/0836/083600300010.001/swg.fits[1]
scw/0836/083600310010.001/swg.fits[1]
scw/0836/083600340010.001/swg.fits[1]
scw/0836/083600350010.001/swg.fits[1]
scw/0836/083600400010.001/swg.fits[1]
scw/0836/083600450010.001/swg.fits[1]
scw/0836/083600490010.001/swg.fits[1]
scw/0836/083600500010.001/swg.fits[1]
scw/0836/083600510010.001/swg.fits[1]
scw/0836/083600550010.001/swg.fits[1]
scw/0961/096100250010.001/swg.fits[1]
scw/0961/096100260010.001/swg.fits[1]
scw/0964/096400290010.001/swg.fits[1]
scw/0964/096400300010.001/swg.fits[1]
scw/0964/096400590010.001/swg.fits[1]
scw/0964/096400600010.001/swg.fits[1]
scw/0964/096400960010.001/swg.fits[1]
scw/0964/096400970010.001/swg.fits[1]
scw/0965/096500180010.001/swg.fits[1]
scw/0965/096500200010.001/swg.fits[1]
scw/0965/096500480010.001/swg.fits[1]
scw/0965/096500490010.001/swg.fits[1]
scw/1150/115000910010.001/swg.fits[1]
scw/1150/115000920010.001/swg.fits[1]
scw/1150/115000930010.001/swg.fits[1]
scw/1150/115000940010.001/swg.fits[1]
scw/1199/119900410010.001/swg.fits[1]
scw/1199/119900420010.001/swg.fits[1]
scw/1199/119900430010.001/swg.fits[1]
scw/1199/119900620010.001/swg.fits[1]
scw/1200/120000240010.001/swg.fits[1]
scw/1200/120000250010.001/swg.fits[1]
scw/1200/120000440010.001/swg.fits[1]
scw/1200/120000450010.001/swg.fits[1]
scw/1200/120000640010.001/swg.fits[1]
scw/1201/120100720010.001/swg.fits[1]
scw/1201/120100730010.001/swg.fits[1]
scw/1201/120100900010.001/swg.fits[1]
scw/1201/120100910010.001/swg.fits[1]
scw/1201/120100920010.001/swg.fits[1]
scw/1202/120200660010.001/swg.fits[1]
scw/1202/120200670010.001/swg.fits[1]
scw/1202/120200680010.001/swg.fits[1]
scw/1202/120200690010.001/swg.fits[1]
scw/1202/120200880010.001/swg.fits[1]
scw/1202/120200890010.001/swg.fits[1]
scw/1203/120300070010.001/swg.fits[1]
scw/1203/120300080010.001/swg.fits[1]
scw/1204/120400440010.001/swg.fits[1]
scw/1204/120400450010.001/swg.fits[1]
scw/1204/120400620010.001/swg.fits[1]
scw/1204/120400630010.001/swg.fits[1]
scw/1204/120400640010.001/swg.fits[1]
scw/1204/120400650010.001/swg.fits[1]
scw/1204/120400820010.001/swg.fits[1]
scw/1204/120400830010.001/swg.fits[1]
scw/1204/120400840010.001/swg.fits[1]
scw/1204/120400850010.001/swg.fits[1]
scw/1205/120500730010.001/swg.fits[1]
scw/1205/120500740010.001/swg.fits[1]
scw/1205/120500910010.001/swg.fits[1]
scw/1205/120500920010.001/swg.fits[1]
scw/1205/120500930010.001/swg.fits[1]
scw/1205/120500940010.001/swg.fits[1]
scw/1206/120600330010.001/swg.fits[1]
scw/1206/120600340010.001/swg.fits[1]
scw/1207/120700690010.001/swg.fits[1]
scw/1207/120700700010.001/swg.fits[1]
scw/1207/120700710010.001/swg.fits[1]
scw/1207/120700720010.001/swg.fits[1]
scw/1207/120700910010.001/swg.fits[1]
scw/1207/120700920010.001/swg.fits[1]
scw/1212/121200570010.001/swg.fits[1]
scw/1212/121200580010.001/swg.fits[1]
scw/1212/121200590010.001/swg.fits[1]
scw/1212/121200600010.001/swg.fits[1]
scw/1254/125400440010.001/swg.fits[1]
scw/1254/125400450010.001/swg.fits[1]
scw/1254/125400460010.001/swg.fits[1]
scw/1254/125400650010.001/swg.fits[1]
scw/1254/125400660010.001/swg.fits[1]
scw/1255/125500070010.001/swg.fits[1]
scw/1255/125500080010.001/swg.fits[1]
scw/1261/126100120010.001/swg.fits[1]
scw/1261/126100130010.001/swg.fits[1]
scw/1261/126100320010.001/swg.fits[1]
scw/1261/126100520010.001/swg.fits[1]
scw/1261/126100530010.001/swg.fits[1]
scw/1262/126201020010.001/swg.fits[1]
scw/1924/192400180010.001/swg.fits[1]
scw/1924/192400190010.001/swg.fits[1]
scw/1924/192400200010.001/swg.fits[1]
scw/1924/192400210010.001/swg.fits[1]
scw/1924/192400220010.001/swg.fits[1]
scw/1924/192400380010.001/swg.fits[1]
scw/1924/192400390010.001/swg.fits[1]
scw/1924/192400400010.001/swg.fits[1]
scw/1924/192400420010.001/swg.fits[1]
scw/1924/192400430010.001/swg.fits[1]
scw/1993/199300060010.001/swg.fits[1]
scw/1993/199300070010.001/swg.fits[1]
scw/1993/199300080010.001/swg.fits[1]
scw/1993/199300100010.001/swg.fits[1]
scw/1997/199700510010.001/swg.fits[1]
scw/2118/211800080010.001/swg.fits[1]
scw/2122/212200120010.001/swg.fits[1]
scw/2122/212200130010.001/swg.fits[1]
scw/2122/212200140010.001/swg.fits[1]
scw/2122/212200150010.001/swg.fits[1]
scw/2122/212200160010.001/swg.fits[1]
scw/2122/212200350010.001/swg.fits[1]
scw/2122/212200410010.001/swg.fits[1]
scw/2122/212200420010.001/swg.fits[1]
scw/2122/212200450010.001/swg.fits[1]
scw/2122/212200460010.001/swg.fits[1]
scw/2271/227100110010.001/swg.fits[1]
scw/2271/227100130010.001/swg.fits[1]
scw/2271/227100140010.001/swg.fits[1]
scw/2271/227100170010.001/swg.fits[1]
scw/2271/227100180010.001/swg.fits[1]
scw/2275/227500860010.001/swg.fits[1]
scw/2275/227500910010.001/swg.fits[1]
scw/2344/234400100010.001/swg.fits[1]
scw/2344/234400110010.001/swg.fits[1]
scw/2344/234400120010.001/swg.fits[1]
scw/2344/234400130010.001/swg.fits[1]
scw/2344/234400140010.001/swg.fits[1]
