scw/0405/040500540010.001/swg.fits[1]
scw/0516/051600910010.001/swg.fits[1]
scw/0516/051600920010.001/swg.fits[1]
scw/0516/051600930010.001/swg.fits[1]
scw/0578/057800080010.001/swg.fits[1]
scw/0578/057800090010.001/swg.fits[1]
scw/0578/057800450010.001/swg.fits[1]
scw/0578/057800460010.001/swg.fits[1]
scw/0584/058400230010.001/swg.fits[1]
scw/0584/058400240010.001/swg.fits[1]
scw/0588/058800080010.001/swg.fits[1]
scw/0588/058800090010.001/swg.fits[1]
scw/2176/217600050010.001/swg.fits[1]
scw/2176/217600060010.001/swg.fits[1]
scw/2176/217600310010.001/swg.fits[1]
scw/2249/224900350010.001/swg.fits[1]
scw/2249/224900360010.001/swg.fits[1]
scw/2313/231300050010.001/swg.fits[1]
scw/2313/231300210010.001/swg.fits[1]
scw/2313/231300220010.001/swg.fits[1]
