scw/0280/028000420010.001/swg.fits[1]
scw/0280/028000510010.001/swg.fits[1]
scw/0280/028000620010.001/swg.fits[1]
scw/0281/028100360010.001/swg.fits[1]
scw/0281/028100450010.001/swg.fits[1]
scw/0281/028100460010.001/swg.fits[1]
scw/0281/028100550010.001/swg.fits[1]
scw/0281/028100560010.001/swg.fits[1]
scw/0282/028200380010.001/swg.fits[1]
scw/0610/061000200010.001/swg.fits[1]
scw/0610/061000210010.001/swg.fits[1]
scw/0610/061000220010.001/swg.fits[1]
scw/0611/061100120010.001/swg.fits[1]
scw/0611/061100130010.001/swg.fits[1]
scw/0611/061100140010.001/swg.fits[1]
scw/0614/061400350010.001/swg.fits[1]
scw/0614/061400360010.001/swg.fits[1]
scw/0614/061400370010.001/swg.fits[1]
scw/0615/061500020010.001/swg.fits[1]
scw/0615/061500540010.001/swg.fits[1]
scw/0615/061500550010.001/swg.fits[1]
scw/0667/066700230010.001/swg.fits[1]
scw/0667/066700770010.001/swg.fits[1]
scw/0667/066700780010.001/swg.fits[1]
scw/0670/067000220010.001/swg.fits[1]
scw/0670/067000230010.001/swg.fits[1]
scw/0670/067000790010.001/swg.fits[1]
scw/0670/067000800010.001/swg.fits[1]
scw/0671/067100520010.001/swg.fits[1]
scw/0671/067100530010.001/swg.fits[1]
scw/0672/067200130010.001/swg.fits[1]
scw/0672/067200140010.001/swg.fits[1]
scw/0672/067200760010.001/swg.fits[1]
scw/0672/067200780010.001/swg.fits[1]
scw/0674/067400340010.001/swg.fits[1]
scw/0674/067400350010.001/swg.fits[1]
scw/0847/084700770010.001/swg.fits[1]
scw/0847/084700780010.001/swg.fits[1]
scw/0847/084700790010.001/swg.fits[1]
scw/0848/084800780010.001/swg.fits[1]
scw/0848/084800790010.001/swg.fits[1]
scw/0848/084800800010.001/swg.fits[1]
scw/0849/084900610010.001/swg.fits[1]
scw/0849/084900620010.001/swg.fits[1]
scw/0849/084900630010.001/swg.fits[1]
scw/0849/084900640010.001/swg.fits[1]
scw/0851/085100120010.001/swg.fits[1]
scw/0851/085100140010.001/swg.fits[1]
scw/0851/085100150010.001/swg.fits[1]
scw/0852/085200050010.001/swg.fits[1]
scw/0852/085200070010.001/swg.fits[1]
