scw/0259/025900040010.001/swg.fits[1]
scw/0396/039600150010.001/swg.fits[1]
scw/0675/067500430010.001/swg.fits[1]
scw/0675/067500500010.001/swg.fits[1]
scw/0675/067500570010.001/swg.fits[1]
scw/0677/067700210010.001/swg.fits[1]
scw/0677/067700280010.001/swg.fits[1]
scw/0677/067700350010.001/swg.fits[1]
scw/1051/105100600010.001/swg.fits[1]
scw/1053/105300270010.001/swg.fits[1]
scw/1058/105800230010.001/swg.fits[1]
scw/1067/106700130010.001/swg.fits[1]
scw/1141/114100360010.001/swg.fits[1]
scw/1688/168800510010.001/swg.fits[1]
scw/1931/193100020010.001/swg.fits[1]
scw/2190/219000440010.001/swg.fits[1]
scw/2190/219000530010.001/swg.fits[1]
scw/2190/219000540010.001/swg.fits[1]
scw/2191/219100050010.001/swg.fits[1]
scw/2191/219100060010.001/swg.fits[1]
scw/2191/219100070010.001/swg.fits[1]
scw/2191/219100150010.001/swg.fits[1]
scw/2191/219100350010.001/swg.fits[1]
scw/2197/219700020010.001/swg.fits[1]
scw/2197/219700210010.001/swg.fits[1]
scw/2197/219700220010.001/swg.fits[1]
scw/2197/219700230010.001/swg.fits[1]
scw/2197/219700510010.001/swg.fits[1]
scw/2310/231000450010.001/swg.fits[1]
scw/2314/231400990010.001/swg.fits[1]
scw/2316/231600520010.001/swg.fits[1]
scw/2319/231900580010.001/swg.fits[1]
scw/2319/231900590010.001/swg.fits[1]
scw/2320/232000420010.001/swg.fits[1]
scw/2320/232000500010.001/swg.fits[1]
scw/2320/232000510010.001/swg.fits[1]
scw/2320/232000520010.001/swg.fits[1]
scw/2332/233200140010.001/swg.fits[1]
scw/2332/233200150010.001/swg.fits[1]
scw/2332/233200240010.001/swg.fits[1]
scw/2411/241100410010.001/swg.fits[1]
scw/2411/241100420010.001/swg.fits[1]
scw/2411/241100430010.001/swg.fits[1]
scw/2411/241100440010.001/swg.fits[1]
scw/2411/241100450010.001/swg.fits[1]
