scw/0384/038400330010.001/swg.fits[1]
scw/0384/038400340010.001/swg.fits[1]
scw/0384/038400350010.001/swg.fits[1]
scw/0384/038400360010.001/swg.fits[1]
scw/0649/064900080010.001/swg.fits[1]
scw/0649/064900090010.001/swg.fits[1]
scw/0649/064900100010.001/swg.fits[1]
scw/0649/064900180010.001/swg.fits[1]
scw/0649/064900480010.001/swg.fits[1]
scw/0649/064900490010.001/swg.fits[1]
scw/0649/064900580010.001/swg.fits[1]
scw/0649/064900590010.001/swg.fits[1]
scw/0649/064900600010.001/swg.fits[1]
scw/0649/064900680010.001/swg.fits[1]
scw/0650/065000200010.001/swg.fits[1]
scw/0650/065000290010.001/swg.fits[1]
scw/0650/065000300010.001/swg.fits[1]
scw/0652/065200070010.001/swg.fits[1]
scw/0652/065200160010.001/swg.fits[1]
scw/0652/065200370010.001/swg.fits[1]
scw/0652/065200460010.001/swg.fits[1]
scw/0652/065200570010.001/swg.fits[1]
scw/0652/065200580010.001/swg.fits[1]
scw/0652/065200660010.001/swg.fits[1]
scw/0653/065300190010.001/swg.fits[1]
scw/0653/065300280010.001/swg.fits[1]
