scw/0493/049300110010.001/swg.fits[1]
scw/0493/049300120010.001/swg.fits[1]
scw/0493/049300410010.001/swg.fits[1]
scw/0493/049300420010.001/swg.fits[1]
scw/0493/049300430010.001/swg.fits[1]
scw/0493/049300510010.001/swg.fits[1]
scw/0493/049300520010.001/swg.fits[1]
scw/0494/049400050010.001/swg.fits[1]
scw/0494/049400060010.001/swg.fits[1]
scw/0494/049400360010.001/swg.fits[1]
scw/0494/049400370010.001/swg.fits[1]
scw/0494/049400380010.001/swg.fits[1]
scw/0494/049400460010.001/swg.fits[1]
scw/0494/049400560010.001/swg.fits[1]
scw/0494/049400570010.001/swg.fits[1]
scw/0549/054900260010.001/swg.fits[1]
scw/0549/054900270010.001/swg.fits[1]
scw/0549/054900280010.001/swg.fits[1]
scw/0549/054900350010.001/swg.fits[1]
scw/0549/054900360010.001/swg.fits[1]
scw/0549/054900670010.001/swg.fits[1]
scw/0550/055000200010.001/swg.fits[1]
scw/0550/055000210010.001/swg.fits[1]
scw/0550/055000290010.001/swg.fits[1]
scw/0550/055000300010.001/swg.fits[1]
scw/0550/055000310010.001/swg.fits[1]
scw/0550/055000600010.001/swg.fits[1]
scw/0550/055000610010.001/swg.fits[1]
scw/0550/055000620010.001/swg.fits[1]
scw/0552/055200290010.001/swg.fits[1]
scw/0552/055200380010.001/swg.fits[1]
scw/0552/055200680010.001/swg.fits[1]
scw/0552/055200690010.001/swg.fits[1]
scw/0558/055800230010.001/swg.fits[1]
scw/0558/055800320010.001/swg.fits[1]
scw/2257/225700340010.001/swg.fits[1]
