scw/2092/209200720010.001/swg.fits[1]
scw/2092/209200730010.001/swg.fits[1]
scw/2092/209200800010.001/swg.fits[1]
scw/2092/209200810010.001/swg.fits[1]
scw/2093/209300200010.001/swg.fits[1]
scw/2093/209300210010.001/swg.fits[1]
scw/2093/209300220010.001/swg.fits[1]
scw/2093/209300230010.001/swg.fits[1]
scw/2093/209300460010.001/swg.fits[1]
scw/2093/209300470010.001/swg.fits[1]
scw/2093/209300480010.001/swg.fits[1]
scw/2093/209300490010.001/swg.fits[1]
scw/2093/209300590010.001/swg.fits[1]
scw/2093/209300600010.001/swg.fits[1]
scw/2093/209300670010.001/swg.fits[1]
scw/2093/209300680010.001/swg.fits[1]
scw/2288/228800070010.001/swg.fits[1]
scw/2288/228800080010.001/swg.fits[1]
scw/2288/228800160010.001/swg.fits[1]
scw/2288/228800170010.001/swg.fits[1]
scw/2288/228800330010.001/swg.fits[1]
scw/2288/228800340010.001/swg.fits[1]
scw/2288/228800420010.001/swg.fits[1]
scw/2288/228800430010.001/swg.fits[1]
scw/2288/228800620010.001/swg.fits[1]
scw/2288/228800630010.001/swg.fits[1]
scw/2288/228800640010.001/swg.fits[1]
scw/2288/228800650010.001/swg.fits[1]
scw/2288/228800720010.001/swg.fits[1]
scw/2288/228800730010.001/swg.fits[1]
scw/2288/228800880010.001/swg.fits[1]
scw/2288/228800890010.001/swg.fits[1]
scw/2288/228800900010.001/swg.fits[1]
scw/2288/228800910010.001/swg.fits[1]
