scw/0220/022000130010.001/swg.fits[1]
scw/0220/022000140010.001/swg.fits[1]
scw/0220/022000150010.001/swg.fits[1]
scw/0220/022000230010.001/swg.fits[1]
scw/0220/022000330010.001/swg.fits[1]
scw/0220/022000420010.001/swg.fits[1]
scw/0220/022000430010.001/swg.fits[1]
scw/0220/022000610010.001/swg.fits[1]
scw/0220/022000620010.001/swg.fits[1]
scw/0220/022000630010.001/swg.fits[1]
scw/0220/022000710010.001/swg.fits[1]
scw/0220/022000810010.001/swg.fits[1]
scw/0220/022000890010.001/swg.fits[1]
scw/0220/022000900010.001/swg.fits[1]
scw/0220/022000910010.001/swg.fits[1]
scw/0220/022001120010.001/swg.fits[1]
scw/1506/150600050010.001/swg.fits[1]
scw/1506/150600480010.001/swg.fits[1]
scw/1506/150600550010.001/swg.fits[1]
scw/1506/150600560010.001/swg.fits[1]
scw/1518/151800050010.001/swg.fits[1]
scw/1518/151800060010.001/swg.fits[1]
scw/1518/151800470010.001/swg.fits[1]
scw/1518/151800480010.001/swg.fits[1]
scw/1518/151800550010.001/swg.fits[1]
scw/1518/151800560010.001/swg.fits[1]
scw/1518/151800580010.001/swg.fits[1]
scw/1568/156800290010.001/swg.fits[1]
scw/1579/157900230010.001/swg.fits[1]
scw/1579/157900300010.001/swg.fits[1]
scw/1588/158800240010.001/swg.fits[1]
scw/1588/158800250010.001/swg.fits[1]
scw/1588/158800320010.001/swg.fits[1]
scw/1588/158800330010.001/swg.fits[1]
