scw/0030/003000390010.001/swg.fits[1]
scw/0030/003000870010.001/swg.fits[1]
scw/0046/004600960010.001/swg.fits[1]
scw/0046/004600970010.001/swg.fits[1]
scw/0047/004700320010.001/swg.fits[1]
scw/0047/004700330010.001/swg.fits[1]
scw/0047/004700340010.001/swg.fits[1]
scw/0047/004700350010.001/swg.fits[1]
scw/0047/004700500010.001/swg.fits[1]
scw/0047/004700510010.001/swg.fits[1]
scw/0050/005000170010.001/swg.fits[1]
scw/0050/005000460010.001/swg.fits[1]
scw/0050/005000470010.001/swg.fits[1]
scw/0050/005000560010.001/swg.fits[1]
scw/0050/005000570010.001/swg.fits[1]
scw/0097/009700590010.001/swg.fits[1]
scw/0097/009700600010.001/swg.fits[1]
scw/0116/011600710010.001/swg.fits[1]
scw/0116/011600720010.001/swg.fits[1]
scw/0116/011600860010.001/swg.fits[1]
scw/0116/011600870010.001/swg.fits[1]
scw/0116/011600880010.001/swg.fits[1]
scw/0116/011600890010.001/swg.fits[1]
scw/0155/015500070010.001/swg.fits[1]
scw/0155/015500550010.001/swg.fits[1]
scw/0156/015600080010.001/swg.fits[1]
scw/0156/015600560010.001/swg.fits[1]
scw/0157/015700300010.001/swg.fits[1]
scw/0157/015700780010.001/swg.fits[1]
scw/0158/015800300010.001/swg.fits[1]
scw/0158/015800780010.001/swg.fits[1]
scw/0161/016100170010.001/swg.fits[1]
scw/0347/034700700010.001/swg.fits[1]
scw/0354/035400440010.001/swg.fits[1]
scw/0354/035400450010.001/swg.fits[1]
scw/0354/035400650010.001/swg.fits[1]
scw/0354/035400740010.001/swg.fits[1]
scw/0354/035400750010.001/swg.fits[1]
scw/0404/040400370010.001/swg.fits[1]
scw/0405/040500260010.001/swg.fits[1]
scw/0405/040500350010.001/swg.fits[1]
scw/0406/040600390010.001/swg.fits[1]
scw/0406/040600400010.001/swg.fits[1]
scw/0407/040700500010.001/swg.fits[1]
scw/0407/040700590010.001/swg.fits[1]
scw/0459/045900480010.001/swg.fits[1]
scw/0459/045900570010.001/swg.fits[1]
scw/0460/046000350010.001/swg.fits[1]
scw/0460/046000360010.001/swg.fits[1]
scw/0460/046000450010.001/swg.fits[1]
scw/0461/046100390010.001/swg.fits[1]
scw/0461/046100400010.001/swg.fits[1]
scw/0461/046100480010.001/swg.fits[1]
scw/0461/046100490010.001/swg.fits[1]
scw/0461/046100500010.001/swg.fits[1]
scw/0731/073100480010.001/swg.fits[1]
scw/0731/073100900010.001/swg.fits[1]
scw/0731/073100910010.001/swg.fits[1]
scw/0769/076900200010.001/swg.fits[1]
scw/0771/077100480010.001/swg.fits[1]
scw/0911/091100390010.001/swg.fits[1]
scw/0911/091100470010.001/swg.fits[1]
scw/0911/091100480010.001/swg.fits[1]
scw/0912/091200150010.001/swg.fits[1]
scw/1639/163900120010.001/swg.fits[1]
scw/1639/163900210010.001/swg.fits[1]
scw/1639/163900320010.001/swg.fits[1]
scw/1639/163900410010.001/swg.fits[1]
scw/1639/163900420010.001/swg.fits[1]
scw/1640/164000080010.001/swg.fits[1]
scw/1640/164000090010.001/swg.fits[1]
scw/1640/164000370010.001/swg.fits[1]
scw/1640/164000380010.001/swg.fits[1]
scw/1640/164000390010.001/swg.fits[1]
scw/2323/232300230010.001/swg.fits[1]
