scw/0432/043200810010.001/swg.fits[1]
scw/0432/043200820010.001/swg.fits[1]
scw/0433/043300060010.001/swg.fits[1]
scw/0433/043300070010.001/swg.fits[1]
scw/2225/222500180010.001/swg.fits[1]
scw/2225/222500190010.001/swg.fits[1]
scw/2225/222500210010.001/swg.fits[1]
scw/2225/222500220010.001/swg.fits[1]
scw/2225/222500380010.001/swg.fits[1]
scw/2225/222500390010.001/swg.fits[1]
scw/2225/222500420010.001/swg.fits[1]
scw/2225/222500430010.001/swg.fits[1]
scw/2226/222600120010.001/swg.fits[1]
scw/2226/222600150010.001/swg.fits[1]
scw/2226/222600160010.001/swg.fits[1]
scw/2226/222600220010.001/swg.fits[1]
scw/2226/222600250010.001/swg.fits[1]
scw/2226/222600260010.001/swg.fits[1]
scw/2226/222600310010.001/swg.fits[1]
scw/2226/222600320010.001/swg.fits[1]
scw/2226/222600350010.001/swg.fits[1]
scw/2226/222600360010.001/swg.fits[1]
scw/2227/222700040010.001/swg.fits[1]
scw/2227/222700050010.001/swg.fits[1]
scw/2227/222700060010.001/swg.fits[1]
scw/2227/222700070010.001/swg.fits[1]
scw/2227/222700230010.001/swg.fits[1]
scw/2227/222700240010.001/swg.fits[1]
scw/2227/222700270010.001/swg.fits[1]
scw/2356/235600140010.001/swg.fits[1]
scw/2356/235600180010.001/swg.fits[1]
scw/2356/235600190010.001/swg.fits[1]
scw/2356/235600240010.001/swg.fits[1]
scw/2358/235800570010.001/swg.fits[1]
scw/2358/235800580010.001/swg.fits[1]
scw/2358/235800630010.001/swg.fits[1]
scw/2358/235800640010.001/swg.fits[1]
scw/2362/236200320010.001/swg.fits[1]
scw/2362/236200360010.001/swg.fits[1]
scw/2362/236200370010.001/swg.fits[1]
scw/2362/236200420010.001/swg.fits[1]
scw/2362/236200430010.001/swg.fits[1]
