scw/0732/073200640010.001/swg.fits[1]
scw/0733/073300800010.001/swg.fits[1]
scw/0733/073300810010.001/swg.fits[1]
scw/0793/079300750010.001/swg.fits[1]
scw/0793/079300760010.001/swg.fits[1]
scw/0795/079500300010.001/swg.fits[1]
scw/0795/079500310010.001/swg.fits[1]
scw/0795/079500900010.001/swg.fits[1]
scw/0795/079500910010.001/swg.fits[1]
scw/0855/085500480010.001/swg.fits[1]
scw/0855/085500490010.001/swg.fits[1]
scw/0857/085700280010.001/swg.fits[1]
scw/0857/085700290010.001/swg.fits[1]
scw/0858/085800280010.001/swg.fits[1]
scw/0858/085800290010.001/swg.fits[1]
scw/0860/086000260010.001/swg.fits[1]
scw/0860/086000270010.001/swg.fits[1]
scw/0861/086100340010.001/swg.fits[1]
scw/0861/086100350010.001/swg.fits[1]
scw/0863/086300010010.001/swg.fits[1]
scw/0864/086400260010.001/swg.fits[1]
scw/0864/086400270010.001/swg.fits[1]
scw/0865/086500530010.001/swg.fits[1]
scw/0865/086500540010.001/swg.fits[1]
scw/0867/086700010010.001/swg.fits[1]
scw/0867/086700500010.001/swg.fits[1]
scw/0867/086700510010.001/swg.fits[1]
scw/2015/201500440010.001/swg.fits[1]
scw/2015/201500450010.001/swg.fits[1]
scw/2015/201500460010.001/swg.fits[1]
scw/2015/201500470010.001/swg.fits[1]
scw/2015/201500620010.001/swg.fits[1]
scw/2015/201500630010.001/swg.fits[1]
scw/2015/201500770010.001/swg.fits[1]
scw/2015/201500780010.001/swg.fits[1]
scw/2015/201500790010.001/swg.fits[1]
scw/2015/201500920010.001/swg.fits[1]
scw/2016/201600620010.001/swg.fits[1]
scw/2016/201600630010.001/swg.fits[1]
scw/2016/201600640010.001/swg.fits[1]
scw/2016/201600760010.001/swg.fits[1]
scw/2016/201600770010.001/swg.fits[1]
scw/2016/201600780010.001/swg.fits[1]
scw/2017/201700100010.001/swg.fits[1]
scw/2017/201700120010.001/swg.fits[1]
scw/2017/201700130010.001/swg.fits[1]
scw/2017/201700260010.001/swg.fits[1]
scw/2017/201700270010.001/swg.fits[1]
scw/2017/201700280010.001/swg.fits[1]
scw/2017/201700290010.001/swg.fits[1]
scw/2017/201700440010.001/swg.fits[1]
scw/2017/201700450010.001/swg.fits[1]
scw/2017/201700590010.001/swg.fits[1]
scw/2017/201700600010.001/swg.fits[1]
scw/2017/201700610010.001/swg.fits[1]
scw/2017/201700740010.001/swg.fits[1]
scw/2017/201700760010.001/swg.fits[1]
scw/2017/201700770010.001/swg.fits[1]
scw/2017/201700780010.001/swg.fits[1]
scw/2017/201700900010.001/swg.fits[1]
scw/2017/201700910010.001/swg.fits[1]
scw/2018/201800380010.001/swg.fits[1]
scw/2018/201800390010.001/swg.fits[1]
scw/2018/201800520010.001/swg.fits[1]
scw/2018/201800540010.001/swg.fits[1]
scw/2018/201800550010.001/swg.fits[1]
scw/2019/201900040010.001/swg.fits[1]
scw/2019/201900050010.001/swg.fits[1]
scw/2019/201900060010.001/swg.fits[1]
scw/2019/201900070010.001/swg.fits[1]
scw/2019/201900220010.001/swg.fits[1]
scw/2019/201900230010.001/swg.fits[1]
scw/2019/201900370010.001/swg.fits[1]
scw/2019/201900380010.001/swg.fits[1]
scw/2019/201900390010.001/swg.fits[1]
scw/2019/201900520010.001/swg.fits[1]
scw/2019/201900540010.001/swg.fits[1]
scw/2019/201900550010.001/swg.fits[1]
scw/2019/201900560010.001/swg.fits[1]
scw/2020/202000040010.001/swg.fits[1]
scw/2020/202000050010.001/swg.fits[1]
scw/2020/202000060010.001/swg.fits[1]
scw/2020/202000220010.001/swg.fits[1]
scw/2020/202000230010.001/swg.fits[1]
scw/2020/202000620010.001/swg.fits[1]
scw/2020/202000640010.001/swg.fits[1]
scw/2020/202000650010.001/swg.fits[1]
scw/2020/202000780010.001/swg.fits[1]
scw/2020/202000790010.001/swg.fits[1]
scw/2020/202000800010.001/swg.fits[1]
scw/2020/202000810010.001/swg.fits[1]
scw/2021/202100120010.001/swg.fits[1]
scw/2021/202100130010.001/swg.fits[1]
scw/2021/202100270010.001/swg.fits[1]
scw/2021/202100280010.001/swg.fits[1]
scw/2021/202100290010.001/swg.fits[1]
scw/2021/202100420010.001/swg.fits[1]
scw/2021/202100440010.001/swg.fits[1]
scw/2021/202100450010.001/swg.fits[1]
scw/2021/202100460010.001/swg.fits[1]
scw/2021/202100580010.001/swg.fits[1]
scw/2021/202100590010.001/swg.fits[1]
scw/2021/202100600010.001/swg.fits[1]
scw/2021/202100760010.001/swg.fits[1]
scw/2021/202100770010.001/swg.fits[1]
scw/2021/202100900010.001/swg.fits[1]
scw/2021/202100910010.001/swg.fits[1]
scw/2022/202200100010.001/swg.fits[1]
scw/2022/202200120010.001/swg.fits[1]
scw/2022/202200260010.001/swg.fits[1]
scw/2022/202200270010.001/swg.fits[1]
scw/2022/202200280010.001/swg.fits[1]
scw/2022/202200290010.001/swg.fits[1]
scw/2022/202200440010.001/swg.fits[1]
scw/2022/202200450010.001/swg.fits[1]
scw/2022/202200590010.001/swg.fits[1]
scw/2022/202200600010.001/swg.fits[1]
scw/2022/202200610010.001/swg.fits[1]
scw/2084/208400280010.001/swg.fits[1]
scw/2084/208400290010.001/swg.fits[1]
scw/2084/208400320010.001/swg.fits[1]
scw/2084/208400330010.001/swg.fits[1]
scw/2084/208400340010.001/swg.fits[1]
scw/2084/208400480010.001/swg.fits[1]
scw/2084/208400490010.001/swg.fits[1]
scw/2084/208400500010.001/swg.fits[1]
scw/2084/208400650010.001/swg.fits[1]
scw/2084/208400660010.001/swg.fits[1]
scw/2084/208400760010.001/swg.fits[1]
scw/2084/208400770010.001/swg.fits[1]
scw/2084/208400800010.001/swg.fits[1]
scw/2084/208400810010.001/swg.fits[1]
scw/2084/208400820010.001/swg.fits[1]
scw/2084/208400920010.001/swg.fits[1]
scw/2085/208500630010.001/swg.fits[1]
scw/2085/208500640010.001/swg.fits[1]
scw/2085/208500790010.001/swg.fits[1]
scw/2085/208500800010.001/swg.fits[1]
scw/2085/208500900010.001/swg.fits[1]
scw/2085/208500910010.001/swg.fits[1]
scw/2085/208500940010.001/swg.fits[1]
scw/2085/208500950010.001/swg.fits[1]
scw/2086/208600400010.001/swg.fits[1]
scw/2086/208600410010.001/swg.fits[1]
scw/2086/208600420010.001/swg.fits[1]
scw/2086/208600570010.001/swg.fits[1]
scw/2086/208600580010.001/swg.fits[1]
scw/2086/208600680010.001/swg.fits[1]
scw/2086/208600690010.001/swg.fits[1]
scw/2086/208600720010.001/swg.fits[1]
scw/2086/208600730010.001/swg.fits[1]
scw/2086/208600740010.001/swg.fits[1]
scw/2086/208600840010.001/swg.fits[1]
scw/2086/208600880010.001/swg.fits[1]
scw/2086/208600890010.001/swg.fits[1]
scw/2086/208600900010.001/swg.fits[1]
scw/2087/208700620010.001/swg.fits[1]
scw/2087/208700630010.001/swg.fits[1]
scw/2087/208700780010.001/swg.fits[1]
scw/2087/208700790010.001/swg.fits[1]
scw/2087/208700890010.001/swg.fits[1]
scw/2087/208700900010.001/swg.fits[1]
scw/2087/208700930010.001/swg.fits[1]
scw/2088/208800400010.001/swg.fits[1]
scw/2088/208800410010.001/swg.fits[1]
scw/2088/208800420010.001/swg.fits[1]
scw/2088/208800570010.001/swg.fits[1]
scw/2088/208800580010.001/swg.fits[1]
scw/2088/208800680010.001/swg.fits[1]
scw/2088/208800690010.001/swg.fits[1]
scw/2088/208800730010.001/swg.fits[1]
scw/2088/208800740010.001/swg.fits[1]
scw/2088/208800840010.001/swg.fits[1]
scw/2088/208800880010.001/swg.fits[1]
scw/2088/208800890010.001/swg.fits[1]
scw/2088/208800900010.001/swg.fits[1]
scw/2089/208900470010.001/swg.fits[1]
scw/2089/208900480010.001/swg.fits[1]
scw/2089/208900630010.001/swg.fits[1]
scw/2089/208900640010.001/swg.fits[1]
scw/2089/208900740010.001/swg.fits[1]
scw/2089/208900750010.001/swg.fits[1]
scw/2089/208900780010.001/swg.fits[1]
scw/2089/208900790010.001/swg.fits[1]
scw/2089/208900800010.001/swg.fits[1]
scw/2089/208900940010.001/swg.fits[1]
scw/2090/209000530010.001/swg.fits[1]
scw/2090/209000540010.001/swg.fits[1]
scw/2090/209000690010.001/swg.fits[1]
scw/2090/209000700010.001/swg.fits[1]
scw/2090/209000850010.001/swg.fits[1]
scw/2090/209000860010.001/swg.fits[1]
scw/2090/209000960010.001/swg.fits[1]
scw/2090/209000970010.001/swg.fits[1]
scw/2091/209100690010.001/swg.fits[1]
scw/2092/209200050010.001/swg.fits[1]
scw/2156/215600700010.001/swg.fits[1]
scw/2156/215600710010.001/swg.fits[1]
scw/2156/215600720010.001/swg.fits[1]
scw/2156/215600860010.001/swg.fits[1]
scw/2156/215600870010.001/swg.fits[1]
scw/2156/215600880010.001/swg.fits[1]
scw/2301/230100630010.001/swg.fits[1]
scw/2301/230100890010.001/swg.fits[1]
