scw/0049/004900690010.001/swg.fits[1]
scw/0051/005100820010.001/swg.fits[1]
scw/0051/005100830010.001/swg.fits[1]
scw/0051/005100840010.001/swg.fits[1]
scw/0051/005100920010.001/swg.fits[1]
scw/0053/005300880010.001/swg.fits[1]
scw/0053/005300890010.001/swg.fits[1]
scw/0053/005300900010.001/swg.fits[1]
scw/0053/005300980010.001/swg.fits[1]
scw/0056/005600090010.001/swg.fits[1]
scw/0056/005600100010.001/swg.fits[1]
scw/0056/005600190010.001/swg.fits[1]
scw/0058/005800370010.001/swg.fits[1]
scw/0058/005800380010.001/swg.fits[1]
scw/0058/005800390010.001/swg.fits[1]
scw/0058/005800470010.001/swg.fits[1]
scw/0060/006000810010.001/swg.fits[1]
scw/0060/006000820010.001/swg.fits[1]
scw/0060/006000830010.001/swg.fits[1]
scw/0060/006000910010.001/swg.fits[1]
scw/0067/006700570010.001/swg.fits[1]
scw/0067/006700660010.001/swg.fits[1]
scw/0067/006700670010.001/swg.fits[1]
scw/0068/006800040010.001/swg.fits[1]
scw/0068/006800050010.001/swg.fits[1]
scw/0068/006800140010.001/swg.fits[1]
scw/0068/006800230010.001/swg.fits[1]
scw/0068/006800240010.001/swg.fits[1]
scw/0068/006800520010.001/swg.fits[1]
scw/0068/006800530010.001/swg.fits[1]
scw/0068/006800620010.001/swg.fits[1]
scw/0068/006800710010.001/swg.fits[1]
scw/0068/006800720010.001/swg.fits[1]
scw/0069/006900110010.001/swg.fits[1]
scw/0069/006900120010.001/swg.fits[1]
scw/0069/006900210010.001/swg.fits[1]
scw/0069/006900300010.001/swg.fits[1]
scw/0069/006900310010.001/swg.fits[1]
scw/0070/007000190010.001/swg.fits[1]
scw/0070/007000280010.001/swg.fits[1]
scw/0070/007000290010.001/swg.fits[1]
scw/0070/007000570010.001/swg.fits[1]
scw/0070/007000580010.001/swg.fits[1]
scw/0070/007000670010.001/swg.fits[1]
scw/0248/024800340010.001/swg.fits[1]
scw/0366/036600290010.001/swg.fits[1]
scw/0366/036600300010.001/swg.fits[1]
scw/0366/036600310010.001/swg.fits[1]
scw/0366/036600380010.001/swg.fits[1]
scw/0366/036600390010.001/swg.fits[1]
scw/0366/036600400010.001/swg.fits[1]
scw/0367/036700380010.001/swg.fits[1]
scw/0367/036700390010.001/swg.fits[1]
scw/0367/036700400010.001/swg.fits[1]
scw/0367/036700610010.001/swg.fits[1]
scw/0367/036700620010.001/swg.fits[1]
scw/0367/036700630010.001/swg.fits[1]
scw/0368/036800630010.001/swg.fits[1]
scw/0368/036800640010.001/swg.fits[1]
scw/0368/036800650010.001/swg.fits[1]
scw/0368/036800660010.001/swg.fits[1]
scw/0369/036900010010.001/swg.fits[1]
scw/0369/036900070010.001/swg.fits[1]
scw/0369/036900080010.001/swg.fits[1]
scw/0369/036900090010.001/swg.fits[1]
scw/0555/055500040010.001/swg.fits[1]
scw/0555/055500050010.001/swg.fits[1]
scw/0555/055500360010.001/swg.fits[1]
scw/0555/055500450010.001/swg.fits[1]
scw/0555/055500460010.001/swg.fits[1]
scw/0555/055500540010.001/swg.fits[1]
scw/0555/055500550010.001/swg.fits[1]
scw/0555/055500560010.001/swg.fits[1]
scw/0556/055600050010.001/swg.fits[1]
scw/0556/055600060010.001/swg.fits[1]
scw/0556/055600070010.001/swg.fits[1]
scw/0556/055600080010.001/swg.fits[1]
scw/0556/055600370010.001/swg.fits[1]
scw/0556/055600460010.001/swg.fits[1]
scw/0556/055600470010.001/swg.fits[1]
scw/0556/055600550010.001/swg.fits[1]
scw/0556/055600560010.001/swg.fits[1]
scw/0556/055600570010.001/swg.fits[1]
scw/0608/060800200010.001/swg.fits[1]
scw/0608/060800210010.001/swg.fits[1]
scw/0608/060800220010.001/swg.fits[1]
scw/0608/060800230010.001/swg.fits[1]
scw/0608/060800300010.001/swg.fits[1]
scw/0608/060800310010.001/swg.fits[1]
scw/0608/060800320010.001/swg.fits[1]
scw/0609/060900040010.001/swg.fits[1]
scw/0609/060900050010.001/swg.fits[1]
scw/0609/060900060010.001/swg.fits[1]
scw/0609/060900130010.001/swg.fits[1]
scw/0609/060900140010.001/swg.fits[1]
scw/0609/060900150010.001/swg.fits[1]
scw/0609/060900530010.001/swg.fits[1]
scw/0609/060900540010.001/swg.fits[1]
scw/0609/060900550010.001/swg.fits[1]
scw/0609/060900560010.001/swg.fits[1]
scw/0609/060900630010.001/swg.fits[1]
scw/0609/060900640010.001/swg.fits[1]
scw/0612/061200200010.001/swg.fits[1]
scw/0612/061200210010.001/swg.fits[1]
scw/0612/061200220010.001/swg.fits[1]
scw/0612/061200230010.001/swg.fits[1]
scw/0612/061200300010.001/swg.fits[1]
scw/0612/061200310010.001/swg.fits[1]
scw/0612/061200320010.001/swg.fits[1]
scw/0612/061200410010.001/swg.fits[1]
scw/0613/061300050010.001/swg.fits[1]
scw/0613/061300060010.001/swg.fits[1]
scw/0613/061300070010.001/swg.fits[1]
scw/0613/061300140010.001/swg.fits[1]
scw/0613/061300150010.001/swg.fits[1]
scw/0613/061300160010.001/swg.fits[1]
scw/0613/061300540010.001/swg.fits[1]
scw/0613/061300550010.001/swg.fits[1]
scw/0613/061300560010.001/swg.fits[1]
scw/0613/061300570010.001/swg.fits[1]
scw/0613/061300640010.001/swg.fits[1]
scw/0613/061300650010.001/swg.fits[1]
scw/0613/061300660010.001/swg.fits[1]
scw/0722/072200280010.001/swg.fits[1]
scw/0722/072200300010.001/swg.fits[1]
scw/0722/072200310010.001/swg.fits[1]
scw/0722/072200320010.001/swg.fits[1]
scw/0722/072200380010.001/swg.fits[1]
scw/0722/072200390010.001/swg.fits[1]
scw/0722/072200400010.001/swg.fits[1]
scw/0722/072200800010.001/swg.fits[1]
scw/0722/072200810010.001/swg.fits[1]
scw/0722/072200920010.001/swg.fits[1]
scw/0723/072300060010.001/swg.fits[1]
scw/0723/072300080010.001/swg.fits[1]
scw/0723/072300090010.001/swg.fits[1]
scw/0723/072300100010.001/swg.fits[1]
scw/0723/072300160010.001/swg.fits[1]
scw/0723/072300170010.001/swg.fits[1]
scw/0723/072300180010.001/swg.fits[1]
scw/0723/072300580010.001/swg.fits[1]
scw/0723/072300590010.001/swg.fits[1]
scw/0723/072300660010.001/swg.fits[1]
scw/0723/072300670010.001/swg.fits[1]
scw/0723/072300680010.001/swg.fits[1]
scw/0723/072301060010.001/swg.fits[1]
scw/0723/072301080010.001/swg.fits[1]
scw/0723/072301090010.001/swg.fits[1]
scw/0723/072301100010.001/swg.fits[1]
scw/0729/072900800010.001/swg.fits[1]
scw/0729/072900820010.001/swg.fits[1]
scw/0729/072900830010.001/swg.fits[1]
scw/0730/073000620010.001/swg.fits[1]
scw/0730/073000630010.001/swg.fits[1]
scw/0730/073000640010.001/swg.fits[1]
scw/0732/073200540010.001/swg.fits[1]
scw/0732/073200550010.001/swg.fits[1]
scw/0732/073200560010.001/swg.fits[1]
scw/0736/073600790010.001/swg.fits[1]
scw/0736/073600800010.001/swg.fits[1]
scw/0736/073600810010.001/swg.fits[1]
scw/0737/073700220010.001/swg.fits[1]
scw/0737/073700230010.001/swg.fits[1]
scw/0737/073700240010.001/swg.fits[1]
scw/0737/073700620010.001/swg.fits[1]
scw/0737/073700630010.001/swg.fits[1]
scw/0737/073700640010.001/swg.fits[1]
scw/0737/073700880010.001/swg.fits[1]
scw/0737/073700890010.001/swg.fits[1]
scw/0737/073700900010.001/swg.fits[1]
scw/0738/073800200010.001/swg.fits[1]
scw/0738/073800520010.001/swg.fits[1]
scw/0738/073800530010.001/swg.fits[1]
scw/0738/073800540010.001/swg.fits[1]
scw/0738/073800940010.001/swg.fits[1]
