scw/0610/061000450010.001/swg.fits[1]
scw/0610/061000460010.001/swg.fits[1]
scw/0610/061000470010.001/swg.fits[1]
scw/0611/061100370010.001/swg.fits[1]
scw/0611/061100380010.001/swg.fits[1]
scw/0611/061100390010.001/swg.fits[1]
scw/0614/061400100010.001/swg.fits[1]
scw/0614/061400110010.001/swg.fits[1]
scw/0614/061400120010.001/swg.fits[1]
scw/0615/061500250010.001/swg.fits[1]
scw/0615/061500260010.001/swg.fits[1]
scw/0615/061500270010.001/swg.fits[1]
scw/0615/061500280010.001/swg.fits[1]
scw/0615/061500290010.001/swg.fits[1]
scw/0615/061500300010.001/swg.fits[1]
scw/0615/061500790010.001/swg.fits[1]
scw/0615/061500800010.001/swg.fits[1]
scw/0615/061500810010.001/swg.fits[1]
scw/0667/066700470010.001/swg.fits[1]
scw/0667/066700480010.001/swg.fits[1]
scw/0667/066700510010.001/swg.fits[1]
scw/0667/066700520010.001/swg.fits[1]
scw/0670/067000490010.001/swg.fits[1]
scw/0670/067000500010.001/swg.fits[1]
scw/0670/067000530010.001/swg.fits[1]
scw/0670/067000540010.001/swg.fits[1]
scw/0671/067100780010.001/swg.fits[1]
scw/0671/067100790010.001/swg.fits[1]
scw/0672/067200400010.001/swg.fits[1]
scw/0672/067200410010.001/swg.fits[1]
scw/0672/067201020010.001/swg.fits[1]
scw/0672/067201030010.001/swg.fits[1]
scw/0674/067400600010.001/swg.fits[1]
scw/0674/067400610010.001/swg.fits[1]
scw/0674/067400640010.001/swg.fits[1]
scw/0674/067400650010.001/swg.fits[1]
scw/0848/084801030010.001/swg.fits[1]
scw/0849/084900360010.001/swg.fits[1]
scw/0849/084900370010.001/swg.fits[1]
scw/0849/084900380010.001/swg.fits[1]
scw/0851/085100390010.001/swg.fits[1]
scw/0851/085100400010.001/swg.fits[1]
scw/0851/085100410010.001/swg.fits[1]
scw/0852/085200300010.001/swg.fits[1]
scw/0852/085200310010.001/swg.fits[1]
scw/0852/085200320010.001/swg.fits[1]
