scw/1448/144800900010.001/swg.fits[1]
scw/1448/144800910010.001/swg.fits[1]
scw/1448/144800980010.001/swg.fits[1]
scw/1448/144800990010.001/swg.fits[1]
scw/1449/144900050010.001/swg.fits[1]
scw/1449/144900130010.001/swg.fits[1]
scw/1449/144900140010.001/swg.fits[1]
scw/1449/144900150010.001/swg.fits[1]
scw/1449/144900350010.001/swg.fits[1]
scw/1449/144900360010.001/swg.fits[1]
scw/1449/144900440010.001/swg.fits[1]
scw/1449/144900450010.001/swg.fits[1]
scw/1449/144900460010.001/swg.fits[1]
scw/1449/144900530010.001/swg.fits[1]
scw/1449/144900540010.001/swg.fits[1]
scw/1450/145000030010.001/swg.fits[1]
scw/1450/145000040010.001/swg.fits[1]
scw/1450/145000050010.001/swg.fits[1]
scw/1451/145100190010.001/swg.fits[1]
scw/1451/145100200010.001/swg.fits[1]
scw/1453/145300050010.001/swg.fits[1]
scw/1453/145300060010.001/swg.fits[1]
scw/1454/145400210010.001/swg.fits[1]
scw/1454/145400270010.001/swg.fits[1]
scw/1455/145500190010.001/swg.fits[1]
scw/1517/151700930010.001/swg.fits[1]
scw/1519/151900450010.001/swg.fits[1]
scw/1521/152100380010.001/swg.fits[1]
scw/1521/152100430010.001/swg.fits[1]
scw/1521/152100440010.001/swg.fits[1]
scw/1525/152500540010.001/swg.fits[1]
scw/1525/152500590010.001/swg.fits[1]
scw/1525/152500600010.001/swg.fits[1]
scw/1527/152700540010.001/swg.fits[1]
scw/1527/152700580010.001/swg.fits[1]
scw/1527/152700590010.001/swg.fits[1]
scw/1527/152700600010.001/swg.fits[1]
scw/1572/157200210010.001/swg.fits[1]
scw/1572/157200220010.001/swg.fits[1]
scw/1572/157200230010.001/swg.fits[1]
scw/1572/157200460010.001/swg.fits[1]
scw/1572/157200470010.001/swg.fits[1]
scw/1572/157200480010.001/swg.fits[1]
scw/1573/157300040010.001/swg.fits[1]
scw/1573/157300490010.001/swg.fits[1]
scw/1574/157400130010.001/swg.fits[1]
scw/1574/157400140010.001/swg.fits[1]
scw/1574/157400150010.001/swg.fits[1]
scw/1574/157400380010.001/swg.fits[1]
scw/1574/157400390010.001/swg.fits[1]
scw/1574/157400400010.001/swg.fits[1]
scw/1574/157400630010.001/swg.fits[1]
scw/1574/157400640010.001/swg.fits[1]
scw/1574/157400650010.001/swg.fits[1]
scw/1576/157600150010.001/swg.fits[1]
scw/1576/157600160010.001/swg.fits[1]
scw/1576/157600170010.001/swg.fits[1]
scw/1576/157600400010.001/swg.fits[1]
scw/1576/157600410010.001/swg.fits[1]
scw/1576/157600420010.001/swg.fits[1]
scw/1576/157600650010.001/swg.fits[1]
scw/1576/157600660010.001/swg.fits[1]
scw/1576/157600670010.001/swg.fits[1]
scw/1578/157800230010.001/swg.fits[1]
scw/1578/157800240010.001/swg.fits[1]
scw/1578/157800250010.001/swg.fits[1]
scw/1578/157800480010.001/swg.fits[1]
scw/1578/157800490010.001/swg.fits[1]
scw/1578/157800500010.001/swg.fits[1]
scw/1578/157800640010.001/swg.fits[1]
scw/1578/157800650010.001/swg.fits[1]
scw/1580/158000150010.001/swg.fits[1]
scw/1580/158000160010.001/swg.fits[1]
scw/1580/158000170010.001/swg.fits[1]
scw/1580/158000400010.001/swg.fits[1]
scw/1580/158000410010.001/swg.fits[1]
scw/1580/158000420010.001/swg.fits[1]
scw/1580/158000560010.001/swg.fits[1]
scw/1580/158000570010.001/swg.fits[1]
scw/1582/158200130010.001/swg.fits[1]
scw/1582/158200140010.001/swg.fits[1]
scw/1582/158200150010.001/swg.fits[1]
scw/1582/158200380010.001/swg.fits[1]
scw/1582/158200390010.001/swg.fits[1]
scw/1582/158200400010.001/swg.fits[1]
scw/1582/158200540010.001/swg.fits[1]
scw/1583/158300130010.001/swg.fits[1]
scw/1583/158300140010.001/swg.fits[1]
scw/1583/158300150010.001/swg.fits[1]
scw/1583/158300380010.001/swg.fits[1]
scw/1583/158300390010.001/swg.fits[1]
scw/1583/158300400010.001/swg.fits[1]
scw/1583/158300730010.001/swg.fits[1]
scw/1595/159500050010.001/swg.fits[1]
scw/1595/159500920010.001/swg.fits[1]
scw/1595/159500930010.001/swg.fits[1]
scw/1603/160300120010.001/swg.fits[1]
scw/1603/160300170010.001/swg.fits[1]
scw/1703/170300950010.001/swg.fits[1]
scw/1705/170500320010.001/swg.fits[1]
scw/1705/170500400010.001/swg.fits[1]
scw/1705/170500470010.001/swg.fits[1]
scw/1705/170500530010.001/swg.fits[1]
scw/1705/170500540010.001/swg.fits[1]
scw/1708/170800030010.001/swg.fits[1]
scw/1708/170800040010.001/swg.fits[1]
scw/1709/170900370010.001/swg.fits[1]
scw/1709/170900430010.001/swg.fits[1]
scw/1709/170900440010.001/swg.fits[1]
scw/1709/170900520010.001/swg.fits[1]
scw/1710/171000170010.001/swg.fits[1]
scw/1710/171000230010.001/swg.fits[1]
scw/1710/171000240010.001/swg.fits[1]
scw/1710/171000380010.001/swg.fits[1]
scw/1710/171000390010.001/swg.fits[1]
scw/1710/171000470010.001/swg.fits[1]
scw/1711/171100310010.001/swg.fits[1]
scw/1711/171100320010.001/swg.fits[1]
scw/1711/171100400010.001/swg.fits[1]
scw/1712/171200310010.001/swg.fits[1]
scw/1712/171200320010.001/swg.fits[1]
scw/1712/171200400010.001/swg.fits[1]
scw/1713/171300450010.001/swg.fits[1]
scw/1782/178200430010.001/swg.fits[1]
scw/1782/178200450010.001/swg.fits[1]
scw/1782/178200490010.001/swg.fits[1]
scw/1782/178200500010.001/swg.fits[1]
scw/1783/178300750010.001/swg.fits[1]
scw/1789/178900500010.001/swg.fits[1]
scw/1789/178900520010.001/swg.fits[1]
scw/1842/184200310010.001/swg.fits[1]
scw/1842/184200320010.001/swg.fits[1]
scw/1844/184400310010.001/swg.fits[1]
scw/1844/184400320010.001/swg.fits[1]
scw/1844/184400400010.001/swg.fits[1]
scw/1844/184400460010.001/swg.fits[1]
scw/1844/184400470010.001/swg.fits[1]
scw/1848/184800310010.001/swg.fits[1]
scw/1848/184800320010.001/swg.fits[1]
scw/1848/184800400010.001/swg.fits[1]
scw/1849/184900390010.001/swg.fits[1]
scw/1849/184900400010.001/swg.fits[1]
scw/1849/184900480010.001/swg.fits[1]
scw/1850/185000690010.001/swg.fits[1]
scw/1850/185000700010.001/swg.fits[1]
scw/1850/185000780010.001/swg.fits[1]
scw/1914/191400240010.001/swg.fits[1]
scw/1914/191400250010.001/swg.fits[1]
scw/1914/191400290010.001/swg.fits[1]
scw/1914/191400300010.001/swg.fits[1]
scw/1915/191500820010.001/swg.fits[1]
scw/1915/191500860010.001/swg.fits[1]
scw/1915/191500870010.001/swg.fits[1]
scw/1916/191600630010.001/swg.fits[1]
scw/1916/191600670010.001/swg.fits[1]
scw/1916/191600680010.001/swg.fits[1]
scw/1916/191600770010.001/swg.fits[1]
scw/1917/191700320010.001/swg.fits[1]
scw/1917/191700330010.001/swg.fits[1]
scw/1917/191700340010.001/swg.fits[1]
scw/1917/191700420010.001/swg.fits[1]
scw/1917/191700430010.001/swg.fits[1]
scw/1917/191700510010.001/swg.fits[1]
scw/1917/191700520010.001/swg.fits[1]
scw/1918/191800110010.001/swg.fits[1]
scw/1918/191800190010.001/swg.fits[1]
scw/1918/191800200010.001/swg.fits[1]
scw/1918/191800210010.001/swg.fits[1]
scw/1918/191800400010.001/swg.fits[1]
scw/1918/191800410010.001/swg.fits[1]
scw/1922/192200280010.001/swg.fits[1]
scw/1984/198400210010.001/swg.fits[1]
scw/1984/198400270010.001/swg.fits[1]
scw/1984/198400280010.001/swg.fits[1]
scw/1986/198600330010.001/swg.fits[1]
scw/1986/198600390010.001/swg.fits[1]
scw/1986/198600400010.001/swg.fits[1]
scw/2140/214000370010.001/swg.fits[1]
scw/2140/214000450010.001/swg.fits[1]
scw/2140/214000460010.001/swg.fits[1]
scw/2142/214200110010.001/swg.fits[1]
scw/2142/214200170010.001/swg.fits[1]
scw/2142/214200190010.001/swg.fits[1]
scw/2142/214200200010.001/swg.fits[1]
scw/2144/214400100010.001/swg.fits[1]
scw/2144/214400180010.001/swg.fits[1]
scw/2144/214400190010.001/swg.fits[1]
scw/2192/219200490010.001/swg.fits[1]
scw/2192/219200500010.001/swg.fits[1]
scw/2192/219200510010.001/swg.fits[1]
scw/2192/219200560010.001/swg.fits[1]
scw/2193/219300470010.001/swg.fits[1]
scw/2193/219300560010.001/swg.fits[1]
scw/2193/219300570010.001/swg.fits[1]
scw/2194/219400150010.001/swg.fits[1]
scw/2194/219400210010.001/swg.fits[1]
scw/2194/219400220010.001/swg.fits[1]
scw/2196/219600490010.001/swg.fits[1]
scw/2196/219600530010.001/swg.fits[1]
scw/2196/219600540010.001/swg.fits[1]
scw/2206/220600310010.001/swg.fits[1]
scw/2206/220600360010.001/swg.fits[1]
scw/2206/220600370010.001/swg.fits[1]
scw/2419/241900020010.001/swg.fits[1]
scw/2419/241900070010.001/swg.fits[1]
scw/2419/241900080010.001/swg.fits[1]
scw/2419/241900140010.001/swg.fits[1]
scw/2419/241900150010.001/swg.fits[1]
scw/2419/241900210010.001/swg.fits[1]
scw/2419/241900220010.001/swg.fits[1]
scw/2419/241900280010.001/swg.fits[1]
scw/2419/241900290010.001/swg.fits[1]
scw/2419/241900350010.001/swg.fits[1]
scw/2419/241900360010.001/swg.fits[1]
scw/2419/241900370010.001/swg.fits[1]
scw/2419/241900420010.001/swg.fits[1]
scw/2419/241900430010.001/swg.fits[1]
scw/2419/241900440010.001/swg.fits[1]
scw/2419/241900490010.001/swg.fits[1]
scw/2419/241900500010.001/swg.fits[1]
scw/2419/241900510010.001/swg.fits[1]
scw/2419/241900560010.001/swg.fits[1]
