scw/2086/208600080010.001/swg.fits[1]
scw/2086/208600090010.001/swg.fits[1]
scw/2086/208600150010.001/swg.fits[1]
scw/2086/208600160010.001/swg.fits[1]
scw/2087/208700460010.001/swg.fits[1]
scw/2087/208700550010.001/swg.fits[1]
scw/2088/208800120010.001/swg.fits[1]
scw/2088/208800130010.001/swg.fits[1]
scw/2088/208800200010.001/swg.fits[1]
scw/2088/208800210010.001/swg.fits[1]
scw/2089/208900260010.001/swg.fits[1]
scw/2089/208900300010.001/swg.fits[1]
scw/2089/208900310010.001/swg.fits[1]
scw/2089/208900350010.001/swg.fits[1]
scw/2089/208900400010.001/swg.fits[1]
scw/2090/209000080010.001/swg.fits[1]
scw/2090/209000090010.001/swg.fits[1]
scw/2090/209000140010.001/swg.fits[1]
scw/2090/209000150010.001/swg.fits[1]
scw/2090/209000190010.001/swg.fits[1]
scw/2147/214700070010.001/swg.fits[1]
scw/2147/214700080010.001/swg.fits[1]
scw/2147/214700150010.001/swg.fits[1]
scw/2147/214700160010.001/swg.fits[1]
scw/2147/214700380010.001/swg.fits[1]
scw/2147/214700440010.001/swg.fits[1]
scw/2147/214700450010.001/swg.fits[1]
scw/2147/214700460010.001/swg.fits[1]
scw/2147/214700480010.001/swg.fits[1]
scw/2153/215300810010.001/swg.fits[1]
scw/2153/215300870010.001/swg.fits[1]
scw/2153/215300880010.001/swg.fits[1]
scw/2153/215300890010.001/swg.fits[1]
scw/2153/215300910010.001/swg.fits[1]
scw/2155/215500120010.001/swg.fits[1]
scw/2155/215500180010.001/swg.fits[1]
scw/2155/215500190010.001/swg.fits[1]
scw/2155/215500200010.001/swg.fits[1]
scw/2155/215500220010.001/swg.fits[1]
scw/2156/215600460010.001/swg.fits[1]
scw/2156/215600470010.001/swg.fits[1]
scw/2156/215600560010.001/swg.fits[1]
scw/2157/215700110010.001/swg.fits[1]
scw/2157/215700120010.001/swg.fits[1]
scw/2157/215700190010.001/swg.fits[1]
scw/2157/215700200010.001/swg.fits[1]
scw/2157/215700220010.001/swg.fits[1]
scw/2157/215700640010.001/swg.fits[1]
scw/2157/215700720010.001/swg.fits[1]
scw/2157/215700730010.001/swg.fits[1]
scw/2158/215800280010.001/swg.fits[1]
scw/2158/215800290010.001/swg.fits[1]
scw/2158/215800300010.001/swg.fits[1]
scw/2158/215800350010.001/swg.fits[1]
scw/2158/215800380010.001/swg.fits[1]
scw/2158/215800390010.001/swg.fits[1]
scw/2159/215900120010.001/swg.fits[1]
scw/2159/215900130010.001/swg.fits[1]
scw/2159/215900180010.001/swg.fits[1]
scw/2159/215900190010.001/swg.fits[1]
scw/2159/215900200010.001/swg.fits[1]
scw/2159/215900550010.001/swg.fits[1]
scw/2159/215900560010.001/swg.fits[1]
scw/2159/215900610010.001/swg.fits[1]
scw/2159/215900630010.001/swg.fits[1]
scw/2159/215900640010.001/swg.fits[1]
scw/2159/215900650010.001/swg.fits[1]
scw/2160/216000630010.001/swg.fits[1]
scw/2160/216000640010.001/swg.fits[1]
scw/2161/216100130010.001/swg.fits[1]
scw/2161/216100210010.001/swg.fits[1]
scw/2162/216200050010.001/swg.fits[1]
scw/2162/216200060010.001/swg.fits[1]
scw/2162/216200140010.001/swg.fits[1]
scw/2216/221600070010.001/swg.fits[1]
scw/2216/221600100010.001/swg.fits[1]
scw/2216/221600110010.001/swg.fits[1]
scw/2216/221600160010.001/swg.fits[1]
scw/2216/221600170010.001/swg.fits[1]
scw/2216/221600180010.001/swg.fits[1]
scw/2218/221800140010.001/swg.fits[1]
scw/2218/221800160010.001/swg.fits[1]
scw/2218/221800170010.001/swg.fits[1]
scw/2218/221800240010.001/swg.fits[1]
scw/2218/221800250010.001/swg.fits[1]
scw/2218/221800520010.001/swg.fits[1]
scw/2220/222000050010.001/swg.fits[1]
scw/2220/222000070010.001/swg.fits[1]
scw/2220/222000080010.001/swg.fits[1]
scw/2220/222000090010.001/swg.fits[1]
scw/2220/222000150010.001/swg.fits[1]
scw/2221/222100150010.001/swg.fits[1]
scw/2221/222100160010.001/swg.fits[1]
scw/2221/222100200010.001/swg.fits[1]
scw/2221/222100210010.001/swg.fits[1]
scw/2222/222200120010.001/swg.fits[1]
scw/2222/222200130010.001/swg.fits[1]
scw/2222/222200200010.001/swg.fits[1]
scw/2222/222200210010.001/swg.fits[1]
scw/2222/222200480010.001/swg.fits[1]
scw/2222/222200490010.001/swg.fits[1]
scw/2222/222200540010.001/swg.fits[1]
scw/2224/222400100010.001/swg.fits[1]
scw/2224/222400110010.001/swg.fits[1]
scw/2224/222400160010.001/swg.fits[1]
scw/2224/222400170010.001/swg.fits[1]
scw/2224/222400180010.001/swg.fits[1]
scw/2224/222400600010.001/swg.fits[1]
scw/2224/222400660010.001/swg.fits[1]
scw/2224/222400720010.001/swg.fits[1]
scw/2268/226800470010.001/swg.fits[1]
scw/2268/226800480010.001/swg.fits[1]
scw/2290/229000340010.001/swg.fits[1]
scw/2290/229000360010.001/swg.fits[1]
scw/2290/229000370010.001/swg.fits[1]
scw/2290/229000380010.001/swg.fits[1]
scw/2290/229000430010.001/swg.fits[1]
scw/2290/229000440010.001/swg.fits[1]
scw/2290/229000450010.001/swg.fits[1]
scw/2292/229200560010.001/swg.fits[1]
scw/2292/229200620010.001/swg.fits[1]
scw/2292/229200630010.001/swg.fits[1]
scw/2292/229200640010.001/swg.fits[1]
scw/2292/229200660010.001/swg.fits[1]
scw/2294/229400510010.001/swg.fits[1]
scw/2294/229400570010.001/swg.fits[1]
scw/2294/229400580010.001/swg.fits[1]
scw/2294/229400590010.001/swg.fits[1]
scw/2294/229400610010.001/swg.fits[1]
scw/2296/229600490010.001/swg.fits[1]
scw/2296/229600510010.001/swg.fits[1]
scw/2296/229600520010.001/swg.fits[1]
scw/2296/229600530010.001/swg.fits[1]
scw/2296/229600580010.001/swg.fits[1]
scw/2296/229600590010.001/swg.fits[1]
scw/2298/229800420010.001/swg.fits[1]
scw/2298/229800430010.001/swg.fits[1]
scw/2298/229800530010.001/swg.fits[1]
scw/2298/229800540010.001/swg.fits[1]
scw/2298/229800590010.001/swg.fits[1]
scw/2298/229800600010.001/swg.fits[1]
scw/2298/229800610010.001/swg.fits[1]
scw/2356/235600400010.001/swg.fits[1]
scw/2356/235600410010.001/swg.fits[1]
scw/2356/235600460010.001/swg.fits[1]
scw/2356/235600470010.001/swg.fits[1]
scw/2356/235600480010.001/swg.fits[1]
scw/2358/235800330010.001/swg.fits[1]
scw/2358/235800340010.001/swg.fits[1]
scw/2358/235800390010.001/swg.fits[1]
scw/2358/235800400010.001/swg.fits[1]
scw/2358/235800410010.001/swg.fits[1]
scw/2360/236000470010.001/swg.fits[1]
scw/2360/236000480010.001/swg.fits[1]
scw/2360/236000520010.001/swg.fits[1]
scw/2360/236000530010.001/swg.fits[1]
scw/2360/236000580010.001/swg.fits[1]
scw/2360/236000630010.001/swg.fits[1]
scw/2360/236000640010.001/swg.fits[1]
scw/2360/236000650010.001/swg.fits[1]
scw/2360/236000660010.001/swg.fits[1]
scw/2362/236200080010.001/swg.fits[1]
scw/2362/236200090010.001/swg.fits[1]
scw/2362/236200140010.001/swg.fits[1]
scw/2362/236200150010.001/swg.fits[1]
scw/2362/236200160010.001/swg.fits[1]
scw/2362/236200180010.001/swg.fits[1]
scw/2421/242100170010.001/swg.fits[1]
scw/2421/242100180010.001/swg.fits[1]
scw/2421/242100230010.001/swg.fits[1]
scw/2421/242100240010.001/swg.fits[1]
scw/2421/242100250010.001/swg.fits[1]
scw/2421/242100270010.001/swg.fits[1]
scw/2426/242600120010.001/swg.fits[1]
scw/2426/242600130010.001/swg.fits[1]
scw/2426/242600140010.001/swg.fits[1]
scw/2426/242600190010.001/swg.fits[1]
scw/2426/242600200010.001/swg.fits[1]
scw/2426/242600210010.001/swg.fits[1]
scw/2426/242600230010.001/swg.fits[1]
scw/2428/242800840010.001/swg.fits[1]
scw/2428/242800850010.001/swg.fits[1]
scw/2428/242800860010.001/swg.fits[1]
scw/2430/243000160010.001/swg.fits[1]
scw/2430/243000170010.001/swg.fits[1]
scw/2430/243000180010.001/swg.fits[1]
scw/2430/243000230010.001/swg.fits[1]
scw/2430/243000240010.001/swg.fits[1]
scw/2430/243000250010.001/swg.fits[1]
scw/2431/243100160010.001/swg.fits[1]
scw/2431/243100170010.001/swg.fits[1]
scw/2431/243100180010.001/swg.fits[1]
scw/2431/243100230010.001/swg.fits[1]
scw/2431/243100240010.001/swg.fits[1]
scw/2431/243100250010.001/swg.fits[1]
scw/2433/243300120010.001/swg.fits[1]
scw/2433/243300130010.001/swg.fits[1]
scw/2433/243300140010.001/swg.fits[1]
scw/2433/243300190010.001/swg.fits[1]
scw/2433/243300200010.001/swg.fits[1]
scw/2435/243500140010.001/swg.fits[1]
scw/2435/243500150010.001/swg.fits[1]
scw/2435/243500160010.001/swg.fits[1]
scw/2435/243500210010.001/swg.fits[1]
scw/2435/243500220010.001/swg.fits[1]
scw/2435/243500230010.001/swg.fits[1]
scw/2436/243600160010.001/swg.fits[1]
scw/2436/243600170010.001/swg.fits[1]
scw/2436/243600180010.001/swg.fits[1]
scw/2436/243600230010.001/swg.fits[1]
scw/2436/243600240010.001/swg.fits[1]
scw/2436/243600250010.001/swg.fits[1]
scw/2437/243700070010.001/swg.fits[1]
scw/2437/243700080010.001/swg.fits[1]
scw/2437/243700150010.001/swg.fits[1]
scw/2437/243700160010.001/swg.fits[1]
scw/2437/243700170010.001/swg.fits[1]
scw/2437/243700180010.001/swg.fits[1]
