scw/0483/048300150010.001/swg.fits[1]
scw/0483/048300180010.001/swg.fits[1]
scw/0483/048300190010.001/swg.fits[1]
scw/0483/048300240010.001/swg.fits[1]
scw/0483/048300250010.001/swg.fits[1]
scw/0483/048300270010.001/swg.fits[1]
scw/0483/048300280010.001/swg.fits[1]
scw/0483/048300290010.001/swg.fits[1]
scw/0483/048300340010.001/swg.fits[1]
scw/0483/048300350010.001/swg.fits[1]
scw/0483/048300380010.001/swg.fits[1]
scw/0487/048700260010.001/swg.fits[1]
scw/0487/048700270010.001/swg.fits[1]
scw/0487/048700300010.001/swg.fits[1]
scw/0487/048700310010.001/swg.fits[1]
scw/0487/048700360010.001/swg.fits[1]
scw/0487/048700460010.001/swg.fits[1]
scw/0487/048700470010.001/swg.fits[1]
scw/0487/048700480010.001/swg.fits[1]
scw/0487/048700500010.001/swg.fits[1]
scw/0487/048700510010.001/swg.fits[1]
scw/0530/053000470010.001/swg.fits[1]
scw/0530/053000480010.001/swg.fits[1]
scw/0530/053000510010.001/swg.fits[1]
scw/0530/053000520010.001/swg.fits[1]
scw/0532/053200130010.001/swg.fits[1]
scw/0532/053200140010.001/swg.fits[1]
scw/0532/053200170010.001/swg.fits[1]
scw/0532/053200180010.001/swg.fits[1]
scw/0532/053200230010.001/swg.fits[1]
scw/0532/053200240010.001/swg.fits[1]
scw/0532/053200320010.001/swg.fits[1]
scw/0532/053200330010.001/swg.fits[1]
scw/0532/053200340010.001/swg.fits[1]
scw/0532/053200380010.001/swg.fits[1]
scw/0532/053200390010.001/swg.fits[1]
scw/0538/053800060010.001/swg.fits[1]
scw/0538/053800070010.001/swg.fits[1]
scw/0538/053800120010.001/swg.fits[1]
scw/0538/053800130010.001/swg.fits[1]
scw/0538/053800160010.001/swg.fits[1]
scw/0538/053800170010.001/swg.fits[1]
scw/0538/053800220010.001/swg.fits[1]
scw/0538/053800230010.001/swg.fits[1]
scw/0538/053800520010.001/swg.fits[1]
scw/0538/053800560010.001/swg.fits[1]
scw/0538/053800570010.001/swg.fits[1]
scw/0538/053800580010.001/swg.fits[1]
scw/0543/054300130010.001/swg.fits[1]
scw/0543/054300170010.001/swg.fits[1]
scw/0543/054300180010.001/swg.fits[1]
scw/0543/054300230010.001/swg.fits[1]
scw/0543/054300240010.001/swg.fits[1]
scw/0543/054300580010.001/swg.fits[1]
scw/0543/054300590010.001/swg.fits[1]
scw/0543/054300630010.001/swg.fits[1]
scw/0543/054300640010.001/swg.fits[1]
scw/0548/054800280010.001/swg.fits[1]
scw/0548/054800290010.001/swg.fits[1]
scw/0548/054800310010.001/swg.fits[1]
scw/0548/054800320010.001/swg.fits[1]
scw/0548/054800330010.001/swg.fits[1]
scw/0548/054800420010.001/swg.fits[1]
scw/0548/054800480010.001/swg.fits[1]
scw/0548/054800490010.001/swg.fits[1]
scw/0548/054800520010.001/swg.fits[1]
scw/0551/055100250010.001/swg.fits[1]
scw/0551/055100280010.001/swg.fits[1]
scw/0551/055100290010.001/swg.fits[1]
scw/0551/055100540010.001/swg.fits[1]
scw/0589/058900040010.001/swg.fits[1]
scw/0589/058900050010.001/swg.fits[1]
scw/0589/058900080010.001/swg.fits[1]
scw/0589/058900090010.001/swg.fits[1]
scw/0589/058900130010.001/swg.fits[1]
scw/0589/058900140010.001/swg.fits[1]
scw/0589/058900150010.001/swg.fits[1]
scw/0589/058900180010.001/swg.fits[1]
scw/0589/058900190010.001/swg.fits[1]
scw/0589/058900200010.001/swg.fits[1]
scw/0589/058900480010.001/swg.fits[1]
scw/0589/058900490010.001/swg.fits[1]
scw/0589/058900540010.001/swg.fits[1]
scw/0589/058900550010.001/swg.fits[1]
scw/0589/058900580010.001/swg.fits[1]
scw/0589/058900590010.001/swg.fits[1]
scw/0590/059000040010.001/swg.fits[1]
scw/0590/059000050010.001/swg.fits[1]
scw/0590/059000350010.001/swg.fits[1]
scw/0590/059000380010.001/swg.fits[1]
scw/0590/059000390010.001/swg.fits[1]
scw/0590/059000440010.001/swg.fits[1]
scw/0590/059000450010.001/swg.fits[1]
scw/0590/059000530010.001/swg.fits[1]
scw/0590/059000540010.001/swg.fits[1]
scw/0591/059100050010.001/swg.fits[1]
scw/0591/059100080010.001/swg.fits[1]
scw/0591/059100090010.001/swg.fits[1]
scw/0591/059100100010.001/swg.fits[1]
scw/0591/059100140010.001/swg.fits[1]
scw/0591/059100150010.001/swg.fits[1]
scw/0591/059100170010.001/swg.fits[1]
scw/0591/059100180010.001/swg.fits[1]
scw/0591/059100220010.001/swg.fits[1]
scw/0591/059100230010.001/swg.fits[1]
scw/0591/059100240010.001/swg.fits[1]
scw/0591/059100530010.001/swg.fits[1]
scw/0591/059100560010.001/swg.fits[1]
scw/0591/059100570010.001/swg.fits[1]
scw/0591/059100580010.001/swg.fits[1]
scw/0650/065000380010.001/swg.fits[1]
scw/0650/065000390010.001/swg.fits[1]
scw/0650/065000430010.001/swg.fits[1]
scw/0650/065000440010.001/swg.fits[1]
scw/0650/065000470010.001/swg.fits[1]
scw/0650/065000480010.001/swg.fits[1]
scw/0650/065000530010.001/swg.fits[1]
scw/0650/065000540010.001/swg.fits[1]
scw/0656/065600140010.001/swg.fits[1]
scw/0656/065600150010.001/swg.fits[1]
scw/0656/065600190010.001/swg.fits[1]
scw/0656/065600200010.001/swg.fits[1]
scw/0656/065600210010.001/swg.fits[1]
scw/0656/065600300010.001/swg.fits[1]
scw/0656/065600350010.001/swg.fits[1]
scw/0656/065600360010.001/swg.fits[1]
scw/0656/065600390010.001/swg.fits[1]
scw/0656/065600400010.001/swg.fits[1]
scw/0659/065900290010.001/swg.fits[1]
scw/0659/065900300010.001/swg.fits[1]
scw/0659/065900310010.001/swg.fits[1]
scw/0659/065900350010.001/swg.fits[1]
scw/0659/065900360010.001/swg.fits[1]
scw/0659/065900390010.001/swg.fits[1]
scw/0659/065900400010.001/swg.fits[1]
scw/0659/065900440010.001/swg.fits[1]
scw/0659/065900460010.001/swg.fits[1]
scw/0659/065900490010.001/swg.fits[1]
scw/0659/065900640010.001/swg.fits[1]
scw/0659/065900650010.001/swg.fits[1]
scw/0659/065900650020.001/swg.fits[1]
scw/1258/125800030010.001/swg.fits[1]
scw/1258/125800040010.001/swg.fits[1]
scw/1258/125800050010.001/swg.fits[1]
scw/1258/125800080010.001/swg.fits[1]
scw/1258/125800090010.001/swg.fits[1]
scw/1258/125800100010.001/swg.fits[1]
scw/1258/125800140010.001/swg.fits[1]
scw/1258/125800150010.001/swg.fits[1]
scw/1258/125800180010.001/swg.fits[1]
scw/1258/125800190010.001/swg.fits[1]
scw/1258/125800540010.001/swg.fits[1]
scw/1258/125800550010.001/swg.fits[1]
scw/1258/125800580010.001/swg.fits[1]
scw/1258/125800590010.001/swg.fits[1]
scw/1259/125900150010.001/swg.fits[1]
scw/1259/125900160010.001/swg.fits[1]
scw/1259/125900190010.001/swg.fits[1]
scw/1259/125900200010.001/swg.fits[1]
scw/1259/125900540010.001/swg.fits[1]
scw/1259/125900550010.001/swg.fits[1]
scw/1259/125900600010.001/swg.fits[1]
scw/1259/125900610010.001/swg.fits[1]
scw/1259/125900650010.001/swg.fits[1]
scw/1259/125900660010.001/swg.fits[1]
scw/1259/125900690010.001/swg.fits[1]
scw/1259/125900700010.001/swg.fits[1]
scw/1260/126000060010.001/swg.fits[1]
scw/1260/126000070010.001/swg.fits[1]
scw/1260/126000160010.001/swg.fits[1]
scw/1264/126400740010.001/swg.fits[1]
scw/1264/126400750010.001/swg.fits[1]
scw/1264/126400800010.001/swg.fits[1]
scw/1264/126400810010.001/swg.fits[1]
scw/1270/127000110010.001/swg.fits[1]
scw/1270/127000120010.001/swg.fits[1]
scw/1270/127000130010.001/swg.fits[1]
scw/1270/127000140010.001/swg.fits[1]
scw/1270/127000490010.001/swg.fits[1]
scw/1270/127000510010.001/swg.fits[1]
scw/1270/127000520010.001/swg.fits[1]
scw/1270/127000530010.001/swg.fits[1]
scw/1270/127000540010.001/swg.fits[1]
scw/1270/127000610010.001/swg.fits[1]
scw/1278/127800690010.001/swg.fits[1]
scw/1278/127800700010.001/swg.fits[1]
scw/1278/127800720010.001/swg.fits[1]
scw/1278/127800730010.001/swg.fits[1]
scw/1278/127800790010.001/swg.fits[1]
scw/1278/127800800010.001/swg.fits[1]
scw/1278/127800810010.001/swg.fits[1]
scw/1279/127900080010.001/swg.fits[1]
scw/1279/127900090010.001/swg.fits[1]
scw/1279/127900160010.001/swg.fits[1]
scw/1279/127900170010.001/swg.fits[1]
scw/1279/127900180010.001/swg.fits[1]
scw/1279/127900190010.001/swg.fits[1]
scw/1279/127900250010.001/swg.fits[1]
scw/1279/127900260010.001/swg.fits[1]
scw/1281/128100410010.001/swg.fits[1]
scw/1281/128100420010.001/swg.fits[1]
scw/1281/128100430010.001/swg.fits[1]
scw/1281/128100490010.001/swg.fits[1]
scw/1281/128100500010.001/swg.fits[1]
scw/1281/128100520010.001/swg.fits[1]
scw/1281/128100530010.001/swg.fits[1]
scw/1317/131700310010.001/swg.fits[1]
scw/1317/131700320010.001/swg.fits[1]
scw/1317/131700350010.001/swg.fits[1]
scw/1317/131700360010.001/swg.fits[1]
scw/1317/131700410010.001/swg.fits[1]
scw/1317/131700420010.001/swg.fits[1]
scw/1317/131700450010.001/swg.fits[1]
scw/1317/131700460010.001/swg.fits[1]
scw/1326/132600220010.001/swg.fits[1]
scw/1326/132600230010.001/swg.fits[1]
scw/1326/132600270010.001/swg.fits[1]
scw/1326/132600280010.001/swg.fits[1]
scw/1326/132600330010.001/swg.fits[1]
scw/1326/132600340010.001/swg.fits[1]
scw/1329/132900560010.001/swg.fits[1]
scw/1329/132900650010.001/swg.fits[1]
scw/1329/132900660010.001/swg.fits[1]
scw/1329/132900670010.001/swg.fits[1]
scw/1329/132900740010.001/swg.fits[1]
scw/1329/132900750010.001/swg.fits[1]
scw/1329/132900760010.001/swg.fits[1]
scw/1329/132900770010.001/swg.fits[1]
scw/1330/133000810010.001/swg.fits[1]
scw/1330/133000820010.001/swg.fits[1]
scw/1330/133000830010.001/swg.fits[1]
scw/1330/133000870010.001/swg.fits[1]
