scw/0259/025900060010.001/swg.fits[1]
scw/0262/026200230010.001/swg.fits[1]
scw/0262/026200320010.001/swg.fits[1]
scw/0262/026200330010.001/swg.fits[1]
scw/0262/026200340010.001/swg.fits[1]
scw/0262/026200350010.001/swg.fits[1]
scw/0262/026200360010.001/swg.fits[1]
scw/0262/026200370010.001/swg.fits[1]
scw/0262/026200420010.001/swg.fits[1]
scw/0262/026200430010.001/swg.fits[1]
scw/0262/026200750010.001/swg.fits[1]
scw/0262/026200760010.001/swg.fits[1]
scw/0262/026200770010.001/swg.fits[1]
scw/0263/026300670010.001/swg.fits[1]
scw/0264/026400170010.001/swg.fits[1]
scw/0264/026400180010.001/swg.fits[1]
scw/0264/026400480010.001/swg.fits[1]
scw/0264/026400510010.001/swg.fits[1]
scw/0264/026400520010.001/swg.fits[1]
scw/0264/026400570010.001/swg.fits[1]
scw/0264/026400580010.001/swg.fits[1]
scw/0264/026400590010.001/swg.fits[1]
scw/0264/026400610010.001/swg.fits[1]
scw/0264/026400620010.001/swg.fits[1]
scw/0264/026400670010.001/swg.fits[1]
scw/0264/026400680010.001/swg.fits[1]
scw/0264/026400690010.001/swg.fits[1]
scw/0264/026400710010.001/swg.fits[1]
scw/0264/026400720010.001/swg.fits[1]
scw/0264/026400980010.001/swg.fits[1]
scw/0264/026401010010.001/swg.fits[1]
scw/0264/026401020010.001/swg.fits[1]
scw/0264/026401070010.001/swg.fits[1]
scw/0264/026401080010.001/swg.fits[1]
scw/0265/026500040010.001/swg.fits[1]
scw/0265/026500200010.001/swg.fits[1]
scw/0265/026500250010.001/swg.fits[1]
scw/0265/026500260010.001/swg.fits[1]
scw/0265/026500290010.001/swg.fits[1]
scw/0265/026500300010.001/swg.fits[1]
scw/0265/026500310010.001/swg.fits[1]
scw/0265/026500550010.001/swg.fits[1]
scw/0265/026500560010.001/swg.fits[1]
scw/0265/026500570010.001/swg.fits[1]
scw/0265/026500580010.001/swg.fits[1]
scw/0265/026500590010.001/swg.fits[1]
scw/0265/026500600010.001/swg.fits[1]
scw/0265/026500650010.001/swg.fits[1]
scw/0265/026500660010.001/swg.fits[1]
scw/0265/026500680010.001/swg.fits[1]
scw/0265/026500690010.001/swg.fits[1]
scw/0265/026500700010.001/swg.fits[1]
scw/0265/026500750010.001/swg.fits[1]
scw/0265/026500760010.001/swg.fits[1]
scw/0265/026500770010.001/swg.fits[1]
scw/0265/026500790010.001/swg.fits[1]
scw/0265/026501050010.001/swg.fits[1]
scw/0265/026501060010.001/swg.fits[1]
scw/0266/026600040010.001/swg.fits[1]
scw/0266/026600160010.001/swg.fits[1]
scw/0266/026600210010.001/swg.fits[1]
scw/0266/026600220010.001/swg.fits[1]
scw/0266/026600240010.001/swg.fits[1]
scw/0266/026600250010.001/swg.fits[1]
scw/0266/026600310010.001/swg.fits[1]
scw/0266/026600320010.001/swg.fits[1]
scw/0266/026600330010.001/swg.fits[1]
scw/0266/026600650010.001/swg.fits[1]
scw/0266/026600660010.001/swg.fits[1]
scw/0266/026600710010.001/swg.fits[1]
scw/0266/026600720010.001/swg.fits[1]
scw/0266/026600730010.001/swg.fits[1]
scw/0266/026600740010.001/swg.fits[1]
scw/0266/026600750010.001/swg.fits[1]
scw/0266/026600810010.001/swg.fits[1]
scw/0266/026600820010.001/swg.fits[1]
scw/0266/026600830010.001/swg.fits[1]
scw/0266/026600840010.001/swg.fits[1]
scw/0266/026600850010.001/swg.fits[1]
scw/0268/026800930010.001/swg.fits[1]
scw/0268/026800940010.001/swg.fits[1]
scw/0268/026800970010.001/swg.fits[1]
scw/0268/026800980010.001/swg.fits[1]
scw/0268/026801030010.001/swg.fits[1]
scw/0268/026801040010.001/swg.fits[1]
scw/0268/026801050010.001/swg.fits[1]
scw/0269/026900340010.001/swg.fits[1]
scw/0269/026900350010.001/swg.fits[1]
scw/0269/026900380010.001/swg.fits[1]
scw/0269/026900390010.001/swg.fits[1]
scw/0269/026900440010.001/swg.fits[1]
scw/0269/026900450010.001/swg.fits[1]
scw/0269/026900470010.001/swg.fits[1]
scw/0269/026900480010.001/swg.fits[1]
scw/0269/026900490010.001/swg.fits[1]
scw/0269/026900540010.001/swg.fits[1]
scw/0269/026900550010.001/swg.fits[1]
scw/0269/026900560010.001/swg.fits[1]
scw/0269/026900840010.001/swg.fits[1]
scw/0269/026900850010.001/swg.fits[1]
scw/0269/026900860010.001/swg.fits[1]
scw/0269/026900870010.001/swg.fits[1]
scw/0269/026900880010.001/swg.fits[1]
scw/0269/026900890010.001/swg.fits[1]
scw/0269/026900950010.001/swg.fits[1]
scw/0269/026900960010.001/swg.fits[1]
scw/0269/026900980010.001/swg.fits[1]
scw/0269/026900990010.001/swg.fits[1]
scw/0269/026901040010.001/swg.fits[1]
scw/0269/026901050010.001/swg.fits[1]
scw/0292/029200200010.001/swg.fits[1]
scw/0301/030100250010.001/swg.fits[1]
scw/0315/031500160010.001/swg.fits[1]
scw/0332/033200080010.001/swg.fits[1]
scw/0337/033700020010.001/swg.fits[1]
scw/0352/035200610010.001/swg.fits[1]
scw/0352/035200620010.001/swg.fits[1]
scw/0384/038400010010.001/swg.fits[1]
scw/0384/038400070010.001/swg.fits[1]
scw/0384/038400080010.001/swg.fits[1]
scw/0384/038400090010.001/swg.fits[1]
scw/0384/038400100010.001/swg.fits[1]
scw/0384/038400120010.001/swg.fits[1]
scw/0384/038400230010.001/swg.fits[1]
scw/0384/038400240010.001/swg.fits[1]
scw/0384/038400250010.001/swg.fits[1]
scw/0384/038400260010.001/swg.fits[1]
scw/0384/038400270010.001/swg.fits[1]
scw/0384/038400280010.001/swg.fits[1]
scw/0384/038400430010.001/swg.fits[1]
scw/0384/038400440010.001/swg.fits[1]
scw/0384/038400650010.001/swg.fits[1]
scw/0384/038400660010.001/swg.fits[1]
scw/0384/038400730010.001/swg.fits[1]
scw/0384/038400740010.001/swg.fits[1]
scw/0384/038400820010.001/swg.fits[1]
scw/0384/038400830010.001/swg.fits[1]
scw/0384/038400840010.001/swg.fits[1]
scw/0384/038400850010.001/swg.fits[1]
scw/0384/038400860010.001/swg.fits[1]
scw/0384/038400930010.001/swg.fits[1]
scw/0384/038400940010.001/swg.fits[1]
scw/0385/038500020010.001/swg.fits[1]
scw/0385/038500030010.001/swg.fits[1]
scw/0385/038500100010.001/swg.fits[1]
scw/0385/038500110010.001/swg.fits[1]
scw/0385/038500150010.001/swg.fits[1]
scw/0385/038500210010.001/swg.fits[1]
scw/0385/038500310010.001/swg.fits[1]
scw/0385/038500320010.001/swg.fits[1]
scw/0385/038500390010.001/swg.fits[1]
scw/0385/038500400010.001/swg.fits[1]
scw/0385/038500410010.001/swg.fits[1]
scw/0385/038500420010.001/swg.fits[1]
scw/0385/038500610010.001/swg.fits[1]
scw/0385/038500620010.001/swg.fits[1]
scw/0385/038500690010.001/swg.fits[1]
scw/0385/038500700010.001/swg.fits[1]
scw/0385/038500780010.001/swg.fits[1]
scw/0385/038500790010.001/swg.fits[1]
scw/0385/038500890010.001/swg.fits[1]
scw/0385/038500900010.001/swg.fits[1]
scw/0385/038500910010.001/swg.fits[1]
scw/0385/038500920010.001/swg.fits[1]
scw/0385/038500960010.001/swg.fits[1]
scw/0385/038500970010.001/swg.fits[1]
scw/0385/038501020010.001/swg.fits[1]
scw/0385/038501030010.001/swg.fits[1]
scw/0385/038501040010.001/swg.fits[1]
scw/0385/038501070010.001/swg.fits[1]
scw/0385/038501080010.001/swg.fits[1]
scw/0385/038501090010.001/swg.fits[1]
scw/0385/038501100010.001/swg.fits[1]
scw/0385/038501140010.001/swg.fits[1]
scw/0386/038600070010.001/swg.fits[1]
scw/0386/038600080010.001/swg.fits[1]
scw/0386/038600140010.001/swg.fits[1]
scw/0386/038600150010.001/swg.fits[1]
scw/0386/038600160010.001/swg.fits[1]
scw/0386/038600370010.001/swg.fits[1]
scw/0386/038600380010.001/swg.fits[1]
scw/0386/038600390010.001/swg.fits[1]
scw/0386/038600440010.001/swg.fits[1]
scw/0386/038600450010.001/swg.fits[1]
scw/0386/038600460010.001/swg.fits[1]
scw/0386/038600570010.001/swg.fits[1]
scw/0386/038600580010.001/swg.fits[1]
scw/0386/038600590010.001/swg.fits[1]
scw/0387/038700170010.001/swg.fits[1]
scw/0387/038700180010.001/swg.fits[1]
scw/0387/038700190010.001/swg.fits[1]
scw/0387/038700200010.001/swg.fits[1]
scw/0387/038700210010.001/swg.fits[1]
scw/0387/038700220010.001/swg.fits[1]
scw/0387/038700370010.001/swg.fits[1]
scw/0387/038700380010.001/swg.fits[1]
scw/0387/038700410010.001/swg.fits[1]
scw/0387/038700420010.001/swg.fits[1]
scw/0387/038700470010.001/swg.fits[1]
scw/0387/038700480010.001/swg.fits[1]
scw/0387/038700490010.001/swg.fits[1]
scw/0387/038700600010.001/swg.fits[1]
scw/0387/038700610010.001/swg.fits[1]
scw/0388/038800170010.001/swg.fits[1]
scw/0388/038800180010.001/swg.fits[1]
scw/0388/038800370010.001/swg.fits[1]
scw/0388/038800380010.001/swg.fits[1]
scw/0388/038800390010.001/swg.fits[1]
scw/0388/038800400010.001/swg.fits[1]
scw/0388/038800410010.001/swg.fits[1]
scw/0388/038800460010.001/swg.fits[1]
scw/0388/038800470010.001/swg.fits[1]
scw/0388/038800480010.001/swg.fits[1]
scw/0388/038800590010.001/swg.fits[1]
scw/0388/038800600010.001/swg.fits[1]
scw/0389/038900030010.001/swg.fits[1]
scw/0389/038900040010.001/swg.fits[1]
scw/0389/038900050010.001/swg.fits[1]
scw/0389/038900060010.001/swg.fits[1]
scw/0389/038900250010.001/swg.fits[1]
scw/0389/038900260010.001/swg.fits[1]
scw/0389/038900270010.001/swg.fits[1]
scw/0389/038900320010.001/swg.fits[1]
scw/0389/038900330010.001/swg.fits[1]
scw/0389/038900340010.001/swg.fits[1]
scw/0389/038900450010.001/swg.fits[1]
scw/0389/038900460010.001/swg.fits[1]
scw/0389/038900530010.001/swg.fits[1]
scw/0389/038900540010.001/swg.fits[1]
scw/0390/039000140010.001/swg.fits[1]
scw/0390/039000150010.001/swg.fits[1]
scw/0390/039000160010.001/swg.fits[1]
scw/0390/039000170010.001/swg.fits[1]
scw/0390/039000240010.001/swg.fits[1]
scw/0390/039000250010.001/swg.fits[1]
scw/0390/039000360010.001/swg.fits[1]
