scw/0096/009600050010.001/swg.fits[1]
scw/0096/009600060010.001/swg.fits[1]
scw/0096/009600060020.001/swg.fits[1]
scw/0096/009600060030.001/swg.fits[1]
scw/0096/009600060040.001/swg.fits[1]
scw/0096/009600060050.001/swg.fits[1]
scw/0096/009600060060.001/swg.fits[1]
scw/0096/009600060070.001/swg.fits[1]
scw/0096/009600060080.001/swg.fits[1]
scw/0096/009600060090.001/swg.fits[1]
scw/0096/009600060100.001/swg.fits[1]
scw/0096/009600060110.001/swg.fits[1]
scw/0096/009600060120.001/swg.fits[1]
scw/0096/009600060130.001/swg.fits[1]
scw/0096/009600060140.001/swg.fits[1]
scw/0096/009600060150.001/swg.fits[1]
scw/0096/009600060160.001/swg.fits[1]
scw/0096/009600060170.001/swg.fits[1]
scw/0096/009600060180.001/swg.fits[1]
scw/0096/009600060190.001/swg.fits[1]
scw/0096/009600060200.001/swg.fits[1]
scw/0096/009600060210.001/swg.fits[1]
scw/0096/009600060220.001/swg.fits[1]
scw/0096/009600060230.001/swg.fits[1]
scw/0096/009600060240.001/swg.fits[1]
scw/0096/009600060250.001/swg.fits[1]
scw/0096/009600060260.001/swg.fits[1]
scw/0096/009600060270.001/swg.fits[1]
scw/0096/009600060280.001/swg.fits[1]
scw/0096/009600060290.001/swg.fits[1]
scw/0096/009600060300.001/swg.fits[1]
scw/0096/009600060310.001/swg.fits[1]
scw/0096/009600060320.001/swg.fits[1]
scw/0096/009600070010.001/swg.fits[1]
scw/0096/009600070020.001/swg.fits[1]
scw/0096/009600070030.001/swg.fits[1]
scw/0096/009600070040.001/swg.fits[1]
scw/0096/009600070050.001/swg.fits[1]
scw/0096/009600070060.001/swg.fits[1]
scw/0096/009600070070.001/swg.fits[1]
scw/0096/009600070080.001/swg.fits[1]
scw/0096/009600070090.001/swg.fits[1]
scw/0096/009600070100.001/swg.fits[1]
scw/0096/009600070110.001/swg.fits[1]
scw/0096/009600070120.001/swg.fits[1]
scw/0096/009600070130.001/swg.fits[1]
scw/0168/016800400010.001/swg.fits[1]
scw/0168/016800400020.001/swg.fits[1]
scw/0168/016800400030.001/swg.fits[1]
scw/0168/016800400040.001/swg.fits[1]
scw/0168/016800400050.001/swg.fits[1]
scw/0168/016800400060.001/swg.fits[1]
scw/0168/016800400070.001/swg.fits[1]
scw/0168/016800400080.001/swg.fits[1]
scw/0168/016800400090.001/swg.fits[1]
scw/0168/016800400100.001/swg.fits[1]
scw/0168/016800400110.001/swg.fits[1]
scw/0168/016800410010.001/swg.fits[1]
scw/0168/016800410020.001/swg.fits[1]
scw/0168/016800410030.001/swg.fits[1]
scw/0168/016800410040.001/swg.fits[1]
scw/0168/016800410050.001/swg.fits[1]
scw/0168/016800410060.001/swg.fits[1]
scw/0168/016800410070.001/swg.fits[1]
scw/0168/016800410080.001/swg.fits[1]
scw/0168/016800410090.001/swg.fits[1]
scw/0168/016800410100.001/swg.fits[1]
scw/0168/016800410110.001/swg.fits[1]
scw/0168/016800410120.001/swg.fits[1]
scw/0168/016800410130.001/swg.fits[1]
scw/0220/022000040010.001/swg.fits[1]
scw/0220/022000050010.001/swg.fits[1]
scw/0220/022000060010.001/swg.fits[1]
scw/0220/022000070010.001/swg.fits[1]
scw/0220/022000100010.001/swg.fits[1]
scw/0220/022000110010.001/swg.fits[1]
scw/0220/022000120010.001/swg.fits[1]
scw/0220/022000130010.001/swg.fits[1]
scw/0220/022000140010.001/swg.fits[1]
scw/0220/022000150010.001/swg.fits[1]
scw/0220/022000160010.001/swg.fits[1]
scw/0220/022000210010.001/swg.fits[1]
scw/0220/022000220010.001/swg.fits[1]
scw/0220/022000230010.001/swg.fits[1]
scw/0220/022000240010.001/swg.fits[1]
scw/0220/022000250010.001/swg.fits[1]
scw/0220/022000310010.001/swg.fits[1]
scw/0220/022000320010.001/swg.fits[1]
scw/0220/022000330010.001/swg.fits[1]
scw/0220/022000340010.001/swg.fits[1]
scw/0220/022000350010.001/swg.fits[1]
scw/0220/022000420010.001/swg.fits[1]
scw/0220/022000430010.001/swg.fits[1]
scw/0220/022000440010.001/swg.fits[1]
scw/0220/022000450010.001/swg.fits[1]
scw/0220/022000460010.001/swg.fits[1]
scw/0220/022000490010.001/swg.fits[1]
scw/0220/022000500010.001/swg.fits[1]
scw/0220/022000510010.001/swg.fits[1]
scw/0220/022000520010.001/swg.fits[1]
scw/0220/022000530010.001/swg.fits[1]
scw/0220/022000540010.001/swg.fits[1]
scw/0220/022000550010.001/swg.fits[1]
scw/0220/022000580010.001/swg.fits[1]
scw/0220/022000590010.001/swg.fits[1]
scw/0220/022000600010.001/swg.fits[1]
scw/0220/022000610010.001/swg.fits[1]
scw/0220/022000620010.001/swg.fits[1]
scw/0220/022000630010.001/swg.fits[1]
scw/0220/022000640010.001/swg.fits[1]
scw/0220/022000690010.001/swg.fits[1]
scw/0220/022000700010.001/swg.fits[1]
scw/0220/022000710010.001/swg.fits[1]
scw/0220/022000720010.001/swg.fits[1]
scw/0220/022000730010.001/swg.fits[1]
scw/0220/022000800010.001/swg.fits[1]
scw/0220/022000810010.001/swg.fits[1]
scw/0220/022000820010.001/swg.fits[1]
scw/0220/022000830010.001/swg.fits[1]
scw/0220/022000880010.001/swg.fits[1]
scw/0220/022000890010.001/swg.fits[1]
scw/0220/022000900010.001/swg.fits[1]
scw/0220/022000910010.001/swg.fits[1]
scw/0220/022000920010.001/swg.fits[1]
scw/0220/022000930010.001/swg.fits[1]
scw/0220/022000940010.001/swg.fits[1]
scw/0220/022000970010.001/swg.fits[1]
scw/0220/022000980010.001/swg.fits[1]
scw/0220/022000990010.001/swg.fits[1]
scw/0220/022001000010.001/swg.fits[1]
scw/0220/022001010010.001/swg.fits[1]
scw/0220/022001020010.001/swg.fits[1]
scw/0220/022001030010.001/swg.fits[1]
scw/0220/022001070010.001/swg.fits[1]
scw/0220/022001080010.001/swg.fits[1]
scw/0220/022001100010.001/swg.fits[1]
scw/0220/022001110010.001/swg.fits[1]
scw/0220/022001120010.001/swg.fits[1]
scw/0220/022001130010.001/swg.fits[1]
scw/0220/022001150010.001/swg.fits[1]
scw/0948/094800050010.001/swg.fits[1]
scw/0948/094800060010.001/swg.fits[1]
scw/0948/094800070010.001/swg.fits[1]
scw/0948/094800120010.001/swg.fits[1]
scw/0948/094800130010.001/swg.fits[1]
scw/0948/094800140010.001/swg.fits[1]
scw/0948/094800180010.001/swg.fits[1]
scw/0948/094800190010.001/swg.fits[1]
scw/0948/094800200010.001/swg.fits[1]
scw/0948/094800210010.001/swg.fits[1]
scw/0948/094800260010.001/swg.fits[1]
scw/0948/094800270010.001/swg.fits[1]
scw/0948/094800280010.001/swg.fits[1]
scw/0948/094800340010.001/swg.fits[1]
scw/0948/094800350010.001/swg.fits[1]
scw/0948/094800410010.001/swg.fits[1]
scw/0948/094800480010.001/swg.fits[1]
scw/0948/094800490010.001/swg.fits[1]
scw/0948/094800540010.001/swg.fits[1]
scw/0948/094800550010.001/swg.fits[1]
scw/0948/094800560010.001/swg.fits[1]
scw/0948/094800620010.001/swg.fits[1]
scw/0948/094800630010.001/swg.fits[1]
scw/1252/125200060010.001/swg.fits[1]
scw/1252/125200460010.001/swg.fits[1]
scw/1252/125200470010.001/swg.fits[1]
scw/1263/126300060010.001/swg.fits[1]
scw/1314/131400410010.001/swg.fits[1]
scw/1314/131400500010.001/swg.fits[1]
scw/1325/132500240010.001/swg.fits[1]
scw/1325/132500330010.001/swg.fits[1]
scw/1506/150600030010.001/swg.fits[1]
scw/1506/150600040010.001/swg.fits[1]
scw/1506/150600050010.001/swg.fits[1]
scw/1506/150600060010.001/swg.fits[1]
scw/1506/150600070010.001/swg.fits[1]
scw/1506/150600080010.001/swg.fits[1]
scw/1506/150600090010.001/swg.fits[1]
scw/1506/150600150010.001/swg.fits[1]
scw/1506/150600160010.001/swg.fits[1]
scw/1506/150600170010.001/swg.fits[1]
scw/1506/150600180010.001/swg.fits[1]
scw/1506/150600350010.001/swg.fits[1]
scw/1506/150600360010.001/swg.fits[1]
scw/1506/150600370010.001/swg.fits[1]
scw/1506/150600380010.001/swg.fits[1]
scw/1506/150600440010.001/swg.fits[1]
scw/1506/150600450010.001/swg.fits[1]
scw/1506/150600460010.001/swg.fits[1]
scw/1506/150600470010.001/swg.fits[1]
scw/1506/150600480010.001/swg.fits[1]
scw/1506/150600490010.001/swg.fits[1]
scw/1506/150600500010.001/swg.fits[1]
scw/1506/150600530010.001/swg.fits[1]
scw/1506/150600540010.001/swg.fits[1]
scw/1506/150600550010.001/swg.fits[1]
scw/1506/150600560010.001/swg.fits[1]
scw/1506/150600570010.001/swg.fits[1]
scw/1506/150600580010.001/swg.fits[1]
scw/1506/150600590010.001/swg.fits[1]
scw/1506/150600640010.001/swg.fits[1]
scw/1506/150600650010.001/swg.fits[1]
scw/1506/150600660010.001/swg.fits[1]
scw/1518/151800040010.001/swg.fits[1]
scw/1518/151800050010.001/swg.fits[1]
scw/1518/151800060010.001/swg.fits[1]
scw/1518/151800070010.001/swg.fits[1]
scw/1518/151800080010.001/swg.fits[1]
scw/1518/151800090010.001/swg.fits[1]
scw/1518/151800150010.001/swg.fits[1]
scw/1518/151800160010.001/swg.fits[1]
scw/1518/151800170010.001/swg.fits[1]
scw/1518/151800180010.001/swg.fits[1]
scw/1518/151800260010.001/swg.fits[1]
scw/1518/151800280010.001/swg.fits[1]
scw/1518/151800350010.001/swg.fits[1]
scw/1518/151800360010.001/swg.fits[1]
scw/1518/151800370010.001/swg.fits[1]
scw/1518/151800380010.001/swg.fits[1]
scw/1518/151800440010.001/swg.fits[1]
scw/1518/151800450010.001/swg.fits[1]
scw/1518/151800460010.001/swg.fits[1]
scw/1518/151800470010.001/swg.fits[1]
scw/1518/151800480010.001/swg.fits[1]
scw/1518/151800490010.001/swg.fits[1]
scw/1518/151800540010.001/swg.fits[1]
scw/1518/151800550010.001/swg.fits[1]
scw/1518/151800560010.001/swg.fits[1]
scw/1518/151800570010.001/swg.fits[1]
scw/1518/151800580010.001/swg.fits[1]
scw/1518/151800590010.001/swg.fits[1]
scw/1518/151800640010.001/swg.fits[1]
scw/1518/151800650010.001/swg.fits[1]
scw/1518/151800660010.001/swg.fits[1]
scw/1518/151800670010.001/swg.fits[1]
scw/1568/156800110010.001/swg.fits[1]
scw/1568/156800120010.001/swg.fits[1]
scw/1568/156800130010.001/swg.fits[1]
scw/1568/156800190010.001/swg.fits[1]
scw/1568/156800200010.001/swg.fits[1]
scw/1568/156800210010.001/swg.fits[1]
scw/1568/156800220010.001/swg.fits[1]
scw/1568/156800230010.001/swg.fits[1]
scw/1568/156800240010.001/swg.fits[1]
scw/1568/156800250010.001/swg.fits[1]
scw/1568/156800280010.001/swg.fits[1]
scw/1568/156800290010.001/swg.fits[1]
scw/1568/156800300010.001/swg.fits[1]
scw/1568/156800310010.001/swg.fits[1]
scw/1568/156800320010.001/swg.fits[1]
scw/1568/156800330010.001/swg.fits[1]
scw/1568/156800340010.001/swg.fits[1]
scw/1568/156800400010.001/swg.fits[1]
scw/1568/156800410010.001/swg.fits[1]
scw/1568/156800420010.001/swg.fits[1]
scw/1568/156800430010.001/swg.fits[1]
scw/1568/156800520010.001/swg.fits[1]
scw/1568/156800600010.001/swg.fits[1]
scw/1568/156800610010.001/swg.fits[1]
scw/1568/156800620010.001/swg.fits[1]
scw/1568/156800630010.001/swg.fits[1]
scw/1568/156800640010.001/swg.fits[1]
scw/1579/157900100010.001/swg.fits[1]
scw/1579/157900110010.001/swg.fits[1]
scw/1579/157900120010.001/swg.fits[1]
scw/1579/157900130010.001/swg.fits[1]
scw/1579/157900190010.001/swg.fits[1]
scw/1579/157900200010.001/swg.fits[1]
scw/1579/157900210010.001/swg.fits[1]
scw/1579/157900220010.001/swg.fits[1]
scw/1579/157900230010.001/swg.fits[1]
scw/1579/157900240010.001/swg.fits[1]
scw/1579/157900280010.001/swg.fits[1]
scw/1579/157900290010.001/swg.fits[1]
scw/1579/157900300010.001/swg.fits[1]
scw/1579/157900310010.001/swg.fits[1]
scw/1579/157900320010.001/swg.fits[1]
scw/1579/157900330010.001/swg.fits[1]
scw/1579/157900340010.001/swg.fits[1]
scw/1579/157900400010.001/swg.fits[1]
scw/1579/157900410010.001/swg.fits[1]
scw/1579/157900420010.001/swg.fits[1]
scw/1579/157900430010.001/swg.fits[1]
scw/1579/157900520010.001/swg.fits[1]
scw/1579/157900530010.001/swg.fits[1]
scw/1579/157900600010.001/swg.fits[1]
scw/1579/157900610010.001/swg.fits[1]
scw/1579/157900620010.001/swg.fits[1]
scw/1579/157900630010.001/swg.fits[1]
scw/1588/158800120010.001/swg.fits[1]
scw/1588/158800130010.001/swg.fits[1]
scw/1588/158800140010.001/swg.fits[1]
scw/1588/158800150010.001/swg.fits[1]
scw/1588/158800210010.001/swg.fits[1]
scw/1588/158800220010.001/swg.fits[1]
scw/1588/158800230010.001/swg.fits[1]
scw/1588/158800240010.001/swg.fits[1]
scw/1588/158800250010.001/swg.fits[1]
scw/1588/158800260010.001/swg.fits[1]
scw/1588/158800310010.001/swg.fits[1]
scw/1588/158800320010.001/swg.fits[1]
scw/1588/158800330010.001/swg.fits[1]
scw/1588/158800340010.001/swg.fits[1]
scw/1588/158800350010.001/swg.fits[1]
scw/1588/158800360010.001/swg.fits[1]
scw/1588/158800420010.001/swg.fits[1]
scw/1588/158800430010.001/swg.fits[1]
scw/1588/158800440010.001/swg.fits[1]
scw/1588/158800450010.001/swg.fits[1]
scw/1588/158800520010.001/swg.fits[1]
scw/1588/158800540010.001/swg.fits[1]
scw/1588/158800550010.001/swg.fits[1]
scw/1588/158800620010.001/swg.fits[1]
scw/1588/158800630010.001/swg.fits[1]
scw/1978/197800210010.001/swg.fits[1]
scw/1978/197800220010.001/swg.fits[1]
scw/1978/197800230010.001/swg.fits[1]
scw/1978/197800300010.001/swg.fits[1]
scw/1978/197800310010.001/swg.fits[1]
scw/1978/197800320010.001/swg.fits[1]
scw/1990/199000080010.001/swg.fits[1]
scw/1990/199000170010.001/swg.fits[1]
scw/1990/199000180010.001/swg.fits[1]
scw/1990/199000190010.001/swg.fits[1]
scw/2073/207300440010.001/swg.fits[1]
scw/2073/207300450010.001/swg.fits[1]
scw/2073/207300520010.001/swg.fits[1]
scw/2073/207300530010.001/swg.fits[1]
scw/2116/211600230010.001/swg.fits[1]
scw/2116/211600240010.001/swg.fits[1]
scw/2116/211600250010.001/swg.fits[1]
scw/2116/211600320010.001/swg.fits[1]
scw/2116/211600330010.001/swg.fits[1]
scw/2116/211600340010.001/swg.fits[1]
scw/2118/211800260010.001/swg.fits[1]
scw/2265/226500020010.001/swg.fits[1]
