scw/0153/015300060210.001/swg.fits[1]
scw/0153/015300060230.001/swg.fits[1]
scw/0153/015300060670.001/swg.fits[1]
scw/0153/015300060690.001/swg.fits[1]
scw/2190/219000620010.001/swg.fits[1]
scw/2190/219000630010.001/swg.fits[1]
scw/2190/219000640010.001/swg.fits[1]
scw/2190/219000650010.001/swg.fits[1]
scw/2190/219000660010.001/swg.fits[1]
scw/2191/219100050010.001/swg.fits[1]
scw/2191/219100360010.001/swg.fits[1]
scw/2191/219100440010.001/swg.fits[1]
scw/2191/219100450010.001/swg.fits[1]
scw/2197/219700020010.001/swg.fits[1]
scw/2197/219700100010.001/swg.fits[1]
scw/2197/219700110010.001/swg.fits[1]
scw/2197/219700120010.001/swg.fits[1]
scw/2197/219700130010.001/swg.fits[1]
scw/2197/219700140010.001/swg.fits[1]
scw/2197/219700210010.001/swg.fits[1]
scw/2319/231900680010.001/swg.fits[1]
scw/2319/231900690010.001/swg.fits[1]
scw/2319/231900770010.001/swg.fits[1]
scw/2319/231900780010.001/swg.fits[1]
scw/2319/231900790010.001/swg.fits[1]
scw/2319/231900800010.001/swg.fits[1]
scw/2320/232000400010.001/swg.fits[1]
scw/2320/232000410010.001/swg.fits[1]
scw/2320/232000420010.001/swg.fits[1]
scw/2332/233200230010.001/swg.fits[1]
scw/2332/233200240010.001/swg.fits[1]
