scw/0053/005300710010.001/swg.fits[1]
scw/0056/005600380010.001/swg.fits[1]
scw/0056/005600390010.001/swg.fits[1]
scw/0056/005600400010.001/swg.fits[1]
scw/0056/005600410010.001/swg.fits[1]
scw/0056/005600420010.001/swg.fits[1]
scw/0056/005600670010.001/swg.fits[1]
scw/0056/005600680010.001/swg.fits[1]
scw/0056/005600690010.001/swg.fits[1]
scw/0056/005600700010.001/swg.fits[1]
scw/0056/005600710010.001/swg.fits[1]
scw/0056/005600720010.001/swg.fits[1]
scw/0056/005600730010.001/swg.fits[1]
scw/0056/005600740010.001/swg.fits[1]
scw/0056/005600760010.001/swg.fits[1]
scw/0056/005601010010.001/swg.fits[1]
scw/0056/005601020010.001/swg.fits[1]
scw/0056/005601030010.001/swg.fits[1]
scw/0056/005601040010.001/swg.fits[1]
scw/0056/005601050010.001/swg.fits[1]
scw/0056/005601060010.001/swg.fits[1]
scw/0056/005601070010.001/swg.fits[1]
scw/0056/005601080010.001/swg.fits[1]
scw/0056/005601090010.001/swg.fits[1]
scw/0056/005601100010.001/swg.fits[1]
scw/0059/005900300010.001/swg.fits[1]
scw/0059/005900310010.001/swg.fits[1]
scw/0059/005900460010.001/swg.fits[1]
scw/0059/005900470010.001/swg.fits[1]
scw/0061/006100750010.001/swg.fits[1]
scw/0061/006100760010.001/swg.fits[1]
scw/0061/006100910010.001/swg.fits[1]
scw/0061/006100920010.001/swg.fits[1]
scw/0062/006200730010.001/swg.fits[1]
scw/0062/006200740010.001/swg.fits[1]
scw/0062/006200900010.001/swg.fits[1]
scw/0062/006200910010.001/swg.fits[1]
scw/0063/006300340010.001/swg.fits[1]
scw/0063/006300350010.001/swg.fits[1]
scw/0063/006300510010.001/swg.fits[1]
scw/0064/006400100010.001/swg.fits[1]
scw/0064/006400110010.001/swg.fits[1]
scw/0064/006400160010.001/swg.fits[1]
scw/0097/009700080010.001/swg.fits[1]
scw/0097/009700160010.001/swg.fits[1]
scw/0097/009700170010.001/swg.fits[1]
scw/0097/009700180010.001/swg.fits[1]
scw/0097/009700360010.001/swg.fits[1]
scw/0097/009700370010.001/swg.fits[1]
scw/0097/009700380010.001/swg.fits[1]
scw/0097/009700460010.001/swg.fits[1]
scw/0101/010100070010.001/swg.fits[1]
scw/0101/010100150010.001/swg.fits[1]
scw/0101/010100160010.001/swg.fits[1]
scw/0101/010100170010.001/swg.fits[1]
scw/0101/010100350010.001/swg.fits[1]
scw/0101/010100360010.001/swg.fits[1]
scw/0101/010100370010.001/swg.fits[1]
scw/0101/010100450010.001/swg.fits[1]
scw/0117/011700060010.001/swg.fits[1]
scw/0117/011700070010.001/swg.fits[1]
scw/0117/011700080010.001/swg.fits[1]
scw/0117/011700090010.001/swg.fits[1]
scw/0117/011700100010.001/swg.fits[1]
scw/0119/011900780010.001/swg.fits[1]
scw/0119/011900790010.001/swg.fits[1]
scw/0119/011900800010.001/swg.fits[1]
scw/0119/011900810010.001/swg.fits[1]
scw/0119/011900820010.001/swg.fits[1]
scw/0119/011900830010.001/swg.fits[1]
scw/0119/011900840010.001/swg.fits[1]
scw/0119/011900850010.001/swg.fits[1]
scw/0119/011900860010.001/swg.fits[1]
scw/0119/011900870010.001/swg.fits[1]
scw/0119/011901120010.001/swg.fits[1]
scw/0119/011901130010.001/swg.fits[1]
scw/0120/012000020010.001/swg.fits[1]
scw/0120/012000030010.001/swg.fits[1]
scw/0120/012000320010.001/swg.fits[1]
scw/0120/012000480010.001/swg.fits[1]
scw/0120/012000490010.001/swg.fits[1]
scw/0120/012000650010.001/swg.fits[1]
scw/0120/012000660010.001/swg.fits[1]
scw/0120/012000810010.001/swg.fits[1]
scw/0120/012000820010.001/swg.fits[1]
scw/0120/012000980010.001/swg.fits[1]
scw/0120/012000990010.001/swg.fits[1]
scw/0121/012100030010.001/swg.fits[1]
scw/0121/012100040010.001/swg.fits[1]
scw/0121/012100050010.001/swg.fits[1]
scw/0121/012100060010.001/swg.fits[1]
scw/0121/012100070010.001/swg.fits[1]
scw/0121/012100320010.001/swg.fits[1]
scw/0121/012100330010.001/swg.fits[1]
scw/0121/012100340010.001/swg.fits[1]
scw/0121/012100350010.001/swg.fits[1]
scw/0121/012100360010.001/swg.fits[1]
scw/0121/012100370010.001/swg.fits[1]
scw/0121/012100380010.001/swg.fits[1]
scw/0121/012100390010.001/swg.fits[1]
scw/0121/012100400010.001/swg.fits[1]
scw/0121/012100410010.001/swg.fits[1]
scw/0121/012100660010.001/swg.fits[1]
scw/0121/012100670010.001/swg.fits[1]
scw/0121/012100680010.001/swg.fits[1]
scw/0122/012200070010.001/swg.fits[1]
scw/0122/012200220010.001/swg.fits[1]
scw/0122/012200230010.001/swg.fits[1]
scw/0122/012200390010.001/swg.fits[1]
scw/0122/012200400010.001/swg.fits[1]
scw/0122/012200560010.001/swg.fits[1]
scw/0122/012200570010.001/swg.fits[1]
scw/0122/012200720010.001/swg.fits[1]
scw/0163/016300720010.001/swg.fits[1]
scw/0163/016300730010.001/swg.fits[1]
scw/0163/016300740010.001/swg.fits[1]
scw/0163/016300750010.001/swg.fits[1]
scw/0164/016400030010.001/swg.fits[1]
scw/0164/016400040010.001/swg.fits[1]
scw/0164/016400050010.001/swg.fits[1]
scw/0164/016400060010.001/swg.fits[1]
scw/0164/016400070010.001/swg.fits[1]
scw/0164/016400080010.001/swg.fits[1]
scw/0164/016400090010.001/swg.fits[1]
scw/0164/016400100010.001/swg.fits[1]
scw/0164/016400210010.001/swg.fits[1]
scw/0164/016400220010.001/swg.fits[1]
scw/0164/016400230010.001/swg.fits[1]
scw/0164/016400240010.001/swg.fits[1]
scw/0164/016400250010.001/swg.fits[1]
scw/0164/016400260010.001/swg.fits[1]
scw/0164/016400270010.001/swg.fits[1]
scw/0164/016400280010.001/swg.fits[1]
scw/0164/016400390010.001/swg.fits[1]
scw/0164/016400400010.001/swg.fits[1]
scw/0164/016400410010.001/swg.fits[1]
scw/0164/016400420010.001/swg.fits[1]
scw/0165/016500660010.001/swg.fits[1]
scw/0165/016500670010.001/swg.fits[1]
scw/0165/016500680010.001/swg.fits[1]
scw/0165/016500690010.001/swg.fits[1]
scw/0165/016500800010.001/swg.fits[1]
scw/0165/016500810010.001/swg.fits[1]
scw/0165/016500820010.001/swg.fits[1]
scw/0165/016500830010.001/swg.fits[1]
scw/0165/016500840010.001/swg.fits[1]
scw/0165/016500850010.001/swg.fits[1]
scw/0165/016500860010.001/swg.fits[1]
scw/0165/016500870010.001/swg.fits[1]
scw/0165/016500980010.001/swg.fits[1]
scw/0165/016500990010.001/swg.fits[1]
scw/0165/016501000010.001/swg.fits[1]
scw/0165/016501010010.001/swg.fits[1]
scw/0165/016501020010.001/swg.fits[1]
scw/0165/016501030010.001/swg.fits[1]
scw/0165/016501040010.001/swg.fits[1]
scw/0165/016501050010.001/swg.fits[1]
scw/0166/016600790010.001/swg.fits[1]
scw/0172/017200730010.001/swg.fits[1]
scw/0172/017201020010.001/swg.fits[1]
scw/0228/022800330010.001/swg.fits[1]
scw/0228/022800340010.001/swg.fits[1]
scw/0228/022800350010.001/swg.fits[1]
scw/0228/022800360010.001/swg.fits[1]
scw/0228/022800370010.001/swg.fits[1]
scw/0228/022800380010.001/swg.fits[1]
scw/0228/022800390010.001/swg.fits[1]
scw/0228/022800400010.001/swg.fits[1]
scw/0228/022800410010.001/swg.fits[1]
scw/0228/022800420010.001/swg.fits[1]
scw/0228/022800510010.001/swg.fits[1]
scw/0228/022800520010.001/swg.fits[1]
scw/0228/022800530010.001/swg.fits[1]
scw/0228/022800540010.001/swg.fits[1]
scw/0228/022800550010.001/swg.fits[1]
scw/0228/022800560010.001/swg.fits[1]
scw/0228/022800570010.001/swg.fits[1]
scw/0228/022800580010.001/swg.fits[1]
scw/0228/022800590010.001/swg.fits[1]
scw/0228/022800600010.001/swg.fits[1]
scw/0228/022800610010.001/swg.fits[1]
scw/0228/022800620010.001/swg.fits[1]
scw/0228/022800630010.001/swg.fits[1]
scw/0228/022800640010.001/swg.fits[1]
scw/0228/022800730010.001/swg.fits[1]
scw/0228/022800740010.001/swg.fits[1]
scw/0228/022800750010.001/swg.fits[1]
scw/0228/022800760010.001/swg.fits[1]
scw/0228/022800770010.001/swg.fits[1]
scw/0228/022800780010.001/swg.fits[1]
scw/0228/022800790010.001/swg.fits[1]
scw/0228/022800800010.001/swg.fits[1]
scw/0228/022800810010.001/swg.fits[1]
scw/0228/022800820010.001/swg.fits[1]
scw/0231/023100370010.001/swg.fits[1]
scw/0231/023100380010.001/swg.fits[1]
scw/0231/023100390010.001/swg.fits[1]
scw/0231/023100400010.001/swg.fits[1]
scw/0231/023100410010.001/swg.fits[1]
scw/0231/023100420010.001/swg.fits[1]
scw/0231/023100430010.001/swg.fits[1]
scw/0231/023100440010.001/swg.fits[1]
scw/0231/023100450010.001/swg.fits[1]
scw/0231/023100460010.001/swg.fits[1]
scw/0231/023100550010.001/swg.fits[1]
scw/0231/023100560010.001/swg.fits[1]
scw/0231/023100570010.001/swg.fits[1]
scw/0233/023300860010.001/swg.fits[1]
scw/0233/023300870010.001/swg.fits[1]
scw/0233/023300880010.001/swg.fits[1]
scw/0233/023300970010.001/swg.fits[1]
scw/0233/023300980010.001/swg.fits[1]
scw/0233/023300990010.001/swg.fits[1]
scw/0233/023301000010.001/swg.fits[1]
scw/0233/023301010010.001/swg.fits[1]
scw/0233/023301020010.001/swg.fits[1]
scw/0233/023301030010.001/swg.fits[1]
scw/0233/023301040010.001/swg.fits[1]
scw/0233/023301050010.001/swg.fits[1]
scw/0233/023301060010.001/swg.fits[1]
scw/0241/024100250010.001/swg.fits[1]
scw/0241/024100260010.001/swg.fits[1]
scw/0242/024200240010.001/swg.fits[1]
scw/0242/024200250010.001/swg.fits[1]
scw/0294/029400140010.001/swg.fits[1]
scw/0294/029400150010.001/swg.fits[1]
scw/0294/029400160010.001/swg.fits[1]
scw/0294/029400170010.001/swg.fits[1]
scw/0294/029400180010.001/swg.fits[1]
scw/0294/029400190010.001/swg.fits[1]
scw/0294/029400200010.001/swg.fits[1]
scw/0294/029400210010.001/swg.fits[1]
scw/0294/029400600010.001/swg.fits[1]
scw/0294/029400610010.001/swg.fits[1]
scw/0294/029400620010.001/swg.fits[1]
scw/0294/029400630010.001/swg.fits[1]
scw/0294/029400640010.001/swg.fits[1]
scw/0294/029400650010.001/swg.fits[1]
scw/0294/029400660010.001/swg.fits[1]
scw/0294/029400670010.001/swg.fits[1]
scw/0357/035700060010.001/swg.fits[1]
scw/0357/035700070010.001/swg.fits[1]
scw/0357/035700080010.001/swg.fits[1]
scw/0357/035700090010.001/swg.fits[1]
scw/0357/035700100010.001/swg.fits[1]
scw/0357/035700110010.001/swg.fits[1]
scw/0357/035700120010.001/swg.fits[1]
scw/0357/035700130010.001/swg.fits[1]
scw/0357/035700520010.001/swg.fits[1]
scw/0357/035700530010.001/swg.fits[1]
scw/0357/035700540010.001/swg.fits[1]
scw/0357/035700550010.001/swg.fits[1]
scw/0357/035700560010.001/swg.fits[1]
scw/0357/035700570010.001/swg.fits[1]
scw/0357/035700580010.001/swg.fits[1]
scw/0357/035700590010.001/swg.fits[1]
scw/0359/035900060010.001/swg.fits[1]
scw/0359/035900070010.001/swg.fits[1]
scw/0359/035900080010.001/swg.fits[1]
scw/0359/035900090010.001/swg.fits[1]
scw/0359/035900100010.001/swg.fits[1]
scw/0359/035900110010.001/swg.fits[1]
scw/0359/035900120010.001/swg.fits[1]
scw/0359/035900130010.001/swg.fits[1]
scw/0359/035900520010.001/swg.fits[1]
scw/0359/035900530010.001/swg.fits[1]
scw/0359/035900540010.001/swg.fits[1]
scw/0359/035900550010.001/swg.fits[1]
scw/0359/035900560010.001/swg.fits[1]
scw/0359/035900570010.001/swg.fits[1]
scw/0359/035900580010.001/swg.fits[1]
scw/0359/035900590010.001/swg.fits[1]
scw/0363/036300260010.001/swg.fits[1]
scw/0410/041000120010.001/swg.fits[1]
scw/0410/041000130010.001/swg.fits[1]
scw/0410/041000550010.001/swg.fits[1]
scw/0410/041000560010.001/swg.fits[1]
scw/0410/041000570010.001/swg.fits[1]
scw/0410/041000630010.001/swg.fits[1]
scw/0416/041600130010.001/swg.fits[1]
scw/0416/041600140010.001/swg.fits[1]
scw/0416/041600150010.001/swg.fits[1]
scw/0416/041600160010.001/swg.fits[1]
scw/0416/041600170010.001/swg.fits[1]
scw/0416/041600180010.001/swg.fits[1]
scw/0416/041600190010.001/swg.fits[1]
scw/0416/041600200010.001/swg.fits[1]
scw/0416/041600590010.001/swg.fits[1]
scw/0416/041600600010.001/swg.fits[1]
scw/0416/041600610010.001/swg.fits[1]
scw/0416/041600620010.001/swg.fits[1]
scw/0416/041600630010.001/swg.fits[1]
scw/0416/041600640010.001/swg.fits[1]
scw/0416/041600650010.001/swg.fits[1]
scw/0416/041600660010.001/swg.fits[1]
scw/0416/041600750010.001/swg.fits[1]
scw/0416/041600760010.001/swg.fits[1]
scw/0416/041600770010.001/swg.fits[1]
scw/0416/041600780010.001/swg.fits[1]
scw/0416/041600790010.001/swg.fits[1]
scw/0416/041600800010.001/swg.fits[1]
scw/0416/041600810010.001/swg.fits[1]
scw/0416/041600820010.001/swg.fits[1]
scw/0418/041800330010.001/swg.fits[1]
scw/0418/041800340010.001/swg.fits[1]
scw/0418/041800390010.001/swg.fits[1]
scw/0418/041800400010.001/swg.fits[1]
scw/0418/041800410010.001/swg.fits[1]
scw/0419/041900250010.001/swg.fits[1]
scw/0419/041900270010.001/swg.fits[1]
scw/0419/041900280010.001/swg.fits[1]
scw/0419/041900290010.001/swg.fits[1]
scw/0419/041900340010.001/swg.fits[1]
scw/0419/041900350010.001/swg.fits[1]
scw/0420/042000640010.001/swg.fits[1]
scw/0420/042000660010.001/swg.fits[1]
scw/0420/042000670010.001/swg.fits[1]
scw/0420/042000680010.001/swg.fits[1]
scw/0420/042000730010.001/swg.fits[1]
scw/0463/046300560010.001/swg.fits[1]
scw/0463/046300570010.001/swg.fits[1]
scw/0463/046300580010.001/swg.fits[1]
scw/0463/046300620010.001/swg.fits[1]
scw/0463/046300630010.001/swg.fits[1]
scw/0465/046500170010.001/swg.fits[1]
scw/0465/046500200010.001/swg.fits[1]
scw/0465/046500210010.001/swg.fits[1]
scw/0465/046500220010.001/swg.fits[1]
scw/0465/046500250010.001/swg.fits[1]
scw/0465/046500260010.001/swg.fits[1]
scw/0465/046500270010.001/swg.fits[1]
scw/0465/046500310010.001/swg.fits[1]
scw/0466/046600590010.001/swg.fits[1]
scw/0466/046600590020.001/swg.fits[1]
scw/0466/046600590030.001/swg.fits[1]
scw/0466/046600600010.001/swg.fits[1]
scw/0467/046700190010.001/swg.fits[1]
scw/0467/046700200010.001/swg.fits[1]
scw/0467/046700250010.001/swg.fits[1]
scw/0467/046700260010.001/swg.fits[1]
scw/0469/046900120010.001/swg.fits[1]
scw/0469/046900130010.001/swg.fits[1]
scw/0469/046900140010.001/swg.fits[1]
scw/0469/046900590010.001/swg.fits[1]
scw/0469/046900620010.001/swg.fits[1]
scw/0469/046900630010.001/swg.fits[1]
scw/0471/047100110010.001/swg.fits[1]
scw/0471/047100120010.001/swg.fits[1]
scw/0471/047100560010.001/swg.fits[1]
scw/0471/047100610010.001/swg.fits[1]
scw/0471/047100620010.001/swg.fits[1]
scw/0472/047200020010.001/swg.fits[1]
scw/0534/053400190010.001/swg.fits[1]
scw/0534/053400190020.001/swg.fits[1]
scw/0534/053400190030.001/swg.fits[1]
scw/0534/053400200010.001/swg.fits[1]
scw/0889/088900410010.001/swg.fits[1]
scw/0889/088900420010.001/swg.fits[1]
scw/0890/089000020010.001/swg.fits[1]
scw/0890/089000030010.001/swg.fits[1]
scw/0890/089000720010.001/swg.fits[1]
scw/0890/089000730010.001/swg.fits[1]
scw/0890/089000750010.001/swg.fits[1]
scw/0890/089000760010.001/swg.fits[1]
scw/0890/089000810010.001/swg.fits[1]
scw/0892/089200210010.001/swg.fits[1]
scw/0892/089200250010.001/swg.fits[1]
scw/0892/089200260010.001/swg.fits[1]
scw/0892/089200270010.001/swg.fits[1]
scw/0892/089200300010.001/swg.fits[1]
scw/0892/089200310010.001/swg.fits[1]
scw/0893/089300150010.001/swg.fits[1]
scw/0893/089300160010.001/swg.fits[1]
scw/0893/089300190010.001/swg.fits[1]
scw/0893/089300200010.001/swg.fits[1]
scw/0893/089300210010.001/swg.fits[1]
scw/0893/089300220010.001/swg.fits[1]
scw/0893/089300260010.001/swg.fits[1]
scw/0893/089300270010.001/swg.fits[1]
scw/0893/089300610010.001/swg.fits[1]
scw/0894/089400040010.001/swg.fits[1]
scw/0894/089400050010.001/swg.fits[1]
scw/0894/089400060010.001/swg.fits[1]
scw/0894/089400090010.001/swg.fits[1]
scw/0894/089400100010.001/swg.fits[1]
scw/0894/089400540010.001/swg.fits[1]
scw/0894/089400580010.001/swg.fits[1]
scw/0894/089400590010.001/swg.fits[1]
scw/0894/089400600010.001/swg.fits[1]
scw/0917/091700410010.001/swg.fits[1]
scw/0917/091700500010.001/swg.fits[1]
scw/0918/091800200010.001/swg.fits[1]
scw/0918/091800280010.001/swg.fits[1]
scw/0918/091800290010.001/swg.fits[1]
scw/0918/091800300010.001/swg.fits[1]
scw/0952/095200730010.001/swg.fits[1]
scw/0952/095200740010.001/swg.fits[1]
scw/0952/095200840010.001/swg.fits[1]
scw/0952/095200880010.001/swg.fits[1]
scw/0953/095300020010.001/swg.fits[1]
scw/0953/095300030010.001/swg.fits[1]
scw/0953/095300060010.001/swg.fits[1]
scw/0953/095300070010.001/swg.fits[1]
scw/0953/095300120010.001/swg.fits[1]
scw/0953/095300510010.001/swg.fits[1]
scw/0953/095300520010.001/swg.fits[1]
scw/0953/095300530010.001/swg.fits[1]
scw/0953/095300550010.001/swg.fits[1]
scw/0953/095300560010.001/swg.fits[1]
scw/0953/095300570010.001/swg.fits[1]
scw/0953/095300580010.001/swg.fits[1]
scw/0954/095400020010.001/swg.fits[1]
scw/0954/095400030010.001/swg.fits[1]
scw/0954/095400420010.001/swg.fits[1]
scw/0954/095400430010.001/swg.fits[1]
scw/0954/095400460010.001/swg.fits[1]
scw/0954/095400470010.001/swg.fits[1]
scw/0954/095400480010.001/swg.fits[1]
scw/0954/095400520010.001/swg.fits[1]
scw/0955/095500320010.001/swg.fits[1]
scw/0955/095500360010.001/swg.fits[1]
scw/0955/095500370010.001/swg.fits[1]
scw/0955/095500380010.001/swg.fits[1]
scw/0955/095500420010.001/swg.fits[1]
scw/0955/095500430010.001/swg.fits[1]
scw/0958/095800340010.001/swg.fits[1]
scw/0958/095800350010.001/swg.fits[1]
scw/0958/095800360010.001/swg.fits[1]
scw/0971/097100700010.001/swg.fits[1]
scw/0971/097100710010.001/swg.fits[1]
scw/0971/097100720010.001/swg.fits[1]
scw/0971/097100740010.001/swg.fits[1]
scw/0971/097100750010.001/swg.fits[1]
scw/0971/097100760010.001/swg.fits[1]
scw/0971/097100770010.001/swg.fits[1]
scw/0971/097100780010.001/swg.fits[1]
scw/0971/097100790010.001/swg.fits[1]
scw/0971/097100800010.001/swg.fits[1]
scw/0971/097100810010.001/swg.fits[1]
scw/0971/097100820010.001/swg.fits[1]
scw/0971/097100830010.001/swg.fits[1]
scw/0971/097100840010.001/swg.fits[1]
scw/0971/097100850010.001/swg.fits[1]
scw/0971/097100860010.001/swg.fits[1]
scw/0971/097100870010.001/swg.fits[1]
scw/0971/097100880010.001/swg.fits[1]
scw/0971/097100890010.001/swg.fits[1]
scw/0971/097100900010.001/swg.fits[1]
scw/0971/097100910010.001/swg.fits[1]
scw/0971/097100920010.001/swg.fits[1]
scw/0971/097100930010.001/swg.fits[1]
scw/0971/097100940010.001/swg.fits[1]
scw/0971/097100950010.001/swg.fits[1]
scw/0971/097100960010.001/swg.fits[1]
scw/0972/097200020010.001/swg.fits[1]
scw/0972/097200040010.001/swg.fits[1]
scw/0972/097200050010.001/swg.fits[1]
scw/0972/097200060010.001/swg.fits[1]
scw/0972/097200070010.001/swg.fits[1]
scw/0972/097200080010.001/swg.fits[1]
scw/0972/097200090010.001/swg.fits[1]
scw/0972/097200100010.001/swg.fits[1]
scw/0972/097200110010.001/swg.fits[1]
scw/0972/097200120010.001/swg.fits[1]
scw/0972/097200130010.001/swg.fits[1]
scw/0972/097200140010.001/swg.fits[1]
scw/0972/097200150010.001/swg.fits[1]
scw/0972/097200160010.001/swg.fits[1]
scw/0972/097200170010.001/swg.fits[1]
scw/0972/097200190010.001/swg.fits[1]
scw/0972/097200200010.001/swg.fits[1]
scw/0972/097200210010.001/swg.fits[1]
scw/0972/097200540010.001/swg.fits[1]
scw/0972/097200550010.001/swg.fits[1]
scw/0972/097200560010.001/swg.fits[1]
scw/0972/097200580010.001/swg.fits[1]
scw/0972/097200590010.001/swg.fits[1]
scw/0972/097200600010.001/swg.fits[1]
scw/0972/097200610010.001/swg.fits[1]
scw/0972/097200620010.001/swg.fits[1]
scw/0972/097200630010.001/swg.fits[1]
scw/0972/097200640010.001/swg.fits[1]
scw/0972/097200650010.001/swg.fits[1]
scw/0972/097200660010.001/swg.fits[1]
scw/0972/097200670010.001/swg.fits[1]
scw/0972/097200680010.001/swg.fits[1]
scw/0972/097200690010.001/swg.fits[1]
scw/0972/097200700010.001/swg.fits[1]
scw/0972/097200710010.001/swg.fits[1]
scw/0972/097200720010.001/swg.fits[1]
scw/0972/097200730010.001/swg.fits[1]
scw/0972/097200740010.001/swg.fits[1]
scw/0972/097200750010.001/swg.fits[1]
scw/0972/097200760010.001/swg.fits[1]
scw/0972/097200770010.001/swg.fits[1]
scw/0972/097200780010.001/swg.fits[1]
scw/0972/097200790010.001/swg.fits[1]
scw/0972/097200800010.001/swg.fits[1]
scw/0972/097200810010.001/swg.fits[1]
scw/0972/097200820010.001/swg.fits[1]
scw/0972/097200830010.001/swg.fits[1]
scw/0972/097200840010.001/swg.fits[1]
scw/0972/097200850010.001/swg.fits[1]
scw/0972/097200860010.001/swg.fits[1]
scw/0972/097200870010.001/swg.fits[1]
scw/0972/097200880010.001/swg.fits[1]
scw/0972/097200890010.001/swg.fits[1]
scw/0972/097200900010.001/swg.fits[1]
scw/0972/097200910010.001/swg.fits[1]
scw/0972/097200920010.001/swg.fits[1]
scw/0973/097300020010.001/swg.fits[1]
scw/0973/097300030010.001/swg.fits[1]
scw/0973/097300040010.001/swg.fits[1]
scw/0973/097300050010.001/swg.fits[1]
scw/0973/097300070010.001/swg.fits[1]
scw/0973/097300080010.001/swg.fits[1]
scw/0973/097300090010.001/swg.fits[1]
scw/0977/097700050010.001/swg.fits[1]
scw/0977/097700060010.001/swg.fits[1]
scw/0977/097700070010.001/swg.fits[1]
scw/0977/097700090010.001/swg.fits[1]
scw/0977/097700100010.001/swg.fits[1]
scw/0977/097700110010.001/swg.fits[1]
scw/0977/097700120010.001/swg.fits[1]
scw/0977/097700130010.001/swg.fits[1]
scw/0977/097700140010.001/swg.fits[1]
scw/0977/097700150010.001/swg.fits[1]
scw/0977/097700160010.001/swg.fits[1]
scw/0977/097700170010.001/swg.fits[1]
scw/0977/097700180010.001/swg.fits[1]
scw/0977/097700190010.001/swg.fits[1]
scw/0977/097700200010.001/swg.fits[1]
scw/0977/097700210010.001/swg.fits[1]
scw/0977/097700220010.001/swg.fits[1]
scw/0977/097700230010.001/swg.fits[1]
scw/0977/097700240010.001/swg.fits[1]
scw/0977/097700250010.001/swg.fits[1]
scw/0977/097700260010.001/swg.fits[1]
scw/0977/097700270010.001/swg.fits[1]
scw/0977/097700280010.001/swg.fits[1]
scw/0977/097700300010.001/swg.fits[1]
scw/0977/097700310010.001/swg.fits[1]
scw/0977/097700320010.001/swg.fits[1]
scw/0977/097700330010.001/swg.fits[1]
scw/0977/097700340010.001/swg.fits[1]
scw/0977/097700350010.001/swg.fits[1]
scw/0977/097700360010.001/swg.fits[1]
scw/0977/097700370010.001/swg.fits[1]
scw/0977/097700380010.001/swg.fits[1]
scw/0977/097700390010.001/swg.fits[1]
scw/0977/097700400010.001/swg.fits[1]
scw/0977/097700410010.001/swg.fits[1]
scw/0977/097700420010.001/swg.fits[1]
scw/0977/097700430010.001/swg.fits[1]
scw/0977/097700440010.001/swg.fits[1]
scw/0977/097700450010.001/swg.fits[1]
scw/0977/097700460010.001/swg.fits[1]
scw/0977/097700470010.001/swg.fits[1]
scw/0977/097700480010.001/swg.fits[1]
scw/0977/097700490010.001/swg.fits[1]
scw/1012/101200020010.001/swg.fits[1]
scw/1012/101200030010.001/swg.fits[1]
scw/1012/101200420010.001/swg.fits[1]
scw/1012/101200430010.001/swg.fits[1]
scw/1013/101300740010.001/swg.fits[1]
scw/1013/101300750010.001/swg.fits[1]
scw/1074/107400360010.001/swg.fits[1]
scw/1074/107400370010.001/swg.fits[1]
scw/1074/107400380010.001/swg.fits[1]
scw/1074/107400390010.001/swg.fits[1]
scw/1136/113600150010.001/swg.fits[1]
scw/1136/113600160010.001/swg.fits[1]
scw/1196/119600040010.001/swg.fits[1]
scw/1196/119600050010.001/swg.fits[1]
scw/1196/119600700010.001/swg.fits[1]
scw/1196/119600710010.001/swg.fits[1]
scw/1213/121300080010.001/swg.fits[1]
scw/1213/121300490010.001/swg.fits[1]
scw/1213/121300580010.001/swg.fits[1]
scw/1214/121400340010.001/swg.fits[1]
scw/1215/121500510010.001/swg.fits[1]
scw/1215/121500600010.001/swg.fits[1]
scw/1256/125600360010.001/swg.fits[1]
scw/1256/125600370010.001/swg.fits[1]
scw/1256/125600470010.001/swg.fits[1]
scw/1256/125600480010.001/swg.fits[1]
scw/1257/125700460010.001/swg.fits[1]
scw/1257/125700470010.001/swg.fits[1]
scw/1263/126300700010.001/swg.fits[1]
scw/1264/126400630010.001/swg.fits[1]
scw/1585/158500540010.001/swg.fits[1]
scw/1585/158500600010.001/swg.fits[1]
scw/1585/158500670010.001/swg.fits[1]
scw/1587/158700660010.001/swg.fits[1]
scw/1597/159700300010.001/swg.fits[1]
scw/1654/165400660010.001/swg.fits[1]
scw/1654/165400730010.001/swg.fits[1]
scw/1655/165500620010.001/swg.fits[1]
scw/1656/165600270010.001/swg.fits[1]
scw/1656/165600330010.001/swg.fits[1]
scw/1656/165600400010.001/swg.fits[1]
scw/1706/170600590010.001/swg.fits[1]
scw/1708/170800780010.001/swg.fits[1]
scw/1709/170900090010.001/swg.fits[1]
scw/1780/178000590010.001/swg.fits[1]
scw/1780/178000600010.001/swg.fits[1]
scw/1780/178000610010.001/swg.fits[1]
scw/1780/178000680010.001/swg.fits[1]
scw/1780/178000690010.001/swg.fits[1]
scw/1780/178000700010.001/swg.fits[1]
scw/1985/198500210010.001/swg.fits[1]
scw/1985/198500260010.001/swg.fits[1]
scw/1985/198500270010.001/swg.fits[1]
scw/1985/198500310010.001/swg.fits[1]
scw/1985/198500320010.001/swg.fits[1]
scw/1985/198500710010.001/swg.fits[1]
scw/1985/198500760010.001/swg.fits[1]
scw/1985/198500770010.001/swg.fits[1]
scw/1985/198500810010.001/swg.fits[1]
scw/1985/198500820010.001/swg.fits[1]
scw/2057/205700290010.001/swg.fits[1]
scw/2057/205700300010.001/swg.fits[1]
scw/2059/205900050010.001/swg.fits[1]
scw/2059/205900060010.001/swg.fits[1]
scw/2059/205900070010.001/swg.fits[1]
scw/2059/205900110010.001/swg.fits[1]
scw/2059/205900500010.001/swg.fits[1]
scw/2059/205900510010.001/swg.fits[1]
scw/2059/205900520010.001/swg.fits[1]
scw/2059/205900560010.001/swg.fits[1]
scw/2059/205900570010.001/swg.fits[1]
scw/2060/206000380010.001/swg.fits[1]
scw/2060/206000400010.001/swg.fits[1]
scw/2060/206000410010.001/swg.fits[1]
scw/2060/206000420010.001/swg.fits[1]
scw/2060/206000430010.001/swg.fits[1]
scw/2060/206000470010.001/swg.fits[1]
scw/2060/206000480010.001/swg.fits[1]
scw/2078/207800220010.001/swg.fits[1]
scw/2079/207900310010.001/swg.fits[1]
scw/2079/207900320010.001/swg.fits[1]
scw/2079/207900330010.001/swg.fits[1]
scw/2080/208000290010.001/swg.fits[1]
scw/2080/208000300010.001/swg.fits[1]
scw/2080/208000310010.001/swg.fits[1]
scw/2144/214400610010.001/swg.fits[1]
scw/2151/215100050010.001/swg.fits[1]
scw/2151/215100060010.001/swg.fits[1]
scw/2151/215100070010.001/swg.fits[1]
scw/2204/220400280010.001/swg.fits[1]
scw/2204/220400290010.001/swg.fits[1]
scw/2218/221800960010.001/swg.fits[1]
scw/2257/225700630010.001/swg.fits[1]
scw/2257/225700640010.001/swg.fits[1]
scw/2258/225800230010.001/swg.fits[1]
scw/2258/225800240010.001/swg.fits[1]
scw/2258/225800250010.001/swg.fits[1]
scw/2259/225900230010.001/swg.fits[1]
scw/2259/225900240010.001/swg.fits[1]
scw/2259/225900250010.001/swg.fits[1]
scw/2260/226000230010.001/swg.fits[1]
scw/2260/226000240010.001/swg.fits[1]
scw/2261/226100210010.001/swg.fits[1]
scw/2265/226500480010.001/swg.fits[1]
scw/2265/226500490010.001/swg.fits[1]
scw/2265/226500500010.001/swg.fits[1]
scw/2277/227700440010.001/swg.fits[1]
scw/2277/227700450010.001/swg.fits[1]
scw/2277/227700460010.001/swg.fits[1]
scw/2277/227700470010.001/swg.fits[1]
scw/2328/232800050010.001/swg.fits[1]
scw/2328/232800060010.001/swg.fits[1]
scw/2328/232800070010.001/swg.fits[1]
scw/2328/232800080010.001/swg.fits[1]
scw/2328/232800090010.001/swg.fits[1]
scw/2328/232800100010.001/swg.fits[1]
scw/2328/232800110010.001/swg.fits[1]
scw/2328/232800120010.001/swg.fits[1]
scw/2328/232800140010.001/swg.fits[1]
scw/2328/232800150010.001/swg.fits[1]
scw/2328/232800160010.001/swg.fits[1]
scw/2328/232800170010.001/swg.fits[1]
scw/2328/232800180010.001/swg.fits[1]
scw/2328/232800190010.001/swg.fits[1]
scw/2328/232800200010.001/swg.fits[1]
scw/2328/232800210010.001/swg.fits[1]
scw/2328/232800220010.001/swg.fits[1]
scw/2328/232800230010.001/swg.fits[1]
scw/2328/232800240010.001/swg.fits[1]
scw/2328/232800250010.001/swg.fits[1]
scw/2328/232800260010.001/swg.fits[1]
scw/2328/232800270010.001/swg.fits[1]
scw/2328/232800280010.001/swg.fits[1]
scw/2328/232800290010.001/swg.fits[1]
scw/2328/232800300010.001/swg.fits[1]
scw/2328/232800310010.001/swg.fits[1]
scw/2328/232800320010.001/swg.fits[1]
scw/2328/232800350010.001/swg.fits[1]
scw/2328/232800360010.001/swg.fits[1]
scw/2328/232800370010.001/swg.fits[1]
scw/2328/232800380010.001/swg.fits[1]
scw/2328/232800390010.001/swg.fits[1]
scw/2328/232800400010.001/swg.fits[1]
scw/2328/232800410010.001/swg.fits[1]
scw/2328/232800470010.001/swg.fits[1]
scw/2328/232800480010.001/swg.fits[1]
scw/2328/232800490010.001/swg.fits[1]
scw/2329/232900550010.001/swg.fits[1]
scw/2329/232900640010.001/swg.fits[1]
scw/2330/233000570010.001/swg.fits[1]
scw/2330/233000580010.001/swg.fits[1]
scw/2330/233000590010.001/swg.fits[1]
scw/2330/233000650010.001/swg.fits[1]
scw/2330/233000660010.001/swg.fits[1]
scw/2330/233000670010.001/swg.fits[1]
scw/2336/233600160010.001/swg.fits[1]
scw/2336/233600170010.001/swg.fits[1]
scw/2336/233600230010.001/swg.fits[1]
scw/2336/233600240010.001/swg.fits[1]
scw/2336/233600260010.001/swg.fits[1]
scw/2336/233600270010.001/swg.fits[1]
scw/2336/233600280010.001/swg.fits[1]
scw/2336/233600290010.001/swg.fits[1]
scw/2349/234900510010.001/swg.fits[1]
scw/2349/234900590010.001/swg.fits[1]
scw/2349/234900600010.001/swg.fits[1]
scw/2349/234900620010.001/swg.fits[1]
scw/2349/234900630010.001/swg.fits[1]
scw/2349/234900690010.001/swg.fits[1]
scw/2349/234900700010.001/swg.fits[1]
scw/2349/234900710010.001/swg.fits[1]
scw/2349/234900720010.001/swg.fits[1]
scw/2349/234900730010.001/swg.fits[1]
scw/2351/235100020010.001/swg.fits[1]
scw/2397/239700330010.001/swg.fits[1]
scw/2397/239700340010.001/swg.fits[1]
scw/2397/239700350010.001/swg.fits[1]
scw/2397/239700360010.001/swg.fits[1]
scw/2397/239700380010.001/swg.fits[1]
scw/2397/239700390010.001/swg.fits[1]
scw/2397/239700400010.001/swg.fits[1]
scw/2397/239700410010.001/swg.fits[1]
scw/2397/239700420010.001/swg.fits[1]
scw/2397/239700430010.001/swg.fits[1]
scw/2397/239700440010.001/swg.fits[1]
scw/2397/239700450010.001/swg.fits[1]
scw/2397/239700460010.001/swg.fits[1]
scw/2397/239700470010.001/swg.fits[1]
scw/2397/239700480010.001/swg.fits[1]
scw/2397/239700490010.001/swg.fits[1]
scw/2397/239700500010.001/swg.fits[1]
scw/2397/239700510010.001/swg.fits[1]
scw/2397/239700520010.001/swg.fits[1]
scw/2397/239700530010.001/swg.fits[1]
scw/2397/239700540010.001/swg.fits[1]
scw/2397/239700550010.001/swg.fits[1]
scw/2397/239700560010.001/swg.fits[1]
scw/2397/239700570010.001/swg.fits[1]
scw/2397/239700580010.001/swg.fits[1]
scw/2397/239700590010.001/swg.fits[1]
scw/2397/239700600010.001/swg.fits[1]
scw/2397/239700610010.001/swg.fits[1]
scw/2397/239700620010.001/swg.fits[1]
scw/2397/239700630010.001/swg.fits[1]
scw/2397/239700680010.001/swg.fits[1]
scw/2397/239700690010.001/swg.fits[1]
scw/2397/239700730010.001/swg.fits[1]
scw/2397/239700740010.001/swg.fits[1]
scw/2397/239700750010.001/swg.fits[1]
scw/2397/239700770010.001/swg.fits[1]
scw/2397/239700780010.001/swg.fits[1]
scw/2397/239700790010.001/swg.fits[1]
scw/2397/239700800010.001/swg.fits[1]
scw/2398/239800450010.001/swg.fits[1]
scw/2398/239800460010.001/swg.fits[1]
scw/2398/239800520010.001/swg.fits[1]
scw/2398/239800530010.001/swg.fits[1]
scw/2398/239800540010.001/swg.fits[1]
scw/2398/239800550010.001/swg.fits[1]
scw/2398/239800560010.001/swg.fits[1]
scw/2398/239800570010.001/swg.fits[1]
scw/2398/239800580010.001/swg.fits[1]
scw/2398/239800610010.001/swg.fits[1]
scw/2398/239800620010.001/swg.fits[1]
scw/2398/239800630010.001/swg.fits[1]
scw/2398/239800640010.001/swg.fits[1]
scw/2399/239900420010.001/swg.fits[1]
scw/2399/239900430010.001/swg.fits[1]
scw/2399/239900440010.001/swg.fits[1]
scw/2399/239900450010.001/swg.fits[1]
scw/2399/239900460010.001/swg.fits[1]
scw/2399/239900470010.001/swg.fits[1]
scw/2399/239900480010.001/swg.fits[1]
scw/2399/239900490010.001/swg.fits[1]
scw/2399/239900500010.001/swg.fits[1]
scw/2399/239900510010.001/swg.fits[1]
scw/2399/239900530010.001/swg.fits[1]
scw/2399/239900540010.001/swg.fits[1]
scw/2399/239900550010.001/swg.fits[1]
scw/2399/239900580010.001/swg.fits[1]
scw/2399/239900590010.001/swg.fits[1]
scw/2400/240000470010.001/swg.fits[1]
scw/2400/240000480010.001/swg.fits[1]
scw/2400/240000490010.001/swg.fits[1]
scw/2400/240000540010.001/swg.fits[1]
scw/2400/240000550010.001/swg.fits[1]
scw/2400/240000560010.001/swg.fits[1]
scw/2400/240000580010.001/swg.fits[1]
scw/2402/240200020010.001/swg.fits[1]
scw/2402/240200030010.001/swg.fits[1]
scw/2402/240200040010.001/swg.fits[1]
scw/2402/240200090010.001/swg.fits[1]
scw/2402/240200100010.001/swg.fits[1]
scw/2402/240200110010.001/swg.fits[1]
scw/2402/240200130010.001/swg.fits[1]
scw/2410/241000260010.001/swg.fits[1]
scw/2421/242100040010.001/swg.fits[1]
scw/2466/246600470010.001/swg.fits[1]
scw/2466/246600480010.001/swg.fits[1]
scw/2466/246600490010.001/swg.fits[1]
scw/2466/246600500010.001/swg.fits[1]
scw/2466/246600510010.001/swg.fits[1]
scw/2466/246600520010.001/swg.fits[1]
scw/2466/246600530010.001/swg.fits[1]
scw/2466/246600540010.001/swg.fits[1]
scw/2466/246600560010.001/swg.fits[1]
scw/2466/246600570010.001/swg.fits[1]
scw/2466/246600580010.001/swg.fits[1]
scw/2466/246600590010.001/swg.fits[1]
scw/2466/246600600010.001/swg.fits[1]
scw/2466/246600610010.001/swg.fits[1]
scw/2466/246600620010.001/swg.fits[1]
scw/2466/246600630010.001/swg.fits[1]
scw/2466/246600650010.001/swg.fits[1]
scw/2466/246600660010.001/swg.fits[1]
scw/2466/246600670010.001/swg.fits[1]
scw/2466/246600680010.001/swg.fits[1]
scw/2466/246600690010.001/swg.fits[1]
scw/2467/246700560010.001/swg.fits[1]
scw/2467/246700570010.001/swg.fits[1]
scw/2467/246700630010.001/swg.fits[1]
scw/2467/246700640010.001/swg.fits[1]
scw/2467/246700650010.001/swg.fits[1]
scw/2467/246700660010.001/swg.fits[1]
scw/2467/246700670010.001/swg.fits[1]
scw/2467/246700680010.001/swg.fits[1]
scw/2467/246700740010.001/swg.fits[1]
scw/2467/246700750010.001/swg.fits[1]
scw/2467/246700760010.001/swg.fits[1]
scw/2487/248700120010.001/swg.fits[1]
scw/2487/248700130010.001/swg.fits[1]
scw/2487/248700140010.001/swg.fits[1]
scw/2487/248700150010.001/swg.fits[1]
scw/2487/248700160010.001/swg.fits[1]
scw/2487/248700170010.001/swg.fits[1]
scw/2487/248700180010.001/swg.fits[1]
scw/2487/248700240010.001/swg.fits[1]
scw/2487/248700250010.001/swg.fits[1]
scw/2488/248800730010.001/swg.fits[1]
scw/2488/248800810010.001/swg.fits[1]
scw/2488/248800820010.001/swg.fits[1]
scw/2492/249200510010.001/swg.fits[1]
scw/2492/249200520010.001/swg.fits[1]
scw/2492/249200580010.001/swg.fits[1]
scw/2492/249200590010.001/swg.fits[1]
scw/2492/249200600010.001/swg.fits[1]
