scw/0667/066700170010.001/swg.fits[1]
scw/0732/073200690010.001/swg.fits[1]
scw/0732/073200700010.001/swg.fits[1]
scw/0732/073200720010.001/swg.fits[1]
scw/0732/073200730010.001/swg.fits[1]
scw/0732/073200740010.001/swg.fits[1]
scw/0732/073200750010.001/swg.fits[1]
scw/0732/073200760010.001/swg.fits[1]
scw/0733/073300230010.001/swg.fits[1]
scw/0733/073300240010.001/swg.fits[1]
scw/0733/073300250010.001/swg.fits[1]
scw/0733/073300260010.001/swg.fits[1]
scw/0733/073300270010.001/swg.fits[1]
scw/0733/073300280010.001/swg.fits[1]
scw/0733/073300290010.001/swg.fits[1]
scw/0733/073300300010.001/swg.fits[1]
scw/0733/073300760010.001/swg.fits[1]
scw/0733/073300770010.001/swg.fits[1]
scw/0733/073300780010.001/swg.fits[1]
scw/1038/103800060010.001/swg.fits[1]
scw/1038/103800070010.001/swg.fits[1]
scw/1038/103800080010.001/swg.fits[1]
scw/1038/103800090010.001/swg.fits[1]
scw/1038/103800100010.001/swg.fits[1]
scw/1038/103800110010.001/swg.fits[1]
scw/1038/103800120010.001/swg.fits[1]
scw/1038/103800130010.001/swg.fits[1]
scw/1038/103800520010.001/swg.fits[1]
scw/1038/103800530010.001/swg.fits[1]
scw/1038/103800540010.001/swg.fits[1]
scw/1038/103800550010.001/swg.fits[1]
scw/1038/103800560010.001/swg.fits[1]
scw/1038/103800570010.001/swg.fits[1]
scw/1038/103800580010.001/swg.fits[1]
scw/1038/103800590010.001/swg.fits[1]
scw/1039/103900060010.001/swg.fits[1]
scw/1039/103900070010.001/swg.fits[1]
scw/1039/103900080010.001/swg.fits[1]
scw/1039/103900090010.001/swg.fits[1]
scw/1039/103900100010.001/swg.fits[1]
scw/1039/103900110010.001/swg.fits[1]
scw/1039/103900120010.001/swg.fits[1]
scw/1039/103900130010.001/swg.fits[1]
scw/1039/103900520010.001/swg.fits[1]
scw/1039/103900530010.001/swg.fits[1]
scw/1039/103900540010.001/swg.fits[1]
scw/1039/103900550010.001/swg.fits[1]
scw/1039/103900560010.001/swg.fits[1]
scw/1039/103900570010.001/swg.fits[1]
scw/1039/103900580010.001/swg.fits[1]
scw/1039/103900590010.001/swg.fits[1]
scw/1039/103900680010.001/swg.fits[1]
scw/1039/103900690010.001/swg.fits[1]
scw/1039/103900700010.001/swg.fits[1]
scw/1039/103900710010.001/swg.fits[1]
scw/1039/103900720010.001/swg.fits[1]
scw/1039/103900730010.001/swg.fits[1]
scw/1039/103900740010.001/swg.fits[1]
scw/1039/103900750010.001/swg.fits[1]
scw/1154/115400120010.001/swg.fits[1]
scw/1154/115400130010.001/swg.fits[1]
scw/1154/115400140010.001/swg.fits[1]
scw/1154/115400530010.001/swg.fits[1]
scw/1154/115400540010.001/swg.fits[1]
scw/1154/115400550010.001/swg.fits[1]
scw/1154/115400560010.001/swg.fits[1]
scw/1154/115400570010.001/swg.fits[1]
scw/1154/115400580010.001/swg.fits[1]
scw/1154/115400590010.001/swg.fits[1]
scw/1154/115400600010.001/swg.fits[1]
scw/1161/116100910010.001/swg.fits[1]
scw/1161/116100920010.001/swg.fits[1]
scw/1161/116100930010.001/swg.fits[1]
scw/1161/116100940010.001/swg.fits[1]
scw/1161/116100950010.001/swg.fits[1]
scw/1161/116100960010.001/swg.fits[1]
scw/1161/116100970010.001/swg.fits[1]
scw/1161/116100980010.001/swg.fits[1]
scw/1163/116300210010.001/swg.fits[1]
scw/1163/116300220010.001/swg.fits[1]
scw/1163/116300230010.001/swg.fits[1]
scw/1163/116300240010.001/swg.fits[1]
scw/1163/116300250010.001/swg.fits[1]
scw/1163/116300260010.001/swg.fits[1]
scw/1163/116300270010.001/swg.fits[1]
scw/1163/116300280010.001/swg.fits[1]
scw/1163/116300680010.001/swg.fits[1]
scw/1163/116300690010.001/swg.fits[1]
scw/1163/116300700010.001/swg.fits[1]
scw/1163/116300710010.001/swg.fits[1]
scw/1163/116300720010.001/swg.fits[1]
scw/1163/116300730010.001/swg.fits[1]
scw/1163/116300740010.001/swg.fits[1]
scw/1163/116300750010.001/swg.fits[1]
scw/1163/116300830010.001/swg.fits[1]
scw/1163/116300840010.001/swg.fits[1]
scw/1163/116300850010.001/swg.fits[1]
scw/1163/116300860010.001/swg.fits[1]
scw/1163/116300870010.001/swg.fits[1]
scw/1163/116300880010.001/swg.fits[1]
scw/1163/116300890010.001/swg.fits[1]
scw/1163/116300900010.001/swg.fits[1]
scw/1164/116400220010.001/swg.fits[1]
scw/1164/116400230010.001/swg.fits[1]
scw/1164/116400240010.001/swg.fits[1]
scw/1164/116400250010.001/swg.fits[1]
scw/1164/116400260010.001/swg.fits[1]
scw/1164/116400270010.001/swg.fits[1]
scw/1164/116400280010.001/swg.fits[1]
scw/1164/116400290010.001/swg.fits[1]
scw/1164/116400380010.001/swg.fits[1]
scw/1164/116400390010.001/swg.fits[1]
scw/1164/116400400010.001/swg.fits[1]
scw/1164/116400410010.001/swg.fits[1]
scw/1164/116400420010.001/swg.fits[1]
scw/1164/116400430010.001/swg.fits[1]
scw/1164/116400440010.001/swg.fits[1]
scw/1164/116400450010.001/swg.fits[1]
scw/1164/116400840010.001/swg.fits[1]
scw/1164/116400850010.001/swg.fits[1]
scw/1164/116400860010.001/swg.fits[1]
scw/1164/116400870010.001/swg.fits[1]
scw/1164/116400880010.001/swg.fits[1]
scw/1164/116400890010.001/swg.fits[1]
scw/1164/116400900010.001/swg.fits[1]
scw/1164/116400910010.001/swg.fits[1]
scw/1165/116500210010.001/swg.fits[1]
scw/1165/116500220010.001/swg.fits[1]
scw/1165/116500230010.001/swg.fits[1]
scw/1165/116500240010.001/swg.fits[1]
scw/1165/116500250010.001/swg.fits[1]
scw/1165/116500260010.001/swg.fits[1]
scw/1165/116500270010.001/swg.fits[1]
scw/1165/116500280010.001/swg.fits[1]
scw/1165/116500350010.001/swg.fits[1]
scw/1165/116500360010.001/swg.fits[1]
scw/1165/116500370010.001/swg.fits[1]
scw/1165/116500380010.001/swg.fits[1]
scw/1165/116500390010.001/swg.fits[1]
scw/1165/116500400010.001/swg.fits[1]
scw/1165/116500410010.001/swg.fits[1]
scw/1165/116500420010.001/swg.fits[1]
scw/1165/116500810010.001/swg.fits[1]
scw/1165/116500820010.001/swg.fits[1]
scw/1165/116500830010.001/swg.fits[1]
scw/1165/116500840010.001/swg.fits[1]
scw/1165/116500850010.001/swg.fits[1]
scw/1165/116500860010.001/swg.fits[1]
scw/1165/116500870010.001/swg.fits[1]
scw/1165/116500880010.001/swg.fits[1]
scw/1166/116600210010.001/swg.fits[1]
scw/1166/116600220010.001/swg.fits[1]
scw/1166/116600230010.001/swg.fits[1]
scw/1166/116600240010.001/swg.fits[1]
scw/1166/116600250010.001/swg.fits[1]
scw/1166/116600260010.001/swg.fits[1]
scw/1166/116600270010.001/swg.fits[1]
scw/1166/116600280010.001/swg.fits[1]
scw/1166/116600370010.001/swg.fits[1]
scw/1166/116600380010.001/swg.fits[1]
scw/1166/116600390010.001/swg.fits[1]
scw/1166/116600400010.001/swg.fits[1]
scw/1166/116600410010.001/swg.fits[1]
scw/1166/116600420010.001/swg.fits[1]
scw/1166/116600430010.001/swg.fits[1]
scw/1166/116600440010.001/swg.fits[1]
scw/1166/116600850010.001/swg.fits[1]
scw/1166/116600860010.001/swg.fits[1]
scw/1166/116600870010.001/swg.fits[1]
scw/1166/116600880010.001/swg.fits[1]
scw/1166/116600890010.001/swg.fits[1]
scw/1166/116600900010.001/swg.fits[1]
scw/1166/116600910010.001/swg.fits[1]
scw/1166/116600920010.001/swg.fits[1]
scw/1167/116700210010.001/swg.fits[1]
scw/1167/116700220010.001/swg.fits[1]
scw/1167/116700230010.001/swg.fits[1]
scw/1167/116700240010.001/swg.fits[1]
scw/1167/116700250010.001/swg.fits[1]
scw/1167/116700260010.001/swg.fits[1]
scw/1167/116700270010.001/swg.fits[1]
scw/1167/116700280010.001/swg.fits[1]
scw/1167/116700670010.001/swg.fits[1]
scw/1167/116700680010.001/swg.fits[1]
scw/1167/116700690010.001/swg.fits[1]
scw/1167/116700700010.001/swg.fits[1]
scw/1167/116700720010.001/swg.fits[1]
scw/1167/116700730010.001/swg.fits[1]
scw/1167/116700740010.001/swg.fits[1]
scw/1167/116700840010.001/swg.fits[1]
scw/1167/116700850010.001/swg.fits[1]
scw/1167/116700860010.001/swg.fits[1]
scw/1167/116700870010.001/swg.fits[1]
scw/1167/116700880010.001/swg.fits[1]
scw/1167/116700890010.001/swg.fits[1]
scw/1167/116700900010.001/swg.fits[1]
scw/1167/116700910010.001/swg.fits[1]
scw/1168/116800210010.001/swg.fits[1]
scw/1168/116800220010.001/swg.fits[1]
scw/1168/116800230010.001/swg.fits[1]
scw/1168/116800240010.001/swg.fits[1]
scw/1168/116800260010.001/swg.fits[1]
scw/1168/116800270010.001/swg.fits[1]
scw/1168/116800280010.001/swg.fits[1]
scw/1168/116800370010.001/swg.fits[1]
scw/1168/116800380010.001/swg.fits[1]
scw/1168/116800390010.001/swg.fits[1]
scw/1168/116800400010.001/swg.fits[1]
scw/1168/116800410010.001/swg.fits[1]
scw/1168/116800420010.001/swg.fits[1]
scw/1168/116800430010.001/swg.fits[1]
scw/1168/116800440010.001/swg.fits[1]
scw/1168/116800830010.001/swg.fits[1]
scw/1168/116800840010.001/swg.fits[1]
scw/1168/116800850010.001/swg.fits[1]
scw/1168/116800860010.001/swg.fits[1]
scw/1168/116800870010.001/swg.fits[1]
scw/1168/116800880010.001/swg.fits[1]
scw/1168/116800890010.001/swg.fits[1]
scw/1168/116800900010.001/swg.fits[1]
scw/1169/116900370010.001/swg.fits[1]
scw/1169/116900380010.001/swg.fits[1]
scw/1169/116900390010.001/swg.fits[1]
scw/1169/116900400010.001/swg.fits[1]
scw/1169/116900410010.001/swg.fits[1]
scw/1169/116900420010.001/swg.fits[1]
scw/1169/116900430010.001/swg.fits[1]
scw/1169/116900440010.001/swg.fits[1]
scw/1351/135100870010.001/swg.fits[1]
scw/1808/180800690010.001/swg.fits[1]
scw/1808/180800700010.001/swg.fits[1]
scw/1808/180800710010.001/swg.fits[1]
scw/1808/180800720010.001/swg.fits[1]
scw/1808/180800730010.001/swg.fits[1]
scw/1809/180900720010.001/swg.fits[1]
scw/1809/180900730010.001/swg.fits[1]
scw/1809/180900740010.001/swg.fits[1]
scw/1809/180900750010.001/swg.fits[1]
scw/1809/180900760010.001/swg.fits[1]
scw/1810/181000350010.001/swg.fits[1]
scw/1810/181000360010.001/swg.fits[1]
scw/1810/181000370010.001/swg.fits[1]
scw/1810/181000380010.001/swg.fits[1]
scw/1810/181000390010.001/swg.fits[1]
scw/1810/181000400010.001/swg.fits[1]
scw/1810/181000410010.001/swg.fits[1]
scw/1810/181000420010.001/swg.fits[1]
scw/1810/181000430010.001/swg.fits[1]
scw/1810/181000440010.001/swg.fits[1]
scw/1811/181100080010.001/swg.fits[1]
scw/1811/181100090010.001/swg.fits[1]
scw/1811/181100100010.001/swg.fits[1]
scw/1811/181100110010.001/swg.fits[1]
scw/1811/181100120010.001/swg.fits[1]
scw/1811/181100130010.001/swg.fits[1]
scw/1811/181100140010.001/swg.fits[1]
scw/1811/181100150010.001/swg.fits[1]
scw/1811/181100160010.001/swg.fits[1]
scw/1811/181100170010.001/swg.fits[1]
scw/1812/181200080010.001/swg.fits[1]
scw/1812/181200090010.001/swg.fits[1]
scw/1812/181200100010.001/swg.fits[1]
scw/1812/181200110010.001/swg.fits[1]
scw/1812/181200120010.001/swg.fits[1]
scw/1812/181200130010.001/swg.fits[1]
scw/1812/181200140010.001/swg.fits[1]
scw/1812/181200150010.001/swg.fits[1]
scw/1812/181200160010.001/swg.fits[1]
scw/1812/181200570010.001/swg.fits[1]
scw/1812/181200580010.001/swg.fits[1]
scw/1812/181200590010.001/swg.fits[1]
scw/1812/181200600010.001/swg.fits[1]
scw/1812/181200610010.001/swg.fits[1]
scw/1815/181500400010.001/swg.fits[1]
scw/1815/181500410010.001/swg.fits[1]
scw/1815/181500420010.001/swg.fits[1]
scw/1815/181500430010.001/swg.fits[1]
scw/1815/181500440010.001/swg.fits[1]
scw/1815/181500450010.001/swg.fits[1]
scw/1815/181500460010.001/swg.fits[1]
scw/1815/181500470010.001/swg.fits[1]
scw/1815/181500480010.001/swg.fits[1]
scw/1816/181600210010.001/swg.fits[1]
scw/1816/181600220010.001/swg.fits[1]
scw/1816/181600230010.001/swg.fits[1]
scw/1816/181600240010.001/swg.fits[1]
scw/1816/181600250010.001/swg.fits[1]
scw/1882/188200390010.001/swg.fits[1]
scw/1882/188200400010.001/swg.fits[1]
scw/1882/188200410010.001/swg.fits[1]
scw/1885/188500430010.001/swg.fits[1]
scw/1885/188500440010.001/swg.fits[1]
scw/1885/188500450010.001/swg.fits[1]
scw/1886/188600280010.001/swg.fits[1]
scw/1886/188600290010.001/swg.fits[1]
scw/1887/188700200010.001/swg.fits[1]
scw/1887/188700210010.001/swg.fits[1]
scw/1887/188700220010.001/swg.fits[1]
scw/1887/188700230010.001/swg.fits[1]
scw/1887/188700740010.001/swg.fits[1]
scw/1887/188700750010.001/swg.fits[1]
scw/1887/188700760010.001/swg.fits[1]
scw/1887/188700770010.001/swg.fits[1]
scw/1888/188800010010.001/swg.fits[1]
scw/2018/201800420010.001/swg.fits[1]
scw/2020/202000260010.001/swg.fits[1]
scw/2021/202100800010.001/swg.fits[1]
scw/2091/209100130010.001/swg.fits[1]
scw/2091/209100190010.001/swg.fits[1]
scw/2091/209100200010.001/swg.fits[1]
scw/2091/209100210010.001/swg.fits[1]
scw/2091/209100220010.001/swg.fits[1]
scw/2091/209100230010.001/swg.fits[1]
scw/2091/209100240010.001/swg.fits[1]
scw/2091/209100390010.001/swg.fits[1]
scw/2091/209100450010.001/swg.fits[1]
scw/2091/209100460010.001/swg.fits[1]
scw/2091/209100470010.001/swg.fits[1]
scw/2091/209100480010.001/swg.fits[1]
scw/2091/209100490010.001/swg.fits[1]
scw/2091/209100500010.001/swg.fits[1]
scw/2091/209100540010.001/swg.fits[1]
scw/2091/209100550010.001/swg.fits[1]
scw/2091/209100620010.001/swg.fits[1]
scw/2091/209100630010.001/swg.fits[1]
scw/2091/209100640010.001/swg.fits[1]
scw/2091/209100650010.001/swg.fits[1]
scw/2091/209100660010.001/swg.fits[1]
scw/2091/209100710010.001/swg.fits[1]
scw/2091/209100720010.001/swg.fits[1]
scw/2091/209100730010.001/swg.fits[1]
scw/2091/209100740010.001/swg.fits[1]
scw/2091/209100750010.001/swg.fits[1]
scw/2091/209100760010.001/swg.fits[1]
scw/2091/209100770010.001/swg.fits[1]
scw/2091/209100800010.001/swg.fits[1]
scw/2091/209100810010.001/swg.fits[1]
scw/2091/209100880010.001/swg.fits[1]
scw/2091/209100890010.001/swg.fits[1]
scw/2091/209100900010.001/swg.fits[1]
scw/2091/209100910010.001/swg.fits[1]
scw/2092/209200020010.001/swg.fits[1]
scw/2092/209200070010.001/swg.fits[1]
scw/2092/209200080010.001/swg.fits[1]
scw/2092/209200090010.001/swg.fits[1]
scw/2092/209200100010.001/swg.fits[1]
scw/2092/209200110010.001/swg.fits[1]
scw/2092/209200120010.001/swg.fits[1]
scw/2092/209200130010.001/swg.fits[1]
scw/2094/209400020010.001/swg.fits[1]
scw/2097/209700020010.001/swg.fits[1]
scw/2098/209800560010.001/swg.fits[1]
scw/2301/230100040010.001/swg.fits[1]
scw/2301/230100050010.001/swg.fits[1]
scw/2301/230100060010.001/swg.fits[1]
scw/2301/230100070010.001/swg.fits[1]
scw/2301/230100080010.001/swg.fits[1]
scw/2301/230100090010.001/swg.fits[1]
scw/2301/230100150010.001/swg.fits[1]
scw/2301/230100160010.001/swg.fits[1]
scw/2301/230100300010.001/swg.fits[1]
scw/2301/230100310010.001/swg.fits[1]
scw/2301/230100320010.001/swg.fits[1]
scw/2301/230100330010.001/swg.fits[1]
scw/2301/230100340010.001/swg.fits[1]
scw/2301/230100350010.001/swg.fits[1]
scw/2301/230100410010.001/swg.fits[1]
scw/2301/230100420010.001/swg.fits[1]
scw/2301/230100550010.001/swg.fits[1]
scw/2301/230100560010.001/swg.fits[1]
scw/2301/230100570010.001/swg.fits[1]
scw/2301/230100580010.001/swg.fits[1]
scw/2301/230100590010.001/swg.fits[1]
scw/2301/230100600010.001/swg.fits[1]
scw/2301/230100610010.001/swg.fits[1]
scw/2301/230100660010.001/swg.fits[1]
scw/2301/230100670010.001/swg.fits[1]
scw/2301/230100680010.001/swg.fits[1]
scw/2301/230100690010.001/swg.fits[1]
scw/2301/230100700010.001/swg.fits[1]
scw/2301/230100770010.001/swg.fits[1]
scw/2301/230100780010.001/swg.fits[1]
scw/2301/230100810010.001/swg.fits[1]
scw/2301/230100820010.001/swg.fits[1]
scw/2301/230100830010.001/swg.fits[1]
scw/2301/230100840010.001/swg.fits[1]
scw/2301/230100850010.001/swg.fits[1]
scw/2301/230100860010.001/swg.fits[1]
scw/2301/230100870010.001/swg.fits[1]
