scw/0971/097100540010.001/swg.fits[1]
scw/0971/097100550010.001/swg.fits[1]
scw/0971/097100560010.001/swg.fits[1]
scw/0971/097100570010.001/swg.fits[1]
scw/0971/097100580010.001/swg.fits[1]
scw/0971/097100590010.001/swg.fits[1]
scw/0971/097100600010.001/swg.fits[1]
scw/0971/097100610010.001/swg.fits[1]
scw/0973/097300580010.001/swg.fits[1]
scw/0973/097300590010.001/swg.fits[1]
scw/0973/097300600010.001/swg.fits[1]
scw/0973/097300610010.001/swg.fits[1]
scw/0973/097300620010.001/swg.fits[1]
scw/0973/097300630010.001/swg.fits[1]
scw/0973/097300640010.001/swg.fits[1]
scw/0973/097300650010.001/swg.fits[1]
scw/0973/097300740010.001/swg.fits[1]
scw/0973/097300750010.001/swg.fits[1]
scw/0973/097300760010.001/swg.fits[1]
scw/0973/097300770010.001/swg.fits[1]
scw/0973/097300780010.001/swg.fits[1]
scw/0973/097300800010.001/swg.fits[1]
scw/0973/097300810010.001/swg.fits[1]
scw/0974/097400200010.001/swg.fits[1]
scw/0974/097400210010.001/swg.fits[1]
scw/0974/097400220010.001/swg.fits[1]
scw/0974/097400230010.001/swg.fits[1]
scw/0974/097400240010.001/swg.fits[1]
scw/0974/097400250010.001/swg.fits[1]
scw/0974/097400260010.001/swg.fits[1]
scw/0974/097400270010.001/swg.fits[1]
scw/0974/097400360010.001/swg.fits[1]
scw/0974/097400370010.001/swg.fits[1]
scw/0974/097400380010.001/swg.fits[1]
scw/0974/097400390010.001/swg.fits[1]
scw/0974/097400400010.001/swg.fits[1]
scw/0974/097400410010.001/swg.fits[1]
scw/0974/097400420010.001/swg.fits[1]
scw/0974/097400430010.001/swg.fits[1]
scw/0975/097500080010.001/swg.fits[1]
scw/0975/097500090010.001/swg.fits[1]
scw/0975/097500100010.001/swg.fits[1]
scw/0975/097500110010.001/swg.fits[1]
scw/0975/097500120010.001/swg.fits[1]
scw/0975/097500130010.001/swg.fits[1]
scw/0975/097500140010.001/swg.fits[1]
scw/0975/097500150010.001/swg.fits[1]
scw/0975/097500540010.001/swg.fits[1]
scw/0975/097500550010.001/swg.fits[1]
scw/0975/097500560010.001/swg.fits[1]
scw/0975/097500570010.001/swg.fits[1]
scw/0975/097500580010.001/swg.fits[1]
scw/0975/097500590010.001/swg.fits[1]
scw/0975/097500600010.001/swg.fits[1]
scw/0975/097500610010.001/swg.fits[1]
scw/0975/097500700010.001/swg.fits[1]
scw/0975/097500710010.001/swg.fits[1]
scw/0975/097500720010.001/swg.fits[1]
scw/0975/097500730010.001/swg.fits[1]
scw/0975/097500740010.001/swg.fits[1]
scw/0975/097500750010.001/swg.fits[1]
scw/0975/097500760010.001/swg.fits[1]
scw/0975/097500770010.001/swg.fits[1]
scw/1035/103500090010.001/swg.fits[1]
scw/1035/103500100010.001/swg.fits[1]
scw/1035/103500110010.001/swg.fits[1]
scw/1035/103500120010.001/swg.fits[1]
scw/1035/103500130010.001/swg.fits[1]
scw/1035/103500140010.001/swg.fits[1]
scw/1035/103500150010.001/swg.fits[1]
scw/1095/109500310010.001/swg.fits[1]
scw/1095/109500320010.001/swg.fits[1]
scw/1095/109500330010.001/swg.fits[1]
scw/1095/109500340010.001/swg.fits[1]
scw/1095/109500350010.001/swg.fits[1]
scw/1095/109500360010.001/swg.fits[1]
scw/1095/109500370010.001/swg.fits[1]
scw/1095/109500380010.001/swg.fits[1]
scw/1095/109500630010.001/swg.fits[1]
scw/1095/109500640010.001/swg.fits[1]
scw/1095/109500650010.001/swg.fits[1]
scw/1095/109500660010.001/swg.fits[1]
scw/1095/109500670010.001/swg.fits[1]
scw/1095/109500680010.001/swg.fits[1]
scw/1095/109500690010.001/swg.fits[1]
scw/1095/109500700010.001/swg.fits[1]
scw/1095/109500950010.001/swg.fits[1]
scw/1095/109500960010.001/swg.fits[1]
scw/1095/109500970010.001/swg.fits[1]
scw/1095/109500980010.001/swg.fits[1]
scw/1095/109500990010.001/swg.fits[1]
scw/1095/109501000010.001/swg.fits[1]
scw/1095/109501010010.001/swg.fits[1]
scw/1095/109501020010.001/swg.fits[1]
scw/2348/234800770010.001/swg.fits[1]
scw/2363/236300680010.001/swg.fits[1]
