scw/0270/027000700010.001/swg.fits[1]
scw/0271/027100430010.001/swg.fits[1]
scw/0271/027100440010.001/swg.fits[1]
scw/0271/027100450010.001/swg.fits[1]
scw/0272/027200700010.001/swg.fits[1]
scw/0272/027200710010.001/swg.fits[1]
scw/0515/051500560010.001/swg.fits[1]
scw/0515/051500570010.001/swg.fits[1]
scw/0515/051500580010.001/swg.fits[1]
scw/0515/051500590010.001/swg.fits[1]
scw/0515/051500600010.001/swg.fits[1]
scw/0515/051500610010.001/swg.fits[1]
scw/0515/051500620010.001/swg.fits[1]
scw/0515/051500630010.001/swg.fits[1]
scw/0516/051600540010.001/swg.fits[1]
scw/0516/051600550010.001/swg.fits[1]
scw/0516/051600560010.001/swg.fits[1]
scw/0516/051600570010.001/swg.fits[1]
scw/0516/051600580010.001/swg.fits[1]
scw/0516/051600590010.001/swg.fits[1]
scw/0516/051600600010.001/swg.fits[1]
scw/0516/051600610010.001/swg.fits[1]
scw/0519/051900590010.001/swg.fits[1]
scw/0519/051900600010.001/swg.fits[1]
scw/0519/051900660010.001/swg.fits[1]
scw/0519/051900670010.001/swg.fits[1]
scw/0519/051900740010.001/swg.fits[1]
scw/0519/051900810010.001/swg.fits[1]
scw/0520/052000390010.001/swg.fits[1]
scw/0520/052000400010.001/swg.fits[1]
scw/0520/052000410010.001/swg.fits[1]
scw/0520/052000420010.001/swg.fits[1]
scw/0520/052000430010.001/swg.fits[1]
scw/0520/052000440010.001/swg.fits[1]
scw/0520/052000450010.001/swg.fits[1]
scw/0520/052000460010.001/swg.fits[1]
scw/0520/052000550010.001/swg.fits[1]
scw/0520/052000560010.001/swg.fits[1]
scw/0520/052000570010.001/swg.fits[1]
scw/0520/052000580010.001/swg.fits[1]
scw/0520/052000590010.001/swg.fits[1]
scw/0520/052000600010.001/swg.fits[1]
scw/0520/052000610010.001/swg.fits[1]
scw/0520/052000620010.001/swg.fits[1]
scw/0523/052300530010.001/swg.fits[1]
scw/0523/052300540010.001/swg.fits[1]
scw/0523/052300550010.001/swg.fits[1]
scw/0523/052300560010.001/swg.fits[1]
scw/0523/052300570010.001/swg.fits[1]
scw/0523/052300580010.001/swg.fits[1]
scw/0523/052300590010.001/swg.fits[1]
scw/0523/052300600010.001/swg.fits[1]
scw/0523/052300830010.001/swg.fits[1]
scw/0523/052300840010.001/swg.fits[1]
scw/0523/052300850010.001/swg.fits[1]
scw/0523/052300860010.001/swg.fits[1]
scw/0523/052300870010.001/swg.fits[1]
scw/0523/052300880010.001/swg.fits[1]
scw/0523/052300890010.001/swg.fits[1]
scw/0523/052300900010.001/swg.fits[1]
scw/0574/057400620010.001/swg.fits[1]
scw/0574/057400630010.001/swg.fits[1]
scw/0574/057400640010.001/swg.fits[1]
scw/0574/057400660010.001/swg.fits[1]
scw/0574/057400670010.001/swg.fits[1]
scw/0574/057400680010.001/swg.fits[1]
scw/0574/057400690010.001/swg.fits[1]
scw/0575/057500580010.001/swg.fits[1]
scw/0575/057500590010.001/swg.fits[1]
scw/0575/057500600010.001/swg.fits[1]
scw/0575/057500610010.001/swg.fits[1]
scw/0575/057500620010.001/swg.fits[1]
scw/0575/057500630010.001/swg.fits[1]
scw/0575/057500640010.001/swg.fits[1]
scw/0575/057500650010.001/swg.fits[1]
scw/0575/057500740010.001/swg.fits[1]
scw/0575/057500750010.001/swg.fits[1]
scw/0575/057500760010.001/swg.fits[1]
scw/0575/057500770010.001/swg.fits[1]
scw/0575/057500780010.001/swg.fits[1]
scw/0575/057500790010.001/swg.fits[1]
scw/0575/057500800010.001/swg.fits[1]
scw/0575/057500810010.001/swg.fits[1]
scw/0575/057500880010.001/swg.fits[1]
scw/0575/057500890010.001/swg.fits[1]
scw/0575/057500900010.001/swg.fits[1]
scw/0575/057500910010.001/swg.fits[1]
scw/0575/057500920010.001/swg.fits[1]
scw/0575/057500930010.001/swg.fits[1]
scw/0575/057500940010.001/swg.fits[1]
scw/0575/057500950010.001/swg.fits[1]
scw/0576/057600870010.001/swg.fits[1]
scw/0576/057600880010.001/swg.fits[1]
scw/0576/057600890010.001/swg.fits[1]
scw/0576/057600900010.001/swg.fits[1]
scw/0576/057600910010.001/swg.fits[1]
scw/0576/057600920010.001/swg.fits[1]
scw/0576/057600930010.001/swg.fits[1]
scw/0576/057600940010.001/swg.fits[1]
scw/0577/057700550010.001/swg.fits[1]
scw/0577/057700560010.001/swg.fits[1]
scw/0577/057700570010.001/swg.fits[1]
scw/0577/057700580010.001/swg.fits[1]
scw/0577/057700590010.001/swg.fits[1]
scw/0577/057700600010.001/swg.fits[1]
scw/0577/057700610010.001/swg.fits[1]
scw/0577/057700620010.001/swg.fits[1]
scw/0578/057800920010.001/swg.fits[1]
scw/0578/057800930010.001/swg.fits[1]
scw/0578/057800940010.001/swg.fits[1]
scw/0578/057800950010.001/swg.fits[1]
scw/0578/057800960010.001/swg.fits[1]
scw/0578/057800970010.001/swg.fits[1]
scw/0578/057800980010.001/swg.fits[1]
scw/0579/057900550010.001/swg.fits[1]
scw/0579/057900560010.001/swg.fits[1]
scw/0579/057900570010.001/swg.fits[1]
scw/0579/057900580010.001/swg.fits[1]
scw/0579/057900590010.001/swg.fits[1]
scw/0579/057900600010.001/swg.fits[1]
scw/0579/057900610010.001/swg.fits[1]
scw/0579/057900620010.001/swg.fits[1]
scw/0579/057900710010.001/swg.fits[1]
scw/0579/057900720010.001/swg.fits[1]
scw/0579/057900730010.001/swg.fits[1]
scw/0579/057900740010.001/swg.fits[1]
scw/0579/057900750010.001/swg.fits[1]
scw/0579/057900770010.001/swg.fits[1]
scw/0579/057900780010.001/swg.fits[1]
scw/0579/057900790010.001/swg.fits[1]
scw/0580/058000570010.001/swg.fits[1]
scw/0580/058000580010.001/swg.fits[1]
scw/0580/058000590010.001/swg.fits[1]
scw/0580/058000610010.001/swg.fits[1]
scw/0580/058000620010.001/swg.fits[1]
scw/0580/058000630010.001/swg.fits[1]
scw/0580/058000640010.001/swg.fits[1]
scw/0580/058000650010.001/swg.fits[1]
scw/0580/058000740010.001/swg.fits[1]
scw/0580/058000750010.001/swg.fits[1]
scw/0580/058000760010.001/swg.fits[1]
scw/0580/058000770010.001/swg.fits[1]
scw/0580/058000780010.001/swg.fits[1]
scw/0580/058000790010.001/swg.fits[1]
scw/0580/058000800010.001/swg.fits[1]
scw/0580/058000810010.001/swg.fits[1]
scw/0580/058000890010.001/swg.fits[1]
scw/0580/058000900010.001/swg.fits[1]
scw/0580/058000910010.001/swg.fits[1]
scw/0580/058000920010.001/swg.fits[1]
scw/0580/058000930010.001/swg.fits[1]
scw/0580/058000940010.001/swg.fits[1]
scw/0580/058000950010.001/swg.fits[1]
scw/0580/058000960010.001/swg.fits[1]
scw/0581/058100540010.001/swg.fits[1]
scw/0581/058100550010.001/swg.fits[1]
scw/0581/058100560010.001/swg.fits[1]
scw/0581/058100570010.001/swg.fits[1]
scw/0581/058100580010.001/swg.fits[1]
scw/0581/058100590010.001/swg.fits[1]
scw/0581/058100600010.001/swg.fits[1]
scw/0581/058100610010.001/swg.fits[1]
scw/0581/058100700010.001/swg.fits[1]
scw/0581/058100710010.001/swg.fits[1]
scw/0581/058100720010.001/swg.fits[1]
scw/0581/058100730010.001/swg.fits[1]
scw/0581/058100740010.001/swg.fits[1]
scw/0581/058100750010.001/swg.fits[1]
scw/0581/058100760010.001/swg.fits[1]
scw/0581/058100770010.001/swg.fits[1]
scw/0581/058100860010.001/swg.fits[1]
scw/0581/058100870010.001/swg.fits[1]
scw/0581/058100880010.001/swg.fits[1]
scw/0581/058100900010.001/swg.fits[1]
scw/0581/058100910010.001/swg.fits[1]
scw/0581/058100920010.001/swg.fits[1]
scw/0581/058100930010.001/swg.fits[1]
scw/0581/058100940010.001/swg.fits[1]
scw/0582/058200570010.001/swg.fits[1]
scw/0582/058200580010.001/swg.fits[1]
scw/0582/058200590010.001/swg.fits[1]
scw/0582/058200600010.001/swg.fits[1]
scw/0582/058200610010.001/swg.fits[1]
scw/0582/058200620010.001/swg.fits[1]
scw/0582/058200630010.001/swg.fits[1]
scw/0582/058200650010.001/swg.fits[1]
scw/0583/058300800010.001/swg.fits[1]
scw/0583/058300810010.001/swg.fits[1]
scw/0583/058300820010.001/swg.fits[1]
scw/0583/058300830010.001/swg.fits[1]
scw/0583/058300840010.001/swg.fits[1]
scw/0583/058300850010.001/swg.fits[1]
scw/0583/058300860010.001/swg.fits[1]
scw/0583/058300870010.001/swg.fits[1]
scw/0584/058400690010.001/swg.fits[1]
scw/0584/058400700010.001/swg.fits[1]
scw/0584/058400710010.001/swg.fits[1]
scw/0584/058400720010.001/swg.fits[1]
scw/0584/058400730010.001/swg.fits[1]
scw/0584/058400740010.001/swg.fits[1]
scw/0584/058400750010.001/swg.fits[1]
scw/0584/058400760010.001/swg.fits[1]
scw/0585/058500570010.001/swg.fits[1]
scw/0585/058500580010.001/swg.fits[1]
scw/0585/058500600010.001/swg.fits[1]
scw/0585/058500610010.001/swg.fits[1]
scw/0585/058500620010.001/swg.fits[1]
scw/0585/058500630010.001/swg.fits[1]
scw/0585/058500640010.001/swg.fits[1]
scw/0585/058500730010.001/swg.fits[1]
scw/0585/058500740010.001/swg.fits[1]
scw/0585/058500750010.001/swg.fits[1]
scw/0585/058500760010.001/swg.fits[1]
scw/0585/058500770010.001/swg.fits[1]
scw/0585/058500780010.001/swg.fits[1]
scw/0585/058500790010.001/swg.fits[1]
scw/0585/058500800010.001/swg.fits[1]
scw/0586/058600550010.001/swg.fits[1]
scw/0586/058600560010.001/swg.fits[1]
scw/0586/058600580010.001/swg.fits[1]
scw/0586/058600590010.001/swg.fits[1]
scw/0586/058600600010.001/swg.fits[1]
scw/0586/058600610010.001/swg.fits[1]
scw/0586/058600620010.001/swg.fits[1]
scw/0586/058600630010.001/swg.fits[1]
scw/0586/058600720010.001/swg.fits[1]
scw/0586/058600730010.001/swg.fits[1]
scw/0586/058600740010.001/swg.fits[1]
scw/0586/058600750010.001/swg.fits[1]
scw/0586/058600760010.001/swg.fits[1]
scw/0586/058600770010.001/swg.fits[1]
scw/0586/058600780010.001/swg.fits[1]
scw/0586/058600800010.001/swg.fits[1]
scw/0586/058600880010.001/swg.fits[1]
scw/0586/058600890010.001/swg.fits[1]
scw/0586/058600900010.001/swg.fits[1]
scw/0586/058600910010.001/swg.fits[1]
scw/0586/058600920010.001/swg.fits[1]
scw/0586/058600930010.001/swg.fits[1]
scw/0586/058600940010.001/swg.fits[1]
scw/0586/058600950010.001/swg.fits[1]
scw/0587/058700710010.001/swg.fits[1]
scw/0587/058700720010.001/swg.fits[1]
scw/0587/058700740010.001/swg.fits[1]
scw/0587/058700750010.001/swg.fits[1]
scw/0587/058700760010.001/swg.fits[1]
scw/0587/058700770010.001/swg.fits[1]
scw/0587/058700780010.001/swg.fits[1]
scw/0587/058700790010.001/swg.fits[1]
scw/0587/058700870010.001/swg.fits[1]
scw/0587/058700880010.001/swg.fits[1]
scw/0587/058700890010.001/swg.fits[1]
scw/0587/058700900010.001/swg.fits[1]
scw/0587/058700910010.001/swg.fits[1]
scw/0587/058700920010.001/swg.fits[1]
scw/0587/058700930010.001/swg.fits[1]
scw/0587/058700940010.001/swg.fits[1]
scw/0588/058800540010.001/swg.fits[1]
scw/0588/058800550010.001/swg.fits[1]
scw/0588/058800560010.001/swg.fits[1]
scw/0588/058800590010.001/swg.fits[1]
scw/0588/058800600010.001/swg.fits[1]
scw/0588/058800610010.001/swg.fits[1]
scw/0648/064800780010.001/swg.fits[1]
scw/0648/064800790010.001/swg.fits[1]
scw/0648/064800800010.001/swg.fits[1]
scw/0648/064800810010.001/swg.fits[1]
scw/0648/064800820010.001/swg.fits[1]
scw/0648/064800830010.001/swg.fits[1]
scw/0648/064800840010.001/swg.fits[1]
scw/0648/064800860010.001/swg.fits[1]
scw/0651/065100790010.001/swg.fits[1]
scw/0651/065100800010.001/swg.fits[1]
scw/0651/065100810010.001/swg.fits[1]
scw/0651/065100820010.001/swg.fits[1]
scw/0651/065100830010.001/swg.fits[1]
scw/0651/065100840010.001/swg.fits[1]
scw/0651/065100850010.001/swg.fits[1]
scw/0651/065100860010.001/swg.fits[1]
scw/0702/070200630010.001/swg.fits[1]
scw/0702/070200640010.001/swg.fits[1]
scw/0702/070200650010.001/swg.fits[1]
scw/0702/070200660010.001/swg.fits[1]
scw/0702/070200670010.001/swg.fits[1]
scw/0702/070200680010.001/swg.fits[1]
scw/0702/070200690010.001/swg.fits[1]
scw/0702/070200700010.001/swg.fits[1]
scw/0702/070200790010.001/swg.fits[1]
scw/0702/070200800010.001/swg.fits[1]
scw/0702/070200810010.001/swg.fits[1]
scw/0702/070200820010.001/swg.fits[1]
scw/0702/070200830010.001/swg.fits[1]
scw/0702/070200840010.001/swg.fits[1]
scw/0702/070200850010.001/swg.fits[1]
scw/0702/070200860010.001/swg.fits[1]
scw/0703/070300780010.001/swg.fits[1]
scw/0703/070300790010.001/swg.fits[1]
scw/0703/070300810010.001/swg.fits[1]
scw/0703/070300820010.001/swg.fits[1]
scw/0703/070300830010.001/swg.fits[1]
scw/0703/070300850010.001/swg.fits[1]
scw/0703/070300860010.001/swg.fits[1]
scw/0703/070300870010.001/swg.fits[1]
scw/0704/070400620010.001/swg.fits[1]
scw/0704/070400630010.001/swg.fits[1]
scw/0704/070400640010.001/swg.fits[1]
scw/0704/070400660010.001/swg.fits[1]
scw/0704/070400670010.001/swg.fits[1]
scw/0704/070400680010.001/swg.fits[1]
scw/0704/070400690010.001/swg.fits[1]
scw/0704/070400770010.001/swg.fits[1]
scw/0704/070400780010.001/swg.fits[1]
scw/0704/070400790010.001/swg.fits[1]
scw/0704/070400800010.001/swg.fits[1]
scw/0704/070400810010.001/swg.fits[1]
scw/0704/070400820010.001/swg.fits[1]
scw/0704/070400830010.001/swg.fits[1]
scw/0704/070400840010.001/swg.fits[1]
scw/1162/116200020010.001/swg.fits[1]
scw/1162/116200050010.001/swg.fits[1]
scw/1162/116200060010.001/swg.fits[1]
scw/1162/116200070010.001/swg.fits[1]
scw/1162/116200120010.001/swg.fits[1]
scw/1162/116200130010.001/swg.fits[1]
scw/1572/157200650010.001/swg.fits[1]
scw/1572/157200660010.001/swg.fits[1]
scw/2054/205400050010.001/swg.fits[1]
scw/2055/205500040010.001/swg.fits[1]
scw/2092/209200800010.001/swg.fits[1]
scw/2092/209200810010.001/swg.fits[1]
scw/2092/209200820010.001/swg.fits[1]
scw/2092/209200830010.001/swg.fits[1]
scw/2092/209200840010.001/swg.fits[1]
scw/2092/209200850010.001/swg.fits[1]
scw/2092/209200880010.001/swg.fits[1]
scw/2093/209300190010.001/swg.fits[1]
scw/2093/209300200010.001/swg.fits[1]
scw/2093/209300220010.001/swg.fits[1]
scw/2093/209300230010.001/swg.fits[1]
scw/2093/209300240010.001/swg.fits[1]
scw/2093/209300250010.001/swg.fits[1]
scw/2093/209300450010.001/swg.fits[1]
scw/2093/209300460010.001/swg.fits[1]
scw/2093/209300480010.001/swg.fits[1]
scw/2093/209300490010.001/swg.fits[1]
scw/2093/209300500010.001/swg.fits[1]
scw/2093/209300510010.001/swg.fits[1]
scw/2093/209300590010.001/swg.fits[1]
scw/2093/209300670010.001/swg.fits[1]
scw/2093/209300680010.001/swg.fits[1]
scw/2093/209300690010.001/swg.fits[1]
scw/2093/209300700010.001/swg.fits[1]
scw/2093/209300710010.001/swg.fits[1]
scw/2093/209300720010.001/swg.fits[1]
scw/2093/209300750010.001/swg.fits[1]
scw/2093/209300760010.001/swg.fits[1]
scw/2093/209300770010.001/swg.fits[1]
scw/2093/209300780010.001/swg.fits[1]
scw/2093/209300800010.001/swg.fits[1]
scw/2093/209300810010.001/swg.fits[1]
scw/2093/209300820010.001/swg.fits[1]
scw/2288/228800040010.001/swg.fits[1]
scw/2288/228800050010.001/swg.fits[1]
scw/2288/228800060010.001/swg.fits[1]
scw/2288/228800070010.001/swg.fits[1]
scw/2288/228800080010.001/swg.fits[1]
scw/2288/228800090010.001/swg.fits[1]
scw/2288/228800140010.001/swg.fits[1]
scw/2288/228800150010.001/swg.fits[1]
scw/2288/228800300010.001/swg.fits[1]
scw/2288/228800310010.001/swg.fits[1]
scw/2288/228800320010.001/swg.fits[1]
scw/2288/228800330010.001/swg.fits[1]
scw/2288/228800340010.001/swg.fits[1]
scw/2288/228800350010.001/swg.fits[1]
scw/2288/228800400010.001/swg.fits[1]
scw/2288/228800410010.001/swg.fits[1]
scw/2288/228800540010.001/swg.fits[1]
scw/2288/228800550010.001/swg.fits[1]
scw/2288/228800560010.001/swg.fits[1]
scw/2288/228800570010.001/swg.fits[1]
scw/2288/228800580010.001/swg.fits[1]
scw/2288/228800590010.001/swg.fits[1]
scw/2288/228800610010.001/swg.fits[1]
scw/2288/228800620010.001/swg.fits[1]
scw/2288/228800630010.001/swg.fits[1]
scw/2288/228800680010.001/swg.fits[1]
scw/2288/228800800010.001/swg.fits[1]
scw/2288/228800810010.001/swg.fits[1]
scw/2288/228800820010.001/swg.fits[1]
scw/2288/228800830010.001/swg.fits[1]
scw/2288/228800840010.001/swg.fits[1]
scw/2288/228800850010.001/swg.fits[1]
scw/2288/228800860010.001/swg.fits[1]
scw/2288/228800870010.001/swg.fits[1]
scw/2288/228800880010.001/swg.fits[1]
scw/2288/228800890010.001/swg.fits[1]
scw/2302/230200040010.001/swg.fits[1]
scw/2378/237800260010.001/swg.fits[1]
scw/2408/240800110010.001/swg.fits[1]
scw/2427/242700020010.001/swg.fits[1]
scw/2437/243700280010.001/swg.fits[1]
