scw/0501/050100200010.001/swg.fits[1]
scw/0501/050100210010.001/swg.fits[1]
scw/0501/050100220010.001/swg.fits[1]
scw/0501/050100230010.001/swg.fits[1]
scw/0562/056200140010.001/swg.fits[1]
scw/0562/056200150010.001/swg.fits[1]
scw/0562/056200160010.001/swg.fits[1]
scw/0562/056200170010.001/swg.fits[1]
scw/0562/056200180010.001/swg.fits[1]
scw/0562/056200190010.001/swg.fits[1]
scw/0729/072900660010.001/swg.fits[1]
scw/0729/072900670010.001/swg.fits[1]
scw/0729/072900680010.001/swg.fits[1]
scw/0730/073000950010.001/swg.fits[1]
scw/0730/073000960010.001/swg.fits[1]
scw/0730/073000970010.001/swg.fits[1]
scw/0730/073000980010.001/swg.fits[1]
scw/0730/073001000010.001/swg.fits[1]
scw/0730/073001010010.001/swg.fits[1]
scw/0730/073001020010.001/swg.fits[1]
scw/0730/073001030010.001/swg.fits[1]
scw/1038/103800210010.001/swg.fits[1]
scw/1038/103800220010.001/swg.fits[1]
scw/1038/103800230010.001/swg.fits[1]
scw/1038/103800240010.001/swg.fits[1]
scw/1038/103800250010.001/swg.fits[1]
scw/1038/103800260010.001/swg.fits[1]
scw/1038/103800270010.001/swg.fits[1]
scw/1038/103800280010.001/swg.fits[1]
scw/1038/103800370010.001/swg.fits[1]
scw/1038/103800380010.001/swg.fits[1]
scw/1038/103800390010.001/swg.fits[1]
scw/1038/103800400010.001/swg.fits[1]
scw/1038/103800410010.001/swg.fits[1]
scw/1038/103800420010.001/swg.fits[1]
scw/1038/103800430010.001/swg.fits[1]
scw/1038/103800440010.001/swg.fits[1]
scw/1039/103900210010.001/swg.fits[1]
scw/1039/103900220010.001/swg.fits[1]
scw/1039/103900230010.001/swg.fits[1]
scw/1039/103900240010.001/swg.fits[1]
scw/1039/103900250010.001/swg.fits[1]
scw/1039/103900260010.001/swg.fits[1]
scw/1039/103900270010.001/swg.fits[1]
scw/1039/103900280010.001/swg.fits[1]
scw/1039/103900370010.001/swg.fits[1]
scw/1039/103900380010.001/swg.fits[1]
scw/1039/103900390010.001/swg.fits[1]
scw/1039/103900400010.001/swg.fits[1]
scw/1039/103900410010.001/swg.fits[1]
scw/1039/103900420010.001/swg.fits[1]
scw/1039/103900430010.001/swg.fits[1]
scw/1039/103900440010.001/swg.fits[1]
scw/1039/103900830010.001/swg.fits[1]
scw/1039/103900840010.001/swg.fits[1]
scw/1039/103900850010.001/swg.fits[1]
scw/1039/103900860010.001/swg.fits[1]
scw/1039/103900870010.001/swg.fits[1]
scw/1039/103900880010.001/swg.fits[1]
scw/1039/103900890010.001/swg.fits[1]
scw/1039/103900900010.001/swg.fits[1]
scw/1154/115400070010.001/swg.fits[1]
scw/1154/115400160010.001/swg.fits[1]
scw/1154/115400170010.001/swg.fits[1]
scw/1154/115400370010.001/swg.fits[1]
scw/1154/115400380010.001/swg.fits[1]
scw/1154/115400400010.001/swg.fits[1]
scw/1154/115400410010.001/swg.fits[1]
scw/1154/115400420010.001/swg.fits[1]
scw/1154/115400430010.001/swg.fits[1]
scw/1154/115400440010.001/swg.fits[1]
scw/1154/115400450010.001/swg.fits[1]
scw/1161/116101060010.001/swg.fits[1]
scw/1161/116101070010.001/swg.fits[1]
scw/1161/116101080010.001/swg.fits[1]
scw/1161/116101090010.001/swg.fits[1]
scw/1161/116101100010.001/swg.fits[1]
scw/1161/116101110010.001/swg.fits[1]
scw/1161/116101120010.001/swg.fits[1]
scw/1161/116101130010.001/swg.fits[1]
scw/1163/116300360010.001/swg.fits[1]
scw/1163/116300370010.001/swg.fits[1]
scw/1163/116300380010.001/swg.fits[1]
scw/1163/116300390010.001/swg.fits[1]
scw/1163/116300400010.001/swg.fits[1]
scw/1163/116300410010.001/swg.fits[1]
scw/1163/116300420010.001/swg.fits[1]
scw/1163/116300430010.001/swg.fits[1]
scw/1163/116300520010.001/swg.fits[1]
scw/1163/116300530010.001/swg.fits[1]
scw/1163/116300540010.001/swg.fits[1]
scw/1163/116300550010.001/swg.fits[1]
scw/1163/116300570010.001/swg.fits[1]
scw/1163/116300580010.001/swg.fits[1]
scw/1163/116300590010.001/swg.fits[1]
scw/1163/116300600010.001/swg.fits[1]
scw/1163/116300980010.001/swg.fits[1]
scw/1163/116300990010.001/swg.fits[1]
scw/1163/116301010010.001/swg.fits[1]
scw/1163/116301020010.001/swg.fits[1]
scw/1163/116301030010.001/swg.fits[1]
scw/1163/116301040010.001/swg.fits[1]
scw/1163/116301050010.001/swg.fits[1]
scw/1164/116400060010.001/swg.fits[1]
scw/1164/116400070010.001/swg.fits[1]
scw/1164/116400090010.001/swg.fits[1]
scw/1164/116400100010.001/swg.fits[1]
scw/1164/116400110010.001/swg.fits[1]
scw/1164/116400120010.001/swg.fits[1]
scw/1164/116400130010.001/swg.fits[1]
scw/1164/116400140010.001/swg.fits[1]
scw/1164/116400530010.001/swg.fits[1]
scw/1164/116400540010.001/swg.fits[1]
scw/1164/116400550010.001/swg.fits[1]
scw/1164/116400560010.001/swg.fits[1]
scw/1164/116400570010.001/swg.fits[1]
scw/1164/116400580010.001/swg.fits[1]
scw/1164/116400590010.001/swg.fits[1]
scw/1164/116400600010.001/swg.fits[1]
scw/1164/116400690010.001/swg.fits[1]
scw/1164/116400700010.001/swg.fits[1]
scw/1164/116400710010.001/swg.fits[1]
scw/1164/116400720010.001/swg.fits[1]
scw/1164/116400730010.001/swg.fits[1]
scw/1164/116400740010.001/swg.fits[1]
scw/1164/116400750010.001/swg.fits[1]
scw/1164/116400760010.001/swg.fits[1]
scw/1165/116500060010.001/swg.fits[1]
scw/1165/116500070010.001/swg.fits[1]
scw/1165/116500080010.001/swg.fits[1]
scw/1165/116500090010.001/swg.fits[1]
scw/1165/116500100010.001/swg.fits[1]
scw/1165/116500110010.001/swg.fits[1]
scw/1165/116500120010.001/swg.fits[1]
scw/1165/116500130010.001/swg.fits[1]
scw/1165/116500500010.001/swg.fits[1]
scw/1165/116500510010.001/swg.fits[1]
scw/1165/116500520010.001/swg.fits[1]
scw/1165/116500530010.001/swg.fits[1]
scw/1165/116500540010.001/swg.fits[1]
scw/1165/116500550010.001/swg.fits[1]
scw/1165/116500560010.001/swg.fits[1]
scw/1165/116500570010.001/swg.fits[1]
scw/1165/116500660010.001/swg.fits[1]
scw/1165/116500670010.001/swg.fits[1]
scw/1165/116500680010.001/swg.fits[1]
scw/1165/116500690010.001/swg.fits[1]
scw/1165/116500700010.001/swg.fits[1]
scw/1165/116500710010.001/swg.fits[1]
scw/1165/116500720010.001/swg.fits[1]
scw/1165/116500730010.001/swg.fits[1]
scw/1166/116600060010.001/swg.fits[1]
scw/1166/116600070010.001/swg.fits[1]
scw/1166/116600080010.001/swg.fits[1]
scw/1166/116600090010.001/swg.fits[1]
scw/1166/116600100010.001/swg.fits[1]
scw/1166/116600110010.001/swg.fits[1]
scw/1166/116600120010.001/swg.fits[1]
scw/1166/116600130010.001/swg.fits[1]
scw/1166/116600520010.001/swg.fits[1]
scw/1166/116600530010.001/swg.fits[1]
scw/1166/116600540010.001/swg.fits[1]
scw/1166/116600550010.001/swg.fits[1]
scw/1166/116600570010.001/swg.fits[1]
scw/1166/116600580010.001/swg.fits[1]
scw/1166/116600590010.001/swg.fits[1]
scw/1166/116600600010.001/swg.fits[1]
scw/1166/116600690010.001/swg.fits[1]
scw/1166/116600700010.001/swg.fits[1]
scw/1166/116600720010.001/swg.fits[1]
scw/1166/116600730010.001/swg.fits[1]
scw/1166/116600740010.001/swg.fits[1]
scw/1166/116600750010.001/swg.fits[1]
scw/1166/116600760010.001/swg.fits[1]
scw/1166/116600770010.001/swg.fits[1]
scw/1167/116700360010.001/swg.fits[1]
scw/1167/116700370010.001/swg.fits[1]
scw/1167/116700380010.001/swg.fits[1]
scw/1167/116700390010.001/swg.fits[1]
scw/1167/116700400010.001/swg.fits[1]
scw/1167/116700410010.001/swg.fits[1]
scw/1167/116700420010.001/swg.fits[1]
scw/1167/116700430010.001/swg.fits[1]
scw/1167/116700520010.001/swg.fits[1]
scw/1167/116700530010.001/swg.fits[1]
scw/1167/116700540010.001/swg.fits[1]
scw/1167/116700550010.001/swg.fits[1]
scw/1167/116700560010.001/swg.fits[1]
scw/1167/116700570010.001/swg.fits[1]
scw/1167/116700580010.001/swg.fits[1]
scw/1167/116700590010.001/swg.fits[1]
scw/1167/116700990010.001/swg.fits[1]
scw/1167/116701000010.001/swg.fits[1]
scw/1167/116701010010.001/swg.fits[1]
scw/1167/116701020010.001/swg.fits[1]
scw/1167/116701030010.001/swg.fits[1]
scw/1167/116701040010.001/swg.fits[1]
scw/1167/116701050010.001/swg.fits[1]
scw/1167/116701060010.001/swg.fits[1]
scw/1168/116800060010.001/swg.fits[1]
scw/1168/116800070010.001/swg.fits[1]
scw/1168/116800080010.001/swg.fits[1]
scw/1168/116800090010.001/swg.fits[1]
scw/1168/116800100010.001/swg.fits[1]
scw/1168/116800110010.001/swg.fits[1]
scw/1168/116800120010.001/swg.fits[1]
scw/1168/116800130010.001/swg.fits[1]
scw/1168/116800520010.001/swg.fits[1]
scw/1168/116800530010.001/swg.fits[1]
scw/1168/116800540010.001/swg.fits[1]
scw/1168/116800550010.001/swg.fits[1]
scw/1168/116800560010.001/swg.fits[1]
scw/1168/116800570010.001/swg.fits[1]
scw/1168/116800580010.001/swg.fits[1]
scw/1168/116800590010.001/swg.fits[1]
scw/1168/116800680010.001/swg.fits[1]
scw/1168/116800690010.001/swg.fits[1]
scw/1168/116800700010.001/swg.fits[1]
scw/1168/116800710010.001/swg.fits[1]
scw/1168/116800720010.001/swg.fits[1]
scw/1168/116800730010.001/swg.fits[1]
scw/1168/116800740010.001/swg.fits[1]
scw/1168/116800750010.001/swg.fits[1]
scw/1169/116900220010.001/swg.fits[1]
scw/1169/116900230010.001/swg.fits[1]
scw/1169/116900240010.001/swg.fits[1]
scw/1169/116900250010.001/swg.fits[1]
scw/1169/116900260010.001/swg.fits[1]
scw/1169/116900270010.001/swg.fits[1]
scw/1169/116900280010.001/swg.fits[1]
scw/1169/116900290010.001/swg.fits[1]
scw/2083/208300040010.001/swg.fits[1]
scw/2083/208300050010.001/swg.fits[1]
scw/2083/208300060010.001/swg.fits[1]
scw/2083/208300070010.001/swg.fits[1]
scw/2083/208300080010.001/swg.fits[1]
scw/2083/208300090010.001/swg.fits[1]
scw/2083/208300100010.001/swg.fits[1]
scw/2083/208300130010.001/swg.fits[1]
scw/2083/208300140010.001/swg.fits[1]
scw/2083/208300150010.001/swg.fits[1]
scw/2083/208300160010.001/swg.fits[1]
scw/2083/208300170010.001/swg.fits[1]
scw/2083/208300180010.001/swg.fits[1]
scw/2083/208300190010.001/swg.fits[1]
scw/2083/208300240010.001/swg.fits[1]
scw/2083/208300250010.001/swg.fits[1]
scw/2083/208300260010.001/swg.fits[1]
scw/2083/208300300010.001/swg.fits[1]
scw/2083/208300310010.001/swg.fits[1]
scw/2083/208300320010.001/swg.fits[1]
scw/2083/208300330010.001/swg.fits[1]
scw/2083/208300340010.001/swg.fits[1]
scw/2083/208300350010.001/swg.fits[1]
scw/2083/208300360010.001/swg.fits[1]
scw/2083/208300390010.001/swg.fits[1]
scw/2083/208300400010.001/swg.fits[1]
scw/2083/208300410010.001/swg.fits[1]
scw/2083/208300420010.001/swg.fits[1]
scw/2083/208300430010.001/swg.fits[1]
scw/2083/208300440010.001/swg.fits[1]
scw/2125/212500190010.001/swg.fits[1]
scw/2125/212500200010.001/swg.fits[1]
scw/2125/212500210010.001/swg.fits[1]
scw/2125/212500260010.001/swg.fits[1]
scw/2125/212500270010.001/swg.fits[1]
scw/2125/212500280010.001/swg.fits[1]
scw/2125/212500450010.001/swg.fits[1]
scw/2125/212500460010.001/swg.fits[1]
scw/2125/212500470010.001/swg.fits[1]
scw/2223/222300020010.001/swg.fits[1]
scw/2223/222300060010.001/swg.fits[1]
scw/2223/222300070010.001/swg.fits[1]
scw/2223/222300080010.001/swg.fits[1]
scw/2223/222300090010.001/swg.fits[1]
scw/2223/222300100010.001/swg.fits[1]
scw/2223/222300110010.001/swg.fits[1]
scw/2223/222300120010.001/swg.fits[1]
scw/2223/222300130010.001/swg.fits[1]
scw/2223/222300150010.001/swg.fits[1]
scw/2223/222300160010.001/swg.fits[1]
scw/2223/222300170010.001/swg.fits[1]
scw/2223/222300180010.001/swg.fits[1]
scw/2223/222300190010.001/swg.fits[1]
scw/2223/222300200010.001/swg.fits[1]
scw/2223/222300210010.001/swg.fits[1]
scw/2223/222300260010.001/swg.fits[1]
scw/2223/222300270010.001/swg.fits[1]
scw/2223/222300280010.001/swg.fits[1]
scw/2223/222300320010.001/swg.fits[1]
scw/2223/222300330010.001/swg.fits[1]
scw/2223/222300340010.001/swg.fits[1]
scw/2223/222300350010.001/swg.fits[1]
scw/2223/222300360010.001/swg.fits[1]
scw/2223/222300370010.001/swg.fits[1]
scw/2223/222300380010.001/swg.fits[1]
scw/2223/222300410010.001/swg.fits[1]
scw/2223/222300420010.001/swg.fits[1]
scw/2223/222300430010.001/swg.fits[1]
scw/2223/222300440010.001/swg.fits[1]
scw/2223/222300450010.001/swg.fits[1]
scw/2223/222300460010.001/swg.fits[1]
scw/2223/222300470010.001/swg.fits[1]
scw/2223/222300520010.001/swg.fits[1]
scw/2223/222300530010.001/swg.fits[1]
scw/2223/222300540010.001/swg.fits[1]
scw/2252/225200400010.001/swg.fits[1]
scw/2252/225200410010.001/swg.fits[1]
scw/2252/225200420010.001/swg.fits[1]
scw/2253/225300270010.001/swg.fits[1]
scw/2261/226100190010.001/swg.fits[1]
scw/2264/226400470010.001/swg.fits[1]
scw/2264/226400480010.001/swg.fits[1]
scw/2264/226400490010.001/swg.fits[1]
scw/2264/226400540010.001/swg.fits[1]
scw/2264/226400550010.001/swg.fits[1]
scw/2264/226400560010.001/swg.fits[1]
scw/2264/226400570010.001/swg.fits[1]
scw/2264/226400590010.001/swg.fits[1]
scw/2264/226400640010.001/swg.fits[1]
scw/2264/226400650010.001/swg.fits[1]
scw/2264/226400660010.001/swg.fits[1]
scw/2330/233000690010.001/swg.fits[1]
scw/2331/233100020010.001/swg.fits[1]
scw/2333/233300020010.001/swg.fits[1]
scw/2335/233500020010.001/swg.fits[1]
scw/2337/233700020010.001/swg.fits[1]
scw/2346/234600270010.001/swg.fits[1]
scw/2359/235900560010.001/swg.fits[1]
scw/2397/239700310010.001/swg.fits[1]
