scw/0262/026200510010.001/swg.fits[1]
scw/0263/026300410010.001/swg.fits[1]
scw/0263/026300420010.001/swg.fits[1]
scw/0641/064100140010.001/swg.fits[1]
scw/0641/064100170010.001/swg.fits[1]
scw/0641/064100180010.001/swg.fits[1]
scw/0641/064100190010.001/swg.fits[1]
scw/0641/064100200010.001/swg.fits[1]
scw/0641/064100230010.001/swg.fits[1]
scw/0641/064100240010.001/swg.fits[1]
scw/0641/064100250010.001/swg.fits[1]
scw/0641/064100260010.001/swg.fits[1]
scw/0641/064100310010.001/swg.fits[1]
scw/0641/064100320010.001/swg.fits[1]
scw/0641/064100330010.001/swg.fits[1]
scw/0641/064100340010.001/swg.fits[1]
scw/0641/064100350010.001/swg.fits[1]
scw/0641/064100370010.001/swg.fits[1]
scw/0641/064100380010.001/swg.fits[1]
scw/0641/064100390010.001/swg.fits[1]
scw/0641/064100400010.001/swg.fits[1]
scw/0641/064100430010.001/swg.fits[1]
scw/0642/064200040010.001/swg.fits[1]
scw/0642/064200080010.001/swg.fits[1]
scw/0642/064200090010.001/swg.fits[1]
scw/0642/064200100010.001/swg.fits[1]
scw/0642/064200130010.001/swg.fits[1]
scw/0642/064200140010.001/swg.fits[1]
scw/0642/064200150010.001/swg.fits[1]
scw/0642/064200160010.001/swg.fits[1]
scw/0642/064200170010.001/swg.fits[1]
scw/0642/064200180010.001/swg.fits[1]
scw/0642/064200190010.001/swg.fits[1]
scw/0642/064200200010.001/swg.fits[1]
scw/0642/064200210010.001/swg.fits[1]
scw/0642/064200230010.001/swg.fits[1]
scw/0642/064200240010.001/swg.fits[1]
scw/0642/064200250010.001/swg.fits[1]
scw/0642/064200290010.001/swg.fits[1]
scw/0642/064200300010.001/swg.fits[1]
scw/0642/064200540010.001/swg.fits[1]
scw/0642/064200550010.001/swg.fits[1]
scw/0642/064200570010.001/swg.fits[1]
scw/0642/064200580010.001/swg.fits[1]
scw/0642/064200590010.001/swg.fits[1]
scw/0642/064200630010.001/swg.fits[1]
scw/0642/064200640010.001/swg.fits[1]
scw/0642/064200650010.001/swg.fits[1]
scw/0642/064200660010.001/swg.fits[1]
scw/1128/112800330010.001/swg.fits[1]
scw/2256/225600060010.001/swg.fits[1]
scw/2256/225600080010.001/swg.fits[1]
scw/2256/225600090010.001/swg.fits[1]
scw/2256/225600100010.001/swg.fits[1]
scw/2256/225600110010.001/swg.fits[1]
scw/2256/225600110020.001/swg.fits[1]
scw/2256/225600120010.001/swg.fits[1]
scw/2256/225600130010.001/swg.fits[1]
scw/2256/225600140010.001/swg.fits[1]
scw/2256/225600150010.001/swg.fits[1]
scw/2256/225600160010.001/swg.fits[1]
scw/2256/225600170010.001/swg.fits[1]
scw/2256/225600180010.001/swg.fits[1]
scw/2256/225600190010.001/swg.fits[1]
scw/2256/225600200010.001/swg.fits[1]
scw/2256/225600210010.001/swg.fits[1]
scw/2256/225600220010.001/swg.fits[1]
scw/2256/225600230010.001/swg.fits[1]
scw/2256/225600240010.001/swg.fits[1]
scw/2256/225600250010.001/swg.fits[1]
scw/2256/225600260010.001/swg.fits[1]
scw/2256/225600270010.001/swg.fits[1]
scw/2256/225600280010.001/swg.fits[1]
scw/2256/225600290010.001/swg.fits[1]
scw/2256/225600310010.001/swg.fits[1]
scw/2256/225600320010.001/swg.fits[1]
scw/2256/225600330010.001/swg.fits[1]
scw/2267/226700710010.001/swg.fits[1]
scw/2336/233600830010.001/swg.fits[1]
