scw/0040/004000080010.001/swg.fits[1]
scw/0040/004000080020.001/swg.fits[1]
scw/0040/004000080030.001/swg.fits[1]
scw/0041/004100010010.001/swg.fits[1]
scw/0041/004100010020.001/swg.fits[1]
scw/0041/004100010030.001/swg.fits[1]
scw/0041/004100010040.001/swg.fits[1]
scw/0041/004100010050.001/swg.fits[1]
scw/0041/004100010060.001/swg.fits[1]
scw/0041/004100010070.001/swg.fits[1]
scw/0041/004100010080.001/swg.fits[1]
scw/0041/004100010090.001/swg.fits[1]
scw/0041/004100010100.001/swg.fits[1]
scw/0041/004100010110.001/swg.fits[1]
scw/0041/004100010120.001/swg.fits[1]
scw/0041/004100010130.001/swg.fits[1]
scw/0041/004100010140.001/swg.fits[1]
scw/0041/004100010150.001/swg.fits[1]
scw/0102/010200060010.001/swg.fits[1]
scw/0102/010200070010.001/swg.fits[1]
scw/0102/010200070020.001/swg.fits[1]
scw/0102/010200070030.001/swg.fits[1]
scw/0102/010200070040.001/swg.fits[1]
scw/0102/010200070050.001/swg.fits[1]
scw/0102/010200070060.001/swg.fits[1]
scw/0102/010200070070.001/swg.fits[1]
scw/0102/010200070080.001/swg.fits[1]
scw/0102/010200070090.001/swg.fits[1]
scw/0102/010200070100.001/swg.fits[1]
scw/0102/010200070110.001/swg.fits[1]
scw/0102/010200070120.001/swg.fits[1]
scw/0102/010200070130.001/swg.fits[1]
scw/0102/010200070140.001/swg.fits[1]
scw/0102/010200070150.001/swg.fits[1]
scw/0102/010200070160.001/swg.fits[1]
scw/0102/010200350010.001/swg.fits[1]
scw/0102/010200350020.001/swg.fits[1]
scw/0102/010200350030.001/swg.fits[1]
scw/0102/010200350040.001/swg.fits[1]
scw/0102/010200350050.001/swg.fits[1]
scw/0102/010200350060.001/swg.fits[1]
scw/0102/010200350070.001/swg.fits[1]
scw/0102/010200350080.001/swg.fits[1]
scw/0102/010200350090.001/swg.fits[1]
scw/0102/010200350100.001/swg.fits[1]
scw/0102/010200350110.001/swg.fits[1]
scw/0102/010200350120.001/swg.fits[1]
scw/0102/010200350130.001/swg.fits[1]
scw/0102/010200350140.001/swg.fits[1]
scw/0102/010200350150.001/swg.fits[1]
scw/0102/010200350160.001/swg.fits[1]
scw/0102/010200350170.001/swg.fits[1]
scw/0170/017000020010.001/swg.fits[1]
scw/0170/017000060010.001/swg.fits[1]
scw/0170/017000080010.001/swg.fits[1]
scw/0170/017000100010.001/swg.fits[1]
scw/0170/017000110010.001/swg.fits[1]
scw/0300/030000080010.001/swg.fits[1]
scw/0300/030000680010.001/swg.fits[1]
scw/0300/030000690010.001/swg.fits[1]
scw/0300/030000700010.001/swg.fits[1]
scw/0300/030000710010.001/swg.fits[1]
scw/0300/030000720010.001/swg.fits[1]
scw/0300/030000730010.001/swg.fits[1]
scw/0300/030000740010.001/swg.fits[1]
scw/0300/030000750010.001/swg.fits[1]
scw/0422/042200060010.001/swg.fits[1]
scw/0464/046400040010.001/swg.fits[1]
scw/0464/046400050010.001/swg.fits[1]
scw/0464/046400060010.001/swg.fits[1]
scw/0464/046400070010.001/swg.fits[1]
scw/0464/046400080010.001/swg.fits[1]
scw/0464/046400090010.001/swg.fits[1]
scw/0464/046400100010.001/swg.fits[1]
scw/0464/046400110010.001/swg.fits[1]
scw/0464/046400120010.001/swg.fits[1]
scw/0464/046400130010.001/swg.fits[1]
scw/0464/046400140010.001/swg.fits[1]
scw/0464/046400150010.001/swg.fits[1]
scw/0464/046400160010.001/swg.fits[1]
scw/0464/046400170010.001/swg.fits[1]
scw/0464/046400180010.001/swg.fits[1]
scw/0464/046400190010.001/swg.fits[1]
scw/0464/046400200010.001/swg.fits[1]
scw/0464/046400210010.001/swg.fits[1]
scw/0464/046400220010.001/swg.fits[1]
scw/0464/046400230010.001/swg.fits[1]
scw/0464/046400240010.001/swg.fits[1]
scw/0464/046400250010.001/swg.fits[1]
scw/0464/046400260010.001/swg.fits[1]
scw/0464/046400270010.001/swg.fits[1]
scw/0464/046400280010.001/swg.fits[1]
scw/0464/046400290010.001/swg.fits[1]
scw/0464/046400300010.001/swg.fits[1]
scw/0464/046400310010.001/swg.fits[1]
scw/0464/046400320010.001/swg.fits[1]
scw/0464/046400330010.001/swg.fits[1]
scw/0464/046400340010.001/swg.fits[1]
scw/0464/046400350010.001/swg.fits[1]
scw/0464/046400360010.001/swg.fits[1]
scw/0464/046400370010.001/swg.fits[1]
scw/0464/046400380010.001/swg.fits[1]
scw/0464/046400390010.001/swg.fits[1]
scw/0464/046400400010.001/swg.fits[1]
scw/0464/046400410010.001/swg.fits[1]
scw/0464/046400420010.001/swg.fits[1]
scw/0464/046400430010.001/swg.fits[1]
scw/0464/046400440010.001/swg.fits[1]
scw/0464/046400450010.001/swg.fits[1]
scw/0464/046400460010.001/swg.fits[1]
scw/0464/046400470010.001/swg.fits[1]
scw/0464/046400480010.001/swg.fits[1]
scw/0464/046400490010.001/swg.fits[1]
scw/0464/046400500010.001/swg.fits[1]
scw/0464/046400510010.001/swg.fits[1]
scw/0464/046400520010.001/swg.fits[1]
scw/0464/046400530010.001/swg.fits[1]
scw/0541/054100060010.001/swg.fits[1]
scw/0541/054100470010.001/swg.fits[1]
scw/0605/060500240010.001/swg.fits[1]
scw/0605/060500330010.001/swg.fits[1]
scw/0646/064600110010.001/swg.fits[1]
scw/0646/064600120010.001/swg.fits[1]
scw/0646/064600200010.001/swg.fits[1]
scw/0646/064600210010.001/swg.fits[1]
scw/0646/064600220010.001/swg.fits[1]
scw/0646/064600230010.001/swg.fits[1]
scw/0646/064600240010.001/swg.fits[1]
scw/0646/064600300010.001/swg.fits[1]
scw/0646/064600310010.001/swg.fits[1]
scw/0646/064600320010.001/swg.fits[1]
scw/0646/064600330010.001/swg.fits[1]
scw/0646/064600410010.001/swg.fits[1]
scw/0646/064600420010.001/swg.fits[1]
scw/0646/064600610010.001/swg.fits[1]
scw/0646/064600620010.001/swg.fits[1]
scw/0646/064600700010.001/swg.fits[1]
scw/0646/064600710010.001/swg.fits[1]
scw/0646/064600720010.001/swg.fits[1]
scw/0646/064600730010.001/swg.fits[1]
scw/0662/066200210010.001/swg.fits[1]
scw/0662/066200220010.001/swg.fits[1]
scw/0662/066200230010.001/swg.fits[1]
scw/0662/066200300010.001/swg.fits[1]
scw/0662/066200310010.001/swg.fits[1]
scw/0662/066200320010.001/swg.fits[1]
scw/0662/066200330010.001/swg.fits[1]
scw/0662/066200400010.001/swg.fits[1]
scw/0662/066200410010.001/swg.fits[1]
scw/0662/066200420010.001/swg.fits[1]
scw/0662/066200430010.001/swg.fits[1]
scw/0662/066200510010.001/swg.fits[1]
scw/0662/066200520010.001/swg.fits[1]
scw/0662/066200610010.001/swg.fits[1]
scw/0662/066200710010.001/swg.fits[1]
scw/0662/066200720010.001/swg.fits[1]
scw/0662/066200730010.001/swg.fits[1]
scw/0662/066200800010.001/swg.fits[1]
scw/0662/066200810010.001/swg.fits[1]
scw/0662/066200820010.001/swg.fits[1]
scw/0662/066200830010.001/swg.fits[1]
scw/0662/066200900010.001/swg.fits[1]
scw/0662/066200910010.001/swg.fits[1]
scw/0662/066200920010.001/swg.fits[1]
scw/0662/066201010010.001/swg.fits[1]
scw/0662/066201020010.001/swg.fits[1]
scw/0665/066500470010.001/swg.fits[1]
scw/0665/066500560010.001/swg.fits[1]
scw/0665/066500970010.001/swg.fits[1]
scw/0665/066500980010.001/swg.fits[1]
scw/0666/066600060010.001/swg.fits[1]
scw/0666/066600480010.001/swg.fits[1]
scw/0666/066600570010.001/swg.fits[1]
scw/0666/066600980010.001/swg.fits[1]
scw/0666/066600990010.001/swg.fits[1]
scw/0706/070600080010.001/swg.fits[1]
scw/0707/070700470010.001/swg.fits[1]
scw/0707/070700480010.001/swg.fits[1]
scw/0708/070800380010.001/swg.fits[1]
scw/0709/070900200010.001/swg.fits[1]
scw/0710/071000070010.001/swg.fits[1]
scw/0715/071500140010.001/swg.fits[1]
scw/0715/071500150010.001/swg.fits[1]
scw/0715/071500160010.001/swg.fits[1]
scw/0715/071500170010.001/swg.fits[1]
scw/0715/071500180010.001/swg.fits[1]
scw/0715/071500250010.001/swg.fits[1]
scw/0715/071500260010.001/swg.fits[1]
scw/0715/071500270010.001/swg.fits[1]
scw/0715/071500460010.001/swg.fits[1]
scw/0715/071500470010.001/swg.fits[1]
scw/0715/071500550010.001/swg.fits[1]
scw/0715/071500560010.001/swg.fits[1]
scw/0715/071500570010.001/swg.fits[1]
scw/0715/071500580010.001/swg.fits[1]
scw/0715/071500650010.001/swg.fits[1]
scw/0715/071500660010.001/swg.fits[1]
scw/0715/071500670010.001/swg.fits[1]
scw/0716/071600110010.001/swg.fits[1]
scw/0716/071600190010.001/swg.fits[1]
scw/0716/071600200010.001/swg.fits[1]
scw/0716/071600390010.001/swg.fits[1]
scw/0716/071600400010.001/swg.fits[1]
scw/0716/071600490010.001/swg.fits[1]
scw/0716/071600500010.001/swg.fits[1]
scw/0716/071600510010.001/swg.fits[1]
scw/0716/071600570010.001/swg.fits[1]
scw/0716/071600580010.001/swg.fits[1]
scw/0724/072400030010.001/swg.fits[1]
scw/0724/072400040010.001/swg.fits[1]
scw/0724/072400050010.001/swg.fits[1]
scw/0724/072400060010.001/swg.fits[1]
scw/0724/072400150010.001/swg.fits[1]
scw/0724/072400240010.001/swg.fits[1]
scw/0724/072400250010.001/swg.fits[1]
scw/0724/072400330010.001/swg.fits[1]
scw/0724/072400340010.001/swg.fits[1]
scw/0724/072400350010.001/swg.fits[1]
scw/0724/072400360010.001/swg.fits[1]
scw/0724/072400430010.001/swg.fits[1]
scw/0724/072400440010.001/swg.fits[1]
scw/0724/072400560010.001/swg.fits[1]
scw/0727/072700220010.001/swg.fits[1]
scw/0727/072700310010.001/swg.fits[1]
scw/0727/072700720010.001/swg.fits[1]
scw/0727/072700800010.001/swg.fits[1]
scw/0727/072700810010.001/swg.fits[1]
scw/0728/072800230010.001/swg.fits[1]
scw/0728/072800300010.001/swg.fits[1]
scw/0728/072800710010.001/swg.fits[1]
scw/0728/072800820010.001/swg.fits[1]
scw/0728/072800830010.001/swg.fits[1]
scw/0772/077200320010.001/swg.fits[1]
scw/0772/077200410010.001/swg.fits[1]
scw/0773/077300220010.001/swg.fits[1]
scw/0773/077300310010.001/swg.fits[1]
scw/0773/077300320010.001/swg.fits[1]
scw/0774/077400060010.001/swg.fits[1]
scw/0774/077400520010.001/swg.fits[1]
scw/0774/077400530010.001/swg.fits[1]
scw/0774/077400540010.001/swg.fits[1]
scw/0774/077400550010.001/swg.fits[1]
scw/0774/077400560010.001/swg.fits[1]
scw/0774/077400570010.001/swg.fits[1]
scw/0774/077400580010.001/swg.fits[1]
scw/0774/077400590010.001/swg.fits[1]
scw/0774/077400600010.001/swg.fits[1]
scw/0774/077400610010.001/swg.fits[1]
scw/0774/077400620010.001/swg.fits[1]
scw/0774/077400630010.001/swg.fits[1]
scw/0774/077400640010.001/swg.fits[1]
scw/0774/077400650010.001/swg.fits[1]
scw/0774/077400660010.001/swg.fits[1]
scw/0774/077400670010.001/swg.fits[1]
scw/0774/077400680010.001/swg.fits[1]
scw/0774/077400690010.001/swg.fits[1]
scw/0775/077500120010.001/swg.fits[1]
scw/0775/077500210010.001/swg.fits[1]
scw/0839/083900220010.001/swg.fits[1]
scw/0839/083900300010.001/swg.fits[1]
scw/0839/083900930010.001/swg.fits[1]
scw/0839/083901010010.001/swg.fits[1]
scw/0902/090200080010.001/swg.fits[1]
scw/0902/090200480010.001/swg.fits[1]
scw/0967/096700520010.001/swg.fits[1]
scw/0968/096800020010.001/swg.fits[1]
scw/0968/096800030010.001/swg.fits[1]
scw/0968/096800060010.001/swg.fits[1]
scw/0968/096800090010.001/swg.fits[1]
scw/0968/096800120010.001/swg.fits[1]
scw/0968/096800150010.001/swg.fits[1]
scw/0968/096800180010.001/swg.fits[1]
scw/0968/096800210010.001/swg.fits[1]
scw/0968/096800230010.001/swg.fits[1]
scw/0968/096800240010.001/swg.fits[1]
scw/0968/096800260010.001/swg.fits[1]
scw/0968/096800270010.001/swg.fits[1]
scw/0968/096800290010.001/swg.fits[1]
scw/0968/096800300010.001/swg.fits[1]
scw/0968/096800330010.001/swg.fits[1]
scw/0968/096800360010.001/swg.fits[1]
scw/0968/096800390010.001/swg.fits[1]
scw/0968/096800410010.001/swg.fits[1]
scw/0968/096800420010.001/swg.fits[1]
scw/0968/096800440010.001/swg.fits[1]
scw/0968/096800450010.001/swg.fits[1]
scw/0968/096800470010.001/swg.fits[1]
scw/0968/096800480010.001/swg.fits[1]
scw/0970/097000220010.001/swg.fits[1]
scw/1019/101900570010.001/swg.fits[1]
scw/1019/101901050010.001/swg.fits[1]
scw/1089/108900220010.001/swg.fits[1]
scw/1089/108900300010.001/swg.fits[1]
scw/1096/109600040010.001/swg.fits[1]
scw/1096/109600050010.001/swg.fits[1]
scw/1096/109600060010.001/swg.fits[1]
scw/1096/109600070010.001/swg.fits[1]
scw/1096/109600080010.001/swg.fits[1]
scw/1096/109600110010.001/swg.fits[1]
scw/1096/109600140010.001/swg.fits[1]
scw/1096/109600170010.001/swg.fits[1]
scw/1096/109600190010.001/swg.fits[1]
scw/1096/109600200010.001/swg.fits[1]
scw/1096/109600220010.001/swg.fits[1]
scw/1096/109600230010.001/swg.fits[1]
scw/1096/109600250010.001/swg.fits[1]
scw/1096/109600260010.001/swg.fits[1]
scw/1096/109600280010.001/swg.fits[1]
scw/1096/109600290010.001/swg.fits[1]
scw/1096/109600310010.001/swg.fits[1]
scw/1096/109600320010.001/swg.fits[1]
scw/1096/109600340010.001/swg.fits[1]
scw/1096/109600350010.001/swg.fits[1]
scw/1096/109600370010.001/swg.fits[1]
scw/1096/109600380010.001/swg.fits[1]
scw/1096/109600400010.001/swg.fits[1]
scw/1096/109600410010.001/swg.fits[1]
scw/1096/109600430010.001/swg.fits[1]
scw/1096/109600440010.001/swg.fits[1]
scw/1096/109600460010.001/swg.fits[1]
scw/1096/109600470010.001/swg.fits[1]
scw/1096/109600490010.001/swg.fits[1]
scw/1096/109600500010.001/swg.fits[1]
scw/1159/115900080010.001/swg.fits[1]
scw/1159/115900480010.001/swg.fits[1]
scw/1159/115900610010.001/swg.fits[1]
scw/1159/115901010010.001/swg.fits[1]
scw/1160/116000060010.001/swg.fits[1]
scw/1160/116000460010.001/swg.fits[1]
scw/1160/116000560010.001/swg.fits[1]
scw/1160/116000960010.001/swg.fits[1]
scw/1221/122100740010.001/swg.fits[1]
scw/1221/122100820010.001/swg.fits[1]
scw/1268/126800080010.001/swg.fits[1]
scw/1268/126800480010.001/swg.fits[1]
scw/1268/126800610010.001/swg.fits[1]
scw/1268/126801010010.001/swg.fits[1]
scw/1269/126900060010.001/swg.fits[1]
scw/1269/126900460010.001/swg.fits[1]
scw/1269/126900540010.001/swg.fits[1]
scw/1269/126900940010.001/swg.fits[1]
scw/1278/127800080010.001/swg.fits[1]
scw/1327/132700220010.001/swg.fits[1]
scw/1327/132700310010.001/swg.fits[1]
scw/1327/132700750010.001/swg.fits[1]
scw/1327/132700840010.001/swg.fits[1]
scw/1328/132800220010.001/swg.fits[1]
scw/1328/132800310010.001/swg.fits[1]
scw/1328/132800720010.001/swg.fits[1]
scw/1328/132800800010.001/swg.fits[1]
scw/1328/132800810010.001/swg.fits[1]
scw/1342/134200140010.001/swg.fits[1]
scw/1387/138700080010.001/swg.fits[1]
scw/1387/138700490010.001/swg.fits[1]
scw/1387/138700610010.001/swg.fits[1]
scw/1387/138701020010.001/swg.fits[1]
scw/1444/144400760010.001/swg.fits[1]
scw/1447/144700650010.001/swg.fits[1]
scw/1452/145200550010.001/swg.fits[1]
scw/1456/145600260010.001/swg.fits[1]
scw/1456/145600270010.001/swg.fits[1]
scw/1461/146100190010.001/swg.fits[1]
scw/1461/146100590010.001/swg.fits[1]
scw/1461/146100850010.001/swg.fits[1]
scw/1462/146200220010.001/swg.fits[1]
scw/1462/146200310010.001/swg.fits[1]
scw/1462/146200720010.001/swg.fits[1]
scw/1462/146200810010.001/swg.fits[1]
scw/1466/146600890010.001/swg.fits[1]
scw/1468/146800120010.001/swg.fits[1]
scw/1508/150800060010.001/swg.fits[1]
scw/1515/151500080010.001/swg.fits[1]
scw/1515/151500360010.001/swg.fits[1]
scw/1516/151600080010.001/swg.fits[1]
scw/1516/151600490010.001/swg.fits[1]
scw/1516/151600490020.001/swg.fits[1]
scw/1520/152000060010.001/swg.fits[1]
scw/1524/152400060010.001/swg.fits[1]
scw/1528/152800080010.001/swg.fits[1]
scw/1589/158900220010.001/swg.fits[1]
scw/1593/159300590010.001/swg.fits[1]
scw/1598/159800260010.001/swg.fits[1]
scw/1598/159800550010.001/swg.fits[1]
scw/1599/159900220010.001/swg.fits[1]
scw/1599/159900310010.001/swg.fits[1]
scw/1644/164400080010.001/swg.fits[1]
scw/1648/164800390010.001/swg.fits[1]
scw/1652/165200080010.001/swg.fits[1]
scw/1657/165700840010.001/swg.fits[1]
scw/1657/165700850010.001/swg.fits[1]
scw/1658/165800050010.001/swg.fits[1]
scw/1661/166100320010.001/swg.fits[1]
scw/1662/166200060010.001/swg.fits[1]
scw/1662/166200320010.001/swg.fits[1]
scw/1664/166400220010.001/swg.fits[1]
scw/1667/166700560010.001/swg.fits[1]
scw/1715/171500100010.001/swg.fits[1]
scw/1719/171900900010.001/swg.fits[1]
scw/1723/172300240010.001/swg.fits[1]
scw/1723/172300520010.001/swg.fits[1]
scw/1724/172400220010.001/swg.fits[1]
scw/1724/172400480010.001/swg.fits[1]
scw/1728/172800710010.001/swg.fits[1]
scw/1781/178100080010.001/swg.fits[1]
scw/1784/178400100010.001/swg.fits[1]
scw/1784/178400380010.001/swg.fits[1]
scw/1785/178500060010.001/swg.fits[1]
scw/1785/178500320010.001/swg.fits[1]
scw/1789/178900850010.001/swg.fits[1]
scw/1794/179400080010.001/swg.fits[1]
scw/1801/180100080010.001/swg.fits[1]
scw/1850/185000080010.001/swg.fits[1]
scw/1856/185600240010.001/swg.fits[1]
scw/1856/185600520010.001/swg.fits[1]
scw/1857/185700220010.001/swg.fits[1]
scw/1857/185700480010.001/swg.fits[1]
scw/1910/191000260010.001/swg.fits[1]
scw/1921/192100260010.001/swg.fits[1]
scw/1925/192500060010.001/swg.fits[1]
scw/1927/192700060010.001/swg.fits[1]
scw/1927/192700340010.001/swg.fits[1]
scw/1928/192800060010.001/swg.fits[1]
scw/1928/192800470010.001/swg.fits[1]
scw/1928/192800590010.001/swg.fits[1]
scw/1930/193000220010.001/swg.fits[1]
scw/1988/198800040010.001/swg.fits[1]
scw/1988/198800050010.001/swg.fits[1]
scw/1988/198800060010.001/swg.fits[1]
scw/1988/198800070010.001/swg.fits[1]
scw/1988/198800080010.001/swg.fits[1]
scw/1988/198800090010.001/swg.fits[1]
scw/1988/198800150010.001/swg.fits[1]
scw/1988/198800160010.001/swg.fits[1]
scw/1988/198800170010.001/swg.fits[1]
scw/1988/198800180010.001/swg.fits[1]
scw/1988/198800260010.001/swg.fits[1]
scw/1988/198800270010.001/swg.fits[1]
scw/1988/198800360010.001/swg.fits[1]
scw/1988/198800370010.001/swg.fits[1]
scw/1988/198800380010.001/swg.fits[1]
scw/1988/198800450010.001/swg.fits[1]
scw/1988/198800460010.001/swg.fits[1]
scw/1988/198800470010.001/swg.fits[1]
scw/1988/198800480010.001/swg.fits[1]
scw/1988/198800490010.001/swg.fits[1]
scw/1990/199000240010.001/swg.fits[1]
scw/1990/199000250010.001/swg.fits[1]
scw/1990/199000260010.001/swg.fits[1]
scw/1990/199000270010.001/swg.fits[1]
scw/1990/199000280010.001/swg.fits[1]
scw/1990/199000350010.001/swg.fits[1]
scw/1990/199000360010.001/swg.fits[1]
scw/1990/199000370010.001/swg.fits[1]
scw/1990/199000460010.001/swg.fits[1]
scw/1991/199100330010.001/swg.fits[1]
scw/1996/199600250010.001/swg.fits[1]
scw/1999/199900240010.001/swg.fits[1]
scw/1999/199900330010.001/swg.fits[1]
scw/2000/200000220010.001/swg.fits[1]
scw/2000/200000310010.001/swg.fits[1]
scw/2000/200000750010.001/swg.fits[1]
scw/2010/201000240010.001/swg.fits[1]
scw/2058/205800080010.001/swg.fits[1]
scw/2058/205800300010.001/swg.fits[1]
scw/2058/205800380010.001/swg.fits[1]
scw/2058/205800390010.001/swg.fits[1]
scw/2058/205800400010.001/swg.fits[1]
scw/2058/205800410010.001/swg.fits[1]
scw/2058/205800470010.001/swg.fits[1]
scw/2058/205800480010.001/swg.fits[1]
scw/2058/205800490010.001/swg.fits[1]
scw/2058/205800500010.001/swg.fits[1]
scw/2058/205800510010.001/swg.fits[1]
scw/2058/205800520010.001/swg.fits[1]
scw/2058/205800570010.001/swg.fits[1]
scw/2058/205800580010.001/swg.fits[1]
scw/2058/205800590010.001/swg.fits[1]
scw/2058/205800600010.001/swg.fits[1]
scw/2058/205800610010.001/swg.fits[1]
scw/2062/206200490010.001/swg.fits[1]
scw/2063/206300060010.001/swg.fits[1]
scw/2063/206300470010.001/swg.fits[1]
scw/2063/206300590010.001/swg.fits[1]
scw/2066/206600470010.001/swg.fits[1]
scw/2074/207400220010.001/swg.fits[1]
scw/2074/207400230010.001/swg.fits[1]
scw/2078/207800610010.001/swg.fits[1]
scw/2117/211700100010.001/swg.fits[1]
scw/2126/212600080010.001/swg.fits[1]
scw/2134/213400210010.001/swg.fits[1]
scw/2134/213400300010.001/swg.fits[1]
scw/2134/213400740010.001/swg.fits[1]
scw/2135/213500240010.001/swg.fits[1]
scw/2135/213500330010.001/swg.fits[1]
scw/2137/213700080010.001/swg.fits[1]
scw/2148/214800220010.001/swg.fits[1]
scw/2194/219400550010.001/swg.fits[1]
scw/2195/219500190010.001/swg.fits[1]
scw/2199/219900220010.001/swg.fits[1]
scw/2199/219900230010.001/swg.fits[1]
scw/2203/220300100010.001/swg.fits[1]
scw/2206/220600640010.001/swg.fits[1]
scw/2210/221000500010.001/swg.fits[1]
scw/2214/221400120010.001/swg.fits[1]
scw/2214/221400530010.001/swg.fits[1]
scw/2215/221500050010.001/swg.fits[1]
scw/2215/221500460010.001/swg.fits[1]
scw/2215/221500580010.001/swg.fits[1]
scw/2217/221700260010.001/swg.fits[1]
scw/2270/227000700010.001/swg.fits[1]
scw/2273/227300510010.001/swg.fits[1]
scw/2280/228000240010.001/swg.fits[1]
scw/2281/228100260010.001/swg.fits[1]
scw/2284/228400260010.001/swg.fits[1]
scw/2284/228400380010.001/swg.fits[1]
scw/2331/233100630010.001/swg.fits[1]
scw/2336/233600610010.001/swg.fits[1]
scw/2339/233900350010.001/swg.fits[1]
scw/2341/234100330010.001/swg.fits[1]
scw/2343/234300340010.001/swg.fits[1]
scw/2347/234700080010.001/swg.fits[1]
scw/2347/234700490010.001/swg.fits[1]
scw/2349/234900080010.001/swg.fits[1]
scw/2351/235100330010.001/swg.fits[1]
scw/2353/235300760010.001/swg.fits[1]
scw/2401/240100360010.001/swg.fits[1]
scw/2405/240500330010.001/swg.fits[1]
scw/2405/240500420010.001/swg.fits[1]
scw/2409/240900080010.001/swg.fits[1]
scw/2413/241300650010.001/swg.fits[1]
scw/2418/241800170010.001/swg.fits[1]
scw/2421/242100560010.001/swg.fits[1]
scw/2422/242200220010.001/swg.fits[1]
scw/2422/242200310010.001/swg.fits[1]
scw/2425/242500240010.001/swg.fits[1]
scw/2425/242500500010.001/swg.fits[1]
scw/2467/246700320010.001/swg.fits[1]
scw/2472/247200680010.001/swg.fits[1]
scw/2477/247700060010.001/swg.fits[1]
scw/2479/247900360010.001/swg.fits[1]
scw/2479/247900370010.001/swg.fits[1]
scw/2484/248400590010.001/swg.fits[1]
scw/2486/248600060010.001/swg.fits[1]
scw/2486/248600470010.001/swg.fits[1]
scw/2487/248700630010.001/swg.fits[1]
scw/2490/249000060010.001/swg.fits[1]
