scw/1029/102900960010.001/swg.fits[1]
scw/1033/103300950010.001/swg.fits[1]
scw/1036/103600950010.001/swg.fits[1]
scw/1126/112600840010.001/swg.fits[1]
scw/1126/112600850010.001/swg.fits[1]
scw/1127/112700690010.001/swg.fits[1]
scw/1127/112700710010.001/swg.fits[1]
scw/1127/112700750010.001/swg.fits[1]
scw/1127/112700760010.001/swg.fits[1]
scw/1127/112700780010.001/swg.fits[1]
scw/1128/112800800010.001/swg.fits[1]
scw/1128/112800810010.001/swg.fits[1]
scw/1128/112800820010.001/swg.fits[1]
scw/1130/113000790010.001/swg.fits[1]
scw/1130/113000800010.001/swg.fits[1]
scw/1130/113000820010.001/swg.fits[1]
scw/1131/113100720010.001/swg.fits[1]
scw/1131/113100730010.001/swg.fits[1]
scw/1131/113100750010.001/swg.fits[1]
scw/1132/113200690010.001/swg.fits[1]
scw/1132/113200700010.001/swg.fits[1]
scw/1132/113200710010.001/swg.fits[1]
scw/1133/113300700010.001/swg.fits[1]
scw/1133/113300710010.001/swg.fits[1]
scw/1133/113300720010.001/swg.fits[1]
scw/1137/113700710010.001/swg.fits[1]
scw/1137/113700720010.001/swg.fits[1]
scw/1137/113700730010.001/swg.fits[1]
scw/1138/113800740010.001/swg.fits[1]
scw/1138/113800760010.001/swg.fits[1]
scw/1171/117100810010.001/swg.fits[1]
scw/1171/117100820010.001/swg.fits[1]
scw/1171/117100830010.001/swg.fits[1]
scw/1172/117200640010.001/swg.fits[1]
scw/1172/117200650010.001/swg.fits[1]
scw/1173/117300600010.001/swg.fits[1]
scw/1173/117300620010.001/swg.fits[1]
scw/1174/117401100010.001/swg.fits[1]
scw/1174/117401110010.001/swg.fits[1]
scw/1175/117500740010.001/swg.fits[1]
scw/1175/117500750010.001/swg.fits[1]
scw/1175/117500760010.001/swg.fits[1]
scw/1177/117700740010.001/swg.fits[1]
scw/1177/117700750010.001/swg.fits[1]
scw/1177/117700760010.001/swg.fits[1]
scw/1613/161300550010.001/swg.fits[1]
scw/1678/167800460010.001/swg.fits[1]
scw/1678/167800470010.001/swg.fits[1]
scw/1749/174900400010.001/swg.fits[1]
scw/1817/181700290010.001/swg.fits[1]
scw/1818/181800420010.001/swg.fits[1]
scw/1949/194900550010.001/swg.fits[1]
scw/1952/195200490010.001/swg.fits[1]
scw/1954/195400300010.001/swg.fits[1]
scw/1956/195600050010.001/swg.fits[1]
scw/1957/195700510010.001/swg.fits[1]
scw/1959/195900460010.001/swg.fits[1]
scw/1964/196400310010.001/swg.fits[1]
scw/1965/196500310010.001/swg.fits[1]
scw/1966/196600310010.001/swg.fits[1]
scw/1967/196700310010.001/swg.fits[1]
scw/2093/209300070010.001/swg.fits[1]
scw/2093/209300150010.001/swg.fits[1]
scw/2093/209300160010.001/swg.fits[1]
scw/2093/209300170010.001/swg.fits[1]
scw/2093/209300180010.001/swg.fits[1]
scw/2093/209300260010.001/swg.fits[1]
scw/2093/209300330010.001/swg.fits[1]
scw/2093/209300410010.001/swg.fits[1]
scw/2093/209300420010.001/swg.fits[1]
scw/2093/209300430010.001/swg.fits[1]
scw/2093/209300440010.001/swg.fits[1]
scw/2093/209300520010.001/swg.fits[1]
scw/2288/228800020010.001/swg.fits[1]
scw/2288/228800030010.001/swg.fits[1]
scw/2288/228800100010.001/swg.fits[1]
scw/2288/228800110010.001/swg.fits[1]
scw/2288/228800120010.001/swg.fits[1]
scw/2288/228800130010.001/swg.fits[1]
scw/2288/228800280010.001/swg.fits[1]
scw/2288/228800290010.001/swg.fits[1]
scw/2288/228800360010.001/swg.fits[1]
scw/2288/228800370010.001/swg.fits[1]
scw/2288/228800380010.001/swg.fits[1]
scw/2288/228800390010.001/swg.fits[1]
scw/2352/235200020010.001/swg.fits[1]
scw/2389/238900340010.001/swg.fits[1]
scw/2455/245500330010.001/swg.fits[1]
scw/2513/251300750010.001/swg.fits[1]
