scw/0202/020200180010.001/swg.fits[1]
scw/0493/049300030010.001/swg.fits[1]
scw/0493/049300500010.001/swg.fits[1]
scw/0493/049300510010.001/swg.fits[1]
scw/0493/049300520010.001/swg.fits[1]
scw/0494/049400460010.001/swg.fits[1]
scw/0494/049400470010.001/swg.fits[1]
scw/0494/049400480010.001/swg.fits[1]
scw/0494/049400560010.001/swg.fits[1]
scw/0549/054900250010.001/swg.fits[1]
scw/0549/054900260010.001/swg.fits[1]
scw/0549/054900270010.001/swg.fits[1]
scw/0550/055000200010.001/swg.fits[1]
scw/0550/055000210010.001/swg.fits[1]
scw/0550/055000220010.001/swg.fits[1]
scw/0550/055000690010.001/swg.fits[1]
scw/0552/055200290010.001/swg.fits[1]
scw/0552/055200690010.001/swg.fits[1]
scw/0558/055800110010.001/swg.fits[1]
scw/0558/055800120010.001/swg.fits[1]
scw/0558/055800130010.001/swg.fits[1]
scw/0558/055800140010.001/swg.fits[1]
scw/0558/055800220010.001/swg.fits[1]
scw/1796/179600190010.001/swg.fits[1]
scw/1796/179600200010.001/swg.fits[1]
scw/1796/179600210010.001/swg.fits[1]
scw/1796/179600220010.001/swg.fits[1]
scw/1796/179600290010.001/swg.fits[1]
scw/1796/179600300010.001/swg.fits[1]
scw/1796/179600310010.001/swg.fits[1]
scw/1987/198700020010.001/swg.fits[1]
scw/2194/219400490010.001/swg.fits[1]
scw/2203/220300040010.001/swg.fits[1]
scw/2206/220600420010.001/swg.fits[1]
scw/2206/220600700010.001/swg.fits[1]
scw/2257/225700340010.001/swg.fits[1]
scw/2263/226300570010.001/swg.fits[1]
scw/2263/226300660010.001/swg.fits[1]
scw/2343/234300280010.001/swg.fits[1]
scw/2405/240500660010.001/swg.fits[1]
scw/2417/241700010150.001/swg.fits[1]
scw/2439/243900280010.001/swg.fits[1]
scw/2474/247400690010.001/swg.fits[1]
