scw/0051/005100550010.001/swg.fits[1]
scw/0051/005100560010.001/swg.fits[1]
scw/0055/005500770010.001/swg.fits[1]
scw/0055/005500780010.001/swg.fits[1]
scw/0058/005800180010.001/swg.fits[1]
scw/0058/005800190010.001/swg.fits[1]
scw/0063/006300060010.001/swg.fits[1]
scw/0063/006300070010.001/swg.fits[1]
scw/0063/006300080010.001/swg.fits[1]
scw/0066/006600030010.001/swg.fits[1]
scw/0066/006600040010.001/swg.fits[1]
scw/0170/017000280010.001/swg.fits[1]
scw/0170/017001010010.001/swg.fits[1]
scw/0170/017001020010.001/swg.fits[1]
scw/0170/017001030010.001/swg.fits[1]
scw/0177/017700110010.001/swg.fits[1]
scw/0177/017700120010.001/swg.fits[1]
scw/0177/017700130010.001/swg.fits[1]
scw/0186/018600900010.001/swg.fits[1]
scw/0186/018600910010.001/swg.fits[1]
scw/0186/018600920010.001/swg.fits[1]
scw/0229/022900540010.001/swg.fits[1]
scw/0229/022900550010.001/swg.fits[1]
scw/0229/022900560010.001/swg.fits[1]
scw/0234/023400240010.001/swg.fits[1]
scw/0234/023400250010.001/swg.fits[1]
scw/0234/023400260010.001/swg.fits[1]
scw/0250/025000150010.001/swg.fits[1]
scw/0250/025000160010.001/swg.fits[1]
scw/0286/028600050010.001/swg.fits[1]
scw/0286/028600060010.001/swg.fits[1]
scw/0292/029200050010.001/swg.fits[1]
scw/0292/029200060010.001/swg.fits[1]
scw/0301/030100100010.001/swg.fits[1]
scw/0301/030100110010.001/swg.fits[1]
scw/0308/030800060010.001/swg.fits[1]
scw/0308/030800070010.001/swg.fits[1]
scw/0308/030800080010.001/swg.fits[1]
scw/0372/037200160010.001/swg.fits[1]
scw/0372/037200170010.001/swg.fits[1]
scw/0380/038000020010.001/swg.fits[1]
scw/0412/041200200010.001/swg.fits[1]
scw/0412/041200210010.001/swg.fits[1]
scw/0420/042000170010.001/swg.fits[1]
scw/0420/042000180010.001/swg.fits[1]
scw/0420/042000190010.001/swg.fits[1]
scw/0428/042800650010.001/swg.fits[1]
scw/0428/042800660010.001/swg.fits[1]
scw/0436/043600020010.001/swg.fits[1]
scw/0436/043600030010.001/swg.fits[1]
scw/0918/091800520010.001/swg.fits[1]
scw/0918/091800530010.001/swg.fits[1]
scw/0918/091800700010.001/swg.fits[1]
scw/0918/091800710010.001/swg.fits[1]
scw/0918/091800720010.001/swg.fits[1]
scw/0918/091800730010.001/swg.fits[1]
scw/0919/091900210010.001/swg.fits[1]
scw/0919/091900220010.001/swg.fits[1]
scw/0919/091900230010.001/swg.fits[1]
scw/0919/091900240010.001/swg.fits[1]
scw/0919/091900410010.001/swg.fits[1]
scw/0919/091900420010.001/swg.fits[1]
scw/0919/091900430010.001/swg.fits[1]
scw/0919/091900440010.001/swg.fits[1]
scw/0919/091900610010.001/swg.fits[1]
scw/0919/091900620010.001/swg.fits[1]
scw/0919/091900630010.001/swg.fits[1]
scw/0919/091900640010.001/swg.fits[1]
scw/0919/091900810010.001/swg.fits[1]
scw/0919/091900820010.001/swg.fits[1]
scw/0919/091900830010.001/swg.fits[1]
scw/0919/091900840010.001/swg.fits[1]
scw/0919/091901010010.001/swg.fits[1]
scw/0919/091901020010.001/swg.fits[1]
scw/0919/091901030010.001/swg.fits[1]
scw/0919/091901040010.001/swg.fits[1]
scw/0920/092000160010.001/swg.fits[1]
scw/0920/092000170010.001/swg.fits[1]
scw/0920/092000180010.001/swg.fits[1]
scw/0920/092000190010.001/swg.fits[1]
scw/0920/092000360010.001/swg.fits[1]
scw/0920/092000370010.001/swg.fits[1]
scw/0920/092000380010.001/swg.fits[1]
scw/0920/092000390010.001/swg.fits[1]
scw/0920/092000560010.001/swg.fits[1]
scw/0920/092000570010.001/swg.fits[1]
scw/0920/092000580010.001/swg.fits[1]
scw/0920/092000590010.001/swg.fits[1]
scw/0920/092000760010.001/swg.fits[1]
scw/0920/092000770010.001/swg.fits[1]
scw/0920/092000780010.001/swg.fits[1]
scw/0920/092000970010.001/swg.fits[1]
scw/0920/092000980010.001/swg.fits[1]
scw/0921/092100240010.001/swg.fits[1]
scw/0921/092100250010.001/swg.fits[1]
scw/0921/092100430010.001/swg.fits[1]
scw/0921/092100440010.001/swg.fits[1]
scw/0921/092100450010.001/swg.fits[1]
scw/0921/092100460010.001/swg.fits[1]
scw/0921/092100630010.001/swg.fits[1]
scw/0921/092100640010.001/swg.fits[1]
scw/0921/092100650010.001/swg.fits[1]
scw/0921/092100660010.001/swg.fits[1]
scw/0921/092100830010.001/swg.fits[1]
scw/0921/092100840010.001/swg.fits[1]
scw/0921/092100850010.001/swg.fits[1]
scw/0921/092101040010.001/swg.fits[1]
scw/0921/092101050010.001/swg.fits[1]
scw/0922/092200170010.001/swg.fits[1]
scw/0922/092200180010.001/swg.fits[1]
scw/0922/092200360010.001/swg.fits[1]
scw/0922/092200370010.001/swg.fits[1]
scw/0922/092200380010.001/swg.fits[1]
scw/0922/092200390010.001/swg.fits[1]
scw/0922/092200560010.001/swg.fits[1]
scw/0922/092200570010.001/swg.fits[1]
scw/0922/092200580010.001/swg.fits[1]
scw/0922/092200590010.001/swg.fits[1]
scw/0922/092200760010.001/swg.fits[1]
scw/0922/092200770010.001/swg.fits[1]
scw/0922/092200780010.001/swg.fits[1]
scw/0922/092200970010.001/swg.fits[1]
scw/0922/092200980010.001/swg.fits[1]
scw/0923/092300240010.001/swg.fits[1]
scw/0923/092300250010.001/swg.fits[1]
scw/0923/092300440010.001/swg.fits[1]
scw/0923/092300450010.001/swg.fits[1]
scw/0923/092300640010.001/swg.fits[1]
scw/0923/092300650010.001/swg.fits[1]
scw/0923/092300840010.001/swg.fits[1]
scw/0923/092300850010.001/swg.fits[1]
scw/0923/092300860010.001/swg.fits[1]
scw/0923/092301030010.001/swg.fits[1]
scw/0923/092301040010.001/swg.fits[1]
scw/0923/092301050010.001/swg.fits[1]
scw/0923/092301060010.001/swg.fits[1]
scw/0924/092400620010.001/swg.fits[1]
scw/0924/092400630010.001/swg.fits[1]
scw/0924/092400640010.001/swg.fits[1]
scw/0924/092400650010.001/swg.fits[1]
scw/0924/092400830010.001/swg.fits[1]
scw/0924/092400840010.001/swg.fits[1]
scw/0971/097100470010.001/swg.fits[1]
scw/0971/097100480010.001/swg.fits[1]
scw/0971/097100490010.001/swg.fits[1]
scw/0971/097100500010.001/swg.fits[1]
scw/0971/097100510010.001/swg.fits[1]
scw/0971/097100520010.001/swg.fits[1]
scw/0971/097100530010.001/swg.fits[1]
scw/0973/097300510010.001/swg.fits[1]
scw/0973/097300520010.001/swg.fits[1]
scw/0973/097300530010.001/swg.fits[1]
scw/0973/097300540010.001/swg.fits[1]
scw/0973/097300550010.001/swg.fits[1]
scw/0973/097300570010.001/swg.fits[1]
scw/0973/097300820010.001/swg.fits[1]
scw/0973/097300830010.001/swg.fits[1]
scw/0973/097300840010.001/swg.fits[1]
scw/0973/097300850010.001/swg.fits[1]
scw/0973/097300860010.001/swg.fits[1]
scw/0973/097300870010.001/swg.fits[1]
scw/0973/097300880010.001/swg.fits[1]
scw/0974/097400130010.001/swg.fits[1]
scw/0974/097400140010.001/swg.fits[1]
scw/0974/097400150010.001/swg.fits[1]
scw/0974/097400160010.001/swg.fits[1]
scw/0974/097400170010.001/swg.fits[1]
scw/0974/097400180010.001/swg.fits[1]
scw/0974/097400190010.001/swg.fits[1]
scw/0974/097400440010.001/swg.fits[1]
scw/0974/097400450010.001/swg.fits[1]
scw/0974/097400460010.001/swg.fits[1]
scw/0974/097400470010.001/swg.fits[1]
scw/0974/097400480010.001/swg.fits[1]
scw/0974/097400490010.001/swg.fits[1]
scw/0974/097400500010.001/swg.fits[1]
scw/0975/097500160010.001/swg.fits[1]
scw/0975/097500170010.001/swg.fits[1]
scw/0975/097500180010.001/swg.fits[1]
scw/0975/097500190010.001/swg.fits[1]
scw/0975/097500200010.001/swg.fits[1]
scw/0975/097500210010.001/swg.fits[1]
scw/0975/097500220010.001/swg.fits[1]
scw/0975/097500470010.001/swg.fits[1]
scw/0975/097500480010.001/swg.fits[1]
scw/0975/097500490010.001/swg.fits[1]
scw/0975/097500500010.001/swg.fits[1]
scw/0975/097500510010.001/swg.fits[1]
scw/0975/097500520010.001/swg.fits[1]
scw/0975/097500530010.001/swg.fits[1]
scw/0975/097500780010.001/swg.fits[1]
scw/0975/097500790010.001/swg.fits[1]
scw/0975/097500800010.001/swg.fits[1]
scw/0975/097500810010.001/swg.fits[1]
scw/0975/097500820010.001/swg.fits[1]
scw/0975/097500830010.001/swg.fits[1]
scw/0975/097500840010.001/swg.fits[1]
scw/0978/097800670010.001/swg.fits[1]
scw/0979/097900240010.001/swg.fits[1]
scw/0979/097900250010.001/swg.fits[1]
scw/0979/097900440010.001/swg.fits[1]
scw/0979/097900450010.001/swg.fits[1]
scw/0979/097900640010.001/swg.fits[1]
scw/0979/097900650010.001/swg.fits[1]
scw/0979/097900840010.001/swg.fits[1]
scw/0979/097900850010.001/swg.fits[1]
scw/0979/097901040010.001/swg.fits[1]
scw/0979/097901050010.001/swg.fits[1]
scw/0980/098000320010.001/swg.fits[1]
scw/0980/098000330010.001/swg.fits[1]
scw/0980/098000520010.001/swg.fits[1]
scw/0980/098000530010.001/swg.fits[1]
scw/0980/098000720010.001/swg.fits[1]
scw/0980/098000730010.001/swg.fits[1]
scw/0980/098000910010.001/swg.fits[1]
scw/0980/098000920010.001/swg.fits[1]
scw/0980/098000930010.001/swg.fits[1]
scw/0980/098000940010.001/swg.fits[1]
scw/0982/098200250010.001/swg.fits[1]
scw/0982/098200260010.001/swg.fits[1]
scw/1035/103500160010.001/swg.fits[1]
scw/1035/103500170010.001/swg.fits[1]
scw/1035/103500180010.001/swg.fits[1]
scw/1035/103500190010.001/swg.fits[1]
scw/1035/103500200010.001/swg.fits[1]
scw/1035/103500210010.001/swg.fits[1]
scw/1035/103500220010.001/swg.fits[1]
scw/1049/104900280010.001/swg.fits[1]
scw/1095/109500240010.001/swg.fits[1]
scw/1095/109500250010.001/swg.fits[1]
scw/1095/109500260010.001/swg.fits[1]
scw/1095/109500270010.001/swg.fits[1]
scw/1095/109500280010.001/swg.fits[1]
scw/1095/109500290010.001/swg.fits[1]
scw/1095/109500300010.001/swg.fits[1]
scw/1095/109500560010.001/swg.fits[1]
scw/1095/109500570010.001/swg.fits[1]
scw/1095/109500580010.001/swg.fits[1]
scw/1095/109500590010.001/swg.fits[1]
scw/1095/109500600010.001/swg.fits[1]
scw/1095/109500610010.001/swg.fits[1]
scw/1095/109500620010.001/swg.fits[1]
scw/1095/109500880010.001/swg.fits[1]
scw/1095/109500890010.001/swg.fits[1]
scw/1095/109500900010.001/swg.fits[1]
scw/1095/109500910010.001/swg.fits[1]
scw/1095/109500920010.001/swg.fits[1]
scw/1095/109500930010.001/swg.fits[1]
scw/1095/109500940010.001/swg.fits[1]
scw/1141/114100230010.001/swg.fits[1]
scw/1141/114100240010.001/swg.fits[1]
scw/1270/127000190010.001/swg.fits[1]
scw/1270/127000230010.001/swg.fits[1]
scw/1270/127000270010.001/swg.fits[1]
scw/1270/127000290010.001/swg.fits[1]
scw/1270/127000300010.001/swg.fits[1]
scw/1270/127000400010.001/swg.fits[1]
scw/1270/127000440010.001/swg.fits[1]
scw/1275/127500430010.001/swg.fits[1]
scw/1275/127500610010.001/swg.fits[1]
scw/1275/127500650010.001/swg.fits[1]
scw/1278/127800320010.001/swg.fits[1]
scw/1278/127800380010.001/swg.fits[1]
scw/1278/127800570010.001/swg.fits[1]
scw/1281/128100560010.001/swg.fits[1]
scw/1281/128100680010.001/swg.fits[1]
scw/1281/128100700010.001/swg.fits[1]
scw/1281/128100720010.001/swg.fits[1]
scw/1281/128100810010.001/swg.fits[1]
scw/1281/128100820010.001/swg.fits[1]
scw/1284/128400650010.001/swg.fits[1]
scw/1284/128400660010.001/swg.fits[1]
scw/1325/132500670010.001/swg.fits[1]
scw/1325/132500710010.001/swg.fits[1]
scw/1325/132500780010.001/swg.fits[1]
scw/1331/133100780010.001/swg.fits[1]
scw/1331/133100810010.001/swg.fits[1]
scw/1331/133100890010.001/swg.fits[1]
scw/1333/133300640010.001/swg.fits[1]
scw/1333/133300670010.001/swg.fits[1]
scw/1333/133300680010.001/swg.fits[1]
scw/1338/133800600010.001/swg.fits[1]
scw/1338/133800720010.001/swg.fits[1]
scw/1338/133800730010.001/swg.fits[1]
scw/1338/133800740010.001/swg.fits[1]
scw/1338/133800780010.001/swg.fits[1]
scw/1342/134200680010.001/swg.fits[1]
scw/1342/134200730010.001/swg.fits[1]
scw/1348/134800520010.001/swg.fits[1]
scw/1348/134800590010.001/swg.fits[1]
scw/1348/134800620010.001/swg.fits[1]
scw/1472/147200160010.001/swg.fits[1]
scw/1472/147200170010.001/swg.fits[1]
scw/1472/147200230010.001/swg.fits[1]
scw/1472/147200250010.001/swg.fits[1]
scw/1610/161000340010.001/swg.fits[1]
scw/1610/161000350010.001/swg.fits[1]
scw/2272/227200290010.001/swg.fits[1]
scw/2272/227200300010.001/swg.fits[1]
scw/2272/227200310010.001/swg.fits[1]
scw/2272/227200320010.001/swg.fits[1]
scw/2272/227200330010.001/swg.fits[1]
scw/2272/227200340010.001/swg.fits[1]
scw/2272/227200350010.001/swg.fits[1]
scw/2272/227200400010.001/swg.fits[1]
scw/2272/227200410010.001/swg.fits[1]
scw/2272/227200420010.001/swg.fits[1]
scw/2272/227200430010.001/swg.fits[1]
scw/2272/227200450010.001/swg.fits[1]
scw/2272/227200500010.001/swg.fits[1]
scw/2294/229400210010.001/swg.fits[1]
scw/2294/229400220010.001/swg.fits[1]
scw/2428/242800110010.001/swg.fits[1]
scw/2428/242800200010.001/swg.fits[1]
scw/2428/242800210010.001/swg.fits[1]
scw/2428/242800220010.001/swg.fits[1]
scw/2428/242800230010.001/swg.fits[1]
scw/2497/249700710010.001/swg.fits[1]
scw/2497/249700720010.001/swg.fits[1]
scw/2497/249700730010.001/swg.fits[1]
scw/2497/249700740010.001/swg.fits[1]
scw/2497/249700760010.001/swg.fits[1]
scw/2497/249700770010.001/swg.fits[1]
scw/2497/249700780010.001/swg.fits[1]
scw/2497/249700790010.001/swg.fits[1]
scw/2497/249700800010.001/swg.fits[1]
scw/2497/249700810010.001/swg.fits[1]
scw/2497/249700820010.001/swg.fits[1]
scw/2497/249700830010.001/swg.fits[1]
scw/2497/249700840010.001/swg.fits[1]
scw/2497/249700850010.001/swg.fits[1]
scw/2497/249700860010.001/swg.fits[1]
