scw/0137/013700080010.001/swg.fits[1]
scw/0137/013700090010.001/swg.fits[1]
scw/0137/013700100010.001/swg.fits[1]
scw/0137/013700190010.001/swg.fits[1]
scw/0137/013700390010.001/swg.fits[1]
scw/0137/013700480010.001/swg.fits[1]
scw/0137/013700490010.001/swg.fits[1]
scw/0137/013700500010.001/swg.fits[1]
scw/0137/013700560010.001/swg.fits[1]
scw/0137/013700570010.001/swg.fits[1]
scw/0137/013700580010.001/swg.fits[1]
scw/0137/013700670010.001/swg.fits[1]
scw/0137/013700870010.001/swg.fits[1]
scw/0137/013700960010.001/swg.fits[1]
scw/0137/013700970010.001/swg.fits[1]
scw/0137/013700980010.001/swg.fits[1]
scw/0137/013701040010.001/swg.fits[1]
scw/0137/013701050010.001/swg.fits[1]
scw/0137/013701060010.001/swg.fits[1]
scw/0137/013701150010.001/swg.fits[1]
scw/0138/013800270010.001/swg.fits[1]
scw/0138/013800340010.001/swg.fits[1]
scw/0138/013800350010.001/swg.fits[1]
scw/0138/013800360010.001/swg.fits[1]
scw/0138/013800450010.001/swg.fits[1]
scw/0138/013800650010.001/swg.fits[1]
scw/0138/013800740010.001/swg.fits[1]
scw/0138/013800750010.001/swg.fits[1]
scw/0138/013800760010.001/swg.fits[1]
scw/0138/013800820010.001/swg.fits[1]
scw/0138/013800830010.001/swg.fits[1]
scw/0138/013800840010.001/swg.fits[1]
scw/0138/013800930010.001/swg.fits[1]
scw/0139/013900080010.001/swg.fits[1]
scw/0139/013900090010.001/swg.fits[1]
scw/0139/013900100010.001/swg.fits[1]
scw/0139/013900160010.001/swg.fits[1]
scw/0139/013900170010.001/swg.fits[1]
scw/0139/013900180010.001/swg.fits[1]
scw/0139/013900270010.001/swg.fits[1]
scw/0139/013900470010.001/swg.fits[1]
scw/0139/013900570010.001/swg.fits[1]
scw/0139/013900580010.001/swg.fits[1]
scw/0139/013900640010.001/swg.fits[1]
scw/0139/013900650010.001/swg.fits[1]
scw/0139/013900660010.001/swg.fits[1]
scw/0139/013900750010.001/swg.fits[1]
scw/0139/013900950010.001/swg.fits[1]
scw/0140/014000010010.001/swg.fits[1]
scw/0140/014000020010.001/swg.fits[1]
scw/0140/014000030010.001/swg.fits[1]
scw/0140/014000090010.001/swg.fits[1]
scw/0140/014000100010.001/swg.fits[1]
scw/0140/014000110010.001/swg.fits[1]
scw/0140/014000200010.001/swg.fits[1]
scw/0140/014000400010.001/swg.fits[1]
scw/0140/014000490010.001/swg.fits[1]
scw/0140/014000500010.001/swg.fits[1]
scw/0140/014000510010.001/swg.fits[1]
scw/0140/014000570010.001/swg.fits[1]
scw/0140/014000580010.001/swg.fits[1]
scw/0140/014000590010.001/swg.fits[1]
scw/0140/014000680010.001/swg.fits[1]
scw/0140/014000880010.001/swg.fits[1]
scw/0140/014000970010.001/swg.fits[1]
scw/0140/014000980010.001/swg.fits[1]
scw/0140/014000990010.001/swg.fits[1]
scw/0140/014001050010.001/swg.fits[1]
scw/0140/014001060010.001/swg.fits[1]
scw/0140/014001070010.001/swg.fits[1]
scw/0141/014100020010.001/swg.fits[1]
scw/0141/014100220010.001/swg.fits[1]
scw/0141/014100390010.001/swg.fits[1]
scw/0141/014100400010.001/swg.fits[1]
scw/0141/014100410010.001/swg.fits[1]
scw/0141/014100500010.001/swg.fits[1]
scw/0141/014100790010.001/swg.fits[1]
scw/0141/014100800010.001/swg.fits[1]
scw/0141/014100870010.001/swg.fits[1]
scw/0141/014100880010.001/swg.fits[1]
scw/0141/014100890010.001/swg.fits[1]
scw/0141/014100980010.001/swg.fits[1]
scw/0376/037600110010.001/swg.fits[1]
scw/0378/037800250010.001/swg.fits[1]
scw/0380/038000620010.001/swg.fits[1]
scw/0433/043300600010.001/swg.fits[1]
scw/0433/043300610010.001/swg.fits[1]
scw/0434/043400380010.001/swg.fits[1]
scw/0434/043400390010.001/swg.fits[1]
scw/0434/043400400010.001/swg.fits[1]
scw/0436/043600530010.001/swg.fits[1]
scw/0436/043600540010.001/swg.fits[1]
scw/0438/043800110010.001/swg.fits[1]
scw/0440/044000200010.001/swg.fits[1]
scw/0440/044000210010.001/swg.fits[1]
scw/0863/086300590010.001/swg.fits[1]
scw/0863/086300600010.001/swg.fits[1]
scw/0865/086500060010.001/swg.fits[1]
scw/0865/086500140010.001/swg.fits[1]
scw/0865/086500150010.001/swg.fits[1]
scw/0865/086500160010.001/swg.fits[1]
scw/0866/086600110010.001/swg.fits[1]
scw/0867/086700790010.001/swg.fits[1]
scw/0867/086700800010.001/swg.fits[1]
scw/0868/086800060010.001/swg.fits[1]
scw/0880/088000400010.001/swg.fits[1]
scw/0880/088000410010.001/swg.fits[1]
scw/0880/088000500010.001/swg.fits[1]
scw/0881/088100390010.001/swg.fits[1]
scw/0881/088100480010.001/swg.fits[1]
scw/0881/088100490010.001/swg.fits[1]
scw/0881/088100580010.001/swg.fits[1]
scw/0881/088100590010.001/swg.fits[1]
scw/0882/088200560010.001/swg.fits[1]
scw/0882/088200570010.001/swg.fits[1]
scw/0913/091300460010.001/swg.fits[1]
scw/0913/091300470010.001/swg.fits[1]
scw/0913/091300480010.001/swg.fits[1]
scw/0915/091500250010.001/swg.fits[1]
scw/0915/091500260010.001/swg.fits[1]
scw/0915/091500270010.001/swg.fits[1]
scw/0976/097600660010.001/swg.fits[1]
scw/0991/099100810010.001/swg.fits[1]
scw/1022/102200660010.001/swg.fits[1]
scw/1023/102300830010.001/swg.fits[1]
scw/1023/102300840010.001/swg.fits[1]
scw/1024/102400820010.001/swg.fits[1]
scw/1025/102500900010.001/swg.fits[1]
scw/2137/213700020010.001/swg.fits[1]
scw/2276/227600500010.001/swg.fits[1]
scw/2326/232600020010.001/swg.fits[1]
scw/2327/232700020010.001/swg.fits[1]
scw/2330/233000310010.001/swg.fits[1]
scw/2335/233500270010.001/swg.fits[1]
scw/2336/233600420010.001/swg.fits[1]
scw/2337/233700350010.001/swg.fits[1]
scw/2345/234500410010.001/swg.fits[1]
scw/2399/239900220010.001/swg.fits[1]
scw/2403/240300150010.001/swg.fits[1]
scw/2405/240500680010.001/swg.fits[1]
scw/2441/244100510010.001/swg.fits[1]
scw/2445/244500630010.001/swg.fits[1]
scw/2463/246300410010.001/swg.fits[1]
scw/2500/250000280010.001/swg.fits[1]
