scw/0038/003800470010.001/swg.fits[1]
scw/0038/003800470020.001/swg.fits[1]
scw/0038/003800480010.001/swg.fits[1]
scw/0038/003800480020.001/swg.fits[1]
scw/0038/003800650040.001/swg.fits[1]
scw/0038/003800650050.001/swg.fits[1]
scw/0038/003800650060.001/swg.fits[1]
scw/0300/030000500010.001/swg.fits[1]
scw/0300/030000500020.001/swg.fits[1]
scw/0993/099300830010.001/swg.fits[1]
scw/1192/119200290010.001/swg.fits[1]
scw/1317/131700480010.001/swg.fits[1]
scw/2126/212600020010.001/swg.fits[1]
scw/2187/218700020010.001/swg.fits[1]
scw/2199/219900280010.001/swg.fits[1]
scw/2261/226100620010.001/swg.fits[1]
scw/2262/226200470010.001/swg.fits[1]
scw/2262/226200480010.001/swg.fits[1]
scw/2262/226200490010.001/swg.fits[1]
scw/2262/226200500010.001/swg.fits[1]
scw/2262/226200510010.001/swg.fits[1]
scw/2262/226200520010.001/swg.fits[1]
scw/2262/226200530010.001/swg.fits[1]
scw/2262/226200540010.001/swg.fits[1]
scw/2262/226200550010.001/swg.fits[1]
scw/2262/226200560010.001/swg.fits[1]
scw/2262/226200570010.001/swg.fits[1]
scw/2262/226200580010.001/swg.fits[1]
scw/2262/226200590010.001/swg.fits[1]
scw/2262/226200600010.001/swg.fits[1]
scw/2262/226200610010.001/swg.fits[1]
scw/2262/226200620010.001/swg.fits[1]
scw/2262/226200630010.001/swg.fits[1]
scw/2262/226200640010.001/swg.fits[1]
scw/2262/226200650010.001/swg.fits[1]
scw/2262/226200660010.001/swg.fits[1]
scw/2262/226200670010.001/swg.fits[1]
scw/2262/226200680010.001/swg.fits[1]
scw/2262/226200700010.001/swg.fits[1]
scw/2262/226200710010.001/swg.fits[1]
scw/2262/226200720010.001/swg.fits[1]
scw/2263/226300490010.001/swg.fits[1]
scw/2263/226300500010.001/swg.fits[1]
scw/2263/226300510010.001/swg.fits[1]
scw/2263/226300520010.001/swg.fits[1]
scw/2263/226300530010.001/swg.fits[1]
scw/2263/226300540010.001/swg.fits[1]
scw/2263/226300550010.001/swg.fits[1]
scw/2263/226300560010.001/swg.fits[1]
scw/2263/226300580010.001/swg.fits[1]
scw/2263/226300590010.001/swg.fits[1]
scw/2263/226300600010.001/swg.fits[1]
scw/2263/226300620010.001/swg.fits[1]
scw/2263/226300630010.001/swg.fits[1]
scw/2263/226300640010.001/swg.fits[1]
scw/2263/226300650010.001/swg.fits[1]
scw/2263/226300670010.001/swg.fits[1]
scw/2263/226300680010.001/swg.fits[1]
scw/2263/226300690010.001/swg.fits[1]
scw/2263/226300700010.001/swg.fits[1]
scw/2263/226300710010.001/swg.fits[1]
scw/2263/226300730010.001/swg.fits[1]
scw/2263/226300740010.001/swg.fits[1]
scw/2265/226500340010.001/swg.fits[1]
scw/2266/226600360010.001/swg.fits[1]
scw/2267/226700380010.001/swg.fits[1]
scw/2272/227200520010.001/swg.fits[1]
scw/2280/228000300010.001/swg.fits[1]
scw/2284/228400040010.001/swg.fits[1]
scw/2284/228400600010.001/swg.fits[1]
scw/2309/230900020010.001/swg.fits[1]
scw/2326/232600530010.001/swg.fits[1]
scw/2328/232800670010.001/swg.fits[1]
scw/2339/233900290010.001/swg.fits[1]
scw/2340/234000400010.001/swg.fits[1]
scw/2341/234100270010.001/swg.fits[1]
scw/2347/234700020010.001/swg.fits[1]
scw/2370/237000020010.001/swg.fits[1]
scw/2399/239900020010.001/swg.fits[1]
scw/2400/240000310010.001/swg.fits[1]
scw/2407/240700290010.001/swg.fits[1]
scw/2422/242200550010.001/swg.fits[1]
