scw/2219/221900070010.001/swg.fits[1]
scw/2219/221900080010.001/swg.fits[1]
scw/2219/221900100010.001/swg.fits[1]
scw/2219/221900110010.001/swg.fits[1]
scw/2219/221900120010.001/swg.fits[1]
scw/2219/221900130010.001/swg.fits[1]
scw/2219/221900140010.001/swg.fits[1]
scw/2219/221900150010.001/swg.fits[1]
scw/2219/221900160010.001/swg.fits[1]
scw/2219/221900170010.001/swg.fits[1]
scw/2219/221900180010.001/swg.fits[1]
scw/2219/221900190010.001/swg.fits[1]
scw/2219/221900210010.001/swg.fits[1]
scw/2219/221900220010.001/swg.fits[1]
scw/2219/221900230010.001/swg.fits[1]
scw/2219/221900240010.001/swg.fits[1]
scw/2219/221900250010.001/swg.fits[1]
scw/2219/221900260010.001/swg.fits[1]
scw/2219/221900270010.001/swg.fits[1]
scw/2219/221900280010.001/swg.fits[1]
scw/2219/221900320010.001/swg.fits[1]
scw/2219/221900330010.001/swg.fits[1]
scw/2219/221900340010.001/swg.fits[1]
scw/2219/221900410010.001/swg.fits[1]
scw/2219/221900450010.001/swg.fits[1]
scw/2219/221900460010.001/swg.fits[1]
scw/2219/221900470010.001/swg.fits[1]
scw/2219/221900560010.001/swg.fits[1]
scw/2219/221900570010.001/swg.fits[1]
scw/2219/221900580010.001/swg.fits[1]
scw/2219/221900620010.001/swg.fits[1]
scw/2219/221900720010.001/swg.fits[1]
scw/2219/221900730010.001/swg.fits[1]
scw/2219/221900740010.001/swg.fits[1]
scw/2219/221900770010.001/swg.fits[1]
scw/2219/221900780010.001/swg.fits[1]
scw/2219/221900880010.001/swg.fits[1]
scw/2219/221900890010.001/swg.fits[1]
scw/2219/221900920010.001/swg.fits[1]
scw/2219/221900930010.001/swg.fits[1]
scw/2219/221900940010.001/swg.fits[1]
scw/2219/221900950010.001/swg.fits[1]
scw/2220/222000320010.001/swg.fits[1]
scw/2220/222000330010.001/swg.fits[1]
scw/2220/222000390010.001/swg.fits[1]
scw/2220/222000400010.001/swg.fits[1]
scw/2220/222000410010.001/swg.fits[1]
scw/2220/222000560010.001/swg.fits[1]
scw/2220/222000610010.001/swg.fits[1]
scw/2220/222000710010.001/swg.fits[1]
scw/2220/222000720010.001/swg.fits[1]
scw/2220/222000730010.001/swg.fits[1]
scw/2220/222000760010.001/swg.fits[1]
scw/2220/222000770010.001/swg.fits[1]
scw/2220/222000880010.001/swg.fits[1]
scw/2220/222000930010.001/swg.fits[1]
scw/2221/222100670010.001/swg.fits[1]
scw/2221/222100680010.001/swg.fits[1]
scw/2221/222100690010.001/swg.fits[1]
scw/2221/222100730010.001/swg.fits[1]
scw/2221/222100740010.001/swg.fits[1]
scw/2221/222100750010.001/swg.fits[1]
scw/2221/222100760010.001/swg.fits[1]
scw/2221/222100770010.001/swg.fits[1]
scw/2221/222100780010.001/swg.fits[1]
scw/2221/222100790010.001/swg.fits[1]
scw/2221/222100800010.001/swg.fits[1]
scw/2221/222100820010.001/swg.fits[1]
scw/2221/222100830010.001/swg.fits[1]
scw/2221/222100840010.001/swg.fits[1]
scw/2221/222100850010.001/swg.fits[1]
scw/2221/222100860010.001/swg.fits[1]
scw/2221/222100870010.001/swg.fits[1]
scw/2221/222100880010.001/swg.fits[1]
scw/2221/222100890010.001/swg.fits[1]
scw/2221/222100900010.001/swg.fits[1]
scw/2221/222100910010.001/swg.fits[1]
scw/2261/226100430010.001/swg.fits[1]
scw/2261/226100440010.001/swg.fits[1]
scw/2261/226100490010.001/swg.fits[1]
scw/2261/226100500010.001/swg.fits[1]
scw/2261/226100510010.001/swg.fits[1]
scw/2265/226500390010.001/swg.fits[1]
scw/2265/226500400010.001/swg.fits[1]
scw/2265/226500410010.001/swg.fits[1]
scw/2265/226500650010.001/swg.fits[1]
scw/2265/226500710010.001/swg.fits[1]
scw/2265/226500720010.001/swg.fits[1]
scw/2266/226600420010.001/swg.fits[1]
scw/2266/226600580010.001/swg.fits[1]
scw/2266/226600590010.001/swg.fits[1]
scw/2266/226600640010.001/swg.fits[1]
scw/2266/226600650010.001/swg.fits[1]
scw/2266/226600660010.001/swg.fits[1]
scw/2266/226600670010.001/swg.fits[1]
scw/2266/226600680010.001/swg.fits[1]
scw/2266/226600690010.001/swg.fits[1]
scw/2266/226600700010.001/swg.fits[1]
scw/2266/226600710010.001/swg.fits[1]
scw/2266/226600720010.001/swg.fits[1]
scw/2266/226600730010.001/swg.fits[1]
scw/2266/226600740010.001/swg.fits[1]
scw/2266/226600750010.001/swg.fits[1]
scw/2266/226600760010.001/swg.fits[1]
scw/2266/226600770010.001/swg.fits[1]
scw/2266/226600770020.001/swg.fits[1]
scw/2267/226700100010.001/swg.fits[1]
scw/2267/226700110010.001/swg.fits[1]
scw/2267/226700160010.001/swg.fits[1]
scw/2267/226700170010.001/swg.fits[1]
scw/2267/226700180010.001/swg.fits[1]
scw/2267/226700190010.001/swg.fits[1]
scw/2267/226700200010.001/swg.fits[1]
scw/2267/226700210010.001/swg.fits[1]
scw/2267/226700220010.001/swg.fits[1]
scw/2267/226700230010.001/swg.fits[1]
scw/2267/226700240010.001/swg.fits[1]
scw/2267/226700250010.001/swg.fits[1]
scw/2267/226700260010.001/swg.fits[1]
scw/2267/226700270010.001/swg.fits[1]
scw/2267/226700280010.001/swg.fits[1]
scw/2267/226700290010.001/swg.fits[1]
scw/2267/226700310010.001/swg.fits[1]
scw/2267/226700320010.001/swg.fits[1]
scw/2267/226700330010.001/swg.fits[1]
scw/2267/226700340010.001/swg.fits[1]
scw/2268/226800520010.001/swg.fits[1]
scw/2268/226800580010.001/swg.fits[1]
scw/2268/226800590010.001/swg.fits[1]
scw/2268/226800630010.001/swg.fits[1]
scw/2268/226800640010.001/swg.fits[1]
scw/2268/226800650010.001/swg.fits[1]
scw/2268/226800660010.001/swg.fits[1]
scw/2268/226800670010.001/swg.fits[1]
scw/2268/226800680010.001/swg.fits[1]
scw/2270/227000030010.001/swg.fits[1]
scw/2270/227000040010.001/swg.fits[1]
scw/2270/227000050010.001/swg.fits[1]
scw/2270/227000200010.001/swg.fits[1]
scw/2270/227000210010.001/swg.fits[1]
scw/2270/227000220010.001/swg.fits[1]
scw/2270/227000230010.001/swg.fits[1]
scw/2270/227000250010.001/swg.fits[1]
scw/2270/227000260010.001/swg.fits[1]
scw/2270/227000270010.001/swg.fits[1]
scw/2270/227000280010.001/swg.fits[1]
scw/2270/227000290010.001/swg.fits[1]
scw/2270/227000300010.001/swg.fits[1]
scw/2270/227000310010.001/swg.fits[1]
scw/2270/227000320010.001/swg.fits[1]
scw/2270/227000330010.001/swg.fits[1]
scw/2270/227000340010.001/swg.fits[1]
scw/2270/227000390010.001/swg.fits[1]
scw/2271/227100660010.001/swg.fits[1]
scw/2271/227100670010.001/swg.fits[1]
scw/2271/227100720010.001/swg.fits[1]
scw/2271/227100730010.001/swg.fits[1]
scw/2271/227100740010.001/swg.fits[1]
scw/2271/227100770010.001/swg.fits[1]
scw/2271/227100780010.001/swg.fits[1]
scw/2271/227100790010.001/swg.fits[1]
scw/2271/227100800010.001/swg.fits[1]
scw/2271/227100810010.001/swg.fits[1]
scw/2271/227100820010.001/swg.fits[1]
scw/2271/227100830010.001/swg.fits[1]
scw/2272/227200580010.001/swg.fits[1]
scw/2272/227200590010.001/swg.fits[1]
scw/2272/227200600010.001/swg.fits[1]
scw/2272/227200610010.001/swg.fits[1]
scw/2272/227200660010.001/swg.fits[1]
scw/2272/227200670010.001/swg.fits[1]
scw/2272/227200680010.001/swg.fits[1]
scw/2272/227200830010.001/swg.fits[1]
scw/2272/227200840010.001/swg.fits[1]
scw/2272/227200850010.001/swg.fits[1]
scw/2272/227200850020.001/swg.fits[1]
scw/2273/227300020010.001/swg.fits[1]
scw/2273/227300030010.001/swg.fits[1]
scw/2273/227300040010.001/swg.fits[1]
scw/2273/227300050010.001/swg.fits[1]
scw/2273/227300110010.001/swg.fits[1]
scw/2273/227300120010.001/swg.fits[1]
scw/2273/227300130010.001/swg.fits[1]
scw/2274/227400030010.001/swg.fits[1]
scw/2274/227400040010.001/swg.fits[1]
scw/2274/227400050010.001/swg.fits[1]
scw/2274/227400170010.001/swg.fits[1]
scw/2274/227400180010.001/swg.fits[1]
scw/2274/227400190010.001/swg.fits[1]
scw/2274/227400200010.001/swg.fits[1]
scw/2274/227400210010.001/swg.fits[1]
scw/2274/227400220010.001/swg.fits[1]
scw/2274/227400230010.001/swg.fits[1]
scw/2274/227400240010.001/swg.fits[1]
scw/2274/227400250010.001/swg.fits[1]
scw/2274/227400260010.001/swg.fits[1]
scw/2274/227400270010.001/swg.fits[1]
scw/2274/227400280010.001/swg.fits[1]
scw/2274/227400290010.001/swg.fits[1]
scw/2274/227400300010.001/swg.fits[1]
scw/2274/227400310010.001/swg.fits[1]
scw/2274/227400320010.001/swg.fits[1]
scw/2274/227400330010.001/swg.fits[1]
scw/2274/227400340010.001/swg.fits[1]
scw/2274/227400530010.001/swg.fits[1]
scw/2274/227400600010.001/swg.fits[1]
scw/2274/227400610010.001/swg.fits[1]
scw/2274/227400620010.001/swg.fits[1]
scw/2274/227400630010.001/swg.fits[1]
scw/2274/227400640010.001/swg.fits[1]
scw/2274/227400650010.001/swg.fits[1]
scw/2276/227600550010.001/swg.fits[1]
scw/2276/227600560010.001/swg.fits[1]
scw/2276/227600570010.001/swg.fits[1]
scw/2276/227600580010.001/swg.fits[1]
scw/2276/227600590010.001/swg.fits[1]
scw/2276/227600670010.001/swg.fits[1]
scw/2277/227700120010.001/swg.fits[1]
scw/2277/227700130010.001/swg.fits[1]
scw/2277/227700140010.001/swg.fits[1]
scw/2277/227700150010.001/swg.fits[1]
scw/2277/227700190010.001/swg.fits[1]
scw/2277/227700200010.001/swg.fits[1]
scw/2277/227700210010.001/swg.fits[1]
scw/2277/227700220010.001/swg.fits[1]
scw/2277/227700230010.001/swg.fits[1]
scw/2277/227700240010.001/swg.fits[1]
scw/2277/227700250010.001/swg.fits[1]
scw/2277/227700260010.001/swg.fits[1]
scw/2277/227700290010.001/swg.fits[1]
scw/2277/227700300010.001/swg.fits[1]
scw/2277/227700310010.001/swg.fits[1]
scw/2277/227700320010.001/swg.fits[1]
scw/2277/227700330010.001/swg.fits[1]
scw/2277/227700370010.001/swg.fits[1]
scw/2277/227700620010.001/swg.fits[1]
scw/2280/228000360010.001/swg.fits[1]
scw/2280/228000420010.001/swg.fits[1]
scw/2280/228000430010.001/swg.fits[1]
scw/2280/228000690010.001/swg.fits[1]
scw/2280/228000700010.001/swg.fits[1]
scw/2280/228000710010.001/swg.fits[1]
scw/2280/228000720010.001/swg.fits[1]
scw/2281/228100370010.001/swg.fits[1]
scw/2281/228100380010.001/swg.fits[1]
scw/2281/228100390010.001/swg.fits[1]
scw/2281/228100440010.001/swg.fits[1]
