scw/0588/058800100010.001/swg.fits[1]
scw/0588/058800110010.001/swg.fits[1]
scw/0588/058800120010.001/swg.fits[1]
scw/0588/058800130010.001/swg.fits[1]
scw/0588/058800140010.001/swg.fits[1]
scw/0588/058800230010.001/swg.fits[1]
scw/0588/058800240010.001/swg.fits[1]
scw/0588/058800250010.001/swg.fits[1]
scw/0588/058800260010.001/swg.fits[1]
scw/0588/058800270010.001/swg.fits[1]
scw/0588/058800280010.001/swg.fits[1]
scw/0588/058800290010.001/swg.fits[1]
scw/0588/058800300010.001/swg.fits[1]
scw/0647/064700480010.001/swg.fits[1]
scw/0647/064700490010.001/swg.fits[1]
scw/0647/064700500010.001/swg.fits[1]
scw/0647/064700510010.001/swg.fits[1]
scw/0647/064700520010.001/swg.fits[1]
scw/0647/064700530010.001/swg.fits[1]
scw/0647/064700540010.001/swg.fits[1]
scw/0648/064800330010.001/swg.fits[1]
scw/0648/064800340010.001/swg.fits[1]
scw/0651/065100140010.001/swg.fits[1]
scw/0651/065100150010.001/swg.fits[1]
scw/0651/065100160010.001/swg.fits[1]
scw/0651/065100170010.001/swg.fits[1]
scw/0651/065100180010.001/swg.fits[1]
scw/0651/065100190010.001/swg.fits[1]
scw/0651/065100200010.001/swg.fits[1]
scw/0651/065100210010.001/swg.fits[1]
scw/0651/065100330010.001/swg.fits[1]
scw/0703/070300300010.001/swg.fits[1]
scw/0703/070300310010.001/swg.fits[1]
scw/0703/070300320010.001/swg.fits[1]
scw/0703/070300330010.001/swg.fits[1]
scw/0703/070300340010.001/swg.fits[1]
scw/0705/070500520010.001/swg.fits[1]
scw/0705/070500530010.001/swg.fits[1]
scw/0731/073100450010.001/swg.fits[1]
scw/0731/073100460010.001/swg.fits[1]
scw/0731/073100470010.001/swg.fits[1]
scw/0731/073100480010.001/swg.fits[1]
scw/0731/073100490010.001/swg.fits[1]
scw/0731/073100500010.001/swg.fits[1]
scw/0731/073100510010.001/swg.fits[1]
scw/0731/073100570010.001/swg.fits[1]
scw/0731/073100580010.001/swg.fits[1]
scw/0731/073100790010.001/swg.fits[1]
scw/0731/073100800010.001/swg.fits[1]
scw/0731/073100810010.001/swg.fits[1]
scw/0731/073100860010.001/swg.fits[1]
scw/0731/073100870010.001/swg.fits[1]
scw/0731/073100880010.001/swg.fits[1]
scw/0731/073100890010.001/swg.fits[1]
scw/0731/073100900010.001/swg.fits[1]
scw/0731/073100910010.001/swg.fits[1]
scw/0731/073100920010.001/swg.fits[1]
scw/0731/073100930010.001/swg.fits[1]
scw/0767/076700280010.001/swg.fits[1]
scw/0767/076700360010.001/swg.fits[1]
scw/0767/076700370010.001/swg.fits[1]
scw/0767/076700380010.001/swg.fits[1]
scw/0767/076700390010.001/swg.fits[1]
scw/0767/076700460010.001/swg.fits[1]
scw/0767/076700470010.001/swg.fits[1]
scw/0767/076700480010.001/swg.fits[1]
scw/0767/076700490010.001/swg.fits[1]
scw/0767/076700550010.001/swg.fits[1]
scw/0767/076700560010.001/swg.fits[1]
scw/0767/076700570010.001/swg.fits[1]
scw/0767/076700580010.001/swg.fits[1]
scw/0767/076700590010.001/swg.fits[1]
scw/0767/076700600010.001/swg.fits[1]
scw/0767/076700660010.001/swg.fits[1]
scw/0767/076700670010.001/swg.fits[1]
scw/0767/076700680010.001/swg.fits[1]
scw/0767/076700690010.001/swg.fits[1]
scw/0767/076700760010.001/swg.fits[1]
scw/0767/076700770010.001/swg.fits[1]
scw/0768/076800510010.001/swg.fits[1]
scw/0768/076800590010.001/swg.fits[1]
scw/0768/076800600010.001/swg.fits[1]
scw/0768/076800610010.001/swg.fits[1]
scw/0768/076800620010.001/swg.fits[1]
scw/0769/076900080010.001/swg.fits[1]
scw/0769/076900090010.001/swg.fits[1]
scw/0769/076900100010.001/swg.fits[1]
scw/0769/076900110010.001/swg.fits[1]
scw/0769/076900170010.001/swg.fits[1]
scw/0769/076900180010.001/swg.fits[1]
scw/0769/076900190010.001/swg.fits[1]
scw/0769/076900200010.001/swg.fits[1]
scw/0769/076900210010.001/swg.fits[1]
scw/0769/076900220010.001/swg.fits[1]
scw/0769/076900280010.001/swg.fits[1]
scw/0769/076900290010.001/swg.fits[1]
scw/0769/076900300010.001/swg.fits[1]
scw/0769/076900310010.001/swg.fits[1]
scw/0769/076900390010.001/swg.fits[1]
scw/0769/076900400010.001/swg.fits[1]
scw/0769/076900480010.001/swg.fits[1]
scw/0769/076900490010.001/swg.fits[1]
scw/0769/076900500010.001/swg.fits[1]
scw/0769/076900510010.001/swg.fits[1]
scw/0769/076900580010.001/swg.fits[1]
scw/0769/076900590010.001/swg.fits[1]
scw/0770/077000020010.001/swg.fits[1]
scw/0770/077000030010.001/swg.fits[1]
scw/0770/077000080010.001/swg.fits[1]
scw/0770/077000090010.001/swg.fits[1]
scw/0770/077000100010.001/swg.fits[1]
scw/0770/077000110010.001/swg.fits[1]
scw/0770/077000120010.001/swg.fits[1]
scw/0770/077000130010.001/swg.fits[1]
scw/0770/077000240010.001/swg.fits[1]
scw/0771/077100050010.001/swg.fits[1]
scw/0771/077100060010.001/swg.fits[1]
scw/0771/077100070010.001/swg.fits[1]
scw/0771/077100080010.001/swg.fits[1]
scw/0771/077100090010.001/swg.fits[1]
scw/0771/077100160010.001/swg.fits[1]
scw/0771/077100170010.001/swg.fits[1]
scw/0771/077100270010.001/swg.fits[1]
scw/0771/077100280010.001/swg.fits[1]
scw/0771/077100290010.001/swg.fits[1]
scw/0771/077100360010.001/swg.fits[1]
scw/0771/077100380010.001/swg.fits[1]
scw/0771/077100390010.001/swg.fits[1]
scw/0771/077100450010.001/swg.fits[1]
scw/0771/077100460010.001/swg.fits[1]
scw/0771/077100470010.001/swg.fits[1]
scw/0771/077100480010.001/swg.fits[1]
scw/0771/077100490010.001/swg.fits[1]
scw/0771/077100500010.001/swg.fits[1]
scw/0771/077100560010.001/swg.fits[1]
scw/0771/077100570010.001/swg.fits[1]
scw/0771/077100580010.001/swg.fits[1]
scw/0771/077100590010.001/swg.fits[1]
scw/0772/077200050010.001/swg.fits[1]
scw/0772/077200060010.001/swg.fits[1]
scw/0772/077200150010.001/swg.fits[1]
scw/0772/077200160010.001/swg.fits[1]
scw/0772/077200170010.001/swg.fits[1]
scw/0772/077200240010.001/swg.fits[1]
scw/0772/077200250010.001/swg.fits[1]
scw/0772/077200260010.001/swg.fits[1]
scw/0782/078200270010.001/swg.fits[1]
scw/0782/078200280010.001/swg.fits[1]
scw/0782/078200290010.001/swg.fits[1]
scw/0782/078200300010.001/swg.fits[1]
scw/0782/078200310010.001/swg.fits[1]
scw/0782/078200320010.001/swg.fits[1]
scw/0782/078200330010.001/swg.fits[1]
scw/0782/078200800010.001/swg.fits[1]
scw/0782/078200810010.001/swg.fits[1]
scw/0782/078200820010.001/swg.fits[1]
scw/0782/078200830010.001/swg.fits[1]
scw/0782/078200840010.001/swg.fits[1]
scw/0782/078200850010.001/swg.fits[1]
scw/0782/078200860010.001/swg.fits[1]
scw/0785/078500540010.001/swg.fits[1]
scw/0785/078500600010.001/swg.fits[1]
scw/0785/078500610010.001/swg.fits[1]
scw/0785/078500620010.001/swg.fits[1]
scw/0785/078500630010.001/swg.fits[1]
scw/0785/078500640010.001/swg.fits[1]
scw/0785/078500650010.001/swg.fits[1]
scw/0785/078500660010.001/swg.fits[1]
scw/0785/078500670010.001/swg.fits[1]
scw/0785/078500680010.001/swg.fits[1]
scw/0786/078600570010.001/swg.fits[1]
scw/0786/078600580010.001/swg.fits[1]
scw/0786/078600630010.001/swg.fits[1]
scw/0786/078600640010.001/swg.fits[1]
scw/0786/078600650010.001/swg.fits[1]
scw/0786/078600660010.001/swg.fits[1]
scw/0786/078600670010.001/swg.fits[1]
scw/0786/078600680010.001/swg.fits[1]
scw/0786/078600690010.001/swg.fits[1]
scw/0786/078600700010.001/swg.fits[1]
scw/0786/078600710010.001/swg.fits[1]
scw/0790/079000020010.001/swg.fits[1]
scw/0790/079000030010.001/swg.fits[1]
scw/0790/079000040010.001/swg.fits[1]
scw/0790/079000050010.001/swg.fits[1]
scw/0790/079000060010.001/swg.fits[1]
scw/0790/079000070010.001/swg.fits[1]
scw/0790/079000080010.001/swg.fits[1]
scw/0790/079000090010.001/swg.fits[1]
scw/0790/079000100010.001/swg.fits[1]
scw/0791/079100520010.001/swg.fits[1]
scw/0791/079100530010.001/swg.fits[1]
scw/0791/079100540010.001/swg.fits[1]
scw/0791/079100550010.001/swg.fits[1]
scw/0791/079100560010.001/swg.fits[1]
scw/0791/079100570010.001/swg.fits[1]
scw/0791/079100580010.001/swg.fits[1]
scw/0791/079100590010.001/swg.fits[1]
scw/0791/079100600010.001/swg.fits[1]
scw/0791/079100900010.001/swg.fits[1]
scw/0791/079100910010.001/swg.fits[1]
scw/0791/079100920010.001/swg.fits[1]
scw/0791/079100930010.001/swg.fits[1]
scw/0791/079100940010.001/swg.fits[1]
scw/0791/079100950010.001/swg.fits[1]
scw/0791/079100960010.001/swg.fits[1]
scw/0791/079100970010.001/swg.fits[1]
scw/0840/084000310010.001/swg.fits[1]
scw/0840/084000320010.001/swg.fits[1]
scw/0840/084000330010.001/swg.fits[1]
scw/0840/084000340010.001/swg.fits[1]
scw/0840/084000350010.001/swg.fits[1]
scw/0840/084000360010.001/swg.fits[1]
scw/0840/084000370010.001/swg.fits[1]
scw/0840/084000440010.001/swg.fits[1]
scw/0840/084001000010.001/swg.fits[1]
scw/0840/084001070010.001/swg.fits[1]
scw/0840/084001080010.001/swg.fits[1]
scw/0840/084001090010.001/swg.fits[1]
scw/0840/084001110010.001/swg.fits[1]
scw/0840/084001120010.001/swg.fits[1]
scw/0840/084001130010.001/swg.fits[1]
scw/0840/084001140010.001/swg.fits[1]
scw/0840/084001140020.001/swg.fits[1]
scw/0841/084100300010.001/swg.fits[1]
scw/0841/084100310010.001/swg.fits[1]
scw/0841/084100320010.001/swg.fits[1]
scw/0841/084100330010.001/swg.fits[1]
scw/0841/084100340010.001/swg.fits[1]
scw/0841/084100350010.001/swg.fits[1]
scw/0841/084100360010.001/swg.fits[1]
scw/0841/084100370010.001/swg.fits[1]
scw/0841/084100380010.001/swg.fits[1]
scw/0841/084100430010.001/swg.fits[1]
scw/0841/084100440010.001/swg.fits[1]
scw/0841/084101000010.001/swg.fits[1]
scw/0841/084101010010.001/swg.fits[1]
scw/0841/084101060010.001/swg.fits[1]
scw/0841/084101070010.001/swg.fits[1]
scw/0841/084101080010.001/swg.fits[1]
scw/0841/084101090010.001/swg.fits[1]
scw/0841/084101100010.001/swg.fits[1]
