scw/1528/152800490010.001/swg.fits[1]
scw/1528/152800500010.001/swg.fits[1]
scw/1528/152800510010.001/swg.fits[1]
scw/1528/152800520010.001/swg.fits[1]
scw/1528/152800530010.001/swg.fits[1]
scw/1528/152800570010.001/swg.fits[1]
scw/1528/152800580010.001/swg.fits[1]
scw/1528/152800590010.001/swg.fits[1]
scw/1528/152800600010.001/swg.fits[1]
scw/1528/152800610010.001/swg.fits[1]
scw/1528/152800620010.001/swg.fits[1]
scw/1528/152800630010.001/swg.fits[1]
scw/1575/157500020010.001/swg.fits[1]
scw/1575/157500030010.001/swg.fits[1]
scw/1575/157500040010.001/swg.fits[1]
scw/1575/157500050010.001/swg.fits[1]
scw/1575/157500060010.001/swg.fits[1]
scw/1575/157500070010.001/swg.fits[1]
scw/1575/157500080010.001/swg.fits[1]
scw/1575/157500090010.001/swg.fits[1]
scw/1575/157500100010.001/swg.fits[1]
scw/1575/157500110010.001/swg.fits[1]
scw/1575/157500120010.001/swg.fits[1]
scw/1575/157500130010.001/swg.fits[1]
scw/1575/157500140010.001/swg.fits[1]
scw/1575/157500150010.001/swg.fits[1]
scw/1575/157500160010.001/swg.fits[1]
scw/1575/157500170010.001/swg.fits[1]
scw/1575/157500190010.001/swg.fits[1]
scw/1575/157500200010.001/swg.fits[1]
scw/1575/157500210010.001/swg.fits[1]
scw/1575/157500220010.001/swg.fits[1]
scw/1575/157500230010.001/swg.fits[1]
scw/1575/157500240010.001/swg.fits[1]
scw/1575/157500250010.001/swg.fits[1]
scw/1575/157500260010.001/swg.fits[1]
scw/1575/157500280010.001/swg.fits[1]
scw/1575/157500290010.001/swg.fits[1]
scw/1575/157500300010.001/swg.fits[1]
scw/1575/157500310010.001/swg.fits[1]
scw/1575/157500320010.001/swg.fits[1]
scw/1575/157500330010.001/swg.fits[1]
scw/1575/157500340010.001/swg.fits[1]
scw/1575/157500350010.001/swg.fits[1]
scw/1575/157500360010.001/swg.fits[1]
scw/1575/157500370010.001/swg.fits[1]
scw/1575/157500380010.001/swg.fits[1]
scw/1575/157500390010.001/swg.fits[1]
scw/1575/157500400010.001/swg.fits[1]
scw/1575/157500410010.001/swg.fits[1]
scw/1575/157500420010.001/swg.fits[1]
scw/1575/157500430010.001/swg.fits[1]
scw/1575/157500440010.001/swg.fits[1]
scw/1575/157500450010.001/swg.fits[1]
scw/1575/157500460010.001/swg.fits[1]
scw/1575/157500470010.001/swg.fits[1]
scw/1575/157500480010.001/swg.fits[1]
scw/1575/157500490010.001/swg.fits[1]
scw/1575/157500500010.001/swg.fits[1]
scw/1575/157500510010.001/swg.fits[1]
scw/1575/157500520010.001/swg.fits[1]
scw/1575/157500530010.001/swg.fits[1]
scw/1575/157500530020.001/swg.fits[1]
scw/1577/157700300010.001/swg.fits[1]
scw/1577/157700310010.001/swg.fits[1]
scw/1577/157700320010.001/swg.fits[1]
scw/1577/157700330010.001/swg.fits[1]
scw/1577/157700340010.001/swg.fits[1]
scw/1577/157700350010.001/swg.fits[1]
scw/1577/157700360010.001/swg.fits[1]
scw/1577/157700370010.001/swg.fits[1]
scw/1577/157700380010.001/swg.fits[1]
scw/1577/157700390010.001/swg.fits[1]
scw/1577/157700400010.001/swg.fits[1]
scw/1577/157700410010.001/swg.fits[1]
scw/1577/157700420010.001/swg.fits[1]
scw/1577/157700430010.001/swg.fits[1]
scw/1577/157700440010.001/swg.fits[1]
scw/1577/157700450010.001/swg.fits[1]
scw/1577/157700460010.001/swg.fits[1]
scw/1577/157700470010.001/swg.fits[1]
scw/1577/157700480010.001/swg.fits[1]
scw/1577/157700520010.001/swg.fits[1]
scw/1577/157700530010.001/swg.fits[1]
scw/1577/157700540010.001/swg.fits[1]
scw/1577/157700550010.001/swg.fits[1]
scw/1577/157700560010.001/swg.fits[1]
scw/1577/157700610010.001/swg.fits[1]
scw/1577/157700620010.001/swg.fits[1]
scw/1577/157700630010.001/swg.fits[1]
scw/1577/157700640010.001/swg.fits[1]
scw/1577/157700650010.001/swg.fits[1]
scw/1577/157700660010.001/swg.fits[1]
scw/1577/157700670010.001/swg.fits[1]
scw/1577/157700680010.001/swg.fits[1]
scw/1581/158100290010.001/swg.fits[1]
scw/1581/158100300010.001/swg.fits[1]
scw/1581/158100310010.001/swg.fits[1]
scw/1581/158100320010.001/swg.fits[1]
scw/1581/158100330010.001/swg.fits[1]
scw/1581/158100340010.001/swg.fits[1]
scw/1581/158100350010.001/swg.fits[1]
scw/1581/158100360010.001/swg.fits[1]
scw/1581/158100370010.001/swg.fits[1]
scw/1581/158100380010.001/swg.fits[1]
scw/1581/158100390010.001/swg.fits[1]
scw/1581/158100400010.001/swg.fits[1]
scw/1581/158100410010.001/swg.fits[1]
scw/1581/158100420010.001/swg.fits[1]
scw/1581/158100430010.001/swg.fits[1]
scw/1581/158100440010.001/swg.fits[1]
scw/1581/158100450010.001/swg.fits[1]
scw/1581/158100460010.001/swg.fits[1]
scw/1581/158100470010.001/swg.fits[1]
scw/1581/158100480010.001/swg.fits[1]
scw/1581/158100500010.001/swg.fits[1]
scw/1581/158100510010.001/swg.fits[1]
scw/1581/158100520010.001/swg.fits[1]
scw/1581/158100530010.001/swg.fits[1]
scw/1581/158100540010.001/swg.fits[1]
scw/1581/158100550010.001/swg.fits[1]
scw/1581/158100560010.001/swg.fits[1]
scw/1581/158100620010.001/swg.fits[1]
scw/1581/158100630010.001/swg.fits[1]
scw/1581/158100640010.001/swg.fits[1]
scw/1581/158100650010.001/swg.fits[1]
scw/1584/158400340010.001/swg.fits[1]
scw/1584/158400350010.001/swg.fits[1]
scw/1584/158400360010.001/swg.fits[1]
scw/1584/158400370010.001/swg.fits[1]
scw/1584/158400380010.001/swg.fits[1]
scw/1584/158400390010.001/swg.fits[1]
scw/1584/158400400010.001/swg.fits[1]
scw/1584/158400420010.001/swg.fits[1]
scw/1584/158400430010.001/swg.fits[1]
scw/1584/158400440010.001/swg.fits[1]
scw/1584/158400450010.001/swg.fits[1]
scw/1584/158400460010.001/swg.fits[1]
scw/1584/158400470010.001/swg.fits[1]
scw/1584/158400480010.001/swg.fits[1]
scw/1584/158400490010.001/swg.fits[1]
scw/1584/158400500010.001/swg.fits[1]
scw/1584/158400510010.001/swg.fits[1]
scw/1584/158400520010.001/swg.fits[1]
scw/1584/158400530010.001/swg.fits[1]
scw/1584/158400540010.001/swg.fits[1]
scw/1584/158400550010.001/swg.fits[1]
scw/1584/158400560010.001/swg.fits[1]
scw/1584/158400570010.001/swg.fits[1]
scw/1584/158400580010.001/swg.fits[1]
scw/1584/158400590010.001/swg.fits[1]
scw/1584/158400600010.001/swg.fits[1]
scw/1584/158400610010.001/swg.fits[1]
scw/1584/158400620010.001/swg.fits[1]
scw/1584/158400630010.001/swg.fits[1]
scw/1584/158400640010.001/swg.fits[1]
scw/1584/158400650010.001/swg.fits[1]
scw/1584/158400660010.001/swg.fits[1]
scw/1593/159300080010.001/swg.fits[1]
scw/1593/159300090010.001/swg.fits[1]
scw/1593/159300100010.001/swg.fits[1]
scw/1593/159300110010.001/swg.fits[1]
scw/1593/159300120010.001/swg.fits[1]
scw/1593/159300150010.001/swg.fits[1]
scw/1593/159300160010.001/swg.fits[1]
scw/1593/159300170010.001/swg.fits[1]
scw/1593/159300180010.001/swg.fits[1]
scw/1593/159300190010.001/swg.fits[1]
scw/1593/159300240010.001/swg.fits[1]
scw/1593/159300250010.001/swg.fits[1]
scw/1593/159300250020.001/swg.fits[1]
scw/1593/159300520010.001/swg.fits[1]
scw/1593/159300530010.001/swg.fits[1]
scw/1610/161000340010.001/swg.fits[1]
scw/1610/161000350010.001/swg.fits[1]
scw/1644/164400310010.001/swg.fits[1]
scw/1644/164400320010.001/swg.fits[1]
scw/1644/164400330010.001/swg.fits[1]
scw/1644/164400340010.001/swg.fits[1]
scw/1644/164400350010.001/swg.fits[1]
scw/1644/164400360010.001/swg.fits[1]
scw/1644/164400370010.001/swg.fits[1]
scw/1644/164400430010.001/swg.fits[1]
scw/1644/164400440010.001/swg.fits[1]
scw/1644/164400450010.001/swg.fits[1]
scw/1644/164400460010.001/swg.fits[1]
scw/1644/164400520010.001/swg.fits[1]
scw/1644/164400530010.001/swg.fits[1]
scw/1644/164400540010.001/swg.fits[1]
scw/1644/164400550010.001/swg.fits[1]
scw/1644/164400560010.001/swg.fits[1]
scw/1644/164400570010.001/swg.fits[1]
scw/1644/164400580010.001/swg.fits[1]
scw/1644/164400600010.001/swg.fits[1]
scw/1644/164400610010.001/swg.fits[1]
scw/1644/164400620010.001/swg.fits[1]
scw/1644/164400630010.001/swg.fits[1]
scw/1644/164400640010.001/swg.fits[1]
scw/1644/164400650010.001/swg.fits[1]
scw/1644/164400660010.001/swg.fits[1]
scw/1644/164400670010.001/swg.fits[1]
scw/1644/164400680010.001/swg.fits[1]
scw/1648/164800450010.001/swg.fits[1]
scw/1648/164800460010.001/swg.fits[1]
scw/1648/164800470010.001/swg.fits[1]
scw/1648/164800480010.001/swg.fits[1]
scw/1648/164800490010.001/swg.fits[1]
scw/1648/164800500010.001/swg.fits[1]
scw/1648/164800510010.001/swg.fits[1]
scw/1648/164800520010.001/swg.fits[1]
scw/1648/164800530010.001/swg.fits[1]
scw/1648/164800540010.001/swg.fits[1]
scw/1648/164800550010.001/swg.fits[1]
scw/1648/164800560010.001/swg.fits[1]
scw/1648/164800570010.001/swg.fits[1]
scw/1648/164800580010.001/swg.fits[1]
scw/1648/164800590010.001/swg.fits[1]
scw/1648/164800600010.001/swg.fits[1]
scw/1648/164800610010.001/swg.fits[1]
scw/1648/164800620010.001/swg.fits[1]
scw/1648/164800630010.001/swg.fits[1]
scw/1648/164800640010.001/swg.fits[1]
scw/1648/164800680010.001/swg.fits[1]
scw/1648/164800690010.001/swg.fits[1]
scw/1648/164800700010.001/swg.fits[1]
scw/1648/164800710010.001/swg.fits[1]
scw/1660/166000040010.001/swg.fits[1]
scw/1660/166000090010.001/swg.fits[1]
scw/1660/166000100010.001/swg.fits[1]
scw/1660/166000110010.001/swg.fits[1]
scw/1660/166000120010.001/swg.fits[1]
scw/1660/166000130010.001/swg.fits[1]
scw/1660/166000140010.001/swg.fits[1]
scw/1660/166000150010.001/swg.fits[1]
scw/1660/166000160010.001/swg.fits[1]
scw/1664/166400280010.001/swg.fits[1]
scw/1664/166400290010.001/swg.fits[1]
