scw/0046/004600180010.001/swg.fits[1]
scw/0046/004600270010.001/swg.fits[1]
scw/0046/004600360010.001/swg.fits[1]
scw/0046/004600750010.001/swg.fits[1]
scw/0050/005000100010.001/swg.fits[1]
scw/0050/005000110010.001/swg.fits[1]
scw/0050/005000120010.001/swg.fits[1]
scw/0051/005100150010.001/swg.fits[1]
scw/0051/005100160010.001/swg.fits[1]
scw/0051/005100310010.001/swg.fits[1]
scw/0051/005100320010.001/swg.fits[1]
scw/0051/005100330010.001/swg.fits[1]
scw/0051/005100460010.001/swg.fits[1]
scw/0052/005200480010.001/swg.fits[1]
scw/0052/005200490010.001/swg.fits[1]
scw/0052/005200610010.001/swg.fits[1]
scw/0052/005200620010.001/swg.fits[1]
scw/0052/005200630010.001/swg.fits[1]
scw/0052/005200640010.001/swg.fits[1]
scw/0052/005200650010.001/swg.fits[1]
scw/0052/005200660010.001/swg.fits[1]
scw/0053/005300100010.001/swg.fits[1]
scw/0053/005300110010.001/swg.fits[1]
scw/0053/005300120010.001/swg.fits[1]
scw/0053/005300130010.001/swg.fits[1]
scw/0053/005300140010.001/swg.fits[1]
scw/0053/005300150010.001/swg.fits[1]
scw/0053/005300260010.001/swg.fits[1]
scw/0053/005300270010.001/swg.fits[1]
scw/0053/005300280010.001/swg.fits[1]
scw/0053/005300290010.001/swg.fits[1]
scw/0053/005300300010.001/swg.fits[1]
scw/0053/005300310010.001/swg.fits[1]
scw/0053/005300320010.001/swg.fits[1]
scw/0053/005300420010.001/swg.fits[1]
scw/0053/005300430010.001/swg.fits[1]
scw/0053/005300440010.001/swg.fits[1]
scw/0053/005300450010.001/swg.fits[1]
scw/0053/005300460010.001/swg.fits[1]
scw/0053/005300470010.001/swg.fits[1]
scw/0053/005300480010.001/swg.fits[1]
scw/0053/005300490010.001/swg.fits[1]
scw/0053/005300590010.001/swg.fits[1]
scw/0053/005300600010.001/swg.fits[1]
scw/0053/005300610010.001/swg.fits[1]
scw/0053/005300620010.001/swg.fits[1]
scw/0053/005300630010.001/swg.fits[1]
scw/0053/005300640010.001/swg.fits[1]
scw/0053/005300650010.001/swg.fits[1]
scw/0053/005300660010.001/swg.fits[1]
scw/0053/005300760010.001/swg.fits[1]
scw/0053/005300770010.001/swg.fits[1]
scw/0053/005300780010.001/swg.fits[1]
scw/0053/005300790010.001/swg.fits[1]
scw/0053/005300800010.001/swg.fits[1]
scw/0053/005300810010.001/swg.fits[1]
scw/0053/005300820010.001/swg.fits[1]
scw/0054/005400940010.001/swg.fits[1]
scw/0054/005400950010.001/swg.fits[1]
scw/0054/005400960010.001/swg.fits[1]
scw/0054/005400970010.001/swg.fits[1]
scw/0054/005400980010.001/swg.fits[1]
scw/0054/005400990010.001/swg.fits[1]
scw/0054/005401010010.001/swg.fits[1]
scw/0054/005401020010.001/swg.fits[1]
scw/0054/005401030010.001/swg.fits[1]
scw/0054/005401040010.001/swg.fits[1]
scw/0056/005600510010.001/swg.fits[1]
scw/0056/005600520010.001/swg.fits[1]
scw/0056/005600530010.001/swg.fits[1]
scw/0056/005600540010.001/swg.fits[1]
scw/0056/005600550010.001/swg.fits[1]
scw/0056/005600560010.001/swg.fits[1]
scw/0056/005600570010.001/swg.fits[1]
scw/0056/005600580010.001/swg.fits[1]
scw/0056/005600590010.001/swg.fits[1]
scw/0056/005600600010.001/swg.fits[1]
scw/0056/005600610010.001/swg.fits[1]
scw/0056/005600620010.001/swg.fits[1]
scw/0056/005600810010.001/swg.fits[1]
scw/0056/005600820010.001/swg.fits[1]
scw/0056/005600830010.001/swg.fits[1]
scw/0056/005600840010.001/swg.fits[1]
scw/0056/005600850010.001/swg.fits[1]
scw/0056/005600860010.001/swg.fits[1]
scw/0056/005600870010.001/swg.fits[1]
scw/0056/005600880010.001/swg.fits[1]
scw/0056/005600890010.001/swg.fits[1]
scw/0056/005600900010.001/swg.fits[1]
scw/0056/005600910010.001/swg.fits[1]
scw/0056/005600920010.001/swg.fits[1]
scw/0056/005600930010.001/swg.fits[1]
scw/0056/005600940010.001/swg.fits[1]
scw/0056/005600950010.001/swg.fits[1]
scw/0057/005700510010.001/swg.fits[1]
scw/0058/005800590010.001/swg.fits[1]
scw/0058/005800600010.001/swg.fits[1]
scw/0058/005800610010.001/swg.fits[1]
scw/0058/005800660010.001/swg.fits[1]
scw/0058/005800670010.001/swg.fits[1]
scw/0058/005800680010.001/swg.fits[1]
scw/0058/005800690010.001/swg.fits[1]
scw/0058/005800700010.001/swg.fits[1]
scw/0058/005800710010.001/swg.fits[1]
scw/0058/005800770010.001/swg.fits[1]
scw/0058/005800780010.001/swg.fits[1]
scw/0058/005800790010.001/swg.fits[1]
scw/0058/005800800010.001/swg.fits[1]
scw/0058/005800860010.001/swg.fits[1]
scw/0058/005800870010.001/swg.fits[1]
scw/0058/005800880010.001/swg.fits[1]
scw/0058/005800910010.001/swg.fits[1]
scw/0058/005800920010.001/swg.fits[1]
scw/0059/005900170010.001/swg.fits[1]
scw/0059/005900180010.001/swg.fits[1]
scw/0059/005900230010.001/swg.fits[1]
scw/0059/005900380010.001/swg.fits[1]
scw/0060/006000520010.001/swg.fits[1]
scw/0060/006000530010.001/swg.fits[1]
scw/0060/006000540010.001/swg.fits[1]
scw/0060/006000550010.001/swg.fits[1]
scw/0060/006000560010.001/swg.fits[1]
scw/0060/006000570010.001/swg.fits[1]
scw/0060/006000580010.001/swg.fits[1]
scw/0060/006000690010.001/swg.fits[1]
scw/0060/006000700010.001/swg.fits[1]
scw/0060/006000710010.001/swg.fits[1]
scw/0060/006000720010.001/swg.fits[1]
scw/0060/006000730010.001/swg.fits[1]
scw/0060/006000740010.001/swg.fits[1]
scw/0060/006000750010.001/swg.fits[1]
scw/0061/006100020010.001/swg.fits[1]
scw/0061/006100030010.001/swg.fits[1]
scw/0061/006100040010.001/swg.fits[1]
scw/0061/006100090010.001/swg.fits[1]
scw/0061/006100100010.001/swg.fits[1]
scw/0061/006100110010.001/swg.fits[1]
scw/0061/006100120010.001/swg.fits[1]
scw/0061/006100130010.001/swg.fits[1]
scw/0061/006100140010.001/swg.fits[1]
scw/0061/006100200010.001/swg.fits[1]
scw/0061/006100210010.001/swg.fits[1]
scw/0061/006100220010.001/swg.fits[1]
scw/0061/006100230010.001/swg.fits[1]
scw/0061/006100290010.001/swg.fits[1]
scw/0061/006100300010.001/swg.fits[1]
scw/0061/006100310010.001/swg.fits[1]
scw/0061/006100340010.001/swg.fits[1]
scw/0061/006100350010.001/swg.fits[1]
scw/0061/006100360010.001/swg.fits[1]
scw/0061/006100390010.001/swg.fits[1]
scw/0061/006100400010.001/swg.fits[1]
scw/0061/006100410010.001/swg.fits[1]
scw/0061/006100450010.001/swg.fits[1]
scw/0061/006100460010.001/swg.fits[1]
scw/0061/006100470010.001/swg.fits[1]
scw/0061/006100490010.001/swg.fits[1]
scw/0061/006100500010.001/swg.fits[1]
scw/0061/006100520010.001/swg.fits[1]
scw/0061/006100630010.001/swg.fits[1]
scw/0061/006100640010.001/swg.fits[1]
scw/0061/006100650010.001/swg.fits[1]
scw/0061/006100660010.001/swg.fits[1]
scw/0061/006100670010.001/swg.fits[1]
scw/0061/006100680010.001/swg.fits[1]
scw/0061/006100690010.001/swg.fits[1]
scw/0061/006100700010.001/swg.fits[1]
scw/0061/006100800010.001/swg.fits[1]
scw/0061/006100810010.001/swg.fits[1]
scw/0061/006100820010.001/swg.fits[1]
scw/0061/006100830010.001/swg.fits[1]
scw/0061/006100840010.001/swg.fits[1]
scw/0061/006100850010.001/swg.fits[1]
scw/0061/006100860010.001/swg.fits[1]
scw/0061/006100870010.001/swg.fits[1]
scw/0061/006100980010.001/swg.fits[1]
scw/0061/006100990010.001/swg.fits[1]
scw/0061/006101000010.001/swg.fits[1]
scw/0061/006101010010.001/swg.fits[1]
scw/0061/006101020010.001/swg.fits[1]
scw/0061/006101030010.001/swg.fits[1]
scw/0061/006101060010.001/swg.fits[1]
scw/0062/006200790010.001/swg.fits[1]
scw/0062/006200800010.001/swg.fits[1]
scw/0062/006200810010.001/swg.fits[1]
scw/0062/006200820010.001/swg.fits[1]
scw/0062/006200830010.001/swg.fits[1]
scw/0062/006200840010.001/swg.fits[1]
scw/0063/006300250010.001/swg.fits[1]
scw/0063/006300260010.001/swg.fits[1]
scw/0063/006300270010.001/swg.fits[1]
scw/0063/006300280010.001/swg.fits[1]
scw/0063/006300290010.001/swg.fits[1]
scw/0063/006300410010.001/swg.fits[1]
scw/0063/006300420010.001/swg.fits[1]
scw/0063/006300430010.001/swg.fits[1]
scw/0063/006300440010.001/swg.fits[1]
scw/0063/006300450010.001/swg.fits[1]
scw/0063/006300530010.001/swg.fits[1]
scw/0063/006300540010.001/swg.fits[1]
scw/0063/006300550010.001/swg.fits[1]
scw/0063/006300600010.001/swg.fits[1]
scw/0063/006300610010.001/swg.fits[1]
scw/0063/006300620010.001/swg.fits[1]
scw/0063/006300630010.001/swg.fits[1]
scw/0063/006300640010.001/swg.fits[1]
scw/0063/006300650010.001/swg.fits[1]
scw/0063/006300710010.001/swg.fits[1]
scw/0063/006300720010.001/swg.fits[1]
scw/0063/006300730010.001/swg.fits[1]
scw/0063/006300740010.001/swg.fits[1]
scw/0063/006300800010.001/swg.fits[1]
scw/0063/006300810010.001/swg.fits[1]
scw/0063/006300820010.001/swg.fits[1]
scw/0063/006300850010.001/swg.fits[1]
scw/0063/006300860010.001/swg.fits[1]
scw/0063/006300870010.001/swg.fits[1]
scw/0063/006300900010.001/swg.fits[1]
scw/0063/006300910010.001/swg.fits[1]
scw/0063/006300920010.001/swg.fits[1]
scw/0063/006300960010.001/swg.fits[1]
scw/0063/006300970010.001/swg.fits[1]
scw/0063/006300980010.001/swg.fits[1]
scw/0064/006400030010.001/swg.fits[1]
scw/0064/006400040010.001/swg.fits[1]
scw/0103/010300080010.001/swg.fits[1]
scw/0103/010300090010.001/swg.fits[1]
scw/0103/010300240010.001/swg.fits[1]
scw/0103/010300250010.001/swg.fits[1]
scw/0103/010300260010.001/swg.fits[1]
scw/0103/010300390010.001/swg.fits[1]
scw/0103/010300400010.001/swg.fits[1]
scw/0103/010300410010.001/swg.fits[1]
scw/0103/010300420010.001/swg.fits[1]
scw/0103/010300430010.001/swg.fits[1]
scw/0103/010300550010.001/swg.fits[1]
scw/0103/010300560010.001/swg.fits[1]
scw/0103/010300570010.001/swg.fits[1]
scw/0103/010300580010.001/swg.fits[1]
scw/0103/010300720010.001/swg.fits[1]
scw/0103/010300730010.001/swg.fits[1]
scw/0103/010300740010.001/swg.fits[1]
scw/0103/010300750010.001/swg.fits[1]
scw/0103/010300760010.001/swg.fits[1]
scw/0103/010300770010.001/swg.fits[1]
scw/0103/010300880010.001/swg.fits[1]
scw/0103/010300890010.001/swg.fits[1]
