scw/1222/122201000010.001/swg.fits[1]
scw/1222/122201050010.001/swg.fits[1]
scw/1222/122201060010.001/swg.fits[1]
scw/1222/122201070010.001/swg.fits[1]
scw/1222/122201080010.001/swg.fits[1]
scw/1222/122201090010.001/swg.fits[1]
scw/1222/122201100010.001/swg.fits[1]
scw/1222/122201110010.001/swg.fits[1]
scw/1222/122201120010.001/swg.fits[1]
scw/1222/122201130010.001/swg.fits[1]
scw/1223/122300020010.001/swg.fits[1]
scw/1223/122300030010.001/swg.fits[1]
scw/1223/122300040010.001/swg.fits[1]
scw/1223/122300050010.001/swg.fits[1]
scw/1223/122300100010.001/swg.fits[1]
scw/1223/122300140010.001/swg.fits[1]
scw/1223/122300150010.001/swg.fits[1]
scw/1223/122300160010.001/swg.fits[1]
scw/1223/122300170010.001/swg.fits[1]
scw/1223/122300180010.001/swg.fits[1]
scw/1223/122300190010.001/swg.fits[1]
scw/1223/122300200010.001/swg.fits[1]
scw/1223/122300210010.001/swg.fits[1]
scw/1223/122300220010.001/swg.fits[1]
scw/1223/122300230010.001/swg.fits[1]
scw/1223/122300240010.001/swg.fits[1]
scw/1223/122300250010.001/swg.fits[1]
scw/1223/122300260010.001/swg.fits[1]
scw/1223/122300270010.001/swg.fits[1]
scw/1223/122300300010.001/swg.fits[1]
scw/1223/122300310010.001/swg.fits[1]
scw/1223/122300320010.001/swg.fits[1]
scw/1223/122300330010.001/swg.fits[1]
scw/1223/122300340010.001/swg.fits[1]
scw/1223/122300350010.001/swg.fits[1]
scw/1223/122300360010.001/swg.fits[1]
scw/1223/122300370010.001/swg.fits[1]
scw/1223/122300380010.001/swg.fits[1]
scw/1223/122300390010.001/swg.fits[1]
scw/1223/122300400010.001/swg.fits[1]
scw/1223/122300410010.001/swg.fits[1]
scw/1223/122300420010.001/swg.fits[1]
scw/1223/122300430010.001/swg.fits[1]
scw/1223/122300490010.001/swg.fits[1]
scw/1223/122300500010.001/swg.fits[1]
scw/1223/122300510010.001/swg.fits[1]
scw/1223/122300520010.001/swg.fits[1]
scw/1223/122300530010.001/swg.fits[1]
scw/1223/122300540010.001/swg.fits[1]
scw/1223/122300550010.001/swg.fits[1]
scw/1223/122300560010.001/swg.fits[1]
scw/1223/122300570010.001/swg.fits[1]
scw/1223/122300580010.001/swg.fits[1]
scw/1223/122300600010.001/swg.fits[1]
scw/1223/122300610010.001/swg.fits[1]
scw/1223/122300620010.001/swg.fits[1]
scw/1223/122300690010.001/swg.fits[1]
scw/1223/122300700010.001/swg.fits[1]
scw/1223/122300710010.001/swg.fits[1]
scw/1223/122300720010.001/swg.fits[1]
scw/1223/122300730010.001/swg.fits[1]
scw/1223/122300740010.001/swg.fits[1]
scw/1223/122300750010.001/swg.fits[1]
scw/1223/122300760010.001/swg.fits[1]
scw/1223/122300770010.001/swg.fits[1]
scw/1223/122300780010.001/swg.fits[1]
scw/1223/122300790010.001/swg.fits[1]
scw/1223/122300800010.001/swg.fits[1]
scw/1223/122300810010.001/swg.fits[1]
scw/1223/122300820010.001/swg.fits[1]
scw/1224/122400280010.001/swg.fits[1]
scw/1224/122400290010.001/swg.fits[1]
scw/1224/122400300010.001/swg.fits[1]
scw/1224/122400370010.001/swg.fits[1]
scw/1224/122400380010.001/swg.fits[1]
scw/1224/122400390010.001/swg.fits[1]
scw/1224/122400400010.001/swg.fits[1]
scw/1224/122400410010.001/swg.fits[1]
scw/1224/122400540010.001/swg.fits[1]
scw/1224/122400550010.001/swg.fits[1]
scw/1224/122400560010.001/swg.fits[1]
scw/1224/122400620010.001/swg.fits[1]
scw/1224/122400660010.001/swg.fits[1]
scw/1225/122500030010.001/swg.fits[1]
scw/1225/122500040010.001/swg.fits[1]
scw/1225/122500050010.001/swg.fits[1]
scw/1225/122500200010.001/swg.fits[1]
scw/1225/122500210010.001/swg.fits[1]
scw/1225/122500280010.001/swg.fits[1]
scw/1225/122500290010.001/swg.fits[1]
scw/1225/122500300010.001/swg.fits[1]
scw/1225/122500310010.001/swg.fits[1]
scw/1225/122500320010.001/swg.fits[1]
scw/1225/122500330010.001/swg.fits[1]
scw/1226/122600050010.001/swg.fits[1]
scw/1226/122600060010.001/swg.fits[1]
scw/1226/122600070010.001/swg.fits[1]
scw/1226/122600200010.001/swg.fits[1]
scw/1226/122600210010.001/swg.fits[1]
scw/1226/122600220010.001/swg.fits[1]
scw/1226/122600290010.001/swg.fits[1]
scw/1226/122600300010.001/swg.fits[1]
scw/1226/122600310010.001/swg.fits[1]
scw/1226/122600320010.001/swg.fits[1]
scw/1226/122600330010.001/swg.fits[1]
scw/1261/126100680010.001/swg.fits[1]
scw/1261/126100690010.001/swg.fits[1]
scw/1261/126100700010.001/swg.fits[1]
scw/1261/126100860010.001/swg.fits[1]
scw/1261/126100870010.001/swg.fits[1]
scw/1261/126100880010.001/swg.fits[1]
scw/1261/126100890010.001/swg.fits[1]
scw/1261/126100900010.001/swg.fits[1]
scw/1261/126100910010.001/swg.fits[1]
scw/1261/126100970010.001/swg.fits[1]
scw/1261/126100980010.001/swg.fits[1]
scw/1261/126100990010.001/swg.fits[1]
scw/1262/126200060010.001/swg.fits[1]
scw/1262/126200070010.001/swg.fits[1]
scw/1262/126200080010.001/swg.fits[1]
scw/1262/126200190010.001/swg.fits[1]
scw/1262/126200200010.001/swg.fits[1]
scw/1262/126200210010.001/swg.fits[1]
scw/1262/126200220010.001/swg.fits[1]
scw/1262/126200230010.001/swg.fits[1]
scw/1262/126200240010.001/swg.fits[1]
scw/1262/126200250010.001/swg.fits[1]
scw/1262/126200320010.001/swg.fits[1]
scw/1263/126300430010.001/swg.fits[1]
scw/1263/126300440010.001/swg.fits[1]
scw/1263/126300450010.001/swg.fits[1]
scw/1263/126300460010.001/swg.fits[1]
scw/1263/126300470010.001/swg.fits[1]
scw/1263/126300550010.001/swg.fits[1]
scw/1264/126400030010.001/swg.fits[1]
scw/1264/126400040010.001/swg.fits[1]
scw/1264/126400050010.001/swg.fits[1]
scw/1264/126400060010.001/swg.fits[1]
scw/1264/126400070010.001/swg.fits[1]
scw/1264/126400080010.001/swg.fits[1]
scw/1264/126400090010.001/swg.fits[1]
scw/1264/126400160010.001/swg.fits[1]
scw/1264/126400280010.001/swg.fits[1]
scw/1264/126400360010.001/swg.fits[1]
scw/1264/126400370010.001/swg.fits[1]
scw/1264/126400380010.001/swg.fits[1]
scw/1264/126400390010.001/swg.fits[1]
scw/1264/126400460010.001/swg.fits[1]
scw/1264/126400470010.001/swg.fits[1]
scw/1264/126400480010.001/swg.fits[1]
scw/1264/126400490010.001/swg.fits[1]
scw/1264/126400570010.001/swg.fits[1]
scw/1265/126500650010.001/swg.fits[1]
scw/1265/126500660010.001/swg.fits[1]
scw/1266/126600060010.001/swg.fits[1]
scw/1266/126600070010.001/swg.fits[1]
scw/1266/126600080010.001/swg.fits[1]
scw/1267/126700600010.001/swg.fits[1]
scw/1267/126700640010.001/swg.fits[1]
scw/1267/126700650010.001/swg.fits[1]
scw/1267/126700660010.001/swg.fits[1]
scw/1271/127100060010.001/swg.fits[1]
scw/1271/127100070010.001/swg.fits[1]
scw/1271/127100080010.001/swg.fits[1]
scw/1274/127400570010.001/swg.fits[1]
scw/1274/127400580010.001/swg.fits[1]
scw/1274/127400590010.001/swg.fits[1]
scw/1274/127400600010.001/swg.fits[1]
scw/1274/127400610010.001/swg.fits[1]
scw/1274/127400620010.001/swg.fits[1]
scw/1274/127400630010.001/swg.fits[1]
scw/1275/127500020010.001/swg.fits[1]
scw/1275/127500030010.001/swg.fits[1]
scw/1275/127500040010.001/swg.fits[1]
scw/1275/127500050010.001/swg.fits[1]
scw/1275/127500060010.001/swg.fits[1]
scw/1275/127500070010.001/swg.fits[1]
scw/1275/127500080010.001/swg.fits[1]
scw/1275/127500090010.001/swg.fits[1]
scw/1275/127500100010.001/swg.fits[1]
scw/1275/127500110010.001/swg.fits[1]
scw/1275/127500120010.001/swg.fits[1]
scw/1275/127500130010.001/swg.fits[1]
scw/1275/127500140010.001/swg.fits[1]
scw/1275/127500150010.001/swg.fits[1]
scw/1275/127500210010.001/swg.fits[1]
scw/1275/127500220010.001/swg.fits[1]
scw/1275/127500230010.001/swg.fits[1]
scw/1275/127500240010.001/swg.fits[1]
scw/1275/127500250010.001/swg.fits[1]
scw/1275/127500260010.001/swg.fits[1]
scw/1275/127500270010.001/swg.fits[1]
scw/1275/127500280010.001/swg.fits[1]
scw/1275/127500290010.001/swg.fits[1]
scw/1275/127500300010.001/swg.fits[1]
scw/1275/127500310010.001/swg.fits[1]
scw/1275/127500320010.001/swg.fits[1]
scw/1275/127500330010.001/swg.fits[1]
scw/1275/127500340010.001/swg.fits[1]
scw/1276/127600080010.001/swg.fits[1]
scw/1276/127600090010.001/swg.fits[1]
scw/1276/127600100010.001/swg.fits[1]
scw/1276/127600130010.001/swg.fits[1]
scw/1276/127600140010.001/swg.fits[1]
scw/1276/127600150010.001/swg.fits[1]
scw/1276/127600160010.001/swg.fits[1]
scw/1276/127600170010.001/swg.fits[1]
scw/1276/127600180010.001/swg.fits[1]
scw/1276/127600190010.001/swg.fits[1]
scw/1276/127600200010.001/swg.fits[1]
scw/1276/127600210010.001/swg.fits[1]
scw/1276/127600220010.001/swg.fits[1]
scw/1276/127600230010.001/swg.fits[1]
scw/1276/127600240010.001/swg.fits[1]
scw/1276/127600250010.001/swg.fits[1]
scw/1276/127600260010.001/swg.fits[1]
scw/1276/127600320010.001/swg.fits[1]
scw/1276/127600330010.001/swg.fits[1]
scw/1276/127600340010.001/swg.fits[1]
scw/1276/127600350010.001/swg.fits[1]
scw/1276/127600360010.001/swg.fits[1]
scw/1276/127600370010.001/swg.fits[1]
scw/1276/127600380010.001/swg.fits[1]
scw/1276/127600390010.001/swg.fits[1]
scw/1276/127600400010.001/swg.fits[1]
scw/1276/127600410010.001/swg.fits[1]
scw/1276/127600420010.001/swg.fits[1]
scw/1276/127600430010.001/swg.fits[1]
scw/1276/127600440010.001/swg.fits[1]
scw/1276/127600450010.001/swg.fits[1]
scw/1276/127600480010.001/swg.fits[1]
scw/1276/127600490010.001/swg.fits[1]
scw/1276/127600500010.001/swg.fits[1]
scw/1276/127600510010.001/swg.fits[1]
scw/1276/127600520010.001/swg.fits[1]
scw/1276/127600530010.001/swg.fits[1]
scw/1276/127600540010.001/swg.fits[1]
scw/1276/127600550010.001/swg.fits[1]
scw/1276/127600560010.001/swg.fits[1]
scw/1276/127600570010.001/swg.fits[1]
scw/1276/127600580010.001/swg.fits[1]
scw/1276/127600590010.001/swg.fits[1]
scw/1276/127600600010.001/swg.fits[1]
scw/1276/127600610010.001/swg.fits[1]
scw/1276/127600670010.001/swg.fits[1]
scw/1276/127600680010.001/swg.fits[1]
scw/1276/127600690010.001/swg.fits[1]
