scw/0793/079300900010.001/swg.fits[1]
scw/0793/079300910010.001/swg.fits[1]
scw/0793/079300920010.001/swg.fits[1]
scw/0793/079300930010.001/swg.fits[1]
scw/0794/079400260010.001/swg.fits[1]
scw/0794/079400270010.001/swg.fits[1]
scw/0794/079400280010.001/swg.fits[1]
scw/0794/079400290010.001/swg.fits[1]
scw/0794/079400300010.001/swg.fits[1]
scw/0794/079400310010.001/swg.fits[1]
scw/0794/079400320010.001/swg.fits[1]
scw/0794/079400330010.001/swg.fits[1]
scw/0794/079400340010.001/swg.fits[1]
scw/0794/079400350010.001/swg.fits[1]
scw/0794/079400360010.001/swg.fits[1]
scw/0794/079400370010.001/swg.fits[1]
scw/0794/079400440010.001/swg.fits[1]
scw/0794/079400450010.001/swg.fits[1]
scw/0794/079400460010.001/swg.fits[1]
scw/0794/079400470010.001/swg.fits[1]
scw/0794/079400480010.001/swg.fits[1]
scw/0794/079400490010.001/swg.fits[1]
scw/0794/079400500010.001/swg.fits[1]
scw/0794/079400510010.001/swg.fits[1]
scw/0794/079400520010.001/swg.fits[1]
scw/0794/079400530010.001/swg.fits[1]
scw/0795/079500340010.001/swg.fits[1]
scw/0795/079500350010.001/swg.fits[1]
scw/0795/079500360010.001/swg.fits[1]
scw/0795/079500370010.001/swg.fits[1]
scw/0795/079500390010.001/swg.fits[1]
scw/0795/079500400010.001/swg.fits[1]
scw/0795/079500830010.001/swg.fits[1]
scw/0795/079500840010.001/swg.fits[1]
scw/0795/079500850010.001/swg.fits[1]
scw/0795/079500860010.001/swg.fits[1]
scw/0798/079800140010.001/swg.fits[1]
scw/0798/079800140020.001/swg.fits[1]
scw/0798/079800140030.001/swg.fits[1]
scw/0798/079800150010.001/swg.fits[1]
scw/0840/084000180010.001/swg.fits[1]
scw/0840/084000190010.001/swg.fits[1]
scw/0840/084000200010.001/swg.fits[1]
scw/0840/084000210010.001/swg.fits[1]
scw/0840/084000220010.001/swg.fits[1]
scw/0840/084000230010.001/swg.fits[1]
scw/0840/084000250010.001/swg.fits[1]
scw/0840/084000260010.001/swg.fits[1]
scw/0840/084000640010.001/swg.fits[1]
scw/0840/084000650010.001/swg.fits[1]
scw/0840/084000660010.001/swg.fits[1]
scw/0840/084000670010.001/swg.fits[1]
scw/0840/084000680010.001/swg.fits[1]
scw/0840/084000690010.001/swg.fits[1]
scw/0840/084000700010.001/swg.fits[1]
scw/0840/084000710010.001/swg.fits[1]
scw/0841/084100200010.001/swg.fits[1]
scw/0841/084100210010.001/swg.fits[1]
scw/0841/084100220010.001/swg.fits[1]
scw/0841/084100230010.001/swg.fits[1]
scw/0841/084100240010.001/swg.fits[1]
scw/0841/084100250010.001/swg.fits[1]
scw/0841/084100650010.001/swg.fits[1]
scw/0841/084100660010.001/swg.fits[1]
scw/0841/084100670010.001/swg.fits[1]
scw/0841/084100680010.001/swg.fits[1]
scw/0841/084100690010.001/swg.fits[1]
scw/0841/084100700010.001/swg.fits[1]
scw/0842/084200180010.001/swg.fits[1]
scw/0842/084200190010.001/swg.fits[1]
scw/0842/084200200010.001/swg.fits[1]
scw/0842/084200210010.001/swg.fits[1]
scw/0842/084200220010.001/swg.fits[1]
scw/0842/084200230010.001/swg.fits[1]
scw/0842/084200240010.001/swg.fits[1]
scw/0842/084200250010.001/swg.fits[1]
scw/0842/084200260010.001/swg.fits[1]
scw/0842/084200640010.001/swg.fits[1]
scw/0842/084200650010.001/swg.fits[1]
scw/0842/084200660010.001/swg.fits[1]
scw/0842/084200670010.001/swg.fits[1]
scw/0842/084200680010.001/swg.fits[1]
scw/0842/084200690010.001/swg.fits[1]
scw/0842/084200700010.001/swg.fits[1]
scw/0842/084200710010.001/swg.fits[1]
scw/0843/084300190010.001/swg.fits[1]
scw/0843/084300200010.001/swg.fits[1]
scw/0843/084300210010.001/swg.fits[1]
scw/0843/084300220010.001/swg.fits[1]
scw/0843/084300230010.001/swg.fits[1]
scw/0843/084300240010.001/swg.fits[1]
scw/0843/084300250010.001/swg.fits[1]
scw/0843/084300260010.001/swg.fits[1]
scw/0843/084300540010.001/swg.fits[1]
scw/0843/084300550010.001/swg.fits[1]
scw/0843/084300560010.001/swg.fits[1]
scw/0843/084300570010.001/swg.fits[1]
scw/0843/084300580010.001/swg.fits[1]
scw/0843/084300590010.001/swg.fits[1]
scw/0843/084300600010.001/swg.fits[1]
scw/0843/084300610010.001/swg.fits[1]
scw/0843/084300620010.001/swg.fits[1]
scw/0844/084400180010.001/swg.fits[1]
scw/0844/084400190010.001/swg.fits[1]
scw/0844/084400200010.001/swg.fits[1]
scw/0844/084400210010.001/swg.fits[1]
scw/0844/084400220010.001/swg.fits[1]
scw/0844/084400230010.001/swg.fits[1]
scw/0844/084400240010.001/swg.fits[1]
scw/0844/084400250010.001/swg.fits[1]
scw/0844/084400260010.001/swg.fits[1]
scw/0844/084400620010.001/swg.fits[1]
scw/0844/084400630010.001/swg.fits[1]
scw/0844/084400640010.001/swg.fits[1]
scw/0844/084400650010.001/swg.fits[1]
scw/0844/084400660010.001/swg.fits[1]
scw/0844/084400670010.001/swg.fits[1]
scw/0844/084400680010.001/swg.fits[1]
scw/0844/084400690010.001/swg.fits[1]
scw/0845/084500120010.001/swg.fits[1]
scw/0845/084500130010.001/swg.fits[1]
scw/0845/084500180010.001/swg.fits[1]
scw/0845/084500190010.001/swg.fits[1]
scw/0845/084500200010.001/swg.fits[1]
scw/0845/084500210010.001/swg.fits[1]
scw/0845/084500230010.001/swg.fits[1]
scw/0845/084500250010.001/swg.fits[1]
scw/0845/084500260010.001/swg.fits[1]
scw/0845/084500620010.001/swg.fits[1]
scw/0845/084500630010.001/swg.fits[1]
scw/0845/084500640010.001/swg.fits[1]
scw/0845/084500650010.001/swg.fits[1]
scw/0845/084500660010.001/swg.fits[1]
scw/0845/084500670010.001/swg.fits[1]
scw/0845/084500680010.001/swg.fits[1]
scw/0845/084500690010.001/swg.fits[1]
scw/0845/084500700010.001/swg.fits[1]
scw/0847/084700270010.001/swg.fits[1]
scw/0847/084700280010.001/swg.fits[1]
scw/0847/084700290010.001/swg.fits[1]
scw/0847/084700300010.001/swg.fits[1]
scw/0847/084700310010.001/swg.fits[1]
scw/0847/084700320010.001/swg.fits[1]
scw/0847/084700330010.001/swg.fits[1]
scw/0847/084700340010.001/swg.fits[1]
scw/0847/084700350010.001/swg.fits[1]
scw/0847/084700360010.001/swg.fits[1]
scw/0847/084700370010.001/swg.fits[1]
scw/0847/084700380010.001/swg.fits[1]
scw/0847/084700590010.001/swg.fits[1]
scw/0847/084700600010.001/swg.fits[1]
scw/0847/084700610010.001/swg.fits[1]
scw/0847/084700620010.001/swg.fits[1]
scw/0847/084700630010.001/swg.fits[1]
scw/0847/084700640010.001/swg.fits[1]
scw/0847/084700650010.001/swg.fits[1]
scw/0847/084700660010.001/swg.fits[1]
scw/0847/084700670010.001/swg.fits[1]
scw/0847/084700680010.001/swg.fits[1]
scw/0847/084700690010.001/swg.fits[1]
scw/0847/084700700010.001/swg.fits[1]
scw/0847/084700920010.001/swg.fits[1]
scw/0847/084700930010.001/swg.fits[1]
scw/0847/084700940010.001/swg.fits[1]
scw/0847/084700950010.001/swg.fits[1]
scw/0847/084700960010.001/swg.fits[1]
scw/0847/084700970010.001/swg.fits[1]
scw/0847/084700980010.001/swg.fits[1]
scw/0847/084700990010.001/swg.fits[1]
scw/0847/084701000010.001/swg.fits[1]
scw/0847/084701010010.001/swg.fits[1]
scw/0847/084701020010.001/swg.fits[1]
scw/0848/084800090010.001/swg.fits[1]
scw/0848/084800100010.001/swg.fits[1]
scw/0848/084800120010.001/swg.fits[1]
scw/0848/084800130010.001/swg.fits[1]
scw/0848/084800140010.001/swg.fits[1]
scw/0848/084800150010.001/swg.fits[1]
scw/0848/084800160010.001/swg.fits[1]
scw/0848/084800170010.001/swg.fits[1]
scw/0848/084800190010.001/swg.fits[1]
scw/0848/084800200010.001/swg.fits[1]
scw/0848/084800220010.001/swg.fits[1]
scw/0848/084800240010.001/swg.fits[1]
scw/0848/084800600010.001/swg.fits[1]
scw/0848/084800610010.001/swg.fits[1]
scw/0848/084800620010.001/swg.fits[1]
scw/0848/084800630010.001/swg.fits[1]
scw/0848/084800640010.001/swg.fits[1]
scw/0848/084800650010.001/swg.fits[1]
scw/0848/084800660010.001/swg.fits[1]
scw/0848/084800670010.001/swg.fits[1]
scw/0848/084800680010.001/swg.fits[1]
scw/0848/084800690010.001/swg.fits[1]
scw/0848/084800700010.001/swg.fits[1]
scw/0848/084800710010.001/swg.fits[1]
scw/0848/084800920010.001/swg.fits[1]
scw/0848/084800930010.001/swg.fits[1]
scw/0848/084800940010.001/swg.fits[1]
scw/0848/084800950010.001/swg.fits[1]
scw/0848/084800960010.001/swg.fits[1]
scw/0848/084800970010.001/swg.fits[1]
scw/0848/084800980010.001/swg.fits[1]
scw/0848/084800990010.001/swg.fits[1]
scw/0848/084801000010.001/swg.fits[1]
scw/0848/084801010010.001/swg.fits[1]
scw/0848/084801020010.001/swg.fits[1]
scw/0848/084801030010.001/swg.fits[1]
scw/0849/084900040010.001/swg.fits[1]
scw/0849/084900050010.001/swg.fits[1]
scw/0849/084900060010.001/swg.fits[1]
scw/0849/084900070010.001/swg.fits[1]
scw/0849/084900080010.001/swg.fits[1]
scw/0849/084900090010.001/swg.fits[1]
scw/0849/084900100010.001/swg.fits[1]
scw/0849/084900110010.001/swg.fits[1]
scw/0849/084900120010.001/swg.fits[1]
scw/0849/084900130010.001/swg.fits[1]
scw/0849/084900140010.001/swg.fits[1]
scw/0849/084900150010.001/swg.fits[1]
scw/0849/084900370010.001/swg.fits[1]
scw/0849/084900380010.001/swg.fits[1]
scw/0849/084900390010.001/swg.fits[1]
scw/0849/084900400010.001/swg.fits[1]
scw/0849/084900410010.001/swg.fits[1]
scw/0849/084900420010.001/swg.fits[1]
scw/0849/084900430010.001/swg.fits[1]
scw/0849/084900440010.001/swg.fits[1]
scw/0849/084900450010.001/swg.fits[1]
scw/0849/084900460010.001/swg.fits[1]
scw/0849/084900470010.001/swg.fits[1]
scw/0849/084900480010.001/swg.fits[1]
scw/0849/084900490010.001/swg.fits[1]
scw/0850/085000120010.001/swg.fits[1]
scw/0850/085000130010.001/swg.fits[1]
