scw/0427/042700500010.001/swg.fits[1]
scw/0427/042700550010.001/swg.fits[1]
scw/0428/042800050010.001/swg.fits[1]
scw/0428/042800060010.001/swg.fits[1]
scw/0428/042800070010.001/swg.fits[1]
scw/0428/042800090010.001/swg.fits[1]
scw/0428/042800100010.001/swg.fits[1]
scw/0428/042800130010.001/swg.fits[1]
scw/0428/042800140010.001/swg.fits[1]
scw/0428/042800150010.001/swg.fits[1]
scw/0428/042800160010.001/swg.fits[1]
scw/0428/042800170010.001/swg.fits[1]
scw/0428/042800180010.001/swg.fits[1]
scw/0428/042800190010.001/swg.fits[1]
scw/0428/042800200010.001/swg.fits[1]
scw/0428/042800240010.001/swg.fits[1]
scw/0428/042800250010.001/swg.fits[1]
scw/0428/042800260010.001/swg.fits[1]
scw/0428/042800270010.001/swg.fits[1]
scw/0428/042800470010.001/swg.fits[1]
scw/0428/042800480010.001/swg.fits[1]
scw/0429/042901070010.001/swg.fits[1]
scw/0429/042901080010.001/swg.fits[1]
scw/0431/043100210010.001/swg.fits[1]
scw/0431/043100220010.001/swg.fits[1]
scw/0431/043100230010.001/swg.fits[1]
scw/0469/046900020010.001/swg.fits[1]
scw/0469/046900030010.001/swg.fits[1]
scw/0469/046900040010.001/swg.fits[1]
scw/0470/047000020010.001/swg.fits[1]
scw/0470/047000030010.001/swg.fits[1]
scw/0470/047000040010.001/swg.fits[1]
scw/0472/047200200010.001/swg.fits[1]
scw/0472/047200210010.001/swg.fits[1]
scw/0472/047200220010.001/swg.fits[1]
scw/0472/047200470010.001/swg.fits[1]
scw/0472/047200480010.001/swg.fits[1]
scw/0472/047200540010.001/swg.fits[1]
scw/0472/047200550010.001/swg.fits[1]
scw/0472/047200560010.001/swg.fits[1]
scw/0472/047200570010.001/swg.fits[1]
scw/0472/047200580010.001/swg.fits[1]
scw/0472/047200590010.001/swg.fits[1]
scw/0472/047200630010.001/swg.fits[1]
scw/0472/047200640010.001/swg.fits[1]
scw/0472/047200650010.001/swg.fits[1]
scw/0472/047200660010.001/swg.fits[1]
scw/0473/047300020010.001/swg.fits[1]
scw/0473/047300030010.001/swg.fits[1]
scw/0473/047300040010.001/swg.fits[1]
scw/0473/047300090010.001/swg.fits[1]
scw/0473/047300100010.001/swg.fits[1]
scw/0473/047300110010.001/swg.fits[1]
scw/0473/047300170010.001/swg.fits[1]
scw/0473/047300180010.001/swg.fits[1]
scw/0473/047300380010.001/swg.fits[1]
scw/0473/047300390010.001/swg.fits[1]
scw/0473/047300400010.001/swg.fits[1]
scw/0473/047300460010.001/swg.fits[1]
scw/0473/047300470010.001/swg.fits[1]
scw/0473/047300480010.001/swg.fits[1]
scw/0473/047300490010.001/swg.fits[1]
scw/0473/047300500010.001/swg.fits[1]
scw/0473/047300510010.001/swg.fits[1]
scw/0473/047300520010.001/swg.fits[1]
scw/0473/047300550010.001/swg.fits[1]
scw/0473/047300560010.001/swg.fits[1]
scw/0473/047300570010.001/swg.fits[1]
scw/0473/047300580010.001/swg.fits[1]
scw/0473/047300590010.001/swg.fits[1]
scw/0473/047300600010.001/swg.fits[1]
scw/0473/047300610010.001/swg.fits[1]
scw/0474/047400020010.001/swg.fits[1]
scw/0474/047400030010.001/swg.fits[1]
scw/0474/047400040010.001/swg.fits[1]
scw/0475/047500490010.001/swg.fits[1]
scw/0475/047500500010.001/swg.fits[1]
scw/0475/047500510010.001/swg.fits[1]
scw/0475/047500570010.001/swg.fits[1]
scw/0475/047500580010.001/swg.fits[1]
scw/0475/047500590010.001/swg.fits[1]
scw/0475/047500790010.001/swg.fits[1]
scw/0476/047600110010.001/swg.fits[1]
scw/0476/047600120010.001/swg.fits[1]
scw/0476/047600130010.001/swg.fits[1]
scw/0476/047600230010.001/swg.fits[1]
scw/0476/047600240010.001/swg.fits[1]
scw/0476/047600250010.001/swg.fits[1]
scw/0476/047600260010.001/swg.fits[1]
scw/0476/047600270010.001/swg.fits[1]
scw/0476/047600310010.001/swg.fits[1]
scw/0476/047600320010.001/swg.fits[1]
scw/0476/047600330010.001/swg.fits[1]
scw/0476/047600340010.001/swg.fits[1]
scw/0476/047600350010.001/swg.fits[1]
scw/0476/047600360010.001/swg.fits[1]
scw/0476/047600370010.001/swg.fits[1]
scw/0476/047600380010.001/swg.fits[1]
scw/0476/047600420010.001/swg.fits[1]
scw/0476/047600430010.001/swg.fits[1]
scw/0476/047600440010.001/swg.fits[1]
scw/0476/047600450010.001/swg.fits[1]
scw/0476/047600600010.001/swg.fits[1]
scw/0476/047600610010.001/swg.fits[1]
scw/0476/047600620010.001/swg.fits[1]
scw/0476/047600650010.001/swg.fits[1]
scw/0476/047600660010.001/swg.fits[1]
scw/0477/047700020010.001/swg.fits[1]
scw/0477/047700030010.001/swg.fits[1]
scw/0477/047700040010.001/swg.fits[1]
scw/0477/047700080010.001/swg.fits[1]
scw/0477/047700200010.001/swg.fits[1]
scw/0478/047800110010.001/swg.fits[1]
scw/0478/047800120010.001/swg.fits[1]
scw/0478/047800130010.001/swg.fits[1]
scw/0478/047800260010.001/swg.fits[1]
scw/0478/047800270010.001/swg.fits[1]
scw/0478/047800350010.001/swg.fits[1]
scw/0478/047800360010.001/swg.fits[1]
scw/0478/047800370010.001/swg.fits[1]
scw/0478/047800380010.001/swg.fits[1]
scw/0478/047800600010.001/swg.fits[1]
scw/0478/047800610010.001/swg.fits[1]
scw/0478/047800620010.001/swg.fits[1]
scw/0478/047800630010.001/swg.fits[1]
scw/0478/047800640010.001/swg.fits[1]
scw/0478/047800650010.001/swg.fits[1]
scw/0478/047800660010.001/swg.fits[1]
scw/0478/047800750010.001/swg.fits[1]
scw/0478/047800760010.001/swg.fits[1]
scw/0478/047800770010.001/swg.fits[1]
scw/0478/047800780010.001/swg.fits[1]
scw/0479/047900020010.001/swg.fits[1]
scw/0479/047900030010.001/swg.fits[1]
scw/0479/047900040010.001/swg.fits[1]
scw/0479/047900130010.001/swg.fits[1]
scw/0479/047900250010.001/swg.fits[1]
scw/0479/047900260010.001/swg.fits[1]
scw/0479/047900270010.001/swg.fits[1]
scw/0479/047900280010.001/swg.fits[1]
scw/0479/047900290010.001/swg.fits[1]
scw/0479/047900300010.001/swg.fits[1]
scw/0479/047900600010.001/swg.fits[1]
scw/0479/047900680010.001/swg.fits[1]
scw/0479/047900690010.001/swg.fits[1]
scw/0479/047900700010.001/swg.fits[1]
scw/0479/047900710010.001/swg.fits[1]
scw/0480/048000110010.001/swg.fits[1]
scw/0480/048000120010.001/swg.fits[1]
scw/0480/048000130010.001/swg.fits[1]
scw/0480/048000290010.001/swg.fits[1]
scw/0480/048000300010.001/swg.fits[1]
scw/0480/048000310010.001/swg.fits[1]
scw/0480/048000320010.001/swg.fits[1]
scw/0480/048000330010.001/swg.fits[1]
scw/0480/048000390010.001/swg.fits[1]
scw/0480/048000400010.001/swg.fits[1]
scw/0480/048000410010.001/swg.fits[1]
scw/0480/048000500010.001/swg.fits[1]
scw/0480/048000630010.001/swg.fits[1]
scw/0480/048000640010.001/swg.fits[1]
scw/0480/048000650010.001/swg.fits[1]
scw/0480/048000660010.001/swg.fits[1]
scw/0481/048100030010.001/swg.fits[1]
scw/0481/048100040010.001/swg.fits[1]
scw/0481/048100050010.001/swg.fits[1]
scw/0481/048100230010.001/swg.fits[1]
scw/0481/048100240010.001/swg.fits[1]
scw/0481/048100250010.001/swg.fits[1]
scw/0481/048100320010.001/swg.fits[1]
scw/0481/048100330010.001/swg.fits[1]
scw/0481/048100340010.001/swg.fits[1]
scw/0481/048100350010.001/swg.fits[1]
scw/0481/048100360010.001/swg.fits[1]
scw/0481/048100570010.001/swg.fits[1]
scw/0481/048100580010.001/swg.fits[1]
scw/0481/048100590010.001/swg.fits[1]
scw/0481/048100600010.001/swg.fits[1]
scw/0481/048100610010.001/swg.fits[1]
scw/0481/048100620010.001/swg.fits[1]
scw/0481/048100630010.001/swg.fits[1]
scw/0481/048100640010.001/swg.fits[1]
scw/0481/048100690010.001/swg.fits[1]
scw/0481/048100700010.001/swg.fits[1]
scw/0481/048100710010.001/swg.fits[1]
scw/0481/048100720010.001/swg.fits[1]
scw/0482/048200020010.001/swg.fits[1]
scw/0482/048200030010.001/swg.fits[1]
scw/0482/048200040010.001/swg.fits[1]
scw/0482/048200620010.001/swg.fits[1]
scw/0482/048200630010.001/swg.fits[1]
scw/0482/048200640010.001/swg.fits[1]
scw/0484/048400130010.001/swg.fits[1]
scw/0484/048400140010.001/swg.fits[1]
scw/0484/048400150010.001/swg.fits[1]
scw/0484/048400220010.001/swg.fits[1]
scw/0484/048400230010.001/swg.fits[1]
scw/0484/048400340010.001/swg.fits[1]
scw/0484/048400350010.001/swg.fits[1]
scw/0484/048400360010.001/swg.fits[1]
scw/0484/048400370010.001/swg.fits[1]
scw/0484/048400380010.001/swg.fits[1]
scw/0484/048400390010.001/swg.fits[1]
scw/0484/048400680010.001/swg.fits[1]
scw/0484/048400690010.001/swg.fits[1]
scw/0484/048400770010.001/swg.fits[1]
scw/0484/048400780010.001/swg.fits[1]
scw/0484/048400790010.001/swg.fits[1]
scw/0484/048400800010.001/swg.fits[1]
scw/0485/048500050010.001/swg.fits[1]
scw/0485/048500060010.001/swg.fits[1]
scw/0485/048500070010.001/swg.fits[1]
scw/0485/048500310010.001/swg.fits[1]
scw/0485/048500320010.001/swg.fits[1]
scw/0485/048500330010.001/swg.fits[1]
scw/0485/048500340010.001/swg.fits[1]
scw/0485/048500350010.001/swg.fits[1]
scw/0485/048500420010.001/swg.fits[1]
scw/0485/048500430010.001/swg.fits[1]
scw/0485/048500440010.001/swg.fits[1]
scw/0485/048500450010.001/swg.fits[1]
scw/0485/048500530010.001/swg.fits[1]
scw/0485/048500540010.001/swg.fits[1]
scw/0485/048500640010.001/swg.fits[1]
scw/0485/048500650010.001/swg.fits[1]
scw/0485/048500660010.001/swg.fits[1]
scw/0485/048500670010.001/swg.fits[1]
scw/0485/048500680010.001/swg.fits[1]
scw/0485/048500690010.001/swg.fits[1]
scw/0485/048500700010.001/swg.fits[1]
scw/0485/048500710010.001/swg.fits[1]
scw/0488/048800050010.001/swg.fits[1]
scw/0488/048800060010.001/swg.fits[1]
scw/0488/048800070010.001/swg.fits[1]
scw/0488/048800170010.001/swg.fits[1]
scw/0488/048800180010.001/swg.fits[1]
scw/0488/048800190010.001/swg.fits[1]
scw/0488/048800200010.001/swg.fits[1]
scw/0488/048800210010.001/swg.fits[1]
scw/0488/048800220010.001/swg.fits[1]
scw/0488/048800230010.001/swg.fits[1]
scw/0488/048800240010.001/swg.fits[1]
scw/0488/048800250010.001/swg.fits[1]
scw/0488/048800260010.001/swg.fits[1]
scw/0488/048800270010.001/swg.fits[1]
scw/0488/048800280010.001/swg.fits[1]
scw/0488/048800290010.001/swg.fits[1]
