scw/0026/002600170010.001/swg.fits[1]
scw/0026/002600180010.001/swg.fits[1]
scw/0026/002600190010.001/swg.fits[1]
scw/0026/002600230010.001/swg.fits[1]
scw/0026/002600240010.001/swg.fits[1]
scw/0026/002600560010.001/swg.fits[1]
scw/0026/002600570010.001/swg.fits[1]
scw/0026/002600610010.001/swg.fits[1]
scw/0026/002600620010.001/swg.fits[1]
scw/0026/002600630010.001/swg.fits[1]
scw/0026/002600710010.001/swg.fits[1]
scw/0026/002600720010.001/swg.fits[1]
scw/0926/092600030010.001/swg.fits[1]
scw/0926/092600040010.001/swg.fits[1]
scw/0926/092600050010.001/swg.fits[1]
scw/0926/092600060010.001/swg.fits[1]
scw/0926/092600070010.001/swg.fits[1]
scw/0926/092600080010.001/swg.fits[1]
scw/0926/092600090010.001/swg.fits[1]
scw/0926/092600100010.001/swg.fits[1]
scw/0926/092600120010.001/swg.fits[1]
scw/0926/092600130010.001/swg.fits[1]
scw/0926/092600140010.001/swg.fits[1]
scw/0926/092600150010.001/swg.fits[1]
scw/0926/092600160010.001/swg.fits[1]
scw/0926/092600170010.001/swg.fits[1]
scw/0926/092600630010.001/swg.fits[1]
scw/0926/092600640010.001/swg.fits[1]
scw/0926/092600650010.001/swg.fits[1]
scw/0926/092600660010.001/swg.fits[1]
scw/0926/092600670010.001/swg.fits[1]
scw/0926/092600680010.001/swg.fits[1]
scw/0926/092600690010.001/swg.fits[1]
scw/0926/092600700010.001/swg.fits[1]
scw/0926/092600710010.001/swg.fits[1]
scw/0926/092600720010.001/swg.fits[1]
scw/0926/092600730010.001/swg.fits[1]
scw/0926/092600740010.001/swg.fits[1]
scw/0926/092600750010.001/swg.fits[1]
scw/0926/092600760010.001/swg.fits[1]
scw/0927/092700050010.001/swg.fits[1]
scw/0927/092700060010.001/swg.fits[1]
scw/0927/092700070010.001/swg.fits[1]
scw/0927/092700080010.001/swg.fits[1]
scw/0927/092700100010.001/swg.fits[1]
scw/0927/092700110010.001/swg.fits[1]
scw/0927/092700120010.001/swg.fits[1]
scw/0927/092700130010.001/swg.fits[1]
scw/0927/092700140010.001/swg.fits[1]
scw/0927/092700150010.001/swg.fits[1]
scw/0927/092700160010.001/swg.fits[1]
scw/0927/092700170010.001/swg.fits[1]
scw/0927/092700180010.001/swg.fits[1]
scw/0927/092700190010.001/swg.fits[1]
