scw/1268/126800890010.001/swg.fits[1]
scw/1268/126800900010.001/swg.fits[1]
scw/1268/126800910010.001/swg.fits[1]
scw/1268/126800920010.001/swg.fits[1]
scw/1268/126800930010.001/swg.fits[1]
scw/1268/126800940010.001/swg.fits[1]
scw/1268/126800950010.001/swg.fits[1]
scw/1268/126800960010.001/swg.fits[1]
scw/1268/126800970010.001/swg.fits[1]
scw/1268/126800980010.001/swg.fits[1]
scw/1268/126800990010.001/swg.fits[1]
scw/1268/126801000010.001/swg.fits[1]
scw/1268/126801010010.001/swg.fits[1]
scw/1268/126801020010.001/swg.fits[1]
scw/1268/126801030010.001/swg.fits[1]
scw/1268/126801040010.001/swg.fits[1]
scw/1268/126801050010.001/swg.fits[1]
scw/1268/126801060010.001/swg.fits[1]
scw/1269/126900020010.001/swg.fits[1]
scw/1269/126900030010.001/swg.fits[1]
scw/1269/126900040010.001/swg.fits[1]
scw/1269/126900050010.001/swg.fits[1]
scw/1269/126900060010.001/swg.fits[1]
scw/1269/126900070010.001/swg.fits[1]
scw/1269/126900080010.001/swg.fits[1]
scw/1269/126900090010.001/swg.fits[1]
scw/1269/126900100010.001/swg.fits[1]
scw/1269/126900110010.001/swg.fits[1]
scw/1269/126900120010.001/swg.fits[1]
scw/1269/126900130010.001/swg.fits[1]
scw/1269/126900140010.001/swg.fits[1]
scw/1269/126900150010.001/swg.fits[1]
scw/1269/126900160010.001/swg.fits[1]
scw/1269/126900170010.001/swg.fits[1]
scw/1269/126900180010.001/swg.fits[1]
scw/1269/126900190010.001/swg.fits[1]
scw/1269/126900200010.001/swg.fits[1]
scw/1269/126900210010.001/swg.fits[1]
scw/1269/126900310010.001/swg.fits[1]
scw/1269/126900320010.001/swg.fits[1]
scw/1269/126900330010.001/swg.fits[1]
scw/1269/126900340010.001/swg.fits[1]
scw/1269/126900350010.001/swg.fits[1]
scw/1269/126900360010.001/swg.fits[1]
scw/1269/126900370010.001/swg.fits[1]
scw/1269/126900380010.001/swg.fits[1]
scw/1269/126900390010.001/swg.fits[1]
scw/1269/126900400010.001/swg.fits[1]
scw/1269/126900410010.001/swg.fits[1]
scw/1269/126900420010.001/swg.fits[1]
scw/1269/126900430010.001/swg.fits[1]
scw/1269/126900440010.001/swg.fits[1]
scw/1269/126900450010.001/swg.fits[1]
scw/1269/126900460010.001/swg.fits[1]
scw/1269/126900470010.001/swg.fits[1]
scw/1269/126900480010.001/swg.fits[1]
scw/1269/126900490010.001/swg.fits[1]
scw/1269/126900500010.001/swg.fits[1]
scw/1269/126900510010.001/swg.fits[1]
scw/1269/126900520010.001/swg.fits[1]
scw/1269/126900530010.001/swg.fits[1]
scw/1269/126900540010.001/swg.fits[1]
scw/1269/126900550010.001/swg.fits[1]
scw/1269/126900560010.001/swg.fits[1]
scw/1269/126900570010.001/swg.fits[1]
scw/1269/126900580010.001/swg.fits[1]
scw/1269/126900590010.001/swg.fits[1]
scw/1269/126900600010.001/swg.fits[1]
scw/1269/126900610010.001/swg.fits[1]
scw/1269/126900620010.001/swg.fits[1]
scw/1269/126900630010.001/swg.fits[1]
scw/1269/126900640010.001/swg.fits[1]
scw/1269/126900650010.001/swg.fits[1]
scw/1269/126900660010.001/swg.fits[1]
scw/1269/126900670010.001/swg.fits[1]
scw/1269/126900680010.001/swg.fits[1]
scw/1269/126900690010.001/swg.fits[1]
scw/1269/126900790010.001/swg.fits[1]
scw/1269/126900800010.001/swg.fits[1]
scw/1269/126900810010.001/swg.fits[1]
scw/1269/126900820010.001/swg.fits[1]
scw/1269/126900830010.001/swg.fits[1]
scw/1269/126900840010.001/swg.fits[1]
scw/1269/126900850010.001/swg.fits[1]
scw/1269/126900860010.001/swg.fits[1]
scw/1269/126900870010.001/swg.fits[1]
scw/1269/126900880010.001/swg.fits[1]
scw/1269/126900890010.001/swg.fits[1]
scw/1269/126900900010.001/swg.fits[1]
scw/1269/126900910010.001/swg.fits[1]
scw/1269/126900920010.001/swg.fits[1]
scw/1269/126900930010.001/swg.fits[1]
scw/1269/126900940010.001/swg.fits[1]
scw/1269/126900950010.001/swg.fits[1]
scw/1269/126900960010.001/swg.fits[1]
scw/1269/126900970010.001/swg.fits[1]
scw/1269/126900980010.001/swg.fits[1]
scw/1269/126900990010.001/swg.fits[1]
scw/1269/126901000010.001/swg.fits[1]
scw/1269/126901010010.001/swg.fits[1]
scw/1278/127800040010.001/swg.fits[1]
scw/1278/127800050010.001/swg.fits[1]
scw/1278/127800060010.001/swg.fits[1]
scw/1278/127800070010.001/swg.fits[1]
scw/1278/127800080010.001/swg.fits[1]
scw/1278/127800090010.001/swg.fits[1]
scw/1278/127800100010.001/swg.fits[1]
scw/1278/127800110010.001/swg.fits[1]
scw/1278/127800120010.001/swg.fits[1]
scw/1278/127800130010.001/swg.fits[1]
scw/1278/127800140010.001/swg.fits[1]
scw/1278/127800150010.001/swg.fits[1]
scw/1278/127800160010.001/swg.fits[1]
scw/1278/127800170010.001/swg.fits[1]
scw/1278/127800180010.001/swg.fits[1]
scw/1278/127800190010.001/swg.fits[1]
scw/1278/127800200010.001/swg.fits[1]
scw/1278/127800210010.001/swg.fits[1]
scw/1278/127800220010.001/swg.fits[1]
scw/1278/127800230010.001/swg.fits[1]
scw/1278/127800260010.001/swg.fits[1]
scw/1278/127800270010.001/swg.fits[1]
scw/1279/127900120010.001/swg.fits[1]
scw/1279/127900130010.001/swg.fits[1]
scw/1279/127900220010.001/swg.fits[1]
scw/1279/127900230010.001/swg.fits[1]
scw/1281/128100360010.001/swg.fits[1]
scw/1281/128100460010.001/swg.fits[1]
scw/1327/132700070010.001/swg.fits[1]
scw/1327/132700080010.001/swg.fits[1]
scw/1327/132700090010.001/swg.fits[1]
scw/1327/132700100010.001/swg.fits[1]
scw/1327/132700110010.001/swg.fits[1]
scw/1327/132700120010.001/swg.fits[1]
scw/1327/132700130010.001/swg.fits[1]
scw/1327/132700140010.001/swg.fits[1]
scw/1327/132700150010.001/swg.fits[1]
scw/1327/132700160010.001/swg.fits[1]
scw/1327/132700170010.001/swg.fits[1]
scw/1327/132700180010.001/swg.fits[1]
scw/1327/132700190010.001/swg.fits[1]
scw/1327/132700200010.001/swg.fits[1]
scw/1327/132700210010.001/swg.fits[1]
scw/1327/132700220010.001/swg.fits[1]
scw/1327/132700230010.001/swg.fits[1]
scw/1327/132700240010.001/swg.fits[1]
scw/1327/132700250010.001/swg.fits[1]
scw/1327/132700260010.001/swg.fits[1]
scw/1327/132700270010.001/swg.fits[1]
scw/1327/132700280010.001/swg.fits[1]
scw/1327/132700290010.001/swg.fits[1]
scw/1327/132700300010.001/swg.fits[1]
scw/1327/132700310010.001/swg.fits[1]
scw/1327/132700320010.001/swg.fits[1]
scw/1327/132700330010.001/swg.fits[1]
scw/1327/132700340010.001/swg.fits[1]
scw/1327/132700350010.001/swg.fits[1]
scw/1327/132700360010.001/swg.fits[1]
scw/1327/132700370010.001/swg.fits[1]
scw/1327/132700380010.001/swg.fits[1]
scw/1327/132700390010.001/swg.fits[1]
scw/1327/132700400010.001/swg.fits[1]
scw/1327/132700410010.001/swg.fits[1]
scw/1327/132700420010.001/swg.fits[1]
scw/1327/132700430010.001/swg.fits[1]
scw/1327/132700440010.001/swg.fits[1]
scw/1327/132700450010.001/swg.fits[1]
scw/1327/132700460010.001/swg.fits[1]
scw/1327/132700530010.001/swg.fits[1]
scw/1327/132700530020.001/swg.fits[1]
scw/1327/132700530030.001/swg.fits[1]
scw/1327/132700600010.001/swg.fits[1]
scw/1327/132700610010.001/swg.fits[1]
scw/1327/132700620010.001/swg.fits[1]
scw/1327/132700630010.001/swg.fits[1]
scw/1327/132700640010.001/swg.fits[1]
scw/1327/132700650010.001/swg.fits[1]
scw/1327/132700660010.001/swg.fits[1]
scw/1327/132700670010.001/swg.fits[1]
scw/1327/132700680010.001/swg.fits[1]
scw/1327/132700690010.001/swg.fits[1]
scw/1327/132700700010.001/swg.fits[1]
scw/1327/132700710010.001/swg.fits[1]
scw/1327/132700720010.001/swg.fits[1]
scw/1327/132700730010.001/swg.fits[1]
scw/1327/132700740010.001/swg.fits[1]
scw/1327/132700750010.001/swg.fits[1]
scw/1327/132700760010.001/swg.fits[1]
scw/1327/132700770010.001/swg.fits[1]
scw/1327/132700780010.001/swg.fits[1]
scw/1327/132700790010.001/swg.fits[1]
scw/1327/132700800010.001/swg.fits[1]
scw/1327/132700810010.001/swg.fits[1]
scw/1327/132700820010.001/swg.fits[1]
scw/1327/132700830010.001/swg.fits[1]
scw/1327/132700840010.001/swg.fits[1]
scw/1327/132700850010.001/swg.fits[1]
scw/1327/132700860010.001/swg.fits[1]
scw/1327/132700870010.001/swg.fits[1]
scw/1327/132700880010.001/swg.fits[1]
scw/1327/132700890010.001/swg.fits[1]
scw/1327/132700900010.001/swg.fits[1]
scw/1327/132700910010.001/swg.fits[1]
scw/1327/132700920010.001/swg.fits[1]
scw/1327/132700930010.001/swg.fits[1]
scw/1327/132700940010.001/swg.fits[1]
scw/1327/132700950010.001/swg.fits[1]
scw/1327/132700960010.001/swg.fits[1]
scw/1327/132700970010.001/swg.fits[1]
scw/1327/132700980010.001/swg.fits[1]
scw/1327/132700990010.001/swg.fits[1]
scw/1328/132800070010.001/swg.fits[1]
scw/1328/132800080010.001/swg.fits[1]
scw/1328/132800090010.001/swg.fits[1]
scw/1328/132800100010.001/swg.fits[1]
scw/1328/132800110010.001/swg.fits[1]
scw/1328/132800120010.001/swg.fits[1]
scw/1328/132800130010.001/swg.fits[1]
scw/1328/132800140010.001/swg.fits[1]
scw/1328/132800150010.001/swg.fits[1]
scw/1328/132800160010.001/swg.fits[1]
scw/1328/132800170010.001/swg.fits[1]
scw/1328/132800180010.001/swg.fits[1]
scw/1328/132800190010.001/swg.fits[1]
scw/1328/132800200010.001/swg.fits[1]
scw/1328/132800210010.001/swg.fits[1]
scw/1328/132800220010.001/swg.fits[1]
scw/1328/132800230010.001/swg.fits[1]
scw/1328/132800240010.001/swg.fits[1]
scw/1328/132800250010.001/swg.fits[1]
scw/1328/132800260010.001/swg.fits[1]
scw/1328/132800270010.001/swg.fits[1]
scw/1328/132800280010.001/swg.fits[1]
scw/1328/132800290010.001/swg.fits[1]
scw/1328/132800300010.001/swg.fits[1]
scw/1328/132800310010.001/swg.fits[1]
scw/1328/132800320010.001/swg.fits[1]
scw/1328/132800330010.001/swg.fits[1]
scw/1328/132800340010.001/swg.fits[1]
scw/1328/132800350010.001/swg.fits[1]
scw/1328/132800360010.001/swg.fits[1]
scw/1328/132800370010.001/swg.fits[1]
scw/1328/132800380010.001/swg.fits[1]
scw/1328/132800390010.001/swg.fits[1]
scw/1328/132800400010.001/swg.fits[1]
