scw/0237/023700300010.001/swg.fits[1]
scw/0237/023700310010.001/swg.fits[1]
scw/0237/023700320010.001/swg.fits[1]
scw/0237/023700330010.001/swg.fits[1]
scw/0237/023700410010.001/swg.fits[1]
scw/0237/023700520010.001/swg.fits[1]
scw/0237/023700600010.001/swg.fits[1]
scw/0237/023700610010.001/swg.fits[1]
scw/0237/023700620010.001/swg.fits[1]
scw/0237/023700630010.001/swg.fits[1]
scw/0237/023700690010.001/swg.fits[1]
scw/0237/023700700010.001/swg.fits[1]
scw/0237/023700740010.001/swg.fits[1]
scw/0237/023700750010.001/swg.fits[1]
scw/0237/023700760010.001/swg.fits[1]
scw/0237/023700820010.001/swg.fits[1]
scw/0237/023700830010.001/swg.fits[1]
scw/0237/023700840010.001/swg.fits[1]
scw/0237/023700850010.001/swg.fits[1]
scw/0237/023700930010.001/swg.fits[1]
scw/0237/023701030010.001/swg.fits[1]
scw/0237/023701040010.001/swg.fits[1]
scw/0237/023701050010.001/swg.fits[1]
scw/0237/023701120010.001/swg.fits[1]
scw/0237/023701130010.001/swg.fits[1]
scw/0240/024000120010.001/swg.fits[1]
scw/0240/024000130010.001/swg.fits[1]
scw/0240/024000140010.001/swg.fits[1]
scw/0240/024000150010.001/swg.fits[1]
scw/0240/024000180010.001/swg.fits[1]
scw/0240/024000190010.001/swg.fits[1]
scw/0240/024000200010.001/swg.fits[1]
scw/0240/024000210010.001/swg.fits[1]
scw/0240/024000220010.001/swg.fits[1]
scw/0240/024000230010.001/swg.fits[1]
scw/0240/024000240010.001/swg.fits[1]
scw/0240/024000250010.001/swg.fits[1]
scw/0240/024000260010.001/swg.fits[1]
scw/0240/024000280010.001/swg.fits[1]
scw/0240/024000290010.001/swg.fits[1]
scw/0240/024000300010.001/swg.fits[1]
scw/0240/024000310010.001/swg.fits[1]
scw/0240/024000620010.001/swg.fits[1]
scw/0240/024000630010.001/swg.fits[1]
scw/0240/024000640010.001/swg.fits[1]
scw/0240/024000650010.001/swg.fits[1]
scw/0240/024000680010.001/swg.fits[1]
scw/0240/024000690010.001/swg.fits[1]
scw/0240/024000700010.001/swg.fits[1]
scw/0240/024000710010.001/swg.fits[1]
scw/0240/024000720010.001/swg.fits[1]
scw/0240/024000730010.001/swg.fits[1]
scw/0240/024000740010.001/swg.fits[1]
scw/0240/024000750010.001/swg.fits[1]
scw/0240/024000760010.001/swg.fits[1]
scw/0240/024000780010.001/swg.fits[1]
scw/0240/024000790010.001/swg.fits[1]
scw/0240/024000800010.001/swg.fits[1]
scw/0240/024000810010.001/swg.fits[1]
scw/0240/024001120010.001/swg.fits[1]
scw/0240/024001140010.001/swg.fits[1]
scw/0240/024001150010.001/swg.fits[1]
scw/0241/024100370010.001/swg.fits[1]
scw/0241/024100380010.001/swg.fits[1]
scw/0241/024100390010.001/swg.fits[1]
scw/0241/024100400010.001/swg.fits[1]
scw/0241/024100410010.001/swg.fits[1]
scw/0241/024100430010.001/swg.fits[1]
scw/0241/024100440010.001/swg.fits[1]
scw/0241/024100450010.001/swg.fits[1]
scw/0241/024100460010.001/swg.fits[1]
scw/0241/024100770010.001/swg.fits[1]
scw/0241/024100780010.001/swg.fits[1]
scw/0241/024100790010.001/swg.fits[1]
scw/0241/024100800010.001/swg.fits[1]
scw/0241/024100830010.001/swg.fits[1]
scw/0241/024100840010.001/swg.fits[1]
scw/0241/024100850010.001/swg.fits[1]
scw/0241/024100860010.001/swg.fits[1]
scw/0241/024100870010.001/swg.fits[1]
scw/0241/024100880010.001/swg.fits[1]
scw/0241/024100890010.001/swg.fits[1]
scw/0241/024100900010.001/swg.fits[1]
scw/0241/024100910010.001/swg.fits[1]
scw/0241/024100930010.001/swg.fits[1]
scw/0241/024100940010.001/swg.fits[1]
scw/0241/024100950010.001/swg.fits[1]
scw/0241/024100960010.001/swg.fits[1]
scw/0242/024201070010.001/swg.fits[1]
scw/0243/024300020010.001/swg.fits[1]
scw/0243/024300030010.001/swg.fits[1]
scw/0243/024300080010.001/swg.fits[1]
scw/0243/024300090010.001/swg.fits[1]
scw/0243/024300160010.001/swg.fits[1]
scw/0243/024300940010.001/swg.fits[1]
scw/0243/024300970010.001/swg.fits[1]
scw/0243/024300980010.001/swg.fits[1]
scw/0243/024300990010.001/swg.fits[1]
scw/0243/024301000010.001/swg.fits[1]
scw/0243/024301010010.001/swg.fits[1]
scw/0243/024301020010.001/swg.fits[1]
scw/0243/024301030010.001/swg.fits[1]
scw/0243/024301040010.001/swg.fits[1]
scw/0243/024301060010.001/swg.fits[1]
scw/0243/024301070010.001/swg.fits[1]
scw/0243/024301080010.001/swg.fits[1]
scw/0243/024301090010.001/swg.fits[1]
scw/0243/024301100010.001/swg.fits[1]
scw/0243/024301110010.001/swg.fits[1]
scw/0243/024301120010.001/swg.fits[1]
scw/0243/024301130010.001/swg.fits[1]
scw/0244/024400040010.001/swg.fits[1]
scw/0244/024400050010.001/swg.fits[1]
scw/0244/024400060010.001/swg.fits[1]
scw/0244/024400070010.001/swg.fits[1]
scw/0244/024400080010.001/swg.fits[1]
scw/0244/024400090010.001/swg.fits[1]
scw/0244/024400100010.001/swg.fits[1]
scw/0244/024400110010.001/swg.fits[1]
scw/0244/024400120010.001/swg.fits[1]
scw/0244/024400130010.001/swg.fits[1]
scw/0244/024400140010.001/swg.fits[1]
scw/0244/024400150010.001/swg.fits[1]
scw/0244/024400160010.001/swg.fits[1]
scw/0244/024400170010.001/swg.fits[1]
scw/0244/024400180010.001/swg.fits[1]
scw/0244/024400190010.001/swg.fits[1]
scw/0244/024400200010.001/swg.fits[1]
scw/0244/024400210010.001/swg.fits[1]
scw/0244/024400220010.001/swg.fits[1]
scw/0244/024400230010.001/swg.fits[1]
scw/0244/024400240010.001/swg.fits[1]
scw/0244/024400250010.001/swg.fits[1]
scw/0244/024400260010.001/swg.fits[1]
scw/0244/024400270010.001/swg.fits[1]
scw/0244/024400280010.001/swg.fits[1]
scw/0244/024400290010.001/swg.fits[1]
scw/0244/024400300010.001/swg.fits[1]
scw/0244/024400310010.001/swg.fits[1]
scw/0244/024400320010.001/swg.fits[1]
scw/0244/024400330010.001/swg.fits[1]
scw/0244/024400340010.001/swg.fits[1]
scw/0244/024400350010.001/swg.fits[1]
scw/0244/024400360010.001/swg.fits[1]
scw/0244/024400370010.001/swg.fits[1]
scw/0244/024400380010.001/swg.fits[1]
scw/0244/024400390010.001/swg.fits[1]
scw/0244/024400400010.001/swg.fits[1]
scw/0244/024400410010.001/swg.fits[1]
scw/0244/024400420010.001/swg.fits[1]
scw/0244/024400430010.001/swg.fits[1]
scw/0244/024400440010.001/swg.fits[1]
scw/0244/024400450010.001/swg.fits[1]
scw/0244/024400470010.001/swg.fits[1]
scw/0244/024400480010.001/swg.fits[1]
scw/0244/024400490010.001/swg.fits[1]
scw/0244/024400500010.001/swg.fits[1]
scw/0244/024400510010.001/swg.fits[1]
scw/0244/024400520010.001/swg.fits[1]
scw/0244/024400530010.001/swg.fits[1]
scw/0244/024400540010.001/swg.fits[1]
scw/0244/024400550010.001/swg.fits[1]
scw/0244/024400560010.001/swg.fits[1]
scw/0244/024400570010.001/swg.fits[1]
scw/0244/024400580010.001/swg.fits[1]
scw/0244/024400590010.001/swg.fits[1]
scw/0244/024400600010.001/swg.fits[1]
scw/0244/024400610010.001/swg.fits[1]
scw/0244/024400620010.001/swg.fits[1]
scw/0244/024400630010.001/swg.fits[1]
scw/0244/024400640010.001/swg.fits[1]
scw/0244/024400650010.001/swg.fits[1]
scw/0244/024400660010.001/swg.fits[1]
scw/0244/024400680010.001/swg.fits[1]
scw/0244/024400690010.001/swg.fits[1]
scw/0244/024400700010.001/swg.fits[1]
scw/0244/024400710010.001/swg.fits[1]
scw/0244/024400720010.001/swg.fits[1]
scw/0244/024400730010.001/swg.fits[1]
scw/0244/024400740010.001/swg.fits[1]
scw/0244/024400750010.001/swg.fits[1]
scw/0244/024400770010.001/swg.fits[1]
scw/0244/024400790010.001/swg.fits[1]
scw/0244/024400800010.001/swg.fits[1]
scw/0244/024400810010.001/swg.fits[1]
scw/0244/024400820010.001/swg.fits[1]
scw/0244/024400830010.001/swg.fits[1]
scw/0244/024400840010.001/swg.fits[1]
scw/0244/024400850010.001/swg.fits[1]
scw/0244/024400860010.001/swg.fits[1]
scw/0244/024400870010.001/swg.fits[1]
scw/0244/024400880010.001/swg.fits[1]
scw/0244/024400890010.001/swg.fits[1]
scw/0244/024400900010.001/swg.fits[1]
scw/0244/024400910010.001/swg.fits[1]
scw/0244/024400920010.001/swg.fits[1]
scw/0244/024400930010.001/swg.fits[1]
scw/0244/024400940010.001/swg.fits[1]
scw/0244/024400950010.001/swg.fits[1]
scw/0244/024400960010.001/swg.fits[1]
scw/0244/024400970010.001/swg.fits[1]
scw/0244/024400980010.001/swg.fits[1]
scw/0244/024400990010.001/swg.fits[1]
scw/0244/024401000010.001/swg.fits[1]
scw/0244/024401010010.001/swg.fits[1]
scw/0244/024401020010.001/swg.fits[1]
scw/0244/024401030010.001/swg.fits[1]
scw/0244/024401040010.001/swg.fits[1]
scw/0244/024401050010.001/swg.fits[1]
scw/0244/024401060010.001/swg.fits[1]
scw/0244/024401070010.001/swg.fits[1]
scw/0244/024401080010.001/swg.fits[1]
scw/0244/024401090010.001/swg.fits[1]
scw/0244/024401100010.001/swg.fits[1]
scw/0244/024401110010.001/swg.fits[1]
scw/0244/024401130010.001/swg.fits[1]
scw/0245/024500250010.001/swg.fits[1]
scw/0245/024500300010.001/swg.fits[1]
scw/0245/024500310010.001/swg.fits[1]
scw/0245/024500320010.001/swg.fits[1]
scw/0245/024500330010.001/swg.fits[1]
scw/0245/024500340010.001/swg.fits[1]
scw/0245/024500350010.001/swg.fits[1]
scw/0245/024500410010.001/swg.fits[1]
scw/0245/024500420010.001/swg.fits[1]
scw/0245/024500430010.001/swg.fits[1]
scw/0245/024500440010.001/swg.fits[1]
scw/0245/024500520010.001/swg.fits[1]
scw/0245/024500630010.001/swg.fits[1]
scw/0245/024500640010.001/swg.fits[1]
scw/0245/024500700010.001/swg.fits[1]
scw/0245/024500710010.001/swg.fits[1]
scw/0245/024500720010.001/swg.fits[1]
scw/0245/024500730010.001/swg.fits[1]
scw/0245/024500740010.001/swg.fits[1]
scw/0245/024500750010.001/swg.fits[1]
scw/0245/024500790010.001/swg.fits[1]
scw/0245/024500800010.001/swg.fits[1]
scw/0245/024500810010.001/swg.fits[1]
scw/0245/024500820010.001/swg.fits[1]
scw/0245/024500830010.001/swg.fits[1]
scw/0245/024500840010.001/swg.fits[1]
scw/0245/024500850010.001/swg.fits[1]
scw/0245/024500860010.001/swg.fits[1]
scw/0245/024500900010.001/swg.fits[1]
scw/0245/024500910010.001/swg.fits[1]
scw/0245/024500920010.001/swg.fits[1]
