scw/2091/209100440010.001/swg.fits[1]
scw/2091/209100450010.001/swg.fits[1]
scw/2091/209100460010.001/swg.fits[1]
scw/2091/209100470010.001/swg.fits[1]
scw/2091/209100480010.001/swg.fits[1]
scw/2091/209100490010.001/swg.fits[1]
scw/2091/209100500010.001/swg.fits[1]
scw/2091/209100510010.001/swg.fits[1]
scw/2091/209100520010.001/swg.fits[1]
scw/2091/209100540010.001/swg.fits[1]
scw/2091/209100550010.001/swg.fits[1]
scw/2091/209100560010.001/swg.fits[1]
scw/2091/209100570010.001/swg.fits[1]
scw/2091/209100580010.001/swg.fits[1]
scw/2091/209100600010.001/swg.fits[1]
scw/2091/209100610010.001/swg.fits[1]
scw/2091/209100620010.001/swg.fits[1]
scw/2091/209100630010.001/swg.fits[1]
scw/2091/209100640010.001/swg.fits[1]
scw/2091/209100650010.001/swg.fits[1]
scw/2091/209100660010.001/swg.fits[1]
scw/2091/209100670010.001/swg.fits[1]
scw/2091/209100700010.001/swg.fits[1]
scw/2091/209100710010.001/swg.fits[1]
scw/2091/209100720010.001/swg.fits[1]
scw/2091/209100730010.001/swg.fits[1]
scw/2091/209100740010.001/swg.fits[1]
scw/2091/209100750010.001/swg.fits[1]
scw/2091/209100760010.001/swg.fits[1]
scw/2091/209100800010.001/swg.fits[1]
scw/2091/209100810010.001/swg.fits[1]
scw/2091/209100820010.001/swg.fits[1]
scw/2091/209100830010.001/swg.fits[1]
scw/2091/209100840010.001/swg.fits[1]
scw/2091/209100850010.001/swg.fits[1]
scw/2091/209100860010.001/swg.fits[1]
scw/2091/209100870010.001/swg.fits[1]
scw/2091/209100880010.001/swg.fits[1]
scw/2091/209100890010.001/swg.fits[1]
scw/2091/209100900010.001/swg.fits[1]
scw/2091/209100910010.001/swg.fits[1]
scw/2092/209200020010.001/swg.fits[1]
scw/2092/209200030010.001/swg.fits[1]
scw/2092/209200060010.001/swg.fits[1]
scw/2092/209200070010.001/swg.fits[1]
scw/2092/209200080010.001/swg.fits[1]
scw/2092/209200090010.001/swg.fits[1]
scw/2092/209200100010.001/swg.fits[1]
scw/2092/209200110010.001/swg.fits[1]
scw/2092/209200120010.001/swg.fits[1]
scw/2094/209400020010.001/swg.fits[1]
scw/2097/209700020010.001/swg.fits[1]
scw/2098/209800560010.001/swg.fits[1]
scw/2106/210600040010.001/swg.fits[1]
scw/2222/222200280010.001/swg.fits[1]
scw/2222/222200320010.001/swg.fits[1]
scw/2222/222200330010.001/swg.fits[1]
scw/2222/222200340010.001/swg.fits[1]
scw/2222/222200390010.001/swg.fits[1]
scw/2222/222200400010.001/swg.fits[1]
scw/2224/222400510010.001/swg.fits[1]
scw/2241/224100300010.001/swg.fits[1]
scw/2244/224400340010.001/swg.fits[1]
scw/2282/228200620010.001/swg.fits[1]
scw/2285/228500140010.001/swg.fits[1]
scw/2285/228500210010.001/swg.fits[1]
scw/2285/228500220010.001/swg.fits[1]
scw/2285/228500230010.001/swg.fits[1]
scw/2285/228500240010.001/swg.fits[1]
scw/2285/228500250010.001/swg.fits[1]
scw/2285/228500260010.001/swg.fits[1]
scw/2285/228500270010.001/swg.fits[1]
scw/2285/228500310010.001/swg.fits[1]
scw/2285/228500320010.001/swg.fits[1]
scw/2285/228500330010.001/swg.fits[1]
scw/2285/228500340010.001/swg.fits[1]
scw/2285/228500350010.001/swg.fits[1]
scw/2285/228500430010.001/swg.fits[1]
scw/2301/230100020010.001/swg.fits[1]
scw/2301/230100030010.001/swg.fits[1]
scw/2301/230100040010.001/swg.fits[1]
scw/2301/230100050010.001/swg.fits[1]
scw/2301/230100060010.001/swg.fits[1]
scw/2301/230100070010.001/swg.fits[1]
scw/2301/230100080010.001/swg.fits[1]
scw/2301/230100090010.001/swg.fits[1]
scw/2301/230100100010.001/swg.fits[1]
scw/2301/230100110010.001/swg.fits[1]
scw/2301/230100120010.001/swg.fits[1]
scw/2301/230100130010.001/swg.fits[1]
scw/2301/230100140010.001/swg.fits[1]
scw/2301/230100150010.001/swg.fits[1]
scw/2301/230100160010.001/swg.fits[1]
scw/2301/230100170010.001/swg.fits[1]
scw/2301/230100180010.001/swg.fits[1]
scw/2301/230100190010.001/swg.fits[1]
scw/2301/230100200010.001/swg.fits[1]
scw/2301/230100210010.001/swg.fits[1]
scw/2301/230100220010.001/swg.fits[1]
scw/2301/230100230010.001/swg.fits[1]
scw/2301/230100240010.001/swg.fits[1]
scw/2301/230100250010.001/swg.fits[1]
scw/2301/230100260010.001/swg.fits[1]
scw/2301/230100280010.001/swg.fits[1]
scw/2301/230100290010.001/swg.fits[1]
scw/2301/230100300010.001/swg.fits[1]
scw/2301/230100310010.001/swg.fits[1]
scw/2301/230100320010.001/swg.fits[1]
scw/2301/230100330010.001/swg.fits[1]
scw/2301/230100340010.001/swg.fits[1]
scw/2301/230100350010.001/swg.fits[1]
scw/2301/230100360010.001/swg.fits[1]
scw/2301/230100370010.001/swg.fits[1]
scw/2301/230100380010.001/swg.fits[1]
scw/2301/230100390010.001/swg.fits[1]
scw/2301/230100400010.001/swg.fits[1]
scw/2301/230100410010.001/swg.fits[1]
scw/2301/230100420010.001/swg.fits[1]
scw/2301/230100430010.001/swg.fits[1]
scw/2301/230100440010.001/swg.fits[1]
scw/2301/230100450010.001/swg.fits[1]
scw/2301/230100460010.001/swg.fits[1]
scw/2301/230100470010.001/swg.fits[1]
scw/2301/230100480010.001/swg.fits[1]
scw/2301/230100490010.001/swg.fits[1]
scw/2301/230100500010.001/swg.fits[1]
scw/2301/230100510010.001/swg.fits[1]
scw/2301/230100520010.001/swg.fits[1]
scw/2301/230100560010.001/swg.fits[1]
scw/2301/230100570010.001/swg.fits[1]
scw/2301/230100580010.001/swg.fits[1]
scw/2301/230100590010.001/swg.fits[1]
scw/2301/230100600010.001/swg.fits[1]
scw/2301/230100610010.001/swg.fits[1]
scw/2301/230100620010.001/swg.fits[1]
scw/2301/230100650010.001/swg.fits[1]
scw/2301/230100660010.001/swg.fits[1]
scw/2301/230100670010.001/swg.fits[1]
scw/2301/230100680010.001/swg.fits[1]
scw/2301/230100690010.001/swg.fits[1]
scw/2301/230100700010.001/swg.fits[1]
scw/2301/230100710010.001/swg.fits[1]
scw/2301/230100720010.001/swg.fits[1]
scw/2301/230100730010.001/swg.fits[1]
scw/2301/230100740010.001/swg.fits[1]
scw/2301/230100750010.001/swg.fits[1]
scw/2301/230100760010.001/swg.fits[1]
scw/2301/230100770010.001/swg.fits[1]
scw/2301/230100780010.001/swg.fits[1]
scw/2301/230100820010.001/swg.fits[1]
scw/2301/230100830010.001/swg.fits[1]
scw/2301/230100840010.001/swg.fits[1]
scw/2301/230100850010.001/swg.fits[1]
scw/2301/230100860010.001/swg.fits[1]
scw/2301/230100870010.001/swg.fits[1]
scw/2301/230100880010.001/swg.fits[1]
scw/2373/237300290010.001/swg.fits[1]
scw/2373/237300370010.001/swg.fits[1]
scw/2373/237300380010.001/swg.fits[1]
scw/2373/237300390010.001/swg.fits[1]
scw/2373/237300400010.001/swg.fits[1]
scw/2374/237400380010.001/swg.fits[1]
scw/2374/237400390010.001/swg.fits[1]
scw/2374/237400400010.001/swg.fits[1]
scw/2374/237400410010.001/swg.fits[1]
scw/2374/237400420010.001/swg.fits[1]
scw/2374/237400470010.001/swg.fits[1]
scw/2374/237400480010.001/swg.fits[1]
scw/2374/237400490010.001/swg.fits[1]
scw/2374/237400500010.001/swg.fits[1]
scw/2374/237400510010.001/swg.fits[1]
scw/2374/237400520010.001/swg.fits[1]
scw/2374/237400580010.001/swg.fits[1]
scw/2374/237400590010.001/swg.fits[1]
scw/2374/237400600010.001/swg.fits[1]
scw/2374/237400610010.001/swg.fits[1]
scw/2375/237500110010.001/swg.fits[1]
scw/2375/237500120010.001/swg.fits[1]
scw/2375/237500130010.001/swg.fits[1]
scw/2376/237600300010.001/swg.fits[1]
scw/2376/237600310010.001/swg.fits[1]
scw/2376/237600320010.001/swg.fits[1]
scw/2376/237600330010.001/swg.fits[1]
scw/2376/237600340010.001/swg.fits[1]
scw/2376/237600390010.001/swg.fits[1]
scw/2376/237600400010.001/swg.fits[1]
scw/2376/237600410010.001/swg.fits[1]
scw/2376/237600420010.001/swg.fits[1]
scw/2376/237600430010.001/swg.fits[1]
scw/2376/237600440010.001/swg.fits[1]
scw/2376/237600490010.001/swg.fits[1]
scw/2376/237600500010.001/swg.fits[1]
scw/2376/237600510010.001/swg.fits[1]
scw/2376/237600520010.001/swg.fits[1]
scw/2376/237600530010.001/swg.fits[1]
scw/2376/237600540010.001/swg.fits[1]
scw/2376/237600540020.001/swg.fits[1]
scw/2377/237700060010.001/swg.fits[1]
scw/2377/237700070010.001/swg.fits[1]
scw/2377/237700080010.001/swg.fits[1]
scw/2377/237700090010.001/swg.fits[1]
scw/2377/237700100010.001/swg.fits[1]
scw/2377/237700110010.001/swg.fits[1]
scw/2377/237700170010.001/swg.fits[1]
scw/2377/237700180010.001/swg.fits[1]
scw/2377/237700190010.001/swg.fits[1]
scw/2378/237800070010.001/swg.fits[1]
scw/2378/237800080010.001/swg.fits[1]
scw/2378/237800090010.001/swg.fits[1]
scw/2378/237800100010.001/swg.fits[1]
scw/2378/237800170010.001/swg.fits[1]
scw/2378/237800180010.001/swg.fits[1]
scw/2378/237800190010.001/swg.fits[1]
scw/2378/237800200010.001/swg.fits[1]
scw/2379/237900060010.001/swg.fits[1]
scw/2379/237900070010.001/swg.fits[1]
scw/2379/237900080010.001/swg.fits[1]
scw/2379/237900090010.001/swg.fits[1]
scw/2379/237900160010.001/swg.fits[1]
scw/2379/237900170010.001/swg.fits[1]
scw/2379/237900180010.001/swg.fits[1]
scw/2379/237900190010.001/swg.fits[1]
scw/2379/237900260010.001/swg.fits[1]
scw/2379/237900270010.001/swg.fits[1]
