scw/1260/126000760010.001/swg.fits[1]
scw/1260/126000770010.001/swg.fits[1]
scw/1260/126000780010.001/swg.fits[1]
scw/1262/126200560010.001/swg.fits[1]
scw/1262/126200570010.001/swg.fits[1]
scw/1262/126200580010.001/swg.fits[1]
scw/1262/126200630010.001/swg.fits[1]
scw/1262/126200640010.001/swg.fits[1]
scw/1262/126200650010.001/swg.fits[1]
scw/1262/126200660010.001/swg.fits[1]
scw/1262/126200680010.001/swg.fits[1]
scw/1262/126200690010.001/swg.fits[1]
scw/1262/126200700010.001/swg.fits[1]
scw/1262/126200720010.001/swg.fits[1]
scw/1262/126200730010.001/swg.fits[1]
scw/1262/126200740010.001/swg.fits[1]
scw/1262/126200750010.001/swg.fits[1]
scw/1262/126200760010.001/swg.fits[1]
scw/1262/126200770010.001/swg.fits[1]
scw/1262/126200780010.001/swg.fits[1]
scw/1262/126200790010.001/swg.fits[1]
scw/1262/126200800010.001/swg.fits[1]
scw/1262/126200810010.001/swg.fits[1]
scw/1262/126200830010.001/swg.fits[1]
scw/1262/126200840010.001/swg.fits[1]
scw/1262/126200850010.001/swg.fits[1]
scw/1262/126200860010.001/swg.fits[1]
scw/1262/126200870010.001/swg.fits[1]
scw/1262/126200880010.001/swg.fits[1]
scw/1262/126200890010.001/swg.fits[1]
scw/1262/126200970010.001/swg.fits[1]
scw/1316/131600710010.001/swg.fits[1]
scw/1316/131600720010.001/swg.fits[1]
scw/1373/137300780010.001/swg.fits[1]
scw/1374/137400580010.001/swg.fits[1]
scw/1374/137400590010.001/swg.fits[1]
scw/1377/137700500010.001/swg.fits[1]
scw/1377/137700510010.001/swg.fits[1]
scw/1377/137700760010.001/swg.fits[1]
scw/1377/137700760020.001/swg.fits[1]
scw/1437/143700660010.001/swg.fits[1]
scw/1437/143700670010.001/swg.fits[1]
scw/1437/143700680010.001/swg.fits[1]
scw/1437/143700680020.001/swg.fits[1]
scw/1438/143800710010.001/swg.fits[1]
scw/1438/143800720010.001/swg.fits[1]
scw/1438/143800730010.001/swg.fits[1]
scw/1453/145301000010.001/swg.fits[1]
scw/1873/187300390010.001/swg.fits[1]
scw/1993/199300250010.001/swg.fits[1]
scw/1993/199300260010.001/swg.fits[1]
scw/1993/199300270010.001/swg.fits[1]
scw/1993/199300280010.001/swg.fits[1]
scw/1993/199300310010.001/swg.fits[1]
scw/1993/199300320010.001/swg.fits[1]
scw/1993/199300330010.001/swg.fits[1]
scw/1993/199300340010.001/swg.fits[1]
scw/1993/199300350010.001/swg.fits[1]
scw/1993/199300360010.001/swg.fits[1]
scw/1993/199300370010.001/swg.fits[1]
scw/1993/199300420010.001/swg.fits[1]
scw/1993/199300430010.001/swg.fits[1]
scw/1993/199300440010.001/swg.fits[1]
scw/1993/199300450010.001/swg.fits[1]
scw/1993/199300530010.001/swg.fits[1]
scw/1993/199300540010.001/swg.fits[1]
scw/1993/199300550010.001/swg.fits[1]
scw/1997/199700020010.001/swg.fits[1]
scw/1997/199700030010.001/swg.fits[1]
scw/1997/199700070010.001/swg.fits[1]
scw/1997/199700080010.001/swg.fits[1]
scw/1997/199700090010.001/swg.fits[1]
scw/1997/199700100010.001/swg.fits[1]
scw/1997/199700110010.001/swg.fits[1]
scw/1997/199700120010.001/swg.fits[1]
scw/1997/199700130010.001/swg.fits[1]
scw/1997/199700140010.001/swg.fits[1]
scw/1997/199700150010.001/swg.fits[1]
scw/1997/199700160010.001/swg.fits[1]
scw/1997/199700170010.001/swg.fits[1]
scw/1997/199700180010.001/swg.fits[1]
scw/1997/199700190010.001/swg.fits[1]
scw/1997/199700200010.001/swg.fits[1]
scw/1997/199700210010.001/swg.fits[1]
scw/1997/199700220010.001/swg.fits[1]
scw/1997/199700230010.001/swg.fits[1]
scw/1997/199700240010.001/swg.fits[1]
scw/1997/199700250010.001/swg.fits[1]
scw/1997/199700270010.001/swg.fits[1]
scw/1997/199700280010.001/swg.fits[1]
scw/1997/199700290010.001/swg.fits[1]
scw/1997/199700300010.001/swg.fits[1]
scw/1997/199700310010.001/swg.fits[1]
scw/1997/199700320010.001/swg.fits[1]
scw/1997/199700330010.001/swg.fits[1]
scw/1997/199700390010.001/swg.fits[1]
scw/1997/199700400010.001/swg.fits[1]
scw/1997/199700470010.001/swg.fits[1]
scw/2012/201200110010.001/swg.fits[1]
scw/2012/201200120010.001/swg.fits[1]
scw/2012/201200130010.001/swg.fits[1]
scw/2012/201200140010.001/swg.fits[1]
scw/2066/206600110010.001/swg.fits[1]
scw/2066/206600120010.001/swg.fits[1]
scw/2066/206600170010.001/swg.fits[1]
scw/2066/206600180010.001/swg.fits[1]
scw/2066/206600190010.001/swg.fits[1]
scw/2066/206600200010.001/swg.fits[1]
scw/2066/206600210010.001/swg.fits[1]
scw/2066/206600220010.001/swg.fits[1]
scw/2066/206600610010.001/swg.fits[1]
scw/2066/206600620010.001/swg.fits[1]
scw/2066/206600630010.001/swg.fits[1]
scw/2066/206600640010.001/swg.fits[1]
scw/2066/206600650010.001/swg.fits[1]
scw/2066/206600670010.001/swg.fits[1]
scw/2066/206600680010.001/swg.fits[1]
scw/2066/206600690010.001/swg.fits[1]
scw/2066/206600700010.001/swg.fits[1]
scw/2066/206600710010.001/swg.fits[1]
scw/2073/207300240010.001/swg.fits[1]
scw/2073/207300250010.001/swg.fits[1]
scw/2118/211800040010.001/swg.fits[1]
scw/2118/211800440010.001/swg.fits[1]
scw/2118/211800520010.001/swg.fits[1]
scw/2118/211800530010.001/swg.fits[1]
scw/2118/211800530020.001/swg.fits[1]
scw/2124/212400040010.001/swg.fits[1]
scw/2124/212400080010.001/swg.fits[1]
scw/2124/212400090010.001/swg.fits[1]
scw/2124/212400100010.001/swg.fits[1]
scw/2124/212400110010.001/swg.fits[1]
scw/2124/212400120010.001/swg.fits[1]
scw/2124/212400130010.001/swg.fits[1]
scw/2124/212400140010.001/swg.fits[1]
scw/2124/212400150010.001/swg.fits[1]
scw/2124/212400170010.001/swg.fits[1]
scw/2124/212400180010.001/swg.fits[1]
scw/2124/212400190010.001/swg.fits[1]
scw/2124/212400200010.001/swg.fits[1]
scw/2124/212400210010.001/swg.fits[1]
scw/2179/217900560010.001/swg.fits[1]
scw/2188/218800560010.001/swg.fits[1]
scw/2194/219400870010.001/swg.fits[1]
scw/2218/221800020010.001/swg.fits[1]
scw/2271/227100060010.001/swg.fits[1]
scw/2282/228200060010.001/swg.fits[1]
scw/2282/228200070010.001/swg.fits[1]
scw/2282/228200080010.001/swg.fits[1]
scw/2282/228200100010.001/swg.fits[1]
scw/2282/228200110010.001/swg.fits[1]
scw/2282/228200120010.001/swg.fits[1]
scw/2282/228200130010.001/swg.fits[1]
scw/2282/228200140010.001/swg.fits[1]
scw/2282/228200150010.001/swg.fits[1]
scw/2282/228200160010.001/swg.fits[1]
scw/2282/228200170010.001/swg.fits[1]
scw/2282/228200180010.001/swg.fits[1]
scw/2282/228200190010.001/swg.fits[1]
scw/2282/228200200010.001/swg.fits[1]
scw/2282/228200210010.001/swg.fits[1]
scw/2282/228200220010.001/swg.fits[1]
scw/2282/228200230010.001/swg.fits[1]
scw/2282/228200240010.001/swg.fits[1]
scw/2282/228200250010.001/swg.fits[1]
scw/2282/228200260010.001/swg.fits[1]
scw/2282/228200270010.001/swg.fits[1]
scw/2282/228200280010.001/swg.fits[1]
scw/2282/228200290010.001/swg.fits[1]
scw/2282/228200300010.001/swg.fits[1]
scw/2282/228200310010.001/swg.fits[1]
scw/2282/228200320010.001/swg.fits[1]
scw/2282/228200330010.001/swg.fits[1]
scw/2282/228200340010.001/swg.fits[1]
scw/2282/228200350010.001/swg.fits[1]
scw/2282/228200360010.001/swg.fits[1]
scw/2282/228200370010.001/swg.fits[1]
scw/2282/228200380010.001/swg.fits[1]
scw/2282/228200390010.001/swg.fits[1]
scw/2282/228200400010.001/swg.fits[1]
scw/2282/228200410010.001/swg.fits[1]
scw/2282/228200420010.001/swg.fits[1]
scw/2282/228200430010.001/swg.fits[1]
scw/2282/228200440010.001/swg.fits[1]
scw/2282/228200450010.001/swg.fits[1]
scw/2282/228200460010.001/swg.fits[1]
scw/2282/228200470010.001/swg.fits[1]
scw/2282/228200480010.001/swg.fits[1]
scw/2282/228200490010.001/swg.fits[1]
scw/2282/228200500010.001/swg.fits[1]
scw/2282/228200520010.001/swg.fits[1]
scw/2282/228200530010.001/swg.fits[1]
scw/2282/228200540010.001/swg.fits[1]
scw/2282/228200550010.001/swg.fits[1]
scw/2282/228200560010.001/swg.fits[1]
scw/2321/232100400010.001/swg.fits[1]
scw/2321/232100410010.001/swg.fits[1]
scw/2344/234400170010.001/swg.fits[1]
scw/2400/240000060010.001/swg.fits[1]
