scw/2215/221500370010.001/swg.fits[1]
scw/2215/221500380010.001/swg.fits[1]
scw/2215/221500390010.001/swg.fits[1]
scw/2215/221500400010.001/swg.fits[1]
scw/2215/221500410010.001/swg.fits[1]
scw/2215/221500420010.001/swg.fits[1]
scw/2215/221500430010.001/swg.fits[1]
scw/2215/221500440010.001/swg.fits[1]
scw/2215/221500450010.001/swg.fits[1]
scw/2215/221500460010.001/swg.fits[1]
scw/2215/221500470010.001/swg.fits[1]
scw/2215/221500480010.001/swg.fits[1]
scw/2215/221500490010.001/swg.fits[1]
scw/2215/221500500010.001/swg.fits[1]
scw/2215/221500520010.001/swg.fits[1]
scw/2215/221500520020.001/swg.fits[1]
scw/2215/221500520030.001/swg.fits[1]
scw/2215/221500540010.001/swg.fits[1]
scw/2215/221500550010.001/swg.fits[1]
scw/2215/221500560010.001/swg.fits[1]
scw/2215/221500570010.001/swg.fits[1]
scw/2215/221500580010.001/swg.fits[1]
scw/2215/221500590010.001/swg.fits[1]
scw/2215/221500600010.001/swg.fits[1]
scw/2215/221500610010.001/swg.fits[1]
scw/2215/221500620010.001/swg.fits[1]
scw/2215/221500640010.001/swg.fits[1]
scw/2215/221500650010.001/swg.fits[1]
scw/2215/221500660010.001/swg.fits[1]
scw/2215/221500670010.001/swg.fits[1]
scw/2215/221500680010.001/swg.fits[1]
scw/2215/221500690010.001/swg.fits[1]
scw/2215/221500700010.001/swg.fits[1]
scw/2215/221500710010.001/swg.fits[1]
scw/2215/221500720010.001/swg.fits[1]
scw/2215/221500730010.001/swg.fits[1]
scw/2215/221500760010.001/swg.fits[1]
scw/2215/221500770010.001/swg.fits[1]
scw/2217/221700110010.001/swg.fits[1]
scw/2217/221700120010.001/swg.fits[1]
scw/2217/221700130010.001/swg.fits[1]
scw/2217/221700140010.001/swg.fits[1]
scw/2217/221700150010.001/swg.fits[1]
scw/2217/221700160010.001/swg.fits[1]
scw/2217/221700170010.001/swg.fits[1]
scw/2217/221700180010.001/swg.fits[1]
scw/2217/221700190010.001/swg.fits[1]
scw/2217/221700200010.001/swg.fits[1]
scw/2217/221700210010.001/swg.fits[1]
scw/2217/221700220010.001/swg.fits[1]
scw/2217/221700230010.001/swg.fits[1]
scw/2217/221700240010.001/swg.fits[1]
scw/2217/221700250010.001/swg.fits[1]
scw/2217/221700260010.001/swg.fits[1]
scw/2217/221700270010.001/swg.fits[1]
scw/2217/221700280010.001/swg.fits[1]
scw/2217/221700290010.001/swg.fits[1]
scw/2217/221700300010.001/swg.fits[1]
scw/2217/221700570010.001/swg.fits[1]
scw/2217/221700660010.001/swg.fits[1]
scw/2257/225700070010.001/swg.fits[1]
scw/2258/225800360010.001/swg.fits[1]
scw/2258/225800370010.001/swg.fits[1]
scw/2258/225800450010.001/swg.fits[1]
scw/2259/225900510010.001/swg.fits[1]
scw/2259/225900520010.001/swg.fits[1]
scw/2259/225900530010.001/swg.fits[1]
scw/2260/226000500010.001/swg.fits[1]
scw/2260/226000510010.001/swg.fits[1]
scw/2260/226000520010.001/swg.fits[1]
scw/2260/226000590010.001/swg.fits[1]
scw/2260/226000600010.001/swg.fits[1]
scw/2260/226000610010.001/swg.fits[1]
scw/2260/226000620010.001/swg.fits[1]
scw/2261/226100730010.001/swg.fits[1]
scw/2265/226500090010.001/swg.fits[1]
scw/2265/226500100010.001/swg.fits[1]
scw/2265/226500110010.001/swg.fits[1]
scw/2265/226500120010.001/swg.fits[1]
scw/2265/226500130010.001/swg.fits[1]
scw/2266/226600040010.001/swg.fits[1]
scw/2266/226600050010.001/swg.fits[1]
scw/2266/226600060010.001/swg.fits[1]
scw/2266/226600070010.001/swg.fits[1]
scw/2266/226600080010.001/swg.fits[1]
scw/2266/226600090010.001/swg.fits[1]
scw/2266/226600100010.001/swg.fits[1]
scw/2266/226600110010.001/swg.fits[1]
scw/2266/226600120010.001/swg.fits[1]
scw/2266/226600130010.001/swg.fits[1]
scw/2266/226600150010.001/swg.fits[1]
scw/2266/226600160010.001/swg.fits[1]
scw/2266/226600170010.001/swg.fits[1]
scw/2266/226600240010.001/swg.fits[1]
scw/2266/226600250010.001/swg.fits[1]
scw/2266/226600260010.001/swg.fits[1]
scw/2267/226700400010.001/swg.fits[1]
scw/2269/226900540010.001/swg.fits[1]
scw/2269/226900550010.001/swg.fits[1]
scw/2269/226900630010.001/swg.fits[1]
scw/2269/226900640010.001/swg.fits[1]
scw/2269/226900650010.001/swg.fits[1]
scw/2269/226900740010.001/swg.fits[1]
scw/2270/227000700010.001/swg.fits[1]
scw/2270/227000710010.001/swg.fits[1]
scw/2270/227000720010.001/swg.fits[1]
scw/2270/227000730010.001/swg.fits[1]
scw/2270/227000740010.001/swg.fits[1]
scw/2270/227000750010.001/swg.fits[1]
scw/2270/227000760010.001/swg.fits[1]
scw/2270/227000770010.001/swg.fits[1]
scw/2271/227100310010.001/swg.fits[1]
scw/2271/227100320010.001/swg.fits[1]
scw/2271/227100330010.001/swg.fits[1]
scw/2273/227300510010.001/swg.fits[1]
scw/2275/227500360010.001/swg.fits[1]
scw/2275/227500370010.001/swg.fits[1]
scw/2275/227500380010.001/swg.fits[1]
scw/2275/227500390010.001/swg.fits[1]
scw/2275/227500400010.001/swg.fits[1]
scw/2275/227500410010.001/swg.fits[1]
scw/2275/227500420010.001/swg.fits[1]
scw/2275/227500430010.001/swg.fits[1]
scw/2275/227500440010.001/swg.fits[1]
scw/2275/227500450010.001/swg.fits[1]
scw/2275/227500460010.001/swg.fits[1]
scw/2275/227500470010.001/swg.fits[1]
scw/2275/227500480010.001/swg.fits[1]
scw/2275/227500490010.001/swg.fits[1]
scw/2275/227500500010.001/swg.fits[1]
scw/2275/227500510010.001/swg.fits[1]
scw/2275/227500520010.001/swg.fits[1]
scw/2275/227500530010.001/swg.fits[1]
scw/2275/227500540010.001/swg.fits[1]
scw/2275/227500640010.001/swg.fits[1]
scw/2275/227500650010.001/swg.fits[1]
scw/2275/227500770010.001/swg.fits[1]
scw/2276/227600290010.001/swg.fits[1]
scw/2276/227600320010.001/swg.fits[1]
scw/2276/227600330010.001/swg.fits[1]
scw/2276/227600340010.001/swg.fits[1]
scw/2276/227600350010.001/swg.fits[1]
scw/2276/227600360010.001/swg.fits[1]
scw/2276/227600470010.001/swg.fits[1]
scw/2276/227600480010.001/swg.fits[1]
scw/2280/228000090010.001/swg.fits[1]
scw/2280/228000100010.001/swg.fits[1]
scw/2280/228000110010.001/swg.fits[1]
scw/2280/228000120010.001/swg.fits[1]
scw/2280/228000130010.001/swg.fits[1]
scw/2280/228000140010.001/swg.fits[1]
scw/2280/228000150010.001/swg.fits[1]
scw/2280/228000160010.001/swg.fits[1]
scw/2280/228000170010.001/swg.fits[1]
scw/2280/228000180010.001/swg.fits[1]
scw/2280/228000190010.001/swg.fits[1]
scw/2280/228000200010.001/swg.fits[1]
scw/2280/228000210010.001/swg.fits[1]
scw/2280/228000220010.001/swg.fits[1]
scw/2280/228000230010.001/swg.fits[1]
scw/2280/228000240010.001/swg.fits[1]
scw/2280/228000250010.001/swg.fits[1]
scw/2280/228000260010.001/swg.fits[1]
scw/2280/228000270010.001/swg.fits[1]
scw/2280/228000280010.001/swg.fits[1]
scw/2281/228100110010.001/swg.fits[1]
scw/2281/228100120010.001/swg.fits[1]
scw/2281/228100130010.001/swg.fits[1]
scw/2281/228100140010.001/swg.fits[1]
scw/2281/228100150010.001/swg.fits[1]
scw/2281/228100160010.001/swg.fits[1]
scw/2281/228100170010.001/swg.fits[1]
scw/2281/228100180010.001/swg.fits[1]
scw/2281/228100190010.001/swg.fits[1]
scw/2281/228100200010.001/swg.fits[1]
scw/2281/228100210010.001/swg.fits[1]
scw/2281/228100220010.001/swg.fits[1]
scw/2281/228100230010.001/swg.fits[1]
scw/2281/228100240010.001/swg.fits[1]
scw/2281/228100250010.001/swg.fits[1]
scw/2281/228100260010.001/swg.fits[1]
scw/2281/228100270010.001/swg.fits[1]
scw/2281/228100280010.001/swg.fits[1]
scw/2281/228100290010.001/swg.fits[1]
scw/2281/228100300010.001/swg.fits[1]
scw/2284/228400110010.001/swg.fits[1]
scw/2284/228400120010.001/swg.fits[1]
scw/2284/228400130010.001/swg.fits[1]
scw/2284/228400140010.001/swg.fits[1]
scw/2284/228400150010.001/swg.fits[1]
scw/2284/228400160010.001/swg.fits[1]
scw/2284/228400170010.001/swg.fits[1]
scw/2284/228400180010.001/swg.fits[1]
scw/2284/228400190010.001/swg.fits[1]
scw/2284/228400200010.001/swg.fits[1]
scw/2284/228400210010.001/swg.fits[1]
scw/2284/228400220010.001/swg.fits[1]
scw/2284/228400230010.001/swg.fits[1]
scw/2284/228400240010.001/swg.fits[1]
scw/2284/228400250010.001/swg.fits[1]
scw/2284/228400260010.001/swg.fits[1]
scw/2284/228400270010.001/swg.fits[1]
scw/2284/228400280010.001/swg.fits[1]
scw/2284/228400290010.001/swg.fits[1]
scw/2284/228400300010.001/swg.fits[1]
scw/2284/228400320010.001/swg.fits[1]
scw/2284/228400320020.001/swg.fits[1]
scw/2284/228400320030.001/swg.fits[1]
scw/2284/228400340010.001/swg.fits[1]
scw/2284/228400350010.001/swg.fits[1]
scw/2284/228400360010.001/swg.fits[1]
scw/2284/228400370010.001/swg.fits[1]
scw/2284/228400380010.001/swg.fits[1]
scw/2284/228400390010.001/swg.fits[1]
scw/2284/228400400010.001/swg.fits[1]
scw/2284/228400410010.001/swg.fits[1]
scw/2284/228400420010.001/swg.fits[1]
scw/2284/228400430010.001/swg.fits[1]
scw/2284/228400440010.001/swg.fits[1]
scw/2284/228400450010.001/swg.fits[1]
scw/2284/228400460010.001/swg.fits[1]
scw/2284/228400470010.001/swg.fits[1]
scw/2284/228400480010.001/swg.fits[1]
scw/2284/228400490010.001/swg.fits[1]
scw/2284/228400500010.001/swg.fits[1]
scw/2284/228400510010.001/swg.fits[1]
scw/2284/228400520010.001/swg.fits[1]
scw/2284/228400530010.001/swg.fits[1]
scw/2287/228700260010.001/swg.fits[1]
scw/2287/228700350010.001/swg.fits[1]
scw/2287/228700360010.001/swg.fits[1]
scw/2325/232500840010.001/swg.fits[1]
scw/2325/232500850010.001/swg.fits[1]
scw/2329/232900090010.001/swg.fits[1]
scw/2329/232900100010.001/swg.fits[1]
scw/2329/232900110010.001/swg.fits[1]
scw/2329/232900120010.001/swg.fits[1]
scw/2329/232900190010.001/swg.fits[1]
scw/2329/232900200010.001/swg.fits[1]
scw/2329/232900210010.001/swg.fits[1]
scw/2331/233100520010.001/swg.fits[1]
scw/2331/233100530010.001/swg.fits[1]
scw/2331/233100590010.001/swg.fits[1]
scw/2331/233100600010.001/swg.fits[1]
scw/2331/233100610010.001/swg.fits[1]
