scw/2258/225800130010.001/swg.fits[1]
scw/2258/225800140010.001/swg.fits[1]
scw/2258/225800150010.001/swg.fits[1]
scw/2258/225800160010.001/swg.fits[1]
scw/2258/225800170010.001/swg.fits[1]
scw/2258/225800180010.001/swg.fits[1]
scw/2258/225800190010.001/swg.fits[1]
scw/2258/225800200010.001/swg.fits[1]
scw/2258/225800210010.001/swg.fits[1]
scw/2258/225800220010.001/swg.fits[1]
scw/2258/225800230010.001/swg.fits[1]
scw/2258/225800240010.001/swg.fits[1]
scw/2258/225800250010.001/swg.fits[1]
scw/2258/225800260010.001/swg.fits[1]
scw/2259/225900020010.001/swg.fits[1]
scw/2259/225900030010.001/swg.fits[1]
scw/2259/225900040010.001/swg.fits[1]
scw/2259/225900050010.001/swg.fits[1]
scw/2259/225900070010.001/swg.fits[1]
scw/2259/225900080010.001/swg.fits[1]
scw/2259/225900090010.001/swg.fits[1]
scw/2259/225900100010.001/swg.fits[1]
scw/2259/225900110010.001/swg.fits[1]
scw/2259/225900120010.001/swg.fits[1]
scw/2259/225900130010.001/swg.fits[1]
scw/2259/225900140010.001/swg.fits[1]
scw/2259/225900150010.001/swg.fits[1]
scw/2259/225900160010.001/swg.fits[1]
scw/2259/225900170010.001/swg.fits[1]
scw/2259/225900180010.001/swg.fits[1]
scw/2259/225900190010.001/swg.fits[1]
scw/2259/225900200010.001/swg.fits[1]
scw/2259/225900210010.001/swg.fits[1]
scw/2259/225900220010.001/swg.fits[1]
scw/2259/225900230010.001/swg.fits[1]
scw/2259/225900240010.001/swg.fits[1]
scw/2259/225900250010.001/swg.fits[1]
scw/2259/225900260010.001/swg.fits[1]
scw/2260/226000020010.001/swg.fits[1]
scw/2260/226000030010.001/swg.fits[1]
scw/2260/226000040010.001/swg.fits[1]
scw/2260/226000080010.001/swg.fits[1]
scw/2260/226000090010.001/swg.fits[1]
scw/2260/226000100010.001/swg.fits[1]
scw/2260/226000110010.001/swg.fits[1]
scw/2260/226000120010.001/swg.fits[1]
scw/2260/226000130010.001/swg.fits[1]
scw/2260/226000140010.001/swg.fits[1]
scw/2260/226000150010.001/swg.fits[1]
scw/2260/226000160010.001/swg.fits[1]
scw/2260/226000170010.001/swg.fits[1]
scw/2260/226000180010.001/swg.fits[1]
scw/2260/226000190010.001/swg.fits[1]
scw/2260/226000200010.001/swg.fits[1]
scw/2260/226000210010.001/swg.fits[1]
scw/2260/226000220010.001/swg.fits[1]
scw/2260/226000230010.001/swg.fits[1]
scw/2260/226000240010.001/swg.fits[1]
scw/2260/226000250010.001/swg.fits[1]
scw/2260/226000260010.001/swg.fits[1]
scw/2261/226100210010.001/swg.fits[1]
scw/2261/226100270010.001/swg.fits[1]
scw/2261/226100280010.001/swg.fits[1]
scw/2261/226100290010.001/swg.fits[1]
scw/2261/226100360010.001/swg.fits[1]
scw/2261/226100370010.001/swg.fits[1]
scw/2261/226100380010.001/swg.fits[1]
scw/2261/226100390010.001/swg.fits[1]
scw/2261/226100470010.001/swg.fits[1]
scw/2261/226100530010.001/swg.fits[1]
scw/2261/226100540010.001/swg.fits[1]
scw/2265/226500430010.001/swg.fits[1]
scw/2265/226500450010.001/swg.fits[1]
scw/2265/226500460010.001/swg.fits[1]
scw/2265/226500470010.001/swg.fits[1]
scw/2265/226500480010.001/swg.fits[1]
scw/2265/226500490010.001/swg.fits[1]
scw/2265/226500500010.001/swg.fits[1]
scw/2265/226500510010.001/swg.fits[1]
scw/2265/226500520010.001/swg.fits[1]
scw/2265/226500530010.001/swg.fits[1]
scw/2265/226500540010.001/swg.fits[1]
scw/2265/226500560010.001/swg.fits[1]
scw/2265/226500570010.001/swg.fits[1]
scw/2265/226500580010.001/swg.fits[1]
scw/2265/226500590010.001/swg.fits[1]
scw/2265/226500740010.001/swg.fits[1]
scw/2265/226500750010.001/swg.fits[1]
scw/2265/226500760010.001/swg.fits[1]
scw/2266/226600440010.001/swg.fits[1]
scw/2266/226600450010.001/swg.fits[1]
scw/2266/226600460010.001/swg.fits[1]
scw/2266/226600510010.001/swg.fits[1]
scw/2266/226600520010.001/swg.fits[1]
scw/2266/226600530010.001/swg.fits[1]
scw/2266/226600620010.001/swg.fits[1]
scw/2267/226700070010.001/swg.fits[1]
scw/2267/226700080010.001/swg.fits[1]
scw/2267/226700140010.001/swg.fits[1]
scw/2268/226800540010.001/swg.fits[1]
scw/2268/226800550010.001/swg.fits[1]
scw/2268/226800560010.001/swg.fits[1]
scw/2268/226800700010.001/swg.fits[1]
scw/2268/226800710010.001/swg.fits[1]
scw/2270/227000060010.001/swg.fits[1]
scw/2270/227000070010.001/swg.fits[1]
scw/2270/227000080010.001/swg.fits[1]
scw/2270/227000140010.001/swg.fits[1]
scw/2270/227000150010.001/swg.fits[1]
scw/2270/227000360010.001/swg.fits[1]
scw/2270/227000410010.001/swg.fits[1]
scw/2270/227000420010.001/swg.fits[1]
scw/2271/227100680010.001/swg.fits[1]
scw/2271/227100690010.001/swg.fits[1]
scw/2271/227100700010.001/swg.fits[1]
scw/2271/227100860010.001/swg.fits[1]
scw/2271/227100870010.001/swg.fits[1]
scw/2272/227200630010.001/swg.fits[1]
scw/2272/227200700010.001/swg.fits[1]
scw/2272/227200710010.001/swg.fits[1]
scw/2272/227200720010.001/swg.fits[1]
scw/2272/227200730010.001/swg.fits[1]
scw/2272/227200740010.001/swg.fits[1]
scw/2272/227200750010.001/swg.fits[1]
scw/2272/227200760010.001/swg.fits[1]
scw/2272/227200790010.001/swg.fits[1]
scw/2272/227200800010.001/swg.fits[1]
scw/2272/227200810010.001/swg.fits[1]
scw/2273/227300070010.001/swg.fits[1]
scw/2273/227300140010.001/swg.fits[1]
scw/2273/227300150010.001/swg.fits[1]
scw/2273/227300160010.001/swg.fits[1]
scw/2273/227300170010.001/swg.fits[1]
scw/2273/227300190010.001/swg.fits[1]
scw/2273/227300200010.001/swg.fits[1]
scw/2273/227300210010.001/swg.fits[1]
scw/2274/227400060010.001/swg.fits[1]
scw/2274/227400070010.001/swg.fits[1]
scw/2274/227400080010.001/swg.fits[1]
scw/2274/227400140010.001/swg.fits[1]
scw/2274/227400360010.001/swg.fits[1]
scw/2274/227400370010.001/swg.fits[1]
scw/2274/227400380010.001/swg.fits[1]
scw/2274/227400390010.001/swg.fits[1]
scw/2274/227400400010.001/swg.fits[1]
scw/2274/227400410010.001/swg.fits[1]
scw/2274/227400440010.001/swg.fits[1]
scw/2274/227400450010.001/swg.fits[1]
scw/2274/227400460010.001/swg.fits[1]
scw/2274/227400490010.001/swg.fits[1]
scw/2274/227400500010.001/swg.fits[1]
scw/2274/227400510010.001/swg.fits[1]
scw/2274/227400550010.001/swg.fits[1]
scw/2274/227400560010.001/swg.fits[1]
scw/2274/227400570010.001/swg.fits[1]
scw/2274/227400580010.001/swg.fits[1]
scw/2276/227600610010.001/swg.fits[1]
scw/2276/227600620010.001/swg.fits[1]
scw/2276/227600630010.001/swg.fits[1]
scw/2276/227600640010.001/swg.fits[1]
scw/2276/227600650010.001/swg.fits[1]
scw/2276/227600690010.001/swg.fits[1]
scw/2276/227600700010.001/swg.fits[1]
scw/2276/227600710010.001/swg.fits[1]
scw/2276/227600720010.001/swg.fits[1]
scw/2276/227600730010.001/swg.fits[1]
scw/2276/227600740010.001/swg.fits[1]
scw/2276/227600750010.001/swg.fits[1]
scw/2276/227600760010.001/swg.fits[1]
scw/2276/227600760020.001/swg.fits[1]
scw/2277/227700040010.001/swg.fits[1]
scw/2277/227700050010.001/swg.fits[1]
scw/2277/227700060010.001/swg.fits[1]
scw/2277/227700070010.001/swg.fits[1]
scw/2277/227700080010.001/swg.fits[1]
scw/2277/227700090010.001/swg.fits[1]
scw/2277/227700100010.001/swg.fits[1]
scw/2277/227700160010.001/swg.fits[1]
scw/2277/227700170010.001/swg.fits[1]
scw/2277/227700350010.001/swg.fits[1]
scw/2277/227700390010.001/swg.fits[1]
scw/2277/227700400010.001/swg.fits[1]
scw/2277/227700410010.001/swg.fits[1]
scw/2277/227700420010.001/swg.fits[1]
scw/2277/227700430010.001/swg.fits[1]
scw/2277/227700440010.001/swg.fits[1]
scw/2277/227700450010.001/swg.fits[1]
scw/2277/227700460010.001/swg.fits[1]
scw/2277/227700470010.001/swg.fits[1]
scw/2277/227700480010.001/swg.fits[1]
scw/2277/227700490010.001/swg.fits[1]
scw/2277/227700500010.001/swg.fits[1]
scw/2277/227700510010.001/swg.fits[1]
scw/2277/227700520010.001/swg.fits[1]
scw/2277/227700530010.001/swg.fits[1]
scw/2277/227700540010.001/swg.fits[1]
scw/2277/227700550010.001/swg.fits[1]
scw/2277/227700560010.001/swg.fits[1]
scw/2277/227700570010.001/swg.fits[1]
scw/2277/227700590010.001/swg.fits[1]
scw/2280/228000340010.001/swg.fits[1]
scw/2280/228000380010.001/swg.fits[1]
scw/2280/228000390010.001/swg.fits[1]
scw/2280/228000400010.001/swg.fits[1]
scw/2280/228000450010.001/swg.fits[1]
scw/2280/228000460010.001/swg.fits[1]
scw/2280/228000470010.001/swg.fits[1]
scw/2280/228000510010.001/swg.fits[1]
scw/2280/228000520010.001/swg.fits[1]
scw/2280/228000530010.001/swg.fits[1]
scw/2280/228000540010.001/swg.fits[1]
scw/2280/228000550010.001/swg.fits[1]
scw/2280/228000620010.001/swg.fits[1]
scw/2280/228000630010.001/swg.fits[1]
scw/2280/228000640010.001/swg.fits[1]
scw/2281/228100400010.001/swg.fits[1]
scw/2281/228100410010.001/swg.fits[1]
scw/2281/228100420010.001/swg.fits[1]
scw/2281/228100480010.001/swg.fits[1]
scw/2281/228100490010.001/swg.fits[1]
scw/2281/228100500010.001/swg.fits[1]
scw/2281/228100510010.001/swg.fits[1]
scw/2281/228100520010.001/swg.fits[1]
scw/2281/228100530010.001/swg.fits[1]
scw/2281/228100540010.001/swg.fits[1]
scw/2281/228100570010.001/swg.fits[1]
scw/2281/228100580010.001/swg.fits[1]
scw/2281/228100590010.001/swg.fits[1]
scw/2281/228100600010.001/swg.fits[1]
scw/2281/228100610010.001/swg.fits[1]
scw/2281/228100620010.001/swg.fits[1]
scw/2283/228300140010.001/swg.fits[1]
scw/2283/228300150010.001/swg.fits[1]
scw/2283/228300160010.001/swg.fits[1]
scw/2283/228300190010.001/swg.fits[1]
scw/2283/228300200010.001/swg.fits[1]
scw/2283/228300210010.001/swg.fits[1]
scw/2283/228300220010.001/swg.fits[1]
scw/2283/228300230010.001/swg.fits[1]
scw/2283/228300240010.001/swg.fits[1]
scw/2283/228300250010.001/swg.fits[1]
scw/2283/228300310010.001/swg.fits[1]
scw/2283/228300320010.001/swg.fits[1]
scw/2283/228300450010.001/swg.fits[1]
scw/2283/228300460010.001/swg.fits[1]
scw/2283/228300470010.001/swg.fits[1]
scw/2283/228300520010.001/swg.fits[1]
