scw/0282/028200570010.001/swg.fits[1]
scw/0282/028200580010.001/swg.fits[1]
scw/0282/028200590010.001/swg.fits[1]
scw/0282/028200600010.001/swg.fits[1]
scw/0282/028200610010.001/swg.fits[1]
scw/0282/028200620010.001/swg.fits[1]
scw/0282/028200630010.001/swg.fits[1]
scw/0282/028200640010.001/swg.fits[1]
scw/0282/028200650010.001/swg.fits[1]
scw/0282/028200660010.001/swg.fits[1]
scw/0282/028200670010.001/swg.fits[1]
scw/0282/028200700010.001/swg.fits[1]
scw/0282/028200710010.001/swg.fits[1]
scw/0282/028200720010.001/swg.fits[1]
scw/0282/028200730010.001/swg.fits[1]
scw/0282/028200730020.001/swg.fits[1]
scw/0282/028200730030.001/swg.fits[1]
scw/0282/028200730040.001/swg.fits[1]
scw/0283/028300060010.001/swg.fits[1]
scw/0283/028300070010.001/swg.fits[1]
scw/0283/028300080010.001/swg.fits[1]
scw/0291/029100020010.001/swg.fits[1]
scw/0317/031700070010.001/swg.fits[1]
scw/0317/031700080010.001/swg.fits[1]
scw/0324/032400070010.001/swg.fits[1]
scw/0325/032500480010.001/swg.fits[1]
scw/0325/032500490010.001/swg.fits[1]
scw/0325/032500580010.001/swg.fits[1]
scw/0325/032500590010.001/swg.fits[1]
scw/0325/032500600010.001/swg.fits[1]
scw/0325/032500610010.001/swg.fits[1]
scw/0325/032500620010.001/swg.fits[1]
scw/0325/032500630010.001/swg.fits[1]
scw/0327/032700050010.001/swg.fits[1]
scw/0327/032700060010.001/swg.fits[1]
scw/0335/033500080010.001/swg.fits[1]
scw/0335/033500090010.001/swg.fits[1]
scw/0338/033800050010.001/swg.fits[1]
scw/0338/033800060010.001/swg.fits[1]
scw/0373/037300490010.001/swg.fits[1]
scw/0373/037300500010.001/swg.fits[1]
scw/0373/037300510010.001/swg.fits[1]
scw/0373/037300520010.001/swg.fits[1]
scw/0373/037300570010.001/swg.fits[1]
scw/0373/037300580010.001/swg.fits[1]
scw/0374/037400710010.001/swg.fits[1]
scw/0374/037400720010.001/swg.fits[1]
scw/0375/037500050010.001/swg.fits[1]
scw/0375/037500060010.001/swg.fits[1]
scw/0375/037500070010.001/swg.fits[1]
scw/0375/037500080010.001/swg.fits[1]
scw/0375/037500090010.001/swg.fits[1]
scw/0375/037500100010.001/swg.fits[1]
scw/0375/037500110010.001/swg.fits[1]
scw/0375/037500180010.001/swg.fits[1]
scw/0376/037600270010.001/swg.fits[1]
scw/0376/037600340010.001/swg.fits[1]
scw/0376/037600350010.001/swg.fits[1]
scw/0376/037600360010.001/swg.fits[1]
scw/0376/037600370010.001/swg.fits[1]
scw/0376/037600380010.001/swg.fits[1]
scw/0376/037600390010.001/swg.fits[1]
scw/0376/037600450010.001/swg.fits[1]
scw/0376/037600460010.001/swg.fits[1]
scw/0377/037700070010.001/swg.fits[1]
scw/0377/037700080010.001/swg.fits[1]
scw/0377/037700090010.001/swg.fits[1]
scw/0377/037700100010.001/swg.fits[1]
scw/0377/037700110010.001/swg.fits[1]
scw/0377/037700120010.001/swg.fits[1]
scw/0377/037700130010.001/swg.fits[1]
scw/0377/037700170010.001/swg.fits[1]
scw/0377/037700180010.001/swg.fits[1]
scw/0377/037700190010.001/swg.fits[1]
scw/0377/037700200010.001/swg.fits[1]
scw/0377/037700490010.001/swg.fits[1]
scw/0377/037700500010.001/swg.fits[1]
scw/0377/037700510010.001/swg.fits[1]
scw/0377/037700570010.001/swg.fits[1]
scw/0377/037700580010.001/swg.fits[1]
scw/0377/037700590010.001/swg.fits[1]
scw/0378/037800010010.001/swg.fits[1]
scw/0378/037800020010.001/swg.fits[1]
scw/0378/037800100010.001/swg.fits[1]
scw/0378/037800410010.001/swg.fits[1]
scw/0378/037800420010.001/swg.fits[1]
scw/0378/037800480010.001/swg.fits[1]
scw/0378/037800490010.001/swg.fits[1]
scw/0378/037800500010.001/swg.fits[1]
scw/0378/037800510010.001/swg.fits[1]
scw/0378/037800520010.001/swg.fits[1]
scw/0378/037800530010.001/swg.fits[1]
scw/0380/038000270010.001/swg.fits[1]
scw/0380/038000280010.001/swg.fits[1]
scw/0380/038000340010.001/swg.fits[1]
scw/0380/038000350010.001/swg.fits[1]
scw/0380/038000360010.001/swg.fits[1]
scw/0380/038000370010.001/swg.fits[1]
scw/0380/038000380010.001/swg.fits[1]
scw/0380/038000390010.001/swg.fits[1]
scw/0380/038000450010.001/swg.fits[1]
scw/0380/038000460010.001/swg.fits[1]
scw/0380/038000470010.001/swg.fits[1]
scw/0381/038100140010.001/swg.fits[1]
scw/0381/038100220010.001/swg.fits[1]
scw/0381/038100230010.001/swg.fits[1]
scw/0381/038100240010.001/swg.fits[1]
scw/0381/038100250010.001/swg.fits[1]
scw/0381/038100260010.001/swg.fits[1]
scw/0381/038100310010.001/swg.fits[1]
scw/0381/038100320010.001/swg.fits[1]
scw/0381/038100330010.001/swg.fits[1]
scw/0381/038100340010.001/swg.fits[1]
scw/0382/038200050010.001/swg.fits[1]
scw/0382/038200060010.001/swg.fits[1]
scw/0382/038200070010.001/swg.fits[1]
scw/0382/038200130010.001/swg.fits[1]
scw/0382/038200140010.001/swg.fits[1]
scw/0382/038200150010.001/swg.fits[1]
scw/0382/038200160010.001/swg.fits[1]
scw/0382/038200170010.001/swg.fits[1]
scw/0382/038200180010.001/swg.fits[1]
scw/0382/038200240010.001/swg.fits[1]
scw/0382/038200250010.001/swg.fits[1]
scw/0382/038200260010.001/swg.fits[1]
scw/0383/038300010010.001/swg.fits[1]
scw/0383/038300020010.001/swg.fits[1]
scw/0383/038300030010.001/swg.fits[1]
scw/0383/038300090010.001/swg.fits[1]
scw/0383/038300100010.001/swg.fits[1]
scw/0383/038300110010.001/swg.fits[1]
scw/0383/038300120010.001/swg.fits[1]
scw/0383/038300130010.001/swg.fits[1]
scw/0383/038300210010.001/swg.fits[1]
scw/0407/040700240010.001/swg.fits[1]
scw/0407/040700250010.001/swg.fits[1]
scw/0415/041500270010.001/swg.fits[1]
scw/0434/043400050010.001/swg.fits[1]
scw/0434/043400060010.001/swg.fits[1]
scw/0434/043400120010.001/swg.fits[1]
scw/0434/043400130010.001/swg.fits[1]
scw/0434/043400140010.001/swg.fits[1]
scw/0434/043400150010.001/swg.fits[1]
scw/0434/043400160010.001/swg.fits[1]
scw/0434/043400170010.001/swg.fits[1]
scw/0434/043400550010.001/swg.fits[1]
scw/0435/043500230010.001/swg.fits[1]
scw/0435/043500240010.001/swg.fits[1]
scw/0435/043500250010.001/swg.fits[1]
scw/0435/043500260010.001/swg.fits[1]
scw/0435/043500270010.001/swg.fits[1]
scw/0435/043500280010.001/swg.fits[1]
scw/0435/043500340010.001/swg.fits[1]
scw/0435/043500350010.001/swg.fits[1]
scw/0436/043600100010.001/swg.fits[1]
scw/0436/043600110010.001/swg.fits[1]
scw/0436/043600120010.001/swg.fits[1]
scw/0436/043600190010.001/swg.fits[1]
scw/0436/043600200010.001/swg.fits[1]
scw/0436/043600260010.001/swg.fits[1]
scw/0436/043600270010.001/swg.fits[1]
scw/0436/043600280010.001/swg.fits[1]
scw/0436/043600290010.001/swg.fits[1]
scw/0436/043600300010.001/swg.fits[1]
scw/0436/043600310010.001/swg.fits[1]
scw/0436/043600370010.001/swg.fits[1]
scw/0437/043700630010.001/swg.fits[1]
scw/0437/043700710010.001/swg.fits[1]
scw/0437/043700720010.001/swg.fits[1]
scw/0437/043700730010.001/swg.fits[1]
scw/0437/043700740010.001/swg.fits[1]
scw/0437/043700750010.001/swg.fits[1]
scw/0437/043700810010.001/swg.fits[1]
scw/0437/043700820010.001/swg.fits[1]
scw/0438/043800260010.001/swg.fits[1]
scw/0438/043800270010.001/swg.fits[1]
scw/0438/043800280010.001/swg.fits[1]
scw/0439/043900030010.001/swg.fits[1]
scw/0439/043900040010.001/swg.fits[1]
scw/0439/043900050010.001/swg.fits[1]
scw/0439/043900060010.001/swg.fits[1]
scw/0439/043900070010.001/swg.fits[1]
scw/0439/043900080010.001/swg.fits[1]
scw/0439/043900140010.001/swg.fits[1]
scw/0439/043900150010.001/swg.fits[1]
scw/0439/043900160010.001/swg.fits[1]
scw/0439/043900460010.001/swg.fits[1]
scw/0439/043900470010.001/swg.fits[1]
scw/0439/043900530010.001/swg.fits[1]
scw/0439/043900540010.001/swg.fits[1]
scw/0439/043900550010.001/swg.fits[1]
scw/0439/043900560010.001/swg.fits[1]
scw/0439/043900570010.001/swg.fits[1]
scw/0440/044000050010.001/swg.fits[1]
scw/0440/044000350010.001/swg.fits[1]
scw/0440/044000360010.001/swg.fits[1]
scw/0440/044000370010.001/swg.fits[1]
scw/0440/044000430010.001/swg.fits[1]
scw/0440/044000440010.001/swg.fits[1]
scw/0440/044000450010.001/swg.fits[1]
scw/0440/044000460010.001/swg.fits[1]
scw/0440/044000470010.001/swg.fits[1]
scw/0440/044000480010.001/swg.fits[1]
scw/0440/044000530010.001/swg.fits[1]
scw/0440/044000540010.001/swg.fits[1]
scw/0440/044000550010.001/swg.fits[1]
scw/0440/044000560010.001/swg.fits[1]
scw/0440/044000570010.001/swg.fits[1]
scw/0445/044500060010.001/swg.fits[1]
scw/0446/044600100010.001/swg.fits[1]
scw/0446/044600110010.001/swg.fits[1]
scw/0446/044600200010.001/swg.fits[1]
scw/0446/044600210010.001/swg.fits[1]
scw/0446/044600220010.001/swg.fits[1]
scw/0446/044600230010.001/swg.fits[1]
scw/0446/044600240010.001/swg.fits[1]
scw/0446/044600250010.001/swg.fits[1]
scw/0455/045500390010.001/swg.fits[1]
scw/0455/045500400010.001/swg.fits[1]
scw/0455/045500410010.001/swg.fits[1]
scw/0467/046700050010.001/swg.fits[1]
scw/0467/046700060010.001/swg.fits[1]
scw/0467/046700070010.001/swg.fits[1]
scw/0508/050800040010.001/swg.fits[1]
