scw/0115/011500510010.001/swg.fits[1]
scw/0115/011500520010.001/swg.fits[1]
scw/0115/011500560010.001/swg.fits[1]
scw/0115/011500570010.001/swg.fits[1]
scw/0115/011500610010.001/swg.fits[1]
scw/0115/011500630010.001/swg.fits[1]
scw/0115/011500640010.001/swg.fits[1]
scw/0115/011500650010.001/swg.fits[1]
scw/0115/011500660010.001/swg.fits[1]
scw/0116/011600140010.001/swg.fits[1]
scw/0116/011600150010.001/swg.fits[1]
scw/0116/011600160010.001/swg.fits[1]
scw/0116/011600170010.001/swg.fits[1]
scw/0116/011600180010.001/swg.fits[1]
scw/0116/011600190010.001/swg.fits[1]
scw/0116/011600200010.001/swg.fits[1]
scw/0116/011600210010.001/swg.fits[1]
scw/0116/011600220010.001/swg.fits[1]
scw/0116/011600230010.001/swg.fits[1]
scw/0116/011600240010.001/swg.fits[1]
scw/0116/011601030010.001/swg.fits[1]
scw/0116/011601040010.001/swg.fits[1]
scw/0116/011601050010.001/swg.fits[1]
scw/0116/011601060010.001/swg.fits[1]
scw/0116/011601070010.001/swg.fits[1]
scw/0116/011601080010.001/swg.fits[1]
scw/0116/011601090010.001/swg.fits[1]
scw/0116/011601100010.001/swg.fits[1]
scw/0116/011601110010.001/swg.fits[1]
scw/0116/011601120010.001/swg.fits[1]
scw/0116/011601130010.001/swg.fits[1]
scw/0118/011800830010.001/swg.fits[1]
scw/0118/011801090010.001/swg.fits[1]
scw/0118/011801100010.001/swg.fits[1]
scw/0118/011801110010.001/swg.fits[1]
scw/0118/011801120010.001/swg.fits[1]
scw/0118/011801130010.001/swg.fits[1]
scw/0118/011801140010.001/swg.fits[1]
scw/0118/011801150010.001/swg.fits[1]
scw/0118/011801160010.001/swg.fits[1]
scw/0118/011801170010.001/swg.fits[1]
scw/0119/011900020010.001/swg.fits[1]
scw/0119/011900030010.001/swg.fits[1]
scw/0119/011900040010.001/swg.fits[1]
scw/0119/011900240010.001/swg.fits[1]
scw/0119/011900250010.001/swg.fits[1]
scw/0119/011900260010.001/swg.fits[1]
scw/0119/011900270010.001/swg.fits[1]
scw/0119/011900280010.001/swg.fits[1]
scw/0119/011900290010.001/swg.fits[1]
scw/0119/011900300010.001/swg.fits[1]
scw/0119/011900310010.001/swg.fits[1]
scw/0119/011900320010.001/swg.fits[1]
scw/0119/011900330010.001/swg.fits[1]
scw/0119/011900340010.001/swg.fits[1]
scw/0119/011900350010.001/swg.fits[1]
scw/0119/011900360010.001/swg.fits[1]
scw/0119/011900370010.001/swg.fits[1]
scw/0119/011900380010.001/swg.fits[1]
scw/0119/011900390010.001/swg.fits[1]
scw/0119/011900580010.001/swg.fits[1]
scw/0119/011900590010.001/swg.fits[1]
scw/0119/011900600010.001/swg.fits[1]
scw/0119/011900610010.001/swg.fits[1]
scw/0119/011900620010.001/swg.fits[1]
scw/0119/011900630010.001/swg.fits[1]
scw/0119/011900640010.001/swg.fits[1]
scw/0119/011900650010.001/swg.fits[1]
scw/0119/011900660010.001/swg.fits[1]
scw/0119/011900670010.001/swg.fits[1]
scw/0119/011900680010.001/swg.fits[1]
scw/0119/011900690010.001/swg.fits[1]
scw/0119/011900700010.001/swg.fits[1]
scw/0119/011900710010.001/swg.fits[1]
scw/0119/011900720010.001/swg.fits[1]
scw/0119/011900730010.001/swg.fits[1]
scw/0119/011900920010.001/swg.fits[1]
scw/0119/011900930010.001/swg.fits[1]
scw/0119/011900940010.001/swg.fits[1]
scw/0119/011900950010.001/swg.fits[1]
scw/0119/011900960010.001/swg.fits[1]
scw/0119/011900970010.001/swg.fits[1]
scw/0119/011900980010.001/swg.fits[1]
scw/0119/011900990010.001/swg.fits[1]
scw/0119/011901000010.001/swg.fits[1]
scw/0119/011901010010.001/swg.fits[1]
scw/0119/011901020010.001/swg.fits[1]
scw/0119/011901030010.001/swg.fits[1]
scw/0119/011901040010.001/swg.fits[1]
scw/0119/011901050010.001/swg.fits[1]
scw/0119/011901060010.001/swg.fits[1]
scw/0119/011901070010.001/swg.fits[1]
scw/0120/012000050010.001/swg.fits[1]
scw/0120/012000060010.001/swg.fits[1]
scw/0120/012000070010.001/swg.fits[1]
scw/0120/012000080010.001/swg.fits[1]
scw/0120/012000090010.001/swg.fits[1]
scw/0120/012000100010.001/swg.fits[1]
scw/0120/012000200010.001/swg.fits[1]
scw/0120/012000210010.001/swg.fits[1]
scw/0120/012000220010.001/swg.fits[1]
scw/0120/012000230010.001/swg.fits[1]
scw/0120/012000240010.001/swg.fits[1]
scw/0120/012000250010.001/swg.fits[1]
scw/0120/012000260010.001/swg.fits[1]
scw/0120/012000270010.001/swg.fits[1]
scw/0120/012000370010.001/swg.fits[1]
scw/0120/012000380010.001/swg.fits[1]
scw/0120/012000390010.001/swg.fits[1]
scw/0120/012000400010.001/swg.fits[1]
scw/0120/012000410010.001/swg.fits[1]
scw/0120/012000420010.001/swg.fits[1]
scw/0120/012000430010.001/swg.fits[1]
scw/0120/012000440010.001/swg.fits[1]
scw/0120/012000530010.001/swg.fits[1]
scw/0120/012000540010.001/swg.fits[1]
scw/0120/012000550010.001/swg.fits[1]
scw/0120/012000560010.001/swg.fits[1]
scw/0120/012000570010.001/swg.fits[1]
scw/0120/012000580010.001/swg.fits[1]
scw/0120/012000590010.001/swg.fits[1]
scw/0120/012000600010.001/swg.fits[1]
scw/0120/012000700010.001/swg.fits[1]
scw/0120/012000710010.001/swg.fits[1]
scw/0120/012000720010.001/swg.fits[1]
scw/0120/012000730010.001/swg.fits[1]
scw/0120/012000740010.001/swg.fits[1]
scw/0120/012000750010.001/swg.fits[1]
scw/0120/012000760010.001/swg.fits[1]
scw/0120/012000770010.001/swg.fits[1]
scw/0120/012000870010.001/swg.fits[1]
scw/0120/012000880010.001/swg.fits[1]
scw/0120/012000890010.001/swg.fits[1]
scw/0120/012000900010.001/swg.fits[1]
scw/0120/012000910010.001/swg.fits[1]
scw/0120/012000920010.001/swg.fits[1]
scw/0120/012000930010.001/swg.fits[1]
scw/0120/012001040010.001/swg.fits[1]
scw/0120/012001050010.001/swg.fits[1]
scw/0120/012001060010.001/swg.fits[1]
scw/0120/012001070010.001/swg.fits[1]
scw/0120/012001080010.001/swg.fits[1]
scw/0120/012001090010.001/swg.fits[1]
scw/0121/012100120010.001/swg.fits[1]
scw/0121/012100130010.001/swg.fits[1]
scw/0121/012100140010.001/swg.fits[1]
scw/0121/012100150010.001/swg.fits[1]
scw/0121/012100160010.001/swg.fits[1]
scw/0121/012100170010.001/swg.fits[1]
scw/0121/012100180010.001/swg.fits[1]
scw/0121/012100190010.001/swg.fits[1]
scw/0121/012100200010.001/swg.fits[1]
scw/0121/012100210010.001/swg.fits[1]
scw/0121/012100220010.001/swg.fits[1]
scw/0121/012100230010.001/swg.fits[1]
scw/0121/012100240010.001/swg.fits[1]
scw/0121/012100250010.001/swg.fits[1]
scw/0121/012100260010.001/swg.fits[1]
scw/0121/012100480010.001/swg.fits[1]
scw/0121/012100490010.001/swg.fits[1]
scw/0121/012100500010.001/swg.fits[1]
scw/0121/012100510010.001/swg.fits[1]
scw/0121/012100520010.001/swg.fits[1]
scw/0121/012100530010.001/swg.fits[1]
scw/0121/012100560010.001/swg.fits[1]
scw/0122/012200120010.001/swg.fits[1]
scw/0122/012200130010.001/swg.fits[1]
scw/0122/012200140010.001/swg.fits[1]
scw/0122/012200150010.001/swg.fits[1]
scw/0122/012200160010.001/swg.fits[1]
scw/0122/012200170010.001/swg.fits[1]
scw/0122/012200290010.001/swg.fits[1]
scw/0122/012200300010.001/swg.fits[1]
scw/0122/012200310010.001/swg.fits[1]
scw/0122/012200320010.001/swg.fits[1]
scw/0122/012200330010.001/swg.fits[1]
scw/0122/012200460010.001/swg.fits[1]
scw/0122/012200470010.001/swg.fits[1]
scw/0122/012200480010.001/swg.fits[1]
scw/0122/012200640010.001/swg.fits[1]
scw/0167/016700960010.001/swg.fits[1]
scw/0167/016700970010.001/swg.fits[1]
scw/0167/016701030010.001/swg.fits[1]
scw/0167/016701040010.001/swg.fits[1]
scw/0167/016701050010.001/swg.fits[1]
scw/0168/016800330010.001/swg.fits[1]
scw/0168/016800340010.001/swg.fits[1]
scw/0168/016800350010.001/swg.fits[1]
scw/0168/016800360010.001/swg.fits[1]
scw/0168/016800370010.001/swg.fits[1]
scw/0168/016800380010.001/swg.fits[1]
scw/0168/016800430010.001/swg.fits[1]
scw/0168/016800440010.001/swg.fits[1]
scw/0168/016800450010.001/swg.fits[1]
scw/0168/016800460010.001/swg.fits[1]
scw/0168/016800470010.001/swg.fits[1]
scw/0168/016800480010.001/swg.fits[1]
scw/0168/016800490010.001/swg.fits[1]
scw/0168/016800500010.001/swg.fits[1]
scw/0168/016800510010.001/swg.fits[1]
scw/0168/016800520010.001/swg.fits[1]
scw/0169/016900190010.001/swg.fits[1]
scw/0169/016900200010.001/swg.fits[1]
scw/0169/016900210010.001/swg.fits[1]
scw/0169/016900220010.001/swg.fits[1]
scw/0169/016900230010.001/swg.fits[1]
scw/0169/016900240010.001/swg.fits[1]
scw/0169/016900250010.001/swg.fits[1]
scw/0169/016900260010.001/swg.fits[1]
scw/0169/016900270010.001/swg.fits[1]
scw/0169/016900280010.001/swg.fits[1]
scw/0169/016900290010.001/swg.fits[1]
scw/0169/016900300010.001/swg.fits[1]
scw/0169/016900310010.001/swg.fits[1]
scw/0169/016900320010.001/swg.fits[1]
scw/0169/016900330010.001/swg.fits[1]
scw/0169/016900340010.001/swg.fits[1]
scw/0169/016900350010.001/swg.fits[1]
scw/0169/016900360010.001/swg.fits[1]
scw/0169/016900370010.001/swg.fits[1]
scw/0169/016900380010.001/swg.fits[1]
scw/0169/016900690010.001/swg.fits[1]
scw/0169/016900700010.001/swg.fits[1]
scw/0169/016900710010.001/swg.fits[1]
scw/0169/016900720010.001/swg.fits[1]
scw/0169/016900730010.001/swg.fits[1]
scw/0169/016900740010.001/swg.fits[1]
scw/0169/016900750010.001/swg.fits[1]
scw/0169/016900760010.001/swg.fits[1]
scw/0169/016900770010.001/swg.fits[1]
scw/0169/016900780010.001/swg.fits[1]
scw/0169/016900790010.001/swg.fits[1]
scw/0169/016900800010.001/swg.fits[1]
scw/0169/016900810010.001/swg.fits[1]
scw/0169/016900820010.001/swg.fits[1]
scw/0169/016900830010.001/swg.fits[1]
scw/0169/016900840010.001/swg.fits[1]
scw/0169/016900850010.001/swg.fits[1]
scw/0169/016900860010.001/swg.fits[1]
scw/0169/016900870010.001/swg.fits[1]
scw/0169/016900880010.001/swg.fits[1]
scw/0171/017100070010.001/swg.fits[1]
scw/0171/017100080010.001/swg.fits[1]
scw/0171/017100090010.001/swg.fits[1]
scw/0171/017100100010.001/swg.fits[1]
scw/0171/017100110010.001/swg.fits[1]
scw/0171/017100120010.001/swg.fits[1]
