scw/0308/030800450010.001/swg.fits[1]
scw/0308/030800460010.001/swg.fits[1]
scw/0308/030800470010.001/swg.fits[1]
scw/0308/030800540010.001/swg.fits[1]
scw/0308/030800550010.001/swg.fits[1]
scw/0308/030800560010.001/swg.fits[1]
scw/0308/030800570010.001/swg.fits[1]
scw/0308/030800640010.001/swg.fits[1]
scw/0308/030800650010.001/swg.fits[1]
scw/0308/030800660010.001/swg.fits[1]
scw/0308/030800670010.001/swg.fits[1]
scw/0308/030800740010.001/swg.fits[1]
scw/0308/030800750010.001/swg.fits[1]
scw/0308/030800760010.001/swg.fits[1]
scw/0308/030800770010.001/swg.fits[1]
scw/0308/030800840010.001/swg.fits[1]
scw/0308/030800850010.001/swg.fits[1]
scw/0308/030800860010.001/swg.fits[1]
scw/0308/030800870010.001/swg.fits[1]
scw/0308/030800940010.001/swg.fits[1]
scw/0308/030800950010.001/swg.fits[1]
scw/0308/030800960010.001/swg.fits[1]
scw/0309/030900030010.001/swg.fits[1]
scw/0309/030900340010.001/swg.fits[1]
scw/0309/030900430010.001/swg.fits[1]
scw/0309/030900440010.001/swg.fits[1]
scw/0309/030900450010.001/swg.fits[1]
scw/0309/030900520010.001/swg.fits[1]
scw/0309/030900530010.001/swg.fits[1]
scw/0309/030900540010.001/swg.fits[1]
scw/0309/030900550010.001/swg.fits[1]
scw/0309/030900620010.001/swg.fits[1]
scw/0309/030900630010.001/swg.fits[1]
scw/0309/030900640010.001/swg.fits[1]
scw/0309/030900720010.001/swg.fits[1]
scw/0309/030900730010.001/swg.fits[1]
scw/0309/030900740010.001/swg.fits[1]
scw/0309/030900750010.001/swg.fits[1]
scw/0309/030900820010.001/swg.fits[1]
scw/0309/030900830010.001/swg.fits[1]
scw/0309/030900840010.001/swg.fits[1]
scw/0309/030900850010.001/swg.fits[1]
scw/0309/030900930010.001/swg.fits[1]
scw/0309/030900940010.001/swg.fits[1]
scw/0310/031000290010.001/swg.fits[1]
scw/0310/031000300010.001/swg.fits[1]
scw/0310/031000310010.001/swg.fits[1]
scw/0310/031000380010.001/swg.fits[1]
scw/0310/031000390010.001/swg.fits[1]
scw/0310/031000400010.001/swg.fits[1]
scw/0310/031000410010.001/swg.fits[1]
scw/0310/031000470010.001/swg.fits[1]
scw/0310/031000480010.001/swg.fits[1]
scw/0310/031000490010.001/swg.fits[1]
scw/0310/031000500010.001/swg.fits[1]
scw/0310/031000510010.001/swg.fits[1]
scw/0310/031000520010.001/swg.fits[1]
scw/0310/031000580010.001/swg.fits[1]
scw/0310/031000590010.001/swg.fits[1]
scw/0310/031000600010.001/swg.fits[1]
scw/0310/031000610010.001/swg.fits[1]
scw/0311/031100020010.001/swg.fits[1]
scw/0315/031500270010.001/swg.fits[1]
scw/0345/034500050010.001/swg.fits[1]
scw/0345/034500060010.001/swg.fits[1]
scw/0345/034500070010.001/swg.fits[1]
scw/0345/034500080010.001/swg.fits[1]
scw/0345/034500090010.001/swg.fits[1]
scw/0345/034500100010.001/swg.fits[1]
scw/0345/034500110010.001/swg.fits[1]
scw/0345/034500120010.001/swg.fits[1]
scw/0345/034500130010.001/swg.fits[1]
scw/0345/034500140010.001/swg.fits[1]
scw/0345/034500150010.001/swg.fits[1]
scw/0345/034500160010.001/swg.fits[1]
scw/0345/034500170010.001/swg.fits[1]
scw/0345/034500180010.001/swg.fits[1]
scw/0345/034500190010.001/swg.fits[1]
scw/0345/034500200010.001/swg.fits[1]
scw/0345/034500210010.001/swg.fits[1]
scw/0345/034500220010.001/swg.fits[1]
scw/0345/034500230010.001/swg.fits[1]
scw/0345/034500240010.001/swg.fits[1]
scw/0345/034500250010.001/swg.fits[1]
scw/0345/034500260010.001/swg.fits[1]
scw/0345/034500270010.001/swg.fits[1]
scw/0345/034500280010.001/swg.fits[1]
scw/0345/034500290010.001/swg.fits[1]
scw/0345/034500300010.001/swg.fits[1]
scw/0345/034500310010.001/swg.fits[1]
scw/0345/034500320010.001/swg.fits[1]
scw/0345/034500330010.001/swg.fits[1]
scw/0345/034500340010.001/swg.fits[1]
scw/0345/034500350010.001/swg.fits[1]
scw/0345/034500360010.001/swg.fits[1]
scw/0345/034500370010.001/swg.fits[1]
scw/0345/034500380010.001/swg.fits[1]
scw/0345/034500390010.001/swg.fits[1]
scw/0345/034500400010.001/swg.fits[1]
scw/0345/034500410010.001/swg.fits[1]
scw/0345/034500420010.001/swg.fits[1]
scw/0345/034500430010.001/swg.fits[1]
scw/0345/034500440010.001/swg.fits[1]
scw/0345/034500450010.001/swg.fits[1]
scw/0345/034500460010.001/swg.fits[1]
scw/0345/034500470010.001/swg.fits[1]
scw/0345/034500480010.001/swg.fits[1]
scw/0345/034500490010.001/swg.fits[1]
scw/0345/034500500010.001/swg.fits[1]
scw/0345/034500510010.001/swg.fits[1]
scw/0345/034500520010.001/swg.fits[1]
scw/0356/035600620010.001/swg.fits[1]
scw/0356/035600630010.001/swg.fits[1]
scw/0356/035600640010.001/swg.fits[1]
scw/0356/035600650010.001/swg.fits[1]
scw/0361/036100300010.001/swg.fits[1]
scw/0361/036100310010.001/swg.fits[1]
scw/0361/036100380010.001/swg.fits[1]
scw/0361/036100390010.001/swg.fits[1]
scw/0361/036100400010.001/swg.fits[1]
scw/0364/036400650010.001/swg.fits[1]
scw/0365/036500040010.001/swg.fits[1]
scw/0365/036500120010.001/swg.fits[1]
scw/0365/036500130010.001/swg.fits[1]
scw/0365/036500140010.001/swg.fits[1]
scw/0365/036500150010.001/swg.fits[1]
scw/0365/036500220010.001/swg.fits[1]
scw/0365/036500230010.001/swg.fits[1]
scw/0365/036500240010.001/swg.fits[1]
scw/0365/036500250010.001/swg.fits[1]
scw/0365/036500320010.001/swg.fits[1]
scw/0365/036500330010.001/swg.fits[1]
scw/0365/036500340010.001/swg.fits[1]
scw/0365/036500350010.001/swg.fits[1]
scw/0365/036500420010.001/swg.fits[1]
scw/0365/036500430010.001/swg.fits[1]
scw/0365/036500440010.001/swg.fits[1]
scw/0365/036500450010.001/swg.fits[1]
scw/0365/036500460010.001/swg.fits[1]
scw/0365/036500510010.001/swg.fits[1]
scw/0365/036500520010.001/swg.fits[1]
scw/0365/036500530010.001/swg.fits[1]
scw/0365/036500540010.001/swg.fits[1]
scw/0365/036500550010.001/swg.fits[1]
scw/0365/036500620010.001/swg.fits[1]
scw/0365/036500630010.001/swg.fits[1]
scw/0365/036500640010.001/swg.fits[1]
scw/0365/036500650010.001/swg.fits[1]
scw/0366/036600630010.001/swg.fits[1]
scw/0366/036600640010.001/swg.fits[1]
scw/0368/036800400010.001/swg.fits[1]
scw/0368/036800410010.001/swg.fits[1]
scw/0369/036900550010.001/swg.fits[1]
scw/0370/037000020010.001/swg.fits[1]
scw/0370/037000330010.001/swg.fits[1]
scw/0370/037000420010.001/swg.fits[1]
scw/0370/037000430010.001/swg.fits[1]
scw/0370/037000520010.001/swg.fits[1]
scw/0423/042300090010.001/swg.fits[1]
scw/0423/042300100010.001/swg.fits[1]
scw/0423/042300110010.001/swg.fits[1]
scw/0427/042700590010.001/swg.fits[1]
scw/0427/042700600010.001/swg.fits[1]
scw/0427/042700610010.001/swg.fits[1]
scw/0429/042900090010.001/swg.fits[1]
scw/0429/042900390010.001/swg.fits[1]
scw/0429/042900400010.001/swg.fits[1]
scw/0429/042900480010.001/swg.fits[1]
scw/0429/042900490010.001/swg.fits[1]
scw/0429/042900500010.001/swg.fits[1]
scw/0429/042900510010.001/swg.fits[1]
scw/0429/042900580010.001/swg.fits[1]
scw/0429/042900590010.001/swg.fits[1]
scw/0429/042900600010.001/swg.fits[1]
scw/0429/042900610010.001/swg.fits[1]
scw/0429/042900680010.001/swg.fits[1]
scw/0429/042900690010.001/swg.fits[1]
scw/0429/042900700010.001/swg.fits[1]
scw/0429/042900710010.001/swg.fits[1]
scw/0429/042900780010.001/swg.fits[1]
scw/0429/042900790010.001/swg.fits[1]
scw/0429/042900800010.001/swg.fits[1]
scw/0429/042900810010.001/swg.fits[1]
scw/0429/042900880010.001/swg.fits[1]
scw/0429/042900890010.001/swg.fits[1]
scw/0429/042900900010.001/swg.fits[1]
scw/0429/042900980010.001/swg.fits[1]
scw/0429/042900990010.001/swg.fits[1]
scw/0429/042901000010.001/swg.fits[1]
scw/0429/042901010010.001/swg.fits[1]
scw/0430/043000090010.001/swg.fits[1]
scw/0430/043000100010.001/swg.fits[1]
scw/0430/043000430010.001/swg.fits[1]
scw/0430/043000440010.001/swg.fits[1]
scw/0430/043000520010.001/swg.fits[1]
scw/0430/043000530010.001/swg.fits[1]
scw/0430/043000540010.001/swg.fits[1]
scw/0430/043000550010.001/swg.fits[1]
scw/0430/043000610010.001/swg.fits[1]
scw/0430/043000620010.001/swg.fits[1]
scw/0430/043000630010.001/swg.fits[1]
scw/0430/043000640010.001/swg.fits[1]
scw/0430/043000650010.001/swg.fits[1]
scw/0430/043000660010.001/swg.fits[1]
scw/0430/043000710010.001/swg.fits[1]
scw/0430/043000720010.001/swg.fits[1]
scw/0430/043000730010.001/swg.fits[1]
scw/0430/043000740010.001/swg.fits[1]
scw/0430/043000750010.001/swg.fits[1]
scw/0430/043000820010.001/swg.fits[1]
scw/0430/043000830010.001/swg.fits[1]
scw/0430/043000840010.001/swg.fits[1]
scw/0430/043000850010.001/swg.fits[1]
scw/0430/043000910010.001/swg.fits[1]
scw/0430/043000920010.001/swg.fits[1]
scw/0430/043000930010.001/swg.fits[1]
scw/0430/043000940010.001/swg.fits[1]
scw/0430/043000950010.001/swg.fits[1]
scw/0430/043000960010.001/swg.fits[1]
scw/0431/043100170010.001/swg.fits[1]
scw/0431/043100260010.001/swg.fits[1]
scw/0431/043100270010.001/swg.fits[1]
scw/0431/043100280010.001/swg.fits[1]
scw/0431/043100290010.001/swg.fits[1]
scw/0431/043100360010.001/swg.fits[1]
scw/0431/043100370010.001/swg.fits[1]
scw/0431/043100380010.001/swg.fits[1]
scw/0431/043100670010.001/swg.fits[1]
scw/0431/043100680010.001/swg.fits[1]
scw/0431/043100760010.001/swg.fits[1]
scw/0431/043100770010.001/swg.fits[1]
scw/0431/043100790010.001/swg.fits[1]
scw/0431/043100860010.001/swg.fits[1]
scw/0431/043100870010.001/swg.fits[1]
scw/0431/043100880010.001/swg.fits[1]
scw/0431/043100890010.001/swg.fits[1]
scw/0432/043200070010.001/swg.fits[1]
scw/0432/043200080010.001/swg.fits[1]
scw/0432/043200090010.001/swg.fits[1]
scw/0432/043200100010.001/swg.fits[1]
scw/0432/043200170010.001/swg.fits[1]
scw/0432/043200180010.001/swg.fits[1]
scw/0432/043200190010.001/swg.fits[1]
