scw/1276/127600700010.001/swg.fits[1]
scw/1276/127600710010.001/swg.fits[1]
scw/1276/127600720010.001/swg.fits[1]
scw/1276/127600730010.001/swg.fits[1]
scw/1276/127600740010.001/swg.fits[1]
scw/1276/127600750010.001/swg.fits[1]
scw/1276/127600760010.001/swg.fits[1]
scw/1276/127600770010.001/swg.fits[1]
scw/1276/127600780010.001/swg.fits[1]
scw/1276/127600790010.001/swg.fits[1]
scw/1276/127600800010.001/swg.fits[1]
scw/1276/127600830010.001/swg.fits[1]
scw/1276/127600840010.001/swg.fits[1]
scw/1276/127600850010.001/swg.fits[1]
scw/1276/127600860010.001/swg.fits[1]
scw/1276/127600870010.001/swg.fits[1]
scw/1276/127600880010.001/swg.fits[1]
scw/1276/127600890010.001/swg.fits[1]
scw/1276/127600900010.001/swg.fits[1]
scw/1276/127600910010.001/swg.fits[1]
scw/1276/127600960010.001/swg.fits[1]
scw/1276/127600970010.001/swg.fits[1]
scw/1277/127700100010.001/swg.fits[1]
scw/1277/127700110010.001/swg.fits[1]
scw/1277/127700120010.001/swg.fits[1]
scw/1277/127700170010.001/swg.fits[1]
scw/1277/127700180010.001/swg.fits[1]
scw/1277/127700240010.001/swg.fits[1]
scw/1277/127700250010.001/swg.fits[1]
scw/1277/127700310010.001/swg.fits[1]
scw/1277/127700320010.001/swg.fits[1]
scw/1277/127700380010.001/swg.fits[1]
scw/1277/127700390010.001/swg.fits[1]
scw/1277/127700450010.001/swg.fits[1]
scw/1277/127700460010.001/swg.fits[1]
scw/1277/127700470010.001/swg.fits[1]
scw/1277/127700520010.001/swg.fits[1]
scw/1277/127700530010.001/swg.fits[1]
scw/1277/127700540010.001/swg.fits[1]
scw/1277/127700550010.001/swg.fits[1]
scw/1277/127700560010.001/swg.fits[1]
scw/1277/127700570010.001/swg.fits[1]
scw/1277/127700580010.001/swg.fits[1]
scw/1279/127900550010.001/swg.fits[1]
scw/1279/127900590010.001/swg.fits[1]
scw/1279/127900600010.001/swg.fits[1]
scw/1279/127900610010.001/swg.fits[1]
scw/1279/127900620010.001/swg.fits[1]
scw/1279/127900630010.001/swg.fits[1]
scw/1279/127900640010.001/swg.fits[1]
scw/1279/127900650010.001/swg.fits[1]
scw/1279/127900710010.001/swg.fits[1]
scw/1279/127900720010.001/swg.fits[1]
scw/1280/128000030010.001/swg.fits[1]
scw/1280/128000040010.001/swg.fits[1]
scw/1280/128000050010.001/swg.fits[1]
scw/1280/128000060010.001/swg.fits[1]
scw/1280/128000070010.001/swg.fits[1]
scw/1280/128000080010.001/swg.fits[1]
scw/1280/128000090010.001/swg.fits[1]
scw/1280/128000100010.001/swg.fits[1]
scw/1280/128000110010.001/swg.fits[1]
scw/1280/128000120010.001/swg.fits[1]
scw/1280/128000130010.001/swg.fits[1]
scw/1280/128000140010.001/swg.fits[1]
scw/1280/128000150010.001/swg.fits[1]
scw/1280/128000160010.001/swg.fits[1]
scw/1280/128000220010.001/swg.fits[1]
scw/1280/128000230010.001/swg.fits[1]
scw/1280/128000240010.001/swg.fits[1]
scw/1280/128000250010.001/swg.fits[1]
scw/1280/128000260010.001/swg.fits[1]
scw/1280/128000270010.001/swg.fits[1]
scw/1280/128000280010.001/swg.fits[1]
scw/1280/128000290010.001/swg.fits[1]
scw/1280/128000300010.001/swg.fits[1]
scw/1280/128000310010.001/swg.fits[1]
scw/1280/128000320010.001/swg.fits[1]
scw/1280/128000330010.001/swg.fits[1]
scw/1280/128000340010.001/swg.fits[1]
scw/1280/128000350010.001/swg.fits[1]
scw/1280/128000380010.001/swg.fits[1]
scw/1280/128000390010.001/swg.fits[1]
scw/1280/128000400010.001/swg.fits[1]
scw/1280/128000410010.001/swg.fits[1]
scw/1280/128000420010.001/swg.fits[1]
scw/1280/128000430010.001/swg.fits[1]
scw/1280/128000440010.001/swg.fits[1]
scw/1280/128000450010.001/swg.fits[1]
scw/1280/128000460010.001/swg.fits[1]
scw/1280/128000470010.001/swg.fits[1]
scw/1280/128000480010.001/swg.fits[1]
scw/1280/128000490010.001/swg.fits[1]
scw/1280/128000500010.001/swg.fits[1]
scw/1280/128000510010.001/swg.fits[1]
scw/1280/128000570010.001/swg.fits[1]
scw/1280/128000580010.001/swg.fits[1]
scw/1280/128000590010.001/swg.fits[1]
scw/1280/128000600010.001/swg.fits[1]
scw/1280/128000610010.001/swg.fits[1]
scw/1280/128000620010.001/swg.fits[1]
scw/1280/128000630010.001/swg.fits[1]
scw/1280/128000640010.001/swg.fits[1]
scw/1280/128000650010.001/swg.fits[1]
scw/1280/128000660010.001/swg.fits[1]
scw/1280/128000670010.001/swg.fits[1]
scw/1280/128000680010.001/swg.fits[1]
scw/1280/128000690010.001/swg.fits[1]
scw/1280/128000700010.001/swg.fits[1]
scw/1280/128000980010.001/swg.fits[1]
scw/1280/128000990010.001/swg.fits[1]
scw/1280/128001000010.001/swg.fits[1]
scw/1280/128001010010.001/swg.fits[1]
scw/1280/128001020010.001/swg.fits[1]
scw/1280/128001030010.001/swg.fits[1]
scw/1280/128001040010.001/swg.fits[1]
scw/1280/128001050010.001/swg.fits[1]
scw/1280/128001100010.001/swg.fits[1]
scw/1280/128001110010.001/swg.fits[1]
scw/1282/128200040010.001/swg.fits[1]
scw/1282/128200050010.001/swg.fits[1]
scw/1282/128200060010.001/swg.fits[1]
scw/1282/128200070010.001/swg.fits[1]
scw/1282/128200080010.001/swg.fits[1]
scw/1282/128200090010.001/swg.fits[1]
scw/1282/128200100010.001/swg.fits[1]
scw/1282/128200110010.001/swg.fits[1]
scw/1282/128200120010.001/swg.fits[1]
scw/1282/128200130010.001/swg.fits[1]
scw/1282/128200140010.001/swg.fits[1]
scw/1282/128200150010.001/swg.fits[1]
scw/1282/128200160010.001/swg.fits[1]
scw/1282/128200170010.001/swg.fits[1]
scw/1282/128200180010.001/swg.fits[1]
scw/1282/128200190010.001/swg.fits[1]
scw/1282/128200200010.001/swg.fits[1]
scw/1282/128200220010.001/swg.fits[1]
scw/1282/128200230010.001/swg.fits[1]
scw/1282/128200240010.001/swg.fits[1]
scw/1282/128200250010.001/swg.fits[1]
scw/1282/128200260010.001/swg.fits[1]
scw/1282/128200270010.001/swg.fits[1]
scw/1282/128200300010.001/swg.fits[1]
scw/1282/128200310010.001/swg.fits[1]
scw/1282/128200320010.001/swg.fits[1]
scw/1282/128200330010.001/swg.fits[1]
scw/1282/128200340010.001/swg.fits[1]
scw/1282/128200350010.001/swg.fits[1]
scw/1282/128200360010.001/swg.fits[1]
scw/1282/128200370010.001/swg.fits[1]
scw/1282/128200380010.001/swg.fits[1]
scw/1282/128200390010.001/swg.fits[1]
scw/1282/128200400010.001/swg.fits[1]
scw/1282/128200410010.001/swg.fits[1]
scw/1282/128200420010.001/swg.fits[1]
scw/1282/128200430010.001/swg.fits[1]
scw/1282/128200440010.001/swg.fits[1]
scw/1282/128200450010.001/swg.fits[1]
scw/1282/128200460010.001/swg.fits[1]
scw/1282/128200470010.001/swg.fits[1]
scw/1282/128200480010.001/swg.fits[1]
scw/1282/128200490010.001/swg.fits[1]
scw/1282/128200500010.001/swg.fits[1]
scw/1282/128200510010.001/swg.fits[1]
scw/1282/128200520010.001/swg.fits[1]
scw/1282/128200530010.001/swg.fits[1]
scw/1282/128200540010.001/swg.fits[1]
scw/1282/128200550010.001/swg.fits[1]
scw/1282/128200560010.001/swg.fits[1]
scw/1282/128200570010.001/swg.fits[1]
scw/1282/128200580010.001/swg.fits[1]
scw/1282/128200590010.001/swg.fits[1]
scw/1282/128200600010.001/swg.fits[1]
scw/1282/128200610010.001/swg.fits[1]
scw/1282/128200620010.001/swg.fits[1]
scw/1282/128200630010.001/swg.fits[1]
scw/1282/128200640010.001/swg.fits[1]
scw/1282/128200650010.001/swg.fits[1]
scw/1282/128200660010.001/swg.fits[1]
scw/1282/128200670010.001/swg.fits[1]
scw/1282/128200680010.001/swg.fits[1]
scw/1282/128200690010.001/swg.fits[1]
scw/1282/128200700010.001/swg.fits[1]
scw/1282/128200710010.001/swg.fits[1]
scw/1282/128200720010.001/swg.fits[1]
scw/1282/128200730010.001/swg.fits[1]
scw/1282/128200740010.001/swg.fits[1]
scw/1282/128200750010.001/swg.fits[1]
scw/1282/128200780010.001/swg.fits[1]
scw/1282/128200790010.001/swg.fits[1]
scw/1282/128200800010.001/swg.fits[1]
scw/1282/128200810010.001/swg.fits[1]
scw/1282/128200820010.001/swg.fits[1]
scw/1282/128200830010.001/swg.fits[1]
scw/1282/128200850010.001/swg.fits[1]
scw/1282/128200860010.001/swg.fits[1]
scw/1282/128200870010.001/swg.fits[1]
scw/1282/128200880010.001/swg.fits[1]
scw/1282/128200890010.001/swg.fits[1]
scw/1282/128200900010.001/swg.fits[1]
scw/1282/128200910010.001/swg.fits[1]
scw/1282/128200920010.001/swg.fits[1]
scw/1282/128200930010.001/swg.fits[1]
scw/1282/128200940010.001/swg.fits[1]
scw/1282/128200950010.001/swg.fits[1]
scw/1282/128200960010.001/swg.fits[1]
scw/1282/128200970010.001/swg.fits[1]
scw/1282/128200980010.001/swg.fits[1]
scw/1282/128200990010.001/swg.fits[1]
scw/1282/128201000010.001/swg.fits[1]
scw/1282/128201010010.001/swg.fits[1]
scw/1282/128201020010.001/swg.fits[1]
scw/1282/128201030010.001/swg.fits[1]
scw/1282/128201040010.001/swg.fits[1]
scw/1282/128201050010.001/swg.fits[1]
scw/1282/128201060010.001/swg.fits[1]
scw/1282/128201070010.001/swg.fits[1]
scw/1282/128201080010.001/swg.fits[1]
scw/1326/132600600010.001/swg.fits[1]
scw/1326/132600670010.001/swg.fits[1]
scw/1326/132600680010.001/swg.fits[1]
scw/1326/132600690010.001/swg.fits[1]
scw/1326/132600700010.001/swg.fits[1]
scw/1326/132600710010.001/swg.fits[1]
scw/1326/132600720010.001/swg.fits[1]
scw/1326/132600730010.001/swg.fits[1]
scw/1329/132900110010.001/swg.fits[1]
scw/1329/132900120010.001/swg.fits[1]
scw/1329/132900130010.001/swg.fits[1]
scw/1330/133000130010.001/swg.fits[1]
scw/1330/133000140010.001/swg.fits[1]
scw/1330/133000150010.001/swg.fits[1]
scw/1330/133000280010.001/swg.fits[1]
scw/1330/133000290010.001/swg.fits[1]
scw/1330/133000300010.001/swg.fits[1]
scw/1330/133000370010.001/swg.fits[1]
scw/1330/133000380010.001/swg.fits[1]
scw/1330/133000390010.001/swg.fits[1]
scw/1330/133000400010.001/swg.fits[1]
scw/1330/133000410010.001/swg.fits[1]
scw/1331/133100210010.001/swg.fits[1]
scw/1331/133100220010.001/swg.fits[1]
scw/1331/133100230010.001/swg.fits[1]
scw/1331/133100300010.001/swg.fits[1]
scw/1331/133100310010.001/swg.fits[1]
scw/1331/133100320010.001/swg.fits[1]
scw/1331/133100330010.001/swg.fits[1]
