scw/0508/050800460010.001/swg.fits[1]
scw/0508/050800470010.001/swg.fits[1]
scw/0508/050800480010.001/swg.fits[1]
scw/0508/050800490010.001/swg.fits[1]
scw/0508/050800500010.001/swg.fits[1]
scw/0508/050800510010.001/swg.fits[1]
scw/0508/050800520010.001/swg.fits[1]
scw/0508/050800530010.001/swg.fits[1]
scw/0508/050800540010.001/swg.fits[1]
scw/0508/050800550010.001/swg.fits[1]
scw/0508/050800560010.001/swg.fits[1]
scw/0508/050800570010.001/swg.fits[1]
scw/0508/050800580010.001/swg.fits[1]
scw/0550/055000120010.001/swg.fits[1]
scw/0565/056500040010.001/swg.fits[1]
scw/0565/056500050010.001/swg.fits[1]
scw/0565/056500060010.001/swg.fits[1]
scw/0565/056500070010.001/swg.fits[1]
scw/0565/056500080010.001/swg.fits[1]
scw/0565/056500090010.001/swg.fits[1]
scw/0565/056500100010.001/swg.fits[1]
scw/0565/056500110010.001/swg.fits[1]
scw/0565/056500120010.001/swg.fits[1]
scw/0565/056500130010.001/swg.fits[1]
scw/0565/056500140010.001/swg.fits[1]
scw/0565/056500150010.001/swg.fits[1]
scw/0565/056500160010.001/swg.fits[1]
scw/0565/056500170010.001/swg.fits[1]
scw/0565/056500180010.001/swg.fits[1]
scw/0565/056500190010.001/swg.fits[1]
scw/0565/056500200010.001/swg.fits[1]
scw/0565/056500210010.001/swg.fits[1]
scw/0565/056500220010.001/swg.fits[1]
scw/0565/056500230010.001/swg.fits[1]
scw/0565/056500240010.001/swg.fits[1]
scw/0565/056500250010.001/swg.fits[1]
scw/0565/056500260010.001/swg.fits[1]
scw/0565/056500270010.001/swg.fits[1]
scw/0565/056500280010.001/swg.fits[1]
scw/0565/056500290010.001/swg.fits[1]
scw/0565/056500300010.001/swg.fits[1]
scw/0565/056500310010.001/swg.fits[1]
scw/0565/056500320010.001/swg.fits[1]
scw/0565/056500330010.001/swg.fits[1]
scw/0565/056500340010.001/swg.fits[1]
scw/0565/056500350010.001/swg.fits[1]
scw/0565/056500360010.001/swg.fits[1]
scw/0565/056500370010.001/swg.fits[1]
scw/0565/056500380010.001/swg.fits[1]
scw/0565/056500390010.001/swg.fits[1]
scw/0565/056500400010.001/swg.fits[1]
scw/0565/056500410010.001/swg.fits[1]
scw/0565/056500420010.001/swg.fits[1]
scw/0565/056500430010.001/swg.fits[1]
scw/0565/056500440010.001/swg.fits[1]
scw/0565/056500450010.001/swg.fits[1]
scw/0565/056500460010.001/swg.fits[1]
scw/0565/056500470010.001/swg.fits[1]
scw/0565/056500480010.001/swg.fits[1]
scw/0565/056500490010.001/swg.fits[1]
scw/0565/056500500010.001/swg.fits[1]
scw/0565/056500510010.001/swg.fits[1]
scw/0565/056500520010.001/swg.fits[1]
scw/0565/056500530010.001/swg.fits[1]
scw/0565/056500540010.001/swg.fits[1]
scw/0565/056500550010.001/swg.fits[1]
scw/0565/056500560010.001/swg.fits[1]
scw/0565/056500570010.001/swg.fits[1]
scw/0565/056500580010.001/swg.fits[1]
scw/0565/056500590010.001/swg.fits[1]
scw/0565/056500600010.001/swg.fits[1]
scw/0565/056500610010.001/swg.fits[1]
scw/0569/056900280010.001/swg.fits[1]
scw/0569/056900290010.001/swg.fits[1]
scw/0569/056900300010.001/swg.fits[1]
scw/0569/056900310010.001/swg.fits[1]
scw/0569/056900320010.001/swg.fits[1]
scw/0569/056900330010.001/swg.fits[1]
scw/0569/056900340010.001/swg.fits[1]
scw/0569/056900350010.001/swg.fits[1]
scw/0569/056900360010.001/swg.fits[1]
scw/0569/056900370010.001/swg.fits[1]
scw/0569/056900380010.001/swg.fits[1]
scw/0569/056900390010.001/swg.fits[1]
scw/0569/056900400010.001/swg.fits[1]
scw/0569/056900410010.001/swg.fits[1]
scw/0569/056900420010.001/swg.fits[1]
scw/0569/056900430010.001/swg.fits[1]
scw/0569/056900440010.001/swg.fits[1]
scw/0569/056900450010.001/swg.fits[1]
scw/0569/056900460010.001/swg.fits[1]
scw/0569/056900470010.001/swg.fits[1]
scw/0569/056900480010.001/swg.fits[1]
scw/0569/056900490010.001/swg.fits[1]
scw/0569/056900500010.001/swg.fits[1]
scw/0569/056900510010.001/swg.fits[1]
scw/0569/056900520010.001/swg.fits[1]
scw/0569/056900530010.001/swg.fits[1]
scw/0569/056900540010.001/swg.fits[1]
scw/0569/056900550010.001/swg.fits[1]
scw/0569/056900560010.001/swg.fits[1]
scw/0569/056900570010.001/swg.fits[1]
scw/0569/056900580010.001/swg.fits[1]
scw/0569/056900590010.001/swg.fits[1]
scw/0569/056900600010.001/swg.fits[1]
scw/0569/056900610010.001/swg.fits[1]
scw/0569/056900620010.001/swg.fits[1]
scw/0569/056900630010.001/swg.fits[1]
scw/0569/056900640010.001/swg.fits[1]
scw/0569/056900650010.001/swg.fits[1]
scw/0569/056900660010.001/swg.fits[1]
scw/0588/058800970010.001/swg.fits[1]
scw/0636/063600560010.001/swg.fits[1]
scw/0863/086300350010.001/swg.fits[1]
scw/0863/086300360010.001/swg.fits[1]
scw/0864/086400660010.001/swg.fits[1]
scw/0864/086400670010.001/swg.fits[1]
scw/0864/086400680010.001/swg.fits[1]
scw/0866/086600260010.001/swg.fits[1]
scw/0866/086600270010.001/swg.fits[1]
scw/0866/086600280010.001/swg.fits[1]
scw/0866/086600360010.001/swg.fits[1]
scw/0868/086800200010.001/swg.fits[1]
scw/0868/086800210010.001/swg.fits[1]
scw/0868/086800220010.001/swg.fits[1]
scw/0881/088100030010.001/swg.fits[1]
scw/0881/088100040010.001/swg.fits[1]
scw/0881/088100130010.001/swg.fits[1]
scw/0881/088100140010.001/swg.fits[1]
scw/0881/088100230010.001/swg.fits[1]
scw/0881/088100240010.001/swg.fits[1]
scw/0881/088100540010.001/swg.fits[1]
scw/0882/088200010010.001/swg.fits[1]
scw/0882/088200020010.001/swg.fits[1]
scw/0882/088200110010.001/swg.fits[1]
scw/0882/088200120010.001/swg.fits[1]
scw/0882/088200420010.001/swg.fits[1]
scw/0882/088200510010.001/swg.fits[1]
scw/0882/088200520010.001/swg.fits[1]
scw/0913/091300180010.001/swg.fits[1]
scw/0913/091300190010.001/swg.fits[1]
scw/0913/091300200010.001/swg.fits[1]
scw/0913/091300210010.001/swg.fits[1]
scw/0914/091400400010.001/swg.fits[1]
scw/0915/091500480010.001/swg.fits[1]
scw/0915/091500490010.001/swg.fits[1]
scw/0915/091500500010.001/swg.fits[1]
scw/0915/091500510010.001/swg.fits[1]
scw/0976/097600370010.001/swg.fits[1]
scw/0976/097600380010.001/swg.fits[1]
scw/0976/097600390010.001/swg.fits[1]
scw/1005/100500660010.001/swg.fits[1]
scw/1006/100600660010.001/swg.fits[1]
scw/1051/105100930010.001/swg.fits[1]
scw/1051/105100950010.001/swg.fits[1]
scw/1053/105300540010.001/swg.fits[1]
scw/1053/105300550010.001/swg.fits[1]
scw/1054/105400560010.001/swg.fits[1]
scw/1054/105400570010.001/swg.fits[1]
scw/1055/105500570010.001/swg.fits[1]
scw/1055/105500580010.001/swg.fits[1]
scw/1056/105600860010.001/swg.fits[1]
scw/1056/105600880010.001/swg.fits[1]
scw/1058/105800580010.001/swg.fits[1]
scw/1114/111400670010.001/swg.fits[1]
scw/1115/111500660010.001/swg.fits[1]
scw/1115/111500670010.001/swg.fits[1]
scw/1115/111500680010.001/swg.fits[1]
scw/1116/111600340010.001/swg.fits[1]
scw/1126/112600520010.001/swg.fits[1]
scw/1126/112600530010.001/swg.fits[1]
scw/1126/112600590010.001/swg.fits[1]
scw/1126/112600600010.001/swg.fits[1]
scw/1126/112600610010.001/swg.fits[1]
scw/1126/112600620010.001/swg.fits[1]
scw/1126/112600630010.001/swg.fits[1]
scw/1126/112600640010.001/swg.fits[1]
scw/1126/112600650010.001/swg.fits[1]
scw/1126/112600660010.001/swg.fits[1]
scw/1126/112600670010.001/swg.fits[1]
scw/1126/112600680010.001/swg.fits[1]
scw/1126/112600690010.001/swg.fits[1]
scw/1126/112600700010.001/swg.fits[1]
scw/1127/112700430010.001/swg.fits[1]
scw/1127/112700440010.001/swg.fits[1]
scw/1127/112700450010.001/swg.fits[1]
scw/1127/112700460010.001/swg.fits[1]
scw/1127/112700470010.001/swg.fits[1]
scw/1127/112700480010.001/swg.fits[1]
scw/1127/112700490010.001/swg.fits[1]
scw/1127/112700500010.001/swg.fits[1]
scw/1127/112700510010.001/swg.fits[1]
scw/1127/112700520010.001/swg.fits[1]
scw/1127/112700530010.001/swg.fits[1]
scw/1127/112700540010.001/swg.fits[1]
scw/1127/112700910010.001/swg.fits[1]
scw/1127/112700920010.001/swg.fits[1]
scw/1127/112700930010.001/swg.fits[1]
scw/1127/112700940010.001/swg.fits[1]
scw/1127/112700950010.001/swg.fits[1]
scw/1127/112700960010.001/swg.fits[1]
scw/1128/112800550010.001/swg.fits[1]
scw/1128/112800560010.001/swg.fits[1]
scw/1128/112800570010.001/swg.fits[1]
scw/1128/112800580010.001/swg.fits[1]
scw/1128/112800590010.001/swg.fits[1]
scw/1128/112800600010.001/swg.fits[1]
scw/1128/112800610010.001/swg.fits[1]
scw/1128/112800620010.001/swg.fits[1]
scw/1128/112800630010.001/swg.fits[1]
scw/1128/112800640010.001/swg.fits[1]
scw/1128/112800650010.001/swg.fits[1]
scw/1128/112800660010.001/swg.fits[1]
scw/1130/113000550010.001/swg.fits[1]
scw/1130/113000560010.001/swg.fits[1]
scw/1130/113000570010.001/swg.fits[1]
scw/1130/113000580010.001/swg.fits[1]
scw/1130/113000590010.001/swg.fits[1]
scw/1130/113000600010.001/swg.fits[1]
scw/1130/113000610010.001/swg.fits[1]
scw/1130/113000620010.001/swg.fits[1]
scw/1130/113000630010.001/swg.fits[1]
scw/1130/113000640010.001/swg.fits[1]
scw/1130/113000650010.001/swg.fits[1]
