scw/1034/103400480010.001/swg.fits[1]
scw/1034/103400490010.001/swg.fits[1]
scw/1034/103400500010.001/swg.fits[1]
scw/1034/103400510010.001/swg.fits[1]
scw/1050/105000040010.001/swg.fits[1]
scw/1050/105000050010.001/swg.fits[1]
scw/1050/105000060010.001/swg.fits[1]
scw/1050/105000070010.001/swg.fits[1]
scw/1050/105000080010.001/swg.fits[1]
scw/1050/105000090010.001/swg.fits[1]
scw/1050/105000100010.001/swg.fits[1]
scw/1050/105000110010.001/swg.fits[1]
scw/1050/105000120010.001/swg.fits[1]
scw/1050/105000130010.001/swg.fits[1]
scw/1050/105000140010.001/swg.fits[1]
scw/1050/105000150010.001/swg.fits[1]
scw/1050/105000160010.001/swg.fits[1]
scw/1050/105000170010.001/swg.fits[1]
scw/1050/105000180010.001/swg.fits[1]
scw/1050/105000190010.001/swg.fits[1]
scw/1050/105000200010.001/swg.fits[1]
scw/1050/105000210010.001/swg.fits[1]
scw/1050/105000220010.001/swg.fits[1]
scw/1050/105000230010.001/swg.fits[1]
scw/1050/105000240010.001/swg.fits[1]
scw/1050/105000250010.001/swg.fits[1]
scw/1050/105000260010.001/swg.fits[1]
scw/1050/105000270010.001/swg.fits[1]
scw/1184/118400430010.001/swg.fits[1]
scw/1187/118700260010.001/swg.fits[1]
scw/1188/118800450010.001/swg.fits[1]
scw/1188/118800540010.001/swg.fits[1]
scw/1245/124500280010.001/swg.fits[1]
scw/1246/124600220010.001/swg.fits[1]
scw/1247/124700550010.001/swg.fits[1]
scw/1248/124800370010.001/swg.fits[1]
scw/1300/130000280010.001/swg.fits[1]
scw/1303/130300160010.001/swg.fits[1]
scw/1305/130500020010.001/swg.fits[1]
scw/1305/130500030010.001/swg.fits[1]
scw/1305/130500040010.001/swg.fits[1]
scw/1305/130500050010.001/swg.fits[1]
scw/1305/130500060010.001/swg.fits[1]
scw/1305/130500070010.001/swg.fits[1]
scw/1305/130500080010.001/swg.fits[1]
scw/1305/130500090010.001/swg.fits[1]
scw/1305/130500100010.001/swg.fits[1]
scw/1305/130500110010.001/swg.fits[1]
scw/1305/130500120010.001/swg.fits[1]
scw/1305/130500130010.001/swg.fits[1]
scw/1305/130500140010.001/swg.fits[1]
scw/1305/130500150010.001/swg.fits[1]
scw/1305/130500160010.001/swg.fits[1]
scw/1305/130500170010.001/swg.fits[1]
scw/1305/130500180010.001/swg.fits[1]
scw/1305/130500190010.001/swg.fits[1]
scw/1305/130500200010.001/swg.fits[1]
scw/1305/130500210010.001/swg.fits[1]
scw/1305/130500220010.001/swg.fits[1]
scw/1305/130500230010.001/swg.fits[1]
scw/1305/130500240010.001/swg.fits[1]
scw/1305/130500250010.001/swg.fits[1]
scw/1305/130500260010.001/swg.fits[1]
scw/1305/130500270010.001/swg.fits[1]
scw/1305/130500280010.001/swg.fits[1]
scw/1305/130500290010.001/swg.fits[1]
scw/1305/130500300010.001/swg.fits[1]
scw/1305/130500310010.001/swg.fits[1]
scw/1305/130500320010.001/swg.fits[1]
scw/1305/130500330010.001/swg.fits[1]
scw/1305/130500340010.001/swg.fits[1]
scw/1305/130500350010.001/swg.fits[1]
scw/1305/130500360010.001/swg.fits[1]
scw/1305/130500370010.001/swg.fits[1]
scw/1305/130500380010.001/swg.fits[1]
scw/1305/130500390010.001/swg.fits[1]
scw/1305/130500400010.001/swg.fits[1]
scw/1305/130500410010.001/swg.fits[1]
scw/1305/130500420010.001/swg.fits[1]
scw/1305/130500430010.001/swg.fits[1]
scw/1305/130500440010.001/swg.fits[1]
scw/1305/130500450010.001/swg.fits[1]
scw/1305/130500460010.001/swg.fits[1]
scw/1305/130500470010.001/swg.fits[1]
scw/1305/130500480010.001/swg.fits[1]
scw/1305/130500490010.001/swg.fits[1]
scw/1305/130500500010.001/swg.fits[1]
scw/1305/130500510010.001/swg.fits[1]
scw/1306/130600190010.001/swg.fits[1]
scw/1307/130700350010.001/swg.fits[1]
scw/1307/130700360010.001/swg.fits[1]
scw/1307/130700370010.001/swg.fits[1]
scw/1307/130700380010.001/swg.fits[1]
scw/1307/130700390010.001/swg.fits[1]
scw/1307/130700400010.001/swg.fits[1]
scw/1307/130700410010.001/swg.fits[1]
scw/1307/130700420010.001/swg.fits[1]
scw/1307/130700430010.001/swg.fits[1]
scw/1307/130700440010.001/swg.fits[1]
scw/1307/130700450010.001/swg.fits[1]
scw/1307/130700460010.001/swg.fits[1]
scw/1307/130700470010.001/swg.fits[1]
scw/1307/130700480010.001/swg.fits[1]
scw/1307/130700490010.001/swg.fits[1]
scw/1307/130700500010.001/swg.fits[1]
scw/1307/130700510010.001/swg.fits[1]
scw/1307/130700520010.001/swg.fits[1]
scw/1307/130700530010.001/swg.fits[1]
scw/1307/130700540010.001/swg.fits[1]
scw/1307/130700550010.001/swg.fits[1]
scw/1307/130700560010.001/swg.fits[1]
scw/1307/130700570010.001/swg.fits[1]
scw/1307/130700580010.001/swg.fits[1]
scw/1307/130700590010.001/swg.fits[1]
scw/1307/130700600010.001/swg.fits[1]
scw/1307/130700610010.001/swg.fits[1]
scw/1307/130700620010.001/swg.fits[1]
scw/1307/130700630010.001/swg.fits[1]
scw/1307/130700640010.001/swg.fits[1]
scw/1307/130700650010.001/swg.fits[1]
scw/1307/130700660010.001/swg.fits[1]
scw/1307/130700670010.001/swg.fits[1]
scw/1307/130700680010.001/swg.fits[1]
scw/1307/130700690010.001/swg.fits[1]
scw/1307/130700700010.001/swg.fits[1]
scw/1307/130700710010.001/swg.fits[1]
scw/1307/130700720010.001/swg.fits[1]
scw/1307/130700730010.001/swg.fits[1]
scw/1307/130700740010.001/swg.fits[1]
scw/1307/130700750010.001/swg.fits[1]
scw/1307/130700760010.001/swg.fits[1]
scw/1307/130700770010.001/swg.fits[1]
scw/1307/130700780010.001/swg.fits[1]
scw/1307/130700790010.001/swg.fits[1]
scw/1307/130700800010.001/swg.fits[1]
scw/1307/130700810010.001/swg.fits[1]
scw/1307/130700820010.001/swg.fits[1]
scw/1307/130700830010.001/swg.fits[1]
scw/1310/131000530010.001/swg.fits[1]
scw/1310/131000540010.001/swg.fits[1]
scw/1310/131000550010.001/swg.fits[1]
scw/1310/131000560010.001/swg.fits[1]
scw/1310/131000570010.001/swg.fits[1]
scw/1310/131000580010.001/swg.fits[1]
scw/1310/131000590010.001/swg.fits[1]
scw/1310/131000600010.001/swg.fits[1]
scw/1310/131000610010.001/swg.fits[1]
scw/1310/131000620010.001/swg.fits[1]
scw/1310/131000630010.001/swg.fits[1]
scw/1310/131000640010.001/swg.fits[1]
scw/1310/131000650010.001/swg.fits[1]
scw/1310/131000660010.001/swg.fits[1]
scw/1310/131000670010.001/swg.fits[1]
scw/1310/131000680010.001/swg.fits[1]
scw/1310/131000690010.001/swg.fits[1]
scw/1310/131000700010.001/swg.fits[1]
scw/1310/131000710010.001/swg.fits[1]
scw/1310/131000720010.001/swg.fits[1]
scw/1310/131000730010.001/swg.fits[1]
scw/1310/131000740010.001/swg.fits[1]
scw/1310/131000750010.001/swg.fits[1]
scw/1310/131000760010.001/swg.fits[1]
scw/1310/131000770010.001/swg.fits[1]
scw/1310/131000780010.001/swg.fits[1]
scw/1310/131000790010.001/swg.fits[1]
scw/1310/131000800010.001/swg.fits[1]
scw/1310/131000810010.001/swg.fits[1]
scw/1310/131000820010.001/swg.fits[1]
scw/1310/131000830010.001/swg.fits[1]
scw/1310/131000840010.001/swg.fits[1]
scw/1310/131000850010.001/swg.fits[1]
scw/1310/131000860010.001/swg.fits[1]
scw/1310/131000870010.001/swg.fits[1]
scw/1310/131000880010.001/swg.fits[1]
scw/1310/131000890010.001/swg.fits[1]
scw/1310/131000900010.001/swg.fits[1]
scw/1310/131000910010.001/swg.fits[1]
scw/1310/131000920010.001/swg.fits[1]
scw/1310/131000930010.001/swg.fits[1]
scw/1310/131000940010.001/swg.fits[1]
scw/1310/131000950010.001/swg.fits[1]
scw/1310/131000960010.001/swg.fits[1]
scw/1310/131000970010.001/swg.fits[1]
scw/1317/131700500010.001/swg.fits[1]
scw/1317/131700510010.001/swg.fits[1]
scw/1317/131700520010.001/swg.fits[1]
scw/1317/131700530010.001/swg.fits[1]
scw/1317/131700540010.001/swg.fits[1]
scw/1317/131700550010.001/swg.fits[1]
scw/1317/131700560010.001/swg.fits[1]
scw/1317/131700570010.001/swg.fits[1]
scw/1317/131700580010.001/swg.fits[1]
scw/1317/131700590010.001/swg.fits[1]
scw/1317/131700600010.001/swg.fits[1]
scw/1317/131700610010.001/swg.fits[1]
scw/1317/131700620010.001/swg.fits[1]
scw/1317/131700630010.001/swg.fits[1]
scw/1317/131700640010.001/swg.fits[1]
scw/1317/131700650010.001/swg.fits[1]
scw/1317/131700660010.001/swg.fits[1]
scw/1317/131700670010.001/swg.fits[1]
scw/1317/131700680010.001/swg.fits[1]
scw/1317/131700690010.001/swg.fits[1]
scw/1317/131700700010.001/swg.fits[1]
scw/1317/131700710010.001/swg.fits[1]
scw/1317/131700720010.001/swg.fits[1]
scw/1317/131700730010.001/swg.fits[1]
scw/1317/131700740010.001/swg.fits[1]
scw/1317/131700750010.001/swg.fits[1]
scw/1317/131700760010.001/swg.fits[1]
scw/1317/131700770010.001/swg.fits[1]
scw/1317/131700780010.001/swg.fits[1]
scw/1317/131700790010.001/swg.fits[1]
scw/1317/131700800010.001/swg.fits[1]
scw/1317/131700810010.001/swg.fits[1]
scw/1317/131700820010.001/swg.fits[1]
scw/1317/131700830010.001/swg.fits[1]
scw/1317/131700840010.001/swg.fits[1]
scw/1317/131700850010.001/swg.fits[1]
scw/1317/131700860010.001/swg.fits[1]
scw/1317/131700870010.001/swg.fits[1]
scw/1317/131700880010.001/swg.fits[1]
scw/1317/131700890010.001/swg.fits[1]
scw/1317/131700900010.001/swg.fits[1]
scw/1317/131700910010.001/swg.fits[1]
scw/1317/131700920010.001/swg.fits[1]
scw/1317/131700930010.001/swg.fits[1]
scw/1317/131700940010.001/swg.fits[1]
scw/1347/134700460010.001/swg.fits[1]
scw/1347/134700470010.001/swg.fits[1]
scw/1347/134700490010.001/swg.fits[1]
scw/1347/134700500010.001/swg.fits[1]
scw/1347/134700510010.001/swg.fits[1]
scw/1347/134700520010.001/swg.fits[1]
