scw/1298/129800120010.001/swg.fits[1]
scw/1298/129800130010.001/swg.fits[1]
scw/1298/129800140010.001/swg.fits[1]
scw/1298/129800160010.001/swg.fits[1]
scw/1298/129800170010.001/swg.fits[1]
scw/1298/129800180010.001/swg.fits[1]
scw/1298/129800190010.001/swg.fits[1]
scw/1298/129800200010.001/swg.fits[1]
scw/1298/129800210010.001/swg.fits[1]
scw/1298/129800220010.001/swg.fits[1]
scw/1298/129800230010.001/swg.fits[1]
scw/1298/129800240010.001/swg.fits[1]
scw/1298/129800300010.001/swg.fits[1]
scw/1298/129800310010.001/swg.fits[1]
scw/1298/129800320010.001/swg.fits[1]
scw/1298/129800330010.001/swg.fits[1]
scw/1298/129800340010.001/swg.fits[1]
scw/1298/129800350010.001/swg.fits[1]
scw/1298/129800360010.001/swg.fits[1]
scw/1298/129800370010.001/swg.fits[1]
scw/1298/129800380010.001/swg.fits[1]
scw/1298/129800390010.001/swg.fits[1]
scw/1298/129800400010.001/swg.fits[1]
scw/1298/129800410010.001/swg.fits[1]
scw/1298/129800420010.001/swg.fits[1]
scw/1298/129800430010.001/swg.fits[1]
scw/1298/129800440010.001/swg.fits[1]
scw/1298/129800450010.001/swg.fits[1]
scw/1298/129800460010.001/swg.fits[1]
scw/1298/129800470010.001/swg.fits[1]
scw/1298/129800480010.001/swg.fits[1]
scw/1298/129800490010.001/swg.fits[1]
scw/1298/129800500010.001/swg.fits[1]
scw/1298/129800510010.001/swg.fits[1]
scw/1298/129800520010.001/swg.fits[1]
scw/1298/129800530010.001/swg.fits[1]
scw/1298/129800540010.001/swg.fits[1]
scw/1298/129800550010.001/swg.fits[1]
scw/1298/129800560010.001/swg.fits[1]
scw/1298/129800570010.001/swg.fits[1]
scw/1298/129800580010.001/swg.fits[1]
scw/1298/129800590010.001/swg.fits[1]
scw/1298/129800650010.001/swg.fits[1]
scw/1298/129800660010.001/swg.fits[1]
scw/1298/129800670010.001/swg.fits[1]
scw/1298/129800680010.001/swg.fits[1]
scw/1298/129800690010.001/swg.fits[1]
scw/1298/129800700010.001/swg.fits[1]
scw/1298/129800710010.001/swg.fits[1]
scw/1298/129800720010.001/swg.fits[1]
scw/1298/129800730010.001/swg.fits[1]
scw/1298/129800740010.001/swg.fits[1]
scw/1298/129800750010.001/swg.fits[1]
scw/1298/129800760010.001/swg.fits[1]
scw/1298/129800770010.001/swg.fits[1]
scw/1298/129800780010.001/swg.fits[1]
scw/1298/129800790010.001/swg.fits[1]
scw/1298/129800970010.001/swg.fits[1]
scw/1301/130100540010.001/swg.fits[1]
scw/1302/130200540010.001/swg.fits[1]
scw/1302/130200550010.001/swg.fits[1]
scw/1302/130200680010.001/swg.fits[1]
scw/1350/135000210010.001/swg.fits[1]
scw/1350/135000220010.001/swg.fits[1]
scw/1350/135000230010.001/swg.fits[1]
scw/1350/135000240010.001/swg.fits[1]
scw/1350/135000250010.001/swg.fits[1]
scw/1350/135000260010.001/swg.fits[1]
scw/1350/135000270010.001/swg.fits[1]
scw/1350/135000280010.001/swg.fits[1]
scw/1350/135000290010.001/swg.fits[1]
scw/1350/135000300010.001/swg.fits[1]
scw/1350/135000310010.001/swg.fits[1]
scw/1350/135000320010.001/swg.fits[1]
scw/1350/135000330010.001/swg.fits[1]
scw/1350/135000340010.001/swg.fits[1]
scw/1350/135000350010.001/swg.fits[1]
scw/1350/135000410010.001/swg.fits[1]
scw/1350/135000420010.001/swg.fits[1]
scw/1350/135000430010.001/swg.fits[1]
scw/1350/135000440010.001/swg.fits[1]
scw/1350/135000450010.001/swg.fits[1]
scw/1350/135000460010.001/swg.fits[1]
scw/1350/135000470010.001/swg.fits[1]
scw/1350/135000480010.001/swg.fits[1]
scw/1350/135000490010.001/swg.fits[1]
scw/1350/135000500010.001/swg.fits[1]
scw/1350/135000510010.001/swg.fits[1]
scw/1350/135000520010.001/swg.fits[1]
scw/1350/135000530010.001/swg.fits[1]
scw/1350/135000540010.001/swg.fits[1]
scw/1350/135000550010.001/swg.fits[1]
scw/1351/135100510010.001/swg.fits[1]
scw/1351/135100520010.001/swg.fits[1]
scw/1351/135100530010.001/swg.fits[1]
scw/1351/135100540010.001/swg.fits[1]
scw/1351/135100550010.001/swg.fits[1]
scw/1351/135100560010.001/swg.fits[1]
scw/1351/135100570010.001/swg.fits[1]
scw/1351/135100580010.001/swg.fits[1]
scw/1351/135100590010.001/swg.fits[1]
scw/1351/135100600010.001/swg.fits[1]
scw/1351/135100610010.001/swg.fits[1]
scw/1351/135100620010.001/swg.fits[1]
scw/1351/135100630010.001/swg.fits[1]
scw/1351/135100640010.001/swg.fits[1]
scw/1351/135100650010.001/swg.fits[1]
scw/1351/135100710010.001/swg.fits[1]
scw/1351/135100720010.001/swg.fits[1]
scw/1351/135100730010.001/swg.fits[1]
scw/1351/135100740010.001/swg.fits[1]
scw/1351/135100750010.001/swg.fits[1]
scw/1351/135100760010.001/swg.fits[1]
scw/1351/135100770010.001/swg.fits[1]
scw/1351/135100780010.001/swg.fits[1]
scw/1351/135100790010.001/swg.fits[1]
scw/1351/135100800010.001/swg.fits[1]
scw/1351/135100810010.001/swg.fits[1]
scw/1351/135100820010.001/swg.fits[1]
scw/1351/135100830010.001/swg.fits[1]
scw/1351/135100840010.001/swg.fits[1]
scw/1351/135100850010.001/swg.fits[1]
scw/1352/135200160010.001/swg.fits[1]
scw/1352/135200170010.001/swg.fits[1]
scw/1352/135200180010.001/swg.fits[1]
scw/1352/135200190010.001/swg.fits[1]
scw/1352/135200200010.001/swg.fits[1]
scw/1352/135200210010.001/swg.fits[1]
scw/1352/135200220010.001/swg.fits[1]
scw/1352/135200230010.001/swg.fits[1]
scw/1352/135200240010.001/swg.fits[1]
scw/1352/135200250010.001/swg.fits[1]
scw/1352/135200260010.001/swg.fits[1]
scw/1352/135200270010.001/swg.fits[1]
scw/1352/135200280010.001/swg.fits[1]
scw/1352/135200290010.001/swg.fits[1]
scw/1352/135200300010.001/swg.fits[1]
scw/1352/135200360010.001/swg.fits[1]
scw/1352/135200370010.001/swg.fits[1]
scw/1352/135200380010.001/swg.fits[1]
scw/1352/135200390010.001/swg.fits[1]
scw/1352/135200400010.001/swg.fits[1]
scw/1352/135200410010.001/swg.fits[1]
scw/1352/135200420010.001/swg.fits[1]
scw/1352/135200430010.001/swg.fits[1]
scw/1352/135200440010.001/swg.fits[1]
scw/1352/135200450010.001/swg.fits[1]
scw/1352/135200460010.001/swg.fits[1]
scw/1352/135200470010.001/swg.fits[1]
scw/1352/135200480010.001/swg.fits[1]
scw/1352/135200490010.001/swg.fits[1]
scw/1352/135200500010.001/swg.fits[1]
scw/1353/135300020010.001/swg.fits[1]
scw/1353/135300030010.001/swg.fits[1]
scw/1353/135300040010.001/swg.fits[1]
scw/1353/135300050010.001/swg.fits[1]
scw/1353/135300060010.001/swg.fits[1]
scw/1353/135300070010.001/swg.fits[1]
scw/1353/135300080010.001/swg.fits[1]
scw/1353/135300090010.001/swg.fits[1]
scw/1353/135300100010.001/swg.fits[1]
scw/1353/135300110010.001/swg.fits[1]
scw/1353/135300120010.001/swg.fits[1]
scw/1353/135300130010.001/swg.fits[1]
scw/1353/135300140010.001/swg.fits[1]
scw/1353/135300150010.001/swg.fits[1]
scw/1353/135300160010.001/swg.fits[1]
scw/1353/135300220010.001/swg.fits[1]
scw/1353/135300230010.001/swg.fits[1]
scw/1353/135300240010.001/swg.fits[1]
scw/1353/135300250010.001/swg.fits[1]
scw/1353/135300260010.001/swg.fits[1]
scw/1353/135300270010.001/swg.fits[1]
scw/1353/135300280010.001/swg.fits[1]
scw/1353/135300290010.001/swg.fits[1]
scw/1353/135300320010.001/swg.fits[1]
scw/1353/135300330010.001/swg.fits[1]
scw/1353/135300340010.001/swg.fits[1]
scw/1353/135300350010.001/swg.fits[1]
scw/1353/135300360010.001/swg.fits[1]
scw/1353/135300370010.001/swg.fits[1]
scw/1353/135300380010.001/swg.fits[1]
scw/1353/135300390010.001/swg.fits[1]
scw/1353/135300400010.001/swg.fits[1]
scw/1353/135300410010.001/swg.fits[1]
scw/1353/135300420010.001/swg.fits[1]
scw/1353/135300430010.001/swg.fits[1]
scw/1353/135300440010.001/swg.fits[1]
scw/1353/135300450010.001/swg.fits[1]
scw/1353/135300460010.001/swg.fits[1]
scw/1353/135300470010.001/swg.fits[1]
scw/1353/135300480010.001/swg.fits[1]
scw/1353/135300490010.001/swg.fits[1]
scw/1353/135300500010.001/swg.fits[1]
scw/1353/135300510010.001/swg.fits[1]
scw/1353/135300570010.001/swg.fits[1]
scw/1353/135300580010.001/swg.fits[1]
scw/1353/135300590010.001/swg.fits[1]
scw/1353/135300600010.001/swg.fits[1]
scw/1353/135300610010.001/swg.fits[1]
scw/1353/135300620010.001/swg.fits[1]
scw/1353/135300630010.001/swg.fits[1]
scw/1353/135300640010.001/swg.fits[1]
scw/1353/135300650010.001/swg.fits[1]
scw/1353/135300660010.001/swg.fits[1]
scw/1353/135300670010.001/swg.fits[1]
scw/1353/135300680010.001/swg.fits[1]
scw/1353/135300690010.001/swg.fits[1]
scw/1353/135300700010.001/swg.fits[1]
scw/1353/135300710010.001/swg.fits[1]
scw/1354/135400550010.001/swg.fits[1]
scw/1354/135400570010.001/swg.fits[1]
scw/1354/135400580010.001/swg.fits[1]
scw/1354/135400590010.001/swg.fits[1]
scw/1354/135400600010.001/swg.fits[1]
scw/1354/135400610010.001/swg.fits[1]
scw/1354/135400620010.001/swg.fits[1]
scw/1354/135400630010.001/swg.fits[1]
scw/1354/135400640010.001/swg.fits[1]
scw/1354/135400650010.001/swg.fits[1]
scw/1354/135400660010.001/swg.fits[1]
scw/1354/135400670010.001/swg.fits[1]
scw/1354/135400680010.001/swg.fits[1]
scw/1354/135400690010.001/swg.fits[1]
scw/1354/135400700010.001/swg.fits[1]
scw/1354/135400710010.001/swg.fits[1]
scw/1354/135400770010.001/swg.fits[1]
scw/1354/135400780010.001/swg.fits[1]
scw/1354/135400790010.001/swg.fits[1]
scw/1354/135400800010.001/swg.fits[1]
scw/1354/135400810010.001/swg.fits[1]
scw/1354/135400820010.001/swg.fits[1]
scw/1354/135400830010.001/swg.fits[1]
scw/1354/135400840010.001/swg.fits[1]
scw/1354/135400850010.001/swg.fits[1]
scw/1354/135400860010.001/swg.fits[1]
scw/1354/135400870010.001/swg.fits[1]
scw/1354/135400880010.001/swg.fits[1]
scw/1354/135400890010.001/swg.fits[1]
scw/1354/135400900010.001/swg.fits[1]
scw/1354/135400910010.001/swg.fits[1]
scw/1355/135500040010.001/swg.fits[1]
scw/1355/135500050010.001/swg.fits[1]
scw/1355/135500060010.001/swg.fits[1]
scw/1355/135500070010.001/swg.fits[1]
scw/1355/135500080010.001/swg.fits[1]
