scw/2295/229500200010.001/swg.fits[1]
scw/2295/229500210010.001/swg.fits[1]
scw/2295/229500220010.001/swg.fits[1]
scw/2295/229500230010.001/swg.fits[1]
scw/2295/229500240010.001/swg.fits[1]
scw/2295/229500250010.001/swg.fits[1]
scw/2295/229500260010.001/swg.fits[1]
scw/2295/229500270010.001/swg.fits[1]
scw/2295/229500280010.001/swg.fits[1]
scw/2296/229600040010.001/swg.fits[1]
scw/2296/229600060010.001/swg.fits[1]
scw/2296/229600070010.001/swg.fits[1]
scw/2296/229600080010.001/swg.fits[1]
scw/2296/229600090010.001/swg.fits[1]
scw/2296/229600100010.001/swg.fits[1]
scw/2296/229600110010.001/swg.fits[1]
scw/2296/229600120010.001/swg.fits[1]
scw/2296/229600130010.001/swg.fits[1]
scw/2296/229600150010.001/swg.fits[1]
scw/2296/229600160010.001/swg.fits[1]
scw/2296/229600170010.001/swg.fits[1]
scw/2296/229600180010.001/swg.fits[1]
scw/2296/229600190010.001/swg.fits[1]
scw/2296/229600200010.001/swg.fits[1]
scw/2296/229600210010.001/swg.fits[1]
scw/2296/229600220010.001/swg.fits[1]
scw/2296/229600230010.001/swg.fits[1]
scw/2296/229600240010.001/swg.fits[1]
scw/2296/229600250010.001/swg.fits[1]
scw/2296/229600260010.001/swg.fits[1]
scw/2296/229600270010.001/swg.fits[1]
scw/2296/229600280010.001/swg.fits[1]
scw/2296/229600290010.001/swg.fits[1]
scw/2296/229600300010.001/swg.fits[1]
scw/2296/229600310010.001/swg.fits[1]
scw/2296/229600320010.001/swg.fits[1]
scw/2296/229600330010.001/swg.fits[1]
scw/2296/229600340010.001/swg.fits[1]
scw/2296/229600350010.001/swg.fits[1]
scw/2296/229600360010.001/swg.fits[1]
scw/2296/229600370010.001/swg.fits[1]
scw/2297/229700040010.001/swg.fits[1]
scw/2297/229700050010.001/swg.fits[1]
scw/2297/229700060010.001/swg.fits[1]
scw/2297/229700070010.001/swg.fits[1]
scw/2297/229700080010.001/swg.fits[1]
scw/2297/229700090010.001/swg.fits[1]
scw/2297/229700100010.001/swg.fits[1]
scw/2297/229700110010.001/swg.fits[1]
scw/2297/229700120010.001/swg.fits[1]
scw/2297/229700130010.001/swg.fits[1]
scw/2297/229700140010.001/swg.fits[1]
scw/2297/229700150010.001/swg.fits[1]
scw/2297/229700160010.001/swg.fits[1]
scw/2297/229700170010.001/swg.fits[1]
scw/2297/229700180010.001/swg.fits[1]
scw/2297/229700200010.001/swg.fits[1]
scw/2297/229700210010.001/swg.fits[1]
scw/2297/229700220010.001/swg.fits[1]
scw/2297/229700230010.001/swg.fits[1]
scw/2297/229700240010.001/swg.fits[1]
scw/2297/229700250010.001/swg.fits[1]
scw/2297/229700260010.001/swg.fits[1]
scw/2297/229700270010.001/swg.fits[1]
scw/2298/229800750010.001/swg.fits[1]
scw/2298/229800760010.001/swg.fits[1]
scw/2298/229800770010.001/swg.fits[1]
scw/2298/229800780010.001/swg.fits[1]
scw/2298/229800790010.001/swg.fits[1]
scw/2298/229800800010.001/swg.fits[1]
scw/2298/229800810010.001/swg.fits[1]
scw/2303/230300040010.001/swg.fits[1]
scw/2303/230300050010.001/swg.fits[1]
scw/2303/230300060010.001/swg.fits[1]
scw/2303/230300070010.001/swg.fits[1]
scw/2303/230300080010.001/swg.fits[1]
scw/2303/230300090010.001/swg.fits[1]
scw/2303/230300100010.001/swg.fits[1]
scw/2303/230300110010.001/swg.fits[1]
scw/2303/230300120010.001/swg.fits[1]
scw/2303/230300130010.001/swg.fits[1]
scw/2303/230300140010.001/swg.fits[1]
scw/2303/230300150010.001/swg.fits[1]
scw/2303/230300160010.001/swg.fits[1]
scw/2303/230300170010.001/swg.fits[1]
scw/2303/230300180010.001/swg.fits[1]
scw/2303/230300190010.001/swg.fits[1]
scw/2303/230300200010.001/swg.fits[1]
scw/2303/230300210010.001/swg.fits[1]
scw/2303/230300220010.001/swg.fits[1]
scw/2303/230300230010.001/swg.fits[1]
scw/2303/230300240010.001/swg.fits[1]
scw/2303/230300250010.001/swg.fits[1]
scw/2303/230300260010.001/swg.fits[1]
scw/2303/230300270010.001/swg.fits[1]
scw/2303/230300280010.001/swg.fits[1]
scw/2303/230300290010.001/swg.fits[1]
scw/2303/230300300010.001/swg.fits[1]
scw/2303/230300310010.001/swg.fits[1]
scw/2303/230300320010.001/swg.fits[1]
scw/2303/230300330010.001/swg.fits[1]
scw/2303/230300340010.001/swg.fits[1]
scw/2304/230400040010.001/swg.fits[1]
scw/2304/230400070010.001/swg.fits[1]
scw/2304/230400080010.001/swg.fits[1]
scw/2304/230400090010.001/swg.fits[1]
scw/2304/230400100010.001/swg.fits[1]
scw/2304/230400110010.001/swg.fits[1]
scw/2304/230400120010.001/swg.fits[1]
scw/2304/230400130010.001/swg.fits[1]
scw/2304/230400140010.001/swg.fits[1]
scw/2304/230400150010.001/swg.fits[1]
scw/2304/230400160010.001/swg.fits[1]
scw/2304/230400170010.001/swg.fits[1]
scw/2304/230400180010.001/swg.fits[1]
scw/2304/230400190010.001/swg.fits[1]
scw/2304/230400200010.001/swg.fits[1]
scw/2304/230400210010.001/swg.fits[1]
scw/2304/230400220010.001/swg.fits[1]
scw/2304/230400230010.001/swg.fits[1]
scw/2304/230400240010.001/swg.fits[1]
scw/2304/230400250010.001/swg.fits[1]
scw/2304/230400260010.001/swg.fits[1]
scw/2304/230400270010.001/swg.fits[1]
scw/2304/230400280010.001/swg.fits[1]
scw/2304/230400290010.001/swg.fits[1]
scw/2304/230400300010.001/swg.fits[1]
scw/2304/230400310010.001/swg.fits[1]
scw/2304/230400320010.001/swg.fits[1]
scw/2304/230400330010.001/swg.fits[1]
scw/2304/230400340010.001/swg.fits[1]
scw/2305/230500040010.001/swg.fits[1]
scw/2305/230500050010.001/swg.fits[1]
scw/2305/230500060010.001/swg.fits[1]
scw/2305/230500070010.001/swg.fits[1]
scw/2305/230500080010.001/swg.fits[1]
scw/2305/230500090010.001/swg.fits[1]
scw/2305/230500100010.001/swg.fits[1]
scw/2305/230500110010.001/swg.fits[1]
scw/2305/230500120010.001/swg.fits[1]
scw/2305/230500130010.001/swg.fits[1]
scw/2305/230500140010.001/swg.fits[1]
scw/2305/230500150010.001/swg.fits[1]
scw/2305/230500160010.001/swg.fits[1]
scw/2305/230500170010.001/swg.fits[1]
scw/2305/230500180010.001/swg.fits[1]
scw/2305/230500190010.001/swg.fits[1]
scw/2305/230500200010.001/swg.fits[1]
scw/2305/230500210010.001/swg.fits[1]
scw/2305/230500230010.001/swg.fits[1]
scw/2305/230500240010.001/swg.fits[1]
scw/2305/230500250010.001/swg.fits[1]
scw/2305/230500260010.001/swg.fits[1]
scw/2305/230500270010.001/swg.fits[1]
scw/2305/230500280010.001/swg.fits[1]
scw/2305/230500290010.001/swg.fits[1]
scw/2305/230500300010.001/swg.fits[1]
scw/2305/230500310010.001/swg.fits[1]
scw/2305/230500320010.001/swg.fits[1]
scw/2305/230500330010.001/swg.fits[1]
scw/2305/230500340010.001/swg.fits[1]
scw/2305/230500350010.001/swg.fits[1]
scw/2305/230500360010.001/swg.fits[1]
scw/2305/230500370010.001/swg.fits[1]
scw/2305/230500380010.001/swg.fits[1]
scw/2305/230500390010.001/swg.fits[1]
scw/2305/230500400010.001/swg.fits[1]
scw/2305/230500410010.001/swg.fits[1]
scw/2305/230500420010.001/swg.fits[1]
scw/2305/230500430010.001/swg.fits[1]
scw/2306/230600040010.001/swg.fits[1]
scw/2306/230600050010.001/swg.fits[1]
scw/2306/230600060010.001/swg.fits[1]
scw/2306/230600070010.001/swg.fits[1]
scw/2306/230600080010.001/swg.fits[1]
scw/2306/230600090010.001/swg.fits[1]
scw/2306/230600100010.001/swg.fits[1]
scw/2306/230600110010.001/swg.fits[1]
scw/2306/230600130010.001/swg.fits[1]
scw/2306/230600140010.001/swg.fits[1]
scw/2306/230600150010.001/swg.fits[1]
scw/2306/230600160010.001/swg.fits[1]
scw/2306/230600170010.001/swg.fits[1]
scw/2306/230600220010.001/swg.fits[1]
scw/2306/230600230010.001/swg.fits[1]
scw/2306/230600240010.001/swg.fits[1]
scw/2306/230600250010.001/swg.fits[1]
scw/2306/230600260010.001/swg.fits[1]
scw/2306/230600270010.001/swg.fits[1]
scw/2306/230600280010.001/swg.fits[1]
scw/2306/230600290010.001/swg.fits[1]
scw/2306/230600300010.001/swg.fits[1]
scw/2306/230600310010.001/swg.fits[1]
scw/2306/230600320010.001/swg.fits[1]
scw/2306/230600330010.001/swg.fits[1]
scw/2306/230600340010.001/swg.fits[1]
scw/2306/230600350010.001/swg.fits[1]
scw/2307/230700040010.001/swg.fits[1]
scw/2307/230700050010.001/swg.fits[1]
scw/2307/230700060010.001/swg.fits[1]
scw/2307/230700070010.001/swg.fits[1]
scw/2307/230700080010.001/swg.fits[1]
scw/2307/230700090010.001/swg.fits[1]
scw/2307/230700100010.001/swg.fits[1]
scw/2307/230700110010.001/swg.fits[1]
scw/2307/230700120010.001/swg.fits[1]
scw/2307/230700130010.001/swg.fits[1]
scw/2307/230700140010.001/swg.fits[1]
scw/2307/230700150010.001/swg.fits[1]
scw/2307/230700160010.001/swg.fits[1]
scw/2307/230700170010.001/swg.fits[1]
scw/2307/230700180010.001/swg.fits[1]
scw/2307/230700190010.001/swg.fits[1]
scw/2307/230700200010.001/swg.fits[1]
scw/2307/230700210010.001/swg.fits[1]
scw/2307/230700220010.001/swg.fits[1]
scw/2307/230700230010.001/swg.fits[1]
scw/2307/230700240010.001/swg.fits[1]
scw/2307/230700250010.001/swg.fits[1]
scw/2307/230700260010.001/swg.fits[1]
scw/2307/230700270010.001/swg.fits[1]
scw/2307/230700280010.001/swg.fits[1]
scw/2307/230700290010.001/swg.fits[1]
scw/2307/230700300010.001/swg.fits[1]
scw/2307/230700310010.001/swg.fits[1]
scw/2307/230700320010.001/swg.fits[1]
scw/2307/230700340010.001/swg.fits[1]
scw/2334/233400400010.001/swg.fits[1]
scw/2334/233400410010.001/swg.fits[1]
scw/2334/233400420010.001/swg.fits[1]
scw/2334/233400430010.001/swg.fits[1]
scw/2334/233400440010.001/swg.fits[1]
scw/2334/233400450010.001/swg.fits[1]
scw/2334/233400490010.001/swg.fits[1]
scw/2334/233400500010.001/swg.fits[1]
scw/2334/233400510010.001/swg.fits[1]
scw/2334/233400520010.001/swg.fits[1]
scw/2334/233400530010.001/swg.fits[1]
scw/2334/233400540010.001/swg.fits[1]
scw/2334/233400550010.001/swg.fits[1]
scw/2334/233400560010.001/swg.fits[1]
scw/2334/233400570010.001/swg.fits[1]
scw/2334/233400580010.001/swg.fits[1]
scw/2334/233400590010.001/swg.fits[1]
scw/2334/233400600010.001/swg.fits[1]
scw/2334/233400610010.001/swg.fits[1]
scw/2334/233400620010.001/swg.fits[1]
scw/2334/233400630010.001/swg.fits[1]
