scw/0030/003000120010.001/swg.fits[1]
scw/0030/003000130010.001/swg.fits[1]
scw/0046/004600870010.001/swg.fits[1]
scw/0046/004600880010.001/swg.fits[1]
scw/0046/004600890010.001/swg.fits[1]
scw/0048/004800520010.001/swg.fits[1]
scw/0048/004800530010.001/swg.fits[1]
scw/0048/004800540010.001/swg.fits[1]
scw/0048/004800550010.001/swg.fits[1]
scw/0048/004800560010.001/swg.fits[1]
scw/0048/004800570010.001/swg.fits[1]
scw/0048/004800580010.001/swg.fits[1]
scw/0048/004800590010.001/swg.fits[1]
scw/0048/004800600010.001/swg.fits[1]
scw/0048/004800610010.001/swg.fits[1]
scw/0048/004800620010.001/swg.fits[1]
scw/0048/004800630010.001/swg.fits[1]
scw/0048/004800640010.001/swg.fits[1]
scw/0048/004800650010.001/swg.fits[1]
scw/0048/004800660010.001/swg.fits[1]
scw/0048/004800670010.001/swg.fits[1]
scw/0048/004800680010.001/swg.fits[1]
scw/0048/004800690010.001/swg.fits[1]
scw/0048/004800700010.001/swg.fits[1]
scw/0048/004800740010.001/swg.fits[1]
scw/0048/004800750010.001/swg.fits[1]
scw/0048/004800760010.001/swg.fits[1]
scw/0048/004800770010.001/swg.fits[1]
scw/0048/004800780010.001/swg.fits[1]
scw/0048/004800790010.001/swg.fits[1]
scw/0048/004800820010.001/swg.fits[1]
scw/0048/004800830010.001/swg.fits[1]
scw/0048/004800840010.001/swg.fits[1]
scw/0048/004800850010.001/swg.fits[1]
scw/0048/004800860010.001/swg.fits[1]
scw/0048/004800870010.001/swg.fits[1]
scw/0048/004800880010.001/swg.fits[1]
scw/0048/004800890010.001/swg.fits[1]
scw/0048/004800900010.001/swg.fits[1]
scw/0048/004800910010.001/swg.fits[1]
scw/0048/004800920010.001/swg.fits[1]
scw/0048/004800930010.001/swg.fits[1]
scw/0048/004800940010.001/swg.fits[1]
scw/0048/004800950010.001/swg.fits[1]
scw/0048/004800960010.001/swg.fits[1]
scw/0049/004900010010.001/swg.fits[1]
scw/0049/004900020010.001/swg.fits[1]
scw/0049/004900030010.001/swg.fits[1]
scw/0049/004900040010.001/swg.fits[1]
scw/0049/004900050010.001/swg.fits[1]
scw/0049/004900060010.001/swg.fits[1]
scw/0049/004900080010.001/swg.fits[1]
scw/0049/004900090010.001/swg.fits[1]
scw/0049/004900100010.001/swg.fits[1]
scw/0049/004900110010.001/swg.fits[1]
scw/0049/004900120010.001/swg.fits[1]
scw/0049/004900130010.001/swg.fits[1]
scw/0049/004900140010.001/swg.fits[1]
scw/0049/004900150010.001/swg.fits[1]
scw/0049/004900160010.001/swg.fits[1]
scw/0049/004900170010.001/swg.fits[1]
scw/0049/004900180010.001/swg.fits[1]
scw/0049/004900190010.001/swg.fits[1]
scw/0049/004900200010.001/swg.fits[1]
scw/0049/004900210010.001/swg.fits[1]
scw/0049/004900220010.001/swg.fits[1]
scw/0049/004900230010.001/swg.fits[1]
scw/0049/004900240010.001/swg.fits[1]
scw/0066/006600180010.001/swg.fits[1]
scw/0076/007600230010.001/swg.fits[1]
scw/0076/007600240010.001/swg.fits[1]
scw/0076/007600250010.001/swg.fits[1]
scw/0076/007600260010.001/swg.fits[1]
scw/0076/007600270010.001/swg.fits[1]
scw/0076/007600290010.001/swg.fits[1]
scw/0076/007600300010.001/swg.fits[1]
scw/0076/007600310010.001/swg.fits[1]
scw/0076/007600540010.001/swg.fits[1]
scw/0076/007600550010.001/swg.fits[1]
scw/0077/007700010010.001/swg.fits[1]
scw/0077/007700020010.001/swg.fits[1]
scw/0077/007700030010.001/swg.fits[1]
scw/0077/007700040010.001/swg.fits[1]
scw/0077/007700050010.001/swg.fits[1]
scw/0077/007700060010.001/swg.fits[1]
scw/0077/007700070010.001/swg.fits[1]
scw/0077/007700080010.001/swg.fits[1]
scw/0077/007700090010.001/swg.fits[1]
scw/0077/007700100010.001/swg.fits[1]
scw/0077/007700110010.001/swg.fits[1]
scw/0077/007700120010.001/swg.fits[1]
scw/0077/007700130010.001/swg.fits[1]
scw/0077/007700140010.001/swg.fits[1]
scw/0078/007800480010.001/swg.fits[1]
scw/0078/007800490010.001/swg.fits[1]
scw/0078/007800500010.001/swg.fits[1]
scw/0078/007800630010.001/swg.fits[1]
scw/0086/008600050010.001/swg.fits[1]
scw/0086/008600060010.001/swg.fits[1]
scw/0090/009000240010.001/swg.fits[1]
scw/0090/009000540010.001/swg.fits[1]
scw/0090/009000620010.001/swg.fits[1]
scw/0091/009100020010.001/swg.fits[1]
scw/0091/009100030010.001/swg.fits[1]
scw/0091/009100130010.001/swg.fits[1]
scw/0091/009100430010.001/swg.fits[1]
scw/0091/009100510010.001/swg.fits[1]
scw/0091/009100520010.001/swg.fits[1]
scw/0091/009100530010.001/swg.fits[1]
scw/0091/009100610010.001/swg.fits[1]
scw/0092/009200430010.001/swg.fits[1]
scw/0092/009200510010.001/swg.fits[1]
scw/0092/009200520010.001/swg.fits[1]
scw/0092/009200530010.001/swg.fits[1]
scw/0092/009200610010.001/swg.fits[1]
scw/0146/014600060010.001/swg.fits[1]
scw/0146/014600070010.001/swg.fits[1]
scw/0149/014900100010.001/swg.fits[1]
scw/0149/014900110010.001/swg.fits[1]
scw/0149/014900130010.001/swg.fits[1]
scw/0149/014900140010.001/swg.fits[1]
scw/0149/014900150010.001/swg.fits[1]
scw/0149/014900160010.001/swg.fits[1]
scw/0149/014900170010.001/swg.fits[1]
scw/0149/014900180010.001/swg.fits[1]
scw/0149/014900190010.001/swg.fits[1]
scw/0149/014900200010.001/swg.fits[1]
scw/0149/014900210010.001/swg.fits[1]
scw/0149/014900220010.001/swg.fits[1]
scw/0149/014900230010.001/swg.fits[1]
scw/0149/014900240010.001/swg.fits[1]
scw/0149/014900250010.001/swg.fits[1]
scw/0149/014900260010.001/swg.fits[1]
scw/0149/014900270010.001/swg.fits[1]
scw/0149/014900280010.001/swg.fits[1]
scw/0149/014900290010.001/swg.fits[1]
scw/0149/014900300010.001/swg.fits[1]
scw/0149/014900310010.001/swg.fits[1]
scw/0149/014900320010.001/swg.fits[1]
scw/0149/014900340010.001/swg.fits[1]
scw/0149/014900350010.001/swg.fits[1]
scw/0149/014900360010.001/swg.fits[1]
scw/0149/014900370010.001/swg.fits[1]
scw/0149/014900380010.001/swg.fits[1]
scw/0149/014900390010.001/swg.fits[1]
scw/0149/014900400010.001/swg.fits[1]
scw/0149/014900490010.001/swg.fits[1]
scw/0149/014900500010.001/swg.fits[1]
scw/0149/014900510010.001/swg.fits[1]
scw/0149/014900520010.001/swg.fits[1]
scw/0149/014900530010.001/swg.fits[1]
scw/0149/014900540010.001/swg.fits[1]
scw/0149/014900550010.001/swg.fits[1]
scw/0149/014900560010.001/swg.fits[1]
scw/0149/014900570010.001/swg.fits[1]
scw/0149/014900580010.001/swg.fits[1]
scw/0149/014900590010.001/swg.fits[1]
scw/0149/014900600010.001/swg.fits[1]
scw/0149/014900610010.001/swg.fits[1]
scw/0149/014900630010.001/swg.fits[1]
scw/0149/014900640010.001/swg.fits[1]
scw/0149/014900650010.001/swg.fits[1]
scw/0149/014900660010.001/swg.fits[1]
scw/0149/014900670010.001/swg.fits[1]
scw/0149/014900680010.001/swg.fits[1]
scw/0149/014900690010.001/swg.fits[1]
scw/0150/015000010010.001/swg.fits[1]
scw/0150/015000020010.001/swg.fits[1]
scw/0150/015000030010.001/swg.fits[1]
scw/0150/015000040010.001/swg.fits[1]
scw/0150/015000050010.001/swg.fits[1]
scw/0150/015000060010.001/swg.fits[1]
scw/0150/015000070010.001/swg.fits[1]
scw/0150/015000080010.001/swg.fits[1]
scw/0150/015000090010.001/swg.fits[1]
scw/0150/015000100010.001/swg.fits[1]
scw/0150/015000110010.001/swg.fits[1]
scw/0150/015000120010.001/swg.fits[1]
scw/0150/015000130010.001/swg.fits[1]
scw/0150/015000140010.001/swg.fits[1]
scw/0150/015000150010.001/swg.fits[1]
scw/0150/015000160010.001/swg.fits[1]
scw/0150/015000170010.001/swg.fits[1]
scw/0150/015000180010.001/swg.fits[1]
scw/0150/015000190010.001/swg.fits[1]
scw/0150/015000200010.001/swg.fits[1]
scw/0150/015000210010.001/swg.fits[1]
scw/0150/015000220010.001/swg.fits[1]
scw/0150/015000230010.001/swg.fits[1]
scw/0150/015000240010.001/swg.fits[1]
scw/0150/015000250010.001/swg.fits[1]
scw/0150/015000260010.001/swg.fits[1]
scw/0150/015000270010.001/swg.fits[1]
scw/0150/015000280010.001/swg.fits[1]
scw/0150/015000290010.001/swg.fits[1]
scw/0150/015000300010.001/swg.fits[1]
scw/0150/015000310010.001/swg.fits[1]
scw/0150/015000320010.001/swg.fits[1]
scw/0150/015000330010.001/swg.fits[1]
scw/0150/015000340010.001/swg.fits[1]
scw/0150/015000350010.001/swg.fits[1]
scw/0150/015000360010.001/swg.fits[1]
scw/0150/015000370010.001/swg.fits[1]
scw/0150/015000380010.001/swg.fits[1]
scw/0150/015000390010.001/swg.fits[1]
scw/0150/015000400010.001/swg.fits[1]
scw/0150/015000410010.001/swg.fits[1]
scw/0157/015700120010.001/swg.fits[1]
scw/0157/015700130010.001/swg.fits[1]
scw/0157/015700140010.001/swg.fits[1]
scw/0163/016300040010.001/swg.fits[1]
scw/0163/016300050010.001/swg.fits[1]
scw/0163/016300060010.001/swg.fits[1]
scw/0163/016300070010.001/swg.fits[1]
scw/0163/016300080010.001/swg.fits[1]
scw/0163/016300090010.001/swg.fits[1]
scw/0163/016300100010.001/swg.fits[1]
scw/0163/016300110010.001/swg.fits[1]
scw/0163/016300120010.001/swg.fits[1]
scw/0163/016300130010.001/swg.fits[1]
scw/0163/016300140010.001/swg.fits[1]
scw/0163/016300150010.001/swg.fits[1]
scw/0163/016300160010.001/swg.fits[1]
scw/0163/016300170010.001/swg.fits[1]
scw/0163/016300180010.001/swg.fits[1]
scw/0163/016300190010.001/swg.fits[1]
scw/0163/016300200010.001/swg.fits[1]
scw/0163/016300210010.001/swg.fits[1]
scw/0163/016300220010.001/swg.fits[1]
scw/0163/016300250010.001/swg.fits[1]
scw/0163/016300260010.001/swg.fits[1]
scw/0163/016300270010.001/swg.fits[1]
scw/0163/016300280010.001/swg.fits[1]
scw/0163/016300290010.001/swg.fits[1]
scw/0163/016300300010.001/swg.fits[1]
scw/0163/016300310010.001/swg.fits[1]
scw/0163/016300340010.001/swg.fits[1]
scw/0163/016300350010.001/swg.fits[1]
scw/0163/016300360010.001/swg.fits[1]
scw/0163/016300370010.001/swg.fits[1]
scw/0163/016300380010.001/swg.fits[1]
scw/0163/016300390010.001/swg.fits[1]
scw/0163/016300400010.001/swg.fits[1]
scw/0163/016300410010.001/swg.fits[1]
scw/0163/016300420010.001/swg.fits[1]
