scw/0504/050400120010.001/swg.fits[1]
scw/0504/050400120020.001/swg.fits[1]
scw/0504/050400120030.001/swg.fits[1]
scw/0504/050400130010.001/swg.fits[1]
scw/0630/063000170010.001/swg.fits[1]
scw/0630/063000170020.001/swg.fits[1]
scw/0630/063000170030.001/swg.fits[1]
scw/0630/063000180010.001/swg.fits[1]
scw/0990/099000800010.001/swg.fits[1]
scw/0990/099000800020.001/swg.fits[1]
scw/0990/099000800030.001/swg.fits[1]
scw/1120/112000290010.001/swg.fits[1]
scw/1120/112000290020.001/swg.fits[1]
scw/1120/112000290030.001/swg.fits[1]
scw/1120/112000300010.001/swg.fits[1]
scw/1184/118400160010.001/swg.fits[1]
scw/1245/124500220010.001/swg.fits[1]
scw/1299/129900250010.001/swg.fits[1]
scw/1304/130400270010.001/swg.fits[1]
scw/1542/154200390010.001/swg.fits[1]
scw/1542/154200390020.001/swg.fits[1]
scw/1542/154200390030.001/swg.fits[1]
scw/1542/154200400010.001/swg.fits[1]
scw/1556/155600290010.001/swg.fits[1]
scw/1556/155600290020.001/swg.fits[1]
scw/1556/155600290030.001/swg.fits[1]
scw/1556/155600300010.001/swg.fits[1]
scw/2035/203500380010.001/swg.fits[1]
scw/2035/203500480010.001/swg.fits[1]
