scw/2281/228100450010.001/swg.fits[1]
scw/2283/228300020010.001/swg.fits[1]
scw/2283/228300030010.001/swg.fits[1]
scw/2283/228300040010.001/swg.fits[1]
scw/2283/228300050010.001/swg.fits[1]
scw/2283/228300060010.001/swg.fits[1]
scw/2283/228300070010.001/swg.fits[1]
scw/2283/228300080010.001/swg.fits[1]
scw/2283/228300110010.001/swg.fits[1]
scw/2283/228300120010.001/swg.fits[1]
scw/2283/228300130010.001/swg.fits[1]
scw/2283/228300280010.001/swg.fits[1]
scw/2283/228300290010.001/swg.fits[1]
scw/2283/228300350010.001/swg.fits[1]
scw/2283/228300360010.001/swg.fits[1]
scw/2283/228300370010.001/swg.fits[1]
scw/2283/228300380010.001/swg.fits[1]
scw/2283/228300390010.001/swg.fits[1]
scw/2283/228300400010.001/swg.fits[1]
scw/2283/228300410010.001/swg.fits[1]
scw/2283/228300690010.001/swg.fits[1]
scw/2283/228300700010.001/swg.fits[1]
scw/2283/228300710010.001/swg.fits[1]
scw/2283/228300720010.001/swg.fits[1]
scw/2283/228300730010.001/swg.fits[1]
scw/2289/228900020010.001/swg.fits[1]
scw/2289/228900030010.001/swg.fits[1]
scw/2289/228900040010.001/swg.fits[1]
scw/2289/228900080010.001/swg.fits[1]
scw/2289/228900090010.001/swg.fits[1]
scw/2289/228900100010.001/swg.fits[1]
scw/2289/228900110010.001/swg.fits[1]
scw/2289/228900120010.001/swg.fits[1]
scw/2289/228900130010.001/swg.fits[1]
scw/2289/228900140010.001/swg.fits[1]
scw/2289/228900150010.001/swg.fits[1]
scw/2289/228900170010.001/swg.fits[1]
scw/2289/228900180010.001/swg.fits[1]
scw/2289/228900190010.001/swg.fits[1]
scw/2289/228900200010.001/swg.fits[1]
scw/2289/228900210010.001/swg.fits[1]
scw/2289/228900220010.001/swg.fits[1]
scw/2289/228900230010.001/swg.fits[1]
scw/2289/228900240010.001/swg.fits[1]
scw/2289/228900250010.001/swg.fits[1]
scw/2289/228900260010.001/swg.fits[1]
scw/2289/228900280010.001/swg.fits[1]
scw/2289/228900290010.001/swg.fits[1]
scw/2289/228900300010.001/swg.fits[1]
scw/2289/228900340010.001/swg.fits[1]
scw/2289/228900350010.001/swg.fits[1]
scw/2289/228900360010.001/swg.fits[1]
scw/2289/228900370010.001/swg.fits[1]
scw/2289/228900380010.001/swg.fits[1]
scw/2289/228900390010.001/swg.fits[1]
scw/2289/228900400010.001/swg.fits[1]
scw/2289/228900410010.001/swg.fits[1]
scw/2289/228900430010.001/swg.fits[1]
scw/2289/228900440010.001/swg.fits[1]
scw/2289/228900450010.001/swg.fits[1]
scw/2289/228900460010.001/swg.fits[1]
scw/2289/228900470010.001/swg.fits[1]
scw/2289/228900480010.001/swg.fits[1]
scw/2289/228900490010.001/swg.fits[1]
scw/2289/228900500010.001/swg.fits[1]
scw/2289/228900510010.001/swg.fits[1]
scw/2289/228900520010.001/swg.fits[1]
scw/2289/228900550010.001/swg.fits[1]
scw/2289/228900560010.001/swg.fits[1]
scw/2289/228900570010.001/swg.fits[1]
scw/2292/229200710010.001/swg.fits[1]
scw/2330/233000390010.001/swg.fits[1]
scw/2330/233000400010.001/swg.fits[1]
scw/2330/233000410010.001/swg.fits[1]
scw/2331/233100080010.001/swg.fits[1]
scw/2331/233100090010.001/swg.fits[1]
scw/2331/233100100010.001/swg.fits[1]
scw/2331/233100130010.001/swg.fits[1]
scw/2331/233100140010.001/swg.fits[1]
scw/2331/233100150010.001/swg.fits[1]
scw/2331/233100160010.001/swg.fits[1]
scw/2331/233100170010.001/swg.fits[1]
scw/2331/233100180010.001/swg.fits[1]
scw/2331/233100190010.001/swg.fits[1]
scw/2331/233100250010.001/swg.fits[1]
scw/2331/233100260010.001/swg.fits[1]
scw/2331/233100270010.001/swg.fits[1]
scw/2331/233100390010.001/swg.fits[1]
scw/2331/233100400010.001/swg.fits[1]
scw/2331/233100410010.001/swg.fits[1]
scw/2331/233100420010.001/swg.fits[1]
scw/2331/233100420020.001/swg.fits[1]
scw/2331/233100420030.001/swg.fits[1]
scw/2332/233200360010.001/swg.fits[1]
scw/2332/233200370010.001/swg.fits[1]
scw/2332/233200380010.001/swg.fits[1]
scw/2332/233200390010.001/swg.fits[1]
scw/2332/233200430010.001/swg.fits[1]
scw/2332/233200440010.001/swg.fits[1]
scw/2332/233200450010.001/swg.fits[1]
scw/2332/233200660010.001/swg.fits[1]
scw/2332/233200670010.001/swg.fits[1]
scw/2333/233300080010.001/swg.fits[1]
scw/2333/233300090010.001/swg.fits[1]
scw/2333/233300100010.001/swg.fits[1]
scw/2333/233300110010.001/swg.fits[1]
scw/2333/233300120010.001/swg.fits[1]
scw/2333/233300130010.001/swg.fits[1]
scw/2334/233400020010.001/swg.fits[1]
scw/2334/233400030010.001/swg.fits[1]
scw/2334/233400040010.001/swg.fits[1]
scw/2334/233400320010.001/swg.fits[1]
scw/2334/233400330010.001/swg.fits[1]
scw/2334/233400340010.001/swg.fits[1]
scw/2335/233500080010.001/swg.fits[1]
scw/2335/233500090010.001/swg.fits[1]
scw/2335/233500100010.001/swg.fits[1]
scw/2335/233500150010.001/swg.fits[1]
scw/2335/233500160010.001/swg.fits[1]
scw/2335/233500170010.001/swg.fits[1]
scw/2336/233600360010.001/swg.fits[1]
scw/2336/233600370010.001/swg.fits[1]
scw/2336/233600380010.001/swg.fits[1]
scw/2337/233700170010.001/swg.fits[1]
scw/2337/233700180010.001/swg.fits[1]
scw/2337/233700240010.001/swg.fits[1]
scw/2337/233700290010.001/swg.fits[1]
scw/2337/233700300010.001/swg.fits[1]
scw/2337/233700310010.001/swg.fits[1]
scw/2338/233800040010.001/swg.fits[1]
scw/2338/233800050010.001/swg.fits[1]
scw/2338/233800060010.001/swg.fits[1]
scw/2338/233800070010.001/swg.fits[1]
scw/2338/233800080010.001/swg.fits[1]
scw/2338/233800090010.001/swg.fits[1]
scw/2338/233800100010.001/swg.fits[1]
scw/2338/233800110010.001/swg.fits[1]
scw/2338/233800120010.001/swg.fits[1]
scw/2338/233800130010.001/swg.fits[1]
scw/2338/233800140010.001/swg.fits[1]
scw/2338/233800150010.001/swg.fits[1]
scw/2338/233800160010.001/swg.fits[1]
scw/2338/233800170010.001/swg.fits[1]
scw/2338/233800180010.001/swg.fits[1]
scw/2338/233800200010.001/swg.fits[1]
scw/2338/233800210010.001/swg.fits[1]
scw/2338/233800220010.001/swg.fits[1]
scw/2338/233800230010.001/swg.fits[1]
scw/2338/233800240010.001/swg.fits[1]
scw/2338/233800250010.001/swg.fits[1]
scw/2338/233800340010.001/swg.fits[1]
scw/2338/233800350010.001/swg.fits[1]
scw/2338/233800360010.001/swg.fits[1]
scw/2339/233900080010.001/swg.fits[1]
scw/2339/233900090010.001/swg.fits[1]
scw/2339/233900100010.001/swg.fits[1]
scw/2339/233900110010.001/swg.fits[1]
scw/2339/233900120010.001/swg.fits[1]
scw/2339/233900130010.001/swg.fits[1]
scw/2339/233900140010.001/swg.fits[1]
scw/2339/233900150010.001/swg.fits[1]
scw/2339/233900160010.001/swg.fits[1]
scw/2339/233900190010.001/swg.fits[1]
scw/2339/233900200010.001/swg.fits[1]
scw/2339/233900210010.001/swg.fits[1]
scw/2339/233900220010.001/swg.fits[1]
scw/2339/233900230010.001/swg.fits[1]
scw/2339/233900240010.001/swg.fits[1]
scw/2339/233900250010.001/swg.fits[1]
scw/2340/234000080010.001/swg.fits[1]
scw/2340/234000090010.001/swg.fits[1]
scw/2340/234000100010.001/swg.fits[1]
scw/2340/234000160010.001/swg.fits[1]
scw/2341/234100080010.001/swg.fits[1]
scw/2341/234100090010.001/swg.fits[1]
scw/2341/234100100010.001/swg.fits[1]
scw/2341/234100170010.001/swg.fits[1]
scw/2341/234100180010.001/swg.fits[1]
scw/2342/234200080010.001/swg.fits[1]
scw/2342/234200090010.001/swg.fits[1]
scw/2342/234200100010.001/swg.fits[1]
scw/2342/234200120010.001/swg.fits[1]
scw/2342/234200130010.001/swg.fits[1]
scw/2342/234200140010.001/swg.fits[1]
scw/2342/234200150010.001/swg.fits[1]
scw/2342/234200160010.001/swg.fits[1]
scw/2342/234200170010.001/swg.fits[1]
scw/2342/234200180010.001/swg.fits[1]
scw/2342/234200190010.001/swg.fits[1]
scw/2342/234200200010.001/swg.fits[1]
scw/2342/234200210010.001/swg.fits[1]
scw/2342/234200220010.001/swg.fits[1]
scw/2342/234200230010.001/swg.fits[1]
scw/2342/234200240010.001/swg.fits[1]
scw/2342/234200250010.001/swg.fits[1]
scw/2342/234200260010.001/swg.fits[1]
scw/2342/234200270010.001/swg.fits[1]
scw/2342/234200280010.001/swg.fits[1]
scw/2342/234200290010.001/swg.fits[1]
scw/2342/234200300010.001/swg.fits[1]
scw/2342/234200310010.001/swg.fits[1]
scw/2342/234200320010.001/swg.fits[1]
scw/2342/234200330010.001/swg.fits[1]
scw/2342/234200340010.001/swg.fits[1]
scw/2342/234200350010.001/swg.fits[1]
scw/2342/234200360010.001/swg.fits[1]
scw/2343/234300080010.001/swg.fits[1]
scw/2343/234300090010.001/swg.fits[1]
scw/2343/234300100010.001/swg.fits[1]
scw/2344/234400530010.001/swg.fits[1]
scw/2344/234400540010.001/swg.fits[1]
scw/2344/234400550010.001/swg.fits[1]
scw/2344/234400570010.001/swg.fits[1]
scw/2344/234400580010.001/swg.fits[1]
scw/2344/234400590010.001/swg.fits[1]
scw/2344/234400600010.001/swg.fits[1]
scw/2344/234400640010.001/swg.fits[1]
scw/2344/234400650010.001/swg.fits[1]
scw/2344/234400660010.001/swg.fits[1]
scw/2344/234400670010.001/swg.fits[1]
scw/2345/234500050010.001/swg.fits[1]
scw/2345/234500060010.001/swg.fits[1]
scw/2345/234500070010.001/swg.fits[1]
scw/2345/234500160010.001/swg.fits[1]
scw/2345/234500170010.001/swg.fits[1]
scw/2345/234500180010.001/swg.fits[1]
scw/2345/234500230010.001/swg.fits[1]
scw/2345/234500240010.001/swg.fits[1]
scw/2345/234500250010.001/swg.fits[1]
scw/2345/234500280010.001/swg.fits[1]
scw/2345/234500290010.001/swg.fits[1]
scw/2345/234500300010.001/swg.fits[1]
scw/2345/234500310010.001/swg.fits[1]
scw/2345/234500320010.001/swg.fits[1]
scw/2345/234500330010.001/swg.fits[1]
scw/2345/234500340010.001/swg.fits[1]
scw/2346/234600080010.001/swg.fits[1]
scw/2346/234600090010.001/swg.fits[1]
scw/2346/234600100010.001/swg.fits[1]
scw/2346/234600160010.001/swg.fits[1]
scw/2346/234600200010.001/swg.fits[1]
scw/2346/234600210010.001/swg.fits[1]
scw/2346/234600220010.001/swg.fits[1]
scw/2348/234800060010.001/swg.fits[1]
scw/2348/234800070010.001/swg.fits[1]
scw/2348/234800080010.001/swg.fits[1]
scw/2348/234800120010.001/swg.fits[1]
