scw/2058/205800630010.001/swg.fits[1]
scw/2058/205800640010.001/swg.fits[1]
scw/2058/205800650010.001/swg.fits[1]
scw/2058/205800660010.001/swg.fits[1]
scw/2058/205800660020.001/swg.fits[1]
scw/2066/206600060010.001/swg.fits[1]
scw/2066/206600070010.001/swg.fits[1]
scw/2066/206600080010.001/swg.fits[1]
scw/2073/207300060010.001/swg.fits[1]
scw/2073/207300070010.001/swg.fits[1]
scw/2073/207300080010.001/swg.fits[1]
scw/2073/207300090010.001/swg.fits[1]
scw/2073/207300100010.001/swg.fits[1]
scw/2073/207300110010.001/swg.fits[1]
scw/2073/207300120010.001/swg.fits[1]
scw/2073/207300130010.001/swg.fits[1]
scw/2073/207300140010.001/swg.fits[1]
scw/2073/207300150010.001/swg.fits[1]
scw/2073/207300160010.001/swg.fits[1]
scw/2073/207300170010.001/swg.fits[1]
scw/2073/207300180010.001/swg.fits[1]
scw/2073/207300290010.001/swg.fits[1]
scw/2073/207300300010.001/swg.fits[1]
scw/2073/207300310010.001/swg.fits[1]
scw/2073/207300320010.001/swg.fits[1]
scw/2073/207300330010.001/swg.fits[1]
scw/2073/207300340010.001/swg.fits[1]
scw/2073/207300350010.001/swg.fits[1]
scw/2073/207300360010.001/swg.fits[1]
scw/2073/207300370010.001/swg.fits[1]
scw/2073/207300380010.001/swg.fits[1]
scw/2073/207300390010.001/swg.fits[1]
scw/2073/207300400010.001/swg.fits[1]
scw/2073/207300410010.001/swg.fits[1]
scw/2073/207300420010.001/swg.fits[1]
scw/2073/207300430010.001/swg.fits[1]
scw/2073/207300440010.001/swg.fits[1]
scw/2073/207300450010.001/swg.fits[1]
scw/2073/207300460010.001/swg.fits[1]
scw/2073/207300470010.001/swg.fits[1]
scw/2073/207300480010.001/swg.fits[1]
scw/2073/207300490010.001/swg.fits[1]
scw/2073/207300500010.001/swg.fits[1]
scw/2073/207300510010.001/swg.fits[1]
scw/2073/207300520010.001/swg.fits[1]
scw/2073/207300530010.001/swg.fits[1]
scw/2073/207300540010.001/swg.fits[1]
scw/2073/207300550010.001/swg.fits[1]
scw/2073/207300560010.001/swg.fits[1]
scw/2073/207300570010.001/swg.fits[1]
scw/2073/207300580010.001/swg.fits[1]
scw/2073/207300600010.001/swg.fits[1]
scw/2116/211600040010.001/swg.fits[1]
scw/2116/211600050010.001/swg.fits[1]
scw/2116/211600060010.001/swg.fits[1]
scw/2116/211600070010.001/swg.fits[1]
scw/2116/211600080010.001/swg.fits[1]
scw/2116/211600090010.001/swg.fits[1]
scw/2116/211600100010.001/swg.fits[1]
scw/2116/211600110010.001/swg.fits[1]
scw/2116/211600120010.001/swg.fits[1]
scw/2116/211600130010.001/swg.fits[1]
scw/2116/211600140010.001/swg.fits[1]
scw/2116/211600150010.001/swg.fits[1]
scw/2116/211600160010.001/swg.fits[1]
scw/2116/211600170010.001/swg.fits[1]
scw/2116/211600180010.001/swg.fits[1]
scw/2116/211600190010.001/swg.fits[1]
scw/2116/211600200010.001/swg.fits[1]
scw/2116/211600210010.001/swg.fits[1]
scw/2116/211600220010.001/swg.fits[1]
scw/2116/211600230010.001/swg.fits[1]
scw/2116/211600240010.001/swg.fits[1]
scw/2116/211600250010.001/swg.fits[1]
scw/2116/211600260010.001/swg.fits[1]
scw/2116/211600270010.001/swg.fits[1]
scw/2116/211600280010.001/swg.fits[1]
scw/2116/211600290010.001/swg.fits[1]
scw/2116/211600300010.001/swg.fits[1]
scw/2116/211600310010.001/swg.fits[1]
scw/2116/211600320010.001/swg.fits[1]
scw/2116/211600330010.001/swg.fits[1]
scw/2116/211600340010.001/swg.fits[1]
scw/2116/211600350010.001/swg.fits[1]
scw/2116/211600360010.001/swg.fits[1]
scw/2116/211600370010.001/swg.fits[1]
scw/2116/211600380010.001/swg.fits[1]
scw/2116/211600390010.001/swg.fits[1]
scw/2116/211600400010.001/swg.fits[1]
scw/2116/211600410010.001/swg.fits[1]
scw/2116/211600420010.001/swg.fits[1]
scw/2116/211600430010.001/swg.fits[1]
scw/2116/211600440010.001/swg.fits[1]
scw/2116/211600450010.001/swg.fits[1]
scw/2116/211600460010.001/swg.fits[1]
scw/2116/211600470010.001/swg.fits[1]
scw/2116/211600480010.001/swg.fits[1]
scw/2116/211600490010.001/swg.fits[1]
scw/2116/211600500010.001/swg.fits[1]
scw/2116/211600510010.001/swg.fits[1]
scw/2116/211600520010.001/swg.fits[1]
scw/2116/211600530010.001/swg.fits[1]
scw/2117/211700060010.001/swg.fits[1]
scw/2117/211700070010.001/swg.fits[1]
scw/2117/211700080010.001/swg.fits[1]
scw/2117/211700090010.001/swg.fits[1]
scw/2117/211700110010.001/swg.fits[1]
scw/2117/211700120010.001/swg.fits[1]
scw/2117/211700130010.001/swg.fits[1]
scw/2117/211700140010.001/swg.fits[1]
scw/2117/211700150010.001/swg.fits[1]
scw/2117/211700160010.001/swg.fits[1]
scw/2117/211700170010.001/swg.fits[1]
scw/2117/211700180010.001/swg.fits[1]
scw/2117/211700190010.001/swg.fits[1]
scw/2117/211700200010.001/swg.fits[1]
scw/2117/211700210010.001/swg.fits[1]
scw/2117/211700220010.001/swg.fits[1]
scw/2117/211700230010.001/swg.fits[1]
scw/2117/211700240010.001/swg.fits[1]
scw/2117/211700250010.001/swg.fits[1]
scw/2117/211700260010.001/swg.fits[1]
scw/2117/211700270010.001/swg.fits[1]
scw/2117/211700280010.001/swg.fits[1]
scw/2117/211700290010.001/swg.fits[1]
scw/2117/211700300010.001/swg.fits[1]
scw/2117/211700310010.001/swg.fits[1]
scw/2117/211700320010.001/swg.fits[1]
scw/2117/211700330010.001/swg.fits[1]
scw/2117/211700340010.001/swg.fits[1]
scw/2117/211700350010.001/swg.fits[1]
scw/2117/211700360010.001/swg.fits[1]
scw/2117/211700370010.001/swg.fits[1]
scw/2117/211700380010.001/swg.fits[1]
scw/2117/211700390010.001/swg.fits[1]
scw/2117/211700400010.001/swg.fits[1]
scw/2117/211700410010.001/swg.fits[1]
scw/2117/211700420010.001/swg.fits[1]
scw/2117/211700430010.001/swg.fits[1]
scw/2117/211700440010.001/swg.fits[1]
scw/2117/211700450010.001/swg.fits[1]
scw/2117/211700460010.001/swg.fits[1]
scw/2117/211700470010.001/swg.fits[1]
scw/2117/211700480010.001/swg.fits[1]
scw/2117/211700490010.001/swg.fits[1]
scw/2117/211700500010.001/swg.fits[1]
scw/2117/211700510010.001/swg.fits[1]
scw/2117/211700520010.001/swg.fits[1]
scw/2117/211700530010.001/swg.fits[1]
scw/2117/211700540010.001/swg.fits[1]
scw/2117/211700540020.001/swg.fits[1]
scw/2118/211800060010.001/swg.fits[1]
scw/2118/211800070010.001/swg.fits[1]
scw/2118/211800080010.001/swg.fits[1]
scw/2118/211800090010.001/swg.fits[1]
scw/2118/211800100010.001/swg.fits[1]
scw/2118/211800110010.001/swg.fits[1]
scw/2118/211800120010.001/swg.fits[1]
scw/2118/211800140010.001/swg.fits[1]
scw/2118/211800150010.001/swg.fits[1]
scw/2118/211800160010.001/swg.fits[1]
scw/2118/211800170010.001/swg.fits[1]
scw/2118/211800180010.001/swg.fits[1]
scw/2118/211800190010.001/swg.fits[1]
scw/2118/211800200010.001/swg.fits[1]
scw/2118/211800210010.001/swg.fits[1]
scw/2118/211800220010.001/swg.fits[1]
scw/2118/211800230010.001/swg.fits[1]
scw/2118/211800240010.001/swg.fits[1]
scw/2118/211800250010.001/swg.fits[1]
scw/2118/211800260010.001/swg.fits[1]
scw/2118/211800270010.001/swg.fits[1]
scw/2118/211800280010.001/swg.fits[1]
scw/2118/211800290010.001/swg.fits[1]
scw/2118/211800300010.001/swg.fits[1]
scw/2118/211800310010.001/swg.fits[1]
scw/2118/211800320010.001/swg.fits[1]
scw/2118/211800330010.001/swg.fits[1]
scw/2118/211800340010.001/swg.fits[1]
scw/2118/211800350010.001/swg.fits[1]
scw/2118/211800360010.001/swg.fits[1]
scw/2118/211800370010.001/swg.fits[1]
scw/2118/211800380010.001/swg.fits[1]
scw/2118/211800390010.001/swg.fits[1]
scw/2118/211800400010.001/swg.fits[1]
scw/2118/211800410010.001/swg.fits[1]
scw/2118/211800420010.001/swg.fits[1]
scw/2118/211800430010.001/swg.fits[1]
scw/2118/211800450010.001/swg.fits[1]
scw/2118/211800460010.001/swg.fits[1]
scw/2118/211800470010.001/swg.fits[1]
scw/2118/211800480010.001/swg.fits[1]
scw/2118/211800490010.001/swg.fits[1]
scw/2118/211800500010.001/swg.fits[1]
scw/2122/212200200010.001/swg.fits[1]
scw/2122/212200210010.001/swg.fits[1]
scw/2122/212200220010.001/swg.fits[1]
scw/2122/212200230010.001/swg.fits[1]
scw/2122/212200240010.001/swg.fits[1]
scw/2122/212200250010.001/swg.fits[1]
scw/2122/212200260010.001/swg.fits[1]
scw/2122/212200270010.001/swg.fits[1]
scw/2122/212200280010.001/swg.fits[1]
scw/2122/212200290010.001/swg.fits[1]
scw/2122/212200300010.001/swg.fits[1]
scw/2122/212200310010.001/swg.fits[1]
scw/2122/212200320010.001/swg.fits[1]
scw/2122/212200330010.001/swg.fits[1]
scw/2122/212200340010.001/swg.fits[1]
scw/2122/212200350010.001/swg.fits[1]
scw/2122/212200360010.001/swg.fits[1]
scw/2122/212200370010.001/swg.fits[1]
scw/2261/226100020010.001/swg.fits[1]
scw/2265/226500020010.001/swg.fits[1]
scw/2269/226900520010.001/swg.fits[1]
scw/2270/227000460010.001/swg.fits[1]
scw/2272/227200020010.001/swg.fits[1]
scw/2321/232100250010.001/swg.fits[1]
scw/2321/232100260010.001/swg.fits[1]
scw/2321/232100330010.001/swg.fits[1]
scw/2321/232100340010.001/swg.fits[1]
scw/2321/232100350010.001/swg.fits[1]
scw/2321/232100360010.001/swg.fits[1]
scw/2321/232100440010.001/swg.fits[1]
scw/2321/232100450010.001/swg.fits[1]
scw/2344/234400020010.001/swg.fits[1]
scw/2344/234400030010.001/swg.fits[1]
scw/2344/234400040010.001/swg.fits[1]
scw/2344/234400050010.001/swg.fits[1]
scw/2344/234400060010.001/swg.fits[1]
scw/2344/234400070010.001/swg.fits[1]
scw/2344/234400080010.001/swg.fits[1]
scw/2344/234400090010.001/swg.fits[1]
scw/2398/239800320010.001/swg.fits[1]
