scw/0267/026700000210.001/swg.fits[1]
scw/0267/026700000230.001/swg.fits[1]
scw/0267/026700000250.001/swg.fits[1]
scw/0267/026700000270.001/swg.fits[1]
scw/0267/026700000290.001/swg.fits[1]
scw/0267/026700000310.001/swg.fits[1]
scw/0267/026700000330.001/swg.fits[1]
scw/0267/026700000350.001/swg.fits[1]
scw/0312/031200430010.001/swg.fits[1]
scw/0312/031200440010.001/swg.fits[1]
scw/0312/031200510010.001/swg.fits[1]
scw/0312/031200520010.001/swg.fits[1]
scw/0313/031300260010.001/swg.fits[1]
scw/0313/031300270010.001/swg.fits[1]
scw/0313/031300280010.001/swg.fits[1]
scw/0313/031300340010.001/swg.fits[1]
scw/0313/031300350010.001/swg.fits[1]
scw/0314/031400080010.001/swg.fits[1]
scw/0314/031400090010.001/swg.fits[1]
scw/0314/031400100010.001/swg.fits[1]
scw/0314/031400110010.001/swg.fits[1]
