scw/0036/003600270010.001/swg.fits[1]
scw/0036/003600550010.001/swg.fits[1]
scw/0036/003600750010.001/swg.fits[1]
scw/0071/007100240010.001/swg.fits[1]
scw/0071/007100440010.001/swg.fits[1]
scw/0071/007100720010.001/swg.fits[1]
scw/0071/007100920010.001/swg.fits[1]
scw/0072/007200280010.001/swg.fits[1]
scw/0072/007200480010.001/swg.fits[1]
scw/0274/027400260010.001/swg.fits[1]
scw/0275/027500350010.001/swg.fits[1]
scw/0275/027500370010.001/swg.fits[1]
scw/0317/031700380010.001/swg.fits[1]
scw/0317/031700580010.001/swg.fits[1]
scw/0317/031700600010.001/swg.fits[1]
scw/0318/031800110010.001/swg.fits[1]
scw/0318/031800310010.001/swg.fits[1]
scw/0324/032400440010.001/swg.fits[1]
scw/0448/044800020010.001/swg.fits[1]
scw/0448/044800030010.001/swg.fits[1]
scw/0448/044800040010.001/swg.fits[1]
scw/0448/044800050010.001/swg.fits[1]
scw/0448/044800060010.001/swg.fits[1]
scw/0448/044800070010.001/swg.fits[1]
scw/0448/044800080010.001/swg.fits[1]
scw/0448/044800090010.001/swg.fits[1]
scw/0448/044800100010.001/swg.fits[1]
scw/0448/044800110010.001/swg.fits[1]
scw/0448/044800120010.001/swg.fits[1]
scw/0448/044800130010.001/swg.fits[1]
scw/0448/044800140010.001/swg.fits[1]
scw/0448/044800150010.001/swg.fits[1]
scw/0448/044800160010.001/swg.fits[1]
scw/0448/044800170010.001/swg.fits[1]
scw/0448/044800180010.001/swg.fits[1]
scw/0448/044800190010.001/swg.fits[1]
scw/0448/044800200010.001/swg.fits[1]
scw/0448/044800210010.001/swg.fits[1]
scw/0448/044800220010.001/swg.fits[1]
scw/0448/044800230010.001/swg.fits[1]
scw/0448/044800240010.001/swg.fits[1]
scw/0448/044800250010.001/swg.fits[1]
scw/0448/044800260010.001/swg.fits[1]
scw/0448/044800270010.001/swg.fits[1]
scw/0448/044800280010.001/swg.fits[1]
scw/0448/044800290010.001/swg.fits[1]
scw/0448/044800300010.001/swg.fits[1]
scw/0448/044800310010.001/swg.fits[1]
scw/0448/044800320010.001/swg.fits[1]
scw/0448/044800330010.001/swg.fits[1]
scw/0448/044800340010.001/swg.fits[1]
scw/0448/044800350010.001/swg.fits[1]
scw/0448/044800360010.001/swg.fits[1]
scw/0448/044800370010.001/swg.fits[1]
scw/0448/044800380010.001/swg.fits[1]
scw/0448/044800390010.001/swg.fits[1]
scw/0448/044800400010.001/swg.fits[1]
scw/0448/044800410010.001/swg.fits[1]
scw/0448/044800420010.001/swg.fits[1]
scw/0448/044800430010.001/swg.fits[1]
scw/0448/044800440010.001/swg.fits[1]
scw/0448/044800450010.001/swg.fits[1]
scw/0448/044800460010.001/swg.fits[1]
scw/0448/044800470010.001/swg.fits[1]
scw/0448/044800480010.001/swg.fits[1]
scw/0448/044800480020.001/swg.fits[1]
scw/0448/044800490010.001/swg.fits[1]
scw/0448/044800500010.001/swg.fits[1]
scw/0448/044800510010.001/swg.fits[1]
scw/0448/044800520010.001/swg.fits[1]
scw/0448/044800530010.001/swg.fits[1]
scw/0448/044800540010.001/swg.fits[1]
scw/0448/044800550010.001/swg.fits[1]
scw/0448/044800560010.001/swg.fits[1]
scw/0448/044800570010.001/swg.fits[1]
scw/0448/044800580010.001/swg.fits[1]
scw/0448/044800590010.001/swg.fits[1]
scw/0449/044900010010.001/swg.fits[1]
scw/0449/044900020010.001/swg.fits[1]
scw/0449/044900030010.001/swg.fits[1]
scw/0449/044900040010.001/swg.fits[1]
scw/0449/044900050010.001/swg.fits[1]
scw/0449/044900060010.001/swg.fits[1]
scw/0449/044900070010.001/swg.fits[1]
scw/0449/044900080010.001/swg.fits[1]
scw/0449/044900090010.001/swg.fits[1]
scw/0449/044900100010.001/swg.fits[1]
scw/0449/044900110010.001/swg.fits[1]
scw/0449/044900120010.001/swg.fits[1]
scw/0449/044900130010.001/swg.fits[1]
scw/0449/044900140010.001/swg.fits[1]
scw/0449/044900150010.001/swg.fits[1]
scw/0449/044900160010.001/swg.fits[1]
scw/0449/044900170010.001/swg.fits[1]
scw/0449/044900180010.001/swg.fits[1]
scw/0449/044900190010.001/swg.fits[1]
scw/0449/044900200010.001/swg.fits[1]
scw/0449/044900210010.001/swg.fits[1]
scw/0449/044900220010.001/swg.fits[1]
scw/0449/044900230010.001/swg.fits[1]
scw/0449/044900240010.001/swg.fits[1]
scw/0449/044900250010.001/swg.fits[1]
scw/0449/044900260010.001/swg.fits[1]
scw/0449/044900270010.001/swg.fits[1]
scw/0449/044900280010.001/swg.fits[1]
scw/0449/044900290010.001/swg.fits[1]
scw/0449/044900300010.001/swg.fits[1]
scw/0449/044900310010.001/swg.fits[1]
scw/0449/044900320010.001/swg.fits[1]
scw/0449/044900330010.001/swg.fits[1]
scw/0449/044900340010.001/swg.fits[1]
scw/0449/044900350010.001/swg.fits[1]
scw/0449/044900360010.001/swg.fits[1]
scw/0449/044900370010.001/swg.fits[1]
scw/0449/044900380010.001/swg.fits[1]
scw/0449/044900390010.001/swg.fits[1]
scw/0449/044900400010.001/swg.fits[1]
scw/0449/044900410010.001/swg.fits[1]
scw/0449/044900420010.001/swg.fits[1]
scw/0449/044900430010.001/swg.fits[1]
scw/0449/044900440010.001/swg.fits[1]
scw/0449/044900450010.001/swg.fits[1]
scw/0449/044900460010.001/swg.fits[1]
scw/0449/044900470010.001/swg.fits[1]
scw/0449/044900470020.001/swg.fits[1]
scw/0449/044900480010.001/swg.fits[1]
scw/0449/044900490010.001/swg.fits[1]
scw/0449/044900500010.001/swg.fits[1]
scw/0449/044900510010.001/swg.fits[1]
scw/0449/044900520010.001/swg.fits[1]
scw/0449/044900530010.001/swg.fits[1]
scw/0449/044900540010.001/swg.fits[1]
scw/0449/044900550010.001/swg.fits[1]
scw/0449/044900560010.001/swg.fits[1]
scw/0449/044900570010.001/swg.fits[1]
scw/0449/044900580010.001/swg.fits[1]
scw/0450/045000010010.001/swg.fits[1]
scw/0450/045000020010.001/swg.fits[1]
scw/0450/045000030010.001/swg.fits[1]
scw/0450/045000040010.001/swg.fits[1]
scw/0450/045000050010.001/swg.fits[1]
scw/0450/045000060010.001/swg.fits[1]
scw/0450/045000070010.001/swg.fits[1]
scw/0450/045000080010.001/swg.fits[1]
scw/0450/045000090010.001/swg.fits[1]
scw/0450/045000100010.001/swg.fits[1]
scw/0450/045000110010.001/swg.fits[1]
scw/0450/045000120010.001/swg.fits[1]
scw/0450/045000130010.001/swg.fits[1]
scw/0450/045000140010.001/swg.fits[1]
scw/0450/045000150010.001/swg.fits[1]
scw/0450/045000160010.001/swg.fits[1]
scw/0450/045000170010.001/swg.fits[1]
scw/0450/045000180010.001/swg.fits[1]
scw/0450/045000190010.001/swg.fits[1]
scw/0450/045000200010.001/swg.fits[1]
scw/0450/045000210010.001/swg.fits[1]
scw/0450/045000220010.001/swg.fits[1]
scw/0450/045000230010.001/swg.fits[1]
scw/0450/045000240010.001/swg.fits[1]
scw/0450/045000250010.001/swg.fits[1]
scw/0450/045000260010.001/swg.fits[1]
scw/0450/045000270010.001/swg.fits[1]
scw/0450/045000280010.001/swg.fits[1]
scw/0450/045000290010.001/swg.fits[1]
scw/0450/045000310010.001/swg.fits[1]
scw/0450/045000320010.001/swg.fits[1]
scw/0450/045000330010.001/swg.fits[1]
scw/0450/045000340010.001/swg.fits[1]
scw/0450/045000350010.001/swg.fits[1]
scw/0450/045000360010.001/swg.fits[1]
scw/0450/045000370010.001/swg.fits[1]
scw/0450/045000380010.001/swg.fits[1]
scw/0450/045000390010.001/swg.fits[1]
scw/0450/045000400010.001/swg.fits[1]
scw/0450/045000410010.001/swg.fits[1]
scw/0450/045000420010.001/swg.fits[1]
scw/0450/045000430010.001/swg.fits[1]
scw/0450/045000440010.001/swg.fits[1]
scw/0450/045000450010.001/swg.fits[1]
scw/0450/045000460010.001/swg.fits[1]
scw/0450/045000470010.001/swg.fits[1]
scw/0450/045000480010.001/swg.fits[1]
scw/0450/045000490010.001/swg.fits[1]
scw/0450/045000500010.001/swg.fits[1]
scw/0450/045000510010.001/swg.fits[1]
scw/0450/045000520010.001/swg.fits[1]
scw/0450/045000530010.001/swg.fits[1]
scw/0450/045000540010.001/swg.fits[1]
scw/0450/045000550010.001/swg.fits[1]
scw/0450/045000560010.001/swg.fits[1]
scw/0450/045000570010.001/swg.fits[1]
scw/0450/045000580010.001/swg.fits[1]
scw/0451/045100010010.001/swg.fits[1]
scw/0451/045100020010.001/swg.fits[1]
scw/0451/045100030010.001/swg.fits[1]
