scw/1414/141400290010.001/swg.fits[1]
scw/1414/141400300010.001/swg.fits[1]
scw/1414/141400310010.001/swg.fits[1]
scw/1414/141400320010.001/swg.fits[1]
scw/1414/141400330010.001/swg.fits[1]
scw/1414/141400340010.001/swg.fits[1]
scw/1414/141400350010.001/swg.fits[1]
scw/1414/141400360010.001/swg.fits[1]
scw/1414/141400420010.001/swg.fits[1]
scw/1414/141400430010.001/swg.fits[1]
scw/1414/141400440010.001/swg.fits[1]
scw/1414/141400450010.001/swg.fits[1]
scw/1414/141400460010.001/swg.fits[1]
scw/1414/141400470010.001/swg.fits[1]
scw/1414/141400480010.001/swg.fits[1]
scw/1414/141400490010.001/swg.fits[1]
scw/1414/141400500010.001/swg.fits[1]
scw/1414/141400510010.001/swg.fits[1]
scw/1414/141400520010.001/swg.fits[1]
scw/1414/141400530010.001/swg.fits[1]
scw/1414/141400540010.001/swg.fits[1]
scw/1414/141400550010.001/swg.fits[1]
scw/1414/141400560010.001/swg.fits[1]
scw/1414/141400570010.001/swg.fits[1]
scw/1414/141400580010.001/swg.fits[1]
scw/1414/141400600010.001/swg.fits[1]
scw/1414/141400610010.001/swg.fits[1]
scw/1414/141400620010.001/swg.fits[1]
scw/1414/141400680010.001/swg.fits[1]
scw/1414/141400690010.001/swg.fits[1]
scw/1414/141400700010.001/swg.fits[1]
scw/1414/141400710010.001/swg.fits[1]
scw/1414/141400720010.001/swg.fits[1]
scw/1414/141400730010.001/swg.fits[1]
scw/1414/141400740010.001/swg.fits[1]
scw/1414/141400750010.001/swg.fits[1]
scw/1414/141400770010.001/swg.fits[1]
scw/1414/141400780010.001/swg.fits[1]
scw/1414/141400790010.001/swg.fits[1]
scw/1414/141400800010.001/swg.fits[1]
scw/1414/141400810010.001/swg.fits[1]
scw/1414/141400820010.001/swg.fits[1]
scw/1414/141400830010.001/swg.fits[1]
scw/1414/141400840010.001/swg.fits[1]
scw/1414/141400850010.001/swg.fits[1]
scw/1414/141400860010.001/swg.fits[1]
scw/1414/141400870010.001/swg.fits[1]
scw/1414/141400880010.001/swg.fits[1]
scw/1414/141400940010.001/swg.fits[1]
scw/1414/141400950010.001/swg.fits[1]
scw/1414/141400960010.001/swg.fits[1]
scw/1414/141400970010.001/swg.fits[1]
scw/1414/141400980010.001/swg.fits[1]
scw/1414/141400990010.001/swg.fits[1]
scw/1414/141401000010.001/swg.fits[1]
scw/1414/141401010010.001/swg.fits[1]
scw/1414/141401020010.001/swg.fits[1]
scw/1414/141401030010.001/swg.fits[1]
scw/1414/141401030020.001/swg.fits[1]
scw/1415/141500010010.001/swg.fits[1]
scw/1415/141500020010.001/swg.fits[1]
scw/1415/141500030010.001/swg.fits[1]
scw/1415/141500040010.001/swg.fits[1]
scw/1415/141500050010.001/swg.fits[1]
scw/1415/141500060010.001/swg.fits[1]
scw/1415/141500070010.001/swg.fits[1]
scw/1415/141500080010.001/swg.fits[1]
scw/1415/141500090010.001/swg.fits[1]
scw/1415/141500100010.001/swg.fits[1]
scw/1415/141500160010.001/swg.fits[1]
scw/1415/141500170010.001/swg.fits[1]
scw/1415/141500180010.001/swg.fits[1]
scw/1415/141500200010.001/swg.fits[1]
scw/1415/141500210010.001/swg.fits[1]
scw/1415/141500220010.001/swg.fits[1]
scw/1415/141500230010.001/swg.fits[1]
scw/1415/141500240010.001/swg.fits[1]
scw/1415/141500250010.001/swg.fits[1]
scw/1415/141500260010.001/swg.fits[1]
scw/1415/141500270010.001/swg.fits[1]
scw/1415/141500280010.001/swg.fits[1]
scw/1415/141500290010.001/swg.fits[1]
scw/1415/141500300010.001/swg.fits[1]
scw/1415/141500310010.001/swg.fits[1]
scw/1415/141500320010.001/swg.fits[1]
scw/1415/141500330010.001/swg.fits[1]
scw/1415/141500340010.001/swg.fits[1]
scw/1415/141500350010.001/swg.fits[1]
scw/1415/141500360010.001/swg.fits[1]
scw/1415/141500420010.001/swg.fits[1]
scw/1415/141500430010.001/swg.fits[1]
scw/1415/141500440010.001/swg.fits[1]
scw/1415/141500450010.001/swg.fits[1]
scw/1415/141500460010.001/swg.fits[1]
scw/1415/141500470010.001/swg.fits[1]
scw/1415/141500480010.001/swg.fits[1]
scw/1415/141500490010.001/swg.fits[1]
scw/1415/141500510010.001/swg.fits[1]
scw/1415/141500530010.001/swg.fits[1]
scw/1415/141500540010.001/swg.fits[1]
scw/1415/141500550010.001/swg.fits[1]
scw/1415/141500560010.001/swg.fits[1]
scw/1415/141500570010.001/swg.fits[1]
scw/1415/141500580010.001/swg.fits[1]
scw/1415/141500590010.001/swg.fits[1]
scw/1415/141500600010.001/swg.fits[1]
scw/1415/141500610010.001/swg.fits[1]
scw/1415/141500620010.001/swg.fits[1]
scw/1415/141500630010.001/swg.fits[1]
scw/1415/141500700010.001/swg.fits[1]
scw/1415/141500710010.001/swg.fits[1]
scw/1415/141500720010.001/swg.fits[1]
scw/1415/141500730010.001/swg.fits[1]
scw/1415/141500740010.001/swg.fits[1]
scw/1415/141500750010.001/swg.fits[1]
scw/1415/141500760010.001/swg.fits[1]
scw/1415/141500770010.001/swg.fits[1]
scw/1415/141500780010.001/swg.fits[1]
scw/1415/141500790010.001/swg.fits[1]
scw/1415/141500800010.001/swg.fits[1]
scw/1415/141500810010.001/swg.fits[1]
scw/1415/141500820010.001/swg.fits[1]
scw/1415/141500830010.001/swg.fits[1]
scw/1415/141500840010.001/swg.fits[1]
scw/1415/141500850010.001/swg.fits[1]
scw/1415/141500860010.001/swg.fits[1]
scw/1415/141500870010.001/swg.fits[1]
scw/1415/141500880010.001/swg.fits[1]
scw/1415/141500890010.001/swg.fits[1]
scw/1415/141500950010.001/swg.fits[1]
scw/1415/141500960010.001/swg.fits[1]
scw/1415/141500970010.001/swg.fits[1]
scw/1415/141500980010.001/swg.fits[1]
scw/1415/141500990010.001/swg.fits[1]
scw/1415/141501000010.001/swg.fits[1]
scw/1415/141501010010.001/swg.fits[1]
scw/1415/141501020010.001/swg.fits[1]
scw/1415/141501040010.001/swg.fits[1]
scw/1415/141501050010.001/swg.fits[1]
scw/1415/141501060010.001/swg.fits[1]
scw/1416/141600010010.001/swg.fits[1]
scw/1416/141600020010.001/swg.fits[1]
scw/1416/141600030010.001/swg.fits[1]
scw/1416/141600040010.001/swg.fits[1]
scw/1416/141600050010.001/swg.fits[1]
scw/1416/141600060010.001/swg.fits[1]
scw/1416/141600070010.001/swg.fits[1]
scw/1416/141600080010.001/swg.fits[1]
scw/1416/141600090010.001/swg.fits[1]
scw/1416/141600100010.001/swg.fits[1]
scw/1416/141600160010.001/swg.fits[1]
scw/1416/141600170010.001/swg.fits[1]
scw/1416/141600180010.001/swg.fits[1]
scw/1416/141600190010.001/swg.fits[1]
scw/1416/141600200010.001/swg.fits[1]
scw/1416/141600210010.001/swg.fits[1]
scw/1416/141600220010.001/swg.fits[1]
scw/1416/141600230010.001/swg.fits[1]
scw/1416/141600240010.001/swg.fits[1]
scw/1416/141600250010.001/swg.fits[1]
scw/1416/141600260010.001/swg.fits[1]
scw/1416/141600270010.001/swg.fits[1]
scw/1416/141600280010.001/swg.fits[1]
scw/1416/141600290010.001/swg.fits[1]
scw/1416/141600300010.001/swg.fits[1]
scw/1416/141600310010.001/swg.fits[1]
scw/1416/141600320010.001/swg.fits[1]
scw/1416/141600330010.001/swg.fits[1]
scw/1416/141600340010.001/swg.fits[1]
scw/1416/141600350010.001/swg.fits[1]
scw/1416/141600410010.001/swg.fits[1]
scw/1416/141600420010.001/swg.fits[1]
scw/1416/141600430010.001/swg.fits[1]
scw/1416/141600440010.001/swg.fits[1]
scw/1416/141600450010.001/swg.fits[1]
scw/1416/141600460010.001/swg.fits[1]
scw/1416/141600470010.001/swg.fits[1]
scw/1416/141600480010.001/swg.fits[1]
scw/1416/141600490010.001/swg.fits[1]
scw/1416/141600510010.001/swg.fits[1]
scw/1417/141700040010.001/swg.fits[1]
scw/1417/141700050010.001/swg.fits[1]
scw/1417/141700060010.001/swg.fits[1]
scw/1417/141700070010.001/swg.fits[1]
scw/1417/141700080010.001/swg.fits[1]
scw/1417/141700090010.001/swg.fits[1]
scw/1417/141700100010.001/swg.fits[1]
scw/1417/141700110010.001/swg.fits[1]
scw/1417/141700120010.001/swg.fits[1]
scw/1417/141700130010.001/swg.fits[1]
scw/1417/141700190010.001/swg.fits[1]
scw/1417/141700200010.001/swg.fits[1]
scw/1417/141700210010.001/swg.fits[1]
scw/1417/141700220010.001/swg.fits[1]
scw/1417/141700230010.001/swg.fits[1]
scw/1417/141700240010.001/swg.fits[1]
scw/1417/141700250010.001/swg.fits[1]
scw/1417/141700260010.001/swg.fits[1]
scw/1417/141700270010.001/swg.fits[1]
scw/1417/141700280010.001/swg.fits[1]
scw/1417/141700290010.001/swg.fits[1]
scw/1417/141700300010.001/swg.fits[1]
scw/1417/141700310010.001/swg.fits[1]
scw/1417/141700320010.001/swg.fits[1]
scw/1417/141700330010.001/swg.fits[1]
scw/1417/141700340010.001/swg.fits[1]
scw/1417/141700350010.001/swg.fits[1]
scw/1417/141700370010.001/swg.fits[1]
scw/1417/141700380010.001/swg.fits[1]
scw/1417/141700390010.001/swg.fits[1]
scw/1417/141700450010.001/swg.fits[1]
scw/1417/141700460010.001/swg.fits[1]
scw/1417/141700470010.001/swg.fits[1]
scw/1417/141700480010.001/swg.fits[1]
scw/1417/141700490010.001/swg.fits[1]
scw/1417/141700500010.001/swg.fits[1]
scw/1417/141700510010.001/swg.fits[1]
scw/1417/141700520010.001/swg.fits[1]
scw/1417/141700530010.001/swg.fits[1]
scw/1417/141700540010.001/swg.fits[1]
scw/1417/141700550010.001/swg.fits[1]
scw/1417/141700560010.001/swg.fits[1]
scw/1417/141700570010.001/swg.fits[1]
scw/1417/141700580010.001/swg.fits[1]
scw/1417/141700590010.001/swg.fits[1]
scw/1417/141700600010.001/swg.fits[1]
scw/1417/141700610010.001/swg.fits[1]
scw/1417/141700620010.001/swg.fits[1]
scw/1417/141700630010.001/swg.fits[1]
scw/1417/141700640010.001/swg.fits[1]
scw/1417/141700710010.001/swg.fits[1]
scw/1417/141700720010.001/swg.fits[1]
scw/1417/141700730010.001/swg.fits[1]
scw/1417/141700740010.001/swg.fits[1]
scw/1417/141700750010.001/swg.fits[1]
scw/1417/141700760010.001/swg.fits[1]
scw/1417/141700770010.001/swg.fits[1]
scw/1417/141700780010.001/swg.fits[1]
scw/1417/141700800010.001/swg.fits[1]
scw/1417/141700810010.001/swg.fits[1]
scw/1417/141700820010.001/swg.fits[1]
scw/1417/141700830010.001/swg.fits[1]
scw/1417/141700840010.001/swg.fits[1]
scw/1417/141700850010.001/swg.fits[1]
scw/1417/141700860010.001/swg.fits[1]
scw/1417/141700870010.001/swg.fits[1]
