scw/0633/063300330010.001/swg.fits[1]
scw/0633/063300340010.001/swg.fits[1]
scw/0633/063300350010.001/swg.fits[1]
scw/0633/063300680010.001/swg.fits[1]
scw/0633/063300690010.001/swg.fits[1]
scw/0633/063300700010.001/swg.fits[1]
scw/0633/063300710010.001/swg.fits[1]
scw/0633/063300720010.001/swg.fits[1]
scw/0633/063300730010.001/swg.fits[1]
scw/0633/063300740010.001/swg.fits[1]
scw/0633/063300750010.001/swg.fits[1]
scw/0635/063500190010.001/swg.fits[1]
scw/0635/063500200010.001/swg.fits[1]
scw/0635/063500210010.001/swg.fits[1]
scw/0635/063500220010.001/swg.fits[1]
scw/0635/063500230010.001/swg.fits[1]
scw/0635/063500240010.001/swg.fits[1]
scw/0635/063500270010.001/swg.fits[1]
scw/0635/063500280010.001/swg.fits[1]
scw/0635/063500290010.001/swg.fits[1]
scw/0635/063500300010.001/swg.fits[1]
scw/0635/063500310010.001/swg.fits[1]
scw/0635/063500330010.001/swg.fits[1]
scw/0635/063500670010.001/swg.fits[1]
scw/0635/063500690010.001/swg.fits[1]
scw/0635/063500700010.001/swg.fits[1]
scw/0635/063500710010.001/swg.fits[1]
scw/0635/063500720010.001/swg.fits[1]
scw/0635/063500730010.001/swg.fits[1]
scw/0635/063500740010.001/swg.fits[1]
scw/0637/063700190010.001/swg.fits[1]
scw/0637/063700200010.001/swg.fits[1]
scw/0637/063700210010.001/swg.fits[1]
scw/0637/063700220010.001/swg.fits[1]
scw/0637/063700230010.001/swg.fits[1]
scw/0637/063700240010.001/swg.fits[1]
scw/0637/063700270010.001/swg.fits[1]
scw/0637/063700280010.001/swg.fits[1]
scw/0637/063700290010.001/swg.fits[1]
scw/0637/063700300010.001/swg.fits[1]
scw/0637/063700310010.001/swg.fits[1]
scw/0637/063700320010.001/swg.fits[1]
scw/0637/063700330010.001/swg.fits[1]
scw/0637/063700670010.001/swg.fits[1]
scw/0637/063700680010.001/swg.fits[1]
scw/0637/063700690010.001/swg.fits[1]
scw/0637/063700700010.001/swg.fits[1]
scw/0637/063700710010.001/swg.fits[1]
scw/0637/063700720010.001/swg.fits[1]
scw/0637/063700730010.001/swg.fits[1]
scw/0637/063700740010.001/swg.fits[1]
scw/0747/074700380010.001/swg.fits[1]
scw/0747/074700390010.001/swg.fits[1]
scw/0747/074700400010.001/swg.fits[1]
scw/0747/074700410010.001/swg.fits[1]
scw/0747/074700420010.001/swg.fits[1]
scw/0747/074700430010.001/swg.fits[1]
scw/0747/074700440010.001/swg.fits[1]
scw/0747/074700450010.001/swg.fits[1]
scw/0747/074700460010.001/swg.fits[1]
scw/0747/074700470010.001/swg.fits[1]
scw/0747/074700480010.001/swg.fits[1]
scw/0747/074700490010.001/swg.fits[1]
scw/0747/074700500010.001/swg.fits[1]
scw/0747/074700510010.001/swg.fits[1]
scw/0747/074700520010.001/swg.fits[1]
scw/0747/074700530010.001/swg.fits[1]
scw/0747/074700540010.001/swg.fits[1]
scw/0747/074700550010.001/swg.fits[1]
scw/0747/074700560010.001/swg.fits[1]
scw/0747/074700570010.001/swg.fits[1]
scw/0747/074700580010.001/swg.fits[1]
scw/0747/074700590010.001/swg.fits[1]
scw/0747/074700600010.001/swg.fits[1]
scw/0747/074700610010.001/swg.fits[1]
scw/0748/074800280010.001/swg.fits[1]
scw/0748/074800290010.001/swg.fits[1]
scw/0748/074800300010.001/swg.fits[1]
scw/0748/074800310010.001/swg.fits[1]
scw/0748/074800320010.001/swg.fits[1]
scw/0748/074800330010.001/swg.fits[1]
scw/0748/074800490010.001/swg.fits[1]
scw/0748/074800500010.001/swg.fits[1]
scw/0748/074800540010.001/swg.fits[1]
scw/0748/074800550010.001/swg.fits[1]
scw/0748/074800560010.001/swg.fits[1]
scw/0748/074800570010.001/swg.fits[1]
scw/0748/074800580010.001/swg.fits[1]
scw/0748/074800590010.001/swg.fits[1]
scw/0748/074800600010.001/swg.fits[1]
scw/0748/074800610010.001/swg.fits[1]
scw/0749/074900260010.001/swg.fits[1]
scw/0749/074900270010.001/swg.fits[1]
scw/0749/074900280010.001/swg.fits[1]
scw/0749/074900290010.001/swg.fits[1]
scw/0749/074900300010.001/swg.fits[1]
scw/0749/074900310010.001/swg.fits[1]
scw/0749/074900320010.001/swg.fits[1]
scw/0749/074900330010.001/swg.fits[1]
scw/0749/074900340010.001/swg.fits[1]
scw/0749/074900350010.001/swg.fits[1]
scw/0749/074900360010.001/swg.fits[1]
scw/0749/074900380010.001/swg.fits[1]
scw/0749/074900390010.001/swg.fits[1]
scw/0749/074900400010.001/swg.fits[1]
scw/0749/074900410010.001/swg.fits[1]
scw/0749/074900420010.001/swg.fits[1]
scw/0749/074900430010.001/swg.fits[1]
scw/0749/074900440010.001/swg.fits[1]
scw/0749/074900450010.001/swg.fits[1]
scw/0749/074900460010.001/swg.fits[1]
scw/0749/074900470010.001/swg.fits[1]
scw/0749/074900490010.001/swg.fits[1]
scw/0749/074900500010.001/swg.fits[1]
scw/0749/074900510010.001/swg.fits[1]
scw/0749/074900520010.001/swg.fits[1]
scw/0750/075000400010.001/swg.fits[1]
scw/0750/075000410010.001/swg.fits[1]
scw/0750/075000420010.001/swg.fits[1]
scw/0750/075000430010.001/swg.fits[1]
scw/0750/075000440010.001/swg.fits[1]
scw/0750/075000450010.001/swg.fits[1]
scw/0750/075000460010.001/swg.fits[1]
scw/0750/075000470010.001/swg.fits[1]
scw/0750/075000480010.001/swg.fits[1]
scw/0750/075000490010.001/swg.fits[1]
scw/0750/075000500010.001/swg.fits[1]
scw/0750/075000510010.001/swg.fits[1]
scw/0750/075000520010.001/swg.fits[1]
scw/0750/075000530010.001/swg.fits[1]
scw/0750/075000540010.001/swg.fits[1]
scw/0750/075000550010.001/swg.fits[1]
scw/0750/075000570010.001/swg.fits[1]
scw/0750/075000580010.001/swg.fits[1]
scw/0750/075000590010.001/swg.fits[1]
scw/0750/075000600010.001/swg.fits[1]
scw/0750/075000610010.001/swg.fits[1]
scw/0751/075100330010.001/swg.fits[1]
scw/0751/075100340010.001/swg.fits[1]
scw/0751/075100350010.001/swg.fits[1]
scw/0751/075100360010.001/swg.fits[1]
scw/0751/075100370010.001/swg.fits[1]
scw/0751/075100380010.001/swg.fits[1]
scw/0751/075100390010.001/swg.fits[1]
scw/0751/075100400010.001/swg.fits[1]
scw/0751/075100610010.001/swg.fits[1]
scw/0752/075200290010.001/swg.fits[1]
scw/0752/075200300010.001/swg.fits[1]
scw/0752/075200310010.001/swg.fits[1]
scw/0752/075200320010.001/swg.fits[1]
scw/0752/075200330010.001/swg.fits[1]
scw/0752/075200340010.001/swg.fits[1]
scw/0752/075200350010.001/swg.fits[1]
scw/0752/075200360010.001/swg.fits[1]
scw/0752/075200370010.001/swg.fits[1]
scw/0752/075200380010.001/swg.fits[1]
scw/0752/075200390010.001/swg.fits[1]
scw/0752/075200400010.001/swg.fits[1]
scw/0752/075200410010.001/swg.fits[1]
scw/0752/075200420010.001/swg.fits[1]
scw/0752/075200430010.001/swg.fits[1]
scw/0752/075200440010.001/swg.fits[1]
scw/0752/075200450010.001/swg.fits[1]
scw/0752/075200460010.001/swg.fits[1]
scw/0752/075200470010.001/swg.fits[1]
scw/0752/075200480010.001/swg.fits[1]
scw/0752/075200490010.001/swg.fits[1]
scw/0752/075200500010.001/swg.fits[1]
scw/0752/075200510010.001/swg.fits[1]
scw/0752/075200520010.001/swg.fits[1]
scw/0752/075200530010.001/swg.fits[1]
scw/0753/075300320010.001/swg.fits[1]
scw/0753/075300330010.001/swg.fits[1]
scw/0753/075300340010.001/swg.fits[1]
scw/0753/075300550010.001/swg.fits[1]
scw/0753/075300560010.001/swg.fits[1]
scw/0753/075300570010.001/swg.fits[1]
scw/0753/075300580010.001/swg.fits[1]
scw/0753/075300590010.001/swg.fits[1]
scw/0753/075300600010.001/swg.fits[1]
scw/0754/075400520010.001/swg.fits[1]
scw/0754/075400530010.001/swg.fits[1]
scw/0754/075400540010.001/swg.fits[1]
scw/0754/075400550010.001/swg.fits[1]
scw/0754/075400560010.001/swg.fits[1]
scw/0754/075400570010.001/swg.fits[1]
scw/0754/075400580010.001/swg.fits[1]
scw/0754/075400590010.001/swg.fits[1]
scw/0754/075400600010.001/swg.fits[1]
scw/0754/075400610010.001/swg.fits[1]
scw/0758/075800230010.001/swg.fits[1]
scw/0758/075800240010.001/swg.fits[1]
scw/0758/075800250010.001/swg.fits[1]
scw/0758/075800260010.001/swg.fits[1]
scw/0758/075800270010.001/swg.fits[1]
scw/0758/075800280010.001/swg.fits[1]
scw/0758/075800290010.001/swg.fits[1]
scw/0758/075800300010.001/swg.fits[1]
scw/0758/075800310010.001/swg.fits[1]
scw/0758/075800320010.001/swg.fits[1]
scw/0758/075800330010.001/swg.fits[1]
scw/0758/075800340010.001/swg.fits[1]
scw/0758/075800350010.001/swg.fits[1]
scw/0758/075800560010.001/swg.fits[1]
scw/0758/075800570010.001/swg.fits[1]
scw/0758/075800580010.001/swg.fits[1]
scw/0758/075800590010.001/swg.fits[1]
scw/0758/075800600010.001/swg.fits[1]
scw/0758/075800610010.001/swg.fits[1]
scw/0758/075800620010.001/swg.fits[1]
scw/0758/075800630010.001/swg.fits[1]
scw/0758/075800640010.001/swg.fits[1]
scw/0758/075800650010.001/swg.fits[1]
scw/0758/075800660010.001/swg.fits[1]
scw/0758/075800670010.001/swg.fits[1]
scw/0758/075800680010.001/swg.fits[1]
scw/0758/075800690010.001/swg.fits[1]
scw/0759/075900020010.001/swg.fits[1]
scw/0759/075900030010.001/swg.fits[1]
scw/0759/075900040010.001/swg.fits[1]
scw/0759/075900050010.001/swg.fits[1]
scw/0759/075900060010.001/swg.fits[1]
scw/0759/075900070010.001/swg.fits[1]
scw/0759/075900080010.001/swg.fits[1]
scw/0759/075900090010.001/swg.fits[1]
scw/0759/075900100010.001/swg.fits[1]
scw/0759/075900110010.001/swg.fits[1]
scw/0759/075900120010.001/swg.fits[1]
scw/0759/075900150010.001/swg.fits[1]
scw/0759/075900160010.001/swg.fits[1]
scw/0759/075900170010.001/swg.fits[1]
scw/0813/081300390010.001/swg.fits[1]
scw/0813/081300400010.001/swg.fits[1]
scw/0813/081300410010.001/swg.fits[1]
scw/0813/081300420010.001/swg.fits[1]
scw/0813/081300430010.001/swg.fits[1]
scw/0813/081300440010.001/swg.fits[1]
scw/0813/081300450010.001/swg.fits[1]
scw/0813/081300460010.001/swg.fits[1]
scw/0813/081300470010.001/swg.fits[1]
scw/0813/081300480010.001/swg.fits[1]
scw/0813/081300490010.001/swg.fits[1]
scw/0813/081300500010.001/swg.fits[1]
scw/0813/081300510010.001/swg.fits[1]
scw/0813/081300520010.001/swg.fits[1]
scw/0813/081300530010.001/swg.fits[1]
