scw/0185/018500370010.001/swg.fits[1]
scw/0185/018500380010.001/swg.fits[1]
scw/0185/018500390010.001/swg.fits[1]
scw/0185/018500400010.001/swg.fits[1]
scw/0185/018500410010.001/swg.fits[1]
scw/0185/018500420010.001/swg.fits[1]
scw/0185/018500430010.001/swg.fits[1]
scw/0185/018500440010.001/swg.fits[1]
scw/0185/018500450010.001/swg.fits[1]
scw/0185/018500460010.001/swg.fits[1]
scw/0185/018500470010.001/swg.fits[1]
scw/0185/018500480010.001/swg.fits[1]
scw/0185/018500490010.001/swg.fits[1]
scw/0185/018500500010.001/swg.fits[1]
scw/0185/018500510010.001/swg.fits[1]
scw/0185/018500520010.001/swg.fits[1]
scw/0185/018500530010.001/swg.fits[1]
scw/0185/018500540010.001/swg.fits[1]
scw/0185/018500550010.001/swg.fits[1]
scw/0185/018500560010.001/swg.fits[1]
scw/0185/018500570010.001/swg.fits[1]
scw/0185/018500580010.001/swg.fits[1]
scw/0185/018500590010.001/swg.fits[1]
scw/0185/018500600010.001/swg.fits[1]
scw/0185/018500610010.001/swg.fits[1]
scw/0185/018500620010.001/swg.fits[1]
scw/0185/018500630010.001/swg.fits[1]
scw/0185/018500640010.001/swg.fits[1]
scw/0185/018500650010.001/swg.fits[1]
scw/0185/018500660010.001/swg.fits[1]
scw/0185/018500670010.001/swg.fits[1]
scw/0185/018500680010.001/swg.fits[1]
scw/0185/018500690010.001/swg.fits[1]
scw/0185/018500700010.001/swg.fits[1]
scw/0185/018500710010.001/swg.fits[1]
scw/0185/018500720010.001/swg.fits[1]
scw/0185/018500730010.001/swg.fits[1]
scw/0185/018500740010.001/swg.fits[1]
scw/0185/018500750010.001/swg.fits[1]
scw/0185/018500760010.001/swg.fits[1]
scw/0185/018500770010.001/swg.fits[1]
scw/0185/018500780010.001/swg.fits[1]
scw/0185/018500790010.001/swg.fits[1]
scw/0185/018500800010.001/swg.fits[1]
scw/0185/018500810010.001/swg.fits[1]
scw/0185/018500820010.001/swg.fits[1]
scw/0185/018500830010.001/swg.fits[1]
scw/0185/018500840010.001/swg.fits[1]
scw/0185/018500850010.001/swg.fits[1]
scw/0185/018500860010.001/swg.fits[1]
scw/0185/018500870010.001/swg.fits[1]
scw/0185/018500880010.001/swg.fits[1]
scw/0185/018500890010.001/swg.fits[1]
scw/0185/018500900010.001/swg.fits[1]
scw/0185/018500910010.001/swg.fits[1]
scw/0185/018500920010.001/swg.fits[1]
scw/0185/018500930010.001/swg.fits[1]
scw/0185/018500940010.001/swg.fits[1]
scw/0185/018500950010.001/swg.fits[1]
scw/0185/018500960010.001/swg.fits[1]
scw/0185/018500970010.001/swg.fits[1]
scw/0185/018500980010.001/swg.fits[1]
scw/0185/018500990010.001/swg.fits[1]
scw/0185/018501000010.001/swg.fits[1]
scw/0185/018501010010.001/swg.fits[1]
scw/0185/018501020010.001/swg.fits[1]
scw/0185/018501030010.001/swg.fits[1]
scw/0185/018501040010.001/swg.fits[1]
scw/0185/018501050010.001/swg.fits[1]
scw/0185/018501060010.001/swg.fits[1]
scw/0185/018501070010.001/swg.fits[1]
scw/0186/018600200010.001/swg.fits[1]
scw/0186/018600210010.001/swg.fits[1]
scw/0186/018600220010.001/swg.fits[1]
scw/0186/018600240010.001/swg.fits[1]
scw/0186/018600250010.001/swg.fits[1]
scw/0186/018600260010.001/swg.fits[1]
scw/0186/018600270010.001/swg.fits[1]
scw/0186/018600280010.001/swg.fits[1]
scw/0186/018600290010.001/swg.fits[1]
scw/0186/018600300010.001/swg.fits[1]
scw/0186/018600330010.001/swg.fits[1]
scw/0186/018600340010.001/swg.fits[1]
scw/0186/018600350010.001/swg.fits[1]
scw/0186/018600360010.001/swg.fits[1]
scw/0186/018600370010.001/swg.fits[1]
scw/0186/018600380010.001/swg.fits[1]
scw/0186/018600390010.001/swg.fits[1]
scw/0186/018600410010.001/swg.fits[1]
scw/0186/018600420010.001/swg.fits[1]
scw/0186/018600430010.001/swg.fits[1]
scw/0186/018600440010.001/swg.fits[1]
scw/0186/018600450010.001/swg.fits[1]
scw/0186/018600460010.001/swg.fits[1]
scw/0186/018600470010.001/swg.fits[1]
scw/0186/018600480010.001/swg.fits[1]
scw/0186/018600490010.001/swg.fits[1]
scw/0186/018600500010.001/swg.fits[1]
scw/0186/018600510010.001/swg.fits[1]
scw/0186/018600520010.001/swg.fits[1]
scw/0186/018600530010.001/swg.fits[1]
scw/0186/018600540010.001/swg.fits[1]
scw/0186/018600550010.001/swg.fits[1]
scw/0186/018600560010.001/swg.fits[1]
scw/0186/018600570010.001/swg.fits[1]
scw/0186/018600580010.001/swg.fits[1]
scw/0186/018600590010.001/swg.fits[1]
scw/0186/018600600010.001/swg.fits[1]
scw/0186/018600610010.001/swg.fits[1]
scw/0186/018600620010.001/swg.fits[1]
scw/0186/018600630010.001/swg.fits[1]
scw/0186/018600640010.001/swg.fits[1]
scw/0186/018600650010.001/swg.fits[1]
scw/0186/018600660010.001/swg.fits[1]
scw/0186/018600670010.001/swg.fits[1]
scw/0186/018600680010.001/swg.fits[1]
scw/0186/018600690010.001/swg.fits[1]
scw/0186/018600700010.001/swg.fits[1]
scw/0186/018600710010.001/swg.fits[1]
scw/0186/018600720010.001/swg.fits[1]
scw/0186/018600730010.001/swg.fits[1]
scw/0186/018600740010.001/swg.fits[1]
scw/0186/018600750010.001/swg.fits[1]
scw/0186/018600760010.001/swg.fits[1]
scw/0186/018600770010.001/swg.fits[1]
scw/0186/018600780010.001/swg.fits[1]
scw/0186/018600790010.001/swg.fits[1]
scw/0226/022600440010.001/swg.fits[1]
scw/0226/022600450010.001/swg.fits[1]
scw/0226/022600460010.001/swg.fits[1]
scw/0226/022600670010.001/swg.fits[1]
scw/0226/022600680010.001/swg.fits[1]
scw/0226/022600690010.001/swg.fits[1]
scw/0227/022700050010.001/swg.fits[1]
scw/0227/022700060010.001/swg.fits[1]
scw/0227/022700070010.001/swg.fits[1]
scw/0227/022700080010.001/swg.fits[1]
scw/0227/022700090010.001/swg.fits[1]
scw/0227/022700160010.001/swg.fits[1]
scw/0227/022700170010.001/swg.fits[1]
scw/0227/022700270010.001/swg.fits[1]
scw/0227/022700280010.001/swg.fits[1]
scw/0227/022700350010.001/swg.fits[1]
scw/0227/022700360010.001/swg.fits[1]
scw/0227/022700370010.001/swg.fits[1]
scw/0227/022700380010.001/swg.fits[1]
scw/0227/022700390010.001/swg.fits[1]
scw/0229/022900660010.001/swg.fits[1]
scw/0229/022900670010.001/swg.fits[1]
scw/0229/022900680010.001/swg.fits[1]
scw/0229/022900730010.001/swg.fits[1]
scw/0229/022900740010.001/swg.fits[1]
scw/0229/022900750010.001/swg.fits[1]
scw/0230/023000050010.001/swg.fits[1]
scw/0230/023000060010.001/swg.fits[1]
scw/0230/023000070010.001/swg.fits[1]
scw/0230/023000120010.001/swg.fits[1]
scw/0230/023000130010.001/swg.fits[1]
scw/0230/023000140010.001/swg.fits[1]
scw/0230/023000190010.001/swg.fits[1]
scw/0230/023000200010.001/swg.fits[1]
scw/0230/023000210010.001/swg.fits[1]
scw/0230/023000260010.001/swg.fits[1]
scw/0230/023000270010.001/swg.fits[1]
scw/0230/023000280010.001/swg.fits[1]
scw/0230/023000330010.001/swg.fits[1]
scw/0230/023000340010.001/swg.fits[1]
scw/0230/023000350010.001/swg.fits[1]
scw/0230/023000360010.001/swg.fits[1]
scw/0230/023000370010.001/swg.fits[1]
scw/0230/023000420010.001/swg.fits[1]
scw/0230/023000430010.001/swg.fits[1]
scw/0230/023000440010.001/swg.fits[1]
scw/0230/023000490010.001/swg.fits[1]
scw/0230/023000500010.001/swg.fits[1]
scw/0230/023000510010.001/swg.fits[1]
scw/0230/023000560010.001/swg.fits[1]
scw/0230/023000570010.001/swg.fits[1]
scw/0230/023000580010.001/swg.fits[1]
scw/0231/023100040010.001/swg.fits[1]
scw/0231/023100050010.001/swg.fits[1]
scw/0231/023100060010.001/swg.fits[1]
scw/0231/023100110010.001/swg.fits[1]
scw/0231/023100120010.001/swg.fits[1]
scw/0231/023100130010.001/swg.fits[1]
scw/0231/023100180010.001/swg.fits[1]
scw/0231/023100190010.001/swg.fits[1]
scw/0231/023100200010.001/swg.fits[1]
scw/0232/023200630010.001/swg.fits[1]
scw/0232/023200640010.001/swg.fits[1]
scw/0232/023200710010.001/swg.fits[1]
scw/0232/023200720010.001/swg.fits[1]
scw/0232/023200820010.001/swg.fits[1]
scw/0232/023200890010.001/swg.fits[1]
scw/0232/023200900010.001/swg.fits[1]
scw/0233/023300200010.001/swg.fits[1]
scw/0233/023300210010.001/swg.fits[1]
scw/0233/023300220010.001/swg.fits[1]
scw/0234/023400980010.001/swg.fits[1]
scw/0234/023400990010.001/swg.fits[1]
scw/0235/023500820010.001/swg.fits[1]
scw/0235/023500830010.001/swg.fits[1]
scw/0235/023500840010.001/swg.fits[1]
scw/0235/023500850010.001/swg.fits[1]
scw/0236/023600060010.001/swg.fits[1]
scw/0236/023600070010.001/swg.fits[1]
scw/0236/023600080010.001/swg.fits[1]
scw/0236/023600130010.001/swg.fits[1]
scw/0236/023600140010.001/swg.fits[1]
scw/0236/023600150010.001/swg.fits[1]
scw/0236/023600160010.001/swg.fits[1]
scw/0236/023600170010.001/swg.fits[1]
scw/0236/023600240010.001/swg.fits[1]
scw/0236/023600250010.001/swg.fits[1]
scw/0236/023600350010.001/swg.fits[1]
scw/0236/023600360010.001/swg.fits[1]
scw/0236/023600370010.001/swg.fits[1]
scw/0236/023600430010.001/swg.fits[1]
scw/0236/023600440010.001/swg.fits[1]
scw/0236/023600450010.001/swg.fits[1]
scw/0236/023600460010.001/swg.fits[1]
scw/0236/023600470010.001/swg.fits[1]
scw/0236/023600480010.001/swg.fits[1]
scw/0236/023600520010.001/swg.fits[1]
scw/0236/023600530010.001/swg.fits[1]
scw/0236/023600540010.001/swg.fits[1]
scw/0236/023600550010.001/swg.fits[1]
scw/0236/023600570010.001/swg.fits[1]
scw/0236/023600580010.001/swg.fits[1]
scw/0236/023600590010.001/swg.fits[1]
scw/0236/023600650010.001/swg.fits[1]
scw/0236/023600660010.001/swg.fits[1]
scw/0236/023600670010.001/swg.fits[1]
scw/0236/023600680010.001/swg.fits[1]
scw/0236/023600760010.001/swg.fits[1]
scw/0236/023600870010.001/swg.fits[1]
scw/0236/023600880010.001/swg.fits[1]
scw/0236/023600950010.001/swg.fits[1]
scw/0236/023600980010.001/swg.fits[1]
scw/0236/023600990010.001/swg.fits[1]
scw/0236/023601040010.001/swg.fits[1]
scw/0236/023601050010.001/swg.fits[1]
scw/0237/023700190010.001/swg.fits[1]
scw/0237/023700220010.001/swg.fits[1]
scw/0237/023700230010.001/swg.fits[1]
scw/0237/023700240010.001/swg.fits[1]
scw/0237/023700290010.001/swg.fits[1]
