scw/1468/146800950010.001/swg.fits[1]
scw/1468/146800960010.001/swg.fits[1]
scw/1468/146800970010.001/swg.fits[1]
scw/1469/146900180010.001/swg.fits[1]
scw/1469/146900190010.001/swg.fits[1]
scw/1469/146900200010.001/swg.fits[1]
scw/1469/146900390010.001/swg.fits[1]
scw/1469/146900400010.001/swg.fits[1]
scw/1469/146900410010.001/swg.fits[1]
scw/1469/146900420010.001/swg.fits[1]
scw/1469/146900430010.001/swg.fits[1]
scw/1469/146900440010.001/swg.fits[1]
scw/1469/146900450010.001/swg.fits[1]
scw/1469/146900680010.001/swg.fits[1]
scw/1469/146900690010.001/swg.fits[1]
scw/1469/146900700010.001/swg.fits[1]
scw/1470/147000410010.001/swg.fits[1]
scw/1470/147000420010.001/swg.fits[1]
scw/1501/150100030010.001/swg.fits[1]
scw/1501/150100040010.001/swg.fits[1]
scw/1501/150100050010.001/swg.fits[1]
scw/1501/150100470010.001/swg.fits[1]
scw/1501/150100480010.001/swg.fits[1]
scw/1501/150100490010.001/swg.fits[1]
scw/1501/150100500010.001/swg.fits[1]
scw/1501/150100500020.001/swg.fits[1]
scw/1502/150200040010.001/swg.fits[1]
scw/1502/150200050010.001/swg.fits[1]
scw/1502/150200060010.001/swg.fits[1]
scw/1502/150200070010.001/swg.fits[1]
scw/1502/150200510010.001/swg.fits[1]
scw/1502/150200520010.001/swg.fits[1]
scw/1502/150200530010.001/swg.fits[1]
scw/1502/150200540010.001/swg.fits[1]
scw/1508/150800500010.001/swg.fits[1]
scw/1508/150800510010.001/swg.fits[1]
scw/1508/150800520010.001/swg.fits[1]
scw/1508/150800580010.001/swg.fits[1]
scw/1508/150800590010.001/swg.fits[1]
scw/1508/150800600010.001/swg.fits[1]
scw/1508/150800610010.001/swg.fits[1]
scw/1508/150800620010.001/swg.fits[1]
scw/1508/150800630010.001/swg.fits[1]
scw/1508/150800840010.001/swg.fits[1]
scw/1508/150800850010.001/swg.fits[1]
scw/1508/150800860010.001/swg.fits[1]
scw/1509/150900110010.001/swg.fits[1]
scw/1509/150900120010.001/swg.fits[1]
scw/1509/150900130010.001/swg.fits[1]
scw/1509/150900190010.001/swg.fits[1]
scw/1509/150900200010.001/swg.fits[1]
scw/1509/150900210010.001/swg.fits[1]
scw/1509/150900220010.001/swg.fits[1]
scw/1509/150900230010.001/swg.fits[1]
scw/1509/150900240010.001/swg.fits[1]
scw/1509/150900380010.001/swg.fits[1]
scw/1509/150900390010.001/swg.fits[1]
scw/1509/150900450010.001/swg.fits[1]
scw/1509/150900460010.001/swg.fits[1]
scw/1509/150900470010.001/swg.fits[1]
scw/1509/150900480010.001/swg.fits[1]
scw/1509/150900490010.001/swg.fits[1]
scw/1509/150900500010.001/swg.fits[1]
scw/1509/150900510010.001/swg.fits[1]
scw/1509/150900630010.001/swg.fits[1]
scw/1509/150900640010.001/swg.fits[1]
scw/1509/150900650010.001/swg.fits[1]
scw/1509/150900720010.001/swg.fits[1]
scw/1509/150900730010.001/swg.fits[1]
scw/1509/150900740010.001/swg.fits[1]
scw/1509/150900750010.001/swg.fits[1]
scw/1509/150900760010.001/swg.fits[1]
scw/1509/150900970010.001/swg.fits[1]
scw/1509/150900980010.001/swg.fits[1]
scw/1509/150900990010.001/swg.fits[1]
scw/1510/151000020010.001/swg.fits[1]
scw/1510/151000030010.001/swg.fits[1]
scw/1510/151000040010.001/swg.fits[1]
scw/1510/151000340010.001/swg.fits[1]
scw/1510/151000350010.001/swg.fits[1]
scw/1510/151000360010.001/swg.fits[1]
scw/1510/151000420010.001/swg.fits[1]
scw/1510/151000430010.001/swg.fits[1]
scw/1510/151000440010.001/swg.fits[1]
scw/1510/151000450010.001/swg.fits[1]
scw/1510/151000460010.001/swg.fits[1]
scw/1510/151000470010.001/swg.fits[1]
scw/1510/151000600010.001/swg.fits[1]
scw/1510/151000610010.001/swg.fits[1]
scw/1510/151000620010.001/swg.fits[1]
scw/1510/151000680010.001/swg.fits[1]
scw/1510/151000690010.001/swg.fits[1]
scw/1510/151000700010.001/swg.fits[1]
scw/1510/151000710010.001/swg.fits[1]
scw/1510/151000720010.001/swg.fits[1]
scw/1510/151000730010.001/swg.fits[1]
scw/1510/151000870010.001/swg.fits[1]
scw/1511/151100020010.001/swg.fits[1]
scw/1511/151100030010.001/swg.fits[1]
scw/1511/151100040010.001/swg.fits[1]
scw/1511/151100050010.001/swg.fits[1]
scw/1511/151100080010.001/swg.fits[1]
scw/1511/151100090010.001/swg.fits[1]
scw/1511/151100100010.001/swg.fits[1]
scw/1511/151100110010.001/swg.fits[1]
scw/1511/151100120010.001/swg.fits[1]
scw/1511/151100150010.001/swg.fits[1]
scw/1511/151100160010.001/swg.fits[1]
scw/1511/151100170010.001/swg.fits[1]
scw/1511/151100180010.001/swg.fits[1]
scw/1511/151100190010.001/swg.fits[1]
scw/1511/151100220010.001/swg.fits[1]
scw/1511/151100230010.001/swg.fits[1]
scw/1511/151100240010.001/swg.fits[1]
scw/1511/151100250010.001/swg.fits[1]
scw/1511/151100260010.001/swg.fits[1]
scw/1511/151100290010.001/swg.fits[1]
scw/1511/151100300010.001/swg.fits[1]
scw/1511/151100310010.001/swg.fits[1]
scw/1511/151100320010.001/swg.fits[1]
scw/1511/151100460010.001/swg.fits[1]
scw/1511/151100470010.001/swg.fits[1]
scw/1511/151100480010.001/swg.fits[1]
scw/1511/151100610010.001/swg.fits[1]
scw/1511/151100620010.001/swg.fits[1]
scw/1511/151100630010.001/swg.fits[1]
scw/1511/151100700010.001/swg.fits[1]
scw/1511/151100710010.001/swg.fits[1]
scw/1511/151100720010.001/swg.fits[1]
scw/1511/151100730010.001/swg.fits[1]
scw/1511/151100740010.001/swg.fits[1]
scw/1512/151200020010.001/swg.fits[1]
scw/1512/151200030010.001/swg.fits[1]
scw/1512/151200040010.001/swg.fits[1]
scw/1512/151200350010.001/swg.fits[1]
scw/1512/151200420010.001/swg.fits[1]
scw/1512/151200430010.001/swg.fits[1]
scw/1512/151200440010.001/swg.fits[1]
scw/1512/151200450010.001/swg.fits[1]
scw/1512/151200460010.001/swg.fits[1]
scw/1512/151200470010.001/swg.fits[1]
scw/1512/151200480010.001/swg.fits[1]
scw/1512/151200610010.001/swg.fits[1]
scw/1512/151200620010.001/swg.fits[1]
scw/1512/151200680010.001/swg.fits[1]
scw/1512/151200690010.001/swg.fits[1]
scw/1512/151200700010.001/swg.fits[1]
scw/1512/151200710010.001/swg.fits[1]
scw/1512/151200720010.001/swg.fits[1]
scw/1512/151200730010.001/swg.fits[1]
scw/1512/151200740010.001/swg.fits[1]
scw/1512/151200860010.001/swg.fits[1]
scw/1512/151200870010.001/swg.fits[1]
scw/1512/151200880010.001/swg.fits[1]
scw/1512/151200940010.001/swg.fits[1]
scw/1512/151200950010.001/swg.fits[1]
scw/1512/151200960010.001/swg.fits[1]
scw/1512/151200970010.001/swg.fits[1]
scw/1512/151200980010.001/swg.fits[1]
scw/1512/151200990010.001/swg.fits[1]
scw/1512/151201000010.001/swg.fits[1]
scw/1513/151300020010.001/swg.fits[1]
scw/1513/151300030010.001/swg.fits[1]
scw/1513/151300040010.001/swg.fits[1]
scw/1513/151300340010.001/swg.fits[1]
scw/1513/151300350010.001/swg.fits[1]
scw/1513/151300360010.001/swg.fits[1]
scw/1513/151300420010.001/swg.fits[1]
scw/1513/151300430010.001/swg.fits[1]
scw/1513/151300440010.001/swg.fits[1]
scw/1513/151300450010.001/swg.fits[1]
scw/1513/151300460010.001/swg.fits[1]
scw/1513/151300470010.001/swg.fits[1]
scw/1513/151300480010.001/swg.fits[1]
scw/1513/151300610010.001/swg.fits[1]
scw/1513/151300620010.001/swg.fits[1]
scw/1513/151300680010.001/swg.fits[1]
scw/1513/151300690010.001/swg.fits[1]
scw/1513/151300700010.001/swg.fits[1]
scw/1513/151300710010.001/swg.fits[1]
scw/1513/151300720010.001/swg.fits[1]
scw/1513/151300730010.001/swg.fits[1]
scw/1513/151300870010.001/swg.fits[1]
scw/1513/151300880010.001/swg.fits[1]
scw/1514/151400120010.001/swg.fits[1]
scw/1514/151400130010.001/swg.fits[1]
scw/1514/151400190010.001/swg.fits[1]
scw/1514/151400200010.001/swg.fits[1]
scw/1514/151400210010.001/swg.fits[1]
scw/1514/151400220010.001/swg.fits[1]
scw/1514/151400230010.001/swg.fits[1]
scw/1514/151400370010.001/swg.fits[1]
scw/1514/151400380010.001/swg.fits[1]
scw/1514/151400390010.001/swg.fits[1]
scw/1514/151400460010.001/swg.fits[1]
scw/1514/151400470010.001/swg.fits[1]
scw/1514/151400480010.001/swg.fits[1]
scw/1514/151400490010.001/swg.fits[1]
scw/1514/151400500010.001/swg.fits[1]
scw/1514/151400710010.001/swg.fits[1]
scw/1514/151400720010.001/swg.fits[1]
scw/1514/151400730010.001/swg.fits[1]
scw/1514/151400870010.001/swg.fits[1]
scw/1514/151400880010.001/swg.fits[1]
scw/1514/151400890010.001/swg.fits[1]
scw/1514/151400950010.001/swg.fits[1]
scw/1517/151700050010.001/swg.fits[1]
scw/1517/151700060010.001/swg.fits[1]
scw/1517/151700070010.001/swg.fits[1]
scw/1517/151700280010.001/swg.fits[1]
scw/1517/151700300010.001/swg.fits[1]
scw/1517/151700310010.001/swg.fits[1]
scw/1517/151700680010.001/swg.fits[1]
scw/1517/151700750010.001/swg.fits[1]
scw/1517/151700760010.001/swg.fits[1]
scw/1517/151700770010.001/swg.fits[1]
scw/1517/151700800010.001/swg.fits[1]
scw/1517/151700810010.001/swg.fits[1]
scw/1517/151700820010.001/swg.fits[1]
scw/1519/151900190010.001/swg.fits[1]
scw/1519/151900200010.001/swg.fits[1]
scw/1519/151900210010.001/swg.fits[1]
scw/1519/151900480010.001/swg.fits[1]
scw/1519/151900490010.001/swg.fits[1]
scw/1519/151900500010.001/swg.fits[1]
scw/1519/151900720010.001/swg.fits[1]
scw/1519/151900730010.001/swg.fits[1]
scw/1519/151900740010.001/swg.fits[1]
scw/1519/151900800010.001/swg.fits[1]
scw/1519/151900810010.001/swg.fits[1]
scw/1519/151900820010.001/swg.fits[1]
scw/1519/151900830010.001/swg.fits[1]
scw/1519/151900840010.001/swg.fits[1]
scw/1519/151900850010.001/swg.fits[1]
scw/1521/152100180010.001/swg.fits[1]
scw/1521/152100190010.001/swg.fits[1]
scw/1521/152100200010.001/swg.fits[1]
scw/1521/152100470010.001/swg.fits[1]
scw/1521/152100480010.001/swg.fits[1]
scw/1521/152100490010.001/swg.fits[1]
scw/1521/152100620010.001/swg.fits[1]
scw/1521/152100630010.001/swg.fits[1]
scw/1521/152100640010.001/swg.fits[1]
scw/1521/152100650010.001/swg.fits[1]
scw/1521/152100660010.001/swg.fits[1]
scw/1521/152100670010.001/swg.fits[1]
scw/1521/152100680010.001/swg.fits[1]
