scw/0055/005500770010.001/swg.fits[1]
scw/0055/005500780010.001/swg.fits[1]
scw/0055/005500790010.001/swg.fits[1]
scw/0066/006600030010.001/swg.fits[1]
scw/0066/006600040010.001/swg.fits[1]
scw/0170/017001000010.001/swg.fits[1]
scw/0170/017001010010.001/swg.fits[1]
scw/0170/017001020010.001/swg.fits[1]
scw/0177/017700110010.001/swg.fits[1]
scw/0186/018600900010.001/swg.fits[1]
scw/0186/018600910010.001/swg.fits[1]
scw/0186/018600920010.001/swg.fits[1]
scw/0229/022900540010.001/swg.fits[1]
scw/0229/022900550010.001/swg.fits[1]
scw/0256/025600040010.001/swg.fits[1]
scw/0301/030100100010.001/swg.fits[1]
scw/0301/030100110010.001/swg.fits[1]
scw/0301/030100120010.001/swg.fits[1]
scw/0380/038000020010.001/swg.fits[1]
scw/0380/038000030010.001/swg.fits[1]
scw/0432/043200670010.001/swg.fits[1]
scw/0432/043200680010.001/swg.fits[1]
scw/0433/043300210010.001/swg.fits[1]
scw/0903/090301000010.001/swg.fits[1]
scw/0918/091800520010.001/swg.fits[1]
scw/0918/091800530010.001/swg.fits[1]
scw/0918/091800540010.001/swg.fits[1]
scw/0918/091800710010.001/swg.fits[1]
scw/0919/091900630010.001/swg.fits[1]
scw/0919/091900640010.001/swg.fits[1]
scw/0919/091900800010.001/swg.fits[1]
scw/0919/091900810010.001/swg.fits[1]
scw/0919/091900820010.001/swg.fits[1]
scw/0919/091900830010.001/swg.fits[1]
scw/0919/091900840010.001/swg.fits[1]
scw/0920/092000580010.001/swg.fits[1]
scw/0920/092000750010.001/swg.fits[1]
scw/0920/092000760010.001/swg.fits[1]
scw/0920/092000770010.001/swg.fits[1]
scw/0920/092000780010.001/swg.fits[1]
scw/0920/092000790010.001/swg.fits[1]
scw/0920/092000970010.001/swg.fits[1]
scw/0921/092100650010.001/swg.fits[1]
scw/0921/092100820010.001/swg.fits[1]
scw/0921/092100830010.001/swg.fits[1]
scw/0921/092100840010.001/swg.fits[1]
scw/0921/092100850010.001/swg.fits[1]
scw/0921/092100860010.001/swg.fits[1]
scw/0922/092200580010.001/swg.fits[1]
scw/0922/092200590010.001/swg.fits[1]
scw/0922/092200750010.001/swg.fits[1]
scw/0922/092200760010.001/swg.fits[1]
scw/0922/092200770010.001/swg.fits[1]
scw/0922/092200780010.001/swg.fits[1]
scw/0922/092200790010.001/swg.fits[1]
scw/0922/092200800010.001/swg.fits[1]
scw/0922/092200970010.001/swg.fits[1]
scw/0923/092300650010.001/swg.fits[1]
scw/0923/092300830010.001/swg.fits[1]
scw/0923/092300840010.001/swg.fits[1]
scw/0923/092300850010.001/swg.fits[1]
scw/0923/092300860010.001/swg.fits[1]
scw/0923/092300870010.001/swg.fits[1]
scw/0923/092301030010.001/swg.fits[1]
scw/0923/092301040010.001/swg.fits[1]
scw/0971/097100510010.001/swg.fits[1]
scw/0971/097100520010.001/swg.fits[1]
scw/0971/097100530010.001/swg.fits[1]
scw/0971/097100540010.001/swg.fits[1]
scw/0971/097100550010.001/swg.fits[1]
scw/0971/097100560010.001/swg.fits[1]
scw/0971/097100570010.001/swg.fits[1]
scw/0971/097100580010.001/swg.fits[1]
scw/0971/097100590010.001/swg.fits[1]
scw/0971/097100600010.001/swg.fits[1]
scw/0971/097100610010.001/swg.fits[1]
scw/0971/097100620010.001/swg.fits[1]
scw/0971/097100630010.001/swg.fits[1]
scw/0971/097100640010.001/swg.fits[1]
scw/0973/097300550010.001/swg.fits[1]
scw/0973/097300570010.001/swg.fits[1]
scw/0973/097300580010.001/swg.fits[1]
scw/0973/097300590010.001/swg.fits[1]
scw/0973/097300600010.001/swg.fits[1]
scw/0973/097300610010.001/swg.fits[1]
scw/0973/097300620010.001/swg.fits[1]
scw/0973/097300630010.001/swg.fits[1]
scw/0973/097300640010.001/swg.fits[1]
scw/0973/097300650010.001/swg.fits[1]
scw/0973/097300660010.001/swg.fits[1]
scw/0973/097300670010.001/swg.fits[1]
scw/0973/097300680010.001/swg.fits[1]
scw/0973/097300710010.001/swg.fits[1]
scw/0973/097300720010.001/swg.fits[1]
scw/0973/097300730010.001/swg.fits[1]
scw/0973/097300740010.001/swg.fits[1]
scw/0973/097300750010.001/swg.fits[1]
scw/0973/097300760010.001/swg.fits[1]
scw/0973/097300770010.001/swg.fits[1]
scw/0973/097300780010.001/swg.fits[1]
scw/0973/097300800010.001/swg.fits[1]
scw/0973/097300810010.001/swg.fits[1]
scw/0973/097300820010.001/swg.fits[1]
scw/0973/097300830010.001/swg.fits[1]
scw/0973/097300840010.001/swg.fits[1]
scw/0974/097400170010.001/swg.fits[1]
scw/0974/097400180010.001/swg.fits[1]
scw/0974/097400190010.001/swg.fits[1]
scw/0974/097400200010.001/swg.fits[1]
scw/0974/097400210010.001/swg.fits[1]
scw/0974/097400220010.001/swg.fits[1]
scw/0974/097400230010.001/swg.fits[1]
scw/0974/097400240010.001/swg.fits[1]
scw/0974/097400250010.001/swg.fits[1]
scw/0974/097400260010.001/swg.fits[1]
scw/0974/097400270010.001/swg.fits[1]
scw/0974/097400280010.001/swg.fits[1]
scw/0974/097400290010.001/swg.fits[1]
scw/0974/097400300010.001/swg.fits[1]
scw/0974/097400330010.001/swg.fits[1]
scw/0974/097400340010.001/swg.fits[1]
scw/0974/097400350010.001/swg.fits[1]
scw/0974/097400360010.001/swg.fits[1]
scw/0974/097400370010.001/swg.fits[1]
scw/0974/097400380010.001/swg.fits[1]
scw/0974/097400390010.001/swg.fits[1]
scw/0974/097400400010.001/swg.fits[1]
scw/0974/097400410010.001/swg.fits[1]
scw/0974/097400420010.001/swg.fits[1]
scw/0974/097400430010.001/swg.fits[1]
scw/0974/097400440010.001/swg.fits[1]
scw/0974/097400450010.001/swg.fits[1]
scw/0974/097400460010.001/swg.fits[1]
scw/0975/097500050010.001/swg.fits[1]
scw/0975/097500060010.001/swg.fits[1]
scw/0975/097500070010.001/swg.fits[1]
scw/0975/097500080010.001/swg.fits[1]
scw/0975/097500090010.001/swg.fits[1]
scw/0975/097500100010.001/swg.fits[1]
scw/0975/097500110010.001/swg.fits[1]
