scw/0413/041300760010.001/swg.fits[1]
scw/0413/041300770010.001/swg.fits[1]
scw/0413/041300780010.001/swg.fits[1]
scw/0414/041400020010.001/swg.fits[1]
scw/0414/041400030010.001/swg.fits[1]
scw/0414/041400040010.001/swg.fits[1]
scw/0415/041500320010.001/swg.fits[1]
scw/0415/041500330010.001/swg.fits[1]
scw/0415/041500340010.001/swg.fits[1]
scw/0415/041500390010.001/swg.fits[1]
scw/0415/041500580010.001/swg.fits[1]
scw/0415/041500590010.001/swg.fits[1]
scw/0415/041500600010.001/swg.fits[1]
scw/0415/041500610010.001/swg.fits[1]
scw/0415/041500660010.001/swg.fits[1]
scw/0415/041500670010.001/swg.fits[1]
scw/0415/041500680010.001/swg.fits[1]
scw/0415/041500690010.001/swg.fits[1]
scw/0415/041500700010.001/swg.fits[1]
scw/0415/041500710010.001/swg.fits[1]
scw/0415/041500720010.001/swg.fits[1]
scw/0415/041500750010.001/swg.fits[1]
scw/0416/041600020010.001/swg.fits[1]
scw/0416/041600030010.001/swg.fits[1]
scw/0416/041600040010.001/swg.fits[1]
scw/0416/041600100010.001/swg.fits[1]
scw/0416/041600110010.001/swg.fits[1]
scw/0416/041600120010.001/swg.fits[1]
scw/0416/041600130010.001/swg.fits[1]
scw/0416/041600140010.001/swg.fits[1]
scw/0416/041600150010.001/swg.fits[1]
scw/0416/041600160010.001/swg.fits[1]
scw/0416/041600170010.001/swg.fits[1]
scw/0416/041600180010.001/swg.fits[1]
scw/0416/041600190010.001/swg.fits[1]
scw/0416/041600200010.001/swg.fits[1]
scw/0416/041600210010.001/swg.fits[1]
scw/0416/041600220010.001/swg.fits[1]
scw/0416/041600230010.001/swg.fits[1]
scw/0416/041600560010.001/swg.fits[1]
scw/0416/041600570010.001/swg.fits[1]
scw/0416/041600580010.001/swg.fits[1]
scw/0416/041600590010.001/swg.fits[1]
scw/0416/041600600010.001/swg.fits[1]
scw/0416/041600610010.001/swg.fits[1]
scw/0416/041600620010.001/swg.fits[1]
scw/0416/041600630010.001/swg.fits[1]
scw/0416/041600640010.001/swg.fits[1]
scw/0416/041600650010.001/swg.fits[1]
scw/0416/041600660010.001/swg.fits[1]
scw/0416/041600670010.001/swg.fits[1]
scw/0416/041600680010.001/swg.fits[1]
scw/0416/041600690010.001/swg.fits[1]
scw/0416/041600720010.001/swg.fits[1]
scw/0416/041600730010.001/swg.fits[1]
scw/0416/041600740010.001/swg.fits[1]
scw/0416/041600750010.001/swg.fits[1]
scw/0416/041600760010.001/swg.fits[1]
scw/0416/041600770010.001/swg.fits[1]
scw/0416/041600780010.001/swg.fits[1]
scw/0416/041600790010.001/swg.fits[1]
scw/0416/041600800010.001/swg.fits[1]
scw/0416/041600810010.001/swg.fits[1]
scw/0416/041600820010.001/swg.fits[1]
scw/0416/041600830010.001/swg.fits[1]
scw/0416/041600840010.001/swg.fits[1]
scw/0416/041600850010.001/swg.fits[1]
scw/0417/041700180010.001/swg.fits[1]
scw/0417/041700190010.001/swg.fits[1]
scw/0417/041700200010.001/swg.fits[1]
scw/0417/041700210010.001/swg.fits[1]
scw/0417/041700220010.001/swg.fits[1]
scw/0417/041700230010.001/swg.fits[1]
scw/0417/041700240010.001/swg.fits[1]
scw/0417/041700250010.001/swg.fits[1]
scw/0417/041700260010.001/swg.fits[1]
scw/0417/041700270010.001/swg.fits[1]
scw/0417/041700280010.001/swg.fits[1]
scw/0417/041700290010.001/swg.fits[1]
scw/0417/041700300010.001/swg.fits[1]
scw/0417/041700310010.001/swg.fits[1]
scw/0417/041700340010.001/swg.fits[1]
scw/0417/041700350010.001/swg.fits[1]
scw/0417/041700360010.001/swg.fits[1]
scw/0417/041700370010.001/swg.fits[1]
scw/0417/041700380010.001/swg.fits[1]
scw/0417/041700390010.001/swg.fits[1]
scw/0417/041700400010.001/swg.fits[1]
scw/0417/041700410010.001/swg.fits[1]
scw/0417/041700420010.001/swg.fits[1]
scw/0417/041700430010.001/swg.fits[1]
scw/0417/041700440010.001/swg.fits[1]
scw/0417/041700450010.001/swg.fits[1]
scw/0417/041700460010.001/swg.fits[1]
scw/0417/041700470010.001/swg.fits[1]
scw/0417/041700660010.001/swg.fits[1]
scw/0417/041700670010.001/swg.fits[1]
scw/0417/041700680010.001/swg.fits[1]
scw/0417/041700730010.001/swg.fits[1]
scw/0417/041700740010.001/swg.fits[1]
scw/0417/041700750010.001/swg.fits[1]
scw/0417/041700760010.001/swg.fits[1]
scw/0417/041700770010.001/swg.fits[1]
scw/0417/041700780010.001/swg.fits[1]
scw/0417/041700790010.001/swg.fits[1]
scw/0417/041700800010.001/swg.fits[1]
scw/0417/041700810010.001/swg.fits[1]
scw/0417/041700820010.001/swg.fits[1]
scw/0417/041700830010.001/swg.fits[1]
scw/0417/041700840010.001/swg.fits[1]
scw/0417/041700880010.001/swg.fits[1]
scw/0417/041700890010.001/swg.fits[1]
scw/0417/041700900010.001/swg.fits[1]
scw/0418/041800020010.001/swg.fits[1]
scw/0418/041800030010.001/swg.fits[1]
scw/0418/041800040010.001/swg.fits[1]
scw/0418/041800090010.001/swg.fits[1]
scw/0418/041800100010.001/swg.fits[1]
scw/0418/041800110010.001/swg.fits[1]
scw/0418/041800150010.001/swg.fits[1]
scw/0418/041800150020.001/swg.fits[1]
scw/0418/041800200010.001/swg.fits[1]
scw/0418/041800210010.001/swg.fits[1]
scw/0418/041800220010.001/swg.fits[1]
scw/0418/041800230010.001/swg.fits[1]
scw/0418/041800240010.001/swg.fits[1]
scw/0418/041800250010.001/swg.fits[1]
scw/0418/041800260010.001/swg.fits[1]
scw/0418/041800270010.001/swg.fits[1]
scw/0418/041800280010.001/swg.fits[1]
scw/0418/041800290010.001/swg.fits[1]
scw/0418/041800300010.001/swg.fits[1]
scw/0418/041800310010.001/swg.fits[1]
scw/0418/041800320010.001/swg.fits[1]
scw/0418/041800330010.001/swg.fits[1]
scw/0418/041800340010.001/swg.fits[1]
scw/0418/041800350010.001/swg.fits[1]
scw/0418/041800360010.001/swg.fits[1]
scw/0418/041800370010.001/swg.fits[1]
scw/0418/041800380010.001/swg.fits[1]
scw/0418/041800390010.001/swg.fits[1]
scw/0418/041800400010.001/swg.fits[1]
scw/0418/041800410010.001/swg.fits[1]
scw/0418/041800420010.001/swg.fits[1]
scw/0418/041800430010.001/swg.fits[1]
scw/0418/041800440010.001/swg.fits[1]
scw/0418/041800450010.001/swg.fits[1]
scw/0418/041800460010.001/swg.fits[1]
scw/0418/041800470010.001/swg.fits[1]
scw/0418/041800480010.001/swg.fits[1]
scw/0418/041800490010.001/swg.fits[1]
scw/0418/041800500010.001/swg.fits[1]
scw/0418/041800510010.001/swg.fits[1]
scw/0418/041800520010.001/swg.fits[1]
scw/0418/041800530010.001/swg.fits[1]
scw/0418/041800540010.001/swg.fits[1]
scw/0418/041800560010.001/swg.fits[1]
scw/0418/041800570010.001/swg.fits[1]
scw/0418/041800590010.001/swg.fits[1]
scw/0418/041800600010.001/swg.fits[1]
scw/0418/041800610010.001/swg.fits[1]
scw/0418/041800620010.001/swg.fits[1]
scw/0418/041800630010.001/swg.fits[1]
scw/0418/041800640010.001/swg.fits[1]
scw/0419/041900020010.001/swg.fits[1]
scw/0419/041900030010.001/swg.fits[1]
scw/0419/041900040010.001/swg.fits[1]
scw/0419/041900090010.001/swg.fits[1]
scw/0419/041900130010.001/swg.fits[1]
scw/0419/041900140010.001/swg.fits[1]
scw/0419/041900150010.001/swg.fits[1]
scw/0419/041900160010.001/swg.fits[1]
scw/0419/041900170010.001/swg.fits[1]
scw/0419/041900180010.001/swg.fits[1]
scw/0419/041900190010.001/swg.fits[1]
scw/0419/041900200010.001/swg.fits[1]
scw/0419/041900210010.001/swg.fits[1]
scw/0419/041900220010.001/swg.fits[1]
scw/0419/041900230010.001/swg.fits[1]
scw/0419/041900240010.001/swg.fits[1]
scw/0419/041900250010.001/swg.fits[1]
scw/0419/041900260010.001/swg.fits[1]
scw/0419/041900270010.001/swg.fits[1]
scw/0419/041900280010.001/swg.fits[1]
scw/0419/041900290010.001/swg.fits[1]
scw/0419/041900300010.001/swg.fits[1]
scw/0419/041900310010.001/swg.fits[1]
scw/0419/041900320010.001/swg.fits[1]
scw/0419/041900330010.001/swg.fits[1]
scw/0419/041900340010.001/swg.fits[1]
scw/0419/041900350010.001/swg.fits[1]
scw/0419/041900360010.001/swg.fits[1]
scw/0419/041900370010.001/swg.fits[1]
scw/0419/041900380010.001/swg.fits[1]
scw/0419/041900390010.001/swg.fits[1]
scw/0419/041900400010.001/swg.fits[1]
scw/0419/041900410010.001/swg.fits[1]
scw/0419/041900420010.001/swg.fits[1]
scw/0419/041900430010.001/swg.fits[1]
scw/0419/041900440010.001/swg.fits[1]
scw/0419/041900450010.001/swg.fits[1]
scw/0419/041900450020.001/swg.fits[1]
scw/0419/041900570010.001/swg.fits[1]
scw/0419/041900580010.001/swg.fits[1]
scw/0420/042000260010.001/swg.fits[1]
scw/0420/042000290010.001/swg.fits[1]
scw/0420/042000300010.001/swg.fits[1]
scw/0420/042000350010.001/swg.fits[1]
scw/0420/042000360010.001/swg.fits[1]
scw/0420/042000370010.001/swg.fits[1]
scw/0420/042000380010.001/swg.fits[1]
scw/0420/042000390010.001/swg.fits[1]
scw/0420/042000400010.001/swg.fits[1]
scw/0420/042000420010.001/swg.fits[1]
scw/0420/042000430010.001/swg.fits[1]
scw/0420/042000440010.001/swg.fits[1]
scw/0420/042000450010.001/swg.fits[1]
scw/0420/042000460010.001/swg.fits[1]
scw/0420/042000470010.001/swg.fits[1]
scw/0420/042000480010.001/swg.fits[1]
scw/0420/042000490010.001/swg.fits[1]
scw/0420/042000510010.001/swg.fits[1]
scw/0420/042000520010.001/swg.fits[1]
scw/0420/042000530010.001/swg.fits[1]
scw/0420/042000540010.001/swg.fits[1]
scw/0420/042000550010.001/swg.fits[1]
scw/0420/042000560010.001/swg.fits[1]
scw/0420/042000570010.001/swg.fits[1]
scw/0420/042000580010.001/swg.fits[1]
scw/0420/042000590010.001/swg.fits[1]
scw/0420/042000600010.001/swg.fits[1]
scw/0420/042000610010.001/swg.fits[1]
scw/0420/042000620010.001/swg.fits[1]
scw/0420/042000630010.001/swg.fits[1]
scw/0420/042000640010.001/swg.fits[1]
scw/0420/042000650010.001/swg.fits[1]
scw/0420/042000660010.001/swg.fits[1]
scw/0420/042000670010.001/swg.fits[1]
scw/0420/042000680010.001/swg.fits[1]
scw/0420/042000690010.001/swg.fits[1]
scw/0420/042000700010.001/swg.fits[1]
scw/0420/042000710010.001/swg.fits[1]
scw/0420/042000720010.001/swg.fits[1]
scw/0420/042000730010.001/swg.fits[1]
scw/0421/042100030010.001/swg.fits[1]
scw/0421/042100040010.001/swg.fits[1]
scw/0421/042100050010.001/swg.fits[1]
