scw/0522/052200420010.001/swg.fits[1]
scw/0522/052200430010.001/swg.fits[1]
scw/0522/052200440010.001/swg.fits[1]
scw/0522/052200450010.001/swg.fits[1]
scw/0522/052200460010.001/swg.fits[1]
scw/0522/052200470010.001/swg.fits[1]
scw/0522/052200480010.001/swg.fits[1]
scw/0522/052200490010.001/swg.fits[1]
scw/0522/052200500010.001/swg.fits[1]
scw/0522/052200510010.001/swg.fits[1]
scw/0522/052200520010.001/swg.fits[1]
scw/0522/052200530010.001/swg.fits[1]
scw/0522/052200540010.001/swg.fits[1]
scw/0522/052200550010.001/swg.fits[1]
scw/0522/052200560010.001/swg.fits[1]
scw/0561/056100020010.001/swg.fits[1]
scw/0561/056100030010.001/swg.fits[1]
scw/0561/056100040010.001/swg.fits[1]
scw/0561/056100050010.001/swg.fits[1]
scw/0561/056100060010.001/swg.fits[1]
scw/0561/056100070010.001/swg.fits[1]
scw/0561/056100080010.001/swg.fits[1]
scw/0561/056100090010.001/swg.fits[1]
scw/0561/056100100010.001/swg.fits[1]
scw/0561/056100110010.001/swg.fits[1]
scw/0561/056100120010.001/swg.fits[1]
scw/0561/056100130010.001/swg.fits[1]
scw/0561/056100140010.001/swg.fits[1]
scw/0561/056100150010.001/swg.fits[1]
scw/0561/056100160010.001/swg.fits[1]
scw/0561/056100170010.001/swg.fits[1]
scw/0561/056100180010.001/swg.fits[1]
scw/0561/056100190010.001/swg.fits[1]
scw/0561/056100200010.001/swg.fits[1]
scw/0561/056100210010.001/swg.fits[1]
scw/0561/056100220010.001/swg.fits[1]
scw/0561/056100230010.001/swg.fits[1]
scw/0561/056100240010.001/swg.fits[1]
scw/0561/056100250010.001/swg.fits[1]
scw/0561/056100270010.001/swg.fits[1]
scw/0561/056100280010.001/swg.fits[1]
scw/0561/056100290010.001/swg.fits[1]
scw/0561/056100300010.001/swg.fits[1]
scw/0561/056100310010.001/swg.fits[1]
scw/0561/056100320010.001/swg.fits[1]
scw/0561/056100330010.001/swg.fits[1]
scw/0561/056100340010.001/swg.fits[1]
scw/0561/056100350010.001/swg.fits[1]
scw/0561/056100360010.001/swg.fits[1]
scw/0561/056100370010.001/swg.fits[1]
scw/0561/056100380010.001/swg.fits[1]
scw/0561/056100390010.001/swg.fits[1]
scw/0561/056100400010.001/swg.fits[1]
scw/0561/056100410010.001/swg.fits[1]
scw/0561/056100420010.001/swg.fits[1]
scw/0561/056100430010.001/swg.fits[1]
scw/0561/056100440010.001/swg.fits[1]
scw/0561/056100470010.001/swg.fits[1]
scw/0561/056100480010.001/swg.fits[1]
scw/0561/056100490010.001/swg.fits[1]
scw/0561/056100500010.001/swg.fits[1]
scw/0561/056100510010.001/swg.fits[1]
scw/0561/056100520010.001/swg.fits[1]
scw/0562/056200260010.001/swg.fits[1]
scw/0562/056200270010.001/swg.fits[1]
scw/0562/056200280010.001/swg.fits[1]
scw/0562/056200290010.001/swg.fits[1]
scw/0562/056200300010.001/swg.fits[1]
scw/0562/056200310010.001/swg.fits[1]
scw/0562/056200320010.001/swg.fits[1]
scw/0562/056200330010.001/swg.fits[1]
scw/0562/056200340010.001/swg.fits[1]
scw/0562/056200350010.001/swg.fits[1]
scw/0562/056200360010.001/swg.fits[1]
scw/0562/056200370010.001/swg.fits[1]
scw/0562/056200380010.001/swg.fits[1]
scw/0562/056200390010.001/swg.fits[1]
scw/0562/056200400010.001/swg.fits[1]
scw/0562/056200420010.001/swg.fits[1]
scw/0562/056200430010.001/swg.fits[1]
scw/0562/056200440010.001/swg.fits[1]
scw/0562/056200450010.001/swg.fits[1]
scw/0562/056200460010.001/swg.fits[1]
scw/0562/056200470010.001/swg.fits[1]
scw/0562/056200490010.001/swg.fits[1]
scw/0562/056200500010.001/swg.fits[1]
scw/0562/056200510010.001/swg.fits[1]
scw/0562/056200520010.001/swg.fits[1]
scw/0562/056200530010.001/swg.fits[1]
scw/0562/056200540010.001/swg.fits[1]
scw/0562/056200550010.001/swg.fits[1]
scw/0562/056200560010.001/swg.fits[1]
scw/0562/056200570010.001/swg.fits[1]
scw/0562/056200580010.001/swg.fits[1]
scw/0562/056200590010.001/swg.fits[1]
scw/0562/056200600010.001/swg.fits[1]
scw/0562/056200610010.001/swg.fits[1]
scw/0562/056200620010.001/swg.fits[1]
scw/0562/056200630010.001/swg.fits[1]
scw/0562/056200640010.001/swg.fits[1]
scw/0562/056200650010.001/swg.fits[1]
scw/0562/056200660010.001/swg.fits[1]
scw/0563/056300020010.001/swg.fits[1]
scw/0563/056300030010.001/swg.fits[1]
scw/0563/056300040010.001/swg.fits[1]
scw/0563/056300050010.001/swg.fits[1]
scw/0563/056300060010.001/swg.fits[1]
scw/0563/056300070010.001/swg.fits[1]
scw/0563/056300080010.001/swg.fits[1]
scw/0563/056300090010.001/swg.fits[1]
scw/0563/056300100010.001/swg.fits[1]
scw/0563/056300110010.001/swg.fits[1]
scw/0563/056300120010.001/swg.fits[1]
scw/0563/056300130010.001/swg.fits[1]
scw/0563/056300140010.001/swg.fits[1]
scw/0563/056300150010.001/swg.fits[1]
scw/0563/056300160010.001/swg.fits[1]
scw/0563/056300170010.001/swg.fits[1]
scw/0563/056300180010.001/swg.fits[1]
scw/0563/056300190010.001/swg.fits[1]
scw/0563/056300200010.001/swg.fits[1]
scw/0634/063400020010.001/swg.fits[1]
scw/0634/063400030010.001/swg.fits[1]
scw/0634/063400040010.001/swg.fits[1]
scw/0634/063400050010.001/swg.fits[1]
scw/0634/063400060010.001/swg.fits[1]
scw/0634/063400070010.001/swg.fits[1]
scw/0634/063400080010.001/swg.fits[1]
scw/0634/063400090010.001/swg.fits[1]
scw/0634/063400100010.001/swg.fits[1]
scw/0634/063400110010.001/swg.fits[1]
scw/0634/063400120010.001/swg.fits[1]
scw/0634/063400130010.001/swg.fits[1]
scw/0634/063400140010.001/swg.fits[1]
scw/0634/063400150010.001/swg.fits[1]
scw/0634/063400160010.001/swg.fits[1]
scw/0634/063400170010.001/swg.fits[1]
scw/0634/063400180010.001/swg.fits[1]
scw/0634/063400190010.001/swg.fits[1]
scw/0634/063400200010.001/swg.fits[1]
scw/0634/063400210010.001/swg.fits[1]
scw/0634/063400220010.001/swg.fits[1]
scw/0634/063400230010.001/swg.fits[1]
scw/0634/063400240010.001/swg.fits[1]
scw/0634/063400250010.001/swg.fits[1]
scw/0634/063400260010.001/swg.fits[1]
scw/0634/063400270010.001/swg.fits[1]
scw/0634/063400280010.001/swg.fits[1]
scw/0634/063400290010.001/swg.fits[1]
scw/0634/063400300010.001/swg.fits[1]
scw/0634/063400310010.001/swg.fits[1]
scw/0634/063400320010.001/swg.fits[1]
scw/0634/063400330010.001/swg.fits[1]
scw/0634/063400340010.001/swg.fits[1]
scw/0634/063400350010.001/swg.fits[1]
scw/0634/063400360010.001/swg.fits[1]
scw/0634/063400370010.001/swg.fits[1]
scw/0634/063400380010.001/swg.fits[1]
scw/0634/063400390010.001/swg.fits[1]
scw/0634/063400400010.001/swg.fits[1]
scw/0634/063400410010.001/swg.fits[1]
scw/0634/063400420010.001/swg.fits[1]
scw/0634/063400430010.001/swg.fits[1]
scw/0634/063400440010.001/swg.fits[1]
scw/0634/063400450010.001/swg.fits[1]
scw/0634/063400460010.001/swg.fits[1]
scw/0634/063400470010.001/swg.fits[1]
scw/0634/063400480010.001/swg.fits[1]
scw/0634/063400490010.001/swg.fits[1]
scw/0634/063400500010.001/swg.fits[1]
scw/0634/063400510010.001/swg.fits[1]
scw/0634/063400520010.001/swg.fits[1]
scw/0634/063400530010.001/swg.fits[1]
scw/0634/063400540010.001/swg.fits[1]
scw/0634/063400550010.001/swg.fits[1]
scw/0634/063400560010.001/swg.fits[1]
scw/0634/063400570010.001/swg.fits[1]
scw/0634/063400580010.001/swg.fits[1]
scw/0634/063400600010.001/swg.fits[1]
scw/0636/063600020010.001/swg.fits[1]
scw/0636/063600030010.001/swg.fits[1]
scw/0636/063600040010.001/swg.fits[1]
scw/0636/063600060010.001/swg.fits[1]
scw/0636/063600070010.001/swg.fits[1]
scw/0636/063600080010.001/swg.fits[1]
scw/0636/063600090010.001/swg.fits[1]
scw/0636/063600100010.001/swg.fits[1]
scw/0636/063600110010.001/swg.fits[1]
scw/0636/063600120010.001/swg.fits[1]
scw/0636/063600130010.001/swg.fits[1]
scw/0636/063600140010.001/swg.fits[1]
scw/0636/063600150010.001/swg.fits[1]
scw/0636/063600160010.001/swg.fits[1]
scw/0636/063600170010.001/swg.fits[1]
scw/0636/063600180010.001/swg.fits[1]
scw/0636/063600190010.001/swg.fits[1]
scw/0636/063600200010.001/swg.fits[1]
scw/0636/063600210010.001/swg.fits[1]
scw/0636/063600220010.001/swg.fits[1]
scw/0636/063600230010.001/swg.fits[1]
scw/0636/063600240010.001/swg.fits[1]
scw/0636/063600250010.001/swg.fits[1]
scw/0636/063600260010.001/swg.fits[1]
scw/0636/063600270010.001/swg.fits[1]
scw/0636/063600280010.001/swg.fits[1]
scw/0636/063600290010.001/swg.fits[1]
scw/0636/063600300010.001/swg.fits[1]
scw/0636/063600310010.001/swg.fits[1]
scw/0636/063600320010.001/swg.fits[1]
scw/0636/063600330010.001/swg.fits[1]
scw/0636/063600340010.001/swg.fits[1]
scw/0636/063600350010.001/swg.fits[1]
scw/0636/063600360010.001/swg.fits[1]
scw/0636/063600370010.001/swg.fits[1]
scw/0636/063600380010.001/swg.fits[1]
scw/0636/063600390010.001/swg.fits[1]
scw/0636/063600400010.001/swg.fits[1]
scw/0636/063600410010.001/swg.fits[1]
scw/0636/063600420010.001/swg.fits[1]
scw/0636/063600430010.001/swg.fits[1]
scw/0636/063600440010.001/swg.fits[1]
scw/0636/063600450010.001/swg.fits[1]
scw/0636/063600460010.001/swg.fits[1]
scw/0636/063600470010.001/swg.fits[1]
scw/0636/063600480010.001/swg.fits[1]
scw/0636/063600490010.001/swg.fits[1]
scw/0636/063600500010.001/swg.fits[1]
scw/0636/063600510010.001/swg.fits[1]
scw/0636/063600520010.001/swg.fits[1]
scw/0636/063600530010.001/swg.fits[1]
scw/0636/063600540010.001/swg.fits[1]
scw/0802/080200100010.001/swg.fits[1]
scw/0809/080900550010.001/swg.fits[1]
scw/0809/080900560010.001/swg.fits[1]
scw/0809/080900570010.001/swg.fits[1]
scw/0809/080900580010.001/swg.fits[1]
scw/0809/080900590010.001/swg.fits[1]
scw/0809/080900600010.001/swg.fits[1]
scw/0810/081000050010.001/swg.fits[1]
