scw/1325/132500360010.001/swg.fits[1]
scw/1325/132500370010.001/swg.fits[1]
scw/1325/132500380010.001/swg.fits[1]
scw/1325/132500390010.001/swg.fits[1]
scw/1325/132500400010.001/swg.fits[1]
scw/1325/132500410010.001/swg.fits[1]
scw/1325/132500420010.001/swg.fits[1]
scw/1325/132500430010.001/swg.fits[1]
scw/1325/132500440010.001/swg.fits[1]
scw/1325/132500450010.001/swg.fits[1]
scw/1325/132500460010.001/swg.fits[1]
scw/1325/132500470010.001/swg.fits[1]
scw/1325/132500480010.001/swg.fits[1]
scw/1325/132500490010.001/swg.fits[1]
scw/1325/132500500010.001/swg.fits[1]
scw/1325/132500510010.001/swg.fits[1]
scw/1325/132500520010.001/swg.fits[1]
scw/1325/132500530010.001/swg.fits[1]
scw/1325/132500540010.001/swg.fits[1]
scw/1325/132500550010.001/swg.fits[1]
scw/1325/132500560010.001/swg.fits[1]
scw/1375/137500640010.001/swg.fits[1]
scw/1375/137500650010.001/swg.fits[1]
scw/1375/137500660010.001/swg.fits[1]
scw/1375/137500670010.001/swg.fits[1]
scw/1375/137500680010.001/swg.fits[1]
scw/1375/137500690010.001/swg.fits[1]
scw/1376/137600650010.001/swg.fits[1]
scw/1376/137600680010.001/swg.fits[1]
scw/1376/137600690010.001/swg.fits[1]
scw/1506/150600020010.001/swg.fits[1]
scw/1506/150600030010.001/swg.fits[1]
scw/1506/150600040010.001/swg.fits[1]
scw/1506/150600050010.001/swg.fits[1]
scw/1506/150600060010.001/swg.fits[1]
scw/1506/150600070010.001/swg.fits[1]
scw/1506/150600080010.001/swg.fits[1]
scw/1506/150600090010.001/swg.fits[1]
scw/1506/150600100010.001/swg.fits[1]
scw/1506/150600110010.001/swg.fits[1]
scw/1506/150600120010.001/swg.fits[1]
scw/1506/150600130010.001/swg.fits[1]
scw/1506/150600140010.001/swg.fits[1]
scw/1506/150600150010.001/swg.fits[1]
scw/1506/150600160010.001/swg.fits[1]
scw/1506/150600170010.001/swg.fits[1]
scw/1506/150600180010.001/swg.fits[1]
scw/1506/150600190010.001/swg.fits[1]
scw/1506/150600200010.001/swg.fits[1]
scw/1506/150600210010.001/swg.fits[1]
scw/1506/150600220010.001/swg.fits[1]
scw/1506/150600230010.001/swg.fits[1]
scw/1506/150600240010.001/swg.fits[1]
scw/1506/150600250010.001/swg.fits[1]
scw/1506/150600260010.001/swg.fits[1]
scw/1506/150600270010.001/swg.fits[1]
scw/1506/150600280010.001/swg.fits[1]
scw/1506/150600290010.001/swg.fits[1]
scw/1506/150600300010.001/swg.fits[1]
scw/1506/150600310010.001/swg.fits[1]
scw/1506/150600320010.001/swg.fits[1]
scw/1506/150600330010.001/swg.fits[1]
scw/1506/150600340010.001/swg.fits[1]
scw/1506/150600350010.001/swg.fits[1]
scw/1506/150600360010.001/swg.fits[1]
scw/1506/150600370010.001/swg.fits[1]
scw/1506/150600380010.001/swg.fits[1]
scw/1506/150600390010.001/swg.fits[1]
scw/1506/150600400010.001/swg.fits[1]
scw/1506/150600410010.001/swg.fits[1]
scw/1506/150600420010.001/swg.fits[1]
scw/1506/150600430010.001/swg.fits[1]
scw/1506/150600440010.001/swg.fits[1]
scw/1506/150600450010.001/swg.fits[1]
scw/1506/150600460010.001/swg.fits[1]
scw/1506/150600470010.001/swg.fits[1]
scw/1506/150600480010.001/swg.fits[1]
scw/1506/150600490010.001/swg.fits[1]
scw/1506/150600500010.001/swg.fits[1]
scw/1506/150600510010.001/swg.fits[1]
scw/1506/150600520010.001/swg.fits[1]
scw/1506/150600530010.001/swg.fits[1]
scw/1506/150600540010.001/swg.fits[1]
scw/1506/150600550010.001/swg.fits[1]
scw/1506/150600560010.001/swg.fits[1]
scw/1506/150600570010.001/swg.fits[1]
scw/1506/150600580010.001/swg.fits[1]
scw/1506/150600590010.001/swg.fits[1]
scw/1506/150600600010.001/swg.fits[1]
scw/1506/150600610010.001/swg.fits[1]
scw/1506/150600620010.001/swg.fits[1]
scw/1506/150600630010.001/swg.fits[1]
scw/1506/150600640010.001/swg.fits[1]
scw/1506/150600650010.001/swg.fits[1]
scw/1506/150600660010.001/swg.fits[1]
scw/1518/151800020010.001/swg.fits[1]
scw/1518/151800030010.001/swg.fits[1]
scw/1518/151800040010.001/swg.fits[1]
scw/1518/151800050010.001/swg.fits[1]
scw/1518/151800060010.001/swg.fits[1]
scw/1518/151800070010.001/swg.fits[1]
scw/1518/151800080010.001/swg.fits[1]
scw/1518/151800090010.001/swg.fits[1]
scw/1518/151800100010.001/swg.fits[1]
scw/1518/151800110010.001/swg.fits[1]
scw/1518/151800120010.001/swg.fits[1]
scw/1518/151800130010.001/swg.fits[1]
scw/1518/151800140010.001/swg.fits[1]
scw/1518/151800150010.001/swg.fits[1]
scw/1518/151800160010.001/swg.fits[1]
scw/1518/151800170010.001/swg.fits[1]
scw/1518/151800180010.001/swg.fits[1]
scw/1518/151800190010.001/swg.fits[1]
scw/1518/151800200010.001/swg.fits[1]
scw/1518/151800210010.001/swg.fits[1]
scw/1518/151800220010.001/swg.fits[1]
scw/1518/151800230010.001/swg.fits[1]
scw/1518/151800240010.001/swg.fits[1]
scw/1518/151800250010.001/swg.fits[1]
scw/1518/151800260010.001/swg.fits[1]
scw/1518/151800270010.001/swg.fits[1]
scw/1518/151800280010.001/swg.fits[1]
scw/1518/151800290010.001/swg.fits[1]
scw/1518/151800300010.001/swg.fits[1]
scw/1518/151800310010.001/swg.fits[1]
scw/1518/151800320010.001/swg.fits[1]
scw/1518/151800330010.001/swg.fits[1]
scw/1518/151800340010.001/swg.fits[1]
scw/1518/151800350010.001/swg.fits[1]
scw/1518/151800360010.001/swg.fits[1]
scw/1518/151800370010.001/swg.fits[1]
scw/1518/151800380010.001/swg.fits[1]
scw/1518/151800390010.001/swg.fits[1]
scw/1518/151800400010.001/swg.fits[1]
scw/1518/151800410010.001/swg.fits[1]
scw/1518/151800420010.001/swg.fits[1]
scw/1518/151800430010.001/swg.fits[1]
scw/1518/151800440010.001/swg.fits[1]
scw/1518/151800450010.001/swg.fits[1]
scw/1518/151800460010.001/swg.fits[1]
scw/1518/151800470010.001/swg.fits[1]
scw/1518/151800480010.001/swg.fits[1]
scw/1518/151800490010.001/swg.fits[1]
scw/1518/151800500010.001/swg.fits[1]
scw/1518/151800510010.001/swg.fits[1]
scw/1518/151800520010.001/swg.fits[1]
scw/1518/151800530010.001/swg.fits[1]
scw/1518/151800540010.001/swg.fits[1]
scw/1518/151800550010.001/swg.fits[1]
scw/1518/151800560010.001/swg.fits[1]
scw/1518/151800570010.001/swg.fits[1]
scw/1518/151800580010.001/swg.fits[1]
scw/1518/151800590010.001/swg.fits[1]
scw/1518/151800600010.001/swg.fits[1]
scw/1518/151800610010.001/swg.fits[1]
scw/1518/151800620010.001/swg.fits[1]
scw/1518/151800630010.001/swg.fits[1]
scw/1518/151800640010.001/swg.fits[1]
scw/1518/151800650010.001/swg.fits[1]
scw/1518/151800660010.001/swg.fits[1]
scw/1518/151800670010.001/swg.fits[1]
scw/1565/156500020010.001/swg.fits[1]
scw/1565/156500030010.001/swg.fits[1]
scw/1565/156500040010.001/swg.fits[1]
scw/1565/156500070010.001/swg.fits[1]
scw/1565/156500080010.001/swg.fits[1]
scw/1565/156500090010.001/swg.fits[1]
scw/1565/156500100010.001/swg.fits[1]
scw/1565/156500110010.001/swg.fits[1]
scw/1565/156500130010.001/swg.fits[1]
scw/1565/156500140010.001/swg.fits[1]
scw/1565/156500150010.001/swg.fits[1]
scw/1565/156500160010.001/swg.fits[1]
scw/1565/156500170010.001/swg.fits[1]
scw/1565/156500210010.001/swg.fits[1]
scw/1565/156500220010.001/swg.fits[1]
scw/1565/156500230010.001/swg.fits[1]
scw/1565/156500240010.001/swg.fits[1]
scw/1565/156500280010.001/swg.fits[1]
scw/1565/156500290010.001/swg.fits[1]
scw/1565/156500290020.001/swg.fits[1]
scw/1568/156800020010.001/swg.fits[1]
scw/1568/156800030010.001/swg.fits[1]
scw/1568/156800040010.001/swg.fits[1]
scw/1568/156800050010.001/swg.fits[1]
scw/1568/156800060010.001/swg.fits[1]
scw/1568/156800070010.001/swg.fits[1]
scw/1568/156800080010.001/swg.fits[1]
scw/1568/156800090010.001/swg.fits[1]
scw/1568/156800100010.001/swg.fits[1]
scw/1568/156800110010.001/swg.fits[1]
scw/1568/156800120010.001/swg.fits[1]
scw/1568/156800130010.001/swg.fits[1]
scw/1568/156800140010.001/swg.fits[1]
scw/1568/156800150010.001/swg.fits[1]
scw/1568/156800160010.001/swg.fits[1]
scw/1568/156800170010.001/swg.fits[1]
scw/1568/156800180010.001/swg.fits[1]
scw/1568/156800190010.001/swg.fits[1]
scw/1568/156800200010.001/swg.fits[1]
scw/1568/156800210010.001/swg.fits[1]
scw/1568/156800220010.001/swg.fits[1]
scw/1568/156800230010.001/swg.fits[1]
scw/1568/156800240010.001/swg.fits[1]
scw/1568/156800250010.001/swg.fits[1]
scw/1568/156800260010.001/swg.fits[1]
scw/1568/156800270010.001/swg.fits[1]
scw/1568/156800280010.001/swg.fits[1]
scw/1568/156800290010.001/swg.fits[1]
scw/1568/156800300010.001/swg.fits[1]
scw/1568/156800310010.001/swg.fits[1]
scw/1568/156800320010.001/swg.fits[1]
scw/1568/156800330010.001/swg.fits[1]
scw/1568/156800340010.001/swg.fits[1]
scw/1568/156800350010.001/swg.fits[1]
scw/1568/156800360010.001/swg.fits[1]
scw/1568/156800370010.001/swg.fits[1]
scw/1568/156800380010.001/swg.fits[1]
scw/1568/156800390010.001/swg.fits[1]
scw/1568/156800400010.001/swg.fits[1]
scw/1568/156800410010.001/swg.fits[1]
scw/1568/156800420010.001/swg.fits[1]
scw/1568/156800430010.001/swg.fits[1]
scw/1568/156800440010.001/swg.fits[1]
scw/1568/156800450010.001/swg.fits[1]
scw/1568/156800460010.001/swg.fits[1]
scw/1568/156800470010.001/swg.fits[1]
scw/1568/156800480010.001/swg.fits[1]
scw/1568/156800490010.001/swg.fits[1]
scw/1568/156800500010.001/swg.fits[1]
scw/1568/156800510010.001/swg.fits[1]
scw/1568/156800520010.001/swg.fits[1]
scw/1568/156800530010.001/swg.fits[1]
scw/1568/156800540010.001/swg.fits[1]
scw/1568/156800550010.001/swg.fits[1]
scw/1568/156800560010.001/swg.fits[1]
scw/1568/156800570010.001/swg.fits[1]
scw/1568/156800580010.001/swg.fits[1]
scw/1568/156800590010.001/swg.fits[1]
scw/1568/156800600010.001/swg.fits[1]
scw/1568/156800610010.001/swg.fits[1]
scw/1568/156800620010.001/swg.fits[1]
scw/1568/156800630010.001/swg.fits[1]
scw/1568/156800640010.001/swg.fits[1]
scw/1568/156800650010.001/swg.fits[1]
