scw/2357/235700070010.001/swg.fits[1]
scw/2357/235700080010.001/swg.fits[1]
scw/2357/235700090010.001/swg.fits[1]
scw/2357/235700100010.001/swg.fits[1]
scw/2357/235700110010.001/swg.fits[1]
scw/2357/235700120010.001/swg.fits[1]
scw/2357/235700130010.001/swg.fits[1]
scw/2357/235700140010.001/swg.fits[1]
scw/2357/235700150010.001/swg.fits[1]
scw/2357/235700160010.001/swg.fits[1]
scw/2357/235700170010.001/swg.fits[1]
scw/2357/235700180010.001/swg.fits[1]
scw/2357/235700190010.001/swg.fits[1]
scw/2357/235700200010.001/swg.fits[1]
scw/2357/235700210010.001/swg.fits[1]
scw/2357/235700220010.001/swg.fits[1]
scw/2359/235900600010.001/swg.fits[1]
scw/2359/235900610010.001/swg.fits[1]
scw/2359/235900620010.001/swg.fits[1]
scw/2359/235900630010.001/swg.fits[1]
scw/2359/235900640010.001/swg.fits[1]
scw/2359/235900650010.001/swg.fits[1]
scw/2359/235900660010.001/swg.fits[1]
scw/2359/235900670010.001/swg.fits[1]
scw/2359/235900680010.001/swg.fits[1]
scw/2359/235900700010.001/swg.fits[1]
scw/2359/235900710010.001/swg.fits[1]
scw/2359/235900720010.001/swg.fits[1]
scw/2359/235900730010.001/swg.fits[1]
scw/2359/235900740010.001/swg.fits[1]
scw/2359/235900750010.001/swg.fits[1]
scw/2359/235900760010.001/swg.fits[1]
scw/2359/235900770010.001/swg.fits[1]
scw/2359/235900780010.001/swg.fits[1]
scw/2359/235900790010.001/swg.fits[1]
scw/2360/236000380010.001/swg.fits[1]
scw/2361/236100600010.001/swg.fits[1]
scw/2361/236100610010.001/swg.fits[1]
scw/2361/236100620010.001/swg.fits[1]
scw/2361/236100630010.001/swg.fits[1]
scw/2361/236100640010.001/swg.fits[1]
scw/2361/236100650010.001/swg.fits[1]
scw/2361/236100660010.001/swg.fits[1]
scw/2361/236100670010.001/swg.fits[1]
scw/2361/236100680010.001/swg.fits[1]
scw/2361/236100690010.001/swg.fits[1]
scw/2361/236100700010.001/swg.fits[1]
scw/2361/236100710010.001/swg.fits[1]
scw/2361/236100720010.001/swg.fits[1]
scw/2361/236100730010.001/swg.fits[1]
scw/2361/236100740010.001/swg.fits[1]
scw/2361/236100750010.001/swg.fits[1]
scw/2361/236100760010.001/swg.fits[1]
scw/2361/236100770010.001/swg.fits[1]
scw/2361/236100780010.001/swg.fits[1]
scw/2361/236100790010.001/swg.fits[1]
scw/2361/236100800010.001/swg.fits[1]
scw/2363/236300500010.001/swg.fits[1]
scw/2363/236300510010.001/swg.fits[1]
scw/2363/236300520010.001/swg.fits[1]
scw/2363/236300530010.001/swg.fits[1]
scw/2363/236300540010.001/swg.fits[1]
scw/2363/236300550010.001/swg.fits[1]
scw/2363/236300560010.001/swg.fits[1]
scw/2363/236300570010.001/swg.fits[1]
scw/2363/236300580010.001/swg.fits[1]
scw/2363/236300590010.001/swg.fits[1]
scw/2363/236300600010.001/swg.fits[1]
scw/2363/236300610010.001/swg.fits[1]
scw/2363/236300620010.001/swg.fits[1]
scw/2363/236300630010.001/swg.fits[1]
scw/2363/236300640010.001/swg.fits[1]
scw/2363/236300650010.001/swg.fits[1]
scw/2363/236300660010.001/swg.fits[1]
scw/2363/236300660020.001/swg.fits[1]
scw/2365/236500060010.001/swg.fits[1]
scw/2365/236500070010.001/swg.fits[1]
scw/2365/236500080010.001/swg.fits[1]
scw/2365/236500090010.001/swg.fits[1]
scw/2365/236500100010.001/swg.fits[1]
scw/2365/236500110010.001/swg.fits[1]
scw/2365/236500120010.001/swg.fits[1]
scw/2365/236500130010.001/swg.fits[1]
scw/2365/236500140010.001/swg.fits[1]
scw/2365/236500150010.001/swg.fits[1]
scw/2365/236500160010.001/swg.fits[1]
scw/2365/236500170010.001/swg.fits[1]
scw/2365/236500180010.001/swg.fits[1]
scw/2365/236500190010.001/swg.fits[1]
scw/2365/236500200010.001/swg.fits[1]
scw/2365/236500210010.001/swg.fits[1]
scw/2365/236500220010.001/swg.fits[1]
scw/2365/236500230010.001/swg.fits[1]
scw/2365/236500240010.001/swg.fits[1]
scw/2365/236500250010.001/swg.fits[1]
scw/2365/236500260010.001/swg.fits[1]
scw/2365/236500270010.001/swg.fits[1]
scw/2365/236500280010.001/swg.fits[1]
scw/2365/236500290010.001/swg.fits[1]
scw/2365/236500300010.001/swg.fits[1]
scw/2365/236500310010.001/swg.fits[1]
scw/2365/236500320010.001/swg.fits[1]
scw/2365/236500330010.001/swg.fits[1]
scw/2365/236500340010.001/swg.fits[1]
scw/2365/236500350010.001/swg.fits[1]
scw/2365/236500360010.001/swg.fits[1]
scw/2365/236500370010.001/swg.fits[1]
scw/2365/236500380010.001/swg.fits[1]
scw/2365/236500390010.001/swg.fits[1]
scw/2365/236500400010.001/swg.fits[1]
scw/2365/236500410010.001/swg.fits[1]
scw/2365/236500420010.001/swg.fits[1]
scw/2365/236500430010.001/swg.fits[1]
scw/2365/236500440010.001/swg.fits[1]
scw/2365/236500450010.001/swg.fits[1]
scw/2365/236500460010.001/swg.fits[1]
scw/2365/236500470010.001/swg.fits[1]
scw/2365/236500480010.001/swg.fits[1]
scw/2365/236500490010.001/swg.fits[1]
scw/2365/236500500010.001/swg.fits[1]
scw/2365/236500510010.001/swg.fits[1]
scw/2365/236500520010.001/swg.fits[1]
scw/2365/236500530010.001/swg.fits[1]
scw/2365/236500540010.001/swg.fits[1]
scw/2367/236700270010.001/swg.fits[1]
scw/2367/236700280010.001/swg.fits[1]
scw/2367/236700290010.001/swg.fits[1]
scw/2367/236700300010.001/swg.fits[1]
scw/2367/236700310010.001/swg.fits[1]
scw/2367/236700320010.001/swg.fits[1]
scw/2367/236700330010.001/swg.fits[1]
scw/2367/236700340010.001/swg.fits[1]
scw/2368/236800230010.001/swg.fits[1]
scw/2368/236800240010.001/swg.fits[1]
scw/2368/236800250010.001/swg.fits[1]
scw/2368/236800260010.001/swg.fits[1]
scw/2368/236800270010.001/swg.fits[1]
scw/2368/236800280010.001/swg.fits[1]
scw/2368/236800290010.001/swg.fits[1]
scw/2368/236800300010.001/swg.fits[1]
scw/2368/236800310010.001/swg.fits[1]
scw/2368/236800320010.001/swg.fits[1]
scw/2368/236800330010.001/swg.fits[1]
scw/2368/236800340010.001/swg.fits[1]
scw/2368/236800350010.001/swg.fits[1]
scw/2368/236800360010.001/swg.fits[1]
scw/2370/237000060010.001/swg.fits[1]
scw/2370/237000070010.001/swg.fits[1]
scw/2370/237000080010.001/swg.fits[1]
scw/2370/237000090010.001/swg.fits[1]
scw/2370/237000100010.001/swg.fits[1]
scw/2370/237000110010.001/swg.fits[1]
scw/2370/237000120010.001/swg.fits[1]
scw/2370/237000130010.001/swg.fits[1]
scw/2370/237000140010.001/swg.fits[1]
scw/2370/237000150010.001/swg.fits[1]
scw/2370/237000160010.001/swg.fits[1]
scw/2370/237000170010.001/swg.fits[1]
scw/2370/237000180010.001/swg.fits[1]
scw/2370/237000190010.001/swg.fits[1]
scw/2370/237000200010.001/swg.fits[1]
scw/2370/237000210010.001/swg.fits[1]
scw/2370/237000220010.001/swg.fits[1]
scw/2370/237000230010.001/swg.fits[1]
scw/2370/237000240010.001/swg.fits[1]
scw/2370/237000250010.001/swg.fits[1]
scw/2370/237000260010.001/swg.fits[1]
scw/2370/237000270010.001/swg.fits[1]
scw/2370/237000280010.001/swg.fits[1]
scw/2372/237200040010.001/swg.fits[1]
scw/2372/237200050010.001/swg.fits[1]
scw/2372/237200080010.001/swg.fits[1]
scw/2372/237200090010.001/swg.fits[1]
scw/2372/237200100010.001/swg.fits[1]
scw/2372/237200110010.001/swg.fits[1]
scw/2372/237200120010.001/swg.fits[1]
scw/2372/237200130010.001/swg.fits[1]
scw/2372/237200140010.001/swg.fits[1]
scw/2372/237200150010.001/swg.fits[1]
scw/2372/237200160010.001/swg.fits[1]
scw/2372/237200170010.001/swg.fits[1]
scw/2372/237200180010.001/swg.fits[1]
scw/2372/237200190010.001/swg.fits[1]
scw/2372/237200200010.001/swg.fits[1]
scw/2372/237200210010.001/swg.fits[1]
scw/2372/237200220010.001/swg.fits[1]
scw/2372/237200230010.001/swg.fits[1]
scw/2372/237200240010.001/swg.fits[1]
scw/2372/237200250010.001/swg.fits[1]
scw/2373/237300040010.001/swg.fits[1]
scw/2373/237300050010.001/swg.fits[1]
scw/2373/237300060010.001/swg.fits[1]
scw/2373/237300070010.001/swg.fits[1]
scw/2373/237300080010.001/swg.fits[1]
scw/2373/237300090010.001/swg.fits[1]
scw/2373/237300100010.001/swg.fits[1]
scw/2373/237300110010.001/swg.fits[1]
scw/2373/237300120010.001/swg.fits[1]
scw/2373/237300130010.001/swg.fits[1]
scw/2373/237300140010.001/swg.fits[1]
scw/2373/237300150010.001/swg.fits[1]
scw/2373/237300160010.001/swg.fits[1]
scw/2373/237300170010.001/swg.fits[1]
scw/2373/237300180010.001/swg.fits[1]
scw/2373/237300190010.001/swg.fits[1]
scw/2373/237300200010.001/swg.fits[1]
scw/2373/237300210010.001/swg.fits[1]
scw/2373/237300220010.001/swg.fits[1]
scw/2373/237300230010.001/swg.fits[1]
scw/2373/237300240010.001/swg.fits[1]
scw/2373/237300250010.001/swg.fits[1]
scw/2376/237600050010.001/swg.fits[1]
scw/2376/237600060010.001/swg.fits[1]
scw/2376/237600070010.001/swg.fits[1]
scw/2376/237600080010.001/swg.fits[1]
scw/2376/237600090010.001/swg.fits[1]
scw/2376/237600100010.001/swg.fits[1]
scw/2376/237600140010.001/swg.fits[1]
scw/2376/237600150010.001/swg.fits[1]
scw/2376/237600160010.001/swg.fits[1]
scw/2376/237600170010.001/swg.fits[1]
scw/2376/237600180010.001/swg.fits[1]
scw/2376/237600190010.001/swg.fits[1]
scw/2376/237600200010.001/swg.fits[1]
scw/2376/237600210010.001/swg.fits[1]
scw/2376/237600220010.001/swg.fits[1]
scw/2395/239500240010.001/swg.fits[1]
scw/2395/239500250010.001/swg.fits[1]
scw/2395/239500260010.001/swg.fits[1]
scw/2395/239500270010.001/swg.fits[1]
scw/2395/239500280010.001/swg.fits[1]
scw/2395/239500290010.001/swg.fits[1]
scw/2395/239500300010.001/swg.fits[1]
scw/2400/240000020010.001/swg.fits[1]
scw/2400/240000030010.001/swg.fits[1]
scw/2400/240000040010.001/swg.fits[1]
scw/2402/240200380010.001/swg.fits[1]
scw/2402/240200390010.001/swg.fits[1]
scw/2402/240200400010.001/swg.fits[1]
scw/2402/240200410010.001/swg.fits[1]
scw/2402/240200420010.001/swg.fits[1]
scw/2402/240200430010.001/swg.fits[1]
