scw/1896/189600140010.001/swg.fits[1]
scw/1896/189600150010.001/swg.fits[1]
scw/1896/189600160010.001/swg.fits[1]
scw/1896/189600170010.001/swg.fits[1]
scw/1896/189600180010.001/swg.fits[1]
scw/1896/189600190010.001/swg.fits[1]
scw/1896/189600200010.001/swg.fits[1]
scw/1896/189600410010.001/swg.fits[1]
scw/1896/189600420010.001/swg.fits[1]
scw/1896/189600430010.001/swg.fits[1]
scw/1896/189600440010.001/swg.fits[1]
scw/1896/189600450010.001/swg.fits[1]
scw/1896/189600460010.001/swg.fits[1]
scw/1896/189600470010.001/swg.fits[1]
scw/1896/189600480010.001/swg.fits[1]
scw/1896/189600480020.001/swg.fits[1]
scw/1897/189700020010.001/swg.fits[1]
scw/1897/189700030010.001/swg.fits[1]
scw/1897/189700040010.001/swg.fits[1]
scw/1897/189700050010.001/swg.fits[1]
scw/1897/189700060010.001/swg.fits[1]
scw/1897/189700090010.001/swg.fits[1]
scw/1897/189700100010.001/swg.fits[1]
scw/1897/189700110010.001/swg.fits[1]
scw/1897/189700120010.001/swg.fits[1]
scw/1897/189700130010.001/swg.fits[1]
scw/1897/189700140010.001/swg.fits[1]
scw/1897/189700150010.001/swg.fits[1]
scw/1897/189700160010.001/swg.fits[1]
scw/1897/189700170010.001/swg.fits[1]
scw/1897/189700180010.001/swg.fits[1]
scw/1897/189700190010.001/swg.fits[1]
scw/1897/189700200010.001/swg.fits[1]
scw/1897/189700210010.001/swg.fits[1]
scw/1897/189700220010.001/swg.fits[1]
scw/1897/189700230010.001/swg.fits[1]
scw/1897/189700390010.001/swg.fits[1]
scw/1897/189700400010.001/swg.fits[1]
scw/1897/189700410010.001/swg.fits[1]
scw/1897/189700420010.001/swg.fits[1]
scw/1897/189700430010.001/swg.fits[1]
scw/1897/189700440010.001/swg.fits[1]
scw/1897/189700450010.001/swg.fits[1]
scw/1897/189700460010.001/swg.fits[1]
scw/1897/189700470010.001/swg.fits[1]
scw/1897/189700480010.001/swg.fits[1]
scw/1897/189700480020.001/swg.fits[1]
scw/1898/189800020010.001/swg.fits[1]
scw/1898/189800030010.001/swg.fits[1]
scw/1898/189800040010.001/swg.fits[1]
scw/1898/189800050010.001/swg.fits[1]
scw/1898/189800060010.001/swg.fits[1]
scw/1898/189800070010.001/swg.fits[1]
scw/1898/189800080010.001/swg.fits[1]
scw/1898/189800090010.001/swg.fits[1]
scw/1898/189800100010.001/swg.fits[1]
scw/1898/189800110010.001/swg.fits[1]
scw/1898/189800120010.001/swg.fits[1]
scw/1898/189800130010.001/swg.fits[1]
scw/1898/189800140010.001/swg.fits[1]
scw/1898/189800150010.001/swg.fits[1]
scw/1898/189800160010.001/swg.fits[1]
scw/1898/189800170010.001/swg.fits[1]
scw/1898/189800180010.001/swg.fits[1]
scw/1898/189800190010.001/swg.fits[1]
scw/1898/189800200010.001/swg.fits[1]
scw/1898/189800210010.001/swg.fits[1]
scw/1898/189800220010.001/swg.fits[1]
scw/1898/189800230010.001/swg.fits[1]
scw/1898/189800240010.001/swg.fits[1]
scw/1898/189800250010.001/swg.fits[1]
scw/1898/189800260010.001/swg.fits[1]
scw/1898/189800470010.001/swg.fits[1]
scw/1898/189800480010.001/swg.fits[1]
scw/1898/189800490010.001/swg.fits[1]
scw/1899/189900020010.001/swg.fits[1]
scw/1899/189900030010.001/swg.fits[1]
scw/1899/189900040010.001/swg.fits[1]
scw/1899/189900050010.001/swg.fits[1]
scw/1899/189900060010.001/swg.fits[1]
scw/1899/189900070010.001/swg.fits[1]
scw/1899/189900080010.001/swg.fits[1]
scw/1899/189900090010.001/swg.fits[1]
scw/1899/189900100010.001/swg.fits[1]
scw/1899/189900110010.001/swg.fits[1]
scw/1899/189900120010.001/swg.fits[1]
scw/1899/189900130010.001/swg.fits[1]
scw/1899/189900140010.001/swg.fits[1]
scw/1899/189900150010.001/swg.fits[1]
scw/1899/189900160010.001/swg.fits[1]
scw/1899/189900170010.001/swg.fits[1]
scw/1899/189900180010.001/swg.fits[1]
scw/1899/189900190010.001/swg.fits[1]
scw/1899/189900200010.001/swg.fits[1]
scw/1899/189900210010.001/swg.fits[1]
scw/1899/189900220010.001/swg.fits[1]
scw/1899/189900230010.001/swg.fits[1]
scw/1899/189900240010.001/swg.fits[1]
scw/1899/189900250010.001/swg.fits[1]
scw/1899/189900260010.001/swg.fits[1]
scw/1899/189900270010.001/swg.fits[1]
scw/1899/189900280010.001/swg.fits[1]
scw/1900/190000020010.001/swg.fits[1]
scw/1900/190000030010.001/swg.fits[1]
scw/1900/190000040010.001/swg.fits[1]
scw/1900/190000050010.001/swg.fits[1]
scw/1900/190000060010.001/swg.fits[1]
scw/1900/190000070010.001/swg.fits[1]
scw/1900/190000080010.001/swg.fits[1]
scw/1900/190000090010.001/swg.fits[1]
scw/1900/190000100010.001/swg.fits[1]
scw/1900/190000110010.001/swg.fits[1]
scw/1900/190000120010.001/swg.fits[1]
scw/1900/190000130010.001/swg.fits[1]
scw/1900/190000140010.001/swg.fits[1]
scw/1900/190000150010.001/swg.fits[1]
scw/1900/190000160010.001/swg.fits[1]
scw/1900/190000170010.001/swg.fits[1]
scw/1900/190000180010.001/swg.fits[1]
scw/1900/190000190010.001/swg.fits[1]
scw/1900/190000200010.001/swg.fits[1]
scw/1900/190000210010.001/swg.fits[1]
scw/1900/190000220010.001/swg.fits[1]
scw/1900/190000230010.001/swg.fits[1]
scw/1900/190000240010.001/swg.fits[1]
scw/1900/190000250010.001/swg.fits[1]
scw/1900/190000260010.001/swg.fits[1]
scw/1900/190000270010.001/swg.fits[1]
scw/1900/190000280010.001/swg.fits[1]
scw/1900/190000290010.001/swg.fits[1]
scw/1900/190000300010.001/swg.fits[1]
scw/1900/190000310010.001/swg.fits[1]
scw/1901/190100020010.001/swg.fits[1]
scw/1901/190100030010.001/swg.fits[1]
scw/1901/190100040010.001/swg.fits[1]
scw/1901/190100050010.001/swg.fits[1]
scw/1901/190100060010.001/swg.fits[1]
scw/1901/190100070010.001/swg.fits[1]
scw/1901/190100080010.001/swg.fits[1]
scw/1901/190100090010.001/swg.fits[1]
scw/1901/190100100010.001/swg.fits[1]
scw/1901/190100110010.001/swg.fits[1]
scw/1901/190100120010.001/swg.fits[1]
scw/1901/190100130010.001/swg.fits[1]
scw/1901/190100140010.001/swg.fits[1]
scw/1901/190100150010.001/swg.fits[1]
scw/1901/190100160010.001/swg.fits[1]
scw/1901/190100170010.001/swg.fits[1]
scw/1901/190100180010.001/swg.fits[1]
scw/1964/196400120010.001/swg.fits[1]
scw/1964/196400130010.001/swg.fits[1]
scw/1964/196400140010.001/swg.fits[1]
scw/1964/196400150010.001/swg.fits[1]
scw/1964/196400160010.001/swg.fits[1]
scw/1964/196400170010.001/swg.fits[1]
scw/1964/196400180010.001/swg.fits[1]
scw/1964/196400190010.001/swg.fits[1]
scw/1964/196400200010.001/swg.fits[1]
scw/1964/196400210010.001/swg.fits[1]
scw/1964/196400220010.001/swg.fits[1]
scw/1964/196400230010.001/swg.fits[1]
scw/1964/196400240010.001/swg.fits[1]
scw/1964/196400250010.001/swg.fits[1]
scw/1964/196400260010.001/swg.fits[1]
scw/1964/196400270010.001/swg.fits[1]
scw/1964/196400280010.001/swg.fits[1]
scw/1964/196400290010.001/swg.fits[1]
scw/1965/196500020010.001/swg.fits[1]
scw/1965/196500030010.001/swg.fits[1]
scw/1965/196500040010.001/swg.fits[1]
scw/1965/196500050010.001/swg.fits[1]
scw/1965/196500060010.001/swg.fits[1]
scw/1965/196500070010.001/swg.fits[1]
scw/1965/196500080010.001/swg.fits[1]
scw/1965/196500090010.001/swg.fits[1]
scw/1965/196500100010.001/swg.fits[1]
scw/1965/196500110010.001/swg.fits[1]
scw/1965/196500120010.001/swg.fits[1]
scw/1965/196500130010.001/swg.fits[1]
scw/1966/196600060010.001/swg.fits[1]
scw/1966/196600070010.001/swg.fits[1]
scw/1966/196600080010.001/swg.fits[1]
scw/1966/196600090010.001/swg.fits[1]
scw/1966/196600100010.001/swg.fits[1]
scw/1966/196600110010.001/swg.fits[1]
scw/1966/196600120010.001/swg.fits[1]
scw/1966/196600130010.001/swg.fits[1]
scw/1966/196600140010.001/swg.fits[1]
scw/1966/196600150010.001/swg.fits[1]
scw/1966/196600160010.001/swg.fits[1]
scw/1966/196600170010.001/swg.fits[1]
scw/1966/196600180010.001/swg.fits[1]
scw/1966/196600190010.001/swg.fits[1]
scw/1966/196600200010.001/swg.fits[1]
scw/1966/196600210010.001/swg.fits[1]
scw/1966/196600220010.001/swg.fits[1]
scw/1966/196600230010.001/swg.fits[1]
scw/1966/196600240010.001/swg.fits[1]
scw/1966/196600250010.001/swg.fits[1]
scw/1966/196600260010.001/swg.fits[1]
scw/1966/196600270010.001/swg.fits[1]
scw/1966/196600280010.001/swg.fits[1]
scw/1966/196600290010.001/swg.fits[1]
scw/1967/196700020010.001/swg.fits[1]
scw/1967/196700060010.001/swg.fits[1]
scw/1967/196700070010.001/swg.fits[1]
scw/1967/196700280010.001/swg.fits[1]
scw/1967/196700290010.001/swg.fits[1]
scw/1971/197100560010.001/swg.fits[1]
scw/1971/197100570010.001/swg.fits[1]
scw/1971/197100580010.001/swg.fits[1]
scw/1971/197100590010.001/swg.fits[1]
scw/1971/197100600010.001/swg.fits[1]
scw/1971/197100610010.001/swg.fits[1]
scw/1971/197100620010.001/swg.fits[1]
scw/1972/197200340010.001/swg.fits[1]
scw/1972/197200350010.001/swg.fits[1]
scw/1972/197200360010.001/swg.fits[1]
scw/1972/197200370010.001/swg.fits[1]
scw/1972/197200380010.001/swg.fits[1]
scw/1972/197200390010.001/swg.fits[1]
scw/1972/197200400010.001/swg.fits[1]
scw/1972/197200410010.001/swg.fits[1]
scw/1972/197200440010.001/swg.fits[1]
scw/1972/197200450010.001/swg.fits[1]
scw/1972/197200460010.001/swg.fits[1]
scw/1972/197200470010.001/swg.fits[1]
scw/1972/197200480010.001/swg.fits[1]
scw/1972/197200490010.001/swg.fits[1]
scw/1972/197200500010.001/swg.fits[1]
scw/1972/197200510010.001/swg.fits[1]
scw/1972/197200520010.001/swg.fits[1]
scw/1972/197200530010.001/swg.fits[1]
scw/1972/197200540010.001/swg.fits[1]
scw/1972/197200550010.001/swg.fits[1]
scw/1972/197200560010.001/swg.fits[1]
scw/1972/197200570010.001/swg.fits[1]
scw/1972/197200580010.001/swg.fits[1]
scw/1972/197200590010.001/swg.fits[1]
scw/1972/197200600010.001/swg.fits[1]
