scw/0319/031900240010.001/swg.fits[1]
scw/0319/031900250010.001/swg.fits[1]
scw/0319/031900260010.001/swg.fits[1]
scw/0319/031900270010.001/swg.fits[1]
scw/0319/031900280010.001/swg.fits[1]
scw/0319/031900350010.001/swg.fits[1]
scw/0319/031900360010.001/swg.fits[1]
scw/0319/031900370010.001/swg.fits[1]
scw/0319/031900380010.001/swg.fits[1]
scw/0319/031900460010.001/swg.fits[1]
scw/0319/031900470010.001/swg.fits[1]
scw/0319/031900550010.001/swg.fits[1]
scw/0319/031900560010.001/swg.fits[1]
scw/0319/031900570010.001/swg.fits[1]
scw/0319/031900580010.001/swg.fits[1]
scw/0319/031900640010.001/swg.fits[1]
scw/0319/031900650010.001/swg.fits[1]
scw/0319/031900660010.001/swg.fits[1]
scw/0319/031900670010.001/swg.fits[1]
scw/0319/031900680010.001/swg.fits[1]
scw/0319/031900690010.001/swg.fits[1]
scw/0319/031900750010.001/swg.fits[1]
scw/0319/031900760010.001/swg.fits[1]
scw/0319/031900770010.001/swg.fits[1]
scw/0319/031900780010.001/swg.fits[1]
scw/0320/032000040010.001/swg.fits[1]
scw/0320/032000050010.001/swg.fits[1]
scw/0320/032000060010.001/swg.fits[1]
scw/0432/043200700010.001/swg.fits[1]
scw/0432/043200710010.001/swg.fits[1]
scw/0432/043200720010.001/swg.fits[1]
scw/0432/043200730010.001/swg.fits[1]
scw/0432/043200740010.001/swg.fits[1]
scw/0432/043200750010.001/swg.fits[1]
scw/0432/043200770010.001/swg.fits[1]
scw/0432/043200780010.001/swg.fits[1]
scw/0432/043200790010.001/swg.fits[1]
scw/0432/043200800010.001/swg.fits[1]
scw/0432/043200810010.001/swg.fits[1]
scw/0432/043200820010.001/swg.fits[1]
scw/0432/043200830010.001/swg.fits[1]
scw/0432/043200840010.001/swg.fits[1]
scw/0432/043200850010.001/swg.fits[1]
scw/0432/043200860010.001/swg.fits[1]
scw/0432/043200870010.001/swg.fits[1]
scw/0432/043200880010.001/swg.fits[1]
scw/0432/043200890010.001/swg.fits[1]
scw/0432/043200900010.001/swg.fits[1]
scw/0432/043200910010.001/swg.fits[1]
scw/0432/043200920010.001/swg.fits[1]
scw/0432/043200930010.001/swg.fits[1]
scw/0432/043200940010.001/swg.fits[1]
scw/0433/043300010010.001/swg.fits[1]
scw/0433/043300020010.001/swg.fits[1]
scw/0433/043300030010.001/swg.fits[1]
scw/0433/043300040010.001/swg.fits[1]
scw/0433/043300050010.001/swg.fits[1]
scw/0433/043300060010.001/swg.fits[1]
scw/0433/043300070010.001/swg.fits[1]
scw/0433/043300080010.001/swg.fits[1]
scw/0433/043300090010.001/swg.fits[1]
scw/0433/043300100010.001/swg.fits[1]
scw/0433/043300110010.001/swg.fits[1]
scw/0433/043300130010.001/swg.fits[1]
scw/0433/043300140010.001/swg.fits[1]
scw/0433/043300150010.001/swg.fits[1]
scw/0433/043300160010.001/swg.fits[1]
scw/0433/043300170010.001/swg.fits[1]
scw/0433/043300180010.001/swg.fits[1]
scw/0433/043300220010.001/swg.fits[1]
scw/0433/043300230010.001/swg.fits[1]
scw/0433/043300240010.001/swg.fits[1]
scw/0433/043300250010.001/swg.fits[1]
scw/0433/043300260010.001/swg.fits[1]
scw/0433/043300270010.001/swg.fits[1]
scw/0433/043300280010.001/swg.fits[1]
scw/0433/043300290010.001/swg.fits[1]
scw/0433/043300300010.001/swg.fits[1]
scw/0433/043300310010.001/swg.fits[1]
scw/0433/043300320010.001/swg.fits[1]
scw/0433/043300330010.001/swg.fits[1]
scw/0433/043300340010.001/swg.fits[1]
scw/0433/043300350010.001/swg.fits[1]
scw/0433/043300360010.001/swg.fits[1]
scw/0433/043300370010.001/swg.fits[1]
scw/0433/043300380010.001/swg.fits[1]
scw/0433/043300390010.001/swg.fits[1]
scw/0433/043300410010.001/swg.fits[1]
scw/0433/043300420010.001/swg.fits[1]
scw/0433/043300430010.001/swg.fits[1]
scw/0433/043300440010.001/swg.fits[1]
scw/0433/043300450010.001/swg.fits[1]
scw/0433/043300460010.001/swg.fits[1]
scw/0442/044200580010.001/swg.fits[1]
scw/0442/044200580020.001/swg.fits[1]
scw/0442/044200580030.001/swg.fits[1]
scw/0442/044200590010.001/swg.fits[1]
scw/0750/075000310010.001/swg.fits[1]
scw/0750/075000310020.001/swg.fits[1]
scw/0750/075000310030.001/swg.fits[1]
scw/0750/075000320010.001/swg.fits[1]
scw/0810/081000640010.001/swg.fits[1]
scw/0810/081000640020.001/swg.fits[1]
scw/0810/081000640030.001/swg.fits[1]
scw/0810/081000650010.001/swg.fits[1]
scw/0858/085800570010.001/swg.fits[1]
scw/0858/085800570020.001/swg.fits[1]
scw/0858/085800570030.001/swg.fits[1]
scw/0858/085800580010.001/swg.fits[1]
scw/0870/087000160010.001/swg.fits[1]
scw/0870/087000160020.001/swg.fits[1]
scw/0870/087000160030.001/swg.fits[1]
scw/0870/087000170010.001/swg.fits[1]
scw/0930/093000590010.001/swg.fits[1]
scw/0930/093000590020.001/swg.fits[1]
scw/0930/093000590030.001/swg.fits[1]
scw/0930/093000600010.001/swg.fits[1]
