scw/2283/228300530010.001/swg.fits[1]
scw/2283/228300540010.001/swg.fits[1]
scw/2283/228300550010.001/swg.fits[1]
scw/2283/228300560010.001/swg.fits[1]
scw/2283/228300570010.001/swg.fits[1]
scw/2283/228300630010.001/swg.fits[1]
scw/2283/228300640010.001/swg.fits[1]
scw/2283/228300650010.001/swg.fits[1]
scw/2283/228300660010.001/swg.fits[1]
scw/2289/228900320010.001/swg.fits[1]
scw/2289/228900590010.001/swg.fits[1]
scw/2326/232600060010.001/swg.fits[1]
scw/2326/232600070010.001/swg.fits[1]
scw/2326/232600080010.001/swg.fits[1]
scw/2326/232600090010.001/swg.fits[1]
scw/2326/232600100010.001/swg.fits[1]
scw/2326/232600110010.001/swg.fits[1]
scw/2326/232600120010.001/swg.fits[1]
scw/2326/232600130010.001/swg.fits[1]
scw/2326/232600140010.001/swg.fits[1]
scw/2326/232600150010.001/swg.fits[1]
scw/2326/232600160010.001/swg.fits[1]
scw/2326/232600170010.001/swg.fits[1]
scw/2326/232600180010.001/swg.fits[1]
scw/2326/232600190010.001/swg.fits[1]
scw/2326/232600200010.001/swg.fits[1]
scw/2326/232600220010.001/swg.fits[1]
scw/2326/232600230010.001/swg.fits[1]
scw/2326/232600240010.001/swg.fits[1]
scw/2326/232600250010.001/swg.fits[1]
scw/2326/232600260010.001/swg.fits[1]
scw/2326/232600270010.001/swg.fits[1]
scw/2326/232600280010.001/swg.fits[1]
scw/2326/232600290010.001/swg.fits[1]
scw/2326/232600320010.001/swg.fits[1]
scw/2326/232600330010.001/swg.fits[1]
scw/2326/232600340010.001/swg.fits[1]
scw/2326/232600350010.001/swg.fits[1]
scw/2326/232600360010.001/swg.fits[1]
scw/2326/232600370010.001/swg.fits[1]
scw/2326/232600380010.001/swg.fits[1]
scw/2326/232600390010.001/swg.fits[1]
scw/2326/232600420010.001/swg.fits[1]
scw/2326/232600430010.001/swg.fits[1]
scw/2326/232600440010.001/swg.fits[1]
scw/2326/232600450010.001/swg.fits[1]
scw/2326/232600460010.001/swg.fits[1]
scw/2326/232600470010.001/swg.fits[1]
scw/2327/232700060010.001/swg.fits[1]
scw/2327/232700070010.001/swg.fits[1]
scw/2327/232700080010.001/swg.fits[1]
scw/2327/232700090010.001/swg.fits[1]
scw/2327/232700120010.001/swg.fits[1]
scw/2327/232700130010.001/swg.fits[1]
scw/2327/232700140010.001/swg.fits[1]
scw/2327/232700150010.001/swg.fits[1]
scw/2327/232700160010.001/swg.fits[1]
scw/2327/232700170010.001/swg.fits[1]
scw/2327/232700180010.001/swg.fits[1]
scw/2327/232700230010.001/swg.fits[1]
scw/2327/232700240010.001/swg.fits[1]
scw/2327/232700250010.001/swg.fits[1]
scw/2327/232700260010.001/swg.fits[1]
scw/2327/232700270010.001/swg.fits[1]
scw/2327/232700320010.001/swg.fits[1]
scw/2327/232700330010.001/swg.fits[1]
scw/2327/232700340010.001/swg.fits[1]
scw/2327/232700350010.001/swg.fits[1]
scw/2327/232700360010.001/swg.fits[1]
scw/2327/232700370010.001/swg.fits[1]
scw/2327/232700380010.001/swg.fits[1]
scw/2327/232700390010.001/swg.fits[1]
scw/2328/232800060010.001/swg.fits[1]
scw/2328/232800070010.001/swg.fits[1]
scw/2328/232800080010.001/swg.fits[1]
scw/2328/232800090010.001/swg.fits[1]
scw/2328/232800100010.001/swg.fits[1]
scw/2328/232800110010.001/swg.fits[1]
scw/2328/232800120010.001/swg.fits[1]
scw/2328/232800140010.001/swg.fits[1]
scw/2328/232800150010.001/swg.fits[1]
scw/2328/232800160010.001/swg.fits[1]
scw/2328/232800170010.001/swg.fits[1]
scw/2328/232800180010.001/swg.fits[1]
scw/2328/232800190010.001/swg.fits[1]
scw/2328/232800200010.001/swg.fits[1]
scw/2328/232800210010.001/swg.fits[1]
scw/2328/232800220010.001/swg.fits[1]
scw/2328/232800230010.001/swg.fits[1]
scw/2328/232800240010.001/swg.fits[1]
scw/2328/232800250010.001/swg.fits[1]
scw/2328/232800260010.001/swg.fits[1]
scw/2328/232800270010.001/swg.fits[1]
scw/2328/232800280010.001/swg.fits[1]
scw/2328/232800290010.001/swg.fits[1]
scw/2328/232800300010.001/swg.fits[1]
scw/2328/232800310010.001/swg.fits[1]
scw/2328/232800320010.001/swg.fits[1]
scw/2328/232800330010.001/swg.fits[1]
scw/2328/232800340010.001/swg.fits[1]
scw/2328/232800350010.001/swg.fits[1]
scw/2328/232800360010.001/swg.fits[1]
scw/2328/232800370010.001/swg.fits[1]
scw/2328/232800380010.001/swg.fits[1]
scw/2328/232800390010.001/swg.fits[1]
scw/2328/232800400010.001/swg.fits[1]
scw/2328/232800410010.001/swg.fits[1]
scw/2328/232800420010.001/swg.fits[1]
scw/2328/232800430010.001/swg.fits[1]
scw/2328/232800440010.001/swg.fits[1]
scw/2328/232800450010.001/swg.fits[1]
scw/2328/232800460010.001/swg.fits[1]
scw/2328/232800470010.001/swg.fits[1]
scw/2328/232800480010.001/swg.fits[1]
scw/2328/232800490010.001/swg.fits[1]
scw/2328/232800500010.001/swg.fits[1]
scw/2328/232800510010.001/swg.fits[1]
scw/2328/232800520010.001/swg.fits[1]
scw/2328/232800530010.001/swg.fits[1]
scw/2329/232900550010.001/swg.fits[1]
scw/2329/232900640010.001/swg.fits[1]
scw/2329/232900670010.001/swg.fits[1]
scw/2329/232900680010.001/swg.fits[1]
scw/2329/232900690010.001/swg.fits[1]
scw/2330/233000360010.001/swg.fits[1]
scw/2330/233000370010.001/swg.fits[1]
scw/2330/233000380010.001/swg.fits[1]
scw/2330/233000580010.001/swg.fits[1]
scw/2330/233000590010.001/swg.fits[1]
scw/2330/233000650010.001/swg.fits[1]
scw/2330/233000660010.001/swg.fits[1]
scw/2330/233000670010.001/swg.fits[1]
scw/2331/233100050010.001/swg.fits[1]
scw/2331/233100060010.001/swg.fits[1]
scw/2331/233100070010.001/swg.fits[1]
scw/2331/233100210010.001/swg.fits[1]
scw/2331/233100220010.001/swg.fits[1]
scw/2331/233100230010.001/swg.fits[1]
scw/2331/233100290010.001/swg.fits[1]
scw/2331/233100300010.001/swg.fits[1]
scw/2331/233100310010.001/swg.fits[1]
scw/2331/233100320010.001/swg.fits[1]
scw/2331/233100330010.001/swg.fits[1]
scw/2331/233100340010.001/swg.fits[1]
scw/2331/233100350010.001/swg.fits[1]
scw/2332/233200630010.001/swg.fits[1]
scw/2332/233200640010.001/swg.fits[1]
scw/2332/233200650010.001/swg.fits[1]
scw/2333/233300050010.001/swg.fits[1]
scw/2333/233300060010.001/swg.fits[1]
scw/2333/233300070010.001/swg.fits[1]
scw/2334/233400290010.001/swg.fits[1]
scw/2334/233400300010.001/swg.fits[1]
scw/2334/233400310010.001/swg.fits[1]
scw/2335/233500050010.001/swg.fits[1]
scw/2335/233500060010.001/swg.fits[1]
scw/2335/233500070010.001/swg.fits[1]
scw/2335/233500120010.001/swg.fits[1]
scw/2335/233500130010.001/swg.fits[1]
scw/2335/233500190010.001/swg.fits[1]
scw/2335/233500200010.001/swg.fits[1]
scw/2335/233500210010.001/swg.fits[1]
scw/2335/233500220010.001/swg.fits[1]
scw/2335/233500230010.001/swg.fits[1]
scw/2336/233600170010.001/swg.fits[1]
scw/2336/233600180010.001/swg.fits[1]
scw/2336/233600190010.001/swg.fits[1]
scw/2336/233600200010.001/swg.fits[1]
scw/2336/233600210010.001/swg.fits[1]
scw/2336/233600220010.001/swg.fits[1]
scw/2336/233600230010.001/swg.fits[1]
scw/2336/233600240010.001/swg.fits[1]
scw/2336/233600260010.001/swg.fits[1]
scw/2336/233600270010.001/swg.fits[1]
scw/2336/233600280010.001/swg.fits[1]
scw/2336/233600290010.001/swg.fits[1]
scw/2336/233600300010.001/swg.fits[1]
scw/2336/233600330010.001/swg.fits[1]
scw/2336/233600340010.001/swg.fits[1]
scw/2336/233600350010.001/swg.fits[1]
scw/2337/233700040010.001/swg.fits[1]
scw/2337/233700050010.001/swg.fits[1]
scw/2337/233700080010.001/swg.fits[1]
scw/2337/233700090010.001/swg.fits[1]
scw/2337/233700100010.001/swg.fits[1]
scw/2337/233700110010.001/swg.fits[1]
scw/2337/233700120010.001/swg.fits[1]
scw/2337/233700130010.001/swg.fits[1]
scw/2337/233700140010.001/swg.fits[1]
scw/2337/233700200010.001/swg.fits[1]
scw/2337/233700210010.001/swg.fits[1]
scw/2337/233700260010.001/swg.fits[1]
scw/2337/233700270010.001/swg.fits[1]
scw/2337/233700280010.001/swg.fits[1]
scw/2338/233800310010.001/swg.fits[1]
scw/2338/233800320010.001/swg.fits[1]
scw/2338/233800330010.001/swg.fits[1]
scw/2339/233900050010.001/swg.fits[1]
scw/2339/233900060010.001/swg.fits[1]
scw/2339/233900070010.001/swg.fits[1]
scw/2340/234000050010.001/swg.fits[1]
scw/2340/234000060010.001/swg.fits[1]
scw/2340/234000070010.001/swg.fits[1]
scw/2340/234000120010.001/swg.fits[1]
scw/2340/234000130010.001/swg.fits[1]
scw/2340/234000190010.001/swg.fits[1]
scw/2340/234000200010.001/swg.fits[1]
scw/2340/234000210010.001/swg.fits[1]
scw/2340/234000220010.001/swg.fits[1]
scw/2340/234000230010.001/swg.fits[1]
scw/2340/234000240010.001/swg.fits[1]
scw/2340/234000250010.001/swg.fits[1]
scw/2340/234000280010.001/swg.fits[1]
scw/2340/234000290010.001/swg.fits[1]
scw/2340/234000300010.001/swg.fits[1]
scw/2340/234000310010.001/swg.fits[1]
scw/2340/234000320010.001/swg.fits[1]
scw/2340/234000330010.001/swg.fits[1]
scw/2340/234000340010.001/swg.fits[1]
scw/2340/234000350010.001/swg.fits[1]
scw/2341/234100050010.001/swg.fits[1]
scw/2341/234100060010.001/swg.fits[1]
scw/2341/234100070010.001/swg.fits[1]
scw/2341/234100130010.001/swg.fits[1]
scw/2341/234100140010.001/swg.fits[1]
scw/2341/234100150010.001/swg.fits[1]
scw/2341/234100160010.001/swg.fits[1]
scw/2341/234100210010.001/swg.fits[1]
scw/2341/234100220010.001/swg.fits[1]
scw/2341/234100230010.001/swg.fits[1]
scw/2342/234200050010.001/swg.fits[1]
scw/2342/234200060010.001/swg.fits[1]
scw/2342/234200070010.001/swg.fits[1]
scw/2343/234300050010.001/swg.fits[1]
scw/2343/234300060010.001/swg.fits[1]
scw/2343/234300120010.001/swg.fits[1]
scw/2343/234300130010.001/swg.fits[1]
scw/2343/234300140010.001/swg.fits[1]
scw/2343/234300150010.001/swg.fits[1]
scw/2343/234300180010.001/swg.fits[1]
scw/2343/234300190010.001/swg.fits[1]
scw/2343/234300200010.001/swg.fits[1]
scw/2343/234300210010.001/swg.fits[1]
scw/2343/234300220010.001/swg.fits[1]
scw/2343/234300230010.001/swg.fits[1]
scw/2343/234300240010.001/swg.fits[1]
scw/2344/234400500010.001/swg.fits[1]
