scw/0583/058300390010.001/swg.fits[1]
scw/0583/058300790010.001/swg.fits[1]
scw/0583/058300800010.001/swg.fits[1]
scw/0583/058300810010.001/swg.fits[1]
scw/0583/058300820010.001/swg.fits[1]
scw/0583/058300830010.001/swg.fits[1]
scw/0583/058300840010.001/swg.fits[1]
scw/0583/058300850010.001/swg.fits[1]
scw/0583/058300860010.001/swg.fits[1]
scw/0583/058300870010.001/swg.fits[1]
scw/0583/058300880010.001/swg.fits[1]
scw/0584/058400340010.001/swg.fits[1]
scw/0584/058400430010.001/swg.fits[1]
scw/0584/058400440010.001/swg.fits[1]
scw/0584/058400530010.001/swg.fits[1]
scw/0584/058400540010.001/swg.fits[1]
scw/0584/058400690010.001/swg.fits[1]
scw/0584/058400700010.001/swg.fits[1]
scw/0584/058400710010.001/swg.fits[1]
scw/0584/058400720010.001/swg.fits[1]
scw/0584/058400730010.001/swg.fits[1]
scw/0584/058400740010.001/swg.fits[1]
scw/0584/058400750010.001/swg.fits[1]
scw/0584/058400760010.001/swg.fits[1]
scw/0585/058500600010.001/swg.fits[1]
scw/0585/058500610010.001/swg.fits[1]
scw/0585/058500740010.001/swg.fits[1]
scw/0585/058500750010.001/swg.fits[1]
scw/0585/058500760010.001/swg.fits[1]
scw/0585/058500770010.001/swg.fits[1]
scw/0585/058500780010.001/swg.fits[1]
scw/0585/058500790010.001/swg.fits[1]
scw/0586/058600580010.001/swg.fits[1]
scw/0586/058600590010.001/swg.fits[1]
scw/0586/058600600010.001/swg.fits[1]
scw/0586/058600610010.001/swg.fits[1]
scw/0586/058600620010.001/swg.fits[1]
scw/0586/058600720010.001/swg.fits[1]
scw/0586/058600730010.001/swg.fits[1]
scw/0586/058600740010.001/swg.fits[1]
scw/0586/058600750010.001/swg.fits[1]
scw/0586/058600760010.001/swg.fits[1]
scw/0586/058600770010.001/swg.fits[1]
scw/0586/058600780010.001/swg.fits[1]
scw/0586/058600900010.001/swg.fits[1]
scw/0586/058600910010.001/swg.fits[1]
scw/0586/058600920010.001/swg.fits[1]
scw/0586/058600930010.001/swg.fits[1]
scw/0587/058700720010.001/swg.fits[1]
scw/0587/058700740010.001/swg.fits[1]
scw/0587/058700750010.001/swg.fits[1]
scw/0587/058700760010.001/swg.fits[1]
scw/0587/058700770010.001/swg.fits[1]
scw/0587/058700870010.001/swg.fits[1]
scw/0587/058700880010.001/swg.fits[1]
scw/0587/058700890010.001/swg.fits[1]
scw/0587/058700900010.001/swg.fits[1]
scw/0587/058700910010.001/swg.fits[1]
scw/0587/058700920010.001/swg.fits[1]
scw/0587/058700930010.001/swg.fits[1]
scw/0587/058700940010.001/swg.fits[1]
scw/0587/058700950010.001/swg.fits[1]
scw/0588/058800550010.001/swg.fits[1]
scw/0588/058800560010.001/swg.fits[1]
scw/0588/058800590010.001/swg.fits[1]
scw/0588/058800600010.001/swg.fits[1]
scw/0588/058800610010.001/swg.fits[1]
scw/0638/063800300010.001/swg.fits[1]
scw/0638/063800310010.001/swg.fits[1]
scw/0638/063800390010.001/swg.fits[1]
scw/0638/063800400010.001/swg.fits[1]
scw/0638/063800410010.001/swg.fits[1]
scw/0638/063800420010.001/swg.fits[1]
scw/0638/063800490010.001/swg.fits[1]
scw/0638/063800500010.001/swg.fits[1]
scw/0638/063800510010.001/swg.fits[1]
scw/0638/063800520010.001/swg.fits[1]
scw/0638/063800590010.001/swg.fits[1]
scw/0638/063800600010.001/swg.fits[1]
scw/0638/063800610010.001/swg.fits[1]
scw/0639/063900360010.001/swg.fits[1]
scw/0639/063900370010.001/swg.fits[1]
scw/0639/063900460010.001/swg.fits[1]
scw/0639/063900470010.001/swg.fits[1]
scw/0639/063900480010.001/swg.fits[1]
scw/0639/063900550010.001/swg.fits[1]
scw/0639/063900560010.001/swg.fits[1]
scw/0639/063900570010.001/swg.fits[1]
scw/0639/063900580010.001/swg.fits[1]
scw/0640/064000320010.001/swg.fits[1]
scw/0640/064000330010.001/swg.fits[1]
scw/0640/064000340010.001/swg.fits[1]
scw/0640/064000350010.001/swg.fits[1]
scw/0640/064000420010.001/swg.fits[1]
scw/0640/064000430010.001/swg.fits[1]
scw/0640/064000440010.001/swg.fits[1]
scw/0640/064000450010.001/swg.fits[1]
scw/0640/064000530010.001/swg.fits[1]
scw/0640/064000540010.001/swg.fits[1]
scw/0647/064700300010.001/swg.fits[1]
scw/0647/064700310010.001/swg.fits[1]
scw/0647/064700320010.001/swg.fits[1]
scw/0647/064700330010.001/swg.fits[1]
scw/0647/064700400010.001/swg.fits[1]
scw/0647/064700410010.001/swg.fits[1]
scw/0647/064700420010.001/swg.fits[1]
scw/0648/064800790010.001/swg.fits[1]
scw/0648/064800800010.001/swg.fits[1]
scw/0648/064800810010.001/swg.fits[1]
scw/0648/064800820010.001/swg.fits[1]
scw/0648/064800830010.001/swg.fits[1]
scw/0648/064800840010.001/swg.fits[1]
scw/0651/065100790010.001/swg.fits[1]
scw/0651/065100800010.001/swg.fits[1]
scw/0651/065100810010.001/swg.fits[1]
scw/0651/065100820010.001/swg.fits[1]
scw/0651/065100830010.001/swg.fits[1]
scw/0651/065100840010.001/swg.fits[1]
scw/0651/065100850010.001/swg.fits[1]
scw/0651/065100860010.001/swg.fits[1]
scw/0695/069500540010.001/swg.fits[1]
scw/0695/069500650010.001/swg.fits[1]
scw/0696/069600520010.001/swg.fits[1]
scw/0696/069600530010.001/swg.fits[1]
scw/0696/069600540010.001/swg.fits[1]
scw/0696/069600550010.001/swg.fits[1]
scw/0698/069800440010.001/swg.fits[1]
scw/0698/069800450010.001/swg.fits[1]
scw/0698/069800460010.001/swg.fits[1]
scw/0698/069800470010.001/swg.fits[1]
scw/0698/069800480010.001/swg.fits[1]
scw/0698/069800540010.001/swg.fits[1]
scw/0698/069800550010.001/swg.fits[1]
scw/0698/069800560010.001/swg.fits[1]
scw/0698/069800570010.001/swg.fits[1]
scw/0699/069900430010.001/swg.fits[1]
scw/0699/069900440010.001/swg.fits[1]
scw/0699/069900450010.001/swg.fits[1]
scw/0699/069900550010.001/swg.fits[1]
scw/0699/069900630010.001/swg.fits[1]
scw/0700/070000430010.001/swg.fits[1]
scw/0700/070000440010.001/swg.fits[1]
scw/0700/070000450010.001/swg.fits[1]
scw/0700/070000520010.001/swg.fits[1]
scw/0700/070000530010.001/swg.fits[1]
scw/0700/070000540010.001/swg.fits[1]
scw/0700/070000550010.001/swg.fits[1]
scw/0700/070000620010.001/swg.fits[1]
scw/0700/070000630010.001/swg.fits[1]
scw/0701/070100440010.001/swg.fits[1]
scw/0701/070100450010.001/swg.fits[1]
scw/0701/070100530010.001/swg.fits[1]
scw/0701/070100540010.001/swg.fits[1]
scw/0702/070200620010.001/swg.fits[1]
scw/0702/070200630010.001/swg.fits[1]
scw/0702/070200640010.001/swg.fits[1]
scw/0702/070200650010.001/swg.fits[1]
scw/0702/070200660010.001/swg.fits[1]
scw/0702/070200670010.001/swg.fits[1]
scw/0702/070200680010.001/swg.fits[1]
scw/0702/070200690010.001/swg.fits[1]
scw/0702/070200700010.001/swg.fits[1]
scw/0702/070200710010.001/swg.fits[1]
scw/0702/070200780010.001/swg.fits[1]
scw/0702/070200790010.001/swg.fits[1]
scw/0702/070200800010.001/swg.fits[1]
scw/0702/070200810010.001/swg.fits[1]
scw/0702/070200820010.001/swg.fits[1]
scw/0702/070200830010.001/swg.fits[1]
scw/0702/070200840010.001/swg.fits[1]
scw/0702/070200850010.001/swg.fits[1]
scw/0702/070200860010.001/swg.fits[1]
scw/0703/070300790010.001/swg.fits[1]
scw/0703/070300810010.001/swg.fits[1]
scw/0703/070300820010.001/swg.fits[1]
scw/0703/070300830010.001/swg.fits[1]
scw/0703/070300850010.001/swg.fits[1]
scw/0703/070300860010.001/swg.fits[1]
scw/0704/070400610010.001/swg.fits[1]
scw/0704/070400620010.001/swg.fits[1]
scw/0704/070400630010.001/swg.fits[1]
scw/0704/070400640010.001/swg.fits[1]
scw/0704/070400660010.001/swg.fits[1]
scw/0704/070400670010.001/swg.fits[1]
scw/0704/070400680010.001/swg.fits[1]
scw/0704/070400690010.001/swg.fits[1]
scw/0704/070400700010.001/swg.fits[1]
scw/0704/070400780010.001/swg.fits[1]
scw/0704/070400790010.001/swg.fits[1]
scw/0704/070400800010.001/swg.fits[1]
scw/0704/070400810010.001/swg.fits[1]
scw/0704/070400820010.001/swg.fits[1]
scw/0704/070400890010.001/swg.fits[1]
scw/0704/070400900010.001/swg.fits[1]
scw/0704/070400910010.001/swg.fits[1]
scw/0705/070500320010.001/swg.fits[1]
scw/0705/070500330010.001/swg.fits[1]
scw/0705/070500340010.001/swg.fits[1]
scw/0705/070500350010.001/swg.fits[1]
scw/0705/070500430010.001/swg.fits[1]
scw/0709/070900270010.001/swg.fits[1]
scw/0709/070900360010.001/swg.fits[1]
scw/0709/070900370010.001/swg.fits[1]
scw/0709/070900380010.001/swg.fits[1]
scw/0709/070900450010.001/swg.fits[1]
scw/0709/070900460010.001/swg.fits[1]
scw/0709/070900470010.001/swg.fits[1]
scw/0709/070900480010.001/swg.fits[1]
scw/0709/070900550010.001/swg.fits[1]
scw/0709/070900560010.001/swg.fits[1]
scw/0709/070900570010.001/swg.fits[1]
scw/0709/070900580010.001/swg.fits[1]
scw/0710/071000270010.001/swg.fits[1]
scw/0710/071000280010.001/swg.fits[1]
scw/0710/071000290010.001/swg.fits[1]
scw/0710/071000300010.001/swg.fits[1]
scw/0710/071000370010.001/swg.fits[1]
scw/0710/071000380010.001/swg.fits[1]
scw/0710/071000390010.001/swg.fits[1]
scw/0710/071000400010.001/swg.fits[1]
scw/0710/071000470010.001/swg.fits[1]
scw/0710/071000480010.001/swg.fits[1]
scw/0710/071000490010.001/swg.fits[1]
scw/0710/071000500010.001/swg.fits[1]
scw/0710/071000570010.001/swg.fits[1]
scw/0710/071000580010.001/swg.fits[1]
scw/0710/071000590010.001/swg.fits[1]
scw/0710/071000600010.001/swg.fits[1]
scw/0712/071200270010.001/swg.fits[1]
scw/0712/071200280010.001/swg.fits[1]
scw/0712/071200290010.001/swg.fits[1]
scw/0712/071200300010.001/swg.fits[1]
scw/0712/071200370010.001/swg.fits[1]
scw/0712/071200380010.001/swg.fits[1]
scw/0712/071200390010.001/swg.fits[1]
scw/0712/071200400010.001/swg.fits[1]
scw/0712/071200470010.001/swg.fits[1]
scw/0712/071200480010.001/swg.fits[1]
scw/0712/071200490010.001/swg.fits[1]
scw/0712/071200500010.001/swg.fits[1]
scw/0712/071200570010.001/swg.fits[1]
