scw/1736/173600400010.001/swg.fits[1]
scw/1736/173600440010.001/swg.fits[1]
scw/1736/173600450010.001/swg.fits[1]
scw/1736/173600460010.001/swg.fits[1]
scw/1736/173600500010.001/swg.fits[1]
scw/1736/173600560010.001/swg.fits[1]
scw/1736/173600600010.001/swg.fits[1]
scw/1736/173600610010.001/swg.fits[1]
scw/1736/173600620010.001/swg.fits[1]
scw/1736/173600660010.001/swg.fits[1]
scw/1736/173600720010.001/swg.fits[1]
scw/1736/173600760010.001/swg.fits[1]
scw/1736/173600770010.001/swg.fits[1]
scw/1736/173600780010.001/swg.fits[1]
scw/1736/173600820010.001/swg.fits[1]
scw/1736/173600880010.001/swg.fits[1]
scw/1736/173600920010.001/swg.fits[1]
scw/1736/173600930010.001/swg.fits[1]
scw/1737/173700020010.001/swg.fits[1]
scw/1737/173700030010.001/swg.fits[1]
scw/1737/173700040010.001/swg.fits[1]
scw/1737/173700050010.001/swg.fits[1]
scw/1737/173700200010.001/swg.fits[1]
scw/1737/173700210010.001/swg.fits[1]
scw/1737/173700270010.001/swg.fits[1]
scw/1737/173700280010.001/swg.fits[1]
scw/1737/173700290010.001/swg.fits[1]
scw/1737/173700300010.001/swg.fits[1]
scw/1737/173700310010.001/swg.fits[1]
scw/1737/173700320010.001/swg.fits[1]
scw/1737/173700330010.001/swg.fits[1]
scw/1737/173700360010.001/swg.fits[1]
scw/1737/173700370010.001/swg.fits[1]
scw/1737/173700380010.001/swg.fits[1]
scw/1737/173700410010.001/swg.fits[1]
scw/1737/173700420010.001/swg.fits[1]
scw/1737/173700520010.001/swg.fits[1]
scw/1737/173700530010.001/swg.fits[1]
scw/1737/173700540010.001/swg.fits[1]
scw/1737/173700570010.001/swg.fits[1]
scw/1737/173700580010.001/swg.fits[1]
scw/1737/173700590010.001/swg.fits[1]
scw/1737/173700680010.001/swg.fits[1]
scw/1737/173700690010.001/swg.fits[1]
scw/1737/173700700010.001/swg.fits[1]
scw/1737/173700740010.001/swg.fits[1]
scw/1737/173700800010.001/swg.fits[1]
scw/1737/173700840010.001/swg.fits[1]
scw/1737/173700850010.001/swg.fits[1]
scw/1737/173700860010.001/swg.fits[1]
scw/1737/173700890010.001/swg.fits[1]
scw/1737/173700900010.001/swg.fits[1]
scw/1737/173700910010.001/swg.fits[1]
scw/1738/173800020010.001/swg.fits[1]
scw/1738/173800030010.001/swg.fits[1]
scw/1738/173800560010.001/swg.fits[1]
scw/1738/173800570010.001/swg.fits[1]
scw/1738/173800580010.001/swg.fits[1]
scw/1738/173800640010.001/swg.fits[1]
scw/1738/173800650010.001/swg.fits[1]
scw/1738/173800660010.001/swg.fits[1]
scw/1738/173800670010.001/swg.fits[1]
scw/1738/173800680010.001/swg.fits[1]
scw/1738/173800690010.001/swg.fits[1]
scw/1738/173800700010.001/swg.fits[1]
scw/1738/173800830010.001/swg.fits[1]
scw/1739/173900040010.001/swg.fits[1]
scw/1739/173900190010.001/swg.fits[1]
scw/1739/173900200010.001/swg.fits[1]
scw/1739/173900210010.001/swg.fits[1]
scw/1739/173900270010.001/swg.fits[1]
scw/1739/173900280010.001/swg.fits[1]
scw/1739/173900290010.001/swg.fits[1]
scw/1739/173900300010.001/swg.fits[1]
scw/1739/173900310010.001/swg.fits[1]
scw/1739/173900320010.001/swg.fits[1]
scw/1739/173900330010.001/swg.fits[1]
scw/1739/173900370010.001/swg.fits[1]
scw/1739/173900380010.001/swg.fits[1]
scw/1739/173900480010.001/swg.fits[1]
scw/1739/173900490010.001/swg.fits[1]
scw/1739/173900500010.001/swg.fits[1]
scw/1739/173900520010.001/swg.fits[1]
scw/1739/173900530010.001/swg.fits[1]
scw/1739/173900540010.001/swg.fits[1]
scw/1739/173900550010.001/swg.fits[1]
scw/1739/173900650010.001/swg.fits[1]
scw/1739/173900690010.001/swg.fits[1]
scw/1739/173900700010.001/swg.fits[1]
scw/1739/173900800010.001/swg.fits[1]
scw/1739/173900810010.001/swg.fits[1]
scw/1739/173900860010.001/swg.fits[1]
scw/1739/173900920010.001/swg.fits[1]
scw/1740/174000120010.001/swg.fits[1]
scw/1740/174000130010.001/swg.fits[1]
scw/1740/174000190010.001/swg.fits[1]
scw/1740/174000200010.001/swg.fits[1]
scw/1740/174000210010.001/swg.fits[1]
scw/1740/174000220010.001/swg.fits[1]
scw/1740/174000230010.001/swg.fits[1]
scw/1740/174000240010.001/swg.fits[1]
scw/1740/174000300010.001/swg.fits[1]
scw/1740/174000370010.001/swg.fits[1]
scw/1740/174000380010.001/swg.fits[1]
scw/1740/174000390010.001/swg.fits[1]
scw/1740/174000420010.001/swg.fits[1]
scw/1740/174000430010.001/swg.fits[1]
scw/1740/174000440010.001/swg.fits[1]
scw/1740/174000530010.001/swg.fits[1]
scw/1740/174000540010.001/swg.fits[1]
scw/1740/174000580010.001/swg.fits[1]
scw/1740/174000600010.001/swg.fits[1]
scw/1740/174000690010.001/swg.fits[1]
scw/1740/174000700010.001/swg.fits[1]
scw/1740/174000740010.001/swg.fits[1]
scw/1740/174000750010.001/swg.fits[1]
scw/1740/174000850010.001/swg.fits[1]
scw/1740/174000860010.001/swg.fits[1]
scw/1740/174000870010.001/swg.fits[1]
scw/1740/174000890010.001/swg.fits[1]
scw/1740/174000900010.001/swg.fits[1]
scw/1740/174000910010.001/swg.fits[1]
scw/1740/174000920010.001/swg.fits[1]
scw/1782/178200080010.001/swg.fits[1]
scw/1782/178200090010.001/swg.fits[1]
scw/1782/178200100010.001/swg.fits[1]
scw/1782/178200120010.001/swg.fits[1]
scw/1782/178200130010.001/swg.fits[1]
scw/1782/178200140010.001/swg.fits[1]
scw/1782/178200240010.001/swg.fits[1]
scw/1782/178200250010.001/swg.fits[1]
scw/1783/178300060010.001/swg.fits[1]
scw/1783/178300070010.001/swg.fits[1]
scw/1783/178300080010.001/swg.fits[1]
scw/1783/178300110010.001/swg.fits[1]
scw/1783/178300120010.001/swg.fits[1]
scw/1783/178300130010.001/swg.fits[1]
scw/1783/178300140010.001/swg.fits[1]
scw/1783/178300150010.001/swg.fits[1]
scw/1783/178300160010.001/swg.fits[1]
scw/1783/178300170010.001/swg.fits[1]
scw/1783/178300230010.001/swg.fits[1]
scw/1783/178300240010.001/swg.fits[1]
scw/1783/178300250010.001/swg.fits[1]
scw/1783/178300280010.001/swg.fits[1]
scw/1783/178300290010.001/swg.fits[1]
scw/1783/178300300010.001/swg.fits[1]
scw/1783/178300310010.001/swg.fits[1]
scw/1783/178300320010.001/swg.fits[1]
scw/1783/178300330010.001/swg.fits[1]
scw/1783/178300340010.001/swg.fits[1]
scw/1783/178300400010.001/swg.fits[1]
scw/1783/178300410010.001/swg.fits[1]
scw/1786/178600450010.001/swg.fits[1]
scw/1786/178600660010.001/swg.fits[1]
scw/1786/178600670010.001/swg.fits[1]
scw/1786/178600730010.001/swg.fits[1]
scw/1787/178700050010.001/swg.fits[1]
scw/1787/178700060010.001/swg.fits[1]
scw/1787/178700070010.001/swg.fits[1]
scw/1787/178700080010.001/swg.fits[1]
scw/1787/178700090010.001/swg.fits[1]
scw/1787/178700100010.001/swg.fits[1]
scw/1787/178700110010.001/swg.fits[1]
scw/1787/178700120010.001/swg.fits[1]
scw/1787/178700130010.001/swg.fits[1]
scw/1787/178700140010.001/swg.fits[1]
scw/1787/178700150010.001/swg.fits[1]
scw/1787/178700210010.001/swg.fits[1]
scw/1787/178700220010.001/swg.fits[1]
scw/1787/178700700010.001/swg.fits[1]
scw/1787/178700710010.001/swg.fits[1]
scw/1787/178700720010.001/swg.fits[1]
scw/1787/178700730010.001/swg.fits[1]
scw/1787/178700740010.001/swg.fits[1]
scw/1787/178700750010.001/swg.fits[1]
scw/1787/178700780010.001/swg.fits[1]
scw/1787/178700790010.001/swg.fits[1]
scw/1787/178700800010.001/swg.fits[1]
scw/1787/178700810010.001/swg.fits[1]
scw/1787/178700820010.001/swg.fits[1]
scw/1789/178900040010.001/swg.fits[1]
scw/1789/178900050010.001/swg.fits[1]
scw/1789/178900060010.001/swg.fits[1]
scw/1789/178900070010.001/swg.fits[1]
scw/1789/178900080010.001/swg.fits[1]
scw/1789/178900150010.001/swg.fits[1]
scw/1789/178900160010.001/swg.fits[1]
scw/1790/179000020010.001/swg.fits[1]
scw/1790/179000060010.001/swg.fits[1]
scw/1790/179000070010.001/swg.fits[1]
scw/1790/179000080010.001/swg.fits[1]
scw/1790/179000120010.001/swg.fits[1]
scw/1790/179000130010.001/swg.fits[1]
scw/1790/179000210010.001/swg.fits[1]
scw/1790/179000250010.001/swg.fits[1]
scw/1790/179000260010.001/swg.fits[1]
scw/1790/179000270010.001/swg.fits[1]
scw/1790/179000320010.001/swg.fits[1]
scw/1790/179000360010.001/swg.fits[1]
scw/1790/179000370010.001/swg.fits[1]
scw/1790/179000380010.001/swg.fits[1]
scw/1790/179000420010.001/swg.fits[1]
scw/1790/179000510010.001/swg.fits[1]
scw/1790/179000520010.001/swg.fits[1]
scw/1790/179000530010.001/swg.fits[1]
scw/1790/179000570010.001/swg.fits[1]
scw/1790/179000580010.001/swg.fits[1]
scw/1790/179000670010.001/swg.fits[1]
scw/1790/179000680010.001/swg.fits[1]
scw/1791/179100060010.001/swg.fits[1]
scw/1791/179100070010.001/swg.fits[1]
scw/1791/179100080010.001/swg.fits[1]
scw/1791/179100090010.001/swg.fits[1]
scw/1791/179100100010.001/swg.fits[1]
scw/1791/179100150010.001/swg.fits[1]
scw/1791/179100160010.001/swg.fits[1]
scw/1791/179100200010.001/swg.fits[1]
scw/1791/179100210010.001/swg.fits[1]
scw/1791/179100220010.001/swg.fits[1]
scw/1791/179100270010.001/swg.fits[1]
scw/1791/179100280010.001/swg.fits[1]
scw/1791/179100340010.001/swg.fits[1]
scw/1791/179100350010.001/swg.fits[1]
scw/1791/179100400010.001/swg.fits[1]
scw/1791/179100410010.001/swg.fits[1]
scw/1791/179100420010.001/swg.fits[1]
scw/1791/179100430010.001/swg.fits[1]
scw/1791/179100440010.001/swg.fits[1]
scw/1791/179100450010.001/swg.fits[1]
scw/1791/179100460010.001/swg.fits[1]
scw/1791/179100530010.001/swg.fits[1]
scw/1792/179200020010.001/swg.fits[1]
scw/1792/179200060010.001/swg.fits[1]
scw/1792/179200070010.001/swg.fits[1]
scw/1792/179200080010.001/swg.fits[1]
scw/1792/179200110010.001/swg.fits[1]
scw/1792/179200120010.001/swg.fits[1]
scw/1792/179200130010.001/swg.fits[1]
scw/1792/179200140010.001/swg.fits[1]
scw/1792/179200150010.001/swg.fits[1]
scw/1792/179200160010.001/swg.fits[1]
scw/1792/179200170010.001/swg.fits[1]
scw/1792/179200230010.001/swg.fits[1]
scw/1792/179200240010.001/swg.fits[1]
scw/1792/179200360010.001/swg.fits[1]
scw/1792/179200400010.001/swg.fits[1]
