scw/1664/166400330010.001/swg.fits[1]
scw/1664/166400340010.001/swg.fits[1]
scw/1664/166400350010.001/swg.fits[1]
scw/1664/166400360010.001/swg.fits[1]
scw/1664/166400370010.001/swg.fits[1]
scw/1664/166400380010.001/swg.fits[1]
scw/1664/166400390010.001/swg.fits[1]
scw/1664/166400400010.001/swg.fits[1]
scw/1664/166400410010.001/swg.fits[1]
scw/1664/166400420010.001/swg.fits[1]
scw/1664/166400430010.001/swg.fits[1]
scw/1664/166400440010.001/swg.fits[1]
scw/1664/166400450010.001/swg.fits[1]
scw/1664/166400460010.001/swg.fits[1]
scw/1664/166400470010.001/swg.fits[1]
scw/1664/166400480010.001/swg.fits[1]
scw/1664/166400490010.001/swg.fits[1]
scw/1664/166400500010.001/swg.fits[1]
scw/1664/166400510010.001/swg.fits[1]
scw/1664/166400520010.001/swg.fits[1]
scw/1664/166400530010.001/swg.fits[1]
scw/1664/166400540010.001/swg.fits[1]
scw/1664/166400550010.001/swg.fits[1]
scw/1664/166400560010.001/swg.fits[1]
scw/1664/166400570010.001/swg.fits[1]
scw/1664/166400580010.001/swg.fits[1]
scw/1664/166400590010.001/swg.fits[1]
scw/1664/166400600010.001/swg.fits[1]
scw/1664/166400610010.001/swg.fits[1]
scw/1664/166400620010.001/swg.fits[1]
scw/1664/166400630010.001/swg.fits[1]
scw/1664/166400640010.001/swg.fits[1]
scw/1664/166400640020.001/swg.fits[1]
scw/1781/178100300010.001/swg.fits[1]
scw/1781/178100310010.001/swg.fits[1]
scw/1781/178100320010.001/swg.fits[1]
scw/1781/178100330010.001/swg.fits[1]
scw/1781/178100360010.001/swg.fits[1]
scw/1781/178100370010.001/swg.fits[1]
scw/1781/178100380010.001/swg.fits[1]
scw/1781/178100390010.001/swg.fits[1]
scw/1781/178100400010.001/swg.fits[1]
scw/1781/178100410010.001/swg.fits[1]
scw/1781/178100420010.001/swg.fits[1]
scw/1781/178100430010.001/swg.fits[1]
scw/1781/178100440010.001/swg.fits[1]
scw/1781/178100450010.001/swg.fits[1]
scw/1781/178100460010.001/swg.fits[1]
scw/1781/178100470010.001/swg.fits[1]
scw/1781/178100480010.001/swg.fits[1]
scw/1781/178100490010.001/swg.fits[1]
scw/1781/178100500010.001/swg.fits[1]
scw/1781/178100510010.001/swg.fits[1]
scw/1781/178100520010.001/swg.fits[1]
scw/1781/178100530010.001/swg.fits[1]
scw/1781/178100540010.001/swg.fits[1]
scw/1781/178100560010.001/swg.fits[1]
scw/1781/178100570010.001/swg.fits[1]
scw/1781/178100580010.001/swg.fits[1]
scw/1781/178100590010.001/swg.fits[1]
scw/1781/178100600010.001/swg.fits[1]
scw/1781/178100610010.001/swg.fits[1]
scw/1781/178100620010.001/swg.fits[1]
scw/1781/178100630010.001/swg.fits[1]
scw/1781/178100660010.001/swg.fits[1]
scw/1781/178100660020.001/swg.fits[1]
scw/1794/179400300010.001/swg.fits[1]
scw/1794/179400310010.001/swg.fits[1]
scw/1794/179400320010.001/swg.fits[1]
scw/1794/179400330010.001/swg.fits[1]
scw/1794/179400340010.001/swg.fits[1]
scw/1794/179400350010.001/swg.fits[1]
scw/1794/179400360010.001/swg.fits[1]
scw/1794/179400400010.001/swg.fits[1]
scw/1794/179400410010.001/swg.fits[1]
scw/1794/179400420010.001/swg.fits[1]
scw/1794/179400430010.001/swg.fits[1]
scw/1794/179400440010.001/swg.fits[1]
scw/1794/179400450010.001/swg.fits[1]
scw/1794/179400490010.001/swg.fits[1]
scw/1794/179400500010.001/swg.fits[1]
scw/1794/179400510010.001/swg.fits[1]
scw/1794/179400520010.001/swg.fits[1]
scw/1794/179400530010.001/swg.fits[1]
scw/1794/179400540010.001/swg.fits[1]
scw/1794/179400550010.001/swg.fits[1]
scw/1794/179400560010.001/swg.fits[1]
scw/1794/179400570010.001/swg.fits[1]
scw/1794/179400580010.001/swg.fits[1]
scw/1794/179400590010.001/swg.fits[1]
scw/1794/179400610010.001/swg.fits[1]
scw/1794/179400620010.001/swg.fits[1]
scw/1794/179400630010.001/swg.fits[1]
scw/1794/179400640010.001/swg.fits[1]
scw/1794/179400650010.001/swg.fits[1]
scw/1794/179400660010.001/swg.fits[1]
scw/1796/179600140010.001/swg.fits[1]
scw/1796/179600150010.001/swg.fits[1]
scw/1796/179600160010.001/swg.fits[1]
scw/1796/179600170010.001/swg.fits[1]
scw/1796/179600180010.001/swg.fits[1]
scw/1796/179600240010.001/swg.fits[1]
scw/1796/179600250010.001/swg.fits[1]
scw/1796/179600260010.001/swg.fits[1]
scw/1796/179600270010.001/swg.fits[1]
scw/1796/179600350010.001/swg.fits[1]
scw/1801/180100300010.001/swg.fits[1]
scw/1801/180100310010.001/swg.fits[1]
scw/1801/180100330010.001/swg.fits[1]
scw/1801/180100340010.001/swg.fits[1]
scw/1801/180100350010.001/swg.fits[1]
scw/1801/180100360010.001/swg.fits[1]
scw/1801/180100370010.001/swg.fits[1]
scw/1801/180100380010.001/swg.fits[1]
scw/1801/180100390010.001/swg.fits[1]
scw/1801/180100400010.001/swg.fits[1]
scw/1801/180100440010.001/swg.fits[1]
scw/1801/180100450010.001/swg.fits[1]
scw/1801/180100460010.001/swg.fits[1]
scw/1801/180100470010.001/swg.fits[1]
scw/1801/180100480010.001/swg.fits[1]
scw/1801/180100490010.001/swg.fits[1]
scw/1801/180100500010.001/swg.fits[1]
scw/1801/180100520010.001/swg.fits[1]
scw/1801/180100530010.001/swg.fits[1]
scw/1801/180100540010.001/swg.fits[1]
scw/1801/180100550010.001/swg.fits[1]
scw/1801/180100560010.001/swg.fits[1]
scw/1801/180100570010.001/swg.fits[1]
scw/1801/180100580010.001/swg.fits[1]
scw/1801/180100590010.001/swg.fits[1]
scw/1801/180100600010.001/swg.fits[1]
scw/1801/180100610010.001/swg.fits[1]
scw/1801/180100620010.001/swg.fits[1]
scw/1801/180100630010.001/swg.fits[1]
scw/1801/180100640010.001/swg.fits[1]
scw/1868/186800080010.001/swg.fits[1]
scw/1868/186800090010.001/swg.fits[1]
scw/1868/186800100010.001/swg.fits[1]
scw/1868/186800110010.001/swg.fits[1]
scw/1868/186800120010.001/swg.fits[1]
scw/1868/186800130010.001/swg.fits[1]
scw/1868/186800140010.001/swg.fits[1]
scw/1868/186800150010.001/swg.fits[1]
scw/1868/186800160010.001/swg.fits[1]
scw/1868/186800170010.001/swg.fits[1]
scw/1868/186800180010.001/swg.fits[1]
scw/1868/186800190010.001/swg.fits[1]
scw/1868/186800200010.001/swg.fits[1]
scw/1868/186800210010.001/swg.fits[1]
scw/1868/186800220010.001/swg.fits[1]
scw/1868/186800230010.001/swg.fits[1]
scw/1868/186800240010.001/swg.fits[1]
scw/1868/186800250010.001/swg.fits[1]
scw/1868/186800260010.001/swg.fits[1]
scw/1868/186800270010.001/swg.fits[1]
scw/1868/186800280010.001/swg.fits[1]
scw/1868/186800290010.001/swg.fits[1]
scw/1868/186800300010.001/swg.fits[1]
scw/1868/186800310010.001/swg.fits[1]
scw/1868/186800320010.001/swg.fits[1]
scw/1868/186800330010.001/swg.fits[1]
scw/1868/186800340010.001/swg.fits[1]
scw/1868/186800350010.001/swg.fits[1]
scw/1868/186800360010.001/swg.fits[1]
scw/1868/186800370010.001/swg.fits[1]
scw/1868/186800380010.001/swg.fits[1]
scw/1868/186800390010.001/swg.fits[1]
scw/1868/186800400010.001/swg.fits[1]
scw/1868/186800410010.001/swg.fits[1]
scw/1868/186800420010.001/swg.fits[1]
scw/1868/186800430010.001/swg.fits[1]
scw/1868/186800440010.001/swg.fits[1]
scw/1868/186800460010.001/swg.fits[1]
scw/1868/186800470010.001/swg.fits[1]
scw/1868/186800480010.001/swg.fits[1]
scw/1868/186800490010.001/swg.fits[1]
scw/1868/186800500010.001/swg.fits[1]
scw/1868/186800510010.001/swg.fits[1]
scw/1868/186800520010.001/swg.fits[1]
scw/1868/186800530010.001/swg.fits[1]
scw/1868/186800540010.001/swg.fits[1]
scw/1868/186800550010.001/swg.fits[1]
scw/1869/186900010010.001/swg.fits[1]
scw/1869/186900020010.001/swg.fits[1]
scw/1869/186900030010.001/swg.fits[1]
scw/1869/186900040010.001/swg.fits[1]
scw/1869/186900050010.001/swg.fits[1]
scw/1869/186900060010.001/swg.fits[1]
scw/1869/186900070010.001/swg.fits[1]
scw/1869/186900080010.001/swg.fits[1]
scw/1869/186900090010.001/swg.fits[1]
scw/1869/186900100010.001/swg.fits[1]
scw/1869/186900110010.001/swg.fits[1]
scw/1869/186900120010.001/swg.fits[1]
scw/1869/186900130010.001/swg.fits[1]
scw/1869/186900140010.001/swg.fits[1]
scw/1869/186900150010.001/swg.fits[1]
scw/1869/186900160010.001/swg.fits[1]
scw/1869/186900170010.001/swg.fits[1]
scw/1869/186900180010.001/swg.fits[1]
scw/1869/186900190010.001/swg.fits[1]
scw/1869/186900200010.001/swg.fits[1]
scw/1869/186900210010.001/swg.fits[1]
scw/1869/186900220010.001/swg.fits[1]
scw/1869/186900230010.001/swg.fits[1]
scw/1869/186900240010.001/swg.fits[1]
scw/1869/186900250010.001/swg.fits[1]
scw/1869/186900260010.001/swg.fits[1]
scw/1869/186900270010.001/swg.fits[1]
scw/1869/186900280010.001/swg.fits[1]
scw/1869/186900290010.001/swg.fits[1]
scw/1869/186900300010.001/swg.fits[1]
scw/1869/186900310010.001/swg.fits[1]
scw/1869/186900320010.001/swg.fits[1]
scw/1869/186900330010.001/swg.fits[1]
scw/1869/186900340010.001/swg.fits[1]
scw/1869/186900350010.001/swg.fits[1]
scw/1869/186900360010.001/swg.fits[1]
scw/1869/186900370010.001/swg.fits[1]
scw/1869/186900380010.001/swg.fits[1]
scw/1869/186900390010.001/swg.fits[1]
scw/1869/186900400010.001/swg.fits[1]
scw/1869/186900410010.001/swg.fits[1]
scw/1869/186900420010.001/swg.fits[1]
scw/1869/186900430010.001/swg.fits[1]
scw/1869/186900440010.001/swg.fits[1]
scw/1869/186900450010.001/swg.fits[1]
scw/1869/186900460010.001/swg.fits[1]
scw/1869/186900470010.001/swg.fits[1]
scw/1869/186900480010.001/swg.fits[1]
scw/1869/186900490010.001/swg.fits[1]
scw/1869/186900500010.001/swg.fits[1]
scw/1870/187000010010.001/swg.fits[1]
scw/1870/187000020010.001/swg.fits[1]
scw/1870/187000030010.001/swg.fits[1]
scw/1870/187000040010.001/swg.fits[1]
