scw/1818/181800420010.001/swg.fits[1]
scw/1823/182300230010.001/swg.fits[1]
scw/1823/182300240010.001/swg.fits[1]
scw/1823/182300310010.001/swg.fits[1]
scw/1823/182300320010.001/swg.fits[1]
scw/1825/182500160010.001/swg.fits[1]
scw/1825/182500170010.001/swg.fits[1]
scw/1825/182500240010.001/swg.fits[1]
scw/1825/182500250010.001/swg.fits[1]
scw/1825/182500260010.001/swg.fits[1]
scw/1826/182600480010.001/swg.fits[1]
scw/1826/182600490010.001/swg.fits[1]
scw/1826/182600500010.001/swg.fits[1]
scw/1826/182600570010.001/swg.fits[1]
scw/1826/182600580010.001/swg.fits[1]
scw/1828/182800600010.001/swg.fits[1]
scw/1828/182800610010.001/swg.fits[1]
scw/1828/182800690010.001/swg.fits[1]
scw/1828/182800700010.001/swg.fits[1]
scw/1829/182900050010.001/swg.fits[1]
scw/1829/182900060010.001/swg.fits[1]
scw/1829/182900120010.001/swg.fits[1]
scw/1829/182900130010.001/swg.fits[1]
scw/1831/183100490010.001/swg.fits[1]
scw/1831/183100500010.001/swg.fits[1]
scw/1831/183100570010.001/swg.fits[1]
scw/1831/183100580010.001/swg.fits[1]
scw/1831/183100590010.001/swg.fits[1]
scw/1833/183300200010.001/swg.fits[1]
scw/1833/183300210010.001/swg.fits[1]
scw/1833/183300280010.001/swg.fits[1]
scw/1833/183300290010.001/swg.fits[1]
scw/1833/183300300010.001/swg.fits[1]
scw/1837/183700620010.001/swg.fits[1]
scw/1837/183700630010.001/swg.fits[1]
scw/1838/183800040010.001/swg.fits[1]
scw/1838/183800050010.001/swg.fits[1]
scw/1839/183900040010.001/swg.fits[1]
scw/1839/183900050010.001/swg.fits[1]
scw/1840/184000280010.001/swg.fits[1]
scw/1840/184000290010.001/swg.fits[1]
scw/1841/184100280010.001/swg.fits[1]
scw/1841/184100290010.001/swg.fits[1]
scw/1841/184100360010.001/swg.fits[1]
scw/1841/184100370010.001/swg.fits[1]
scw/1846/184600290010.001/swg.fits[1]
scw/1846/184600300010.001/swg.fits[1]
scw/1846/184600310010.001/swg.fits[1]
scw/1846/184600320010.001/swg.fits[1]
scw/1846/184600380010.001/swg.fits[1]
scw/1846/184600390010.001/swg.fits[1]
scw/1846/184600400010.001/swg.fits[1]
scw/1846/184600410010.001/swg.fits[1]
scw/1846/184600420010.001/swg.fits[1]
scw/1846/184600430010.001/swg.fits[1]
scw/1903/190300250010.001/swg.fits[1]
scw/1903/190300260010.001/swg.fits[1]
scw/1903/190300330010.001/swg.fits[1]
scw/1903/190300340010.001/swg.fits[1]
scw/1904/190400310010.001/swg.fits[1]
scw/1904/190400320010.001/swg.fits[1]
scw/1904/190400350010.001/swg.fits[1]
scw/1904/190400390010.001/swg.fits[1]
scw/1904/190400400010.001/swg.fits[1]
scw/1905/190500310010.001/swg.fits[1]
scw/1905/190500320010.001/swg.fits[1]
scw/1905/190500350010.001/swg.fits[1]
scw/1905/190500390010.001/swg.fits[1]
scw/1905/190500400010.001/swg.fits[1]
scw/1906/190600300010.001/swg.fits[1]
scw/1906/190600310010.001/swg.fits[1]
scw/1906/190600380010.001/swg.fits[1]
scw/1906/190600390010.001/swg.fits[1]
scw/1907/190700150010.001/swg.fits[1]
scw/1907/190700160010.001/swg.fits[1]
scw/1907/190700230010.001/swg.fits[1]
scw/1907/190700240010.001/swg.fits[1]
scw/1913/191300310010.001/swg.fits[1]
scw/1913/191300320010.001/swg.fits[1]
scw/1913/191300390010.001/swg.fits[1]
scw/1913/191300400010.001/swg.fits[1]
scw/1914/191400720010.001/swg.fits[1]
scw/1914/191400730010.001/swg.fits[1]
scw/1914/191400790010.001/swg.fits[1]
scw/1914/191400800010.001/swg.fits[1]
scw/1915/191500310010.001/swg.fits[1]
scw/1915/191500320010.001/swg.fits[1]
scw/1915/191500390010.001/swg.fits[1]
scw/1915/191500400010.001/swg.fits[1]
scw/1916/191600150010.001/swg.fits[1]
scw/1916/191600160010.001/swg.fits[1]
scw/1916/191600230010.001/swg.fits[1]
scw/1916/191600240010.001/swg.fits[1]
scw/1945/194500330010.001/swg.fits[1]
scw/1945/194500420010.001/swg.fits[1]
scw/1947/194700080010.001/swg.fits[1]
scw/1948/194800560010.001/swg.fits[1]
scw/1948/194800650010.001/swg.fits[1]
scw/1957/195700110010.001/swg.fits[1]
scw/1957/195700200010.001/swg.fits[1]
scw/1957/195700210010.001/swg.fits[1]
scw/1959/195900260010.001/swg.fits[1]
scw/1959/195900270010.001/swg.fits[1]
scw/1959/195900360010.001/swg.fits[1]
scw/1960/196000360010.001/swg.fits[1]
scw/1961/196100240010.001/swg.fits[1]
scw/1961/196100250010.001/swg.fits[1]
scw/1961/196100340010.001/swg.fits[1]
scw/1962/196200050010.001/swg.fits[1]
scw/1962/196200140010.001/swg.fits[1]
scw/1962/196200150010.001/swg.fits[1]
scw/1962/196200240010.001/swg.fits[1]
scw/1962/196200250010.001/swg.fits[1]
scw/1963/196300120010.001/swg.fits[1]
scw/1963/196300130010.001/swg.fits[1]
scw/1964/196400310010.001/swg.fits[1]
scw/1965/196500310010.001/swg.fits[1]
scw/1966/196600310010.001/swg.fits[1]
scw/1967/196700310010.001/swg.fits[1]
scw/1979/197900300010.001/swg.fits[1]
scw/1979/197900310010.001/swg.fits[1]
scw/1979/197900380010.001/swg.fits[1]
scw/1979/197900390010.001/swg.fits[1]
scw/1980/198000590010.001/swg.fits[1]
scw/1980/198000600010.001/swg.fits[1]
scw/1980/198000670010.001/swg.fits[1]
scw/1980/198000680010.001/swg.fits[1]
scw/1984/198400760010.001/swg.fits[1]
scw/1984/198400770010.001/swg.fits[1]
scw/1984/198400840010.001/swg.fits[1]
scw/1984/198400850010.001/swg.fits[1]
scw/2048/204800350010.001/swg.fits[1]
scw/2048/204800360010.001/swg.fits[1]
scw/2048/204800430010.001/swg.fits[1]
scw/2048/204800440010.001/swg.fits[1]
scw/2049/204900310010.001/swg.fits[1]
scw/2049/204900320010.001/swg.fits[1]
scw/2049/204900390010.001/swg.fits[1]
scw/2049/204900400010.001/swg.fits[1]
scw/2050/205000320010.001/swg.fits[1]
scw/2050/205000390010.001/swg.fits[1]
scw/2050/205000400010.001/swg.fits[1]
scw/2051/205100150010.001/swg.fits[1]
scw/2051/205100430010.001/swg.fits[1]
scw/2051/205100500010.001/swg.fits[1]
scw/2052/205200060010.001/swg.fits[1]
scw/2052/205200070010.001/swg.fits[1]
scw/2052/205200150010.001/swg.fits[1]
scw/2052/205200160010.001/swg.fits[1]
scw/2052/205200170010.001/swg.fits[1]
scw/2052/205200180010.001/swg.fits[1]
scw/2052/205200260010.001/swg.fits[1]
scw/2052/205200270010.001/swg.fits[1]
scw/2052/205200360010.001/swg.fits[1]
scw/2052/205200370010.001/swg.fits[1]
scw/2052/205200460010.001/swg.fits[1]
scw/2052/205200470010.001/swg.fits[1]
scw/2053/205300070010.001/swg.fits[1]
scw/2053/205300080010.001/swg.fits[1]
scw/2053/205300090010.001/swg.fits[1]
scw/2053/205300160010.001/swg.fits[1]
scw/2053/205300170010.001/swg.fits[1]
scw/2053/205300180010.001/swg.fits[1]
scw/2053/205300190010.001/swg.fits[1]
scw/2053/205300270010.001/swg.fits[1]
scw/2053/205300280010.001/swg.fits[1]
scw/2053/205300370010.001/swg.fits[1]
scw/2053/205300380010.001/swg.fits[1]
scw/2053/205300470010.001/swg.fits[1]
scw/2054/205400050010.001/swg.fits[1]
scw/2054/205400060010.001/swg.fits[1]
scw/2054/205400070010.001/swg.fits[1]
scw/2054/205400140010.001/swg.fits[1]
scw/2054/205400150010.001/swg.fits[1]
scw/2054/205400160010.001/swg.fits[1]
scw/2054/205400170010.001/swg.fits[1]
scw/2054/205400240010.001/swg.fits[1]
scw/2054/205400250010.001/swg.fits[1]
scw/2054/205400260010.001/swg.fits[1]
scw/2054/205400350010.001/swg.fits[1]
scw/2054/205400360010.001/swg.fits[1]
scw/2054/205400450010.001/swg.fits[1]
scw/2054/205400460010.001/swg.fits[1]
scw/2055/205500030010.001/swg.fits[1]
scw/2055/205500040010.001/swg.fits[1]
scw/2055/205500050010.001/swg.fits[1]
scw/2055/205500060010.001/swg.fits[1]
scw/2055/205500130010.001/swg.fits[1]
scw/2055/205500140010.001/swg.fits[1]
scw/2055/205500150010.001/swg.fits[1]
scw/2055/205500160010.001/swg.fits[1]
scw/2055/205500230010.001/swg.fits[1]
scw/2055/205500240010.001/swg.fits[1]
scw/2055/205500250010.001/swg.fits[1]
scw/2055/205500340010.001/swg.fits[1]
scw/2055/205500350010.001/swg.fits[1]
scw/2055/205500440010.001/swg.fits[1]
scw/2055/205500450010.001/swg.fits[1]
scw/2061/206100430010.001/swg.fits[1]
scw/2061/206100490010.001/swg.fits[1]
scw/2061/206100500010.001/swg.fits[1]
scw/2092/209200690010.001/swg.fits[1]
scw/2092/209200700010.001/swg.fits[1]
scw/2092/209200710010.001/swg.fits[1]
scw/2092/209200720010.001/swg.fits[1]
scw/2092/209200730010.001/swg.fits[1]
scw/2092/209200740010.001/swg.fits[1]
scw/2092/209200750010.001/swg.fits[1]
scw/2092/209200780010.001/swg.fits[1]
scw/2092/209200790010.001/swg.fits[1]
scw/2092/209200800010.001/swg.fits[1]
scw/2092/209200810010.001/swg.fits[1]
scw/2092/209200820010.001/swg.fits[1]
scw/2092/209200830010.001/swg.fits[1]
scw/2092/209200840010.001/swg.fits[1]
scw/2092/209200850010.001/swg.fits[1]
scw/2092/209200880010.001/swg.fits[1]
scw/2093/209300020010.001/swg.fits[1]
scw/2093/209300030010.001/swg.fits[1]
scw/2093/209300040010.001/swg.fits[1]
scw/2093/209300050010.001/swg.fits[1]
scw/2093/209300060010.001/swg.fits[1]
scw/2093/209300070010.001/swg.fits[1]
scw/2093/209300080010.001/swg.fits[1]
scw/2093/209300090010.001/swg.fits[1]
scw/2093/209300100010.001/swg.fits[1]
scw/2093/209300110010.001/swg.fits[1]
scw/2093/209300120010.001/swg.fits[1]
scw/2093/209300130010.001/swg.fits[1]
scw/2093/209300140010.001/swg.fits[1]
scw/2093/209300150010.001/swg.fits[1]
scw/2093/209300160010.001/swg.fits[1]
scw/2093/209300170010.001/swg.fits[1]
scw/2093/209300180010.001/swg.fits[1]
scw/2093/209300190010.001/swg.fits[1]
scw/2093/209300200010.001/swg.fits[1]
scw/2093/209300210010.001/swg.fits[1]
scw/2093/209300220010.001/swg.fits[1]
scw/2093/209300230010.001/swg.fits[1]
scw/2093/209300240010.001/swg.fits[1]
scw/2093/209300250010.001/swg.fits[1]
