scw/0986/098600240010.001/swg.fits[1]
scw/0986/098600250010.001/swg.fits[1]
scw/0986/098600260010.001/swg.fits[1]
scw/0986/098600270010.001/swg.fits[1]
scw/0986/098600290010.001/swg.fits[1]
scw/0988/098800090010.001/swg.fits[1]
scw/0988/098800100010.001/swg.fits[1]
scw/0988/098800110010.001/swg.fits[1]
scw/0988/098800120010.001/swg.fits[1]
scw/0988/098800130010.001/swg.fits[1]
scw/0988/098800140010.001/swg.fits[1]
scw/0988/098800150010.001/swg.fits[1]
scw/0988/098800160010.001/swg.fits[1]
scw/0988/098800170010.001/swg.fits[1]
scw/0988/098800180010.001/swg.fits[1]
scw/0988/098800190010.001/swg.fits[1]
scw/0988/098800200010.001/swg.fits[1]
scw/0988/098800210010.001/swg.fits[1]
scw/0988/098800510010.001/swg.fits[1]
scw/0988/098800520010.001/swg.fits[1]
scw/0988/098800530010.001/swg.fits[1]
scw/0988/098800540010.001/swg.fits[1]
scw/0988/098800550010.001/swg.fits[1]
scw/0988/098800560010.001/swg.fits[1]
scw/0988/098800570010.001/swg.fits[1]
scw/0988/098800580010.001/swg.fits[1]
scw/0988/098800600010.001/swg.fits[1]
scw/0988/098800610010.001/swg.fits[1]
scw/0988/098800620010.001/swg.fits[1]
scw/0988/098800630010.001/swg.fits[1]
scw/0988/098800640010.001/swg.fits[1]
scw/0988/098800650010.001/swg.fits[1]
scw/1038/103800810010.001/swg.fits[1]
scw/1038/103800890010.001/swg.fits[1]
scw/1038/103800900010.001/swg.fits[1]
scw/1038/103800910010.001/swg.fits[1]
scw/1038/103800920010.001/swg.fits[1]
scw/1042/104200510010.001/swg.fits[1]
scw/1042/104200520010.001/swg.fits[1]
scw/1042/104200530010.001/swg.fits[1]
scw/1042/104200540010.001/swg.fits[1]
scw/1042/104200550010.001/swg.fits[1]
scw/1042/104200560010.001/swg.fits[1]
scw/1042/104200620010.001/swg.fits[1]
scw/1042/104200630010.001/swg.fits[1]
scw/1042/104200630020.001/swg.fits[1]
scw/1043/104300020010.001/swg.fits[1]
scw/1043/104300220010.001/swg.fits[1]
scw/1043/104300300010.001/swg.fits[1]
scw/1043/104300310010.001/swg.fits[1]
scw/1043/104300320010.001/swg.fits[1]
scw/1043/104300330010.001/swg.fits[1]
scw/1043/104300340010.001/swg.fits[1]
scw/1043/104300390010.001/swg.fits[1]
scw/1043/104300400010.001/swg.fits[1]
scw/1043/104300410010.001/swg.fits[1]
scw/1043/104300420010.001/swg.fits[1]
scw/1043/104300430010.001/swg.fits[1]
scw/1043/104300440010.001/swg.fits[1]
scw/1043/104300500010.001/swg.fits[1]
scw/1043/104300510010.001/swg.fits[1]
scw/1043/104300520010.001/swg.fits[1]
scw/1044/104400210010.001/swg.fits[1]
scw/1044/104400290010.001/swg.fits[1]
scw/1044/104400300010.001/swg.fits[1]
scw/1044/104400310010.001/swg.fits[1]
scw/1044/104400320010.001/swg.fits[1]
scw/1044/104400330010.001/swg.fits[1]
scw/1044/104400370010.001/swg.fits[1]
scw/1044/104400380010.001/swg.fits[1]
scw/1044/104400390010.001/swg.fits[1]
scw/1044/104400400010.001/swg.fits[1]
scw/1044/104400410010.001/swg.fits[1]
scw/1044/104400420010.001/swg.fits[1]
scw/1044/104400430010.001/swg.fits[1]
scw/1044/104400490010.001/swg.fits[1]
scw/1044/104400500010.001/swg.fits[1]
scw/1044/104400510010.001/swg.fits[1]
scw/1044/104400520010.001/swg.fits[1]
scw/1044/104400600010.001/swg.fits[1]
scw/1045/104500090010.001/swg.fits[1]
scw/1045/104500170010.001/swg.fits[1]
scw/1045/104500180010.001/swg.fits[1]
scw/1045/104500190010.001/swg.fits[1]
scw/1045/104500200010.001/swg.fits[1]
scw/1045/104500210010.001/swg.fits[1]
scw/1045/104500250010.001/swg.fits[1]
scw/1045/104500260010.001/swg.fits[1]
scw/1045/104500270010.001/swg.fits[1]
scw/1045/104500280010.001/swg.fits[1]
scw/1045/104500290010.001/swg.fits[1]
scw/1045/104500300010.001/swg.fits[1]
scw/1045/104500310010.001/swg.fits[1]
scw/1045/104500370010.001/swg.fits[1]
scw/1045/104500380010.001/swg.fits[1]
scw/1045/104500390010.001/swg.fits[1]
scw/1045/104500590010.001/swg.fits[1]
scw/1290/129000180010.001/swg.fits[1]
scw/1658/165800470010.001/swg.fits[1]
scw/1658/165800630010.001/swg.fits[1]
scw/1658/165800850010.001/swg.fits[1]
scw/1658/165800860010.001/swg.fits[1]
scw/1658/165800870010.001/swg.fits[1]
scw/1659/165900130010.001/swg.fits[1]
scw/1659/165900140010.001/swg.fits[1]
scw/1659/165900150010.001/swg.fits[1]
scw/1659/165900360010.001/swg.fits[1]
scw/1659/165900370010.001/swg.fits[1]
scw/1659/165900380010.001/swg.fits[1]
scw/1659/165900520010.001/swg.fits[1]
scw/1659/165900530010.001/swg.fits[1]
scw/1659/165900540010.001/swg.fits[1]
scw/1659/165900760010.001/swg.fits[1]
scw/1659/165900920010.001/swg.fits[1]
scw/1665/166500490010.001/swg.fits[1]
scw/1665/166500500010.001/swg.fits[1]
scw/1665/166500510010.001/swg.fits[1]
scw/1665/166500650010.001/swg.fits[1]
scw/1665/166500660010.001/swg.fits[1]
scw/1665/166500670010.001/swg.fits[1]
scw/1665/166500840010.001/swg.fits[1]
scw/1665/166500890010.001/swg.fits[1]
scw/1665/166500900010.001/swg.fits[1]
scw/1666/166600440010.001/swg.fits[1]
scw/1666/166600480010.001/swg.fits[1]
scw/1666/166600490010.001/swg.fits[1]
scw/1666/166600500010.001/swg.fits[1]
scw/1666/166600720010.001/swg.fits[1]
scw/1666/166600880010.001/swg.fits[1]
scw/1667/166700010010.001/swg.fits[1]
scw/1667/166700050010.001/swg.fits[1]
scw/1667/166700060010.001/swg.fits[1]
scw/1667/166700070010.001/swg.fits[1]
scw/1668/166800450010.001/swg.fits[1]
scw/1668/166800490010.001/swg.fits[1]
scw/1668/166800500010.001/swg.fits[1]
scw/1668/166800510010.001/swg.fits[1]
scw/1668/166800730010.001/swg.fits[1]
scw/1668/166800960010.001/swg.fits[1]
scw/1669/166900750010.001/swg.fits[1]
scw/1670/167000470010.001/swg.fits[1]
scw/1670/167000620010.001/swg.fits[1]
scw/1670/167000630010.001/swg.fits[1]
scw/1670/167000640010.001/swg.fits[1]
scw/1670/167000780010.001/swg.fits[1]
scw/1670/167000790010.001/swg.fits[1]
scw/1670/167000800010.001/swg.fits[1]
scw/1722/172200450010.001/swg.fits[1]
scw/1722/172200460010.001/swg.fits[1]
scw/1722/172200610010.001/swg.fits[1]
scw/1722/172200620010.001/swg.fits[1]
scw/1722/172200770010.001/swg.fits[1]
scw/1722/172200930010.001/swg.fits[1]
scw/1725/172500240010.001/swg.fits[1]
scw/1725/172500250010.001/swg.fits[1]
scw/1725/172500260010.001/swg.fits[1]
scw/1725/172500410010.001/swg.fits[1]
scw/1725/172500570010.001/swg.fits[1]
scw/1725/172500720010.001/swg.fits[1]
scw/1725/172500730010.001/swg.fits[1]
scw/1725/172500740010.001/swg.fits[1]
scw/1726/172600190010.001/swg.fits[1]
scw/1726/172600340010.001/swg.fits[1]
scw/1726/172600350010.001/swg.fits[1]
scw/1726/172600360010.001/swg.fits[1]
scw/1726/172600510010.001/swg.fits[1]
scw/1726/172600670010.001/swg.fits[1]
scw/1727/172700590010.001/swg.fits[1]
scw/1727/172700740010.001/swg.fits[1]
scw/1727/172700750010.001/swg.fits[1]
scw/1727/172700760010.001/swg.fits[1]
scw/1727/172700900010.001/swg.fits[1]
scw/1727/172700910010.001/swg.fits[1]
scw/1728/172800430010.001/swg.fits[1]
scw/1728/172800440010.001/swg.fits[1]
scw/1728/172800450010.001/swg.fits[1]
scw/1728/172800460010.001/swg.fits[1]
scw/1728/172800610010.001/swg.fits[1]
scw/1729/172900430010.001/swg.fits[1]
scw/1729/172900440010.001/swg.fits[1]
scw/1729/172900450010.001/swg.fits[1]
scw/1729/172900460010.001/swg.fits[1]
scw/1729/172900590010.001/swg.fits[1]
scw/1729/172900600010.001/swg.fits[1]
scw/1729/172900610010.001/swg.fits[1]
scw/1729/172900620010.001/swg.fits[1]
scw/1729/172900760010.001/swg.fits[1]
scw/1729/172900770010.001/swg.fits[1]
scw/1731/173100430010.001/swg.fits[1]
scw/1731/173100440010.001/swg.fits[1]
scw/1731/173100600010.001/swg.fits[1]
scw/1731/173100760010.001/swg.fits[1]
scw/1731/173100910010.001/swg.fits[1]
scw/1731/173100920010.001/swg.fits[1]
scw/1731/173100930010.001/swg.fits[1]
scw/1732/173200180010.001/swg.fits[1]
scw/1732/173200190010.001/swg.fits[1]
scw/1732/173200200010.001/swg.fits[1]
scw/1732/173200340010.001/swg.fits[1]
scw/1732/173200350010.001/swg.fits[1]
scw/1732/173200360010.001/swg.fits[1]
scw/1732/173200490010.001/swg.fits[1]
scw/1732/173200510010.001/swg.fits[1]
scw/1732/173200520010.001/swg.fits[1]
scw/1732/173200700010.001/swg.fits[1]
scw/1732/173200850010.001/swg.fits[1]
scw/1732/173200860010.001/swg.fits[1]
scw/1732/173200870010.001/swg.fits[1]
scw/1735/173500300010.001/swg.fits[1]
scw/1735/173500310010.001/swg.fits[1]
scw/1735/173500320010.001/swg.fits[1]
