scw/0937/093700430010.001/swg.fits[1]
scw/0937/093700440010.001/swg.fits[1]
scw/0937/093700450010.001/swg.fits[1]
scw/0937/093700460010.001/swg.fits[1]
scw/0937/093700470010.001/swg.fits[1]
scw/0937/093700480010.001/swg.fits[1]
scw/0937/093700490010.001/swg.fits[1]
scw/0937/093700500010.001/swg.fits[1]
scw/0937/093700510010.001/swg.fits[1]
scw/0937/093700520010.001/swg.fits[1]
scw/0937/093700530010.001/swg.fits[1]
scw/0937/093700540010.001/swg.fits[1]
scw/0937/093700550010.001/swg.fits[1]
scw/0937/093700560010.001/swg.fits[1]
scw/0937/093700570010.001/swg.fits[1]
scw/0937/093700580010.001/swg.fits[1]
scw/0937/093700590010.001/swg.fits[1]
scw/0937/093700600010.001/swg.fits[1]
scw/0938/093800250010.001/swg.fits[1]
scw/0938/093800260010.001/swg.fits[1]
scw/0938/093800270010.001/swg.fits[1]
scw/0938/093800280010.001/swg.fits[1]
scw/0938/093800290010.001/swg.fits[1]
scw/0949/094900020010.001/swg.fits[1]
scw/0949/094900030010.001/swg.fits[1]
scw/0949/094900040010.001/swg.fits[1]
scw/0949/094900050010.001/swg.fits[1]
scw/0949/094900060010.001/swg.fits[1]
scw/0949/094900070010.001/swg.fits[1]
scw/0949/094900080010.001/swg.fits[1]
scw/0949/094900090010.001/swg.fits[1]
scw/0949/094900100010.001/swg.fits[1]
scw/0949/094900110010.001/swg.fits[1]
scw/0949/094900120010.001/swg.fits[1]
scw/0949/094900130010.001/swg.fits[1]
scw/0949/094900140010.001/swg.fits[1]
scw/0949/094900150010.001/swg.fits[1]
scw/0949/094900160010.001/swg.fits[1]
scw/0949/094900180010.001/swg.fits[1]
scw/0949/094900190010.001/swg.fits[1]
scw/0949/094900200010.001/swg.fits[1]
scw/0949/094900210010.001/swg.fits[1]
scw/0949/094900240010.001/swg.fits[1]
scw/0949/094900250010.001/swg.fits[1]
scw/0949/094900260010.001/swg.fits[1]
scw/0949/094900470010.001/swg.fits[1]
scw/0949/094900480010.001/swg.fits[1]
scw/0949/094900490010.001/swg.fits[1]
scw/0949/094900520010.001/swg.fits[1]
scw/0949/094900530010.001/swg.fits[1]
scw/0949/094900540010.001/swg.fits[1]
scw/0949/094900550010.001/swg.fits[1]
scw/0949/094900560010.001/swg.fits[1]
scw/0949/094900570010.001/swg.fits[1]
scw/0949/094900580010.001/swg.fits[1]
scw/0949/094900590010.001/swg.fits[1]
scw/0949/094900600010.001/swg.fits[1]
scw/0949/094900610010.001/swg.fits[1]
scw/0954/095400580010.001/swg.fits[1]
scw/0954/095400580020.001/swg.fits[1]
scw/0954/095400580030.001/swg.fits[1]
scw/0997/099700120010.001/swg.fits[1]
scw/0997/099700130010.001/swg.fits[1]
scw/0997/099700140010.001/swg.fits[1]
scw/0997/099700150010.001/swg.fits[1]
scw/0997/099700160010.001/swg.fits[1]
scw/0997/099700170010.001/swg.fits[1]
scw/0997/099700180010.001/swg.fits[1]
scw/0997/099700190010.001/swg.fits[1]
scw/0997/099700200010.001/swg.fits[1]
scw/0997/099700210010.001/swg.fits[1]
scw/0997/099700220010.001/swg.fits[1]
scw/0997/099700230010.001/swg.fits[1]
scw/0997/099700240010.001/swg.fits[1]
scw/0997/099700250010.001/swg.fits[1]
scw/0997/099700270010.001/swg.fits[1]
scw/0997/099700280010.001/swg.fits[1]
scw/0997/099700290010.001/swg.fits[1]
scw/0997/099700300010.001/swg.fits[1]
scw/0997/099700310010.001/swg.fits[1]
scw/0997/099700320010.001/swg.fits[1]
scw/0997/099700330010.001/swg.fits[1]
scw/0997/099700340010.001/swg.fits[1]
scw/0997/099700350010.001/swg.fits[1]
scw/0997/099700360010.001/swg.fits[1]
scw/0997/099700370010.001/swg.fits[1]
scw/0997/099700380010.001/swg.fits[1]
scw/0997/099700390010.001/swg.fits[1]
scw/0997/099700400010.001/swg.fits[1]
scw/0997/099700410010.001/swg.fits[1]
scw/1002/100200670010.001/swg.fits[1]
scw/1002/100200670020.001/swg.fits[1]
scw/1002/100200670030.001/swg.fits[1]
scw/1002/100200680010.001/swg.fits[1]
scw/1003/100300040010.001/swg.fits[1]
scw/1003/100300050010.001/swg.fits[1]
scw/1003/100300060010.001/swg.fits[1]
scw/1003/100300070010.001/swg.fits[1]
scw/1003/100300080010.001/swg.fits[1]
scw/1003/100300090010.001/swg.fits[1]
scw/1003/100300100010.001/swg.fits[1]
scw/1003/100300110010.001/swg.fits[1]
scw/1003/100300120010.001/swg.fits[1]
scw/1003/100300130010.001/swg.fits[1]
scw/1003/100300140010.001/swg.fits[1]
scw/1003/100300150010.001/swg.fits[1]
scw/1003/100300160010.001/swg.fits[1]
scw/1003/100300170010.001/swg.fits[1]
scw/1003/100300180010.001/swg.fits[1]
scw/1003/100300190010.001/swg.fits[1]
scw/1003/100300200010.001/swg.fits[1]
scw/1003/100300210010.001/swg.fits[1]
scw/1003/100300220010.001/swg.fits[1]
scw/1003/100300230010.001/swg.fits[1]
scw/1003/100300240010.001/swg.fits[1]
scw/1003/100300250010.001/swg.fits[1]
scw/1003/100300260010.001/swg.fits[1]
scw/1003/100300270010.001/swg.fits[1]
scw/1003/100300280010.001/swg.fits[1]
scw/1003/100300290010.001/swg.fits[1]
scw/1003/100300300010.001/swg.fits[1]
scw/1003/100300310010.001/swg.fits[1]
scw/1003/100300320010.001/swg.fits[1]
scw/1003/100300330010.001/swg.fits[1]
scw/1003/100300530010.001/swg.fits[1]
scw/1003/100300540010.001/swg.fits[1]
scw/1003/100300550010.001/swg.fits[1]
scw/1003/100300560010.001/swg.fits[1]
scw/1003/100300570010.001/swg.fits[1]
scw/1003/100300580010.001/swg.fits[1]
scw/1003/100300590010.001/swg.fits[1]
scw/1003/100300600010.001/swg.fits[1]
scw/1003/100300610010.001/swg.fits[1]
scw/1003/100300620010.001/swg.fits[1]
scw/1003/100300630010.001/swg.fits[1]
scw/1003/100300640010.001/swg.fits[1]
scw/1003/100300650010.001/swg.fits[1]
scw/1004/100400040010.001/swg.fits[1]
scw/1004/100400050010.001/swg.fits[1]
scw/1004/100400060010.001/swg.fits[1]
scw/1004/100400070010.001/swg.fits[1]
scw/1004/100400080010.001/swg.fits[1]
scw/1004/100400090010.001/swg.fits[1]
scw/1004/100400100010.001/swg.fits[1]
scw/1004/100400110010.001/swg.fits[1]
scw/1004/100400120010.001/swg.fits[1]
scw/1004/100400130010.001/swg.fits[1]
scw/1004/100400140010.001/swg.fits[1]
scw/1004/100400150010.001/swg.fits[1]
scw/1004/100400160010.001/swg.fits[1]
scw/1004/100400170010.001/swg.fits[1]
scw/1004/100400180010.001/swg.fits[1]
scw/1004/100400190010.001/swg.fits[1]
scw/1004/100400200010.001/swg.fits[1]
scw/1004/100400210010.001/swg.fits[1]
scw/1004/100400420010.001/swg.fits[1]
scw/1004/100400430010.001/swg.fits[1]
scw/1004/100400440010.001/swg.fits[1]
scw/1004/100400450010.001/swg.fits[1]
scw/1004/100400460010.001/swg.fits[1]
scw/1004/100400470010.001/swg.fits[1]
scw/1004/100400480010.001/swg.fits[1]
scw/1004/100400490010.001/swg.fits[1]
scw/1004/100400500010.001/swg.fits[1]
scw/1004/100400510010.001/swg.fits[1]
scw/1004/100400520010.001/swg.fits[1]
scw/1004/100400530010.001/swg.fits[1]
scw/1004/100400540010.001/swg.fits[1]
scw/1004/100400550010.001/swg.fits[1]
scw/1004/100400560010.001/swg.fits[1]
scw/1004/100400570010.001/swg.fits[1]
scw/1004/100400580010.001/swg.fits[1]
scw/1004/100400590010.001/swg.fits[1]
scw/1004/100400600010.001/swg.fits[1]
scw/1004/100400610010.001/swg.fits[1]
scw/1004/100400620010.001/swg.fits[1]
scw/1004/100400630010.001/swg.fits[1]
scw/1004/100400640010.001/swg.fits[1]
scw/1004/100400650010.001/swg.fits[1]
scw/1005/100500040010.001/swg.fits[1]
scw/1005/100500050010.001/swg.fits[1]
scw/1005/100500060010.001/swg.fits[1]
scw/1005/100500070010.001/swg.fits[1]
scw/1005/100500080010.001/swg.fits[1]
scw/1005/100500090010.001/swg.fits[1]
scw/1005/100500100010.001/swg.fits[1]
scw/1005/100500110010.001/swg.fits[1]
scw/1005/100500120010.001/swg.fits[1]
scw/1005/100500130010.001/swg.fits[1]
scw/1005/100500140010.001/swg.fits[1]
scw/1005/100500150010.001/swg.fits[1]
scw/1005/100500160010.001/swg.fits[1]
scw/1005/100500170010.001/swg.fits[1]
scw/1005/100500180010.001/swg.fits[1]
scw/1005/100500390010.001/swg.fits[1]
scw/1005/100500400010.001/swg.fits[1]
scw/1005/100500410010.001/swg.fits[1]
scw/1005/100500420010.001/swg.fits[1]
scw/1005/100500430010.001/swg.fits[1]
scw/1005/100500440010.001/swg.fits[1]
scw/1005/100500450010.001/swg.fits[1]
scw/1005/100500460010.001/swg.fits[1]
scw/1005/100500470010.001/swg.fits[1]
scw/1005/100500480010.001/swg.fits[1]
scw/1005/100500490010.001/swg.fits[1]
scw/1005/100500500010.001/swg.fits[1]
scw/1005/100500510010.001/swg.fits[1]
scw/1005/100500520010.001/swg.fits[1]
scw/1005/100500530010.001/swg.fits[1]
scw/1005/100500540010.001/swg.fits[1]
scw/1005/100500550010.001/swg.fits[1]
scw/1005/100500560010.001/swg.fits[1]
scw/1005/100500570010.001/swg.fits[1]
scw/1005/100500580010.001/swg.fits[1]
scw/1005/100500590010.001/swg.fits[1]
scw/1005/100500600010.001/swg.fits[1]
scw/1005/100500610010.001/swg.fits[1]
scw/1005/100500620010.001/swg.fits[1]
scw/1005/100500630010.001/swg.fits[1]
scw/1006/100600060010.001/swg.fits[1]
scw/1006/100600070010.001/swg.fits[1]
scw/1006/100600330010.001/swg.fits[1]
scw/1006/100600340010.001/swg.fits[1]
scw/1006/100600350010.001/swg.fits[1]
scw/1006/100600360010.001/swg.fits[1]
scw/1006/100600370010.001/swg.fits[1]
scw/1006/100600380010.001/swg.fits[1]
scw/1006/100600390010.001/swg.fits[1]
scw/1006/100600400010.001/swg.fits[1]
scw/1006/100600410010.001/swg.fits[1]
scw/1006/100600420010.001/swg.fits[1]
scw/1006/100600430010.001/swg.fits[1]
scw/1006/100600440010.001/swg.fits[1]
scw/1006/100600450010.001/swg.fits[1]
scw/1006/100600460010.001/swg.fits[1]
scw/1006/100600470010.001/swg.fits[1]
scw/1006/100600480010.001/swg.fits[1]
scw/1006/100600490010.001/swg.fits[1]
scw/1006/100600500010.001/swg.fits[1]
scw/1006/100600510010.001/swg.fits[1]
