scw/0688/068800210010.001/swg.fits[1]
scw/0688/068800220010.001/swg.fits[1]
scw/0688/068800310010.001/swg.fits[1]
scw/0688/068800410010.001/swg.fits[1]
scw/0688/068800420010.001/swg.fits[1]
scw/0688/068800500010.001/swg.fits[1]
scw/0688/068800510010.001/swg.fits[1]
scw/0688/068800520010.001/swg.fits[1]
scw/0688/068800530010.001/swg.fits[1]
scw/0688/068800600010.001/swg.fits[1]
scw/0688/068800610010.001/swg.fits[1]
scw/0689/068900020010.001/swg.fits[1]
scw/0689/068900030010.001/swg.fits[1]
scw/0689/068900100010.001/swg.fits[1]
scw/0689/068900110010.001/swg.fits[1]
scw/0689/068900120010.001/swg.fits[1]
scw/0689/068900130010.001/swg.fits[1]
scw/0689/068900210010.001/swg.fits[1]
scw/0689/068900220010.001/swg.fits[1]
scw/0689/068900310010.001/swg.fits[1]
scw/0689/068900320010.001/swg.fits[1]
scw/0689/068900400010.001/swg.fits[1]
scw/0689/068900410010.001/swg.fits[1]
scw/0689/068900420010.001/swg.fits[1]
scw/0689/068900430010.001/swg.fits[1]
scw/0689/068900500010.001/swg.fits[1]
scw/0689/068900510010.001/swg.fits[1]
scw/0689/068900520010.001/swg.fits[1]
scw/0689/068900530010.001/swg.fits[1]
scw/0689/068900600010.001/swg.fits[1]
scw/0690/069000020010.001/swg.fits[1]
scw/0690/069000030010.001/swg.fits[1]
scw/0690/069000040010.001/swg.fits[1]
scw/0690/069000120010.001/swg.fits[1]
scw/0690/069000130010.001/swg.fits[1]
scw/0739/073900150010.001/swg.fits[1]
scw/0739/073900160010.001/swg.fits[1]
scw/0739/073900170010.001/swg.fits[1]
scw/0739/073900180010.001/swg.fits[1]
scw/0739/073900190010.001/swg.fits[1]
scw/0739/073900200010.001/swg.fits[1]
scw/0739/073900210010.001/swg.fits[1]
scw/0739/073900220010.001/swg.fits[1]
scw/0739/073900230010.001/swg.fits[1]
scw/0739/073900800010.001/swg.fits[1]
scw/0739/073900960010.001/swg.fits[1]
scw/0739/073900980010.001/swg.fits[1]
scw/0739/073900990010.001/swg.fits[1]
scw/0739/073901000010.001/swg.fits[1]
scw/0739/073901010010.001/swg.fits[1]
scw/0741/074100180010.001/swg.fits[1]
scw/0741/074100190010.001/swg.fits[1]
scw/0741/074100200010.001/swg.fits[1]
scw/0741/074100210010.001/swg.fits[1]
scw/0741/074100310010.001/swg.fits[1]
scw/0741/074100320010.001/swg.fits[1]
scw/0741/074100330010.001/swg.fits[1]
scw/0741/074100340010.001/swg.fits[1]
scw/0741/074100350010.001/swg.fits[1]
scw/0741/074100360010.001/swg.fits[1]
scw/0741/074100370010.001/swg.fits[1]
scw/0741/074100380010.001/swg.fits[1]
scw/0741/074100390010.001/swg.fits[1]
scw/0741/074100550010.001/swg.fits[1]
scw/0742/074200020010.001/swg.fits[1]
scw/0742/074200030010.001/swg.fits[1]
scw/0742/074200040010.001/swg.fits[1]
scw/0742/074200170010.001/swg.fits[1]
scw/0742/074200180010.001/swg.fits[1]
scw/0742/074200190010.001/swg.fits[1]
scw/0742/074200200010.001/swg.fits[1]
scw/0742/074200210010.001/swg.fits[1]
scw/0742/074200220010.001/swg.fits[1]
scw/0742/074200230010.001/swg.fits[1]
scw/0742/074200240010.001/swg.fits[1]
scw/0742/074200250010.001/swg.fits[1]
scw/0742/074200260010.001/swg.fits[1]
scw/0742/074200270010.001/swg.fits[1]
scw/0742/074200380010.001/swg.fits[1]
scw/0742/074200390010.001/swg.fits[1]
scw/0742/074200400010.001/swg.fits[1]
scw/0742/074200410010.001/swg.fits[1]
scw/0742/074200420010.001/swg.fits[1]
scw/0742/074200430010.001/swg.fits[1]
scw/0742/074200440010.001/swg.fits[1]
scw/0743/074300250010.001/swg.fits[1]
scw/0743/074300260010.001/swg.fits[1]
scw/0743/074300270010.001/swg.fits[1]
scw/0743/074300280010.001/swg.fits[1]
scw/0743/074300290010.001/swg.fits[1]
scw/0743/074300300010.001/swg.fits[1]
scw/0743/074300310010.001/swg.fits[1]
scw/0743/074300320010.001/swg.fits[1]
scw/0743/074300330010.001/swg.fits[1]
scw/0743/074300440010.001/swg.fits[1]
scw/0743/074300450010.001/swg.fits[1]
scw/0743/074300460010.001/swg.fits[1]
scw/0743/074300470010.001/swg.fits[1]
scw/0743/074300480010.001/swg.fits[1]
scw/0743/074300490010.001/swg.fits[1]
scw/0743/074300500010.001/swg.fits[1]
scw/0743/074300510010.001/swg.fits[1]
scw/0744/074400240010.001/swg.fits[1]
scw/0744/074400250010.001/swg.fits[1]
scw/0744/074400260010.001/swg.fits[1]
scw/0744/074400270010.001/swg.fits[1]
scw/0744/074400280010.001/swg.fits[1]
scw/0744/074400290010.001/swg.fits[1]
scw/0744/074400300010.001/swg.fits[1]
scw/0744/074400310010.001/swg.fits[1]
scw/0744/074400320010.001/swg.fits[1]
scw/0744/074400430010.001/swg.fits[1]
scw/0744/074400440010.001/swg.fits[1]
scw/0744/074400450010.001/swg.fits[1]
scw/0744/074400460010.001/swg.fits[1]
scw/0744/074400470010.001/swg.fits[1]
scw/0744/074400480010.001/swg.fits[1]
scw/0744/074400490010.001/swg.fits[1]
scw/0744/074400500010.001/swg.fits[1]
scw/0745/074500450010.001/swg.fits[1]
scw/0745/074500460010.001/swg.fits[1]
scw/0745/074500470010.001/swg.fits[1]
scw/0745/074500480010.001/swg.fits[1]
scw/0745/074500490010.001/swg.fits[1]
scw/0745/074500500010.001/swg.fits[1]
scw/0745/074500510010.001/swg.fits[1]
scw/0745/074500520010.001/swg.fits[1]
scw/0745/074500630010.001/swg.fits[1]
scw/0745/074500640010.001/swg.fits[1]
scw/0745/074500650010.001/swg.fits[1]
scw/0745/074500660010.001/swg.fits[1]
scw/0745/074500670010.001/swg.fits[1]
scw/0745/074500680010.001/swg.fits[1]
scw/0745/074500690010.001/swg.fits[1]
scw/0745/074500700010.001/swg.fits[1]
scw/0757/075700530010.001/swg.fits[1]
scw/0757/075700540010.001/swg.fits[1]
scw/0757/075700550010.001/swg.fits[1]
scw/0757/075700610010.001/swg.fits[1]
scw/0759/075900190010.001/swg.fits[1]
scw/0759/075900200010.001/swg.fits[1]
scw/0759/075900480010.001/swg.fits[1]
scw/0759/075900490010.001/swg.fits[1]
scw/0759/075900500010.001/swg.fits[1]
scw/0759/075900560010.001/swg.fits[1]
scw/0759/075900570010.001/swg.fits[1]
scw/0759/075900580010.001/swg.fits[1]
scw/0759/075900590010.001/swg.fits[1]
scw/0759/075900600010.001/swg.fits[1]
scw/0760/076000020010.001/swg.fits[1]
scw/0760/076000080010.001/swg.fits[1]
scw/0760/076000090010.001/swg.fits[1]
scw/0760/076000100010.001/swg.fits[1]
scw/0760/076000390010.001/swg.fits[1]
scw/0760/076000400010.001/swg.fits[1]
scw/0760/076000410010.001/swg.fits[1]
scw/0760/076000470010.001/swg.fits[1]
scw/0760/076000480010.001/swg.fits[1]
scw/0760/076000490010.001/swg.fits[1]
scw/0760/076000500010.001/swg.fits[1]
scw/0760/076000510010.001/swg.fits[1]
scw/0760/076000520010.001/swg.fits[1]
scw/0760/076000530010.001/swg.fits[1]
scw/0760/076000570010.001/swg.fits[1]
scw/0760/076000580010.001/swg.fits[1]
scw/0760/076000590010.001/swg.fits[1]
scw/0760/076000600010.001/swg.fits[1]
scw/0761/076100020010.001/swg.fits[1]
scw/0761/076100100010.001/swg.fits[1]
scw/0761/076100300010.001/swg.fits[1]
scw/0761/076100310010.001/swg.fits[1]
scw/0761/076100320010.001/swg.fits[1]
scw/0761/076100380010.001/swg.fits[1]
scw/0761/076100390010.001/swg.fits[1]
scw/0761/076100400010.001/swg.fits[1]
scw/0761/076100410010.001/swg.fits[1]
scw/0761/076100420010.001/swg.fits[1]
scw/0761/076100430010.001/swg.fits[1]
scw/0761/076100490010.001/swg.fits[1]
scw/0761/076100500010.001/swg.fits[1]
scw/0761/076100510010.001/swg.fits[1]
scw/0762/076200200010.001/swg.fits[1]
scw/0762/076200210010.001/swg.fits[1]
scw/0762/076200220010.001/swg.fits[1]
scw/0762/076200230010.001/swg.fits[1]
scw/0762/076200240010.001/swg.fits[1]
scw/0762/076200280010.001/swg.fits[1]
scw/0762/076200290010.001/swg.fits[1]
scw/0762/076200300010.001/swg.fits[1]
scw/0762/076200310010.001/swg.fits[1]
scw/0762/076200320010.001/swg.fits[1]
scw/0762/076200330010.001/swg.fits[1]
scw/0762/076200340010.001/swg.fits[1]
scw/0762/076200350010.001/swg.fits[1]
scw/0794/079400770010.001/swg.fits[1]
scw/0794/079400780010.001/swg.fits[1]
scw/0794/079400790010.001/swg.fits[1]
scw/0794/079400800010.001/swg.fits[1]
scw/0794/079400810010.001/swg.fits[1]
scw/0794/079400820010.001/swg.fits[1]
scw/0794/079400950010.001/swg.fits[1]
scw/0794/079400960010.001/swg.fits[1]
scw/0794/079400970010.001/swg.fits[1]
scw/0794/079400980010.001/swg.fits[1]
scw/0794/079400990010.001/swg.fits[1]
scw/0794/079401000010.001/swg.fits[1]
scw/0794/079401010010.001/swg.fits[1]
scw/0803/080300780010.001/swg.fits[1]
scw/0803/080300790010.001/swg.fits[1]
scw/0803/080300800010.001/swg.fits[1]
scw/0803/080300810010.001/swg.fits[1]
scw/0803/080300820010.001/swg.fits[1]
scw/0803/080300830010.001/swg.fits[1]
scw/0803/080300840010.001/swg.fits[1]
scw/0803/080300850010.001/swg.fits[1]
scw/0803/080300960010.001/swg.fits[1]
scw/0803/080300970010.001/swg.fits[1]
scw/0803/080300980010.001/swg.fits[1]
scw/0803/080300990010.001/swg.fits[1]
scw/0803/080301000010.001/swg.fits[1]
scw/0803/080301010010.001/swg.fits[1]
scw/0803/080301020010.001/swg.fits[1]
scw/0803/080301030010.001/swg.fits[1]
scw/0804/080400640010.001/swg.fits[1]
scw/0804/080400650010.001/swg.fits[1]
scw/0804/080400800010.001/swg.fits[1]
scw/0804/080400810010.001/swg.fits[1]
scw/0804/080400820010.001/swg.fits[1]
scw/0804/080400830010.001/swg.fits[1]
scw/0804/080400840010.001/swg.fits[1]
scw/0804/080400850010.001/swg.fits[1]
scw/0804/080400860010.001/swg.fits[1]
scw/0804/080400870010.001/swg.fits[1]
scw/0804/080400880010.001/swg.fits[1]
scw/0804/080400990010.001/swg.fits[1]
