scw/1837/183700270010.001/swg.fits[1]
scw/1837/183700280010.001/swg.fits[1]
scw/1910/191000370010.001/swg.fits[1]
scw/1974/197400080010.001/swg.fits[1]
scw/1974/197400090010.001/swg.fits[1]
scw/1974/197400100010.001/swg.fits[1]
scw/1974/197400170010.001/swg.fits[1]
scw/1974/197400180010.001/swg.fits[1]
scw/1974/197400190010.001/swg.fits[1]
scw/1974/197400200010.001/swg.fits[1]
scw/1974/197400270010.001/swg.fits[1]
scw/1974/197400280010.001/swg.fits[1]
scw/1974/197400290010.001/swg.fits[1]
scw/1974/197400300010.001/swg.fits[1]
scw/1974/197400370010.001/swg.fits[1]
scw/1974/197400380010.001/swg.fits[1]
scw/1974/197400390010.001/swg.fits[1]
scw/1974/197400400010.001/swg.fits[1]
scw/1974/197400480010.001/swg.fits[1]
scw/1974/197400490010.001/swg.fits[1]
scw/1975/197500080010.001/swg.fits[1]
scw/1975/197500090010.001/swg.fits[1]
scw/1975/197500100010.001/swg.fits[1]
scw/1975/197500180010.001/swg.fits[1]
scw/1975/197500190010.001/swg.fits[1]
scw/1975/197500200010.001/swg.fits[1]
scw/1975/197500270010.001/swg.fits[1]
scw/1975/197500280010.001/swg.fits[1]
scw/1975/197500290010.001/swg.fits[1]
scw/1975/197500300010.001/swg.fits[1]
scw/1977/197700050010.001/swg.fits[1]
scw/1977/197700060010.001/swg.fits[1]
scw/1977/197700070010.001/swg.fits[1]
scw/1977/197700080010.001/swg.fits[1]
scw/1977/197700160010.001/swg.fits[1]
scw/1977/197700260010.001/swg.fits[1]
scw/1977/197700270010.001/swg.fits[1]
scw/1977/197700280010.001/swg.fits[1]
scw/1977/197700340010.001/swg.fits[1]
scw/1977/197700350010.001/swg.fits[1]
scw/1977/197700360010.001/swg.fits[1]
scw/1977/197700370010.001/swg.fits[1]
scw/1977/197700380010.001/swg.fits[1]
scw/1977/197700390010.001/swg.fits[1]
scw/1977/197700440010.001/swg.fits[1]
scw/1977/197700450010.001/swg.fits[1]
scw/1977/197700460010.001/swg.fits[1]
scw/1977/197700470010.001/swg.fits[1]
scw/1977/197700480010.001/swg.fits[1]
scw/1977/197700490010.001/swg.fits[1]
scw/2032/203200040010.001/swg.fits[1]
scw/2038/203800540010.001/swg.fits[1]
scw/2038/203800540020.001/swg.fits[1]
scw/2039/203900080010.001/swg.fits[1]
scw/2039/203900090010.001/swg.fits[1]
scw/2039/203900100010.001/swg.fits[1]
scw/2039/203900110010.001/swg.fits[1]
scw/2039/203900180010.001/swg.fits[1]
scw/2039/203900190010.001/swg.fits[1]
scw/2039/203900200010.001/swg.fits[1]
scw/2039/203900210010.001/swg.fits[1]
scw/2039/203900280010.001/swg.fits[1]
scw/2039/203900290010.001/swg.fits[1]
scw/2039/203900300010.001/swg.fits[1]
scw/2039/203900310010.001/swg.fits[1]
scw/2039/203900380010.001/swg.fits[1]
scw/2039/203900400010.001/swg.fits[1]
scw/2039/203900410010.001/swg.fits[1]
scw/2039/203900490010.001/swg.fits[1]
scw/2039/203900500010.001/swg.fits[1]
scw/2039/203900510010.001/swg.fits[1]
scw/2039/203900510020.001/swg.fits[1]
scw/2040/204000080010.001/swg.fits[1]
scw/2040/204000090010.001/swg.fits[1]
scw/2040/204000100010.001/swg.fits[1]
scw/2040/204000110010.001/swg.fits[1]
scw/2040/204000180010.001/swg.fits[1]
scw/2040/204000190010.001/swg.fits[1]
scw/2040/204000200010.001/swg.fits[1]
scw/2040/204000210010.001/swg.fits[1]
scw/2040/204000280010.001/swg.fits[1]
scw/2040/204000290010.001/swg.fits[1]
scw/2040/204000300010.001/swg.fits[1]
scw/2040/204000310010.001/swg.fits[1]
scw/2040/204000380010.001/swg.fits[1]
scw/2040/204000390010.001/swg.fits[1]
scw/2040/204000400010.001/swg.fits[1]
scw/2040/204000480010.001/swg.fits[1]
scw/2040/204000490010.001/swg.fits[1]
scw/2040/204000500010.001/swg.fits[1]
scw/2040/204000510010.001/swg.fits[1]
scw/2041/204100070010.001/swg.fits[1]
scw/2041/204100080010.001/swg.fits[1]
scw/2041/204100090010.001/swg.fits[1]
scw/2041/204100100010.001/swg.fits[1]
scw/2041/204100110010.001/swg.fits[1]
scw/2041/204100160010.001/swg.fits[1]
scw/2041/204100170010.001/swg.fits[1]
scw/2041/204100180010.001/swg.fits[1]
scw/2041/204100190010.001/swg.fits[1]
scw/2041/204100200010.001/swg.fits[1]
scw/2041/204100210010.001/swg.fits[1]
scw/2041/204100270010.001/swg.fits[1]
scw/2041/204100280010.001/swg.fits[1]
scw/2041/204100290010.001/swg.fits[1]
scw/2041/204100300010.001/swg.fits[1]
scw/2041/204100370010.001/swg.fits[1]
scw/2041/204100380010.001/swg.fits[1]
scw/2041/204100390010.001/swg.fits[1]
scw/2041/204100470010.001/swg.fits[1]
scw/2041/204100480010.001/swg.fits[1]
scw/2041/204100490010.001/swg.fits[1]
scw/2041/204100500010.001/swg.fits[1]
scw/2045/204500120010.001/swg.fits[1]
scw/2045/204500130010.001/swg.fits[1]
scw/2045/204500140010.001/swg.fits[1]
scw/2045/204500150010.001/swg.fits[1]
scw/2045/204500160010.001/swg.fits[1]
scw/2045/204500170010.001/swg.fits[1]
scw/2045/204500220010.001/swg.fits[1]
scw/2045/204500230010.001/swg.fits[1]
scw/2045/204500240010.001/swg.fits[1]
scw/2045/204500250010.001/swg.fits[1]
scw/2045/204500260010.001/swg.fits[1]
scw/2045/204500270010.001/swg.fits[1]
scw/2045/204500320010.001/swg.fits[1]
scw/2045/204500330010.001/swg.fits[1]
scw/2045/204500340010.001/swg.fits[1]
scw/2045/204500350010.001/swg.fits[1]
scw/2045/204500360010.001/swg.fits[1]
scw/2045/204500370010.001/swg.fits[1]
scw/2045/204500430010.001/swg.fits[1]
scw/2045/204500450010.001/swg.fits[1]
scw/2045/204500540010.001/swg.fits[1]
scw/2045/204500550010.001/swg.fits[1]
scw/2045/204500560010.001/swg.fits[1]
scw/2046/204600080010.001/swg.fits[1]
scw/2046/204600090010.001/swg.fits[1]
scw/2046/204600100010.001/swg.fits[1]
scw/2046/204600110010.001/swg.fits[1]
scw/2046/204600120010.001/swg.fits[1]
scw/2046/204600170010.001/swg.fits[1]
scw/2046/204600180010.001/swg.fits[1]
scw/2046/204600190010.001/swg.fits[1]
scw/2046/204600200010.001/swg.fits[1]
scw/2046/204600210010.001/swg.fits[1]
scw/2046/204600220010.001/swg.fits[1]
scw/2046/204600270010.001/swg.fits[1]
scw/2046/204600280010.001/swg.fits[1]
scw/2046/204600290010.001/swg.fits[1]
scw/2046/204600300010.001/swg.fits[1]
scw/2046/204600310010.001/swg.fits[1]
scw/2046/204600380010.001/swg.fits[1]
scw/2046/204600390010.001/swg.fits[1]
scw/2046/204600400010.001/swg.fits[1]
scw/2046/204600500010.001/swg.fits[1]
scw/2047/204700070010.001/swg.fits[1]
scw/2047/204700080010.001/swg.fits[1]
scw/2047/204700090010.001/swg.fits[1]
scw/2047/204700100010.001/swg.fits[1]
scw/2047/204700160010.001/swg.fits[1]
scw/2047/204700170010.001/swg.fits[1]
scw/2047/204700180010.001/swg.fits[1]
scw/2047/204700200010.001/swg.fits[1]
scw/2047/204700210010.001/swg.fits[1]
scw/2047/204700280010.001/swg.fits[1]
scw/2047/204700290010.001/swg.fits[1]
scw/2047/204700300010.001/swg.fits[1]
scw/2047/204700310010.001/swg.fits[1]
scw/2047/204700390010.001/swg.fits[1]
scw/2047/204700400010.001/swg.fits[1]
scw/2047/204700500010.001/swg.fits[1]
scw/2077/207700740010.001/swg.fits[1]
scw/2077/207700780010.001/swg.fits[1]
scw/2077/207700810010.001/swg.fits[1]
scw/2077/207700820010.001/swg.fits[1]
scw/2077/207700830010.001/swg.fits[1]
scw/2099/209900050010.001/swg.fits[1]
scw/2099/209900060010.001/swg.fits[1]
scw/2099/209900140010.001/swg.fits[1]
scw/2099/209900150010.001/swg.fits[1]
scw/2099/209900160010.001/swg.fits[1]
scw/2099/209900170010.001/swg.fits[1]
scw/2099/209900240010.001/swg.fits[1]
scw/2099/209900250010.001/swg.fits[1]
scw/2099/209900260010.001/swg.fits[1]
scw/2099/209900270010.001/swg.fits[1]
scw/2099/209900350010.001/swg.fits[1]
scw/2099/209900360010.001/swg.fits[1]
scw/2100/210000080010.001/swg.fits[1]
scw/2100/210000170010.001/swg.fits[1]
scw/2100/210000180010.001/swg.fits[1]
scw/2100/210000190010.001/swg.fits[1]
scw/2100/210000250010.001/swg.fits[1]
scw/2100/210000260010.001/swg.fits[1]
scw/2100/210000270010.001/swg.fits[1]
scw/2100/210000360010.001/swg.fits[1]
scw/2100/210000370010.001/swg.fits[1]
scw/2100/210000380010.001/swg.fits[1]
scw/2100/210000390010.001/swg.fits[1]
scw/2100/210000470010.001/swg.fits[1]
scw/2102/210200090010.001/swg.fits[1]
scw/2102/210200100010.001/swg.fits[1]
scw/2102/210200180010.001/swg.fits[1]
scw/2102/210200190010.001/swg.fits[1]
scw/2102/210200200010.001/swg.fits[1]
scw/2102/210200210010.001/swg.fits[1]
scw/2102/210200280010.001/swg.fits[1]
scw/2102/210200290010.001/swg.fits[1]
scw/2102/210200300010.001/swg.fits[1]
scw/2102/210200310010.001/swg.fits[1]
scw/2102/210200380010.001/swg.fits[1]
scw/2102/210200390010.001/swg.fits[1]
scw/2102/210200400010.001/swg.fits[1]
scw/2102/210200490010.001/swg.fits[1]
scw/2102/210200500010.001/swg.fits[1]
scw/2103/210300110010.001/swg.fits[1]
scw/2103/210300120010.001/swg.fits[1]
scw/2103/210300130010.001/swg.fits[1]
scw/2103/210300200010.001/swg.fits[1]
scw/2103/210300210010.001/swg.fits[1]
scw/2103/210300220010.001/swg.fits[1]
scw/2103/210300230010.001/swg.fits[1]
scw/2103/210300300010.001/swg.fits[1]
scw/2103/210300310010.001/swg.fits[1]
scw/2103/210300320010.001/swg.fits[1]
scw/2103/210300330010.001/swg.fits[1]
scw/2103/210300400010.001/swg.fits[1]
scw/2103/210300410010.001/swg.fits[1]
scw/2103/210300420010.001/swg.fits[1]
scw/2103/210300430010.001/swg.fits[1]
scw/2103/210300510010.001/swg.fits[1]
scw/2103/210300510020.001/swg.fits[1]
scw/2104/210400050010.001/swg.fits[1]
scw/2104/210400060010.001/swg.fits[1]
scw/2104/210400070010.001/swg.fits[1]
scw/2104/210400140010.001/swg.fits[1]
scw/2104/210400150010.001/swg.fits[1]
scw/2104/210400160010.001/swg.fits[1]
scw/2104/210400170010.001/swg.fits[1]
scw/2104/210400240010.001/swg.fits[1]
scw/2104/210400250010.001/swg.fits[1]
scw/2104/210400260010.001/swg.fits[1]
scw/2104/210400270010.001/swg.fits[1]
