scw/0357/035700380010.001/swg.fits[1]
scw/0357/035700390010.001/swg.fits[1]
scw/0357/035700400010.001/swg.fits[1]
scw/0357/035700410010.001/swg.fits[1]
scw/0357/035700420010.001/swg.fits[1]
scw/0357/035700430010.001/swg.fits[1]
scw/0357/035700440010.001/swg.fits[1]
scw/0357/035700450010.001/swg.fits[1]
scw/0357/035700460010.001/swg.fits[1]
scw/0357/035700470010.001/swg.fits[1]
scw/0357/035700800010.001/swg.fits[1]
scw/0357/035700810010.001/swg.fits[1]
scw/0357/035700820010.001/swg.fits[1]
scw/0357/035700830010.001/swg.fits[1]
scw/0357/035700840010.001/swg.fits[1]
scw/0357/035700850010.001/swg.fits[1]
scw/0357/035700860010.001/swg.fits[1]
scw/0357/035700870010.001/swg.fits[1]
scw/0357/035700880010.001/swg.fits[1]
scw/0357/035700890010.001/swg.fits[1]
scw/0357/035700900010.001/swg.fits[1]
scw/0357/035700910010.001/swg.fits[1]
scw/0357/035700920010.001/swg.fits[1]
scw/0357/035700930010.001/swg.fits[1]
scw/0357/035700970010.001/swg.fits[1]
scw/0357/035700980010.001/swg.fits[1]
scw/0357/035700990010.001/swg.fits[1]
scw/0358/035800030010.001/swg.fits[1]
scw/0358/035800040010.001/swg.fits[1]
scw/0358/035800050010.001/swg.fits[1]
scw/0358/035800060010.001/swg.fits[1]
scw/0358/035800070010.001/swg.fits[1]
scw/0358/035800080010.001/swg.fits[1]
scw/0358/035800090010.001/swg.fits[1]
scw/0358/035800100010.001/swg.fits[1]
scw/0358/035800110010.001/swg.fits[1]
scw/0358/035800120010.001/swg.fits[1]
scw/0358/035800130010.001/swg.fits[1]
scw/0358/035800140010.001/swg.fits[1]
scw/0358/035800150010.001/swg.fits[1]
scw/0358/035800160010.001/swg.fits[1]
scw/0358/035800490010.001/swg.fits[1]
scw/0358/035800500010.001/swg.fits[1]
scw/0358/035800510010.001/swg.fits[1]
scw/0358/035800520010.001/swg.fits[1]
scw/0358/035800530010.001/swg.fits[1]
scw/0358/035800540010.001/swg.fits[1]
scw/0358/035800550010.001/swg.fits[1]
scw/0358/035800560010.001/swg.fits[1]
scw/0358/035800570010.001/swg.fits[1]
scw/0358/035800580010.001/swg.fits[1]
scw/0358/035800590010.001/swg.fits[1]
scw/0358/035800600010.001/swg.fits[1]
scw/0358/035800610010.001/swg.fits[1]
scw/0358/035800620010.001/swg.fits[1]
scw/0358/035800760010.001/swg.fits[1]
scw/0358/035800770010.001/swg.fits[1]
scw/0358/035800780010.001/swg.fits[1]
scw/0358/035800840010.001/swg.fits[1]
scw/0358/035800850010.001/swg.fits[1]
scw/0359/035900180010.001/swg.fits[1]
scw/0359/035900190010.001/swg.fits[1]
scw/0359/035900200010.001/swg.fits[1]
scw/0359/035900210010.001/swg.fits[1]
scw/0359/035900220010.001/swg.fits[1]
scw/0359/035900230010.001/swg.fits[1]
scw/0359/035900240010.001/swg.fits[1]
scw/0359/035900250010.001/swg.fits[1]
scw/0359/035900260010.001/swg.fits[1]
scw/0359/035900270010.001/swg.fits[1]
scw/0359/035900280010.001/swg.fits[1]
scw/0359/035900290010.001/swg.fits[1]
scw/0359/035900300010.001/swg.fits[1]
scw/0359/035900310010.001/swg.fits[1]
scw/0359/035900340010.001/swg.fits[1]
scw/0359/035900350010.001/swg.fits[1]
scw/0359/035900360010.001/swg.fits[1]
scw/0359/035900370010.001/swg.fits[1]
scw/0359/035900380010.001/swg.fits[1]
scw/0359/035900390010.001/swg.fits[1]
scw/0359/035900400010.001/swg.fits[1]
scw/0359/035900410010.001/swg.fits[1]
scw/0359/035900430010.001/swg.fits[1]
scw/0359/035900440010.001/swg.fits[1]
scw/0359/035900450010.001/swg.fits[1]
scw/0359/035900460010.001/swg.fits[1]
scw/0359/035900470010.001/swg.fits[1]
scw/0359/035900660010.001/swg.fits[1]
scw/0359/035900670010.001/swg.fits[1]
scw/0359/035900680010.001/swg.fits[1]
scw/0359/035900750010.001/swg.fits[1]
scw/0359/035900820010.001/swg.fits[1]
scw/0359/035900830010.001/swg.fits[1]
scw/0359/035900840010.001/swg.fits[1]
scw/0359/035900850010.001/swg.fits[1]
scw/0359/035900860010.001/swg.fits[1]
scw/0359/035900870010.001/swg.fits[1]
scw/0359/035900920010.001/swg.fits[1]
scw/0359/035900930010.001/swg.fits[1]
scw/0359/035900940010.001/swg.fits[1]
scw/0359/035900950010.001/swg.fits[1]
scw/0359/035900960010.001/swg.fits[1]
scw/0359/035901040010.001/swg.fits[1]
scw/0360/036000180010.001/swg.fits[1]
scw/0360/036000190010.001/swg.fits[1]
scw/0360/036000200010.001/swg.fits[1]
scw/0360/036000210010.001/swg.fits[1]
scw/0360/036000220010.001/swg.fits[1]
scw/0360/036000230010.001/swg.fits[1]
scw/0360/036000240010.001/swg.fits[1]
scw/0360/036000250010.001/swg.fits[1]
scw/0360/036000260010.001/swg.fits[1]
scw/0360/036000270010.001/swg.fits[1]
scw/0360/036000280010.001/swg.fits[1]
scw/0360/036000290010.001/swg.fits[1]
scw/0360/036000300010.001/swg.fits[1]
scw/0360/036000310010.001/swg.fits[1]
scw/0360/036000320010.001/swg.fits[1]
scw/0360/036000330010.001/swg.fits[1]
scw/0360/036000340010.001/swg.fits[1]
scw/0360/036000350010.001/swg.fits[1]
scw/0360/036000360010.001/swg.fits[1]
scw/0360/036000370010.001/swg.fits[1]
scw/0360/036000380010.001/swg.fits[1]
scw/0360/036000390010.001/swg.fits[1]
scw/0360/036000400010.001/swg.fits[1]
scw/0360/036000410010.001/swg.fits[1]
scw/0360/036000420010.001/swg.fits[1]
scw/0360/036000430010.001/swg.fits[1]
scw/0360/036000440010.001/swg.fits[1]
scw/0360/036000450010.001/swg.fits[1]
scw/0360/036000460010.001/swg.fits[1]
scw/0360/036000470010.001/swg.fits[1]
scw/0360/036000800010.001/swg.fits[1]
scw/0360/036000810010.001/swg.fits[1]
scw/0360/036000820010.001/swg.fits[1]
scw/0360/036000830010.001/swg.fits[1]
scw/0360/036000840010.001/swg.fits[1]
scw/0360/036000850010.001/swg.fits[1]
scw/0360/036000860010.001/swg.fits[1]
scw/0360/036000870010.001/swg.fits[1]
scw/0360/036000880010.001/swg.fits[1]
scw/0360/036000890010.001/swg.fits[1]
scw/0360/036000900010.001/swg.fits[1]
scw/0360/036000910010.001/swg.fits[1]
scw/0360/036000920010.001/swg.fits[1]
scw/0360/036000930010.001/swg.fits[1]
scw/0360/036000970010.001/swg.fits[1]
scw/0360/036000980010.001/swg.fits[1]
scw/0360/036000990010.001/swg.fits[1]
scw/0361/036100450010.001/swg.fits[1]
scw/0361/036100460010.001/swg.fits[1]
scw/0361/036100470010.001/swg.fits[1]
scw/0361/036100670010.001/swg.fits[1]
scw/0361/036100680010.001/swg.fits[1]
scw/0361/036100690010.001/swg.fits[1]
scw/0361/036100700010.001/swg.fits[1]
scw/0361/036100740010.001/swg.fits[1]
scw/0361/036100750010.001/swg.fits[1]
scw/0361/036100760010.001/swg.fits[1]
scw/0361/036100770010.001/swg.fits[1]
scw/0361/036100790010.001/swg.fits[1]
scw/0361/036100800010.001/swg.fits[1]
scw/0361/036100810010.001/swg.fits[1]
scw/0361/036100840010.001/swg.fits[1]
scw/0361/036100850010.001/swg.fits[1]
scw/0361/036100860010.001/swg.fits[1]
scw/0361/036100870010.001/swg.fits[1]
scw/0361/036100880010.001/swg.fits[1]
scw/0362/036200030010.001/swg.fits[1]
scw/0362/036200040010.001/swg.fits[1]
scw/0362/036200050010.001/swg.fits[1]
scw/0362/036200100010.001/swg.fits[1]
scw/0362/036200110010.001/swg.fits[1]
scw/0362/036200120010.001/swg.fits[1]
scw/0362/036200130010.001/swg.fits[1]
scw/0362/036200140010.001/swg.fits[1]
scw/0362/036200150010.001/swg.fits[1]
scw/0362/036200170010.001/swg.fits[1]
scw/0362/036200180010.001/swg.fits[1]
scw/0362/036200190010.001/swg.fits[1]
scw/0362/036200200010.001/swg.fits[1]
scw/0362/036200210010.001/swg.fits[1]
scw/0362/036200330010.001/swg.fits[1]
scw/0362/036200430010.001/swg.fits[1]
scw/0362/036200440010.001/swg.fits[1]
scw/0362/036200670010.001/swg.fits[1]
scw/0362/036200680010.001/swg.fits[1]
scw/0362/036200690010.001/swg.fits[1]
scw/0362/036200700010.001/swg.fits[1]
scw/0362/036200710010.001/swg.fits[1]
scw/0362/036200720010.001/swg.fits[1]
scw/0362/036200840010.001/swg.fits[1]
scw/0363/036300030010.001/swg.fits[1]
scw/0363/036300040010.001/swg.fits[1]
scw/0363/036300140010.001/swg.fits[1]
scw/0363/036300150010.001/swg.fits[1]
scw/0363/036300160010.001/swg.fits[1]
scw/0363/036300170010.001/swg.fits[1]
scw/0363/036300320010.001/swg.fits[1]
scw/0363/036300410010.001/swg.fits[1]
scw/0363/036300420010.001/swg.fits[1]
scw/0363/036300430010.001/swg.fits[1]
scw/0363/036300570010.001/swg.fits[1]
scw/0363/036300580010.001/swg.fits[1]
scw/0363/036300590010.001/swg.fits[1]
scw/0363/036300670010.001/swg.fits[1]
scw/0363/036300690010.001/swg.fits[1]
scw/0363/036300700010.001/swg.fits[1]
scw/0364/036400210010.001/swg.fits[1]
scw/0364/036400220010.001/swg.fits[1]
scw/0364/036400230010.001/swg.fits[1]
scw/0364/036400240010.001/swg.fits[1]
scw/0364/036400470010.001/swg.fits[1]
scw/0364/036400480010.001/swg.fits[1]
scw/0364/036400490010.001/swg.fits[1]
scw/0364/036400520010.001/swg.fits[1]
scw/0364/036400530010.001/swg.fits[1]
scw/0364/036400540010.001/swg.fits[1]
scw/0365/036500700010.001/swg.fits[1]
scw/0365/036500710010.001/swg.fits[1]
scw/0365/036500720010.001/swg.fits[1]
scw/0366/036600030010.001/swg.fits[1]
scw/0366/036600040010.001/swg.fits[1]
scw/0366/036600050010.001/swg.fits[1]
scw/0367/036700030010.001/swg.fits[1]
scw/0367/036700040010.001/swg.fits[1]
scw/0367/036700050010.001/swg.fits[1]
scw/0368/036800240010.001/swg.fits[1]
scw/0368/036800250010.001/swg.fits[1]
scw/0368/036800260010.001/swg.fits[1]
scw/0369/036900660010.001/swg.fits[1]
scw/0369/036900670010.001/swg.fits[1]
scw/0369/036900680010.001/swg.fits[1]
scw/0370/037000670010.001/swg.fits[1]
scw/0370/037000680010.001/swg.fits[1]
scw/0370/037000690010.001/swg.fits[1]
scw/0371/037100040010.001/swg.fits[1]
scw/0371/037100050010.001/swg.fits[1]
scw/0371/037100060010.001/swg.fits[1]
scw/0371/037100070010.001/swg.fits[1]
scw/0371/037100080010.001/swg.fits[1]
scw/0371/037100090010.001/swg.fits[1]
scw/0371/037100100010.001/swg.fits[1]
scw/0371/037100110010.001/swg.fits[1]
scw/0371/037100120010.001/swg.fits[1]
scw/0371/037100130010.001/swg.fits[1]
