scw/0541/054100360010.001/swg.fits[1]
scw/0541/054100370010.001/swg.fits[1]
scw/0541/054100380010.001/swg.fits[1]
scw/0541/054100390010.001/swg.fits[1]
scw/0541/054100400010.001/swg.fits[1]
scw/0541/054100410010.001/swg.fits[1]
scw/0541/054100420010.001/swg.fits[1]
scw/0541/054100430010.001/swg.fits[1]
scw/0541/054100440010.001/swg.fits[1]
scw/0541/054100450010.001/swg.fits[1]
scw/0541/054100460010.001/swg.fits[1]
scw/0541/054100470010.001/swg.fits[1]
scw/0541/054100480010.001/swg.fits[1]
scw/0541/054100490010.001/swg.fits[1]
scw/0541/054100500010.001/swg.fits[1]
scw/0541/054100510010.001/swg.fits[1]
scw/0541/054100530010.001/swg.fits[1]
scw/0541/054100530020.001/swg.fits[1]
scw/0541/054100530030.001/swg.fits[1]
scw/0541/054100540010.001/swg.fits[1]
scw/0541/054100540020.001/swg.fits[1]
scw/0541/054100550010.001/swg.fits[1]
scw/0541/054100560010.001/swg.fits[1]
scw/0541/054100560020.001/swg.fits[1]
scw/0541/054100560030.001/swg.fits[1]
scw/0541/054100570010.001/swg.fits[1]
scw/0541/054100570020.001/swg.fits[1]
scw/0541/054100570030.001/swg.fits[1]
scw/0541/054100570040.001/swg.fits[1]
scw/0541/054100570050.001/swg.fits[1]
scw/0541/054100570060.001/swg.fits[1]
scw/0541/054100570070.001/swg.fits[1]
scw/0541/054100570080.001/swg.fits[1]
scw/0541/054100570090.001/swg.fits[1]
scw/0541/054100570100.001/swg.fits[1]
scw/0541/054100570110.001/swg.fits[1]
scw/0541/054100570120.001/swg.fits[1]
scw/0541/054100570130.001/swg.fits[1]
scw/0541/054100570140.001/swg.fits[1]
scw/0541/054100570150.001/swg.fits[1]
scw/0541/054100570160.001/swg.fits[1]
scw/0541/054100570170.001/swg.fits[1]
scw/0541/054100570180.001/swg.fits[1]
scw/0541/054100570190.001/swg.fits[1]
scw/0541/054100570200.001/swg.fits[1]
scw/0541/054100570210.001/swg.fits[1]
scw/0541/054100570220.001/swg.fits[1]
scw/0541/054100570230.001/swg.fits[1]
scw/0541/054100570240.001/swg.fits[1]
scw/0541/054100570250.001/swg.fits[1]
scw/0548/054800350010.001/swg.fits[1]
scw/0548/054800360010.001/swg.fits[1]
scw/0548/054800450010.001/swg.fits[1]
scw/0548/054800460010.001/swg.fits[1]
scw/0590/059000220010.001/swg.fits[1]
scw/0590/059000310010.001/swg.fits[1]
scw/0590/059000320010.001/swg.fits[1]
scw/0605/060500090010.001/swg.fits[1]
scw/0605/060500100010.001/swg.fits[1]
scw/0605/060500110010.001/swg.fits[1]
scw/0605/060500120010.001/swg.fits[1]
scw/0605/060500130010.001/swg.fits[1]
scw/0605/060500140010.001/swg.fits[1]
scw/0605/060500150010.001/swg.fits[1]
scw/0605/060500160010.001/swg.fits[1]
scw/0605/060500170010.001/swg.fits[1]
scw/0605/060500180010.001/swg.fits[1]
scw/0605/060500190010.001/swg.fits[1]
scw/0605/060500200010.001/swg.fits[1]
scw/0605/060500210010.001/swg.fits[1]
scw/0605/060500220010.001/swg.fits[1]
scw/0605/060500230010.001/swg.fits[1]
scw/0605/060500240010.001/swg.fits[1]
scw/0605/060500250010.001/swg.fits[1]
scw/0605/060500260010.001/swg.fits[1]
scw/0605/060500270010.001/swg.fits[1]
scw/0605/060500280010.001/swg.fits[1]
scw/0605/060500290010.001/swg.fits[1]
scw/0605/060500300010.001/swg.fits[1]
scw/0605/060500310010.001/swg.fits[1]
scw/0605/060500320010.001/swg.fits[1]
scw/0605/060500330010.001/swg.fits[1]
scw/0605/060500340010.001/swg.fits[1]
scw/0605/060500350010.001/swg.fits[1]
scw/0605/060500360010.001/swg.fits[1]
scw/0605/060500370010.001/swg.fits[1]
scw/0605/060500380010.001/swg.fits[1]
scw/0605/060500390010.001/swg.fits[1]
scw/0605/060500400010.001/swg.fits[1]
scw/0605/060500410010.001/swg.fits[1]
scw/0605/060500420010.001/swg.fits[1]
scw/0605/060500430010.001/swg.fits[1]
scw/0605/060500440010.001/swg.fits[1]
scw/0605/060500450010.001/swg.fits[1]
scw/0605/060500460010.001/swg.fits[1]
scw/0605/060500470010.001/swg.fits[1]
scw/0605/060500480010.001/swg.fits[1]
scw/0605/060500550010.001/swg.fits[1]
scw/0605/060500570010.001/swg.fits[1]
scw/0605/060500570020.001/swg.fits[1]
scw/0605/060500570030.001/swg.fits[1]
scw/0605/060500580010.001/swg.fits[1]
scw/0605/060500580020.001/swg.fits[1]
scw/0605/060500580030.001/swg.fits[1]
scw/0605/060500580040.001/swg.fits[1]
scw/0605/060500580050.001/swg.fits[1]
scw/0605/060500580060.001/swg.fits[1]
scw/0605/060500580110.001/swg.fits[1]
scw/0605/060500580120.001/swg.fits[1]
scw/0605/060500580130.001/swg.fits[1]
scw/0605/060500580140.001/swg.fits[1]
scw/0605/060500580150.001/swg.fits[1]
scw/0605/060500580160.001/swg.fits[1]
scw/0605/060500580170.001/swg.fits[1]
scw/0605/060500580180.001/swg.fits[1]
scw/0605/060500580190.001/swg.fits[1]
scw/0605/060500580200.001/swg.fits[1]
scw/0605/060500580210.001/swg.fits[1]
scw/0646/064600120010.001/swg.fits[1]
scw/0646/064600200010.001/swg.fits[1]
scw/0646/064600210010.001/swg.fits[1]
scw/0646/064600220010.001/swg.fits[1]
scw/0646/064600230010.001/swg.fits[1]
scw/0646/064600240010.001/swg.fits[1]
scw/0646/064600300010.001/swg.fits[1]
scw/0646/064600310010.001/swg.fits[1]
scw/0646/064600320010.001/swg.fits[1]
scw/0646/064600330010.001/swg.fits[1]
scw/0646/064600410010.001/swg.fits[1]
scw/0646/064600620010.001/swg.fits[1]
scw/0646/064600700010.001/swg.fits[1]
scw/0646/064600710010.001/swg.fits[1]
scw/0646/064600720010.001/swg.fits[1]
scw/0646/064600730010.001/swg.fits[1]
scw/0659/065900520010.001/swg.fits[1]
scw/0662/066200210010.001/swg.fits[1]
scw/0662/066200220010.001/swg.fits[1]
scw/0662/066200300010.001/swg.fits[1]
scw/0662/066200310010.001/swg.fits[1]
scw/0662/066200320010.001/swg.fits[1]
scw/0662/066200330010.001/swg.fits[1]
scw/0662/066200400010.001/swg.fits[1]
scw/0662/066200410010.001/swg.fits[1]
scw/0662/066200420010.001/swg.fits[1]
scw/0662/066200430010.001/swg.fits[1]
scw/0662/066200510010.001/swg.fits[1]
scw/0662/066200520010.001/swg.fits[1]
scw/0662/066200720010.001/swg.fits[1]
scw/0662/066200730010.001/swg.fits[1]
scw/0662/066200800010.001/swg.fits[1]
scw/0662/066200810010.001/swg.fits[1]
scw/0662/066200820010.001/swg.fits[1]
scw/0662/066200830010.001/swg.fits[1]
scw/0662/066200900010.001/swg.fits[1]
scw/0662/066200910010.001/swg.fits[1]
scw/0662/066200920010.001/swg.fits[1]
scw/0662/066201010010.001/swg.fits[1]
scw/0665/066500020010.001/swg.fits[1]
scw/0665/066500030010.001/swg.fits[1]
scw/0665/066500040010.001/swg.fits[1]
scw/0665/066500050010.001/swg.fits[1]
scw/0665/066500060010.001/swg.fits[1]
scw/0665/066500090010.001/swg.fits[1]
scw/0665/066500100010.001/swg.fits[1]
scw/0665/066500110010.001/swg.fits[1]
scw/0665/066500120010.001/swg.fits[1]
scw/0665/066500130010.001/swg.fits[1]
scw/0665/066500140010.001/swg.fits[1]
scw/0665/066500150010.001/swg.fits[1]
scw/0665/066500160010.001/swg.fits[1]
scw/0665/066500170010.001/swg.fits[1]
scw/0665/066500180010.001/swg.fits[1]
scw/0665/066500190010.001/swg.fits[1]
scw/0665/066500200010.001/swg.fits[1]
scw/0665/066500210010.001/swg.fits[1]
scw/0665/066500240010.001/swg.fits[1]
scw/0665/066500320010.001/swg.fits[1]
scw/0665/066500330010.001/swg.fits[1]
scw/0665/066500340010.001/swg.fits[1]
scw/0665/066500350010.001/swg.fits[1]
scw/0665/066500360010.001/swg.fits[1]
scw/0665/066500370010.001/swg.fits[1]
scw/0665/066500380010.001/swg.fits[1]
scw/0665/066500390010.001/swg.fits[1]
scw/0665/066500400010.001/swg.fits[1]
scw/0665/066500410010.001/swg.fits[1]
scw/0665/066500420010.001/swg.fits[1]
scw/0665/066500430010.001/swg.fits[1]
scw/0665/066500440010.001/swg.fits[1]
scw/0665/066500450010.001/swg.fits[1]
scw/0665/066500460010.001/swg.fits[1]
scw/0665/066500470010.001/swg.fits[1]
scw/0665/066500480010.001/swg.fits[1]
scw/0665/066500490010.001/swg.fits[1]
scw/0665/066500500010.001/swg.fits[1]
scw/0665/066500510010.001/swg.fits[1]
scw/0665/066500520010.001/swg.fits[1]
scw/0665/066500530010.001/swg.fits[1]
scw/0665/066500540010.001/swg.fits[1]
scw/0665/066500550010.001/swg.fits[1]
scw/0665/066500560010.001/swg.fits[1]
scw/0665/066500570010.001/swg.fits[1]
scw/0665/066500580010.001/swg.fits[1]
scw/0665/066500590010.001/swg.fits[1]
scw/0665/066500600010.001/swg.fits[1]
scw/0665/066500610010.001/swg.fits[1]
scw/0665/066500620010.001/swg.fits[1]
scw/0665/066500630010.001/swg.fits[1]
scw/0665/066500640010.001/swg.fits[1]
scw/0665/066500650010.001/swg.fits[1]
scw/0665/066500660010.001/swg.fits[1]
scw/0665/066500670010.001/swg.fits[1]
scw/0665/066500680010.001/swg.fits[1]
scw/0665/066500690010.001/swg.fits[1]
scw/0665/066500700010.001/swg.fits[1]
scw/0665/066500710010.001/swg.fits[1]
scw/0665/066500730010.001/swg.fits[1]
scw/0665/066500740010.001/swg.fits[1]
scw/0665/066500750010.001/swg.fits[1]
scw/0665/066500760010.001/swg.fits[1]
scw/0665/066500770010.001/swg.fits[1]
scw/0665/066500780010.001/swg.fits[1]
scw/0665/066500790010.001/swg.fits[1]
scw/0665/066500800010.001/swg.fits[1]
scw/0665/066500820010.001/swg.fits[1]
scw/0665/066500830010.001/swg.fits[1]
scw/0665/066500840010.001/swg.fits[1]
scw/0665/066500850010.001/swg.fits[1]
scw/0665/066500860010.001/swg.fits[1]
scw/0665/066500870010.001/swg.fits[1]
scw/0665/066500880010.001/swg.fits[1]
scw/0665/066500890010.001/swg.fits[1]
scw/0665/066500900010.001/swg.fits[1]
scw/0665/066500910010.001/swg.fits[1]
scw/0665/066500920010.001/swg.fits[1]
scw/0665/066500930010.001/swg.fits[1]
scw/0665/066500940010.001/swg.fits[1]
scw/0665/066500950010.001/swg.fits[1]
scw/0665/066500960010.001/swg.fits[1]
scw/0665/066500970010.001/swg.fits[1]
scw/0665/066500980010.001/swg.fits[1]
scw/0665/066500990010.001/swg.fits[1]
scw/0665/066501000010.001/swg.fits[1]
scw/0666/066600020010.001/swg.fits[1]
scw/0666/066600030010.001/swg.fits[1]
