scw/2093/209300260010.001/swg.fits[1]
scw/2093/209300280010.001/swg.fits[1]
scw/2093/209300290010.001/swg.fits[1]
scw/2093/209300300010.001/swg.fits[1]
scw/2093/209300310010.001/swg.fits[1]
scw/2093/209300320010.001/swg.fits[1]
scw/2093/209300330010.001/swg.fits[1]
scw/2093/209300340010.001/swg.fits[1]
scw/2093/209300350010.001/swg.fits[1]
scw/2093/209300360010.001/swg.fits[1]
scw/2093/209300370010.001/swg.fits[1]
scw/2093/209300380010.001/swg.fits[1]
scw/2093/209300390010.001/swg.fits[1]
scw/2093/209300400010.001/swg.fits[1]
scw/2093/209300410010.001/swg.fits[1]
scw/2093/209300420010.001/swg.fits[1]
scw/2093/209300430010.001/swg.fits[1]
scw/2093/209300440010.001/swg.fits[1]
scw/2093/209300450010.001/swg.fits[1]
scw/2093/209300460010.001/swg.fits[1]
scw/2093/209300470010.001/swg.fits[1]
scw/2093/209300480010.001/swg.fits[1]
scw/2093/209300490010.001/swg.fits[1]
scw/2093/209300500010.001/swg.fits[1]
scw/2093/209300510010.001/swg.fits[1]
scw/2093/209300520010.001/swg.fits[1]
scw/2093/209300560010.001/swg.fits[1]
scw/2093/209300570010.001/swg.fits[1]
scw/2093/209300580010.001/swg.fits[1]
scw/2093/209300590010.001/swg.fits[1]
scw/2093/209300600010.001/swg.fits[1]
scw/2093/209300610010.001/swg.fits[1]
scw/2093/209300620010.001/swg.fits[1]
scw/2093/209300650010.001/swg.fits[1]
scw/2093/209300660010.001/swg.fits[1]
scw/2093/209300670010.001/swg.fits[1]
scw/2093/209300680010.001/swg.fits[1]
scw/2093/209300690010.001/swg.fits[1]
scw/2093/209300700010.001/swg.fits[1]
scw/2093/209300710010.001/swg.fits[1]
scw/2093/209300720010.001/swg.fits[1]
scw/2093/209300750010.001/swg.fits[1]
scw/2093/209300760010.001/swg.fits[1]
scw/2093/209300770010.001/swg.fits[1]
scw/2093/209300780010.001/swg.fits[1]
scw/2093/209300800010.001/swg.fits[1]
scw/2093/209300810010.001/swg.fits[1]
scw/2093/209300820010.001/swg.fits[1]
scw/2119/211900360010.001/swg.fits[1]
scw/2119/211900370010.001/swg.fits[1]
scw/2119/211900380010.001/swg.fits[1]
scw/2119/211900390010.001/swg.fits[1]
scw/2119/211900400010.001/swg.fits[1]
scw/2168/216800100010.001/swg.fits[1]
scw/2168/216800110010.001/swg.fits[1]
scw/2172/217200100010.001/swg.fits[1]
scw/2172/217200110010.001/swg.fits[1]
scw/2172/217200510010.001/swg.fits[1]
scw/2172/217200600010.001/swg.fits[1]
scw/2172/217200610010.001/swg.fits[1]
scw/2173/217300390010.001/swg.fits[1]
scw/2173/217300480010.001/swg.fits[1]
scw/2173/217300490010.001/swg.fits[1]
scw/2174/217400060010.001/swg.fits[1]
scw/2174/217400360010.001/swg.fits[1]
scw/2174/217400370010.001/swg.fits[1]
scw/2174/217400460010.001/swg.fits[1]
scw/2174/217400470010.001/swg.fits[1]
scw/2175/217500040010.001/swg.fits[1]
scw/2175/217500050010.001/swg.fits[1]
scw/2175/217500140010.001/swg.fits[1]
scw/2175/217500150010.001/swg.fits[1]
scw/2175/217500540010.001/swg.fits[1]
scw/2175/217500550010.001/swg.fits[1]
scw/2175/217500560010.001/swg.fits[1]
scw/2175/217500640010.001/swg.fits[1]
scw/2175/217500650010.001/swg.fits[1]
scw/2183/218300150010.001/swg.fits[1]
scw/2183/218300230010.001/swg.fits[1]
scw/2183/218300240010.001/swg.fits[1]
scw/2183/218300250010.001/swg.fits[1]
scw/2183/218300260010.001/swg.fits[1]
scw/2183/218300330010.001/swg.fits[1]
scw/2183/218300340010.001/swg.fits[1]
scw/2183/218300350010.001/swg.fits[1]
scw/2183/218300360010.001/swg.fits[1]
scw/2183/218300440010.001/swg.fits[1]
scw/2183/218300450010.001/swg.fits[1]
scw/2183/218300460010.001/swg.fits[1]
scw/2183/218300530010.001/swg.fits[1]
scw/2183/218300540010.001/swg.fits[1]
scw/2183/218300540020.001/swg.fits[1]
scw/2184/218400020010.001/swg.fits[1]
scw/2184/218400110010.001/swg.fits[1]
scw/2184/218400120010.001/swg.fits[1]
scw/2184/218400210010.001/swg.fits[1]
scw/2184/218400220010.001/swg.fits[1]
scw/2184/218400230010.001/swg.fits[1]
scw/2184/218400300010.001/swg.fits[1]
scw/2184/218400310010.001/swg.fits[1]
scw/2184/218400320010.001/swg.fits[1]
scw/2184/218400330010.001/swg.fits[1]
scw/2184/218400410010.001/swg.fits[1]
scw/2184/218400420010.001/swg.fits[1]
scw/2184/218400510010.001/swg.fits[1]
scw/2184/218400520010.001/swg.fits[1]
scw/2184/218400520020.001/swg.fits[1]
scw/2185/218500100010.001/swg.fits[1]
scw/2185/218500110010.001/swg.fits[1]
scw/2185/218500120010.001/swg.fits[1]
scw/2185/218500190010.001/swg.fits[1]
scw/2185/218500200010.001/swg.fits[1]
scw/2185/218500210010.001/swg.fits[1]
scw/2185/218500220010.001/swg.fits[1]
scw/2185/218500290010.001/swg.fits[1]
scw/2185/218500300010.001/swg.fits[1]
scw/2185/218500310010.001/swg.fits[1]
scw/2185/218500320010.001/swg.fits[1]
scw/2185/218500390010.001/swg.fits[1]
scw/2185/218500400010.001/swg.fits[1]
scw/2185/218500410010.001/swg.fits[1]
scw/2185/218500420010.001/swg.fits[1]
scw/2185/218500490010.001/swg.fits[1]
scw/2185/218500500010.001/swg.fits[1]
scw/2185/218500510010.001/swg.fits[1]
scw/2186/218600100010.001/swg.fits[1]
scw/2186/218600110010.001/swg.fits[1]
scw/2186/218600190010.001/swg.fits[1]
scw/2186/218600200010.001/swg.fits[1]
scw/2186/218600210010.001/swg.fits[1]
scw/2186/218600220010.001/swg.fits[1]
scw/2186/218600290010.001/swg.fits[1]
scw/2186/218600300010.001/swg.fits[1]
scw/2186/218600310010.001/swg.fits[1]
scw/2186/218600320010.001/swg.fits[1]
scw/2186/218600390010.001/swg.fits[1]
scw/2186/218600400010.001/swg.fits[1]
scw/2186/218600410010.001/swg.fits[1]
scw/2186/218600420010.001/swg.fits[1]
scw/2186/218600490010.001/swg.fits[1]
scw/2186/218600500010.001/swg.fits[1]
scw/2186/218600510010.001/swg.fits[1]
scw/2186/218600520010.001/swg.fits[1]
scw/2186/218600520020.001/swg.fits[1]
scw/2190/219000040010.001/swg.fits[1]
scw/2250/225000040010.001/swg.fits[1]
scw/2250/225000050010.001/swg.fits[1]
scw/2250/225000060010.001/swg.fits[1]
scw/2250/225000120010.001/swg.fits[1]
scw/2250/225000130010.001/swg.fits[1]
scw/2250/225000200010.001/swg.fits[1]
scw/2250/225000260010.001/swg.fits[1]
scw/2250/225000350010.001/swg.fits[1]
scw/2250/225000360010.001/swg.fits[1]
scw/2250/225000370010.001/swg.fits[1]
scw/2251/225100280010.001/swg.fits[1]
scw/2251/225100290010.001/swg.fits[1]
scw/2251/225100300010.001/swg.fits[1]
scw/2251/225100310010.001/swg.fits[1]
scw/2253/225300380010.001/swg.fits[1]
scw/2253/225300390010.001/swg.fits[1]
scw/2254/225400340010.001/swg.fits[1]
scw/2288/228800020010.001/swg.fits[1]
scw/2288/228800030010.001/swg.fits[1]
scw/2288/228800040010.001/swg.fits[1]
scw/2288/228800050010.001/swg.fits[1]
scw/2288/228800060010.001/swg.fits[1]
scw/2288/228800070010.001/swg.fits[1]
scw/2288/228800080010.001/swg.fits[1]
scw/2288/228800090010.001/swg.fits[1]
scw/2288/228800100010.001/swg.fits[1]
scw/2288/228800110010.001/swg.fits[1]
scw/2288/228800120010.001/swg.fits[1]
scw/2288/228800130010.001/swg.fits[1]
scw/2288/228800140010.001/swg.fits[1]
scw/2288/228800150010.001/swg.fits[1]
scw/2288/228800160010.001/swg.fits[1]
scw/2288/228800170010.001/swg.fits[1]
scw/2288/228800180010.001/swg.fits[1]
scw/2288/228800190010.001/swg.fits[1]
scw/2288/228800200010.001/swg.fits[1]
scw/2288/228800210010.001/swg.fits[1]
scw/2288/228800220010.001/swg.fits[1]
scw/2288/228800230010.001/swg.fits[1]
scw/2288/228800240010.001/swg.fits[1]
scw/2288/228800250010.001/swg.fits[1]
scw/2288/228800260010.001/swg.fits[1]
scw/2288/228800280010.001/swg.fits[1]
scw/2288/228800290010.001/swg.fits[1]
scw/2288/228800300010.001/swg.fits[1]
scw/2288/228800310010.001/swg.fits[1]
scw/2288/228800320010.001/swg.fits[1]
scw/2288/228800330010.001/swg.fits[1]
scw/2288/228800340010.001/swg.fits[1]
scw/2288/228800350010.001/swg.fits[1]
scw/2288/228800360010.001/swg.fits[1]
scw/2288/228800370010.001/swg.fits[1]
scw/2288/228800380010.001/swg.fits[1]
scw/2288/228800390010.001/swg.fits[1]
scw/2288/228800400010.001/swg.fits[1]
scw/2288/228800410010.001/swg.fits[1]
scw/2288/228800420010.001/swg.fits[1]
scw/2288/228800430010.001/swg.fits[1]
scw/2288/228800440010.001/swg.fits[1]
scw/2288/228800450010.001/swg.fits[1]
scw/2288/228800460010.001/swg.fits[1]
scw/2288/228800470010.001/swg.fits[1]
scw/2288/228800480010.001/swg.fits[1]
scw/2288/228800490010.001/swg.fits[1]
scw/2288/228800500010.001/swg.fits[1]
scw/2288/228800510010.001/swg.fits[1]
scw/2288/228800520010.001/swg.fits[1]
scw/2288/228800540010.001/swg.fits[1]
scw/2288/228800550010.001/swg.fits[1]
scw/2288/228800560010.001/swg.fits[1]
scw/2288/228800570010.001/swg.fits[1]
scw/2288/228800580010.001/swg.fits[1]
scw/2288/228800590010.001/swg.fits[1]
scw/2288/228800610010.001/swg.fits[1]
scw/2288/228800620010.001/swg.fits[1]
scw/2288/228800630010.001/swg.fits[1]
scw/2288/228800640010.001/swg.fits[1]
scw/2288/228800650010.001/swg.fits[1]
scw/2288/228800660010.001/swg.fits[1]
scw/2288/228800670010.001/swg.fits[1]
scw/2288/228800710010.001/swg.fits[1]
scw/2288/228800720010.001/swg.fits[1]
scw/2288/228800730010.001/swg.fits[1]
scw/2288/228800740010.001/swg.fits[1]
scw/2288/228800750010.001/swg.fits[1]
scw/2288/228800800010.001/swg.fits[1]
scw/2288/228800810010.001/swg.fits[1]
scw/2288/228800820010.001/swg.fits[1]
scw/2288/228800830010.001/swg.fits[1]
scw/2288/228800840010.001/swg.fits[1]
scw/2288/228800850010.001/swg.fits[1]
scw/2288/228800860010.001/swg.fits[1]
scw/2288/228800870010.001/swg.fits[1]
scw/2288/228800880010.001/swg.fits[1]
scw/2288/228800890010.001/swg.fits[1]
scw/2288/228800900010.001/swg.fits[1]
