scw/0880/088000600010.001/swg.fits[1]
scw/0880/088000610010.001/swg.fits[1]
scw/0880/088000620010.001/swg.fits[1]
scw/0881/088100060010.001/swg.fits[1]
scw/0881/088100070010.001/swg.fits[1]
scw/0881/088100080010.001/swg.fits[1]
scw/0881/088100090010.001/swg.fits[1]
scw/0881/088100100010.001/swg.fits[1]
scw/0881/088100110010.001/swg.fits[1]
scw/0881/088100160010.001/swg.fits[1]
scw/0881/088100170010.001/swg.fits[1]
scw/0881/088100180010.001/swg.fits[1]
scw/0881/088100190010.001/swg.fits[1]
scw/0881/088100200010.001/swg.fits[1]
scw/0881/088100210010.001/swg.fits[1]
scw/0881/088100260010.001/swg.fits[1]
scw/0881/088100270010.001/swg.fits[1]
scw/0881/088100280010.001/swg.fits[1]
scw/0881/088100290010.001/swg.fits[1]
scw/0881/088100300010.001/swg.fits[1]
scw/0881/088100380010.001/swg.fits[1]
scw/0881/088100390010.001/swg.fits[1]
scw/0881/088100400010.001/swg.fits[1]
scw/0881/088100460010.001/swg.fits[1]
scw/0881/088100470010.001/swg.fits[1]
scw/0881/088100480010.001/swg.fits[1]
scw/0881/088100490010.001/swg.fits[1]
scw/0881/088100500010.001/swg.fits[1]
scw/0881/088100510010.001/swg.fits[1]
scw/0881/088100550010.001/swg.fits[1]
scw/0881/088100560010.001/swg.fits[1]
scw/0881/088100570010.001/swg.fits[1]
scw/0881/088100580010.001/swg.fits[1]
scw/0881/088100590010.001/swg.fits[1]
scw/0881/088100600010.001/swg.fits[1]
scw/0881/088100610010.001/swg.fits[1]
scw/0881/088100620010.001/swg.fits[1]
scw/0882/088200040010.001/swg.fits[1]
scw/0882/088200050010.001/swg.fits[1]
scw/0882/088200060010.001/swg.fits[1]
scw/0882/088200070010.001/swg.fits[1]
scw/0882/088200080010.001/swg.fits[1]
scw/0882/088200090010.001/swg.fits[1]
scw/0882/088200140010.001/swg.fits[1]
scw/0882/088200150010.001/swg.fits[1]
scw/0882/088200160010.001/swg.fits[1]
scw/0882/088200170010.001/swg.fits[1]
scw/0882/088200180010.001/swg.fits[1]
scw/0882/088200260010.001/swg.fits[1]
scw/0882/088200270010.001/swg.fits[1]
scw/0882/088200280010.001/swg.fits[1]
scw/0882/088200340010.001/swg.fits[1]
scw/0882/088200350010.001/swg.fits[1]
scw/0882/088200360010.001/swg.fits[1]
scw/0882/088200370010.001/swg.fits[1]
scw/0882/088200380010.001/swg.fits[1]
scw/0882/088200390010.001/swg.fits[1]
scw/0882/088200440010.001/swg.fits[1]
scw/0882/088200450010.001/swg.fits[1]
scw/0882/088200460010.001/swg.fits[1]
scw/0882/088200470010.001/swg.fits[1]
scw/0882/088200480010.001/swg.fits[1]
scw/0882/088200490010.001/swg.fits[1]
scw/0882/088200500010.001/swg.fits[1]
scw/0882/088200530010.001/swg.fits[1]
scw/0882/088200540010.001/swg.fits[1]
scw/0882/088200550010.001/swg.fits[1]
scw/0882/088200560010.001/swg.fits[1]
scw/0882/088200570010.001/swg.fits[1]
scw/0912/091200210010.001/swg.fits[1]
scw/0912/091200220010.001/swg.fits[1]
scw/0912/091200230010.001/swg.fits[1]
scw/0912/091200240010.001/swg.fits[1]
scw/0912/091200250010.001/swg.fits[1]
scw/0912/091200260010.001/swg.fits[1]
scw/0912/091200270010.001/swg.fits[1]
scw/0912/091200280010.001/swg.fits[1]
scw/0912/091200330010.001/swg.fits[1]
scw/0912/091200340010.001/swg.fits[1]
scw/0913/091300010010.001/swg.fits[1]
scw/0913/091300020010.001/swg.fits[1]
scw/0913/091300040010.001/swg.fits[1]
scw/0913/091300050010.001/swg.fits[1]
scw/0913/091300060010.001/swg.fits[1]
scw/0913/091300070010.001/swg.fits[1]
scw/0913/091300080010.001/swg.fits[1]
scw/0913/091300090010.001/swg.fits[1]
scw/0913/091300100010.001/swg.fits[1]
scw/0913/091300170010.001/swg.fits[1]
scw/0913/091300280010.001/swg.fits[1]
scw/0913/091300290010.001/swg.fits[1]
scw/0913/091300350010.001/swg.fits[1]
scw/0913/091300360010.001/swg.fits[1]
scw/0913/091300370010.001/swg.fits[1]
scw/0913/091300380010.001/swg.fits[1]
scw/0913/091300390010.001/swg.fits[1]
scw/0913/091300400010.001/swg.fits[1]
scw/0913/091300410010.001/swg.fits[1]
scw/0913/091300440010.001/swg.fits[1]
scw/0913/091300450010.001/swg.fits[1]
scw/0913/091300460010.001/swg.fits[1]
scw/0913/091300470010.001/swg.fits[1]
scw/0913/091300480010.001/swg.fits[1]
scw/0913/091300490010.001/swg.fits[1]
scw/0914/091400210010.001/swg.fits[1]
scw/0914/091400220010.001/swg.fits[1]
scw/0914/091400260010.001/swg.fits[1]
scw/0914/091400270010.001/swg.fits[1]
scw/0914/091400280010.001/swg.fits[1]
scw/0914/091400290010.001/swg.fits[1]
scw/0914/091400300010.001/swg.fits[1]
scw/0914/091400310010.001/swg.fits[1]
scw/0914/091400380010.001/swg.fits[1]
scw/0914/091400490010.001/swg.fits[1]
scw/0914/091400560010.001/swg.fits[1]
scw/0914/091400570010.001/swg.fits[1]
scw/0914/091400580010.001/swg.fits[1]
scw/0914/091400590010.001/swg.fits[1]
scw/0914/091400600010.001/swg.fits[1]
scw/0914/091400610010.001/swg.fits[1]
scw/0915/091500210010.001/swg.fits[1]
scw/0915/091500240010.001/swg.fits[1]
scw/0915/091500250010.001/swg.fits[1]
scw/0915/091500260010.001/swg.fits[1]
scw/0915/091500270010.001/swg.fits[1]
scw/0915/091500280010.001/swg.fits[1]
scw/0915/091500310010.001/swg.fits[1]
scw/0915/091500350010.001/swg.fits[1]
scw/0915/091500360010.001/swg.fits[1]
scw/0915/091500370010.001/swg.fits[1]
scw/0915/091500380010.001/swg.fits[1]
scw/0915/091500390010.001/swg.fits[1]
scw/0915/091500470010.001/swg.fits[1]
scw/0926/092600920010.001/swg.fits[1]
scw/0927/092700910010.001/swg.fits[1]
scw/0927/092700920010.001/swg.fits[1]
scw/0927/092700920020.001/swg.fits[1]
scw/0928/092800870010.001/swg.fits[1]
scw/0935/093500140010.001/swg.fits[1]
scw/0935/093500150010.001/swg.fits[1]
scw/0939/093900650010.001/swg.fits[1]
scw/0940/094000090010.001/swg.fits[1]
scw/0940/094000100010.001/swg.fits[1]
scw/0940/094000190010.001/swg.fits[1]
scw/0940/094000200010.001/swg.fits[1]
scw/0941/094100610010.001/swg.fits[1]
scw/0941/094100620010.001/swg.fits[1]
scw/0942/094200080010.001/swg.fits[1]
scw/0942/094200090010.001/swg.fits[1]
scw/0942/094200180010.001/swg.fits[1]
scw/0942/094200380010.001/swg.fits[1]
scw/0942/094200390010.001/swg.fits[1]
scw/0942/094200480010.001/swg.fits[1]
scw/0943/094300400010.001/swg.fits[1]
scw/0943/094300410010.001/swg.fits[1]
scw/0943/094300610010.001/swg.fits[1]
scw/0943/094300620010.001/swg.fits[1]
scw/0944/094400070010.001/swg.fits[1]
scw/0944/094400470010.001/swg.fits[1]
scw/0944/094400480010.001/swg.fits[1]
scw/0944/094400560010.001/swg.fits[1]
scw/0944/094400570010.001/swg.fits[1]
scw/0944/094400580010.001/swg.fits[1]
scw/0976/097600180010.001/swg.fits[1]
scw/0976/097600190010.001/swg.fits[1]
scw/0976/097600200010.001/swg.fits[1]
scw/0976/097600230010.001/swg.fits[1]
scw/0976/097600240010.001/swg.fits[1]
scw/0976/097600250010.001/swg.fits[1]
scw/0976/097600260010.001/swg.fits[1]
scw/0976/097600270010.001/swg.fits[1]
scw/0976/097600280010.001/swg.fits[1]
scw/0976/097600290010.001/swg.fits[1]
scw/0976/097600360010.001/swg.fits[1]
scw/0976/097600470010.001/swg.fits[1]
scw/0976/097600540010.001/swg.fits[1]
scw/0976/097600550010.001/swg.fits[1]
scw/0976/097600560010.001/swg.fits[1]
scw/0976/097600570010.001/swg.fits[1]
scw/0976/097600580010.001/swg.fits[1]
scw/0976/097600590010.001/swg.fits[1]
scw/0976/097600630010.001/swg.fits[1]
scw/0976/097600640010.001/swg.fits[1]
scw/0976/097600650010.001/swg.fits[1]
scw/0976/097600660010.001/swg.fits[1]
scw/0976/097600670010.001/swg.fits[1]
scw/0978/097800640010.001/swg.fits[1]
scw/0982/098200700010.001/swg.fits[1]
scw/0982/098200710010.001/swg.fits[1]
scw/0991/099100810010.001/swg.fits[1]
scw/0999/099900530010.001/swg.fits[1]
scw/0999/099900540010.001/swg.fits[1]
scw/1000/100000270010.001/swg.fits[1]
scw/1000/100000360010.001/swg.fits[1]
scw/1000/100000370010.001/swg.fits[1]
scw/1000/100000460010.001/swg.fits[1]
scw/1000/100000470010.001/swg.fits[1]
scw/1001/100100340010.001/swg.fits[1]
scw/1001/100100350010.001/swg.fits[1]
scw/1002/100200620010.001/swg.fits[1]
scw/1014/101400280010.001/swg.fits[1]
scw/1014/101400290010.001/swg.fits[1]
scw/1014/101400360010.001/swg.fits[1]
scw/1014/101400370010.001/swg.fits[1]
scw/1015/101500190010.001/swg.fits[1]
scw/1015/101500280010.001/swg.fits[1]
scw/1016/101600410010.001/swg.fits[1]
scw/1016/101600420010.001/swg.fits[1]
scw/1016/101600500010.001/swg.fits[1]
scw/1018/101800440010.001/swg.fits[1]
scw/1018/101800450010.001/swg.fits[1]
scw/1018/101800460010.001/swg.fits[1]
scw/1021/102100300010.001/swg.fits[1]
scw/1021/102100310010.001/swg.fits[1]
scw/1021/102100320010.001/swg.fits[1]
scw/1022/102200660010.001/swg.fits[1]
scw/1023/102300830010.001/swg.fits[1]
scw/1023/102300840010.001/swg.fits[1]
scw/1024/102400820010.001/swg.fits[1]
scw/1025/102500900010.001/swg.fits[1]
scw/1027/102700710010.001/swg.fits[1]
scw/1027/102700720010.001/swg.fits[1]
scw/1027/102700730010.001/swg.fits[1]
scw/1027/102700740010.001/swg.fits[1]
scw/1027/102700750010.001/swg.fits[1]
scw/1035/103501020010.001/swg.fits[1]
scw/1035/103501030010.001/swg.fits[1]
scw/1041/104100710010.001/swg.fits[1]
scw/1048/104800920010.001/swg.fits[1]
scw/1049/104900140010.001/swg.fits[1]
scw/1051/105100850010.001/swg.fits[1]
scw/1051/105100870010.001/swg.fits[1]
scw/1052/105200940010.001/swg.fits[1]
scw/1052/105200950010.001/swg.fits[1]
scw/1053/105300690010.001/swg.fits[1]
scw/1053/105300700010.001/swg.fits[1]
scw/1054/105400680010.001/swg.fits[1]
scw/1054/105400690010.001/swg.fits[1]
scw/1055/105500710010.001/swg.fits[1]
scw/1055/105500720010.001/swg.fits[1]
scw/1056/105600950010.001/swg.fits[1]
scw/1056/105600960010.001/swg.fits[1]
scw/1056/105600970010.001/swg.fits[1]
