scw/0049/004900660010.001/swg.fits[1]
scw/0049/004900670010.001/swg.fits[1]
scw/0049/004900680010.001/swg.fits[1]
scw/0049/004900690010.001/swg.fits[1]
scw/0049/004900700010.001/swg.fits[1]
scw/0049/004900710010.001/swg.fits[1]
scw/0049/004900720010.001/swg.fits[1]
scw/0049/004900730010.001/swg.fits[1]
scw/0049/004900740010.001/swg.fits[1]
scw/0049/004900750010.001/swg.fits[1]
scw/0049/004900760010.001/swg.fits[1]
scw/0049/004900770010.001/swg.fits[1]
scw/0049/004900780010.001/swg.fits[1]
scw/0049/004900790010.001/swg.fits[1]
scw/0051/005100820010.001/swg.fits[1]
scw/0051/005100830010.001/swg.fits[1]
scw/0051/005100840010.001/swg.fits[1]
scw/0051/005100850010.001/swg.fits[1]
scw/0051/005100890010.001/swg.fits[1]
scw/0051/005100900010.001/swg.fits[1]
scw/0051/005100910010.001/swg.fits[1]
scw/0051/005100920010.001/swg.fits[1]
scw/0051/005100930010.001/swg.fits[1]
scw/0051/005100940010.001/swg.fits[1]
scw/0051/005100950010.001/swg.fits[1]
scw/0051/005100970010.001/swg.fits[1]
scw/0051/005100980010.001/swg.fits[1]
scw/0051/005100990010.001/swg.fits[1]
scw/0051/005101000010.001/swg.fits[1]
scw/0053/005300880010.001/swg.fits[1]
scw/0053/005300890010.001/swg.fits[1]
scw/0053/005300900010.001/swg.fits[1]
scw/0053/005300910010.001/swg.fits[1]
scw/0053/005300950010.001/swg.fits[1]
scw/0053/005300960010.001/swg.fits[1]
scw/0053/005300970010.001/swg.fits[1]
scw/0053/005300980010.001/swg.fits[1]
scw/0053/005300990010.001/swg.fits[1]
scw/0053/005301000010.001/swg.fits[1]
scw/0053/005301010010.001/swg.fits[1]
scw/0053/005301020010.001/swg.fits[1]
scw/0053/005301030010.001/swg.fits[1]
scw/0053/005301040010.001/swg.fits[1]
scw/0053/005301050010.001/swg.fits[1]
scw/0053/005301060010.001/swg.fits[1]
scw/0053/005301070010.001/swg.fits[1]
scw/0053/005301080010.001/swg.fits[1]
scw/0054/005400180010.001/swg.fits[1]
scw/0054/005400190010.001/swg.fits[1]
scw/0054/005400200010.001/swg.fits[1]
scw/0056/005600090010.001/swg.fits[1]
scw/0056/005600100010.001/swg.fits[1]
scw/0056/005600110010.001/swg.fits[1]
scw/0056/005600120010.001/swg.fits[1]
scw/0056/005600160010.001/swg.fits[1]
scw/0056/005600170010.001/swg.fits[1]
scw/0056/005600180010.001/swg.fits[1]
scw/0056/005600190010.001/swg.fits[1]
scw/0056/005600200010.001/swg.fits[1]
scw/0056/005600210010.001/swg.fits[1]
scw/0056/005600220010.001/swg.fits[1]
scw/0056/005600230010.001/swg.fits[1]
scw/0056/005600240010.001/swg.fits[1]
scw/0056/005600250010.001/swg.fits[1]
scw/0056/005600260010.001/swg.fits[1]
scw/0056/005600270010.001/swg.fits[1]
scw/0056/005600280010.001/swg.fits[1]
scw/0056/005600290010.001/swg.fits[1]
scw/0058/005800370010.001/swg.fits[1]
scw/0058/005800380010.001/swg.fits[1]
scw/0058/005800390010.001/swg.fits[1]
scw/0058/005800400010.001/swg.fits[1]
scw/0058/005800440010.001/swg.fits[1]
scw/0058/005800450010.001/swg.fits[1]
scw/0058/005800460010.001/swg.fits[1]
scw/0058/005800470010.001/swg.fits[1]
scw/0058/005800480010.001/swg.fits[1]
scw/0058/005800490010.001/swg.fits[1]
scw/0058/005800500010.001/swg.fits[1]
scw/0058/005800510010.001/swg.fits[1]
scw/0058/005800520010.001/swg.fits[1]
scw/0058/005800530010.001/swg.fits[1]
scw/0058/005800540010.001/swg.fits[1]
scw/0058/005800550010.001/swg.fits[1]
scw/0058/005800560010.001/swg.fits[1]
scw/0058/005800570010.001/swg.fits[1]
scw/0060/006000810010.001/swg.fits[1]
scw/0060/006000820010.001/swg.fits[1]
scw/0060/006000830010.001/swg.fits[1]
scw/0060/006000840010.001/swg.fits[1]
scw/0060/006000880010.001/swg.fits[1]
scw/0060/006000890010.001/swg.fits[1]
scw/0060/006000900010.001/swg.fits[1]
scw/0060/006000910010.001/swg.fits[1]
scw/0060/006000920010.001/swg.fits[1]
scw/0060/006000930010.001/swg.fits[1]
scw/0060/006000940010.001/swg.fits[1]
scw/0060/006000950010.001/swg.fits[1]
scw/0060/006000960010.001/swg.fits[1]
scw/0060/006000970010.001/swg.fits[1]
scw/0060/006000980010.001/swg.fits[1]
scw/0060/006000990010.001/swg.fits[1]
scw/0060/006001000010.001/swg.fits[1]
scw/0062/006200160010.001/swg.fits[1]
scw/0062/006200170010.001/swg.fits[1]
scw/0062/006200180010.001/swg.fits[1]
scw/0062/006200940010.001/swg.fits[1]
scw/0062/006200940020.001/swg.fits[1]
scw/0064/006400400010.001/swg.fits[1]
scw/0064/006400410010.001/swg.fits[1]
scw/0064/006400560010.001/swg.fits[1]
scw/0064/006400570010.001/swg.fits[1]
scw/0064/006400710010.001/swg.fits[1]
scw/0064/006400720010.001/swg.fits[1]
scw/0064/006400790010.001/swg.fits[1]
scw/0064/006400800010.001/swg.fits[1]
scw/0064/006400810010.001/swg.fits[1]
scw/0064/006400820010.001/swg.fits[1]
scw/0064/006400830010.001/swg.fits[1]
scw/0064/006400960010.001/swg.fits[1]
scw/0064/006400970010.001/swg.fits[1]
scw/0064/006400980010.001/swg.fits[1]
scw/0064/006400990010.001/swg.fits[1]
scw/0064/006401000010.001/swg.fits[1]
scw/0064/006401010010.001/swg.fits[1]
scw/0064/006401080010.001/swg.fits[1]
scw/0064/006401090010.001/swg.fits[1]
scw/0064/006401100010.001/swg.fits[1]
scw/0064/006401110010.001/swg.fits[1]
scw/0065/006500060010.001/swg.fits[1]
scw/0065/006500070010.001/swg.fits[1]
scw/0065/006500080010.001/swg.fits[1]
scw/0065/006500090010.001/swg.fits[1]
scw/0065/006500100010.001/swg.fits[1]
scw/0065/006500110010.001/swg.fits[1]
scw/0065/006500220010.001/swg.fits[1]
scw/0065/006500230010.001/swg.fits[1]
scw/0065/006500240010.001/swg.fits[1]
scw/0065/006500250010.001/swg.fits[1]
scw/0065/006500260010.001/swg.fits[1]
scw/0065/006500270010.001/swg.fits[1]
scw/0065/006500280010.001/swg.fits[1]
scw/0065/006500290010.001/swg.fits[1]
scw/0065/006500380010.001/swg.fits[1]
scw/0065/006500390010.001/swg.fits[1]
scw/0065/006500400010.001/swg.fits[1]
scw/0065/006500410010.001/swg.fits[1]
scw/0065/006500420010.001/swg.fits[1]
scw/0065/006500430010.001/swg.fits[1]
scw/0065/006500440010.001/swg.fits[1]
scw/0065/006500450010.001/swg.fits[1]
scw/0065/006500550010.001/swg.fits[1]
scw/0065/006500560010.001/swg.fits[1]
scw/0065/006500570010.001/swg.fits[1]
scw/0065/006500580010.001/swg.fits[1]
scw/0065/006500640010.001/swg.fits[1]
scw/0065/006500650010.001/swg.fits[1]
scw/0065/006500660010.001/swg.fits[1]
scw/0065/006500670010.001/swg.fits[1]
scw/0065/006500760010.001/swg.fits[1]
scw/0065/006500770010.001/swg.fits[1]
scw/0065/006500780010.001/swg.fits[1]
scw/0065/006500920010.001/swg.fits[1]
scw/0065/006500930010.001/swg.fits[1]
scw/0065/006500940010.001/swg.fits[1]
scw/0065/006500950010.001/swg.fits[1]
scw/0065/006501080010.001/swg.fits[1]
scw/0065/006501090010.001/swg.fits[1]
scw/0065/006501100010.001/swg.fits[1]
scw/0065/006501110010.001/swg.fits[1]
scw/0065/006501120010.001/swg.fits[1]
scw/0065/006501130010.001/swg.fits[1]
scw/0066/006600230010.001/swg.fits[1]
scw/0066/006600240010.001/swg.fits[1]
scw/0066/006600250010.001/swg.fits[1]
scw/0066/006600260010.001/swg.fits[1]
scw/0066/006600270010.001/swg.fits[1]
scw/0066/006600280010.001/swg.fits[1]
scw/0066/006600290010.001/swg.fits[1]
scw/0066/006600300010.001/swg.fits[1]
scw/0066/006600380010.001/swg.fits[1]
scw/0066/006600390010.001/swg.fits[1]
scw/0066/006600400010.001/swg.fits[1]
scw/0066/006600410010.001/swg.fits[1]
scw/0066/006600420010.001/swg.fits[1]
scw/0066/006600430010.001/swg.fits[1]
scw/0066/006600440010.001/swg.fits[1]
scw/0066/006600450010.001/swg.fits[1]
scw/0066/006600640010.001/swg.fits[1]
scw/0066/006600650010.001/swg.fits[1]
scw/0066/006600660010.001/swg.fits[1]
scw/0066/006600670010.001/swg.fits[1]
scw/0066/006600680010.001/swg.fits[1]
scw/0066/006600690010.001/swg.fits[1]
scw/0066/006600700010.001/swg.fits[1]
scw/0066/006600710010.001/swg.fits[1]
scw/0066/006600730010.001/swg.fits[1]
scw/0066/006600740010.001/swg.fits[1]
scw/0066/006600750010.001/swg.fits[1]
scw/0066/006600760010.001/swg.fits[1]
scw/0066/006600770010.001/swg.fits[1]
scw/0066/006600780010.001/swg.fits[1]
scw/0066/006600790010.001/swg.fits[1]
scw/0066/006600800010.001/swg.fits[1]
scw/0066/006600880010.001/swg.fits[1]
scw/0066/006600890010.001/swg.fits[1]
scw/0066/006600900010.001/swg.fits[1]
scw/0066/006600910010.001/swg.fits[1]
scw/0066/006600920010.001/swg.fits[1]
scw/0066/006600930010.001/swg.fits[1]
scw/0066/006600940010.001/swg.fits[1]
scw/0066/006600950010.001/swg.fits[1]
scw/0066/006601050010.001/swg.fits[1]
scw/0066/006601060010.001/swg.fits[1]
scw/0066/006601070010.001/swg.fits[1]
scw/0066/006601080010.001/swg.fits[1]
scw/0066/006601090010.001/swg.fits[1]
scw/0066/006601100010.001/swg.fits[1]
scw/0067/006700030010.001/swg.fits[1]
scw/0067/006700570010.001/swg.fits[1]
scw/0067/006700580010.001/swg.fits[1]
scw/0067/006700590010.001/swg.fits[1]
scw/0067/006700600010.001/swg.fits[1]
scw/0067/006700640010.001/swg.fits[1]
scw/0067/006700650010.001/swg.fits[1]
scw/0067/006700660010.001/swg.fits[1]
scw/0068/006800050010.001/swg.fits[1]
scw/0068/006800060010.001/swg.fits[1]
scw/0068/006800070010.001/swg.fits[1]
scw/0068/006800110010.001/swg.fits[1]
scw/0068/006800120010.001/swg.fits[1]
scw/0068/006800130010.001/swg.fits[1]
scw/0068/006800140010.001/swg.fits[1]
scw/0068/006800150010.001/swg.fits[1]
scw/0068/006800160010.001/swg.fits[1]
