scw/1498/149800200010.001/swg.fits[1]
scw/1498/149800320010.001/swg.fits[1]
scw/1498/149800330010.001/swg.fits[1]
scw/1498/149800340010.001/swg.fits[1]
scw/1498/149800350010.001/swg.fits[1]
scw/1498/149800360010.001/swg.fits[1]
scw/1498/149800370010.001/swg.fits[1]
scw/1498/149800380010.001/swg.fits[1]
scw/1498/149800390010.001/swg.fits[1]
scw/1498/149800400010.001/swg.fits[1]
scw/1498/149800410010.001/swg.fits[1]
scw/1498/149800420010.001/swg.fits[1]
scw/1498/149800430010.001/swg.fits[1]
scw/1498/149800440010.001/swg.fits[1]
scw/1498/149800450010.001/swg.fits[1]
scw/1498/149800460010.001/swg.fits[1]
scw/1498/149800470010.001/swg.fits[1]
scw/1498/149800480010.001/swg.fits[1]
scw/1498/149800490010.001/swg.fits[1]
scw/1498/149800500010.001/swg.fits[1]
scw/1498/149800520010.001/swg.fits[1]
scw/1498/149800530010.001/swg.fits[1]
scw/1498/149800540010.001/swg.fits[1]
scw/1498/149800550010.001/swg.fits[1]
scw/1498/149800560010.001/swg.fits[1]
scw/1499/149900020010.001/swg.fits[1]
scw/1499/149900030010.001/swg.fits[1]
scw/1499/149900040010.001/swg.fits[1]
scw/1499/149900050010.001/swg.fits[1]
scw/1499/149900060010.001/swg.fits[1]
scw/1499/149900070010.001/swg.fits[1]
scw/1499/149900080010.001/swg.fits[1]
scw/1499/149900090010.001/swg.fits[1]
scw/1499/149900100010.001/swg.fits[1]
scw/1499/149900110010.001/swg.fits[1]
scw/1499/149900120010.001/swg.fits[1]
scw/1499/149900130010.001/swg.fits[1]
scw/1499/149900140010.001/swg.fits[1]
scw/1499/149900150010.001/swg.fits[1]
scw/1499/149900210010.001/swg.fits[1]
scw/1499/149900220010.001/swg.fits[1]
scw/1499/149900230010.001/swg.fits[1]
scw/1499/149900260010.001/swg.fits[1]
scw/1499/149900270010.001/swg.fits[1]
scw/1499/149900280010.001/swg.fits[1]
scw/1499/149900290010.001/swg.fits[1]
scw/1499/149900300010.001/swg.fits[1]
scw/1499/149900310010.001/swg.fits[1]
scw/1499/149900320010.001/swg.fits[1]
scw/1499/149900330010.001/swg.fits[1]
scw/1499/149900340010.001/swg.fits[1]
scw/1499/149900350010.001/swg.fits[1]
scw/1499/149900360010.001/swg.fits[1]
scw/1499/149900370010.001/swg.fits[1]
scw/1499/149900380010.001/swg.fits[1]
scw/1499/149900390010.001/swg.fits[1]
scw/1499/149900400010.001/swg.fits[1]
scw/1499/149900410010.001/swg.fits[1]
scw/1499/149900420010.001/swg.fits[1]
scw/1499/149900430010.001/swg.fits[1]
scw/1499/149900470010.001/swg.fits[1]
scw/1499/149900480010.001/swg.fits[1]
scw/1499/149900490010.001/swg.fits[1]
scw/1499/149900500010.001/swg.fits[1]
scw/1499/149900500020.001/swg.fits[1]
scw/1500/150000040010.001/swg.fits[1]
scw/1500/150000050010.001/swg.fits[1]
scw/1500/150000060010.001/swg.fits[1]
scw/1500/150000070010.001/swg.fits[1]
scw/1500/150000080010.001/swg.fits[1]
scw/1500/150000090010.001/swg.fits[1]
scw/1500/150000100010.001/swg.fits[1]
scw/1500/150000110010.001/swg.fits[1]
scw/1500/150000120010.001/swg.fits[1]
scw/1500/150000130010.001/swg.fits[1]
scw/1500/150000140010.001/swg.fits[1]
scw/1500/150000150010.001/swg.fits[1]
scw/1500/150000160010.001/swg.fits[1]
scw/1500/150000170010.001/swg.fits[1]
scw/1500/150000180010.001/swg.fits[1]
scw/1500/150000210010.001/swg.fits[1]
scw/1500/150000220010.001/swg.fits[1]
scw/1500/150000230010.001/swg.fits[1]
scw/1500/150000240010.001/swg.fits[1]
scw/1500/150000290010.001/swg.fits[1]
scw/1500/150000300010.001/swg.fits[1]
scw/1500/150000310010.001/swg.fits[1]
scw/1500/150000320010.001/swg.fits[1]
scw/1500/150000330010.001/swg.fits[1]
scw/1500/150000340010.001/swg.fits[1]
scw/1500/150000350010.001/swg.fits[1]
scw/1500/150000360010.001/swg.fits[1]
scw/1500/150000370010.001/swg.fits[1]
scw/1500/150000380010.001/swg.fits[1]
scw/1500/150000390010.001/swg.fits[1]
scw/1500/150000400010.001/swg.fits[1]
scw/1500/150000410010.001/swg.fits[1]
scw/1500/150000420010.001/swg.fits[1]
scw/1500/150000430010.001/swg.fits[1]
scw/1500/150000440010.001/swg.fits[1]
scw/1500/150000450010.001/swg.fits[1]
scw/1500/150000450020.001/swg.fits[1]
scw/1544/154400670010.001/swg.fits[1]
scw/1544/154400680010.001/swg.fits[1]
scw/1544/154400690010.001/swg.fits[1]
scw/1544/154400700010.001/swg.fits[1]
scw/1544/154400710010.001/swg.fits[1]
scw/1544/154400720010.001/swg.fits[1]
scw/1544/154400730010.001/swg.fits[1]
scw/1544/154400730020.001/swg.fits[1]
scw/1545/154500010010.001/swg.fits[1]
scw/1545/154500020010.001/swg.fits[1]
scw/1545/154500030010.001/swg.fits[1]
scw/1545/154500040010.001/swg.fits[1]
scw/1545/154500050010.001/swg.fits[1]
scw/1545/154500060010.001/swg.fits[1]
scw/1545/154500070010.001/swg.fits[1]
scw/1545/154500080010.001/swg.fits[1]
scw/1545/154500090010.001/swg.fits[1]
scw/1545/154500100010.001/swg.fits[1]
scw/1545/154500110010.001/swg.fits[1]
scw/1545/154500120010.001/swg.fits[1]
scw/1545/154500130010.001/swg.fits[1]
scw/1545/154500140010.001/swg.fits[1]
scw/1545/154500150010.001/swg.fits[1]
scw/1545/154500160010.001/swg.fits[1]
scw/1545/154500170010.001/swg.fits[1]
scw/1545/154500470010.001/swg.fits[1]
scw/1545/154500480010.001/swg.fits[1]
scw/1545/154500490010.001/swg.fits[1]
scw/1545/154500490020.001/swg.fits[1]
scw/1546/154600010010.001/swg.fits[1]
scw/1546/154600020010.001/swg.fits[1]
scw/1546/154600030010.001/swg.fits[1]
scw/1546/154600040010.001/swg.fits[1]
scw/1546/154600050010.001/swg.fits[1]
scw/1546/154600060010.001/swg.fits[1]
scw/1546/154600070010.001/swg.fits[1]
scw/1546/154600080010.001/swg.fits[1]
scw/1546/154600090010.001/swg.fits[1]
scw/1546/154600100010.001/swg.fits[1]
scw/1546/154600110010.001/swg.fits[1]
scw/1546/154600120010.001/swg.fits[1]
scw/1546/154600130010.001/swg.fits[1]
scw/1546/154600140010.001/swg.fits[1]
scw/1546/154600150010.001/swg.fits[1]
scw/1546/154600160010.001/swg.fits[1]
scw/1546/154600170010.001/swg.fits[1]
scw/1546/154600430010.001/swg.fits[1]
scw/1546/154600440010.001/swg.fits[1]
scw/1546/154600450010.001/swg.fits[1]
scw/1546/154600460010.001/swg.fits[1]
scw/1546/154600470010.001/swg.fits[1]
scw/1546/154600480010.001/swg.fits[1]
scw/1546/154600480020.001/swg.fits[1]
scw/1547/154700010010.001/swg.fits[1]
scw/1547/154700020010.001/swg.fits[1]
scw/1547/154700030010.001/swg.fits[1]
scw/1547/154700040010.001/swg.fits[1]
scw/1547/154700050010.001/swg.fits[1]
scw/1547/154700060010.001/swg.fits[1]
scw/1547/154700070010.001/swg.fits[1]
scw/1547/154700080010.001/swg.fits[1]
scw/1547/154700090010.001/swg.fits[1]
scw/1547/154700100010.001/swg.fits[1]
scw/1547/154700110010.001/swg.fits[1]
scw/1547/154700120010.001/swg.fits[1]
scw/1547/154700130010.001/swg.fits[1]
scw/1547/154700140010.001/swg.fits[1]
scw/1547/154700150010.001/swg.fits[1]
scw/1547/154700160010.001/swg.fits[1]
scw/1547/154700170010.001/swg.fits[1]
scw/1547/154700180010.001/swg.fits[1]
scw/1547/154700190010.001/swg.fits[1]
scw/1548/154800010010.001/swg.fits[1]
scw/1548/154800020010.001/swg.fits[1]
scw/1548/154800030010.001/swg.fits[1]
scw/1548/154800040010.001/swg.fits[1]
scw/1548/154800050010.001/swg.fits[1]
scw/1548/154800060010.001/swg.fits[1]
scw/1548/154800070010.001/swg.fits[1]
scw/1548/154800080010.001/swg.fits[1]
scw/1548/154800090010.001/swg.fits[1]
scw/1548/154800100010.001/swg.fits[1]
scw/1548/154800110010.001/swg.fits[1]
scw/1548/154800120010.001/swg.fits[1]
scw/1548/154800130010.001/swg.fits[1]
scw/1548/154800140010.001/swg.fits[1]
scw/1548/154800150010.001/swg.fits[1]
scw/1548/154800160010.001/swg.fits[1]
scw/1548/154800170010.001/swg.fits[1]
scw/1548/154800180010.001/swg.fits[1]
scw/1548/154800190010.001/swg.fits[1]
scw/1548/154800200010.001/swg.fits[1]
scw/1548/154800210010.001/swg.fits[1]
scw/1548/154800220010.001/swg.fits[1]
scw/1548/154800230010.001/swg.fits[1]
scw/1548/154800240010.001/swg.fits[1]
scw/1548/154800250010.001/swg.fits[1]
scw/1548/154800460010.001/swg.fits[1]
scw/1548/154800470010.001/swg.fits[1]
scw/1548/154800480010.001/swg.fits[1]
scw/1548/154800490010.001/swg.fits[1]
scw/1548/154800490020.001/swg.fits[1]
scw/1549/154900010010.001/swg.fits[1]
scw/1549/154900020010.001/swg.fits[1]
scw/1549/154900030010.001/swg.fits[1]
scw/1549/154900040010.001/swg.fits[1]
scw/1549/154900050010.001/swg.fits[1]
scw/1549/154900060010.001/swg.fits[1]
scw/1549/154900070010.001/swg.fits[1]
scw/1549/154900080010.001/swg.fits[1]
scw/1549/154900090010.001/swg.fits[1]
scw/1549/154900100010.001/swg.fits[1]
scw/1549/154900110010.001/swg.fits[1]
scw/1549/154900120010.001/swg.fits[1]
scw/1549/154900130010.001/swg.fits[1]
scw/1549/154900140010.001/swg.fits[1]
scw/1549/154900150010.001/swg.fits[1]
scw/1549/154900160010.001/swg.fits[1]
scw/1549/154900170010.001/swg.fits[1]
scw/1549/154900180010.001/swg.fits[1]
scw/1549/154900190010.001/swg.fits[1]
scw/1549/154900200010.001/swg.fits[1]
scw/1549/154900210010.001/swg.fits[1]
scw/1549/154900220010.001/swg.fits[1]
scw/1549/154900230010.001/swg.fits[1]
scw/1549/154900240010.001/swg.fits[1]
scw/1549/154900250010.001/swg.fits[1]
scw/1549/154900260010.001/swg.fits[1]
scw/1549/154900470010.001/swg.fits[1]
scw/1549/154900480010.001/swg.fits[1]
scw/1549/154900480020.001/swg.fits[1]
scw/1550/155000010010.001/swg.fits[1]
scw/1550/155000020010.001/swg.fits[1]
scw/1550/155000030010.001/swg.fits[1]
scw/1550/155000040010.001/swg.fits[1]
scw/1550/155000050010.001/swg.fits[1]
scw/1550/155000060010.001/swg.fits[1]
scw/1550/155000070010.001/swg.fits[1]
