scw/0131/013100270010.001/swg.fits[1]
scw/0131/013100280010.001/swg.fits[1]
scw/0131/013100280020.001/swg.fits[1]
scw/0131/013100370010.001/swg.fits[1]
scw/0131/013100460010.001/swg.fits[1]
scw/0131/013100470010.001/swg.fits[1]
scw/0132/013200290010.001/swg.fits[1]
scw/0132/013200300010.001/swg.fits[1]
scw/0132/013200390010.001/swg.fits[1]
scw/0132/013200480010.001/swg.fits[1]
scw/0132/013200490010.001/swg.fits[1]
scw/0133/013300150010.001/swg.fits[1]
scw/0133/013300160010.001/swg.fits[1]
scw/0133/013300250010.001/swg.fits[1]
scw/0133/013300340010.001/swg.fits[1]
scw/0133/013300350010.001/swg.fits[1]
scw/0179/017900580010.001/swg.fits[1]
scw/0179/017900670010.001/swg.fits[1]
scw/0179/017900670020.001/swg.fits[1]
scw/0180/018000220010.001/swg.fits[1]
scw/0180/018000230010.001/swg.fits[1]
scw/0180/018000320010.001/swg.fits[1]
scw/0180/018000420010.001/swg.fits[1]
scw/0180/018000510010.001/swg.fits[1]
scw/0180/018000520010.001/swg.fits[1]
scw/0221/022100050010.001/swg.fits[1]
scw/0222/022200040010.001/swg.fits[1]
scw/0222/022200100010.001/swg.fits[1]
scw/0222/022200110010.001/swg.fits[1]
scw/0222/022200170010.001/swg.fits[1]
scw/0222/022200180010.001/swg.fits[1]
scw/0222/022200240010.001/swg.fits[1]
scw/0222/022200250010.001/swg.fits[1]
scw/0224/022400070010.001/swg.fits[1]
scw/0224/022400080010.001/swg.fits[1]
scw/0224/022400140010.001/swg.fits[1]
scw/0224/022400150010.001/swg.fits[1]
scw/0224/022400210010.001/swg.fits[1]
scw/0224/022400220010.001/swg.fits[1]
scw/0224/022400280010.001/swg.fits[1]
scw/0224/022400290010.001/swg.fits[1]
scw/0856/085600340010.001/swg.fits[1]
scw/0856/085600350010.001/swg.fits[1]
scw/0856/085600360010.001/swg.fits[1]
scw/0856/085600370010.001/swg.fits[1]
scw/0856/085600380010.001/swg.fits[1]
scw/0856/085600390010.001/swg.fits[1]
scw/0856/085600400010.001/swg.fits[1]
scw/0856/085600410010.001/swg.fits[1]
scw/0856/085600420010.001/swg.fits[1]
scw/0856/085600430010.001/swg.fits[1]
scw/0856/085600440010.001/swg.fits[1]
scw/0856/085600450010.001/swg.fits[1]
scw/0856/085600460010.001/swg.fits[1]
scw/0856/085600470010.001/swg.fits[1]
scw/0856/085600480010.001/swg.fits[1]
scw/0856/085600490010.001/swg.fits[1]
scw/0856/085600500010.001/swg.fits[1]
scw/0856/085600510010.001/swg.fits[1]
scw/0856/085600520010.001/swg.fits[1]
scw/0856/085600530010.001/swg.fits[1]
scw/0856/085600540010.001/swg.fits[1]
scw/0856/085600550010.001/swg.fits[1]
scw/0856/085600560010.001/swg.fits[1]
scw/0856/085600570010.001/swg.fits[1]
scw/0856/085600580010.001/swg.fits[1]
scw/0856/085600590010.001/swg.fits[1]
scw/0856/085600600010.001/swg.fits[1]
scw/0856/085600610010.001/swg.fits[1]
scw/0856/085600630010.001/swg.fits[1]
scw/0856/085600640010.001/swg.fits[1]
scw/0857/085700710010.001/swg.fits[1]
scw/0857/085700720010.001/swg.fits[1]
scw/0857/085700730010.001/swg.fits[1]
scw/0857/085700740010.001/swg.fits[1]
scw/0857/085700750010.001/swg.fits[1]
scw/0857/085700760010.001/swg.fits[1]
scw/0857/085700770010.001/swg.fits[1]
scw/0857/085700800010.001/swg.fits[1]
scw/0857/085700810010.001/swg.fits[1]
scw/0857/085700820010.001/swg.fits[1]
scw/0857/085700830010.001/swg.fits[1]
scw/0857/085700840010.001/swg.fits[1]
scw/0858/085800600010.001/swg.fits[1]
scw/0858/085800610010.001/swg.fits[1]
scw/0858/085800620010.001/swg.fits[1]
scw/0858/085800640010.001/swg.fits[1]
scw/0858/085800650010.001/swg.fits[1]
scw/0858/085800660010.001/swg.fits[1]
scw/0858/085800670010.001/swg.fits[1]
scw/0858/085800680010.001/swg.fits[1]
scw/0858/085800690010.001/swg.fits[1]
scw/0858/085800700010.001/swg.fits[1]
scw/0858/085800710010.001/swg.fits[1]
scw/0858/085800720010.001/swg.fits[1]
scw/0858/085800730010.001/swg.fits[1]
scw/0858/085800740010.001/swg.fits[1]
scw/0858/085800750010.001/swg.fits[1]
scw/0858/085800760010.001/swg.fits[1]
scw/0858/085800770010.001/swg.fits[1]
scw/0859/085900090010.001/swg.fits[1]
scw/0859/085900100010.001/swg.fits[1]
scw/0859/085900110010.001/swg.fits[1]
scw/0859/085900120010.001/swg.fits[1]
scw/0859/085900130010.001/swg.fits[1]
scw/0859/085900140010.001/swg.fits[1]
scw/0859/085900150010.001/swg.fits[1]
scw/0859/085900160010.001/swg.fits[1]
scw/0859/085900170010.001/swg.fits[1]
scw/0859/085900180010.001/swg.fits[1]
scw/0859/085900190010.001/swg.fits[1]
scw/0859/085900200010.001/swg.fits[1]
scw/0859/085900210010.001/swg.fits[1]
scw/0859/085900220010.001/swg.fits[1]
scw/0859/085900230010.001/swg.fits[1]
scw/0859/085900250010.001/swg.fits[1]
scw/0859/085900260010.001/swg.fits[1]
scw/0859/085900270010.001/swg.fits[1]
scw/0859/085900280010.001/swg.fits[1]
scw/0859/085900290010.001/swg.fits[1]
scw/0859/085900300010.001/swg.fits[1]
scw/0859/085900310010.001/swg.fits[1]
scw/0859/085900320010.001/swg.fits[1]
scw/0859/085900330010.001/swg.fits[1]
scw/0859/085900340010.001/swg.fits[1]
scw/0859/085900360010.001/swg.fits[1]
scw/0859/085900370010.001/swg.fits[1]
scw/0859/085900380010.001/swg.fits[1]
scw/0859/085900390010.001/swg.fits[1]
scw/0859/085900400010.001/swg.fits[1]
scw/0859/085900410010.001/swg.fits[1]
scw/0859/085900420010.001/swg.fits[1]
scw/0859/085900430010.001/swg.fits[1]
scw/0859/085900460010.001/swg.fits[1]
scw/0859/085900470010.001/swg.fits[1]
scw/0859/085900480010.001/swg.fits[1]
scw/0859/085900490010.001/swg.fits[1]
scw/0859/085900500010.001/swg.fits[1]
scw/0859/085900510010.001/swg.fits[1]
scw/0859/085900520010.001/swg.fits[1]
scw/0859/085900530010.001/swg.fits[1]
scw/0859/085900540010.001/swg.fits[1]
scw/0859/085900550010.001/swg.fits[1]
scw/0859/085900560010.001/swg.fits[1]
scw/0859/085900570010.001/swg.fits[1]
scw/0859/085900580010.001/swg.fits[1]
scw/0859/085900590010.001/swg.fits[1]
scw/0859/085900600010.001/swg.fits[1]
scw/0859/085900610010.001/swg.fits[1]
scw/0860/086000590010.001/swg.fits[1]
scw/0860/086000600010.001/swg.fits[1]
scw/0860/086000610010.001/swg.fits[1]
scw/0860/086000620010.001/swg.fits[1]
scw/0860/086000630010.001/swg.fits[1]
scw/0860/086000650010.001/swg.fits[1]
scw/0860/086000660010.001/swg.fits[1]
scw/0860/086000670010.001/swg.fits[1]
scw/0860/086000680010.001/swg.fits[1]
scw/0860/086000690010.001/swg.fits[1]
scw/0860/086000700010.001/swg.fits[1]
scw/0860/086000710010.001/swg.fits[1]
scw/0860/086000720010.001/swg.fits[1]
scw/0860/086000730010.001/swg.fits[1]
scw/0860/086000740010.001/swg.fits[1]
scw/0860/086000750010.001/swg.fits[1]
scw/0860/086000760010.001/swg.fits[1]
scw/0860/086000770010.001/swg.fits[1]
scw/0860/086000780010.001/swg.fits[1]
scw/0861/086100610010.001/swg.fits[1]
scw/0861/086100620010.001/swg.fits[1]
scw/0861/086100630010.001/swg.fits[1]
scw/0861/086100650010.001/swg.fits[1]
scw/0861/086100660010.001/swg.fits[1]
scw/0861/086100670010.001/swg.fits[1]
scw/0861/086100680010.001/swg.fits[1]
scw/0861/086100690010.001/swg.fits[1]
scw/0861/086100700010.001/swg.fits[1]
scw/0861/086100710010.001/swg.fits[1]
scw/0861/086100720010.001/swg.fits[1]
scw/0861/086100750010.001/swg.fits[1]
scw/0861/086100760010.001/swg.fits[1]
scw/0861/086100770010.001/swg.fits[1]
scw/0862/086200020010.001/swg.fits[1]
scw/0862/086200030010.001/swg.fits[1]
scw/0862/086200040010.001/swg.fits[1]
scw/0862/086200050010.001/swg.fits[1]
scw/0862/086200060010.001/swg.fits[1]
scw/0862/086200070010.001/swg.fits[1]
scw/0862/086200080010.001/swg.fits[1]
scw/0862/086200090010.001/swg.fits[1]
scw/0862/086200100010.001/swg.fits[1]
scw/0862/086200110010.001/swg.fits[1]
scw/0862/086200120010.001/swg.fits[1]
scw/0862/086200130010.001/swg.fits[1]
scw/0862/086200140010.001/swg.fits[1]
scw/0862/086200140020.001/swg.fits[1]
scw/0862/086200140050.001/swg.fits[1]
scw/0862/086200150010.001/swg.fits[1]
scw/0862/086200160010.001/swg.fits[1]
scw/0862/086200170010.001/swg.fits[1]
scw/0862/086200180010.001/swg.fits[1]
scw/0862/086200190010.001/swg.fits[1]
scw/0862/086200200010.001/swg.fits[1]
scw/0862/086200210010.001/swg.fits[1]
scw/0862/086200220010.001/swg.fits[1]
scw/0862/086200230010.001/swg.fits[1]
scw/0862/086200240010.001/swg.fits[1]
scw/0862/086200250010.001/swg.fits[1]
scw/0862/086200260010.001/swg.fits[1]
scw/0862/086200270010.001/swg.fits[1]
scw/0862/086200280010.001/swg.fits[1]
scw/0862/086200290010.001/swg.fits[1]
scw/0862/086200300010.001/swg.fits[1]
scw/0862/086200310010.001/swg.fits[1]
scw/0862/086200320010.001/swg.fits[1]
scw/0862/086200330010.001/swg.fits[1]
scw/0862/086200340010.001/swg.fits[1]
scw/0862/086200350010.001/swg.fits[1]
scw/0862/086200360010.001/swg.fits[1]
scw/0868/086800340010.001/swg.fits[1]
scw/0868/086800360010.001/swg.fits[1]
scw/0868/086800370010.001/swg.fits[1]
scw/0868/086800380010.001/swg.fits[1]
scw/0868/086800390010.001/swg.fits[1]
scw/0868/086800400010.001/swg.fits[1]
scw/0868/086800410010.001/swg.fits[1]
scw/0868/086800420010.001/swg.fits[1]
scw/0868/086800470010.001/swg.fits[1]
scw/0868/086800480010.001/swg.fits[1]
scw/0868/086800490010.001/swg.fits[1]
scw/0868/086800500010.001/swg.fits[1]
scw/0868/086800510010.001/swg.fits[1]
scw/0868/086800520010.001/swg.fits[1]
scw/0868/086800530010.001/swg.fits[1]
scw/0868/086800550010.001/swg.fits[1]
scw/0868/086800560010.001/swg.fits[1]
scw/0868/086800570010.001/swg.fits[1]
scw/0868/086800580010.001/swg.fits[1]
scw/0868/086800590010.001/swg.fits[1]
scw/0868/086800600010.001/swg.fits[1]
scw/0868/086800610010.001/swg.fits[1]
scw/0868/086800620010.001/swg.fits[1]
scw/0868/086800620020.001/swg.fits[1]
scw/0869/086900020010.001/swg.fits[1]
scw/0869/086900030010.001/swg.fits[1]
scw/0869/086900040010.001/swg.fits[1]
scw/0869/086900050010.001/swg.fits[1]
scw/0869/086900060010.001/swg.fits[1]
