scw/0719/071900250010.001/swg.fits[1]
scw/0719/071900260010.001/swg.fits[1]
scw/0719/071900270010.001/swg.fits[1]
scw/0719/071900280010.001/swg.fits[1]
scw/0719/071900290010.001/swg.fits[1]
scw/0719/071900300010.001/swg.fits[1]
scw/0719/071900310010.001/swg.fits[1]
scw/0719/071900320010.001/swg.fits[1]
scw/0719/071900330010.001/swg.fits[1]
scw/0719/071900340010.001/swg.fits[1]
scw/0854/085400180010.001/swg.fits[1]
scw/0854/085400190010.001/swg.fits[1]
scw/0854/085400200010.001/swg.fits[1]
scw/0854/085400210010.001/swg.fits[1]
scw/0854/085400220010.001/swg.fits[1]
scw/0854/085400230010.001/swg.fits[1]
scw/0854/085400240010.001/swg.fits[1]
scw/0854/085400250010.001/swg.fits[1]
scw/0854/085400260010.001/swg.fits[1]
scw/0854/085400270010.001/swg.fits[1]
scw/0854/085400280010.001/swg.fits[1]
scw/0854/085400290010.001/swg.fits[1]
scw/0854/085400300010.001/swg.fits[1]
scw/0854/085400310010.001/swg.fits[1]
scw/0854/085400320010.001/swg.fits[1]
scw/0854/085400330010.001/swg.fits[1]
scw/0854/085400340010.001/swg.fits[1]
scw/0854/085400350010.001/swg.fits[1]
scw/0854/085400360010.001/swg.fits[1]
scw/0854/085400370010.001/swg.fits[1]
scw/0854/085400380010.001/swg.fits[1]
scw/0854/085400390010.001/swg.fits[1]
scw/0854/085400400010.001/swg.fits[1]
scw/0854/085400410010.001/swg.fits[1]
scw/0854/085400420010.001/swg.fits[1]
scw/0854/085400430010.001/swg.fits[1]
scw/0854/085400440010.001/swg.fits[1]
scw/0854/085400450010.001/swg.fits[1]
scw/0854/085400460010.001/swg.fits[1]
scw/0854/085400470010.001/swg.fits[1]
scw/0854/085400480010.001/swg.fits[1]
scw/0854/085400490010.001/swg.fits[1]
scw/0854/085400500010.001/swg.fits[1]
scw/0854/085400510010.001/swg.fits[1]
scw/0854/085400520010.001/swg.fits[1]
scw/0854/085400530010.001/swg.fits[1]
scw/0854/085400540010.001/swg.fits[1]
scw/0854/085400550010.001/swg.fits[1]
scw/0854/085400560010.001/swg.fits[1]
scw/0854/085400570010.001/swg.fits[1]
scw/0854/085400580010.001/swg.fits[1]
scw/0854/085400590010.001/swg.fits[1]
scw/0854/085400600010.001/swg.fits[1]
scw/0854/085400610010.001/swg.fits[1]
scw/0855/085500010010.001/swg.fits[1]
scw/0855/085500020010.001/swg.fits[1]
scw/0855/085500030010.001/swg.fits[1]
scw/0855/085500040010.001/swg.fits[1]
scw/0855/085500050010.001/swg.fits[1]
scw/0855/085500060010.001/swg.fits[1]
scw/0855/085500070010.001/swg.fits[1]
scw/0855/085500080010.001/swg.fits[1]
scw/0855/085500090010.001/swg.fits[1]
scw/0855/085500100010.001/swg.fits[1]
scw/0855/085500120010.001/swg.fits[1]
scw/0855/085500130010.001/swg.fits[1]
scw/0855/085500140010.001/swg.fits[1]
scw/0855/085500150010.001/swg.fits[1]
scw/0855/085500160010.001/swg.fits[1]
scw/0855/085500170010.001/swg.fits[1]
scw/0855/085500180010.001/swg.fits[1]
scw/0855/085500190010.001/swg.fits[1]
scw/0855/085500200010.001/swg.fits[1]
scw/0855/085500210010.001/swg.fits[1]
scw/0855/085500220010.001/swg.fits[1]
scw/0856/085600120010.001/swg.fits[1]
scw/0856/085600130010.001/swg.fits[1]
scw/0856/085600140010.001/swg.fits[1]
scw/0856/085600150010.001/swg.fits[1]
scw/0856/085600160010.001/swg.fits[1]
scw/0856/085600170010.001/swg.fits[1]
scw/0856/085600180010.001/swg.fits[1]
scw/0856/085600190010.001/swg.fits[1]
scw/0856/085600200010.001/swg.fits[1]
scw/0856/085600210010.001/swg.fits[1]
scw/0856/085600220010.001/swg.fits[1]
scw/0856/085600230010.001/swg.fits[1]
scw/0856/085600240010.001/swg.fits[1]
scw/0856/085600250010.001/swg.fits[1]
scw/0856/085600260010.001/swg.fits[1]
scw/0856/085600270010.001/swg.fits[1]
scw/0856/085600280010.001/swg.fits[1]
scw/0856/085600290010.001/swg.fits[1]
scw/0919/091900220010.001/swg.fits[1]
scw/0919/091900230010.001/swg.fits[1]
scw/0919/091900240010.001/swg.fits[1]
scw/0919/091900250010.001/swg.fits[1]
scw/0919/091900400010.001/swg.fits[1]
scw/0919/091900410010.001/swg.fits[1]
scw/0919/091900420010.001/swg.fits[1]
scw/0919/091900430010.001/swg.fits[1]
scw/0920/092000160010.001/swg.fits[1]
scw/0920/092000170010.001/swg.fits[1]
scw/0920/092000180010.001/swg.fits[1]
scw/0920/092000190010.001/swg.fits[1]
scw/0920/092000200010.001/swg.fits[1]
scw/0920/092000350010.001/swg.fits[1]
scw/0920/092000360010.001/swg.fits[1]
scw/0920/092000370010.001/swg.fits[1]
scw/0920/092000380010.001/swg.fits[1]
scw/0920/092000390010.001/swg.fits[1]
scw/0921/092100240010.001/swg.fits[1]
scw/0921/092100250010.001/swg.fits[1]
scw/0921/092100260010.001/swg.fits[1]
scw/0921/092100420010.001/swg.fits[1]
scw/0921/092100430010.001/swg.fits[1]
scw/0921/092100440010.001/swg.fits[1]
scw/0921/092100450010.001/swg.fits[1]
scw/0921/092100460010.001/swg.fits[1]
scw/0922/092200160010.001/swg.fits[1]
scw/0922/092200170010.001/swg.fits[1]
scw/0922/092200180010.001/swg.fits[1]
scw/0922/092200190010.001/swg.fits[1]
scw/0922/092200200010.001/swg.fits[1]
scw/0922/092200360010.001/swg.fits[1]
scw/0922/092200370010.001/swg.fits[1]
scw/0922/092200380010.001/swg.fits[1]
scw/0923/092300240010.001/swg.fits[1]
scw/0923/092300250010.001/swg.fits[1]
scw/0923/092300260010.001/swg.fits[1]
scw/0923/092300420010.001/swg.fits[1]
scw/0923/092300430010.001/swg.fits[1]
scw/0923/092300440010.001/swg.fits[1]
scw/0923/092300450010.001/swg.fits[1]
scw/0924/092400640010.001/swg.fits[1]
scw/0924/092400650010.001/swg.fits[1]
scw/0924/092400820010.001/swg.fits[1]
scw/0924/092400830010.001/swg.fits[1]
scw/0971/097100360010.001/swg.fits[1]
scw/0971/097100370010.001/swg.fits[1]
scw/0971/097100380010.001/swg.fits[1]
scw/0971/097100390010.001/swg.fits[1]
scw/0971/097100400010.001/swg.fits[1]
scw/0971/097100410010.001/swg.fits[1]
scw/0971/097100420010.001/swg.fits[1]
scw/0971/097100430010.001/swg.fits[1]
scw/0971/097100440010.001/swg.fits[1]
scw/0971/097100450010.001/swg.fits[1]
scw/0971/097100460010.001/swg.fits[1]
scw/0971/097100470010.001/swg.fits[1]
scw/0971/097100480010.001/swg.fits[1]
scw/0971/097100490010.001/swg.fits[1]
scw/0973/097300400010.001/swg.fits[1]
scw/0973/097300410010.001/swg.fits[1]
scw/0973/097300420010.001/swg.fits[1]
scw/0973/097300430010.001/swg.fits[1]
scw/0973/097300440010.001/swg.fits[1]
scw/0973/097300450010.001/swg.fits[1]
scw/0973/097300460010.001/swg.fits[1]
scw/0973/097300470010.001/swg.fits[1]
scw/0973/097300480010.001/swg.fits[1]
scw/0973/097300490010.001/swg.fits[1]
scw/0973/097300500010.001/swg.fits[1]
scw/0973/097300510010.001/swg.fits[1]
scw/0973/097300520010.001/swg.fits[1]
scw/0973/097300530010.001/swg.fits[1]
scw/0973/097300860010.001/swg.fits[1]
scw/0973/097300870010.001/swg.fits[1]
scw/0973/097300880010.001/swg.fits[1]
scw/0973/097300890010.001/swg.fits[1]
scw/0973/097300900010.001/swg.fits[1]
scw/0973/097300910010.001/swg.fits[1]
scw/0973/097300920010.001/swg.fits[1]
scw/0973/097300930010.001/swg.fits[1]
scw/0973/097300940010.001/swg.fits[1]
scw/0973/097300950010.001/swg.fits[1]
scw/0973/097300960010.001/swg.fits[1]
scw/0973/097300970010.001/swg.fits[1]
scw/0973/097300980010.001/swg.fits[1]
scw/0973/097300990010.001/swg.fits[1]
scw/0974/097400020010.001/swg.fits[1]
scw/0974/097400030010.001/swg.fits[1]
scw/0974/097400040010.001/swg.fits[1]
scw/0974/097400050010.001/swg.fits[1]
scw/0974/097400060010.001/swg.fits[1]
scw/0974/097400070010.001/swg.fits[1]
scw/0974/097400080010.001/swg.fits[1]
scw/0974/097400090010.001/swg.fits[1]
scw/0974/097400100010.001/swg.fits[1]
scw/0974/097400110010.001/swg.fits[1]
scw/0974/097400120010.001/swg.fits[1]
scw/0974/097400130010.001/swg.fits[1]
scw/0974/097400140010.001/swg.fits[1]
scw/0974/097400150010.001/swg.fits[1]
scw/0974/097400480010.001/swg.fits[1]
scw/0974/097400490010.001/swg.fits[1]
scw/0974/097400500010.001/swg.fits[1]
scw/0974/097400510010.001/swg.fits[1]
scw/0974/097400520010.001/swg.fits[1]
scw/0974/097400530010.001/swg.fits[1]
scw/0974/097400540010.001/swg.fits[1]
scw/0974/097400550010.001/swg.fits[1]
scw/0974/097400560010.001/swg.fits[1]
scw/0974/097400570010.001/swg.fits[1]
scw/0974/097400580010.001/swg.fits[1]
scw/0974/097400590010.001/swg.fits[1]
scw/0974/097400600010.001/swg.fits[1]
scw/0974/097400610010.001/swg.fits[1]
scw/0975/097500200010.001/swg.fits[1]
scw/0975/097500210010.001/swg.fits[1]
scw/0975/097500220010.001/swg.fits[1]
scw/0975/097500230010.001/swg.fits[1]
scw/0975/097500240010.001/swg.fits[1]
scw/0975/097500250010.001/swg.fits[1]
scw/0975/097500260010.001/swg.fits[1]
scw/0975/097500270010.001/swg.fits[1]
scw/0975/097500280010.001/swg.fits[1]
scw/0975/097500290010.001/swg.fits[1]
scw/0975/097500300010.001/swg.fits[1]
scw/0975/097500310010.001/swg.fits[1]
scw/0975/097500320010.001/swg.fits[1]
scw/0975/097500330010.001/swg.fits[1]
scw/0975/097500360010.001/swg.fits[1]
scw/0975/097500370010.001/swg.fits[1]
scw/0975/097500380010.001/swg.fits[1]
scw/0975/097500390010.001/swg.fits[1]
scw/0975/097500400010.001/swg.fits[1]
scw/0975/097500410010.001/swg.fits[1]
scw/0975/097500420010.001/swg.fits[1]
scw/0975/097500430010.001/swg.fits[1]
scw/0975/097500440010.001/swg.fits[1]
scw/0975/097500450010.001/swg.fits[1]
scw/0975/097500460010.001/swg.fits[1]
scw/0975/097500470010.001/swg.fits[1]
scw/0975/097500480010.001/swg.fits[1]
scw/0975/097500490010.001/swg.fits[1]
scw/0975/097500820010.001/swg.fits[1]
