scw/1756/175600250010.001/swg.fits[1]
scw/1756/175600260010.001/swg.fits[1]
scw/1756/175600270010.001/swg.fits[1]
scw/1756/175600280010.001/swg.fits[1]
scw/1756/175600290010.001/swg.fits[1]
scw/1756/175600300010.001/swg.fits[1]
scw/1756/175600310010.001/swg.fits[1]
scw/1756/175600320010.001/swg.fits[1]
scw/1756/175600330010.001/swg.fits[1]
scw/1756/175600340010.001/swg.fits[1]
scw/1756/175600350010.001/swg.fits[1]
scw/1756/175600360010.001/swg.fits[1]
scw/1756/175600370010.001/swg.fits[1]
scw/1756/175600380010.001/swg.fits[1]
scw/1756/175600390010.001/swg.fits[1]
scw/1756/175600410010.001/swg.fits[1]
scw/1756/175600420010.001/swg.fits[1]
scw/1756/175600430010.001/swg.fits[1]
scw/1756/175600440010.001/swg.fits[1]
scw/1756/175600450010.001/swg.fits[1]
scw/1756/175600460010.001/swg.fits[1]
scw/1756/175600470010.001/swg.fits[1]
scw/1756/175600480010.001/swg.fits[1]
scw/1756/175600490010.001/swg.fits[1]
scw/1756/175600500010.001/swg.fits[1]
scw/1756/175600510010.001/swg.fits[1]
scw/1756/175600520010.001/swg.fits[1]
scw/1756/175600520020.001/swg.fits[1]
scw/1757/175700020010.001/swg.fits[1]
scw/1757/175700030010.001/swg.fits[1]
scw/1757/175700040010.001/swg.fits[1]
scw/1757/175700050010.001/swg.fits[1]
scw/1757/175700060010.001/swg.fits[1]
scw/1757/175700070010.001/swg.fits[1]
scw/1757/175700080010.001/swg.fits[1]
scw/1757/175700240010.001/swg.fits[1]
scw/1757/175700250010.001/swg.fits[1]
scw/1757/175700260010.001/swg.fits[1]
scw/1757/175700270010.001/swg.fits[1]
scw/1757/175700280010.001/swg.fits[1]
scw/1757/175700290010.001/swg.fits[1]
scw/1757/175700300010.001/swg.fits[1]
scw/1757/175700310010.001/swg.fits[1]
scw/1757/175700320010.001/swg.fits[1]
scw/1757/175700330010.001/swg.fits[1]
scw/1757/175700340010.001/swg.fits[1]
scw/1757/175700350010.001/swg.fits[1]
scw/1757/175700360010.001/swg.fits[1]
scw/1757/175700370010.001/swg.fits[1]
scw/1757/175700380010.001/swg.fits[1]
scw/1757/175700400010.001/swg.fits[1]
scw/1757/175700410010.001/swg.fits[1]
scw/1757/175700420010.001/swg.fits[1]
scw/1757/175700430010.001/swg.fits[1]
scw/1757/175700440010.001/swg.fits[1]
scw/1757/175700450010.001/swg.fits[1]
scw/1757/175700460010.001/swg.fits[1]
scw/1757/175700470010.001/swg.fits[1]
scw/1757/175700480010.001/swg.fits[1]
scw/1757/175700490010.001/swg.fits[1]
scw/1757/175700500010.001/swg.fits[1]
scw/1757/175700510010.001/swg.fits[1]
scw/1757/175700520010.001/swg.fits[1]
scw/1757/175700520020.001/swg.fits[1]
scw/1758/175800020010.001/swg.fits[1]
scw/1758/175800180010.001/swg.fits[1]
scw/1758/175800190010.001/swg.fits[1]
scw/1758/175800200010.001/swg.fits[1]
scw/1758/175800210010.001/swg.fits[1]
scw/1758/175800220010.001/swg.fits[1]
scw/1758/175800230010.001/swg.fits[1]
scw/1758/175800240010.001/swg.fits[1]
scw/1758/175800250010.001/swg.fits[1]
scw/1758/175800260010.001/swg.fits[1]
scw/1758/175800270010.001/swg.fits[1]
scw/1758/175800280010.001/swg.fits[1]
scw/1758/175800290010.001/swg.fits[1]
scw/1758/175800300010.001/swg.fits[1]
scw/1758/175800310010.001/swg.fits[1]
scw/1758/175800320010.001/swg.fits[1]
scw/1758/175800330010.001/swg.fits[1]
scw/1758/175800340010.001/swg.fits[1]
scw/1758/175800350010.001/swg.fits[1]
scw/1758/175800360010.001/swg.fits[1]
scw/1758/175800390010.001/swg.fits[1]
scw/1758/175800400010.001/swg.fits[1]
scw/1758/175800410010.001/swg.fits[1]
scw/1758/175800420010.001/swg.fits[1]
scw/1758/175800430010.001/swg.fits[1]
scw/1758/175800440010.001/swg.fits[1]
scw/1758/175800450010.001/swg.fits[1]
scw/1758/175800460010.001/swg.fits[1]
scw/1758/175800470010.001/swg.fits[1]
scw/1758/175800480010.001/swg.fits[1]
scw/1758/175800490010.001/swg.fits[1]
scw/1758/175800500010.001/swg.fits[1]
scw/1758/175800510010.001/swg.fits[1]
scw/1758/175800520010.001/swg.fits[1]
scw/1758/175800520020.001/swg.fits[1]
scw/1759/175900020010.001/swg.fits[1]
scw/1759/175900030010.001/swg.fits[1]
scw/1759/175900040010.001/swg.fits[1]
scw/1759/175900050010.001/swg.fits[1]
scw/1759/175900060010.001/swg.fits[1]
scw/1759/175900190010.001/swg.fits[1]
scw/1759/175900200010.001/swg.fits[1]
scw/1759/175900210010.001/swg.fits[1]
scw/1759/175900220010.001/swg.fits[1]
scw/1759/175900230010.001/swg.fits[1]
scw/1759/175900240010.001/swg.fits[1]
scw/1759/175900250010.001/swg.fits[1]
scw/1759/175900260010.001/swg.fits[1]
scw/1759/175900270010.001/swg.fits[1]
scw/1759/175900280010.001/swg.fits[1]
scw/1759/175900290010.001/swg.fits[1]
scw/1759/175900300010.001/swg.fits[1]
scw/1759/175900310010.001/swg.fits[1]
scw/1759/175900320010.001/swg.fits[1]
scw/1759/175900330010.001/swg.fits[1]
scw/1759/175900340010.001/swg.fits[1]
scw/1759/175900350010.001/swg.fits[1]
scw/1759/175900390010.001/swg.fits[1]
scw/1759/175900400010.001/swg.fits[1]
scw/1759/175900410010.001/swg.fits[1]
scw/1759/175900420010.001/swg.fits[1]
scw/1759/175900430010.001/swg.fits[1]
scw/1759/175900440010.001/swg.fits[1]
scw/1759/175900460010.001/swg.fits[1]
scw/1759/175900470010.001/swg.fits[1]
scw/1759/175900480010.001/swg.fits[1]
scw/1759/175900490010.001/swg.fits[1]
scw/1759/175900500010.001/swg.fits[1]
scw/1759/175900510010.001/swg.fits[1]
scw/1759/175900520010.001/swg.fits[1]
scw/1759/175900520020.001/swg.fits[1]
scw/1760/176000030010.001/swg.fits[1]
scw/1760/176000040010.001/swg.fits[1]
scw/1760/176000050010.001/swg.fits[1]
scw/1760/176000060010.001/swg.fits[1]
scw/1760/176000070010.001/swg.fits[1]
scw/1760/176000080010.001/swg.fits[1]
scw/1760/176000090010.001/swg.fits[1]
scw/1760/176000100010.001/swg.fits[1]
scw/1760/176000110010.001/swg.fits[1]
scw/1760/176000120010.001/swg.fits[1]
scw/1760/176000130010.001/swg.fits[1]
scw/1760/176000140010.001/swg.fits[1]
scw/1760/176000150010.001/swg.fits[1]
scw/1760/176000160010.001/swg.fits[1]
scw/1760/176000170010.001/swg.fits[1]
scw/1760/176000180010.001/swg.fits[1]
scw/1760/176000190010.001/swg.fits[1]
scw/1760/176000200010.001/swg.fits[1]
scw/1760/176000210010.001/swg.fits[1]
scw/1760/176000320010.001/swg.fits[1]
scw/1760/176000330010.001/swg.fits[1]
scw/1760/176000340010.001/swg.fits[1]
scw/1760/176000350010.001/swg.fits[1]
scw/1760/176000360010.001/swg.fits[1]
scw/1760/176000370010.001/swg.fits[1]
scw/1760/176000380010.001/swg.fits[1]
scw/1760/176000390010.001/swg.fits[1]
scw/1760/176000400010.001/swg.fits[1]
scw/1760/176000410010.001/swg.fits[1]
scw/1760/176000420010.001/swg.fits[1]
scw/1760/176000430010.001/swg.fits[1]
scw/1760/176000440010.001/swg.fits[1]
scw/1760/176000450010.001/swg.fits[1]
scw/1760/176000460010.001/swg.fits[1]
scw/1760/176000470010.001/swg.fits[1]
scw/1760/176000480010.001/swg.fits[1]
scw/1760/176000490010.001/swg.fits[1]
scw/1760/176000500010.001/swg.fits[1]
scw/1760/176000520010.001/swg.fits[1]
scw/1760/176000520020.001/swg.fits[1]
scw/1761/176100020010.001/swg.fits[1]
scw/1761/176100030010.001/swg.fits[1]
scw/1761/176100040010.001/swg.fits[1]
scw/1761/176100050010.001/swg.fits[1]
scw/1761/176100060010.001/swg.fits[1]
scw/1761/176100070010.001/swg.fits[1]
scw/1761/176100080010.001/swg.fits[1]
scw/1761/176100090010.001/swg.fits[1]
scw/1761/176100100010.001/swg.fits[1]
scw/1761/176100110010.001/swg.fits[1]
scw/1761/176100120010.001/swg.fits[1]
scw/1761/176100130010.001/swg.fits[1]
scw/1761/176100140010.001/swg.fits[1]
scw/1761/176100150010.001/swg.fits[1]
scw/1761/176100160010.001/swg.fits[1]
scw/1761/176100170010.001/swg.fits[1]
scw/1761/176100180010.001/swg.fits[1]
scw/1761/176100190010.001/swg.fits[1]
scw/1761/176100200010.001/swg.fits[1]
scw/1761/176100310010.001/swg.fits[1]
scw/1761/176100320010.001/swg.fits[1]
scw/1761/176100330010.001/swg.fits[1]
scw/1761/176100340010.001/swg.fits[1]
scw/1761/176100350010.001/swg.fits[1]
scw/1761/176100360010.001/swg.fits[1]
scw/1761/176100370010.001/swg.fits[1]
scw/1761/176100380010.001/swg.fits[1]
scw/1761/176100390010.001/swg.fits[1]
scw/1761/176100400010.001/swg.fits[1]
scw/1761/176100410010.001/swg.fits[1]
scw/1761/176100420010.001/swg.fits[1]
scw/1761/176100430010.001/swg.fits[1]
scw/1761/176100440010.001/swg.fits[1]
scw/1761/176100450010.001/swg.fits[1]
scw/1761/176100460010.001/swg.fits[1]
scw/1761/176100470010.001/swg.fits[1]
scw/1761/176100480010.001/swg.fits[1]
scw/1761/176100490010.001/swg.fits[1]
scw/1761/176100500010.001/swg.fits[1]
scw/1761/176100520010.001/swg.fits[1]
scw/1762/176200020010.001/swg.fits[1]
scw/1762/176200030010.001/swg.fits[1]
scw/1762/176200040010.001/swg.fits[1]
scw/1762/176200050010.001/swg.fits[1]
scw/1762/176200060010.001/swg.fits[1]
scw/1762/176200070010.001/swg.fits[1]
scw/1762/176200080010.001/swg.fits[1]
scw/1762/176200090010.001/swg.fits[1]
scw/1762/176200100010.001/swg.fits[1]
scw/1762/176200110010.001/swg.fits[1]
scw/1762/176200120010.001/swg.fits[1]
scw/1762/176200130010.001/swg.fits[1]
scw/1762/176200140010.001/swg.fits[1]
scw/1762/176200150010.001/swg.fits[1]
scw/1762/176200160010.001/swg.fits[1]
scw/1762/176200170010.001/swg.fits[1]
scw/1762/176200180010.001/swg.fits[1]
scw/1762/176200190010.001/swg.fits[1]
scw/1762/176200200010.001/swg.fits[1]
scw/1762/176200210010.001/swg.fits[1]
scw/1762/176200220010.001/swg.fits[1]
scw/1762/176200230010.001/swg.fits[1]
scw/1762/176200240010.001/swg.fits[1]
scw/1762/176200300010.001/swg.fits[1]
scw/1762/176200310010.001/swg.fits[1]
