scw/0239/023900090010.001/swg.fits[1]
scw/0239/023900100010.001/swg.fits[1]
scw/0239/023900110010.001/swg.fits[1]
scw/0239/023900120010.001/swg.fits[1]
scw/0239/023900130010.001/swg.fits[1]
scw/0239/023900140010.001/swg.fits[1]
scw/0239/023900150010.001/swg.fits[1]
scw/0239/023900160010.001/swg.fits[1]
scw/0239/023900170010.001/swg.fits[1]
scw/0239/023900180010.001/swg.fits[1]
scw/0239/023900190010.001/swg.fits[1]
scw/0239/023900200010.001/swg.fits[1]
scw/0239/023900210010.001/swg.fits[1]
scw/0239/023900220010.001/swg.fits[1]
scw/0239/023900230010.001/swg.fits[1]
scw/0239/023900240010.001/swg.fits[1]
scw/0239/023900250010.001/swg.fits[1]
scw/0239/023900260010.001/swg.fits[1]
scw/0239/023900270010.001/swg.fits[1]
scw/0239/023900320010.001/swg.fits[1]
scw/0239/023900330010.001/swg.fits[1]
scw/0239/023900340010.001/swg.fits[1]
scw/0239/023900350010.001/swg.fits[1]
scw/0239/023900360010.001/swg.fits[1]
scw/0239/023900370010.001/swg.fits[1]
scw/0239/023900380010.001/swg.fits[1]
scw/0239/023900390010.001/swg.fits[1]
scw/0239/023900400010.001/swg.fits[1]
scw/0239/023900410010.001/swg.fits[1]
scw/0239/023900420010.001/swg.fits[1]
scw/0239/023900430010.001/swg.fits[1]
scw/0239/023900440010.001/swg.fits[1]
scw/0239/023900450010.001/swg.fits[1]
scw/0239/023900460010.001/swg.fits[1]
scw/0239/023900470010.001/swg.fits[1]
scw/0239/023900480010.001/swg.fits[1]
scw/0239/023900490010.001/swg.fits[1]
scw/0239/023900500010.001/swg.fits[1]
scw/0239/023900510010.001/swg.fits[1]
scw/0239/023900520010.001/swg.fits[1]
scw/0239/023900530010.001/swg.fits[1]
scw/0239/023900540010.001/swg.fits[1]
scw/0239/023900550010.001/swg.fits[1]
scw/0239/023900560010.001/swg.fits[1]
scw/0239/023900570010.001/swg.fits[1]
scw/0239/023900580010.001/swg.fits[1]
scw/0239/023900590010.001/swg.fits[1]
scw/0239/023900600010.001/swg.fits[1]
scw/0239/023900610010.001/swg.fits[1]
scw/0239/023900620010.001/swg.fits[1]
scw/0239/023900630010.001/swg.fits[1]
scw/0239/023900640010.001/swg.fits[1]
scw/0239/023900650010.001/swg.fits[1]
scw/0239/023900660010.001/swg.fits[1]
scw/0239/023900670010.001/swg.fits[1]
scw/0239/023900680010.001/swg.fits[1]
scw/0239/023900690010.001/swg.fits[1]
scw/0239/023900700010.001/swg.fits[1]
scw/0239/023900710010.001/swg.fits[1]
scw/0239/023900720010.001/swg.fits[1]
scw/0239/023900730010.001/swg.fits[1]
scw/0239/023900740010.001/swg.fits[1]
scw/0239/023900750010.001/swg.fits[1]
scw/0239/023900760010.001/swg.fits[1]
scw/0239/023900770010.001/swg.fits[1]
scw/0239/023900780010.001/swg.fits[1]
scw/0239/023900790010.001/swg.fits[1]
scw/0239/023900800010.001/swg.fits[1]
scw/0239/023900810010.001/swg.fits[1]
scw/0239/023900820010.001/swg.fits[1]
scw/0239/023900830010.001/swg.fits[1]
scw/0239/023900850010.001/swg.fits[1]
scw/0239/023900860010.001/swg.fits[1]
scw/0239/023900870010.001/swg.fits[1]
scw/0239/023900880010.001/swg.fits[1]
scw/0239/023900890010.001/swg.fits[1]
scw/0239/023900900010.001/swg.fits[1]
scw/0239/023900910010.001/swg.fits[1]
scw/0239/023900920010.001/swg.fits[1]
scw/0239/023900930010.001/swg.fits[1]
scw/0239/023900940010.001/swg.fits[1]
scw/0239/023900950010.001/swg.fits[1]
scw/0239/023900960010.001/swg.fits[1]
scw/0239/023900970010.001/swg.fits[1]
scw/0239/023900980010.001/swg.fits[1]
scw/0239/023900990010.001/swg.fits[1]
scw/0239/023901000010.001/swg.fits[1]
scw/0239/023901010010.001/swg.fits[1]
scw/0242/024200100010.001/swg.fits[1]
scw/0242/024200110010.001/swg.fits[1]
scw/0300/030000040010.001/swg.fits[1]
scw/0300/030000050010.001/swg.fits[1]
scw/0300/030000060010.001/swg.fits[1]
scw/0300/030000070010.001/swg.fits[1]
scw/0300/030000080010.001/swg.fits[1]
scw/0300/030000090010.001/swg.fits[1]
scw/0300/030000100010.001/swg.fits[1]
scw/0300/030000110010.001/swg.fits[1]
scw/0300/030000120010.001/swg.fits[1]
scw/0300/030000130010.001/swg.fits[1]
scw/0300/030000140010.001/swg.fits[1]
scw/0300/030000150010.001/swg.fits[1]
scw/0300/030000160010.001/swg.fits[1]
scw/0300/030000170010.001/swg.fits[1]
scw/0300/030000180010.001/swg.fits[1]
scw/0300/030000190010.001/swg.fits[1]
scw/0300/030000200010.001/swg.fits[1]
scw/0300/030000210010.001/swg.fits[1]
scw/0300/030000220010.001/swg.fits[1]
scw/0300/030000230010.001/swg.fits[1]
scw/0300/030000250010.001/swg.fits[1]
scw/0300/030000260010.001/swg.fits[1]
scw/0300/030000270010.001/swg.fits[1]
scw/0300/030000280010.001/swg.fits[1]
scw/0300/030000640010.001/swg.fits[1]
scw/0300/030000650010.001/swg.fits[1]
scw/0300/030000660010.001/swg.fits[1]
scw/0300/030000670010.001/swg.fits[1]
scw/0300/030000680010.001/swg.fits[1]
scw/0300/030000690010.001/swg.fits[1]
scw/0300/030000700010.001/swg.fits[1]
scw/0300/030000710010.001/swg.fits[1]
scw/0300/030000720010.001/swg.fits[1]
scw/0300/030000730010.001/swg.fits[1]
scw/0300/030000740010.001/swg.fits[1]
scw/0300/030000750010.001/swg.fits[1]
scw/0300/030000760010.001/swg.fits[1]
scw/0300/030000770010.001/swg.fits[1]
scw/0300/030000780010.001/swg.fits[1]
scw/0300/030000790010.001/swg.fits[1]
scw/0300/030000800010.001/swg.fits[1]
scw/0300/030000810010.001/swg.fits[1]
scw/0300/030000820010.001/swg.fits[1]
scw/0300/030000830010.001/swg.fits[1]
scw/0300/030000840010.001/swg.fits[1]
scw/0300/030000850010.001/swg.fits[1]
scw/0300/030000860010.001/swg.fits[1]
scw/0301/030100150010.001/swg.fits[1]
scw/0301/030100160010.001/swg.fits[1]
scw/0301/030100170010.001/swg.fits[1]
scw/0308/030800040010.001/swg.fits[1]
scw/0343/034300130010.001/swg.fits[1]
scw/0343/034300140010.001/swg.fits[1]
scw/0343/034300190010.001/swg.fits[1]
scw/0343/034300200010.001/swg.fits[1]
scw/0343/034300210010.001/swg.fits[1]
scw/0343/034300220010.001/swg.fits[1]
scw/0343/034300230010.001/swg.fits[1]
scw/0343/034300420010.001/swg.fits[1]
scw/0343/034300500010.001/swg.fits[1]
scw/0343/034300510010.001/swg.fits[1]
scw/0343/034300520010.001/swg.fits[1]
scw/0343/034300530010.001/swg.fits[1]
scw/0343/034300540010.001/swg.fits[1]
scw/0343/034300580010.001/swg.fits[1]
scw/0343/034300590010.001/swg.fits[1]
scw/0343/034300600010.001/swg.fits[1]
scw/0343/034300610010.001/swg.fits[1]
scw/0343/034300620010.001/swg.fits[1]
scw/0343/034300630010.001/swg.fits[1]
scw/0343/034300640010.001/swg.fits[1]
scw/0344/034400050010.001/swg.fits[1]
scw/0344/034400060010.001/swg.fits[1]
scw/0344/034400070010.001/swg.fits[1]
scw/0344/034400270010.001/swg.fits[1]
scw/0344/034400350010.001/swg.fits[1]
scw/0344/034400360010.001/swg.fits[1]
scw/0344/034400370010.001/swg.fits[1]
scw/0344/034400380010.001/swg.fits[1]
scw/0344/034400390010.001/swg.fits[1]
scw/0344/034400430010.001/swg.fits[1]
scw/0344/034400440010.001/swg.fits[1]
scw/0344/034400450010.001/swg.fits[1]
scw/0344/034400460010.001/swg.fits[1]
scw/0344/034400470010.001/swg.fits[1]
scw/0344/034400480010.001/swg.fits[1]
scw/0344/034400490010.001/swg.fits[1]
scw/0344/034400550010.001/swg.fits[1]
scw/0344/034400560010.001/swg.fits[1]
scw/0344/034400570010.001/swg.fits[1]
scw/0346/034600150010.001/swg.fits[1]
scw/0346/034600230010.001/swg.fits[1]
scw/0346/034600240010.001/swg.fits[1]
scw/0346/034600250010.001/swg.fits[1]
scw/0346/034600260010.001/swg.fits[1]
scw/0346/034600270010.001/swg.fits[1]
scw/0346/034600320010.001/swg.fits[1]
scw/0346/034600330010.001/swg.fits[1]
scw/0346/034600340010.001/swg.fits[1]
scw/0352/035200040010.001/swg.fits[1]
scw/0352/035200050010.001/swg.fits[1]
scw/0352/035200060010.001/swg.fits[1]
scw/0352/035200070010.001/swg.fits[1]
scw/0352/035200090010.001/swg.fits[1]
scw/0352/035200100010.001/swg.fits[1]
scw/0352/035200110010.001/swg.fits[1]
scw/0352/035200120010.001/swg.fits[1]
scw/0352/035200130010.001/swg.fits[1]
scw/0352/035200140010.001/swg.fits[1]
scw/0352/035200160010.001/swg.fits[1]
scw/0352/035200170010.001/swg.fits[1]
scw/0352/035200180010.001/swg.fits[1]
scw/0352/035200190010.001/swg.fits[1]
scw/0352/035200200010.001/swg.fits[1]
scw/0352/035200210010.001/swg.fits[1]
scw/0352/035200230010.001/swg.fits[1]
scw/0352/035200240010.001/swg.fits[1]
scw/0352/035200250010.001/swg.fits[1]
scw/0352/035200260010.001/swg.fits[1]
scw/0352/035200270010.001/swg.fits[1]
scw/0352/035200280010.001/swg.fits[1]
scw/0352/035200300010.001/swg.fits[1]
scw/0352/035200310010.001/swg.fits[1]
scw/0352/035200320010.001/swg.fits[1]
scw/0352/035200330010.001/swg.fits[1]
scw/0352/035200340010.001/swg.fits[1]
scw/0352/035200350010.001/swg.fits[1]
scw/0352/035200370010.001/swg.fits[1]
scw/0352/035200380010.001/swg.fits[1]
scw/0352/035200390010.001/swg.fits[1]
scw/0352/035200400010.001/swg.fits[1]
scw/0352/035200410010.001/swg.fits[1]
scw/0352/035200420010.001/swg.fits[1]
scw/0352/035200440010.001/swg.fits[1]
scw/0352/035200450010.001/swg.fits[1]
scw/0352/035200460010.001/swg.fits[1]
scw/0352/035200470010.001/swg.fits[1]
scw/0352/035200480010.001/swg.fits[1]
scw/0352/035200490010.001/swg.fits[1]
scw/0352/035200510010.001/swg.fits[1]
scw/0352/035200520010.001/swg.fits[1]
scw/0352/035200530010.001/swg.fits[1]
scw/0352/035200540010.001/swg.fits[1]
scw/0352/035200550010.001/swg.fits[1]
scw/0352/035200560010.001/swg.fits[1]
scw/0352/035200580010.001/swg.fits[1]
scw/0352/035200590010.001/swg.fits[1]
scw/0365/036500790010.001/swg.fits[1]
scw/0365/036500790020.001/swg.fits[1]
scw/0365/036500790030.001/swg.fits[1]
scw/0365/036500800010.001/swg.fits[1]
scw/0365/036500800020.001/swg.fits[1]
scw/0365/036500800030.001/swg.fits[1]
scw/0365/036500840010.001/swg.fits[1]
scw/0365/036500850010.001/swg.fits[1]
