scw/2190/219000020010.001/swg.fits[1]
scw/2194/219400770010.001/swg.fits[1]
scw/2194/219400780010.001/swg.fits[1]
scw/2194/219400790010.001/swg.fits[1]
scw/2194/219400800010.001/swg.fits[1]
scw/2194/219400810010.001/swg.fits[1]
scw/2194/219400820010.001/swg.fits[1]
scw/2194/219400830010.001/swg.fits[1]
scw/2194/219400840010.001/swg.fits[1]
scw/2194/219400850010.001/swg.fits[1]
scw/2195/219500020010.001/swg.fits[1]
scw/2195/219500030010.001/swg.fits[1]
scw/2195/219500040010.001/swg.fits[1]
scw/2195/219500050010.001/swg.fits[1]
scw/2195/219500060010.001/swg.fits[1]
scw/2195/219500070010.001/swg.fits[1]
scw/2195/219500080010.001/swg.fits[1]
scw/2195/219500090010.001/swg.fits[1]
scw/2195/219500100010.001/swg.fits[1]
scw/2195/219500110010.001/swg.fits[1]
scw/2195/219500120010.001/swg.fits[1]
scw/2195/219500130010.001/swg.fits[1]
scw/2195/219500410010.001/swg.fits[1]
scw/2195/219500430010.001/swg.fits[1]
scw/2195/219500440010.001/swg.fits[1]
scw/2195/219500450010.001/swg.fits[1]
scw/2195/219500460010.001/swg.fits[1]
scw/2195/219500470010.001/swg.fits[1]
scw/2195/219500490010.001/swg.fits[1]
scw/2195/219500500010.001/swg.fits[1]
scw/2195/219500510010.001/swg.fits[1]
scw/2195/219500520010.001/swg.fits[1]
scw/2195/219500530010.001/swg.fits[1]
scw/2195/219500540010.001/swg.fits[1]
scw/2195/219500550010.001/swg.fits[1]
scw/2195/219500560010.001/swg.fits[1]
scw/2195/219500570010.001/swg.fits[1]
scw/2195/219500580010.001/swg.fits[1]
scw/2195/219500590010.001/swg.fits[1]
scw/2195/219500600010.001/swg.fits[1]
scw/2195/219500610010.001/swg.fits[1]
scw/2195/219500620010.001/swg.fits[1]
scw/2195/219500630010.001/swg.fits[1]
scw/2195/219500640010.001/swg.fits[1]
scw/2195/219500650010.001/swg.fits[1]
scw/2195/219500660010.001/swg.fits[1]
scw/2198/219800130010.001/swg.fits[1]
scw/2198/219800140010.001/swg.fits[1]
scw/2198/219800150010.001/swg.fits[1]
scw/2198/219800160010.001/swg.fits[1]
scw/2198/219800170010.001/swg.fits[1]
scw/2198/219800190010.001/swg.fits[1]
scw/2198/219800200010.001/swg.fits[1]
scw/2198/219800210010.001/swg.fits[1]
scw/2198/219800220010.001/swg.fits[1]
scw/2198/219800230010.001/swg.fits[1]
scw/2198/219800240010.001/swg.fits[1]
scw/2198/219800250010.001/swg.fits[1]
scw/2198/219800280010.001/swg.fits[1]
scw/2198/219800290010.001/swg.fits[1]
scw/2198/219800300010.001/swg.fits[1]
scw/2198/219800310010.001/swg.fits[1]
scw/2198/219800320010.001/swg.fits[1]
scw/2198/219800330010.001/swg.fits[1]
scw/2198/219800340010.001/swg.fits[1]
scw/2198/219800350010.001/swg.fits[1]
scw/2198/219800360010.001/swg.fits[1]
scw/2198/219800370010.001/swg.fits[1]
scw/2198/219800380010.001/swg.fits[1]
scw/2198/219800390010.001/swg.fits[1]
scw/2198/219800400010.001/swg.fits[1]
scw/2198/219800410010.001/swg.fits[1]
scw/2198/219800420010.001/swg.fits[1]
scw/2198/219800430010.001/swg.fits[1]
scw/2198/219800440010.001/swg.fits[1]
scw/2198/219800450010.001/swg.fits[1]
scw/2198/219800460010.001/swg.fits[1]
scw/2198/219800470010.001/swg.fits[1]
scw/2198/219800480010.001/swg.fits[1]
scw/2198/219800490010.001/swg.fits[1]
scw/2198/219800500010.001/swg.fits[1]
scw/2198/219800510010.001/swg.fits[1]
scw/2198/219800520010.001/swg.fits[1]
scw/2198/219800530010.001/swg.fits[1]
scw/2198/219800540010.001/swg.fits[1]
scw/2210/221000060010.001/swg.fits[1]
scw/2210/221000070010.001/swg.fits[1]
scw/2210/221000080010.001/swg.fits[1]
scw/2210/221000090010.001/swg.fits[1]
scw/2210/221000100010.001/swg.fits[1]
scw/2210/221000110010.001/swg.fits[1]
scw/2210/221000120010.001/swg.fits[1]
scw/2210/221000140010.001/swg.fits[1]
scw/2210/221000150010.001/swg.fits[1]
scw/2210/221000160010.001/swg.fits[1]
scw/2210/221000170010.001/swg.fits[1]
scw/2210/221000180010.001/swg.fits[1]
scw/2210/221000220010.001/swg.fits[1]
scw/2210/221000240010.001/swg.fits[1]
scw/2210/221000250010.001/swg.fits[1]
scw/2210/221000260010.001/swg.fits[1]
scw/2210/221000270010.001/swg.fits[1]
scw/2210/221000280010.001/swg.fits[1]
scw/2210/221000290010.001/swg.fits[1]
scw/2210/221000300010.001/swg.fits[1]
scw/2210/221000310010.001/swg.fits[1]
scw/2210/221000320010.001/swg.fits[1]
scw/2210/221000330010.001/swg.fits[1]
scw/2210/221000340010.001/swg.fits[1]
scw/2210/221000350010.001/swg.fits[1]
scw/2210/221000360010.001/swg.fits[1]
scw/2210/221000370010.001/swg.fits[1]
scw/2210/221000380010.001/swg.fits[1]
scw/2210/221000390010.001/swg.fits[1]
scw/2210/221000400010.001/swg.fits[1]
scw/2210/221000410010.001/swg.fits[1]
scw/2210/221000420010.001/swg.fits[1]
scw/2210/221000430010.001/swg.fits[1]
scw/2210/221000440010.001/swg.fits[1]
scw/2212/221200190010.001/swg.fits[1]
scw/2212/221200200010.001/swg.fits[1]
scw/2212/221200210010.001/swg.fits[1]
scw/2212/221200220010.001/swg.fits[1]
scw/2212/221200230010.001/swg.fits[1]
scw/2212/221200240010.001/swg.fits[1]
scw/2212/221200250010.001/swg.fits[1]
scw/2212/221200260010.001/swg.fits[1]
scw/2212/221200270010.001/swg.fits[1]
scw/2212/221200280010.001/swg.fits[1]
scw/2212/221200290010.001/swg.fits[1]
scw/2212/221200300010.001/swg.fits[1]
scw/2212/221200310010.001/swg.fits[1]
scw/2212/221200320010.001/swg.fits[1]
scw/2212/221200330010.001/swg.fits[1]
scw/2212/221200340010.001/swg.fits[1]
scw/2212/221200350010.001/swg.fits[1]
scw/2212/221200360010.001/swg.fits[1]
scw/2212/221200370010.001/swg.fits[1]
scw/2212/221200380010.001/swg.fits[1]
scw/2212/221200390010.001/swg.fits[1]
scw/2212/221200400010.001/swg.fits[1]
scw/2212/221200410010.001/swg.fits[1]
scw/2212/221200420010.001/swg.fits[1]
scw/2212/221200450010.001/swg.fits[1]
scw/2212/221200460010.001/swg.fits[1]
scw/2212/221200470010.001/swg.fits[1]
scw/2212/221200490010.001/swg.fits[1]
scw/2212/221200500010.001/swg.fits[1]
scw/2212/221200530010.001/swg.fits[1]
scw/2212/221200540010.001/swg.fits[1]
scw/2212/221200550010.001/swg.fits[1]
scw/2212/221200560010.001/swg.fits[1]
scw/2212/221200570010.001/swg.fits[1]
scw/2212/221200580010.001/swg.fits[1]
scw/2212/221200590010.001/swg.fits[1]
scw/2212/221200600010.001/swg.fits[1]
scw/2212/221200610010.001/swg.fits[1]
scw/2217/221700040010.001/swg.fits[1]
scw/2217/221700320010.001/swg.fits[1]
scw/2217/221700330010.001/swg.fits[1]
scw/2217/221700340010.001/swg.fits[1]
scw/2217/221700350010.001/swg.fits[1]
scw/2217/221700360010.001/swg.fits[1]
scw/2217/221700370010.001/swg.fits[1]
scw/2217/221700380010.001/swg.fits[1]
scw/2217/221700390010.001/swg.fits[1]
scw/2217/221700400010.001/swg.fits[1]
scw/2217/221700410010.001/swg.fits[1]
scw/2217/221700420010.001/swg.fits[1]
scw/2217/221700430010.001/swg.fits[1]
scw/2217/221700440010.001/swg.fits[1]
scw/2217/221700470010.001/swg.fits[1]
scw/2217/221700480010.001/swg.fits[1]
scw/2217/221700490010.001/swg.fits[1]
scw/2217/221700500010.001/swg.fits[1]
scw/2217/221700510010.001/swg.fits[1]
scw/2217/221700520010.001/swg.fits[1]
scw/2217/221700530010.001/swg.fits[1]
scw/2217/221700540010.001/swg.fits[1]
scw/2217/221700550010.001/swg.fits[1]
scw/2217/221700590010.001/swg.fits[1]
scw/2217/221700600010.001/swg.fits[1]
scw/2217/221700610010.001/swg.fits[1]
scw/2217/221700620010.001/swg.fits[1]
scw/2217/221700630010.001/swg.fits[1]
scw/2217/221700640010.001/swg.fits[1]
scw/2217/221700650010.001/swg.fits[1]
scw/2217/221700690010.001/swg.fits[1]
scw/2217/221700700010.001/swg.fits[1]
scw/2258/225800340010.001/swg.fits[1]
scw/2258/225800390010.001/swg.fits[1]
scw/2258/225800400010.001/swg.fits[1]
scw/2258/225800410010.001/swg.fits[1]
scw/2258/225800500010.001/swg.fits[1]
scw/2259/225900560010.001/swg.fits[1]
scw/2259/225900570010.001/swg.fits[1]
scw/2259/225900580010.001/swg.fits[1]
scw/2260/226000550010.001/swg.fits[1]
scw/2260/226000560010.001/swg.fits[1]
scw/2260/226000570010.001/swg.fits[1]
scw/2261/226100670010.001/swg.fits[1]
scw/2261/226100680010.001/swg.fits[1]
scw/2261/226100690010.001/swg.fits[1]
scw/2266/226600200010.001/swg.fits[1]
scw/2266/226600210010.001/swg.fits[1]
scw/2266/226600280010.001/swg.fits[1]
scw/2266/226600290010.001/swg.fits[1]
scw/2266/226600300010.001/swg.fits[1]
scw/2266/226600310010.001/swg.fits[1]
scw/2266/226600320010.001/swg.fits[1]
scw/2267/226700450010.001/swg.fits[1]
scw/2269/226900590010.001/swg.fits[1]
scw/2269/226900600010.001/swg.fits[1]
scw/2269/226900610010.001/swg.fits[1]
scw/2269/226900680010.001/swg.fits[1]
scw/2269/226900690010.001/swg.fits[1]
scw/2269/226900700010.001/swg.fits[1]
scw/2271/227100540010.001/swg.fits[1]
scw/2272/227200420010.001/swg.fits[1]
scw/2272/227200430010.001/swg.fits[1]
scw/2272/227200500010.001/swg.fits[1]
scw/2287/228700060010.001/swg.fits[1]
scw/2287/228700070010.001/swg.fits[1]
scw/2287/228700080010.001/swg.fits[1]
scw/2287/228700090010.001/swg.fits[1]
scw/2287/228700100010.001/swg.fits[1]
scw/2287/228700110010.001/swg.fits[1]
scw/2287/228700120010.001/swg.fits[1]
scw/2287/228700130010.001/swg.fits[1]
scw/2287/228700140010.001/swg.fits[1]
scw/2287/228700150010.001/swg.fits[1]
scw/2287/228700160010.001/swg.fits[1]
scw/2287/228700170010.001/swg.fits[1]
scw/2287/228700180010.001/swg.fits[1]
scw/2287/228700190010.001/swg.fits[1]
scw/2287/228700200010.001/swg.fits[1]
scw/2287/228700210010.001/swg.fits[1]
