scw/0036/003600360010.001/swg.fits[1]
scw/0036/003600460010.001/swg.fits[1]
scw/0036/003600840010.001/swg.fits[1]
scw/0036/003600940010.001/swg.fits[1]
scw/0071/007100530010.001/swg.fits[1]
scw/0071/007100630010.001/swg.fits[1]
scw/0072/007200090010.001/swg.fits[1]
scw/0072/007200190010.001/swg.fits[1]
scw/0072/007200570010.001/swg.fits[1]
scw/0094/009400040200.001/swg.fits[1]
scw/0274/027400350010.001/swg.fits[1]
scw/0275/027500450010.001/swg.fits[1]
scw/0275/027500550010.001/swg.fits[1]
scw/0317/031700290010.001/swg.fits[1]
scw/0318/031800400010.001/swg.fits[1]
scw/0324/032400450010.001/swg.fits[1]
scw/0324/032400460010.001/swg.fits[1]
scw/0749/074900370010.001/swg.fits[1]
scw/0816/081600600010.001/swg.fits[1]
scw/0817/081700420010.001/swg.fits[1]
scw/0819/081900380010.001/swg.fits[1]
scw/0820/082000270010.001/swg.fits[1]
scw/0822/082200320010.001/swg.fits[1]
scw/0824/082400140010.001/swg.fits[1]
