scw/0657/065700270010.001/swg.fits[1]
scw/0657/065700280010.001/swg.fits[1]
scw/0657/065700290010.001/swg.fits[1]
scw/0657/065700320010.001/swg.fits[1]
scw/0657/065700330010.001/swg.fits[1]
scw/0657/065700340010.001/swg.fits[1]
scw/0657/065700350010.001/swg.fits[1]
scw/0657/065700360010.001/swg.fits[1]
scw/0657/065700370010.001/swg.fits[1]
scw/0657/065700380010.001/swg.fits[1]
scw/0657/065700390010.001/swg.fits[1]
scw/0657/065700400010.001/swg.fits[1]
scw/0657/065700410010.001/swg.fits[1]
scw/0657/065700420010.001/swg.fits[1]
scw/0657/065700430010.001/swg.fits[1]
scw/0657/065700440010.001/swg.fits[1]
scw/0657/065700450010.001/swg.fits[1]
scw/0657/065700460010.001/swg.fits[1]
scw/0657/065700470010.001/swg.fits[1]
scw/0657/065700480010.001/swg.fits[1]
scw/0657/065700490010.001/swg.fits[1]
scw/0657/065700520010.001/swg.fits[1]
scw/0657/065700530010.001/swg.fits[1]
scw/0657/065700540010.001/swg.fits[1]
scw/0657/065700550010.001/swg.fits[1]
scw/0657/065700560010.001/swg.fits[1]
scw/0657/065700570010.001/swg.fits[1]
scw/0657/065700580010.001/swg.fits[1]
scw/0657/065700590010.001/swg.fits[1]
scw/0657/065700620010.001/swg.fits[1]
scw/0657/065700620020.001/swg.fits[1]
scw/0658/065800100010.001/swg.fits[1]
scw/0658/065800110010.001/swg.fits[1]
scw/0658/065800120010.001/swg.fits[1]
scw/0658/065800130010.001/swg.fits[1]
scw/0658/065800140010.001/swg.fits[1]
scw/0658/065800150010.001/swg.fits[1]
scw/0658/065800160010.001/swg.fits[1]
scw/0658/065800180010.001/swg.fits[1]
scw/0658/065800190010.001/swg.fits[1]
scw/0658/065800200010.001/swg.fits[1]
scw/0658/065800210010.001/swg.fits[1]
scw/0658/065800220010.001/swg.fits[1]
scw/0658/065800230010.001/swg.fits[1]
scw/0658/065800240010.001/swg.fits[1]
scw/0658/065800250010.001/swg.fits[1]
scw/0658/065800260010.001/swg.fits[1]
scw/0658/065800270010.001/swg.fits[1]
scw/0658/065800280010.001/swg.fits[1]
scw/0658/065800290010.001/swg.fits[1]
scw/0658/065800300010.001/swg.fits[1]
scw/0658/065800310010.001/swg.fits[1]
scw/0658/065800320010.001/swg.fits[1]
scw/0658/065800330010.001/swg.fits[1]
scw/0658/065800340010.001/swg.fits[1]
scw/0658/065800350010.001/swg.fits[1]
scw/0658/065800360010.001/swg.fits[1]
scw/0658/065800370010.001/swg.fits[1]
scw/0658/065800380010.001/swg.fits[1]
scw/0658/065800390010.001/swg.fits[1]
scw/0658/065800400010.001/swg.fits[1]
scw/0658/065800410010.001/swg.fits[1]
scw/0658/065800420010.001/swg.fits[1]
scw/0658/065800430010.001/swg.fits[1]
scw/0658/065800440010.001/swg.fits[1]
scw/0658/065800450010.001/swg.fits[1]
scw/0658/065800460010.001/swg.fits[1]
scw/0658/065800470010.001/swg.fits[1]
scw/0658/065800490010.001/swg.fits[1]
scw/0658/065800500010.001/swg.fits[1]
scw/0658/065800510010.001/swg.fits[1]
scw/0658/065800520010.001/swg.fits[1]
scw/0658/065800530010.001/swg.fits[1]
scw/0658/065800540010.001/swg.fits[1]
scw/0658/065800550010.001/swg.fits[1]
scw/0658/065800560010.001/swg.fits[1]
scw/0658/065800580010.001/swg.fits[1]
scw/0658/065800590010.001/swg.fits[1]
scw/0658/065800600010.001/swg.fits[1]
scw/0658/065800610010.001/swg.fits[1]
scw/0658/065800620010.001/swg.fits[1]
scw/0658/065800630010.001/swg.fits[1]
scw/0660/066000100010.001/swg.fits[1]
scw/0660/066000110010.001/swg.fits[1]
scw/0660/066000120010.001/swg.fits[1]
scw/0660/066000130010.001/swg.fits[1]
scw/0660/066000140010.001/swg.fits[1]
scw/0660/066000150010.001/swg.fits[1]
scw/0660/066000160010.001/swg.fits[1]
scw/0660/066000170010.001/swg.fits[1]
scw/0660/066000180010.001/swg.fits[1]
scw/0660/066000190010.001/swg.fits[1]
scw/0660/066000200010.001/swg.fits[1]
scw/0660/066000210010.001/swg.fits[1]
scw/0660/066000220010.001/swg.fits[1]
scw/0660/066000230010.001/swg.fits[1]
scw/0660/066000250010.001/swg.fits[1]
scw/0660/066000260010.001/swg.fits[1]
scw/0660/066000270010.001/swg.fits[1]
scw/0660/066000280010.001/swg.fits[1]
scw/0660/066000290010.001/swg.fits[1]
scw/0660/066000300010.001/swg.fits[1]
scw/0660/066000310010.001/swg.fits[1]
scw/0660/066000320010.001/swg.fits[1]
scw/0660/066000330010.001/swg.fits[1]
scw/0660/066000340010.001/swg.fits[1]
scw/0660/066000350010.001/swg.fits[1]
scw/0660/066000360010.001/swg.fits[1]
scw/0660/066000370010.001/swg.fits[1]
scw/0660/066000380010.001/swg.fits[1]
scw/0660/066000390010.001/swg.fits[1]
scw/0660/066000400010.001/swg.fits[1]
scw/0660/066000410010.001/swg.fits[1]
scw/0660/066000450010.001/swg.fits[1]
scw/0660/066000460010.001/swg.fits[1]
scw/0660/066000480010.001/swg.fits[1]
scw/0660/066000490010.001/swg.fits[1]
scw/0660/066000500010.001/swg.fits[1]
scw/0660/066000510010.001/swg.fits[1]
scw/0660/066000520010.001/swg.fits[1]
scw/0660/066000540010.001/swg.fits[1]
scw/0660/066000550010.001/swg.fits[1]
scw/0660/066000560010.001/swg.fits[1]
scw/0660/066000570010.001/swg.fits[1]
scw/0660/066000580010.001/swg.fits[1]
scw/0660/066000590010.001/swg.fits[1]
scw/0660/066000600010.001/swg.fits[1]
scw/0660/066000610010.001/swg.fits[1]
scw/0660/066000620010.001/swg.fits[1]
scw/0660/066000630010.001/swg.fits[1]
scw/0667/066700230010.001/swg.fits[1]
scw/0667/066700240010.001/swg.fits[1]
scw/0667/066700250010.001/swg.fits[1]
scw/0667/066700260010.001/swg.fits[1]
scw/0667/066700270010.001/swg.fits[1]
scw/0667/066700280010.001/swg.fits[1]
scw/0667/066700290010.001/swg.fits[1]
scw/0667/066700300010.001/swg.fits[1]
scw/0667/066700310010.001/swg.fits[1]
scw/0667/066700320010.001/swg.fits[1]
scw/0667/066700330010.001/swg.fits[1]
scw/0667/066700680010.001/swg.fits[1]
scw/0667/066700690010.001/swg.fits[1]
scw/0667/066700700010.001/swg.fits[1]
scw/0667/066700710010.001/swg.fits[1]
scw/0667/066700720010.001/swg.fits[1]
scw/0667/066700730010.001/swg.fits[1]
scw/0667/066700740010.001/swg.fits[1]
scw/0667/066700750010.001/swg.fits[1]
scw/0667/066700760010.001/swg.fits[1]
scw/0667/066700770010.001/swg.fits[1]
scw/0667/066700780010.001/swg.fits[1]
scw/0667/066700790010.001/swg.fits[1]
scw/0667/066700800010.001/swg.fits[1]
scw/0670/067000210010.001/swg.fits[1]
scw/0670/067000220010.001/swg.fits[1]
scw/0670/067000230010.001/swg.fits[1]
scw/0670/067000240010.001/swg.fits[1]
scw/0670/067000250010.001/swg.fits[1]
scw/0670/067000260010.001/swg.fits[1]
scw/0670/067000270010.001/swg.fits[1]
scw/0670/067000280010.001/swg.fits[1]
scw/0670/067000290010.001/swg.fits[1]
scw/0670/067000300010.001/swg.fits[1]
scw/0670/067000310010.001/swg.fits[1]
scw/0670/067000330010.001/swg.fits[1]
scw/0670/067000700010.001/swg.fits[1]
scw/0670/067000710010.001/swg.fits[1]
scw/0670/067000720010.001/swg.fits[1]
scw/0670/067000730010.001/swg.fits[1]
scw/0670/067000740010.001/swg.fits[1]
scw/0670/067000750010.001/swg.fits[1]
scw/0670/067000760010.001/swg.fits[1]
scw/0670/067000770010.001/swg.fits[1]
scw/0670/067000780010.001/swg.fits[1]
scw/0670/067000790010.001/swg.fits[1]
scw/0670/067000800010.001/swg.fits[1]
scw/0670/067000810010.001/swg.fits[1]
scw/0670/067000820010.001/swg.fits[1]
scw/0671/067100350010.001/swg.fits[1]
scw/0671/067100360010.001/swg.fits[1]
scw/0671/067100370010.001/swg.fits[1]
scw/0671/067100380010.001/swg.fits[1]
scw/0671/067100390010.001/swg.fits[1]
scw/0671/067100400010.001/swg.fits[1]
scw/0671/067100410010.001/swg.fits[1]
scw/0671/067100420010.001/swg.fits[1]
scw/0671/067100430010.001/swg.fits[1]
scw/0671/067100440010.001/swg.fits[1]
scw/0671/067100450010.001/swg.fits[1]
scw/0671/067100460010.001/swg.fits[1]
scw/0671/067100510010.001/swg.fits[1]
scw/0671/067100520010.001/swg.fits[1]
scw/0671/067100530010.001/swg.fits[1]
scw/0671/067100540010.001/swg.fits[1]
scw/0671/067100550010.001/swg.fits[1]
scw/0671/067100560010.001/swg.fits[1]
scw/0671/067100570010.001/swg.fits[1]
scw/0671/067100580010.001/swg.fits[1]
scw/0671/067100590010.001/swg.fits[1]
scw/0671/067100600010.001/swg.fits[1]
scw/0671/067100610010.001/swg.fits[1]
scw/0671/067100620010.001/swg.fits[1]
scw/0672/067200120010.001/swg.fits[1]
scw/0672/067200130010.001/swg.fits[1]
scw/0672/067200140010.001/swg.fits[1]
scw/0672/067200150010.001/swg.fits[1]
scw/0672/067200160010.001/swg.fits[1]
scw/0672/067200170010.001/swg.fits[1]
scw/0672/067200180010.001/swg.fits[1]
scw/0672/067200190010.001/swg.fits[1]
scw/0672/067200200010.001/swg.fits[1]
scw/0672/067200210010.001/swg.fits[1]
scw/0672/067200220010.001/swg.fits[1]
scw/0672/067200230010.001/swg.fits[1]
scw/0672/067200620010.001/swg.fits[1]
scw/0672/067200630010.001/swg.fits[1]
scw/0672/067200640010.001/swg.fits[1]
scw/0672/067200650010.001/swg.fits[1]
scw/0672/067200660010.001/swg.fits[1]
scw/0672/067200670010.001/swg.fits[1]
scw/0672/067200680010.001/swg.fits[1]
scw/0672/067200690010.001/swg.fits[1]
scw/0672/067200700010.001/swg.fits[1]
scw/0672/067200710010.001/swg.fits[1]
scw/0672/067200720010.001/swg.fits[1]
scw/0672/067200740010.001/swg.fits[1]
scw/0672/067200750010.001/swg.fits[1]
scw/0672/067200760010.001/swg.fits[1]
scw/0672/067200780010.001/swg.fits[1]
scw/0672/067200790010.001/swg.fits[1]
scw/0672/067200800010.001/swg.fits[1]
scw/0672/067200810010.001/swg.fits[1]
scw/0672/067200820010.001/swg.fits[1]
scw/0672/067200830010.001/swg.fits[1]
scw/0672/067200840010.001/swg.fits[1]
scw/0672/067200850010.001/swg.fits[1]
scw/0672/067200860010.001/swg.fits[1]
scw/0672/067200870010.001/swg.fits[1]
scw/0674/067400100010.001/swg.fits[1]
scw/0674/067400110010.001/swg.fits[1]
scw/0674/067400120010.001/swg.fits[1]
scw/0674/067400130010.001/swg.fits[1]
