scw/0270/027000190010.001/swg.fits[1]
scw/0270/027000200010.001/swg.fits[1]
scw/0270/027000210010.001/swg.fits[1]
scw/0270/027000220010.001/swg.fits[1]
scw/0270/027000230010.001/swg.fits[1]
scw/0270/027000240010.001/swg.fits[1]
scw/0270/027000290010.001/swg.fits[1]
scw/0270/027000300010.001/swg.fits[1]
scw/0270/027000310010.001/swg.fits[1]
scw/0270/027000320010.001/swg.fits[1]
scw/0270/027000330010.001/swg.fits[1]
scw/0270/027000340010.001/swg.fits[1]
scw/0270/027000380010.001/swg.fits[1]
scw/0270/027000390010.001/swg.fits[1]
scw/0270/027000400010.001/swg.fits[1]
scw/0270/027000410010.001/swg.fits[1]
scw/0270/027000420010.001/swg.fits[1]
scw/0270/027000430010.001/swg.fits[1]
scw/0270/027000440010.001/swg.fits[1]
scw/0272/027200130010.001/swg.fits[1]
scw/0272/027200140010.001/swg.fits[1]
scw/0272/027200150010.001/swg.fits[1]
scw/0272/027200190010.001/swg.fits[1]
scw/0272/027200200010.001/swg.fits[1]
scw/0272/027200210010.001/swg.fits[1]
scw/0272/027200220010.001/swg.fits[1]
scw/0272/027200230010.001/swg.fits[1]
scw/0272/027200240010.001/swg.fits[1]
scw/0272/027200290010.001/swg.fits[1]
scw/0272/027200300010.001/swg.fits[1]
scw/0272/027200310010.001/swg.fits[1]
scw/0272/027200320010.001/swg.fits[1]
scw/0272/027200330010.001/swg.fits[1]
scw/0272/027200340010.001/swg.fits[1]
scw/0272/027200380010.001/swg.fits[1]
scw/0272/027200390010.001/swg.fits[1]
scw/0272/027200400010.001/swg.fits[1]
scw/0272/027200410010.001/swg.fits[1]
scw/0272/027200420010.001/swg.fits[1]
scw/0272/027200430010.001/swg.fits[1]
scw/0272/027200440010.001/swg.fits[1]
scw/0273/027300020010.001/swg.fits[1]
scw/0273/027300030010.001/swg.fits[1]
scw/0273/027300080010.001/swg.fits[1]
scw/0273/027300090010.001/swg.fits[1]
scw/0273/027300100010.001/swg.fits[1]
scw/0273/027300110010.001/swg.fits[1]
scw/0273/027300120010.001/swg.fits[1]
scw/0273/027300130010.001/swg.fits[1]
scw/0273/027300140010.001/swg.fits[1]
scw/0273/027300150010.001/swg.fits[1]
scw/0273/027300190010.001/swg.fits[1]
scw/0273/027300200010.001/swg.fits[1]
scw/0273/027300210010.001/swg.fits[1]
scw/0273/027300220010.001/swg.fits[1]
scw/0273/027300230010.001/swg.fits[1]
scw/0273/027300240010.001/swg.fits[1]
scw/0273/027300290010.001/swg.fits[1]
scw/0273/027300300010.001/swg.fits[1]
scw/0273/027300310010.001/swg.fits[1]
scw/0273/027300320010.001/swg.fits[1]
scw/0273/027300330010.001/swg.fits[1]
scw/0273/027300340010.001/swg.fits[1]
scw/0273/027300380010.001/swg.fits[1]
scw/0273/027300390010.001/swg.fits[1]
scw/0273/027300400010.001/swg.fits[1]
scw/0273/027300410010.001/swg.fits[1]
scw/0273/027300420010.001/swg.fits[1]
scw/0273/027300430010.001/swg.fits[1]
scw/0273/027300440010.001/swg.fits[1]
scw/0274/027400340010.001/swg.fits[1]
scw/0274/027400370010.001/swg.fits[1]
scw/0274/027400440010.001/swg.fits[1]
scw/0317/031700200010.001/swg.fits[1]
scw/0317/031700270010.001/swg.fits[1]
scw/0318/031800020010.001/swg.fits[1]
scw/0318/031800490010.001/swg.fits[1]
scw/0318/031800500010.001/swg.fits[1]
scw/0320/032000170010.001/swg.fits[1]
scw/0320/032000180010.001/swg.fits[1]
scw/0320/032000190010.001/swg.fits[1]
scw/0320/032000200010.001/swg.fits[1]
scw/0320/032000210010.001/swg.fits[1]
scw/0320/032000220010.001/swg.fits[1]
scw/0320/032000230010.001/swg.fits[1]
scw/0320/032000240010.001/swg.fits[1]
scw/0320/032000330010.001/swg.fits[1]
scw/0320/032000340010.001/swg.fits[1]
scw/0320/032000350010.001/swg.fits[1]
scw/0320/032000360010.001/swg.fits[1]
scw/0320/032000370010.001/swg.fits[1]
scw/0320/032000380010.001/swg.fits[1]
scw/0320/032000390010.001/swg.fits[1]
scw/0320/032000400010.001/swg.fits[1]
scw/0320/032000410010.001/swg.fits[1]
scw/0320/032000420010.001/swg.fits[1]
scw/0320/032000430010.001/swg.fits[1]
scw/0320/032000440010.001/swg.fits[1]
scw/0320/032000450010.001/swg.fits[1]
scw/0320/032000460010.001/swg.fits[1]
scw/0320/032000470010.001/swg.fits[1]
scw/0320/032000480010.001/swg.fits[1]
scw/0320/032000570010.001/swg.fits[1]
scw/0320/032000580010.001/swg.fits[1]
scw/0320/032000590010.001/swg.fits[1]
scw/0320/032000600010.001/swg.fits[1]
scw/0320/032000610010.001/swg.fits[1]
scw/0320/032000890010.001/swg.fits[1]
scw/0320/032000900010.001/swg.fits[1]
scw/0320/032000910010.001/swg.fits[1]
scw/0320/032000920010.001/swg.fits[1]
scw/0320/032000930010.001/swg.fits[1]
scw/0320/032000940010.001/swg.fits[1]
scw/0320/032000950010.001/swg.fits[1]
scw/0321/032100090010.001/swg.fits[1]
scw/0321/032100100010.001/swg.fits[1]
scw/0321/032100110010.001/swg.fits[1]
scw/0321/032100120010.001/swg.fits[1]
scw/0321/032100130010.001/swg.fits[1]
scw/0321/032100140010.001/swg.fits[1]
scw/0321/032100150010.001/swg.fits[1]
scw/0321/032100160010.001/swg.fits[1]
scw/0321/032100170010.001/swg.fits[1]
scw/0321/032100180010.001/swg.fits[1]
scw/0321/032100190010.001/swg.fits[1]
scw/0321/032100200010.001/swg.fits[1]
scw/0321/032100210010.001/swg.fits[1]
scw/0321/032100220010.001/swg.fits[1]
scw/0321/032100230010.001/swg.fits[1]
scw/0321/032100240010.001/swg.fits[1]
scw/0321/032100330010.001/swg.fits[1]
scw/0321/032100340010.001/swg.fits[1]
scw/0321/032100350010.001/swg.fits[1]
scw/0321/032100360010.001/swg.fits[1]
scw/0321/032100370010.001/swg.fits[1]
scw/0321/032100380010.001/swg.fits[1]
scw/0321/032100390010.001/swg.fits[1]
scw/0321/032100410010.001/swg.fits[1]
scw/0321/032100420010.001/swg.fits[1]
scw/0321/032100430010.001/swg.fits[1]
scw/0321/032100440010.001/swg.fits[1]
scw/0321/032100450010.001/swg.fits[1]
scw/0321/032100460010.001/swg.fits[1]
scw/0321/032100470010.001/swg.fits[1]
scw/0321/032100480010.001/swg.fits[1]
scw/0321/032100490010.001/swg.fits[1]
scw/0321/032100560010.001/swg.fits[1]
scw/0321/032100570010.001/swg.fits[1]
scw/0321/032100580010.001/swg.fits[1]
scw/0321/032100590010.001/swg.fits[1]
scw/0321/032100600010.001/swg.fits[1]
scw/0321/032100610010.001/swg.fits[1]
scw/0321/032100620010.001/swg.fits[1]
scw/0321/032100630010.001/swg.fits[1]
scw/0321/032100640010.001/swg.fits[1]
scw/0321/032100650010.001/swg.fits[1]
scw/0321/032100660010.001/swg.fits[1]
scw/0321/032100670010.001/swg.fits[1]
scw/0321/032100680010.001/swg.fits[1]
scw/0321/032100690010.001/swg.fits[1]
scw/0321/032100700010.001/swg.fits[1]
scw/0321/032100710010.001/swg.fits[1]
scw/0321/032100720010.001/swg.fits[1]
scw/0321/032100730010.001/swg.fits[1]
scw/0321/032100800010.001/swg.fits[1]
scw/0321/032100810010.001/swg.fits[1]
scw/0321/032100820010.001/swg.fits[1]
scw/0321/032100830010.001/swg.fits[1]
scw/0321/032100840010.001/swg.fits[1]
scw/0321/032100850010.001/swg.fits[1]
scw/0334/033400230010.001/swg.fits[1]
scw/0334/033400230020.001/swg.fits[1]
scw/0334/033400230030.001/swg.fits[1]
scw/0334/033400240010.001/swg.fits[1]
scw/0334/033400390010.001/swg.fits[1]
scw/0334/033400400010.001/swg.fits[1]
scw/0334/033400410010.001/swg.fits[1]
scw/0334/033400420010.001/swg.fits[1]
scw/0334/033400430010.001/swg.fits[1]
scw/0334/033400440010.001/swg.fits[1]
scw/0334/033400450010.001/swg.fits[1]
scw/0334/033400460010.001/swg.fits[1]
scw/0334/033400470010.001/swg.fits[1]
scw/0334/033400540010.001/swg.fits[1]
scw/0334/033400550010.001/swg.fits[1]
scw/0334/033400560010.001/swg.fits[1]
scw/0334/033400570010.001/swg.fits[1]
scw/0334/033400580010.001/swg.fits[1]
scw/0334/033400590010.001/swg.fits[1]
scw/0334/033400600010.001/swg.fits[1]
scw/0334/033400610010.001/swg.fits[1]
scw/0334/033400620010.001/swg.fits[1]
scw/0334/033400630010.001/swg.fits[1]
scw/0334/033400640010.001/swg.fits[1]
scw/0334/033400650010.001/swg.fits[1]
scw/0334/033400660010.001/swg.fits[1]
scw/0334/033400670010.001/swg.fits[1]
scw/0334/033400680010.001/swg.fits[1]
scw/0334/033400690010.001/swg.fits[1]
scw/0334/033400700010.001/swg.fits[1]
scw/0334/033400710010.001/swg.fits[1]
scw/0334/033400720010.001/swg.fits[1]
scw/0334/033400780010.001/swg.fits[1]
scw/0334/033400790010.001/swg.fits[1]
scw/0334/033400800010.001/swg.fits[1]
scw/0334/033400810010.001/swg.fits[1]
scw/0334/033400820010.001/swg.fits[1]
scw/0334/033400830010.001/swg.fits[1]
scw/0334/033400840010.001/swg.fits[1]
scw/0334/033400850010.001/swg.fits[1]
scw/0397/039700120010.001/swg.fits[1]
scw/0397/039700210010.001/swg.fits[1]
scw/0397/039700220010.001/swg.fits[1]
scw/0397/039700300010.001/swg.fits[1]
scw/0397/039700310010.001/swg.fits[1]
scw/0397/039700320010.001/swg.fits[1]
scw/0397/039700410010.001/swg.fits[1]
scw/0397/039700420010.001/swg.fits[1]
scw/0398/039800280010.001/swg.fits[1]
scw/0398/039800370010.001/swg.fits[1]
scw/0398/039800380010.001/swg.fits[1]
scw/0398/039800470010.001/swg.fits[1]
scw/0398/039800480010.001/swg.fits[1]
scw/0398/039800570010.001/swg.fits[1]
scw/0398/039800580010.001/swg.fits[1]
scw/0399/039900170010.001/swg.fits[1]
scw/0399/039900180010.001/swg.fits[1]
scw/0399/039900270010.001/swg.fits[1]
scw/0399/039900280010.001/swg.fits[1]
scw/0399/039900370010.001/swg.fits[1]
scw/0443/044300020010.001/swg.fits[1]
scw/0443/044300030010.001/swg.fits[1]
scw/0443/044300040010.001/swg.fits[1]
scw/0443/044300050010.001/swg.fits[1]
scw/0443/044300060010.001/swg.fits[1]
scw/0443/044300070010.001/swg.fits[1]
scw/0443/044300080010.001/swg.fits[1]
scw/0443/044300090010.001/swg.fits[1]
scw/0443/044300180010.001/swg.fits[1]
scw/0443/044300190010.001/swg.fits[1]
