scw/0495/049500210010.001/swg.fits[1]
scw/0495/049500220010.001/swg.fits[1]
scw/0495/049500230010.001/swg.fits[1]
scw/0495/049500240010.001/swg.fits[1]
scw/0495/049500270010.001/swg.fits[1]
scw/0495/049500280010.001/swg.fits[1]
scw/0495/049500290010.001/swg.fits[1]
scw/0495/049500300010.001/swg.fits[1]
scw/0495/049500310010.001/swg.fits[1]
scw/0495/049500320010.001/swg.fits[1]
scw/0495/049500330010.001/swg.fits[1]
scw/0495/049500340010.001/swg.fits[1]
scw/0495/049500350010.001/swg.fits[1]
scw/0495/049500360010.001/swg.fits[1]
scw/0495/049500410010.001/swg.fits[1]
scw/0495/049500420010.001/swg.fits[1]
scw/0495/049500430010.001/swg.fits[1]
scw/0495/049500440010.001/swg.fits[1]
scw/0495/049500490010.001/swg.fits[1]
scw/0495/049500500010.001/swg.fits[1]
scw/0495/049500510010.001/swg.fits[1]
scw/0495/049500520010.001/swg.fits[1]
scw/0495/049500530010.001/swg.fits[1]
scw/0495/049500540010.001/swg.fits[1]
scw/0495/049500550010.001/swg.fits[1]
scw/0495/049500560010.001/swg.fits[1]
scw/0495/049500570010.001/swg.fits[1]
scw/0495/049500580010.001/swg.fits[1]
scw/0495/049500590010.001/swg.fits[1]
scw/0495/049500600010.001/swg.fits[1]
scw/0495/049500610010.001/swg.fits[1]
scw/0495/049500620010.001/swg.fits[1]
scw/0495/049500630010.001/swg.fits[1]
scw/0495/049500640010.001/swg.fits[1]
scw/0495/049500640020.001/swg.fits[1]
scw/0496/049600010010.001/swg.fits[1]
scw/0496/049600020010.001/swg.fits[1]
scw/0496/049600030010.001/swg.fits[1]
scw/0496/049600040010.001/swg.fits[1]
scw/0496/049600050010.001/swg.fits[1]
scw/0496/049600060010.001/swg.fits[1]
scw/0496/049600070010.001/swg.fits[1]
scw/0496/049600080010.001/swg.fits[1]
scw/0496/049600090010.001/swg.fits[1]
scw/0496/049600100010.001/swg.fits[1]
scw/0496/049600110010.001/swg.fits[1]
scw/0496/049600120010.001/swg.fits[1]
scw/0496/049600130010.001/swg.fits[1]
scw/0496/049600140010.001/swg.fits[1]
scw/0496/049600150010.001/swg.fits[1]
scw/0496/049600160010.001/swg.fits[1]
scw/0496/049600170010.001/swg.fits[1]
scw/0496/049600180010.001/swg.fits[1]
scw/0496/049600190010.001/swg.fits[1]
scw/0496/049600200010.001/swg.fits[1]
scw/0496/049600210010.001/swg.fits[1]
scw/0496/049600220010.001/swg.fits[1]
scw/0496/049600230010.001/swg.fits[1]
scw/0496/049600260010.001/swg.fits[1]
scw/0496/049600270010.001/swg.fits[1]
scw/0496/049600280010.001/swg.fits[1]
scw/0496/049600290010.001/swg.fits[1]
scw/0496/049600300010.001/swg.fits[1]
scw/0496/049600310010.001/swg.fits[1]
scw/0496/049600340010.001/swg.fits[1]
scw/0496/049600350010.001/swg.fits[1]
scw/0496/049600360010.001/swg.fits[1]
scw/0496/049600370010.001/swg.fits[1]
scw/0496/049600380010.001/swg.fits[1]
scw/0496/049600390010.001/swg.fits[1]
scw/0496/049600400010.001/swg.fits[1]
scw/0496/049600410010.001/swg.fits[1]
scw/0496/049600420010.001/swg.fits[1]
scw/0496/049600430010.001/swg.fits[1]
scw/0496/049600440010.001/swg.fits[1]
scw/0496/049600450010.001/swg.fits[1]
scw/0496/049600460010.001/swg.fits[1]
scw/0496/049600470010.001/swg.fits[1]
scw/0496/049600480010.001/swg.fits[1]
scw/0496/049600490010.001/swg.fits[1]
scw/0496/049600500010.001/swg.fits[1]
scw/0496/049600510010.001/swg.fits[1]
scw/0496/049600520010.001/swg.fits[1]
scw/0496/049600530010.001/swg.fits[1]
scw/0496/049600540010.001/swg.fits[1]
scw/0496/049600550010.001/swg.fits[1]
scw/0496/049600560010.001/swg.fits[1]
scw/0496/049600570010.001/swg.fits[1]
scw/0496/049600580010.001/swg.fits[1]
scw/0496/049600590010.001/swg.fits[1]
scw/0496/049600590020.001/swg.fits[1]
scw/0497/049700100010.001/swg.fits[1]
scw/0497/049700110010.001/swg.fits[1]
scw/0497/049700120010.001/swg.fits[1]
scw/0497/049700130010.001/swg.fits[1]
scw/0497/049700140010.001/swg.fits[1]
scw/0497/049700150010.001/swg.fits[1]
scw/0497/049700160010.001/swg.fits[1]
scw/0497/049700170010.001/swg.fits[1]
scw/0497/049700180010.001/swg.fits[1]
scw/0497/049700190010.001/swg.fits[1]
scw/0497/049700200010.001/swg.fits[1]
scw/0497/049700210010.001/swg.fits[1]
scw/0497/049700220010.001/swg.fits[1]
scw/0497/049700270010.001/swg.fits[1]
scw/0497/049700280010.001/swg.fits[1]
scw/0497/049700290010.001/swg.fits[1]
scw/0497/049700300010.001/swg.fits[1]
scw/0497/049700310010.001/swg.fits[1]
scw/0497/049700320010.001/swg.fits[1]
scw/0497/049700340010.001/swg.fits[1]
scw/0497/049700350010.001/swg.fits[1]
scw/0497/049700360010.001/swg.fits[1]
scw/0497/049700370010.001/swg.fits[1]
scw/0497/049700380010.001/swg.fits[1]
scw/0497/049700390010.001/swg.fits[1]
scw/0497/049700400010.001/swg.fits[1]
scw/0497/049700410010.001/swg.fits[1]
scw/0497/049700420010.001/swg.fits[1]
scw/0497/049700430010.001/swg.fits[1]
scw/0497/049700440010.001/swg.fits[1]
scw/0497/049700450010.001/swg.fits[1]
scw/0497/049700460010.001/swg.fits[1]
scw/0497/049700470010.001/swg.fits[1]
scw/0497/049700480010.001/swg.fits[1]
scw/0497/049700490010.001/swg.fits[1]
scw/0497/049700500010.001/swg.fits[1]
scw/0497/049700510010.001/swg.fits[1]
scw/0497/049700520010.001/swg.fits[1]
scw/0497/049700530010.001/swg.fits[1]
scw/0497/049700540010.001/swg.fits[1]
scw/0497/049700550010.001/swg.fits[1]
scw/0497/049700560010.001/swg.fits[1]
scw/0497/049700570010.001/swg.fits[1]
scw/0497/049700580010.001/swg.fits[1]
scw/0497/049700590010.001/swg.fits[1]
scw/0497/049700600010.001/swg.fits[1]
scw/0497/049700610010.001/swg.fits[1]
scw/0497/049700620010.001/swg.fits[1]
scw/0498/049800010010.001/swg.fits[1]
scw/0498/049800020010.001/swg.fits[1]
scw/0498/049800030010.001/swg.fits[1]
scw/0498/049800040010.001/swg.fits[1]
scw/0498/049800050010.001/swg.fits[1]
scw/0498/049800060010.001/swg.fits[1]
scw/0498/049800070010.001/swg.fits[1]
scw/0498/049800080010.001/swg.fits[1]
scw/0498/049800090010.001/swg.fits[1]
scw/0498/049800100010.001/swg.fits[1]
scw/0498/049800110010.001/swg.fits[1]
scw/0498/049800120010.001/swg.fits[1]
scw/0498/049800130010.001/swg.fits[1]
scw/0498/049800140010.001/swg.fits[1]
scw/0498/049800150010.001/swg.fits[1]
scw/0498/049800160010.001/swg.fits[1]
scw/0530/053000380010.001/swg.fits[1]
scw/0530/053000390010.001/swg.fits[1]
scw/0530/053000400010.001/swg.fits[1]
scw/0531/053100080010.001/swg.fits[1]
scw/0531/053100090010.001/swg.fits[1]
scw/0531/053100100010.001/swg.fits[1]
scw/0531/053100930010.001/swg.fits[1]
scw/0531/053100940010.001/swg.fits[1]
scw/0531/053100950010.001/swg.fits[1]
scw/0533/053300050010.001/swg.fits[1]
scw/0533/053300060010.001/swg.fits[1]
scw/0533/053300070010.001/swg.fits[1]
scw/0534/053400070010.001/swg.fits[1]
scw/0534/053400130010.001/swg.fits[1]
scw/0534/053400140010.001/swg.fits[1]
scw/0534/053400150010.001/swg.fits[1]
scw/0534/053400160010.001/swg.fits[1]
scw/0534/053400270010.001/swg.fits[1]
scw/0534/053400280010.001/swg.fits[1]
scw/0534/053400290010.001/swg.fits[1]
scw/0534/053400480010.001/swg.fits[1]
scw/0534/053400490010.001/swg.fits[1]
scw/0534/053400500010.001/swg.fits[1]
scw/0534/053400580010.001/swg.fits[1]
scw/0534/053400590010.001/swg.fits[1]
scw/0534/053400600010.001/swg.fits[1]
scw/0534/053400610010.001/swg.fits[1]
scw/0534/053400620010.001/swg.fits[1]
scw/0534/053400630010.001/swg.fits[1]
scw/0534/053400640010.001/swg.fits[1]
scw/0535/053500190010.001/swg.fits[1]
scw/0535/053500200010.001/swg.fits[1]
scw/0535/053500210010.001/swg.fits[1]
scw/0535/053500220010.001/swg.fits[1]
scw/0535/053500230010.001/swg.fits[1]
scw/0535/053500240010.001/swg.fits[1]
scw/0535/053500250010.001/swg.fits[1]
scw/0535/053500310010.001/swg.fits[1]
scw/0535/053500320010.001/swg.fits[1]
scw/0535/053500330010.001/swg.fits[1]
scw/0535/053500360010.001/swg.fits[1]
scw/0535/053500380010.001/swg.fits[1]
scw/0535/053500390010.001/swg.fits[1]
scw/0535/053500460010.001/swg.fits[1]
scw/0535/053500470010.001/swg.fits[1]
scw/0535/053500480010.001/swg.fits[1]
scw/0535/053500490010.001/swg.fits[1]
scw/0535/053500560010.001/swg.fits[1]
scw/0535/053500570010.001/swg.fits[1]
scw/0535/053500580010.001/swg.fits[1]
scw/0535/053500680010.001/swg.fits[1]
scw/0535/053500690010.001/swg.fits[1]
scw/0535/053500700010.001/swg.fits[1]
scw/0535/053500710010.001/swg.fits[1]
scw/0535/053500720010.001/swg.fits[1]
scw/0535/053500730010.001/swg.fits[1]
scw/0535/053500740010.001/swg.fits[1]
scw/0535/053500750010.001/swg.fits[1]
scw/0536/053600060010.001/swg.fits[1]
scw/0536/053600070010.001/swg.fits[1]
scw/0536/053600080010.001/swg.fits[1]
scw/0536/053600770010.001/swg.fits[1]
scw/0537/053700020010.001/swg.fits[1]
scw/0537/053700060010.001/swg.fits[1]
scw/0537/053700070010.001/swg.fits[1]
scw/0537/053700080010.001/swg.fits[1]
scw/0537/053700180010.001/swg.fits[1]
scw/0537/053700190010.001/swg.fits[1]
scw/0537/053700200010.001/swg.fits[1]
scw/0537/053700210010.001/swg.fits[1]
scw/0537/053700280010.001/swg.fits[1]
scw/0537/053700290010.001/swg.fits[1]
scw/0537/053700300010.001/swg.fits[1]
scw/0537/053700310010.001/swg.fits[1]
scw/0537/053700320010.001/swg.fits[1]
scw/0537/053700520010.001/swg.fits[1]
scw/0537/053700530010.001/swg.fits[1]
scw/0537/053700540010.001/swg.fits[1]
scw/0537/053700550010.001/swg.fits[1]
scw/0537/053700560010.001/swg.fits[1]
scw/0537/053700570010.001/swg.fits[1]
scw/0537/053700580010.001/swg.fits[1]
scw/0537/053700590010.001/swg.fits[1]
scw/0537/053700600010.001/swg.fits[1]
scw/0537/053700620010.001/swg.fits[1]
scw/0537/053700630010.001/swg.fits[1]
scw/0537/053700640010.001/swg.fits[1]
scw/0537/053700650010.001/swg.fits[1]
scw/0537/053700660010.001/swg.fits[1]
scw/0537/053700670010.001/swg.fits[1]
scw/0537/053700830010.001/swg.fits[1]
scw/0537/053700840010.001/swg.fits[1]
