scw/0488/048800300010.001/swg.fits[1]
scw/0488/048800310010.001/swg.fits[1]
scw/0488/048800320010.001/swg.fits[1]
scw/0488/048800330010.001/swg.fits[1]
scw/0488/048800340010.001/swg.fits[1]
scw/0488/048800350010.001/swg.fits[1]
scw/0488/048800360010.001/swg.fits[1]
scw/0488/048800390010.001/swg.fits[1]
scw/0488/048800400010.001/swg.fits[1]
scw/0488/048800410010.001/swg.fits[1]
scw/0488/048800420010.001/swg.fits[1]
scw/0488/048800430010.001/swg.fits[1]
scw/0488/048800440010.001/swg.fits[1]
scw/0488/048800470010.001/swg.fits[1]
scw/0488/048800480010.001/swg.fits[1]
scw/0488/048800490010.001/swg.fits[1]
scw/0488/048800500010.001/swg.fits[1]
scw/0488/048800510010.001/swg.fits[1]
scw/0488/048800520010.001/swg.fits[1]
scw/0488/048800530010.001/swg.fits[1]
scw/0488/048800540010.001/swg.fits[1]
scw/0488/048800550010.001/swg.fits[1]
scw/0488/048800560010.001/swg.fits[1]
scw/0488/048800580010.001/swg.fits[1]
scw/0488/048800590010.001/swg.fits[1]
scw/0488/048800600010.001/swg.fits[1]
scw/0488/048800610010.001/swg.fits[1]
scw/0488/048800620010.001/swg.fits[1]
scw/0488/048800630010.001/swg.fits[1]
scw/0488/048800640010.001/swg.fits[1]
scw/0488/048800650010.001/swg.fits[1]
scw/0488/048800660010.001/swg.fits[1]
scw/0488/048800670010.001/swg.fits[1]
scw/0488/048800680010.001/swg.fits[1]
scw/0489/048900040010.001/swg.fits[1]
scw/0489/048900050010.001/swg.fits[1]
scw/0489/048900060010.001/swg.fits[1]
scw/0489/048900070010.001/swg.fits[1]
scw/0489/048900080010.001/swg.fits[1]
scw/0489/048900090010.001/swg.fits[1]
scw/0489/048900100010.001/swg.fits[1]
scw/0489/048900110010.001/swg.fits[1]
scw/0489/048900120010.001/swg.fits[1]
scw/0489/048900130010.001/swg.fits[1]
scw/0489/048900140010.001/swg.fits[1]
scw/0489/048900150010.001/swg.fits[1]
scw/0489/048900160010.001/swg.fits[1]
scw/0489/048900170010.001/swg.fits[1]
scw/0489/048900180010.001/swg.fits[1]
scw/0489/048900190010.001/swg.fits[1]
scw/0489/048900200010.001/swg.fits[1]
scw/0489/048900220010.001/swg.fits[1]
scw/0489/048900230010.001/swg.fits[1]
scw/0489/048900240010.001/swg.fits[1]
scw/0489/048900250010.001/swg.fits[1]
scw/0489/048900260010.001/swg.fits[1]
scw/0489/048900270010.001/swg.fits[1]
scw/0489/048900280010.001/swg.fits[1]
scw/0489/048900290010.001/swg.fits[1]
scw/0489/048900310010.001/swg.fits[1]
scw/0489/048900320010.001/swg.fits[1]
scw/0489/048900330010.001/swg.fits[1]
scw/0489/048900340010.001/swg.fits[1]
scw/0489/048900350010.001/swg.fits[1]
scw/0489/048900360010.001/swg.fits[1]
scw/0489/048900370010.001/swg.fits[1]
scw/0489/048900380010.001/swg.fits[1]
scw/0489/048900390010.001/swg.fits[1]
scw/0489/048900400010.001/swg.fits[1]
scw/0489/048900410010.001/swg.fits[1]
scw/0489/048900420010.001/swg.fits[1]
scw/0489/048900430010.001/swg.fits[1]
scw/0489/048900440010.001/swg.fits[1]
scw/0489/048900450010.001/swg.fits[1]
scw/0489/048900460010.001/swg.fits[1]
scw/0489/048900470010.001/swg.fits[1]
scw/0489/048900480010.001/swg.fits[1]
scw/0489/048900490010.001/swg.fits[1]
scw/0489/048900500010.001/swg.fits[1]
scw/0489/048900510010.001/swg.fits[1]
scw/0489/048900520010.001/swg.fits[1]
scw/0489/048900530010.001/swg.fits[1]
scw/0489/048900560010.001/swg.fits[1]
scw/0489/048900570010.001/swg.fits[1]
scw/0489/048900580010.001/swg.fits[1]
scw/0490/049000050010.001/swg.fits[1]
scw/0490/049000060010.001/swg.fits[1]
scw/0490/049000070010.001/swg.fits[1]
scw/0490/049000120010.001/swg.fits[1]
scw/0490/049000130010.001/swg.fits[1]
scw/0490/049000140010.001/swg.fits[1]
scw/0490/049000150010.001/swg.fits[1]
scw/0490/049000160010.001/swg.fits[1]
scw/0490/049000170010.001/swg.fits[1]
scw/0490/049000180010.001/swg.fits[1]
scw/0490/049000190010.001/swg.fits[1]
scw/0490/049000240010.001/swg.fits[1]
scw/0490/049000250010.001/swg.fits[1]
scw/0490/049000260010.001/swg.fits[1]
scw/0490/049000270010.001/swg.fits[1]
scw/0490/049000280010.001/swg.fits[1]
scw/0490/049000290010.001/swg.fits[1]
scw/0490/049000300010.001/swg.fits[1]
scw/0490/049000310010.001/swg.fits[1]
scw/0490/049000350010.001/swg.fits[1]
scw/0490/049000360010.001/swg.fits[1]
scw/0490/049000370010.001/swg.fits[1]
scw/0490/049000380010.001/swg.fits[1]
scw/0490/049000390010.001/swg.fits[1]
scw/0490/049000400010.001/swg.fits[1]
scw/0490/049000410010.001/swg.fits[1]
scw/0490/049000430010.001/swg.fits[1]
scw/0490/049000440010.001/swg.fits[1]
scw/0490/049000450010.001/swg.fits[1]
scw/0490/049000460010.001/swg.fits[1]
scw/0490/049000470010.001/swg.fits[1]
scw/0490/049000480010.001/swg.fits[1]
scw/0490/049000490010.001/swg.fits[1]
scw/0490/049000500010.001/swg.fits[1]
scw/0490/049000510010.001/swg.fits[1]
scw/0490/049000520010.001/swg.fits[1]
scw/0490/049000530010.001/swg.fits[1]
scw/0490/049000540010.001/swg.fits[1]
scw/0490/049000550010.001/swg.fits[1]
scw/0490/049000560010.001/swg.fits[1]
scw/0490/049000570010.001/swg.fits[1]
scw/0490/049000580010.001/swg.fits[1]
scw/0490/049000590010.001/swg.fits[1]
scw/0490/049000600010.001/swg.fits[1]
scw/0490/049000610010.001/swg.fits[1]
scw/0490/049000620010.001/swg.fits[1]
scw/0490/049000630010.001/swg.fits[1]
scw/0490/049000640010.001/swg.fits[1]
scw/0490/049000650010.001/swg.fits[1]
scw/0490/049000660010.001/swg.fits[1]
scw/0490/049000660020.001/swg.fits[1]
scw/0491/049100050010.001/swg.fits[1]
scw/0491/049100060010.001/swg.fits[1]
scw/0491/049100070010.001/swg.fits[1]
scw/0491/049100200010.001/swg.fits[1]
scw/0491/049100210010.001/swg.fits[1]
scw/0491/049100220010.001/swg.fits[1]
scw/0491/049100230010.001/swg.fits[1]
scw/0491/049100240010.001/swg.fits[1]
scw/0491/049100250010.001/swg.fits[1]
scw/0491/049100260010.001/swg.fits[1]
scw/0491/049100270010.001/swg.fits[1]
scw/0491/049100280010.001/swg.fits[1]
scw/0491/049100290010.001/swg.fits[1]
scw/0491/049100300010.001/swg.fits[1]
scw/0491/049100310010.001/swg.fits[1]
scw/0491/049100320010.001/swg.fits[1]
scw/0491/049100330010.001/swg.fits[1]
scw/0491/049100340010.001/swg.fits[1]
scw/0491/049100350010.001/swg.fits[1]
scw/0491/049100370010.001/swg.fits[1]
scw/0491/049100380010.001/swg.fits[1]
scw/0491/049100390010.001/swg.fits[1]
scw/0491/049100400010.001/swg.fits[1]
scw/0491/049100410010.001/swg.fits[1]
scw/0491/049100420010.001/swg.fits[1]
scw/0491/049100430010.001/swg.fits[1]
scw/0491/049100470010.001/swg.fits[1]
scw/0491/049100480010.001/swg.fits[1]
scw/0491/049100490010.001/swg.fits[1]
scw/0491/049100500010.001/swg.fits[1]
scw/0491/049100510010.001/swg.fits[1]
scw/0491/049100520010.001/swg.fits[1]
scw/0491/049100530010.001/swg.fits[1]
scw/0491/049100540010.001/swg.fits[1]
scw/0491/049100550010.001/swg.fits[1]
scw/0491/049100560010.001/swg.fits[1]
scw/0491/049100570010.001/swg.fits[1]
scw/0491/049100580010.001/swg.fits[1]
scw/0491/049100590010.001/swg.fits[1]
scw/0491/049100600010.001/swg.fits[1]
scw/0491/049100610010.001/swg.fits[1]
scw/0491/049100620010.001/swg.fits[1]
scw/0491/049100630010.001/swg.fits[1]
scw/0491/049100640010.001/swg.fits[1]
scw/0491/049100650010.001/swg.fits[1]
scw/0491/049100660010.001/swg.fits[1]
scw/0491/049100670010.001/swg.fits[1]
scw/0491/049100680010.001/swg.fits[1]
scw/0491/049100680020.001/swg.fits[1]
scw/0492/049200050010.001/swg.fits[1]
scw/0492/049200060010.001/swg.fits[1]
scw/0492/049200070010.001/swg.fits[1]
scw/0492/049200120010.001/swg.fits[1]
scw/0492/049200130010.001/swg.fits[1]
scw/0492/049200140010.001/swg.fits[1]
scw/0492/049200150010.001/swg.fits[1]
scw/0492/049200160010.001/swg.fits[1]
scw/0492/049200170010.001/swg.fits[1]
scw/0492/049200180010.001/swg.fits[1]
scw/0492/049200190010.001/swg.fits[1]
scw/0492/049200200010.001/swg.fits[1]
scw/0492/049200210010.001/swg.fits[1]
scw/0492/049200220010.001/swg.fits[1]
scw/0492/049200230010.001/swg.fits[1]
scw/0492/049200240010.001/swg.fits[1]
scw/0492/049200250010.001/swg.fits[1]
scw/0492/049200260010.001/swg.fits[1]
scw/0492/049200270010.001/swg.fits[1]
scw/0492/049200310010.001/swg.fits[1]
scw/0492/049200320010.001/swg.fits[1]
scw/0492/049200330010.001/swg.fits[1]
scw/0492/049200340010.001/swg.fits[1]
scw/0492/049200350010.001/swg.fits[1]
scw/0492/049200360010.001/swg.fits[1]
scw/0492/049200400010.001/swg.fits[1]
scw/0492/049200410010.001/swg.fits[1]
scw/0492/049200420010.001/swg.fits[1]
scw/0492/049200430010.001/swg.fits[1]
scw/0492/049200440010.001/swg.fits[1]
scw/0492/049200450010.001/swg.fits[1]
scw/0492/049200460010.001/swg.fits[1]
scw/0492/049200470010.001/swg.fits[1]
scw/0492/049200480010.001/swg.fits[1]
scw/0492/049200490010.001/swg.fits[1]
scw/0492/049200500010.001/swg.fits[1]
scw/0492/049200510010.001/swg.fits[1]
scw/0492/049200520010.001/swg.fits[1]
scw/0492/049200530010.001/swg.fits[1]
scw/0492/049200540010.001/swg.fits[1]
scw/0492/049200550010.001/swg.fits[1]
scw/0492/049200560010.001/swg.fits[1]
scw/0492/049200570010.001/swg.fits[1]
scw/0492/049200580010.001/swg.fits[1]
scw/0492/049200590010.001/swg.fits[1]
scw/0492/049200600010.001/swg.fits[1]
scw/0492/049200610010.001/swg.fits[1]
scw/0492/049200620010.001/swg.fits[1]
scw/0492/049200630010.001/swg.fits[1]
scw/0492/049200640010.001/swg.fits[1]
scw/0492/049200650010.001/swg.fits[1]
scw/0492/049200660010.001/swg.fits[1]
scw/0492/049200670010.001/swg.fits[1]
scw/0492/049200670020.001/swg.fits[1]
scw/0495/049500120010.001/swg.fits[1]
scw/0495/049500130010.001/swg.fits[1]
scw/0495/049500140010.001/swg.fits[1]
scw/0495/049500150010.001/swg.fits[1]
scw/0495/049500160010.001/swg.fits[1]
scw/0495/049500170010.001/swg.fits[1]
scw/0495/049500190010.001/swg.fits[1]
scw/0495/049500200010.001/swg.fits[1]
