scw/0026/002600250010.001/swg.fits[1]
scw/0026/002600260010.001/swg.fits[1]
scw/0026/002600270010.001/swg.fits[1]
scw/0026/002600340010.001/swg.fits[1]
scw/0026/002600350010.001/swg.fits[1]
scw/0026/002600360010.001/swg.fits[1]
scw/0026/002600370010.001/swg.fits[1]
scw/0026/002600430010.001/swg.fits[1]
scw/0026/002600440010.001/swg.fits[1]
scw/0026/002600450010.001/swg.fits[1]
scw/0026/002600460010.001/swg.fits[1]
scw/0026/002600530010.001/swg.fits[1]
scw/0026/002600540010.001/swg.fits[1]
scw/0026/002600550010.001/swg.fits[1]
scw/0026/002600730010.001/swg.fits[1]
scw/0026/002600740010.001/swg.fits[1]
scw/0026/002600750010.001/swg.fits[1]
scw/0026/002600820010.001/swg.fits[1]
scw/0026/002600830010.001/swg.fits[1]
scw/0026/002600840010.001/swg.fits[1]
scw/0026/002600850010.001/swg.fits[1]
scw/0026/002600910010.001/swg.fits[1]
scw/0134/013400210010.001/swg.fits[1]
scw/0134/013400210020.001/swg.fits[1]
scw/0135/013500010010.001/swg.fits[1]
scw/0135/013500020010.001/swg.fits[1]
scw/0135/013500020020.001/swg.fits[1]
scw/0135/013500020030.001/swg.fits[1]
scw/0135/013500020040.001/swg.fits[1]
scw/0135/013500020050.001/swg.fits[1]
scw/0135/013500020060.001/swg.fits[1]
scw/0135/013500020070.001/swg.fits[1]
scw/0135/013500020080.001/swg.fits[1]
scw/0135/013500020090.001/swg.fits[1]
scw/0135/013500020100.001/swg.fits[1]
scw/0135/013500020110.001/swg.fits[1]
scw/0135/013500020120.001/swg.fits[1]
scw/0135/013500020130.001/swg.fits[1]
scw/0135/013500020140.001/swg.fits[1]
scw/0135/013500020150.001/swg.fits[1]
scw/0135/013500020160.001/swg.fits[1]
scw/0135/013500020170.001/swg.fits[1]
scw/0135/013500020180.001/swg.fits[1]
scw/0135/013500020190.001/swg.fits[1]
scw/0135/013500020200.001/swg.fits[1]
scw/0135/013500020210.001/swg.fits[1]
scw/0135/013500020220.001/swg.fits[1]
scw/0135/013500020230.001/swg.fits[1]
scw/0135/013500020240.001/swg.fits[1]
scw/0135/013500020250.001/swg.fits[1]
scw/0135/013500020260.001/swg.fits[1]
scw/0135/013500020270.001/swg.fits[1]
scw/0135/013500020280.001/swg.fits[1]
scw/0135/013500020290.001/swg.fits[1]
scw/0135/013500020300.001/swg.fits[1]
scw/0136/013600040010.001/swg.fits[1]
scw/0136/013600040020.001/swg.fits[1]
scw/0136/013600040030.001/swg.fits[1]
scw/0136/013600040040.001/swg.fits[1]
scw/0136/013600040050.001/swg.fits[1]
scw/0136/013600040060.001/swg.fits[1]
scw/0136/013600040070.001/swg.fits[1]
scw/0136/013600040080.001/swg.fits[1]
scw/0136/013600040090.001/swg.fits[1]
scw/0136/013600040100.001/swg.fits[1]
scw/0136/013600040110.001/swg.fits[1]
scw/0136/013600040120.001/swg.fits[1]
scw/0136/013600040130.001/swg.fits[1]
scw/0136/013600040140.001/swg.fits[1]
scw/0136/013600040150.001/swg.fits[1]
scw/0136/013600040160.001/swg.fits[1]
scw/0136/013600040170.001/swg.fits[1]
scw/0136/013600040180.001/swg.fits[1]
scw/0136/013600040190.001/swg.fits[1]
scw/0136/013600040200.001/swg.fits[1]
scw/0136/013600040210.001/swg.fits[1]
scw/0136/013600040220.001/swg.fits[1]
scw/0136/013600040230.001/swg.fits[1]
scw/0136/013600040240.001/swg.fits[1]
scw/0136/013600040250.001/swg.fits[1]
scw/0136/013600040260.001/swg.fits[1]
scw/0136/013600040270.001/swg.fits[1]
scw/0136/013600040280.001/swg.fits[1]
scw/0136/013600040290.001/swg.fits[1]
scw/0136/013600040300.001/swg.fits[1]
scw/0136/013600040310.001/swg.fits[1]
scw/0136/013600040320.001/swg.fits[1]
scw/0136/013600050010.001/swg.fits[1]
scw/0136/013600050020.001/swg.fits[1]
scw/0136/013600050030.001/swg.fits[1]
scw/0136/013600050040.001/swg.fits[1]
scw/0136/013600050050.001/swg.fits[1]
scw/0136/013600050060.001/swg.fits[1]
scw/0136/013600050070.001/swg.fits[1]
scw/0136/013600050080.001/swg.fits[1]
scw/0136/013600050090.001/swg.fits[1]
scw/0136/013600050100.001/swg.fits[1]
scw/0136/013600050110.001/swg.fits[1]
scw/0136/013600050120.001/swg.fits[1]
scw/0136/013600050130.001/swg.fits[1]
scw/0136/013600050140.001/swg.fits[1]
scw/0136/013600050150.001/swg.fits[1]
scw/0136/013600050160.001/swg.fits[1]
scw/0136/013600050170.001/swg.fits[1]
scw/0136/013600050180.001/swg.fits[1]
scw/0136/013600050190.001/swg.fits[1]
scw/0136/013600050200.001/swg.fits[1]
scw/0136/013600050210.001/swg.fits[1]
scw/0136/013600050220.001/swg.fits[1]
scw/0136/013600050230.001/swg.fits[1]
scw/0136/013600050240.001/swg.fits[1]
scw/0136/013600050250.001/swg.fits[1]
scw/0136/013600050260.001/swg.fits[1]
scw/0136/013600050270.001/swg.fits[1]
scw/0136/013600060010.001/swg.fits[1]
scw/0260/026000290010.001/swg.fits[1]
scw/0260/026000300010.001/swg.fits[1]
scw/0260/026000310010.001/swg.fits[1]
scw/0260/026000370010.001/swg.fits[1]
scw/0260/026000380010.001/swg.fits[1]
scw/0260/026000390010.001/swg.fits[1]
scw/0260/026000670010.001/swg.fits[1]
scw/0260/026000680010.001/swg.fits[1]
scw/0260/026000690010.001/swg.fits[1]
scw/0260/026000700010.001/swg.fits[1]
scw/0260/026000710010.001/swg.fits[1]
scw/0261/026100450010.001/swg.fits[1]
scw/0261/026100460010.001/swg.fits[1]
scw/0261/026100470010.001/swg.fits[1]
scw/0261/026100480010.001/swg.fits[1]
scw/0261/026100490010.001/swg.fits[1]
scw/0261/026100500010.001/swg.fits[1]
scw/0261/026100510010.001/swg.fits[1]
scw/0261/026100550010.001/swg.fits[1]
scw/0261/026100560010.001/swg.fits[1]
scw/0261/026100570010.001/swg.fits[1]
scw/0261/026100580010.001/swg.fits[1]
scw/0261/026100590010.001/swg.fits[1]
scw/2037/203700440010.001/swg.fits[1]
scw/2038/203800020010.001/swg.fits[1]
scw/2314/231400020010.001/swg.fits[1]
