scw/1652/165200790010.001/swg.fits[1]
scw/1652/165200800010.001/swg.fits[1]
scw/1652/165200860010.001/swg.fits[1]
scw/1652/165200870010.001/swg.fits[1]
scw/1652/165200880010.001/swg.fits[1]
scw/1652/165200890010.001/swg.fits[1]
scw/1652/165200900010.001/swg.fits[1]
scw/1652/165200910010.001/swg.fits[1]
scw/1652/165200920010.001/swg.fits[1]
scw/1653/165300040010.001/swg.fits[1]
scw/1653/165300190010.001/swg.fits[1]
scw/1653/165300200010.001/swg.fits[1]
scw/1653/165300210010.001/swg.fits[1]
scw/1653/165300280010.001/swg.fits[1]
scw/1653/165300290010.001/swg.fits[1]
scw/1653/165300300010.001/swg.fits[1]
scw/1653/165300310010.001/swg.fits[1]
scw/1653/165300320010.001/swg.fits[1]
scw/1653/165300460010.001/swg.fits[1]
scw/1653/165300470010.001/swg.fits[1]
scw/1653/165300530010.001/swg.fits[1]
scw/1653/165300540010.001/swg.fits[1]
scw/1653/165300550010.001/swg.fits[1]
scw/1653/165300560010.001/swg.fits[1]
scw/1653/165300570010.001/swg.fits[1]
scw/1653/165300580010.001/swg.fits[1]
scw/1653/165300590010.001/swg.fits[1]
scw/1653/165300620010.001/swg.fits[1]
scw/1653/165300630010.001/swg.fits[1]
scw/1653/165300640010.001/swg.fits[1]
scw/1653/165300650010.001/swg.fits[1]
scw/1653/165300660010.001/swg.fits[1]
scw/1653/165300670010.001/swg.fits[1]
scw/1653/165300680010.001/swg.fits[1]
scw/1653/165300690010.001/swg.fits[1]
scw/1653/165300700010.001/swg.fits[1]
scw/1653/165300710010.001/swg.fits[1]
scw/1653/165300720010.001/swg.fits[1]
scw/1653/165300730010.001/swg.fits[1]
scw/1653/165300740010.001/swg.fits[1]
scw/1653/165300750010.001/swg.fits[1]
scw/1653/165300760010.001/swg.fits[1]
scw/1653/165300770010.001/swg.fits[1]
scw/1653/165300780010.001/swg.fits[1]
scw/1653/165300790010.001/swg.fits[1]
scw/1653/165300800010.001/swg.fits[1]
scw/1653/165300800020.001/swg.fits[1]
scw/1654/165400030010.001/swg.fits[1]
scw/1654/165400040010.001/swg.fits[1]
scw/1654/165400050010.001/swg.fits[1]
scw/1654/165400200010.001/swg.fits[1]
scw/1654/165400210010.001/swg.fits[1]
scw/1654/165400270010.001/swg.fits[1]
scw/1654/165400280010.001/swg.fits[1]
scw/1654/165400290010.001/swg.fits[1]
scw/1654/165400300010.001/swg.fits[1]
scw/1654/165400310010.001/swg.fits[1]
scw/1654/165400320010.001/swg.fits[1]
scw/1654/165400330010.001/swg.fits[1]
scw/1654/165400530010.001/swg.fits[1]
scw/1654/165400540010.001/swg.fits[1]
scw/1654/165400550010.001/swg.fits[1]
scw/1654/165400560010.001/swg.fits[1]
scw/1654/165400570010.001/swg.fits[1]
scw/1654/165400580010.001/swg.fits[1]
scw/1654/165400590010.001/swg.fits[1]
scw/1654/165400620010.001/swg.fits[1]
scw/1654/165400630010.001/swg.fits[1]
scw/1654/165400640010.001/swg.fits[1]
scw/1654/165400650010.001/swg.fits[1]
scw/1654/165400660010.001/swg.fits[1]
scw/1654/165400670010.001/swg.fits[1]
scw/1654/165400680010.001/swg.fits[1]
scw/1654/165400690010.001/swg.fits[1]
scw/1654/165400700010.001/swg.fits[1]
scw/1654/165400710010.001/swg.fits[1]
scw/1654/165400720010.001/swg.fits[1]
scw/1654/165400730010.001/swg.fits[1]
scw/1654/165400740010.001/swg.fits[1]
scw/1654/165400750010.001/swg.fits[1]
scw/1654/165400760010.001/swg.fits[1]
scw/1654/165400770010.001/swg.fits[1]
scw/1654/165400780010.001/swg.fits[1]
scw/1654/165400790010.001/swg.fits[1]
scw/1655/165500030010.001/swg.fits[1]
scw/1655/165500040010.001/swg.fits[1]
scw/1655/165500050010.001/swg.fits[1]
scw/1655/165500190010.001/swg.fits[1]
scw/1655/165500200010.001/swg.fits[1]
scw/1655/165500210010.001/swg.fits[1]
scw/1655/165500270010.001/swg.fits[1]
scw/1655/165500280010.001/swg.fits[1]
scw/1655/165500290010.001/swg.fits[1]
scw/1655/165500300010.001/swg.fits[1]
scw/1655/165500310010.001/swg.fits[1]
scw/1655/165500320010.001/swg.fits[1]
scw/1655/165500460010.001/swg.fits[1]
scw/1655/165500530010.001/swg.fits[1]
scw/1655/165500540010.001/swg.fits[1]
scw/1655/165500550010.001/swg.fits[1]
scw/1655/165500560010.001/swg.fits[1]
scw/1655/165500570010.001/swg.fits[1]
scw/1655/165500580010.001/swg.fits[1]
scw/1655/165500590010.001/swg.fits[1]
scw/1655/165500620010.001/swg.fits[1]
scw/1655/165500630010.001/swg.fits[1]
scw/1655/165500640010.001/swg.fits[1]
scw/1655/165500650010.001/swg.fits[1]
scw/1655/165500660010.001/swg.fits[1]
scw/1655/165500670010.001/swg.fits[1]
scw/1655/165500680010.001/swg.fits[1]
scw/1655/165500690010.001/swg.fits[1]
scw/1655/165500700010.001/swg.fits[1]
scw/1655/165500710010.001/swg.fits[1]
scw/1655/165500720010.001/swg.fits[1]
scw/1655/165500730010.001/swg.fits[1]
scw/1655/165500740010.001/swg.fits[1]
scw/1655/165500750010.001/swg.fits[1]
scw/1655/165500760010.001/swg.fits[1]
scw/1655/165500770010.001/swg.fits[1]
scw/1655/165500780010.001/swg.fits[1]
scw/1655/165500790010.001/swg.fits[1]
scw/1655/165500800010.001/swg.fits[1]
scw/1655/165500800020.001/swg.fits[1]
scw/1656/165600020010.001/swg.fits[1]
scw/1656/165600030010.001/swg.fits[1]
scw/1656/165600040010.001/swg.fits[1]
scw/1656/165600050010.001/swg.fits[1]
scw/1656/165600100010.001/swg.fits[1]
scw/1656/165600110010.001/swg.fits[1]
scw/1656/165600120010.001/swg.fits[1]
scw/1656/165600130010.001/swg.fits[1]
scw/1656/165600140010.001/swg.fits[1]
scw/1656/165600160010.001/swg.fits[1]
scw/1656/165600170010.001/swg.fits[1]
scw/1656/165600180010.001/swg.fits[1]
scw/1656/165600190010.001/swg.fits[1]
scw/1656/165600200010.001/swg.fits[1]
scw/1656/165600210010.001/swg.fits[1]
scw/1656/165600220010.001/swg.fits[1]
scw/1656/165600230010.001/swg.fits[1]
scw/1656/165600240010.001/swg.fits[1]
scw/1656/165600250010.001/swg.fits[1]
scw/1656/165600260010.001/swg.fits[1]
scw/1656/165600270010.001/swg.fits[1]
scw/1656/165600280010.001/swg.fits[1]
scw/1656/165600290010.001/swg.fits[1]
scw/1656/165600300010.001/swg.fits[1]
scw/1656/165600310010.001/swg.fits[1]
scw/1656/165600320010.001/swg.fits[1]
scw/1656/165600330010.001/swg.fits[1]
scw/1656/165600340010.001/swg.fits[1]
scw/1656/165600350010.001/swg.fits[1]
scw/1656/165600360010.001/swg.fits[1]
scw/1656/165600370010.001/swg.fits[1]
scw/1656/165600380010.001/swg.fits[1]
scw/1656/165600390010.001/swg.fits[1]
scw/1656/165600400010.001/swg.fits[1]
scw/1656/165600410010.001/swg.fits[1]
scw/1656/165600420010.001/swg.fits[1]
scw/1656/165600430010.001/swg.fits[1]
scw/1656/165600440010.001/swg.fits[1]
scw/1656/165600450010.001/swg.fits[1]
scw/1656/165600460010.001/swg.fits[1]
scw/1656/165600470010.001/swg.fits[1]
scw/1656/165600480010.001/swg.fits[1]
scw/1656/165600490010.001/swg.fits[1]
scw/1656/165600500010.001/swg.fits[1]
scw/1656/165600510010.001/swg.fits[1]
scw/1656/165600520010.001/swg.fits[1]
scw/1656/165600530010.001/swg.fits[1]
scw/1656/165600540010.001/swg.fits[1]
scw/1657/165700010010.001/swg.fits[1]
scw/1657/165700020010.001/swg.fits[1]
scw/1657/165700030010.001/swg.fits[1]
scw/1657/165700050010.001/swg.fits[1]
scw/1657/165700060010.001/swg.fits[1]
scw/1657/165700070010.001/swg.fits[1]
scw/1657/165700080010.001/swg.fits[1]
scw/1657/165700210010.001/swg.fits[1]
scw/1657/165700220010.001/swg.fits[1]
scw/1657/165700230010.001/swg.fits[1]
scw/1657/165700300010.001/swg.fits[1]
scw/1657/165700310010.001/swg.fits[1]
scw/1657/165700320010.001/swg.fits[1]
scw/1657/165700330010.001/swg.fits[1]
scw/1657/165700340010.001/swg.fits[1]
scw/1657/165700480010.001/swg.fits[1]
scw/1657/165700550010.001/swg.fits[1]
scw/1657/165700560010.001/swg.fits[1]
scw/1657/165700570010.001/swg.fits[1]
scw/1657/165700580010.001/swg.fits[1]
scw/1657/165700590010.001/swg.fits[1]
scw/1657/165700600010.001/swg.fits[1]
scw/1657/165700610010.001/swg.fits[1]
scw/1658/165800280010.001/swg.fits[1]
scw/1658/165800290010.001/swg.fits[1]
scw/1658/165800300010.001/swg.fits[1]
scw/1658/165800340010.001/swg.fits[1]
scw/1658/165800350010.001/swg.fits[1]
scw/1658/165800360010.001/swg.fits[1]
scw/1658/165800370010.001/swg.fits[1]
scw/1658/165800500010.001/swg.fits[1]
scw/1658/165800510010.001/swg.fits[1]
scw/1658/165800520010.001/swg.fits[1]
scw/1658/165800530010.001/swg.fits[1]
scw/1658/165800660010.001/swg.fits[1]
scw/1658/165800670010.001/swg.fits[1]
scw/1658/165800680010.001/swg.fits[1]
scw/1658/165800690010.001/swg.fits[1]
scw/1658/165800740010.001/swg.fits[1]
scw/1658/165800750010.001/swg.fits[1]
scw/1658/165800760010.001/swg.fits[1]
scw/1658/165800900010.001/swg.fits[1]
scw/1658/165800910010.001/swg.fits[1]
scw/1658/165800920010.001/swg.fits[1]
scw/1659/165900030010.001/swg.fits[1]
scw/1659/165900180010.001/swg.fits[1]
scw/1659/165900190010.001/swg.fits[1]
scw/1659/165900200010.001/swg.fits[1]
scw/1659/165900260010.001/swg.fits[1]
scw/1659/165900270010.001/swg.fits[1]
scw/1659/165900420010.001/swg.fits[1]
scw/1659/165900430010.001/swg.fits[1]
scw/1659/165900580010.001/swg.fits[1]
scw/1659/165900590010.001/swg.fits[1]
scw/1659/165900630010.001/swg.fits[1]
scw/1659/165900640010.001/swg.fits[1]
scw/1659/165900650010.001/swg.fits[1]
scw/1659/165900660010.001/swg.fits[1]
scw/1659/165900790010.001/swg.fits[1]
scw/1659/165900800010.001/swg.fits[1]
scw/1659/165900810010.001/swg.fits[1]
scw/1659/165900820010.001/swg.fits[1]
scw/1659/165900950010.001/swg.fits[1]
scw/1659/165900960010.001/swg.fits[1]
scw/1659/165900970010.001/swg.fits[1]
scw/1659/165900980010.001/swg.fits[1]
scw/1663/166300570010.001/swg.fits[1]
scw/1663/166300730010.001/swg.fits[1]
scw/1663/166300740010.001/swg.fits[1]
scw/1665/166500050010.001/swg.fits[1]
scw/1665/166500060010.001/swg.fits[1]
scw/1665/166500070010.001/swg.fits[1]
scw/1665/166500290010.001/swg.fits[1]
scw/1665/166500300010.001/swg.fits[1]
scw/1665/166500310010.001/swg.fits[1]
