scw/1840/184000430010.001/swg.fits[1]
scw/1840/184000440010.001/swg.fits[1]
scw/1840/184000450010.001/swg.fits[1]
scw/1840/184000460010.001/swg.fits[1]
scw/1840/184000470010.001/swg.fits[1]
scw/1840/184000480010.001/swg.fits[1]
scw/1840/184000580010.001/swg.fits[1]
scw/1840/184000590010.001/swg.fits[1]
scw/1840/184000600010.001/swg.fits[1]
scw/1840/184000610010.001/swg.fits[1]
scw/1840/184000620010.001/swg.fits[1]
scw/1840/184000630010.001/swg.fits[1]
scw/1840/184000640010.001/swg.fits[1]
scw/1840/184000650010.001/swg.fits[1]
scw/1840/184000660010.001/swg.fits[1]
scw/1840/184000670010.001/swg.fits[1]
scw/1840/184000680010.001/swg.fits[1]
scw/1840/184000690010.001/swg.fits[1]
scw/1840/184000700010.001/swg.fits[1]
scw/1840/184000710010.001/swg.fits[1]
scw/1840/184000810010.001/swg.fits[1]
scw/1840/184000820010.001/swg.fits[1]
scw/1840/184000830010.001/swg.fits[1]
scw/1840/184000840010.001/swg.fits[1]
scw/1840/184000850010.001/swg.fits[1]
scw/1840/184000860010.001/swg.fits[1]
scw/1840/184000870010.001/swg.fits[1]
scw/1841/184100700010.001/swg.fits[1]
scw/1841/184100710010.001/swg.fits[1]
scw/1841/184100720010.001/swg.fits[1]
scw/1841/184100730010.001/swg.fits[1]
scw/1841/184100740010.001/swg.fits[1]
scw/1841/184100750010.001/swg.fits[1]
scw/1841/184100760010.001/swg.fits[1]
scw/1841/184100860010.001/swg.fits[1]
scw/1841/184100870010.001/swg.fits[1]
scw/1841/184100880010.001/swg.fits[1]
scw/1841/184100890010.001/swg.fits[1]
scw/1841/184100900010.001/swg.fits[1]
scw/1841/184100910010.001/swg.fits[1]
scw/1841/184100920010.001/swg.fits[1]
scw/1841/184100930010.001/swg.fits[1]
scw/1841/184100930020.001/swg.fits[1]
scw/1842/184200280010.001/swg.fits[1]
scw/1842/184200290010.001/swg.fits[1]
scw/1842/184200350010.001/swg.fits[1]
scw/1842/184200360010.001/swg.fits[1]
scw/1842/184200380010.001/swg.fits[1]
scw/1842/184200390010.001/swg.fits[1]
scw/1842/184200400010.001/swg.fits[1]
scw/1842/184200410010.001/swg.fits[1]
scw/1842/184200420010.001/swg.fits[1]
scw/1842/184200430010.001/swg.fits[1]
scw/1842/184200440010.001/swg.fits[1]
scw/1842/184200540010.001/swg.fits[1]
scw/1842/184200550010.001/swg.fits[1]
scw/1842/184200560010.001/swg.fits[1]
scw/1842/184200570010.001/swg.fits[1]
scw/1842/184200580010.001/swg.fits[1]
scw/1842/184200590010.001/swg.fits[1]
scw/1842/184200600010.001/swg.fits[1]
scw/1842/184200700010.001/swg.fits[1]
scw/1842/184200710010.001/swg.fits[1]
scw/1842/184200720010.001/swg.fits[1]
scw/1842/184200730010.001/swg.fits[1]
scw/1842/184200740010.001/swg.fits[1]
scw/1842/184200750010.001/swg.fits[1]
scw/1842/184200760010.001/swg.fits[1]
scw/1842/184200860010.001/swg.fits[1]
scw/1842/184200870010.001/swg.fits[1]
scw/1842/184200880010.001/swg.fits[1]
scw/1842/184200890010.001/swg.fits[1]
scw/1842/184200900010.001/swg.fits[1]
scw/1842/184200910010.001/swg.fits[1]
scw/1842/184200920010.001/swg.fits[1]
scw/1844/184400280010.001/swg.fits[1]
scw/1844/184400290010.001/swg.fits[1]
scw/1844/184400350010.001/swg.fits[1]
scw/1844/184400360010.001/swg.fits[1]
scw/1844/184400500010.001/swg.fits[1]
scw/1844/184400510010.001/swg.fits[1]
scw/1844/184400650010.001/swg.fits[1]
scw/1844/184400660010.001/swg.fits[1]
scw/1844/184400670010.001/swg.fits[1]
scw/1844/184400680010.001/swg.fits[1]
scw/1844/184400690010.001/swg.fits[1]
scw/1844/184400700010.001/swg.fits[1]
scw/1844/184400710010.001/swg.fits[1]
scw/1844/184400810010.001/swg.fits[1]
scw/1844/184400820010.001/swg.fits[1]
scw/1844/184400830010.001/swg.fits[1]
scw/1844/184400840010.001/swg.fits[1]
scw/1844/184400850010.001/swg.fits[1]
scw/1844/184400860010.001/swg.fits[1]
scw/1844/184400870010.001/swg.fits[1]
scw/1844/184400970010.001/swg.fits[1]
scw/1844/184400980010.001/swg.fits[1]
scw/1844/184400990010.001/swg.fits[1]
scw/1847/184700330010.001/swg.fits[1]
scw/1847/184700340010.001/swg.fits[1]
scw/1848/184800280010.001/swg.fits[1]
scw/1848/184800290010.001/swg.fits[1]
scw/1848/184800340010.001/swg.fits[1]
scw/1848/184800350010.001/swg.fits[1]
scw/1848/184800360010.001/swg.fits[1]
scw/1849/184900360010.001/swg.fits[1]
scw/1849/184900370010.001/swg.fits[1]
scw/1849/184900420010.001/swg.fits[1]
scw/1849/184900430010.001/swg.fits[1]
scw/1849/184900440010.001/swg.fits[1]
scw/1850/185000660010.001/swg.fits[1]
scw/1850/185000670010.001/swg.fits[1]
scw/1850/185000720010.001/swg.fits[1]
scw/1850/185000730010.001/swg.fits[1]
scw/1850/185000740010.001/swg.fits[1]
scw/1851/185100100010.001/swg.fits[1]
scw/1851/185100110010.001/swg.fits[1]
scw/1851/185100120010.001/swg.fits[1]
scw/1851/185100130010.001/swg.fits[1]
scw/1851/185100140010.001/swg.fits[1]
scw/1851/185100150010.001/swg.fits[1]
scw/1851/185100160010.001/swg.fits[1]
scw/1851/185100260010.001/swg.fits[1]
scw/1851/185100270010.001/swg.fits[1]
scw/1851/185100280010.001/swg.fits[1]
scw/1851/185100290010.001/swg.fits[1]
scw/1851/185100300010.001/swg.fits[1]
scw/1851/185100310010.001/swg.fits[1]
scw/1851/185100320010.001/swg.fits[1]
scw/1854/185400360010.001/swg.fits[1]
scw/1854/185400370010.001/swg.fits[1]
scw/1854/185400380010.001/swg.fits[1]
scw/1854/185400390010.001/swg.fits[1]
scw/1854/185400400010.001/swg.fits[1]
scw/1854/185400410010.001/swg.fits[1]
scw/1854/185400420010.001/swg.fits[1]
scw/1854/185400520010.001/swg.fits[1]
scw/1854/185400530010.001/swg.fits[1]
scw/1854/185400540010.001/swg.fits[1]
scw/1854/185400550010.001/swg.fits[1]
scw/1854/185400580010.001/swg.fits[1]
scw/1855/185500280010.001/swg.fits[1]
scw/1855/185500290010.001/swg.fits[1]
scw/1860/186000050010.001/swg.fits[1]
scw/1860/186000060010.001/swg.fits[1]
scw/1860/186000070010.001/swg.fits[1]
scw/1860/186000080010.001/swg.fits[1]
scw/1860/186000160010.001/swg.fits[1]
scw/1860/186000360010.001/swg.fits[1]
scw/1860/186000370010.001/swg.fits[1]
scw/1860/186000380010.001/swg.fits[1]
scw/1860/186000450010.001/swg.fits[1]
scw/1860/186000460010.001/swg.fits[1]
scw/1860/186000470010.001/swg.fits[1]
scw/1860/186000480010.001/swg.fits[1]
scw/1862/186200050010.001/swg.fits[1]
scw/1862/186200060010.001/swg.fits[1]
scw/1862/186200070010.001/swg.fits[1]
scw/1862/186200080010.001/swg.fits[1]
scw/1862/186200160010.001/swg.fits[1]
scw/1862/186200360010.001/swg.fits[1]
scw/1862/186200370010.001/swg.fits[1]
scw/1862/186200380010.001/swg.fits[1]
scw/1862/186200450010.001/swg.fits[1]
scw/1862/186200460010.001/swg.fits[1]
scw/1862/186200470010.001/swg.fits[1]
scw/1862/186200480010.001/swg.fits[1]
scw/1862/186200550010.001/swg.fits[1]
scw/1863/186300010010.001/swg.fits[1]
scw/1863/186300020010.001/swg.fits[1]
scw/1863/186300320010.001/swg.fits[1]
scw/1863/186300400010.001/swg.fits[1]
scw/1863/186300410010.001/swg.fits[1]
scw/1863/186300500010.001/swg.fits[1]
scw/1863/186300510010.001/swg.fits[1]
scw/1863/186300520010.001/swg.fits[1]
scw/1864/186400050010.001/swg.fits[1]
scw/1864/186400130010.001/swg.fits[1]
scw/1864/186400140010.001/swg.fits[1]
scw/1864/186400150010.001/swg.fits[1]
scw/1864/186400160010.001/swg.fits[1]
scw/1864/186400230010.001/swg.fits[1]
scw/1864/186400240010.001/swg.fits[1]
scw/1864/186400250010.001/swg.fits[1]
scw/1864/186400260010.001/swg.fits[1]
scw/1864/186400340010.001/swg.fits[1]
scw/1865/186500110010.001/swg.fits[1]
scw/1865/186500200010.001/swg.fits[1]
scw/1865/186500210010.001/swg.fits[1]
scw/1865/186500220010.001/swg.fits[1]
scw/1865/186500420010.001/swg.fits[1]
scw/1865/186500430010.001/swg.fits[1]
scw/1865/186500440010.001/swg.fits[1]
scw/1865/186500450010.001/swg.fits[1]
scw/1865/186500530010.001/swg.fits[1]
scw/1908/190800100010.001/swg.fits[1]
scw/1908/190800110010.001/swg.fits[1]
scw/1908/190800120010.001/swg.fits[1]
scw/1908/190800130010.001/swg.fits[1]
scw/1908/190800140010.001/swg.fits[1]
scw/1908/190800150010.001/swg.fits[1]
scw/1908/190800160010.001/swg.fits[1]
scw/1908/190800260010.001/swg.fits[1]
scw/1908/190800270010.001/swg.fits[1]
scw/1908/190800280010.001/swg.fits[1]
scw/1908/190800290010.001/swg.fits[1]
scw/1908/190800300010.001/swg.fits[1]
scw/1908/190800310010.001/swg.fits[1]
scw/1908/190800320010.001/swg.fits[1]
scw/1908/190800420010.001/swg.fits[1]
scw/1908/190800430010.001/swg.fits[1]
scw/1908/190800440010.001/swg.fits[1]
scw/1908/190800450010.001/swg.fits[1]
scw/1908/190800460010.001/swg.fits[1]
scw/1908/190800470010.001/swg.fits[1]
scw/1908/190800480010.001/swg.fits[1]
scw/1908/190800580010.001/swg.fits[1]
scw/1908/190800590010.001/swg.fits[1]
scw/1908/190800600010.001/swg.fits[1]
scw/1908/190800610010.001/swg.fits[1]
scw/1908/190800620010.001/swg.fits[1]
scw/1908/190800630010.001/swg.fits[1]
scw/1908/190800640010.001/swg.fits[1]
scw/1908/190800740010.001/swg.fits[1]
scw/1908/190800750010.001/swg.fits[1]
scw/1908/190800760010.001/swg.fits[1]
scw/1908/190800770010.001/swg.fits[1]
scw/1908/190800780010.001/swg.fits[1]
scw/1908/190800790010.001/swg.fits[1]
scw/1908/190800800010.001/swg.fits[1]
scw/1908/190800900010.001/swg.fits[1]
scw/1908/190800910010.001/swg.fits[1]
scw/1908/190800920010.001/swg.fits[1]
scw/1908/190800930010.001/swg.fits[1]
scw/1908/190800940010.001/swg.fits[1]
scw/1908/190800950010.001/swg.fits[1]
scw/1908/190800960010.001/swg.fits[1]
scw/1908/190800960020.001/swg.fits[1]
scw/1909/190900100010.001/swg.fits[1]
scw/1909/190900110010.001/swg.fits[1]
scw/1909/190900120010.001/swg.fits[1]
scw/1909/190900130010.001/swg.fits[1]
