scw/0841/084101110010.001/swg.fits[1]
scw/0841/084101120010.001/swg.fits[1]
scw/0841/084101130010.001/swg.fits[1]
scw/0842/084200310010.001/swg.fits[1]
scw/0842/084200320010.001/swg.fits[1]
scw/0842/084200330010.001/swg.fits[1]
scw/0842/084200340010.001/swg.fits[1]
scw/0842/084200350010.001/swg.fits[1]
scw/0842/084200360010.001/swg.fits[1]
scw/0842/084201000010.001/swg.fits[1]
scw/0842/084201070010.001/swg.fits[1]
scw/0842/084201080010.001/swg.fits[1]
scw/0842/084201090010.001/swg.fits[1]
scw/0842/084201100010.001/swg.fits[1]
scw/0842/084201110010.001/swg.fits[1]
scw/0842/084201120010.001/swg.fits[1]
scw/0842/084201130010.001/swg.fits[1]
scw/0843/084300290010.001/swg.fits[1]
scw/0843/084300300010.001/swg.fits[1]
scw/0843/084300310010.001/swg.fits[1]
scw/0843/084300320010.001/swg.fits[1]
scw/0843/084300330010.001/swg.fits[1]
scw/0843/084300340010.001/swg.fits[1]
scw/0843/084300350010.001/swg.fits[1]
scw/0843/084300420010.001/swg.fits[1]
scw/0843/084300970010.001/swg.fits[1]
scw/0843/084300980010.001/swg.fits[1]
scw/0843/084300990010.001/swg.fits[1]
scw/0843/084301000010.001/swg.fits[1]
scw/0843/084301010010.001/swg.fits[1]
scw/0843/084301020010.001/swg.fits[1]
scw/0843/084301030010.001/swg.fits[1]
scw/0844/084400290010.001/swg.fits[1]
scw/0844/084400300010.001/swg.fits[1]
scw/0844/084400310010.001/swg.fits[1]
scw/0844/084400320010.001/swg.fits[1]
scw/0844/084400330010.001/swg.fits[1]
scw/0844/084400340010.001/swg.fits[1]
scw/0844/084400350010.001/swg.fits[1]
scw/0844/084401050010.001/swg.fits[1]
scw/0844/084401060010.001/swg.fits[1]
scw/0844/084401070010.001/swg.fits[1]
scw/0844/084401080010.001/swg.fits[1]
scw/0844/084401090010.001/swg.fits[1]
scw/0844/084401100010.001/swg.fits[1]
scw/0844/084401110010.001/swg.fits[1]
scw/0845/084500290010.001/swg.fits[1]
scw/0845/084500300010.001/swg.fits[1]
scw/0845/084500310010.001/swg.fits[1]
scw/0845/084500320010.001/swg.fits[1]
scw/0845/084500330010.001/swg.fits[1]
scw/0845/084500340010.001/swg.fits[1]
scw/0845/084500350010.001/swg.fits[1]
scw/0845/084501060010.001/swg.fits[1]
scw/0845/084501070010.001/swg.fits[1]
scw/0845/084501080010.001/swg.fits[1]
scw/0845/084501090010.001/swg.fits[1]
scw/0845/084501100010.001/swg.fits[1]
scw/0845/084501110010.001/swg.fits[1]
scw/0850/085000290010.001/swg.fits[1]
scw/0850/085000300010.001/swg.fits[1]
scw/0850/085000310010.001/swg.fits[1]
scw/0850/085000320010.001/swg.fits[1]
scw/0850/085000330010.001/swg.fits[1]
scw/0850/085000340010.001/swg.fits[1]
scw/0850/085001000010.001/swg.fits[1]
scw/0850/085001010010.001/swg.fits[1]
scw/0850/085001020010.001/swg.fits[1]
scw/0850/085001030010.001/swg.fits[1]
scw/0850/085001040010.001/swg.fits[1]
scw/0850/085001050010.001/swg.fits[1]
scw/0850/085001060010.001/swg.fits[1]
scw/0850/085001070010.001/swg.fits[1]
scw/0886/088600020010.001/swg.fits[1]
scw/0886/088600030010.001/swg.fits[1]
scw/0886/088600040010.001/swg.fits[1]
scw/0886/088600050010.001/swg.fits[1]
scw/0891/089100370010.001/swg.fits[1]
scw/0891/089100380010.001/swg.fits[1]
scw/0891/089100390010.001/swg.fits[1]
scw/0891/089100400010.001/swg.fits[1]
scw/0891/089100410010.001/swg.fits[1]
scw/0891/089100420010.001/swg.fits[1]
scw/0899/089900460010.001/swg.fits[1]
scw/0899/089900530010.001/swg.fits[1]
scw/0899/089900540010.001/swg.fits[1]
scw/0899/089900550010.001/swg.fits[1]
scw/0899/089900560010.001/swg.fits[1]
scw/0899/089900570010.001/swg.fits[1]
scw/0899/089900580010.001/swg.fits[1]
scw/0899/089900590010.001/swg.fits[1]
scw/0899/089900910010.001/swg.fits[1]
scw/0899/089900920010.001/swg.fits[1]
scw/0899/089900930010.001/swg.fits[1]
scw/0899/089900940010.001/swg.fits[1]
scw/0899/089900950010.001/swg.fits[1]
scw/0899/089900960010.001/swg.fits[1]
scw/0899/089900970010.001/swg.fits[1]
scw/0899/089901040010.001/swg.fits[1]
scw/0900/090000120010.001/swg.fits[1]
scw/0900/090000130010.001/swg.fits[1]
scw/0900/090000140010.001/swg.fits[1]
scw/0900/090000150010.001/swg.fits[1]
scw/0900/090000160010.001/swg.fits[1]
scw/0900/090000170010.001/swg.fits[1]
scw/0900/090000180010.001/swg.fits[1]
scw/0900/090000240010.001/swg.fits[1]
scw/0900/090000250010.001/swg.fits[1]
scw/0900/090000650010.001/swg.fits[1]
scw/0900/090000660010.001/swg.fits[1]
scw/0900/090000670010.001/swg.fits[1]
scw/0900/090000680010.001/swg.fits[1]
scw/0900/090000690010.001/swg.fits[1]
scw/0900/090000700010.001/swg.fits[1]
scw/0900/090000710010.001/swg.fits[1]
scw/0900/090000720010.001/swg.fits[1]
scw/0900/090000730010.001/swg.fits[1]
scw/0900/090000780010.001/swg.fits[1]
scw/0900/090000790010.001/swg.fits[1]
scw/0901/090100540010.001/swg.fits[1]
scw/0901/090100550010.001/swg.fits[1]
scw/0901/090100560010.001/swg.fits[1]
scw/0901/090100570010.001/swg.fits[1]
scw/0901/090100580010.001/swg.fits[1]
scw/0901/090100590010.001/swg.fits[1]
scw/0901/090100980010.001/swg.fits[1]
scw/0901/090101050010.001/swg.fits[1]
scw/0901/090101060010.001/swg.fits[1]
scw/0901/090101070010.001/swg.fits[1]
scw/0901/090101080010.001/swg.fits[1]
scw/0901/090101090010.001/swg.fits[1]
scw/0901/090101100010.001/swg.fits[1]
scw/0901/090101110010.001/swg.fits[1]
scw/0904/090400210010.001/swg.fits[1]
scw/0904/090400220010.001/swg.fits[1]
scw/0904/090400230010.001/swg.fits[1]
scw/0904/090400240010.001/swg.fits[1]
scw/0904/090400250010.001/swg.fits[1]
scw/0904/090400260010.001/swg.fits[1]
scw/0904/090400270010.001/swg.fits[1]
scw/0904/090400680010.001/swg.fits[1]
scw/0904/090400690010.001/swg.fits[1]
scw/0904/090400700010.001/swg.fits[1]
scw/0904/090400710010.001/swg.fits[1]
scw/0904/090400720010.001/swg.fits[1]
scw/0904/090400730010.001/swg.fits[1]
scw/0904/090400740010.001/swg.fits[1]
scw/0904/090400750010.001/swg.fits[1]
scw/0904/090400760010.001/swg.fits[1]
scw/0905/090500460010.001/swg.fits[1]
scw/0905/090500470010.001/swg.fits[1]
scw/0905/090500520010.001/swg.fits[1]
scw/0905/090500530010.001/swg.fits[1]
scw/0905/090500540010.001/swg.fits[1]
scw/0905/090500550010.001/swg.fits[1]
scw/0905/090500560010.001/swg.fits[1]
scw/0905/090500570010.001/swg.fits[1]
scw/0905/090500580010.001/swg.fits[1]
scw/0905/090500590010.001/swg.fits[1]
scw/0905/090500600010.001/swg.fits[1]
scw/0905/090500610010.001/swg.fits[1]
scw/0905/090500620010.001/swg.fits[1]
scw/0905/090500630010.001/swg.fits[1]
scw/0905/090500640010.001/swg.fits[1]
scw/0905/090500650010.001/swg.fits[1]
scw/0905/090500660010.001/swg.fits[1]
scw/0905/090500670010.001/swg.fits[1]
scw/0905/090500680010.001/swg.fits[1]
scw/0905/090500690010.001/swg.fits[1]
scw/0905/090500740010.001/swg.fits[1]
scw/0905/090500750010.001/swg.fits[1]
scw/0906/090600030010.001/swg.fits[1]
scw/0906/090600040010.001/swg.fits[1]
scw/0906/090600050010.001/swg.fits[1]
scw/0906/090600060010.001/swg.fits[1]
scw/0906/090600070010.001/swg.fits[1]
scw/0906/090600080010.001/swg.fits[1]
scw/0906/090600560010.001/swg.fits[1]
scw/0906/090600570010.001/swg.fits[1]
scw/0906/090600580010.001/swg.fits[1]
scw/0906/090600600010.001/swg.fits[1]
scw/0906/090600610010.001/swg.fits[1]
scw/0906/090600620010.001/swg.fits[1]
scw/0906/090600630010.001/swg.fits[1]
scw/0906/090600640010.001/swg.fits[1]
scw/0907/090700030010.001/swg.fits[1]
scw/0907/090700040010.001/swg.fits[1]
scw/0907/090700050010.001/swg.fits[1]
scw/0907/090700060010.001/swg.fits[1]
scw/0907/090700070010.001/swg.fits[1]
scw/0907/090700080010.001/swg.fits[1]
scw/0907/090700090010.001/swg.fits[1]
scw/0907/090700630010.001/swg.fits[1]
scw/0907/090700640010.001/swg.fits[1]
scw/0907/090700650010.001/swg.fits[1]
scw/0907/090700660010.001/swg.fits[1]
scw/0907/090700670010.001/swg.fits[1]
scw/0907/090700680010.001/swg.fits[1]
scw/0907/090700690010.001/swg.fits[1]
scw/0907/090700700010.001/swg.fits[1]
scw/0908/090800450010.001/swg.fits[1]
scw/0908/090800460010.001/swg.fits[1]
scw/0908/090800470010.001/swg.fits[1]
scw/0908/090800480010.001/swg.fits[1]
scw/0908/090800490010.001/swg.fits[1]
scw/0908/090800500010.001/swg.fits[1]
scw/0908/090800510010.001/swg.fits[1]
scw/0908/090800970010.001/swg.fits[1]
scw/0908/090800980010.001/swg.fits[1]
scw/0908/090800990010.001/swg.fits[1]
scw/0908/090801000010.001/swg.fits[1]
scw/0908/090801010010.001/swg.fits[1]
scw/0908/090801020010.001/swg.fits[1]
scw/0908/090801030010.001/swg.fits[1]
scw/0909/090900200010.001/swg.fits[1]
scw/0909/090900210010.001/swg.fits[1]
scw/0909/090900220010.001/swg.fits[1]
scw/0909/090900230010.001/swg.fits[1]
scw/0909/090900240010.001/swg.fits[1]
scw/0909/090900250010.001/swg.fits[1]
scw/0909/090900550010.001/swg.fits[1]
scw/0909/090900560010.001/swg.fits[1]
scw/0909/090900570010.001/swg.fits[1]
scw/0909/090900580010.001/swg.fits[1]
scw/0909/090900590010.001/swg.fits[1]
scw/0909/090900600010.001/swg.fits[1]
scw/0910/091000190010.001/swg.fits[1]
scw/0910/091000200010.001/swg.fits[1]
scw/0910/091000210010.001/swg.fits[1]
scw/0910/091000220010.001/swg.fits[1]
scw/0910/091000230010.001/swg.fits[1]
scw/0910/091000240010.001/swg.fits[1]
scw/0910/091000250010.001/swg.fits[1]
scw/0910/091000540010.001/swg.fits[1]
scw/0910/091000550010.001/swg.fits[1]
scw/0910/091000560010.001/swg.fits[1]
scw/0910/091000570010.001/swg.fits[1]
scw/0910/091000580010.001/swg.fits[1]
scw/0910/091000590010.001/swg.fits[1]
scw/0910/091000600010.001/swg.fits[1]
scw/0910/091000610010.001/swg.fits[1]
scw/0911/091100290010.001/swg.fits[1]
