scw/1483/148300450010.001/swg.fits[1]
scw/1483/148300460010.001/swg.fits[1]
scw/1483/148300470010.001/swg.fits[1]
scw/1483/148300480010.001/swg.fits[1]
scw/1483/148300490010.001/swg.fits[1]
scw/1483/148300500010.001/swg.fits[1]
scw/1483/148300510010.001/swg.fits[1]
scw/1483/148300520010.001/swg.fits[1]
scw/1483/148300530010.001/swg.fits[1]
scw/1483/148300540010.001/swg.fits[1]
scw/1483/148300550010.001/swg.fits[1]
scw/1483/148300560010.001/swg.fits[1]
scw/1483/148300570010.001/swg.fits[1]
scw/1483/148300580010.001/swg.fits[1]
scw/1483/148300590010.001/swg.fits[1]
scw/1483/148300600010.001/swg.fits[1]
scw/1483/148300610010.001/swg.fits[1]
scw/1483/148300620010.001/swg.fits[1]
scw/1483/148300630010.001/swg.fits[1]
scw/1483/148300640010.001/swg.fits[1]
scw/1483/148300650010.001/swg.fits[1]
scw/1483/148300660010.001/swg.fits[1]
scw/1483/148300670010.001/swg.fits[1]
scw/1483/148300680010.001/swg.fits[1]
scw/1483/148300690010.001/swg.fits[1]
scw/1483/148300700010.001/swg.fits[1]
scw/1483/148300710010.001/swg.fits[1]
scw/1483/148300720010.001/swg.fits[1]
scw/1483/148300740010.001/swg.fits[1]
scw/1483/148300750010.001/swg.fits[1]
scw/1483/148300760010.001/swg.fits[1]
scw/1485/148500230010.001/swg.fits[1]
scw/1485/148500240010.001/swg.fits[1]
scw/1485/148500250010.001/swg.fits[1]
scw/1485/148500260010.001/swg.fits[1]
scw/1485/148500270010.001/swg.fits[1]
scw/1485/148500280010.001/swg.fits[1]
scw/1485/148500330010.001/swg.fits[1]
scw/1485/148500340010.001/swg.fits[1]
scw/1485/148500350010.001/swg.fits[1]
scw/1485/148500360010.001/swg.fits[1]
scw/1485/148500370010.001/swg.fits[1]
scw/1485/148500380010.001/swg.fits[1]
scw/1485/148500390010.001/swg.fits[1]
scw/1485/148500400010.001/swg.fits[1]
scw/1485/148500410010.001/swg.fits[1]
scw/1485/148500420010.001/swg.fits[1]
scw/1485/148500430010.001/swg.fits[1]
scw/1485/148500440010.001/swg.fits[1]
scw/1485/148500450010.001/swg.fits[1]
scw/1485/148500460010.001/swg.fits[1]
scw/1485/148500470010.001/swg.fits[1]
scw/1485/148500480010.001/swg.fits[1]
scw/1485/148500490010.001/swg.fits[1]
scw/1485/148500500010.001/swg.fits[1]
scw/1485/148500510010.001/swg.fits[1]
scw/1485/148500520010.001/swg.fits[1]
scw/1485/148500530010.001/swg.fits[1]
scw/1485/148500540010.001/swg.fits[1]
scw/1485/148500550010.001/swg.fits[1]
scw/1485/148500560010.001/swg.fits[1]
scw/1485/148500570010.001/swg.fits[1]
scw/1485/148500580010.001/swg.fits[1]
scw/1485/148500590010.001/swg.fits[1]
scw/1485/148500600010.001/swg.fits[1]
scw/1485/148500610010.001/swg.fits[1]
scw/1485/148500620010.001/swg.fits[1]
scw/1485/148500630010.001/swg.fits[1]
scw/1485/148500640010.001/swg.fits[1]
scw/1485/148500650010.001/swg.fits[1]
scw/1485/148500660010.001/swg.fits[1]
scw/1485/148500670010.001/swg.fits[1]
scw/1485/148500680010.001/swg.fits[1]
scw/1485/148500690010.001/swg.fits[1]
scw/1485/148500700010.001/swg.fits[1]
scw/1485/148500710010.001/swg.fits[1]
scw/1485/148500720010.001/swg.fits[1]
scw/1488/148800230010.001/swg.fits[1]
scw/1488/148800240010.001/swg.fits[1]
scw/1488/148800250010.001/swg.fits[1]
scw/1488/148800260010.001/swg.fits[1]
scw/1488/148800270010.001/swg.fits[1]
scw/1488/148800280010.001/swg.fits[1]
scw/1488/148800290010.001/swg.fits[1]
scw/1488/148800300010.001/swg.fits[1]
scw/1488/148800310010.001/swg.fits[1]
scw/1488/148800320010.001/swg.fits[1]
scw/1488/148800330010.001/swg.fits[1]
scw/1488/148800340010.001/swg.fits[1]
scw/1488/148800350010.001/swg.fits[1]
scw/1488/148800360010.001/swg.fits[1]
scw/1488/148800370010.001/swg.fits[1]
scw/1488/148800380010.001/swg.fits[1]
scw/1488/148800390010.001/swg.fits[1]
scw/1488/148800400010.001/swg.fits[1]
scw/1488/148800410010.001/swg.fits[1]
scw/1488/148800420010.001/swg.fits[1]
scw/1488/148800430010.001/swg.fits[1]
scw/1488/148800440010.001/swg.fits[1]
scw/1488/148800450010.001/swg.fits[1]
scw/1488/148800460010.001/swg.fits[1]
scw/1488/148800470010.001/swg.fits[1]
scw/1488/148800480010.001/swg.fits[1]
scw/1488/148800490010.001/swg.fits[1]
scw/1488/148800500010.001/swg.fits[1]
scw/1488/148800510010.001/swg.fits[1]
scw/1488/148800520010.001/swg.fits[1]
scw/1488/148800530010.001/swg.fits[1]
scw/1488/148800540010.001/swg.fits[1]
scw/1488/148800550010.001/swg.fits[1]
scw/1488/148800560010.001/swg.fits[1]
scw/1488/148800570010.001/swg.fits[1]
scw/1488/148800580010.001/swg.fits[1]
scw/1488/148800590010.001/swg.fits[1]
scw/1488/148800600010.001/swg.fits[1]
scw/1488/148800610010.001/swg.fits[1]
scw/1488/148800620010.001/swg.fits[1]
scw/1488/148800630010.001/swg.fits[1]
scw/1488/148800640010.001/swg.fits[1]
scw/1488/148800650010.001/swg.fits[1]
scw/1488/148800660010.001/swg.fits[1]
scw/1488/148800670010.001/swg.fits[1]
scw/1488/148800680010.001/swg.fits[1]
scw/1488/148800690010.001/swg.fits[1]
scw/1488/148800700010.001/swg.fits[1]
scw/1488/148800710010.001/swg.fits[1]
scw/1488/148800720010.001/swg.fits[1]
scw/1490/149000260010.001/swg.fits[1]
scw/1490/149000270010.001/swg.fits[1]
scw/1490/149000280010.001/swg.fits[1]
scw/1490/149000290010.001/swg.fits[1]
scw/1490/149000300010.001/swg.fits[1]
scw/1490/149000310010.001/swg.fits[1]
scw/1490/149000320010.001/swg.fits[1]
scw/1490/149000330010.001/swg.fits[1]
scw/1490/149000340010.001/swg.fits[1]
scw/1490/149000350010.001/swg.fits[1]
scw/1490/149000360010.001/swg.fits[1]
scw/1490/149000370010.001/swg.fits[1]
scw/1490/149000380010.001/swg.fits[1]
scw/1490/149000390010.001/swg.fits[1]
scw/1490/149000400010.001/swg.fits[1]
scw/1490/149000410010.001/swg.fits[1]
scw/1490/149000420010.001/swg.fits[1]
scw/1490/149000430010.001/swg.fits[1]
scw/1490/149000440010.001/swg.fits[1]
scw/1490/149000450010.001/swg.fits[1]
scw/1490/149000460010.001/swg.fits[1]
scw/1490/149000470010.001/swg.fits[1]
scw/1490/149000480010.001/swg.fits[1]
scw/1490/149000490010.001/swg.fits[1]
scw/1490/149000500010.001/swg.fits[1]
scw/1490/149000510010.001/swg.fits[1]
scw/1490/149000520010.001/swg.fits[1]
scw/1490/149000530010.001/swg.fits[1]
scw/1490/149000540010.001/swg.fits[1]
scw/1490/149000550010.001/swg.fits[1]
scw/1490/149000560010.001/swg.fits[1]
scw/1490/149000570010.001/swg.fits[1]
scw/1490/149000580010.001/swg.fits[1]
scw/1490/149000590010.001/swg.fits[1]
scw/1490/149000600010.001/swg.fits[1]
scw/1490/149000610010.001/swg.fits[1]
scw/1490/149000620010.001/swg.fits[1]
scw/1490/149000630010.001/swg.fits[1]
scw/1490/149000640010.001/swg.fits[1]
scw/1490/149000650010.001/swg.fits[1]
scw/1490/149000660010.001/swg.fits[1]
scw/1490/149000670010.001/swg.fits[1]
scw/1490/149000680010.001/swg.fits[1]
scw/1490/149000690010.001/swg.fits[1]
scw/1490/149000700010.001/swg.fits[1]
scw/1490/149000710010.001/swg.fits[1]
scw/1490/149000720010.001/swg.fits[1]
scw/1490/149000730010.001/swg.fits[1]
scw/1490/149000740010.001/swg.fits[1]
scw/1490/149000750010.001/swg.fits[1]
scw/1535/153500320010.001/swg.fits[1]
scw/1535/153500330010.001/swg.fits[1]
scw/1535/153500340010.001/swg.fits[1]
scw/1535/153500350010.001/swg.fits[1]
scw/1535/153500360010.001/swg.fits[1]
scw/1535/153500370010.001/swg.fits[1]
scw/1535/153500380010.001/swg.fits[1]
scw/1535/153500390010.001/swg.fits[1]
scw/1535/153500400010.001/swg.fits[1]
scw/1535/153500410010.001/swg.fits[1]
scw/1535/153500420010.001/swg.fits[1]
scw/1535/153500430010.001/swg.fits[1]
scw/1535/153500440010.001/swg.fits[1]
scw/1535/153500450010.001/swg.fits[1]
scw/1535/153500460010.001/swg.fits[1]
scw/1535/153500470010.001/swg.fits[1]
scw/1535/153500480010.001/swg.fits[1]
scw/1535/153500490010.001/swg.fits[1]
scw/1535/153500500010.001/swg.fits[1]
scw/1535/153500510010.001/swg.fits[1]
scw/1535/153500520010.001/swg.fits[1]
scw/1535/153500530010.001/swg.fits[1]
scw/1535/153500540010.001/swg.fits[1]
scw/1535/153500550010.001/swg.fits[1]
scw/1535/153500560010.001/swg.fits[1]
scw/1535/153500570010.001/swg.fits[1]
scw/1535/153500580010.001/swg.fits[1]
scw/1535/153500590010.001/swg.fits[1]
scw/1535/153500600010.001/swg.fits[1]
scw/1535/153500610010.001/swg.fits[1]
scw/1535/153500620010.001/swg.fits[1]
scw/1535/153500630010.001/swg.fits[1]
scw/1535/153500640010.001/swg.fits[1]
scw/1535/153500650010.001/swg.fits[1]
scw/1535/153500660010.001/swg.fits[1]
scw/1535/153500670010.001/swg.fits[1]
scw/1535/153500680010.001/swg.fits[1]
scw/1535/153500690010.001/swg.fits[1]
scw/1535/153500700010.001/swg.fits[1]
scw/1535/153500710010.001/swg.fits[1]
scw/1535/153500720010.001/swg.fits[1]
scw/1535/153500730010.001/swg.fits[1]
scw/1535/153500740010.001/swg.fits[1]
scw/1535/153500750010.001/swg.fits[1]
scw/1535/153500760010.001/swg.fits[1]
scw/1535/153500770010.001/swg.fits[1]
scw/1535/153500780010.001/swg.fits[1]
scw/1535/153500790010.001/swg.fits[1]
scw/1535/153500800010.001/swg.fits[1]
scw/1535/153500810010.001/swg.fits[1]
scw/1537/153700310010.001/swg.fits[1]
scw/1537/153700320010.001/swg.fits[1]
scw/1537/153700330010.001/swg.fits[1]
scw/1537/153700340010.001/swg.fits[1]
scw/1537/153700350010.001/swg.fits[1]
scw/1537/153700360010.001/swg.fits[1]
scw/1537/153700370010.001/swg.fits[1]
