scw/0666/066600040010.001/swg.fits[1]
scw/0666/066600050010.001/swg.fits[1]
scw/0666/066600060010.001/swg.fits[1]
scw/0666/066600070010.001/swg.fits[1]
scw/0666/066600080010.001/swg.fits[1]
scw/0666/066600090010.001/swg.fits[1]
scw/0666/066600100010.001/swg.fits[1]
scw/0666/066600110010.001/swg.fits[1]
scw/0666/066600120010.001/swg.fits[1]
scw/0666/066600130010.001/swg.fits[1]
scw/0666/066600140010.001/swg.fits[1]
scw/0666/066600150010.001/swg.fits[1]
scw/0666/066600160010.001/swg.fits[1]
scw/0666/066600170010.001/swg.fits[1]
scw/0666/066600180010.001/swg.fits[1]
scw/0666/066600190010.001/swg.fits[1]
scw/0666/066600200010.001/swg.fits[1]
scw/0666/066600210010.001/swg.fits[1]
scw/0666/066600240010.001/swg.fits[1]
scw/0666/066600250010.001/swg.fits[1]
scw/0666/066600320010.001/swg.fits[1]
scw/0666/066600330010.001/swg.fits[1]
scw/0666/066600340010.001/swg.fits[1]
scw/0666/066600350010.001/swg.fits[1]
scw/0666/066600360010.001/swg.fits[1]
scw/0666/066600370010.001/swg.fits[1]
scw/0666/066600380010.001/swg.fits[1]
scw/0666/066600390010.001/swg.fits[1]
scw/0666/066600400010.001/swg.fits[1]
scw/0666/066600410010.001/swg.fits[1]
scw/0666/066600420010.001/swg.fits[1]
scw/0666/066600420020.001/swg.fits[1]
scw/0666/066600420030.001/swg.fits[1]
scw/0666/066600430010.001/swg.fits[1]
scw/0666/066600440010.001/swg.fits[1]
scw/0666/066600450010.001/swg.fits[1]
scw/0666/066600460010.001/swg.fits[1]
scw/0666/066600470010.001/swg.fits[1]
scw/0666/066600480010.001/swg.fits[1]
scw/0666/066600490010.001/swg.fits[1]
scw/0666/066600500010.001/swg.fits[1]
scw/0666/066600510010.001/swg.fits[1]
scw/0666/066600520010.001/swg.fits[1]
scw/0666/066600530010.001/swg.fits[1]
scw/0666/066600540010.001/swg.fits[1]
scw/0666/066600550010.001/swg.fits[1]
scw/0666/066600560010.001/swg.fits[1]
scw/0666/066600570010.001/swg.fits[1]
scw/0666/066600580010.001/swg.fits[1]
scw/0666/066600590010.001/swg.fits[1]
scw/0666/066600600010.001/swg.fits[1]
scw/0666/066600610010.001/swg.fits[1]
scw/0666/066600620010.001/swg.fits[1]
scw/0666/066600630010.001/swg.fits[1]
scw/0666/066600640010.001/swg.fits[1]
scw/0666/066600650010.001/swg.fits[1]
scw/0666/066600660010.001/swg.fits[1]
scw/0666/066600670010.001/swg.fits[1]
scw/0666/066600680010.001/swg.fits[1]
scw/0666/066600690010.001/swg.fits[1]
scw/0666/066600700010.001/swg.fits[1]
scw/0666/066600710010.001/swg.fits[1]
scw/0666/066600720010.001/swg.fits[1]
scw/0666/066600740010.001/swg.fits[1]
scw/0666/066600750010.001/swg.fits[1]
scw/0666/066600760010.001/swg.fits[1]
scw/0666/066600770010.001/swg.fits[1]
scw/0666/066600780010.001/swg.fits[1]
scw/0666/066600790010.001/swg.fits[1]
scw/0666/066600800010.001/swg.fits[1]
scw/0666/066600810010.001/swg.fits[1]
scw/0666/066600820010.001/swg.fits[1]
scw/0666/066600830010.001/swg.fits[1]
scw/0666/066600840010.001/swg.fits[1]
scw/0666/066600850010.001/swg.fits[1]
scw/0666/066600860010.001/swg.fits[1]
scw/0666/066600870010.001/swg.fits[1]
scw/0666/066600880010.001/swg.fits[1]
scw/0666/066600890010.001/swg.fits[1]
scw/0666/066600900010.001/swg.fits[1]
scw/0666/066600910010.001/swg.fits[1]
scw/0666/066600920010.001/swg.fits[1]
scw/0666/066600930010.001/swg.fits[1]
scw/0666/066600940010.001/swg.fits[1]
scw/0666/066600950010.001/swg.fits[1]
scw/0666/066600960010.001/swg.fits[1]
scw/0666/066600970010.001/swg.fits[1]
scw/0666/066600980010.001/swg.fits[1]
scw/0666/066600990010.001/swg.fits[1]
scw/0666/066601000010.001/swg.fits[1]
scw/0666/066601010010.001/swg.fits[1]
scw/0706/070600080010.001/swg.fits[1]
scw/0707/070700470010.001/swg.fits[1]
scw/0709/070900200010.001/swg.fits[1]
scw/0710/071000070010.001/swg.fits[1]
scw/0715/071500140010.001/swg.fits[1]
scw/0715/071500150010.001/swg.fits[1]
scw/0715/071500160010.001/swg.fits[1]
scw/0715/071500170010.001/swg.fits[1]
scw/0715/071500180010.001/swg.fits[1]
scw/0715/071500260010.001/swg.fits[1]
scw/0715/071500470010.001/swg.fits[1]
scw/0715/071500550010.001/swg.fits[1]
scw/0715/071500560010.001/swg.fits[1]
scw/0715/071500570010.001/swg.fits[1]
scw/0715/071500580010.001/swg.fits[1]
scw/0715/071500650010.001/swg.fits[1]
scw/0715/071500660010.001/swg.fits[1]
scw/0715/071500670010.001/swg.fits[1]
scw/0716/071600110010.001/swg.fits[1]
scw/0716/071600190010.001/swg.fits[1]
scw/0716/071600400010.001/swg.fits[1]
scw/0716/071600490010.001/swg.fits[1]
scw/0716/071600500010.001/swg.fits[1]
scw/0716/071600510010.001/swg.fits[1]
scw/0716/071600570010.001/swg.fits[1]
scw/0716/071600580010.001/swg.fits[1]
scw/0724/072400030010.001/swg.fits[1]
scw/0724/072400040010.001/swg.fits[1]
scw/0724/072400050010.001/swg.fits[1]
scw/0724/072400240010.001/swg.fits[1]
scw/0724/072400250010.001/swg.fits[1]
scw/0724/072400330010.001/swg.fits[1]
scw/0724/072400340010.001/swg.fits[1]
scw/0724/072400350010.001/swg.fits[1]
scw/0724/072400360010.001/swg.fits[1]
scw/0724/072400430010.001/swg.fits[1]
scw/0724/072400440010.001/swg.fits[1]
scw/0724/072400560010.001/swg.fits[1]
scw/0727/072700070010.001/swg.fits[1]
scw/0727/072700080010.001/swg.fits[1]
scw/0727/072700090010.001/swg.fits[1]
scw/0727/072700100010.001/swg.fits[1]
scw/0727/072700110010.001/swg.fits[1]
scw/0727/072700120010.001/swg.fits[1]
scw/0727/072700130010.001/swg.fits[1]
scw/0727/072700140010.001/swg.fits[1]
scw/0727/072700150010.001/swg.fits[1]
scw/0727/072700160010.001/swg.fits[1]
scw/0727/072700170010.001/swg.fits[1]
scw/0727/072700180010.001/swg.fits[1]
scw/0727/072700190010.001/swg.fits[1]
scw/0727/072700200010.001/swg.fits[1]
scw/0727/072700210010.001/swg.fits[1]
scw/0727/072700220010.001/swg.fits[1]
scw/0727/072700230010.001/swg.fits[1]
scw/0727/072700240010.001/swg.fits[1]
scw/0727/072700250010.001/swg.fits[1]
scw/0727/072700260010.001/swg.fits[1]
scw/0727/072700270010.001/swg.fits[1]
scw/0727/072700280010.001/swg.fits[1]
scw/0727/072700290010.001/swg.fits[1]
scw/0727/072700300010.001/swg.fits[1]
scw/0727/072700310010.001/swg.fits[1]
scw/0727/072700320010.001/swg.fits[1]
scw/0727/072700330010.001/swg.fits[1]
scw/0727/072700340010.001/swg.fits[1]
scw/0727/072700350010.001/swg.fits[1]
scw/0727/072700360010.001/swg.fits[1]
scw/0727/072700370010.001/swg.fits[1]
scw/0727/072700380010.001/swg.fits[1]
scw/0727/072700390010.001/swg.fits[1]
scw/0727/072700400010.001/swg.fits[1]
scw/0727/072700410010.001/swg.fits[1]
scw/0727/072700420010.001/swg.fits[1]
scw/0727/072700430010.001/swg.fits[1]
scw/0727/072700440010.001/swg.fits[1]
scw/0727/072700450010.001/swg.fits[1]
scw/0727/072700460010.001/swg.fits[1]
scw/0727/072700520010.001/swg.fits[1]
scw/0727/072700530010.001/swg.fits[1]
scw/0727/072700540010.001/swg.fits[1]
scw/0727/072700550010.001/swg.fits[1]
scw/0727/072700570010.001/swg.fits[1]
scw/0727/072700580010.001/swg.fits[1]
scw/0727/072700590010.001/swg.fits[1]
scw/0727/072700600010.001/swg.fits[1]
scw/0727/072700630010.001/swg.fits[1]
scw/0727/072700640010.001/swg.fits[1]
scw/0727/072700670010.001/swg.fits[1]
scw/0727/072700680010.001/swg.fits[1]
scw/0727/072700690010.001/swg.fits[1]
scw/0727/072700700010.001/swg.fits[1]
scw/0727/072700710010.001/swg.fits[1]
scw/0727/072700720010.001/swg.fits[1]
scw/0727/072700730010.001/swg.fits[1]
scw/0727/072700740010.001/swg.fits[1]
scw/0727/072700750010.001/swg.fits[1]
scw/0727/072700760010.001/swg.fits[1]
scw/0727/072700770010.001/swg.fits[1]
scw/0727/072700790010.001/swg.fits[1]
scw/0727/072700800010.001/swg.fits[1]
scw/0727/072700810010.001/swg.fits[1]
scw/0727/072700820010.001/swg.fits[1]
scw/0727/072700830010.001/swg.fits[1]
scw/0727/072700840010.001/swg.fits[1]
scw/0727/072700850010.001/swg.fits[1]
scw/0727/072700860010.001/swg.fits[1]
scw/0727/072700870010.001/swg.fits[1]
scw/0727/072700880010.001/swg.fits[1]
scw/0727/072700890010.001/swg.fits[1]
scw/0727/072700900010.001/swg.fits[1]
scw/0727/072700910010.001/swg.fits[1]
scw/0727/072700920010.001/swg.fits[1]
scw/0727/072700930010.001/swg.fits[1]
scw/0727/072700940010.001/swg.fits[1]
scw/0727/072700950010.001/swg.fits[1]
scw/0727/072700960010.001/swg.fits[1]
scw/0727/072700980010.001/swg.fits[1]
scw/0727/072700990010.001/swg.fits[1]
scw/0727/072701000010.001/swg.fits[1]
scw/0728/072800060010.001/swg.fits[1]
scw/0728/072800070010.001/swg.fits[1]
scw/0728/072800080010.001/swg.fits[1]
scw/0728/072800090010.001/swg.fits[1]
scw/0728/072800100010.001/swg.fits[1]
scw/0728/072800110010.001/swg.fits[1]
scw/0728/072800120010.001/swg.fits[1]
scw/0728/072800130010.001/swg.fits[1]
scw/0728/072800140010.001/swg.fits[1]
scw/0728/072800150010.001/swg.fits[1]
scw/0728/072800160010.001/swg.fits[1]
scw/0728/072800170010.001/swg.fits[1]
scw/0728/072800180010.001/swg.fits[1]
scw/0728/072800190010.001/swg.fits[1]
scw/0728/072800200010.001/swg.fits[1]
scw/0728/072800210010.001/swg.fits[1]
scw/0728/072800220010.001/swg.fits[1]
scw/0728/072800230010.001/swg.fits[1]
scw/0728/072800240010.001/swg.fits[1]
scw/0728/072800250010.001/swg.fits[1]
scw/0728/072800260010.001/swg.fits[1]
scw/0728/072800270010.001/swg.fits[1]
scw/0728/072800280010.001/swg.fits[1]
scw/0728/072800290010.001/swg.fits[1]
scw/0728/072800300010.001/swg.fits[1]
scw/0728/072800310010.001/swg.fits[1]
scw/0728/072800320010.001/swg.fits[1]
scw/0728/072800330010.001/swg.fits[1]
scw/0728/072800340010.001/swg.fits[1]
scw/0728/072800350010.001/swg.fits[1]
scw/0728/072800360010.001/swg.fits[1]
scw/0728/072800370010.001/swg.fits[1]
scw/0728/072800380010.001/swg.fits[1]
scw/0728/072800390010.001/swg.fits[1]
