scw/0876/087600160010.001/swg.fits[1]
scw/0876/087600370010.001/swg.fits[1]
scw/0876/087600380010.001/swg.fits[1]
scw/0876/087600390010.001/swg.fits[1]
scw/0876/087600400010.001/swg.fits[1]
scw/0876/087600410010.001/swg.fits[1]
scw/0876/087600420010.001/swg.fits[1]
scw/0876/087600430010.001/swg.fits[1]
scw/0876/087600440010.001/swg.fits[1]
scw/0876/087600450010.001/swg.fits[1]
scw/0876/087600460010.001/swg.fits[1]
scw/0876/087600470010.001/swg.fits[1]
scw/0876/087600480010.001/swg.fits[1]
scw/0876/087600490010.001/swg.fits[1]
scw/0876/087600500010.001/swg.fits[1]
scw/0876/087600510010.001/swg.fits[1]
scw/0876/087600520010.001/swg.fits[1]
scw/0876/087600530010.001/swg.fits[1]
scw/0876/087600540010.001/swg.fits[1]
scw/0876/087600550010.001/swg.fits[1]
scw/0876/087600560010.001/swg.fits[1]
scw/0876/087600570010.001/swg.fits[1]
scw/0876/087600580010.001/swg.fits[1]
scw/0876/087600590010.001/swg.fits[1]
scw/0876/087600600010.001/swg.fits[1]
scw/0876/087600610010.001/swg.fits[1]
scw/0876/087600610020.001/swg.fits[1]
scw/0878/087800320010.001/swg.fits[1]
scw/0878/087800330010.001/swg.fits[1]
scw/0878/087800340010.001/swg.fits[1]
scw/0878/087800360010.001/swg.fits[1]
scw/0878/087800370010.001/swg.fits[1]
scw/0878/087800380010.001/swg.fits[1]
scw/0878/087800390010.001/swg.fits[1]
scw/0878/087800400010.001/swg.fits[1]
scw/0878/087800410010.001/swg.fits[1]
scw/0878/087800420010.001/swg.fits[1]
scw/0878/087800430010.001/swg.fits[1]
scw/0878/087800440010.001/swg.fits[1]
scw/0878/087800450010.001/swg.fits[1]
scw/0878/087800460010.001/swg.fits[1]
scw/0878/087800470010.001/swg.fits[1]
scw/0878/087800480010.001/swg.fits[1]
scw/0878/087800490010.001/swg.fits[1]
scw/0878/087800500010.001/swg.fits[1]
scw/0878/087800510010.001/swg.fits[1]
scw/0878/087800520010.001/swg.fits[1]
scw/0878/087800530010.001/swg.fits[1]
scw/0878/087800540010.001/swg.fits[1]
scw/0878/087800550010.001/swg.fits[1]
scw/0878/087800560010.001/swg.fits[1]
scw/0879/087900160010.001/swg.fits[1]
scw/0879/087900170010.001/swg.fits[1]
scw/0879/087900180010.001/swg.fits[1]
scw/0879/087900190010.001/swg.fits[1]
scw/0879/087900200010.001/swg.fits[1]
scw/0879/087900210010.001/swg.fits[1]
scw/0879/087900220010.001/swg.fits[1]
scw/0879/087900230010.001/swg.fits[1]
scw/0879/087900240010.001/swg.fits[1]
scw/0879/087900250010.001/swg.fits[1]
scw/0879/087900260010.001/swg.fits[1]
scw/0879/087900270010.001/swg.fits[1]
scw/0879/087900280010.001/swg.fits[1]
scw/0879/087900290010.001/swg.fits[1]
scw/0879/087900300010.001/swg.fits[1]
scw/0879/087900310010.001/swg.fits[1]
scw/0879/087900320010.001/swg.fits[1]
scw/0879/087900330010.001/swg.fits[1]
scw/0879/087900340010.001/swg.fits[1]
scw/0879/087900350010.001/swg.fits[1]
scw/0879/087900360010.001/swg.fits[1]
scw/0879/087900370010.001/swg.fits[1]
scw/0879/087900380010.001/swg.fits[1]
scw/0879/087900390010.001/swg.fits[1]
scw/0879/087900400010.001/swg.fits[1]
scw/0879/087900410010.001/swg.fits[1]
scw/0879/087900420010.001/swg.fits[1]
scw/0879/087900430010.001/swg.fits[1]
scw/0879/087900440010.001/swg.fits[1]
scw/0879/087900450010.001/swg.fits[1]
scw/0880/088000040010.001/swg.fits[1]
scw/0880/088000050010.001/swg.fits[1]
scw/0880/088000060010.001/swg.fits[1]
scw/0880/088000070010.001/swg.fits[1]
scw/0880/088000080010.001/swg.fits[1]
scw/0880/088000090010.001/swg.fits[1]
scw/0880/088000100010.001/swg.fits[1]
scw/0880/088000110010.001/swg.fits[1]
scw/0880/088000120010.001/swg.fits[1]
scw/0880/088000130010.001/swg.fits[1]
scw/0880/088000140010.001/swg.fits[1]
scw/0880/088000150010.001/swg.fits[1]
scw/0880/088000160010.001/swg.fits[1]
scw/0880/088000170010.001/swg.fits[1]
scw/0880/088000180010.001/swg.fits[1]
scw/0880/088000190010.001/swg.fits[1]
scw/0880/088000200010.001/swg.fits[1]
scw/0880/088000210010.001/swg.fits[1]
scw/0880/088000220010.001/swg.fits[1]
scw/0880/088000230010.001/swg.fits[1]
scw/0880/088000240010.001/swg.fits[1]
scw/0880/088000250010.001/swg.fits[1]
scw/0880/088000260010.001/swg.fits[1]
scw/0880/088000270010.001/swg.fits[1]
scw/0880/088000280010.001/swg.fits[1]
scw/0880/088000290010.001/swg.fits[1]
scw/0880/088000300010.001/swg.fits[1]
scw/0880/088000310010.001/swg.fits[1]
scw/0880/088000320010.001/swg.fits[1]
scw/0880/088000330010.001/swg.fits[1]
scw/0882/088200590010.001/swg.fits[1]
scw/0882/088200590020.001/swg.fits[1]
scw/0882/088200590030.001/swg.fits[1]
scw/0929/092900040010.001/swg.fits[1]
scw/0929/092900050010.001/swg.fits[1]
scw/0929/092900060010.001/swg.fits[1]
scw/0929/092900070010.001/swg.fits[1]
scw/0929/092900080010.001/swg.fits[1]
scw/0929/092900090010.001/swg.fits[1]
scw/0929/092900100010.001/swg.fits[1]
scw/0929/092900110010.001/swg.fits[1]
scw/0929/092900120010.001/swg.fits[1]
scw/0929/092900130010.001/swg.fits[1]
scw/0929/092900140010.001/swg.fits[1]
scw/0929/092900150010.001/swg.fits[1]
scw/0929/092900160010.001/swg.fits[1]
scw/0929/092900170010.001/swg.fits[1]
scw/0929/092900180010.001/swg.fits[1]
scw/0929/092900190010.001/swg.fits[1]
scw/0929/092900200010.001/swg.fits[1]
scw/0929/092900210010.001/swg.fits[1]
scw/0929/092900220010.001/swg.fits[1]
scw/0929/092900230010.001/swg.fits[1]
scw/0929/092900240010.001/swg.fits[1]
scw/0929/092900250010.001/swg.fits[1]
scw/0929/092900260010.001/swg.fits[1]
scw/0929/092900270010.001/swg.fits[1]
scw/0929/092900280010.001/swg.fits[1]
scw/0930/093000170010.001/swg.fits[1]
scw/0930/093000180010.001/swg.fits[1]
scw/0930/093000190010.001/swg.fits[1]
scw/0930/093000200010.001/swg.fits[1]
scw/0930/093000210010.001/swg.fits[1]
scw/0930/093000220010.001/swg.fits[1]
scw/0930/093000230010.001/swg.fits[1]
scw/0930/093000240010.001/swg.fits[1]
scw/0930/093000250010.001/swg.fits[1]
scw/0930/093000260010.001/swg.fits[1]
scw/0930/093000270010.001/swg.fits[1]
scw/0930/093000280010.001/swg.fits[1]
scw/0930/093000290010.001/swg.fits[1]
scw/0930/093000300010.001/swg.fits[1]
scw/0930/093000310010.001/swg.fits[1]
scw/0930/093000320010.001/swg.fits[1]
scw/0930/093000330010.001/swg.fits[1]
scw/0930/093000340010.001/swg.fits[1]
scw/0930/093000350010.001/swg.fits[1]
scw/0930/093000360010.001/swg.fits[1]
scw/0930/093000370010.001/swg.fits[1]
scw/0930/093000380010.001/swg.fits[1]
scw/0930/093000390010.001/swg.fits[1]
scw/0930/093000400010.001/swg.fits[1]
scw/0930/093000410010.001/swg.fits[1]
scw/0930/093000420010.001/swg.fits[1]
scw/0930/093000430010.001/swg.fits[1]
scw/0930/093000440010.001/swg.fits[1]
scw/0930/093000450010.001/swg.fits[1]
scw/0930/093000460010.001/swg.fits[1]
scw/0931/093100100010.001/swg.fits[1]
scw/0931/093100110010.001/swg.fits[1]
scw/0931/093100120010.001/swg.fits[1]
scw/0931/093100130010.001/swg.fits[1]
scw/0931/093100140010.001/swg.fits[1]
scw/0931/093100150010.001/swg.fits[1]
scw/0931/093100160010.001/swg.fits[1]
scw/0931/093100170010.001/swg.fits[1]
scw/0931/093100180010.001/swg.fits[1]
scw/0931/093100190010.001/swg.fits[1]
scw/0931/093100200010.001/swg.fits[1]
scw/0931/093100210010.001/swg.fits[1]
scw/0931/093100220010.001/swg.fits[1]
scw/0931/093100230010.001/swg.fits[1]
scw/0931/093100240010.001/swg.fits[1]
scw/0931/093100250010.001/swg.fits[1]
scw/0931/093100260010.001/swg.fits[1]
scw/0931/093100270010.001/swg.fits[1]
scw/0931/093100280010.001/swg.fits[1]
scw/0931/093100290010.001/swg.fits[1]
scw/0931/093100300010.001/swg.fits[1]
scw/0931/093100310010.001/swg.fits[1]
scw/0931/093100320010.001/swg.fits[1]
scw/0931/093100340010.001/swg.fits[1]
scw/0931/093100350010.001/swg.fits[1]
scw/0931/093100360010.001/swg.fits[1]
scw/0931/093100370010.001/swg.fits[1]
scw/0931/093100380010.001/swg.fits[1]
scw/0931/093100390010.001/swg.fits[1]
scw/0931/093100540010.001/swg.fits[1]
scw/0931/093100550010.001/swg.fits[1]
scw/0931/093100560010.001/swg.fits[1]
scw/0931/093100570010.001/swg.fits[1]
scw/0931/093100580010.001/swg.fits[1]
scw/0931/093100590010.001/swg.fits[1]
scw/0931/093100600010.001/swg.fits[1]
scw/0931/093100610010.001/swg.fits[1]
scw/0931/093100620010.001/swg.fits[1]
scw/0932/093200470010.001/swg.fits[1]
scw/0932/093200480010.001/swg.fits[1]
scw/0932/093200490010.001/swg.fits[1]
scw/0932/093200500010.001/swg.fits[1]
scw/0932/093200510010.001/swg.fits[1]
scw/0932/093200520010.001/swg.fits[1]
scw/0932/093200530010.001/swg.fits[1]
scw/0932/093200540010.001/swg.fits[1]
scw/0932/093200540020.001/swg.fits[1]
scw/0932/093200550010.001/swg.fits[1]
scw/0932/093200560010.001/swg.fits[1]
scw/0932/093200570010.001/swg.fits[1]
scw/0932/093200580010.001/swg.fits[1]
scw/0932/093200590010.001/swg.fits[1]
scw/0932/093200600010.001/swg.fits[1]
scw/0932/093200610010.001/swg.fits[1]
scw/0932/093200620010.001/swg.fits[1]
scw/0932/093200630010.001/swg.fits[1]
scw/0932/093200640010.001/swg.fits[1]
scw/0937/093700040010.001/swg.fits[1]
scw/0937/093700050010.001/swg.fits[1]
scw/0937/093700060010.001/swg.fits[1]
scw/0937/093700070010.001/swg.fits[1]
scw/0937/093700080010.001/swg.fits[1]
scw/0937/093700090010.001/swg.fits[1]
scw/0937/093700100010.001/swg.fits[1]
scw/0937/093700110010.001/swg.fits[1]
scw/0937/093700120010.001/swg.fits[1]
scw/0937/093700130010.001/swg.fits[1]
scw/0937/093700140010.001/swg.fits[1]
scw/0937/093700150010.001/swg.fits[1]
scw/0937/093700410010.001/swg.fits[1]
scw/0937/093700420010.001/swg.fits[1]
