scw/1045/104500350010.001/swg.fits[1]
scw/1045/104500360010.001/swg.fits[1]
scw/1045/104500400010.001/swg.fits[1]
scw/1045/104500410010.001/swg.fits[1]
scw/1045/104500420010.001/swg.fits[1]
scw/1045/104500430010.001/swg.fits[1]
scw/1045/104500440010.001/swg.fits[1]
scw/1045/104500450010.001/swg.fits[1]
scw/1045/104500460010.001/swg.fits[1]
scw/1045/104500470010.001/swg.fits[1]
scw/1045/104500480010.001/swg.fits[1]
scw/1045/104500500010.001/swg.fits[1]
scw/1045/104500510010.001/swg.fits[1]
scw/1045/104500520010.001/swg.fits[1]
scw/1045/104500530010.001/swg.fits[1]
scw/1045/104500540010.001/swg.fits[1]
scw/1045/104500550010.001/swg.fits[1]
scw/1045/104500560010.001/swg.fits[1]
scw/1045/104500570010.001/swg.fits[1]
scw/1045/104500600010.001/swg.fits[1]
scw/1045/104500610010.001/swg.fits[1]
scw/1045/104500620010.001/swg.fits[1]
scw/1045/104500630010.001/swg.fits[1]
scw/1045/104500640010.001/swg.fits[1]
scw/1101/110100630010.001/swg.fits[1]
scw/1101/110100630020.001/swg.fits[1]
scw/1101/110100630030.001/swg.fits[1]
scw/1101/110100640010.001/swg.fits[1]
scw/1286/128600820010.001/swg.fits[1]
scw/1288/128800180010.001/swg.fits[1]
scw/1289/128900870010.001/swg.fits[1]
scw/1293/129300470010.001/swg.fits[1]
scw/1294/129400170010.001/swg.fits[1]
scw/1296/129601030010.001/swg.fits[1]
scw/1537/153700290010.001/swg.fits[1]
scw/1604/160400810010.001/swg.fits[1]
scw/1736/173600300010.001/swg.fits[1]
scw/1746/174600400010.001/swg.fits[1]
scw/1746/174600500010.001/swg.fits[1]
scw/1747/174700410010.001/swg.fits[1]
scw/1747/174700410020.001/swg.fits[1]
scw/1747/174700410030.001/swg.fits[1]
scw/1747/174700420010.001/swg.fits[1]
scw/1811/181100230010.001/swg.fits[1]
scw/1811/181100330010.001/swg.fits[1]
scw/1880/188000280010.001/swg.fits[1]
scw/1880/188000380010.001/swg.fits[1]
scw/1939/193900190010.001/swg.fits[1]
scw/1939/193900240010.001/swg.fits[1]
scw/1939/193900260010.001/swg.fits[1]
scw/1939/193900280010.001/swg.fits[1]
scw/1939/193900290010.001/swg.fits[1]
scw/2020/202000860010.001/swg.fits[1]
scw/2020/202000960010.001/swg.fits[1]
scw/2020/202000960020.001/swg.fits[1]
scw/2090/209000280010.001/swg.fits[1]
scw/2090/209000380010.001/swg.fits[1]
scw/2154/215400850010.001/swg.fits[1]
scw/2154/215400950010.001/swg.fits[1]
scw/2218/221800640010.001/swg.fits[1]
scw/2218/221800740010.001/swg.fits[1]
scw/2286/228600020010.001/swg.fits[1]
scw/2294/229400710010.001/swg.fits[1]
scw/2353/235300020010.001/swg.fits[1]
scw/2364/236400090010.001/swg.fits[1]
scw/2364/236400170010.001/swg.fits[1]
scw/2364/236400180010.001/swg.fits[1]
scw/2364/236400190010.001/swg.fits[1]
scw/2364/236400200010.001/swg.fits[1]
scw/2364/236400210010.001/swg.fits[1]
scw/2364/236400240010.001/swg.fits[1]
scw/2364/236400250010.001/swg.fits[1]
scw/2364/236400260010.001/swg.fits[1]
scw/2364/236400270010.001/swg.fits[1]
scw/2364/236400280010.001/swg.fits[1]
scw/2364/236400290010.001/swg.fits[1]
scw/2364/236400300010.001/swg.fits[1]
scw/2364/236400310010.001/swg.fits[1]
scw/2364/236400320010.001/swg.fits[1]
scw/2364/236400330010.001/swg.fits[1]
scw/2364/236400360010.001/swg.fits[1]
scw/2364/236400370010.001/swg.fits[1]
scw/2364/236400380010.001/swg.fits[1]
scw/2364/236400390010.001/swg.fits[1]
scw/2366/236600080010.001/swg.fits[1]
scw/2366/236600090010.001/swg.fits[1]
scw/2366/236600100010.001/swg.fits[1]
scw/2366/236600110010.001/swg.fits[1]
scw/2366/236600120010.001/swg.fits[1]
scw/2366/236600130010.001/swg.fits[1]
scw/2366/236600140010.001/swg.fits[1]
scw/2366/236600160010.001/swg.fits[1]
scw/2366/236600170010.001/swg.fits[1]
scw/2366/236600180010.001/swg.fits[1]
scw/2366/236600190010.001/swg.fits[1]
scw/2366/236600200010.001/swg.fits[1]
scw/2366/236600210010.001/swg.fits[1]
scw/2366/236600220010.001/swg.fits[1]
scw/2366/236600230010.001/swg.fits[1]
scw/2366/236600240010.001/swg.fits[1]
scw/2366/236600250010.001/swg.fits[1]
scw/2366/236600260010.001/swg.fits[1]
scw/2366/236600270010.001/swg.fits[1]
scw/2366/236600280010.001/swg.fits[1]
scw/2366/236600290010.001/swg.fits[1]
scw/2366/236600300010.001/swg.fits[1]
scw/2366/236600310010.001/swg.fits[1]
scw/2366/236600320010.001/swg.fits[1]
scw/2366/236600330010.001/swg.fits[1]
scw/2367/236700390010.001/swg.fits[1]
scw/2367/236700400010.001/swg.fits[1]
scw/2367/236700410010.001/swg.fits[1]
scw/2367/236700420010.001/swg.fits[1]
scw/2367/236700430010.001/swg.fits[1]
scw/2367/236700440010.001/swg.fits[1]
scw/2367/236700450010.001/swg.fits[1]
scw/2367/236700460010.001/swg.fits[1]
scw/2367/236700470010.001/swg.fits[1]
scw/2367/236700480010.001/swg.fits[1]
scw/2367/236700490010.001/swg.fits[1]
scw/2367/236700500010.001/swg.fits[1]
scw/2367/236700530010.001/swg.fits[1]
scw/2367/236700540010.001/swg.fits[1]
scw/2367/236700550010.001/swg.fits[1]
scw/2367/236700560010.001/swg.fits[1]
scw/2367/236700570010.001/swg.fits[1]
scw/2368/236800430010.001/swg.fits[1]
scw/2368/236800440010.001/swg.fits[1]
scw/2368/236800450010.001/swg.fits[1]
scw/2368/236800460010.001/swg.fits[1]
scw/2368/236800470010.001/swg.fits[1]
scw/2368/236800480010.001/swg.fits[1]
scw/2368/236800490010.001/swg.fits[1]
scw/2368/236800500010.001/swg.fits[1]
scw/2368/236800510010.001/swg.fits[1]
scw/2368/236800520010.001/swg.fits[1]
scw/2368/236800530010.001/swg.fits[1]
scw/2368/236800540010.001/swg.fits[1]
scw/2368/236800550010.001/swg.fits[1]
scw/2368/236800560010.001/swg.fits[1]
scw/2368/236800570010.001/swg.fits[1]
scw/2368/236800580010.001/swg.fits[1]
scw/2368/236800590010.001/swg.fits[1]
scw/2368/236800600010.001/swg.fits[1]
scw/2368/236800610010.001/swg.fits[1]
scw/2368/236800620010.001/swg.fits[1]
scw/2368/236800630010.001/swg.fits[1]
scw/2369/236900370010.001/swg.fits[1]
scw/2369/236900380010.001/swg.fits[1]
scw/2369/236900390010.001/swg.fits[1]
scw/2369/236900400010.001/swg.fits[1]
scw/2369/236900410010.001/swg.fits[1]
scw/2369/236900420010.001/swg.fits[1]
scw/2369/236900430010.001/swg.fits[1]
scw/2369/236900440010.001/swg.fits[1]
scw/2369/236900450010.001/swg.fits[1]
scw/2369/236900460010.001/swg.fits[1]
scw/2369/236900470010.001/swg.fits[1]
scw/2369/236900480010.001/swg.fits[1]
scw/2369/236900500010.001/swg.fits[1]
scw/2369/236900510010.001/swg.fits[1]
scw/2369/236900520010.001/swg.fits[1]
scw/2369/236900530010.001/swg.fits[1]
scw/2369/236900550010.001/swg.fits[1]
scw/2369/236900560010.001/swg.fits[1]
scw/2369/236900570010.001/swg.fits[1]
scw/2369/236900580010.001/swg.fits[1]
scw/2369/236900590010.001/swg.fits[1]
scw/2369/236900600010.001/swg.fits[1]
scw/2370/237000350010.001/swg.fits[1]
scw/2370/237000360010.001/swg.fits[1]
scw/2370/237000370010.001/swg.fits[1]
scw/2370/237000380010.001/swg.fits[1]
scw/2370/237000390010.001/swg.fits[1]
scw/2370/237000400010.001/swg.fits[1]
scw/2370/237000410010.001/swg.fits[1]
scw/2370/237000430010.001/swg.fits[1]
scw/2370/237000440010.001/swg.fits[1]
scw/2370/237000450010.001/swg.fits[1]
scw/2370/237000460010.001/swg.fits[1]
scw/2370/237000470010.001/swg.fits[1]
scw/2370/237000480010.001/swg.fits[1]
scw/2370/237000490010.001/swg.fits[1]
scw/2370/237000500010.001/swg.fits[1]
scw/2370/237000510010.001/swg.fits[1]
scw/2370/237000520010.001/swg.fits[1]
scw/2370/237000530010.001/swg.fits[1]
scw/2370/237000540010.001/swg.fits[1]
scw/2370/237000550010.001/swg.fits[1]
scw/2370/237000560010.001/swg.fits[1]
scw/2370/237000570010.001/swg.fits[1]
scw/2370/237000580010.001/swg.fits[1]
scw/2370/237000590010.001/swg.fits[1]
scw/2371/237100040010.001/swg.fits[1]
scw/2371/237100050010.001/swg.fits[1]
scw/2371/237100060010.001/swg.fits[1]
scw/2371/237100070010.001/swg.fits[1]
scw/2371/237100080010.001/swg.fits[1]
scw/2371/237100090010.001/swg.fits[1]
scw/2371/237100100010.001/swg.fits[1]
scw/2371/237100110010.001/swg.fits[1]
scw/2371/237100120010.001/swg.fits[1]
scw/2371/237100130010.001/swg.fits[1]
scw/2371/237100140010.001/swg.fits[1]
scw/2371/237100150010.001/swg.fits[1]
scw/2371/237100160010.001/swg.fits[1]
scw/2371/237100180010.001/swg.fits[1]
scw/2371/237100190010.001/swg.fits[1]
scw/2371/237100200010.001/swg.fits[1]
scw/2371/237100210010.001/swg.fits[1]
scw/2372/237200300010.001/swg.fits[1]
scw/2372/237200310010.001/swg.fits[1]
scw/2372/237200320010.001/swg.fits[1]
scw/2372/237200330010.001/swg.fits[1]
scw/2372/237200340010.001/swg.fits[1]
scw/2372/237200350010.001/swg.fits[1]
scw/2372/237200370010.001/swg.fits[1]
scw/2372/237200390010.001/swg.fits[1]
scw/2372/237200400010.001/swg.fits[1]
scw/2372/237200410010.001/swg.fits[1]
scw/2372/237200460010.001/swg.fits[1]
scw/2372/237200490010.001/swg.fits[1]
scw/2372/237200500010.001/swg.fits[1]
scw/2372/237200510010.001/swg.fits[1]
scw/2372/237200520010.001/swg.fits[1]
scw/2372/237200530010.001/swg.fits[1]
