scw/0267/026700000370.001/swg.fits[1]
scw/0267/026700000390.001/swg.fits[1]
scw/0267/026700000410.001/swg.fits[1]
scw/0267/026700000430.001/swg.fits[1]
scw/0267/026700000450.001/swg.fits[1]
scw/0267/026700000470.001/swg.fits[1]
scw/0267/026700000490.001/swg.fits[1]
scw/0267/026700000510.001/swg.fits[1]
scw/0320/032000750010.001/swg.fits[1]
scw/0320/032000760010.001/swg.fits[1]
scw/0322/032200590010.001/swg.fits[1]
scw/0322/032200590020.001/swg.fits[1]
scw/0334/033400260010.001/swg.fits[1]
scw/0443/044300600010.001/swg.fits[1]
scw/0443/044300610010.001/swg.fits[1]
scw/0445/044500350010.001/swg.fits[1]
scw/0445/044500360010.001/swg.fits[1]
scw/1253/125300140010.001/swg.fits[1]
scw/1253/125300150010.001/swg.fits[1]
scw/1253/125300160010.001/swg.fits[1]
scw/1253/125300170010.001/swg.fits[1]
scw/1253/125300180010.001/swg.fits[1]
scw/1253/125300190010.001/swg.fits[1]
scw/1253/125300200010.001/swg.fits[1]
scw/1253/125300210010.001/swg.fits[1]
scw/1253/125300220010.001/swg.fits[1]
scw/1253/125300230010.001/swg.fits[1]
scw/1253/125300240010.001/swg.fits[1]
scw/1253/125300250010.001/swg.fits[1]
scw/1253/125300260010.001/swg.fits[1]
scw/1253/125300270010.001/swg.fits[1]
scw/1253/125300280010.001/swg.fits[1]
scw/1253/125300290010.001/swg.fits[1]
scw/1253/125300300010.001/swg.fits[1]
scw/1253/125300310010.001/swg.fits[1]
scw/1253/125300320010.001/swg.fits[1]
scw/1253/125300330010.001/swg.fits[1]
scw/1253/125300340010.001/swg.fits[1]
scw/1253/125300350010.001/swg.fits[1]
scw/1253/125300360010.001/swg.fits[1]
scw/1253/125300370010.001/swg.fits[1]
scw/1253/125300380010.001/swg.fits[1]
scw/1253/125300390010.001/swg.fits[1]
scw/1253/125300400010.001/swg.fits[1]
scw/1253/125300410010.001/swg.fits[1]
scw/1253/125300420010.001/swg.fits[1]
scw/1253/125300430010.001/swg.fits[1]
scw/1253/125300440010.001/swg.fits[1]
scw/1253/125300450010.001/swg.fits[1]
scw/1253/125300460010.001/swg.fits[1]
scw/1253/125300470010.001/swg.fits[1]
scw/1253/125300480010.001/swg.fits[1]
scw/1253/125300490010.001/swg.fits[1]
scw/1253/125300500010.001/swg.fits[1]
scw/1253/125300510010.001/swg.fits[1]
scw/1253/125300520010.001/swg.fits[1]
scw/1253/125300530010.001/swg.fits[1]
scw/1253/125300540010.001/swg.fits[1]
scw/1253/125300550010.001/swg.fits[1]
scw/1253/125300560010.001/swg.fits[1]
scw/1253/125300570010.001/swg.fits[1]
scw/1253/125300580010.001/swg.fits[1]
scw/1253/125300590010.001/swg.fits[1]
scw/1253/125300600010.001/swg.fits[1]
scw/1253/125300610010.001/swg.fits[1]
scw/1253/125300620010.001/swg.fits[1]
scw/1253/125300630010.001/swg.fits[1]
scw/1253/125300640010.001/swg.fits[1]
scw/1253/125300650010.001/swg.fits[1]
scw/1253/125300660010.001/swg.fits[1]
scw/1253/125300670010.001/swg.fits[1]
scw/1253/125300680010.001/swg.fits[1]
scw/1253/125300690010.001/swg.fits[1]
scw/1253/125300700010.001/swg.fits[1]
scw/1253/125300710010.001/swg.fits[1]
scw/1253/125300720010.001/swg.fits[1]
scw/1253/125300730010.001/swg.fits[1]
scw/1253/125300740010.001/swg.fits[1]
scw/1253/125300750010.001/swg.fits[1]
scw/1253/125300760010.001/swg.fits[1]
scw/1253/125300770010.001/swg.fits[1]
scw/1253/125300780010.001/swg.fits[1]
scw/1253/125300790010.001/swg.fits[1]
scw/1253/125300800010.001/swg.fits[1]
scw/1253/125300810010.001/swg.fits[1]
scw/1253/125300820010.001/swg.fits[1]
scw/1253/125300830010.001/swg.fits[1]
scw/1253/125300840010.001/swg.fits[1]
scw/1433/143300020010.001/swg.fits[1]
scw/1619/161900530010.001/swg.fits[1]
scw/1619/161900530020.001/swg.fits[1]
scw/1619/161900530030.001/swg.fits[1]
scw/1619/161900540010.001/swg.fits[1]
scw/1820/182000520010.001/swg.fits[1]
scw/1955/195500500010.001/swg.fits[1]
scw/1955/195500600010.001/swg.fits[1]
scw/2312/231200620010.001/swg.fits[1]
scw/2314/231400540010.001/swg.fits[1]
scw/2369/236900140010.001/swg.fits[1]
scw/2369/236900150010.001/swg.fits[1]
scw/2369/236900160010.001/swg.fits[1]
scw/2369/236900210010.001/swg.fits[1]
scw/2369/236900220010.001/swg.fits[1]
scw/2369/236900230010.001/swg.fits[1]
scw/2369/236900240010.001/swg.fits[1]
scw/2369/236900250010.001/swg.fits[1]
scw/2369/236900310010.001/swg.fits[1]
scw/2371/237100270010.001/swg.fits[1]
scw/2371/237100280010.001/swg.fits[1]
scw/2371/237100290010.001/swg.fits[1]
scw/2371/237100300010.001/swg.fits[1]
scw/2371/237100310010.001/swg.fits[1]
scw/2373/237300520010.001/swg.fits[1]
scw/2373/237300530010.001/swg.fits[1]
scw/2373/237300540010.001/swg.fits[1]
scw/2373/237300550010.001/swg.fits[1]
scw/2373/237300610010.001/swg.fits[1]
scw/2373/237300620010.001/swg.fits[1]
scw/2374/237400020010.001/swg.fits[1]
scw/2374/237400030010.001/swg.fits[1]
scw/2374/237400040010.001/swg.fits[1]
scw/2374/237400050010.001/swg.fits[1]
scw/2374/237400110010.001/swg.fits[1]
scw/2374/237400120010.001/swg.fits[1]
scw/2374/237400130010.001/swg.fits[1]
scw/2374/237400140010.001/swg.fits[1]
scw/2374/237400200010.001/swg.fits[1]
scw/2374/237400210010.001/swg.fits[1]
scw/2374/237400220010.001/swg.fits[1]
scw/2374/237400230010.001/swg.fits[1]
scw/2374/237400240010.001/swg.fits[1]
scw/2374/237400250010.001/swg.fits[1]
scw/2377/237700290010.001/swg.fits[1]
scw/2379/237900540010.001/swg.fits[1]
scw/2379/237900550010.001/swg.fits[1]
scw/2379/237900560010.001/swg.fits[1]
scw/2379/237900570010.001/swg.fits[1]
scw/2379/237900580010.001/swg.fits[1]
scw/2379/237900590010.001/swg.fits[1]
