scw/1130/113000660010.001/swg.fits[1]
scw/1131/113100570010.001/swg.fits[1]
scw/1131/113100580010.001/swg.fits[1]
scw/1131/113100590010.001/swg.fits[1]
scw/1132/113200020010.001/swg.fits[1]
scw/1132/113200450010.001/swg.fits[1]
scw/1132/113200460010.001/swg.fits[1]
scw/1132/113200470010.001/swg.fits[1]
scw/1132/113200480010.001/swg.fits[1]
scw/1132/113200490010.001/swg.fits[1]
scw/1132/113200500010.001/swg.fits[1]
scw/1132/113200510010.001/swg.fits[1]
scw/1132/113200520010.001/swg.fits[1]
scw/1132/113200530010.001/swg.fits[1]
scw/1132/113200540010.001/swg.fits[1]
scw/1132/113200550010.001/swg.fits[1]
scw/1132/113200560010.001/swg.fits[1]
scw/1133/113300830010.001/swg.fits[1]
scw/1133/113300840010.001/swg.fits[1]
scw/1137/113700470010.001/swg.fits[1]
scw/1137/113700480010.001/swg.fits[1]
scw/1137/113700490010.001/swg.fits[1]
scw/1137/113700500010.001/swg.fits[1]
scw/1137/113700510010.001/swg.fits[1]
scw/1137/113700520010.001/swg.fits[1]
scw/1137/113700530010.001/swg.fits[1]
scw/1137/113700540010.001/swg.fits[1]
scw/1137/113700550010.001/swg.fits[1]
scw/1137/113700560010.001/swg.fits[1]
scw/1137/113700570010.001/swg.fits[1]
scw/1137/113700580010.001/swg.fits[1]
scw/1138/113800490010.001/swg.fits[1]
scw/1138/113800500010.001/swg.fits[1]
scw/1138/113800510010.001/swg.fits[1]
scw/1138/113800520010.001/swg.fits[1]
scw/1138/113800530010.001/swg.fits[1]
scw/1138/113800540010.001/swg.fits[1]
scw/1138/113800550010.001/swg.fits[1]
scw/1138/113800560010.001/swg.fits[1]
scw/1138/113800570010.001/swg.fits[1]
scw/1138/113800580010.001/swg.fits[1]
scw/1138/113800590010.001/swg.fits[1]
scw/1138/113800600010.001/swg.fits[1]
scw/1171/117100570010.001/swg.fits[1]
scw/1171/117100580010.001/swg.fits[1]
scw/1171/117100590010.001/swg.fits[1]
scw/1171/117100600010.001/swg.fits[1]
scw/1171/117100610010.001/swg.fits[1]
scw/1171/117100620010.001/swg.fits[1]
scw/1171/117100630010.001/swg.fits[1]
scw/1171/117100640010.001/swg.fits[1]
scw/1171/117100650010.001/swg.fits[1]
scw/1171/117100660010.001/swg.fits[1]
scw/1171/117100670010.001/swg.fits[1]
scw/1171/117100680010.001/swg.fits[1]
scw/1171/117100950010.001/swg.fits[1]
scw/1171/117100960010.001/swg.fits[1]
scw/1171/117100970010.001/swg.fits[1]
scw/1172/117200790010.001/swg.fits[1]
scw/1172/117200800010.001/swg.fits[1]
scw/1172/117200810010.001/swg.fits[1]
scw/1172/117200820010.001/swg.fits[1]
scw/1172/117200830010.001/swg.fits[1]
scw/1172/117200840010.001/swg.fits[1]
scw/1172/117200850010.001/swg.fits[1]
scw/1172/117200860010.001/swg.fits[1]
scw/1172/117200870010.001/swg.fits[1]
scw/1172/117200880010.001/swg.fits[1]
scw/1172/117200890010.001/swg.fits[1]
scw/1173/117300770010.001/swg.fits[1]
scw/1173/117300780010.001/swg.fits[1]
scw/1173/117300790010.001/swg.fits[1]
scw/1173/117300810010.001/swg.fits[1]
scw/1173/117300820010.001/swg.fits[1]
scw/1173/117300830010.001/swg.fits[1]
scw/1173/117300840010.001/swg.fits[1]
scw/1173/117300850010.001/swg.fits[1]
scw/1173/117300860010.001/swg.fits[1]
scw/1174/117400840010.001/swg.fits[1]
scw/1174/117400850010.001/swg.fits[1]
scw/1174/117400870010.001/swg.fits[1]
scw/1174/117400880010.001/swg.fits[1]
scw/1174/117400890010.001/swg.fits[1]
scw/1174/117400900010.001/swg.fits[1]
scw/1174/117400910010.001/swg.fits[1]
scw/1174/117400920010.001/swg.fits[1]
scw/1174/117400930010.001/swg.fits[1]
scw/1174/117400940010.001/swg.fits[1]
scw/1174/117400950010.001/swg.fits[1]
scw/1174/117400960010.001/swg.fits[1]
scw/1175/117500500010.001/swg.fits[1]
scw/1175/117500510010.001/swg.fits[1]
scw/1175/117500520010.001/swg.fits[1]
scw/1175/117500530010.001/swg.fits[1]
scw/1175/117500540010.001/swg.fits[1]
scw/1175/117500550010.001/swg.fits[1]
scw/1175/117500560010.001/swg.fits[1]
scw/1175/117500570010.001/swg.fits[1]
scw/1175/117500580010.001/swg.fits[1]
scw/1175/117500590010.001/swg.fits[1]
scw/1175/117500600010.001/swg.fits[1]
scw/1175/117500610010.001/swg.fits[1]
scw/1177/117700470010.001/swg.fits[1]
scw/1177/117700480010.001/swg.fits[1]
scw/1177/117700500010.001/swg.fits[1]
scw/1177/117700510010.001/swg.fits[1]
scw/1177/117700520010.001/swg.fits[1]
scw/1177/117700530010.001/swg.fits[1]
scw/1177/117700540010.001/swg.fits[1]
scw/1177/117700550010.001/swg.fits[1]
scw/1177/117700560010.001/swg.fits[1]
scw/1177/117700570010.001/swg.fits[1]
scw/1177/117700580010.001/swg.fits[1]
scw/1177/117700590010.001/swg.fits[1]
scw/1178/117800900010.001/swg.fits[1]
scw/1178/117801010010.001/swg.fits[1]
scw/1180/118000680010.001/swg.fits[1]
scw/1180/118000690010.001/swg.fits[1]
scw/1180/118000700010.001/swg.fits[1]
scw/1181/118100790010.001/swg.fits[1]
scw/1181/118100800010.001/swg.fits[1]
scw/1181/118100810010.001/swg.fits[1]
scw/1182/118200740010.001/swg.fits[1]
scw/1184/118400610010.001/swg.fits[1]
scw/1184/118400620010.001/swg.fits[1]
scw/1186/118600660010.001/swg.fits[1]
scw/1187/118700650010.001/swg.fits[1]
scw/1194/119400800010.001/swg.fits[1]
scw/1195/119500410010.001/swg.fits[1]
scw/1243/124300640010.001/swg.fits[1]
scw/1243/124300650010.001/swg.fits[1]
scw/1245/124500670010.001/swg.fits[1]
scw/1245/124500680010.001/swg.fits[1]
scw/1245/124500690010.001/swg.fits[1]
scw/1279/127900400010.001/swg.fits[1]
scw/1295/129500690010.001/swg.fits[1]
scw/1295/129500700010.001/swg.fits[1]
scw/1295/129500750010.001/swg.fits[1]
scw/1295/129500760010.001/swg.fits[1]
scw/1297/129700800010.001/swg.fits[1]
scw/1297/129700810010.001/swg.fits[1]
scw/1297/129700820010.001/swg.fits[1]
scw/1300/130000070010.001/swg.fits[1]
scw/1300/130000080010.001/swg.fits[1]
scw/1300/130000090010.001/swg.fits[1]
scw/1300/130000100010.001/swg.fits[1]
scw/1301/130100560010.001/swg.fits[1]
scw/1301/130100570010.001/swg.fits[1]
scw/1301/130100580010.001/swg.fits[1]
scw/1301/130100620010.001/swg.fits[1]
scw/1301/130100630010.001/swg.fits[1]
scw/1301/130100640010.001/swg.fits[1]
scw/1365/136500090010.001/swg.fits[1]
scw/1365/136500100010.001/swg.fits[1]
scw/1365/136500170010.001/swg.fits[1]
scw/1365/136500180010.001/swg.fits[1]
scw/1366/136600100010.001/swg.fits[1]
scw/1366/136600110010.001/swg.fits[1]
scw/1366/136600180010.001/swg.fits[1]
scw/1366/136600190010.001/swg.fits[1]
scw/1373/137300080010.001/swg.fits[1]
scw/1375/137500050010.001/swg.fits[1]
scw/1375/137500060010.001/swg.fits[1]
scw/1375/137500230010.001/swg.fits[1]
scw/1375/137500240010.001/swg.fits[1]
scw/1376/137600050010.001/swg.fits[1]
scw/1472/147200070010.001/swg.fits[1]
scw/1472/147200080010.001/swg.fits[1]
scw/1480/148000170010.001/swg.fits[1]
scw/1485/148500060010.001/swg.fits[1]
scw/1485/148500070010.001/swg.fits[1]
scw/1485/148500080010.001/swg.fits[1]
scw/1485/148500150010.001/swg.fits[1]
scw/1485/148500160010.001/swg.fits[1]
scw/1608/160800640010.001/swg.fits[1]
scw/1609/160900020010.001/swg.fits[1]
scw/1609/160900040010.001/swg.fits[1]
scw/1609/160900050010.001/swg.fits[1]
scw/1609/160900060010.001/swg.fits[1]
scw/1609/160900070010.001/swg.fits[1]
scw/1609/160900080010.001/swg.fits[1]
scw/1609/160900090010.001/swg.fits[1]
scw/1609/160900100010.001/swg.fits[1]
scw/1609/160900110010.001/swg.fits[1]
scw/1609/160900120010.001/swg.fits[1]
scw/1609/160900200010.001/swg.fits[1]
scw/1609/160900210010.001/swg.fits[1]
scw/1609/160900220010.001/swg.fits[1]
scw/1609/160900230010.001/swg.fits[1]
scw/1609/160900240010.001/swg.fits[1]
scw/1609/160900250010.001/swg.fits[1]
scw/1609/160900260010.001/swg.fits[1]
scw/1609/160900270010.001/swg.fits[1]
scw/1609/160900280010.001/swg.fits[1]
scw/1609/160900290010.001/swg.fits[1]
scw/1609/160900300010.001/swg.fits[1]
scw/1609/160900310010.001/swg.fits[1]
scw/1609/160900320010.001/swg.fits[1]
scw/1609/160900330010.001/swg.fits[1]
scw/1609/160900340010.001/swg.fits[1]
scw/1609/160900350010.001/swg.fits[1]
scw/1609/160900360010.001/swg.fits[1]
scw/1609/160900370010.001/swg.fits[1]
scw/1609/160900450010.001/swg.fits[1]
scw/1609/160900460010.001/swg.fits[1]
scw/1609/160900470010.001/swg.fits[1]
scw/1609/160900480010.001/swg.fits[1]
scw/1609/160900490010.001/swg.fits[1]
scw/1609/160900500010.001/swg.fits[1]
scw/1609/160900510010.001/swg.fits[1]
scw/1609/160900520010.001/swg.fits[1]
scw/1609/160900530010.001/swg.fits[1]
scw/1610/161000020010.001/swg.fits[1]
scw/1610/161000030010.001/swg.fits[1]
scw/1610/161000040010.001/swg.fits[1]
scw/1610/161000050010.001/swg.fits[1]
scw/1610/161000060010.001/swg.fits[1]
scw/1610/161000070010.001/swg.fits[1]
scw/1610/161000080010.001/swg.fits[1]
scw/1610/161000090010.001/swg.fits[1]
scw/1610/161000100010.001/swg.fits[1]
scw/1610/161000180010.001/swg.fits[1]
scw/1610/161000190010.001/swg.fits[1]
scw/1610/161000200010.001/swg.fits[1]
