scw/0095/009500020010.001/swg.fits[1]
scw/0095/009500030010.001/swg.fits[1]
scw/0095/009500030020.001/swg.fits[1]
scw/0095/009500030030.001/swg.fits[1]
scw/0095/009500030040.001/swg.fits[1]
scw/0095/009500030050.001/swg.fits[1]
scw/0095/009500030060.001/swg.fits[1]
scw/0095/009500030070.001/swg.fits[1]
scw/0095/009500030080.001/swg.fits[1]
scw/0095/009500030090.001/swg.fits[1]
scw/0095/009500030100.001/swg.fits[1]
scw/0095/009500030110.001/swg.fits[1]
scw/0095/009500030120.001/swg.fits[1]
scw/0095/009500030130.001/swg.fits[1]
scw/0095/009500030140.001/swg.fits[1]
scw/0095/009500030150.001/swg.fits[1]
scw/0095/009500030160.001/swg.fits[1]
scw/0095/009500030170.001/swg.fits[1]
scw/0095/009500030180.001/swg.fits[1]
scw/0095/009500030190.001/swg.fits[1]
scw/0095/009500030200.001/swg.fits[1]
scw/0095/009500030210.001/swg.fits[1]
scw/0095/009500030220.001/swg.fits[1]
scw/0095/009500030230.001/swg.fits[1]
scw/0095/009500030240.001/swg.fits[1]
scw/0095/009500030250.001/swg.fits[1]
scw/0095/009500030260.001/swg.fits[1]
scw/0095/009500030270.001/swg.fits[1]
scw/0095/009500030280.001/swg.fits[1]
scw/0104/010400170010.001/swg.fits[1]
scw/0104/010400230010.001/swg.fits[1]
scw/0104/010400240010.001/swg.fits[1]
scw/0104/010400250010.001/swg.fits[1]
scw/0104/010400260010.001/swg.fits[1]
scw/0104/010400270010.001/swg.fits[1]
scw/0104/010400280010.001/swg.fits[1]
scw/0104/010400290010.001/swg.fits[1]
scw/0104/010400350010.001/swg.fits[1]
scw/0104/010400650010.001/swg.fits[1]
scw/0104/010400710010.001/swg.fits[1]
scw/0104/010400720010.001/swg.fits[1]
scw/0104/010400730010.001/swg.fits[1]
scw/0104/010400740010.001/swg.fits[1]
scw/0229/022900630010.001/swg.fits[1]
scw/0267/026700000070.001/swg.fits[1]
scw/0267/026700000090.001/swg.fits[1]
scw/0267/026700000110.001/swg.fits[1]
scw/0267/026700000530.001/swg.fits[1]
scw/0403/040300180010.001/swg.fits[1]
scw/0412/041200270010.001/swg.fits[1]
scw/0524/052400020010.001/swg.fits[1]
scw/0582/058200140010.001/swg.fits[1]
scw/0582/058200140020.001/swg.fits[1]
scw/0582/058200140030.001/swg.fits[1]
scw/0582/058200150010.001/swg.fits[1]
scw/0594/059400370010.001/swg.fits[1]
scw/0594/059400370020.001/swg.fits[1]
scw/0594/059400370030.001/swg.fits[1]
scw/0594/059400380010.001/swg.fits[1]
scw/0643/064300260010.001/swg.fits[1]
scw/0643/064300270010.001/swg.fits[1]
scw/0644/064400080010.001/swg.fits[1]
scw/0644/064400160010.001/swg.fits[1]
scw/0644/064400170010.001/swg.fits[1]
scw/0644/064400180010.001/swg.fits[1]
scw/0644/064400210010.001/swg.fits[1]
scw/0644/064400220010.001/swg.fits[1]
scw/0644/064400230010.001/swg.fits[1]
scw/0644/064400240010.001/swg.fits[1]
scw/0644/064400250010.001/swg.fits[1]
scw/0644/064400260010.001/swg.fits[1]
scw/0644/064400270010.001/swg.fits[1]
scw/0645/064500110010.001/swg.fits[1]
scw/0645/064500120010.001/swg.fits[1]
scw/0645/064500520010.001/swg.fits[1]
scw/0645/064500600010.001/swg.fits[1]
scw/0654/065400310010.001/swg.fits[1]
scw/0654/065400310020.001/swg.fits[1]
scw/0654/065400310030.001/swg.fits[1]
scw/0654/065400320010.001/swg.fits[1]
scw/0702/070200230010.001/swg.fits[1]
scw/0702/070200230020.001/swg.fits[1]
scw/0702/070200230030.001/swg.fits[1]
scw/0702/070200240010.001/swg.fits[1]
scw/0763/076300260010.001/swg.fits[1]
scw/0763/076300270010.001/swg.fits[1]
scw/0764/076400070010.001/swg.fits[1]
scw/0764/076400150010.001/swg.fits[1]
scw/0764/076400160010.001/swg.fits[1]
scw/0764/076400170010.001/swg.fits[1]
scw/0766/076600060010.001/swg.fits[1]
scw/0766/076600070010.001/swg.fits[1]
scw/0767/076700170010.001/swg.fits[1]
scw/0767/076700250010.001/swg.fits[1]
scw/0767/076700260010.001/swg.fits[1]
scw/0780/078000430010.001/swg.fits[1]
scw/0836/083600760010.001/swg.fits[1]
scw/0886/088600090010.001/swg.fits[1]
scw/0886/088600100010.001/swg.fits[1]
scw/0886/088600110010.001/swg.fits[1]
scw/0886/088600130010.001/swg.fits[1]
scw/0886/088600140010.001/swg.fits[1]
scw/0886/088600150010.001/swg.fits[1]
scw/0886/088600160010.001/swg.fits[1]
scw/0886/088600170010.001/swg.fits[1]
scw/0886/088600180010.001/swg.fits[1]
scw/0886/088600190010.001/swg.fits[1]
scw/0886/088600200010.001/swg.fits[1]
scw/0886/088600210010.001/swg.fits[1]
scw/0886/088600220010.001/swg.fits[1]
scw/0887/088700260010.001/swg.fits[1]
scw/0887/088700270010.001/swg.fits[1]
scw/0891/089100200010.001/swg.fits[1]
scw/0891/089100220010.001/swg.fits[1]
scw/0891/089100230010.001/swg.fits[1]
scw/0891/089100240010.001/swg.fits[1]
scw/0891/089100250010.001/swg.fits[1]
scw/0891/089100260010.001/swg.fits[1]
scw/0891/089100270010.001/swg.fits[1]
scw/0891/089100280010.001/swg.fits[1]
scw/0891/089100290010.001/swg.fits[1]
scw/0891/089100300010.001/swg.fits[1]
scw/0891/089100310010.001/swg.fits[1]
scw/0891/089100320010.001/swg.fits[1]
scw/0891/089100480010.001/swg.fits[1]
scw/0891/089100490010.001/swg.fits[1]
scw/0891/089100500010.001/swg.fits[1]
scw/0891/089100510010.001/swg.fits[1]
scw/0891/089100520010.001/swg.fits[1]
scw/0891/089100530010.001/swg.fits[1]
scw/0891/089100540010.001/swg.fits[1]
scw/0891/089100550010.001/swg.fits[1]
scw/0891/089100560010.001/swg.fits[1]
scw/0891/089100570010.001/swg.fits[1]
scw/0891/089100580010.001/swg.fits[1]
scw/0891/089100590010.001/swg.fits[1]
scw/0891/089100600010.001/swg.fits[1]
scw/0894/089400280010.001/swg.fits[1]
scw/0894/089400280020.001/swg.fits[1]
scw/0894/089400280030.001/swg.fits[1]
scw/0894/089400290010.001/swg.fits[1]
scw/1009/100900300010.001/swg.fits[1]
scw/1009/100900310010.001/swg.fits[1]
scw/1009/100900320010.001/swg.fits[1]
scw/1009/100900340010.001/swg.fits[1]
scw/1009/100900350010.001/swg.fits[1]
scw/1009/100900370010.001/swg.fits[1]
scw/1009/100900380010.001/swg.fits[1]
scw/1009/100900390010.001/swg.fits[1]
scw/1009/100900400010.001/swg.fits[1]
scw/1009/100900410010.001/swg.fits[1]
scw/1009/100900430010.001/swg.fits[1]
scw/1009/100900440010.001/swg.fits[1]
scw/1009/100900810010.001/swg.fits[1]
scw/1009/100900830010.001/swg.fits[1]
scw/1009/100900840010.001/swg.fits[1]
scw/1009/100900850010.001/swg.fits[1]
scw/1009/100900860010.001/swg.fits[1]
scw/1009/100900870010.001/swg.fits[1]
scw/1009/100900890010.001/swg.fits[1]
scw/1009/100900900010.001/swg.fits[1]
scw/1009/100900910010.001/swg.fits[1]
scw/1009/100900920010.001/swg.fits[1]
scw/1009/100900940010.001/swg.fits[1]
scw/1009/100900960010.001/swg.fits[1]
scw/1009/100900970010.001/swg.fits[1]
scw/1010/101000090010.001/swg.fits[1]
scw/1010/101000100010.001/swg.fits[1]
scw/1010/101000110010.001/swg.fits[1]
scw/1010/101000130010.001/swg.fits[1]
scw/1010/101000140010.001/swg.fits[1]
scw/1010/101000150010.001/swg.fits[1]
scw/1010/101000160010.001/swg.fits[1]
scw/1010/101000170010.001/swg.fits[1]
scw/1010/101000180010.001/swg.fits[1]
scw/1010/101000200010.001/swg.fits[1]
scw/1010/101000210010.001/swg.fits[1]
scw/1010/101000220010.001/swg.fits[1]
scw/1010/101000580010.001/swg.fits[1]
