scw/0050/005000050010.001/swg.fits[1]
scw/0050/005000060010.001/swg.fits[1]
scw/0050/005000070010.001/swg.fits[1]
scw/0059/005900120010.001/swg.fits[1]
scw/0059/005900130010.001/swg.fits[1]
scw/0064/006400320010.001/swg.fits[1]
scw/0064/006400480010.001/swg.fits[1]
scw/0064/006400490010.001/swg.fits[1]
scw/0064/006400630010.001/swg.fits[1]
scw/0064/006400640010.001/swg.fits[1]
scw/0064/006400650010.001/swg.fits[1]
scw/0064/006400660010.001/swg.fits[1]
scw/0064/006400740010.001/swg.fits[1]
scw/0064/006400750010.001/swg.fits[1]
scw/0064/006400760010.001/swg.fits[1]
scw/0064/006400770010.001/swg.fits[1]
scw/0064/006400880010.001/swg.fits[1]
scw/0064/006400890010.001/swg.fits[1]
scw/0064/006400900010.001/swg.fits[1]
scw/0064/006400910010.001/swg.fits[1]
scw/0064/006400920010.001/swg.fits[1]
scw/0064/006401040010.001/swg.fits[1]
scw/0064/006401050010.001/swg.fits[1]
scw/0064/006401060010.001/swg.fits[1]
scw/0064/006401130010.001/swg.fits[1]
scw/0064/006401140010.001/swg.fits[1]
scw/0064/006401150010.001/swg.fits[1]
scw/0064/006401160010.001/swg.fits[1]
scw/0064/006401170010.001/swg.fits[1]
scw/0065/006500020010.001/swg.fits[1]
scw/0065/006500030010.001/swg.fits[1]
scw/0065/006500140010.001/swg.fits[1]
scw/0065/006500150010.001/swg.fits[1]
scw/0065/006500160010.001/swg.fits[1]
scw/0065/006500170010.001/swg.fits[1]
scw/0065/006500180010.001/swg.fits[1]
scw/0065/006500190010.001/swg.fits[1]
scw/0065/006500200010.001/swg.fits[1]
scw/0065/006500300010.001/swg.fits[1]
scw/0065/006500310010.001/swg.fits[1]
scw/0065/006500320010.001/swg.fits[1]
scw/0065/006500330010.001/swg.fits[1]
scw/0065/006500340010.001/swg.fits[1]
scw/0065/006500350010.001/swg.fits[1]
scw/0065/006500360010.001/swg.fits[1]
scw/0065/006500370010.001/swg.fits[1]
scw/0065/006500470010.001/swg.fits[1]
scw/0065/006500480010.001/swg.fits[1]
scw/0065/006500490010.001/swg.fits[1]
scw/0065/006500500010.001/swg.fits[1]
scw/0065/006500510010.001/swg.fits[1]
scw/0065/006500520010.001/swg.fits[1]
scw/0065/006500530010.001/swg.fits[1]
scw/0065/006500540010.001/swg.fits[1]
scw/0065/006500600010.001/swg.fits[1]
scw/0065/006500610010.001/swg.fits[1]
scw/0065/006500620010.001/swg.fits[1]
scw/0065/006500630010.001/swg.fits[1]
scw/0065/006500690010.001/swg.fits[1]
scw/0065/006500840010.001/swg.fits[1]
scw/0065/006500850010.001/swg.fits[1]
scw/0065/006500860010.001/swg.fits[1]
scw/0065/006500870010.001/swg.fits[1]
scw/0065/006501000010.001/swg.fits[1]
scw/0065/006501010010.001/swg.fits[1]
scw/0065/006501020010.001/swg.fits[1]
scw/0065/006501030010.001/swg.fits[1]
scw/0065/006501040010.001/swg.fits[1]
scw/0066/006600320010.001/swg.fits[1]
scw/0066/006600330010.001/swg.fits[1]
scw/0066/006600340010.001/swg.fits[1]
scw/0066/006600350010.001/swg.fits[1]
scw/0066/006600360010.001/swg.fits[1]
scw/0066/006600470010.001/swg.fits[1]
scw/0066/006600480010.001/swg.fits[1]
scw/0066/006600490010.001/swg.fits[1]
scw/0066/006600500010.001/swg.fits[1]
scw/0066/006600510010.001/swg.fits[1]
scw/0066/006600520010.001/swg.fits[1]
scw/0066/006600530010.001/swg.fits[1]
scw/0066/006600540010.001/swg.fits[1]
scw/0066/006600550010.001/swg.fits[1]
scw/0066/006600560010.001/swg.fits[1]
scw/0066/006600570010.001/swg.fits[1]
scw/0066/006600580010.001/swg.fits[1]
scw/0066/006600590010.001/swg.fits[1]
scw/0066/006600600010.001/swg.fits[1]
scw/0066/006600610010.001/swg.fits[1]
scw/0066/006600620010.001/swg.fits[1]
scw/0066/006600820010.001/swg.fits[1]
scw/0066/006600830010.001/swg.fits[1]
scw/0066/006600840010.001/swg.fits[1]
scw/0066/006600850010.001/swg.fits[1]
scw/0066/006600860010.001/swg.fits[1]
scw/0066/006600970010.001/swg.fits[1]
scw/0066/006600980010.001/swg.fits[1]
scw/0066/006600990010.001/swg.fits[1]
scw/0066/006601000010.001/swg.fits[1]
scw/0066/006601010010.001/swg.fits[1]
scw/0066/006601020010.001/swg.fits[1]
scw/0066/006601030010.001/swg.fits[1]
scw/0070/007000150010.001/swg.fits[1]
scw/0117/011700110010.001/swg.fits[1]
scw/0117/011700120010.001/swg.fits[1]
scw/0117/011700130010.001/swg.fits[1]
scw/0117/011700140010.001/swg.fits[1]
scw/0117/011700390010.001/swg.fits[1]
scw/0117/011700400010.001/swg.fits[1]
scw/0117/011700410010.001/swg.fits[1]
scw/0117/011700420010.001/swg.fits[1]
scw/0117/011700430010.001/swg.fits[1]
scw/0117/011700440010.001/swg.fits[1]
scw/0117/011700550010.001/swg.fits[1]
scw/0117/011700560010.001/swg.fits[1]
scw/0117/011700570010.001/swg.fits[1]
scw/0117/011700580010.001/swg.fits[1]
scw/0117/011700590010.001/swg.fits[1]
scw/0117/011700600010.001/swg.fits[1]
scw/0117/011700610010.001/swg.fits[1]
scw/0117/011700820010.001/swg.fits[1]
scw/0117/011700830010.001/swg.fits[1]
scw/0117/011700840010.001/swg.fits[1]
scw/0117/011700850010.001/swg.fits[1]
scw/0117/011700860010.001/swg.fits[1]
scw/0117/011700870010.001/swg.fits[1]
scw/0117/011700880010.001/swg.fits[1]
scw/0117/011700890010.001/swg.fits[1]
scw/0117/011700900010.001/swg.fits[1]
scw/0117/011700910010.001/swg.fits[1]
scw/0117/011700920010.001/swg.fits[1]
scw/0117/011700940010.001/swg.fits[1]
scw/0117/011700950010.001/swg.fits[1]
scw/0117/011700960010.001/swg.fits[1]
scw/0117/011700970010.001/swg.fits[1]
scw/0117/011700980010.001/swg.fits[1]
scw/0117/011700990010.001/swg.fits[1]
scw/0117/011701000010.001/swg.fits[1]
scw/0117/011701010010.001/swg.fits[1]
scw/0117/011701020010.001/swg.fits[1]
scw/0121/012100690010.001/swg.fits[1]
scw/0121/012100710010.001/swg.fits[1]
scw/0121/012100720010.001/swg.fits[1]
scw/0121/012100730010.001/swg.fits[1]
scw/0121/012100740010.001/swg.fits[1]
scw/0121/012100750010.001/swg.fits[1]
scw/0121/012100990010.001/swg.fits[1]
scw/0121/012101000010.001/swg.fits[1]
scw/0121/012101010010.001/swg.fits[1]
scw/0121/012101020010.001/swg.fits[1]
scw/0121/012101030010.001/swg.fits[1]
scw/0121/012101040010.001/swg.fits[1]
scw/0121/012101050010.001/swg.fits[1]
scw/0121/012101060010.001/swg.fits[1]
scw/0121/012101070010.001/swg.fits[1]
scw/0121/012101080010.001/swg.fits[1]
scw/0121/012101090010.001/swg.fits[1]
scw/0121/012101100010.001/swg.fits[1]
scw/0121/012101110010.001/swg.fits[1]
scw/0122/012200030010.001/swg.fits[1]
scw/0122/012200040010.001/swg.fits[1]
scw/0122/012200050010.001/swg.fits[1]
scw/0122/012201060010.001/swg.fits[1]
scw/0122/012201070010.001/swg.fits[1]
scw/0123/012300030010.001/swg.fits[1]
scw/0123/012300040010.001/swg.fits[1]
scw/0123/012300050010.001/swg.fits[1]
scw/0123/012300060010.001/swg.fits[1]
scw/0123/012300070010.001/swg.fits[1]
scw/0123/012300080010.001/swg.fits[1]
scw/0123/012300090010.001/swg.fits[1]
scw/0123/012300100010.001/swg.fits[1]
scw/0123/012300210010.001/swg.fits[1]
scw/0123/012300220010.001/swg.fits[1]
scw/0123/012300230010.001/swg.fits[1]
scw/0123/012300360010.001/swg.fits[1]
scw/0123/012300370010.001/swg.fits[1]
scw/0123/012300380010.001/swg.fits[1]
scw/0123/012300390010.001/swg.fits[1]
scw/0123/012300400010.001/swg.fits[1]
scw/0123/012300410010.001/swg.fits[1]
scw/0123/012300420010.001/swg.fits[1]
scw/0123/012300530010.001/swg.fits[1]
scw/0123/012300540010.001/swg.fits[1]
scw/0123/012300550010.001/swg.fits[1]
scw/0123/012300560010.001/swg.fits[1]
scw/0123/012300570010.001/swg.fits[1]
scw/0123/012300580010.001/swg.fits[1]
scw/0123/012300590010.001/swg.fits[1]
scw/0123/012300690010.001/swg.fits[1]
scw/0123/012300700010.001/swg.fits[1]
scw/0123/012300710010.001/swg.fits[1]
scw/0123/012300720010.001/swg.fits[1]
scw/0123/012300730010.001/swg.fits[1]
scw/0123/012300740010.001/swg.fits[1]
scw/0123/012300750010.001/swg.fits[1]
scw/0123/012300760010.001/swg.fits[1]
scw/0123/012300860010.001/swg.fits[1]
scw/0123/012300870010.001/swg.fits[1]
scw/0123/012300880010.001/swg.fits[1]
scw/0123/012300890010.001/swg.fits[1]
scw/0123/012300900010.001/swg.fits[1]
scw/0123/012300910010.001/swg.fits[1]
scw/0123/012300920010.001/swg.fits[1]
scw/0123/012300930010.001/swg.fits[1]
scw/0123/012301020010.001/swg.fits[1]
scw/0123/012301030010.001/swg.fits[1]
scw/0123/012301040010.001/swg.fits[1]
scw/0123/012301050010.001/swg.fits[1]
scw/0172/017200120010.001/swg.fits[1]
scw/0172/017200130010.001/swg.fits[1]
scw/0172/017200190010.001/swg.fits[1]
scw/0172/017200200010.001/swg.fits[1]
scw/0172/017200210010.001/swg.fits[1]
scw/0172/017200220010.001/swg.fits[1]
scw/0172/017200270010.001/swg.fits[1]
scw/0172/017200280010.001/swg.fits[1]
scw/0172/017200290010.001/swg.fits[1]
scw/0172/017200300010.001/swg.fits[1]
scw/0172/017200360010.001/swg.fits[1]
scw/0172/017200660010.001/swg.fits[1]
scw/0172/017200670010.001/swg.fits[1]
scw/0172/017200680010.001/swg.fits[1]
scw/0172/017200740010.001/swg.fits[1]
scw/0172/017200750010.001/swg.fits[1]
scw/0172/017200760010.001/swg.fits[1]
scw/0172/017200960010.001/swg.fits[1]
scw/0172/017200970010.001/swg.fits[1]
scw/0172/017200980010.001/swg.fits[1]
scw/0174/017400880010.001/swg.fits[1]
scw/0174/017400940010.001/swg.fits[1]
scw/0174/017400950010.001/swg.fits[1]
scw/0174/017400960010.001/swg.fits[1]
scw/0174/017400970010.001/swg.fits[1]
scw/0174/017401020010.001/swg.fits[1]
scw/0174/017401030010.001/swg.fits[1]
scw/0174/017401040010.001/swg.fits[1]
scw/0174/017401050010.001/swg.fits[1]
scw/0174/017401110010.001/swg.fits[1]
scw/0174/017401120010.001/swg.fits[1]
scw/0176/017600770010.001/swg.fits[1]
scw/0176/017600780010.001/swg.fits[1]
scw/0176/017600870010.001/swg.fits[1]
scw/0176/017600880010.001/swg.fits[1]
