scw/0511/051100500010.001/swg.fits[1]
scw/0511/051100510010.001/swg.fits[1]
scw/0511/051100520010.001/swg.fits[1]
scw/0511/051100590010.001/swg.fits[1]
scw/0511/051100600010.001/swg.fits[1]
scw/0511/051100610010.001/swg.fits[1]
scw/0511/051100620010.001/swg.fits[1]
scw/0511/051100690010.001/swg.fits[1]
scw/0511/051100700010.001/swg.fits[1]
scw/0511/051100710010.001/swg.fits[1]
scw/0511/051100720010.001/swg.fits[1]
scw/0511/051100790010.001/swg.fits[1]
scw/0511/051100800010.001/swg.fits[1]
scw/0511/051100810010.001/swg.fits[1]
scw/0512/051200060010.001/swg.fits[1]
scw/0512/051200160010.001/swg.fits[1]
scw/0512/051200170010.001/swg.fits[1]
scw/0512/051200250010.001/swg.fits[1]
scw/0512/051200260010.001/swg.fits[1]
scw/0512/051200270010.001/swg.fits[1]
scw/0512/051200280010.001/swg.fits[1]
scw/0512/051200350010.001/swg.fits[1]
scw/0512/051200360010.001/swg.fits[1]
scw/0512/051200370010.001/swg.fits[1]
scw/0512/051200460010.001/swg.fits[1]
scw/0512/051200470010.001/swg.fits[1]
scw/0512/051200570010.001/swg.fits[1]
scw/0512/051200660010.001/swg.fits[1]
scw/0512/051200670010.001/swg.fits[1]
scw/0512/051200750010.001/swg.fits[1]
scw/0512/051200760010.001/swg.fits[1]
scw/0512/051200770010.001/swg.fits[1]
scw/0512/051200780010.001/swg.fits[1]
scw/0513/051300020010.001/swg.fits[1]
scw/0513/051300030010.001/swg.fits[1]
scw/0513/051300120010.001/swg.fits[1]
scw/0513/051300130010.001/swg.fits[1]
scw/0513/051300400010.001/swg.fits[1]
scw/0513/051300410010.001/swg.fits[1]
scw/0513/051300500010.001/swg.fits[1]
scw/0513/051300510010.001/swg.fits[1]
scw/0513/051300600010.001/swg.fits[1]
scw/0513/051300610010.001/swg.fits[1]
scw/0513/051300620010.001/swg.fits[1]
scw/0513/051300700010.001/swg.fits[1]
scw/0513/051300710010.001/swg.fits[1]
scw/0513/051300800010.001/swg.fits[1]
scw/0513/051300810010.001/swg.fits[1]
scw/0514/051400050010.001/swg.fits[1]
scw/0514/051400060010.001/swg.fits[1]
scw/0514/051400070010.001/swg.fits[1]
scw/0514/051400140010.001/swg.fits[1]
scw/0514/051400150010.001/swg.fits[1]
scw/0514/051400160010.001/swg.fits[1]
scw/0514/051400250010.001/swg.fits[1]
scw/0514/051400260010.001/swg.fits[1]
scw/0515/051500080010.001/swg.fits[1]
scw/0515/051500170010.001/swg.fits[1]
scw/0515/051500180010.001/swg.fits[1]
scw/0515/051500260010.001/swg.fits[1]
scw/0515/051500270010.001/swg.fits[1]
scw/0515/051500280010.001/swg.fits[1]
scw/0515/051500290010.001/swg.fits[1]
scw/0516/051600040010.001/swg.fits[1]
scw/0516/051600050010.001/swg.fits[1]
scw/0516/051600060010.001/swg.fits[1]
scw/0516/051600070010.001/swg.fits[1]
scw/0516/051600140010.001/swg.fits[1]
scw/0516/051600150010.001/swg.fits[1]
scw/0516/051600160010.001/swg.fits[1]
scw/0516/051600170010.001/swg.fits[1]
scw/0516/051600240010.001/swg.fits[1]
scw/0516/051600250010.001/swg.fits[1]
scw/0516/051600260010.001/swg.fits[1]
scw/0516/051600270010.001/swg.fits[1]
scw/0517/051700070010.001/swg.fits[1]
scw/0517/051700080010.001/swg.fits[1]
scw/0517/051700090010.001/swg.fits[1]
scw/0517/051700160010.001/swg.fits[1]
scw/0517/051700170010.001/swg.fits[1]
scw/0517/051700180010.001/swg.fits[1]
scw/0518/051800020010.001/swg.fits[1]
scw/0518/051800090010.001/swg.fits[1]
scw/0518/051800100010.001/swg.fits[1]
scw/0518/051800110010.001/swg.fits[1]
scw/0519/051900080010.001/swg.fits[1]
scw/0519/051900090010.001/swg.fits[1]
scw/0519/051900180010.001/swg.fits[1]
scw/0519/051900190010.001/swg.fits[1]
scw/0520/052000090010.001/swg.fits[1]
scw/0520/052000100010.001/swg.fits[1]
scw/0520/052000180010.001/swg.fits[1]
scw/0526/052600020010.001/swg.fits[1]
scw/0526/052600030010.001/swg.fits[1]
scw/0553/055300520010.001/swg.fits[1]
scw/0553/055300530010.001/swg.fits[1]
scw/0553/055300540010.001/swg.fits[1]
scw/0553/055300550010.001/swg.fits[1]
scw/0553/055300560010.001/swg.fits[1]
scw/0553/055300570010.001/swg.fits[1]
scw/0553/055300580010.001/swg.fits[1]
scw/0553/055300620010.001/swg.fits[1]
scw/0553/055300630010.001/swg.fits[1]
scw/0553/055300640010.001/swg.fits[1]
scw/0553/055300650010.001/swg.fits[1]
scw/0557/055700250010.001/swg.fits[1]
scw/0557/055700320010.001/swg.fits[1]
scw/0557/055700330010.001/swg.fits[1]
scw/0557/055700340010.001/swg.fits[1]
scw/0557/055700350010.001/swg.fits[1]
scw/0557/055700360010.001/swg.fits[1]
scw/0557/055700370010.001/swg.fits[1]
scw/0557/055700380010.001/swg.fits[1]
scw/0557/055700420010.001/swg.fits[1]
scw/0557/055700430010.001/swg.fits[1]
scw/0557/055700440010.001/swg.fits[1]
scw/0557/055700450010.001/swg.fits[1]
scw/0557/055700460010.001/swg.fits[1]
scw/0557/055700540010.001/swg.fits[1]
scw/0558/055800410010.001/swg.fits[1]
scw/0558/055800420010.001/swg.fits[1]
scw/0558/055800430010.001/swg.fits[1]
scw/0558/055800440010.001/swg.fits[1]
scw/0558/055800490010.001/swg.fits[1]
scw/0558/055800500010.001/swg.fits[1]
scw/0558/055800510010.001/swg.fits[1]
scw/0558/055800520010.001/swg.fits[1]
scw/0558/055800530010.001/swg.fits[1]
scw/0558/055800610010.001/swg.fits[1]
scw/0559/055900190010.001/swg.fits[1]
scw/0559/055900190020.001/swg.fits[1]
scw/0559/055900190030.001/swg.fits[1]
scw/0559/055900200010.001/swg.fits[1]
scw/0559/055900220010.001/swg.fits[1]
scw/0559/055900230010.001/swg.fits[1]
scw/0559/055900290010.001/swg.fits[1]
scw/0559/055900300010.001/swg.fits[1]
scw/0559/055900310010.001/swg.fits[1]
scw/0559/055900320010.001/swg.fits[1]
scw/0559/055900330010.001/swg.fits[1]
scw/0559/055900340010.001/swg.fits[1]
scw/0559/055900350010.001/swg.fits[1]
scw/0559/055900390010.001/swg.fits[1]
scw/0559/055900400010.001/swg.fits[1]
scw/0559/055900410010.001/swg.fits[1]
scw/0559/055900420010.001/swg.fits[1]
scw/0559/055900430010.001/swg.fits[1]
scw/0559/055900720010.001/swg.fits[1]
scw/0559/055900790010.001/swg.fits[1]
scw/0562/056200100010.001/swg.fits[1]
scw/0562/056200110010.001/swg.fits[1]
scw/0563/056300220010.001/swg.fits[1]
scw/0563/056300230010.001/swg.fits[1]
scw/0563/056300240010.001/swg.fits[1]
scw/0563/056300250010.001/swg.fits[1]
scw/0563/056300260010.001/swg.fits[1]
scw/0563/056300310010.001/swg.fits[1]
scw/0563/056300320010.001/swg.fits[1]
scw/0563/056300330010.001/swg.fits[1]
scw/0563/056300340010.001/swg.fits[1]
scw/0563/056300350010.001/swg.fits[1]
scw/0563/056300430010.001/swg.fits[1]
scw/0563/056300630010.001/swg.fits[1]
scw/0563/056300640010.001/swg.fits[1]
scw/0563/056300650010.001/swg.fits[1]
scw/0563/056300720010.001/swg.fits[1]
scw/0564/056400010010.001/swg.fits[1]
scw/0564/056400020010.001/swg.fits[1]
scw/0564/056400030010.001/swg.fits[1]
scw/0564/056400040010.001/swg.fits[1]
scw/0564/056400100010.001/swg.fits[1]
scw/0564/056400110010.001/swg.fits[1]
scw/0564/056400120010.001/swg.fits[1]
scw/0564/056400210010.001/swg.fits[1]
scw/0564/056400420010.001/swg.fits[1]
scw/0564/056400500010.001/swg.fits[1]
scw/0564/056400510010.001/swg.fits[1]
scw/0564/056400520010.001/swg.fits[1]
scw/0564/056400530010.001/swg.fits[1]
scw/0564/056400600010.001/swg.fits[1]
scw/0564/056400610010.001/swg.fits[1]
scw/0564/056400620010.001/swg.fits[1]
scw/0564/056400630010.001/swg.fits[1]
scw/0564/056400710010.001/swg.fits[1]
scw/0567/056700130010.001/swg.fits[1]
scw/0567/056700210010.001/swg.fits[1]
scw/0567/056700220010.001/swg.fits[1]
scw/0567/056700230010.001/swg.fits[1]
scw/0567/056700240010.001/swg.fits[1]
scw/0567/056700310010.001/swg.fits[1]
scw/0567/056700320010.001/swg.fits[1]
scw/0567/056700330010.001/swg.fits[1]
scw/0567/056700340010.001/swg.fits[1]
scw/0567/056700410010.001/swg.fits[1]
scw/0567/056700420010.001/swg.fits[1]
scw/0567/056700430010.001/swg.fits[1]
scw/0567/056700630010.001/swg.fits[1]
scw/0567/056700710010.001/swg.fits[1]
scw/0567/056700720010.001/swg.fits[1]
scw/0567/056700730010.001/swg.fits[1]
scw/0567/056700740010.001/swg.fits[1]
scw/0567/056700810010.001/swg.fits[1]
scw/0567/056700820010.001/swg.fits[1]
scw/0567/056700830010.001/swg.fits[1]
scw/0567/056700840010.001/swg.fits[1]
scw/0568/056800060010.001/swg.fits[1]
scw/0568/056800260010.001/swg.fits[1]
scw/0568/056800270010.001/swg.fits[1]
scw/0568/056800350010.001/swg.fits[1]
scw/0568/056800360010.001/swg.fits[1]
scw/0568/056800370010.001/swg.fits[1]
scw/0568/056800380010.001/swg.fits[1]
scw/0568/056800450010.001/swg.fits[1]
scw/0568/056800460010.001/swg.fits[1]
scw/0568/056800470010.001/swg.fits[1]
scw/0568/056800480010.001/swg.fits[1]
scw/0568/056800550010.001/swg.fits[1]
scw/0568/056800560010.001/swg.fits[1]
scw/0568/056800570010.001/swg.fits[1]
scw/0568/056800760010.001/swg.fits[1]
scw/0568/056800770010.001/swg.fits[1]
scw/0569/056900030010.001/swg.fits[1]
scw/0569/056900040010.001/swg.fits[1]
scw/0569/056900050010.001/swg.fits[1]
scw/0569/056900060010.001/swg.fits[1]
scw/0569/056900130010.001/swg.fits[1]
scw/0569/056900140010.001/swg.fits[1]
scw/0569/056900150010.001/swg.fits[1]
scw/0569/056900160010.001/swg.fits[1]
scw/0569/056900240010.001/swg.fits[1]
scw/0569/056900250010.001/swg.fits[1]
scw/0583/058300100010.001/swg.fits[1]
scw/0583/058300110010.001/swg.fits[1]
scw/0583/058300120010.001/swg.fits[1]
scw/0624/062400410010.001/swg.fits[1]
