scw/0044/004400340010.001/swg.fits[1]
scw/0044/004400350010.001/swg.fits[1]
scw/0044/004400360010.001/swg.fits[1]
scw/0044/004400370010.001/swg.fits[1]
scw/0044/004400380010.001/swg.fits[1]
scw/0044/004400390010.001/swg.fits[1]
scw/0044/004400400010.001/swg.fits[1]
scw/0044/004400410010.001/swg.fits[1]
scw/0044/004400420010.001/swg.fits[1]
scw/0044/004400430010.001/swg.fits[1]
scw/0044/004400440010.001/swg.fits[1]
scw/0044/004400450010.001/swg.fits[1]
scw/0044/004400460010.001/swg.fits[1]
scw/0044/004400470010.001/swg.fits[1]
scw/0044/004400480010.001/swg.fits[1]
scw/0044/004400490010.001/swg.fits[1]
scw/0044/004400500010.001/swg.fits[1]
scw/0044/004400530010.001/swg.fits[1]
scw/0044/004400540010.001/swg.fits[1]
scw/0044/004400550010.001/swg.fits[1]
scw/0044/004400560010.001/swg.fits[1]
scw/0044/004400570010.001/swg.fits[1]
scw/0044/004400580010.001/swg.fits[1]
scw/0044/004400590010.001/swg.fits[1]
scw/0044/004400620010.001/swg.fits[1]
scw/0044/004400630010.001/swg.fits[1]
scw/0044/004400640010.001/swg.fits[1]
scw/0044/004400650010.001/swg.fits[1]
scw/0044/004400660010.001/swg.fits[1]
scw/0044/004400670010.001/swg.fits[1]
scw/0044/004400680010.001/swg.fits[1]
scw/0044/004400690010.001/swg.fits[1]
scw/0044/004400720010.001/swg.fits[1]
scw/0044/004400730010.001/swg.fits[1]
scw/0044/004400740010.001/swg.fits[1]
scw/0044/004400750010.001/swg.fits[1]
scw/0044/004400780010.001/swg.fits[1]
scw/0044/004400790010.001/swg.fits[1]
scw/0044/004400800010.001/swg.fits[1]
scw/0044/004400810010.001/swg.fits[1]
scw/0044/004400820010.001/swg.fits[1]
scw/0044/004400830010.001/swg.fits[1]
scw/0044/004400850010.001/swg.fits[1]
scw/0044/004400860010.001/swg.fits[1]
scw/0044/004400870010.001/swg.fits[1]
scw/0044/004400880010.001/swg.fits[1]
scw/0044/004400890010.001/swg.fits[1]
scw/0044/004400910010.001/swg.fits[1]
scw/0044/004400920010.001/swg.fits[1]
scw/0044/004400940010.001/swg.fits[1]
scw/0044/004400950010.001/swg.fits[1]
scw/0044/004400960010.001/swg.fits[1]
scw/0045/004500030010.001/swg.fits[1]
scw/0045/004500040010.001/swg.fits[1]
scw/0045/004500050010.001/swg.fits[1]
scw/0045/004500060010.001/swg.fits[1]
scw/0045/004500100010.001/swg.fits[1]
scw/0045/004500110010.001/swg.fits[1]
scw/0045/004500120010.001/swg.fits[1]
scw/0045/004500130010.001/swg.fits[1]
scw/0045/004500140010.001/swg.fits[1]
scw/0045/004500150010.001/swg.fits[1]
scw/0045/004500160010.001/swg.fits[1]
scw/0045/004500190010.001/swg.fits[1]
scw/0045/004500200010.001/swg.fits[1]
scw/0045/004500210010.001/swg.fits[1]
scw/0045/004500220010.001/swg.fits[1]
scw/0045/004500230010.001/swg.fits[1]
scw/0045/004500240010.001/swg.fits[1]
scw/0045/004500250010.001/swg.fits[1]
scw/0045/004500260010.001/swg.fits[1]
scw/0045/004500280010.001/swg.fits[1]
scw/0045/004500290010.001/swg.fits[1]
scw/0045/004500300010.001/swg.fits[1]
scw/0045/004500310010.001/swg.fits[1]
scw/0045/004500320010.001/swg.fits[1]
scw/0045/004500360010.001/swg.fits[1]
scw/0045/004500370010.001/swg.fits[1]
scw/0045/004500380010.001/swg.fits[1]
scw/0045/004500390010.001/swg.fits[1]
scw/0045/004500400010.001/swg.fits[1]
scw/0045/004500410010.001/swg.fits[1]
scw/0045/004500450010.001/swg.fits[1]
scw/0045/004500460010.001/swg.fits[1]
scw/0045/004500470010.001/swg.fits[1]
scw/0045/004500480010.001/swg.fits[1]
scw/0045/004500490010.001/swg.fits[1]
scw/0045/004500500010.001/swg.fits[1]
scw/0045/004500510010.001/swg.fits[1]
scw/0045/004500520010.001/swg.fits[1]
scw/0045/004500550010.001/swg.fits[1]
scw/0045/004500560010.001/swg.fits[1]
scw/0045/004500570010.001/swg.fits[1]
scw/0045/004500580010.001/swg.fits[1]
scw/0045/004500650010.001/swg.fits[1]
scw/0045/004500660010.001/swg.fits[1]
scw/0045/004500720010.001/swg.fits[1]
scw/0045/004500730010.001/swg.fits[1]
scw/0045/004500740010.001/swg.fits[1]
scw/0045/004500750010.001/swg.fits[1]
scw/0045/004500760010.001/swg.fits[1]
scw/0045/004500770010.001/swg.fits[1]
scw/0045/004500780010.001/swg.fits[1]
scw/0045/004500810010.001/swg.fits[1]
scw/0045/004500820010.001/swg.fits[1]
scw/0045/004500830010.001/swg.fits[1]
scw/0045/004500840010.001/swg.fits[1]
scw/0045/004500860010.001/swg.fits[1]
scw/0055/005500830010.001/swg.fits[1]
scw/0055/005500840010.001/swg.fits[1]
scw/0058/005800230010.001/swg.fits[1]
scw/0058/005800240010.001/swg.fits[1]
scw/0102/010200060010.001/swg.fits[1]
scw/0102/010200070010.001/swg.fits[1]
scw/0102/010200070020.001/swg.fits[1]
scw/0102/010200070030.001/swg.fits[1]
scw/0102/010200070040.001/swg.fits[1]
scw/0102/010200070050.001/swg.fits[1]
scw/0102/010200070060.001/swg.fits[1]
scw/0102/010200070070.001/swg.fits[1]
scw/0102/010200070080.001/swg.fits[1]
scw/0102/010200070090.001/swg.fits[1]
scw/0102/010200070100.001/swg.fits[1]
scw/0102/010200070110.001/swg.fits[1]
scw/0102/010200070120.001/swg.fits[1]
scw/0102/010200070130.001/swg.fits[1]
scw/0102/010200070140.001/swg.fits[1]
scw/0102/010200070150.001/swg.fits[1]
scw/0102/010200070160.001/swg.fits[1]
scw/0102/010200090010.001/swg.fits[1]
scw/0102/010200100010.001/swg.fits[1]
scw/0102/010200110010.001/swg.fits[1]
scw/0102/010200120010.001/swg.fits[1]
scw/0102/010200140010.001/swg.fits[1]
scw/0102/010200150010.001/swg.fits[1]
scw/0102/010200160010.001/swg.fits[1]
scw/0102/010200170010.001/swg.fits[1]
scw/0102/010200180010.001/swg.fits[1]
scw/0102/010200190010.001/swg.fits[1]
scw/0102/010200200010.001/swg.fits[1]
scw/0102/010200210010.001/swg.fits[1]
scw/0102/010200220010.001/swg.fits[1]
scw/0102/010200230010.001/swg.fits[1]
scw/0102/010200240010.001/swg.fits[1]
scw/0102/010200250010.001/swg.fits[1]
scw/0102/010200260010.001/swg.fits[1]
scw/0102/010200270010.001/swg.fits[1]
scw/0102/010200280010.001/swg.fits[1]
scw/0102/010200290010.001/swg.fits[1]
scw/0102/010200300010.001/swg.fits[1]
scw/0102/010200310010.001/swg.fits[1]
scw/0102/010200320010.001/swg.fits[1]
scw/0102/010200330010.001/swg.fits[1]
scw/0102/010200350010.001/swg.fits[1]
scw/0102/010200350020.001/swg.fits[1]
scw/0102/010200350030.001/swg.fits[1]
scw/0102/010200350040.001/swg.fits[1]
scw/0102/010200350050.001/swg.fits[1]
scw/0102/010200350060.001/swg.fits[1]
scw/0102/010200350070.001/swg.fits[1]
scw/0102/010200350080.001/swg.fits[1]
scw/0102/010200350090.001/swg.fits[1]
scw/0102/010200350100.001/swg.fits[1]
scw/0102/010200350110.001/swg.fits[1]
scw/0102/010200350120.001/swg.fits[1]
scw/0102/010200350130.001/swg.fits[1]
scw/0102/010200350140.001/swg.fits[1]
scw/0102/010200350150.001/swg.fits[1]
scw/0102/010200350160.001/swg.fits[1]
scw/0102/010200350170.001/swg.fits[1]
scw/0102/010200370010.001/swg.fits[1]
scw/0102/010200370020.001/swg.fits[1]
scw/0102/010200370030.001/swg.fits[1]
scw/0102/010200380010.001/swg.fits[1]
scw/0102/010200380020.001/swg.fits[1]
scw/0102/010200380030.001/swg.fits[1]
scw/0102/010200380040.001/swg.fits[1]
scw/0102/010200380050.001/swg.fits[1]
scw/0102/010200380060.001/swg.fits[1]
scw/0102/010200380070.001/swg.fits[1]
scw/0102/010200380080.001/swg.fits[1]
scw/0103/010300020010.001/swg.fits[1]
scw/0103/010300030010.001/swg.fits[1]
scw/0103/010300030020.001/swg.fits[1]
scw/0103/010300030030.001/swg.fits[1]
scw/0103/010300030040.001/swg.fits[1]
scw/0103/010300030050.001/swg.fits[1]
scw/0170/017000040010.001/swg.fits[1]
scw/0170/017000060010.001/swg.fits[1]
scw/0170/017000080010.001/swg.fits[1]
scw/0170/017000100010.001/swg.fits[1]
scw/0170/017000110010.001/swg.fits[1]
scw/0170/017000130010.001/swg.fits[1]
scw/0170/017000150010.001/swg.fits[1]
scw/0170/017000170010.001/swg.fits[1]
scw/0170/017000190010.001/swg.fits[1]
scw/0170/017000380010.001/swg.fits[1]
scw/0170/017000380020.001/swg.fits[1]
scw/0170/017000380030.001/swg.fits[1]
scw/0170/017000390010.001/swg.fits[1]
scw/0170/017000400010.001/swg.fits[1]
scw/0170/017000410010.001/swg.fits[1]
scw/0170/017000420010.001/swg.fits[1]
scw/0170/017000430010.001/swg.fits[1]
scw/0170/017000710010.001/swg.fits[1]
scw/0170/017000720010.001/swg.fits[1]
scw/0170/017000740010.001/swg.fits[1]
scw/0170/017000750010.001/swg.fits[1]
scw/0170/017000760010.001/swg.fits[1]
scw/0170/017000770010.001/swg.fits[1]
scw/0170/017000780010.001/swg.fits[1]
scw/0170/017000790010.001/swg.fits[1]
scw/0170/017000800010.001/swg.fits[1]
scw/0170/017000810010.001/swg.fits[1]
scw/0170/017000820010.001/swg.fits[1]
scw/0170/017000830010.001/swg.fits[1]
scw/0170/017000840010.001/swg.fits[1]
scw/0170/017000850010.001/swg.fits[1]
scw/0170/017000860010.001/swg.fits[1]
scw/0170/017000870010.001/swg.fits[1]
scw/0170/017000880010.001/swg.fits[1]
scw/0170/017000890010.001/swg.fits[1]
scw/0170/017000900010.001/swg.fits[1]
scw/0170/017000910010.001/swg.fits[1]
scw/0170/017000920010.001/swg.fits[1]
scw/0170/017000930010.001/swg.fits[1]
scw/0170/017000940010.001/swg.fits[1]
scw/0170/017000950010.001/swg.fits[1]
scw/0170/017000960010.001/swg.fits[1]
scw/0177/017700160010.001/swg.fits[1]
scw/0177/017700170010.001/swg.fits[1]
scw/0181/018100050010.001/swg.fits[1]
scw/0181/018100060010.001/swg.fits[1]
scw/0225/022500120010.001/swg.fits[1]
scw/0225/022500130010.001/swg.fits[1]
scw/0225/022500140010.001/swg.fits[1]
scw/0229/022900490010.001/swg.fits[1]
scw/0239/023900020010.001/swg.fits[1]
scw/0239/023900020020.001/swg.fits[1]
scw/0239/023900030010.001/swg.fits[1]
scw/0239/023900040010.001/swg.fits[1]
scw/0239/023900050010.001/swg.fits[1]
scw/0239/023900060010.001/swg.fits[1]
scw/0239/023900070010.001/swg.fits[1]
scw/0239/023900080010.001/swg.fits[1]
