scw/1028/102800560010.001/swg.fits[1]
scw/1028/102800570010.001/swg.fits[1]
scw/1029/102900360010.001/swg.fits[1]
scw/1029/102900370010.001/swg.fits[1]
scw/1029/102900380010.001/swg.fits[1]
scw/1029/102900390010.001/swg.fits[1]
scw/1030/103000880010.001/swg.fits[1]
scw/1030/103000890010.001/swg.fits[1]
scw/1030/103000900010.001/swg.fits[1]
scw/1030/103000910010.001/swg.fits[1]
scw/1031/103100900010.001/swg.fits[1]
scw/1031/103100910010.001/swg.fits[1]
scw/1031/103100920010.001/swg.fits[1]
scw/1032/103200140010.001/swg.fits[1]
scw/1033/103300060010.001/swg.fits[1]
scw/1034/103400560010.001/swg.fits[1]
scw/1034/103400570010.001/swg.fits[1]
scw/1034/103400580010.001/swg.fits[1]
scw/1035/103500390010.001/swg.fits[1]
scw/1035/103500400010.001/swg.fits[1]
scw/1035/103500410010.001/swg.fits[1]
scw/1036/103600870010.001/swg.fits[1]
scw/1036/103600880010.001/swg.fits[1]
scw/1036/103600890010.001/swg.fits[1]
scw/1036/103600900010.001/swg.fits[1]
scw/1037/103700050010.001/swg.fits[1]
scw/1037/103700060010.001/swg.fits[1]
scw/1037/103700070010.001/swg.fits[1]
scw/1038/103800680010.001/swg.fits[1]
scw/1071/107100570010.001/swg.fits[1]
scw/1071/107100580010.001/swg.fits[1]
scw/1071/107100590010.001/swg.fits[1]
scw/1071/107100600010.001/swg.fits[1]
scw/1071/107100610010.001/swg.fits[1]
scw/1071/107100620010.001/swg.fits[1]
scw/1072/107200340010.001/swg.fits[1]
scw/1072/107200350010.001/swg.fits[1]
scw/1072/107200360010.001/swg.fits[1]
scw/1072/107200370010.001/swg.fits[1]
scw/1072/107200380010.001/swg.fits[1]
scw/1072/107200390010.001/swg.fits[1]
scw/1072/107200400010.001/swg.fits[1]
scw/1072/107200410010.001/swg.fits[1]
scw/1074/107400340010.001/swg.fits[1]
scw/1074/107400350010.001/swg.fits[1]
scw/1074/107400360010.001/swg.fits[1]
scw/1074/107400370010.001/swg.fits[1]
scw/1074/107400380010.001/swg.fits[1]
scw/1074/107400390010.001/swg.fits[1]
scw/1074/107400400010.001/swg.fits[1]
scw/1074/107400410010.001/swg.fits[1]
scw/1078/107800090010.001/swg.fits[1]
scw/1078/107800100010.001/swg.fits[1]
scw/1078/107800160010.001/swg.fits[1]
scw/1078/107800370010.001/swg.fits[1]
scw/1078/107800380010.001/swg.fits[1]
scw/1078/107800440010.001/swg.fits[1]
scw/1078/107800450010.001/swg.fits[1]
scw/1078/107800510010.001/swg.fits[1]
scw/1078/107800520010.001/swg.fits[1]
scw/1078/107800580010.001/swg.fits[1]
scw/1078/107800590010.001/swg.fits[1]
scw/1079/107900040010.001/swg.fits[1]
scw/1079/107900050010.001/swg.fits[1]
scw/1079/107900130010.001/swg.fits[1]
scw/1079/107900170010.001/swg.fits[1]
scw/1079/107900180010.001/swg.fits[1]
scw/1079/107900190010.001/swg.fits[1]
scw/1080/108000090010.001/swg.fits[1]
scw/1080/108000160010.001/swg.fits[1]
scw/1080/108000300010.001/swg.fits[1]
scw/1080/108000370010.001/swg.fits[1]
scw/1080/108000430010.001/swg.fits[1]
scw/1080/108000440010.001/swg.fits[1]
scw/1080/108000450010.001/swg.fits[1]
scw/1080/108000510010.001/swg.fits[1]
scw/1080/108000580010.001/swg.fits[1]
scw/1081/108100080010.001/swg.fits[1]
scw/1081/108100090010.001/swg.fits[1]
scw/1081/108100100010.001/swg.fits[1]
scw/1082/108200840010.001/swg.fits[1]
scw/1082/108200850010.001/swg.fits[1]
scw/1082/108200860010.001/swg.fits[1]
scw/1083/108300080010.001/swg.fits[1]
scw/1083/108300090010.001/swg.fits[1]
scw/1083/108300100010.001/swg.fits[1]
scw/1088/108800830010.001/swg.fits[1]
scw/1090/109000070010.001/swg.fits[1]
scw/1090/109001170010.001/swg.fits[1]
scw/1090/109001170020.001/swg.fits[1]
scw/1091/109100630010.001/swg.fits[1]
scw/1091/109100640010.001/swg.fits[1]
scw/1091/109100650010.001/swg.fits[1]
scw/1091/109100660010.001/swg.fits[1]
scw/1091/109100670010.001/swg.fits[1]
scw/1091/109100680010.001/swg.fits[1]
scw/1092/109200850010.001/swg.fits[1]
scw/1092/109200890010.001/swg.fits[1]
scw/1092/109200900010.001/swg.fits[1]
scw/1093/109300230010.001/swg.fits[1]
scw/1093/109300270010.001/swg.fits[1]
scw/1093/109300280010.001/swg.fits[1]
scw/1093/109300290010.001/swg.fits[1]
scw/1093/109300350010.001/swg.fits[1]
scw/1093/109300360010.001/swg.fits[1]
scw/1094/109400060010.001/swg.fits[1]
scw/1094/109400070010.001/swg.fits[1]
scw/1094/109400080010.001/swg.fits[1]
scw/1095/109500060010.001/swg.fits[1]
scw/1095/109500070010.001/swg.fits[1]
scw/1095/109500080010.001/swg.fits[1]
scw/1097/109700710010.001/swg.fits[1]
scw/1099/109900680010.001/swg.fits[1]
scw/1099/109900690010.001/swg.fits[1]
scw/1099/109900700010.001/swg.fits[1]
scw/1101/110100590010.001/swg.fits[1]
scw/1101/110100600010.001/swg.fits[1]
scw/1101/110100610010.001/swg.fits[1]
scw/1103/110300020010.001/swg.fits[1]
scw/1103/110300060010.001/swg.fits[1]
scw/1103/110300070010.001/swg.fits[1]
scw/1103/110300080010.001/swg.fits[1]
scw/1135/113500880010.001/swg.fits[1]
scw/1136/113600150010.001/swg.fits[1]
scw/1136/113600160010.001/swg.fits[1]
scw/1136/113600170010.001/swg.fits[1]
scw/1136/113600180010.001/swg.fits[1]
scw/1136/113600190010.001/swg.fits[1]
scw/1136/113600860010.001/swg.fits[1]
scw/1136/113600870010.001/swg.fits[1]
scw/1136/113600880010.001/swg.fits[1]
scw/1136/113600890010.001/swg.fits[1]
scw/1136/113600890020.001/swg.fits[1]
scw/1137/113700290010.001/swg.fits[1]
scw/1137/113700300010.001/swg.fits[1]
scw/1138/113800360010.001/swg.fits[1]
scw/1138/113800370010.001/swg.fits[1]
scw/1139/113900210010.001/swg.fits[1]
scw/1139/113900220010.001/swg.fits[1]
scw/1141/114100490010.001/swg.fits[1]
scw/1141/114100500010.001/swg.fits[1]
scw/1141/114100510010.001/swg.fits[1]
scw/1142/114200020010.001/swg.fits[1]
scw/1142/114200030010.001/swg.fits[1]
scw/1142/114200040010.001/swg.fits[1]
scw/1142/114200050010.001/swg.fits[1]
scw/1143/114301060010.001/swg.fits[1]
scw/1143/114301070010.001/swg.fits[1]
scw/1143/114301080010.001/swg.fits[1]
scw/1144/114401040010.001/swg.fits[1]
scw/1145/114501160010.001/swg.fits[1]
scw/1146/114601160010.001/swg.fits[1]
scw/1146/114601170010.001/swg.fits[1]
scw/1147/114700030010.001/swg.fits[1]
scw/1147/114700040010.001/swg.fits[1]
scw/1149/114900580010.001/swg.fits[1]
scw/1149/114900600010.001/swg.fits[1]
scw/1149/114900610010.001/swg.fits[1]
scw/1149/114900620010.001/swg.fits[1]
scw/1149/114900950010.001/swg.fits[1]
scw/1149/114900960010.001/swg.fits[1]
scw/1149/114900970010.001/swg.fits[1]
scw/1149/114900980010.001/swg.fits[1]
scw/1150/115000260010.001/swg.fits[1]
scw/1150/115000270010.001/swg.fits[1]
scw/1150/115000280010.001/swg.fits[1]
scw/1150/115000290010.001/swg.fits[1]
scw/1150/115000300010.001/swg.fits[1]
scw/1150/115000310010.001/swg.fits[1]
scw/1150/115000320010.001/swg.fits[1]
scw/1150/115000330010.001/swg.fits[1]
scw/1150/115000520010.001/swg.fits[1]
scw/1150/115000530010.001/swg.fits[1]
scw/1150/115000540010.001/swg.fits[1]
scw/1150/115000550010.001/swg.fits[1]
scw/1150/115000560010.001/swg.fits[1]
scw/1150/115000570010.001/swg.fits[1]
scw/1150/115000580010.001/swg.fits[1]
scw/1150/115000590010.001/swg.fits[1]
scw/1151/115100140010.001/swg.fits[1]
scw/1151/115100150010.001/swg.fits[1]
scw/1151/115100210010.001/swg.fits[1]
scw/1151/115100220010.001/swg.fits[1]
scw/1151/115100230010.001/swg.fits[1]
scw/1151/115100240010.001/swg.fits[1]
scw/1151/115100250010.001/swg.fits[1]
scw/1151/115100260010.001/swg.fits[1]
scw/1151/115100270010.001/swg.fits[1]
scw/1151/115100400010.001/swg.fits[1]
scw/1151/115100410010.001/swg.fits[1]
scw/1151/115100470010.001/swg.fits[1]
scw/1151/115100480010.001/swg.fits[1]
scw/1151/115100490010.001/swg.fits[1]
scw/1151/115100500010.001/swg.fits[1]
scw/1151/115100510010.001/swg.fits[1]
scw/1151/115100520010.001/swg.fits[1]
scw/1151/115100660010.001/swg.fits[1]
scw/1151/115100670010.001/swg.fits[1]
scw/1151/115100730010.001/swg.fits[1]
scw/1151/115100740010.001/swg.fits[1]
scw/1151/115100750010.001/swg.fits[1]
scw/1151/115100760010.001/swg.fits[1]
scw/1151/115100770010.001/swg.fits[1]
scw/1151/115100780010.001/swg.fits[1]
scw/1151/115100790010.001/swg.fits[1]
scw/1151/115100920010.001/swg.fits[1]
scw/1151/115100930010.001/swg.fits[1]
scw/1151/115100990010.001/swg.fits[1]
scw/1151/115101000010.001/swg.fits[1]
scw/1151/115101010010.001/swg.fits[1]
scw/1151/115101020010.001/swg.fits[1]
scw/1151/115101030010.001/swg.fits[1]
scw/1151/115101040010.001/swg.fits[1]
scw/1151/115101050010.001/swg.fits[1]
scw/1152/115200140010.001/swg.fits[1]
scw/1152/115200150010.001/swg.fits[1]
scw/1152/115200210010.001/swg.fits[1]
scw/1152/115200220010.001/swg.fits[1]
scw/1152/115200230010.001/swg.fits[1]
scw/1152/115200240010.001/swg.fits[1]
scw/1152/115200250010.001/swg.fits[1]
scw/1152/115200260010.001/swg.fits[1]
scw/1152/115200270010.001/swg.fits[1]
scw/1152/115200390010.001/swg.fits[1]
scw/1152/115200400010.001/swg.fits[1]
scw/1152/115200410010.001/swg.fits[1]
scw/1152/115200470010.001/swg.fits[1]
scw/1152/115200480010.001/swg.fits[1]
scw/1152/115200490010.001/swg.fits[1]
scw/1152/115200500010.001/swg.fits[1]
scw/1152/115200510010.001/swg.fits[1]
scw/1152/115200520010.001/swg.fits[1]
scw/1152/115200530010.001/swg.fits[1]
scw/1152/115200660010.001/swg.fits[1]
scw/1152/115200670010.001/swg.fits[1]
scw/1152/115200730010.001/swg.fits[1]
scw/1152/115200740010.001/swg.fits[1]
scw/1152/115200750010.001/swg.fits[1]
scw/1152/115200760010.001/swg.fits[1]
scw/1152/115200770010.001/swg.fits[1]
scw/1152/115200780010.001/swg.fits[1]
scw/1152/115200910010.001/swg.fits[1]
scw/1152/115200920010.001/swg.fits[1]
scw/1152/115200930010.001/swg.fits[1]
scw/1152/115200990010.001/swg.fits[1]
scw/1152/115201000010.001/swg.fits[1]
scw/1152/115201010010.001/swg.fits[1]
