scw/1054/105400140010.001/swg.fits[1]
scw/1054/105400150010.001/swg.fits[1]
scw/1055/105500120010.001/swg.fits[1]
scw/1055/105500130010.001/swg.fits[1]
scw/1056/105600700010.001/swg.fits[1]
scw/1056/105600710010.001/swg.fits[1]
scw/1058/105800120010.001/swg.fits[1]
scw/1059/105900110010.001/swg.fits[1]
scw/1059/105900120010.001/swg.fits[1]
scw/1059/105900130010.001/swg.fits[1]
scw/1060/106000420010.001/swg.fits[1]
scw/1061/106100250010.001/swg.fits[1]
scw/1061/106100260010.001/swg.fits[1]
scw/1061/106100270010.001/swg.fits[1]
scw/1114/111400020010.001/swg.fits[1]
scw/1114/111400030010.001/swg.fits[1]
scw/1114/111400040010.001/swg.fits[1]
scw/1115/111500150010.001/swg.fits[1]
scw/1115/111500160010.001/swg.fits[1]
scw/1116/111600110010.001/swg.fits[1]
scw/1116/111600120010.001/swg.fits[1]
scw/1116/111600130010.001/swg.fits[1]
scw/1120/112000120010.001/swg.fits[1]
scw/1121/112100030010.001/swg.fits[1]
scw/1121/112100040010.001/swg.fits[1]
scw/1154/115400080010.001/swg.fits[1]
scw/1154/115400090010.001/swg.fits[1]
scw/1154/115400100010.001/swg.fits[1]
scw/1154/115400110010.001/swg.fits[1]
scw/1154/115400120010.001/swg.fits[1]
scw/1154/115400130010.001/swg.fits[1]
scw/1154/115400140010.001/swg.fits[1]
scw/1154/115400150010.001/swg.fits[1]
scw/1154/115400500010.001/swg.fits[1]
scw/1154/115400510010.001/swg.fits[1]
scw/1154/115400520010.001/swg.fits[1]
scw/1154/115400530010.001/swg.fits[1]
scw/1154/115400540010.001/swg.fits[1]
scw/1154/115400550010.001/swg.fits[1]
scw/1154/115400560010.001/swg.fits[1]
scw/1154/115400570010.001/swg.fits[1]
scw/1154/115400580010.001/swg.fits[1]
scw/1154/115400590010.001/swg.fits[1]
scw/1154/115400600010.001/swg.fits[1]
scw/1154/115400610010.001/swg.fits[1]
scw/1154/115400620010.001/swg.fits[1]
scw/1161/116100870010.001/swg.fits[1]
scw/1161/116100880010.001/swg.fits[1]
scw/1161/116100890010.001/swg.fits[1]
scw/1161/116100910010.001/swg.fits[1]
scw/1161/116100920010.001/swg.fits[1]
scw/1161/116100930010.001/swg.fits[1]
scw/1161/116100940010.001/swg.fits[1]
scw/1161/116100950010.001/swg.fits[1]
scw/1161/116100960010.001/swg.fits[1]
scw/1161/116100970010.001/swg.fits[1]
scw/1161/116100980010.001/swg.fits[1]
scw/1161/116100990010.001/swg.fits[1]
scw/1161/116101000010.001/swg.fits[1]
scw/1161/116101010010.001/swg.fits[1]
scw/1163/116300180010.001/swg.fits[1]
scw/1163/116300190010.001/swg.fits[1]
scw/1163/116300200010.001/swg.fits[1]
scw/1163/116300210010.001/swg.fits[1]
scw/1163/116300220010.001/swg.fits[1]
scw/1163/116300230010.001/swg.fits[1]
scw/1163/116300240010.001/swg.fits[1]
scw/1163/116300250010.001/swg.fits[1]
scw/1163/116300260010.001/swg.fits[1]
scw/1163/116300270010.001/swg.fits[1]
scw/1163/116300280010.001/swg.fits[1]
scw/1163/116300290010.001/swg.fits[1]
scw/1163/116300300010.001/swg.fits[1]
scw/1163/116300310010.001/swg.fits[1]
scw/1163/116300650010.001/swg.fits[1]
scw/1163/116300660010.001/swg.fits[1]
scw/1163/116300670010.001/swg.fits[1]
scw/1163/116300680010.001/swg.fits[1]
scw/1163/116300690010.001/swg.fits[1]
scw/1163/116300700010.001/swg.fits[1]
scw/1163/116300710010.001/swg.fits[1]
scw/1163/116300720010.001/swg.fits[1]
scw/1163/116300730010.001/swg.fits[1]
scw/1163/116300740010.001/swg.fits[1]
scw/1163/116300750010.001/swg.fits[1]
scw/1163/116300760010.001/swg.fits[1]
scw/1163/116300770010.001/swg.fits[1]
scw/1163/116300780010.001/swg.fits[1]
scw/1163/116300800010.001/swg.fits[1]
scw/1163/116300810010.001/swg.fits[1]
scw/1163/116300820010.001/swg.fits[1]
scw/1163/116300830010.001/swg.fits[1]
scw/1163/116300840010.001/swg.fits[1]
scw/1163/116300850010.001/swg.fits[1]
scw/1163/116300860010.001/swg.fits[1]
scw/1163/116300870010.001/swg.fits[1]
scw/1163/116300880010.001/swg.fits[1]
scw/1163/116300890010.001/swg.fits[1]
scw/1163/116300900010.001/swg.fits[1]
scw/1163/116300910010.001/swg.fits[1]
scw/1163/116300920010.001/swg.fits[1]
scw/1163/116300930010.001/swg.fits[1]
scw/1164/116400190010.001/swg.fits[1]
scw/1164/116400200010.001/swg.fits[1]
scw/1164/116400210010.001/swg.fits[1]
scw/1164/116400220010.001/swg.fits[1]
scw/1164/116400230010.001/swg.fits[1]
scw/1164/116400240010.001/swg.fits[1]
scw/1164/116400250010.001/swg.fits[1]
scw/1164/116400260010.001/swg.fits[1]
scw/1164/116400270010.001/swg.fits[1]
scw/1164/116400280010.001/swg.fits[1]
scw/1164/116400290010.001/swg.fits[1]
scw/1164/116400300010.001/swg.fits[1]
scw/1164/116400310010.001/swg.fits[1]
scw/1164/116400320010.001/swg.fits[1]
scw/1164/116400350010.001/swg.fits[1]
scw/1164/116400360010.001/swg.fits[1]
scw/1164/116400370010.001/swg.fits[1]
scw/1164/116400380010.001/swg.fits[1]
scw/1164/116400390010.001/swg.fits[1]
scw/1164/116400400010.001/swg.fits[1]
scw/1164/116400410010.001/swg.fits[1]
scw/1164/116400420010.001/swg.fits[1]
scw/1164/116400430010.001/swg.fits[1]
scw/1164/116400440010.001/swg.fits[1]
scw/1164/116400450010.001/swg.fits[1]
scw/1164/116400460010.001/swg.fits[1]
scw/1164/116400470010.001/swg.fits[1]
scw/1164/116400480010.001/swg.fits[1]
scw/1164/116400810010.001/swg.fits[1]
scw/1164/116400820010.001/swg.fits[1]
scw/1164/116400830010.001/swg.fits[1]
scw/1164/116400840010.001/swg.fits[1]
scw/1164/116400850010.001/swg.fits[1]
scw/1164/116400860010.001/swg.fits[1]
scw/1164/116400870010.001/swg.fits[1]
scw/1164/116400880010.001/swg.fits[1]
scw/1164/116400890010.001/swg.fits[1]
scw/1164/116400900010.001/swg.fits[1]
scw/1164/116400910010.001/swg.fits[1]
scw/1164/116400920010.001/swg.fits[1]
scw/1164/116400930010.001/swg.fits[1]
scw/1164/116400940010.001/swg.fits[1]
scw/1165/116500180010.001/swg.fits[1]
scw/1165/116500190010.001/swg.fits[1]
scw/1165/116500200010.001/swg.fits[1]
scw/1165/116500210010.001/swg.fits[1]
scw/1165/116500220010.001/swg.fits[1]
scw/1165/116500230010.001/swg.fits[1]
scw/1165/116500240010.001/swg.fits[1]
scw/1165/116500250010.001/swg.fits[1]
scw/1165/116500260010.001/swg.fits[1]
scw/1165/116500270010.001/swg.fits[1]
scw/1165/116500280010.001/swg.fits[1]
scw/1165/116500290010.001/swg.fits[1]
scw/1165/116500300010.001/swg.fits[1]
scw/1165/116500310010.001/swg.fits[1]
scw/1165/116500320010.001/swg.fits[1]
scw/1165/116500330010.001/swg.fits[1]
scw/1165/116500340010.001/swg.fits[1]
scw/1165/116500350010.001/swg.fits[1]
scw/1165/116500360010.001/swg.fits[1]
scw/1165/116500370010.001/swg.fits[1]
scw/1165/116500380010.001/swg.fits[1]
scw/1165/116500390010.001/swg.fits[1]
scw/1165/116500400010.001/swg.fits[1]
scw/1165/116500410010.001/swg.fits[1]
scw/1165/116500420010.001/swg.fits[1]
scw/1165/116500430010.001/swg.fits[1]
scw/1165/116500440010.001/swg.fits[1]
scw/1165/116500450010.001/swg.fits[1]
scw/1165/116500780010.001/swg.fits[1]
scw/1165/116500790010.001/swg.fits[1]
scw/1165/116500800010.001/swg.fits[1]
scw/1165/116500810010.001/swg.fits[1]
scw/1165/116500820010.001/swg.fits[1]
scw/1165/116500830010.001/swg.fits[1]
scw/1165/116500840010.001/swg.fits[1]
scw/1165/116500850010.001/swg.fits[1]
scw/1165/116500860010.001/swg.fits[1]
scw/1165/116500870010.001/swg.fits[1]
scw/1165/116500880010.001/swg.fits[1]
scw/1165/116500900010.001/swg.fits[1]
scw/1165/116500910010.001/swg.fits[1]
scw/1165/116500920010.001/swg.fits[1]
scw/1166/116600180010.001/swg.fits[1]
scw/1166/116600190010.001/swg.fits[1]
scw/1166/116600200010.001/swg.fits[1]
scw/1166/116600210010.001/swg.fits[1]
scw/1166/116600220010.001/swg.fits[1]
scw/1166/116600230010.001/swg.fits[1]
scw/1166/116600240010.001/swg.fits[1]
scw/1166/116600250010.001/swg.fits[1]
scw/1166/116600260010.001/swg.fits[1]
scw/1166/116600270010.001/swg.fits[1]
scw/1166/116600280010.001/swg.fits[1]
scw/1166/116600290010.001/swg.fits[1]
scw/1166/116600300010.001/swg.fits[1]
scw/1166/116600310010.001/swg.fits[1]
scw/1166/116600340010.001/swg.fits[1]
scw/1166/116600350010.001/swg.fits[1]
scw/1166/116600360010.001/swg.fits[1]
scw/1166/116600370010.001/swg.fits[1]
scw/1166/116600380010.001/swg.fits[1]
scw/1166/116600390010.001/swg.fits[1]
scw/1166/116600400010.001/swg.fits[1]
scw/1166/116600410010.001/swg.fits[1]
scw/1166/116600420010.001/swg.fits[1]
scw/1166/116600430010.001/swg.fits[1]
scw/1166/116600440010.001/swg.fits[1]
scw/1166/116600450010.001/swg.fits[1]
scw/1166/116600460010.001/swg.fits[1]
scw/1166/116600470010.001/swg.fits[1]
scw/1166/116600820010.001/swg.fits[1]
scw/1166/116600830010.001/swg.fits[1]
scw/1166/116600840010.001/swg.fits[1]
scw/1166/116600850010.001/swg.fits[1]
scw/1166/116600860010.001/swg.fits[1]
scw/1166/116600870010.001/swg.fits[1]
scw/1166/116600880010.001/swg.fits[1]
scw/1166/116600890010.001/swg.fits[1]
scw/1166/116600900010.001/swg.fits[1]
scw/1166/116600910010.001/swg.fits[1]
scw/1166/116600920010.001/swg.fits[1]
scw/1166/116600940010.001/swg.fits[1]
scw/1166/116600950010.001/swg.fits[1]
scw/1166/116600960010.001/swg.fits[1]
scw/1167/116700180010.001/swg.fits[1]
scw/1167/116700190010.001/swg.fits[1]
