scw/2183/218300050010.001/swg.fits[1]
scw/2183/218300060010.001/swg.fits[1]
scw/2190/219000420010.001/swg.fits[1]
scw/2190/219000430010.001/swg.fits[1]
scw/2190/219000440010.001/swg.fits[1]
scw/2190/219000450010.001/swg.fits[1]
scw/2190/219000520010.001/swg.fits[1]
scw/2190/219000530010.001/swg.fits[1]
scw/2190/219000540010.001/swg.fits[1]
scw/2190/219000550010.001/swg.fits[1]
scw/2190/219000620010.001/swg.fits[1]
scw/2190/219000630010.001/swg.fits[1]
scw/2190/219000640010.001/swg.fits[1]
scw/2190/219000650010.001/swg.fits[1]
scw/2190/219000660010.001/swg.fits[1]
scw/2191/219100030010.001/swg.fits[1]
scw/2191/219100040010.001/swg.fits[1]
scw/2191/219100050010.001/swg.fits[1]
scw/2191/219100060010.001/swg.fits[1]
scw/2191/219100070010.001/swg.fits[1]
scw/2191/219100080010.001/swg.fits[1]
scw/2191/219100130010.001/swg.fits[1]
scw/2191/219100140010.001/swg.fits[1]
scw/2191/219100150010.001/swg.fits[1]
scw/2191/219100160010.001/swg.fits[1]
scw/2191/219100170010.001/swg.fits[1]
scw/2191/219100250010.001/swg.fits[1]
scw/2191/219100260010.001/swg.fits[1]
scw/2191/219100270010.001/swg.fits[1]
scw/2191/219100340010.001/swg.fits[1]
scw/2191/219100350010.001/swg.fits[1]
scw/2191/219100360010.001/swg.fits[1]
scw/2191/219100370010.001/swg.fits[1]
scw/2191/219100440010.001/swg.fits[1]
scw/2191/219100450010.001/swg.fits[1]
scw/2191/219100490010.001/swg.fits[1]
scw/2191/219100500010.001/swg.fits[1]
scw/2196/219600630010.001/swg.fits[1]
scw/2196/219600640010.001/swg.fits[1]
scw/2196/219600650010.001/swg.fits[1]
scw/2196/219600720010.001/swg.fits[1]
scw/2197/219700020010.001/swg.fits[1]
scw/2197/219700030010.001/swg.fits[1]
scw/2197/219700040010.001/swg.fits[1]
scw/2197/219700090010.001/swg.fits[1]
scw/2197/219700100010.001/swg.fits[1]
scw/2197/219700110010.001/swg.fits[1]
scw/2197/219700120010.001/swg.fits[1]
scw/2197/219700130010.001/swg.fits[1]
scw/2197/219700140010.001/swg.fits[1]
scw/2197/219700190010.001/swg.fits[1]
scw/2197/219700200010.001/swg.fits[1]
scw/2197/219700210010.001/swg.fits[1]
scw/2197/219700220010.001/swg.fits[1]
scw/2197/219700230010.001/swg.fits[1]
scw/2197/219700240010.001/swg.fits[1]
scw/2197/219700300010.001/swg.fits[1]
scw/2197/219700310010.001/swg.fits[1]
scw/2197/219700320010.001/swg.fits[1]
scw/2197/219700390010.001/swg.fits[1]
scw/2197/219700400010.001/swg.fits[1]
scw/2197/219700440010.001/swg.fits[1]
scw/2197/219700450010.001/swg.fits[1]
scw/2197/219700460010.001/swg.fits[1]
scw/2197/219700470010.001/swg.fits[1]
scw/2197/219700500010.001/swg.fits[1]
scw/2197/219700510010.001/swg.fits[1]
scw/2197/219700520010.001/swg.fits[1]
scw/2198/219800040010.001/swg.fits[1]
scw/2198/219800050010.001/swg.fits[1]
scw/2198/219800090010.001/swg.fits[1]
scw/2198/219800100010.001/swg.fits[1]
scw/2198/219800110010.001/swg.fits[1]
scw/2216/221600020010.001/swg.fits[1]
scw/2273/227300530010.001/swg.fits[1]
scw/2273/227300540010.001/swg.fits[1]
scw/2273/227300550010.001/swg.fits[1]
scw/2273/227300560010.001/swg.fits[1]
scw/2273/227300570010.001/swg.fits[1]
scw/2273/227300590010.001/swg.fits[1]
scw/2273/227300600010.001/swg.fits[1]
scw/2273/227300610010.001/swg.fits[1]
scw/2273/227300620010.001/swg.fits[1]
scw/2273/227300630010.001/swg.fits[1]
scw/2273/227300640010.001/swg.fits[1]
scw/2310/231000180010.001/swg.fits[1]
scw/2310/231000190010.001/swg.fits[1]
scw/2310/231000200010.001/swg.fits[1]
scw/2310/231000270010.001/swg.fits[1]
scw/2310/231000280010.001/swg.fits[1]
scw/2310/231000330010.001/swg.fits[1]
scw/2310/231000340010.001/swg.fits[1]
scw/2310/231000350010.001/swg.fits[1]
scw/2310/231000360010.001/swg.fits[1]
scw/2310/231000430010.001/swg.fits[1]
scw/2310/231000440010.001/swg.fits[1]
scw/2310/231000450010.001/swg.fits[1]
scw/2310/231000460010.001/swg.fits[1]
scw/2310/231000530010.001/swg.fits[1]
scw/2310/231000540010.001/swg.fits[1]
scw/2311/231100080010.001/swg.fits[1]
scw/2311/231100090010.001/swg.fits[1]
scw/2311/231100170010.001/swg.fits[1]
scw/2311/231100180010.001/swg.fits[1]
scw/2311/231100190010.001/swg.fits[1]
scw/2311/231100200010.001/swg.fits[1]
scw/2311/231100270010.001/swg.fits[1]
scw/2311/231100280010.001/swg.fits[1]
scw/2311/231100330010.001/swg.fits[1]
scw/2311/231100340010.001/swg.fits[1]
scw/2311/231100350010.001/swg.fits[1]
scw/2311/231100360010.001/swg.fits[1]
scw/2311/231100440010.001/swg.fits[1]
scw/2311/231100450010.001/swg.fits[1]
scw/2312/231200180010.001/swg.fits[1]
scw/2312/231200190010.001/swg.fits[1]
scw/2312/231200200010.001/swg.fits[1]
scw/2312/231200260010.001/swg.fits[1]
scw/2312/231200270010.001/swg.fits[1]
scw/2312/231200280010.001/swg.fits[1]
scw/2312/231200330010.001/swg.fits[1]
scw/2312/231200340010.001/swg.fits[1]
scw/2312/231200350010.001/swg.fits[1]
scw/2312/231200360010.001/swg.fits[1]
scw/2312/231200430010.001/swg.fits[1]
scw/2312/231200440010.001/swg.fits[1]
scw/2313/231300580010.001/swg.fits[1]
scw/2313/231300590010.001/swg.fits[1]
scw/2313/231300680010.001/swg.fits[1]
scw/2313/231300840010.001/swg.fits[1]
scw/2313/231300850010.001/swg.fits[1]
scw/2313/231300860010.001/swg.fits[1]
scw/2313/231300930010.001/swg.fits[1]
scw/2313/231300940010.001/swg.fits[1]
scw/2313/231300950010.001/swg.fits[1]
scw/2313/231300960010.001/swg.fits[1]
scw/2313/231300970010.001/swg.fits[1]
scw/2314/231400650010.001/swg.fits[1]
scw/2314/231400730010.001/swg.fits[1]
scw/2314/231400740010.001/swg.fits[1]
scw/2314/231400750010.001/swg.fits[1]
scw/2314/231400760010.001/swg.fits[1]
scw/2314/231400770010.001/swg.fits[1]
scw/2314/231400820010.001/swg.fits[1]
scw/2314/231400870010.001/swg.fits[1]
scw/2314/231400880010.001/swg.fits[1]
scw/2314/231400890010.001/swg.fits[1]
scw/2314/231400900010.001/swg.fits[1]
scw/2314/231400970010.001/swg.fits[1]
scw/2314/231400980010.001/swg.fits[1]
scw/2314/231400990010.001/swg.fits[1]
scw/2314/231401000010.001/swg.fits[1]
scw/2315/231500170010.001/swg.fits[1]
scw/2315/231500180010.001/swg.fits[1]
scw/2315/231500240010.001/swg.fits[1]
scw/2315/231500250010.001/swg.fits[1]
scw/2315/231500260010.001/swg.fits[1]
scw/2315/231500330010.001/swg.fits[1]
scw/2315/231500340010.001/swg.fits[1]
scw/2315/231500350010.001/swg.fits[1]
scw/2315/231500360010.001/swg.fits[1]
scw/2316/231600320010.001/swg.fits[1]
scw/2316/231600330010.001/swg.fits[1]
scw/2316/231600340010.001/swg.fits[1]
scw/2316/231600410010.001/swg.fits[1]
scw/2316/231600420010.001/swg.fits[1]
scw/2316/231600430010.001/swg.fits[1]
scw/2316/231600440010.001/swg.fits[1]
scw/2316/231600510010.001/swg.fits[1]
scw/2316/231600520010.001/swg.fits[1]
scw/2317/231700020010.001/swg.fits[1]
scw/2317/231700030010.001/swg.fits[1]
scw/2317/231700040010.001/swg.fits[1]
scw/2317/231700090010.001/swg.fits[1]
scw/2317/231700100010.001/swg.fits[1]
scw/2317/231700110010.001/swg.fits[1]
scw/2317/231700120010.001/swg.fits[1]
scw/2317/231700130010.001/swg.fits[1]
scw/2317/231700210010.001/swg.fits[1]
scw/2317/231700240010.001/swg.fits[1]
scw/2317/231700250010.001/swg.fits[1]
scw/2318/231800380010.001/swg.fits[1]
scw/2318/231800390010.001/swg.fits[1]
scw/2318/231800450010.001/swg.fits[1]
scw/2318/231800460010.001/swg.fits[1]
scw/2318/231800470010.001/swg.fits[1]
scw/2319/231900570010.001/swg.fits[1]
scw/2319/231900580010.001/swg.fits[1]
scw/2319/231900590010.001/swg.fits[1]
scw/2319/231900600010.001/swg.fits[1]
scw/2319/231900670010.001/swg.fits[1]
scw/2319/231900680010.001/swg.fits[1]
scw/2319/231900690010.001/swg.fits[1]
scw/2319/231900700010.001/swg.fits[1]
scw/2319/231900770010.001/swg.fits[1]
scw/2319/231900780010.001/swg.fits[1]
scw/2319/231900790010.001/swg.fits[1]
scw/2319/231900800010.001/swg.fits[1]
scw/2320/232000390010.001/swg.fits[1]
scw/2320/232000400010.001/swg.fits[1]
scw/2320/232000410010.001/swg.fits[1]
scw/2320/232000420010.001/swg.fits[1]
scw/2320/232000430010.001/swg.fits[1]
scw/2320/232000440010.001/swg.fits[1]
scw/2320/232000490010.001/swg.fits[1]
scw/2320/232000500010.001/swg.fits[1]
scw/2320/232000510010.001/swg.fits[1]
scw/2320/232000520010.001/swg.fits[1]
scw/2320/232000530010.001/swg.fits[1]
scw/2320/232000540010.001/swg.fits[1]
scw/2323/232300520010.001/swg.fits[1]
scw/2323/232300610010.001/swg.fits[1]
scw/2323/232300620010.001/swg.fits[1]
scw/2323/232300710010.001/swg.fits[1]
scw/2329/232900360010.001/swg.fits[1]
scw/2332/233200040010.001/swg.fits[1]
scw/2332/233200050010.001/swg.fits[1]
scw/2332/233200060010.001/swg.fits[1]
scw/2332/233200120010.001/swg.fits[1]
scw/2332/233200130010.001/swg.fits[1]
scw/2332/233200140010.001/swg.fits[1]
scw/2332/233200150010.001/swg.fits[1]
scw/2332/233200160010.001/swg.fits[1]
scw/2332/233200170010.001/swg.fits[1]
scw/2332/233200220010.001/swg.fits[1]
scw/2332/233200230010.001/swg.fits[1]
scw/2332/233200240010.001/swg.fits[1]
scw/2332/233200280010.001/swg.fits[1]
scw/2332/233200290010.001/swg.fits[1]
scw/2393/239300020010.001/swg.fits[1]
scw/2393/239300030010.001/swg.fits[1]
scw/2393/239300040010.001/swg.fits[1]
