scw/0237/023700990010.001/swg.fits[1]
scw/0237/023701000010.001/swg.fits[1]
scw/0237/023701010010.001/swg.fits[1]
scw/0237/023701060010.001/swg.fits[1]
scw/0237/023701070010.001/swg.fits[1]
scw/0237/023701080010.001/swg.fits[1]
scw/0237/023701090010.001/swg.fits[1]
scw/0237/023701100010.001/swg.fits[1]
scw/0240/024000040010.001/swg.fits[1]
scw/0240/024000050010.001/swg.fits[1]
scw/0240/024000060010.001/swg.fits[1]
scw/0240/024000080010.001/swg.fits[1]
scw/0240/024000090010.001/swg.fits[1]
scw/0240/024000100010.001/swg.fits[1]
scw/0240/024000110010.001/swg.fits[1]
scw/0240/024000320010.001/swg.fits[1]
scw/0240/024000330010.001/swg.fits[1]
scw/0240/024000340010.001/swg.fits[1]
scw/0240/024000350010.001/swg.fits[1]
scw/0240/024000370010.001/swg.fits[1]
scw/0240/024000380010.001/swg.fits[1]
scw/0240/024000390010.001/swg.fits[1]
scw/0240/024000400010.001/swg.fits[1]
scw/0240/024000410010.001/swg.fits[1]
scw/0240/024000420010.001/swg.fits[1]
scw/0240/024000430010.001/swg.fits[1]
scw/0240/024000440010.001/swg.fits[1]
scw/0240/024000450010.001/swg.fits[1]
scw/0240/024000460010.001/swg.fits[1]
scw/0240/024000470010.001/swg.fits[1]
scw/0240/024000480010.001/swg.fits[1]
scw/0240/024000490010.001/swg.fits[1]
scw/0240/024000500010.001/swg.fits[1]
scw/0240/024000510010.001/swg.fits[1]
scw/0240/024000520010.001/swg.fits[1]
scw/0240/024000530010.001/swg.fits[1]
scw/0240/024000540010.001/swg.fits[1]
scw/0240/024000550010.001/swg.fits[1]
scw/0240/024000560010.001/swg.fits[1]
scw/0240/024000580010.001/swg.fits[1]
scw/0240/024000590010.001/swg.fits[1]
scw/0240/024000600010.001/swg.fits[1]
scw/0240/024000610010.001/swg.fits[1]
scw/0240/024000820010.001/swg.fits[1]
scw/0240/024000830010.001/swg.fits[1]
scw/0240/024000840010.001/swg.fits[1]
scw/0240/024000850010.001/swg.fits[1]
scw/0240/024000870010.001/swg.fits[1]
scw/0240/024000880010.001/swg.fits[1]
scw/0240/024000890010.001/swg.fits[1]
scw/0240/024000900010.001/swg.fits[1]
scw/0240/024000910010.001/swg.fits[1]
scw/0240/024000920010.001/swg.fits[1]
scw/0240/024000930010.001/swg.fits[1]
scw/0240/024000940010.001/swg.fits[1]
scw/0240/024000950010.001/swg.fits[1]
scw/0240/024000960010.001/swg.fits[1]
scw/0240/024000970010.001/swg.fits[1]
scw/0240/024000980010.001/swg.fits[1]
scw/0240/024000990010.001/swg.fits[1]
scw/0240/024001000010.001/swg.fits[1]
scw/0240/024001010010.001/swg.fits[1]
scw/0240/024001020010.001/swg.fits[1]
scw/0240/024001030010.001/swg.fits[1]
scw/0240/024001040010.001/swg.fits[1]
scw/0240/024001050010.001/swg.fits[1]
scw/0240/024001060010.001/swg.fits[1]
scw/0240/024001080010.001/swg.fits[1]
scw/0240/024001090010.001/swg.fits[1]
scw/0240/024001100010.001/swg.fits[1]
scw/0240/024001110010.001/swg.fits[1]
scw/0241/024100160010.001/swg.fits[1]
scw/0241/024100170010.001/swg.fits[1]
scw/0241/024100180010.001/swg.fits[1]
scw/0241/024100250010.001/swg.fits[1]
scw/0241/024100470010.001/swg.fits[1]
scw/0241/024100480010.001/swg.fits[1]
scw/0241/024100490010.001/swg.fits[1]
scw/0241/024100500010.001/swg.fits[1]
scw/0241/024100520010.001/swg.fits[1]
scw/0241/024100530010.001/swg.fits[1]
scw/0241/024100540010.001/swg.fits[1]
scw/0241/024100550010.001/swg.fits[1]
scw/0241/024100560010.001/swg.fits[1]
scw/0241/024100570010.001/swg.fits[1]
scw/0241/024100580010.001/swg.fits[1]
scw/0241/024100590010.001/swg.fits[1]
scw/0241/024100600010.001/swg.fits[1]
scw/0241/024100610010.001/swg.fits[1]
scw/0241/024100620010.001/swg.fits[1]
scw/0241/024100630010.001/swg.fits[1]
scw/0241/024100640010.001/swg.fits[1]
scw/0241/024100650010.001/swg.fits[1]
scw/0241/024100660010.001/swg.fits[1]
scw/0241/024100670010.001/swg.fits[1]
scw/0241/024100680010.001/swg.fits[1]
scw/0241/024100690010.001/swg.fits[1]
scw/0241/024100700010.001/swg.fits[1]
scw/0241/024100710010.001/swg.fits[1]
scw/0241/024100730010.001/swg.fits[1]
scw/0241/024100740010.001/swg.fits[1]
scw/0241/024100750010.001/swg.fits[1]
scw/0241/024100760010.001/swg.fits[1]
scw/0241/024100970010.001/swg.fits[1]
scw/0241/024100980010.001/swg.fits[1]
scw/0241/024100990010.001/swg.fits[1]
scw/0241/024101000010.001/swg.fits[1]
scw/0241/024101020010.001/swg.fits[1]
scw/0241/024101030010.001/swg.fits[1]
scw/0241/024101040010.001/swg.fits[1]
scw/0241/024101070010.001/swg.fits[1]
scw/0241/024101080010.001/swg.fits[1]
scw/0241/024101090010.001/swg.fits[1]
scw/0241/024101100010.001/swg.fits[1]
scw/0242/024200250010.001/swg.fits[1]
scw/0242/024201030010.001/swg.fits[1]
scw/0242/024201100010.001/swg.fits[1]
scw/0243/024300050010.001/swg.fits[1]
scw/0243/024300060010.001/swg.fits[1]
scw/0243/024300110010.001/swg.fits[1]
scw/0243/024300120010.001/swg.fits[1]
scw/0243/024300130010.001/swg.fits[1]
scw/0243/024300200010.001/swg.fits[1]
scw/0245/024500270010.001/swg.fits[1]
scw/0245/024500370010.001/swg.fits[1]
scw/0245/024500380010.001/swg.fits[1]
scw/0245/024500390010.001/swg.fits[1]
scw/0245/024500450010.001/swg.fits[1]
scw/0245/024500460010.001/swg.fits[1]
scw/0245/024500470010.001/swg.fits[1]
scw/0245/024500480010.001/swg.fits[1]
scw/0245/024500490010.001/swg.fits[1]
scw/0245/024500500010.001/swg.fits[1]
scw/0245/024500540010.001/swg.fits[1]
scw/0245/024500550010.001/swg.fits[1]
scw/0245/024500560010.001/swg.fits[1]
scw/0245/024500570010.001/swg.fits[1]
scw/0245/024500580010.001/swg.fits[1]
scw/0245/024500590010.001/swg.fits[1]
scw/0245/024500600010.001/swg.fits[1]
scw/0245/024500660010.001/swg.fits[1]
scw/0245/024500670010.001/swg.fits[1]
scw/0245/024500680010.001/swg.fits[1]
scw/0245/024500690010.001/swg.fits[1]
scw/0245/024500770010.001/swg.fits[1]
scw/0245/024500880010.001/swg.fits[1]
scw/0245/024500970010.001/swg.fits[1]
scw/0245/024500980010.001/swg.fits[1]
scw/0245/024500990010.001/swg.fits[1]
scw/0245/024501050010.001/swg.fits[1]
scw/0245/024501060010.001/swg.fits[1]
scw/0245/024501070010.001/swg.fits[1]
scw/0245/024501080010.001/swg.fits[1]
scw/0245/024501090010.001/swg.fits[1]
scw/0246/024600350010.001/swg.fits[1]
scw/0246/024600360010.001/swg.fits[1]
scw/0246/024600370010.001/swg.fits[1]
scw/0246/024600380010.001/swg.fits[1]
scw/0246/024600390010.001/swg.fits[1]
scw/0246/024600470010.001/swg.fits[1]
scw/0246/024600530010.001/swg.fits[1]
scw/0246/024600600010.001/swg.fits[1]
scw/0246/024600690010.001/swg.fits[1]
scw/0246/024600700010.001/swg.fits[1]
scw/0246/024600710010.001/swg.fits[1]
scw/0246/024600780010.001/swg.fits[1]
scw/0246/024600790010.001/swg.fits[1]
scw/0246/024600800010.001/swg.fits[1]
scw/0246/024600810010.001/swg.fits[1]
scw/0286/028600400010.001/swg.fits[1]
scw/0286/028600470010.001/swg.fits[1]
scw/0286/028600480010.001/swg.fits[1]
scw/0286/028600590010.001/swg.fits[1]
scw/0286/028600600010.001/swg.fits[1]
scw/0286/028600610010.001/swg.fits[1]
scw/0286/028600670010.001/swg.fits[1]
scw/0286/028600680010.001/swg.fits[1]
scw/0286/028600690010.001/swg.fits[1]
scw/0286/028600700010.001/swg.fits[1]
scw/0286/028600710010.001/swg.fits[1]
scw/0286/028600720010.001/swg.fits[1]
scw/0286/028600760010.001/swg.fits[1]
scw/0286/028600770010.001/swg.fits[1]
scw/0286/028600780010.001/swg.fits[1]
scw/0286/028600790010.001/swg.fits[1]
scw/0286/028600800010.001/swg.fits[1]
scw/0286/028600810010.001/swg.fits[1]
scw/0286/028600820010.001/swg.fits[1]
scw/0286/028600880010.001/swg.fits[1]
scw/0286/028600890010.001/swg.fits[1]
scw/0286/028600900010.001/swg.fits[1]
scw/0286/028600910010.001/swg.fits[1]
scw/0286/028600990010.001/swg.fits[1]
scw/0287/028700130010.001/swg.fits[1]
scw/0287/028700150010.001/swg.fits[1]
scw/0288/028800130010.001/swg.fits[1]
scw/0288/028800140010.001/swg.fits[1]
scw/0288/028800150010.001/swg.fits[1]
scw/0289/028900050010.001/swg.fits[1]
scw/0289/028900060010.001/swg.fits[1]
scw/0289/028900070010.001/swg.fits[1]
scw/0291/029100110010.001/swg.fits[1]
scw/0291/029100210010.001/swg.fits[1]
scw/0292/029200270010.001/swg.fits[1]
scw/0292/029200280010.001/swg.fits[1]
scw/0292/029200290010.001/swg.fits[1]
scw/0293/029300050010.001/swg.fits[1]
scw/0293/029300060010.001/swg.fits[1]
scw/0293/029300070010.001/swg.fits[1]
scw/0294/029400030010.001/swg.fits[1]
scw/0294/029400040010.001/swg.fits[1]
scw/0294/029400050010.001/swg.fits[1]
scw/0294/029400110010.001/swg.fits[1]
scw/0294/029400120010.001/swg.fits[1]
scw/0294/029400130010.001/swg.fits[1]
scw/0294/029400140010.001/swg.fits[1]
scw/0294/029400150010.001/swg.fits[1]
scw/0294/029400160010.001/swg.fits[1]
scw/0294/029400170010.001/swg.fits[1]
scw/0294/029400180010.001/swg.fits[1]
scw/0294/029400190010.001/swg.fits[1]
scw/0294/029400200010.001/swg.fits[1]
scw/0294/029400210010.001/swg.fits[1]
scw/0294/029400220010.001/swg.fits[1]
scw/0294/029400230010.001/swg.fits[1]
scw/0294/029400240010.001/swg.fits[1]
scw/0294/029400570010.001/swg.fits[1]
scw/0294/029400580010.001/swg.fits[1]
scw/0294/029400590010.001/swg.fits[1]
scw/0294/029400600010.001/swg.fits[1]
scw/0294/029400610010.001/swg.fits[1]
scw/0294/029400620010.001/swg.fits[1]
scw/0294/029400630010.001/swg.fits[1]
scw/0294/029400640010.001/swg.fits[1]
scw/0294/029400650010.001/swg.fits[1]
scw/0294/029400660010.001/swg.fits[1]
scw/0294/029400670010.001/swg.fits[1]
scw/0294/029400680010.001/swg.fits[1]
scw/0294/029400690010.001/swg.fits[1]
scw/0294/029400700010.001/swg.fits[1]
scw/0294/029400730010.001/swg.fits[1]
scw/0294/029400740010.001/swg.fits[1]
scw/0294/029400750010.001/swg.fits[1]
scw/0294/029400760010.001/swg.fits[1]
scw/0294/029400770010.001/swg.fits[1]
scw/0294/029400780010.001/swg.fits[1]
scw/0294/029400790010.001/swg.fits[1]
