scw/0713/071300310010.001/swg.fits[1]
scw/0713/071300370010.001/swg.fits[1]
scw/0713/071300380010.001/swg.fits[1]
scw/0713/071300590010.001/swg.fits[1]
scw/0713/071300600010.001/swg.fits[1]
scw/0715/071500820010.001/swg.fits[1]
scw/0715/071500890010.001/swg.fits[1]
scw/0716/071600700010.001/swg.fits[1]
scw/0716/071600710010.001/swg.fits[1]
scw/0716/071600720010.001/swg.fits[1]
scw/0716/071600730010.001/swg.fits[1]
scw/0716/071600740010.001/swg.fits[1]
scw/0716/071600750010.001/swg.fits[1]
scw/0716/071600780010.001/swg.fits[1]
scw/0716/071600790010.001/swg.fits[1]
scw/0716/071600800010.001/swg.fits[1]
scw/0716/071600810010.001/swg.fits[1]
scw/0716/071600820010.001/swg.fits[1]
scw/0716/071600830010.001/swg.fits[1]
scw/0716/071600840010.001/swg.fits[1]
scw/0719/071900510010.001/swg.fits[1]
scw/0719/071900520010.001/swg.fits[1]
scw/0719/071900570010.001/swg.fits[1]
scw/0719/071900580010.001/swg.fits[1]
scw/0719/071900590010.001/swg.fits[1]
scw/0719/071900600010.001/swg.fits[1]
scw/0719/071900610010.001/swg.fits[1]
scw/0719/071900620010.001/swg.fits[1]
scw/0719/071900630010.001/swg.fits[1]
scw/0764/076400350010.001/swg.fits[1]
scw/0764/076400360010.001/swg.fits[1]
scw/0764/076400370010.001/swg.fits[1]
scw/0764/076400380010.001/swg.fits[1]
scw/0764/076400390010.001/swg.fits[1]
scw/0764/076400400010.001/swg.fits[1]
scw/0764/076400410010.001/swg.fits[1]
scw/0764/076400440010.001/swg.fits[1]
scw/0764/076400450010.001/swg.fits[1]
scw/0764/076400460010.001/swg.fits[1]
scw/0764/076400470010.001/swg.fits[1]
scw/0764/076400480010.001/swg.fits[1]
scw/0764/076400490010.001/swg.fits[1]
scw/0764/076400500010.001/swg.fits[1]
scw/0764/076400510010.001/swg.fits[1]
scw/0764/076400520010.001/swg.fits[1]
scw/0764/076400530010.001/swg.fits[1]
scw/0764/076400540010.001/swg.fits[1]
scw/0764/076400550010.001/swg.fits[1]
scw/0764/076400560010.001/swg.fits[1]
scw/0764/076400570010.001/swg.fits[1]
scw/0764/076400580010.001/swg.fits[1]
scw/0764/076400590010.001/swg.fits[1]
scw/0764/076400600010.001/swg.fits[1]
scw/0764/076400610010.001/swg.fits[1]
scw/0765/076500350010.001/swg.fits[1]
scw/0765/076500360010.001/swg.fits[1]
scw/0765/076500370010.001/swg.fits[1]
scw/0765/076500380010.001/swg.fits[1]
scw/0765/076500390010.001/swg.fits[1]
scw/0765/076500400010.001/swg.fits[1]
scw/0765/076500410010.001/swg.fits[1]
scw/0765/076500420010.001/swg.fits[1]
scw/0765/076500430010.001/swg.fits[1]
scw/0765/076500440010.001/swg.fits[1]
scw/0765/076500460010.001/swg.fits[1]
scw/0765/076500470010.001/swg.fits[1]
scw/0765/076500480010.001/swg.fits[1]
scw/0765/076500490010.001/swg.fits[1]
scw/0765/076500500010.001/swg.fits[1]
scw/0765/076500510010.001/swg.fits[1]
scw/0765/076500520010.001/swg.fits[1]
scw/0765/076500560010.001/swg.fits[1]
scw/0765/076500570010.001/swg.fits[1]
scw/0765/076500580010.001/swg.fits[1]
scw/0765/076500590010.001/swg.fits[1]
scw/0765/076500600010.001/swg.fits[1]
scw/0765/076500610010.001/swg.fits[1]
scw/0765/076500620010.001/swg.fits[1]
scw/0765/076500630010.001/swg.fits[1]
scw/0765/076500640010.001/swg.fits[1]
scw/0767/076700790010.001/swg.fits[1]
scw/0767/076700800010.001/swg.fits[1]
scw/0767/076700810010.001/swg.fits[1]
scw/0767/076700820010.001/swg.fits[1]
scw/0767/076700830010.001/swg.fits[1]
scw/0768/076800210010.001/swg.fits[1]
scw/0768/076800220010.001/swg.fits[1]
scw/0768/076800230010.001/swg.fits[1]
scw/0768/076800240010.001/swg.fits[1]
scw/0768/076800250010.001/swg.fits[1]
scw/0768/076800260010.001/swg.fits[1]
scw/0768/076800270010.001/swg.fits[1]
scw/0768/076800280010.001/swg.fits[1]
scw/0768/076800290010.001/swg.fits[1]
scw/0768/076800310010.001/swg.fits[1]
scw/0768/076800320010.001/swg.fits[1]
scw/0768/076800340010.001/swg.fits[1]
scw/0768/076800350010.001/swg.fits[1]
scw/0768/076800360010.001/swg.fits[1]
scw/0768/076800370010.001/swg.fits[1]
scw/0768/076800380010.001/swg.fits[1]
scw/0768/076800390010.001/swg.fits[1]
scw/0768/076800400010.001/swg.fits[1]
scw/0768/076800410010.001/swg.fits[1]
scw/0768/076800420010.001/swg.fits[1]
scw/0768/076800430010.001/swg.fits[1]
scw/0768/076800440010.001/swg.fits[1]
scw/0768/076800450010.001/swg.fits[1]
scw/0768/076800470010.001/swg.fits[1]
scw/0768/076800480010.001/swg.fits[1]
scw/0768/076800490010.001/swg.fits[1]
scw/0768/076800490020.001/swg.fits[1]
scw/0770/077000180010.001/swg.fits[1]
scw/0770/077000190010.001/swg.fits[1]
scw/0770/077000200010.001/swg.fits[1]
scw/0770/077000210010.001/swg.fits[1]
scw/0770/077000220010.001/swg.fits[1]
scw/0770/077000260010.001/swg.fits[1]
scw/0770/077000270010.001/swg.fits[1]
scw/0770/077000280010.001/swg.fits[1]
scw/0770/077000290010.001/swg.fits[1]
scw/0770/077000300010.001/swg.fits[1]
scw/0770/077000310010.001/swg.fits[1]
scw/0770/077000320010.001/swg.fits[1]
scw/0770/077000340010.001/swg.fits[1]
scw/0770/077000350010.001/swg.fits[1]
scw/0770/077000360010.001/swg.fits[1]
scw/0770/077000370010.001/swg.fits[1]
scw/0770/077000380010.001/swg.fits[1]
scw/0770/077000390010.001/swg.fits[1]
scw/0770/077000400010.001/swg.fits[1]
scw/0770/077000410010.001/swg.fits[1]
scw/0770/077000420010.001/swg.fits[1]
scw/0776/077600150010.001/swg.fits[1]
scw/0776/077600160010.001/swg.fits[1]
scw/0776/077600170010.001/swg.fits[1]
scw/0776/077600180010.001/swg.fits[1]
scw/0776/077600190010.001/swg.fits[1]
scw/0776/077600200010.001/swg.fits[1]
scw/0776/077600210010.001/swg.fits[1]
scw/0776/077600220010.001/swg.fits[1]
scw/0776/077600230010.001/swg.fits[1]
scw/0776/077600240010.001/swg.fits[1]
scw/0776/077600250010.001/swg.fits[1]
scw/0776/077600260010.001/swg.fits[1]
scw/0776/077600270010.001/swg.fits[1]
scw/0776/077600280010.001/swg.fits[1]
scw/0776/077600290010.001/swg.fits[1]
scw/0776/077600300010.001/swg.fits[1]
scw/0776/077600310010.001/swg.fits[1]
scw/0776/077600320010.001/swg.fits[1]
scw/0776/077600330010.001/swg.fits[1]
scw/0776/077600340010.001/swg.fits[1]
scw/0776/077600350010.001/swg.fits[1]
scw/0776/077600370010.001/swg.fits[1]
scw/0776/077600380010.001/swg.fits[1]
scw/0776/077600390010.001/swg.fits[1]
scw/0776/077600410010.001/swg.fits[1]
scw/0776/077600420010.001/swg.fits[1]
scw/0776/077600430010.001/swg.fits[1]
scw/0776/077600440010.001/swg.fits[1]
scw/0776/077600470010.001/swg.fits[1]
scw/0781/078100490010.001/swg.fits[1]
scw/0785/078500840010.001/swg.fits[1]
scw/0785/078500850010.001/swg.fits[1]
scw/0788/078800840010.001/swg.fits[1]
scw/0788/078800930010.001/swg.fits[1]
scw/1008/100800690010.001/swg.fits[1]
scw/1010/101000850010.001/swg.fits[1]
scw/1010/101000860010.001/swg.fits[1]
scw/1010/101000880010.001/swg.fits[1]
scw/1010/101000960010.001/swg.fits[1]
scw/1052/105200990010.001/swg.fits[1]
scw/1052/105201000010.001/swg.fits[1]
scw/1052/105201000020.001/swg.fits[1]
scw/1055/105500550010.001/swg.fits[1]
scw/1056/105600920010.001/swg.fits[1]
scw/1074/107400930010.001/swg.fits[1]
scw/1131/113100030010.001/swg.fits[1]
scw/1131/113100040010.001/swg.fits[1]
scw/1131/113100050010.001/swg.fits[1]
scw/1131/113100090010.001/swg.fits[1]
scw/1131/113100110010.001/swg.fits[1]
scw/1131/113100120010.001/swg.fits[1]
scw/1131/113100160010.001/swg.fits[1]
scw/1131/113100170010.001/swg.fits[1]
scw/1131/113100180010.001/swg.fits[1]
scw/1131/113100190010.001/swg.fits[1]
scw/1131/113100200010.001/swg.fits[1]
scw/1131/113100230010.001/swg.fits[1]
scw/1131/113100240010.001/swg.fits[1]
scw/1131/113100250010.001/swg.fits[1]
scw/1132/113200040010.001/swg.fits[1]
scw/1132/113200120010.001/swg.fits[1]
scw/1132/113200130010.001/swg.fits[1]
scw/1132/113200140010.001/swg.fits[1]
scw/1132/113200150010.001/swg.fits[1]
scw/1132/113200190010.001/swg.fits[1]
scw/1132/113200200010.001/swg.fits[1]
scw/1132/113200210010.001/swg.fits[1]
scw/1132/113200220010.001/swg.fits[1]
scw/1132/113200790010.001/swg.fits[1]
scw/1134/113400020010.001/swg.fits[1]
scw/1134/113400030010.001/swg.fits[1]
scw/1134/113400040010.001/swg.fits[1]
scw/1134/113400050010.001/swg.fits[1]
scw/1134/113400060010.001/swg.fits[1]
scw/1134/113400090010.001/swg.fits[1]
scw/1134/113400100010.001/swg.fits[1]
scw/1134/113400110010.001/swg.fits[1]
scw/1134/113400120010.001/swg.fits[1]
scw/1134/113400130010.001/swg.fits[1]
scw/1135/113500090010.001/swg.fits[1]
scw/1135/113500100010.001/swg.fits[1]
scw/1135/113500110010.001/swg.fits[1]
scw/1135/113500120010.001/swg.fits[1]
scw/1136/113600030010.001/swg.fits[1]
scw/1136/113600040010.001/swg.fits[1]
scw/1136/113600050010.001/swg.fits[1]
scw/1136/113600090010.001/swg.fits[1]
scw/1136/113600100010.001/swg.fits[1]
scw/1136/113600110010.001/swg.fits[1]
scw/1136/113600120010.001/swg.fits[1]
scw/1137/113700020010.001/swg.fits[1]
scw/1137/113700030010.001/swg.fits[1]
scw/1137/113700040010.001/swg.fits[1]
scw/1137/113700050010.001/swg.fits[1]
scw/1137/113700090010.001/swg.fits[1]
scw/1137/113700100010.001/swg.fits[1]
scw/1137/113700110010.001/swg.fits[1]
scw/1137/113700120010.001/swg.fits[1]
scw/1137/113700160010.001/swg.fits[1]
scw/1137/113700170010.001/swg.fits[1]
scw/1137/113700180010.001/swg.fits[1]
scw/1137/113700190010.001/swg.fits[1]
scw/1137/113700230010.001/swg.fits[1]
scw/1137/113700240010.001/swg.fits[1]
scw/1137/113700250010.001/swg.fits[1]
scw/1137/113700260010.001/swg.fits[1]
scw/1138/113800100010.001/swg.fits[1]
scw/1138/113800110010.001/swg.fits[1]
scw/1138/113800120010.001/swg.fits[1]
scw/1138/113800130010.001/swg.fits[1]
scw/1138/113800170010.001/swg.fits[1]
scw/1138/113800180010.001/swg.fits[1]
