scw/1587/158700320010.001/swg.fits[1]
scw/1587/158700520010.001/swg.fits[1]
scw/1587/158700530010.001/swg.fits[1]
scw/1587/158700540010.001/swg.fits[1]
scw/1587/158700550010.001/swg.fits[1]
scw/1587/158700560010.001/swg.fits[1]
scw/1587/158700570010.001/swg.fits[1]
scw/1587/158700580010.001/swg.fits[1]
scw/1587/158700590010.001/swg.fits[1]
scw/1587/158700600010.001/swg.fits[1]
scw/1587/158700610010.001/swg.fits[1]
scw/1587/158700620010.001/swg.fits[1]
scw/1587/158700630010.001/swg.fits[1]
scw/1587/158700640010.001/swg.fits[1]
scw/1587/158700650010.001/swg.fits[1]
scw/1587/158700660010.001/swg.fits[1]
scw/1587/158700670010.001/swg.fits[1]
scw/1587/158700680010.001/swg.fits[1]
scw/1587/158700690010.001/swg.fits[1]
scw/1587/158700700010.001/swg.fits[1]
scw/1587/158700710010.001/swg.fits[1]
scw/1587/158700720010.001/swg.fits[1]
scw/1587/158700730010.001/swg.fits[1]
scw/1587/158700740010.001/swg.fits[1]
scw/1587/158700740020.001/swg.fits[1]
scw/1589/158900400010.001/swg.fits[1]
scw/1589/158900410010.001/swg.fits[1]
scw/1589/158900420010.001/swg.fits[1]
scw/1589/158900430010.001/swg.fits[1]
scw/1589/158900440010.001/swg.fits[1]
scw/1589/158900450010.001/swg.fits[1]
scw/1589/158900460010.001/swg.fits[1]
scw/1589/158900470010.001/swg.fits[1]
scw/1589/158900480010.001/swg.fits[1]
scw/1589/158900490010.001/swg.fits[1]
scw/1589/158900500010.001/swg.fits[1]
scw/1589/158900510010.001/swg.fits[1]
scw/1589/158900570010.001/swg.fits[1]
scw/1589/158900770010.001/swg.fits[1]
scw/1589/158900780010.001/swg.fits[1]
scw/1589/158900790010.001/swg.fits[1]
scw/1589/158900800010.001/swg.fits[1]
scw/1589/158900810010.001/swg.fits[1]
scw/1589/158900820010.001/swg.fits[1]
scw/1589/158900830010.001/swg.fits[1]
scw/1589/158900840010.001/swg.fits[1]
scw/1590/159000240010.001/swg.fits[1]
scw/1590/159000320010.001/swg.fits[1]
scw/1590/159000330010.001/swg.fits[1]
scw/1590/159000340010.001/swg.fits[1]
scw/1590/159000350010.001/swg.fits[1]
scw/1590/159000360010.001/swg.fits[1]
scw/1590/159000370010.001/swg.fits[1]
scw/1590/159000430010.001/swg.fits[1]
scw/1590/159000440010.001/swg.fits[1]
scw/1590/159000450010.001/swg.fits[1]
scw/1590/159000580010.001/swg.fits[1]
scw/1590/159000590010.001/swg.fits[1]
scw/1590/159000600010.001/swg.fits[1]
scw/1590/159000610010.001/swg.fits[1]
scw/1590/159000620010.001/swg.fits[1]
scw/1590/159000690010.001/swg.fits[1]
scw/1590/159000700010.001/swg.fits[1]
scw/1590/159000710010.001/swg.fits[1]
scw/1590/159000820010.001/swg.fits[1]
scw/1590/159000830010.001/swg.fits[1]
scw/1590/159000840010.001/swg.fits[1]
scw/1590/159000850010.001/swg.fits[1]
scw/1590/159000860010.001/swg.fits[1]
scw/1590/159000870010.001/swg.fits[1]
scw/1590/159000880010.001/swg.fits[1]
scw/1591/159100150010.001/swg.fits[1]
scw/1591/159100200010.001/swg.fits[1]
scw/1591/159100210010.001/swg.fits[1]
scw/1591/159100220010.001/swg.fits[1]
scw/1591/159100230010.001/swg.fits[1]
scw/1591/159100240010.001/swg.fits[1]
scw/1591/159100250010.001/swg.fits[1]
scw/1591/159100310010.001/swg.fits[1]
scw/1591/159100320010.001/swg.fits[1]
scw/1591/159100330010.001/swg.fits[1]
scw/1591/159100450010.001/swg.fits[1]
scw/1591/159100460010.001/swg.fits[1]
scw/1591/159100470010.001/swg.fits[1]
scw/1591/159100480010.001/swg.fits[1]
scw/1591/159100490010.001/swg.fits[1]
scw/1591/159100500010.001/swg.fits[1]
scw/1591/159100570010.001/swg.fits[1]
scw/1591/159100580010.001/swg.fits[1]
scw/1591/159100780010.001/swg.fits[1]
scw/1591/159100790010.001/swg.fits[1]
scw/1591/159100800010.001/swg.fits[1]
scw/1591/159100810010.001/swg.fits[1]
scw/1591/159100820010.001/swg.fits[1]
scw/1591/159100830010.001/swg.fits[1]
scw/1591/159100840010.001/swg.fits[1]
scw/1592/159200140010.001/swg.fits[1]
scw/1592/159200150010.001/swg.fits[1]
scw/1592/159200160010.001/swg.fits[1]
scw/1592/159200330010.001/swg.fits[1]
scw/1592/159200340010.001/swg.fits[1]
scw/1592/159200360010.001/swg.fits[1]
scw/1592/159200690010.001/swg.fits[1]
scw/1592/159200700010.001/swg.fits[1]
scw/1592/159200710010.001/swg.fits[1]
scw/1594/159400180010.001/swg.fits[1]
scw/1594/159400190010.001/swg.fits[1]
scw/1594/159400200010.001/swg.fits[1]
scw/1594/159400550010.001/swg.fits[1]
scw/1594/159400560010.001/swg.fits[1]
scw/1594/159400570010.001/swg.fits[1]
scw/1594/159400580010.001/swg.fits[1]
scw/1594/159400590010.001/swg.fits[1]
scw/1594/159400600010.001/swg.fits[1]
scw/1594/159400660010.001/swg.fits[1]
scw/1594/159400670010.001/swg.fits[1]
scw/1594/159400790010.001/swg.fits[1]
scw/1594/159400830010.001/swg.fits[1]
scw/1594/159400840010.001/swg.fits[1]
scw/1594/159400850010.001/swg.fits[1]
scw/1595/159500100010.001/swg.fits[1]
scw/1595/159500140010.001/swg.fits[1]
scw/1595/159500150010.001/swg.fits[1]
scw/1595/159500160010.001/swg.fits[1]
scw/1595/159500350010.001/swg.fits[1]
scw/1595/159500360010.001/swg.fits[1]
scw/1595/159500380010.001/swg.fits[1]
scw/1595/159500580010.001/swg.fits[1]
scw/1595/159500590010.001/swg.fits[1]
scw/1595/159500600010.001/swg.fits[1]
scw/1595/159500610010.001/swg.fits[1]
scw/1595/159500620010.001/swg.fits[1]
scw/1595/159500630010.001/swg.fits[1]
scw/1595/159500690010.001/swg.fits[1]
scw/1595/159500700010.001/swg.fits[1]
scw/1597/159700300010.001/swg.fits[1]
scw/1597/159700440010.001/swg.fits[1]
scw/1597/159700450010.001/swg.fits[1]
scw/1597/159700460010.001/swg.fits[1]
scw/1597/159700650010.001/swg.fits[1]
scw/1597/159700660010.001/swg.fits[1]
scw/1597/159700670010.001/swg.fits[1]
scw/1603/160300070010.001/swg.fits[1]
scw/1603/160300080010.001/swg.fits[1]
scw/1603/160300090010.001/swg.fits[1]
scw/1603/160300200010.001/swg.fits[1]
scw/1603/160300210010.001/swg.fits[1]
scw/1603/160300220010.001/swg.fits[1]
scw/1603/160300340010.001/swg.fits[1]
scw/1603/160300350010.001/swg.fits[1]
scw/1604/160400150010.001/swg.fits[1]
scw/1643/164300890010.001/swg.fits[1]
scw/1643/164300900010.001/swg.fits[1]
scw/1643/164300910010.001/swg.fits[1]
scw/1645/164500130010.001/swg.fits[1]
scw/1645/164500140010.001/swg.fits[1]
scw/1645/164500150010.001/swg.fits[1]
scw/1645/164500220010.001/swg.fits[1]
scw/1645/164500230010.001/swg.fits[1]
scw/1645/164500240010.001/swg.fits[1]
scw/1645/164500250010.001/swg.fits[1]
scw/1646/164600030010.001/swg.fits[1]
scw/1646/164600040010.001/swg.fits[1]
scw/1646/164600050010.001/swg.fits[1]
scw/1646/164600200010.001/swg.fits[1]
scw/1646/164600210010.001/swg.fits[1]
scw/1646/164600270010.001/swg.fits[1]
scw/1646/164600280010.001/swg.fits[1]
scw/1646/164600300010.001/swg.fits[1]
scw/1646/164600310010.001/swg.fits[1]
scw/1646/164600320010.001/swg.fits[1]
scw/1646/164600330010.001/swg.fits[1]
scw/1647/164700040010.001/swg.fits[1]
scw/1647/164700050010.001/swg.fits[1]
scw/1647/164700060010.001/swg.fits[1]
scw/1647/164700200010.001/swg.fits[1]
scw/1647/164700210010.001/swg.fits[1]
scw/1647/164700220010.001/swg.fits[1]
scw/1647/164700280010.001/swg.fits[1]
scw/1647/164700290010.001/swg.fits[1]
scw/1647/164700300010.001/swg.fits[1]
scw/1647/164700310010.001/swg.fits[1]
scw/1647/164700320010.001/swg.fits[1]
scw/1647/164700330010.001/swg.fits[1]
scw/1647/164700970010.001/swg.fits[1]
scw/1648/164800010010.001/swg.fits[1]
scw/1648/164800020010.001/swg.fits[1]
scw/1648/164800090010.001/swg.fits[1]
scw/1648/164800100010.001/swg.fits[1]
scw/1648/164800110010.001/swg.fits[1]
scw/1648/164800120010.001/swg.fits[1]
scw/1648/164800130010.001/swg.fits[1]
scw/1649/164900050010.001/swg.fits[1]
scw/1649/164900060010.001/swg.fits[1]
scw/1649/164900070010.001/swg.fits[1]
scw/1649/164900220010.001/swg.fits[1]
scw/1649/164900230010.001/swg.fits[1]
scw/1649/164900290010.001/swg.fits[1]
scw/1649/164900300010.001/swg.fits[1]
scw/1649/164900310010.001/swg.fits[1]
scw/1649/164900320010.001/swg.fits[1]
scw/1649/164900330010.001/swg.fits[1]
scw/1649/164900340010.001/swg.fits[1]
scw/1649/164900350010.001/swg.fits[1]
scw/1650/165000010010.001/swg.fits[1]
scw/1650/165000020010.001/swg.fits[1]
scw/1650/165000080010.001/swg.fits[1]
scw/1650/165000090010.001/swg.fits[1]
scw/1650/165000100010.001/swg.fits[1]
scw/1650/165000110010.001/swg.fits[1]
scw/1650/165000120010.001/swg.fits[1]
scw/1650/165000130010.001/swg.fits[1]
scw/1650/165000140010.001/swg.fits[1]
scw/1650/165000270010.001/swg.fits[1]
scw/1650/165000280010.001/swg.fits[1]
scw/1650/165000340010.001/swg.fits[1]
scw/1650/165000350010.001/swg.fits[1]
scw/1650/165000360010.001/swg.fits[1]
scw/1650/165000370010.001/swg.fits[1]
scw/1650/165000380010.001/swg.fits[1]
scw/1650/165000390010.001/swg.fits[1]
scw/1650/165000450010.001/swg.fits[1]
scw/1650/165000590010.001/swg.fits[1]
scw/1650/165000600010.001/swg.fits[1]
scw/1650/165000610010.001/swg.fits[1]
scw/1650/165000670010.001/swg.fits[1]
scw/1650/165000680010.001/swg.fits[1]
scw/1650/165000690010.001/swg.fits[1]
scw/1650/165000700010.001/swg.fits[1]
scw/1650/165000710010.001/swg.fits[1]
scw/1650/165000720010.001/swg.fits[1]
scw/1650/165000850010.001/swg.fits[1]
scw/1650/165000860010.001/swg.fits[1]
scw/1650/165000870010.001/swg.fits[1]
scw/1650/165000930010.001/swg.fits[1]
scw/1650/165000960010.001/swg.fits[1]
scw/1650/165000970010.001/swg.fits[1]
scw/1652/165200370010.001/swg.fits[1]
scw/1652/165200520010.001/swg.fits[1]
scw/1652/165200530010.001/swg.fits[1]
scw/1652/165200540010.001/swg.fits[1]
scw/1652/165200600010.001/swg.fits[1]
scw/1652/165200610010.001/swg.fits[1]
scw/1652/165200620010.001/swg.fits[1]
scw/1652/165200630010.001/swg.fits[1]
scw/1652/165200640010.001/swg.fits[1]
scw/1652/165200650010.001/swg.fits[1]
