scw/1683/168300110010.001/swg.fits[1]
scw/1683/168300120010.001/swg.fits[1]
scw/1683/168300130010.001/swg.fits[1]
scw/1683/168300340010.001/swg.fits[1]
scw/1683/168300350010.001/swg.fits[1]
scw/1683/168300360010.001/swg.fits[1]
scw/1683/168300370010.001/swg.fits[1]
scw/1683/168300380010.001/swg.fits[1]
scw/1683/168300390010.001/swg.fits[1]
scw/1683/168300400010.001/swg.fits[1]
scw/1683/168300410010.001/swg.fits[1]
scw/1683/168300420010.001/swg.fits[1]
scw/1683/168300430010.001/swg.fits[1]
scw/1683/168300440010.001/swg.fits[1]
scw/1683/168300450010.001/swg.fits[1]
scw/1683/168300460010.001/swg.fits[1]
scw/1683/168300470010.001/swg.fits[1]
scw/1683/168300480010.001/swg.fits[1]
scw/1683/168300490010.001/swg.fits[1]
scw/1683/168300500010.001/swg.fits[1]
scw/1683/168300510010.001/swg.fits[1]
scw/1683/168300520010.001/swg.fits[1]
scw/1683/168300530010.001/swg.fits[1]
scw/1683/168300540010.001/swg.fits[1]
scw/1683/168300540020.001/swg.fits[1]
scw/1686/168600040010.001/swg.fits[1]
scw/1686/168600050010.001/swg.fits[1]
scw/1686/168600060010.001/swg.fits[1]
scw/1686/168600070010.001/swg.fits[1]
scw/1686/168600330010.001/swg.fits[1]
scw/1686/168600340010.001/swg.fits[1]
scw/1686/168600350010.001/swg.fits[1]
scw/1686/168600360010.001/swg.fits[1]
scw/1686/168600370010.001/swg.fits[1]
scw/1686/168600380010.001/swg.fits[1]
scw/1686/168600390010.001/swg.fits[1]
scw/1686/168600400010.001/swg.fits[1]
scw/1686/168600410010.001/swg.fits[1]
scw/1686/168600420010.001/swg.fits[1]
scw/1686/168600430010.001/swg.fits[1]
scw/1686/168600440010.001/swg.fits[1]
scw/1686/168600450010.001/swg.fits[1]
scw/1686/168600460010.001/swg.fits[1]
scw/1686/168600470010.001/swg.fits[1]
scw/1686/168600480010.001/swg.fits[1]
scw/1686/168600490010.001/swg.fits[1]
scw/1686/168600500010.001/swg.fits[1]
scw/1686/168600510010.001/swg.fits[1]
scw/1686/168600520010.001/swg.fits[1]
scw/1686/168600530010.001/swg.fits[1]
scw/1686/168600540010.001/swg.fits[1]
scw/1686/168600550010.001/swg.fits[1]
scw/1686/168600560010.001/swg.fits[1]
scw/1686/168600560020.001/swg.fits[1]
scw/1687/168700020010.001/swg.fits[1]
scw/1687/168700030010.001/swg.fits[1]
scw/1687/168700040010.001/swg.fits[1]
scw/1687/168700050010.001/swg.fits[1]
scw/1687/168700060010.001/swg.fits[1]
scw/1687/168700070010.001/swg.fits[1]
scw/1687/168700330010.001/swg.fits[1]
scw/1687/168700340010.001/swg.fits[1]
scw/1687/168700350010.001/swg.fits[1]
scw/1687/168700360010.001/swg.fits[1]
scw/1687/168700370010.001/swg.fits[1]
scw/1687/168700380010.001/swg.fits[1]
scw/1687/168700390010.001/swg.fits[1]
scw/1687/168700400010.001/swg.fits[1]
scw/1687/168700410010.001/swg.fits[1]
scw/1687/168700420010.001/swg.fits[1]
scw/1687/168700430010.001/swg.fits[1]
scw/1687/168700440010.001/swg.fits[1]
scw/1687/168700450010.001/swg.fits[1]
scw/1687/168700460010.001/swg.fits[1]
scw/1687/168700470010.001/swg.fits[1]
scw/1687/168700480010.001/swg.fits[1]
scw/1687/168700490010.001/swg.fits[1]
scw/1687/168700500010.001/swg.fits[1]
scw/1687/168700510010.001/swg.fits[1]
scw/1687/168700510020.001/swg.fits[1]
scw/1695/169500050010.001/swg.fits[1]
scw/1695/169500060010.001/swg.fits[1]
scw/1695/169500070010.001/swg.fits[1]
scw/1695/169500080010.001/swg.fits[1]
scw/1695/169500090010.001/swg.fits[1]
scw/1695/169500100010.001/swg.fits[1]
scw/1695/169500110010.001/swg.fits[1]
scw/1695/169500120010.001/swg.fits[1]
scw/1695/169500300010.001/swg.fits[1]
scw/1695/169500300020.001/swg.fits[1]
scw/1753/175300100010.001/swg.fits[1]
scw/1753/175300110010.001/swg.fits[1]
scw/1753/175300120010.001/swg.fits[1]
scw/1753/175300130010.001/swg.fits[1]
scw/1753/175300140010.001/swg.fits[1]
scw/1753/175300150010.001/swg.fits[1]
scw/1753/175300160010.001/swg.fits[1]
scw/1753/175300170010.001/swg.fits[1]
scw/1753/175300180010.001/swg.fits[1]
scw/1753/175300190010.001/swg.fits[1]
scw/1753/175300200010.001/swg.fits[1]
scw/1753/175300210010.001/swg.fits[1]
scw/1753/175300220010.001/swg.fits[1]
scw/1753/175300230010.001/swg.fits[1]
scw/1753/175300240010.001/swg.fits[1]
scw/1753/175300250010.001/swg.fits[1]
scw/1753/175300260010.001/swg.fits[1]
scw/1753/175300270010.001/swg.fits[1]
scw/1753/175300280010.001/swg.fits[1]
scw/1753/175300290010.001/swg.fits[1]
scw/1754/175400070010.001/swg.fits[1]
scw/1754/175400080010.001/swg.fits[1]
scw/1754/175400090010.001/swg.fits[1]
scw/1754/175400100010.001/swg.fits[1]
scw/1754/175400110010.001/swg.fits[1]
scw/1754/175400120010.001/swg.fits[1]
scw/1754/175400130010.001/swg.fits[1]
scw/1754/175400140010.001/swg.fits[1]
scw/1754/175400150010.001/swg.fits[1]
scw/1754/175400160010.001/swg.fits[1]
scw/1754/175400170010.001/swg.fits[1]
scw/1754/175400180010.001/swg.fits[1]
scw/1754/175400190010.001/swg.fits[1]
scw/1754/175400200010.001/swg.fits[1]
scw/1754/175400210010.001/swg.fits[1]
scw/1754/175400220010.001/swg.fits[1]
scw/1754/175400230010.001/swg.fits[1]
scw/1754/175400240010.001/swg.fits[1]
scw/1754/175400250010.001/swg.fits[1]
scw/1754/175400260010.001/swg.fits[1]
scw/1755/175500060010.001/swg.fits[1]
scw/1755/175500070010.001/swg.fits[1]
scw/1755/175500080010.001/swg.fits[1]
scw/1755/175500110010.001/swg.fits[1]
scw/1755/175500120010.001/swg.fits[1]
scw/1755/175500130010.001/swg.fits[1]
scw/1755/175500140010.001/swg.fits[1]
scw/1755/175500150010.001/swg.fits[1]
scw/1755/175500160010.001/swg.fits[1]
scw/1755/175500170010.001/swg.fits[1]
scw/1755/175500180010.001/swg.fits[1]
scw/1755/175500190010.001/swg.fits[1]
scw/1755/175500200010.001/swg.fits[1]
scw/1755/175500220010.001/swg.fits[1]
scw/1755/175500230010.001/swg.fits[1]
scw/1755/175500240010.001/swg.fits[1]
scw/1755/175500250010.001/swg.fits[1]
scw/1756/175600050010.001/swg.fits[1]
scw/1756/175600060010.001/swg.fits[1]
scw/1756/175600070010.001/swg.fits[1]
scw/1756/175600080010.001/swg.fits[1]
scw/1756/175600090010.001/swg.fits[1]
scw/1756/175600100010.001/swg.fits[1]
scw/1756/175600110010.001/swg.fits[1]
scw/1756/175600120010.001/swg.fits[1]
scw/1756/175600130010.001/swg.fits[1]
scw/1756/175600140010.001/swg.fits[1]
scw/1756/175600150010.001/swg.fits[1]
scw/1756/175600160010.001/swg.fits[1]
scw/1756/175600170010.001/swg.fits[1]
scw/1756/175600180010.001/swg.fits[1]
scw/1756/175600190010.001/swg.fits[1]
scw/1756/175600200010.001/swg.fits[1]
scw/1756/175600210010.001/swg.fits[1]
scw/1756/175600220010.001/swg.fits[1]
scw/1756/175600230010.001/swg.fits[1]
scw/1756/175600240010.001/swg.fits[1]
scw/1757/175700090010.001/swg.fits[1]
scw/1757/175700100010.001/swg.fits[1]
scw/1757/175700110010.001/swg.fits[1]
scw/1757/175700120010.001/swg.fits[1]
scw/1757/175700130010.001/swg.fits[1]
scw/1757/175700140010.001/swg.fits[1]
scw/1757/175700150010.001/swg.fits[1]
scw/1757/175700160010.001/swg.fits[1]
scw/1757/175700170010.001/swg.fits[1]
scw/1757/175700180010.001/swg.fits[1]
scw/1757/175700190010.001/swg.fits[1]
scw/1757/175700200010.001/swg.fits[1]
scw/1757/175700210010.001/swg.fits[1]
scw/1757/175700220010.001/swg.fits[1]
scw/1757/175700230010.001/swg.fits[1]
scw/1758/175800030010.001/swg.fits[1]
scw/1758/175800040010.001/swg.fits[1]
scw/1758/175800050010.001/swg.fits[1]
scw/1758/175800060010.001/swg.fits[1]
scw/1758/175800070010.001/swg.fits[1]
scw/1758/175800080010.001/swg.fits[1]
scw/1758/175800090010.001/swg.fits[1]
scw/1758/175800100010.001/swg.fits[1]
scw/1758/175800110010.001/swg.fits[1]
scw/1758/175800120010.001/swg.fits[1]
scw/1758/175800130010.001/swg.fits[1]
scw/1758/175800140010.001/swg.fits[1]
scw/1758/175800150010.001/swg.fits[1]
scw/1758/175800160010.001/swg.fits[1]
scw/1758/175800170010.001/swg.fits[1]
scw/1759/175900070010.001/swg.fits[1]
scw/1759/175900080010.001/swg.fits[1]
scw/1759/175900090010.001/swg.fits[1]
scw/1759/175900100010.001/swg.fits[1]
scw/1759/175900110010.001/swg.fits[1]
scw/1759/175900120010.001/swg.fits[1]
scw/1759/175900130010.001/swg.fits[1]
scw/1759/175900140010.001/swg.fits[1]
scw/1759/175900150010.001/swg.fits[1]
scw/1759/175900160010.001/swg.fits[1]
scw/1759/175900170010.001/swg.fits[1]
scw/1759/175900180010.001/swg.fits[1]
scw/1760/176000220010.001/swg.fits[1]
scw/1760/176000230010.001/swg.fits[1]
scw/1760/176000240010.001/swg.fits[1]
scw/1760/176000250010.001/swg.fits[1]
scw/1760/176000260010.001/swg.fits[1]
scw/1760/176000270010.001/swg.fits[1]
scw/1760/176000280010.001/swg.fits[1]
scw/1760/176000290010.001/swg.fits[1]
scw/1760/176000300010.001/swg.fits[1]
scw/1760/176000310010.001/swg.fits[1]
scw/1761/176100210010.001/swg.fits[1]
scw/1761/176100220010.001/swg.fits[1]
scw/1761/176100230010.001/swg.fits[1]
scw/1761/176100240010.001/swg.fits[1]
scw/1761/176100250010.001/swg.fits[1]
scw/1761/176100260010.001/swg.fits[1]
scw/1761/176100270010.001/swg.fits[1]
scw/1761/176100280010.001/swg.fits[1]
scw/1761/176100290010.001/swg.fits[1]
scw/1761/176100300010.001/swg.fits[1]
scw/1762/176200250010.001/swg.fits[1]
scw/1762/176200260010.001/swg.fits[1]
scw/1762/176200270010.001/swg.fits[1]
scw/1762/176200280010.001/swg.fits[1]
scw/1762/176200290010.001/swg.fits[1]
scw/1763/176300190010.001/swg.fits[1]
scw/1763/176300200010.001/swg.fits[1]
scw/1763/176300210010.001/swg.fits[1]
scw/1763/176300220010.001/swg.fits[1]
scw/1763/176300230010.001/swg.fits[1]
scw/1763/176300260010.001/swg.fits[1]
scw/1763/176300270010.001/swg.fits[1]
scw/1763/176300410010.001/swg.fits[1]
scw/1764/176400220010.001/swg.fits[1]
scw/1764/176400230010.001/swg.fits[1]
scw/1764/176400280010.001/swg.fits[1]
scw/1764/176400290010.001/swg.fits[1]
