scw/1402/140200320010.001/swg.fits[1]
scw/1402/140200330010.001/swg.fits[1]
scw/1402/140200340010.001/swg.fits[1]
scw/1402/140200350010.001/swg.fits[1]
scw/1402/140200360010.001/swg.fits[1]
scw/1402/140200370010.001/swg.fits[1]
scw/1402/140200380010.001/swg.fits[1]
scw/1402/140200390010.001/swg.fits[1]
scw/1402/140200400010.001/swg.fits[1]
scw/1402/140200410010.001/swg.fits[1]
scw/1402/140200420010.001/swg.fits[1]
scw/1402/140200430010.001/swg.fits[1]
scw/1402/140200440010.001/swg.fits[1]
scw/1402/140200450010.001/swg.fits[1]
scw/1402/140200460010.001/swg.fits[1]
scw/1402/140200470010.001/swg.fits[1]
scw/1402/140200480010.001/swg.fits[1]
scw/1402/140200490010.001/swg.fits[1]
scw/1402/140200500010.001/swg.fits[1]
scw/1402/140200510010.001/swg.fits[1]
scw/1402/140200520010.001/swg.fits[1]
scw/1402/140200530010.001/swg.fits[1]
scw/1402/140200540010.001/swg.fits[1]
scw/1402/140200550010.001/swg.fits[1]
scw/1402/140200560010.001/swg.fits[1]
scw/1402/140200570010.001/swg.fits[1]
scw/1402/140200580010.001/swg.fits[1]
scw/1402/140200590010.001/swg.fits[1]
scw/1402/140200600010.001/swg.fits[1]
scw/1402/140200610010.001/swg.fits[1]
scw/1402/140200620010.001/swg.fits[1]
scw/1402/140200630010.001/swg.fits[1]
scw/1402/140200640010.001/swg.fits[1]
scw/1403/140300010010.001/swg.fits[1]
scw/1403/140300030010.001/swg.fits[1]
scw/1403/140300040010.001/swg.fits[1]
scw/1403/140300050010.001/swg.fits[1]
scw/1403/140300060010.001/swg.fits[1]
scw/1403/140300070010.001/swg.fits[1]
scw/1403/140300080010.001/swg.fits[1]
scw/1403/140300090010.001/swg.fits[1]
scw/1403/140300100010.001/swg.fits[1]
scw/1403/140300130010.001/swg.fits[1]
scw/1403/140300140010.001/swg.fits[1]
scw/1403/140300150010.001/swg.fits[1]
scw/1403/140300160010.001/swg.fits[1]
scw/1403/140300170010.001/swg.fits[1]
scw/1403/140300180010.001/swg.fits[1]
scw/1403/140300190010.001/swg.fits[1]
scw/1403/140300200010.001/swg.fits[1]
scw/1403/140300210010.001/swg.fits[1]
scw/1403/140300220010.001/swg.fits[1]
scw/1403/140300230010.001/swg.fits[1]
scw/1403/140300240010.001/swg.fits[1]
scw/1403/140300250010.001/swg.fits[1]
scw/1403/140300260010.001/swg.fits[1]
scw/1403/140300270010.001/swg.fits[1]
scw/1403/140300280010.001/swg.fits[1]
scw/1403/140300290010.001/swg.fits[1]
scw/1403/140300300010.001/swg.fits[1]
scw/1403/140300310010.001/swg.fits[1]
scw/1403/140300330010.001/swg.fits[1]
scw/1403/140300340010.001/swg.fits[1]
scw/1403/140300350010.001/swg.fits[1]
scw/1403/140300360010.001/swg.fits[1]
scw/1403/140300370010.001/swg.fits[1]
scw/1403/140300380010.001/swg.fits[1]
scw/1403/140300390010.001/swg.fits[1]
scw/1403/140300400010.001/swg.fits[1]
scw/1403/140300420010.001/swg.fits[1]
scw/1403/140300430010.001/swg.fits[1]
scw/1403/140300440010.001/swg.fits[1]
scw/1403/140300450010.001/swg.fits[1]
scw/1403/140300460010.001/swg.fits[1]
scw/1403/140300470010.001/swg.fits[1]
scw/1403/140300480010.001/swg.fits[1]
scw/1403/140300490010.001/swg.fits[1]
scw/1403/140300500010.001/swg.fits[1]
scw/1403/140300510010.001/swg.fits[1]
scw/1403/140300530010.001/swg.fits[1]
scw/1403/140300540010.001/swg.fits[1]
scw/1403/140300550010.001/swg.fits[1]
scw/1403/140300560010.001/swg.fits[1]
scw/1403/140300570010.001/swg.fits[1]
scw/1403/140300580010.001/swg.fits[1]
scw/1403/140300590010.001/swg.fits[1]
scw/1403/140300600010.001/swg.fits[1]
scw/1404/140400630010.001/swg.fits[1]
scw/1404/140400640010.001/swg.fits[1]
scw/1404/140400650010.001/swg.fits[1]
scw/1404/140400660010.001/swg.fits[1]
scw/1404/140400670010.001/swg.fits[1]
scw/1404/140400680010.001/swg.fits[1]
scw/1404/140400690010.001/swg.fits[1]
scw/1404/140400700010.001/swg.fits[1]
scw/1404/140400710010.001/swg.fits[1]
scw/1404/140400720010.001/swg.fits[1]
scw/1404/140400730010.001/swg.fits[1]
scw/1404/140400740010.001/swg.fits[1]
scw/1404/140400750010.001/swg.fits[1]
scw/1404/140400760010.001/swg.fits[1]
scw/1404/140400770010.001/swg.fits[1]
scw/1404/140400780010.001/swg.fits[1]
scw/1404/140400790010.001/swg.fits[1]
scw/1404/140400800010.001/swg.fits[1]
scw/1404/140400810010.001/swg.fits[1]
scw/1404/140400820010.001/swg.fits[1]
scw/1404/140400830010.001/swg.fits[1]
scw/1404/140400840010.001/swg.fits[1]
scw/1404/140400850010.001/swg.fits[1]
scw/1404/140400860010.001/swg.fits[1]
scw/1404/140400870010.001/swg.fits[1]
scw/1404/140400880010.001/swg.fits[1]
scw/1404/140400890010.001/swg.fits[1]
scw/1404/140400900010.001/swg.fits[1]
scw/1404/140400910010.001/swg.fits[1]
scw/1405/140500010010.001/swg.fits[1]
scw/1405/140500020010.001/swg.fits[1]
scw/1405/140500030010.001/swg.fits[1]
scw/1405/140500040010.001/swg.fits[1]
scw/1405/140500050010.001/swg.fits[1]
scw/1405/140500060010.001/swg.fits[1]
scw/1405/140500070010.001/swg.fits[1]
scw/1405/140500090010.001/swg.fits[1]
scw/1405/140500100010.001/swg.fits[1]
scw/1405/140500110010.001/swg.fits[1]
scw/1405/140500120010.001/swg.fits[1]
scw/1405/140500130010.001/swg.fits[1]
scw/1405/140500140010.001/swg.fits[1]
scw/1405/140500150010.001/swg.fits[1]
scw/1405/140500160010.001/swg.fits[1]
scw/1405/140500170010.001/swg.fits[1]
scw/1405/140500200010.001/swg.fits[1]
scw/1405/140500210010.001/swg.fits[1]
scw/1405/140500220010.001/swg.fits[1]
scw/1405/140500230010.001/swg.fits[1]
scw/1405/140500240010.001/swg.fits[1]
scw/1405/140500250010.001/swg.fits[1]
scw/1405/140500260010.001/swg.fits[1]
scw/1405/140500270010.001/swg.fits[1]
scw/1405/140500300010.001/swg.fits[1]
scw/1405/140500310010.001/swg.fits[1]
scw/1405/140500320010.001/swg.fits[1]
scw/1405/140500330010.001/swg.fits[1]
scw/1405/140500340010.001/swg.fits[1]
scw/1405/140500350010.001/swg.fits[1]
scw/1405/140500360010.001/swg.fits[1]
scw/1405/140500370010.001/swg.fits[1]
scw/1405/140500390010.001/swg.fits[1]
scw/1405/140500400010.001/swg.fits[1]
scw/1405/140500410010.001/swg.fits[1]
scw/1405/140500420010.001/swg.fits[1]
scw/1405/140500430010.001/swg.fits[1]
scw/1405/140500440010.001/swg.fits[1]
scw/1405/140500450010.001/swg.fits[1]
scw/1405/140500460010.001/swg.fits[1]
scw/1405/140500470010.001/swg.fits[1]
scw/1405/140500480010.001/swg.fits[1]
scw/1405/140500490010.001/swg.fits[1]
scw/1405/140500500010.001/swg.fits[1]
scw/1405/140500510010.001/swg.fits[1]
scw/1405/140500520010.001/swg.fits[1]
scw/1405/140500530010.001/swg.fits[1]
scw/1405/140500540010.001/swg.fits[1]
scw/1405/140500550010.001/swg.fits[1]
scw/1405/140500560010.001/swg.fits[1]
scw/1405/140500570010.001/swg.fits[1]
scw/1405/140500590010.001/swg.fits[1]
scw/1405/140500600010.001/swg.fits[1]
scw/1405/140500610010.001/swg.fits[1]
scw/1406/140600010010.001/swg.fits[1]
scw/1406/140600020010.001/swg.fits[1]
scw/1406/140600030010.001/swg.fits[1]
scw/1406/140600050010.001/swg.fits[1]
scw/1406/140600060010.001/swg.fits[1]
scw/1406/140600070010.001/swg.fits[1]
scw/1406/140600080010.001/swg.fits[1]
scw/1406/140600090010.001/swg.fits[1]
scw/1406/140600100010.001/swg.fits[1]
scw/1406/140600110010.001/swg.fits[1]
scw/1406/140600120010.001/swg.fits[1]
scw/1406/140600150010.001/swg.fits[1]
scw/1406/140600160010.001/swg.fits[1]
scw/1406/140600170010.001/swg.fits[1]
scw/1406/140600180010.001/swg.fits[1]
scw/1406/140600190010.001/swg.fits[1]
scw/1406/140600200010.001/swg.fits[1]
scw/1406/140600210010.001/swg.fits[1]
scw/1406/140600220010.001/swg.fits[1]
scw/1406/140600240010.001/swg.fits[1]
scw/1406/140600240020.001/swg.fits[1]
scw/1406/140600290010.001/swg.fits[1]
scw/1406/140600300010.001/swg.fits[1]
scw/1406/140600310010.001/swg.fits[1]
scw/1406/140600320010.001/swg.fits[1]
scw/1406/140600330010.001/swg.fits[1]
scw/1406/140600340010.001/swg.fits[1]
scw/1406/140600350010.001/swg.fits[1]
scw/1406/140600360010.001/swg.fits[1]
scw/1406/140600370010.001/swg.fits[1]
scw/1406/140600380010.001/swg.fits[1]
scw/1406/140600390010.001/swg.fits[1]
scw/1406/140600400010.001/swg.fits[1]
scw/1406/140600410010.001/swg.fits[1]
scw/1406/140600420010.001/swg.fits[1]
scw/1406/140600430010.001/swg.fits[1]
scw/1406/140600440010.001/swg.fits[1]
scw/1406/140600450010.001/swg.fits[1]
scw/1406/140600460010.001/swg.fits[1]
scw/1406/140600470010.001/swg.fits[1]
scw/1406/140600480010.001/swg.fits[1]
scw/1406/140600490010.001/swg.fits[1]
scw/1406/140600500010.001/swg.fits[1]
scw/1406/140600510010.001/swg.fits[1]
scw/1406/140600520010.001/swg.fits[1]
scw/1406/140600530010.001/swg.fits[1]
scw/1406/140600540010.001/swg.fits[1]
scw/1406/140600550010.001/swg.fits[1]
scw/1406/140600560010.001/swg.fits[1]
scw/1406/140600570010.001/swg.fits[1]
scw/1406/140600580010.001/swg.fits[1]
scw/1406/140600590010.001/swg.fits[1]
scw/1406/140600600010.001/swg.fits[1]
scw/1406/140600610010.001/swg.fits[1]
scw/1406/140600610020.001/swg.fits[1]
scw/1407/140700020010.001/swg.fits[1]
scw/1407/140700030010.001/swg.fits[1]
scw/1407/140700040010.001/swg.fits[1]
scw/1407/140700050010.001/swg.fits[1]
scw/1407/140700080010.001/swg.fits[1]
scw/1407/140700090010.001/swg.fits[1]
scw/1407/140700100010.001/swg.fits[1]
scw/1407/140700110010.001/swg.fits[1]
scw/1407/140700120010.001/swg.fits[1]
scw/1407/140700130010.001/swg.fits[1]
scw/1407/140700140010.001/swg.fits[1]
scw/1407/140700150010.001/swg.fits[1]
scw/1407/140700160010.001/swg.fits[1]
scw/1407/140700170010.001/swg.fits[1]
scw/1407/140700180010.001/swg.fits[1]
scw/1407/140700190010.001/swg.fits[1]
scw/1407/140700200010.001/swg.fits[1]
scw/1407/140700210010.001/swg.fits[1]
scw/1407/140700220010.001/swg.fits[1]
scw/1407/140700230010.001/swg.fits[1]
scw/1407/140700240010.001/swg.fits[1]
scw/1407/140700250010.001/swg.fits[1]
scw/1407/140700260010.001/swg.fits[1]
