scw/0867/086700270010.001/swg.fits[1]
scw/0867/086700280010.001/swg.fits[1]
scw/0867/086700290010.001/swg.fits[1]
scw/0867/086700300010.001/swg.fits[1]
scw/0867/086700310010.001/swg.fits[1]
scw/0867/086700320010.001/swg.fits[1]
scw/0867/086700330010.001/swg.fits[1]
scw/0867/086700400010.001/swg.fits[1]
scw/0867/086700610010.001/swg.fits[1]
scw/0867/086700680010.001/swg.fits[1]
scw/0867/086700690010.001/swg.fits[1]
scw/0867/086700700010.001/swg.fits[1]
scw/0867/086700710010.001/swg.fits[1]
scw/0899/089900100010.001/swg.fits[1]
scw/0899/089900110010.001/swg.fits[1]
scw/0899/089900120010.001/swg.fits[1]
scw/0899/089900130010.001/swg.fits[1]
scw/0899/089900140010.001/swg.fits[1]
scw/0899/089900150010.001/swg.fits[1]
scw/0899/089900160010.001/swg.fits[1]
scw/0899/089900170010.001/swg.fits[1]
scw/0899/089900180010.001/swg.fits[1]
scw/0899/089900640010.001/swg.fits[1]
scw/0899/089900650010.001/swg.fits[1]
scw/0899/089900660010.001/swg.fits[1]
scw/0899/089900670010.001/swg.fits[1]
scw/0899/089900680010.001/swg.fits[1]
scw/0899/089900690010.001/swg.fits[1]
scw/0899/089900700010.001/swg.fits[1]
scw/0899/089900710010.001/swg.fits[1]
scw/0900/090000540010.001/swg.fits[1]
scw/0900/090000550010.001/swg.fits[1]
scw/0900/090000560010.001/swg.fits[1]
scw/0900/090000570010.001/swg.fits[1]
scw/0900/090000580010.001/swg.fits[1]
scw/0900/090000590010.001/swg.fits[1]
scw/0900/090000600010.001/swg.fits[1]
scw/0900/090000610010.001/swg.fits[1]
scw/0900/090001090010.001/swg.fits[1]
scw/0900/090001100010.001/swg.fits[1]
scw/0900/090001110010.001/swg.fits[1]
scw/0900/090001120010.001/swg.fits[1]
scw/0900/090001130010.001/swg.fits[1]
scw/0900/090001140010.001/swg.fits[1]
scw/0901/090100260010.001/swg.fits[1]
scw/0901/090100270010.001/swg.fits[1]
scw/0901/090100280010.001/swg.fits[1]
scw/0901/090100290010.001/swg.fits[1]
scw/0901/090100300010.001/swg.fits[1]
scw/0901/090100310010.001/swg.fits[1]
scw/0901/090100320010.001/swg.fits[1]
scw/0901/090100330010.001/swg.fits[1]
scw/0901/090100340010.001/swg.fits[1]
scw/0901/090100790010.001/swg.fits[1]
scw/0901/090100800010.001/swg.fits[1]
scw/0901/090100810010.001/swg.fits[1]
scw/0901/090100820010.001/swg.fits[1]
scw/0901/090100830010.001/swg.fits[1]
scw/0901/090100840010.001/swg.fits[1]
scw/0901/090100850010.001/swg.fits[1]
scw/0901/090100860010.001/swg.fits[1]
scw/0904/090400320010.001/swg.fits[1]
scw/0904/090400330010.001/swg.fits[1]
scw/0904/090400340010.001/swg.fits[1]
scw/0904/090400350010.001/swg.fits[1]
scw/0904/090400360010.001/swg.fits[1]
scw/0904/090400370010.001/swg.fits[1]
scw/0904/090400380010.001/swg.fits[1]
scw/0904/090400390010.001/swg.fits[1]
scw/0904/090401110010.001/swg.fits[1]
scw/0904/090401120010.001/swg.fits[1]
scw/0904/090401130010.001/swg.fits[1]
scw/0904/090401140010.001/swg.fits[1]
scw/0904/090401150010.001/swg.fits[1]
scw/0904/090401160010.001/swg.fits[1]
scw/0904/090401170010.001/swg.fits[1]
scw/0904/090401180010.001/swg.fits[1]
scw/0904/090401180020.001/swg.fits[1]
scw/0905/090500110010.001/swg.fits[1]
scw/0905/090500120010.001/swg.fits[1]
scw/0905/090500130010.001/swg.fits[1]
scw/0905/090500140010.001/swg.fits[1]
scw/0905/090500150010.001/swg.fits[1]
scw/0905/090500160010.001/swg.fits[1]
scw/0905/090501050010.001/swg.fits[1]
scw/0905/090501060010.001/swg.fits[1]
scw/0905/090501070010.001/swg.fits[1]
scw/0905/090501080010.001/swg.fits[1]
scw/0905/090501090010.001/swg.fits[1]
scw/0905/090501100010.001/swg.fits[1]
scw/0906/090600380010.001/swg.fits[1]
scw/0906/090600390010.001/swg.fits[1]
scw/0906/090600440010.001/swg.fits[1]
scw/0906/090600450010.001/swg.fits[1]
scw/0906/090600460010.001/swg.fits[1]
scw/0906/090600470010.001/swg.fits[1]
scw/0906/090600480010.001/swg.fits[1]
scw/0906/090600490010.001/swg.fits[1]
scw/0906/090600500010.001/swg.fits[1]
scw/0906/090600510010.001/swg.fits[1]
scw/0906/090600520010.001/swg.fits[1]
scw/0906/090600990010.001/swg.fits[1]
scw/0906/090601000010.001/swg.fits[1]
scw/0906/090601010010.001/swg.fits[1]
scw/0906/090601020010.001/swg.fits[1]
scw/0906/090601030010.001/swg.fits[1]
scw/0906/090601080010.001/swg.fits[1]
scw/0906/090601080020.001/swg.fits[1]
scw/0906/090601080030.001/swg.fits[1]
scw/0906/090601090010.001/swg.fits[1]
scw/0907/090700540010.001/swg.fits[1]
scw/0907/090700550010.001/swg.fits[1]
scw/0907/090700560010.001/swg.fits[1]
scw/0907/090700570010.001/swg.fits[1]
scw/0907/090700580010.001/swg.fits[1]
scw/0907/090700590010.001/swg.fits[1]
scw/0907/090700600010.001/swg.fits[1]
scw/0907/090700990010.001/swg.fits[1]
scw/0907/090701050010.001/swg.fits[1]
scw/0907/090701060010.001/swg.fits[1]
scw/0907/090701070010.001/swg.fits[1]
scw/0907/090701080010.001/swg.fits[1]
scw/0907/090701090010.001/swg.fits[1]
scw/0907/090701100010.001/swg.fits[1]
scw/0907/090701110010.001/swg.fits[1]
scw/0907/090701120010.001/swg.fits[1]
scw/0907/090701130010.001/swg.fits[1]
scw/0908/090800020010.001/swg.fits[1]
scw/0908/090800030010.001/swg.fits[1]
scw/0908/090800040010.001/swg.fits[1]
scw/0908/090800050010.001/swg.fits[1]
scw/0908/090800060010.001/swg.fits[1]
scw/0908/090800070010.001/swg.fits[1]
scw/0908/090800080010.001/swg.fits[1]
scw/0908/090800090010.001/swg.fits[1]
scw/0908/090800100010.001/swg.fits[1]
scw/0908/090800150010.001/swg.fits[1]
scw/0908/090800160010.001/swg.fits[1]
scw/0908/090800540010.001/swg.fits[1]
scw/0908/090800550010.001/swg.fits[1]
scw/0908/090800560010.001/swg.fits[1]
scw/0908/090800570010.001/swg.fits[1]
scw/0908/090800580010.001/swg.fits[1]
scw/0908/090800590010.001/swg.fits[1]
scw/0908/090800600010.001/swg.fits[1]
scw/0908/090800610010.001/swg.fits[1]
scw/0909/090900280010.001/swg.fits[1]
scw/0909/090900290010.001/swg.fits[1]
scw/0909/090900300010.001/swg.fits[1]
scw/0909/090900310010.001/swg.fits[1]
scw/0909/090900320010.001/swg.fits[1]
scw/0909/090900330010.001/swg.fits[1]
scw/0909/090900340010.001/swg.fits[1]
scw/0909/090900350010.001/swg.fits[1]
scw/0909/090900360010.001/swg.fits[1]
scw/0909/090900410010.001/swg.fits[1]
scw/0909/090900420010.001/swg.fits[1]
scw/0909/090900900010.001/swg.fits[1]
scw/0909/090900910010.001/swg.fits[1]
scw/0909/090900960010.001/swg.fits[1]
scw/0909/090900970010.001/swg.fits[1]
scw/0909/090900980010.001/swg.fits[1]
scw/0909/090900990010.001/swg.fits[1]
scw/0909/090901000010.001/swg.fits[1]
scw/0909/090901020010.001/swg.fits[1]
scw/0909/090901030010.001/swg.fits[1]
scw/0909/090901040010.001/swg.fits[1]
scw/0910/091000280010.001/swg.fits[1]
scw/0910/091000290010.001/swg.fits[1]
scw/0910/091000300010.001/swg.fits[1]
scw/0910/091000310010.001/swg.fits[1]
scw/0910/091000320010.001/swg.fits[1]
scw/0910/091000330010.001/swg.fits[1]
scw/0910/091000340010.001/swg.fits[1]
scw/0910/091000350010.001/swg.fits[1]
scw/0910/091000900010.001/swg.fits[1]
scw/0910/091000970010.001/swg.fits[1]
scw/0910/091000980010.001/swg.fits[1]
scw/0910/091000990010.001/swg.fits[1]
scw/0910/091001000010.001/swg.fits[1]
scw/0910/091001010010.001/swg.fits[1]
scw/0910/091001020010.001/swg.fits[1]
scw/0910/091001030010.001/swg.fits[1]
scw/0926/092600360010.001/swg.fits[1]
scw/0926/092600370010.001/swg.fits[1]
scw/0926/092600380010.001/swg.fits[1]
scw/0926/092600390010.001/swg.fits[1]
scw/0926/092600400010.001/swg.fits[1]
scw/0926/092600420010.001/swg.fits[1]
scw/0926/092600430010.001/swg.fits[1]
scw/0926/092600440010.001/swg.fits[1]
scw/0927/092700400010.001/swg.fits[1]
scw/0927/092700410010.001/swg.fits[1]
scw/0927/092700420010.001/swg.fits[1]
scw/0978/097800100010.001/swg.fits[1]
scw/0978/097800100020.001/swg.fits[1]
scw/0978/097800100030.001/swg.fits[1]
scw/0978/097800110010.001/swg.fits[1]
scw/0981/098100290010.001/swg.fits[1]
scw/0984/098400020010.001/swg.fits[1]
scw/0984/098400110010.001/swg.fits[1]
scw/0984/098400120010.001/swg.fits[1]
scw/0984/098400130010.001/swg.fits[1]
scw/0984/098400200010.001/swg.fits[1]
scw/0984/098400210010.001/swg.fits[1]
scw/0984/098400220010.001/swg.fits[1]
scw/0984/098400230010.001/swg.fits[1]
scw/0984/098400310010.001/swg.fits[1]
scw/0984/098400320010.001/swg.fits[1]
scw/0984/098400410010.001/swg.fits[1]
scw/0984/098400420010.001/swg.fits[1]
scw/0984/098400510010.001/swg.fits[1]
scw/0984/098400520010.001/swg.fits[1]
scw/0984/098400600010.001/swg.fits[1]
scw/0984/098400610010.001/swg.fits[1]
scw/0984/098400620010.001/swg.fits[1]
scw/0984/098400630010.001/swg.fits[1]
scw/0987/098700300010.001/swg.fits[1]
scw/0987/098700310010.001/swg.fits[1]
scw/0987/098700380010.001/swg.fits[1]
scw/0987/098700390010.001/swg.fits[1]
scw/0987/098700400010.001/swg.fits[1]
scw/0987/098700410010.001/swg.fits[1]
scw/0987/098700480010.001/swg.fits[1]
scw/0987/098700490010.001/swg.fits[1]
scw/0987/098700500010.001/swg.fits[1]
scw/0987/098700600010.001/swg.fits[1]
scw/0987/098700690010.001/swg.fits[1]
scw/0987/098700700010.001/swg.fits[1]
scw/0987/098700710010.001/swg.fits[1]
scw/0987/098700780010.001/swg.fits[1]
scw/0987/098700790010.001/swg.fits[1]
scw/1040/104000060010.001/swg.fits[1]
scw/1040/104000070010.001/swg.fits[1]
scw/1040/104000080010.001/swg.fits[1]
