scw/0884/088400130010.001/swg.fits[1]
scw/0884/088400140010.001/swg.fits[1]
scw/0884/088400150010.001/swg.fits[1]
scw/0884/088400160010.001/swg.fits[1]
scw/0884/088400170010.001/swg.fits[1]
scw/0884/088400210010.001/swg.fits[1]
scw/0884/088400220010.001/swg.fits[1]
scw/0884/088400230010.001/swg.fits[1]
scw/0884/088400240010.001/swg.fits[1]
scw/0884/088400250010.001/swg.fits[1]
scw/0884/088400530010.001/swg.fits[1]
scw/0884/088400540010.001/swg.fits[1]
scw/0884/088400550010.001/swg.fits[1]
scw/0884/088400610010.001/swg.fits[1]
scw/0884/088400620010.001/swg.fits[1]
scw/0884/088400630010.001/swg.fits[1]
scw/0884/088400640010.001/swg.fits[1]
scw/0884/088400650010.001/swg.fits[1]
scw/0884/088400660010.001/swg.fits[1]
scw/0885/088500070010.001/swg.fits[1]
scw/0885/088500150010.001/swg.fits[1]
scw/0885/088500160010.001/swg.fits[1]
scw/0885/088500170010.001/swg.fits[1]
scw/0885/088500180010.001/swg.fits[1]
scw/0885/088500190010.001/swg.fits[1]
scw/0885/088500240010.001/swg.fits[1]
scw/0885/088500250010.001/swg.fits[1]
scw/0885/088500260010.001/swg.fits[1]
scw/0885/088500270010.001/swg.fits[1]
scw/0885/088500290010.001/swg.fits[1]
scw/0885/088500300010.001/swg.fits[1]
scw/0885/088500340010.001/swg.fits[1]
scw/0885/088500350010.001/swg.fits[1]
scw/0885/088500360010.001/swg.fits[1]
scw/0885/088500370010.001/swg.fits[1]
scw/0885/088500380010.001/swg.fits[1]
scw/0885/088500390010.001/swg.fits[1]
scw/0885/088500450010.001/swg.fits[1]
scw/0885/088500460010.001/swg.fits[1]
scw/0885/088500570010.001/swg.fits[1]
scw/0885/088500650010.001/swg.fits[1]
scw/0886/088600410010.001/swg.fits[1]
scw/0886/088600420010.001/swg.fits[1]
scw/0886/088600430010.001/swg.fits[1]
scw/0886/088600440010.001/swg.fits[1]
scw/0886/088600490010.001/swg.fits[1]
scw/0886/088600500010.001/swg.fits[1]
scw/0886/088600510010.001/swg.fits[1]
scw/0886/088600520010.001/swg.fits[1]
scw/0886/088600530010.001/swg.fits[1]
scw/0886/088600550010.001/swg.fits[1]
scw/0886/088600590010.001/swg.fits[1]
scw/0886/088600600010.001/swg.fits[1]
scw/0886/088600610010.001/swg.fits[1]
scw/0886/088600620010.001/swg.fits[1]
scw/0886/088600630010.001/swg.fits[1]
scw/0886/088600640010.001/swg.fits[1]
scw/0886/088600710010.001/swg.fits[1]
scw/0889/088900840010.001/swg.fits[1]
scw/0889/088900850010.001/swg.fits[1]
scw/0889/088900860010.001/swg.fits[1]
scw/0889/088900870010.001/swg.fits[1]
scw/0957/095700140010.001/swg.fits[1]
scw/0957/095700150010.001/swg.fits[1]
scw/0957/095700160010.001/swg.fits[1]
scw/0957/095700170010.001/swg.fits[1]
scw/0957/095700190010.001/swg.fits[1]
scw/0957/095700200010.001/swg.fits[1]
scw/0957/095700210010.001/swg.fits[1]
scw/0957/095700220010.001/swg.fits[1]
scw/0957/095700230010.001/swg.fits[1]
scw/0957/095700240010.001/swg.fits[1]
scw/0957/095700250010.001/swg.fits[1]
scw/0957/095700260010.001/swg.fits[1]
scw/0957/095700270010.001/swg.fits[1]
scw/0957/095700280010.001/swg.fits[1]
scw/0957/095700320010.001/swg.fits[1]
scw/0957/095700330010.001/swg.fits[1]
scw/0957/095700640010.001/swg.fits[1]
scw/0969/096900510010.001/swg.fits[1]
scw/0970/097000770010.001/swg.fits[1]
scw/0970/097000780010.001/swg.fits[1]
scw/0998/099800640010.001/swg.fits[1]
scw/0998/099800750010.001/swg.fits[1]
scw/0998/099800830010.001/swg.fits[1]
scw/0998/099800840010.001/swg.fits[1]
scw/0998/099800850010.001/swg.fits[1]
scw/0998/099800860010.001/swg.fits[1]
scw/0998/099800930010.001/swg.fits[1]
scw/0999/099900130010.001/swg.fits[1]
scw/0999/099900140010.001/swg.fits[1]
scw/0999/099900150010.001/swg.fits[1]
scw/0999/099900160010.001/swg.fits[1]
scw/0999/099900230010.001/swg.fits[1]
scw/0999/099900240010.001/swg.fits[1]
scw/0999/099900250010.001/swg.fits[1]
scw/1002/100200050010.001/swg.fits[1]
scw/1002/100200130010.001/swg.fits[1]
scw/1002/100200140010.001/swg.fits[1]
scw/1002/100200150010.001/swg.fits[1]
scw/1002/100200160010.001/swg.fits[1]
scw/1002/100200220010.001/swg.fits[1]
scw/1002/100200230010.001/swg.fits[1]
scw/1002/100200240010.001/swg.fits[1]
scw/1002/100200250010.001/swg.fits[1]
scw/1002/100200260010.001/swg.fits[1]
scw/1002/100200270010.001/swg.fits[1]
scw/1002/100200320010.001/swg.fits[1]
scw/1002/100200330010.001/swg.fits[1]
scw/1002/100200340010.001/swg.fits[1]
scw/1002/100200350010.001/swg.fits[1]
scw/1002/100200360010.001/swg.fits[1]
scw/1002/100200430010.001/swg.fits[1]
scw/1002/100200440010.001/swg.fits[1]
scw/1002/100200450010.001/swg.fits[1]
scw/1007/100700180010.001/swg.fits[1]
scw/1007/100700190010.001/swg.fits[1]
scw/1007/100700200010.001/swg.fits[1]
scw/1007/100700260010.001/swg.fits[1]
scw/1007/100700270010.001/swg.fits[1]
scw/1007/100700280010.001/swg.fits[1]
scw/1007/100700290010.001/swg.fits[1]
scw/1007/100700300010.001/swg.fits[1]
scw/1007/100700310010.001/swg.fits[1]
scw/1007/100700320010.001/swg.fits[1]
scw/1007/100700360010.001/swg.fits[1]
scw/1007/100700370010.001/swg.fits[1]
scw/1007/100700380010.001/swg.fits[1]
scw/1007/100700390010.001/swg.fits[1]
scw/1007/100700400010.001/swg.fits[1]
scw/1007/100700680010.001/swg.fits[1]
scw/1008/100800040010.001/swg.fits[1]
scw/1008/100800050010.001/swg.fits[1]
scw/1008/100800110010.001/swg.fits[1]
scw/1008/100800120010.001/swg.fits[1]
scw/1008/100800130010.001/swg.fits[1]
scw/1008/100800140010.001/swg.fits[1]
scw/1008/100800150010.001/swg.fits[1]
scw/1008/100800160010.001/swg.fits[1]
scw/1008/100800170010.001/swg.fits[1]
scw/1008/100800210010.001/swg.fits[1]
scw/1008/100800220010.001/swg.fits[1]
scw/1008/100800230010.001/swg.fits[1]
scw/1008/100800240010.001/swg.fits[1]
scw/1008/100800250010.001/swg.fits[1]
scw/1008/100800540010.001/swg.fits[1]
scw/1008/100800550010.001/swg.fits[1]
scw/1008/100800610010.001/swg.fits[1]
scw/1008/100800620010.001/swg.fits[1]
scw/1008/100800630010.001/swg.fits[1]
scw/1008/100800640010.001/swg.fits[1]
scw/1008/100800650010.001/swg.fits[1]
scw/1008/100800660010.001/swg.fits[1]
scw/1008/100800670010.001/swg.fits[1]
scw/1008/100800670020.001/swg.fits[1]
scw/1009/100900090010.001/swg.fits[1]
scw/1009/100900170010.001/swg.fits[1]
scw/1009/100900180010.001/swg.fits[1]
scw/1009/100900190010.001/swg.fits[1]
scw/1011/101100060010.001/swg.fits[1]
scw/1011/101100070010.001/swg.fits[1]
scw/1011/101100120010.001/swg.fits[1]
scw/1011/101100130010.001/swg.fits[1]
scw/1011/101100140010.001/swg.fits[1]
scw/1011/101100150010.001/swg.fits[1]
scw/1011/101100160010.001/swg.fits[1]
scw/1011/101100170010.001/swg.fits[1]
scw/1011/101100180010.001/swg.fits[1]
scw/1011/101100220010.001/swg.fits[1]
scw/1011/101100230010.001/swg.fits[1]
scw/1011/101100240010.001/swg.fits[1]
scw/1011/101100250010.001/swg.fits[1]
scw/1011/101100260010.001/swg.fits[1]
scw/1011/101100270010.001/swg.fits[1]
scw/1011/101100340010.001/swg.fits[1]
scw/1011/101100530010.001/swg.fits[1]
scw/1011/101100540010.001/swg.fits[1]
scw/1011/101100550010.001/swg.fits[1]
scw/1011/101100560010.001/swg.fits[1]
scw/1011/101100570010.001/swg.fits[1]
scw/1011/101100610010.001/swg.fits[1]
scw/1011/101100620010.001/swg.fits[1]
scw/1011/101100630010.001/swg.fits[1]
scw/1011/101100640010.001/swg.fits[1]
scw/1011/101100650010.001/swg.fits[1]
scw/1011/101100660010.001/swg.fits[1]
scw/1011/101100660020.001/swg.fits[1]
scw/1012/101200820010.001/swg.fits[1]
scw/1012/101200830010.001/swg.fits[1]
scw/1012/101200860010.001/swg.fits[1]
scw/1012/101200870010.001/swg.fits[1]
scw/1012/101200880010.001/swg.fits[1]
scw/1012/101200890010.001/swg.fits[1]
scw/1012/101200900010.001/swg.fits[1]
scw/1012/101200910010.001/swg.fits[1]
scw/1012/101200920010.001/swg.fits[1]
scw/1048/104800260010.001/swg.fits[1]
scw/1049/104900790010.001/swg.fits[1]
scw/1050/105000740010.001/swg.fits[1]
scw/1051/105100580010.001/swg.fits[1]
scw/1051/105100600010.001/swg.fits[1]
scw/1052/105200140010.001/swg.fits[1]
scw/1052/105200150010.001/swg.fits[1]
scw/1053/105300260010.001/swg.fits[1]
scw/1053/105300270010.001/swg.fits[1]
scw/1054/105400220010.001/swg.fits[1]
scw/1056/105600630010.001/swg.fits[1]
scw/1058/105800210010.001/swg.fits[1]
scw/1058/105800220010.001/swg.fits[1]
scw/1058/105800230010.001/swg.fits[1]
scw/1059/105900030010.001/swg.fits[1]
scw/1059/105900040010.001/swg.fits[1]
scw/1059/105900050010.001/swg.fits[1]
scw/1060/106000270010.001/swg.fits[1]
scw/1060/106000280010.001/swg.fits[1]
scw/1060/106000290010.001/swg.fits[1]
scw/1061/106100040010.001/swg.fits[1]
scw/1061/106100050010.001/swg.fits[1]
scw/1061/106100110010.001/swg.fits[1]
scw/1061/106100120010.001/swg.fits[1]
scw/1061/106100170010.001/swg.fits[1]
scw/1061/106100180010.001/swg.fits[1]
scw/1061/106100190010.001/swg.fits[1]
scw/1061/106100670010.001/swg.fits[1]
scw/1061/106100680010.001/swg.fits[1]
scw/1061/106100690010.001/swg.fits[1]
scw/1061/106100740010.001/swg.fits[1]
scw/1061/106100750010.001/swg.fits[1]
scw/1061/106100760010.001/swg.fits[1]
scw/1063/106300060010.001/swg.fits[1]
scw/1063/106300070010.001/swg.fits[1]
scw/1063/106300130010.001/swg.fits[1]
scw/1063/106300140010.001/swg.fits[1]
scw/1065/106500080010.001/swg.fits[1]
scw/1065/106500140010.001/swg.fits[1]
scw/1065/106500150010.001/swg.fits[1]
scw/1065/106500220010.001/swg.fits[1]
scw/1066/106600070010.001/swg.fits[1]
