scw/0414/041400480010.001/swg.fits[1]
scw/0414/041400490010.001/swg.fits[1]
scw/0414/041400500010.001/swg.fits[1]
scw/0414/041400510010.001/swg.fits[1]
scw/0414/041400520010.001/swg.fits[1]
scw/0414/041400530010.001/swg.fits[1]
scw/0414/041400540010.001/swg.fits[1]
scw/0414/041400550010.001/swg.fits[1]
scw/0414/041400560010.001/swg.fits[1]
scw/0414/041400570010.001/swg.fits[1]
scw/0414/041400580010.001/swg.fits[1]
scw/0414/041400590010.001/swg.fits[1]
scw/0414/041400600010.001/swg.fits[1]
scw/0414/041400610010.001/swg.fits[1]
scw/0414/041400620010.001/swg.fits[1]
scw/0414/041400630010.001/swg.fits[1]
scw/0414/041400640010.001/swg.fits[1]
scw/0414/041400650010.001/swg.fits[1]
scw/0414/041400660010.001/swg.fits[1]
scw/0415/041500130010.001/swg.fits[1]
scw/0415/041500350010.001/swg.fits[1]
scw/0415/041500360010.001/swg.fits[1]
scw/0415/041500370010.001/swg.fits[1]
scw/0415/041500410010.001/swg.fits[1]
scw/0415/041500420010.001/swg.fits[1]
scw/0415/041500430010.001/swg.fits[1]
scw/0415/041500440010.001/swg.fits[1]
scw/0415/041500450010.001/swg.fits[1]
scw/0415/041500460010.001/swg.fits[1]
scw/0415/041500500010.001/swg.fits[1]
scw/0415/041500510010.001/swg.fits[1]
scw/0415/041500520010.001/swg.fits[1]
scw/0415/041500530010.001/swg.fits[1]
scw/0415/041500540010.001/swg.fits[1]
scw/0415/041500550010.001/swg.fits[1]
scw/0415/041500560010.001/swg.fits[1]
scw/0415/041500620010.001/swg.fits[1]
scw/0415/041500630010.001/swg.fits[1]
scw/0416/041600050010.001/swg.fits[1]
scw/0416/041600060010.001/swg.fits[1]
scw/0416/041600070010.001/swg.fits[1]
scw/0416/041600250010.001/swg.fits[1]
scw/0416/041600260010.001/swg.fits[1]
scw/0416/041600270010.001/swg.fits[1]
scw/0416/041600280010.001/swg.fits[1]
scw/0416/041600290010.001/swg.fits[1]
scw/0416/041600300010.001/swg.fits[1]
scw/0416/041600310010.001/swg.fits[1]
scw/0416/041600320010.001/swg.fits[1]
scw/0416/041600330010.001/swg.fits[1]
scw/0416/041600340010.001/swg.fits[1]
scw/0416/041600350010.001/swg.fits[1]
scw/0416/041600360010.001/swg.fits[1]
scw/0416/041600370010.001/swg.fits[1]
scw/0416/041600380010.001/swg.fits[1]
scw/0416/041600410010.001/swg.fits[1]
scw/0416/041600420010.001/swg.fits[1]
scw/0416/041600430010.001/swg.fits[1]
scw/0416/041600440010.001/swg.fits[1]
scw/0416/041600450010.001/swg.fits[1]
scw/0416/041600460010.001/swg.fits[1]
scw/0416/041600470010.001/swg.fits[1]
scw/0416/041600480010.001/swg.fits[1]
scw/0416/041600490010.001/swg.fits[1]
scw/0416/041600500010.001/swg.fits[1]
scw/0416/041600510010.001/swg.fits[1]
scw/0416/041600520010.001/swg.fits[1]
scw/0416/041600530010.001/swg.fits[1]
scw/0416/041600540010.001/swg.fits[1]
scw/0416/041600870010.001/swg.fits[1]
scw/0416/041600880010.001/swg.fits[1]
scw/0416/041600890010.001/swg.fits[1]
scw/0416/041600900010.001/swg.fits[1]
scw/0416/041600910010.001/swg.fits[1]
scw/0416/041600920010.001/swg.fits[1]
scw/0416/041600930010.001/swg.fits[1]
scw/0416/041600940010.001/swg.fits[1]
scw/0416/041600950010.001/swg.fits[1]
scw/0416/041600960010.001/swg.fits[1]
scw/0416/041600970010.001/swg.fits[1]
scw/0416/041600980010.001/swg.fits[1]
scw/0416/041600990010.001/swg.fits[1]
scw/0416/041601000010.001/swg.fits[1]
scw/0417/041700030010.001/swg.fits[1]
scw/0417/041700040010.001/swg.fits[1]
scw/0417/041700050010.001/swg.fits[1]
scw/0417/041700060010.001/swg.fits[1]
scw/0417/041700070010.001/swg.fits[1]
scw/0417/041700080010.001/swg.fits[1]
scw/0417/041700090010.001/swg.fits[1]
scw/0417/041700100010.001/swg.fits[1]
scw/0417/041700110010.001/swg.fits[1]
scw/0417/041700120010.001/swg.fits[1]
scw/0417/041700130010.001/swg.fits[1]
scw/0417/041700140010.001/swg.fits[1]
scw/0417/041700150010.001/swg.fits[1]
scw/0417/041700160010.001/swg.fits[1]
scw/0417/041700490010.001/swg.fits[1]
scw/0417/041700500010.001/swg.fits[1]
scw/0417/041700510010.001/swg.fits[1]
scw/0417/041700520010.001/swg.fits[1]
scw/0417/041700530010.001/swg.fits[1]
scw/0417/041700540010.001/swg.fits[1]
scw/0417/041700550010.001/swg.fits[1]
scw/0417/041700560010.001/swg.fits[1]
scw/0417/041700570010.001/swg.fits[1]
scw/0417/041700580010.001/swg.fits[1]
scw/0417/041700590010.001/swg.fits[1]
scw/0417/041700600010.001/swg.fits[1]
scw/0417/041700610010.001/swg.fits[1]
scw/0417/041700620010.001/swg.fits[1]
scw/0417/041700690010.001/swg.fits[1]
scw/0417/041700700010.001/swg.fits[1]
scw/0417/041700710010.001/swg.fits[1]
scw/0418/041800050010.001/swg.fits[1]
scw/0418/041800060010.001/swg.fits[1]
scw/0418/041800070010.001/swg.fits[1]
scw/0419/041900050010.001/swg.fits[1]
scw/0419/041900060010.001/swg.fits[1]
scw/0419/041900070010.001/swg.fits[1]
scw/0420/042000310010.001/swg.fits[1]
scw/0420/042000320010.001/swg.fits[1]
scw/0420/042000330010.001/swg.fits[1]
scw/0421/042100060010.001/swg.fits[1]
scw/0421/042100070010.001/swg.fits[1]
scw/0421/042100080010.001/swg.fits[1]
scw/0421/042100260010.001/swg.fits[1]
scw/0421/042100270010.001/swg.fits[1]
scw/0421/042100280010.001/swg.fits[1]
scw/0421/042100290010.001/swg.fits[1]
scw/0421/042100300010.001/swg.fits[1]
scw/0421/042100340010.001/swg.fits[1]
scw/0421/042100350010.001/swg.fits[1]
scw/0421/042100360010.001/swg.fits[1]
scw/0421/042100370010.001/swg.fits[1]
scw/0421/042100380010.001/swg.fits[1]
scw/0421/042100390010.001/swg.fits[1]
scw/0421/042100400010.001/swg.fits[1]
scw/0421/042100410010.001/swg.fits[1]
scw/0421/042100450010.001/swg.fits[1]
scw/0421/042100460010.001/swg.fits[1]
scw/0421/042100470010.001/swg.fits[1]
scw/0421/042100480010.001/swg.fits[1]
scw/0423/042300150010.001/swg.fits[1]
scw/0423/042300160010.001/swg.fits[1]
scw/0424/042400060010.001/swg.fits[1]
scw/0424/042400070010.001/swg.fits[1]
scw/0424/042400080010.001/swg.fits[1]
scw/0424/042400100010.001/swg.fits[1]
scw/0424/042400110010.001/swg.fits[1]
scw/0424/042400170010.001/swg.fits[1]
scw/0424/042400180010.001/swg.fits[1]
scw/0424/042400190010.001/swg.fits[1]
scw/0424/042400200010.001/swg.fits[1]
scw/0424/042400210010.001/swg.fits[1]
scw/0424/042400220010.001/swg.fits[1]
scw/0424/042400230010.001/swg.fits[1]
scw/0424/042400260010.001/swg.fits[1]
scw/0424/042400270010.001/swg.fits[1]
scw/0424/042400280010.001/swg.fits[1]
scw/0424/042400290010.001/swg.fits[1]
scw/0424/042400300010.001/swg.fits[1]
scw/0424/042400310010.001/swg.fits[1]
scw/0424/042400320010.001/swg.fits[1]
scw/0424/042400380010.001/swg.fits[1]
scw/0424/042400390010.001/swg.fits[1]
scw/0424/042400590010.001/swg.fits[1]
scw/0424/042400600010.001/swg.fits[1]
scw/0424/042400610010.001/swg.fits[1]
scw/0425/042500060010.001/swg.fits[1]
scw/0425/042500070010.001/swg.fits[1]
scw/0425/042500080010.001/swg.fits[1]
scw/0425/042500110010.001/swg.fits[1]
scw/0425/042500120010.001/swg.fits[1]
scw/0425/042500130010.001/swg.fits[1]
scw/0425/042500140010.001/swg.fits[1]
scw/0425/042500150010.001/swg.fits[1]
scw/0425/042500160010.001/swg.fits[1]
scw/0425/042500170010.001/swg.fits[1]
scw/0425/042500200010.001/swg.fits[1]
scw/0425/042500210010.001/swg.fits[1]
scw/0425/042500220010.001/swg.fits[1]
scw/0425/042500230010.001/swg.fits[1]
scw/0425/042500240010.001/swg.fits[1]
scw/0425/042500250010.001/swg.fits[1]
scw/0425/042500260010.001/swg.fits[1]
scw/0425/042500270010.001/swg.fits[1]
scw/0425/042500310010.001/swg.fits[1]
scw/0425/042500320010.001/swg.fits[1]
scw/0425/042500330010.001/swg.fits[1]
scw/0425/042500340010.001/swg.fits[1]
scw/0425/042500530010.001/swg.fits[1]
scw/0425/042500540010.001/swg.fits[1]
scw/0425/042500550010.001/swg.fits[1]
scw/0425/042500600010.001/swg.fits[1]
scw/0425/042500610010.001/swg.fits[1]
scw/0425/042500620010.001/swg.fits[1]
scw/0425/042500630010.001/swg.fits[1]
scw/0425/042500640010.001/swg.fits[1]
scw/0425/042500650010.001/swg.fits[1]
scw/0425/042500660010.001/swg.fits[1]
scw/0426/042600090010.001/swg.fits[1]
scw/0426/042600120010.001/swg.fits[1]
scw/0426/042600130010.001/swg.fits[1]
scw/0426/042600140010.001/swg.fits[1]
scw/0426/042600150010.001/swg.fits[1]
scw/0426/042600160010.001/swg.fits[1]
scw/0426/042600170010.001/swg.fits[1]
scw/0426/042600180010.001/swg.fits[1]
scw/0426/042600190010.001/swg.fits[1]
scw/0426/042600230010.001/swg.fits[1]
scw/0426/042600240010.001/swg.fits[1]
scw/0426/042600250010.001/swg.fits[1]
scw/0426/042600260010.001/swg.fits[1]
scw/0426/042600440010.001/swg.fits[1]
scw/0426/042600450010.001/swg.fits[1]
scw/0426/042600460010.001/swg.fits[1]
scw/0426/042600470010.001/swg.fits[1]
scw/0426/042600480010.001/swg.fits[1]
scw/0426/042600520010.001/swg.fits[1]
scw/0426/042600530010.001/swg.fits[1]
scw/0426/042600540010.001/swg.fits[1]
scw/0426/042600550010.001/swg.fits[1]
scw/0426/042600560010.001/swg.fits[1]
scw/0426/042600570010.001/swg.fits[1]
scw/0426/042600580010.001/swg.fits[1]
scw/0426/042600590010.001/swg.fits[1]
scw/0426/042600600010.001/swg.fits[1]
scw/0426/042600620010.001/swg.fits[1]
scw/0426/042600630010.001/swg.fits[1]
scw/0426/042600640010.001/swg.fits[1]
scw/0426/042600650010.001/swg.fits[1]
scw/0427/042700010010.001/swg.fits[1]
scw/0427/042700020010.001/swg.fits[1]
scw/0427/042700030010.001/swg.fits[1]
scw/0427/042700040010.001/swg.fits[1]
scw/0427/042700090010.001/swg.fits[1]
scw/0427/042700100010.001/swg.fits[1]
scw/0427/042700310010.001/swg.fits[1]
scw/0427/042700320010.001/swg.fits[1]
scw/0427/042700380010.001/swg.fits[1]
scw/0427/042700390010.001/swg.fits[1]
scw/0427/042700400010.001/swg.fits[1]
scw/0427/042700410010.001/swg.fits[1]
scw/0427/042700420010.001/swg.fits[1]
scw/0427/042700480010.001/swg.fits[1]
scw/0427/042700490010.001/swg.fits[1]
