scw/0576/057600620010.001/swg.fits[1]
scw/0577/057700720010.001/swg.fits[1]
scw/0577/057700730010.001/swg.fits[1]
scw/0577/057700740010.001/swg.fits[1]
scw/0577/057700750010.001/swg.fits[1]
scw/0577/057700760010.001/swg.fits[1]
scw/0577/057700780010.001/swg.fits[1]
scw/0577/057700790010.001/swg.fits[1]
scw/0577/057700860010.001/swg.fits[1]
scw/0577/057700870010.001/swg.fits[1]
scw/0577/057700880010.001/swg.fits[1]
scw/0577/057700890010.001/swg.fits[1]
scw/0577/057700900010.001/swg.fits[1]
scw/0577/057700910010.001/swg.fits[1]
scw/0577/057700920010.001/swg.fits[1]
scw/0577/057700930010.001/swg.fits[1]
scw/0578/057800570010.001/swg.fits[1]
scw/0578/057800580010.001/swg.fits[1]
scw/0578/057800590010.001/swg.fits[1]
scw/0578/057800600010.001/swg.fits[1]
scw/0578/057800610010.001/swg.fits[1]
scw/0578/057800620010.001/swg.fits[1]
scw/0578/057800630010.001/swg.fits[1]
scw/0578/057800640010.001/swg.fits[1]
scw/0578/057800650010.001/swg.fits[1]
scw/0578/057800660010.001/swg.fits[1]
scw/0578/057800730010.001/swg.fits[1]
scw/0578/057800740010.001/swg.fits[1]
scw/0578/057800750010.001/swg.fits[1]
scw/0578/057800760010.001/swg.fits[1]
scw/0578/057800770010.001/swg.fits[1]
scw/0578/057800780010.001/swg.fits[1]
scw/0578/057800790010.001/swg.fits[1]
scw/0578/057800800010.001/swg.fits[1]
scw/0578/057800810010.001/swg.fits[1]
scw/0578/057800820010.001/swg.fits[1]
scw/0579/057900910010.001/swg.fits[1]
scw/0579/057900920010.001/swg.fits[1]
scw/0579/057900930010.001/swg.fits[1]
scw/0579/057900940010.001/swg.fits[1]
scw/0579/057900950010.001/swg.fits[1]
scw/0584/058400850010.001/swg.fits[1]
scw/0584/058400860010.001/swg.fits[1]
scw/0584/058400870010.001/swg.fits[1]
scw/0584/058400880010.001/swg.fits[1]
scw/0584/058400890010.001/swg.fits[1]
scw/0584/058400900010.001/swg.fits[1]
scw/0584/058400910010.001/swg.fits[1]
scw/0584/058400920010.001/swg.fits[1]
scw/0584/058400930010.001/swg.fits[1]
scw/0584/058400940010.001/swg.fits[1]
scw/0585/058500870010.001/swg.fits[1]
scw/0585/058500880010.001/swg.fits[1]
scw/0585/058500900010.001/swg.fits[1]
scw/0585/058500910010.001/swg.fits[1]
scw/0585/058500920010.001/swg.fits[1]
scw/0585/058500930010.001/swg.fits[1]
scw/0587/058700560010.001/swg.fits[1]
scw/0587/058700570010.001/swg.fits[1]
scw/0587/058700580010.001/swg.fits[1]
scw/0587/058700590010.001/swg.fits[1]
scw/0587/058700600010.001/swg.fits[1]
scw/0587/058700610010.001/swg.fits[1]
scw/0588/058800700010.001/swg.fits[1]
scw/0588/058800710010.001/swg.fits[1]
scw/0588/058800720010.001/swg.fits[1]
scw/0588/058800730010.001/swg.fits[1]
scw/0588/058800740010.001/swg.fits[1]
scw/0588/058800750010.001/swg.fits[1]
scw/0588/058800760010.001/swg.fits[1]
scw/0588/058800770010.001/swg.fits[1]
scw/0588/058800830010.001/swg.fits[1]
scw/0588/058800840010.001/swg.fits[1]
scw/0588/058800850010.001/swg.fits[1]
scw/0588/058800860010.001/swg.fits[1]
scw/0588/058800870010.001/swg.fits[1]
scw/0588/058800880010.001/swg.fits[1]
scw/0588/058800890010.001/swg.fits[1]
scw/0588/058800900010.001/swg.fits[1]
scw/0588/058800910010.001/swg.fits[1]
scw/0588/058800920010.001/swg.fits[1]
scw/0616/061600020010.001/swg.fits[1]
scw/0616/061600030010.001/swg.fits[1]
scw/0616/061600040010.001/swg.fits[1]
scw/0616/061600050010.001/swg.fits[1]
scw/0616/061600060010.001/swg.fits[1]
scw/0616/061600070010.001/swg.fits[1]
scw/0616/061600080010.001/swg.fits[1]
scw/0616/061600090010.001/swg.fits[1]
scw/0616/061600100010.001/swg.fits[1]
scw/0616/061600110010.001/swg.fits[1]
scw/0616/061600120010.001/swg.fits[1]
scw/0616/061600130010.001/swg.fits[1]
scw/0616/061600140010.001/swg.fits[1]
scw/0616/061600150010.001/swg.fits[1]
scw/0616/061600160010.001/swg.fits[1]
scw/0616/061600170010.001/swg.fits[1]
scw/0616/061600180010.001/swg.fits[1]
scw/0616/061600190010.001/swg.fits[1]
scw/0616/061600200010.001/swg.fits[1]
scw/0616/061600210010.001/swg.fits[1]
scw/0616/061600220010.001/swg.fits[1]
scw/0616/061600230010.001/swg.fits[1]
scw/0616/061600240010.001/swg.fits[1]
scw/0616/061600250010.001/swg.fits[1]
scw/0616/061600260010.001/swg.fits[1]
scw/0616/061600270010.001/swg.fits[1]
scw/0616/061600280010.001/swg.fits[1]
scw/0616/061600290010.001/swg.fits[1]
scw/0616/061600300010.001/swg.fits[1]
scw/0616/061600310010.001/swg.fits[1]
scw/0616/061600320010.001/swg.fits[1]
scw/0616/061600330010.001/swg.fits[1]
scw/0616/061600340010.001/swg.fits[1]
scw/0616/061600350010.001/swg.fits[1]
scw/0616/061600360010.001/swg.fits[1]
scw/0616/061600370010.001/swg.fits[1]
scw/0616/061600380010.001/swg.fits[1]
scw/0616/061600390010.001/swg.fits[1]
scw/0616/061600400010.001/swg.fits[1]
scw/0616/061600410010.001/swg.fits[1]
scw/0616/061600420010.001/swg.fits[1]
scw/0616/061600430010.001/swg.fits[1]
scw/0616/061600440010.001/swg.fits[1]
scw/0616/061600450010.001/swg.fits[1]
scw/0616/061600460010.001/swg.fits[1]
scw/0616/061600470010.001/swg.fits[1]
scw/0616/061600480010.001/swg.fits[1]
scw/0616/061600490010.001/swg.fits[1]
scw/0616/061600500010.001/swg.fits[1]
scw/0616/061600510010.001/swg.fits[1]
scw/0616/061600520010.001/swg.fits[1]
scw/0616/061600530010.001/swg.fits[1]
scw/0616/061600540010.001/swg.fits[1]
scw/0616/061600550010.001/swg.fits[1]
scw/0616/061600560010.001/swg.fits[1]
scw/0616/061600570010.001/swg.fits[1]
scw/0616/061600580010.001/swg.fits[1]
scw/0616/061600590010.001/swg.fits[1]
scw/0616/061600600010.001/swg.fits[1]
scw/0617/061700110010.001/swg.fits[1]
scw/0617/061700120010.001/swg.fits[1]
scw/0617/061700130010.001/swg.fits[1]
scw/0617/061700140010.001/swg.fits[1]
scw/0617/061700150010.001/swg.fits[1]
scw/0617/061700160010.001/swg.fits[1]
scw/0617/061700170010.001/swg.fits[1]
scw/0617/061700180010.001/swg.fits[1]
scw/0617/061700190010.001/swg.fits[1]
scw/0617/061700200010.001/swg.fits[1]
scw/0617/061700210010.001/swg.fits[1]
scw/0617/061700220010.001/swg.fits[1]
scw/0617/061700230010.001/swg.fits[1]
scw/0617/061700240010.001/swg.fits[1]
scw/0617/061700250010.001/swg.fits[1]
scw/0617/061700260010.001/swg.fits[1]
scw/0617/061700270010.001/swg.fits[1]
scw/0617/061700280010.001/swg.fits[1]
scw/0617/061700290010.001/swg.fits[1]
scw/0617/061700300010.001/swg.fits[1]
scw/0617/061700310010.001/swg.fits[1]
scw/0617/061700320010.001/swg.fits[1]
scw/0617/061700330010.001/swg.fits[1]
scw/0617/061700340010.001/swg.fits[1]
scw/0617/061700350010.001/swg.fits[1]
scw/0617/061700360010.001/swg.fits[1]
scw/0617/061700370010.001/swg.fits[1]
scw/0617/061700380010.001/swg.fits[1]
scw/0617/061700390010.001/swg.fits[1]
scw/0617/061700400010.001/swg.fits[1]
scw/0617/061700410010.001/swg.fits[1]
scw/0617/061700420010.001/swg.fits[1]
scw/0617/061700430010.001/swg.fits[1]
scw/0617/061700440010.001/swg.fits[1]
scw/0617/061700450010.001/swg.fits[1]
scw/0617/061700460010.001/swg.fits[1]
scw/0617/061700470010.001/swg.fits[1]
scw/0617/061700480010.001/swg.fits[1]
scw/0617/061700490010.001/swg.fits[1]
scw/0617/061700500010.001/swg.fits[1]
scw/0617/061700510010.001/swg.fits[1]
scw/0617/061700520010.001/swg.fits[1]
scw/0617/061700530010.001/swg.fits[1]
scw/0617/061700540010.001/swg.fits[1]
scw/0617/061700550010.001/swg.fits[1]
scw/0617/061700560010.001/swg.fits[1]
scw/0617/061700570010.001/swg.fits[1]
scw/0617/061700580010.001/swg.fits[1]
scw/0617/061700590010.001/swg.fits[1]
scw/0617/061700600010.001/swg.fits[1]
scw/0617/061700610010.001/swg.fits[1]
scw/0617/061700620010.001/swg.fits[1]
scw/0617/061700630010.001/swg.fits[1]
scw/0617/061700640010.001/swg.fits[1]
scw/0647/064700640010.001/swg.fits[1]
scw/0647/064700650010.001/swg.fits[1]
scw/0647/064700670010.001/swg.fits[1]
scw/0647/064700680010.001/swg.fits[1]
scw/0647/064700690010.001/swg.fits[1]
scw/0647/064700700010.001/swg.fits[1]
scw/0647/064700710010.001/swg.fits[1]
scw/0648/064800650010.001/swg.fits[1]
scw/0648/064800660010.001/swg.fits[1]
scw/0651/065100610010.001/swg.fits[1]
scw/0651/065100620010.001/swg.fits[1]
scw/0651/065100640010.001/swg.fits[1]
scw/0651/065100650010.001/swg.fits[1]
scw/0651/065100660010.001/swg.fits[1]
scw/0651/065100670010.001/swg.fits[1]
scw/0651/065100680010.001/swg.fits[1]
scw/0651/065100690010.001/swg.fits[1]
scw/0651/065100990010.001/swg.fits[1]
scw/0653/065300370010.001/swg.fits[1]
scw/0653/065300380010.001/swg.fits[1]
scw/0653/065300400010.001/swg.fits[1]
scw/0653/065300410010.001/swg.fits[1]
scw/0653/065300420010.001/swg.fits[1]
scw/0653/065300430010.001/swg.fits[1]
scw/0653/065300440010.001/swg.fits[1]
scw/0653/065300450010.001/swg.fits[1]
scw/0653/065300460010.001/swg.fits[1]
scw/0653/065300470010.001/swg.fits[1]
scw/0653/065300480010.001/swg.fits[1]
scw/0653/065300490010.001/swg.fits[1]
scw/0653/065300500010.001/swg.fits[1]
scw/0653/065300510010.001/swg.fits[1]
scw/0653/065300520010.001/swg.fits[1]
scw/0653/065300530010.001/swg.fits[1]
scw/0653/065300540010.001/swg.fits[1]
scw/0653/065300550010.001/swg.fits[1]
scw/0653/065300560010.001/swg.fits[1]
scw/0653/065300570010.001/swg.fits[1]
scw/0653/065300580010.001/swg.fits[1]
scw/0653/065300590010.001/swg.fits[1]
scw/0653/065300600010.001/swg.fits[1]
scw/0653/065300610010.001/swg.fits[1]
scw/0653/065300620010.001/swg.fits[1]
scw/0653/065300630010.001/swg.fits[1]
scw/0653/065300640010.001/swg.fits[1]
scw/0653/065300650010.001/swg.fits[1]
scw/0654/065400100010.001/swg.fits[1]
scw/0654/065400110010.001/swg.fits[1]
scw/0654/065400120010.001/swg.fits[1]
scw/0654/065400130010.001/swg.fits[1]
scw/0654/065400140010.001/swg.fits[1]
scw/0654/065400150010.001/swg.fits[1]
scw/0654/065400160010.001/swg.fits[1]
scw/0654/065400170010.001/swg.fits[1]
scw/0654/065400180010.001/swg.fits[1]
