scw/0812/081200270010.001/swg.fits[1]
scw/0812/081200280010.001/swg.fits[1]
scw/0812/081200290010.001/swg.fits[1]
scw/0812/081200300010.001/swg.fits[1]
scw/0812/081200310010.001/swg.fits[1]
scw/0812/081200320010.001/swg.fits[1]
scw/0812/081200330010.001/swg.fits[1]
scw/0813/081300040010.001/swg.fits[1]
scw/0813/081300050010.001/swg.fits[1]
scw/0813/081300060010.001/swg.fits[1]
scw/0813/081300070010.001/swg.fits[1]
scw/0813/081300080010.001/swg.fits[1]
scw/0813/081300090010.001/swg.fits[1]
scw/0813/081300100010.001/swg.fits[1]
scw/0813/081300110010.001/swg.fits[1]
scw/0813/081300120010.001/swg.fits[1]
scw/0813/081300130010.001/swg.fits[1]
scw/0813/081300140010.001/swg.fits[1]
scw/0813/081300150010.001/swg.fits[1]
scw/0813/081300160010.001/swg.fits[1]
scw/0813/081300170010.001/swg.fits[1]
scw/0813/081300180010.001/swg.fits[1]
scw/0813/081300190010.001/swg.fits[1]
scw/0813/081300200010.001/swg.fits[1]
scw/0813/081300210010.001/swg.fits[1]
scw/0813/081300220010.001/swg.fits[1]
scw/0813/081300230010.001/swg.fits[1]
scw/0813/081300240010.001/swg.fits[1]
scw/0813/081300250010.001/swg.fits[1]
scw/0813/081300260010.001/swg.fits[1]
scw/0813/081300270010.001/swg.fits[1]
scw/0813/081300280010.001/swg.fits[1]
scw/0813/081300290010.001/swg.fits[1]
scw/0814/081400020010.001/swg.fits[1]
scw/0814/081400030010.001/swg.fits[1]
scw/0814/081400040010.001/swg.fits[1]
scw/0814/081400050010.001/swg.fits[1]
scw/0814/081400080010.001/swg.fits[1]
scw/0814/081400090010.001/swg.fits[1]
scw/0814/081400100010.001/swg.fits[1]
scw/0814/081400110010.001/swg.fits[1]
scw/0814/081400120010.001/swg.fits[1]
scw/0814/081400130010.001/swg.fits[1]
scw/0814/081400140010.001/swg.fits[1]
scw/0814/081400150010.001/swg.fits[1]
scw/0814/081400160010.001/swg.fits[1]
scw/0814/081400170010.001/swg.fits[1]
scw/0814/081400180010.001/swg.fits[1]
scw/0814/081400190010.001/swg.fits[1]
scw/0814/081400200010.001/swg.fits[1]
scw/0814/081400210010.001/swg.fits[1]
scw/0814/081400220010.001/swg.fits[1]
scw/0814/081400230010.001/swg.fits[1]
scw/0814/081400240010.001/swg.fits[1]
scw/0814/081400250010.001/swg.fits[1]
scw/0814/081400260010.001/swg.fits[1]
scw/0814/081400270010.001/swg.fits[1]
scw/0814/081400280010.001/swg.fits[1]
scw/0814/081400290010.001/swg.fits[1]
scw/0814/081400300010.001/swg.fits[1]
scw/0814/081400310010.001/swg.fits[1]
scw/0814/081400320010.001/swg.fits[1]
scw/0814/081400330010.001/swg.fits[1]
scw/0815/081500040010.001/swg.fits[1]
scw/0815/081500050010.001/swg.fits[1]
scw/0815/081500060010.001/swg.fits[1]
scw/0815/081500070010.001/swg.fits[1]
scw/0815/081500080010.001/swg.fits[1]
scw/0815/081500090010.001/swg.fits[1]
scw/0815/081500100010.001/swg.fits[1]
scw/0815/081500110010.001/swg.fits[1]
scw/0815/081500120010.001/swg.fits[1]
scw/0815/081500130010.001/swg.fits[1]
scw/0815/081500140010.001/swg.fits[1]
scw/0815/081500150010.001/swg.fits[1]
scw/0815/081500160010.001/swg.fits[1]
scw/0815/081500170010.001/swg.fits[1]
scw/0815/081500180010.001/swg.fits[1]
scw/0815/081500190010.001/swg.fits[1]
scw/0815/081500200010.001/swg.fits[1]
scw/0815/081500210010.001/swg.fits[1]
scw/0815/081500220010.001/swg.fits[1]
scw/0815/081500230010.001/swg.fits[1]
scw/0815/081500240010.001/swg.fits[1]
scw/0815/081500250010.001/swg.fits[1]
scw/0815/081500260010.001/swg.fits[1]
scw/0815/081500270010.001/swg.fits[1]
scw/0815/081500280010.001/swg.fits[1]
scw/0815/081500290010.001/swg.fits[1]
scw/0815/081500300010.001/swg.fits[1]
scw/0815/081500310010.001/swg.fits[1]
scw/0815/081500320010.001/swg.fits[1]
scw/0815/081500330010.001/swg.fits[1]
scw/0815/081500340010.001/swg.fits[1]
scw/0816/081600040010.001/swg.fits[1]
scw/0816/081600050010.001/swg.fits[1]
scw/0816/081600060010.001/swg.fits[1]
scw/0816/081600070010.001/swg.fits[1]
scw/0816/081600080010.001/swg.fits[1]
scw/0816/081600090010.001/swg.fits[1]
scw/0816/081600100010.001/swg.fits[1]
scw/0816/081600110010.001/swg.fits[1]
scw/0816/081600120010.001/swg.fits[1]
scw/0816/081600130010.001/swg.fits[1]
scw/0816/081600140010.001/swg.fits[1]
scw/0816/081600150010.001/swg.fits[1]
scw/0816/081600160010.001/swg.fits[1]
scw/0816/081600170010.001/swg.fits[1]
scw/0816/081600180010.001/swg.fits[1]
scw/0816/081600190010.001/swg.fits[1]
scw/0816/081600200010.001/swg.fits[1]
scw/0816/081600210010.001/swg.fits[1]
scw/0816/081600220010.001/swg.fits[1]
scw/0816/081600230010.001/swg.fits[1]
scw/0816/081600240010.001/swg.fits[1]
scw/0816/081600250010.001/swg.fits[1]
scw/0816/081600260010.001/swg.fits[1]
scw/0816/081600270010.001/swg.fits[1]
scw/0816/081600280010.001/swg.fits[1]
scw/0816/081600290010.001/swg.fits[1]
scw/0816/081600300010.001/swg.fits[1]
scw/0816/081600310010.001/swg.fits[1]
scw/0816/081600320010.001/swg.fits[1]
scw/0816/081600330010.001/swg.fits[1]
scw/0816/081600340010.001/swg.fits[1]
scw/0817/081700040010.001/swg.fits[1]
scw/0817/081700050010.001/swg.fits[1]
scw/0817/081700060010.001/swg.fits[1]
scw/0817/081700070010.001/swg.fits[1]
scw/0817/081700080010.001/swg.fits[1]
scw/0817/081700090010.001/swg.fits[1]
scw/0817/081700100010.001/swg.fits[1]
scw/0817/081700110010.001/swg.fits[1]
scw/0817/081700120010.001/swg.fits[1]
scw/0817/081700130010.001/swg.fits[1]
scw/0817/081700140010.001/swg.fits[1]
scw/0817/081700150010.001/swg.fits[1]
scw/0817/081700160010.001/swg.fits[1]
scw/0817/081700170010.001/swg.fits[1]
scw/0817/081700180010.001/swg.fits[1]
scw/0817/081700190010.001/swg.fits[1]
scw/0817/081700200010.001/swg.fits[1]
scw/0817/081700210010.001/swg.fits[1]
scw/0817/081700220010.001/swg.fits[1]
scw/0817/081700230010.001/swg.fits[1]
scw/0817/081700240010.001/swg.fits[1]
scw/0817/081700250010.001/swg.fits[1]
scw/0817/081700260010.001/swg.fits[1]
scw/0817/081700270010.001/swg.fits[1]
scw/0817/081700280010.001/swg.fits[1]
scw/0817/081700290010.001/swg.fits[1]
scw/0817/081700300010.001/swg.fits[1]
scw/0817/081700310010.001/swg.fits[1]
scw/0817/081700320010.001/swg.fits[1]
scw/0817/081700330010.001/swg.fits[1]
scw/0817/081700340010.001/swg.fits[1]
scw/0818/081800040010.001/swg.fits[1]
scw/0818/081800050010.001/swg.fits[1]
scw/0818/081800060010.001/swg.fits[1]
scw/0818/081800070010.001/swg.fits[1]
scw/0818/081800080010.001/swg.fits[1]
scw/0818/081800090010.001/swg.fits[1]
scw/0818/081800100010.001/swg.fits[1]
scw/0818/081800110010.001/swg.fits[1]
scw/0818/081800120010.001/swg.fits[1]
scw/0818/081800130010.001/swg.fits[1]
scw/0818/081800140010.001/swg.fits[1]
scw/0818/081800150010.001/swg.fits[1]
scw/0818/081800160010.001/swg.fits[1]
scw/0818/081800170010.001/swg.fits[1]
scw/0818/081800180010.001/swg.fits[1]
scw/0818/081800190010.001/swg.fits[1]
scw/0818/081800200010.001/swg.fits[1]
scw/0818/081800210010.001/swg.fits[1]
scw/0818/081800220010.001/swg.fits[1]
scw/0818/081800230010.001/swg.fits[1]
scw/0934/093400120010.001/swg.fits[1]
scw/0934/093400530010.001/swg.fits[1]
scw/0936/093600430010.001/swg.fits[1]
scw/0939/093900290010.001/swg.fits[1]
scw/0939/093900500010.001/swg.fits[1]
scw/0941/094100140010.001/swg.fits[1]
scw/0941/094100460010.001/swg.fits[1]
scw/0944/094400230010.001/swg.fits[1]
scw/0944/094400320010.001/swg.fits[1]
scw/1000/100000120010.001/swg.fits[1]
scw/1001/100100590010.001/swg.fits[1]
scw/1032/103200770010.001/swg.fits[1]
scw/1034/103400020010.001/swg.fits[1]
scw/1034/103400030010.001/swg.fits[1]
scw/1034/103400040010.001/swg.fits[1]
scw/1034/103400050010.001/swg.fits[1]
scw/1034/103400060010.001/swg.fits[1]
scw/1034/103400070010.001/swg.fits[1]
scw/1034/103400080010.001/swg.fits[1]
scw/1034/103400090010.001/swg.fits[1]
scw/1034/103400100010.001/swg.fits[1]
scw/1034/103400110010.001/swg.fits[1]
scw/1034/103400120010.001/swg.fits[1]
scw/1034/103400130010.001/swg.fits[1]
scw/1034/103400140010.001/swg.fits[1]
scw/1034/103400150010.001/swg.fits[1]
scw/1034/103400160010.001/swg.fits[1]
scw/1034/103400170010.001/swg.fits[1]
scw/1034/103400180010.001/swg.fits[1]
scw/1034/103400190010.001/swg.fits[1]
scw/1034/103400200010.001/swg.fits[1]
scw/1034/103400210010.001/swg.fits[1]
scw/1034/103400220010.001/swg.fits[1]
scw/1034/103400230010.001/swg.fits[1]
scw/1034/103400240010.001/swg.fits[1]
scw/1034/103400250010.001/swg.fits[1]
scw/1034/103400260010.001/swg.fits[1]
scw/1034/103400270010.001/swg.fits[1]
scw/1034/103400280010.001/swg.fits[1]
scw/1034/103400290010.001/swg.fits[1]
scw/1034/103400300010.001/swg.fits[1]
scw/1034/103400310010.001/swg.fits[1]
scw/1034/103400320010.001/swg.fits[1]
scw/1034/103400330010.001/swg.fits[1]
scw/1034/103400340010.001/swg.fits[1]
scw/1034/103400350010.001/swg.fits[1]
scw/1034/103400360010.001/swg.fits[1]
scw/1034/103400370010.001/swg.fits[1]
scw/1034/103400380010.001/swg.fits[1]
scw/1034/103400390010.001/swg.fits[1]
scw/1034/103400400010.001/swg.fits[1]
scw/1034/103400410010.001/swg.fits[1]
scw/1034/103400420010.001/swg.fits[1]
scw/1034/103400430010.001/swg.fits[1]
scw/1034/103400440010.001/swg.fits[1]
scw/1034/103400450010.001/swg.fits[1]
scw/1034/103400460010.001/swg.fits[1]
scw/1034/103400470010.001/swg.fits[1]
