scw/0958/095800240010.001/swg.fits[1]
scw/0958/095800250010.001/swg.fits[1]
scw/0958/095800260010.001/swg.fits[1]
scw/0958/095800270010.001/swg.fits[1]
scw/0958/095800280010.001/swg.fits[1]
scw/0958/095800290010.001/swg.fits[1]
scw/0958/095800300010.001/swg.fits[1]
scw/0958/095800310010.001/swg.fits[1]
scw/0958/095800320010.001/swg.fits[1]
scw/0958/095800330010.001/swg.fits[1]
scw/0958/095800340010.001/swg.fits[1]
scw/0958/095800350010.001/swg.fits[1]
scw/0958/095800360010.001/swg.fits[1]
scw/0958/095800370010.001/swg.fits[1]
scw/0958/095800390010.001/swg.fits[1]
scw/0958/095800400010.001/swg.fits[1]
scw/0958/095800410010.001/swg.fits[1]
scw/0958/095800420010.001/swg.fits[1]
scw/0958/095800430010.001/swg.fits[1]
scw/0958/095800440010.001/swg.fits[1]
scw/0959/095900060010.001/swg.fits[1]
scw/0959/095900070010.001/swg.fits[1]
scw/0959/095900080010.001/swg.fits[1]
scw/0960/096001050010.001/swg.fits[1]
scw/0961/096100060010.001/swg.fits[1]
scw/0962/096200060010.001/swg.fits[1]
scw/0962/096200070010.001/swg.fits[1]
scw/0962/096200080010.001/swg.fits[1]
scw/0963/096301030010.001/swg.fits[1]
scw/0963/096301070010.001/swg.fits[1]
scw/0964/096400010010.001/swg.fits[1]
scw/0964/096400050010.001/swg.fits[1]
scw/0964/096400060010.001/swg.fits[1]
scw/0964/096400070010.001/swg.fits[1]
scw/0965/096500830010.001/swg.fits[1]
scw/0965/096500840010.001/swg.fits[1]
scw/0965/096500850010.001/swg.fits[1]
scw/0966/096600060010.001/swg.fits[1]
scw/0966/096600070010.001/swg.fits[1]
scw/0966/096600080010.001/swg.fits[1]
scw/0971/097100090010.001/swg.fits[1]
scw/0971/097100690010.001/swg.fits[1]
scw/0971/097100700010.001/swg.fits[1]
scw/0971/097100710010.001/swg.fits[1]
scw/0971/097100720010.001/swg.fits[1]
scw/0971/097100730010.001/swg.fits[1]
scw/0971/097100740010.001/swg.fits[1]
scw/0971/097100750010.001/swg.fits[1]
scw/0971/097100760010.001/swg.fits[1]
scw/0971/097100770010.001/swg.fits[1]
scw/0971/097100780010.001/swg.fits[1]
scw/0971/097100790010.001/swg.fits[1]
scw/0971/097100800010.001/swg.fits[1]
scw/0971/097100810010.001/swg.fits[1]
scw/0971/097100820010.001/swg.fits[1]
scw/0971/097100830010.001/swg.fits[1]
scw/0971/097100840010.001/swg.fits[1]
scw/0971/097100850010.001/swg.fits[1]
scw/0971/097100860010.001/swg.fits[1]
scw/0971/097100870010.001/swg.fits[1]
scw/0971/097100880010.001/swg.fits[1]
scw/0971/097100890010.001/swg.fits[1]
scw/0971/097100900010.001/swg.fits[1]
scw/0971/097100910010.001/swg.fits[1]
scw/0971/097100920010.001/swg.fits[1]
scw/0971/097100930010.001/swg.fits[1]
scw/0971/097100940010.001/swg.fits[1]
scw/0971/097100950010.001/swg.fits[1]
scw/0971/097100960010.001/swg.fits[1]
scw/0972/097200020010.001/swg.fits[1]
scw/0972/097200040010.001/swg.fits[1]
scw/0972/097200050010.001/swg.fits[1]
scw/0972/097200060010.001/swg.fits[1]
scw/0972/097200070010.001/swg.fits[1]
scw/0972/097200080010.001/swg.fits[1]
scw/0972/097200090010.001/swg.fits[1]
scw/0972/097200100010.001/swg.fits[1]
scw/0972/097200110010.001/swg.fits[1]
scw/0972/097200120010.001/swg.fits[1]
scw/0972/097200130010.001/swg.fits[1]
scw/0972/097200140010.001/swg.fits[1]
scw/0972/097200150010.001/swg.fits[1]
scw/0972/097200160010.001/swg.fits[1]
scw/0972/097200170010.001/swg.fits[1]
scw/0972/097200180010.001/swg.fits[1]
scw/0972/097200190010.001/swg.fits[1]
scw/0972/097200200010.001/swg.fits[1]
scw/0972/097200210010.001/swg.fits[1]
scw/0972/097200220010.001/swg.fits[1]
scw/0972/097200280010.001/swg.fits[1]
scw/0972/097200290010.001/swg.fits[1]
scw/0972/097200300010.001/swg.fits[1]
scw/0972/097200430010.001/swg.fits[1]
scw/0972/097200530010.001/swg.fits[1]
scw/0972/097200540010.001/swg.fits[1]
scw/0972/097200550010.001/swg.fits[1]
scw/0972/097200560010.001/swg.fits[1]
scw/0972/097200570010.001/swg.fits[1]
scw/0972/097200580010.001/swg.fits[1]
scw/0972/097200590010.001/swg.fits[1]
scw/0972/097200600010.001/swg.fits[1]
scw/0972/097200610010.001/swg.fits[1]
scw/0972/097200620010.001/swg.fits[1]
scw/0972/097200630010.001/swg.fits[1]
scw/0972/097200640010.001/swg.fits[1]
scw/0972/097200650010.001/swg.fits[1]
scw/0972/097200660010.001/swg.fits[1]
scw/0972/097200670010.001/swg.fits[1]
scw/0972/097200680010.001/swg.fits[1]
scw/0972/097200690010.001/swg.fits[1]
scw/0972/097200700010.001/swg.fits[1]
scw/0972/097200710010.001/swg.fits[1]
scw/0972/097200720010.001/swg.fits[1]
scw/0972/097200730010.001/swg.fits[1]
scw/0972/097200740010.001/swg.fits[1]
scw/0972/097200750010.001/swg.fits[1]
scw/0972/097200760010.001/swg.fits[1]
scw/0972/097200770010.001/swg.fits[1]
scw/0972/097200780010.001/swg.fits[1]
scw/0972/097200790010.001/swg.fits[1]
scw/0972/097200800010.001/swg.fits[1]
scw/0972/097200810010.001/swg.fits[1]
scw/0972/097200820010.001/swg.fits[1]
scw/0972/097200830010.001/swg.fits[1]
scw/0972/097200840010.001/swg.fits[1]
scw/0972/097200850010.001/swg.fits[1]
scw/0972/097200860010.001/swg.fits[1]
scw/0972/097200870010.001/swg.fits[1]
scw/0972/097200880010.001/swg.fits[1]
scw/0972/097200890010.001/swg.fits[1]
scw/0972/097200900010.001/swg.fits[1]
scw/0972/097200910010.001/swg.fits[1]
scw/0972/097200920010.001/swg.fits[1]
scw/0973/097300020010.001/swg.fits[1]
scw/0973/097300030010.001/swg.fits[1]
scw/0973/097300040010.001/swg.fits[1]
scw/0973/097300050010.001/swg.fits[1]
scw/0973/097300060010.001/swg.fits[1]
scw/0973/097300070010.001/swg.fits[1]
scw/0973/097300080010.001/swg.fits[1]
scw/0973/097300090010.001/swg.fits[1]
scw/0973/097300100010.001/swg.fits[1]
scw/0973/097300120010.001/swg.fits[1]
scw/0973/097300250010.001/swg.fits[1]
scw/0973/097300260010.001/swg.fits[1]
scw/0973/097300270010.001/swg.fits[1]
scw/0974/097400650010.001/swg.fits[1]
scw/0974/097400690010.001/swg.fits[1]
scw/0974/097400700010.001/swg.fits[1]
scw/0974/097400710010.001/swg.fits[1]
scw/0975/097501040010.001/swg.fits[1]
scw/0975/097501050010.001/swg.fits[1]
scw/0976/097600140010.001/swg.fits[1]
scw/0976/097600150010.001/swg.fits[1]
scw/0976/097600160010.001/swg.fits[1]
scw/0977/097700040010.001/swg.fits[1]
scw/0977/097700050010.001/swg.fits[1]
scw/0977/097700060010.001/swg.fits[1]
scw/0977/097700070010.001/swg.fits[1]
scw/0977/097700080010.001/swg.fits[1]
scw/0977/097700090010.001/swg.fits[1]
scw/0977/097700100010.001/swg.fits[1]
scw/0977/097700110010.001/swg.fits[1]
scw/0977/097700120010.001/swg.fits[1]
scw/0977/097700130010.001/swg.fits[1]
scw/0977/097700140010.001/swg.fits[1]
scw/0977/097700150010.001/swg.fits[1]
scw/0977/097700160010.001/swg.fits[1]
scw/0977/097700170010.001/swg.fits[1]
scw/0977/097700180010.001/swg.fits[1]
scw/0977/097700190010.001/swg.fits[1]
scw/0977/097700200010.001/swg.fits[1]
scw/0977/097700210010.001/swg.fits[1]
scw/0977/097700220010.001/swg.fits[1]
scw/0977/097700230010.001/swg.fits[1]
scw/0977/097700240010.001/swg.fits[1]
scw/0977/097700250010.001/swg.fits[1]
scw/0977/097700260010.001/swg.fits[1]
scw/0977/097700270010.001/swg.fits[1]
scw/0977/097700280010.001/swg.fits[1]
scw/0977/097700300010.001/swg.fits[1]
scw/0977/097700310010.001/swg.fits[1]
scw/0977/097700320010.001/swg.fits[1]
scw/0977/097700330010.001/swg.fits[1]
scw/0977/097700340010.001/swg.fits[1]
scw/0977/097700350010.001/swg.fits[1]
scw/0977/097700360010.001/swg.fits[1]
scw/0977/097700370010.001/swg.fits[1]
scw/0977/097700380010.001/swg.fits[1]
scw/0977/097700390010.001/swg.fits[1]
scw/0977/097700400010.001/swg.fits[1]
scw/0977/097700410010.001/swg.fits[1]
scw/0977/097700420010.001/swg.fits[1]
scw/0977/097700430010.001/swg.fits[1]
scw/0977/097700440010.001/swg.fits[1]
scw/0977/097700450010.001/swg.fits[1]
scw/0977/097700460010.001/swg.fits[1]
scw/0977/097700470010.001/swg.fits[1]
scw/0977/097700480010.001/swg.fits[1]
scw/0977/097700490010.001/swg.fits[1]
scw/0978/097800170010.001/swg.fits[1]
scw/0978/097800180010.001/swg.fits[1]
scw/0978/097800190010.001/swg.fits[1]
scw/0979/097900090010.001/swg.fits[1]
scw/0980/098000080010.001/swg.fits[1]
scw/0980/098000090010.001/swg.fits[1]
scw/0980/098000100010.001/swg.fits[1]
scw/1012/101200020010.001/swg.fits[1]
scw/1012/101200030010.001/swg.fits[1]
scw/1012/101200040010.001/swg.fits[1]
scw/1012/101200050010.001/swg.fits[1]
scw/1012/101200060010.001/swg.fits[1]
scw/1012/101200420010.001/swg.fits[1]
scw/1012/101200430010.001/swg.fits[1]
scw/1012/101200440010.001/swg.fits[1]
scw/1012/101200450010.001/swg.fits[1]
scw/1012/101200460010.001/swg.fits[1]
scw/1013/101300040010.001/swg.fits[1]
scw/1013/101300050010.001/swg.fits[1]
scw/1013/101300060010.001/swg.fits[1]
scw/1013/101300070010.001/swg.fits[1]
scw/1013/101300080010.001/swg.fits[1]
scw/1013/101300710010.001/swg.fits[1]
scw/1013/101300720010.001/swg.fits[1]
scw/1013/101300730010.001/swg.fits[1]
scw/1013/101300740010.001/swg.fits[1]
scw/1013/101300750010.001/swg.fits[1]
scw/1018/101800030010.001/swg.fits[1]
scw/1018/101800040010.001/swg.fits[1]
scw/1018/101800050010.001/swg.fits[1]
scw/1020/102000050010.001/swg.fits[1]
scw/1020/102000060010.001/swg.fits[1]
scw/1020/102000070010.001/swg.fits[1]
scw/1021/102100020010.001/swg.fits[1]
scw/1021/102100030010.001/swg.fits[1]
scw/1021/102100040010.001/swg.fits[1]
scw/1021/102100050010.001/swg.fits[1]
scw/1022/102200260010.001/swg.fits[1]
scw/1022/102200270010.001/swg.fits[1]
scw/1022/102200280010.001/swg.fits[1]
scw/1023/102300110010.001/swg.fits[1]
scw/1024/102400120010.001/swg.fits[1]
scw/1026/102600660010.001/swg.fits[1]
scw/1027/102700030010.001/swg.fits[1]
scw/1027/102700040010.001/swg.fits[1]
scw/1027/102700050010.001/swg.fits[1]
scw/1028/102800550010.001/swg.fits[1]
