scw/0458/045800020010.001/swg.fits[1]
scw/0458/045800030010.001/swg.fits[1]
scw/0458/045800040010.001/swg.fits[1]
scw/0458/045800050010.001/swg.fits[1]
scw/0458/045800060010.001/swg.fits[1]
scw/0458/045800070010.001/swg.fits[1]
scw/0458/045800080010.001/swg.fits[1]
scw/0458/045800090010.001/swg.fits[1]
scw/0458/045800100010.001/swg.fits[1]
scw/0458/045800110010.001/swg.fits[1]
scw/0458/045800120010.001/swg.fits[1]
scw/0458/045800130010.001/swg.fits[1]
scw/0458/045800140010.001/swg.fits[1]
scw/0458/045800150010.001/swg.fits[1]
scw/0458/045800160010.001/swg.fits[1]
scw/0458/045800180010.001/swg.fits[1]
scw/0458/045800190010.001/swg.fits[1]
scw/0458/045800200010.001/swg.fits[1]
scw/0458/045800210010.001/swg.fits[1]
scw/0458/045800220010.001/swg.fits[1]
scw/0458/045800230010.001/swg.fits[1]
scw/0458/045800240010.001/swg.fits[1]
scw/0458/045800280010.001/swg.fits[1]
scw/0458/045800290010.001/swg.fits[1]
scw/0458/045800300010.001/swg.fits[1]
scw/0458/045800310010.001/swg.fits[1]
scw/0458/045800320010.001/swg.fits[1]
scw/0458/045800330010.001/swg.fits[1]
scw/0458/045800340010.001/swg.fits[1]
scw/0458/045800350010.001/swg.fits[1]
scw/0458/045800370010.001/swg.fits[1]
scw/0458/045800380010.001/swg.fits[1]
scw/0458/045800390010.001/swg.fits[1]
scw/0458/045800400010.001/swg.fits[1]
scw/0458/045800410010.001/swg.fits[1]
scw/0458/045800420010.001/swg.fits[1]
scw/0458/045800430010.001/swg.fits[1]
scw/0458/045800440010.001/swg.fits[1]
scw/0458/045800450010.001/swg.fits[1]
scw/0458/045800460010.001/swg.fits[1]
scw/0458/045800470010.001/swg.fits[1]
scw/0458/045800480010.001/swg.fits[1]
scw/0458/045800490010.001/swg.fits[1]
scw/0458/045800500010.001/swg.fits[1]
scw/0458/045800510010.001/swg.fits[1]
scw/0458/045800520010.001/swg.fits[1]
scw/0458/045800530010.001/swg.fits[1]
scw/0458/045800540010.001/swg.fits[1]
scw/0458/045800550010.001/swg.fits[1]
scw/0458/045800560010.001/swg.fits[1]
scw/0458/045800570010.001/swg.fits[1]
scw/0458/045800580010.001/swg.fits[1]
scw/0458/045800590010.001/swg.fits[1]
scw/0458/045800600010.001/swg.fits[1]
scw/0458/045800610010.001/swg.fits[1]
scw/0458/045800620010.001/swg.fits[1]
scw/0458/045800630010.001/swg.fits[1]
scw/0458/045800640010.001/swg.fits[1]
scw/0458/045800650010.001/swg.fits[1]
scw/0458/045800670010.001/swg.fits[1]
scw/0458/045800680010.001/swg.fits[1]
scw/0458/045800690010.001/swg.fits[1]
scw/0458/045800700010.001/swg.fits[1]
scw/0458/045800710010.001/swg.fits[1]
scw/0458/045800720010.001/swg.fits[1]
scw/0458/045800730010.001/swg.fits[1]
scw/0458/045800740010.001/swg.fits[1]
scw/0458/045800750010.001/swg.fits[1]
