scw/1792/179200410010.001/swg.fits[1]
scw/1792/179200420010.001/swg.fits[1]
scw/1792/179200460010.001/swg.fits[1]
scw/1792/179200560010.001/swg.fits[1]
scw/1792/179200570010.001/swg.fits[1]
scw/1792/179200580010.001/swg.fits[1]
scw/1792/179200610010.001/swg.fits[1]
scw/1792/179200620010.001/swg.fits[1]
scw/1792/179200730010.001/swg.fits[1]
scw/1792/179200760010.001/swg.fits[1]
scw/1792/179200770010.001/swg.fits[1]
scw/1792/179200780010.001/swg.fits[1]
scw/1792/179200790010.001/swg.fits[1]
scw/1792/179200890010.001/swg.fits[1]
scw/1792/179200900010.001/swg.fits[1]
scw/1792/179200930010.001/swg.fits[1]
scw/1792/179200940010.001/swg.fits[1]
scw/1793/179300060010.001/swg.fits[1]
scw/1793/179300070010.001/swg.fits[1]
scw/1793/179300080010.001/swg.fits[1]
scw/1793/179300170010.001/swg.fits[1]
scw/1793/179300180010.001/swg.fits[1]
scw/1793/179300190010.001/swg.fits[1]
scw/1793/179300200010.001/swg.fits[1]
scw/1793/179300210010.001/swg.fits[1]
scw/1793/179300220010.001/swg.fits[1]
scw/1793/179300230010.001/swg.fits[1]
scw/1793/179300300010.001/swg.fits[1]
scw/1793/179300460010.001/swg.fits[1]
scw/1793/179300470010.001/swg.fits[1]
scw/1793/179300480010.001/swg.fits[1]
scw/1793/179300520010.001/swg.fits[1]
scw/1793/179300530010.001/swg.fits[1]
scw/1793/179300630010.001/swg.fits[1]
scw/1793/179300640010.001/swg.fits[1]
scw/1793/179300670010.001/swg.fits[1]
scw/1793/179300680010.001/swg.fits[1]
scw/1793/179300690010.001/swg.fits[1]
scw/1793/179300740010.001/swg.fits[1]
scw/1793/179300780010.001/swg.fits[1]
scw/1793/179300790010.001/swg.fits[1]
scw/1796/179600410010.001/swg.fits[1]
scw/1796/179600420010.001/swg.fits[1]
scw/1796/179600430010.001/swg.fits[1]
scw/1796/179600460010.001/swg.fits[1]
scw/1796/179600470010.001/swg.fits[1]
scw/1796/179600490010.001/swg.fits[1]
scw/1796/179600500010.001/swg.fits[1]
scw/1796/179600510010.001/swg.fits[1]
scw/1796/179600520010.001/swg.fits[1]
scw/1796/179600580010.001/swg.fits[1]
scw/1796/179600590010.001/swg.fits[1]
scw/1796/179600600010.001/swg.fits[1]
scw/1798/179800070010.001/swg.fits[1]
scw/1798/179800150010.001/swg.fits[1]
scw/1798/179800160010.001/swg.fits[1]
scw/1798/179800170010.001/swg.fits[1]
scw/1798/179800180010.001/swg.fits[1]
scw/1798/179800190010.001/swg.fits[1]
scw/1799/179900060010.001/swg.fits[1]
scw/1799/179900070010.001/swg.fits[1]
scw/1799/179900080010.001/swg.fits[1]
scw/1799/179900120010.001/swg.fits[1]
scw/1799/179900130010.001/swg.fits[1]
scw/1799/179900140010.001/swg.fits[1]
scw/1799/179900150010.001/swg.fits[1]
scw/1799/179900160010.001/swg.fits[1]
scw/1799/179900170010.001/swg.fits[1]
scw/1799/179900180010.001/swg.fits[1]
scw/1799/179900190010.001/swg.fits[1]
scw/1799/179900260010.001/swg.fits[1]
scw/1799/179900420010.001/swg.fits[1]
scw/1799/179900430010.001/swg.fits[1]
scw/1799/179900470010.001/swg.fits[1]
scw/1799/179900480010.001/swg.fits[1]
scw/1799/179900490010.001/swg.fits[1]
scw/1799/179900540010.001/swg.fits[1]
scw/1799/179900580010.001/swg.fits[1]
scw/1799/179900590010.001/swg.fits[1]
scw/1799/179900600010.001/swg.fits[1]
scw/1799/179900640010.001/swg.fits[1]
scw/1799/179900740010.001/swg.fits[1]
scw/1799/179900750010.001/swg.fits[1]
scw/1799/179900760010.001/swg.fits[1]
scw/1799/179900800010.001/swg.fits[1]
scw/1799/179900910010.001/swg.fits[1]
scw/1800/180000070010.001/swg.fits[1]
scw/1800/180000110010.001/swg.fits[1]
scw/1800/180000120010.001/swg.fits[1]
scw/1800/180000130010.001/swg.fits[1]
scw/1800/180000140010.001/swg.fits[1]
scw/1800/180000150010.001/swg.fits[1]
scw/1800/180000160010.001/swg.fits[1]
scw/1800/180000170010.001/swg.fits[1]
scw/1800/180000240010.001/swg.fits[1]
scw/1800/180000360010.001/swg.fits[1]
scw/1800/180000370010.001/swg.fits[1]
scw/1800/180000380010.001/swg.fits[1]
scw/1800/180000390010.001/swg.fits[1]
scw/1800/180000400010.001/swg.fits[1]
scw/1800/180000410010.001/swg.fits[1]
scw/1800/180000420010.001/swg.fits[1]
scw/1800/180000430010.001/swg.fits[1]
scw/1800/180000470010.001/swg.fits[1]
scw/1800/180000480010.001/swg.fits[1]
scw/1800/180000490010.001/swg.fits[1]
scw/1800/180000500010.001/swg.fits[1]
scw/1802/180200090010.001/swg.fits[1]
scw/1802/180200120010.001/swg.fits[1]
scw/1802/180200130010.001/swg.fits[1]
scw/1802/180200140010.001/swg.fits[1]
scw/1802/180200150010.001/swg.fits[1]
scw/1802/180200160010.001/swg.fits[1]
scw/1802/180200170010.001/swg.fits[1]
scw/1802/180200180010.001/swg.fits[1]
scw/1802/180200250010.001/swg.fits[1]
scw/1802/180200370010.001/swg.fits[1]
scw/1802/180200380010.001/swg.fits[1]
scw/1802/180200390010.001/swg.fits[1]
scw/1802/180200400010.001/swg.fits[1]
scw/1802/180200450010.001/swg.fits[1]
scw/1802/180200490010.001/swg.fits[1]
scw/1802/180200500010.001/swg.fits[1]
scw/1802/180200510010.001/swg.fits[1]
scw/1802/180200550010.001/swg.fits[1]
scw/1802/180200660010.001/swg.fits[1]
scw/1802/180200690010.001/swg.fits[1]
scw/1802/180200700010.001/swg.fits[1]
scw/1802/180200710010.001/swg.fits[1]
scw/1802/180200720010.001/swg.fits[1]
scw/1802/180200810010.001/swg.fits[1]
scw/1802/180200820010.001/swg.fits[1]
scw/1802/180200830010.001/swg.fits[1]
scw/1802/180200860010.001/swg.fits[1]
scw/1802/180200870010.001/swg.fits[1]
scw/1803/180300050010.001/swg.fits[1]
scw/1803/180300060010.001/swg.fits[1]
scw/1803/180300070010.001/swg.fits[1]
scw/1803/180300110010.001/swg.fits[1]
scw/1803/180300210010.001/swg.fits[1]
scw/1803/180300220010.001/swg.fits[1]
scw/1803/180300230010.001/swg.fits[1]
scw/1803/180300270010.001/swg.fits[1]
scw/1803/180300280010.001/swg.fits[1]
scw/1803/180300370010.001/swg.fits[1]
scw/1803/180300380010.001/swg.fits[1]
scw/1803/180300390010.001/swg.fits[1]
scw/1803/180300420010.001/swg.fits[1]
scw/1803/180300430010.001/swg.fits[1]
scw/1803/180300440010.001/swg.fits[1]
scw/1803/180300530010.001/swg.fits[1]
scw/1803/180300540010.001/swg.fits[1]
scw/1803/180300580010.001/swg.fits[1]
scw/1803/180300590010.001/swg.fits[1]
scw/1803/180300600010.001/swg.fits[1]
scw/1803/180300700010.001/swg.fits[1]
scw/1806/180600020010.001/swg.fits[1]
scw/1806/180600060010.001/swg.fits[1]
scw/1806/180600070010.001/swg.fits[1]
scw/1806/180600080010.001/swg.fits[1]
scw/1849/184900040010.001/swg.fits[1]
scw/1849/184900750010.001/swg.fits[1]
scw/1849/184900760010.001/swg.fits[1]
scw/1849/184900770010.001/swg.fits[1]
scw/1850/185000330010.001/swg.fits[1]
scw/1850/185000340010.001/swg.fits[1]
scw/1850/185000350010.001/swg.fits[1]
scw/1854/185400610010.001/swg.fits[1]
scw/1854/185400620010.001/swg.fits[1]
scw/1854/185400630010.001/swg.fits[1]
scw/1854/185400670010.001/swg.fits[1]
scw/1854/185400680010.001/swg.fits[1]
scw/1854/185400740010.001/swg.fits[1]
scw/1854/185400750010.001/swg.fits[1]
scw/1855/185500410010.001/swg.fits[1]
scw/1855/185500420010.001/swg.fits[1]
scw/1855/185500480010.001/swg.fits[1]
scw/1855/185500490010.001/swg.fits[1]
scw/1855/185500500010.001/swg.fits[1]
scw/1855/185500510010.001/swg.fits[1]
scw/1855/185500520010.001/swg.fits[1]
scw/1855/185500530010.001/swg.fits[1]
scw/1855/185500540010.001/swg.fits[1]
scw/1855/185500580010.001/swg.fits[1]
scw/1855/185500770010.001/swg.fits[1]
scw/1855/185500770020.001/swg.fits[1]
scw/1858/185800070010.001/swg.fits[1]
scw/1858/185800200010.001/swg.fits[1]
scw/1858/185800210010.001/swg.fits[1]
scw/1858/185800220010.001/swg.fits[1]
scw/1858/185800290010.001/swg.fits[1]
scw/1858/185800300010.001/swg.fits[1]
scw/1858/185800310010.001/swg.fits[1]
scw/1858/185800320010.001/swg.fits[1]
scw/1858/185800330010.001/swg.fits[1]
scw/1858/185800490010.001/swg.fits[1]
scw/1858/185800500010.001/swg.fits[1]
scw/1858/185800560010.001/swg.fits[1]
scw/1858/185800570010.001/swg.fits[1]
scw/1858/185800580010.001/swg.fits[1]
scw/1858/185800590010.001/swg.fits[1]
scw/1858/185800600010.001/swg.fits[1]
scw/1858/185800610010.001/swg.fits[1]
scw/1858/185800620010.001/swg.fits[1]
scw/1859/185900190010.001/swg.fits[1]
scw/1859/185900200010.001/swg.fits[1]
scw/1859/185900210010.001/swg.fits[1]
scw/1859/185900270010.001/swg.fits[1]
scw/1859/185900280010.001/swg.fits[1]
scw/1859/185900290010.001/swg.fits[1]
scw/1859/185900300010.001/swg.fits[1]
scw/1859/185900310010.001/swg.fits[1]
scw/1859/185900320010.001/swg.fits[1]
scw/1859/185900330010.001/swg.fits[1]
scw/1859/185900500010.001/swg.fits[1]
scw/1859/185900560010.001/swg.fits[1]
scw/1859/185900570010.001/swg.fits[1]
scw/1859/185900580010.001/swg.fits[1]
scw/1859/185900590010.001/swg.fits[1]
scw/1859/185900600010.001/swg.fits[1]
scw/1859/185900610010.001/swg.fits[1]
scw/1859/185900620010.001/swg.fits[1]
scw/1859/185900680010.001/swg.fits[1]
scw/1859/185900690010.001/swg.fits[1]
scw/1859/185900700010.001/swg.fits[1]
scw/1871/187100060010.001/swg.fits[1]
scw/1871/187100190010.001/swg.fits[1]
scw/1871/187100200010.001/swg.fits[1]
scw/1871/187100210010.001/swg.fits[1]
scw/1871/187100240010.001/swg.fits[1]
scw/1871/187100260010.001/swg.fits[1]
scw/1871/187100310010.001/swg.fits[1]
scw/1871/187100350010.001/swg.fits[1]
scw/1871/187100360010.001/swg.fits[1]
scw/1871/187100370010.001/swg.fits[1]
scw/1871/187100410010.001/swg.fits[1]
scw/1871/187100470010.001/swg.fits[1]
scw/1871/187100510010.001/swg.fits[1]
scw/1871/187100520010.001/swg.fits[1]
scw/1871/187100530010.001/swg.fits[1]
scw/1871/187100550010.001/swg.fits[1]
scw/1871/187100560010.001/swg.fits[1]
scw/1871/187100570010.001/swg.fits[1]
scw/1871/187100580010.001/swg.fits[1]
scw/1871/187100680010.001/swg.fits[1]
scw/1871/187100720010.001/swg.fits[1]
scw/1871/187100730010.001/swg.fits[1]
