scw/0804/080401000010.001/swg.fits[1]
scw/0804/080401010010.001/swg.fits[1]
scw/0805/080500020010.001/swg.fits[1]
scw/0805/080500030010.001/swg.fits[1]
scw/0805/080500040010.001/swg.fits[1]
scw/0805/080500050010.001/swg.fits[1]
scw/0805/080500060010.001/swg.fits[1]
scw/0805/080500790010.001/swg.fits[1]
scw/0805/080500800010.001/swg.fits[1]
scw/0805/080500810010.001/swg.fits[1]
scw/0805/080500820010.001/swg.fits[1]
scw/0805/080500830010.001/swg.fits[1]
scw/0805/080500840010.001/swg.fits[1]
scw/0805/080500850010.001/swg.fits[1]
scw/0805/080500860010.001/swg.fits[1]
scw/0805/080500870010.001/swg.fits[1]
scw/0805/080500970010.001/swg.fits[1]
scw/0805/080500980010.001/swg.fits[1]
scw/0805/080500990010.001/swg.fits[1]
scw/0805/080501000010.001/swg.fits[1]
scw/0805/080501010010.001/swg.fits[1]
scw/0805/080501020010.001/swg.fits[1]
scw/0805/080501030010.001/swg.fits[1]
scw/0805/080501040010.001/swg.fits[1]
scw/0806/080600020010.001/swg.fits[1]
scw/0806/080600750010.001/swg.fits[1]
scw/0806/080600760010.001/swg.fits[1]
scw/0806/080600770010.001/swg.fits[1]
scw/0806/080600780010.001/swg.fits[1]
scw/0806/080600790010.001/swg.fits[1]
scw/0806/080600800010.001/swg.fits[1]
scw/0806/080600810010.001/swg.fits[1]
scw/0806/080600820010.001/swg.fits[1]
scw/0806/080600830010.001/swg.fits[1]
scw/0811/081100590010.001/swg.fits[1]
scw/0811/081100600010.001/swg.fits[1]
scw/0811/081100610010.001/swg.fits[1]
scw/0812/081200370010.001/swg.fits[1]
scw/0812/081200380010.001/swg.fits[1]
scw/0812/081200390010.001/swg.fits[1]
scw/0812/081200400010.001/swg.fits[1]
scw/0812/081200480010.001/swg.fits[1]
scw/0812/081200490010.001/swg.fits[1]
scw/0812/081200500010.001/swg.fits[1]
scw/0812/081200570010.001/swg.fits[1]
scw/0812/081200580010.001/swg.fits[1]
scw/0812/081200590010.001/swg.fits[1]
scw/0812/081200600010.001/swg.fits[1]
scw/0824/082400200010.001/swg.fits[1]
scw/0824/082400210010.001/swg.fits[1]
scw/0824/082400220010.001/swg.fits[1]
scw/0824/082400230010.001/swg.fits[1]
scw/0824/082400240010.001/swg.fits[1]
scw/0824/082400280010.001/swg.fits[1]
scw/0824/082400290010.001/swg.fits[1]
scw/0824/082400300010.001/swg.fits[1]
scw/0824/082400310010.001/swg.fits[1]
scw/0824/082400320010.001/swg.fits[1]
scw/0824/082400330010.001/swg.fits[1]
scw/0824/082400340010.001/swg.fits[1]
scw/0824/082400350010.001/swg.fits[1]
scw/0824/082400390010.001/swg.fits[1]
scw/0824/082400400010.001/swg.fits[1]
scw/0824/082400410010.001/swg.fits[1]
scw/0824/082400420010.001/swg.fits[1]
scw/0825/082500110010.001/swg.fits[1]
scw/0825/082500120010.001/swg.fits[1]
scw/0825/082500130010.001/swg.fits[1]
scw/0825/082500140010.001/swg.fits[1]
scw/0825/082500150010.001/swg.fits[1]
scw/0825/082500190010.001/swg.fits[1]
scw/0825/082500200010.001/swg.fits[1]
scw/0825/082500210010.001/swg.fits[1]
scw/0825/082500220010.001/swg.fits[1]
scw/0825/082500230010.001/swg.fits[1]
scw/0825/082500240010.001/swg.fits[1]
scw/0825/082500250010.001/swg.fits[1]
scw/0825/082500260010.001/swg.fits[1]
scw/0825/082500300010.001/swg.fits[1]
scw/0825/082500310010.001/swg.fits[1]
scw/0825/082500320010.001/swg.fits[1]
scw/0825/082500330010.001/swg.fits[1]
scw/0825/082500340010.001/swg.fits[1]
scw/0825/082500620010.001/swg.fits[1]
scw/0825/082500630010.001/swg.fits[1]
scw/0826/082600020010.001/swg.fits[1]
scw/0826/082600030010.001/swg.fits[1]
scw/0826/082600070010.001/swg.fits[1]
scw/0826/082600080010.001/swg.fits[1]
scw/0826/082600090010.001/swg.fits[1]
scw/0826/082600100010.001/swg.fits[1]
scw/0826/082600110010.001/swg.fits[1]
scw/0826/082600120010.001/swg.fits[1]
scw/0826/082600130010.001/swg.fits[1]
scw/0826/082600140010.001/swg.fits[1]
scw/0826/082600180010.001/swg.fits[1]
scw/0826/082600190010.001/swg.fits[1]
scw/0826/082600200010.001/swg.fits[1]
scw/0826/082600490010.001/swg.fits[1]
scw/0826/082600500010.001/swg.fits[1]
scw/0826/082600510010.001/swg.fits[1]
scw/0826/082600520010.001/swg.fits[1]
scw/0826/082600530010.001/swg.fits[1]
scw/0826/082600570010.001/swg.fits[1]
scw/0826/082600580010.001/swg.fits[1]
scw/0826/082600590010.001/swg.fits[1]
scw/0826/082600600010.001/swg.fits[1]
scw/0826/082600610010.001/swg.fits[1]
scw/0827/082700070010.001/swg.fits[1]
scw/0827/082700080010.001/swg.fits[1]
scw/0827/082700390010.001/swg.fits[1]
scw/0827/082700400010.001/swg.fits[1]
scw/0827/082700410010.001/swg.fits[1]
scw/0827/082700450010.001/swg.fits[1]
scw/0827/082700460010.001/swg.fits[1]
scw/0827/082700470010.001/swg.fits[1]
scw/0827/082700480010.001/swg.fits[1]
scw/0827/082700490010.001/swg.fits[1]
scw/0827/082700500010.001/swg.fits[1]
scw/0827/082700510010.001/swg.fits[1]
scw/0827/082700520010.001/swg.fits[1]
scw/0827/082700570010.001/swg.fits[1]
scw/0827/082700580010.001/swg.fits[1]
scw/0828/082800280010.001/swg.fits[1]
scw/0828/082800290010.001/swg.fits[1]
scw/0828/082800300010.001/swg.fits[1]
scw/0828/082800330010.001/swg.fits[1]
scw/0828/082800340010.001/swg.fits[1]
scw/0828/082800360010.001/swg.fits[1]
scw/0828/082800370010.001/swg.fits[1]
scw/0828/082800380010.001/swg.fits[1]
scw/0828/082800390010.001/swg.fits[1]
scw/0828/082800400010.001/swg.fits[1]
scw/0828/082800410010.001/swg.fits[1]
scw/0828/082800450010.001/swg.fits[1]
scw/0828/082800460010.001/swg.fits[1]
scw/0828/082800470010.001/swg.fits[1]
scw/0829/082900330010.001/swg.fits[1]
scw/0829/082900340010.001/swg.fits[1]
scw/0829/082900390010.001/swg.fits[1]
scw/0829/082900400010.001/swg.fits[1]
scw/0829/082900410010.001/swg.fits[1]
scw/0829/082900420010.001/swg.fits[1]
scw/0829/082900510010.001/swg.fits[1]
scw/0829/082900520010.001/swg.fits[1]
scw/0829/082900530010.001/swg.fits[1]
scw/0829/082900540010.001/swg.fits[1]
scw/0875/087500640010.001/swg.fits[1]
scw/0875/087500650010.001/swg.fits[1]
scw/0875/087500660010.001/swg.fits[1]
scw/0875/087500670010.001/swg.fits[1]
scw/0875/087500680010.001/swg.fits[1]
scw/0875/087500690010.001/swg.fits[1]
scw/0875/087500700010.001/swg.fits[1]
scw/0875/087500710010.001/swg.fits[1]
scw/0877/087700700010.001/swg.fits[1]
scw/0877/087700710010.001/swg.fits[1]
scw/0877/087700720010.001/swg.fits[1]
scw/0877/087700730010.001/swg.fits[1]
scw/0877/087700740010.001/swg.fits[1]
scw/0877/087700750010.001/swg.fits[1]
scw/0877/087700760010.001/swg.fits[1]
scw/0877/087700770010.001/swg.fits[1]
scw/0877/087700780010.001/swg.fits[1]
scw/0877/087700890010.001/swg.fits[1]
scw/0877/087700900010.001/swg.fits[1]
scw/0877/087700910010.001/swg.fits[1]
scw/0877/087700920010.001/swg.fits[1]
scw/0961/096100090010.001/swg.fits[1]
scw/0961/096101010010.001/swg.fits[1]
scw/0962/096200100010.001/swg.fits[1]
scw/0963/096301010010.001/swg.fits[1]
scw/0964/096400090010.001/swg.fits[1]
scw/0965/096500690010.001/swg.fits[1]
scw/0983/098300020010.001/swg.fits[1]
scw/0983/098300030010.001/swg.fits[1]
scw/0983/098300040010.001/swg.fits[1]
scw/0983/098300050010.001/swg.fits[1]
scw/0983/098300060010.001/swg.fits[1]
scw/0983/098300260010.001/swg.fits[1]
scw/0983/098300710010.001/swg.fits[1]
scw/0983/098300720010.001/swg.fits[1]
scw/0983/098300740010.001/swg.fits[1]
scw/0983/098300900010.001/swg.fits[1]
scw/0983/098300920010.001/swg.fits[1]
scw/0983/098300930010.001/swg.fits[1]
scw/0985/098500100010.001/swg.fits[1]
scw/0985/098500110010.001/swg.fits[1]
scw/0985/098500120010.001/swg.fits[1]
scw/0985/098500140010.001/swg.fits[1]
scw/0985/098500150010.001/swg.fits[1]
scw/0985/098500160010.001/swg.fits[1]
scw/0985/098500170010.001/swg.fits[1]
scw/0985/098500180010.001/swg.fits[1]
scw/0985/098500310010.001/swg.fits[1]
scw/0985/098500320010.001/swg.fits[1]
scw/0985/098500330010.001/swg.fits[1]
scw/0985/098500340010.001/swg.fits[1]
scw/0985/098500350010.001/swg.fits[1]
scw/0985/098500360010.001/swg.fits[1]
scw/0985/098500370010.001/swg.fits[1]
scw/0986/098600830010.001/swg.fits[1]
scw/0986/098600840010.001/swg.fits[1]
scw/0986/098600860010.001/swg.fits[1]
scw/0986/098600870010.001/swg.fits[1]
scw/0986/098600880010.001/swg.fits[1]
scw/0986/098600890010.001/swg.fits[1]
scw/0986/098600900010.001/swg.fits[1]
scw/0986/098600920010.001/swg.fits[1]
scw/0986/098600920020.001/swg.fits[1]
scw/0987/098700020010.001/swg.fits[1]
scw/0987/098700170010.001/swg.fits[1]
scw/0987/098700180010.001/swg.fits[1]
scw/0987/098700200010.001/swg.fits[1]
scw/0987/098700210010.001/swg.fits[1]
scw/0987/098700230010.001/swg.fits[1]
scw/0987/098700240010.001/swg.fits[1]
scw/0987/098700260010.001/swg.fits[1]
scw/0987/098700270010.001/swg.fits[1]
scw/0989/098900840010.001/swg.fits[1]
scw/0989/098900850010.001/swg.fits[1]
scw/0989/098900870010.001/swg.fits[1]
scw/0989/098900880010.001/swg.fits[1]
scw/0989/098900890010.001/swg.fits[1]
scw/0989/098900900010.001/swg.fits[1]
scw/0989/098900920010.001/swg.fits[1]
scw/0989/098900930010.001/swg.fits[1]
scw/0989/098900940010.001/swg.fits[1]
scw/0992/099200100010.001/swg.fits[1]
scw/0992/099200120010.001/swg.fits[1]
scw/0992/099200130010.001/swg.fits[1]
scw/0992/099200140010.001/swg.fits[1]
scw/0992/099200150010.001/swg.fits[1]
scw/0992/099200170010.001/swg.fits[1]
scw/0992/099200180010.001/swg.fits[1]
