scw/0027/002700070010.001/swg.fits[1]
scw/0027/002700140010.001/swg.fits[1]
scw/0027/002700160010.001/swg.fits[1]
scw/0027/002700210010.001/swg.fits[1]
scw/0027/002700230010.001/swg.fits[1]
scw/0027/002700280010.001/swg.fits[1]
scw/0027/002700300010.001/swg.fits[1]
scw/0027/002700350010.001/swg.fits[1]
scw/0027/002700370010.001/swg.fits[1]
scw/0027/002700420010.001/swg.fits[1]
scw/0027/002700440010.001/swg.fits[1]
scw/0027/002700490010.001/swg.fits[1]
scw/0027/002700510010.001/swg.fits[1]
scw/0027/002700560010.001/swg.fits[1]
scw/0027/002700580010.001/swg.fits[1]
scw/0027/002700630010.001/swg.fits[1]
scw/0027/002700650010.001/swg.fits[1]
scw/0027/002700700010.001/swg.fits[1]
scw/0027/002700720010.001/swg.fits[1]
scw/0027/002700770010.001/swg.fits[1]
scw/0027/002700790010.001/swg.fits[1]
scw/0027/002700840010.001/swg.fits[1]
scw/0027/002700860010.001/swg.fits[1]
scw/0027/002700910010.001/swg.fits[1]
scw/0027/002700930010.001/swg.fits[1]
scw/0028/002800010010.001/swg.fits[1]
scw/0028/002800020010.001/swg.fits[1]
scw/0028/002800650010.001/swg.fits[1]
scw/0028/002800700010.001/swg.fits[1]
scw/0028/002800720010.001/swg.fits[1]
scw/0028/002800770010.001/swg.fits[1]
scw/0028/002800790010.001/swg.fits[1]
scw/0028/002800840010.001/swg.fits[1]
scw/0028/002800860010.001/swg.fits[1]
scw/0029/002900030010.001/swg.fits[1]
scw/0029/002900050010.001/swg.fits[1]
scw/0029/002900100010.001/swg.fits[1]
scw/0029/002900120010.001/swg.fits[1]
scw/0029/002900170010.001/swg.fits[1]
scw/0029/002900190010.001/swg.fits[1]
scw/0029/002900260010.001/swg.fits[1]
scw/0029/002900310010.001/swg.fits[1]
scw/0029/002900330010.001/swg.fits[1]
scw/0029/002900380010.001/swg.fits[1]
scw/0029/002900400010.001/swg.fits[1]
scw/0029/002900450010.001/swg.fits[1]
scw/0029/002900470010.001/swg.fits[1]
scw/0029/002900520010.001/swg.fits[1]
scw/0029/002900540010.001/swg.fits[1]
scw/0029/002900590010.001/swg.fits[1]
scw/0029/002900610010.001/swg.fits[1]
scw/0029/002900660010.001/swg.fits[1]
scw/0029/002900680010.001/swg.fits[1]
scw/0029/002900730010.001/swg.fits[1]
scw/0029/002900750010.001/swg.fits[1]
scw/0029/002900800010.001/swg.fits[1]
scw/0029/002900820010.001/swg.fits[1]
scw/0029/002900870010.001/swg.fits[1]
scw/0029/002900890010.001/swg.fits[1]
scw/0033/003300040010.001/swg.fits[1]
scw/0033/003300050010.001/swg.fits[1]
scw/0033/003300070010.001/swg.fits[1]
scw/0033/003300110010.001/swg.fits[1]
scw/0033/003300120010.001/swg.fits[1]
scw/0033/003300140010.001/swg.fits[1]
scw/0033/003300180010.001/swg.fits[1]
scw/0033/003300190010.001/swg.fits[1]
scw/0033/003300210010.001/swg.fits[1]
scw/0033/003300250010.001/swg.fits[1]
scw/0033/003300260010.001/swg.fits[1]
scw/0033/003300280010.001/swg.fits[1]
scw/0033/003300320010.001/swg.fits[1]
scw/0033/003300330010.001/swg.fits[1]
scw/0033/003300350010.001/swg.fits[1]
scw/0033/003300390010.001/swg.fits[1]
scw/0033/003300400010.001/swg.fits[1]
scw/0033/003300420010.001/swg.fits[1]
scw/0033/003300460010.001/swg.fits[1]
scw/0033/003300470010.001/swg.fits[1]
scw/0033/003300490010.001/swg.fits[1]
scw/0033/003300530010.001/swg.fits[1]
scw/0033/003300540010.001/swg.fits[1]
scw/0033/003300560010.001/swg.fits[1]
scw/0033/003300600010.001/swg.fits[1]
scw/0033/003300610010.001/swg.fits[1]
scw/0033/003300630010.001/swg.fits[1]
scw/0033/003300670010.001/swg.fits[1]
scw/0033/003300680010.001/swg.fits[1]
scw/0033/003300700010.001/swg.fits[1]
scw/0033/003300740010.001/swg.fits[1]
scw/0033/003300750010.001/swg.fits[1]
scw/0033/003300770010.001/swg.fits[1]
scw/0033/003300810010.001/swg.fits[1]
scw/0033/003300820010.001/swg.fits[1]
scw/0033/003300840010.001/swg.fits[1]
scw/0033/003300880010.001/swg.fits[1]
scw/0033/003300890010.001/swg.fits[1]
scw/0033/003300910010.001/swg.fits[1]
scw/0033/003300950010.001/swg.fits[1]
scw/0034/003400010010.001/swg.fits[1]
scw/0034/003400030010.001/swg.fits[1]
scw/0034/003400070010.001/swg.fits[1]
scw/0034/003400080010.001/swg.fits[1]
scw/0034/003400100010.001/swg.fits[1]
scw/0034/003400140010.001/swg.fits[1]
scw/0034/003400150010.001/swg.fits[1]
scw/0034/003400170010.001/swg.fits[1]
scw/0034/003400210010.001/swg.fits[1]
scw/0034/003400220010.001/swg.fits[1]
scw/0034/003400240010.001/swg.fits[1]
scw/0034/003400280010.001/swg.fits[1]
scw/0034/003400290010.001/swg.fits[1]
scw/0034/003400310010.001/swg.fits[1]
scw/0034/003400350010.001/swg.fits[1]
scw/0034/003400360010.001/swg.fits[1]
scw/0034/003400380010.001/swg.fits[1]
scw/0034/003400420010.001/swg.fits[1]
scw/0034/003400430010.001/swg.fits[1]
scw/0034/003400450010.001/swg.fits[1]
scw/0034/003400490010.001/swg.fits[1]
scw/0034/003400500010.001/swg.fits[1]
scw/0034/003400520010.001/swg.fits[1]
scw/0034/003400590010.001/swg.fits[1]
scw/0034/003400630010.001/swg.fits[1]
scw/0034/003400640010.001/swg.fits[1]
scw/0034/003400660010.001/swg.fits[1]
scw/0034/003400700010.001/swg.fits[1]
scw/0034/003400710010.001/swg.fits[1]
scw/0034/003400730010.001/swg.fits[1]
scw/0034/003400770010.001/swg.fits[1]
scw/0034/003400780010.001/swg.fits[1]
scw/0034/003400800010.001/swg.fits[1]
scw/0034/003400840010.001/swg.fits[1]
scw/0034/003400850010.001/swg.fits[1]
scw/0034/003400870010.001/swg.fits[1]
scw/0034/003400910010.001/swg.fits[1]
scw/0034/003400920010.001/swg.fits[1]
scw/0035/003500010010.001/swg.fits[1]
scw/0035/003500050010.001/swg.fits[1]
scw/0035/003500060010.001/swg.fits[1]
scw/0035/003500080010.001/swg.fits[1]
scw/0035/003500120010.001/swg.fits[1]
scw/0035/003500130010.001/swg.fits[1]
scw/0035/003500150010.001/swg.fits[1]
scw/0035/003500190010.001/swg.fits[1]
scw/0035/003500200010.001/swg.fits[1]
scw/0035/003500220010.001/swg.fits[1]
scw/0035/003500260010.001/swg.fits[1]
scw/0035/003500270010.001/swg.fits[1]
scw/0035/003500290010.001/swg.fits[1]
scw/0035/003500330010.001/swg.fits[1]
scw/0035/003500340010.001/swg.fits[1]
scw/0035/003500360010.001/swg.fits[1]
scw/0035/003500400010.001/swg.fits[1]
scw/0035/003500430010.001/swg.fits[1]
scw/0035/003500470010.001/swg.fits[1]
scw/0035/003500480010.001/swg.fits[1]
scw/0035/003500500010.001/swg.fits[1]
scw/0035/003500610010.001/swg.fits[1]
scw/0035/003500620010.001/swg.fits[1]
scw/0035/003500680010.001/swg.fits[1]
scw/0035/003500690010.001/swg.fits[1]
scw/0035/003500750010.001/swg.fits[1]
scw/0035/003500760010.001/swg.fits[1]
scw/0035/003500820010.001/swg.fits[1]
scw/0035/003500830010.001/swg.fits[1]
scw/0035/003500890010.001/swg.fits[1]
scw/0035/003500900010.001/swg.fits[1]
scw/0150/015000430010.001/swg.fits[1]
scw/0150/015000440010.001/swg.fits[1]
scw/0150/015000450010.001/swg.fits[1]
scw/0150/015000500010.001/swg.fits[1]
scw/0150/015000510010.001/swg.fits[1]
scw/0150/015000520010.001/swg.fits[1]
scw/0150/015000530010.001/swg.fits[1]
scw/0150/015000540010.001/swg.fits[1]
scw/0150/015000620010.001/swg.fits[1]
scw/0150/015000710010.001/swg.fits[1]
scw/0150/015000760010.001/swg.fits[1]
scw/0151/015100030010.001/swg.fits[1]
scw/0151/015100040010.001/swg.fits[1]
scw/0151/015100050010.001/swg.fits[1]
scw/0151/015100060010.001/swg.fits[1]
scw/0151/015100070010.001/swg.fits[1]
scw/0151/015100120010.001/swg.fits[1]
scw/0151/015100130010.001/swg.fits[1]
scw/0151/015100140010.001/swg.fits[1]
scw/0151/015100150010.001/swg.fits[1]
scw/0151/015100160010.001/swg.fits[1]
scw/0151/015100210010.001/swg.fits[1]
scw/0151/015100220010.001/swg.fits[1]
scw/0151/015100230010.001/swg.fits[1]
scw/0151/015100240010.001/swg.fits[1]
scw/0151/015100250010.001/swg.fits[1]
scw/0151/015100330010.001/swg.fits[1]
scw/0151/015100430010.001/swg.fits[1]
scw/0151/015100510010.001/swg.fits[1]
scw/0151/015100520010.001/swg.fits[1]
scw/0151/015100530010.001/swg.fits[1]
scw/0151/015100540010.001/swg.fits[1]
scw/0151/015100550010.001/swg.fits[1]
scw/0151/015100600010.001/swg.fits[1]
scw/0151/015100610010.001/swg.fits[1]
scw/0151/015100620010.001/swg.fits[1]
scw/0151/015100630010.001/swg.fits[1]
scw/0151/015100640010.001/swg.fits[1]
scw/0151/015100690010.001/swg.fits[1]
scw/0151/015100700010.001/swg.fits[1]
scw/0151/015100710010.001/swg.fits[1]
scw/0151/015100720010.001/swg.fits[1]
scw/0151/015100730010.001/swg.fits[1]
scw/0151/015100810010.001/swg.fits[1]
scw/0151/015100910010.001/swg.fits[1]
scw/0152/015200050010.001/swg.fits[1]
scw/0152/015200060010.001/swg.fits[1]
scw/0152/015200070010.001/swg.fits[1]
scw/0152/015200080010.001/swg.fits[1]
scw/0152/015200090010.001/swg.fits[1]
scw/0152/015200140010.001/swg.fits[1]
scw/0152/015200150010.001/swg.fits[1]
scw/0152/015200160010.001/swg.fits[1]
scw/0152/015200170010.001/swg.fits[1]
scw/0152/015200180010.001/swg.fits[1]
scw/0152/015200230010.001/swg.fits[1]
scw/0152/015200240010.001/swg.fits[1]
scw/0152/015200250010.001/swg.fits[1]
scw/0152/015200260010.001/swg.fits[1]
scw/0152/015200270010.001/swg.fits[1]
scw/0152/015200350010.001/swg.fits[1]
scw/0152/015200440010.001/swg.fits[1]
scw/0152/015200480010.001/swg.fits[1]
scw/0152/015200490010.001/swg.fits[1]
scw/0152/015200500010.001/swg.fits[1]
scw/0152/015200540010.001/swg.fits[1]
scw/0152/015200600010.001/swg.fits[1]
