scw/2104/210400340010.001/swg.fits[1]
scw/2104/210400350010.001/swg.fits[1]
scw/2104/210400360010.001/swg.fits[1]
scw/2104/210400370010.001/swg.fits[1]
scw/2104/210400440010.001/swg.fits[1]
scw/2104/210400450010.001/swg.fits[1]
scw/2104/210400460010.001/swg.fits[1]
scw/2104/210400470010.001/swg.fits[1]
scw/2106/210600060010.001/swg.fits[1]
scw/2106/210600140010.001/swg.fits[1]
scw/2106/210600150010.001/swg.fits[1]
scw/2106/210600160010.001/swg.fits[1]
scw/2106/210600170010.001/swg.fits[1]
scw/2106/210600240010.001/swg.fits[1]
scw/2106/210600250010.001/swg.fits[1]
scw/2106/210600260010.001/swg.fits[1]
scw/2106/210600270010.001/swg.fits[1]
scw/2106/210600340010.001/swg.fits[1]
scw/2106/210600350010.001/swg.fits[1]
scw/2106/210600360010.001/swg.fits[1]
scw/2106/210600370010.001/swg.fits[1]
scw/2106/210600440010.001/swg.fits[1]
scw/2106/210600450010.001/swg.fits[1]
scw/2106/210600460010.001/swg.fits[1]
scw/2106/210600470010.001/swg.fits[1]
scw/2107/210700070010.001/swg.fits[1]
scw/2107/210700080010.001/swg.fits[1]
scw/2107/210700090010.001/swg.fits[1]
scw/2107/210700100010.001/swg.fits[1]
scw/2107/210700170010.001/swg.fits[1]
scw/2107/210700180010.001/swg.fits[1]
scw/2107/210700190010.001/swg.fits[1]
scw/2107/210700200010.001/swg.fits[1]
scw/2107/210700360010.001/swg.fits[1]
scw/2107/210700370010.001/swg.fits[1]
scw/2107/210700380010.001/swg.fits[1]
scw/2107/210700390010.001/swg.fits[1]
scw/2107/210700460010.001/swg.fits[1]
scw/2107/210700470010.001/swg.fits[1]
scw/2107/210700480010.001/swg.fits[1]
scw/2107/210700490010.001/swg.fits[1]
scw/2108/210800070010.001/swg.fits[1]
scw/2108/210800080010.001/swg.fits[1]
scw/2108/210800090010.001/swg.fits[1]
scw/2108/210800100010.001/swg.fits[1]
scw/2108/210800170010.001/swg.fits[1]
scw/2108/210800180010.001/swg.fits[1]
scw/2108/210800190010.001/swg.fits[1]
scw/2108/210800200010.001/swg.fits[1]
scw/2108/210800270010.001/swg.fits[1]
scw/2108/210800280010.001/swg.fits[1]
scw/2108/210800290010.001/swg.fits[1]
scw/2108/210800300010.001/swg.fits[1]
scw/2108/210800370010.001/swg.fits[1]
scw/2108/210800380010.001/swg.fits[1]
scw/2108/210800390010.001/swg.fits[1]
scw/2108/210800400010.001/swg.fits[1]
scw/2108/210800470010.001/swg.fits[1]
scw/2108/210800480010.001/swg.fits[1]
scw/2108/210800490010.001/swg.fits[1]
scw/2108/210800500010.001/swg.fits[1]
scw/2109/210900610010.001/swg.fits[1]
scw/2109/210900620010.001/swg.fits[1]
scw/2109/210900630010.001/swg.fits[1]
scw/2109/210900640010.001/swg.fits[1]
scw/2109/210900710010.001/swg.fits[1]
scw/2109/210900720010.001/swg.fits[1]
scw/2109/210900730010.001/swg.fits[1]
scw/2110/211000110010.001/swg.fits[1]
scw/2110/211000120010.001/swg.fits[1]
scw/2110/211000190010.001/swg.fits[1]
scw/2110/211000200010.001/swg.fits[1]
scw/2110/211000210010.001/swg.fits[1]
scw/2110/211000220010.001/swg.fits[1]
scw/2110/211000290010.001/swg.fits[1]
scw/2110/211000300010.001/swg.fits[1]
scw/2110/211000310010.001/swg.fits[1]
scw/2110/211000320010.001/swg.fits[1]
scw/2110/211000390010.001/swg.fits[1]
scw/2110/211000400010.001/swg.fits[1]
scw/2110/211000410010.001/swg.fits[1]
scw/2110/211000420010.001/swg.fits[1]
scw/2110/211000500010.001/swg.fits[1]
scw/2110/211000510010.001/swg.fits[1]
scw/2110/211000510020.001/swg.fits[1]
scw/2111/211100140010.001/swg.fits[1]
scw/2111/211100150010.001/swg.fits[1]
scw/2111/211100160010.001/swg.fits[1]
scw/2111/211100230010.001/swg.fits[1]
scw/2111/211100240010.001/swg.fits[1]
scw/2111/211100250010.001/swg.fits[1]
scw/2111/211100260010.001/swg.fits[1]
scw/2111/211100330010.001/swg.fits[1]
scw/2111/211100340010.001/swg.fits[1]
scw/2111/211100350010.001/swg.fits[1]
scw/2111/211100360010.001/swg.fits[1]
scw/2111/211100430010.001/swg.fits[1]
scw/2111/211100440010.001/swg.fits[1]
scw/2111/211100450010.001/swg.fits[1]
scw/2111/211100460010.001/swg.fits[1]
scw/2112/211200070010.001/swg.fits[1]
scw/2112/211200080010.001/swg.fits[1]
scw/2112/211200170010.001/swg.fits[1]
scw/2112/211200180010.001/swg.fits[1]
scw/2112/211200250010.001/swg.fits[1]
scw/2112/211200260010.001/swg.fits[1]
scw/2112/211200270010.001/swg.fits[1]
scw/2112/211200280010.001/swg.fits[1]
scw/2112/211200280020.001/swg.fits[1]
scw/2112/211200290010.001/swg.fits[1]
scw/2112/211200300010.001/swg.fits[1]
scw/2112/211200350010.001/swg.fits[1]
scw/2112/211200360010.001/swg.fits[1]
scw/2112/211200370010.001/swg.fits[1]
scw/2112/211200380010.001/swg.fits[1]
scw/2112/211200390010.001/swg.fits[1]
scw/2112/211200460010.001/swg.fits[1]
scw/2112/211200470010.001/swg.fits[1]
scw/2112/211200480010.001/swg.fits[1]
scw/2112/211200490010.001/swg.fits[1]
scw/2113/211300090010.001/swg.fits[1]
scw/2113/211300100010.001/swg.fits[1]
scw/2113/211300320010.001/swg.fits[1]
scw/2113/211300330010.001/swg.fits[1]
scw/2113/211300340010.001/swg.fits[1]
scw/2113/211300410010.001/swg.fits[1]
scw/2113/211300420010.001/swg.fits[1]
scw/2113/211300430010.001/swg.fits[1]
scw/2113/211300440010.001/swg.fits[1]
scw/2113/211300450010.001/swg.fits[1]
scw/2113/211300500010.001/swg.fits[1]
scw/2113/211300510010.001/swg.fits[1]
scw/2113/211300520010.001/swg.fits[1]
scw/2113/211300530010.001/swg.fits[1]
scw/2113/211300540010.001/swg.fits[1]
scw/2113/211300550010.001/swg.fits[1]
scw/2114/211400380010.001/swg.fits[1]
scw/2114/211400430010.001/swg.fits[1]
scw/2114/211400440010.001/swg.fits[1]
scw/2114/211400450010.001/swg.fits[1]
scw/2114/211400460010.001/swg.fits[1]
scw/2114/211400470010.001/swg.fits[1]
scw/2114/211400480010.001/swg.fits[1]
scw/2115/211500040010.001/swg.fits[1]
scw/2115/211500050010.001/swg.fits[1]
scw/2115/211500060010.001/swg.fits[1]
scw/2115/211500070010.001/swg.fits[1]
scw/2115/211500080010.001/swg.fits[1]
scw/2115/211500150010.001/swg.fits[1]
scw/2115/211500160010.001/swg.fits[1]
scw/2115/211500170010.001/swg.fits[1]
scw/2115/211500270010.001/swg.fits[1]
scw/2115/211500350010.001/swg.fits[1]
scw/2115/211500360010.001/swg.fits[1]
scw/2115/211500370010.001/swg.fits[1]
scw/2115/211500380010.001/swg.fits[1]
scw/2115/211500390010.001/swg.fits[1]
scw/2115/211500440010.001/swg.fits[1]
scw/2115/211500450010.001/swg.fits[1]
scw/2115/211500460010.001/swg.fits[1]
scw/2115/211500470010.001/swg.fits[1]
scw/2115/211500480010.001/swg.fits[1]
scw/2115/211500490010.001/swg.fits[1]
scw/2117/211700040010.001/swg.fits[1]
scw/2119/211900040010.001/swg.fits[1]
scw/2119/211900050010.001/swg.fits[1]
scw/2119/211900060010.001/swg.fits[1]
scw/2119/211900070010.001/swg.fits[1]
scw/2119/211900080010.001/swg.fits[1]
scw/2119/211900140010.001/swg.fits[1]
scw/2119/211900150010.001/swg.fits[1]
scw/2119/211900260010.001/swg.fits[1]
scw/2119/211900270010.001/swg.fits[1]
scw/2167/216700160010.001/swg.fits[1]
scw/2167/216700170010.001/swg.fits[1]
scw/2167/216700180010.001/swg.fits[1]
scw/2167/216700200010.001/swg.fits[1]
scw/2167/216700250010.001/swg.fits[1]
scw/2167/216700260010.001/swg.fits[1]
scw/2167/216700270010.001/swg.fits[1]
scw/2167/216700280010.001/swg.fits[1]
scw/2167/216700290010.001/swg.fits[1]
scw/2167/216700300010.001/swg.fits[1]
scw/2167/216700360010.001/swg.fits[1]
scw/2167/216700370010.001/swg.fits[1]
scw/2167/216700380010.001/swg.fits[1]
scw/2167/216700460010.001/swg.fits[1]
scw/2167/216700470010.001/swg.fits[1]
scw/2167/216700480010.001/swg.fits[1]
scw/2167/216700490010.001/swg.fits[1]
scw/2168/216800520010.001/swg.fits[1]
scw/2169/216900030010.001/swg.fits[1]
scw/2169/216900040010.001/swg.fits[1]
scw/2169/216900120010.001/swg.fits[1]
scw/2169/216900130010.001/swg.fits[1]
scw/2169/216900140010.001/swg.fits[1]
scw/2169/216900150010.001/swg.fits[1]
scw/2169/216900220010.001/swg.fits[1]
scw/2169/216900390010.001/swg.fits[1]
scw/2169/216900400010.001/swg.fits[1]
scw/2169/216900410010.001/swg.fits[1]
scw/2169/216900480010.001/swg.fits[1]
scw/2169/216900490010.001/swg.fits[1]
scw/2169/216900500010.001/swg.fits[1]
scw/2169/216900510010.001/swg.fits[1]
scw/2170/217000050010.001/swg.fits[1]
scw/2170/217000060010.001/swg.fits[1]
scw/2170/217000070010.001/swg.fits[1]
scw/2170/217000080010.001/swg.fits[1]
scw/2170/217000160010.001/swg.fits[1]
scw/2170/217000170010.001/swg.fits[1]
scw/2170/217000360010.001/swg.fits[1]
scw/2170/217000370010.001/swg.fits[1]
scw/2170/217000450010.001/swg.fits[1]
scw/2171/217100020010.001/swg.fits[1]
scw/2171/217100030010.001/swg.fits[1]
scw/2171/217100100010.001/swg.fits[1]
scw/2171/217100110010.001/swg.fits[1]
scw/2171/217100120010.001/swg.fits[1]
scw/2171/217100210010.001/swg.fits[1]
scw/2171/217100320010.001/swg.fits[1]
scw/2171/217100400010.001/swg.fits[1]
scw/2171/217100410010.001/swg.fits[1]
scw/2171/217100420010.001/swg.fits[1]
scw/2171/217100430010.001/swg.fits[1]
scw/2171/217100500010.001/swg.fits[1]
scw/2171/217100510010.001/swg.fits[1]
scw/2171/217100520010.001/swg.fits[1]
scw/2171/217100530010.001/swg.fits[1]
scw/2171/217100530020.001/swg.fits[1]
scw/2176/217600600010.001/swg.fits[1]
scw/2176/217600610010.001/swg.fits[1]
scw/2176/217600620010.001/swg.fits[1]
scw/2176/217600630010.001/swg.fits[1]
scw/2176/217600720010.001/swg.fits[1]
scw/2176/217600730010.001/swg.fits[1]
scw/2176/217600770010.001/swg.fits[1]
scw/2177/217700080010.001/swg.fits[1]
scw/2177/217700090010.001/swg.fits[1]
scw/2177/217700100010.001/swg.fits[1]
scw/2177/217700110010.001/swg.fits[1]
scw/2177/217700180010.001/swg.fits[1]
scw/2177/217700190010.001/swg.fits[1]
scw/2177/217700200010.001/swg.fits[1]
