scw/1176/117600610010.001/swg.fits[1]
scw/1176/117600620010.001/swg.fits[1]
scw/1176/117600630010.001/swg.fits[1]
scw/1177/117700200010.001/swg.fits[1]
scw/1177/117700270010.001/swg.fits[1]
scw/1177/117700280010.001/swg.fits[1]
scw/1177/117700290010.001/swg.fits[1]
scw/1177/117700300010.001/swg.fits[1]
scw/1177/117700310010.001/swg.fits[1]
scw/1177/117700320010.001/swg.fits[1]
scw/1177/117700330010.001/swg.fits[1]
scw/1177/117700350010.001/swg.fits[1]
scw/1177/117700360010.001/swg.fits[1]
scw/1177/117700370010.001/swg.fits[1]
scw/1177/117700380010.001/swg.fits[1]
scw/1177/117700390010.001/swg.fits[1]
scw/1177/117700400010.001/swg.fits[1]
scw/1177/117700410010.001/swg.fits[1]
scw/1177/117700420010.001/swg.fits[1]
scw/1177/117700430010.001/swg.fits[1]
scw/1184/118400210010.001/swg.fits[1]
scw/1184/118400220010.001/swg.fits[1]
scw/1184/118400230010.001/swg.fits[1]
scw/1184/118400240010.001/swg.fits[1]
scw/1184/118400250010.001/swg.fits[1]
scw/1184/118400320010.001/swg.fits[1]
scw/1184/118400330010.001/swg.fits[1]
scw/1184/118400440010.001/swg.fits[1]
scw/1184/118400440020.001/swg.fits[1]
scw/1184/118400520010.001/swg.fits[1]
scw/1184/118400530010.001/swg.fits[1]
scw/1184/118400540010.001/swg.fits[1]
scw/1184/118400550010.001/swg.fits[1]
scw/1184/118400560010.001/swg.fits[1]
scw/1185/118500050010.001/swg.fits[1]
scw/1185/118500060010.001/swg.fits[1]
scw/1185/118500070010.001/swg.fits[1]
scw/1185/118500080010.001/swg.fits[1]
scw/1185/118500090010.001/swg.fits[1]
scw/1185/118500100010.001/swg.fits[1]
scw/1185/118500150010.001/swg.fits[1]
scw/1185/118500160010.001/swg.fits[1]
scw/1185/118500170010.001/swg.fits[1]
scw/1185/118500190010.001/swg.fits[1]
scw/1185/118500270010.001/swg.fits[1]
scw/1185/118500380010.001/swg.fits[1]
scw/1185/118500460010.001/swg.fits[1]
scw/1185/118500470010.001/swg.fits[1]
scw/1185/118500480010.001/swg.fits[1]
scw/1185/118500490010.001/swg.fits[1]
scw/1185/118500500010.001/swg.fits[1]
scw/1185/118500550010.001/swg.fits[1]
scw/1185/118500560010.001/swg.fits[1]
scw/1185/118500570010.001/swg.fits[1]
scw/1185/118500580010.001/swg.fits[1]
scw/1185/118500590010.001/swg.fits[1]
scw/1185/118500600010.001/swg.fits[1]
scw/1185/118500610010.001/swg.fits[1]
scw/1186/118600050010.001/swg.fits[1]
scw/1186/118600060010.001/swg.fits[1]
scw/1186/118600070010.001/swg.fits[1]
scw/1186/118600080010.001/swg.fits[1]
scw/1186/118600090010.001/swg.fits[1]
scw/1186/118600100010.001/swg.fits[1]
scw/1186/118600160010.001/swg.fits[1]
scw/1186/118600170010.001/swg.fits[1]
scw/1186/118600180010.001/swg.fits[1]
scw/1186/118600280010.001/swg.fits[1]
scw/1186/118600360010.001/swg.fits[1]
scw/1186/118600370010.001/swg.fits[1]
scw/1186/118600450010.001/swg.fits[1]
scw/1186/118600460010.001/swg.fits[1]
scw/1186/118600470010.001/swg.fits[1]
scw/1186/118600480010.001/swg.fits[1]
scw/1186/118600490010.001/swg.fits[1]
scw/1186/118600500010.001/swg.fits[1]
scw/1186/118600510010.001/swg.fits[1]
scw/1187/118700080010.001/swg.fits[1]
scw/1187/118700090010.001/swg.fits[1]
scw/1187/118700150010.001/swg.fits[1]
scw/1187/118700160010.001/swg.fits[1]
scw/1187/118700170010.001/swg.fits[1]
scw/1187/118700270010.001/swg.fits[1]
scw/1187/118700280010.001/swg.fits[1]
scw/1187/118700350010.001/swg.fits[1]
scw/1187/118700360010.001/swg.fits[1]
scw/1187/118700370010.001/swg.fits[1]
scw/1187/118700380010.001/swg.fits[1]
scw/1187/118700380020.001/swg.fits[1]
scw/1187/118700390010.001/swg.fits[1]
scw/1187/118700440010.001/swg.fits[1]
scw/1187/118700450010.001/swg.fits[1]
scw/1187/118700460010.001/swg.fits[1]
scw/1187/118700470010.001/swg.fits[1]
scw/1187/118700480010.001/swg.fits[1]
scw/1187/118700490010.001/swg.fits[1]
scw/1188/118800330010.001/swg.fits[1]
scw/1188/118800340010.001/swg.fits[1]
scw/1188/118800350010.001/swg.fits[1]
scw/1188/118800360010.001/swg.fits[1]
scw/1188/118800440010.001/swg.fits[1]
scw/1188/118800550010.001/swg.fits[1]
scw/1188/118800560010.001/swg.fits[1]
scw/1188/118800630010.001/swg.fits[1]
scw/1188/118800640010.001/swg.fits[1]
scw/1189/118900280010.001/swg.fits[1]
scw/1189/118900290010.001/swg.fits[1]
scw/1189/118900300010.001/swg.fits[1]
scw/1189/118900350010.001/swg.fits[1]
scw/1189/118900360010.001/swg.fits[1]
scw/1189/118900370010.001/swg.fits[1]
scw/1189/118900380010.001/swg.fits[1]
scw/1189/118900390010.001/swg.fits[1]
scw/1189/118900400010.001/swg.fits[1]
scw/1189/118900450010.001/swg.fits[1]
scw/1189/118900460010.001/swg.fits[1]
scw/1189/118900470010.001/swg.fits[1]
scw/1189/118900480010.001/swg.fits[1]
scw/1189/118900490010.001/swg.fits[1]
scw/1189/118900500010.001/swg.fits[1]
scw/1189/118900560010.001/swg.fits[1]
scw/1189/118900570010.001/swg.fits[1]
scw/1189/118900580010.001/swg.fits[1]
scw/1189/118900680010.001/swg.fits[1]
scw/1190/119000290010.001/swg.fits[1]
scw/1190/119000300010.001/swg.fits[1]
scw/1190/119000310010.001/swg.fits[1]
scw/1190/119000320010.001/swg.fits[1]
scw/1190/119000390010.001/swg.fits[1]
scw/1190/119000400010.001/swg.fits[1]
scw/1190/119000410010.001/swg.fits[1]
scw/1190/119000420010.001/swg.fits[1]
scw/1190/119000430010.001/swg.fits[1]
scw/1190/119000480010.001/swg.fits[1]
scw/1190/119000490010.001/swg.fits[1]
scw/1190/119000500010.001/swg.fits[1]
scw/1190/119000510010.001/swg.fits[1]
scw/1190/119000520010.001/swg.fits[1]
scw/1190/119000530010.001/swg.fits[1]
scw/1190/119000590010.001/swg.fits[1]
scw/1190/119000600010.001/swg.fits[1]
scw/1190/119000610010.001/swg.fits[1]
scw/1190/119000620010.001/swg.fits[1]
scw/1190/119000700010.001/swg.fits[1]
scw/1192/119200310010.001/swg.fits[1]
scw/1192/119200320010.001/swg.fits[1]
scw/1192/119200390010.001/swg.fits[1]
scw/1192/119200400010.001/swg.fits[1]
scw/1192/119200410010.001/swg.fits[1]
scw/1192/119200420010.001/swg.fits[1]
scw/1192/119200480010.001/swg.fits[1]
scw/1192/119200490010.001/swg.fits[1]
scw/1192/119200500010.001/swg.fits[1]
scw/1192/119200510010.001/swg.fits[1]
scw/1192/119200520010.001/swg.fits[1]
scw/1192/119200530010.001/swg.fits[1]
scw/1192/119200580010.001/swg.fits[1]
scw/1192/119200590010.001/swg.fits[1]
scw/1192/119200600010.001/swg.fits[1]
scw/1192/119200610010.001/swg.fits[1]
scw/1192/119200620010.001/swg.fits[1]
scw/1193/119300840010.001/swg.fits[1]
scw/1193/119300850010.001/swg.fits[1]
scw/1193/119300860010.001/swg.fits[1]
scw/1193/119300870010.001/swg.fits[1]
scw/1194/119400840010.001/swg.fits[1]
scw/1194/119400850010.001/swg.fits[1]
scw/1194/119400930010.001/swg.fits[1]
scw/1194/119400940010.001/swg.fits[1]
scw/1194/119400940020.001/swg.fits[1]
scw/1195/119500450010.001/swg.fits[1]
scw/1195/119500460010.001/swg.fits[1]
scw/1195/119500530010.001/swg.fits[1]
scw/1195/119500540010.001/swg.fits[1]
scw/1195/119500550010.001/swg.fits[1]
scw/1195/119500560010.001/swg.fits[1]
scw/1195/119500630010.001/swg.fits[1]
scw/1195/119500640010.001/swg.fits[1]
scw/1195/119500650010.001/swg.fits[1]
scw/1195/119500660010.001/swg.fits[1]
scw/1195/119500730010.001/swg.fits[1]
scw/1195/119500740010.001/swg.fits[1]
scw/1195/119500750010.001/swg.fits[1]
scw/1195/119500760010.001/swg.fits[1]
scw/1196/119600790010.001/swg.fits[1]
scw/1196/119600800010.001/swg.fits[1]
scw/1196/119600810010.001/swg.fits[1]
scw/1196/119600880010.001/swg.fits[1]
scw/1196/119600890010.001/swg.fits[1]
scw/1197/119700040010.001/swg.fits[1]
scw/1197/119700050010.001/swg.fits[1]
scw/1197/119700120010.001/swg.fits[1]
scw/1197/119700130010.001/swg.fits[1]
scw/1197/119700140010.001/swg.fits[1]
scw/1197/119700150010.001/swg.fits[1]
scw/1197/119700220010.001/swg.fits[1]
scw/1197/119700230010.001/swg.fits[1]
scw/1197/119700240010.001/swg.fits[1]
scw/1197/119700250010.001/swg.fits[1]
scw/1197/119700320010.001/swg.fits[1]
scw/1197/119700330010.001/swg.fits[1]
scw/1197/119700340010.001/swg.fits[1]
scw/1197/119700350010.001/swg.fits[1]
scw/1197/119700420010.001/swg.fits[1]
scw/1197/119700430010.001/swg.fits[1]
scw/1197/119700440010.001/swg.fits[1]
scw/1197/119700450010.001/swg.fits[1]
scw/1198/119800020010.001/swg.fits[1]
scw/1198/119800030010.001/swg.fits[1]
scw/1198/119800040010.001/swg.fits[1]
scw/1198/119800050010.001/swg.fits[1]
scw/1199/119900030010.001/swg.fits[1]
scw/1199/119900040010.001/swg.fits[1]
scw/1199/119900050010.001/swg.fits[1]
scw/1199/119900100010.001/swg.fits[1]
scw/1245/124500290010.001/swg.fits[1]
scw/1245/124500370010.001/swg.fits[1]
scw/1245/124500380010.001/swg.fits[1]
scw/1245/124500390010.001/swg.fits[1]
scw/1245/124500400010.001/swg.fits[1]
scw/1245/124500410010.001/swg.fits[1]
scw/1245/124500460010.001/swg.fits[1]
scw/1245/124500470010.001/swg.fits[1]
scw/1245/124500480010.001/swg.fits[1]
scw/1245/124500490010.001/swg.fits[1]
scw/1245/124500500010.001/swg.fits[1]
scw/1245/124500510010.001/swg.fits[1]
scw/1245/124500560010.001/swg.fits[1]
scw/1245/124500570010.001/swg.fits[1]
scw/1246/124600020010.001/swg.fits[1]
scw/1246/124600030010.001/swg.fits[1]
scw/1246/124600040010.001/swg.fits[1]
scw/1246/124600110010.001/swg.fits[1]
scw/1246/124600120010.001/swg.fits[1]
scw/1246/124600130010.001/swg.fits[1]
