scw/0274/027400130010.001/swg.fits[1]
scw/0274/027400130020.001/swg.fits[1]
scw/0274/027400130030.001/swg.fits[1]
scw/0274/027400140010.001/swg.fits[1]
scw/0446/044600320010.001/swg.fits[1]
scw/0446/044600330010.001/swg.fits[1]
scw/0446/044600340010.001/swg.fits[1]
scw/0446/044600350010.001/swg.fits[1]
scw/0446/044600430010.001/swg.fits[1]
scw/0446/044600440010.001/swg.fits[1]
scw/0447/044700170010.001/swg.fits[1]
scw/0447/044700180010.001/swg.fits[1]
scw/0447/044700260010.001/swg.fits[1]
scw/0447/044700270010.001/swg.fits[1]
scw/0447/044700280010.001/swg.fits[1]
scw/0447/044700290010.001/swg.fits[1]
scw/0447/044700350010.001/swg.fits[1]
scw/0452/045200230010.001/swg.fits[1]
scw/0453/045300720010.001/swg.fits[1]
scw/0453/045300730010.001/swg.fits[1]
scw/0453/045300740010.001/swg.fits[1]
scw/0453/045300750010.001/swg.fits[1]
scw/0453/045300780010.001/swg.fits[1]
scw/0453/045300790010.001/swg.fits[1]
scw/0455/045500020010.001/swg.fits[1]
scw/0455/045500040010.001/swg.fits[1]
scw/0455/045500050010.001/swg.fits[1]
scw/0455/045500060010.001/swg.fits[1]
scw/0455/045500100010.001/swg.fits[1]
scw/0455/045500110010.001/swg.fits[1]
scw/0455/045500120010.001/swg.fits[1]
scw/0455/045500130010.001/swg.fits[1]
scw/0455/045500140010.001/swg.fits[1]
scw/0455/045500150010.001/swg.fits[1]
scw/0455/045500160010.001/swg.fits[1]
scw/0455/045500190010.001/swg.fits[1]
scw/0455/045500200010.001/swg.fits[1]
scw/0455/045500210010.001/swg.fits[1]
scw/0455/045500220010.001/swg.fits[1]
scw/0455/045500230010.001/swg.fits[1]
scw/0455/045500240010.001/swg.fits[1]
scw/0455/045500250010.001/swg.fits[1]
scw/0455/045500260010.001/swg.fits[1]
scw/0455/045500290010.001/swg.fits[1]
scw/0455/045500300010.001/swg.fits[1]
scw/0455/045500310010.001/swg.fits[1]
scw/0455/045500320010.001/swg.fits[1]
scw/0455/045500330010.001/swg.fits[1]
scw/0455/045500340010.001/swg.fits[1]
scw/0458/045800170010.001/swg.fits[1]
scw/0458/045800250010.001/swg.fits[1]
scw/0458/045800260010.001/swg.fits[1]
scw/0458/045800270010.001/swg.fits[1]
scw/0458/045800360010.001/swg.fits[1]
scw/0459/045900070010.001/swg.fits[1]
scw/0459/045900080010.001/swg.fits[1]
scw/0459/045900090010.001/swg.fits[1]
scw/0459/045900100010.001/swg.fits[1]
scw/0459/045900110010.001/swg.fits[1]
scw/0459/045900120010.001/swg.fits[1]
scw/0459/045900130010.001/swg.fits[1]
scw/0459/045900150010.001/swg.fits[1]
scw/0459/045900160010.001/swg.fits[1]
scw/0459/045900170010.001/swg.fits[1]
scw/0459/045900180010.001/swg.fits[1]
scw/0459/045900190010.001/swg.fits[1]
scw/0459/045900200010.001/swg.fits[1]
scw/0459/045900210010.001/swg.fits[1]
scw/0459/045900220010.001/swg.fits[1]
scw/0459/045900230010.001/swg.fits[1]
scw/0459/045900240010.001/swg.fits[1]
scw/0459/045900250010.001/swg.fits[1]
scw/0459/045900260010.001/swg.fits[1]
scw/0459/045900270010.001/swg.fits[1]
scw/0459/045900280010.001/swg.fits[1]
scw/0459/045900290010.001/swg.fits[1]
scw/0459/045900300010.001/swg.fits[1]
scw/0459/045900310010.001/swg.fits[1]
scw/0459/045900320010.001/swg.fits[1]
scw/0459/045900330010.001/swg.fits[1]
scw/0459/045900340010.001/swg.fits[1]
scw/0493/049300170010.001/swg.fits[1]
scw/0493/049300250010.001/swg.fits[1]
scw/0493/049300260010.001/swg.fits[1]
scw/0493/049300270010.001/swg.fits[1]
scw/0493/049300360010.001/swg.fits[1]
scw/0494/049400110010.001/swg.fits[1]
scw/0494/049400120010.001/swg.fits[1]
scw/0494/049400200010.001/swg.fits[1]
scw/0494/049400210010.001/swg.fits[1]
scw/0494/049400220010.001/swg.fits[1]
scw/0494/049400620010.001/swg.fits[1]
scw/0549/054900420010.001/swg.fits[1]
scw/0549/054900500010.001/swg.fits[1]
scw/0549/054900510010.001/swg.fits[1]
scw/0549/054900520010.001/swg.fits[1]
scw/0549/054900530010.001/swg.fits[1]
scw/0549/054900610010.001/swg.fits[1]
scw/0550/055000450010.001/swg.fits[1]
scw/0550/055000460010.001/swg.fits[1]
scw/0550/055000550010.001/swg.fits[1]
scw/0552/055200440010.001/swg.fits[1]
scw/0552/055200520010.001/swg.fits[1]
scw/0552/055200530010.001/swg.fits[1]
scw/0552/055200540010.001/swg.fits[1]
scw/0558/055800280010.001/swg.fits[1]
scw/0558/055800370010.001/swg.fits[1]
scw/0618/061800330010.001/swg.fits[1]
scw/0618/061800330020.001/swg.fits[1]
scw/0618/061800330030.001/swg.fits[1]
scw/0618/061800340010.001/swg.fits[1]
scw/1362/136200450010.001/swg.fits[1]
