scw/0947/094700260010.001/swg.fits[1]
scw/0947/094700270010.001/swg.fits[1]
scw/0947/094700280010.001/swg.fits[1]
scw/0947/094700290010.001/swg.fits[1]
scw/0947/094700300010.001/swg.fits[1]
scw/0947/094700310010.001/swg.fits[1]
scw/0947/094700320010.001/swg.fits[1]
scw/0947/094700330010.001/swg.fits[1]
scw/0947/094700340010.001/swg.fits[1]
scw/0947/094700350010.001/swg.fits[1]
scw/0947/094700360010.001/swg.fits[1]
scw/0947/094700370010.001/swg.fits[1]
scw/0947/094700380010.001/swg.fits[1]
scw/0947/094700390010.001/swg.fits[1]
scw/0947/094700400010.001/swg.fits[1]
scw/0947/094700410010.001/swg.fits[1]
scw/0947/094700420010.001/swg.fits[1]
scw/0947/094700430010.001/swg.fits[1]
scw/0947/094700440010.001/swg.fits[1]
scw/0947/094700450010.001/swg.fits[1]
scw/0947/094700460010.001/swg.fits[1]
scw/0947/094700470010.001/swg.fits[1]
scw/0947/094700480010.001/swg.fits[1]
scw/0947/094700490010.001/swg.fits[1]
scw/0947/094700500010.001/swg.fits[1]
scw/0947/094700510010.001/swg.fits[1]
scw/0947/094700520010.001/swg.fits[1]
scw/0947/094700530010.001/swg.fits[1]
scw/0947/094700540010.001/swg.fits[1]
scw/0947/094700550010.001/swg.fits[1]
scw/0947/094700560010.001/swg.fits[1]
scw/0947/094700570010.001/swg.fits[1]
scw/0947/094700580010.001/swg.fits[1]
scw/0947/094700590010.001/swg.fits[1]
scw/0947/094700600010.001/swg.fits[1]
scw/0947/094700610010.001/swg.fits[1]
scw/0947/094700620010.001/swg.fits[1]
scw/0947/094700630010.001/swg.fits[1]
scw/0947/094700640010.001/swg.fits[1]
scw/0947/094700650010.001/swg.fits[1]
scw/0947/094700660010.001/swg.fits[1]
scw/0947/094700670010.001/swg.fits[1]
scw/0947/094700680010.001/swg.fits[1]
scw/0947/094700690010.001/swg.fits[1]
scw/0947/094700700010.001/swg.fits[1]
scw/0947/094700710010.001/swg.fits[1]
scw/0947/094700720010.001/swg.fits[1]
scw/0947/094700730010.001/swg.fits[1]
scw/0947/094700740010.001/swg.fits[1]
scw/0947/094700750010.001/swg.fits[1]
scw/0947/094700760010.001/swg.fits[1]
scw/0947/094700780010.001/swg.fits[1]
scw/0947/094700790010.001/swg.fits[1]
scw/0947/094700800010.001/swg.fits[1]
scw/1062/106200060010.001/swg.fits[1]
scw/1062/106200070010.001/swg.fits[1]
scw/1062/106200080010.001/swg.fits[1]
scw/1062/106200090010.001/swg.fits[1]
scw/1062/106200100010.001/swg.fits[1]
scw/1062/106200110010.001/swg.fits[1]
scw/1062/106200120010.001/swg.fits[1]
scw/1062/106200130010.001/swg.fits[1]
scw/1062/106200140010.001/swg.fits[1]
scw/1062/106200150010.001/swg.fits[1]
scw/1062/106200160010.001/swg.fits[1]
scw/1062/106200170010.001/swg.fits[1]
scw/1062/106200180010.001/swg.fits[1]
scw/1062/106200190010.001/swg.fits[1]
scw/1062/106200200010.001/swg.fits[1]
scw/1062/106200210010.001/swg.fits[1]
scw/1062/106200220010.001/swg.fits[1]
scw/1062/106200230010.001/swg.fits[1]
scw/1062/106200240010.001/swg.fits[1]
scw/1062/106200250010.001/swg.fits[1]
scw/1062/106200260010.001/swg.fits[1]
scw/1062/106200270010.001/swg.fits[1]
scw/1062/106200280010.001/swg.fits[1]
scw/1062/106200290010.001/swg.fits[1]
scw/1062/106200300010.001/swg.fits[1]
scw/1062/106200310010.001/swg.fits[1]
scw/1062/106200320010.001/swg.fits[1]
scw/1062/106200330010.001/swg.fits[1]
scw/1062/106200340010.001/swg.fits[1]
scw/1062/106200350010.001/swg.fits[1]
scw/1062/106200360010.001/swg.fits[1]
scw/1062/106200370010.001/swg.fits[1]
scw/1062/106200380010.001/swg.fits[1]
scw/1062/106200390010.001/swg.fits[1]
scw/1062/106200400010.001/swg.fits[1]
scw/1062/106200410010.001/swg.fits[1]
scw/1062/106200420010.001/swg.fits[1]
scw/1062/106200430010.001/swg.fits[1]
scw/1062/106200440010.001/swg.fits[1]
scw/1062/106200450010.001/swg.fits[1]
scw/1062/106200460010.001/swg.fits[1]
scw/1062/106200470010.001/swg.fits[1]
scw/1062/106200480010.001/swg.fits[1]
scw/1062/106200490010.001/swg.fits[1]
scw/1062/106200500010.001/swg.fits[1]
scw/1062/106200510010.001/swg.fits[1]
scw/1062/106200520010.001/swg.fits[1]
scw/1062/106200530010.001/swg.fits[1]
scw/1062/106200540010.001/swg.fits[1]
scw/1062/106200550010.001/swg.fits[1]
scw/1062/106200560010.001/swg.fits[1]
scw/1062/106200570010.001/swg.fits[1]
scw/1062/106200580010.001/swg.fits[1]
scw/1062/106200590010.001/swg.fits[1]
scw/1062/106200600010.001/swg.fits[1]
scw/1062/106200610010.001/swg.fits[1]
scw/1062/106200620010.001/swg.fits[1]
scw/1062/106200630010.001/swg.fits[1]
scw/1062/106200640010.001/swg.fits[1]
scw/1062/106200650010.001/swg.fits[1]
scw/1062/106200660010.001/swg.fits[1]
scw/1062/106200670010.001/swg.fits[1]
scw/1062/106200680010.001/swg.fits[1]
scw/1062/106200690010.001/swg.fits[1]
scw/1062/106200700010.001/swg.fits[1]
scw/1062/106200710010.001/swg.fits[1]
scw/1062/106200740010.001/swg.fits[1]
scw/1062/106200750010.001/swg.fits[1]
scw/1062/106200760010.001/swg.fits[1]
scw/1064/106400020010.001/swg.fits[1]
scw/1064/106400030010.001/swg.fits[1]
scw/1064/106400040010.001/swg.fits[1]
scw/1064/106400050010.001/swg.fits[1]
scw/1064/106400060010.001/swg.fits[1]
scw/1064/106400070010.001/swg.fits[1]
scw/1064/106400080010.001/swg.fits[1]
scw/1064/106400100010.001/swg.fits[1]
scw/1064/106400110010.001/swg.fits[1]
scw/1064/106400120010.001/swg.fits[1]
scw/1064/106400130010.001/swg.fits[1]
scw/1064/106400140010.001/swg.fits[1]
scw/1064/106400150010.001/swg.fits[1]
scw/1064/106400160010.001/swg.fits[1]
scw/1064/106400170010.001/swg.fits[1]
scw/1064/106400180010.001/swg.fits[1]
scw/1064/106400190010.001/swg.fits[1]
scw/1064/106400200010.001/swg.fits[1]
scw/1064/106400210010.001/swg.fits[1]
scw/1064/106400220010.001/swg.fits[1]
scw/1064/106400230010.001/swg.fits[1]
scw/1064/106400240010.001/swg.fits[1]
scw/1064/106400250010.001/swg.fits[1]
scw/1064/106400260010.001/swg.fits[1]
scw/1064/106400270010.001/swg.fits[1]
scw/1064/106400280010.001/swg.fits[1]
scw/1064/106400290010.001/swg.fits[1]
scw/1064/106400300010.001/swg.fits[1]
scw/1064/106400310010.001/swg.fits[1]
scw/1064/106400320010.001/swg.fits[1]
scw/1064/106400330010.001/swg.fits[1]
scw/1064/106400340010.001/swg.fits[1]
scw/1064/106400350010.001/swg.fits[1]
scw/1064/106400360010.001/swg.fits[1]
scw/1064/106400370010.001/swg.fits[1]
scw/1064/106400380010.001/swg.fits[1]
scw/1064/106400390010.001/swg.fits[1]
scw/1064/106400400010.001/swg.fits[1]
scw/1064/106400410010.001/swg.fits[1]
scw/1064/106400420010.001/swg.fits[1]
scw/1064/106400430010.001/swg.fits[1]
scw/1064/106400440010.001/swg.fits[1]
scw/1064/106400450010.001/swg.fits[1]
scw/1064/106400460010.001/swg.fits[1]
scw/1064/106400470010.001/swg.fits[1]
scw/1064/106400480010.001/swg.fits[1]
scw/1064/106400490010.001/swg.fits[1]
scw/1064/106400500010.001/swg.fits[1]
scw/1064/106400510010.001/swg.fits[1]
scw/1064/106400520010.001/swg.fits[1]
scw/1064/106400530010.001/swg.fits[1]
scw/1064/106400540010.001/swg.fits[1]
scw/1064/106400550010.001/swg.fits[1]
scw/1064/106400560010.001/swg.fits[1]
scw/1064/106400570010.001/swg.fits[1]
scw/1064/106400580010.001/swg.fits[1]
scw/1064/106400590010.001/swg.fits[1]
scw/1064/106400600010.001/swg.fits[1]
scw/1064/106400610010.001/swg.fits[1]
scw/1064/106400620010.001/swg.fits[1]
scw/1064/106400630010.001/swg.fits[1]
scw/1064/106400640010.001/swg.fits[1]
scw/1064/106400650010.001/swg.fits[1]
scw/1064/106400660010.001/swg.fits[1]
scw/1064/106400670010.001/swg.fits[1]
scw/1064/106400680010.001/swg.fits[1]
scw/1064/106400690010.001/swg.fits[1]
scw/1064/106400700010.001/swg.fits[1]
scw/1064/106400710010.001/swg.fits[1]
scw/1064/106400720010.001/swg.fits[1]
scw/1064/106400730010.001/swg.fits[1]
scw/1064/106400740010.001/swg.fits[1]
scw/1069/106900030010.001/swg.fits[1]
scw/1069/106900040010.001/swg.fits[1]
scw/1069/106900050010.001/swg.fits[1]
scw/1069/106900060010.001/swg.fits[1]
scw/1069/106900070010.001/swg.fits[1]
scw/1069/106900080010.001/swg.fits[1]
scw/1069/106900090010.001/swg.fits[1]
scw/1069/106900100010.001/swg.fits[1]
scw/1069/106900110010.001/swg.fits[1]
scw/1069/106900120010.001/swg.fits[1]
scw/1069/106900130010.001/swg.fits[1]
scw/1069/106900140010.001/swg.fits[1]
scw/1069/106900150010.001/swg.fits[1]
scw/1069/106900160010.001/swg.fits[1]
scw/1069/106900170010.001/swg.fits[1]
scw/1069/106900180010.001/swg.fits[1]
scw/1069/106900190010.001/swg.fits[1]
scw/1069/106900200010.001/swg.fits[1]
scw/1069/106900210010.001/swg.fits[1]
scw/1069/106900220010.001/swg.fits[1]
scw/1069/106900230010.001/swg.fits[1]
scw/1069/106900240010.001/swg.fits[1]
scw/1069/106900250010.001/swg.fits[1]
scw/1069/106900260010.001/swg.fits[1]
scw/1069/106900270010.001/swg.fits[1]
scw/1069/106900280010.001/swg.fits[1]
scw/1069/106900290010.001/swg.fits[1]
scw/1069/106900300010.001/swg.fits[1]
scw/1069/106900310010.001/swg.fits[1]
scw/1069/106900320010.001/swg.fits[1]
scw/1069/106900330010.001/swg.fits[1]
scw/1069/106900340010.001/swg.fits[1]
scw/1069/106900350010.001/swg.fits[1]
scw/1069/106900360010.001/swg.fits[1]
scw/1069/106900370010.001/swg.fits[1]
scw/1069/106900380010.001/swg.fits[1]
scw/1069/106900390010.001/swg.fits[1]
scw/1069/106900400010.001/swg.fits[1]
scw/1069/106900410010.001/swg.fits[1]
scw/1069/106900420010.001/swg.fits[1]
scw/1069/106900430010.001/swg.fits[1]
scw/1069/106900440010.001/swg.fits[1]
scw/1069/106900450010.001/swg.fits[1]
scw/1069/106900460010.001/swg.fits[1]
scw/1069/106900470010.001/swg.fits[1]
scw/1069/106900480010.001/swg.fits[1]
scw/1069/106900490010.001/swg.fits[1]
scw/1069/106900500010.001/swg.fits[1]
scw/1069/106900510010.001/swg.fits[1]
scw/1069/106900520010.001/swg.fits[1]
scw/1069/106900530010.001/swg.fits[1]
scw/1069/106900540010.001/swg.fits[1]
scw/1069/106900550010.001/swg.fits[1]
scw/1069/106900560010.001/swg.fits[1]
