scw/0047/004700150010.001/swg.fits[1]
scw/0055/005500890010.001/swg.fits[1]
scw/0058/005800280010.001/swg.fits[1]
scw/0131/013100130010.001/swg.fits[1]
scw/0131/013100210010.001/swg.fits[1]
scw/0131/013100220010.001/swg.fits[1]
scw/0131/013100230010.001/swg.fits[1]
scw/0131/013100240010.001/swg.fits[1]
scw/0131/013100250010.001/swg.fits[1]
scw/0131/013100300010.001/swg.fits[1]
scw/0131/013100310010.001/swg.fits[1]
scw/0131/013100320010.001/swg.fits[1]
scw/0131/013100330010.001/swg.fits[1]
scw/0131/013100340010.001/swg.fits[1]
scw/0131/013100350010.001/swg.fits[1]
scw/0131/013100390010.001/swg.fits[1]
scw/0131/013100400010.001/swg.fits[1]
scw/0131/013100410010.001/swg.fits[1]
scw/0131/013100420010.001/swg.fits[1]
scw/0131/013100430010.001/swg.fits[1]
scw/0131/013100440010.001/swg.fits[1]
scw/0132/013200030010.001/swg.fits[1]
scw/0132/013200040010.001/swg.fits[1]
scw/0132/013200050010.001/swg.fits[1]
scw/0132/013200060010.001/swg.fits[1]
scw/0132/013200070010.001/swg.fits[1]
scw/0132/013200150010.001/swg.fits[1]
scw/0132/013200230010.001/swg.fits[1]
scw/0132/013200240010.001/swg.fits[1]
scw/0132/013200250010.001/swg.fits[1]
scw/0132/013200260010.001/swg.fits[1]
scw/0132/013200270010.001/swg.fits[1]
scw/0132/013200320010.001/swg.fits[1]
scw/0132/013200330010.001/swg.fits[1]
scw/0132/013200340010.001/swg.fits[1]
scw/0132/013200350010.001/swg.fits[1]
scw/0132/013200360010.001/swg.fits[1]
scw/0132/013200370010.001/swg.fits[1]
scw/0132/013200410010.001/swg.fits[1]
scw/0132/013200420010.001/swg.fits[1]
scw/0132/013200430010.001/swg.fits[1]
scw/0132/013200440010.001/swg.fits[1]
scw/0132/013200450010.001/swg.fits[1]
scw/0132/013200460010.001/swg.fits[1]
scw/0132/013200510010.001/swg.fits[1]
scw/0132/013200520010.001/swg.fits[1]
scw/0132/013200530010.001/swg.fits[1]
scw/0132/013200540010.001/swg.fits[1]
scw/0132/013200550010.001/swg.fits[1]
scw/0132/013200630010.001/swg.fits[1]
scw/0133/013300090010.001/swg.fits[1]
scw/0133/013300100010.001/swg.fits[1]
scw/0133/013300110010.001/swg.fits[1]
scw/0133/013300120010.001/swg.fits[1]
scw/0133/013300130010.001/swg.fits[1]
scw/0133/013300180010.001/swg.fits[1]
scw/0133/013300190010.001/swg.fits[1]
scw/0133/013300200010.001/swg.fits[1]
scw/0133/013300210010.001/swg.fits[1]
scw/0133/013300220010.001/swg.fits[1]
scw/0133/013300230010.001/swg.fits[1]
scw/0133/013300270010.001/swg.fits[1]
scw/0133/013300280010.001/swg.fits[1]
scw/0133/013300290010.001/swg.fits[1]
scw/0133/013300300010.001/swg.fits[1]
scw/0133/013300310010.001/swg.fits[1]
scw/0133/013300320010.001/swg.fits[1]
scw/0133/013300370010.001/swg.fits[1]
scw/0133/013300380010.001/swg.fits[1]
scw/0133/013300490010.001/swg.fits[1]
scw/0153/015300060030.001/swg.fits[1]
scw/0153/015300060050.001/swg.fits[1]
scw/0153/015300060070.001/swg.fits[1]
scw/0153/015300060090.001/swg.fits[1]
scw/0153/015300060110.001/swg.fits[1]
scw/0153/015300060130.001/swg.fits[1]
scw/0153/015300060150.001/swg.fits[1]
scw/0153/015300060170.001/swg.fits[1]
scw/0153/015300060190.001/swg.fits[1]
scw/0177/017700210010.001/swg.fits[1]
scw/0177/017700220010.001/swg.fits[1]
scw/0177/017700230010.001/swg.fits[1]
scw/0179/017900530010.001/swg.fits[1]
scw/0179/017900610010.001/swg.fits[1]
scw/0179/017900620010.001/swg.fits[1]
scw/0179/017900630010.001/swg.fits[1]
scw/0179/017900640010.001/swg.fits[1]
scw/0179/017900650010.001/swg.fits[1]
scw/0180/018000060010.001/swg.fits[1]
scw/0180/018000070010.001/swg.fits[1]
scw/0180/018000080010.001/swg.fits[1]
scw/0180/018000090010.001/swg.fits[1]
scw/0180/018000100010.001/swg.fits[1]
scw/0180/018000150010.001/swg.fits[1]
scw/0180/018000160010.001/swg.fits[1]
scw/0180/018000170010.001/swg.fits[1]
scw/0180/018000180010.001/swg.fits[1]
scw/0180/018000190010.001/swg.fits[1]
scw/0180/018000200010.001/swg.fits[1]
scw/0180/018000250010.001/swg.fits[1]
scw/0180/018000260010.001/swg.fits[1]
scw/0180/018000270010.001/swg.fits[1]
scw/0180/018000280010.001/swg.fits[1]
scw/0180/018000290010.001/swg.fits[1]
scw/0180/018000370010.001/swg.fits[1]
scw/0180/018000450010.001/swg.fits[1]
scw/0180/018000460010.001/swg.fits[1]
scw/0180/018000470010.001/swg.fits[1]
scw/0180/018000480010.001/swg.fits[1]
scw/0180/018000490010.001/swg.fits[1]
scw/0180/018000540010.001/swg.fits[1]
scw/0180/018000550010.001/swg.fits[1]
scw/0180/018000560010.001/swg.fits[1]
scw/0180/018000570010.001/swg.fits[1]
scw/0180/018000580010.001/swg.fits[1]
scw/0180/018000590010.001/swg.fits[1]
scw/0180/018000590020.001/swg.fits[1]
scw/0181/018100100010.001/swg.fits[1]
scw/0181/018100110010.001/swg.fits[1]
scw/0181/018100120010.001/swg.fits[1]
scw/0218/021800040010.001/swg.fits[1]
scw/0218/021800050010.001/swg.fits[1]
scw/0218/021800060010.001/swg.fits[1]
scw/0221/022100020010.001/swg.fits[1]
scw/0221/022100030010.001/swg.fits[1]
scw/0221/022100040010.001/swg.fits[1]
scw/0222/022200050010.001/swg.fits[1]
scw/0222/022200060010.001/swg.fits[1]
scw/0222/022200070010.001/swg.fits[1]
scw/0222/022200080010.001/swg.fits[1]
scw/0222/022200090010.001/swg.fits[1]
scw/0222/022200120010.001/swg.fits[1]
scw/0222/022200130010.001/swg.fits[1]
scw/0222/022200140010.001/swg.fits[1]
scw/0222/022200150010.001/swg.fits[1]
scw/0222/022200160010.001/swg.fits[1]
scw/0222/022200190010.001/swg.fits[1]
scw/0222/022200200010.001/swg.fits[1]
scw/0222/022200210010.001/swg.fits[1]
scw/0222/022200220010.001/swg.fits[1]
scw/0222/022200260010.001/swg.fits[1]
scw/0222/022200270010.001/swg.fits[1]
scw/0224/022400040010.001/swg.fits[1]
scw/0224/022400050010.001/swg.fits[1]
scw/0224/022400060010.001/swg.fits[1]
scw/0224/022400100010.001/swg.fits[1]
scw/0224/022400110010.001/swg.fits[1]
scw/0224/022400120010.001/swg.fits[1]
scw/0224/022400130010.001/swg.fits[1]
scw/0224/022400170010.001/swg.fits[1]
scw/0224/022400180010.001/swg.fits[1]
scw/0224/022400190010.001/swg.fits[1]
scw/0224/022400200010.001/swg.fits[1]
scw/0224/022400240010.001/swg.fits[1]
scw/0224/022400250010.001/swg.fits[1]
scw/0224/022400260010.001/swg.fits[1]
scw/0224/022400270010.001/swg.fits[1]
scw/0224/022400310010.001/swg.fits[1]
scw/0225/022500060010.001/swg.fits[1]
scw/0225/022500070010.001/swg.fits[1]
scw/0225/022500080010.001/swg.fits[1]
scw/0242/024200040010.001/swg.fits[1]
scw/0242/024200050010.001/swg.fits[1]
scw/0242/024200060010.001/swg.fits[1]
scw/0282/028200060010.001/swg.fits[1]
scw/0282/028200070010.001/swg.fits[1]
scw/0282/028200080010.001/swg.fits[1]
scw/0311/031100160010.001/swg.fits[1]
scw/0340/034000440010.001/swg.fits[1]
scw/0340/034000450010.001/swg.fits[1]
scw/0468/046800090010.001/swg.fits[1]
scw/0468/046800100010.001/swg.fits[1]
scw/0717/071700020010.001/swg.fits[1]
scw/0717/071700030010.001/swg.fits[1]
scw/0717/071700110010.001/swg.fits[1]
scw/0717/071700120010.001/swg.fits[1]
scw/0717/071700210010.001/swg.fits[1]
scw/0717/071700320010.001/swg.fits[1]
scw/0717/071700400010.001/swg.fits[1]
scw/0717/071700410010.001/swg.fits[1]
scw/0717/071700420010.001/swg.fits[1]
scw/0717/071700430010.001/swg.fits[1]
scw/0717/071700500010.001/swg.fits[1]
scw/0717/071700510010.001/swg.fits[1]
scw/0717/071700520010.001/swg.fits[1]
scw/0717/071700530010.001/swg.fits[1]
scw/0717/071700610010.001/swg.fits[1]
scw/0717/071700620010.001/swg.fits[1]
scw/0720/072000110010.001/swg.fits[1]
scw/0720/072000120010.001/swg.fits[1]
scw/0720/072000200010.001/swg.fits[1]
scw/0720/072000210010.001/swg.fits[1]
scw/0720/072000500010.001/swg.fits[1]
scw/0720/072000510010.001/swg.fits[1]
scw/0720/072000520010.001/swg.fits[1]
scw/0720/072000590010.001/swg.fits[1]
scw/0720/072000600010.001/swg.fits[1]
scw/0720/072000610010.001/swg.fits[1]
scw/0720/072000620010.001/swg.fits[1]
scw/0720/072000700010.001/swg.fits[1]
scw/0721/072100080010.001/swg.fits[1]
scw/0721/072100090010.001/swg.fits[1]
scw/0721/072100100010.001/swg.fits[1]
scw/0721/072100170010.001/swg.fits[1]
