scw/0674/067400140010.001/swg.fits[1]
scw/0674/067400150010.001/swg.fits[1]
scw/0674/067400170010.001/swg.fits[1]
scw/0674/067400180010.001/swg.fits[1]
scw/0674/067400190010.001/swg.fits[1]
scw/0674/067400240010.001/swg.fits[1]
scw/0674/067400250010.001/swg.fits[1]
scw/0674/067400260010.001/swg.fits[1]
scw/0674/067400270010.001/swg.fits[1]
scw/0674/067400280010.001/swg.fits[1]
scw/0674/067400290010.001/swg.fits[1]
scw/0674/067400300010.001/swg.fits[1]
scw/0674/067400310010.001/swg.fits[1]
scw/0674/067400320010.001/swg.fits[1]
scw/0674/067400340010.001/swg.fits[1]
scw/0674/067400350010.001/swg.fits[1]
scw/0674/067400360010.001/swg.fits[1]
scw/0674/067400370010.001/swg.fits[1]
scw/0674/067400380010.001/swg.fits[1]
scw/0674/067400390010.001/swg.fits[1]
scw/0674/067400400010.001/swg.fits[1]
scw/0674/067400410010.001/swg.fits[1]
scw/0674/067400420010.001/swg.fits[1]
scw/0674/067400430010.001/swg.fits[1]
scw/0674/067400440010.001/swg.fits[1]
scw/0722/072200620010.001/swg.fits[1]
scw/0722/072200630010.001/swg.fits[1]
scw/0723/072300400010.001/swg.fits[1]
scw/0723/072300410010.001/swg.fits[1]
scw/0723/072300840010.001/swg.fits[1]
scw/0723/072300850010.001/swg.fits[1]
scw/0729/072900480010.001/swg.fits[1]
scw/0729/072900490010.001/swg.fits[1]
scw/0729/072900500010.001/swg.fits[1]
scw/0729/072900510010.001/swg.fits[1]
scw/0729/072900520010.001/swg.fits[1]
scw/0729/072900530010.001/swg.fits[1]
scw/0729/072900540010.001/swg.fits[1]
scw/0729/072900550010.001/swg.fits[1]
scw/0729/072900560010.001/swg.fits[1]
scw/0729/072900570010.001/swg.fits[1]
scw/0729/072900690010.001/swg.fits[1]
scw/0729/072900700010.001/swg.fits[1]
scw/0729/072900710010.001/swg.fits[1]
scw/0729/072900720010.001/swg.fits[1]
scw/0730/073000260010.001/swg.fits[1]
scw/0730/073000280010.001/swg.fits[1]
scw/0730/073000290010.001/swg.fits[1]
scw/0730/073000300010.001/swg.fits[1]
scw/0730/073000310010.001/swg.fits[1]
scw/0730/073000320010.001/swg.fits[1]
scw/0730/073000330010.001/swg.fits[1]
scw/0730/073000340010.001/swg.fits[1]
scw/0730/073000350010.001/swg.fits[1]
scw/0730/073000360010.001/swg.fits[1]
scw/0730/073000370010.001/swg.fits[1]
scw/0730/073000380010.001/swg.fits[1]
scw/0730/073000390010.001/swg.fits[1]
scw/0730/073000470010.001/swg.fits[1]
scw/0730/073000480010.001/swg.fits[1]
scw/0730/073000490010.001/swg.fits[1]
scw/0730/073000500010.001/swg.fits[1]
scw/0730/073000510010.001/swg.fits[1]
scw/0730/073000530010.001/swg.fits[1]
scw/0730/073000540010.001/swg.fits[1]
scw/0730/073000550010.001/swg.fits[1]
scw/0731/073100270010.001/swg.fits[1]
scw/0731/073100280010.001/swg.fits[1]
scw/0731/073100290010.001/swg.fits[1]
scw/0731/073100300010.001/swg.fits[1]
scw/0731/073100310010.001/swg.fits[1]
scw/0731/073100320010.001/swg.fits[1]
scw/0731/073100330010.001/swg.fits[1]
scw/0731/073100340010.001/swg.fits[1]
scw/0731/073100350010.001/swg.fits[1]
scw/0731/073100360010.001/swg.fits[1]
scw/0731/073100370010.001/swg.fits[1]
scw/0732/073200370010.001/swg.fits[1]
scw/0732/073200380010.001/swg.fits[1]
scw/0732/073200390010.001/swg.fits[1]
scw/0732/073200400010.001/swg.fits[1]
scw/0732/073200410010.001/swg.fits[1]
scw/0732/073200420010.001/swg.fits[1]
scw/0732/073200430010.001/swg.fits[1]
scw/0732/073200440010.001/swg.fits[1]
scw/0732/073200450010.001/swg.fits[1]
scw/0732/073200460010.001/swg.fits[1]
scw/0732/073200470010.001/swg.fits[1]
scw/0732/073200480010.001/swg.fits[1]
scw/0732/073200490010.001/swg.fits[1]
scw/0732/073200850010.001/swg.fits[1]
scw/0732/073200940010.001/swg.fits[1]
scw/0733/073300390010.001/swg.fits[1]
scw/0733/073300400010.001/swg.fits[1]
scw/0733/073300410010.001/swg.fits[1]
scw/0733/073300420010.001/swg.fits[1]
scw/0733/073300430010.001/swg.fits[1]
scw/0733/073300440010.001/swg.fits[1]
scw/0733/073300450010.001/swg.fits[1]
scw/0733/073300460010.001/swg.fits[1]
scw/0733/073300520010.001/swg.fits[1]
scw/0733/073300530010.001/swg.fits[1]
scw/0733/073300540010.001/swg.fits[1]
scw/0733/073300550010.001/swg.fits[1]
scw/0733/073300560010.001/swg.fits[1]
scw/0733/073300570010.001/swg.fits[1]
scw/0733/073300580010.001/swg.fits[1]
scw/0733/073300590010.001/swg.fits[1]
scw/0733/073300600010.001/swg.fits[1]
scw/0733/073300620010.001/swg.fits[1]
scw/0733/073300630010.001/swg.fits[1]
scw/0734/073400290010.001/swg.fits[1]
scw/0734/073400300010.001/swg.fits[1]
scw/0734/073400310010.001/swg.fits[1]
scw/0734/073400320010.001/swg.fits[1]
scw/0734/073400330010.001/swg.fits[1]
scw/0734/073400340010.001/swg.fits[1]
scw/0734/073400350010.001/swg.fits[1]
scw/0734/073400360010.001/swg.fits[1]
scw/0734/073400370010.001/swg.fits[1]
scw/0734/073400380010.001/swg.fits[1]
scw/0735/073500350010.001/swg.fits[1]
scw/0735/073500360010.001/swg.fits[1]
scw/0735/073500370010.001/swg.fits[1]
scw/0735/073500380010.001/swg.fits[1]
scw/0735/073500400010.001/swg.fits[1]
scw/0735/073500410010.001/swg.fits[1]
scw/0735/073500420010.001/swg.fits[1]
scw/0735/073500440010.001/swg.fits[1]
scw/0735/073500450010.001/swg.fits[1]
scw/0735/073500460010.001/swg.fits[1]
scw/0735/073500470010.001/swg.fits[1]
scw/0735/073500480010.001/swg.fits[1]
scw/0735/073500540010.001/swg.fits[1]
scw/0735/073500550010.001/swg.fits[1]
scw/0735/073500560010.001/swg.fits[1]
scw/0735/073500570010.001/swg.fits[1]
scw/0735/073500580010.001/swg.fits[1]
scw/0735/073500590010.001/swg.fits[1]
scw/0735/073500600010.001/swg.fits[1]
scw/0735/073500610010.001/swg.fits[1]
scw/0735/073500620010.001/swg.fits[1]
scw/0735/073500630010.001/swg.fits[1]
scw/0735/073500640010.001/swg.fits[1]
scw/0735/073500650010.001/swg.fits[1]
scw/0735/073500660010.001/swg.fits[1]
scw/0736/073600660010.001/swg.fits[1]
scw/0736/073600670010.001/swg.fits[1]
scw/0736/073600680010.001/swg.fits[1]
scw/0736/073600690010.001/swg.fits[1]
scw/0736/073600700010.001/swg.fits[1]
scw/0736/073600710010.001/swg.fits[1]
scw/0736/073600720010.001/swg.fits[1]
scw/0736/073600730010.001/swg.fits[1]
scw/0737/073700300010.001/swg.fits[1]
scw/0737/073700310010.001/swg.fits[1]
scw/0737/073700320010.001/swg.fits[1]
scw/0737/073700330010.001/swg.fits[1]
scw/0737/073700340010.001/swg.fits[1]
scw/0737/073700350010.001/swg.fits[1]
scw/0737/073700370010.001/swg.fits[1]
scw/0737/073700380010.001/swg.fits[1]
scw/0737/073700390010.001/swg.fits[1]
scw/0737/073700400010.001/swg.fits[1]
scw/0737/073700470010.001/swg.fits[1]
scw/0737/073700480010.001/swg.fits[1]
scw/0737/073700490010.001/swg.fits[1]
scw/0737/073700500010.001/swg.fits[1]
scw/0737/073700510010.001/swg.fits[1]
scw/0737/073700520010.001/swg.fits[1]
scw/0737/073700530010.001/swg.fits[1]
scw/0737/073700540010.001/swg.fits[1]
scw/0737/073700550010.001/swg.fits[1]
scw/0737/073700560010.001/swg.fits[1]
scw/0737/073700970010.001/swg.fits[1]
scw/0737/073700980010.001/swg.fits[1]
scw/0737/073701050010.001/swg.fits[1]
scw/0738/073800060010.001/swg.fits[1]
scw/0738/073800070010.001/swg.fits[1]
scw/0738/073800080010.001/swg.fits[1]
scw/0738/073800090010.001/swg.fits[1]
scw/0738/073800100010.001/swg.fits[1]
scw/0738/073800110010.001/swg.fits[1]
scw/0738/073800120010.001/swg.fits[1]
scw/0738/073800130010.001/swg.fits[1]
scw/0738/073800140010.001/swg.fits[1]
scw/0738/073800150010.001/swg.fits[1]
scw/0738/073800610010.001/swg.fits[1]
scw/0738/073800620010.001/swg.fits[1]
scw/0738/073800630010.001/swg.fits[1]
scw/0738/073800640010.001/swg.fits[1]
scw/0738/073800650010.001/swg.fits[1]
scw/0738/073800670010.001/swg.fits[1]
scw/0738/073800680010.001/swg.fits[1]
scw/0738/073800690010.001/swg.fits[1]
scw/0738/073800700010.001/swg.fits[1]
scw/0738/073800800010.001/swg.fits[1]
scw/0738/073800810010.001/swg.fits[1]
scw/0738/073800820010.001/swg.fits[1]
scw/0738/073800830010.001/swg.fits[1]
scw/0738/073800840010.001/swg.fits[1]
scw/0738/073800850010.001/swg.fits[1]
scw/0738/073800860010.001/swg.fits[1]
scw/0738/073800880010.001/swg.fits[1]
scw/0782/078200380010.001/swg.fits[1]
scw/0782/078200390010.001/swg.fits[1]
scw/0782/078200400010.001/swg.fits[1]
scw/0782/078200410010.001/swg.fits[1]
scw/0782/078200420010.001/swg.fits[1]
scw/0782/078200490010.001/swg.fits[1]
scw/0782/078200500010.001/swg.fits[1]
scw/0782/078200510010.001/swg.fits[1]
scw/0782/078200900010.001/swg.fits[1]
scw/0782/078200910010.001/swg.fits[1]
scw/0782/078200920010.001/swg.fits[1]
scw/0782/078200930010.001/swg.fits[1]
scw/0782/078200940010.001/swg.fits[1]
scw/0782/078200950010.001/swg.fits[1]
scw/0782/078201010010.001/swg.fits[1]
scw/0782/078201020010.001/swg.fits[1]
scw/0782/078201030010.001/swg.fits[1]
scw/0785/078500190010.001/swg.fits[1]
scw/0785/078500200010.001/swg.fits[1]
scw/0785/078500210010.001/swg.fits[1]
scw/0785/078500270010.001/swg.fits[1]
scw/0785/078500280010.001/swg.fits[1]
scw/0785/078500290010.001/swg.fits[1]
scw/0785/078500300010.001/swg.fits[1]
scw/0785/078500310010.001/swg.fits[1]
scw/0785/078500320010.001/swg.fits[1]
scw/0786/078600260010.001/swg.fits[1]
scw/0786/078600270010.001/swg.fits[1]
scw/0786/078600280010.001/swg.fits[1]
scw/0786/078600290010.001/swg.fits[1]
scw/0786/078600350010.001/swg.fits[1]
scw/0786/078600360010.001/swg.fits[1]
scw/0786/078600370010.001/swg.fits[1]
scw/0786/078600380010.001/swg.fits[1]
scw/0786/078600390010.001/swg.fits[1]
scw/0786/078600400010.001/swg.fits[1]
scw/0788/078800220010.001/swg.fits[1]
scw/0788/078800300010.001/swg.fits[1]
scw/0788/078800310010.001/swg.fits[1]
