scw/0026/002600050010.001/swg.fits[1]
scw/0026/002600060010.001/swg.fits[1]
scw/0047/004700050010.001/swg.fits[1]
scw/0051/005100750010.001/swg.fits[1]
scw/0059/005900010010.001/swg.fits[1]
scw/0059/005900020010.001/swg.fits[1]
scw/0067/006700110010.001/swg.fits[1]
scw/0067/006700120010.001/swg.fits[1]
scw/0067/006700130010.001/swg.fits[1]
scw/0070/007000050010.001/swg.fits[1]
scw/0079/007900100010.001/swg.fits[1]
scw/0079/007900110010.001/swg.fits[1]
scw/0079/007900120010.001/swg.fits[1]
scw/0080/008000610010.001/swg.fits[1]
scw/0080/008000680010.001/swg.fits[1]
scw/0087/008700080010.001/swg.fits[1]
scw/0087/008700090010.001/swg.fits[1]
scw/0087/008700100010.001/swg.fits[1]
scw/0142/014200090010.001/swg.fits[1]
scw/0142/014200100010.001/swg.fits[1]
scw/0153/015300060310.001/swg.fits[1]
scw/0153/015300060570.001/swg.fits[1]
scw/0153/015300060590.001/swg.fits[1]
scw/0153/015300060610.001/swg.fits[1]
scw/0153/015300420110.001/swg.fits[1]
scw/0153/015300420150.001/swg.fits[1]
scw/0153/015300420160.001/swg.fits[1]
scw/0153/015300420170.001/swg.fits[1]
scw/0153/015300420180.001/swg.fits[1]
scw/0162/016200180010.001/swg.fits[1]
scw/0162/016200190010.001/swg.fits[1]
scw/0177/017700320010.001/swg.fits[1]
scw/0177/017700330010.001/swg.fits[1]
scw/0189/018900090010.001/swg.fits[1]
scw/0190/019000180010.001/swg.fits[1]
scw/0190/019000180020.001/swg.fits[1]
scw/0190/019000180030.001/swg.fits[1]
scw/0190/019000190010.001/swg.fits[1]
scw/0191/019100860010.001/swg.fits[1]
scw/0210/021000100010.001/swg.fits[1]
scw/0210/021000110010.001/swg.fits[1]
scw/0210/021000370010.001/swg.fits[1]
scw/0210/021000380010.001/swg.fits[1]
scw/0210/021000390010.001/swg.fits[1]
scw/0210/021000400010.001/swg.fits[1]
scw/0210/021000400020.001/swg.fits[1]
scw/0211/021100480010.001/swg.fits[1]
scw/0211/021100490010.001/swg.fits[1]
scw/0211/021100500010.001/swg.fits[1]
scw/0211/021100510010.001/swg.fits[1]
scw/0211/021100520010.001/swg.fits[1]
scw/0212/021200330010.001/swg.fits[1]
scw/0212/021200340010.001/swg.fits[1]
scw/0212/021200350010.001/swg.fits[1]
scw/0212/021200360010.001/swg.fits[1]
scw/0212/021200370010.001/swg.fits[1]
scw/0213/021300410010.001/swg.fits[1]
scw/0213/021300420010.001/swg.fits[1]
scw/0213/021300430010.001/swg.fits[1]
scw/0213/021300440010.001/swg.fits[1]
scw/0213/021300450010.001/swg.fits[1]
scw/0214/021400220010.001/swg.fits[1]
scw/0214/021400230010.001/swg.fits[1]
scw/0214/021400240010.001/swg.fits[1]
scw/0214/021400250010.001/swg.fits[1]
scw/0214/021400260010.001/swg.fits[1]
scw/0215/021500150010.001/swg.fits[1]
scw/0215/021500160010.001/swg.fits[1]
scw/0215/021500170010.001/swg.fits[1]
scw/0215/021500180010.001/swg.fits[1]
scw/0215/021500190010.001/swg.fits[1]
scw/0216/021600020010.001/swg.fits[1]
scw/0216/021600030010.001/swg.fits[1]
scw/0216/021600040010.001/swg.fits[1]
scw/0216/021600050010.001/swg.fits[1]
scw/0216/021600060010.001/swg.fits[1]
scw/0216/021600500010.001/swg.fits[1]
scw/0216/021600510010.001/swg.fits[1]
scw/0216/021600520010.001/swg.fits[1]
scw/0216/021600530010.001/swg.fits[1]
scw/0216/021600540010.001/swg.fits[1]
scw/0218/021800580010.001/swg.fits[1]
scw/0218/021800590010.001/swg.fits[1]
scw/0218/021800600010.001/swg.fits[1]
scw/0218/021800610010.001/swg.fits[1]
scw/0218/021800620010.001/swg.fits[1]
scw/0233/023300040010.001/swg.fits[1]
scw/0233/023300050010.001/swg.fits[1]
scw/0241/024100020010.001/swg.fits[1]
scw/0241/024100030010.001/swg.fits[1]
scw/0245/024500090010.001/swg.fits[1]
scw/0245/024500100010.001/swg.fits[1]
scw/0251/025100730010.001/swg.fits[1]
scw/0251/025100800010.001/swg.fits[1]
scw/0251/025100810010.001/swg.fits[1]
scw/0251/025100820010.001/swg.fits[1]
scw/0251/025100830010.001/swg.fits[1]
scw/0251/025100840010.001/swg.fits[1]
scw/0251/025100850010.001/swg.fits[1]
scw/0252/025200420010.001/swg.fits[1]
scw/0252/025200430010.001/swg.fits[1]
scw/0252/025200440010.001/swg.fits[1]
scw/0252/025200450010.001/swg.fits[1]
scw/0252/025200460010.001/swg.fits[1]
scw/0253/025300450010.001/swg.fits[1]
scw/0253/025300460010.001/swg.fits[1]
scw/0253/025300510010.001/swg.fits[1]
scw/0253/025300520010.001/swg.fits[1]
scw/0253/025300530010.001/swg.fits[1]
scw/0257/025700520010.001/swg.fits[1]
scw/0257/025700530010.001/swg.fits[1]
scw/0257/025700540010.001/swg.fits[1]
scw/0261/026100060010.001/swg.fits[1]
scw/0261/026100070010.001/swg.fits[1]
scw/0261/026100080010.001/swg.fits[1]
scw/0264/026400100010.001/swg.fits[1]
scw/0265/026500070010.001/swg.fits[1]
scw/0265/026500080010.001/swg.fits[1]
scw/0265/026500090010.001/swg.fits[1]
scw/0269/026900050010.001/swg.fits[1]
scw/0269/026900060010.001/swg.fits[1]
scw/0269/026900070010.001/swg.fits[1]
scw/0282/028200170010.001/swg.fits[1]
scw/0282/028200180010.001/swg.fits[1]
scw/0282/028200190010.001/swg.fits[1]
scw/0286/028600370010.001/swg.fits[1]
scw/0286/028600370020.001/swg.fits[1]
scw/0286/028600370030.001/swg.fits[1]
scw/0286/028600380010.001/swg.fits[1]
scw/0292/029200220010.001/swg.fits[1]
scw/0292/029200230010.001/swg.fits[1]
scw/0292/029200240010.001/swg.fits[1]
scw/0301/030100280010.001/swg.fits[1]
scw/0311/031100110010.001/swg.fits[1]
scw/0311/031100120010.001/swg.fits[1]
scw/0311/031100130010.001/swg.fits[1]
scw/0323/032300070010.001/swg.fits[1]
scw/0323/032300080010.001/swg.fits[1]
scw/0337/033700040010.001/swg.fits[1]
scw/0370/037000610010.001/swg.fits[1]
scw/0370/037000610020.001/swg.fits[1]
scw/0370/037000610030.001/swg.fits[1]
scw/0370/037000620010.001/swg.fits[1]
scw/0384/038400210010.001/swg.fits[1]
scw/0384/038400220010.001/swg.fits[1]
scw/0384/038400310010.001/swg.fits[1]
scw/0384/038400320010.001/swg.fits[1]
scw/0384/038400330010.001/swg.fits[1]
scw/0384/038400340010.001/swg.fits[1]
scw/0384/038400350010.001/swg.fits[1]
scw/0384/038400360010.001/swg.fits[1]
scw/0396/039600040010.001/swg.fits[1]
scw/0396/039600050010.001/swg.fits[1]
scw/0397/039700580010.001/swg.fits[1]
scw/0412/041200020010.001/swg.fits[1]
scw/0412/041200030010.001/swg.fits[1]
scw/0412/041200040010.001/swg.fits[1]
scw/0419/041900700010.001/swg.fits[1]
scw/0419/041900710010.001/swg.fits[1]
scw/0420/042000010010.001/swg.fits[1]
scw/0427/042700690010.001/swg.fits[1]
scw/0427/042700700010.001/swg.fits[1]
scw/0437/043700060010.001/swg.fits[1]
scw/0437/043700150010.001/swg.fits[1]
scw/0437/043700160010.001/swg.fits[1]
scw/0437/043700250010.001/swg.fits[1]
scw/0437/043700350010.001/swg.fits[1]
scw/0437/043700360010.001/swg.fits[1]
scw/0437/043700450010.001/swg.fits[1]
scw/0437/043700460010.001/swg.fits[1]
scw/0437/043700470010.001/swg.fits[1]
scw/0437/043700540010.001/swg.fits[1]
scw/0437/043700550010.001/swg.fits[1]
scw/0438/043800360010.001/swg.fits[1]
scw/0438/043800450010.001/swg.fits[1]
scw/0438/043800460010.001/swg.fits[1]
scw/0438/043800550010.001/swg.fits[1]
scw/0438/043800660010.001/swg.fits[1]
scw/0438/043800750010.001/swg.fits[1]
scw/0438/043800760010.001/swg.fits[1]
scw/0438/043800770010.001/swg.fits[1]
scw/0441/044100600010.001/swg.fits[1]
scw/0441/044100610010.001/swg.fits[1]
scw/0447/044700500010.001/swg.fits[1]
scw/0447/044700510010.001/swg.fits[1]
scw/0452/045200070010.001/swg.fits[1]
scw/0452/045200080010.001/swg.fits[1]
scw/0452/045200090010.001/swg.fits[1]
scw/0462/046200040010.001/swg.fits[1]
scw/0462/046200050010.001/swg.fits[1]
scw/0462/046200060010.001/swg.fits[1]
scw/0462/046200070010.001/swg.fits[1]
scw/0462/046200440010.001/swg.fits[1]
scw/0462/046200450010.001/swg.fits[1]
scw/0462/046200460010.001/swg.fits[1]
scw/0462/046200490010.001/swg.fits[1]
scw/0462/046200500010.001/swg.fits[1]
scw/0462/046200510010.001/swg.fits[1]
scw/0462/046200520010.001/swg.fits[1]
scw/0462/046200530010.001/swg.fits[1]
scw/0510/051000050010.001/swg.fits[1]
scw/0510/051000060010.001/swg.fits[1]
scw/0510/051000070010.001/swg.fits[1]
scw/0510/051000080010.001/swg.fits[1]
scw/0510/051000150010.001/swg.fits[1]
scw/0510/051000160010.001/swg.fits[1]
scw/0510/051000170010.001/swg.fits[1]
scw/0510/051000360010.001/swg.fits[1]
scw/0510/051000370010.001/swg.fits[1]
scw/0510/051000380010.001/swg.fits[1]
scw/0510/051000450010.001/swg.fits[1]
scw/0510/051000460010.001/swg.fits[1]
scw/0510/051000470010.001/swg.fits[1]
scw/0510/051000480010.001/swg.fits[1]
scw/0510/051000550010.001/swg.fits[1]
scw/0510/051000560010.001/swg.fits[1]
scw/0510/051000570010.001/swg.fits[1]
scw/0510/051000580010.001/swg.fits[1]
scw/0510/051000650010.001/swg.fits[1]
scw/0510/051000660010.001/swg.fits[1]
scw/0510/051000670010.001/swg.fits[1]
scw/0510/051000680010.001/swg.fits[1]
scw/0510/051000760010.001/swg.fits[1]
scw/0510/051000770010.001/swg.fits[1]
scw/0511/051100010010.001/swg.fits[1]
scw/0511/051100020010.001/swg.fits[1]
scw/0511/051100090010.001/swg.fits[1]
scw/0511/051100100010.001/swg.fits[1]
scw/0511/051100110010.001/swg.fits[1]
scw/0511/051100120010.001/swg.fits[1]
scw/0511/051100200010.001/swg.fits[1]
scw/0511/051100210010.001/swg.fits[1]
scw/0511/051100300010.001/swg.fits[1]
scw/0511/051100310010.001/swg.fits[1]
scw/0511/051100410010.001/swg.fits[1]
