scw/1870/187000050010.001/swg.fits[1]
scw/1870/187000060010.001/swg.fits[1]
scw/1870/187000070010.001/swg.fits[1]
scw/1870/187000080010.001/swg.fits[1]
scw/1870/187000090010.001/swg.fits[1]
scw/1870/187000100010.001/swg.fits[1]
scw/1870/187000110010.001/swg.fits[1]
scw/1870/187000120010.001/swg.fits[1]
scw/1870/187000130010.001/swg.fits[1]
scw/1870/187000140010.001/swg.fits[1]
scw/1870/187000150010.001/swg.fits[1]
scw/1870/187000160010.001/swg.fits[1]
scw/1870/187000170010.001/swg.fits[1]
scw/1870/187000180010.001/swg.fits[1]
scw/1870/187000190010.001/swg.fits[1]
scw/1870/187000200010.001/swg.fits[1]
scw/1870/187000210010.001/swg.fits[1]
scw/1870/187000220010.001/swg.fits[1]
scw/1870/187000230010.001/swg.fits[1]
scw/1870/187000240010.001/swg.fits[1]
scw/1870/187000250010.001/swg.fits[1]
scw/1870/187000260010.001/swg.fits[1]
scw/1870/187000270010.001/swg.fits[1]
scw/1870/187000280010.001/swg.fits[1]
scw/1870/187000290010.001/swg.fits[1]
scw/1870/187000300010.001/swg.fits[1]
scw/1870/187000310010.001/swg.fits[1]
scw/1870/187000320010.001/swg.fits[1]
scw/1870/187000330010.001/swg.fits[1]
scw/1870/187000340010.001/swg.fits[1]
scw/1870/187000350010.001/swg.fits[1]
scw/1870/187000360010.001/swg.fits[1]
scw/1870/187000370010.001/swg.fits[1]
scw/1870/187000380010.001/swg.fits[1]
scw/1870/187000390010.001/swg.fits[1]
scw/1870/187000400010.001/swg.fits[1]
scw/1870/187000410010.001/swg.fits[1]
scw/1870/187000420010.001/swg.fits[1]
scw/1870/187000430010.001/swg.fits[1]
scw/1870/187000440010.001/swg.fits[1]
scw/1870/187000450010.001/swg.fits[1]
scw/1870/187000460010.001/swg.fits[1]
scw/1870/187000470010.001/swg.fits[1]
scw/1870/187000490010.001/swg.fits[1]
scw/1870/187000500010.001/swg.fits[1]
scw/1873/187300060010.001/swg.fits[1]
scw/1873/187300070010.001/swg.fits[1]
scw/1873/187300080010.001/swg.fits[1]
scw/1873/187300090010.001/swg.fits[1]
scw/1873/187300100010.001/swg.fits[1]
scw/1873/187300110010.001/swg.fits[1]
scw/1873/187300120010.001/swg.fits[1]
scw/1873/187300130010.001/swg.fits[1]
scw/1873/187300140010.001/swg.fits[1]
scw/1873/187300150010.001/swg.fits[1]
scw/1873/187300160010.001/swg.fits[1]
scw/1873/187300170010.001/swg.fits[1]
scw/1873/187300180010.001/swg.fits[1]
scw/1873/187300210010.001/swg.fits[1]
scw/1873/187300220010.001/swg.fits[1]
scw/1873/187300230010.001/swg.fits[1]
scw/1873/187300240010.001/swg.fits[1]
scw/1873/187300250010.001/swg.fits[1]
scw/1873/187300260010.001/swg.fits[1]
scw/1873/187300270010.001/swg.fits[1]
scw/1873/187300280010.001/swg.fits[1]
scw/1873/187300290010.001/swg.fits[1]
scw/1873/187300300010.001/swg.fits[1]
scw/1873/187300310010.001/swg.fits[1]
scw/1873/187300320010.001/swg.fits[1]
scw/1873/187300330010.001/swg.fits[1]
scw/1873/187300340010.001/swg.fits[1]
scw/1873/187300350010.001/swg.fits[1]
scw/1873/187300360010.001/swg.fits[1]
scw/1873/187300370010.001/swg.fits[1]
scw/1874/187400040010.001/swg.fits[1]
scw/1874/187400050010.001/swg.fits[1]
scw/1874/187400060010.001/swg.fits[1]
scw/1874/187400070010.001/swg.fits[1]
scw/1874/187400080010.001/swg.fits[1]
scw/1874/187400090010.001/swg.fits[1]
scw/1874/187400100010.001/swg.fits[1]
scw/1874/187400110010.001/swg.fits[1]
scw/1874/187400120010.001/swg.fits[1]
scw/1874/187400130010.001/swg.fits[1]
scw/1874/187400140010.001/swg.fits[1]
scw/1874/187400150010.001/swg.fits[1]
scw/1874/187400160010.001/swg.fits[1]
scw/1874/187400170010.001/swg.fits[1]
scw/1874/187400180010.001/swg.fits[1]
scw/1874/187400190010.001/swg.fits[1]
scw/1874/187400200010.001/swg.fits[1]
scw/1874/187400210010.001/swg.fits[1]
scw/1874/187400220010.001/swg.fits[1]
scw/1874/187400230010.001/swg.fits[1]
scw/1874/187400240010.001/swg.fits[1]
scw/1874/187400250010.001/swg.fits[1]
scw/1874/187400260010.001/swg.fits[1]
scw/1874/187400270010.001/swg.fits[1]
scw/1874/187400280010.001/swg.fits[1]
scw/1874/187400290010.001/swg.fits[1]
scw/1874/187400300010.001/swg.fits[1]
scw/1874/187400310010.001/swg.fits[1]
scw/1874/187400320010.001/swg.fits[1]
scw/1874/187400330010.001/swg.fits[1]
scw/1874/187400340010.001/swg.fits[1]
scw/1874/187400350010.001/swg.fits[1]
scw/1874/187400360010.001/swg.fits[1]
scw/1874/187400370010.001/swg.fits[1]
scw/1874/187400380010.001/swg.fits[1]
scw/1874/187400390010.001/swg.fits[1]
scw/1874/187400400010.001/swg.fits[1]
scw/1874/187400400020.001/swg.fits[1]
scw/1877/187700240010.001/swg.fits[1]
scw/1877/187700250010.001/swg.fits[1]
scw/1877/187700260010.001/swg.fits[1]
scw/1877/187700270010.001/swg.fits[1]
scw/1877/187700280010.001/swg.fits[1]
scw/1877/187700290010.001/swg.fits[1]
scw/1877/187700300010.001/swg.fits[1]
scw/1877/187700310010.001/swg.fits[1]
scw/1877/187700320010.001/swg.fits[1]
scw/1921/192100320010.001/swg.fits[1]
scw/1921/192100330010.001/swg.fits[1]
scw/1921/192100340010.001/swg.fits[1]
scw/1921/192100350010.001/swg.fits[1]
scw/1921/192100360010.001/swg.fits[1]
scw/1921/192100370010.001/swg.fits[1]
scw/1921/192100380010.001/swg.fits[1]
scw/1921/192100390010.001/swg.fits[1]
scw/1921/192100400010.001/swg.fits[1]
scw/1921/192100410010.001/swg.fits[1]
scw/1921/192100420010.001/swg.fits[1]
scw/1921/192100430010.001/swg.fits[1]
scw/1921/192100440010.001/swg.fits[1]
scw/1921/192100460010.001/swg.fits[1]
scw/1921/192100470010.001/swg.fits[1]
scw/1921/192100480010.001/swg.fits[1]
scw/1921/192100490010.001/swg.fits[1]
scw/1921/192100500010.001/swg.fits[1]
scw/1921/192100510010.001/swg.fits[1]
scw/1921/192100520010.001/swg.fits[1]
scw/1921/192100530010.001/swg.fits[1]
scw/1921/192100540010.001/swg.fits[1]
scw/1921/192100550010.001/swg.fits[1]
scw/1921/192100560010.001/swg.fits[1]
scw/1921/192100570010.001/swg.fits[1]
scw/1921/192100580010.001/swg.fits[1]
scw/1921/192100590010.001/swg.fits[1]
scw/1921/192100600010.001/swg.fits[1]
scw/1921/192100610010.001/swg.fits[1]
scw/1921/192100620010.001/swg.fits[1]
scw/1921/192100630010.001/swg.fits[1]
scw/1921/192100660010.001/swg.fits[1]
scw/1925/192500280010.001/swg.fits[1]
scw/1925/192500290010.001/swg.fits[1]
scw/1925/192500300010.001/swg.fits[1]
scw/1925/192500310010.001/swg.fits[1]
scw/1925/192500320010.001/swg.fits[1]
scw/1925/192500330010.001/swg.fits[1]
scw/1925/192500340010.001/swg.fits[1]
scw/1925/192500360010.001/swg.fits[1]
scw/1925/192500370010.001/swg.fits[1]
scw/1925/192500380010.001/swg.fits[1]
scw/1925/192500390010.001/swg.fits[1]
scw/1925/192500400010.001/swg.fits[1]
scw/1925/192500410010.001/swg.fits[1]
scw/1925/192500420010.001/swg.fits[1]
scw/1925/192500430010.001/swg.fits[1]
scw/1925/192500440010.001/swg.fits[1]
scw/1925/192500450010.001/swg.fits[1]
scw/1925/192500460010.001/swg.fits[1]
scw/1925/192500470010.001/swg.fits[1]
scw/1925/192500480010.001/swg.fits[1]
scw/1925/192500490010.001/swg.fits[1]
scw/1925/192500500010.001/swg.fits[1]
scw/1925/192500510010.001/swg.fits[1]
scw/1925/192500520010.001/swg.fits[1]
scw/1925/192500530010.001/swg.fits[1]
scw/1925/192500540010.001/swg.fits[1]
scw/1925/192500550010.001/swg.fits[1]
scw/1925/192500560010.001/swg.fits[1]
scw/1925/192500570010.001/swg.fits[1]
scw/1925/192500580010.001/swg.fits[1]
scw/1925/192500590010.001/swg.fits[1]
scw/1925/192500600010.001/swg.fits[1]
scw/1925/192500610010.001/swg.fits[1]
scw/1925/192500620010.001/swg.fits[1]
scw/1925/192500630010.001/swg.fits[1]
scw/1925/192500640010.001/swg.fits[1]
scw/1925/192500640020.001/swg.fits[1]
scw/1930/193000440010.001/swg.fits[1]
scw/1930/193000450010.001/swg.fits[1]
scw/1930/193000460010.001/swg.fits[1]
scw/1930/193000480010.001/swg.fits[1]
scw/1930/193000490010.001/swg.fits[1]
scw/1930/193000500010.001/swg.fits[1]
scw/1930/193000520010.001/swg.fits[1]
scw/1930/193000530010.001/swg.fits[1]
scw/1930/193000540010.001/swg.fits[1]
scw/1930/193000560010.001/swg.fits[1]
scw/1930/193000570010.001/swg.fits[1]
scw/1930/193000580010.001/swg.fits[1]
scw/1930/193000590010.001/swg.fits[1]
scw/1930/193000600010.001/swg.fits[1]
scw/1930/193000610010.001/swg.fits[1]
scw/1930/193000620010.001/swg.fits[1]
scw/1930/193000630010.001/swg.fits[1]
scw/1930/193000650010.001/swg.fits[1]
scw/1930/193000660010.001/swg.fits[1]
scw/1930/193000670010.001/swg.fits[1]
scw/1941/194100210010.001/swg.fits[1]
scw/1941/194100220010.001/swg.fits[1]
scw/1941/194100230010.001/swg.fits[1]
scw/1941/194100240010.001/swg.fits[1]
scw/1941/194100250010.001/swg.fits[1]
scw/1941/194100260010.001/swg.fits[1]
scw/1941/194100270010.001/swg.fits[1]
scw/1941/194100280010.001/swg.fits[1]
scw/1941/194100290010.001/swg.fits[1]
scw/1941/194100300010.001/swg.fits[1]
scw/1941/194100310010.001/swg.fits[1]
scw/1941/194100320010.001/swg.fits[1]
scw/1941/194100330010.001/swg.fits[1]
scw/1941/194100340010.001/swg.fits[1]
scw/1941/194100360010.001/swg.fits[1]
scw/1941/194100370010.001/swg.fits[1]
scw/1941/194100380010.001/swg.fits[1]
scw/1941/194100390010.001/swg.fits[1]
scw/1941/194100400010.001/swg.fits[1]
scw/1941/194100420010.001/swg.fits[1]
scw/1941/194100430010.001/swg.fits[1]
scw/1941/194100440010.001/swg.fits[1]
scw/1941/194100450010.001/swg.fits[1]
scw/1941/194100510010.001/swg.fits[1]
scw/1941/194100520010.001/swg.fits[1]
scw/1941/194100530010.001/swg.fits[1]
