scw/0742/074200650010.001/swg.fits[1]
scw/0742/074200770010.001/swg.fits[1]
scw/0742/074200780010.001/swg.fits[1]
scw/0742/074200790010.001/swg.fits[1]
scw/0742/074200800010.001/swg.fits[1]
scw/0742/074200810010.001/swg.fits[1]
scw/0742/074200820010.001/swg.fits[1]
scw/0742/074200830010.001/swg.fits[1]
scw/0742/074200840010.001/swg.fits[1]
scw/0742/074200850010.001/swg.fits[1]
scw/0742/074200860010.001/swg.fits[1]
scw/0742/074200990010.001/swg.fits[1]
scw/0742/074201000010.001/swg.fits[1]
scw/0742/074201010010.001/swg.fits[1]
scw/0743/074300690010.001/swg.fits[1]
scw/0743/074300700010.001/swg.fits[1]
scw/0743/074300710010.001/swg.fits[1]
scw/0743/074300850010.001/swg.fits[1]
scw/0743/074300860010.001/swg.fits[1]
scw/0743/074300870010.001/swg.fits[1]
scw/0743/074300880010.001/swg.fits[1]
scw/0743/074300890010.001/swg.fits[1]
scw/0743/074300900010.001/swg.fits[1]
scw/0743/074300910010.001/swg.fits[1]
scw/0743/074300920010.001/swg.fits[1]
scw/0743/074300930010.001/swg.fits[1]
scw/0744/074400040010.001/swg.fits[1]
scw/0744/074400050010.001/swg.fits[1]
scw/0744/074400060010.001/swg.fits[1]
scw/0744/074400070010.001/swg.fits[1]
scw/0744/074400680010.001/swg.fits[1]
scw/0744/074400690010.001/swg.fits[1]
scw/0744/074400700010.001/swg.fits[1]
scw/0744/074400710010.001/swg.fits[1]
scw/0744/074400830010.001/swg.fits[1]
scw/0744/074400840010.001/swg.fits[1]
scw/0744/074400850010.001/swg.fits[1]
scw/0744/074400860010.001/swg.fits[1]
scw/0744/074400870010.001/swg.fits[1]
scw/0744/074400880010.001/swg.fits[1]
scw/0744/074400890010.001/swg.fits[1]
scw/0744/074400900010.001/swg.fits[1]
scw/0744/074400910010.001/swg.fits[1]
scw/0744/074400920010.001/swg.fits[1]
scw/0745/074500250010.001/swg.fits[1]
scw/0745/074500260010.001/swg.fits[1]
scw/0745/074500270010.001/swg.fits[1]
scw/0746/074600510010.001/swg.fits[1]
scw/0746/074600520010.001/swg.fits[1]
scw/0746/074600530010.001/swg.fits[1]
scw/0746/074600540010.001/swg.fits[1]
scw/0746/074600650010.001/swg.fits[1]
scw/0746/074600660010.001/swg.fits[1]
scw/0746/074600670010.001/swg.fits[1]
scw/0746/074600680010.001/swg.fits[1]
scw/0746/074600690010.001/swg.fits[1]
scw/0756/075600530010.001/swg.fits[1]
scw/0756/075600540010.001/swg.fits[1]
scw/0756/075600550010.001/swg.fits[1]
scw/0756/075600560010.001/swg.fits[1]
scw/0756/075600570010.001/swg.fits[1]
scw/0758/075800020010.001/swg.fits[1]
scw/0758/075800030010.001/swg.fits[1]
scw/0758/075800040010.001/swg.fits[1]
scw/0758/075800050010.001/swg.fits[1]
scw/0758/075800060010.001/swg.fits[1]
scw/0758/075800070010.001/swg.fits[1]
scw/0803/080300210010.001/swg.fits[1]
scw/0803/080300220010.001/swg.fits[1]
scw/0803/080300230010.001/swg.fits[1]
scw/0803/080300360010.001/swg.fits[1]
scw/0803/080300370010.001/swg.fits[1]
scw/0803/080300380010.001/swg.fits[1]
scw/0803/080300390010.001/swg.fits[1]
scw/0803/080300400010.001/swg.fits[1]
scw/0803/080300410010.001/swg.fits[1]
scw/0803/080300420010.001/swg.fits[1]
scw/0803/080300430010.001/swg.fits[1]
scw/0803/080300440010.001/swg.fits[1]
scw/0803/080300450010.001/swg.fits[1]
scw/0803/080300570010.001/swg.fits[1]
scw/0803/080300580010.001/swg.fits[1]
scw/0803/080300590010.001/swg.fits[1]
scw/0803/080300600010.001/swg.fits[1]
scw/0804/080400220010.001/swg.fits[1]
scw/0804/080400230010.001/swg.fits[1]
scw/0804/080400240010.001/swg.fits[1]
scw/0804/080400250010.001/swg.fits[1]
scw/0804/080400260010.001/swg.fits[1]
scw/0804/080400270010.001/swg.fits[1]
scw/0804/080400380010.001/swg.fits[1]
scw/0804/080400390010.001/swg.fits[1]
scw/0804/080400400010.001/swg.fits[1]
scw/0804/080400410010.001/swg.fits[1]
scw/0804/080400420010.001/swg.fits[1]
scw/0804/080400430010.001/swg.fits[1]
scw/0804/080400440010.001/swg.fits[1]
scw/0804/080400450010.001/swg.fits[1]
scw/0804/080400460010.001/swg.fits[1]
scw/0804/080400470010.001/swg.fits[1]
scw/0804/080400480010.001/swg.fits[1]
scw/0804/080400600010.001/swg.fits[1]
scw/0804/080400610010.001/swg.fits[1]
scw/0804/080400620010.001/swg.fits[1]
scw/0804/080400630010.001/swg.fits[1]
scw/0805/080500230010.001/swg.fits[1]
scw/0805/080500240010.001/swg.fits[1]
scw/0805/080500250010.001/swg.fits[1]
scw/0805/080500380010.001/swg.fits[1]
scw/0805/080500390010.001/swg.fits[1]
scw/0805/080500400010.001/swg.fits[1]
scw/0805/080500410010.001/swg.fits[1]
scw/0805/080500420010.001/swg.fits[1]
scw/0805/080500430010.001/swg.fits[1]
scw/0805/080500440010.001/swg.fits[1]
scw/0805/080500450010.001/swg.fits[1]
scw/0805/080500460010.001/swg.fits[1]
scw/0805/080500470010.001/swg.fits[1]
scw/0805/080500600010.001/swg.fits[1]
scw/0805/080500610010.001/swg.fits[1]
scw/0805/080500620010.001/swg.fits[1]
scw/0806/080600190010.001/swg.fits[1]
scw/0806/080600200010.001/swg.fits[1]
scw/0806/080600210010.001/swg.fits[1]
scw/0806/080600220010.001/swg.fits[1]
scw/0806/080600330010.001/swg.fits[1]
scw/0806/080600340010.001/swg.fits[1]
scw/0806/080600350010.001/swg.fits[1]
scw/0806/080600360010.001/swg.fits[1]
scw/0806/080600370010.001/swg.fits[1]
scw/0806/080600380010.001/swg.fits[1]
scw/0806/080600390010.001/swg.fits[1]
scw/0806/080600400010.001/swg.fits[1]
scw/0806/080600410010.001/swg.fits[1]
scw/0806/080600420010.001/swg.fits[1]
scw/0806/080600430010.001/swg.fits[1]
scw/0806/080600550010.001/swg.fits[1]
scw/0806/080600560010.001/swg.fits[1]
scw/0806/080600570010.001/swg.fits[1]
scw/0806/080600580010.001/swg.fits[1]
scw/0875/087500890010.001/swg.fits[1]
scw/0875/087500900010.001/swg.fits[1]
scw/0875/087500910010.001/swg.fits[1]
scw/0875/087501040010.001/swg.fits[1]
scw/0875/087501050010.001/swg.fits[1]
scw/0875/087501060010.001/swg.fits[1]
scw/0875/087501070010.001/swg.fits[1]
scw/0875/087501080010.001/swg.fits[1]
scw/0875/087501090010.001/swg.fits[1]
scw/0875/087501100010.001/swg.fits[1]
scw/0875/087501110010.001/swg.fits[1]
scw/0875/087501120010.001/swg.fits[1]
scw/0877/087700380010.001/swg.fits[1]
scw/0877/087700510010.001/swg.fits[1]
scw/0877/087700520010.001/swg.fits[1]
scw/0877/087700530010.001/swg.fits[1]
scw/0983/098300270010.001/swg.fits[1]
scw/0983/098300280010.001/swg.fits[1]
scw/0983/098300460010.001/swg.fits[1]
scw/0983/098300470010.001/swg.fits[1]
scw/0983/098300490010.001/swg.fits[1]
scw/0983/098300500010.001/swg.fits[1]
scw/0983/098300510010.001/swg.fits[1]
scw/0983/098300520010.001/swg.fits[1]
scw/0983/098300530010.001/swg.fits[1]
scw/0983/098300540010.001/swg.fits[1]
scw/0983/098300690010.001/swg.fits[1]
scw/0983/098300700010.001/swg.fits[1]
scw/0985/098500570010.001/swg.fits[1]
scw/0985/098500580010.001/swg.fits[1]
scw/0985/098500600010.001/swg.fits[1]
scw/0985/098500610010.001/swg.fits[1]
scw/0985/098500620010.001/swg.fits[1]
scw/0985/098500800010.001/swg.fits[1]
scw/0985/098500810010.001/swg.fits[1]
scw/0985/098500820010.001/swg.fits[1]
scw/0985/098500840010.001/swg.fits[1]
scw/0985/098500860010.001/swg.fits[1]
scw/0985/098500870010.001/swg.fits[1]
scw/0985/098500880010.001/swg.fits[1]
scw/0985/098500890010.001/swg.fits[1]
scw/0985/098500910010.001/swg.fits[1]
scw/0985/098500920010.001/swg.fits[1]
scw/0986/098600590010.001/swg.fits[1]
scw/0986/098600600010.001/swg.fits[1]
scw/0986/098600620010.001/swg.fits[1]
scw/0989/098900110010.001/swg.fits[1]
scw/0989/098900120010.001/swg.fits[1]
scw/0989/098900130010.001/swg.fits[1]
scw/0989/098900290010.001/swg.fits[1]
scw/0989/098900310010.001/swg.fits[1]
scw/0989/098900320010.001/swg.fits[1]
scw/0989/098900330010.001/swg.fits[1]
scw/0989/098900340010.001/swg.fits[1]
scw/0989/098900350010.001/swg.fits[1]
scw/0989/098900360010.001/swg.fits[1]
scw/0989/098900380010.001/swg.fits[1]
scw/0989/098900400010.001/swg.fits[1]
scw/0989/098900570010.001/swg.fits[1]
scw/0989/098900580010.001/swg.fits[1]
scw/0989/098900590010.001/swg.fits[1]
scw/0989/098900600010.001/swg.fits[1]
scw/0992/099200400010.001/swg.fits[1]
scw/0992/099200410010.001/swg.fits[1]
scw/0992/099200430010.001/swg.fits[1]
scw/0992/099200440010.001/swg.fits[1]
scw/0992/099200580010.001/swg.fits[1]
scw/0992/099200600010.001/swg.fits[1]
scw/0992/099200610010.001/swg.fits[1]
scw/0992/099200620010.001/swg.fits[1]
scw/0992/099200640010.001/swg.fits[1]
scw/0992/099200650010.001/swg.fits[1]
scw/0992/099200660010.001/swg.fits[1]
scw/0992/099200670010.001/swg.fits[1]
scw/0992/099200690010.001/swg.fits[1]
scw/0992/099200710010.001/swg.fits[1]
scw/0992/099200870010.001/swg.fits[1]
scw/0992/099200880010.001/swg.fits[1]
scw/0992/099200890010.001/swg.fits[1]
scw/0992/099200900010.001/swg.fits[1]
scw/0993/099300380010.001/swg.fits[1]
scw/0994/099400380010.001/swg.fits[1]
scw/0994/099400400010.001/swg.fits[1]
scw/0994/099400410010.001/swg.fits[1]
scw/0994/099400420010.001/swg.fits[1]
scw/0994/099400530010.001/swg.fits[1]
scw/0994/099400540010.001/swg.fits[1]
scw/0994/099400560010.001/swg.fits[1]
scw/0994/099400570010.001/swg.fits[1]
scw/0994/099400580010.001/swg.fits[1]
scw/0994/099400590010.001/swg.fits[1]
scw/0994/099400600010.001/swg.fits[1]
scw/0994/099400610010.001/swg.fits[1]
