scw/2249/224900550010.001/swg.fits[1]
scw/2249/224900560010.001/swg.fits[1]
scw/2249/224900570010.001/swg.fits[1]
scw/2252/225200040010.001/swg.fits[1]
scw/2252/225200050010.001/swg.fits[1]
scw/2252/225200060010.001/swg.fits[1]
scw/2252/225200070010.001/swg.fits[1]
scw/2252/225200080010.001/swg.fits[1]
scw/2252/225200090010.001/swg.fits[1]
scw/2252/225200140010.001/swg.fits[1]
scw/2252/225200150010.001/swg.fits[1]
scw/2252/225200160010.001/swg.fits[1]
scw/2252/225200170010.001/swg.fits[1]
scw/2253/225300440010.001/swg.fits[1]
scw/2253/225300450010.001/swg.fits[1]
scw/2253/225300500010.001/swg.fits[1]
scw/2253/225300510010.001/swg.fits[1]
scw/2253/225300520010.001/swg.fits[1]
scw/2253/225300530010.001/swg.fits[1]
scw/2253/225300540010.001/swg.fits[1]
scw/2253/225300550010.001/swg.fits[1]
scw/2253/225300610010.001/swg.fits[1]
scw/2253/225300620010.001/swg.fits[1]
scw/2253/225300630010.001/swg.fits[1]
scw/2253/225300640010.001/swg.fits[1]
scw/2254/225400040010.001/swg.fits[1]
scw/2254/225400050010.001/swg.fits[1]
scw/2254/225400060010.001/swg.fits[1]
scw/2254/225400070010.001/swg.fits[1]
scw/2254/225400080010.001/swg.fits[1]
scw/2254/225400090010.001/swg.fits[1]
scw/2254/225400140010.001/swg.fits[1]
scw/2254/225400150010.001/swg.fits[1]
scw/2254/225400160010.001/swg.fits[1]
scw/2254/225400190010.001/swg.fits[1]
scw/2254/225400200010.001/swg.fits[1]
scw/2254/225400210010.001/swg.fits[1]
scw/2254/225400260010.001/swg.fits[1]
scw/2254/225400270010.001/swg.fits[1]
scw/2254/225400280010.001/swg.fits[1]
scw/2254/225400290010.001/swg.fits[1]
scw/2255/225500360010.001/swg.fits[1]
scw/2255/225500370010.001/swg.fits[1]
scw/2255/225500380010.001/swg.fits[1]
scw/2255/225500390010.001/swg.fits[1]
scw/2255/225500400010.001/swg.fits[1]
scw/2255/225500410010.001/swg.fits[1]
scw/2255/225500420010.001/swg.fits[1]
scw/2255/225500430010.001/swg.fits[1]
scw/2255/225500440010.001/swg.fits[1]
scw/2255/225500450010.001/swg.fits[1]
scw/2255/225500460010.001/swg.fits[1]
scw/2255/225500470010.001/swg.fits[1]
scw/2255/225500480010.001/swg.fits[1]
scw/2255/225500490010.001/swg.fits[1]
scw/2255/225500500010.001/swg.fits[1]
scw/2255/225500510010.001/swg.fits[1]
scw/2255/225500520010.001/swg.fits[1]
scw/2255/225500530010.001/swg.fits[1]
scw/2255/225500540010.001/swg.fits[1]
scw/2255/225500550010.001/swg.fits[1]
scw/2255/225500560010.001/swg.fits[1]
scw/2255/225500570010.001/swg.fits[1]
scw/2255/225500580010.001/swg.fits[1]
scw/2255/225500590010.001/swg.fits[1]
scw/2255/225500600010.001/swg.fits[1]
scw/2257/225700380010.001/swg.fits[1]
scw/2258/225800300010.001/swg.fits[1]
scw/2259/225900300010.001/swg.fits[1]
scw/2259/225900640010.001/swg.fits[1]
scw/2260/226000300010.001/swg.fits[1]
scw/2261/226100600010.001/swg.fits[1]
scw/2272/227200540010.001/swg.fits[1]
scw/2279/227900020010.001/swg.fits[1]
scw/2279/227900030010.001/swg.fits[1]
scw/2279/227900050010.001/swg.fits[1]
scw/2279/227900060010.001/swg.fits[1]
scw/2279/227900070010.001/swg.fits[1]
scw/2279/227900080010.001/swg.fits[1]
scw/2279/227900090010.001/swg.fits[1]
scw/2279/227900120010.001/swg.fits[1]
scw/2279/227900130010.001/swg.fits[1]
scw/2279/227900140010.001/swg.fits[1]
scw/2279/227900150010.001/swg.fits[1]
scw/2279/227900160010.001/swg.fits[1]
scw/2279/227900190010.001/swg.fits[1]
scw/2279/227900200010.001/swg.fits[1]
scw/2279/227900210010.001/swg.fits[1]
scw/2279/227900220010.001/swg.fits[1]
scw/2279/227900230010.001/swg.fits[1]
scw/2279/227900240010.001/swg.fits[1]
scw/2279/227900260010.001/swg.fits[1]
scw/2279/227900270010.001/swg.fits[1]
scw/2279/227900280010.001/swg.fits[1]
scw/2279/227900290010.001/swg.fits[1]
scw/2279/227900300010.001/swg.fits[1]
scw/2279/227900310010.001/swg.fits[1]
scw/2279/227900320010.001/swg.fits[1]
scw/2279/227900330010.001/swg.fits[1]
scw/2279/227900340010.001/swg.fits[1]
scw/2279/227900350010.001/swg.fits[1]
scw/2279/227900360010.001/swg.fits[1]
scw/2279/227900370010.001/swg.fits[1]
scw/2279/227900380010.001/swg.fits[1]
scw/2279/227900390010.001/swg.fits[1]
scw/2279/227900400010.001/swg.fits[1]
scw/2279/227900410010.001/swg.fits[1]
scw/2279/227900420010.001/swg.fits[1]
scw/2279/227900430010.001/swg.fits[1]
scw/2279/227900440010.001/swg.fits[1]
scw/2279/227900450010.001/swg.fits[1]
scw/2279/227900470010.001/swg.fits[1]
scw/2279/227900480010.001/swg.fits[1]
scw/2279/227900490010.001/swg.fits[1]
scw/2279/227900500010.001/swg.fits[1]
scw/2279/227900510010.001/swg.fits[1]
scw/2279/227900520010.001/swg.fits[1]
scw/2279/227900540010.001/swg.fits[1]
scw/2313/231300440010.001/swg.fits[1]
scw/2322/232200690010.001/swg.fits[1]
scw/2322/232200700010.001/swg.fits[1]
scw/2322/232200710010.001/swg.fits[1]
scw/2324/232400830010.001/swg.fits[1]
scw/2324/232400840010.001/swg.fits[1]
scw/2324/232400910010.001/swg.fits[1]
scw/2324/232400920010.001/swg.fits[1]
scw/2324/232400930010.001/swg.fits[1]
scw/2324/232400940010.001/swg.fits[1]
scw/2324/232400950010.001/swg.fits[1]
scw/2362/236200530010.001/swg.fits[1]
scw/2362/236200610010.001/swg.fits[1]
scw/2362/236200620010.001/swg.fits[1]
scw/2362/236200630010.001/swg.fits[1]
scw/2362/236200640010.001/swg.fits[1]
scw/2362/236200650010.001/swg.fits[1]
scw/2363/236300460010.001/swg.fits[1]
scw/2371/237100350010.001/swg.fits[1]
scw/2371/237100520010.001/swg.fits[1]
scw/2371/237100530010.001/swg.fits[1]
scw/2371/237100590010.001/swg.fits[1]
scw/2371/237100610010.001/swg.fits[1]
scw/2371/237100670010.001/swg.fits[1]
scw/2371/237100680010.001/swg.fits[1]
scw/2371/237100690010.001/swg.fits[1]
scw/2371/237100760010.001/swg.fits[1]
scw/2371/237100770010.001/swg.fits[1]
scw/2371/237100780010.001/swg.fits[1]
scw/2371/237100790010.001/swg.fits[1]
scw/2371/237100800010.001/swg.fits[1]
scw/2371/237100850010.001/swg.fits[1]
scw/2371/237100860010.001/swg.fits[1]
scw/2378/237800300010.001/swg.fits[1]
scw/2378/237800310010.001/swg.fits[1]
scw/2378/237800360010.001/swg.fits[1]
scw/2378/237800370010.001/swg.fits[1]
scw/2378/237800380010.001/swg.fits[1]
scw/2378/237800410010.001/swg.fits[1]
scw/2378/237800420010.001/swg.fits[1]
scw/2378/237800430010.001/swg.fits[1]
scw/2378/237800480010.001/swg.fits[1]
scw/2378/237800490010.001/swg.fits[1]
scw/2378/237800510010.001/swg.fits[1]
scw/2378/237800520010.001/swg.fits[1]
scw/2378/237800530010.001/swg.fits[1]
scw/2378/237800590010.001/swg.fits[1]
scw/2378/237800600010.001/swg.fits[1]
scw/2378/237800610010.001/swg.fits[1]
scw/2381/238100360010.001/swg.fits[1]
scw/2383/238300430010.001/swg.fits[1]
scw/2384/238400310010.001/swg.fits[1]
scw/2384/238400320010.001/swg.fits[1]
scw/2384/238400330010.001/swg.fits[1]
scw/2384/238400570010.001/swg.fits[1]
scw/2384/238400590010.001/swg.fits[1]
scw/2384/238400600010.001/swg.fits[1]
scw/2384/238400670010.001/swg.fits[1]
scw/2384/238400680010.001/swg.fits[1]
scw/2384/238400690010.001/swg.fits[1]
scw/2384/238400700010.001/swg.fits[1]
scw/2384/238400770010.001/swg.fits[1]
scw/2384/238400780010.001/swg.fits[1]
scw/2388/238800290010.001/swg.fits[1]
scw/2388/238800300010.001/swg.fits[1]
scw/2388/238800380010.001/swg.fits[1]
scw/2388/238800390010.001/swg.fits[1]
scw/2388/238800400010.001/swg.fits[1]
scw/2388/238800410010.001/swg.fits[1]
scw/2388/238800480010.001/swg.fits[1]
scw/2388/238800490010.001/swg.fits[1]
scw/2388/238800500010.001/swg.fits[1]
scw/2390/239000060010.001/swg.fits[1]
scw/2390/239000070010.001/swg.fits[1]
scw/2390/239000080010.001/swg.fits[1]
scw/2390/239000090010.001/swg.fits[1]
scw/2390/239000100010.001/swg.fits[1]
scw/2390/239000110010.001/swg.fits[1]
scw/2390/239000170010.001/swg.fits[1]
scw/2390/239000230010.001/swg.fits[1]
scw/2392/239200600010.001/swg.fits[1]
scw/2392/239200610010.001/swg.fits[1]
scw/2392/239200620010.001/swg.fits[1]
scw/2392/239200630010.001/swg.fits[1]
scw/2392/239200640010.001/swg.fits[1]
scw/2392/239200650010.001/swg.fits[1]
scw/2392/239200710010.001/swg.fits[1]
scw/2392/239200720010.001/swg.fits[1]
scw/2392/239200730010.001/swg.fits[1]
scw/2392/239200740010.001/swg.fits[1]
scw/2392/239200820010.001/swg.fits[1]
scw/2392/239200880010.001/swg.fits[1]
scw/2392/239200890010.001/swg.fits[1]
scw/2392/239200980010.001/swg.fits[1]
scw/2392/239200990010.001/swg.fits[1]
scw/2393/239300960010.001/swg.fits[1]
scw/2393/239300970010.001/swg.fits[1]
scw/2394/239400280010.001/swg.fits[1]
scw/2394/239400640010.001/swg.fits[1]
