scw/1464/146400490010.001/swg.fits[1]
scw/1464/146400500010.001/swg.fits[1]
scw/1464/146400510010.001/swg.fits[1]
scw/1464/146400520010.001/swg.fits[1]
scw/1464/146400530010.001/swg.fits[1]
scw/1464/146400590010.001/swg.fits[1]
scw/1464/146400600010.001/swg.fits[1]
scw/1464/146400610010.001/swg.fits[1]
scw/1464/146400620010.001/swg.fits[1]
scw/1464/146400630010.001/swg.fits[1]
scw/1464/146400640010.001/swg.fits[1]
scw/1464/146400650010.001/swg.fits[1]
scw/1464/146400660010.001/swg.fits[1]
scw/1464/146400670010.001/swg.fits[1]
scw/1464/146400680010.001/swg.fits[1]
scw/1464/146400690010.001/swg.fits[1]
scw/1464/146400700010.001/swg.fits[1]
scw/1464/146400710010.001/swg.fits[1]
scw/1464/146400720010.001/swg.fits[1]
scw/1464/146400770010.001/swg.fits[1]
scw/1464/146400820010.001/swg.fits[1]
scw/1464/146400830010.001/swg.fits[1]
scw/1464/146400840010.001/swg.fits[1]
scw/1464/146400850010.001/swg.fits[1]
scw/1464/146400860010.001/swg.fits[1]
scw/1464/146400870010.001/swg.fits[1]
scw/1464/146400880010.001/swg.fits[1]
scw/1464/146400890010.001/swg.fits[1]
scw/1465/146500040010.001/swg.fits[1]
scw/1465/146500190010.001/swg.fits[1]
scw/1465/146500200010.001/swg.fits[1]
scw/1465/146500210010.001/swg.fits[1]
scw/1465/146500270010.001/swg.fits[1]
scw/1465/146500280010.001/swg.fits[1]
scw/1465/146500290010.001/swg.fits[1]
scw/1465/146500300010.001/swg.fits[1]
scw/1465/146500310010.001/swg.fits[1]
scw/1465/146500320010.001/swg.fits[1]
scw/1465/146500330010.001/swg.fits[1]
scw/1465/146500460010.001/swg.fits[1]
scw/1465/146500530010.001/swg.fits[1]
scw/1465/146500540010.001/swg.fits[1]
scw/1465/146500550010.001/swg.fits[1]
scw/1465/146500560010.001/swg.fits[1]
scw/1465/146500570010.001/swg.fits[1]
scw/1465/146500580010.001/swg.fits[1]
scw/1465/146500590010.001/swg.fits[1]
scw/1466/146600350010.001/swg.fits[1]
scw/1466/146600420010.001/swg.fits[1]
scw/1466/146600430010.001/swg.fits[1]
scw/1466/146600440010.001/swg.fits[1]
scw/1466/146600450010.001/swg.fits[1]
scw/1466/146600460010.001/swg.fits[1]
scw/1466/146600470010.001/swg.fits[1]
scw/1466/146600480010.001/swg.fits[1]
scw/1466/146600490010.001/swg.fits[1]
scw/1466/146600510010.001/swg.fits[1]
scw/1466/146600520010.001/swg.fits[1]
scw/1467/146700140010.001/swg.fits[1]
scw/1467/146700300010.001/swg.fits[1]
scw/1467/146700310010.001/swg.fits[1]
scw/1467/146700370010.001/swg.fits[1]
scw/1467/146700380010.001/swg.fits[1]
scw/1467/146700390010.001/swg.fits[1]
scw/1467/146700400010.001/swg.fits[1]
scw/1467/146700410010.001/swg.fits[1]
scw/1467/146700420010.001/swg.fits[1]
scw/1467/146700430010.001/swg.fits[1]
scw/1467/146700560010.001/swg.fits[1]
scw/1467/146700570010.001/swg.fits[1]
scw/1467/146700630010.001/swg.fits[1]
scw/1467/146700640010.001/swg.fits[1]
scw/1467/146700650010.001/swg.fits[1]
scw/1467/146700660010.001/swg.fits[1]
scw/1467/146700670010.001/swg.fits[1]
scw/1467/146700680010.001/swg.fits[1]
scw/1467/146700690010.001/swg.fits[1]
scw/1467/146700820010.001/swg.fits[1]
scw/1467/146700830010.001/swg.fits[1]
scw/1467/146700890010.001/swg.fits[1]
scw/1467/146700900010.001/swg.fits[1]
scw/1467/146700910010.001/swg.fits[1]
scw/1467/146700920010.001/swg.fits[1]
scw/1467/146700930010.001/swg.fits[1]
scw/1467/146700940010.001/swg.fits[1]
scw/1467/146700950010.001/swg.fits[1]
scw/1468/146800460010.001/swg.fits[1]
scw/1468/146800610010.001/swg.fits[1]
scw/1468/146800620010.001/swg.fits[1]
scw/1468/146800630010.001/swg.fits[1]
scw/1468/146800690010.001/swg.fits[1]
scw/1468/146800700010.001/swg.fits[1]
scw/1468/146800710010.001/swg.fits[1]
scw/1468/146800720010.001/swg.fits[1]
scw/1468/146800730010.001/swg.fits[1]
scw/1468/146800740010.001/swg.fits[1]
scw/1468/146800750010.001/swg.fits[1]
scw/1468/146800790010.001/swg.fits[1]
scw/1468/146800800010.001/swg.fits[1]
scw/1468/146800810010.001/swg.fits[1]
scw/1468/146800820010.001/swg.fits[1]
scw/1468/146800830010.001/swg.fits[1]
scw/1468/146800840010.001/swg.fits[1]
scw/1468/146800850010.001/swg.fits[1]
scw/1468/146800860010.001/swg.fits[1]
scw/1468/146800870010.001/swg.fits[1]
scw/1468/146800880010.001/swg.fits[1]
scw/1468/146800890010.001/swg.fits[1]
scw/1468/146800900010.001/swg.fits[1]
scw/1468/146800920010.001/swg.fits[1]
scw/1468/146800930010.001/swg.fits[1]
scw/1468/146800990010.001/swg.fits[1]
scw/1468/146801000010.001/swg.fits[1]
scw/1468/146801010010.001/swg.fits[1]
scw/1468/146801020010.001/swg.fits[1]
scw/1468/146801030010.001/swg.fits[1]
scw/1468/146801040010.001/swg.fits[1]
scw/1468/146801050010.001/swg.fits[1]
scw/1468/146801060010.001/swg.fits[1]
scw/1468/146801070010.001/swg.fits[1]
scw/1468/146801080010.001/swg.fits[1]
scw/1468/146801090010.001/swg.fits[1]
scw/1468/146801100010.001/swg.fits[1]
scw/1468/146801110010.001/swg.fits[1]
scw/1468/146801120010.001/swg.fits[1]
scw/1469/146900030010.001/swg.fits[1]
scw/1469/146900040010.001/swg.fits[1]
scw/1469/146900050010.001/swg.fits[1]
scw/1469/146900060010.001/swg.fits[1]
scw/1469/146900070010.001/swg.fits[1]
scw/1469/146900080010.001/swg.fits[1]
scw/1469/146900090010.001/swg.fits[1]
scw/1469/146900100010.001/swg.fits[1]
scw/1469/146900110010.001/swg.fits[1]
scw/1469/146900120010.001/swg.fits[1]
scw/1469/146900130010.001/swg.fits[1]
scw/1469/146900140010.001/swg.fits[1]
scw/1469/146900150010.001/swg.fits[1]
scw/1469/146900160010.001/swg.fits[1]
scw/1469/146900220010.001/swg.fits[1]
scw/1469/146900230010.001/swg.fits[1]
scw/1469/146900240010.001/swg.fits[1]
scw/1469/146900250010.001/swg.fits[1]
scw/1469/146900260010.001/swg.fits[1]
scw/1469/146900270010.001/swg.fits[1]
scw/1469/146900280010.001/swg.fits[1]
scw/1469/146900290010.001/swg.fits[1]
scw/1469/146900300010.001/swg.fits[1]
scw/1469/146900310010.001/swg.fits[1]
scw/1469/146900320010.001/swg.fits[1]
scw/1469/146900330010.001/swg.fits[1]
scw/1469/146900340010.001/swg.fits[1]
scw/1469/146900350010.001/swg.fits[1]
scw/1469/146900470010.001/swg.fits[1]
scw/1469/146900480010.001/swg.fits[1]
scw/1469/146900490010.001/swg.fits[1]
scw/1469/146900550010.001/swg.fits[1]
scw/1469/146900560010.001/swg.fits[1]
scw/1469/146900570010.001/swg.fits[1]
scw/1469/146900580010.001/swg.fits[1]
scw/1469/146900590010.001/swg.fits[1]
scw/1469/146900600010.001/swg.fits[1]
scw/1469/146900650010.001/swg.fits[1]
scw/1469/146900660010.001/swg.fits[1]
scw/1469/146900670010.001/swg.fits[1]
scw/1470/147000380010.001/swg.fits[1]
scw/1470/147000390010.001/swg.fits[1]
scw/1470/147000400010.001/swg.fits[1]
scw/1508/150800420010.001/swg.fits[1]
scw/1508/150800430010.001/swg.fits[1]
scw/1508/150800440010.001/swg.fits[1]
scw/1508/150800450010.001/swg.fits[1]
scw/1508/150800460010.001/swg.fits[1]
scw/1508/150800470010.001/swg.fits[1]
scw/1508/150800480010.001/swg.fits[1]
scw/1508/150800550010.001/swg.fits[1]
scw/1508/150800870010.001/swg.fits[1]
scw/1508/150800880010.001/swg.fits[1]
scw/1508/150800890010.001/swg.fits[1]
scw/1508/150800890020.001/swg.fits[1]
scw/1509/150900030010.001/swg.fits[1]
scw/1509/150900040010.001/swg.fits[1]
scw/1509/150900050010.001/swg.fits[1]
scw/1509/150900060010.001/swg.fits[1]
scw/1509/150900070010.001/swg.fits[1]
scw/1509/150900080010.001/swg.fits[1]
scw/1509/150900090010.001/swg.fits[1]
scw/1509/150900150010.001/swg.fits[1]
scw/1509/150900160010.001/swg.fits[1]
scw/1509/150900320010.001/swg.fits[1]
scw/1509/150900330010.001/swg.fits[1]
scw/1509/150900340010.001/swg.fits[1]
scw/1509/150900350010.001/swg.fits[1]
scw/1509/150900410010.001/swg.fits[1]
scw/1509/150900420010.001/swg.fits[1]
scw/1509/150900430010.001/swg.fits[1]
scw/1509/150900550010.001/swg.fits[1]
scw/1509/150900560010.001/swg.fits[1]
scw/1509/150900570010.001/swg.fits[1]
scw/1509/150900580010.001/swg.fits[1]
scw/1509/150900590010.001/swg.fits[1]
scw/1509/150900600010.001/swg.fits[1]
scw/1509/150900610010.001/swg.fits[1]
scw/1509/150900670010.001/swg.fits[1]
scw/1509/150900680010.001/swg.fits[1]
scw/1509/150901000010.001/swg.fits[1]
scw/1509/150901010010.001/swg.fits[1]
scw/1509/150901020010.001/swg.fits[1]
scw/1510/151000050010.001/swg.fits[1]
scw/1510/151000060010.001/swg.fits[1]
scw/1510/151000070010.001/swg.fits[1]
scw/1510/151000260010.001/swg.fits[1]
scw/1510/151000270010.001/swg.fits[1]
scw/1510/151000280010.001/swg.fits[1]
scw/1510/151000290010.001/swg.fits[1]
scw/1510/151000300010.001/swg.fits[1]
scw/1510/151000310010.001/swg.fits[1]
scw/1510/151000320010.001/swg.fits[1]
scw/1510/151000380010.001/swg.fits[1]
scw/1510/151000390010.001/swg.fits[1]
scw/1510/151000520010.001/swg.fits[1]
scw/1510/151000530010.001/swg.fits[1]
scw/1510/151000540010.001/swg.fits[1]
scw/1510/151000550010.001/swg.fits[1]
scw/1510/151000560010.001/swg.fits[1]
scw/1510/151000570010.001/swg.fits[1]
scw/1510/151000580010.001/swg.fits[1]
scw/1510/151000640010.001/swg.fits[1]
scw/1510/151000650010.001/swg.fits[1]
scw/1510/151000790010.001/swg.fits[1]
scw/1510/151000800010.001/swg.fits[1]
scw/1510/151000810010.001/swg.fits[1]
scw/1510/151000820010.001/swg.fits[1]
scw/1510/151000830010.001/swg.fits[1]
scw/1510/151000840010.001/swg.fits[1]
scw/1511/151100490010.001/swg.fits[1]
scw/1511/151100500010.001/swg.fits[1]
scw/1511/151100510010.001/swg.fits[1]
scw/1511/151100530010.001/swg.fits[1]
scw/1511/151100540010.001/swg.fits[1]
scw/1511/151100550010.001/swg.fits[1]
scw/1511/151100560010.001/swg.fits[1]
scw/1511/151100570010.001/swg.fits[1]
scw/1511/151100580010.001/swg.fits[1]
scw/1511/151100590010.001/swg.fits[1]
scw/1511/151100600010.001/swg.fits[1]
scw/1511/151100650010.001/swg.fits[1]
