scw/0390/039000210010.001/swg.fits[1]
scw/0390/039000220010.001/swg.fits[1]
scw/0390/039000290010.001/swg.fits[1]
scw/0390/039000300010.001/swg.fits[1]
scw/0390/039000310010.001/swg.fits[1]
scw/0390/039000320010.001/swg.fits[1]
scw/0390/039000390010.001/swg.fits[1]
scw/0390/039000400010.001/swg.fits[1]
scw/0390/039000410010.001/swg.fits[1]
scw/0390/039000420010.001/swg.fits[1]
scw/0390/039000490010.001/swg.fits[1]
scw/0390/039000500010.001/swg.fits[1]
scw/0390/039000510010.001/swg.fits[1]
scw/0390/039000520010.001/swg.fits[1]
scw/0391/039100140010.001/swg.fits[1]
scw/0391/039100150010.001/swg.fits[1]
scw/0391/039100170010.001/swg.fits[1]
scw/0391/039100230010.001/swg.fits[1]
scw/0391/039100240010.001/swg.fits[1]
scw/0391/039100250010.001/swg.fits[1]
scw/0391/039100260010.001/swg.fits[1]
scw/0391/039100270010.001/swg.fits[1]
scw/0391/039100280010.001/swg.fits[1]
scw/0391/039100340010.001/swg.fits[1]
scw/0391/039100350010.001/swg.fits[1]
scw/0391/039100360010.001/swg.fits[1]
scw/0391/039100370010.001/swg.fits[1]
scw/0391/039100440010.001/swg.fits[1]
scw/0391/039100450010.001/swg.fits[1]
scw/0391/039100460010.001/swg.fits[1]
scw/0391/039100470010.001/swg.fits[1]
scw/0391/039100540010.001/swg.fits[1]
scw/0391/039100550010.001/swg.fits[1]
scw/0391/039100560010.001/swg.fits[1]
scw/0391/039100570010.001/swg.fits[1]
scw/0392/039200020010.001/swg.fits[1]
scw/0392/039200030010.001/swg.fits[1]
scw/0392/039200040010.001/swg.fits[1]
scw/0392/039200050010.001/swg.fits[1]
scw/0392/039200120010.001/swg.fits[1]
scw/0392/039200130010.001/swg.fits[1]
scw/0392/039200140010.001/swg.fits[1]
scw/0392/039200150010.001/swg.fits[1]
scw/0392/039200220010.001/swg.fits[1]
scw/0392/039200230010.001/swg.fits[1]
scw/0392/039200240010.001/swg.fits[1]
scw/0392/039200250010.001/swg.fits[1]
scw/0392/039200320010.001/swg.fits[1]
scw/0392/039200330010.001/swg.fits[1]
scw/0392/039200340010.001/swg.fits[1]
scw/0392/039200350010.001/swg.fits[1]
scw/0392/039200420010.001/swg.fits[1]
scw/0392/039200430010.001/swg.fits[1]
scw/0392/039200440010.001/swg.fits[1]
scw/0392/039200450010.001/swg.fits[1]
scw/0392/039200530010.001/swg.fits[1]
scw/0392/039200540010.001/swg.fits[1]
scw/0393/039300020010.001/swg.fits[1]
scw/0393/039300030010.001/swg.fits[1]
scw/0393/039300040010.001/swg.fits[1]
scw/0393/039300050010.001/swg.fits[1]
scw/0393/039300130010.001/swg.fits[1]
scw/0393/039300140010.001/swg.fits[1]
scw/0393/039300150010.001/swg.fits[1]
scw/0393/039300220010.001/swg.fits[1]
scw/0393/039300230010.001/swg.fits[1]
scw/0393/039300240010.001/swg.fits[1]
scw/0393/039300250010.001/swg.fits[1]
scw/0393/039300320010.001/swg.fits[1]
scw/0393/039300330010.001/swg.fits[1]
scw/0393/039300340010.001/swg.fits[1]
scw/0393/039300420010.001/swg.fits[1]
scw/0393/039300430010.001/swg.fits[1]
scw/0393/039300440010.001/swg.fits[1]
scw/0393/039300450010.001/swg.fits[1]
scw/0393/039300520010.001/swg.fits[1]
scw/0393/039300530010.001/swg.fits[1]
scw/0393/039300540010.001/swg.fits[1]
scw/0393/039300550010.001/swg.fits[1]
scw/0394/039400030010.001/swg.fits[1]
scw/0394/039400040010.001/swg.fits[1]
scw/0394/039400050010.001/swg.fits[1]
scw/0394/039400060010.001/swg.fits[1]
scw/0394/039400130010.001/swg.fits[1]
scw/0394/039400140010.001/swg.fits[1]
scw/0394/039400150010.001/swg.fits[1]
scw/0394/039400160010.001/swg.fits[1]
scw/0394/039400240010.001/swg.fits[1]
scw/0394/039400250010.001/swg.fits[1]
scw/0394/039400340010.001/swg.fits[1]
scw/0394/039400350010.001/swg.fits[1]
scw/0394/039400350020.001/swg.fits[1]
scw/0394/039400400010.001/swg.fits[1]
scw/0394/039400470010.001/swg.fits[1]
scw/0394/039400480010.001/swg.fits[1]
scw/0394/039400490010.001/swg.fits[1]
scw/0394/039400500010.001/swg.fits[1]
scw/0394/039400570010.001/swg.fits[1]
scw/0394/039400580010.001/swg.fits[1]
scw/0395/039500130010.001/swg.fits[1]
scw/0395/039500140010.001/swg.fits[1]
scw/0395/039500210010.001/swg.fits[1]
scw/0395/039500220010.001/swg.fits[1]
scw/0395/039500230010.001/swg.fits[1]
scw/0395/039500320010.001/swg.fits[1]
scw/0395/039500330010.001/swg.fits[1]
scw/0395/039500410010.001/swg.fits[1]
scw/0395/039500420010.001/swg.fits[1]
scw/0395/039500430010.001/swg.fits[1]
scw/0395/039500440010.001/swg.fits[1]
scw/0395/039500510010.001/swg.fits[1]
scw/0395/039500520010.001/swg.fits[1]
scw/0395/039500530010.001/swg.fits[1]
scw/0395/039500540010.001/swg.fits[1]
scw/0395/039500550010.001/swg.fits[1]
scw/0395/039500600010.001/swg.fits[1]
scw/0395/039500610010.001/swg.fits[1]
scw/0395/039500620010.001/swg.fits[1]
scw/0395/039500630010.001/swg.fits[1]
scw/0395/039500630020.001/swg.fits[1]
scw/0396/039600090010.001/swg.fits[1]
scw/0396/039600100010.001/swg.fits[1]
scw/0397/039700620010.001/swg.fits[1]
scw/0397/039700630010.001/swg.fits[1]
scw/0397/039700640010.001/swg.fits[1]
scw/0412/041200080010.001/swg.fits[1]
scw/0420/042000040010.001/swg.fits[1]
scw/0420/042000050010.001/swg.fits[1]
scw/0420/042000060010.001/swg.fits[1]
scw/0452/045200130010.001/swg.fits[1]
scw/0452/045200140010.001/swg.fits[1]
scw/0452/045200580010.001/swg.fits[1]
scw/0452/045200590010.001/swg.fits[1]
scw/0452/045200640010.001/swg.fits[1]
scw/0452/045200650010.001/swg.fits[1]
scw/0452/045200700010.001/swg.fits[1]
scw/0452/045200710010.001/swg.fits[1]
scw/0452/045200760010.001/swg.fits[1]
scw/0452/045200770010.001/swg.fits[1]
scw/0452/045200820010.001/swg.fits[1]
scw/0454/045400520010.001/swg.fits[1]
scw/0460/046000050010.001/swg.fits[1]
scw/0460/046000060010.001/swg.fits[1]
scw/0466/046600060010.001/swg.fits[1]
scw/0466/046600150010.001/swg.fits[1]
scw/0466/046600160010.001/swg.fits[1]
scw/0466/046600170010.001/swg.fits[1]
scw/0466/046600230010.001/swg.fits[1]
scw/0466/046600240010.001/swg.fits[1]
scw/0466/046600250010.001/swg.fits[1]
scw/0466/046600260010.001/swg.fits[1]
scw/0466/046600270010.001/swg.fits[1]
scw/0466/046600280010.001/swg.fits[1]
scw/0466/046600340010.001/swg.fits[1]
scw/0466/046600350010.001/swg.fits[1]
scw/0466/046600360010.001/swg.fits[1]
scw/0466/046600370010.001/swg.fits[1]
scw/0466/046600450010.001/swg.fits[1]
scw/0641/064100020010.001/swg.fits[1]
scw/0641/064100030010.001/swg.fits[1]
scw/0641/064100040010.001/swg.fits[1]
scw/0641/064100050010.001/swg.fits[1]
scw/0641/064100060010.001/swg.fits[1]
scw/0641/064100070010.001/swg.fits[1]
scw/0641/064100080010.001/swg.fits[1]
scw/0641/064100090010.001/swg.fits[1]
scw/0641/064100100010.001/swg.fits[1]
scw/0641/064100110010.001/swg.fits[1]
scw/0641/064100120010.001/swg.fits[1]
scw/0641/064100130010.001/swg.fits[1]
scw/0641/064100140010.001/swg.fits[1]
scw/0641/064100150010.001/swg.fits[1]
scw/0641/064100160010.001/swg.fits[1]
scw/0641/064100170010.001/swg.fits[1]
scw/0641/064100180010.001/swg.fits[1]
scw/0641/064100190010.001/swg.fits[1]
scw/0641/064100200010.001/swg.fits[1]
scw/0641/064100210010.001/swg.fits[1]
scw/0641/064100220010.001/swg.fits[1]
scw/0641/064100230010.001/swg.fits[1]
scw/0641/064100240010.001/swg.fits[1]
scw/0641/064100250010.001/swg.fits[1]
scw/0641/064100260010.001/swg.fits[1]
scw/0641/064100310010.001/swg.fits[1]
scw/0641/064100320010.001/swg.fits[1]
scw/0641/064100330010.001/swg.fits[1]
scw/0641/064100340010.001/swg.fits[1]
scw/0641/064100350010.001/swg.fits[1]
scw/0641/064100360010.001/swg.fits[1]
scw/0641/064100370010.001/swg.fits[1]
scw/0641/064100380010.001/swg.fits[1]
scw/0641/064100390010.001/swg.fits[1]
scw/0641/064100400010.001/swg.fits[1]
scw/0641/064100410010.001/swg.fits[1]
scw/0641/064100420010.001/swg.fits[1]
scw/0641/064100430010.001/swg.fits[1]
scw/0641/064100440010.001/swg.fits[1]
scw/0641/064100450010.001/swg.fits[1]
scw/0641/064100460010.001/swg.fits[1]
scw/0641/064100470010.001/swg.fits[1]
scw/0641/064100480010.001/swg.fits[1]
scw/0641/064100490010.001/swg.fits[1]
scw/0641/064100500010.001/swg.fits[1]
scw/0641/064100510010.001/swg.fits[1]
scw/0641/064100520010.001/swg.fits[1]
scw/0641/064100530010.001/swg.fits[1]
scw/0641/064100540010.001/swg.fits[1]
scw/0641/064100550010.001/swg.fits[1]
scw/0641/064100560010.001/swg.fits[1]
scw/0641/064100570010.001/swg.fits[1]
scw/0641/064100580010.001/swg.fits[1]
scw/0641/064100590010.001/swg.fits[1]
scw/0641/064100600010.001/swg.fits[1]
scw/0641/064100610010.001/swg.fits[1]
scw/0641/064100620010.001/swg.fits[1]
scw/0641/064100630010.001/swg.fits[1]
scw/0641/064100640010.001/swg.fits[1]
scw/0641/064100650010.001/swg.fits[1]
scw/0642/064200020010.001/swg.fits[1]
scw/0642/064200030010.001/swg.fits[1]
scw/0642/064200040010.001/swg.fits[1]
scw/0642/064200050010.001/swg.fits[1]
scw/0642/064200060010.001/swg.fits[1]
scw/0642/064200070010.001/swg.fits[1]
scw/0642/064200080010.001/swg.fits[1]
scw/0642/064200090010.001/swg.fits[1]
scw/0642/064200100010.001/swg.fits[1]
scw/0642/064200110010.001/swg.fits[1]
scw/0642/064200120010.001/swg.fits[1]
scw/0642/064200130010.001/swg.fits[1]
scw/0642/064200140010.001/swg.fits[1]
scw/0642/064200150010.001/swg.fits[1]
scw/0642/064200160010.001/swg.fits[1]
scw/0642/064200170010.001/swg.fits[1]
scw/0642/064200180010.001/swg.fits[1]
scw/0642/064200190010.001/swg.fits[1]
scw/0642/064200200010.001/swg.fits[1]
scw/0642/064200210010.001/swg.fits[1]
scw/0642/064200220010.001/swg.fits[1]
scw/0642/064200230010.001/swg.fits[1]
scw/0642/064200240010.001/swg.fits[1]
scw/0642/064200250010.001/swg.fits[1]
scw/0642/064200260010.001/swg.fits[1]
scw/0642/064200270010.001/swg.fits[1]
