scw/1389/138900380010.001/swg.fits[1]
scw/1389/138900390010.001/swg.fits[1]
scw/1389/138900400010.001/swg.fits[1]
scw/1389/138900410010.001/swg.fits[1]
scw/1389/138900420010.001/swg.fits[1]
scw/1389/138900430010.001/swg.fits[1]
scw/1389/138900440010.001/swg.fits[1]
scw/1389/138900460010.001/swg.fits[1]
scw/1389/138900470010.001/swg.fits[1]
scw/1390/139000040010.001/swg.fits[1]
scw/1390/139000050010.001/swg.fits[1]
scw/1390/139000060010.001/swg.fits[1]
scw/1390/139000070010.001/swg.fits[1]
scw/1390/139000080010.001/swg.fits[1]
scw/1390/139000090010.001/swg.fits[1]
scw/1390/139000100010.001/swg.fits[1]
scw/1390/139000110010.001/swg.fits[1]
scw/1390/139000120010.001/swg.fits[1]
scw/1390/139000130010.001/swg.fits[1]
scw/1390/139000140010.001/swg.fits[1]
scw/1390/139000150010.001/swg.fits[1]
scw/1390/139000160010.001/swg.fits[1]
scw/1390/139000170010.001/swg.fits[1]
scw/1390/139000180010.001/swg.fits[1]
scw/1390/139000190010.001/swg.fits[1]
scw/1390/139000200010.001/swg.fits[1]
scw/1390/139000210010.001/swg.fits[1]
scw/1390/139000220010.001/swg.fits[1]
scw/1390/139000230010.001/swg.fits[1]
scw/1390/139000240010.001/swg.fits[1]
scw/1390/139000250010.001/swg.fits[1]
scw/1390/139000260010.001/swg.fits[1]
scw/1390/139000270010.001/swg.fits[1]
scw/1390/139000280010.001/swg.fits[1]
scw/1390/139000290010.001/swg.fits[1]
scw/1390/139000300010.001/swg.fits[1]
scw/1390/139000310010.001/swg.fits[1]
scw/1390/139000320010.001/swg.fits[1]
scw/1390/139000330010.001/swg.fits[1]
scw/1390/139000340010.001/swg.fits[1]
scw/1390/139000350010.001/swg.fits[1]
scw/1390/139000360010.001/swg.fits[1]
scw/1390/139000370010.001/swg.fits[1]
scw/1390/139000380010.001/swg.fits[1]
scw/1390/139000390010.001/swg.fits[1]
scw/1390/139000400010.001/swg.fits[1]
scw/1390/139000430010.001/swg.fits[1]
scw/1390/139000440010.001/swg.fits[1]
scw/1390/139000450010.001/swg.fits[1]
scw/1390/139000460010.001/swg.fits[1]
scw/1390/139000470010.001/swg.fits[1]
scw/1390/139000480010.001/swg.fits[1]
scw/1390/139000490010.001/swg.fits[1]
scw/1390/139000500010.001/swg.fits[1]
scw/1390/139000510010.001/swg.fits[1]
scw/1390/139000520010.001/swg.fits[1]
scw/1390/139000530010.001/swg.fits[1]
scw/1390/139000540010.001/swg.fits[1]
scw/1390/139000550010.001/swg.fits[1]
scw/1390/139000560010.001/swg.fits[1]
scw/1390/139000570010.001/swg.fits[1]
scw/1390/139000580010.001/swg.fits[1]
scw/1390/139000590010.001/swg.fits[1]
scw/1390/139000600010.001/swg.fits[1]
scw/1390/139000610010.001/swg.fits[1]
scw/1390/139000620010.001/swg.fits[1]
scw/1390/139000630010.001/swg.fits[1]
scw/1391/139100010010.001/swg.fits[1]
scw/1391/139100020010.001/swg.fits[1]
scw/1391/139100030010.001/swg.fits[1]
scw/1391/139100040010.001/swg.fits[1]
scw/1391/139100050010.001/swg.fits[1]
scw/1391/139100060010.001/swg.fits[1]
scw/1391/139100070010.001/swg.fits[1]
scw/1391/139100080010.001/swg.fits[1]
scw/1391/139100090010.001/swg.fits[1]
scw/1391/139100100010.001/swg.fits[1]
scw/1391/139100110010.001/swg.fits[1]
scw/1391/139100120010.001/swg.fits[1]
scw/1391/139100130010.001/swg.fits[1]
scw/1391/139100140010.001/swg.fits[1]
scw/1391/139100150010.001/swg.fits[1]
scw/1391/139100160010.001/swg.fits[1]
scw/1391/139100170010.001/swg.fits[1]
scw/1391/139100180010.001/swg.fits[1]
scw/1391/139100190010.001/swg.fits[1]
scw/1391/139100210010.001/swg.fits[1]
scw/1391/139100220010.001/swg.fits[1]
scw/1391/139100230010.001/swg.fits[1]
scw/1391/139100240010.001/swg.fits[1]
scw/1391/139100250010.001/swg.fits[1]
scw/1391/139100260010.001/swg.fits[1]
scw/1391/139100270010.001/swg.fits[1]
scw/1391/139100280010.001/swg.fits[1]
scw/1391/139100310010.001/swg.fits[1]
scw/1391/139100320010.001/swg.fits[1]
scw/1391/139100330010.001/swg.fits[1]
scw/1391/139100340010.001/swg.fits[1]
scw/1391/139100350010.001/swg.fits[1]
scw/1391/139100360010.001/swg.fits[1]
scw/1391/139100370010.001/swg.fits[1]
scw/1391/139100380010.001/swg.fits[1]
scw/1391/139100400010.001/swg.fits[1]
scw/1391/139100410010.001/swg.fits[1]
scw/1391/139100420010.001/swg.fits[1]
scw/1391/139100430010.001/swg.fits[1]
scw/1391/139100440010.001/swg.fits[1]
scw/1391/139100450010.001/swg.fits[1]
scw/1391/139100460010.001/swg.fits[1]
scw/1391/139100470010.001/swg.fits[1]
scw/1391/139100480010.001/swg.fits[1]
scw/1391/139100490010.001/swg.fits[1]
scw/1391/139100500010.001/swg.fits[1]
scw/1391/139100510010.001/swg.fits[1]
scw/1391/139100520010.001/swg.fits[1]
scw/1391/139100530010.001/swg.fits[1]
scw/1391/139100540010.001/swg.fits[1]
scw/1391/139100550010.001/swg.fits[1]
scw/1391/139100560010.001/swg.fits[1]
scw/1391/139100570010.001/swg.fits[1]
scw/1391/139100580010.001/swg.fits[1]
scw/1391/139100590010.001/swg.fits[1]
scw/1391/139100600010.001/swg.fits[1]
scw/1392/139200010010.001/swg.fits[1]
scw/1392/139200020010.001/swg.fits[1]
scw/1392/139200030010.001/swg.fits[1]
scw/1392/139200040010.001/swg.fits[1]
scw/1392/139200050010.001/swg.fits[1]
scw/1392/139200060010.001/swg.fits[1]
scw/1392/139200070010.001/swg.fits[1]
scw/1392/139200080010.001/swg.fits[1]
scw/1392/139200110010.001/swg.fits[1]
scw/1392/139200120010.001/swg.fits[1]
scw/1392/139200130010.001/swg.fits[1]
scw/1392/139200140010.001/swg.fits[1]
scw/1392/139200150010.001/swg.fits[1]
scw/1392/139200160010.001/swg.fits[1]
scw/1392/139200170010.001/swg.fits[1]
scw/1392/139200180010.001/swg.fits[1]
scw/1392/139200190010.001/swg.fits[1]
scw/1392/139200200010.001/swg.fits[1]
scw/1392/139200210010.001/swg.fits[1]
scw/1392/139200220010.001/swg.fits[1]
scw/1392/139200230010.001/swg.fits[1]
scw/1392/139200240010.001/swg.fits[1]
scw/1392/139200250010.001/swg.fits[1]
scw/1392/139200260010.001/swg.fits[1]
scw/1392/139200270010.001/swg.fits[1]
scw/1392/139200280010.001/swg.fits[1]
scw/1392/139200290010.001/swg.fits[1]
scw/1392/139200300010.001/swg.fits[1]
scw/1392/139200310010.001/swg.fits[1]
scw/1392/139200320010.001/swg.fits[1]
scw/1392/139200330010.001/swg.fits[1]
scw/1392/139200340010.001/swg.fits[1]
scw/1392/139200350010.001/swg.fits[1]
scw/1392/139200360010.001/swg.fits[1]
scw/1392/139200370010.001/swg.fits[1]
scw/1392/139200380010.001/swg.fits[1]
scw/1392/139200390010.001/swg.fits[1]
scw/1393/139300090010.001/swg.fits[1]
scw/1393/139300100010.001/swg.fits[1]
scw/1393/139300110010.001/swg.fits[1]
scw/1393/139300120010.001/swg.fits[1]
scw/1393/139300130010.001/swg.fits[1]
scw/1393/139300140010.001/swg.fits[1]
scw/1393/139300150010.001/swg.fits[1]
scw/1393/139300160010.001/swg.fits[1]
scw/1393/139300170010.001/swg.fits[1]
scw/1393/139300180010.001/swg.fits[1]
scw/1393/139300190010.001/swg.fits[1]
scw/1393/139300200010.001/swg.fits[1]
scw/1393/139300210010.001/swg.fits[1]
scw/1393/139300220010.001/swg.fits[1]
scw/1393/139300230010.001/swg.fits[1]
scw/1393/139300240010.001/swg.fits[1]
scw/1393/139300250010.001/swg.fits[1]
scw/1393/139300260010.001/swg.fits[1]
scw/1393/139300270010.001/swg.fits[1]
scw/1393/139300280010.001/swg.fits[1]
scw/1393/139300290010.001/swg.fits[1]
scw/1393/139300300010.001/swg.fits[1]
scw/1393/139300310010.001/swg.fits[1]
scw/1393/139300320010.001/swg.fits[1]
scw/1393/139300330010.001/swg.fits[1]
scw/1393/139300340010.001/swg.fits[1]
scw/1393/139300350010.001/swg.fits[1]
scw/1393/139300360010.001/swg.fits[1]
scw/1393/139300370010.001/swg.fits[1]
scw/1393/139300380010.001/swg.fits[1]
scw/1393/139300390010.001/swg.fits[1]
scw/1393/139300410010.001/swg.fits[1]
scw/1393/139300420010.001/swg.fits[1]
scw/1393/139300430010.001/swg.fits[1]
scw/1393/139300440010.001/swg.fits[1]
scw/1393/139300450010.001/swg.fits[1]
scw/1393/139300460010.001/swg.fits[1]
scw/1393/139300470010.001/swg.fits[1]
scw/1393/139300500010.001/swg.fits[1]
scw/1393/139300510010.001/swg.fits[1]
scw/1393/139300520010.001/swg.fits[1]
scw/1393/139300530010.001/swg.fits[1]
scw/1393/139300540010.001/swg.fits[1]
scw/1393/139300550010.001/swg.fits[1]
scw/1393/139300560010.001/swg.fits[1]
scw/1393/139300570010.001/swg.fits[1]
scw/1393/139300580010.001/swg.fits[1]
scw/1393/139300590010.001/swg.fits[1]
scw/1393/139300600010.001/swg.fits[1]
scw/1393/139300610010.001/swg.fits[1]
scw/1393/139300620010.001/swg.fits[1]
scw/1393/139300630010.001/swg.fits[1]
scw/1393/139300640010.001/swg.fits[1]
scw/1393/139300650010.001/swg.fits[1]
scw/1393/139300660010.001/swg.fits[1]
scw/1393/139300670010.001/swg.fits[1]
scw/1393/139300680010.001/swg.fits[1]
scw/1393/139300690010.001/swg.fits[1]
scw/1393/139300700010.001/swg.fits[1]
scw/1393/139300710010.001/swg.fits[1]
scw/1393/139300720010.001/swg.fits[1]
scw/1393/139300730010.001/swg.fits[1]
scw/1393/139300740010.001/swg.fits[1]
scw/1393/139300750010.001/swg.fits[1]
scw/1393/139300760010.001/swg.fits[1]
scw/1393/139300770010.001/swg.fits[1]
scw/1393/139300780010.001/swg.fits[1]
scw/1393/139300790010.001/swg.fits[1]
scw/1393/139300800010.001/swg.fits[1]
scw/1393/139300810010.001/swg.fits[1]
scw/1393/139300820010.001/swg.fits[1]
scw/1393/139300830010.001/swg.fits[1]
scw/1393/139300840010.001/swg.fits[1]
scw/1393/139300850010.001/swg.fits[1]
scw/1393/139300860010.001/swg.fits[1]
scw/1393/139300870010.001/swg.fits[1]
scw/1394/139400010010.001/swg.fits[1]
scw/1394/139400020010.001/swg.fits[1]
scw/1394/139400030010.001/swg.fits[1]
scw/1394/139400040010.001/swg.fits[1]
scw/1394/139400050010.001/swg.fits[1]
scw/1394/139400060010.001/swg.fits[1]
scw/1394/139400070010.001/swg.fits[1]
scw/1394/139400080010.001/swg.fits[1]
scw/1394/139400090010.001/swg.fits[1]
scw/1394/139400120010.001/swg.fits[1]
scw/1394/139400130010.001/swg.fits[1]
scw/1394/139400140010.001/swg.fits[1]
