scw/2183/218300130010.001/swg.fits[1]
scw/2183/218300180010.001/swg.fits[1]
scw/2183/218300190010.001/swg.fits[1]
scw/2183/218300200010.001/swg.fits[1]
scw/2183/218300210010.001/swg.fits[1]
scw/2183/218300220010.001/swg.fits[1]
scw/2183/218300270010.001/swg.fits[1]
scw/2183/218300280010.001/swg.fits[1]
scw/2183/218300290010.001/swg.fits[1]
scw/2183/218300300010.001/swg.fits[1]
scw/2183/218300310010.001/swg.fits[1]
scw/2183/218300380010.001/swg.fits[1]
scw/2183/218300390010.001/swg.fits[1]
scw/2183/218300400010.001/swg.fits[1]
scw/2183/218300410010.001/swg.fits[1]
scw/2183/218300470010.001/swg.fits[1]
scw/2183/218300480010.001/swg.fits[1]
scw/2183/218300490010.001/swg.fits[1]
scw/2183/218300500010.001/swg.fits[1]
scw/2183/218300510010.001/swg.fits[1]
scw/2183/218300520010.001/swg.fits[1]
scw/2184/218400040010.001/swg.fits[1]
scw/2184/218400050010.001/swg.fits[1]
scw/2184/218400060010.001/swg.fits[1]
scw/2184/218400070010.001/swg.fits[1]
scw/2184/218400080010.001/swg.fits[1]
scw/2184/218400090010.001/swg.fits[1]
scw/2184/218400140010.001/swg.fits[1]
scw/2184/218400150010.001/swg.fits[1]
scw/2184/218400160010.001/swg.fits[1]
scw/2184/218400170010.001/swg.fits[1]
scw/2184/218400180010.001/swg.fits[1]
scw/2184/218400190010.001/swg.fits[1]
scw/2184/218400240010.001/swg.fits[1]
scw/2184/218400250010.001/swg.fits[1]
scw/2184/218400260010.001/swg.fits[1]
scw/2184/218400270010.001/swg.fits[1]
scw/2184/218400280010.001/swg.fits[1]
scw/2184/218400290010.001/swg.fits[1]
scw/2184/218400350010.001/swg.fits[1]
scw/2184/218400360010.001/swg.fits[1]
scw/2184/218400370010.001/swg.fits[1]
scw/2184/218400380010.001/swg.fits[1]
scw/2184/218400390010.001/swg.fits[1]
scw/2184/218400440010.001/swg.fits[1]
scw/2184/218400450010.001/swg.fits[1]
scw/2184/218400460010.001/swg.fits[1]
scw/2184/218400470010.001/swg.fits[1]
scw/2184/218400480010.001/swg.fits[1]
scw/2184/218400490010.001/swg.fits[1]
scw/2185/218500030010.001/swg.fits[1]
scw/2185/218500040010.001/swg.fits[1]
scw/2185/218500050010.001/swg.fits[1]
scw/2185/218500060010.001/swg.fits[1]
scw/2185/218500070010.001/swg.fits[1]
scw/2185/218500080010.001/swg.fits[1]
scw/2185/218500140010.001/swg.fits[1]
scw/2185/218500150010.001/swg.fits[1]
scw/2185/218500160010.001/swg.fits[1]
scw/2185/218500170010.001/swg.fits[1]
scw/2185/218500240010.001/swg.fits[1]
scw/2185/218500250010.001/swg.fits[1]
scw/2185/218500260010.001/swg.fits[1]
scw/2185/218500270010.001/swg.fits[1]
scw/2185/218500350010.001/swg.fits[1]
scw/2185/218500360010.001/swg.fits[1]
scw/2185/218500370010.001/swg.fits[1]
scw/2185/218500430010.001/swg.fits[1]
scw/2185/218500440010.001/swg.fits[1]
scw/2185/218500450010.001/swg.fits[1]
scw/2185/218500460010.001/swg.fits[1]
scw/2185/218500470010.001/swg.fits[1]
scw/2185/218500480010.001/swg.fits[1]
scw/2186/218600030010.001/swg.fits[1]
scw/2186/218600040010.001/swg.fits[1]
scw/2186/218600050010.001/swg.fits[1]
scw/2186/218600060010.001/swg.fits[1]
scw/2186/218600070010.001/swg.fits[1]
scw/2186/218600080010.001/swg.fits[1]
scw/2186/218600130010.001/swg.fits[1]
scw/2186/218600140010.001/swg.fits[1]
scw/2186/218600150010.001/swg.fits[1]
scw/2186/218600160010.001/swg.fits[1]
scw/2186/218600170010.001/swg.fits[1]
scw/2186/218600180010.001/swg.fits[1]
scw/2186/218600230010.001/swg.fits[1]
scw/2186/218600240010.001/swg.fits[1]
scw/2186/218600250010.001/swg.fits[1]
scw/2186/218600260010.001/swg.fits[1]
scw/2186/218600270010.001/swg.fits[1]
scw/2186/218600340010.001/swg.fits[1]
scw/2186/218600350010.001/swg.fits[1]
scw/2186/218600360010.001/swg.fits[1]
scw/2186/218600370010.001/swg.fits[1]
scw/2186/218600440010.001/swg.fits[1]
scw/2186/218600450010.001/swg.fits[1]
scw/2186/218600460010.001/swg.fits[1]
scw/2186/218600470010.001/swg.fits[1]
scw/2186/218600480010.001/swg.fits[1]
scw/2250/225000290010.001/swg.fits[1]
scw/2250/225000300010.001/swg.fits[1]
scw/2250/225000310010.001/swg.fits[1]
scw/2250/225000320010.001/swg.fits[1]
scw/2250/225000390010.001/swg.fits[1]
scw/2251/225100240010.001/swg.fits[1]
scw/2251/225100250010.001/swg.fits[1]
scw/2251/225100260010.001/swg.fits[1]
scw/2251/225100330010.001/swg.fits[1]
scw/2251/225100340010.001/swg.fits[1]
scw/2251/225100350010.001/swg.fits[1]
scw/2251/225100360010.001/swg.fits[1]
scw/2291/229100340010.001/swg.fits[1]
scw/2291/229100350010.001/swg.fits[1]
scw/2291/229100360010.001/swg.fits[1]
scw/2291/229100370010.001/swg.fits[1]
scw/2291/229100380010.001/swg.fits[1]
scw/2291/229100390010.001/swg.fits[1]
scw/2291/229100400010.001/swg.fits[1]
scw/2291/229100410010.001/swg.fits[1]
scw/2291/229100420010.001/swg.fits[1]
scw/2291/229100430010.001/swg.fits[1]
scw/2291/229100440010.001/swg.fits[1]
scw/2293/229300470010.001/swg.fits[1]
scw/2293/229300480010.001/swg.fits[1]
scw/2293/229300490010.001/swg.fits[1]
scw/2293/229300500010.001/swg.fits[1]
scw/2293/229300510010.001/swg.fits[1]
scw/2293/229300520010.001/swg.fits[1]
scw/2293/229300540010.001/swg.fits[1]
scw/2293/229300550010.001/swg.fits[1]
scw/2293/229300560010.001/swg.fits[1]
scw/2293/229300570010.001/swg.fits[1]
scw/2293/229300580010.001/swg.fits[1]
scw/2293/229300590010.001/swg.fits[1]
scw/2293/229300600010.001/swg.fits[1]
scw/2293/229300610010.001/swg.fits[1]
scw/2293/229300620010.001/swg.fits[1]
scw/2293/229300630010.001/swg.fits[1]
scw/2293/229300660010.001/swg.fits[1]
scw/2294/229400730010.001/swg.fits[1]
scw/2294/229400740010.001/swg.fits[1]
scw/2295/229500510010.001/swg.fits[1]
scw/2295/229500520010.001/swg.fits[1]
scw/2295/229500530010.001/swg.fits[1]
scw/2295/229500540010.001/swg.fits[1]
scw/2295/229500550010.001/swg.fits[1]
scw/2295/229500560010.001/swg.fits[1]
scw/2295/229500560020.001/swg.fits[1]
scw/2295/229500560030.001/swg.fits[1]
scw/2297/229700320010.001/swg.fits[1]
scw/2297/229700330010.001/swg.fits[1]
scw/2297/229700340010.001/swg.fits[1]
scw/2297/229700350010.001/swg.fits[1]
scw/2297/229700360010.001/swg.fits[1]
scw/2297/229700370010.001/swg.fits[1]
scw/2297/229700380010.001/swg.fits[1]
scw/2297/229700390010.001/swg.fits[1]
scw/2297/229700400010.001/swg.fits[1]
scw/2297/229700410010.001/swg.fits[1]
scw/2297/229700430010.001/swg.fits[1]
scw/2297/229700440010.001/swg.fits[1]
scw/2297/229700450010.001/swg.fits[1]
scw/2297/229700460010.001/swg.fits[1]
scw/2297/229700470010.001/swg.fits[1]
scw/2297/229700480010.001/swg.fits[1]
scw/2299/229900200010.001/swg.fits[1]
scw/2299/229900210010.001/swg.fits[1]
scw/2299/229900220010.001/swg.fits[1]
scw/2299/229900230010.001/swg.fits[1]
scw/2299/229900240010.001/swg.fits[1]
scw/2299/229900280010.001/swg.fits[1]
scw/2299/229900290010.001/swg.fits[1]
scw/2299/229900300010.001/swg.fits[1]
scw/2299/229900310010.001/swg.fits[1]
scw/2299/229900320010.001/swg.fits[1]
scw/2299/229900330010.001/swg.fits[1]
scw/2299/229900340010.001/swg.fits[1]
scw/2299/229900350010.001/swg.fits[1]
scw/2299/229900360010.001/swg.fits[1]
scw/2299/229900380010.001/swg.fits[1]
scw/2299/229900390010.001/swg.fits[1]
scw/2299/229900400010.001/swg.fits[1]
scw/2299/229900410010.001/swg.fits[1]
scw/2299/229900420010.001/swg.fits[1]
scw/2299/229900430010.001/swg.fits[1]
scw/2299/229900440010.001/swg.fits[1]
scw/2299/229900510010.001/swg.fits[1]
scw/2303/230300520010.001/swg.fits[1]
scw/2303/230300530010.001/swg.fits[1]
scw/2304/230400440010.001/swg.fits[1]
scw/2304/230400450010.001/swg.fits[1]
scw/2304/230400460010.001/swg.fits[1]
scw/2304/230400470010.001/swg.fits[1]
scw/2304/230400480010.001/swg.fits[1]
scw/2304/230400490010.001/swg.fits[1]
scw/2304/230400500010.001/swg.fits[1]
scw/2304/230400530010.001/swg.fits[1]
scw/2304/230400540010.001/swg.fits[1]
scw/2304/230400550010.001/swg.fits[1]
scw/2304/230400560010.001/swg.fits[1]
scw/2305/230500490010.001/swg.fits[1]
scw/2305/230500500010.001/swg.fits[1]
scw/2305/230500510010.001/swg.fits[1]
scw/2305/230500550010.001/swg.fits[1]
scw/2305/230500560010.001/swg.fits[1]
scw/2305/230500570010.001/swg.fits[1]
scw/2306/230600430010.001/swg.fits[1]
scw/2306/230600440010.001/swg.fits[1]
scw/2306/230600450010.001/swg.fits[1]
scw/2306/230600520010.001/swg.fits[1]
scw/2307/230700430010.001/swg.fits[1]
scw/2307/230700440010.001/swg.fits[1]
scw/2307/230700450010.001/swg.fits[1]
scw/2307/230700480010.001/swg.fits[1]
scw/2307/230700490010.001/swg.fits[1]
scw/2307/230700500010.001/swg.fits[1]
scw/2307/230700510010.001/swg.fits[1]
scw/2307/230700540010.001/swg.fits[1]
scw/2307/230700550010.001/swg.fits[1]
scw/2318/231800510010.001/swg.fits[1]
scw/2345/234500020010.001/swg.fits[1]
scw/2359/235900020010.001/swg.fits[1]
scw/2372/237200600010.001/swg.fits[1]
