scw/0622/062200390010.001/swg.fits[1]
scw/0622/062200400010.001/swg.fits[1]
scw/0622/062200410010.001/swg.fits[1]
scw/0622/062200420010.001/swg.fits[1]
scw/0622/062200430010.001/swg.fits[1]
scw/0622/062200440010.001/swg.fits[1]
scw/0622/062200450010.001/swg.fits[1]
scw/0622/062200460010.001/swg.fits[1]
scw/0622/062200470010.001/swg.fits[1]
scw/0622/062200480010.001/swg.fits[1]
scw/0622/062200490010.001/swg.fits[1]
scw/0622/062200500010.001/swg.fits[1]
scw/0622/062200510010.001/swg.fits[1]
scw/0622/062200520010.001/swg.fits[1]
scw/0622/062200530010.001/swg.fits[1]
scw/0622/062200540010.001/swg.fits[1]
scw/0622/062200550010.001/swg.fits[1]
scw/0622/062200560010.001/swg.fits[1]
scw/0622/062200570010.001/swg.fits[1]
scw/0622/062200580010.001/swg.fits[1]
scw/0622/062200590010.001/swg.fits[1]
scw/0622/062200600010.001/swg.fits[1]
scw/0622/062200610010.001/swg.fits[1]
scw/0622/062200620010.001/swg.fits[1]
scw/0622/062200630010.001/swg.fits[1]
scw/0667/066700350010.001/swg.fits[1]
scw/0667/066700360010.001/swg.fits[1]
scw/0667/066700370010.001/swg.fits[1]
scw/0667/066700380010.001/swg.fits[1]
scw/0667/066700390010.001/swg.fits[1]
scw/0667/066700400010.001/swg.fits[1]
scw/0667/066700410010.001/swg.fits[1]
scw/0667/066700420010.001/swg.fits[1]
scw/0667/066700430010.001/swg.fits[1]
scw/0667/066700440010.001/swg.fits[1]
scw/0667/066700450010.001/swg.fits[1]
scw/0667/066700460010.001/swg.fits[1]
scw/0667/066700470010.001/swg.fits[1]
scw/0667/066700480010.001/swg.fits[1]
scw/0667/066700520010.001/swg.fits[1]
scw/0667/066700530010.001/swg.fits[1]
scw/0667/066700540010.001/swg.fits[1]
scw/0667/066700550010.001/swg.fits[1]
scw/0667/066700560010.001/swg.fits[1]
scw/0667/066700570010.001/swg.fits[1]
scw/0667/066700580010.001/swg.fits[1]
scw/0667/066700590010.001/swg.fits[1]
scw/0667/066700600010.001/swg.fits[1]
scw/0667/066700620010.001/swg.fits[1]
scw/0667/066700630010.001/swg.fits[1]
scw/0667/066700640010.001/swg.fits[1]
scw/0667/066700910010.001/swg.fits[1]
scw/0667/066700910020.001/swg.fits[1]
scw/0667/066700910030.001/swg.fits[1]
scw/0670/067000380010.001/swg.fits[1]
scw/0670/067000390010.001/swg.fits[1]
scw/0670/067000400010.001/swg.fits[1]
scw/0670/067000410010.001/swg.fits[1]
scw/0670/067000420010.001/swg.fits[1]
scw/0670/067000430010.001/swg.fits[1]
scw/0670/067000440010.001/swg.fits[1]
scw/0670/067000450010.001/swg.fits[1]
scw/0670/067000460010.001/swg.fits[1]
scw/0670/067000470010.001/swg.fits[1]
scw/0670/067000480010.001/swg.fits[1]
scw/0670/067000490010.001/swg.fits[1]
scw/0670/067000540010.001/swg.fits[1]
scw/0670/067000550010.001/swg.fits[1]
scw/0670/067000560010.001/swg.fits[1]
scw/0670/067000580010.001/swg.fits[1]
scw/0670/067000590010.001/swg.fits[1]
scw/0670/067000600010.001/swg.fits[1]
scw/0670/067000610010.001/swg.fits[1]
scw/0670/067000620010.001/swg.fits[1]
scw/0670/067000630010.001/swg.fits[1]
scw/0670/067000640010.001/swg.fits[1]
scw/0670/067000650010.001/swg.fits[1]
scw/0670/067000660010.001/swg.fits[1]
scw/0670/067000670010.001/swg.fits[1]
scw/0671/067100200010.001/swg.fits[1]
scw/0671/067100210010.001/swg.fits[1]
scw/0671/067100220010.001/swg.fits[1]
scw/0671/067100230010.001/swg.fits[1]
scw/0671/067100240010.001/swg.fits[1]
scw/0671/067100250010.001/swg.fits[1]
scw/0671/067100260010.001/swg.fits[1]
scw/0671/067100270010.001/swg.fits[1]
scw/0671/067100280010.001/swg.fits[1]
scw/0671/067100290010.001/swg.fits[1]
scw/0671/067100300010.001/swg.fits[1]
scw/0671/067100310010.001/swg.fits[1]
scw/0671/067100660010.001/swg.fits[1]
scw/0671/067100670010.001/swg.fits[1]
scw/0671/067100690010.001/swg.fits[1]
scw/0671/067100700010.001/swg.fits[1]
scw/0671/067100710010.001/swg.fits[1]
scw/0671/067100720010.001/swg.fits[1]
scw/0671/067100730010.001/swg.fits[1]
scw/0671/067100740010.001/swg.fits[1]
scw/0671/067100750010.001/swg.fits[1]
scw/0671/067100760010.001/swg.fits[1]
scw/0671/067100770010.001/swg.fits[1]
scw/0671/067100780010.001/swg.fits[1]
scw/0672/067200280010.001/swg.fits[1]
scw/0672/067200300010.001/swg.fits[1]
scw/0672/067200310010.001/swg.fits[1]
scw/0672/067200320010.001/swg.fits[1]
scw/0672/067200330010.001/swg.fits[1]
scw/0672/067200340010.001/swg.fits[1]
scw/0672/067200350010.001/swg.fits[1]
scw/0672/067200360010.001/swg.fits[1]
scw/0672/067200370010.001/swg.fits[1]
scw/0672/067200380010.001/swg.fits[1]
scw/0672/067200390010.001/swg.fits[1]
scw/0672/067200400010.001/swg.fits[1]
scw/0672/067200460010.001/swg.fits[1]
scw/0672/067200470010.001/swg.fits[1]
scw/0672/067200480010.001/swg.fits[1]
scw/0672/067200490010.001/swg.fits[1]
scw/0672/067200500010.001/swg.fits[1]
scw/0672/067200510010.001/swg.fits[1]
scw/0672/067200520010.001/swg.fits[1]
scw/0672/067200530010.001/swg.fits[1]
scw/0672/067200540010.001/swg.fits[1]
scw/0672/067200550010.001/swg.fits[1]
scw/0672/067200560010.001/swg.fits[1]
scw/0672/067200570010.001/swg.fits[1]
scw/0672/067200910010.001/swg.fits[1]
scw/0672/067200920010.001/swg.fits[1]
scw/0672/067200930010.001/swg.fits[1]
scw/0672/067200940010.001/swg.fits[1]
scw/0672/067200950010.001/swg.fits[1]
scw/0672/067200960010.001/swg.fits[1]
scw/0672/067200970010.001/swg.fits[1]
scw/0672/067200980010.001/swg.fits[1]
scw/0672/067200990010.001/swg.fits[1]
scw/0672/067201000010.001/swg.fits[1]
scw/0672/067201010010.001/swg.fits[1]
scw/0672/067201020010.001/swg.fits[1]
scw/0674/067400490010.001/swg.fits[1]
scw/0674/067400500010.001/swg.fits[1]
scw/0674/067400510010.001/swg.fits[1]
scw/0674/067400520010.001/swg.fits[1]
scw/0674/067400530010.001/swg.fits[1]
scw/0674/067400540010.001/swg.fits[1]
scw/0674/067400550010.001/swg.fits[1]
scw/0674/067400560010.001/swg.fits[1]
scw/0674/067400570010.001/swg.fits[1]
scw/0674/067400580010.001/swg.fits[1]
scw/0674/067400590010.001/swg.fits[1]
scw/0674/067400600010.001/swg.fits[1]
scw/0674/067400650010.001/swg.fits[1]
scw/0674/067400660010.001/swg.fits[1]
scw/0674/067400670010.001/swg.fits[1]
scw/0674/067400680010.001/swg.fits[1]
scw/0674/067400690010.001/swg.fits[1]
scw/0674/067400700010.001/swg.fits[1]
scw/0674/067400710010.001/swg.fits[1]
scw/0674/067400720010.001/swg.fits[1]
scw/0674/067400750010.001/swg.fits[1]
scw/0674/067400760010.001/swg.fits[1]
scw/0674/067400800010.001/swg.fits[1]
scw/0674/067400810010.001/swg.fits[1]
scw/0674/067400820010.001/swg.fits[1]
scw/0674/067400830010.001/swg.fits[1]
scw/0674/067400840010.001/swg.fits[1]
scw/0674/067400850010.001/swg.fits[1]
scw/0674/067400860010.001/swg.fits[1]
scw/0674/067400870010.001/swg.fits[1]
scw/0674/067400880010.001/swg.fits[1]
scw/0674/067400890010.001/swg.fits[1]
scw/0674/067400900010.001/swg.fits[1]
scw/0674/067400910010.001/swg.fits[1]
scw/0680/068000020010.001/swg.fits[1]
scw/0680/068000030010.001/swg.fits[1]
scw/0680/068000040010.001/swg.fits[1]
scw/0680/068000050010.001/swg.fits[1]
scw/0680/068000060010.001/swg.fits[1]
scw/0680/068000070010.001/swg.fits[1]
scw/0680/068000080010.001/swg.fits[1]
scw/0680/068000090010.001/swg.fits[1]
scw/0680/068000100010.001/swg.fits[1]
scw/0680/068000110010.001/swg.fits[1]
scw/0680/068000120010.001/swg.fits[1]
scw/0680/068000130010.001/swg.fits[1]
scw/0680/068000140010.001/swg.fits[1]
scw/0680/068000150010.001/swg.fits[1]
scw/0680/068000160010.001/swg.fits[1]
scw/0680/068000170010.001/swg.fits[1]
scw/0680/068000180010.001/swg.fits[1]
scw/0680/068000190010.001/swg.fits[1]
scw/0680/068000200010.001/swg.fits[1]
scw/0680/068000210010.001/swg.fits[1]
scw/0680/068000220010.001/swg.fits[1]
scw/0680/068000230010.001/swg.fits[1]
scw/0680/068000240010.001/swg.fits[1]
scw/0680/068000250010.001/swg.fits[1]
scw/0680/068000260010.001/swg.fits[1]
scw/0680/068000270010.001/swg.fits[1]
scw/0680/068000280010.001/swg.fits[1]
scw/0680/068000290010.001/swg.fits[1]
scw/0680/068000300010.001/swg.fits[1]
scw/0680/068000310010.001/swg.fits[1]
scw/0680/068000320010.001/swg.fits[1]
scw/0680/068000340010.001/swg.fits[1]
scw/0680/068000340020.001/swg.fits[1]
scw/0680/068000340030.001/swg.fits[1]
scw/0680/068000350010.001/swg.fits[1]
scw/0680/068000370010.001/swg.fits[1]
scw/0680/068000380010.001/swg.fits[1]
scw/0680/068000390010.001/swg.fits[1]
scw/0680/068000400010.001/swg.fits[1]
scw/0680/068000410010.001/swg.fits[1]
scw/0680/068000420010.001/swg.fits[1]
scw/0680/068000430010.001/swg.fits[1]
scw/0680/068000440010.001/swg.fits[1]
scw/0680/068000450010.001/swg.fits[1]
scw/0680/068000460010.001/swg.fits[1]
scw/0680/068000470010.001/swg.fits[1]
scw/0680/068000480010.001/swg.fits[1]
scw/0680/068000490010.001/swg.fits[1]
scw/0680/068000500010.001/swg.fits[1]
scw/0680/068000510010.001/swg.fits[1]
scw/0680/068000520010.001/swg.fits[1]
scw/0680/068000530010.001/swg.fits[1]
scw/0680/068000540010.001/swg.fits[1]
scw/0680/068000550010.001/swg.fits[1]
scw/0680/068000560010.001/swg.fits[1]
scw/0680/068000570010.001/swg.fits[1]
scw/0680/068000580010.001/swg.fits[1]
scw/0680/068000590010.001/swg.fits[1]
scw/0680/068000600010.001/swg.fits[1]
scw/0681/068100100010.001/swg.fits[1]
scw/0681/068100110010.001/swg.fits[1]
scw/0681/068100120010.001/swg.fits[1]
