scw/0254/025400370010.001/swg.fits[1]
scw/0254/025400380010.001/swg.fits[1]
scw/0254/025400390010.001/swg.fits[1]
scw/0254/025400400010.001/swg.fits[1]
scw/0254/025400430010.001/swg.fits[1]
scw/0254/025400440010.001/swg.fits[1]
scw/0254/025400450010.001/swg.fits[1]
scw/0254/025400460010.001/swg.fits[1]
scw/0254/025400470010.001/swg.fits[1]
scw/0254/025400480010.001/swg.fits[1]
scw/0254/025400490010.001/swg.fits[1]
scw/0254/025400500010.001/swg.fits[1]
scw/0254/025400510010.001/swg.fits[1]
scw/0254/025400530010.001/swg.fits[1]
scw/0254/025400540010.001/swg.fits[1]
scw/0254/025400550010.001/swg.fits[1]
scw/0254/025400560010.001/swg.fits[1]
scw/0254/025400570010.001/swg.fits[1]
scw/0254/025400580010.001/swg.fits[1]
scw/0254/025400590010.001/swg.fits[1]
scw/0254/025400600010.001/swg.fits[1]
scw/0254/025400610010.001/swg.fits[1]
scw/0254/025400620010.001/swg.fits[1]
scw/0258/025800190010.001/swg.fits[1]
scw/0258/025800400010.001/swg.fits[1]
scw/0258/025800410010.001/swg.fits[1]
scw/0258/025800420010.001/swg.fits[1]
scw/0258/025800430010.001/swg.fits[1]
scw/0258/025800460010.001/swg.fits[1]
scw/0258/025800470010.001/swg.fits[1]
scw/0258/025800480010.001/swg.fits[1]
scw/0258/025800490010.001/swg.fits[1]
scw/0258/025800500010.001/swg.fits[1]
scw/0258/025800510010.001/swg.fits[1]
scw/0258/025800520010.001/swg.fits[1]
scw/0258/025800530010.001/swg.fits[1]
scw/0258/025800540010.001/swg.fits[1]
scw/0258/025800560010.001/swg.fits[1]
scw/0258/025800570010.001/swg.fits[1]
scw/0258/025800580010.001/swg.fits[1]
scw/0258/025800590010.001/swg.fits[1]
scw/0258/025800600010.001/swg.fits[1]
scw/0258/025800610010.001/swg.fits[1]
scw/0258/025800620010.001/swg.fits[1]
scw/0258/025800630010.001/swg.fits[1]
scw/0258/025800640010.001/swg.fits[1]
scw/0258/025800650010.001/swg.fits[1]
scw/0259/025900490010.001/swg.fits[1]
scw/0259/025900500010.001/swg.fits[1]
scw/0259/025900510010.001/swg.fits[1]
scw/0259/025900520010.001/swg.fits[1]
scw/0259/025900530010.001/swg.fits[1]
scw/0259/025900540010.001/swg.fits[1]
scw/0259/025900550010.001/swg.fits[1]
scw/0259/025900560010.001/swg.fits[1]
scw/0259/025900570010.001/swg.fits[1]
scw/0259/025900580010.001/swg.fits[1]
scw/0259/025900590010.001/swg.fits[1]
scw/0259/025900600010.001/swg.fits[1]
scw/0259/025900610010.001/swg.fits[1]
scw/0259/025900620010.001/swg.fits[1]
scw/0259/025900630010.001/swg.fits[1]
scw/0259/025900640010.001/swg.fits[1]
scw/0259/025900650010.001/swg.fits[1]
scw/0259/025900660010.001/swg.fits[1]
scw/0259/025900730010.001/swg.fits[1]
scw/0260/026000180010.001/swg.fits[1]
scw/0260/026000190010.001/swg.fits[1]
scw/0260/026000200010.001/swg.fits[1]
scw/0260/026000210010.001/swg.fits[1]
scw/0488/048800370010.001/swg.fits[1]
scw/0488/048800460010.001/swg.fits[1]
scw/0490/049000330010.001/swg.fits[1]
scw/0491/049100450010.001/swg.fits[1]
scw/0492/049200290010.001/swg.fits[1]
scw/0492/049200380010.001/swg.fits[1]
scw/0495/049500380010.001/swg.fits[1]
scw/0495/049500460010.001/swg.fits[1]
scw/0495/049500470010.001/swg.fits[1]
scw/0496/049600330010.001/swg.fits[1]
scw/0497/049700240010.001/swg.fits[1]
scw/0497/049700250010.001/swg.fits[1]
scw/0796/079600450010.001/swg.fits[1]
scw/0796/079600530010.001/swg.fits[1]
scw/0796/079600540010.001/swg.fits[1]
scw/0797/079700620010.001/swg.fits[1]
scw/0798/079800050010.001/swg.fits[1]
scw/0798/079800060010.001/swg.fits[1]
scw/0798/079800070010.001/swg.fits[1]
scw/0798/079800080010.001/swg.fits[1]
scw/0798/079800090010.001/swg.fits[1]
scw/0798/079800100010.001/swg.fits[1]
scw/0798/079800200010.001/swg.fits[1]
scw/0798/079800210010.001/swg.fits[1]
scw/0798/079800220010.001/swg.fits[1]
scw/0798/079800420010.001/swg.fits[1]
scw/0798/079800500010.001/swg.fits[1]
scw/0798/079800510010.001/swg.fits[1]
scw/0798/079800520010.001/swg.fits[1]
scw/0798/079800530010.001/swg.fits[1]
scw/0798/079800540010.001/swg.fits[1]
scw/0799/079900020010.001/swg.fits[1]
scw/0799/079900030010.001/swg.fits[1]
scw/0799/079900040010.001/swg.fits[1]
scw/0799/079900050010.001/swg.fits[1]
scw/0799/079900060010.001/swg.fits[1]
scw/0799/079900070010.001/swg.fits[1]
scw/0799/079900130010.001/swg.fits[1]
scw/0799/079900140010.001/swg.fits[1]
scw/0799/079900150010.001/swg.fits[1]
scw/0799/079900350010.001/swg.fits[1]
scw/0799/079900430010.001/swg.fits[1]
scw/0799/079900440010.001/swg.fits[1]
scw/0799/079900450010.001/swg.fits[1]
scw/0799/079900460010.001/swg.fits[1]
scw/0799/079900470010.001/swg.fits[1]
scw/0799/079900510010.001/swg.fits[1]
scw/0799/079900520010.001/swg.fits[1]
scw/0799/079900530010.001/swg.fits[1]
scw/0799/079900540010.001/swg.fits[1]
scw/0799/079900550010.001/swg.fits[1]
scw/0799/079900560010.001/swg.fits[1]
scw/0799/079900570010.001/swg.fits[1]
scw/0799/079900630010.001/swg.fits[1]
scw/0799/079900640010.001/swg.fits[1]
scw/0799/079900650010.001/swg.fits[1]
scw/0800/080000180010.001/swg.fits[1]
scw/0924/092400110010.001/swg.fits[1]
scw/0924/092400120010.001/swg.fits[1]
scw/0924/092400130010.001/swg.fits[1]
scw/0924/092400140010.001/swg.fits[1]
scw/0924/092400150010.001/swg.fits[1]
scw/0924/092400160010.001/swg.fits[1]
scw/0924/092400180010.001/swg.fits[1]
scw/0924/092400200010.001/swg.fits[1]
scw/0924/092400210010.001/swg.fits[1]
scw/0924/092400220010.001/swg.fits[1]
scw/0924/092400230010.001/swg.fits[1]
scw/0924/092400240010.001/swg.fits[1]
scw/0924/092400290010.001/swg.fits[1]
scw/0925/092500180010.001/swg.fits[1]
scw/0925/092500190010.001/swg.fits[1]
scw/0925/092500200010.001/swg.fits[1]
scw/0925/092500210010.001/swg.fits[1]
scw/0925/092500220010.001/swg.fits[1]
scw/0925/092500230010.001/swg.fits[1]
scw/0925/092500240010.001/swg.fits[1]
scw/0925/092500250010.001/swg.fits[1]
scw/0925/092500260010.001/swg.fits[1]
scw/0925/092500270010.001/swg.fits[1]
scw/0925/092500280010.001/swg.fits[1]
scw/0925/092500290010.001/swg.fits[1]
scw/0925/092500300010.001/swg.fits[1]
scw/0925/092500540010.001/swg.fits[1]
scw/0925/092500550010.001/swg.fits[1]
scw/0925/092500560010.001/swg.fits[1]
scw/0925/092500570010.001/swg.fits[1]
scw/0925/092500590010.001/swg.fits[1]
scw/0925/092500600010.001/swg.fits[1]
scw/0925/092500610010.001/swg.fits[1]
scw/0925/092500620010.001/swg.fits[1]
scw/0925/092500630010.001/swg.fits[1]
scw/0925/092500640010.001/swg.fits[1]
scw/0925/092500650010.001/swg.fits[1]
scw/0925/092500660010.001/swg.fits[1]
scw/0925/092500670010.001/swg.fits[1]
scw/0927/092700510010.001/swg.fits[1]
scw/0927/092700520010.001/swg.fits[1]
scw/0927/092700530010.001/swg.fits[1]
scw/0927/092700540010.001/swg.fits[1]
scw/0927/092700550010.001/swg.fits[1]
scw/0927/092700560010.001/swg.fits[1]
scw/0927/092700570010.001/swg.fits[1]
scw/0927/092700580010.001/swg.fits[1]
scw/0927/092700590010.001/swg.fits[1]
scw/0927/092700600010.001/swg.fits[1]
scw/0927/092700610010.001/swg.fits[1]
scw/0927/092700620010.001/swg.fits[1]
scw/0927/092700630010.001/swg.fits[1]
scw/0928/092800210010.001/swg.fits[1]
scw/0928/092800220010.001/swg.fits[1]
scw/0928/092800230010.001/swg.fits[1]
scw/0928/092800240010.001/swg.fits[1]
scw/0928/092800250010.001/swg.fits[1]
scw/0928/092800260010.001/swg.fits[1]
scw/0928/092800280010.001/swg.fits[1]
scw/0928/092800290010.001/swg.fits[1]
scw/0928/092800300010.001/swg.fits[1]
scw/0928/092800310010.001/swg.fits[1]
scw/0928/092800320010.001/swg.fits[1]
scw/0928/092800330010.001/swg.fits[1]
scw/0928/092800460010.001/swg.fits[1]
scw/0928/092800470010.001/swg.fits[1]
scw/0928/092800480010.001/swg.fits[1]
scw/0928/092800490010.001/swg.fits[1]
scw/0928/092800500010.001/swg.fits[1]
scw/0928/092800510010.001/swg.fits[1]
scw/0928/092800520010.001/swg.fits[1]
scw/0928/092800530010.001/swg.fits[1]
scw/0928/092800540010.001/swg.fits[1]
scw/0928/092800560010.001/swg.fits[1]
scw/0928/092800570010.001/swg.fits[1]
scw/0986/098600150010.001/swg.fits[1]
scw/0986/098600160010.001/swg.fits[1]
scw/0986/098600170010.001/swg.fits[1]
scw/0986/098600180010.001/swg.fits[1]
scw/0986/098600190010.001/swg.fits[1]
scw/0986/098600200010.001/swg.fits[1]
scw/0986/098600210010.001/swg.fits[1]
scw/0986/098600220010.001/swg.fits[1]
scw/0986/098600230010.001/swg.fits[1]
