scw/2023/202300250010.001/swg.fits[1]
scw/2023/202300400010.001/swg.fits[1]
scw/2023/202300410010.001/swg.fits[1]
scw/2023/202300560010.001/swg.fits[1]
scw/2023/202300570010.001/swg.fits[1]
scw/2024/202400080010.001/swg.fits[1]
scw/2024/202400090010.001/swg.fits[1]
scw/2024/202400240010.001/swg.fits[1]
scw/2024/202400250010.001/swg.fits[1]
scw/2024/202400400010.001/swg.fits[1]
scw/2024/202400410010.001/swg.fits[1]
scw/2024/202400560010.001/swg.fits[1]
scw/2024/202400570010.001/swg.fits[1]
scw/2024/202400720010.001/swg.fits[1]
scw/2024/202400730010.001/swg.fits[1]
scw/2024/202400880010.001/swg.fits[1]
scw/2024/202400890010.001/swg.fits[1]
scw/2025/202500060010.001/swg.fits[1]
scw/2025/202500070010.001/swg.fits[1]
scw/2025/202500220010.001/swg.fits[1]
scw/2025/202500230010.001/swg.fits[1]
scw/2025/202500380010.001/swg.fits[1]
scw/2025/202500390010.001/swg.fits[1]
scw/2025/202500540010.001/swg.fits[1]
scw/2025/202500550010.001/swg.fits[1]
scw/2026/202600080010.001/swg.fits[1]
scw/2026/202600090010.001/swg.fits[1]
scw/2026/202600240010.001/swg.fits[1]
scw/2026/202600250010.001/swg.fits[1]
scw/2026/202600400010.001/swg.fits[1]
scw/2026/202600410010.001/swg.fits[1]
scw/2026/202600560010.001/swg.fits[1]
scw/2026/202600570010.001/swg.fits[1]
scw/2026/202600720010.001/swg.fits[1]
scw/2026/202600730010.001/swg.fits[1]
scw/2026/202600880010.001/swg.fits[1]
scw/2026/202600890010.001/swg.fits[1]
scw/2027/202700060010.001/swg.fits[1]
scw/2027/202700070010.001/swg.fits[1]
scw/2027/202700220010.001/swg.fits[1]
scw/2027/202700230010.001/swg.fits[1]
scw/2027/202700380010.001/swg.fits[1]
scw/2027/202700390010.001/swg.fits[1]
scw/2027/202700610010.001/swg.fits[1]
scw/2027/202700620010.001/swg.fits[1]
scw/2027/202700770010.001/swg.fits[1]
scw/2027/202700780010.001/swg.fits[1]
scw/2027/202700840010.001/swg.fits[1]
scw/2027/202700850010.001/swg.fits[1]
scw/2028/202800100010.001/swg.fits[1]
scw/2028/202800110010.001/swg.fits[1]
scw/2028/202800260010.001/swg.fits[1]
scw/2028/202800270010.001/swg.fits[1]
scw/2028/202800420010.001/swg.fits[1]
scw/2028/202800430010.001/swg.fits[1]
scw/2028/202800580010.001/swg.fits[1]
scw/2028/202800590010.001/swg.fits[1]
scw/2028/202800740010.001/swg.fits[1]
scw/2028/202800750010.001/swg.fits[1]
scw/2028/202800900010.001/swg.fits[1]
scw/2028/202800910010.001/swg.fits[1]
scw/2029/202900140010.001/swg.fits[1]
scw/2029/202900150010.001/swg.fits[1]
scw/2029/202900300010.001/swg.fits[1]
scw/2029/202900310010.001/swg.fits[1]
scw/2029/202900460010.001/swg.fits[1]
scw/2029/202900470010.001/swg.fits[1]
scw/2029/202900620010.001/swg.fits[1]
scw/2029/202900630010.001/swg.fits[1]
scw/2075/207500020010.001/swg.fits[1]
scw/2075/207500510010.001/swg.fits[1]
scw/2081/208100310010.001/swg.fits[1]
scw/2081/208100340010.001/swg.fits[1]
scw/2081/208100380010.001/swg.fits[1]
scw/2081/208100390010.001/swg.fits[1]
scw/2081/208100400010.001/swg.fits[1]
scw/2085/208500060010.001/swg.fits[1]
scw/2085/208500070010.001/swg.fits[1]
scw/2085/208500100010.001/swg.fits[1]
scw/2085/208500140010.001/swg.fits[1]
scw/2085/208500150010.001/swg.fits[1]
scw/2085/208500160010.001/swg.fits[1]
scw/2085/208500230010.001/swg.fits[1]
scw/2085/208500240010.001/swg.fits[1]
scw/2085/208500590010.001/swg.fits[1]
scw/2087/208700210010.001/swg.fits[1]
scw/2087/208700220010.001/swg.fits[1]
scw/2087/208700230010.001/swg.fits[1]
scw/2087/208700300010.001/swg.fits[1]
scw/2087/208700310010.001/swg.fits[1]
scw/2087/208700580010.001/swg.fits[1]
scw/2089/208900070010.001/swg.fits[1]
scw/2089/208900080010.001/swg.fits[1]
scw/2089/208900150010.001/swg.fits[1]
scw/2089/208900160010.001/swg.fits[1]
scw/2089/208900430010.001/swg.fits[1]
scw/2090/209000490010.001/swg.fits[1]
scw/2092/209200200010.001/swg.fits[1]
scw/2092/209200210010.001/swg.fits[1]
scw/2092/209200220010.001/swg.fits[1]
scw/2092/209200230010.001/swg.fits[1]
scw/2092/209200240010.001/swg.fits[1]
scw/2092/209200250010.001/swg.fits[1]
scw/2092/209200260010.001/swg.fits[1]
scw/2092/209200270010.001/swg.fits[1]
scw/2092/209200280010.001/swg.fits[1]
scw/2092/209200290010.001/swg.fits[1]
scw/2092/209200300010.001/swg.fits[1]
scw/2092/209200310010.001/swg.fits[1]
scw/2092/209200320010.001/swg.fits[1]
scw/2092/209200330010.001/swg.fits[1]
scw/2092/209200340010.001/swg.fits[1]
scw/2092/209200350010.001/swg.fits[1]
scw/2092/209200360010.001/swg.fits[1]
scw/2092/209200370010.001/swg.fits[1]
scw/2092/209200380010.001/swg.fits[1]
scw/2092/209200390010.001/swg.fits[1]
scw/2092/209200460010.001/swg.fits[1]
scw/2092/209200470010.001/swg.fits[1]
scw/2092/209200480010.001/swg.fits[1]
scw/2092/209200490010.001/swg.fits[1]
scw/2092/209200500010.001/swg.fits[1]
scw/2092/209200510010.001/swg.fits[1]
scw/2092/209200520010.001/swg.fits[1]
scw/2092/209200530010.001/swg.fits[1]
scw/2092/209200540010.001/swg.fits[1]
scw/2092/209200550010.001/swg.fits[1]
scw/2092/209200560010.001/swg.fits[1]
scw/2092/209200570010.001/swg.fits[1]
scw/2092/209200580010.001/swg.fits[1]
scw/2092/209200590010.001/swg.fits[1]
scw/2092/209200600010.001/swg.fits[1]
scw/2092/209200610010.001/swg.fits[1]
scw/2092/209200620010.001/swg.fits[1]
scw/2092/209200630010.001/swg.fits[1]
scw/2092/209200640010.001/swg.fits[1]
scw/2092/209200650010.001/swg.fits[1]
scw/2154/215400130010.001/swg.fits[1]
scw/2154/215400140010.001/swg.fits[1]
scw/2154/215400190010.001/swg.fits[1]
scw/2154/215400200010.001/swg.fits[1]
scw/2154/215400210010.001/swg.fits[1]
scw/2154/215400220010.001/swg.fits[1]
scw/2154/215400270010.001/swg.fits[1]
scw/2154/215400280010.001/swg.fits[1]
scw/2154/215400290010.001/swg.fits[1]
scw/2154/215400300010.001/swg.fits[1]
scw/2155/215500360010.001/swg.fits[1]
scw/2155/215500370010.001/swg.fits[1]
scw/2155/215500430010.001/swg.fits[1]
scw/2155/215500440010.001/swg.fits[1]
scw/2155/215500450010.001/swg.fits[1]
scw/2155/215500520010.001/swg.fits[1]
scw/2156/215600180010.001/swg.fits[1]
scw/2156/215600240010.001/swg.fits[1]
scw/2156/215600250010.001/swg.fits[1]
scw/2156/215600320010.001/swg.fits[1]
scw/2157/215700410010.001/swg.fits[1]
scw/2157/215700490010.001/swg.fits[1]
scw/2157/215700500010.001/swg.fits[1]
scw/2158/215800080010.001/swg.fits[1]
scw/2158/215800150010.001/swg.fits[1]
scw/2158/215800160010.001/swg.fits[1]
scw/2159/215900340010.001/swg.fits[1]
scw/2159/215900350010.001/swg.fits[1]
scw/2159/215900420010.001/swg.fits[1]
scw/2159/215900430010.001/swg.fits[1]
scw/2160/216000490010.001/swg.fits[1]
scw/2160/216000500010.001/swg.fits[1]
scw/2206/220600810010.001/swg.fits[1]
scw/2218/221800370010.001/swg.fits[1]
scw/2218/221800380010.001/swg.fits[1]
scw/2218/221800460010.001/swg.fits[1]
scw/2221/222100280010.001/swg.fits[1]
scw/2221/222100290010.001/swg.fits[1]
scw/2221/222100300010.001/swg.fits[1]
scw/2221/222100340010.001/swg.fits[1]
scw/2221/222100350010.001/swg.fits[1]
scw/2221/222100360010.001/swg.fits[1]
scw/2221/222100410010.001/swg.fits[1]
scw/2221/222100420010.001/swg.fits[1]
scw/2221/222100430010.001/swg.fits[1]
scw/2222/222200680010.001/swg.fits[1]
scw/2222/222200690010.001/swg.fits[1]
scw/2222/222200700010.001/swg.fits[1]
scw/2222/222200710010.001/swg.fits[1]
scw/2222/222200750010.001/swg.fits[1]
scw/2222/222200760010.001/swg.fits[1]
scw/2222/222200770010.001/swg.fits[1]
scw/2222/222200830010.001/swg.fits[1]
scw/2223/222300610010.001/swg.fits[1]
scw/2223/222300650010.001/swg.fits[1]
scw/2223/222300660010.001/swg.fits[1]
scw/2223/222300670010.001/swg.fits[1]
scw/2223/222300720010.001/swg.fits[1]
scw/2223/222300730010.001/swg.fits[1]
scw/2224/222400850010.001/swg.fits[1]
scw/2224/222400860010.001/swg.fits[1]
scw/2224/222400870010.001/swg.fits[1]
scw/2224/222400920010.001/swg.fits[1]
scw/2224/222400930010.001/swg.fits[1]
scw/2224/222400940010.001/swg.fits[1]
scw/2268/226800430010.001/swg.fits[1]
scw/2268/226800440010.001/swg.fits[1]
scw/2268/226800450010.001/swg.fits[1]
scw/2269/226900220010.001/swg.fits[1]
scw/2269/226900230010.001/swg.fits[1]
scw/2269/226900240010.001/swg.fits[1]
scw/2269/226900250010.001/swg.fits[1]
scw/2269/226900260010.001/swg.fits[1]
scw/2269/226900290010.001/swg.fits[1]
scw/2269/226900300010.001/swg.fits[1]
scw/2269/226900310010.001/swg.fits[1]
scw/2269/226900320010.001/swg.fits[1]
scw/2269/226900330010.001/swg.fits[1]
scw/2269/226900340010.001/swg.fits[1]
scw/2269/226900350010.001/swg.fits[1]
scw/2269/226900410010.001/swg.fits[1]
scw/2269/226900420010.001/swg.fits[1]
scw/2298/229800060010.001/swg.fits[1]
scw/2298/229800150010.001/swg.fits[1]
scw/2298/229800160010.001/swg.fits[1]
scw/2298/229800210010.001/swg.fits[1]
scw/2298/229800300010.001/swg.fits[1]
scw/2298/229800310010.001/swg.fits[1]
scw/2298/229800400010.001/swg.fits[1]
scw/2361/236100300010.001/swg.fits[1]
