scw/1143/114300320010.001/swg.fits[1]
scw/1143/114300330010.001/swg.fits[1]
scw/1143/114300340010.001/swg.fits[1]
scw/1143/114300350010.001/swg.fits[1]
scw/1143/114300360010.001/swg.fits[1]
scw/1143/114300370010.001/swg.fits[1]
scw/1143/114300380010.001/swg.fits[1]
scw/1143/114300390010.001/swg.fits[1]
scw/1143/114300430010.001/swg.fits[1]
scw/1143/114300440010.001/swg.fits[1]
scw/1143/114300450010.001/swg.fits[1]
scw/1143/114300460010.001/swg.fits[1]
scw/1143/114300470010.001/swg.fits[1]
scw/1143/114300480010.001/swg.fits[1]
scw/1143/114300490010.001/swg.fits[1]
scw/1143/114300500010.001/swg.fits[1]
scw/1143/114300510010.001/swg.fits[1]
scw/1143/114300520010.001/swg.fits[1]
scw/1143/114300530010.001/swg.fits[1]
scw/1143/114300540010.001/swg.fits[1]
scw/1143/114300550010.001/swg.fits[1]
scw/1143/114300560010.001/swg.fits[1]
scw/1143/114300890010.001/swg.fits[1]
scw/1143/114300900010.001/swg.fits[1]
scw/1143/114300910010.001/swg.fits[1]
scw/1143/114300920010.001/swg.fits[1]
scw/1143/114300930010.001/swg.fits[1]
scw/1143/114300940010.001/swg.fits[1]
scw/1143/114300950010.001/swg.fits[1]
scw/1143/114300960010.001/swg.fits[1]
scw/1143/114300970010.001/swg.fits[1]
scw/1143/114300980010.001/swg.fits[1]
scw/1143/114300990010.001/swg.fits[1]
scw/1143/114301000010.001/swg.fits[1]
scw/1143/114301010010.001/swg.fits[1]
scw/1143/114301020010.001/swg.fits[1]
scw/1144/114400190010.001/swg.fits[1]
scw/1144/114400200010.001/swg.fits[1]
scw/1144/114400220010.001/swg.fits[1]
scw/1144/114400230010.001/swg.fits[1]
scw/1144/114400240010.001/swg.fits[1]
scw/1144/114400250010.001/swg.fits[1]
scw/1144/114400260010.001/swg.fits[1]
scw/1144/114400270010.001/swg.fits[1]
scw/1144/114400280010.001/swg.fits[1]
scw/1144/114400290010.001/swg.fits[1]
scw/1144/114400300010.001/swg.fits[1]
scw/1144/114400310010.001/swg.fits[1]
scw/1144/114400360010.001/swg.fits[1]
scw/1144/114400370010.001/swg.fits[1]
scw/1144/114400380010.001/swg.fits[1]
scw/1144/114400390010.001/swg.fits[1]
scw/1144/114400400010.001/swg.fits[1]
scw/1144/114400410010.001/swg.fits[1]
scw/1144/114400420010.001/swg.fits[1]
scw/1144/114400430010.001/swg.fits[1]
scw/1144/114400450010.001/swg.fits[1]
scw/1144/114400460010.001/swg.fits[1]
scw/1144/114400470010.001/swg.fits[1]
scw/1144/114400480010.001/swg.fits[1]
scw/1144/114400490010.001/swg.fits[1]
scw/1144/114400500010.001/swg.fits[1]
scw/1144/114400840010.001/swg.fits[1]
scw/1144/114400850010.001/swg.fits[1]
scw/1144/114400860010.001/swg.fits[1]
scw/1144/114400870010.001/swg.fits[1]
scw/1144/114400880010.001/swg.fits[1]
scw/1144/114400890010.001/swg.fits[1]
scw/1144/114400900010.001/swg.fits[1]
scw/1144/114400920010.001/swg.fits[1]
scw/1144/114400930010.001/swg.fits[1]
scw/1144/114400940010.001/swg.fits[1]
scw/1144/114400950010.001/swg.fits[1]
scw/1144/114400960010.001/swg.fits[1]
scw/1145/114500030010.001/swg.fits[1]
scw/1147/114700790010.001/swg.fits[1]
scw/1147/114700800010.001/swg.fits[1]
scw/1193/119300020010.001/swg.fits[1]
scw/1193/119300030010.001/swg.fits[1]
scw/1193/119300040010.001/swg.fits[1]
scw/1193/119300770010.001/swg.fits[1]
scw/1193/119300780010.001/swg.fits[1]
scw/1193/119300790010.001/swg.fits[1]
scw/1198/119800190010.001/swg.fits[1]
scw/1200/120001020010.001/swg.fits[1]
scw/1203/120300580010.001/swg.fits[1]
scw/1203/120300590010.001/swg.fits[1]
scw/1203/120300600010.001/swg.fits[1]
scw/1207/120700290010.001/swg.fits[1]
scw/1207/120700300010.001/swg.fits[1]
scw/1207/120700310010.001/swg.fits[1]
scw/1207/120700320010.001/swg.fits[1]
scw/1207/120700330010.001/swg.fits[1]
scw/1207/120700340010.001/swg.fits[1]
scw/1253/125300080010.001/swg.fits[1]
scw/1253/125300090010.001/swg.fits[1]
scw/1254/125400040010.001/swg.fits[1]
scw/1254/125400050010.001/swg.fits[1]
scw/1255/125500590010.001/swg.fits[1]
scw/1256/125600410010.001/swg.fits[1]
scw/1256/125600420010.001/swg.fits[1]
scw/1257/125700510010.001/swg.fits[1]
scw/1257/125700520010.001/swg.fits[1]
scw/1262/126200450010.001/swg.fits[1]
scw/1262/126200460010.001/swg.fits[1]
scw/1262/126200470010.001/swg.fits[1]
scw/1265/126500030010.001/swg.fits[1]
scw/1265/126500040010.001/swg.fits[1]
scw/1267/126700040010.001/swg.fits[1]
scw/1279/127900430010.001/swg.fits[1]
scw/1279/127900440010.001/swg.fits[1]
scw/1279/127900450010.001/swg.fits[1]
scw/1318/131800060010.001/swg.fits[1]
scw/1318/131800070010.001/swg.fits[1]
scw/1318/131800100010.001/swg.fits[1]
scw/1318/131800110010.001/swg.fits[1]
scw/1318/131800120010.001/swg.fits[1]
scw/1337/133700060010.001/swg.fits[1]
scw/1337/133700070010.001/swg.fits[1]
scw/1340/134000520010.001/swg.fits[1]
scw/1340/134000530010.001/swg.fits[1]
scw/1341/134100440010.001/swg.fits[1]
scw/1341/134100450010.001/swg.fits[1]
scw/1374/137400120010.001/swg.fits[1]
scw/1374/137400130010.001/swg.fits[1]
scw/1374/137400140010.001/swg.fits[1]
scw/1374/137400150010.001/swg.fits[1]
scw/1376/137600140010.001/swg.fits[1]
scw/1376/137600150010.001/swg.fits[1]
scw/1377/137700090010.001/swg.fits[1]
scw/1377/137700100010.001/swg.fits[1]
scw/1377/137700110010.001/swg.fits[1]
scw/1377/137700120010.001/swg.fits[1]
scw/1378/137800080010.001/swg.fits[1]
scw/1448/144800770010.001/swg.fits[1]
scw/1448/144800810010.001/swg.fits[1]
scw/1448/144800820010.001/swg.fits[1]
scw/1448/144800830010.001/swg.fits[1]
scw/1448/144800840010.001/swg.fits[1]
scw/1448/144800850010.001/swg.fits[1]
scw/1448/144800860010.001/swg.fits[1]
scw/1448/144800870010.001/swg.fits[1]
scw/1449/144900170010.001/swg.fits[1]
scw/1449/144900180010.001/swg.fits[1]
scw/1449/144900190010.001/swg.fits[1]
scw/1449/144900200010.001/swg.fits[1]
scw/1449/144900210010.001/swg.fits[1]
scw/1449/144900220010.001/swg.fits[1]
scw/1449/144900230010.001/swg.fits[1]
scw/1449/144900240010.001/swg.fits[1]
scw/1449/144900260010.001/swg.fits[1]
scw/1449/144900270010.001/swg.fits[1]
scw/1449/144900280010.001/swg.fits[1]
scw/1449/144900290010.001/swg.fits[1]
scw/1449/144900300010.001/swg.fits[1]
scw/1449/144900310010.001/swg.fits[1]
scw/1449/144900320010.001/swg.fits[1]
scw/1449/144900390010.001/swg.fits[1]
scw/1449/144900400010.001/swg.fits[1]
scw/1449/144900560010.001/swg.fits[1]
scw/1450/145000060010.001/swg.fits[1]
scw/1450/145000070010.001/swg.fits[1]
scw/1451/145100220010.001/swg.fits[1]
scw/1451/145100230010.001/swg.fits[1]
scw/1452/145200130010.001/swg.fits[1]
scw/1452/145200140010.001/swg.fits[1]
scw/1452/145200150010.001/swg.fits[1]
scw/1452/145200160010.001/swg.fits[1]
scw/1453/145300090010.001/swg.fits[1]
scw/1454/145400240010.001/swg.fits[1]
scw/1454/145400250010.001/swg.fits[1]
scw/1454/145400260010.001/swg.fits[1]
scw/1455/145500220010.001/swg.fits[1]
scw/1455/145500230010.001/swg.fits[1]
scw/1455/145500240010.001/swg.fits[1]
scw/1456/145600080010.001/swg.fits[1]
scw/1456/145600090010.001/swg.fits[1]
scw/1456/145600100010.001/swg.fits[1]
scw/1501/150100070010.001/swg.fits[1]
scw/1501/150100160010.001/swg.fits[1]
scw/1501/150100170010.001/swg.fits[1]
scw/1501/150100260010.001/swg.fits[1]
scw/1501/150100270010.001/swg.fits[1]
scw/1501/150100360010.001/swg.fits[1]
scw/1501/150100370010.001/swg.fits[1]
scw/1502/150200100010.001/swg.fits[1]
scw/1502/150200190010.001/swg.fits[1]
scw/1502/150200200010.001/swg.fits[1]
scw/1502/150200290010.001/swg.fits[1]
scw/1502/150200300010.001/swg.fits[1]
scw/1502/150200390010.001/swg.fits[1]
scw/1502/150200400010.001/swg.fits[1]
scw/1502/150200490010.001/swg.fits[1]
scw/1527/152700550010.001/swg.fits[1]
scw/1527/152700560010.001/swg.fits[1]
scw/1572/157200100010.001/swg.fits[1]
scw/1572/157200110010.001/swg.fits[1]
scw/1572/157200120010.001/swg.fits[1]
scw/1572/157200130010.001/swg.fits[1]
scw/1572/157200140010.001/swg.fits[1]
scw/1572/157200150010.001/swg.fits[1]
scw/1572/157200160010.001/swg.fits[1]
scw/1572/157200170010.001/swg.fits[1]
scw/1572/157200180010.001/swg.fits[1]
scw/1572/157200260010.001/swg.fits[1]
scw/1572/157200270010.001/swg.fits[1]
scw/1572/157200280010.001/swg.fits[1]
scw/1572/157200290010.001/swg.fits[1]
scw/1572/157200300010.001/swg.fits[1]
scw/1572/157200310010.001/swg.fits[1]
scw/1572/157200320010.001/swg.fits[1]
scw/1572/157200330010.001/swg.fits[1]
scw/1572/157200340010.001/swg.fits[1]
scw/1572/157200350010.001/swg.fits[1]
scw/1572/157200360010.001/swg.fits[1]
scw/1572/157200370010.001/swg.fits[1]
scw/1572/157200380010.001/swg.fits[1]
scw/1572/157200390010.001/swg.fits[1]
scw/1572/157200400010.001/swg.fits[1]
scw/1572/157200410010.001/swg.fits[1]
scw/1572/157200420010.001/swg.fits[1]
scw/1572/157200430010.001/swg.fits[1]
scw/1572/157200510010.001/swg.fits[1]
scw/1572/157200520010.001/swg.fits[1]
scw/1572/157200530010.001/swg.fits[1]
scw/1572/157200540010.001/swg.fits[1]
scw/1572/157200550010.001/swg.fits[1]
scw/1572/157200560010.001/swg.fits[1]
scw/1572/157200570010.001/swg.fits[1]
scw/1572/157200580010.001/swg.fits[1]
scw/1572/157200590010.001/swg.fits[1]
scw/1574/157400020010.001/swg.fits[1]
scw/1574/157400030010.001/swg.fits[1]
scw/1574/157400040010.001/swg.fits[1]
scw/1574/157400050010.001/swg.fits[1]
scw/1574/157400060010.001/swg.fits[1]
scw/1574/157400070010.001/swg.fits[1]
scw/1574/157400080010.001/swg.fits[1]
scw/1574/157400090010.001/swg.fits[1]
scw/1574/157400100010.001/swg.fits[1]
scw/1574/157400180010.001/swg.fits[1]
scw/1574/157400190010.001/swg.fits[1]
