scw/1583/158300140010.001/swg.fits[1]
scw/1583/158300390010.001/swg.fits[1]
scw/1583/158300740010.001/swg.fits[1]
scw/1583/158300750010.001/swg.fits[1]
scw/1585/158500030010.001/swg.fits[1]
scw/1585/158500040010.001/swg.fits[1]
scw/1585/158500050010.001/swg.fits[1]
scw/1603/160300120010.001/swg.fits[1]
scw/1603/160300130010.001/swg.fits[1]
scw/1603/160300140010.001/swg.fits[1]
scw/1603/160300150010.001/swg.fits[1]
scw/1603/160300160010.001/swg.fits[1]
scw/1603/160300170010.001/swg.fits[1]
scw/1639/163900050010.001/swg.fits[1]
scw/1639/163900060010.001/swg.fits[1]
scw/1639/163900070010.001/swg.fits[1]
scw/1639/163900080010.001/swg.fits[1]
scw/1639/163900160010.001/swg.fits[1]
scw/1639/163900460010.001/swg.fits[1]
scw/1639/163900470010.001/swg.fits[1]
scw/1639/163900480010.001/swg.fits[1]
scw/1640/164000020010.001/swg.fits[1]
scw/1640/164000030010.001/swg.fits[1]
scw/1640/164000040010.001/swg.fits[1]
scw/1640/164000430010.001/swg.fits[1]
scw/1640/164000440010.001/swg.fits[1]
scw/1640/164000450010.001/swg.fits[1]
scw/1640/164000510010.001/swg.fits[1]
scw/1640/164000520010.001/swg.fits[1]
scw/1640/164000530010.001/swg.fits[1]
scw/1640/164000540010.001/swg.fits[1]
scw/1640/164000550010.001/swg.fits[1]
scw/1642/164200140010.001/swg.fits[1]
scw/1642/164200390010.001/swg.fits[1]
scw/1642/164200640010.001/swg.fits[1]
scw/1642/164200890010.001/swg.fits[1]
scw/1643/164300240010.001/swg.fits[1]
scw/1643/164300490010.001/swg.fits[1]
scw/1643/164300740010.001/swg.fits[1]
scw/1645/164500420010.001/swg.fits[1]
scw/1645/164500670010.001/swg.fits[1]
scw/1646/164600480010.001/swg.fits[1]
scw/1647/164700490010.001/swg.fits[1]
scw/1647/164700740010.001/swg.fits[1]
scw/1649/164900500010.001/swg.fits[1]
scw/1649/164900750010.001/swg.fits[1]
scw/1701/170100040010.001/swg.fits[1]
scw/1701/170100050010.001/swg.fits[1]
scw/1703/170300880010.001/swg.fits[1]
scw/1703/170300890010.001/swg.fits[1]
scw/1703/170300950010.001/swg.fits[1]
scw/1703/170300960010.001/swg.fits[1]
scw/1705/170500250010.001/swg.fits[1]
scw/1705/170500260010.001/swg.fits[1]
scw/1705/170500320010.001/swg.fits[1]
scw/1705/170500330010.001/swg.fits[1]
scw/1705/170500540010.001/swg.fits[1]
scw/1705/170500550010.001/swg.fits[1]
scw/1705/170500620010.001/swg.fits[1]
scw/1705/170500630010.001/swg.fits[1]
scw/1706/170600530010.001/swg.fits[1]
scw/1706/170600540010.001/swg.fits[1]
scw/1708/170800040010.001/swg.fits[1]
scw/1708/170800050010.001/swg.fits[1]
scw/1708/170800120010.001/swg.fits[1]
scw/1708/170800130010.001/swg.fits[1]
scw/1709/170900440010.001/swg.fits[1]
scw/1709/170900450010.001/swg.fits[1]
scw/1710/171000240010.001/swg.fits[1]
scw/1710/171000250010.001/swg.fits[1]
scw/1710/171000320010.001/swg.fits[1]
scw/1710/171000330010.001/swg.fits[1]
scw/1710/171000390010.001/swg.fits[1]
scw/1710/171000400010.001/swg.fits[1]
scw/1711/171100250010.001/swg.fits[1]
scw/1711/171100260010.001/swg.fits[1]
scw/1711/171100320010.001/swg.fits[1]
scw/1711/171100330010.001/swg.fits[1]
scw/1712/171200250010.001/swg.fits[1]
scw/1712/171200260010.001/swg.fits[1]
scw/1712/171200320010.001/swg.fits[1]
scw/1712/171200330010.001/swg.fits[1]
scw/1782/178200500010.001/swg.fits[1]
scw/1782/178200510010.001/swg.fits[1]
scw/1782/178200570010.001/swg.fits[1]
scw/1782/178200580010.001/swg.fits[1]
scw/1782/178200590010.001/swg.fits[1]
scw/1786/178600350010.001/swg.fits[1]
scw/1786/178600360010.001/swg.fits[1]
scw/1786/178600370010.001/swg.fits[1]
scw/1787/178700650010.001/swg.fits[1]
scw/1787/178700660010.001/swg.fits[1]
scw/1787/178700670010.001/swg.fits[1]
scw/1842/184200250010.001/swg.fits[1]
scw/1842/184200260010.001/swg.fits[1]
scw/1842/184200320010.001/swg.fits[1]
scw/1842/184200330010.001/swg.fits[1]
scw/1844/184400250010.001/swg.fits[1]
scw/1844/184400260010.001/swg.fits[1]
scw/1844/184400320010.001/swg.fits[1]
scw/1844/184400330010.001/swg.fits[1]
scw/1844/184400470010.001/swg.fits[1]
scw/1844/184400480010.001/swg.fits[1]
scw/1848/184800250010.001/swg.fits[1]
scw/1848/184800260010.001/swg.fits[1]
scw/1848/184800320010.001/swg.fits[1]
scw/1848/184800330010.001/swg.fits[1]
scw/1849/184900330010.001/swg.fits[1]
scw/1849/184900340010.001/swg.fits[1]
scw/1849/184900400010.001/swg.fits[1]
scw/1849/184900410010.001/swg.fits[1]
scw/1850/185000630010.001/swg.fits[1]
scw/1850/185000640010.001/swg.fits[1]
scw/1850/185000700010.001/swg.fits[1]
scw/1850/185000710010.001/swg.fits[1]
scw/1854/185400090010.001/swg.fits[1]
scw/1854/185400100010.001/swg.fits[1]
scw/1854/185400110010.001/swg.fits[1]
scw/1854/185400120010.001/swg.fits[1]
scw/1854/185400130010.001/swg.fits[1]
scw/1854/185400140010.001/swg.fits[1]
scw/1854/185400150010.001/swg.fits[1]
scw/1854/185400160010.001/swg.fits[1]
scw/1854/185400170010.001/swg.fits[1]
scw/1854/185400190010.001/swg.fits[1]
scw/1854/185400200010.001/swg.fits[1]
scw/1854/185400210010.001/swg.fits[1]
scw/1854/185400220010.001/swg.fits[1]
scw/1854/185400230010.001/swg.fits[1]
scw/1854/185400240010.001/swg.fits[1]
scw/1854/185400250010.001/swg.fits[1]
scw/1854/185400260010.001/swg.fits[1]
scw/1855/185500240010.001/swg.fits[1]
scw/1855/185500250010.001/swg.fits[1]
scw/1855/185500260010.001/swg.fits[1]
scw/1860/186000180010.001/swg.fits[1]
scw/1860/186000190010.001/swg.fits[1]
scw/1860/186000200010.001/swg.fits[1]
scw/1860/186000210010.001/swg.fits[1]
scw/1860/186000220010.001/swg.fits[1]
scw/1860/186000230010.001/swg.fits[1]
scw/1860/186000240010.001/swg.fits[1]
scw/1860/186000250010.001/swg.fits[1]
scw/1860/186000260010.001/swg.fits[1]
scw/1860/186000280010.001/swg.fits[1]
scw/1860/186000290010.001/swg.fits[1]
scw/1860/186000300010.001/swg.fits[1]
scw/1860/186000310010.001/swg.fits[1]
scw/1860/186000320010.001/swg.fits[1]
scw/1860/186000330010.001/swg.fits[1]
scw/1860/186000340010.001/swg.fits[1]
scw/1862/186200190010.001/swg.fits[1]
scw/1862/186200200010.001/swg.fits[1]
scw/1862/186200210010.001/swg.fits[1]
scw/1862/186200220010.001/swg.fits[1]
scw/1862/186200230010.001/swg.fits[1]
scw/1862/186200240010.001/swg.fits[1]
scw/1862/186200250010.001/swg.fits[1]
scw/1862/186200260010.001/swg.fits[1]
scw/1862/186200280010.001/swg.fits[1]
scw/1862/186200290010.001/swg.fits[1]
scw/1862/186200310010.001/swg.fits[1]
scw/1862/186200320010.001/swg.fits[1]
scw/1862/186200330010.001/swg.fits[1]
scw/1863/186300070010.001/swg.fits[1]
scw/1863/186300080010.001/swg.fits[1]
scw/1863/186300120010.001/swg.fits[1]
scw/1863/186300130010.001/swg.fits[1]
scw/1863/186300140010.001/swg.fits[1]
scw/1863/186300150010.001/swg.fits[1]
scw/1863/186300160010.001/swg.fits[1]
scw/1863/186300170010.001/swg.fits[1]
scw/1863/186300180010.001/swg.fits[1]
scw/1863/186300190010.001/swg.fits[1]
scw/1863/186300200010.001/swg.fits[1]
scw/1863/186300210010.001/swg.fits[1]
scw/1863/186300220010.001/swg.fits[1]
scw/1863/186300230010.001/swg.fits[1]
scw/1863/186300240010.001/swg.fits[1]
scw/1863/186300250010.001/swg.fits[1]
scw/1863/186300260010.001/swg.fits[1]
scw/1863/186300270010.001/swg.fits[1]
scw/1863/186300280010.001/swg.fits[1]
scw/1863/186300290010.001/swg.fits[1]
scw/1863/186300300010.001/swg.fits[1]
scw/1864/186400350010.001/swg.fits[1]
scw/1864/186400360010.001/swg.fits[1]
scw/1864/186400370010.001/swg.fits[1]
scw/1864/186400380010.001/swg.fits[1]
scw/1864/186400390010.001/swg.fits[1]
scw/1864/186400400010.001/swg.fits[1]
scw/1864/186400410010.001/swg.fits[1]
scw/1864/186400420010.001/swg.fits[1]
scw/1864/186400430010.001/swg.fits[1]
scw/1864/186400440010.001/swg.fits[1]
scw/1864/186400450010.001/swg.fits[1]
scw/1864/186400450020.001/swg.fits[1]
scw/1865/186500020010.001/swg.fits[1]
scw/1865/186500030010.001/swg.fits[1]
scw/1865/186500040010.001/swg.fits[1]
scw/1865/186500050010.001/swg.fits[1]
scw/1865/186500060010.001/swg.fits[1]
scw/1865/186500070010.001/swg.fits[1]
scw/1865/186500080010.001/swg.fits[1]
scw/1865/186500090010.001/swg.fits[1]
scw/1865/186500100010.001/swg.fits[1]
scw/1865/186500490010.001/swg.fits[1]
scw/1865/186500500010.001/swg.fits[1]
scw/1865/186500550010.001/swg.fits[1]
scw/1865/186500560010.001/swg.fits[1]
scw/1865/186500570010.001/swg.fits[1]
scw/1865/186500580010.001/swg.fits[1]
scw/1865/186500580020.001/swg.fits[1]
scw/1914/191400300010.001/swg.fits[1]
scw/1914/191400310010.001/swg.fits[1]
scw/1914/191400370010.001/swg.fits[1]
scw/1914/191400380010.001/swg.fits[1]
scw/1915/191500790010.001/swg.fits[1]
scw/1915/191500800010.001/swg.fits[1]
scw/1915/191500870010.001/swg.fits[1]
scw/1915/191500880010.001/swg.fits[1]
scw/1916/191600590010.001/swg.fits[1]
scw/1916/191600600010.001/swg.fits[1]
scw/1916/191600610010.001/swg.fits[1]
scw/1916/191600680010.001/swg.fits[1]
scw/1916/191600690010.001/swg.fits[1]
scw/1917/191700220010.001/swg.fits[1]
scw/1917/191700230010.001/swg.fits[1]
scw/1917/191700320010.001/swg.fits[1]
scw/1917/191700330010.001/swg.fits[1]
scw/1917/191700420010.001/swg.fits[1]
scw/1917/191700520010.001/swg.fits[1]
scw/1917/191700530010.001/swg.fits[1]
scw/1918/191800100010.001/swg.fits[1]
scw/1918/191800110010.001/swg.fits[1]
scw/1918/191800200010.001/swg.fits[1]
scw/1918/191800210010.001/swg.fits[1]
scw/1918/191800500010.001/swg.fits[1]
scw/1918/191800510010.001/swg.fits[1]
scw/1947/194700430010.001/swg.fits[1]
scw/1948/194800360010.001/swg.fits[1]
scw/1949/194900170010.001/swg.fits[1]
scw/1950/195000360010.001/swg.fits[1]
scw/1951/195100170010.001/swg.fits[1]
scw/1952/195200280010.001/swg.fits[1]
scw/1979/197900880010.001/swg.fits[1]
scw/1979/197900890010.001/swg.fits[1]
scw/1980/198000040010.001/swg.fits[1]
scw/1980/198000050010.001/swg.fits[1]
