scw/1344/134400190010.001/swg.fits[1]
scw/1344/134400200010.001/swg.fits[1]
scw/1344/134400210010.001/swg.fits[1]
scw/1344/134400220010.001/swg.fits[1]
scw/1344/134400230010.001/swg.fits[1]
scw/1344/134400240010.001/swg.fits[1]
scw/1344/134400250010.001/swg.fits[1]
scw/1344/134400260010.001/swg.fits[1]
scw/1344/134400300010.001/swg.fits[1]
scw/1344/134400310010.001/swg.fits[1]
scw/1344/134400320010.001/swg.fits[1]
scw/1344/134400330010.001/swg.fits[1]
scw/1344/134400450010.001/swg.fits[1]
scw/1344/134400460010.001/swg.fits[1]
scw/1344/134400470010.001/swg.fits[1]
scw/1344/134400480010.001/swg.fits[1]
scw/1344/134400490010.001/swg.fits[1]
scw/1344/134400500010.001/swg.fits[1]
scw/1344/134400510010.001/swg.fits[1]
scw/1344/134400570010.001/swg.fits[1]
scw/1344/134400580010.001/swg.fits[1]
scw/1344/134400860010.001/swg.fits[1]
scw/1344/134400870010.001/swg.fits[1]
scw/1344/134400880010.001/swg.fits[1]
scw/1345/134500260010.001/swg.fits[1]
scw/1345/134500270010.001/swg.fits[1]
scw/1345/134500280010.001/swg.fits[1]
scw/1345/134500610010.001/swg.fits[1]
scw/1345/134500620010.001/swg.fits[1]
scw/1345/134500630010.001/swg.fits[1]
scw/1345/134500810010.001/swg.fits[1]
scw/1345/134500820010.001/swg.fits[1]
scw/1345/134500830010.001/swg.fits[1]
scw/1345/134500840010.001/swg.fits[1]
scw/1345/134500850010.001/swg.fits[1]
scw/1345/134500860010.001/swg.fits[1]
scw/1345/134500870010.001/swg.fits[1]
scw/1345/134500880010.001/swg.fits[1]
scw/1345/134500890010.001/swg.fits[1]
scw/1345/134500940010.001/swg.fits[1]
scw/1345/134500950010.001/swg.fits[1]
scw/1346/134600140010.001/swg.fits[1]
scw/1346/134600150010.001/swg.fits[1]
scw/1346/134600160010.001/swg.fits[1]
scw/1346/134600340010.001/swg.fits[1]
scw/1346/134600350010.001/swg.fits[1]
scw/1346/134600360010.001/swg.fits[1]
scw/1346/134600550010.001/swg.fits[1]
scw/1346/134600560010.001/swg.fits[1]
scw/1346/134600570010.001/swg.fits[1]
scw/1346/134600580010.001/swg.fits[1]
scw/1346/134600590010.001/swg.fits[1]
scw/1346/134600600010.001/swg.fits[1]
scw/1346/134600610010.001/swg.fits[1]
scw/1346/134600670010.001/swg.fits[1]
scw/1346/134600680010.001/swg.fits[1]
scw/1346/134600800010.001/swg.fits[1]
scw/1346/134600810010.001/swg.fits[1]
scw/1346/134600820010.001/swg.fits[1]
scw/1346/134600830010.001/swg.fits[1]
scw/1346/134600840010.001/swg.fits[1]
scw/1346/134600850010.001/swg.fits[1]
scw/1346/134600860010.001/swg.fits[1]
scw/1346/134600870010.001/swg.fits[1]
scw/1346/134600880010.001/swg.fits[1]
scw/1346/134600930010.001/swg.fits[1]
scw/1346/134600940010.001/swg.fits[1]
scw/1347/134700100010.001/swg.fits[1]
scw/1347/134700110010.001/swg.fits[1]
scw/1347/134700120010.001/swg.fits[1]
scw/1347/134700130010.001/swg.fits[1]
scw/1347/134700140010.001/swg.fits[1]
scw/1347/134700150010.001/swg.fits[1]
scw/1347/134700160010.001/swg.fits[1]
scw/1347/134700170010.001/swg.fits[1]
scw/1347/134700180010.001/swg.fits[1]
scw/1347/134700230010.001/swg.fits[1]
scw/1347/134700240010.001/swg.fits[1]
scw/1347/134700360010.001/swg.fits[1]
scw/1347/134700400010.001/swg.fits[1]
scw/1347/134700410010.001/swg.fits[1]
scw/1347/134700420010.001/swg.fits[1]
scw/1348/134800020010.001/swg.fits[1]
scw/1348/134800060010.001/swg.fits[1]
scw/1348/134800070010.001/swg.fits[1]
scw/1348/134800080010.001/swg.fits[1]
scw/1348/134800100010.001/swg.fits[1]
scw/1348/134800110010.001/swg.fits[1]
scw/1348/134800120010.001/swg.fits[1]
scw/1348/134800130010.001/swg.fits[1]
scw/1348/134800140010.001/swg.fits[1]
scw/1348/134800150010.001/swg.fits[1]
scw/1384/138400580010.001/swg.fits[1]
scw/1384/138400590010.001/swg.fits[1]
scw/1384/138400600010.001/swg.fits[1]
scw/1386/138600540010.001/swg.fits[1]
scw/1386/138600550010.001/swg.fits[1]
scw/1386/138600560010.001/swg.fits[1]
scw/1386/138600620010.001/swg.fits[1]
scw/1386/138600630010.001/swg.fits[1]
scw/1386/138600640010.001/swg.fits[1]
scw/1386/138600650010.001/swg.fits[1]
scw/1386/138600660010.001/swg.fits[1]
scw/1386/138600670010.001/swg.fits[1]
scw/1386/138600720010.001/swg.fits[1]
scw/1386/138600730010.001/swg.fits[1]
scw/1386/138600740010.001/swg.fits[1]
scw/1389/138900600010.001/swg.fits[1]
scw/1389/138900610010.001/swg.fits[1]
scw/1389/138900620010.001/swg.fits[1]
scw/1392/139200520010.001/swg.fits[1]
scw/1392/139200530010.001/swg.fits[1]
scw/1392/139200540010.001/swg.fits[1]
scw/1392/139200600010.001/swg.fits[1]
scw/1392/139200610010.001/swg.fits[1]
scw/1392/139200660010.001/swg.fits[1]
scw/1392/139200670010.001/swg.fits[1]
scw/1392/139200680010.001/swg.fits[1]
scw/1395/139500810010.001/swg.fits[1]
scw/1398/139800630010.001/swg.fits[1]
scw/1401/140100120010.001/swg.fits[1]
scw/1404/140400190010.001/swg.fits[1]
scw/1404/140400200010.001/swg.fits[1]
scw/1404/140400210010.001/swg.fits[1]
scw/1404/140400260010.001/swg.fits[1]
scw/1404/140400270010.001/swg.fits[1]
scw/1404/140400280010.001/swg.fits[1]
scw/1404/140400330010.001/swg.fits[1]
scw/1404/140400340010.001/swg.fits[1]
scw/1404/140400350010.001/swg.fits[1]
scw/1404/140400390010.001/swg.fits[1]
scw/1404/140400400010.001/swg.fits[1]
scw/1404/140400410010.001/swg.fits[1]
scw/1404/140400420010.001/swg.fits[1]
scw/1404/140400470010.001/swg.fits[1]
scw/1404/140400480010.001/swg.fits[1]
scw/1404/140400490010.001/swg.fits[1]
scw/1404/140400540010.001/swg.fits[1]
scw/1404/140400550010.001/swg.fits[1]
scw/1407/140700650010.001/swg.fits[1]
scw/1407/140700660010.001/swg.fits[1]
scw/1407/140700670010.001/swg.fits[1]
scw/1446/144600440010.001/swg.fits[1]
scw/1446/144600480010.001/swg.fits[1]
scw/1446/144600490010.001/swg.fits[1]
scw/1446/144600500010.001/swg.fits[1]
scw/1446/144600510010.001/swg.fits[1]
scw/1446/144600520010.001/swg.fits[1]
scw/1446/144600530010.001/swg.fits[1]
scw/1446/144600540010.001/swg.fits[1]
scw/1446/144600600010.001/swg.fits[1]
scw/1446/144600610010.001/swg.fits[1]
scw/1446/144600620010.001/swg.fits[1]
scw/1446/144600630010.001/swg.fits[1]
scw/1446/144600750010.001/swg.fits[1]
scw/1446/144600760010.001/swg.fits[1]
scw/1446/144600770010.001/swg.fits[1]
scw/1446/144600780010.001/swg.fits[1]
scw/1446/144600790010.001/swg.fits[1]
scw/1446/144600800010.001/swg.fits[1]
scw/1446/144600860010.001/swg.fits[1]
scw/1446/144600870010.001/swg.fits[1]
scw/1446/144600880010.001/swg.fits[1]
scw/1447/144700070010.001/swg.fits[1]
scw/1448/144800160010.001/swg.fits[1]
scw/1448/144800170010.001/swg.fits[1]
scw/1448/144800180010.001/swg.fits[1]
scw/1448/144800210010.001/swg.fits[1]
scw/1448/144800220010.001/swg.fits[1]
scw/1448/144800230010.001/swg.fits[1]
scw/1448/144800240010.001/swg.fits[1]
scw/1448/144800250010.001/swg.fits[1]
scw/1448/144800260010.001/swg.fits[1]
scw/1448/144800270010.001/swg.fits[1]
scw/1448/144800330010.001/swg.fits[1]
scw/1448/144800340010.001/swg.fits[1]
scw/1448/144800470010.001/swg.fits[1]
scw/1448/144800480010.001/swg.fits[1]
scw/1448/144800490010.001/swg.fits[1]
scw/1448/144800500010.001/swg.fits[1]
scw/1448/144800510010.001/swg.fits[1]
scw/1448/144800520010.001/swg.fits[1]
scw/1448/144800530010.001/swg.fits[1]
scw/1448/144800590010.001/swg.fits[1]
scw/1448/144800600010.001/swg.fits[1]
scw/1448/144800610010.001/swg.fits[1]
scw/1449/144900590010.001/swg.fits[1]
scw/1449/144900630010.001/swg.fits[1]
scw/1449/144900640010.001/swg.fits[1]
scw/1449/144900650010.001/swg.fits[1]
scw/1449/144900680010.001/swg.fits[1]
scw/1449/144900690010.001/swg.fits[1]
scw/1449/144900700010.001/swg.fits[1]
scw/1449/144900710010.001/swg.fits[1]
scw/1449/144900720010.001/swg.fits[1]
scw/1449/144900730010.001/swg.fits[1]
scw/1449/144900740010.001/swg.fits[1]
scw/1449/144900800010.001/swg.fits[1]
scw/1449/144900810010.001/swg.fits[1]
scw/1449/144900820010.001/swg.fits[1]
scw/1450/145000100010.001/swg.fits[1]
scw/1450/145000140010.001/swg.fits[1]
scw/1450/145000150010.001/swg.fits[1]
scw/1450/145000160010.001/swg.fits[1]
scw/1450/145000200010.001/swg.fits[1]
scw/1450/145000210010.001/swg.fits[1]
scw/1450/145000220010.001/swg.fits[1]
scw/1450/145000230010.001/swg.fits[1]
scw/1450/145000240010.001/swg.fits[1]
scw/1450/145000310010.001/swg.fits[1]
scw/1450/145000320010.001/swg.fits[1]
scw/1450/145000330010.001/swg.fits[1]
scw/1450/145000450010.001/swg.fits[1]
scw/1450/145000460010.001/swg.fits[1]
scw/1450/145000470010.001/swg.fits[1]
scw/1450/145000480010.001/swg.fits[1]
scw/1450/145000490010.001/swg.fits[1]
scw/1450/145000500010.001/swg.fits[1]
scw/1450/145000510010.001/swg.fits[1]
scw/1450/145000570010.001/swg.fits[1]
scw/1450/145000580010.001/swg.fits[1]
scw/1450/145000700010.001/swg.fits[1]
scw/1450/145000710010.001/swg.fits[1]
scw/1450/145000720010.001/swg.fits[1]
scw/1450/145000730010.001/swg.fits[1]
scw/1450/145000740010.001/swg.fits[1]
scw/1450/145000750010.001/swg.fits[1]
scw/1450/145000760010.001/swg.fits[1]
scw/1450/145000770010.001/swg.fits[1]
scw/1450/145000780010.001/swg.fits[1]
scw/1450/145000830010.001/swg.fits[1]
scw/1450/145000840010.001/swg.fits[1]
scw/1450/145000970010.001/swg.fits[1]
scw/1450/145000980010.001/swg.fits[1]
scw/1450/145000990010.001/swg.fits[1]
scw/1450/145001000010.001/swg.fits[1]
scw/1450/145001010010.001/swg.fits[1]
scw/1450/145001020010.001/swg.fits[1]
scw/1450/145001030010.001/swg.fits[1]
scw/1450/145001100010.001/swg.fits[1]
scw/1451/145100140010.001/swg.fits[1]
scw/1451/145100150010.001/swg.fits[1]
scw/1451/145100160010.001/swg.fits[1]
scw/1451/145100270010.001/swg.fits[1]
scw/1451/145100280010.001/swg.fits[1]
scw/1451/145100290010.001/swg.fits[1]
scw/1451/145100300010.001/swg.fits[1]
