scw/0054/005400230010.001/swg.fits[1]
scw/0054/005400240010.001/swg.fits[1]
scw/0054/005400250010.001/swg.fits[1]
scw/0062/006200100010.001/swg.fits[1]
scw/0062/006200110010.001/swg.fits[1]
scw/0062/006200120010.001/swg.fits[1]
scw/0074/007400120010.001/swg.fits[1]
scw/0074/007400130010.001/swg.fits[1]
scw/0074/007400140010.001/swg.fits[1]
scw/0079/007900190010.001/swg.fits[1]
scw/0079/007900280010.001/swg.fits[1]
scw/0079/007900290010.001/swg.fits[1]
scw/0079/007900300010.001/swg.fits[1]
scw/0079/007900370010.001/swg.fits[1]
scw/0079/007900380010.001/swg.fits[1]
scw/0079/007900390010.001/swg.fits[1]
scw/0079/007900400010.001/swg.fits[1]
scw/0079/007900460010.001/swg.fits[1]
scw/0079/007900470010.001/swg.fits[1]
scw/0079/007900480010.001/swg.fits[1]
scw/0079/007900490010.001/swg.fits[1]
scw/0079/007900560010.001/swg.fits[1]
scw/0079/007900570010.001/swg.fits[1]
scw/0079/007900580010.001/swg.fits[1]
scw/0079/007900670010.001/swg.fits[1]
scw/0080/008000050010.001/swg.fits[1]
scw/0080/008000050020.001/swg.fits[1]
scw/0080/008000060010.001/swg.fits[1]
scw/0080/008000070010.001/swg.fits[1]
scw/0080/008000140010.001/swg.fits[1]
scw/0080/008000150010.001/swg.fits[1]
scw/0080/008000160010.001/swg.fits[1]
scw/0080/008000170010.001/swg.fits[1]
scw/0080/008000230010.001/swg.fits[1]
scw/0080/008000240010.001/swg.fits[1]
scw/0080/008000250010.001/swg.fits[1]
scw/0080/008000260010.001/swg.fits[1]
scw/0080/008000330010.001/swg.fits[1]
scw/0080/008000340010.001/swg.fits[1]
scw/0080/008000350010.001/swg.fits[1]
scw/0080/008000440010.001/swg.fits[1]
scw/0082/008200050010.001/swg.fits[1]
scw/0082/008200060010.001/swg.fits[1]
scw/0145/014500020010.001/swg.fits[1]
scw/0145/014500030010.001/swg.fits[1]
scw/0172/017200600010.001/swg.fits[1]
scw/0174/017400640010.001/swg.fits[1]
scw/0181/018100240010.001/swg.fits[1]
scw/0181/018100250010.001/swg.fits[1]
scw/0181/018100260010.001/swg.fits[1]
scw/0185/018500140010.001/swg.fits[1]
scw/0185/018500150010.001/swg.fits[1]
scw/0185/018500160010.001/swg.fits[1]
scw/0193/019300060010.001/swg.fits[1]
scw/0193/019300070010.001/swg.fits[1]
scw/0193/019300080010.001/swg.fits[1]
scw/0197/019700100010.001/swg.fits[1]
scw/0202/020200030010.001/swg.fits[1]
scw/0202/020200040010.001/swg.fits[1]
scw/0202/020200050010.001/swg.fits[1]
scw/0229/022900280010.001/swg.fits[1]
scw/0229/022900290010.001/swg.fits[1]
scw/0229/022900300010.001/swg.fits[1]
scw/0241/024100060010.001/swg.fits[1]
scw/0242/024200310010.001/swg.fits[1]
scw/0242/024200380010.001/swg.fits[1]
scw/0243/024300850010.001/swg.fits[1]
scw/0243/024300920010.001/swg.fits[1]
scw/0249/024900160010.001/swg.fits[1]
scw/0253/025300100010.001/swg.fits[1]
scw/0253/025300110010.001/swg.fits[1]
scw/0253/025300120010.001/swg.fits[1]
scw/0259/025900150010.001/swg.fits[1]
scw/0259/025900160010.001/swg.fits[1]
scw/0259/025900170010.001/swg.fits[1]
scw/0261/026100210010.001/swg.fits[1]
scw/0261/026100280010.001/swg.fits[1]
scw/0261/026100350010.001/swg.fits[1]
scw/0261/026100420010.001/swg.fits[1]
scw/0264/026400130010.001/swg.fits[1]
scw/0264/026400140010.001/swg.fits[1]
scw/0266/026600130010.001/swg.fits[1]
scw/0266/026600140010.001/swg.fits[1]
scw/0307/030700100010.001/swg.fits[1]
scw/0307/030700110010.001/swg.fits[1]
scw/0319/031900120010.001/swg.fits[1]
scw/0319/031900130010.001/swg.fits[1]
scw/0319/031900140010.001/swg.fits[1]
scw/0375/037500660010.001/swg.fits[1]
scw/0375/037500670010.001/swg.fits[1]
scw/0375/037500680010.001/swg.fits[1]
scw/0383/038300530010.001/swg.fits[1]
scw/0383/038300540010.001/swg.fits[1]
scw/0383/038300550010.001/swg.fits[1]
scw/0384/038400130010.001/swg.fits[1]
scw/0384/038400140010.001/swg.fits[1]
scw/0384/038400150010.001/swg.fits[1]
scw/0384/038400160010.001/swg.fits[1]
scw/0384/038400170010.001/swg.fits[1]
scw/0384/038400180010.001/swg.fits[1]
scw/0384/038400190010.001/swg.fits[1]
scw/0384/038400200010.001/swg.fits[1]
scw/0388/038800020010.001/swg.fits[1]
scw/0388/038800030010.001/swg.fits[1]
scw/0397/039700560010.001/swg.fits[1]
scw/0415/041500040010.001/swg.fits[1]
scw/0415/041500050010.001/swg.fits[1]
scw/0415/041500060010.001/swg.fits[1]
scw/0431/043100130010.001/swg.fits[1]
scw/0431/043100140010.001/swg.fits[1]
scw/0431/043100150010.001/swg.fits[1]
scw/0482/048200100010.001/swg.fits[1]
scw/0482/048200110010.001/swg.fits[1]
scw/0482/048200120010.001/swg.fits[1]
scw/0482/048200130010.001/swg.fits[1]
scw/0482/048200140010.001/swg.fits[1]
scw/0482/048200150010.001/swg.fits[1]
scw/0482/048200160010.001/swg.fits[1]
scw/0482/048200170010.001/swg.fits[1]
scw/0482/048200220010.001/swg.fits[1]
scw/0482/048200230010.001/swg.fits[1]
scw/0482/048200440010.001/swg.fits[1]
scw/0482/048200450010.001/swg.fits[1]
scw/0482/048200460010.001/swg.fits[1]
scw/0482/048200500010.001/swg.fits[1]
scw/0482/048200510010.001/swg.fits[1]
scw/0482/048200520010.001/swg.fits[1]
scw/0482/048200530010.001/swg.fits[1]
scw/0482/048200540010.001/swg.fits[1]
scw/0482/048200550010.001/swg.fits[1]
scw/0482/048200560010.001/swg.fits[1]
scw/0482/048200570010.001/swg.fits[1]
scw/0482/048200580010.001/swg.fits[1]
scw/0482/048200590010.001/swg.fits[1]
scw/0484/048400020010.001/swg.fits[1]
scw/0484/048400030010.001/swg.fits[1]
scw/0484/048400040010.001/swg.fits[1]
scw/0484/048400050010.001/swg.fits[1]
scw/0484/048400060010.001/swg.fits[1]
scw/0484/048400070010.001/swg.fits[1]
scw/0484/048400080010.001/swg.fits[1]
scw/0498/049800220010.001/swg.fits[1]
scw/0498/049800230010.001/swg.fits[1]
scw/0498/049800240010.001/swg.fits[1]
scw/0498/049800250010.001/swg.fits[1]
scw/0498/049800260010.001/swg.fits[1]
scw/0498/049800340010.001/swg.fits[1]
scw/0498/049800350010.001/swg.fits[1]
scw/0498/049800360010.001/swg.fits[1]
scw/0498/049800430010.001/swg.fits[1]
scw/0498/049800440010.001/swg.fits[1]
scw/0498/049800450010.001/swg.fits[1]
scw/0498/049800460010.001/swg.fits[1]
scw/0498/049800470010.001/swg.fits[1]
scw/0498/049800520010.001/swg.fits[1]
scw/0498/049800530010.001/swg.fits[1]
scw/0498/049800540010.001/swg.fits[1]
scw/0498/049800550010.001/swg.fits[1]
scw/0498/049800560010.001/swg.fits[1]
scw/0498/049800570010.001/swg.fits[1]
scw/0499/049900120010.001/swg.fits[1]
scw/0499/049900130010.001/swg.fits[1]
scw/0499/049900140010.001/swg.fits[1]
scw/0499/049900150010.001/swg.fits[1]
scw/0499/049900220010.001/swg.fits[1]
scw/0499/049900230010.001/swg.fits[1]
scw/0499/049900240010.001/swg.fits[1]
scw/0499/049900330010.001/swg.fits[1]
scw/0499/049900340010.001/swg.fits[1]
scw/0499/049900420010.001/swg.fits[1]
scw/0499/049900430010.001/swg.fits[1]
scw/0499/049900440010.001/swg.fits[1]
scw/0499/049900450010.001/swg.fits[1]
scw/0499/049900510010.001/swg.fits[1]
scw/0499/049900520010.001/swg.fits[1]
scw/0499/049900530010.001/swg.fits[1]
scw/0499/049900540010.001/swg.fits[1]
scw/0499/049900550010.001/swg.fits[1]
scw/0499/049900560010.001/swg.fits[1]
scw/0499/049900610010.001/swg.fits[1]
scw/0500/050000010010.001/swg.fits[1]
scw/0500/050000020010.001/swg.fits[1]
scw/0500/050000030010.001/swg.fits[1]
scw/0500/050000040010.001/swg.fits[1]
scw/0500/050000050010.001/swg.fits[1]
scw/0500/050000110010.001/swg.fits[1]
scw/0500/050000120010.001/swg.fits[1]
scw/0500/050000130010.001/swg.fits[1]
scw/0500/050000140010.001/swg.fits[1]
scw/0500/050000220010.001/swg.fits[1]
scw/0500/050000230010.001/swg.fits[1]
scw/0500/050000310010.001/swg.fits[1]
scw/0500/050000320010.001/swg.fits[1]
scw/0500/050000330010.001/swg.fits[1]
scw/0500/050000340010.001/swg.fits[1]
scw/0500/050000410010.001/swg.fits[1]
scw/0500/050000420010.001/swg.fits[1]
scw/0500/050000430010.001/swg.fits[1]
scw/0500/050000440010.001/swg.fits[1]
scw/0500/050000450010.001/swg.fits[1]
scw/0500/050000510010.001/swg.fits[1]
scw/0500/050000520010.001/swg.fits[1]
scw/0500/050000530010.001/swg.fits[1]
scw/0500/050000540010.001/swg.fits[1]
scw/0501/050100100010.001/swg.fits[1]
scw/0501/050100110010.001/swg.fits[1]
scw/0501/050100120010.001/swg.fits[1]
scw/0501/050100130010.001/swg.fits[1]
scw/0501/050100160010.001/swg.fits[1]
scw/0501/050100170010.001/swg.fits[1]
scw/0501/050100180010.001/swg.fits[1]
scw/0501/050100190010.001/swg.fits[1]
scw/0501/050100200010.001/swg.fits[1]
scw/0501/050100210010.001/swg.fits[1]
scw/0501/050100220010.001/swg.fits[1]
scw/0501/050100230010.001/swg.fits[1]
scw/0501/050100470010.001/swg.fits[1]
scw/0501/050100480010.001/swg.fits[1]
scw/0501/050100560010.001/swg.fits[1]
scw/0501/050100570010.001/swg.fits[1]
scw/0501/050100580010.001/swg.fits[1]
scw/0501/050100590010.001/swg.fits[1]
scw/0501/050100660010.001/swg.fits[1]
scw/0501/050100670010.001/swg.fits[1]
scw/0501/050100680010.001/swg.fits[1]
scw/0501/050100690010.001/swg.fits[1]
