scw/1113/111300550010.001/swg.fits[1]
scw/1113/111300570010.001/swg.fits[1]
scw/1113/111300580010.001/swg.fits[1]
scw/1113/111300590010.001/swg.fits[1]
scw/1113/111300600010.001/swg.fits[1]
scw/1113/111300610010.001/swg.fits[1]
scw/1113/111300620010.001/swg.fits[1]
scw/1113/111300620020.001/swg.fits[1]
scw/1117/111700320010.001/swg.fits[1]
scw/1117/111700350010.001/swg.fits[1]
scw/1117/111700360010.001/swg.fits[1]
scw/1117/111700370010.001/swg.fits[1]
scw/1117/111700380010.001/swg.fits[1]
scw/1117/111700400010.001/swg.fits[1]
scw/1117/111700410010.001/swg.fits[1]
scw/1117/111700420010.001/swg.fits[1]
scw/1117/111700430010.001/swg.fits[1]
scw/1117/111700440010.001/swg.fits[1]
scw/1117/111700450010.001/swg.fits[1]
scw/1117/111700460010.001/swg.fits[1]
scw/1117/111700470010.001/swg.fits[1]
scw/1117/111700480010.001/swg.fits[1]
scw/1117/111700490010.001/swg.fits[1]
scw/1117/111700500010.001/swg.fits[1]
scw/1117/111700510010.001/swg.fits[1]
scw/1117/111700520010.001/swg.fits[1]
scw/1117/111700550010.001/swg.fits[1]
scw/1117/111700560010.001/swg.fits[1]
scw/1117/111700570010.001/swg.fits[1]
scw/1117/111700580010.001/swg.fits[1]
scw/1117/111700590010.001/swg.fits[1]
scw/1117/111700600010.001/swg.fits[1]
scw/1117/111700610010.001/swg.fits[1]
scw/1117/111700620010.001/swg.fits[1]
scw/1118/111800040010.001/swg.fits[1]
scw/1118/111800050010.001/swg.fits[1]
scw/1118/111800060010.001/swg.fits[1]
scw/1118/111800070010.001/swg.fits[1]
scw/1118/111800080010.001/swg.fits[1]
scw/1118/111800090010.001/swg.fits[1]
scw/1118/111800100010.001/swg.fits[1]
scw/1118/111800110010.001/swg.fits[1]
scw/1118/111800120010.001/swg.fits[1]
scw/1118/111800130010.001/swg.fits[1]
scw/1118/111800140010.001/swg.fits[1]
scw/1118/111800160010.001/swg.fits[1]
scw/1118/111800170010.001/swg.fits[1]
scw/1118/111800180010.001/swg.fits[1]
scw/1118/111800190010.001/swg.fits[1]
scw/1118/111800200010.001/swg.fits[1]
scw/1118/111800210010.001/swg.fits[1]
scw/1118/111800220010.001/swg.fits[1]
scw/1118/111800230010.001/swg.fits[1]
scw/1118/111800240010.001/swg.fits[1]
scw/1118/111800250010.001/swg.fits[1]
scw/1118/111800260010.001/swg.fits[1]
scw/1118/111800270010.001/swg.fits[1]
scw/1118/111800280010.001/swg.fits[1]
scw/1118/111800300010.001/swg.fits[1]
scw/1118/111800310010.001/swg.fits[1]
scw/1118/111800320010.001/swg.fits[1]
scw/1118/111800330010.001/swg.fits[1]
scw/1118/111800340010.001/swg.fits[1]
scw/1118/111800350010.001/swg.fits[1]
scw/1118/111800360010.001/swg.fits[1]
scw/1118/111800370010.001/swg.fits[1]
scw/1118/111800380010.001/swg.fits[1]
scw/1118/111800390010.001/swg.fits[1]
scw/1118/111800400010.001/swg.fits[1]
scw/1118/111800410010.001/swg.fits[1]
scw/1118/111800420010.001/swg.fits[1]
scw/1118/111800430010.001/swg.fits[1]
scw/1128/112800510010.001/swg.fits[1]
scw/1170/117000060010.001/swg.fits[1]
scw/1170/117000070010.001/swg.fits[1]
scw/1170/117000080010.001/swg.fits[1]
scw/1170/117000090010.001/swg.fits[1]
scw/1170/117000100010.001/swg.fits[1]
scw/1170/117000110010.001/swg.fits[1]
scw/1170/117000120010.001/swg.fits[1]
scw/1170/117000150010.001/swg.fits[1]
scw/1170/117000160010.001/swg.fits[1]
scw/1170/117000170010.001/swg.fits[1]
scw/1170/117000180010.001/swg.fits[1]
scw/1170/117000190010.001/swg.fits[1]
scw/1170/117000200010.001/swg.fits[1]
scw/1170/117000210010.001/swg.fits[1]
scw/1170/117000220010.001/swg.fits[1]
scw/1170/117000250010.001/swg.fits[1]
scw/1170/117000260010.001/swg.fits[1]
scw/1170/117000270010.001/swg.fits[1]
scw/1170/117000300010.001/swg.fits[1]
scw/1170/117000310010.001/swg.fits[1]
scw/1170/117000320010.001/swg.fits[1]
scw/1170/117000360010.001/swg.fits[1]
scw/1170/117000370010.001/swg.fits[1]
scw/1170/117000380010.001/swg.fits[1]
scw/1170/117000390010.001/swg.fits[1]
scw/1170/117000400010.001/swg.fits[1]
scw/1170/117000410010.001/swg.fits[1]
scw/1170/117000420010.001/swg.fits[1]
scw/1170/117000450010.001/swg.fits[1]
scw/1170/117000460010.001/swg.fits[1]
scw/1170/117000470010.001/swg.fits[1]
scw/1170/117000480010.001/swg.fits[1]
scw/1170/117000490010.001/swg.fits[1]
scw/1170/117000500010.001/swg.fits[1]
scw/1170/117000510010.001/swg.fits[1]
scw/1170/117000520010.001/swg.fits[1]
scw/1170/117000560010.001/swg.fits[1]
scw/1170/117000570010.001/swg.fits[1]
scw/1170/117000580010.001/swg.fits[1]
scw/1170/117000590010.001/swg.fits[1]
scw/1170/117000600010.001/swg.fits[1]
scw/1170/117000610010.001/swg.fits[1]
scw/1179/117900040010.001/swg.fits[1]
scw/1179/117900050010.001/swg.fits[1]
scw/1179/117900060010.001/swg.fits[1]
scw/1179/117900070010.001/swg.fits[1]
scw/1179/117900080010.001/swg.fits[1]
scw/1179/117900090010.001/swg.fits[1]
scw/1179/117900100010.001/swg.fits[1]
scw/1179/117900130010.001/swg.fits[1]
scw/1179/117900140010.001/swg.fits[1]
scw/1179/117900150010.001/swg.fits[1]
scw/1179/117900180010.001/swg.fits[1]
scw/1179/117900190010.001/swg.fits[1]
scw/1179/117900200010.001/swg.fits[1]
scw/1179/117900210010.001/swg.fits[1]
scw/1179/117900230010.001/swg.fits[1]
scw/1179/117900240010.001/swg.fits[1]
scw/1179/117900250010.001/swg.fits[1]
scw/1179/117900260010.001/swg.fits[1]
scw/1179/117900270010.001/swg.fits[1]
scw/1179/117900280010.001/swg.fits[1]
scw/1179/117900290010.001/swg.fits[1]
scw/1179/117900300010.001/swg.fits[1]
scw/1179/117900340010.001/swg.fits[1]
scw/1179/117900350010.001/swg.fits[1]
scw/1179/117900360010.001/swg.fits[1]
scw/1179/117900370010.001/swg.fits[1]
scw/1179/117900380010.001/swg.fits[1]
scw/1179/117900390010.001/swg.fits[1]
scw/1179/117900440010.001/swg.fits[1]
scw/1179/117900450010.001/swg.fits[1]
scw/1179/117900460010.001/swg.fits[1]
scw/1179/117900470010.001/swg.fits[1]
scw/1179/117900480010.001/swg.fits[1]
scw/1179/117900490010.001/swg.fits[1]
scw/1179/117900530010.001/swg.fits[1]
scw/1179/117900540010.001/swg.fits[1]
scw/1179/117900550010.001/swg.fits[1]
scw/1179/117900560010.001/swg.fits[1]
scw/1179/117900570010.001/swg.fits[1]
scw/1179/117900580010.001/swg.fits[1]
scw/1179/117900590010.001/swg.fits[1]
scw/1179/117900600010.001/swg.fits[1]
scw/1179/117900620010.001/swg.fits[1]
scw/1179/117900630010.001/swg.fits[1]
scw/1179/117900640010.001/swg.fits[1]
scw/1179/117900640020.001/swg.fits[1]
scw/1232/123200060010.001/swg.fits[1]
scw/1232/123200070010.001/swg.fits[1]
scw/1232/123200080010.001/swg.fits[1]
scw/1232/123200090010.001/swg.fits[1]
scw/1232/123200100010.001/swg.fits[1]
scw/1232/123200110010.001/swg.fits[1]
scw/1232/123200120010.001/swg.fits[1]
scw/1232/123200150010.001/swg.fits[1]
scw/1232/123200160010.001/swg.fits[1]
scw/1232/123200170010.001/swg.fits[1]
scw/1232/123200180010.001/swg.fits[1]
scw/1232/123200190010.001/swg.fits[1]
scw/1232/123200200010.001/swg.fits[1]
scw/1232/123200210010.001/swg.fits[1]
scw/1232/123200220010.001/swg.fits[1]
scw/1232/123200250010.001/swg.fits[1]
scw/1232/123200260010.001/swg.fits[1]
scw/1232/123200270010.001/swg.fits[1]
scw/1232/123200300010.001/swg.fits[1]
scw/1232/123200310010.001/swg.fits[1]
scw/1232/123200320010.001/swg.fits[1]
scw/1232/123200370010.001/swg.fits[1]
scw/1232/123200380010.001/swg.fits[1]
scw/1232/123200390010.001/swg.fits[1]
scw/1232/123200400010.001/swg.fits[1]
scw/1232/123200410010.001/swg.fits[1]
scw/1232/123200460010.001/swg.fits[1]
scw/1232/123200470010.001/swg.fits[1]
scw/1232/123200480010.001/swg.fits[1]
scw/1232/123200490010.001/swg.fits[1]
scw/1232/123200500010.001/swg.fits[1]
scw/1232/123200510010.001/swg.fits[1]
scw/1232/123200550010.001/swg.fits[1]
scw/1232/123200560010.001/swg.fits[1]
scw/1232/123200570010.001/swg.fits[1]
scw/1232/123200580010.001/swg.fits[1]
scw/1232/123200590010.001/swg.fits[1]
scw/1232/123200600010.001/swg.fits[1]
scw/1232/123200610010.001/swg.fits[1]
scw/1232/123200620010.001/swg.fits[1]
scw/1240/124000280010.001/swg.fits[1]
scw/1240/124000290010.001/swg.fits[1]
scw/1240/124000300010.001/swg.fits[1]
scw/1240/124000310010.001/swg.fits[1]
scw/1240/124000330010.001/swg.fits[1]
scw/1240/124000340010.001/swg.fits[1]
scw/1240/124000350010.001/swg.fits[1]
scw/1240/124000360010.001/swg.fits[1]
scw/1240/124000370010.001/swg.fits[1]
scw/1240/124000380010.001/swg.fits[1]
scw/1240/124000390010.001/swg.fits[1]
scw/1240/124000440010.001/swg.fits[1]
scw/1240/124000450010.001/swg.fits[1]
scw/1240/124000460010.001/swg.fits[1]
scw/1240/124000470010.001/swg.fits[1]
scw/1240/124000480010.001/swg.fits[1]
scw/1240/124000490010.001/swg.fits[1]
scw/1240/124000500010.001/swg.fits[1]
scw/1240/124000510010.001/swg.fits[1]
scw/1240/124000520010.001/swg.fits[1]
scw/1240/124000530010.001/swg.fits[1]
scw/1240/124000540010.001/swg.fits[1]
scw/1240/124000550010.001/swg.fits[1]
scw/1240/124000580010.001/swg.fits[1]
scw/1240/124000590010.001/swg.fits[1]
scw/1240/124000600010.001/swg.fits[1]
scw/1240/124000610010.001/swg.fits[1]
scw/1240/124000620010.001/swg.fits[1]
scw/1240/124000630010.001/swg.fits[1]
scw/1557/155700560010.001/swg.fits[1]
scw/1570/157000840010.001/swg.fits[1]
scw/1623/162300530010.001/swg.fits[1]
scw/1941/194100170010.001/swg.fits[1]
scw/2101/210100310010.001/swg.fits[1]
scw/2308/230800170010.001/swg.fits[1]
scw/2311/231100560010.001/swg.fits[1]
