scw/1355/135500090010.001/swg.fits[1]
scw/1355/135500100010.001/swg.fits[1]
scw/1355/135500110010.001/swg.fits[1]
scw/1355/135500120010.001/swg.fits[1]
scw/1355/135500130010.001/swg.fits[1]
scw/1355/135500140010.001/swg.fits[1]
scw/1355/135500150010.001/swg.fits[1]
scw/1355/135500160010.001/swg.fits[1]
scw/1355/135500170010.001/swg.fits[1]
scw/1355/135500180010.001/swg.fits[1]
scw/1355/135500240010.001/swg.fits[1]
scw/1355/135500250010.001/swg.fits[1]
scw/1355/135500260010.001/swg.fits[1]
scw/1355/135500270010.001/swg.fits[1]
scw/1355/135500280010.001/swg.fits[1]
scw/1355/135500290010.001/swg.fits[1]
scw/1355/135500300010.001/swg.fits[1]
scw/1355/135500310010.001/swg.fits[1]
scw/1355/135500320010.001/swg.fits[1]
scw/1355/135500330010.001/swg.fits[1]
scw/1355/135500340010.001/swg.fits[1]
scw/1355/135500350010.001/swg.fits[1]
scw/1355/135500360010.001/swg.fits[1]
scw/1355/135500370010.001/swg.fits[1]
scw/1355/135500380010.001/swg.fits[1]
scw/1355/135500390010.001/swg.fits[1]
scw/1355/135500400010.001/swg.fits[1]
scw/1355/135500410010.001/swg.fits[1]
scw/1355/135500420010.001/swg.fits[1]
scw/1355/135500430010.001/swg.fits[1]
scw/1355/135500440010.001/swg.fits[1]
scw/1355/135500450010.001/swg.fits[1]
scw/1355/135500460010.001/swg.fits[1]
scw/1355/135500470010.001/swg.fits[1]
scw/1355/135500480010.001/swg.fits[1]
scw/1355/135500490010.001/swg.fits[1]
scw/1355/135500500010.001/swg.fits[1]
scw/1355/135500510010.001/swg.fits[1]
scw/1355/135500520010.001/swg.fits[1]
scw/1355/135500530010.001/swg.fits[1]
scw/1355/135500590010.001/swg.fits[1]
scw/1355/135500600010.001/swg.fits[1]
scw/1355/135500610010.001/swg.fits[1]
scw/1355/135500620010.001/swg.fits[1]
scw/1355/135500630010.001/swg.fits[1]
scw/1355/135500640010.001/swg.fits[1]
scw/1355/135500650010.001/swg.fits[1]
scw/1355/135500660010.001/swg.fits[1]
scw/1355/135500670010.001/swg.fits[1]
scw/1355/135500680010.001/swg.fits[1]
scw/1355/135500690010.001/swg.fits[1]
scw/1355/135500700010.001/swg.fits[1]
scw/1355/135500710010.001/swg.fits[1]
scw/1355/135500720010.001/swg.fits[1]
scw/1355/135500730010.001/swg.fits[1]
scw/1356/135600040010.001/swg.fits[1]
scw/1356/135600050010.001/swg.fits[1]
scw/1356/135600060010.001/swg.fits[1]
scw/1356/135600070010.001/swg.fits[1]
scw/1356/135600080010.001/swg.fits[1]
scw/1356/135600090010.001/swg.fits[1]
scw/1356/135600100010.001/swg.fits[1]
scw/1356/135600110010.001/swg.fits[1]
scw/1356/135600120010.001/swg.fits[1]
scw/1356/135600130010.001/swg.fits[1]
scw/1356/135600140010.001/swg.fits[1]
scw/1356/135600150010.001/swg.fits[1]
scw/1356/135600160010.001/swg.fits[1]
scw/1356/135600170010.001/swg.fits[1]
scw/1356/135600180010.001/swg.fits[1]
scw/1356/135600240010.001/swg.fits[1]
scw/1356/135600250010.001/swg.fits[1]
scw/1356/135600260010.001/swg.fits[1]
scw/1356/135600270010.001/swg.fits[1]
scw/1356/135600280010.001/swg.fits[1]
scw/1356/135600290010.001/swg.fits[1]
scw/1356/135600300010.001/swg.fits[1]
scw/1356/135600310010.001/swg.fits[1]
scw/1356/135600320010.001/swg.fits[1]
scw/1356/135600330010.001/swg.fits[1]
scw/1356/135600340010.001/swg.fits[1]
scw/1356/135600350010.001/swg.fits[1]
scw/1356/135600360010.001/swg.fits[1]
scw/1356/135600370010.001/swg.fits[1]
scw/1356/135600380010.001/swg.fits[1]
scw/1356/135600390010.001/swg.fits[1]
scw/1356/135600400010.001/swg.fits[1]
scw/1356/135600410010.001/swg.fits[1]
scw/1356/135600420010.001/swg.fits[1]
scw/1356/135600430010.001/swg.fits[1]
scw/1356/135600440010.001/swg.fits[1]
scw/1356/135600450010.001/swg.fits[1]
scw/1356/135600460010.001/swg.fits[1]
scw/1356/135600470010.001/swg.fits[1]
scw/1356/135600480010.001/swg.fits[1]
scw/1356/135600490010.001/swg.fits[1]
scw/1356/135600500010.001/swg.fits[1]
scw/1356/135600510010.001/swg.fits[1]
scw/1356/135600530010.001/swg.fits[1]
scw/1356/135600590010.001/swg.fits[1]
scw/1356/135600600010.001/swg.fits[1]
scw/1356/135600610010.001/swg.fits[1]
scw/1356/135600620010.001/swg.fits[1]
scw/1356/135600630010.001/swg.fits[1]
scw/1356/135600640010.001/swg.fits[1]
scw/1356/135600650010.001/swg.fits[1]
scw/1356/135600660010.001/swg.fits[1]
scw/1356/135600670010.001/swg.fits[1]
scw/1356/135600680010.001/swg.fits[1]
scw/1356/135600690010.001/swg.fits[1]
scw/1356/135600700010.001/swg.fits[1]
scw/1356/135600710010.001/swg.fits[1]
scw/1356/135600720010.001/swg.fits[1]
scw/1356/135600730010.001/swg.fits[1]
scw/1366/136600140010.001/swg.fits[1]
scw/1366/136600150010.001/swg.fits[1]
scw/1366/136600160010.001/swg.fits[1]
scw/1408/140800040010.001/swg.fits[1]
scw/1408/140800050010.001/swg.fits[1]
scw/1408/140800060010.001/swg.fits[1]
scw/1408/140800070010.001/swg.fits[1]
scw/1408/140800080010.001/swg.fits[1]
scw/1408/140800090010.001/swg.fits[1]
scw/1408/140800100010.001/swg.fits[1]
scw/1408/140800110010.001/swg.fits[1]
scw/1408/140800120010.001/swg.fits[1]
scw/1408/140800130010.001/swg.fits[1]
scw/1408/140800190010.001/swg.fits[1]
scw/1408/140800200010.001/swg.fits[1]
scw/1408/140800210010.001/swg.fits[1]
scw/1408/140800220010.001/swg.fits[1]
scw/1408/140800230010.001/swg.fits[1]
scw/1408/140800240010.001/swg.fits[1]
scw/1408/140800250010.001/swg.fits[1]
scw/1408/140800260010.001/swg.fits[1]
scw/1408/140800270010.001/swg.fits[1]
scw/1408/140800280010.001/swg.fits[1]
scw/1408/140800290010.001/swg.fits[1]
scw/1408/140800300010.001/swg.fits[1]
scw/1408/140800310010.001/swg.fits[1]
scw/1408/140800320010.001/swg.fits[1]
scw/1408/140800330010.001/swg.fits[1]
scw/1408/140800340010.001/swg.fits[1]
scw/1408/140800350010.001/swg.fits[1]
scw/1408/140800360010.001/swg.fits[1]
scw/1408/140800370010.001/swg.fits[1]
scw/1408/140800380010.001/swg.fits[1]
scw/1408/140800440010.001/swg.fits[1]
scw/1408/140800450010.001/swg.fits[1]
scw/1408/140800460010.001/swg.fits[1]
scw/1408/140800470010.001/swg.fits[1]
scw/1408/140800480010.001/swg.fits[1]
scw/1408/140800490010.001/swg.fits[1]
scw/1408/140800510010.001/swg.fits[1]
scw/1408/140800520010.001/swg.fits[1]
scw/1408/140800530010.001/swg.fits[1]
scw/1408/140800540010.001/swg.fits[1]
scw/1408/140800550010.001/swg.fits[1]
scw/1408/140800560010.001/swg.fits[1]
scw/1408/140800570010.001/swg.fits[1]
scw/1408/140800580010.001/swg.fits[1]
scw/1408/140800590010.001/swg.fits[1]
scw/1408/140800600010.001/swg.fits[1]
scw/1408/140800610010.001/swg.fits[1]
scw/1408/140800620010.001/swg.fits[1]
scw/1408/140800630010.001/swg.fits[1]
scw/1408/140800690010.001/swg.fits[1]
scw/1408/140800700010.001/swg.fits[1]
scw/1408/140800710010.001/swg.fits[1]
scw/1408/140800720010.001/swg.fits[1]
scw/1408/140800740010.001/swg.fits[1]
scw/1408/140800750010.001/swg.fits[1]
scw/1408/140800760010.001/swg.fits[1]
scw/1408/140800770010.001/swg.fits[1]
scw/1408/140800780010.001/swg.fits[1]
scw/1408/140800790010.001/swg.fits[1]
scw/1408/140800800010.001/swg.fits[1]
scw/1408/140800810010.001/swg.fits[1]
scw/1408/140800820010.001/swg.fits[1]
scw/1408/140800830010.001/swg.fits[1]
scw/1408/140800840010.001/swg.fits[1]
scw/1408/140800850010.001/swg.fits[1]
scw/1408/140800860010.001/swg.fits[1]
scw/1408/140800870010.001/swg.fits[1]
scw/1408/140800880010.001/swg.fits[1]
scw/1408/140800890010.001/swg.fits[1]
scw/1408/140800950010.001/swg.fits[1]
scw/1408/140800960010.001/swg.fits[1]
scw/1408/140800970010.001/swg.fits[1]
scw/1408/140800980010.001/swg.fits[1]
scw/1408/140800990010.001/swg.fits[1]
scw/1408/140801000010.001/swg.fits[1]
scw/1408/140801010010.001/swg.fits[1]
scw/1408/140801020010.001/swg.fits[1]
scw/1408/140801030010.001/swg.fits[1]
scw/1408/140801040010.001/swg.fits[1]
scw/1409/140900010010.001/swg.fits[1]
scw/1409/140900020010.001/swg.fits[1]
scw/1409/140900030010.001/swg.fits[1]
scw/1409/140900040010.001/swg.fits[1]
scw/1409/140900050010.001/swg.fits[1]
scw/1409/140900060010.001/swg.fits[1]
scw/1409/140900070010.001/swg.fits[1]
scw/1409/140900080010.001/swg.fits[1]
scw/1409/140900090010.001/swg.fits[1]
scw/1409/140900100010.001/swg.fits[1]
scw/1409/140900160010.001/swg.fits[1]
scw/1409/140900170010.001/swg.fits[1]
scw/1409/140900180010.001/swg.fits[1]
scw/1409/140900190010.001/swg.fits[1]
scw/1409/140900200010.001/swg.fits[1]
scw/1409/140900210010.001/swg.fits[1]
scw/1409/140900220010.001/swg.fits[1]
scw/1409/140900230010.001/swg.fits[1]
scw/1409/140900240010.001/swg.fits[1]
scw/1409/140900250010.001/swg.fits[1]
scw/1409/140900260010.001/swg.fits[1]
scw/1409/140900270010.001/swg.fits[1]
scw/1409/140900280010.001/swg.fits[1]
scw/1409/140900290010.001/swg.fits[1]
scw/1409/140900300010.001/swg.fits[1]
scw/1409/140900310010.001/swg.fits[1]
scw/1409/140900320010.001/swg.fits[1]
scw/1409/140900330010.001/swg.fits[1]
scw/1409/140900340010.001/swg.fits[1]
scw/1409/140900350010.001/swg.fits[1]
scw/1409/140900410010.001/swg.fits[1]
scw/1409/140900420010.001/swg.fits[1]
scw/1409/140900430010.001/swg.fits[1]
scw/1409/140900440010.001/swg.fits[1]
scw/1409/140900450010.001/swg.fits[1]
scw/1409/140900460010.001/swg.fits[1]
scw/1409/140900470010.001/swg.fits[1]
scw/1409/140900480010.001/swg.fits[1]
scw/1409/140900490010.001/swg.fits[1]
scw/1409/140900500010.001/swg.fits[1]
scw/1409/140900510010.001/swg.fits[1]
scw/1409/140900530010.001/swg.fits[1]
scw/1409/140900540010.001/swg.fits[1]
scw/1409/140900550010.001/swg.fits[1]
scw/1409/140900560010.001/swg.fits[1]
scw/1409/140900570010.001/swg.fits[1]
scw/1409/140900580010.001/swg.fits[1]
scw/1409/140900590010.001/swg.fits[1]
scw/1409/140900600010.001/swg.fits[1]
scw/1409/140900610010.001/swg.fits[1]
