scw/1871/187100740010.001/swg.fits[1]
scw/1871/187100830010.001/swg.fits[1]
scw/1871/187100840010.001/swg.fits[1]
scw/1872/187200030010.001/swg.fits[1]
scw/1872/187200040010.001/swg.fits[1]
scw/1872/187200050010.001/swg.fits[1]
scw/1872/187200190010.001/swg.fits[1]
scw/1872/187200200010.001/swg.fits[1]
scw/1872/187200270010.001/swg.fits[1]
scw/1872/187200280010.001/swg.fits[1]
scw/1872/187200290010.001/swg.fits[1]
scw/1872/187200300010.001/swg.fits[1]
scw/1872/187200310010.001/swg.fits[1]
scw/1872/187200360010.001/swg.fits[1]
scw/1872/187200370010.001/swg.fits[1]
scw/1872/187200430010.001/swg.fits[1]
scw/1872/187200480010.001/swg.fits[1]
scw/1872/187200490010.001/swg.fits[1]
scw/1872/187200500010.001/swg.fits[1]
scw/1872/187200780010.001/swg.fits[1]
scw/1872/187200790010.001/swg.fits[1]
scw/1872/187200800010.001/swg.fits[1]
scw/1872/187200810010.001/swg.fits[1]
scw/1875/187500050010.001/swg.fits[1]
scw/1875/187500060010.001/swg.fits[1]
scw/1875/187500070010.001/swg.fits[1]
scw/1875/187500110010.001/swg.fits[1]
scw/1875/187500120010.001/swg.fits[1]
scw/1875/187500130010.001/swg.fits[1]
scw/1875/187500140010.001/swg.fits[1]
scw/1875/187500150010.001/swg.fits[1]
scw/1875/187500160010.001/swg.fits[1]
scw/1875/187500170010.001/swg.fits[1]
scw/1875/187500230010.001/swg.fits[1]
scw/1875/187500240010.001/swg.fits[1]
scw/1875/187500400010.001/swg.fits[1]
scw/1875/187500410010.001/swg.fits[1]
scw/1875/187500490010.001/swg.fits[1]
scw/1875/187500550010.001/swg.fits[1]
scw/1875/187500560010.001/swg.fits[1]
scw/1875/187500570010.001/swg.fits[1]
scw/1875/187500600010.001/swg.fits[1]
scw/1875/187500610010.001/swg.fits[1]
scw/1875/187500620010.001/swg.fits[1]
scw/1875/187500710010.001/swg.fits[1]
scw/1875/187500720010.001/swg.fits[1]
scw/1875/187500770010.001/swg.fits[1]
scw/1875/187500830010.001/swg.fits[1]
scw/1875/187500870010.001/swg.fits[1]
scw/1875/187500880010.001/swg.fits[1]
scw/1875/187500890010.001/swg.fits[1]
scw/1876/187600020010.001/swg.fits[1]
scw/1876/187600030010.001/swg.fits[1]
scw/1876/187600040010.001/swg.fits[1]
scw/1876/187600050010.001/swg.fits[1]
scw/1876/187600200010.001/swg.fits[1]
scw/1876/187600210010.001/swg.fits[1]
scw/1876/187600260010.001/swg.fits[1]
scw/1876/187600270010.001/swg.fits[1]
scw/1876/187600280010.001/swg.fits[1]
scw/1876/187600290010.001/swg.fits[1]
scw/1876/187600300010.001/swg.fits[1]
scw/1876/187600310010.001/swg.fits[1]
scw/1876/187600320010.001/swg.fits[1]
scw/1876/187600330010.001/swg.fits[1]
scw/1876/187600340010.001/swg.fits[1]
scw/1876/187600460010.001/swg.fits[1]
scw/1876/187600470010.001/swg.fits[1]
scw/1876/187600530010.001/swg.fits[1]
scw/1876/187600540010.001/swg.fits[1]
scw/1876/187600550010.001/swg.fits[1]
scw/1876/187600560010.001/swg.fits[1]
scw/1876/187600570010.001/swg.fits[1]
scw/1876/187600580010.001/swg.fits[1]
scw/1876/187600590010.001/swg.fits[1]
scw/1876/187600620010.001/swg.fits[1]
scw/1876/187600630010.001/swg.fits[1]
scw/1876/187600640010.001/swg.fits[1]
scw/1878/187800020010.001/swg.fits[1]
scw/1878/187800030010.001/swg.fits[1]
scw/1878/187800040010.001/swg.fits[1]
scw/1878/187800050010.001/swg.fits[1]
scw/1916/191600870010.001/swg.fits[1]
scw/1919/191900060010.001/swg.fits[1]
scw/1919/191900070010.001/swg.fits[1]
scw/1919/191900080010.001/swg.fits[1]
scw/1919/191900200010.001/swg.fits[1]
scw/1919/191900210010.001/swg.fits[1]
scw/1919/191900270010.001/swg.fits[1]
scw/1919/191900280010.001/swg.fits[1]
scw/1919/191900290010.001/swg.fits[1]
scw/1919/191900300010.001/swg.fits[1]
scw/1919/191900310010.001/swg.fits[1]
scw/1919/191900320010.001/swg.fits[1]
scw/1919/191900330010.001/swg.fits[1]
scw/1919/191900360010.001/swg.fits[1]
scw/1919/191900370010.001/swg.fits[1]
scw/1919/191900380010.001/swg.fits[1]
scw/1919/191900390010.001/swg.fits[1]
scw/1919/191900400010.001/swg.fits[1]
scw/1919/191900410010.001/swg.fits[1]
scw/1919/191900420010.001/swg.fits[1]
scw/1919/191900480010.001/swg.fits[1]
scw/1919/191900490010.001/swg.fits[1]
scw/1919/191900500010.001/swg.fits[1]
scw/1920/192000070010.001/swg.fits[1]
scw/1920/192000080010.001/swg.fits[1]
scw/1920/192000140010.001/swg.fits[1]
scw/1920/192000150010.001/swg.fits[1]
scw/1920/192000160010.001/swg.fits[1]
scw/1920/192000170010.001/swg.fits[1]
scw/1920/192000180010.001/swg.fits[1]
scw/1920/192000190010.001/swg.fits[1]
scw/1920/192000240010.001/swg.fits[1]
scw/1920/192000250010.001/swg.fits[1]
scw/1920/192000260010.001/swg.fits[1]
scw/1920/192000270010.001/swg.fits[1]
scw/1920/192000280010.001/swg.fits[1]
scw/1920/192000290010.001/swg.fits[1]
scw/1920/192000360010.001/swg.fits[1]
scw/1920/192000370010.001/swg.fits[1]
scw/1920/192000400010.001/swg.fits[1]
scw/1920/192000410010.001/swg.fits[1]
scw/1920/192000420010.001/swg.fits[1]
scw/1920/192000430010.001/swg.fits[1]
scw/1920/192000440010.001/swg.fits[1]
scw/1920/192000450010.001/swg.fits[1]
scw/1920/192000460010.001/swg.fits[1]
scw/1920/192000520010.001/swg.fits[1]
scw/1920/192000530010.001/swg.fits[1]
scw/1923/192300320010.001/swg.fits[1]
scw/1923/192300330010.001/swg.fits[1]
scw/1923/192300340010.001/swg.fits[1]
scw/1923/192300410010.001/swg.fits[1]
scw/1923/192300420010.001/swg.fits[1]
scw/1926/192600080010.001/swg.fits[1]
scw/1926/192600090010.001/swg.fits[1]
scw/1926/192600220010.001/swg.fits[1]
scw/1926/192600290010.001/swg.fits[1]
scw/1926/192600300010.001/swg.fits[1]
scw/1926/192600310010.001/swg.fits[1]
scw/1926/192600320010.001/swg.fits[1]
scw/1926/192600330010.001/swg.fits[1]
scw/1926/192600340010.001/swg.fits[1]
scw/1926/192600350010.001/swg.fits[1]
scw/1926/192600440010.001/swg.fits[1]
scw/1926/192600450010.001/swg.fits[1]
scw/1926/192600510010.001/swg.fits[1]
scw/1926/192600520010.001/swg.fits[1]
scw/1926/192600530010.001/swg.fits[1]
scw/1926/192600540010.001/swg.fits[1]
scw/1926/192600550010.001/swg.fits[1]
scw/1926/192600560010.001/swg.fits[1]
scw/1926/192600570010.001/swg.fits[1]
scw/1926/192600600010.001/swg.fits[1]
scw/1926/192600610010.001/swg.fits[1]
scw/1926/192600620010.001/swg.fits[1]
scw/1926/192600630010.001/swg.fits[1]
scw/1926/192600640010.001/swg.fits[1]
scw/1926/192600650010.001/swg.fits[1]
scw/1926/192600660010.001/swg.fits[1]
scw/1929/192900300010.001/swg.fits[1]
scw/1929/192900340010.001/swg.fits[1]
scw/1929/192900350010.001/swg.fits[1]
scw/1929/192900360010.001/swg.fits[1]
scw/1929/192900390010.001/swg.fits[1]
scw/1929/192900400010.001/swg.fits[1]
scw/1929/192900410010.001/swg.fits[1]
scw/1929/192900420010.001/swg.fits[1]
scw/1929/192900430010.001/swg.fits[1]
scw/1929/192900440010.001/swg.fits[1]
scw/1929/192900450010.001/swg.fits[1]
scw/1929/192900510010.001/swg.fits[1]
scw/1929/192900520010.001/swg.fits[1]
scw/1929/192900530010.001/swg.fits[1]
scw/1929/192900630010.001/swg.fits[1]
scw/1929/192900710010.001/swg.fits[1]
scw/1929/192900720010.001/swg.fits[1]
scw/1929/192900730010.001/swg.fits[1]
scw/1929/192900740010.001/swg.fits[1]
scw/1929/192900750010.001/swg.fits[1]
scw/1930/193000060010.001/swg.fits[1]
scw/1930/193000070010.001/swg.fits[1]
scw/1930/193000080010.001/swg.fits[1]
scw/1930/193000090010.001/swg.fits[1]
scw/1932/193200060010.001/swg.fits[1]
scw/1932/193200070010.001/swg.fits[1]
scw/1932/193200080010.001/swg.fits[1]
scw/1934/193400060010.001/swg.fits[1]
scw/1934/193400070010.001/swg.fits[1]
scw/1934/193400080010.001/swg.fits[1]
scw/1936/193600070010.001/swg.fits[1]
scw/1936/193600540010.001/swg.fits[1]
scw/1936/193600570010.001/swg.fits[1]
scw/1936/193600580010.001/swg.fits[1]
scw/1936/193600590010.001/swg.fits[1]
scw/1936/193600600010.001/swg.fits[1]
scw/1937/193700020010.001/swg.fits[1]
scw/1937/193700030010.001/swg.fits[1]
scw/1937/193700040010.001/swg.fits[1]
scw/1937/193700050010.001/swg.fits[1]
scw/1937/193700060010.001/swg.fits[1]
scw/1937/193700070010.001/swg.fits[1]
scw/1937/193700080010.001/swg.fits[1]
scw/1937/193700090010.001/swg.fits[1]
scw/1937/193700100010.001/swg.fits[1]
scw/1937/193700110010.001/swg.fits[1]
scw/1937/193700130010.001/swg.fits[1]
scw/1937/193700140010.001/swg.fits[1]
scw/1937/193700150010.001/swg.fits[1]
scw/1937/193700470010.001/swg.fits[1]
scw/1937/193700480010.001/swg.fits[1]
scw/1937/193700490010.001/swg.fits[1]
scw/1937/193700520010.001/swg.fits[1]
scw/1937/193700630010.001/swg.fits[1]
scw/1937/193700640010.001/swg.fits[1]
scw/1937/193700680010.001/swg.fits[1]
scw/1937/193700700010.001/swg.fits[1]
scw/1939/193900360010.001/swg.fits[1]
scw/1939/193900410010.001/swg.fits[1]
scw/1939/193900420010.001/swg.fits[1]
scw/1939/193900430010.001/swg.fits[1]
scw/1939/193900440010.001/swg.fits[1]
scw/1939/193900450010.001/swg.fits[1]
scw/1939/193900460010.001/swg.fits[1]
scw/1939/193900520010.001/swg.fits[1]
scw/1939/193900530010.001/swg.fits[1]
scw/1939/193900540010.001/swg.fits[1]
scw/1940/194000170010.001/swg.fits[1]
scw/1940/194000180010.001/swg.fits[1]
scw/1940/194000190010.001/swg.fits[1]
scw/1940/194000200010.001/swg.fits[1]
scw/1940/194000210010.001/swg.fits[1]
scw/1940/194000220010.001/swg.fits[1]
scw/1940/194000230010.001/swg.fits[1]
scw/1940/194000240010.001/swg.fits[1]
scw/1940/194000310010.001/swg.fits[1]
scw/1940/194000480010.001/swg.fits[1]
scw/1940/194000510010.001/swg.fits[1]
scw/1940/194000520010.001/swg.fits[1]
scw/1940/194000530010.001/swg.fits[1]
scw/1940/194000540010.001/swg.fits[1]
scw/1940/194000590010.001/swg.fits[1]
scw/1940/194000630010.001/swg.fits[1]
scw/1940/194000640010.001/swg.fits[1]
scw/1940/194000650010.001/swg.fits[1]
scw/1940/194000690010.001/swg.fits[1]
