scw/0353/035300360010.001/swg.fits[1]
scw/0353/035300370010.001/swg.fits[1]
scw/0353/035300420010.001/swg.fits[1]
scw/0353/035300430010.001/swg.fits[1]
scw/0353/035300440010.001/swg.fits[1]
scw/0353/035300450010.001/swg.fits[1]
scw/0353/035300460010.001/swg.fits[1]
scw/0353/035300470010.001/swg.fits[1]
scw/0353/035300520010.001/swg.fits[1]
scw/0353/035300530010.001/swg.fits[1]
scw/0353/035300540010.001/swg.fits[1]
scw/0353/035300550010.001/swg.fits[1]
scw/0353/035300560010.001/swg.fits[1]
scw/0353/035300570010.001/swg.fits[1]
scw/0353/035300630010.001/swg.fits[1]
scw/0353/035300640010.001/swg.fits[1]
scw/0354/035400380010.001/swg.fits[1]
scw/0354/035400410010.001/swg.fits[1]
scw/0354/035400480010.001/swg.fits[1]
scw/0354/035400490010.001/swg.fits[1]
scw/0354/035400500010.001/swg.fits[1]
scw/0354/035400510010.001/swg.fits[1]
scw/0354/035400590010.001/swg.fits[1]
scw/0354/035400600010.001/swg.fits[1]
scw/0354/035400680010.001/swg.fits[1]
scw/0354/035400690010.001/swg.fits[1]
scw/0354/035400700010.001/swg.fits[1]
scw/0354/035400710010.001/swg.fits[1]
scw/0354/035400780010.001/swg.fits[1]
scw/0354/035400790010.001/swg.fits[1]
scw/0354/035400800010.001/swg.fits[1]
scw/0367/036700120010.001/swg.fits[1]
scw/0367/036700130010.001/swg.fits[1]
scw/0367/036700140010.001/swg.fits[1]
scw/0367/036700190010.001/swg.fits[1]
scw/0367/036700200010.001/swg.fits[1]
scw/0367/036700210010.001/swg.fits[1]
scw/0398/039800150010.001/swg.fits[1]
scw/0399/039900570010.001/swg.fits[1]
scw/0401/040100020010.001/swg.fits[1]
scw/0401/040100030010.001/swg.fits[1]
scw/0404/040400040010.001/swg.fits[1]
scw/0405/040500040010.001/swg.fits[1]
scw/0406/040600040010.001/swg.fits[1]
scw/0407/040700150010.001/swg.fits[1]
scw/0407/040700160010.001/swg.fits[1]
scw/0407/040700170010.001/swg.fits[1]
scw/0411/041100170010.001/swg.fits[1]
scw/0419/041900520010.001/swg.fits[1]
scw/0419/041900530010.001/swg.fits[1]
scw/0427/042700520010.001/swg.fits[1]
scw/0427/042700530010.001/swg.fits[1]
scw/0463/046300360010.001/swg.fits[1]
scw/0468/046800250010.001/swg.fits[1]
scw/0468/046800330010.001/swg.fits[1]
scw/0468/046800340010.001/swg.fits[1]
scw/0468/046800350010.001/swg.fits[1]
scw/0468/046800360010.001/swg.fits[1]
scw/0468/046800430010.001/swg.fits[1]
scw/0468/046800440010.001/swg.fits[1]
scw/0468/046800450010.001/swg.fits[1]
scw/0468/046800460010.001/swg.fits[1]
scw/0468/046800530010.001/swg.fits[1]
scw/0468/046800540010.001/swg.fits[1]
scw/0468/046800550010.001/swg.fits[1]
scw/0468/046800560010.001/swg.fits[1]
scw/0468/046800630010.001/swg.fits[1]
scw/0468/046800640010.001/swg.fits[1]
scw/0468/046800650010.001/swg.fits[1]
scw/0468/046800740010.001/swg.fits[1]
scw/0468/046800750010.001/swg.fits[1]
scw/0514/051400560010.001/swg.fits[1]
scw/0514/051400580010.001/swg.fits[1]
scw/0514/051400590010.001/swg.fits[1]
scw/0514/051400600010.001/swg.fits[1]
scw/0514/051400710010.001/swg.fits[1]
scw/0514/051400720010.001/swg.fits[1]
scw/0514/051400730010.001/swg.fits[1]
scw/0514/051400740010.001/swg.fits[1]
scw/0514/051400750010.001/swg.fits[1]
scw/0514/051400760010.001/swg.fits[1]
scw/0514/051400770010.001/swg.fits[1]
scw/0515/051500730010.001/swg.fits[1]
scw/0515/051500740010.001/swg.fits[1]
scw/0515/051500750010.001/swg.fits[1]
scw/0515/051500760010.001/swg.fits[1]
scw/0515/051500770010.001/swg.fits[1]
scw/0515/051500780010.001/swg.fits[1]
scw/0516/051600700010.001/swg.fits[1]
scw/0516/051600710010.001/swg.fits[1]
scw/0516/051600720010.001/swg.fits[1]
scw/0516/051600730010.001/swg.fits[1]
scw/0516/051600740010.001/swg.fits[1]
scw/0516/051600750010.001/swg.fits[1]
scw/0516/051600760010.001/swg.fits[1]
scw/0516/051600770010.001/swg.fits[1]
scw/0516/051600780010.001/swg.fits[1]
scw/0516/051600790010.001/swg.fits[1]
scw/0517/051700410010.001/swg.fits[1]
scw/0517/051700420010.001/swg.fits[1]
scw/0517/051700430010.001/swg.fits[1]
scw/0517/051700440010.001/swg.fits[1]
scw/0517/051700450010.001/swg.fits[1]
scw/0517/051700460010.001/swg.fits[1]
scw/0519/051900440010.001/swg.fits[1]
scw/0519/051900450010.001/swg.fits[1]
scw/0523/052300700010.001/swg.fits[1]
scw/0523/052300710010.001/swg.fits[1]
scw/0523/052300720010.001/swg.fits[1]
scw/0523/052300730010.001/swg.fits[1]
scw/0523/052300740010.001/swg.fits[1]
scw/0523/052300750010.001/swg.fits[1]
scw/0525/052500050010.001/swg.fits[1]
scw/0525/052500060010.001/swg.fits[1]
scw/0525/052500070010.001/swg.fits[1]
scw/0525/052500080010.001/swg.fits[1]
scw/0525/052500090010.001/swg.fits[1]
scw/0525/052500140010.001/swg.fits[1]
scw/0525/052500150010.001/swg.fits[1]
scw/0525/052500160010.001/swg.fits[1]
scw/0525/052500170010.001/swg.fits[1]
scw/0525/052500180010.001/swg.fits[1]
scw/0525/052500190010.001/swg.fits[1]
scw/0525/052500240010.001/swg.fits[1]
scw/0525/052500250010.001/swg.fits[1]
scw/0525/052500260010.001/swg.fits[1]
scw/0525/052500270010.001/swg.fits[1]
scw/0525/052500280010.001/swg.fits[1]
scw/0525/052500340010.001/swg.fits[1]
scw/0525/052500350010.001/swg.fits[1]
scw/0525/052500360010.001/swg.fits[1]
scw/0525/052500370010.001/swg.fits[1]
scw/0525/052500380010.001/swg.fits[1]
scw/0525/052500450010.001/swg.fits[1]
scw/0525/052500460010.001/swg.fits[1]
scw/0525/052500470010.001/swg.fits[1]
scw/0525/052500480010.001/swg.fits[1]
scw/0531/053100150010.001/swg.fits[1]
scw/0531/053100160010.001/swg.fits[1]
scw/0531/053100170010.001/swg.fits[1]
scw/0531/053100180010.001/swg.fits[1]
scw/0531/053100190010.001/swg.fits[1]
scw/0531/053100240010.001/swg.fits[1]
scw/0531/053100250010.001/swg.fits[1]
scw/0531/053100260010.001/swg.fits[1]
scw/0531/053100270010.001/swg.fits[1]
scw/0531/053100280010.001/swg.fits[1]
scw/0531/053100290010.001/swg.fits[1]
scw/0531/053100340010.001/swg.fits[1]
scw/0531/053100350010.001/swg.fits[1]
scw/0531/053100360010.001/swg.fits[1]
scw/0531/053100370010.001/swg.fits[1]
scw/0531/053100380010.001/swg.fits[1]
scw/0531/053100450010.001/swg.fits[1]
scw/0531/053100460010.001/swg.fits[1]
scw/0531/053100470010.001/swg.fits[1]
scw/0531/053100480010.001/swg.fits[1]
scw/0531/053100550010.001/swg.fits[1]
scw/0531/053100610010.001/swg.fits[1]
scw/0531/053100620010.001/swg.fits[1]
scw/0531/053100630010.001/swg.fits[1]
scw/0531/053100640010.001/swg.fits[1]
scw/0531/053100650010.001/swg.fits[1]
scw/0531/053100660010.001/swg.fits[1]
scw/0531/053100670010.001/swg.fits[1]
scw/0536/053600100010.001/swg.fits[1]
scw/0536/053600110010.001/swg.fits[1]
scw/0536/053600120010.001/swg.fits[1]
scw/0536/053600180010.001/swg.fits[1]
scw/0536/053600190010.001/swg.fits[1]
scw/0536/053600200010.001/swg.fits[1]
scw/0536/053600210010.001/swg.fits[1]
scw/0536/053600220010.001/swg.fits[1]
scw/0536/053600230010.001/swg.fits[1]
scw/0536/053600280010.001/swg.fits[1]
scw/0536/053600290010.001/swg.fits[1]
scw/0536/053600300010.001/swg.fits[1]
scw/0536/053600310010.001/swg.fits[1]
scw/0536/053600320010.001/swg.fits[1]
scw/0536/053600330010.001/swg.fits[1]
scw/0536/053600390010.001/swg.fits[1]
scw/0536/053600400010.001/swg.fits[1]
scw/0536/053600410010.001/swg.fits[1]
scw/0536/053600420010.001/swg.fits[1]
scw/0536/053600490010.001/swg.fits[1]
scw/0536/053600500010.001/swg.fits[1]
scw/0536/053600510010.001/swg.fits[1]
scw/0536/053600520010.001/swg.fits[1]
scw/0536/053600590010.001/swg.fits[1]
scw/0536/053600600010.001/swg.fits[1]
scw/0536/053600610010.001/swg.fits[1]
scw/0536/053600620010.001/swg.fits[1]
scw/0540/054000120010.001/swg.fits[1]
scw/0540/054000130010.001/swg.fits[1]
scw/0540/054000140010.001/swg.fits[1]
scw/0540/054000150010.001/swg.fits[1]
scw/0540/054000160010.001/swg.fits[1]
scw/0540/054000170010.001/swg.fits[1]
scw/0540/054000220010.001/swg.fits[1]
scw/0540/054000230010.001/swg.fits[1]
scw/0540/054000240010.001/swg.fits[1]
scw/0540/054000250010.001/swg.fits[1]
scw/0540/054000260010.001/swg.fits[1]
scw/0540/054000270010.001/swg.fits[1]
scw/0540/054000330010.001/swg.fits[1]
scw/0540/054000340010.001/swg.fits[1]
scw/0540/054000350010.001/swg.fits[1]
scw/0540/054000360010.001/swg.fits[1]
scw/0540/054000430010.001/swg.fits[1]
scw/0540/054000440010.001/swg.fits[1]
scw/0540/054000450010.001/swg.fits[1]
scw/0540/054000460010.001/swg.fits[1]
scw/0540/054000520010.001/swg.fits[1]
scw/0540/054000530010.001/swg.fits[1]
scw/0540/054000540010.001/swg.fits[1]
scw/0540/054000550010.001/swg.fits[1]
scw/0540/054000560010.001/swg.fits[1]
scw/0544/054400270010.001/swg.fits[1]
scw/0544/054400280010.001/swg.fits[1]
scw/0544/054400290010.001/swg.fits[1]
scw/0544/054400300010.001/swg.fits[1]
scw/0544/054400310010.001/swg.fits[1]
scw/0544/054400360010.001/swg.fits[1]
scw/0544/054400370010.001/swg.fits[1]
scw/0544/054400380010.001/swg.fits[1]
scw/0544/054400390010.001/swg.fits[1]
scw/0544/054400400010.001/swg.fits[1]
scw/0544/054400470010.001/swg.fits[1]
scw/0544/054400480010.001/swg.fits[1]
scw/0544/054400490010.001/swg.fits[1]
scw/0544/054400570010.001/swg.fits[1]
scw/0544/054400580010.001/swg.fits[1]
scw/0544/054400590010.001/swg.fits[1]
scw/0544/054400600010.001/swg.fits[1]
scw/0544/054400660010.001/swg.fits[1]
scw/0544/054400670010.001/swg.fits[1]
scw/0544/054400680010.001/swg.fits[1]
scw/0544/054400690010.001/swg.fits[1]
scw/0544/054400700010.001/swg.fits[1]
scw/0544/054400710010.001/swg.fits[1]
scw/0544/054400750010.001/swg.fits[1]
scw/0544/054400760010.001/swg.fits[1]
scw/0544/054400770010.001/swg.fits[1]
scw/0544/054400780010.001/swg.fits[1]
scw/0576/057600570010.001/swg.fits[1]
scw/0576/057600580010.001/swg.fits[1]
scw/0576/057600590010.001/swg.fits[1]
scw/0576/057600600010.001/swg.fits[1]
scw/0576/057600610010.001/swg.fits[1]
