scw/0207/020700730010.001/swg.fits[1]
scw/0207/020700740010.001/swg.fits[1]
scw/0207/020700750010.001/swg.fits[1]
scw/0207/020700760010.001/swg.fits[1]
scw/0207/020700780010.001/swg.fits[1]
scw/0207/020700790010.001/swg.fits[1]
scw/0207/020700800010.001/swg.fits[1]
scw/0207/020700810010.001/swg.fits[1]
scw/0207/020700820010.001/swg.fits[1]
scw/0207/020700830010.001/swg.fits[1]
scw/0207/020700840010.001/swg.fits[1]
scw/0207/020700850010.001/swg.fits[1]
scw/0207/020700860010.001/swg.fits[1]
scw/0208/020800170010.001/swg.fits[1]
scw/0208/020800180010.001/swg.fits[1]
scw/0208/020800190010.001/swg.fits[1]
scw/0208/020800200010.001/swg.fits[1]
scw/0208/020800220010.001/swg.fits[1]
scw/0208/020800230010.001/swg.fits[1]
scw/0208/020800240010.001/swg.fits[1]
scw/0208/020800250010.001/swg.fits[1]
scw/0208/020800260010.001/swg.fits[1]
scw/0208/020800270010.001/swg.fits[1]
scw/0208/020800280010.001/swg.fits[1]
scw/0208/020800290010.001/swg.fits[1]
scw/0208/020800300010.001/swg.fits[1]
scw/0208/020800320010.001/swg.fits[1]
scw/0208/020800330010.001/swg.fits[1]
scw/0208/020800340010.001/swg.fits[1]
scw/0208/020800350010.001/swg.fits[1]
scw/0209/020900190010.001/swg.fits[1]
scw/0209/020900200010.001/swg.fits[1]
scw/0209/020900220010.001/swg.fits[1]
scw/0209/020900230010.001/swg.fits[1]
scw/0209/020900240010.001/swg.fits[1]
scw/0209/020900250010.001/swg.fits[1]
scw/0210/021000510010.001/swg.fits[1]
scw/0210/021000520010.001/swg.fits[1]
scw/0210/021000530010.001/swg.fits[1]
scw/0210/021000540010.001/swg.fits[1]
scw/0210/021000550010.001/swg.fits[1]
scw/0462/046200570010.001/swg.fits[1]
scw/0462/046200580010.001/swg.fits[1]
scw/0462/046200590010.001/swg.fits[1]
scw/0462/046200600010.001/swg.fits[1]
scw/0462/046200610010.001/swg.fits[1]
scw/0462/046200620010.001/swg.fits[1]
scw/0462/046200630010.001/swg.fits[1]
scw/0462/046200660010.001/swg.fits[1]
scw/0462/046200670010.001/swg.fits[1]
scw/0462/046200680010.001/swg.fits[1]
scw/0462/046200690010.001/swg.fits[1]
scw/0462/046200700010.001/swg.fits[1]
scw/0462/046200710010.001/swg.fits[1]
scw/0462/046200720010.001/swg.fits[1]
scw/0463/046300020010.001/swg.fits[1]
scw/0463/046300030010.001/swg.fits[1]
scw/0463/046300060010.001/swg.fits[1]
scw/0463/046300070010.001/swg.fits[1]
scw/0463/046300200010.001/swg.fits[1]
scw/0513/051300170010.001/swg.fits[1]
scw/0513/051300170020.001/swg.fits[1]
scw/0513/051300170030.001/swg.fits[1]
scw/0513/051300180010.001/swg.fits[1]
scw/0570/057000070010.001/swg.fits[1]
scw/0641/064100280010.001/swg.fits[1]
scw/0641/064100280020.001/swg.fits[1]
scw/0641/064100280030.001/swg.fits[1]
scw/0641/064100290010.001/swg.fits[1]
scw/0697/069700530010.001/swg.fits[1]
scw/0714/071400610010.001/swg.fits[1]
scw/0714/071400610020.001/swg.fits[1]
scw/0714/071400610030.001/swg.fits[1]
scw/0774/077401090010.001/swg.fits[1]
scw/0774/077401090020.001/swg.fits[1]
scw/0774/077401090030.001/swg.fits[1]
scw/0834/083400380010.001/swg.fits[1]
scw/0834/083400380020.001/swg.fits[1]
scw/0834/083400380030.001/swg.fits[1]
scw/0834/083400390010.001/swg.fits[1]
scw/0966/096600200010.001/swg.fits[1]
scw/0966/096600200030.001/swg.fits[1]
scw/0966/096600210010.001/swg.fits[1]
scw/1014/101400150010.001/swg.fits[1]
scw/1014/101400150020.001/swg.fits[1]
scw/1014/101400150030.001/swg.fits[1]
scw/1014/101400160010.001/swg.fits[1]
scw/1181/118100020010.001/swg.fits[1]
scw/1258/125800640010.001/swg.fits[1]
scw/1258/125800640020.001/swg.fits[1]
scw/1258/125800640030.001/swg.fits[1]
scw/1258/125800650010.001/swg.fits[1]
scw/1442/144200370010.001/swg.fits[1]
scw/1442/144200370020.001/swg.fits[1]
scw/1442/144200370030.001/swg.fits[1]
scw/1442/144200380010.001/swg.fits[1]
scw/1452/145200480010.001/swg.fits[1]
scw/1452/145200480020.001/swg.fits[1]
scw/1452/145200480030.001/swg.fits[1]
scw/1452/145200490010.001/swg.fits[1]
scw/1508/150800280010.001/swg.fits[1]
scw/1508/150800280020.001/swg.fits[1]
scw/1508/150800280030.001/swg.fits[1]
scw/1508/150800290010.001/swg.fits[1]
scw/1715/171500040010.001/swg.fits[1]
scw/1715/171500320010.001/swg.fits[1]
scw/1715/171500320020.001/swg.fits[1]
scw/1715/171500320030.001/swg.fits[1]
scw/1715/171500330010.001/swg.fits[1]
scw/1988/198800520010.001/swg.fits[1]
scw/1988/198800620010.001/swg.fits[1]
scw/2130/213000590010.001/swg.fits[1]
scw/2187/218700540010.001/swg.fits[1]
scw/2187/218700640010.001/swg.fits[1]
scw/2258/225800610010.001/swg.fits[1]
scw/2313/231300520010.001/swg.fits[1]
scw/2324/232400020010.001/swg.fits[1]
scw/2326/232600560010.001/swg.fits[1]
scw/2326/232600570010.001/swg.fits[1]
scw/2326/232600580010.001/swg.fits[1]
scw/2326/232600590010.001/swg.fits[1]
scw/2326/232600600010.001/swg.fits[1]
scw/2326/232600610010.001/swg.fits[1]
scw/2326/232600620010.001/swg.fits[1]
scw/2326/232600670010.001/swg.fits[1]
scw/2326/232600680010.001/swg.fits[1]
scw/2326/232600690010.001/swg.fits[1]
scw/2327/232700580010.001/swg.fits[1]
scw/2327/232700590010.001/swg.fits[1]
scw/2327/232700600010.001/swg.fits[1]
scw/2327/232700640010.001/swg.fits[1]
scw/2327/232700650010.001/swg.fits[1]
scw/2327/232700660010.001/swg.fits[1]
scw/2327/232700670010.001/swg.fits[1]
scw/2327/232700680010.001/swg.fits[1]
scw/2327/232700690010.001/swg.fits[1]
scw/2327/232700700010.001/swg.fits[1]
scw/2327/232700710010.001/swg.fits[1]
scw/2327/232700740010.001/swg.fits[1]
scw/2327/232700750010.001/swg.fits[1]
scw/2327/232700760010.001/swg.fits[1]
scw/2328/232800710010.001/swg.fits[1]
scw/2328/232800720010.001/swg.fits[1]
scw/2328/232800730010.001/swg.fits[1]
scw/2328/232800740010.001/swg.fits[1]
scw/2328/232800750010.001/swg.fits[1]
scw/2328/232800790010.001/swg.fits[1]
scw/2328/232800800010.001/swg.fits[1]
scw/2328/232800810010.001/swg.fits[1]
scw/2328/232800820010.001/swg.fits[1]
scw/2328/232800830010.001/swg.fits[1]
scw/2389/238900020010.001/swg.fits[1]
scw/2389/238900030010.001/swg.fits[1]
scw/2389/238900040010.001/swg.fits[1]
scw/2389/238900050010.001/swg.fits[1]
scw/2389/238900060010.001/swg.fits[1]
scw/2389/238900070010.001/swg.fits[1]
scw/2389/238900080010.001/swg.fits[1]
scw/2389/238900090010.001/swg.fits[1]
scw/2389/238900100010.001/swg.fits[1]
scw/2389/238900110010.001/swg.fits[1]
scw/2389/238900120010.001/swg.fits[1]
scw/2389/238900130010.001/swg.fits[1]
scw/2389/238900140010.001/swg.fits[1]
scw/2389/238900150010.001/swg.fits[1]
scw/2389/238900160010.001/swg.fits[1]
scw/2389/238900170010.001/swg.fits[1]
scw/2389/238900180010.001/swg.fits[1]
scw/2389/238900190010.001/swg.fits[1]
scw/2389/238900200010.001/swg.fits[1]
scw/2389/238900210010.001/swg.fits[1]
scw/2389/238900220010.001/swg.fits[1]
scw/2389/238900230010.001/swg.fits[1]
scw/2389/238900240010.001/swg.fits[1]
scw/2389/238900250010.001/swg.fits[1]
scw/2389/238900260010.001/swg.fits[1]
scw/2389/238900270010.001/swg.fits[1]
scw/2389/238900280010.001/swg.fits[1]
scw/2389/238900290010.001/swg.fits[1]
scw/2389/238900300010.001/swg.fits[1]
scw/2397/239700240010.001/swg.fits[1]
scw/2397/239700250010.001/swg.fits[1]
scw/2397/239700260010.001/swg.fits[1]
scw/2397/239700270010.001/swg.fits[1]
