scw/0036/003600190010.001/swg.fits[1]
scw/0036/003600200010.001/swg.fits[1]
scw/0036/003600240010.001/swg.fits[1]
scw/0036/003600580010.001/swg.fits[1]
scw/0036/003600620010.001/swg.fits[1]
scw/0036/003600630010.001/swg.fits[1]
scw/0036/003600670010.001/swg.fits[1]
scw/0036/003600680010.001/swg.fits[1]
scw/0036/003600720010.001/swg.fits[1]
scw/0071/007100270010.001/swg.fits[1]
scw/0071/007100310010.001/swg.fits[1]
scw/0071/007100320010.001/swg.fits[1]
scw/0071/007100360010.001/swg.fits[1]
scw/0071/007100370010.001/swg.fits[1]
scw/0071/007100410010.001/swg.fits[1]
scw/0071/007100750010.001/swg.fits[1]
scw/0071/007100790010.001/swg.fits[1]
scw/0071/007100800010.001/swg.fits[1]
scw/0071/007100840010.001/swg.fits[1]
scw/0071/007100850010.001/swg.fits[1]
scw/0071/007100890010.001/swg.fits[1]
scw/0072/007200310010.001/swg.fits[1]
scw/0072/007200350010.001/swg.fits[1]
scw/0072/007200360010.001/swg.fits[1]
scw/0072/007200400010.001/swg.fits[1]
scw/0072/007200410010.001/swg.fits[1]
scw/0072/007200450010.001/swg.fits[1]
scw/0072/007200700010.001/swg.fits[1]
scw/0072/007200720010.001/swg.fits[1]
scw/0073/007300240010.001/swg.fits[1]
scw/0073/007300250010.001/swg.fits[1]
scw/0073/007300260010.001/swg.fits[1]
scw/0073/007301020010.001/swg.fits[1]
scw/0074/007400210010.001/swg.fits[1]
scw/0074/007400300010.001/swg.fits[1]
scw/0131/013100100010.001/swg.fits[1]
scw/0274/027400180010.001/swg.fits[1]
scw/0274/027400190010.001/swg.fits[1]
scw/0274/027400230010.001/swg.fits[1]
scw/0275/027500180010.001/swg.fits[1]
scw/0275/027500190010.001/swg.fits[1]
scw/0275/027500210010.001/swg.fits[1]
scw/0275/027500220010.001/swg.fits[1]
scw/0275/027500290010.001/swg.fits[1]
scw/0275/027500300010.001/swg.fits[1]
scw/0275/027500300020.001/swg.fits[1]
scw/0275/027500320010.001/swg.fits[1]
scw/0275/027500380010.001/swg.fits[1]
scw/0310/031000690010.001/swg.fits[1]
scw/0310/031000700010.001/swg.fits[1]
scw/0310/031000710010.001/swg.fits[1]
scw/0310/031000760010.001/swg.fits[1]
scw/0310/031000770010.001/swg.fits[1]
scw/0310/031000780010.001/swg.fits[1]
scw/0310/031000790010.001/swg.fits[1]
scw/0310/031000800010.001/swg.fits[1]
scw/0310/031000810010.001/swg.fits[1]
scw/0310/031000870010.001/swg.fits[1]
scw/0310/031000880010.001/swg.fits[1]
scw/0310/031000890010.001/swg.fits[1]
scw/0310/031000900010.001/swg.fits[1]
scw/0311/031100240010.001/swg.fits[1]
scw/0311/031100250010.001/swg.fits[1]
scw/0311/031100260010.001/swg.fits[1]
scw/0311/031100270010.001/swg.fits[1]
scw/0311/031100330010.001/swg.fits[1]
scw/0311/031100340010.001/swg.fits[1]
scw/0311/031100350010.001/swg.fits[1]
scw/0311/031100360010.001/swg.fits[1]
scw/0311/031100370010.001/swg.fits[1]
scw/0311/031100380010.001/swg.fits[1]
scw/0311/031100420010.001/swg.fits[1]
scw/0311/031100430010.001/swg.fits[1]
scw/0311/031100440010.001/swg.fits[1]
scw/0311/031100450010.001/swg.fits[1]
scw/0311/031100460010.001/swg.fits[1]
scw/0311/031100470010.001/swg.fits[1]
scw/0311/031100480010.001/swg.fits[1]
scw/0311/031100490010.001/swg.fits[1]
scw/0311/031100530010.001/swg.fits[1]
scw/0311/031100540010.001/swg.fits[1]
scw/0311/031100550010.001/swg.fits[1]
scw/0311/031100560010.001/swg.fits[1]
scw/0311/031100570010.001/swg.fits[1]
scw/0311/031100580010.001/swg.fits[1]
scw/0311/031100640010.001/swg.fits[1]
scw/0311/031100650010.001/swg.fits[1]
scw/0311/031100660010.001/swg.fits[1]
scw/0311/031100670010.001/swg.fits[1]
scw/0312/031200020010.001/swg.fits[1]
scw/0312/031200030010.001/swg.fits[1]
scw/0312/031200040010.001/swg.fits[1]
scw/0312/031200090010.001/swg.fits[1]
scw/0312/031200100010.001/swg.fits[1]
scw/0312/031200110010.001/swg.fits[1]
scw/0312/031200120010.001/swg.fits[1]
scw/0312/031200130010.001/swg.fits[1]
scw/0312/031200140010.001/swg.fits[1]
scw/0312/031200150010.001/swg.fits[1]
scw/0312/031200180010.001/swg.fits[1]
scw/0312/031200190010.001/swg.fits[1]
scw/0312/031200200010.001/swg.fits[1]
scw/0312/031200210010.001/swg.fits[1]
scw/0317/031700410010.001/swg.fits[1]
scw/0317/031700420010.001/swg.fits[1]
scw/0317/031700440010.001/swg.fits[1]
scw/0317/031700450010.001/swg.fits[1]
scw/0317/031700520010.001/swg.fits[1]
scw/0317/031700560010.001/swg.fits[1]
scw/0318/031800130010.001/swg.fits[1]
scw/0318/031800170010.001/swg.fits[1]
scw/0318/031800180010.001/swg.fits[1]
scw/0318/031800230010.001/swg.fits[1]
scw/0318/031800240010.001/swg.fits[1]
scw/0318/031800280010.001/swg.fits[1]
scw/0318/031800320010.001/swg.fits[1]
scw/0319/031900180010.001/swg.fits[1]
scw/0319/031900190010.001/swg.fits[1]
scw/0324/032400310010.001/swg.fits[1]
scw/0324/032400320010.001/swg.fits[1]
scw/0324/032400510010.001/swg.fits[1]
scw/0324/032400520010.001/swg.fits[1]
scw/0324/032400590010.001/swg.fits[1]
scw/0324/032400600010.001/swg.fits[1]
scw/0441/044100020010.001/swg.fits[1]
scw/0441/044100050010.001/swg.fits[1]
scw/0441/044100060010.001/swg.fits[1]
scw/0441/044100070010.001/swg.fits[1]
scw/0441/044100080010.001/swg.fits[1]
scw/0441/044100090010.001/swg.fits[1]
scw/0441/044100120010.001/swg.fits[1]
scw/0441/044100130010.001/swg.fits[1]
scw/0441/044100140010.001/swg.fits[1]
scw/0441/044100150010.001/swg.fits[1]
scw/0441/044100160010.001/swg.fits[1]
scw/0441/044100190010.001/swg.fits[1]
scw/0441/044100200010.001/swg.fits[1]
scw/0441/044100210010.001/swg.fits[1]
scw/0441/044100220010.001/swg.fits[1]
scw/0441/044100230010.001/swg.fits[1]
scw/0441/044100260010.001/swg.fits[1]
scw/0441/044100270010.001/swg.fits[1]
scw/0441/044100280010.001/swg.fits[1]
scw/0441/044100290010.001/swg.fits[1]
scw/0441/044100300010.001/swg.fits[1]
scw/0441/044100320010.001/swg.fits[1]
scw/0441/044100330010.001/swg.fits[1]
scw/0441/044100340010.001/swg.fits[1]
scw/0441/044100350010.001/swg.fits[1]
scw/0441/044100360010.001/swg.fits[1]
scw/0441/044100370010.001/swg.fits[1]
scw/0441/044100390010.001/swg.fits[1]
scw/0441/044100400010.001/swg.fits[1]
scw/0441/044100410010.001/swg.fits[1]
scw/0441/044100420010.001/swg.fits[1]
scw/0441/044100430010.001/swg.fits[1]
scw/0441/044100440010.001/swg.fits[1]
scw/0441/044100470010.001/swg.fits[1]
scw/0441/044100480010.001/swg.fits[1]
scw/0441/044100490010.001/swg.fits[1]
scw/0441/044100500010.001/swg.fits[1]
scw/0441/044100510010.001/swg.fits[1]
scw/0442/044200040010.001/swg.fits[1]
scw/0442/044200050010.001/swg.fits[1]
scw/0442/044200060010.001/swg.fits[1]
scw/0442/044200070010.001/swg.fits[1]
scw/0442/044200110010.001/swg.fits[1]
scw/0442/044200120010.001/swg.fits[1]
scw/0442/044200130010.001/swg.fits[1]
scw/0442/044200150010.001/swg.fits[1]
scw/0442/044200180010.001/swg.fits[1]
scw/0442/044200190010.001/swg.fits[1]
scw/0442/044200200010.001/swg.fits[1]
scw/0442/044200210010.001/swg.fits[1]
scw/0442/044200220010.001/swg.fits[1]
scw/0442/044200230010.001/swg.fits[1]
scw/0442/044200240010.001/swg.fits[1]
scw/0442/044200250010.001/swg.fits[1]
scw/0442/044200260010.001/swg.fits[1]
scw/0442/044200270010.001/swg.fits[1]
scw/0442/044200280010.001/swg.fits[1]
scw/0442/044200290010.001/swg.fits[1]
scw/0442/044200300010.001/swg.fits[1]
scw/0442/044200310010.001/swg.fits[1]
scw/0442/044200320010.001/swg.fits[1]
scw/0442/044200330010.001/swg.fits[1]
scw/0442/044200340010.001/swg.fits[1]
scw/0442/044200350010.001/swg.fits[1]
scw/0442/044200360010.001/swg.fits[1]
scw/0442/044200370010.001/swg.fits[1]
scw/0442/044200380010.001/swg.fits[1]
scw/0442/044200390010.001/swg.fits[1]
scw/0442/044200400010.001/swg.fits[1]
scw/0442/044200410010.001/swg.fits[1]
