scw/0068/006800170010.001/swg.fits[1]
scw/0068/006800210010.001/swg.fits[1]
scw/0068/006800220010.001/swg.fits[1]
scw/0068/006800230010.001/swg.fits[1]
scw/0068/006800530010.001/swg.fits[1]
scw/0068/006800540010.001/swg.fits[1]
scw/0068/006800550010.001/swg.fits[1]
scw/0068/006800590010.001/swg.fits[1]
scw/0068/006800600010.001/swg.fits[1]
scw/0068/006800610010.001/swg.fits[1]
scw/0068/006800620010.001/swg.fits[1]
scw/0068/006800630010.001/swg.fits[1]
scw/0068/006800640010.001/swg.fits[1]
scw/0068/006800650010.001/swg.fits[1]
scw/0068/006800690010.001/swg.fits[1]
scw/0068/006800700010.001/swg.fits[1]
scw/0068/006800710010.001/swg.fits[1]
scw/0069/006900120010.001/swg.fits[1]
scw/0069/006900130010.001/swg.fits[1]
scw/0069/006900140010.001/swg.fits[1]
scw/0069/006900180010.001/swg.fits[1]
scw/0069/006900190010.001/swg.fits[1]
scw/0069/006900200010.001/swg.fits[1]
scw/0069/006900210010.001/swg.fits[1]
scw/0069/006900220010.001/swg.fits[1]
scw/0069/006900230010.001/swg.fits[1]
scw/0069/006900240010.001/swg.fits[1]
scw/0069/006900280010.001/swg.fits[1]
scw/0069/006900290010.001/swg.fits[1]
scw/0069/006900300010.001/swg.fits[1]
scw/0069/006900530010.001/swg.fits[1]
scw/0069/006900540010.001/swg.fits[1]
scw/0069/006900550010.001/swg.fits[1]
scw/0070/007000190010.001/swg.fits[1]
scw/0070/007000200010.001/swg.fits[1]
scw/0070/007000210010.001/swg.fits[1]
scw/0070/007000220010.001/swg.fits[1]
scw/0070/007000260010.001/swg.fits[1]
scw/0070/007000270010.001/swg.fits[1]
scw/0070/007000280010.001/swg.fits[1]
scw/0070/007000580010.001/swg.fits[1]
scw/0070/007000590010.001/swg.fits[1]
scw/0070/007000600010.001/swg.fits[1]
scw/0070/007000640010.001/swg.fits[1]
scw/0070/007000650010.001/swg.fits[1]
scw/0070/007000660010.001/swg.fits[1]
scw/0070/007000670010.001/swg.fits[1]
scw/0117/011700240010.001/swg.fits[1]
scw/0117/011700250010.001/swg.fits[1]
scw/0117/011700260010.001/swg.fits[1]
scw/0117/011700270010.001/swg.fits[1]
scw/0117/011700280010.001/swg.fits[1]
scw/0117/011700290010.001/swg.fits[1]
scw/0117/011700300010.001/swg.fits[1]
scw/0117/011700310010.001/swg.fits[1]
scw/0117/011700320010.001/swg.fits[1]
scw/0117/011700330010.001/swg.fits[1]
scw/0117/011700650010.001/swg.fits[1]
scw/0117/011700660010.001/swg.fits[1]
scw/0117/011700670010.001/swg.fits[1]
scw/0117/011700680010.001/swg.fits[1]
scw/0117/011700690010.001/swg.fits[1]
scw/0117/011700700010.001/swg.fits[1]
scw/0117/011700710010.001/swg.fits[1]
scw/0117/011700730010.001/swg.fits[1]
scw/0117/011700740010.001/swg.fits[1]
scw/0117/011700750010.001/swg.fits[1]
scw/0117/011700760010.001/swg.fits[1]
scw/0117/011700770010.001/swg.fits[1]
scw/0117/011700780010.001/swg.fits[1]
scw/0117/011700790010.001/swg.fits[1]
scw/0117/011700800010.001/swg.fits[1]
scw/0117/011701040010.001/swg.fits[1]
scw/0117/011701050010.001/swg.fits[1]
scw/0117/011701060010.001/swg.fits[1]
scw/0117/011701070010.001/swg.fits[1]
scw/0117/011701080010.001/swg.fits[1]
scw/0117/011701090010.001/swg.fits[1]
scw/0117/011701100010.001/swg.fits[1]
scw/0117/011701110010.001/swg.fits[1]
scw/0117/011701120010.001/swg.fits[1]
scw/0117/011701130010.001/swg.fits[1]
scw/0117/011701140010.001/swg.fits[1]
scw/0117/011701150010.001/swg.fits[1]
scw/0117/011701160010.001/swg.fits[1]
scw/0117/011701170010.001/swg.fits[1]
scw/0121/012100830010.001/swg.fits[1]
scw/0121/012100840010.001/swg.fits[1]
scw/0121/012100850010.001/swg.fits[1]
scw/0121/012100860010.001/swg.fits[1]
scw/0121/012100870010.001/swg.fits[1]
scw/0121/012100880010.001/swg.fits[1]
scw/0121/012100890010.001/swg.fits[1]
scw/0121/012100900010.001/swg.fits[1]
scw/0121/012100910010.001/swg.fits[1]
scw/0121/012100920010.001/swg.fits[1]
scw/0121/012100930010.001/swg.fits[1]
scw/0122/012200980010.001/swg.fits[1]
scw/0122/012200990010.001/swg.fits[1]
scw/0122/012201140010.001/swg.fits[1]
scw/0123/012300120010.001/swg.fits[1]
scw/0123/012300140010.001/swg.fits[1]
scw/0123/012300150010.001/swg.fits[1]
scw/0123/012300160010.001/swg.fits[1]
scw/0123/012300170010.001/swg.fits[1]
scw/0123/012300180010.001/swg.fits[1]
scw/0123/012300190010.001/swg.fits[1]
scw/0123/012300280010.001/swg.fits[1]
scw/0123/012300290010.001/swg.fits[1]
scw/0123/012300300010.001/swg.fits[1]
scw/0123/012300310010.001/swg.fits[1]
scw/0123/012300320010.001/swg.fits[1]
scw/0123/012300330010.001/swg.fits[1]
scw/0123/012300340010.001/swg.fits[1]
scw/0123/012300450010.001/swg.fits[1]
scw/0123/012300460010.001/swg.fits[1]
scw/0123/012300470010.001/swg.fits[1]
scw/0123/012300490010.001/swg.fits[1]
scw/0123/012300500010.001/swg.fits[1]
scw/0123/012300510010.001/swg.fits[1]
scw/0123/012300610010.001/swg.fits[1]
scw/0123/012300620010.001/swg.fits[1]
scw/0123/012300630010.001/swg.fits[1]
scw/0123/012300640010.001/swg.fits[1]
scw/0123/012300650010.001/swg.fits[1]
scw/0123/012300660010.001/swg.fits[1]
scw/0123/012300670010.001/swg.fits[1]
scw/0123/012300680010.001/swg.fits[1]
scw/0123/012300770010.001/swg.fits[1]
scw/0123/012300780010.001/swg.fits[1]
scw/0123/012300790010.001/swg.fits[1]
scw/0123/012300800010.001/swg.fits[1]
scw/0123/012300810010.001/swg.fits[1]
scw/0123/012300820010.001/swg.fits[1]
scw/0123/012300830010.001/swg.fits[1]
scw/0123/012300840010.001/swg.fits[1]
scw/0123/012300940010.001/swg.fits[1]
scw/0123/012300950010.001/swg.fits[1]
scw/0123/012300960010.001/swg.fits[1]
scw/0123/012300970010.001/swg.fits[1]
scw/0123/012300980010.001/swg.fits[1]
scw/0123/012300990010.001/swg.fits[1]
scw/0123/012301000010.001/swg.fits[1]
scw/0123/012301010010.001/swg.fits[1]
scw/0131/013100070010.001/swg.fits[1]
scw/0131/013100070020.001/swg.fits[1]
scw/0131/013100070030.001/swg.fits[1]
scw/0131/013100070040.001/swg.fits[1]
scw/0131/013100070050.001/swg.fits[1]
scw/0131/013100070060.001/swg.fits[1]
scw/0131/013100070070.001/swg.fits[1]
scw/0131/013100070080.001/swg.fits[1]
scw/0131/013100070090.001/swg.fits[1]
scw/0131/013100070100.001/swg.fits[1]
scw/0131/013100070110.001/swg.fits[1]
scw/0131/013100070120.001/swg.fits[1]
scw/0131/013100070130.001/swg.fits[1]
scw/0131/013100070140.001/swg.fits[1]
scw/0131/013100070150.001/swg.fits[1]
scw/0131/013100070160.001/swg.fits[1]
scw/0131/013100070170.001/swg.fits[1]
scw/0131/013100070180.001/swg.fits[1]
scw/0131/013100070190.001/swg.fits[1]
scw/0131/013100070200.001/swg.fits[1]
scw/0131/013100070210.001/swg.fits[1]
scw/0131/013100070220.001/swg.fits[1]
scw/0133/013300540010.001/swg.fits[1]
scw/0133/013300540020.001/swg.fits[1]
scw/0133/013300540030.001/swg.fits[1]
scw/0133/013300540040.001/swg.fits[1]
scw/0133/013300540050.001/swg.fits[1]
scw/0133/013300540060.001/swg.fits[1]
scw/0133/013300540070.001/swg.fits[1]
scw/0133/013300540080.001/swg.fits[1]
scw/0133/013300540090.001/swg.fits[1]
scw/0133/013300540100.001/swg.fits[1]
scw/0133/013300540110.001/swg.fits[1]
scw/0134/013400050010.001/swg.fits[1]
scw/0134/013400060010.001/swg.fits[1]
scw/0134/013400060020.001/swg.fits[1]
scw/0134/013400060030.001/swg.fits[1]
scw/0134/013400060040.001/swg.fits[1]
scw/0134/013400060050.001/swg.fits[1]
scw/0134/013400060060.001/swg.fits[1]
scw/0134/013400060070.001/swg.fits[1]
scw/0134/013400060080.001/swg.fits[1]
scw/0134/013400060090.001/swg.fits[1]
scw/0134/013400060100.001/swg.fits[1]
scw/0134/013400060110.001/swg.fits[1]
scw/0134/013400060120.001/swg.fits[1]
scw/0134/013400060130.001/swg.fits[1]
scw/0134/013400060140.001/swg.fits[1]
scw/0134/013400060150.001/swg.fits[1]
scw/0134/013400060160.001/swg.fits[1]
scw/0134/013400060170.001/swg.fits[1]
scw/0134/013400060180.001/swg.fits[1]
scw/0134/013400060190.001/swg.fits[1]
scw/0134/013400060200.001/swg.fits[1]
scw/0134/013400060210.001/swg.fits[1]
scw/0134/013400060220.001/swg.fits[1]
scw/0134/013400060230.001/swg.fits[1]
scw/0134/013400060240.001/swg.fits[1]
scw/0134/013400060250.001/swg.fits[1]
scw/0134/013400060260.001/swg.fits[1]
scw/0134/013400060270.001/swg.fits[1]
scw/0134/013400060280.001/swg.fits[1]
scw/0134/013400060290.001/swg.fits[1]
scw/0134/013400060300.001/swg.fits[1]
scw/0134/013400060310.001/swg.fits[1]
scw/0134/013400060320.001/swg.fits[1]
scw/0134/013400070010.001/swg.fits[1]
scw/0134/013400070020.001/swg.fits[1]
scw/0134/013400070030.001/swg.fits[1]
scw/0134/013400070040.001/swg.fits[1]
scw/0134/013400070050.001/swg.fits[1]
scw/0134/013400070060.001/swg.fits[1]
scw/0134/013400070070.001/swg.fits[1]
scw/0134/013400070080.001/swg.fits[1]
scw/0134/013400070090.001/swg.fits[1]
scw/0134/013400070100.001/swg.fits[1]
scw/0134/013400070110.001/swg.fits[1]
scw/0134/013400070120.001/swg.fits[1]
scw/0134/013400070130.001/swg.fits[1]
scw/0134/013400070140.001/swg.fits[1]
scw/0134/013400080010.001/swg.fits[1]
scw/0134/013400080020.001/swg.fits[1]
scw/0134/013400080030.001/swg.fits[1]
scw/0134/013400080040.001/swg.fits[1]
scw/0134/013400080050.001/swg.fits[1]
scw/0172/017200090010.001/swg.fits[1]
scw/0172/017200160010.001/swg.fits[1]
scw/0172/017200170010.001/swg.fits[1]
scw/0172/017200180010.001/swg.fits[1]
scw/0172/017200230010.001/swg.fits[1]
scw/0172/017200240010.001/swg.fits[1]
