scw/0280/028000560010.001/swg.fits[1]
scw/0280/028000570010.001/swg.fits[1]
scw/0281/028100500010.001/swg.fits[1]
scw/0282/028200430010.001/swg.fits[1]
scw/0282/028200510010.001/swg.fits[1]
scw/0282/028200520010.001/swg.fits[1]
scw/0401/040100050010.001/swg.fits[1]
scw/0401/040100060010.001/swg.fits[1]
scw/0401/040100070010.001/swg.fits[1]
scw/0401/040100080010.001/swg.fits[1]
scw/0401/040100110010.001/swg.fits[1]
scw/0401/040100120010.001/swg.fits[1]
scw/0401/040100130010.001/swg.fits[1]
scw/0401/040100140010.001/swg.fits[1]
scw/0401/040100150010.001/swg.fits[1]
scw/0401/040100160010.001/swg.fits[1]
scw/0401/040100170010.001/swg.fits[1]
scw/0401/040100180010.001/swg.fits[1]
scw/0401/040100220010.001/swg.fits[1]
scw/0401/040100230010.001/swg.fits[1]
scw/0401/040100240010.001/swg.fits[1]
scw/0401/040100250010.001/swg.fits[1]
scw/0401/040100260010.001/swg.fits[1]
scw/0401/040100270010.001/swg.fits[1]
scw/0401/040100320010.001/swg.fits[1]
scw/0401/040100330010.001/swg.fits[1]
scw/0401/040100340010.001/swg.fits[1]
scw/0401/040100350010.001/swg.fits[1]
scw/0401/040100360010.001/swg.fits[1]
scw/0401/040100370010.001/swg.fits[1]
scw/0401/040100380010.001/swg.fits[1]
scw/0401/040100410010.001/swg.fits[1]
scw/0401/040100420010.001/swg.fits[1]
scw/0401/040100430010.001/swg.fits[1]
scw/0401/040100440010.001/swg.fits[1]
scw/0401/040100450010.001/swg.fits[1]
scw/0401/040100460010.001/swg.fits[1]
scw/0401/040100470010.001/swg.fits[1]
scw/0401/040100480010.001/swg.fits[1]
scw/0401/040100490010.001/swg.fits[1]
scw/0401/040100500010.001/swg.fits[1]
scw/0401/040100510010.001/swg.fits[1]
scw/0401/040100520010.001/swg.fits[1]
scw/0401/040100530010.001/swg.fits[1]
scw/0401/040100540010.001/swg.fits[1]
scw/0401/040100550010.001/swg.fits[1]
scw/0401/040100560010.001/swg.fits[1]
scw/0401/040100570010.001/swg.fits[1]
scw/0401/040100580010.001/swg.fits[1]
scw/0401/040100590010.001/swg.fits[1]
scw/0401/040100600010.001/swg.fits[1]
scw/0401/040100610010.001/swg.fits[1]
scw/0401/040100620010.001/swg.fits[1]
scw/0401/040100640010.001/swg.fits[1]
scw/0401/040100650010.001/swg.fits[1]
scw/0401/040100660010.001/swg.fits[1]
scw/0401/040100670010.001/swg.fits[1]
scw/0401/040100680010.001/swg.fits[1]
scw/0401/040100690010.001/swg.fits[1]
scw/0711/071100160010.001/swg.fits[1]
scw/0711/071100170010.001/swg.fits[1]
scw/0711/071100180010.001/swg.fits[1]
scw/0711/071100250010.001/swg.fits[1]
scw/0711/071100260010.001/swg.fits[1]
scw/0711/071100270010.001/swg.fits[1]
scw/0711/071100280010.001/swg.fits[1]
scw/0711/071100290010.001/swg.fits[1]
scw/0711/071100350010.001/swg.fits[1]
scw/0711/071100360010.001/swg.fits[1]
scw/0711/071100370010.001/swg.fits[1]
scw/0711/071100380010.001/swg.fits[1]
scw/0711/071100670010.001/swg.fits[1]
scw/0711/071100680010.001/swg.fits[1]
scw/0711/071100750010.001/swg.fits[1]
