scw/1238/123800380010.001/swg.fits[1]
scw/1238/123800390010.001/swg.fits[1]
scw/1238/123800400010.001/swg.fits[1]
scw/1238/123800410010.001/swg.fits[1]
scw/1238/123800420010.001/swg.fits[1]
scw/1238/123800430010.001/swg.fits[1]
scw/1238/123800460010.001/swg.fits[1]
scw/1238/123800470010.001/swg.fits[1]
scw/1238/123800480010.001/swg.fits[1]
scw/1238/123800490010.001/swg.fits[1]
scw/1238/123800500010.001/swg.fits[1]
scw/1238/123800510010.001/swg.fits[1]
scw/1238/123800520010.001/swg.fits[1]
scw/1238/123800530010.001/swg.fits[1]
scw/1238/123800540010.001/swg.fits[1]
scw/1238/123800550010.001/swg.fits[1]
scw/1238/123800560010.001/swg.fits[1]
scw/1238/123800570010.001/swg.fits[1]
scw/1238/123800580010.001/swg.fits[1]
scw/1238/123800590010.001/swg.fits[1]
scw/1238/123800600010.001/swg.fits[1]
scw/1238/123800610010.001/swg.fits[1]
scw/1238/123800620010.001/swg.fits[1]
scw/1238/123800630010.001/swg.fits[1]
scw/1238/123800640010.001/swg.fits[1]
scw/1238/123800650010.001/swg.fits[1]
scw/1238/123800660010.001/swg.fits[1]
scw/1238/123800670010.001/swg.fits[1]
scw/1238/123800680010.001/swg.fits[1]
scw/1238/123800690010.001/swg.fits[1]
scw/1239/123900210010.001/swg.fits[1]
scw/1239/123900220010.001/swg.fits[1]
scw/1239/123900230010.001/swg.fits[1]
scw/1239/123900240010.001/swg.fits[1]
scw/1239/123900250010.001/swg.fits[1]
scw/1239/123900260010.001/swg.fits[1]
scw/1239/123900270010.001/swg.fits[1]
scw/1239/123900280010.001/swg.fits[1]
scw/1239/123900290010.001/swg.fits[1]
scw/1239/123900300010.001/swg.fits[1]
scw/1239/123900310010.001/swg.fits[1]
scw/1239/123900320010.001/swg.fits[1]
scw/1239/123900330010.001/swg.fits[1]
scw/1239/123900340010.001/swg.fits[1]
scw/1239/123900350010.001/swg.fits[1]
scw/1239/123900360010.001/swg.fits[1]
scw/1239/123900370010.001/swg.fits[1]
scw/1239/123900380010.001/swg.fits[1]
scw/1239/123900390010.001/swg.fits[1]
scw/1239/123900400010.001/swg.fits[1]
scw/1239/123900410010.001/swg.fits[1]
scw/1239/123900420010.001/swg.fits[1]
scw/1239/123900430010.001/swg.fits[1]
scw/1239/123900440010.001/swg.fits[1]
scw/1239/123900480010.001/swg.fits[1]
scw/1239/123900490010.001/swg.fits[1]
scw/1239/123900500010.001/swg.fits[1]
scw/1239/123900510010.001/swg.fits[1]
scw/1239/123900520010.001/swg.fits[1]
scw/1239/123900530010.001/swg.fits[1]
scw/1239/123900540010.001/swg.fits[1]
scw/1239/123900550010.001/swg.fits[1]
scw/1239/123900560010.001/swg.fits[1]
scw/1239/123900570010.001/swg.fits[1]
scw/1239/123900580010.001/swg.fits[1]
scw/1239/123900600010.001/swg.fits[1]
scw/1239/123900610010.001/swg.fits[1]
scw/1239/123900620010.001/swg.fits[1]
scw/1239/123900630010.001/swg.fits[1]
scw/1239/123900640010.001/swg.fits[1]
scw/1239/123900650010.001/swg.fits[1]
scw/1239/123900660010.001/swg.fits[1]
scw/1239/123900670010.001/swg.fits[1]
scw/1239/123900670020.001/swg.fits[1]
scw/1240/124000020010.001/swg.fits[1]
scw/1240/124000030010.001/swg.fits[1]
scw/1240/124000040010.001/swg.fits[1]
scw/1240/124000050010.001/swg.fits[1]
scw/1240/124000060010.001/swg.fits[1]
scw/1240/124000070010.001/swg.fits[1]
scw/1240/124000080010.001/swg.fits[1]
scw/1240/124000090010.001/swg.fits[1]
scw/1240/124000100010.001/swg.fits[1]
scw/1240/124000110010.001/swg.fits[1]
scw/1240/124000120010.001/swg.fits[1]
scw/1240/124000130010.001/swg.fits[1]
scw/1240/124000140010.001/swg.fits[1]
scw/1240/124000150010.001/swg.fits[1]
scw/1240/124000160010.001/swg.fits[1]
scw/1240/124000170010.001/swg.fits[1]
scw/1240/124000180010.001/swg.fits[1]
scw/1240/124000190010.001/swg.fits[1]
scw/1240/124000200010.001/swg.fits[1]
scw/1240/124000210010.001/swg.fits[1]
scw/1240/124000220010.001/swg.fits[1]
scw/1240/124000230010.001/swg.fits[1]
scw/1240/124000240010.001/swg.fits[1]
scw/1240/124000250010.001/swg.fits[1]
scw/1241/124100200010.001/swg.fits[1]
scw/1241/124100210010.001/swg.fits[1]
scw/1241/124100260010.001/swg.fits[1]
scw/1241/124100270010.001/swg.fits[1]
scw/1241/124100280010.001/swg.fits[1]
scw/1241/124100290010.001/swg.fits[1]
scw/1241/124100300010.001/swg.fits[1]
scw/1241/124100310010.001/swg.fits[1]
scw/1241/124100320010.001/swg.fits[1]
scw/1241/124100330010.001/swg.fits[1]
scw/1241/124100340010.001/swg.fits[1]
scw/1241/124100350010.001/swg.fits[1]
scw/1241/124100360010.001/swg.fits[1]
scw/1241/124100360020.001/swg.fits[1]
scw/1241/124100370010.001/swg.fits[1]
scw/1241/124100380010.001/swg.fits[1]
scw/1241/124100390010.001/swg.fits[1]
scw/1241/124100400010.001/swg.fits[1]
scw/1241/124100410010.001/swg.fits[1]
scw/1241/124100420010.001/swg.fits[1]
scw/1241/124100430010.001/swg.fits[1]
scw/1241/124100440010.001/swg.fits[1]
scw/1241/124100450010.001/swg.fits[1]
scw/1241/124100460010.001/swg.fits[1]
scw/1241/124100470010.001/swg.fits[1]
scw/1241/124100480010.001/swg.fits[1]
scw/1241/124100490010.001/swg.fits[1]
scw/1241/124100500010.001/swg.fits[1]
scw/1241/124100510010.001/swg.fits[1]
scw/1241/124100520010.001/swg.fits[1]
scw/1241/124100530010.001/swg.fits[1]
scw/1241/124100540010.001/swg.fits[1]
scw/1241/124100550010.001/swg.fits[1]
scw/1241/124100560010.001/swg.fits[1]
scw/1241/124100570010.001/swg.fits[1]
scw/1241/124100580010.001/swg.fits[1]
scw/1241/124100590010.001/swg.fits[1]
scw/1241/124100600010.001/swg.fits[1]
scw/1241/124100610010.001/swg.fits[1]
scw/1241/124100620010.001/swg.fits[1]
scw/1241/124100630010.001/swg.fits[1]
scw/1241/124100640010.001/swg.fits[1]
scw/1241/124100650010.001/swg.fits[1]
scw/1241/124100660010.001/swg.fits[1]
scw/1244/124400710010.001/swg.fits[1]
scw/1244/124400720010.001/swg.fits[1]
scw/1244/124400730010.001/swg.fits[1]
scw/1244/124400740010.001/swg.fits[1]
scw/1244/124400750010.001/swg.fits[1]
scw/1244/124400760010.001/swg.fits[1]
scw/1244/124400810010.001/swg.fits[1]
scw/1244/124400820010.001/swg.fits[1]
scw/1244/124400830010.001/swg.fits[1]
scw/1244/124400840010.001/swg.fits[1]
scw/1244/124400860010.001/swg.fits[1]
scw/1244/124400870010.001/swg.fits[1]
scw/1254/125400140010.001/swg.fits[1]
scw/1254/125400150010.001/swg.fits[1]
scw/1254/125400160010.001/swg.fits[1]
scw/1254/125400170010.001/swg.fits[1]
scw/1254/125400180010.001/swg.fits[1]
scw/1254/125400220010.001/swg.fits[1]
scw/1254/125400230010.001/swg.fits[1]
scw/1254/125400250010.001/swg.fits[1]
scw/1254/125400260010.001/swg.fits[1]
scw/1254/125400270010.001/swg.fits[1]
scw/1254/125400290010.001/swg.fits[1]
scw/1254/125400300010.001/swg.fits[1]
scw/1254/125400310010.001/swg.fits[1]
scw/1254/125400320010.001/swg.fits[1]
scw/1254/125400330010.001/swg.fits[1]
scw/1254/125400340010.001/swg.fits[1]
scw/1254/125400350010.001/swg.fits[1]
scw/1254/125400360010.001/swg.fits[1]
scw/1284/128400050010.001/swg.fits[1]
scw/1284/128400060010.001/swg.fits[1]
scw/1347/134701000010.001/swg.fits[1]
scw/1347/134701010010.001/swg.fits[1]
scw/1347/134701020010.001/swg.fits[1]
scw/1347/134701030010.001/swg.fits[1]
scw/1347/134701040010.001/swg.fits[1]
scw/1347/134701050010.001/swg.fits[1]
scw/1347/134701060010.001/swg.fits[1]
scw/1347/134701070010.001/swg.fits[1]
scw/1348/134800760010.001/swg.fits[1]
scw/1348/134800770010.001/swg.fits[1]
scw/1348/134800780010.001/swg.fits[1]
scw/1348/134800790010.001/swg.fits[1]
scw/1348/134800800010.001/swg.fits[1]
scw/1348/134800810010.001/swg.fits[1]
scw/1348/134800820010.001/swg.fits[1]
scw/1348/134800830010.001/swg.fits[1]
scw/1348/134800840010.001/swg.fits[1]
scw/1348/134800850010.001/swg.fits[1]
scw/1348/134800860010.001/swg.fits[1]
scw/1348/134800870010.001/swg.fits[1]
scw/1348/134800880010.001/swg.fits[1]
scw/1348/134800890010.001/swg.fits[1]
scw/1348/134800900010.001/swg.fits[1]
scw/1348/134800910010.001/swg.fits[1]
scw/1348/134800920010.001/swg.fits[1]
scw/1348/134800930010.001/swg.fits[1]
scw/1348/134800940010.001/swg.fits[1]
scw/1348/134800950010.001/swg.fits[1]
scw/1348/134800960010.001/swg.fits[1]
scw/1348/134800970010.001/swg.fits[1]
scw/1348/134800980010.001/swg.fits[1]
scw/1348/134800990010.001/swg.fits[1]
scw/1348/134801000010.001/swg.fits[1]
scw/1348/134801010010.001/swg.fits[1]
scw/1348/134801020010.001/swg.fits[1]
scw/1348/134801030010.001/swg.fits[1]
scw/1348/134801040010.001/swg.fits[1]
scw/1349/134900610010.001/swg.fits[1]
scw/1349/134900620010.001/swg.fits[1]
scw/1349/134900640010.001/swg.fits[1]
scw/1349/134900650010.001/swg.fits[1]
scw/1349/134900660010.001/swg.fits[1]
scw/1349/134900670010.001/swg.fits[1]
scw/1349/134900680010.001/swg.fits[1]
scw/1349/134900690010.001/swg.fits[1]
scw/1349/134900700010.001/swg.fits[1]
scw/1349/134900710010.001/swg.fits[1]
scw/1349/134900740010.001/swg.fits[1]
scw/1349/134900750010.001/swg.fits[1]
scw/1349/134900760010.001/swg.fits[1]
scw/1349/134900770010.001/swg.fits[1]
scw/1349/134900780010.001/swg.fits[1]
scw/1349/134900790010.001/swg.fits[1]
scw/1349/134900800010.001/swg.fits[1]
scw/1349/134900810010.001/swg.fits[1]
scw/1349/134900820010.001/swg.fits[1]
scw/1349/134900830010.001/swg.fits[1]
scw/1349/134900840010.001/swg.fits[1]
scw/1349/134900850010.001/swg.fits[1]
scw/1349/134900860010.001/swg.fits[1]
scw/1349/134900870010.001/swg.fits[1]
scw/1349/134900880010.001/swg.fits[1]
scw/1349/134900890010.001/swg.fits[1]
scw/1349/134900900010.001/swg.fits[1]
scw/1349/134900910010.001/swg.fits[1]
scw/1349/134900920010.001/swg.fits[1]
scw/1349/134900930010.001/swg.fits[1]
scw/1349/134900940010.001/swg.fits[1]
scw/1349/134900950010.001/swg.fits[1]
scw/1349/134900960010.001/swg.fits[1]
scw/1349/134900970010.001/swg.fits[1]
scw/1350/135000570010.001/swg.fits[1]
scw/1350/135000580010.001/swg.fits[1]
scw/1350/135000590010.001/swg.fits[1]
