scw/1171/117100110010.001/swg.fits[1]
scw/1171/117100120010.001/swg.fits[1]
scw/1171/117100130010.001/swg.fits[1]
scw/1172/117200040010.001/swg.fits[1]
scw/1172/117200050010.001/swg.fits[1]
scw/1172/117200060010.001/swg.fits[1]
scw/1173/117300050010.001/swg.fits[1]
scw/1174/117400370010.001/swg.fits[1]
scw/1174/117400380010.001/swg.fits[1]
scw/1174/117400590010.001/swg.fits[1]
scw/1174/117400730010.001/swg.fits[1]
scw/1174/117400740010.001/swg.fits[1]
scw/1174/117400750010.001/swg.fits[1]
scw/1178/117800090010.001/swg.fits[1]
scw/1178/117800100010.001/swg.fits[1]
scw/1178/117800110010.001/swg.fits[1]
scw/1178/117800250010.001/swg.fits[1]
scw/1178/117800310010.001/swg.fits[1]
scw/1178/117800320010.001/swg.fits[1]
scw/1180/118000130010.001/swg.fits[1]
scw/1181/118100140010.001/swg.fits[1]
scw/1181/118100150010.001/swg.fits[1]
scw/1182/118200200010.001/swg.fits[1]
scw/1183/118300430010.001/swg.fits[1]
scw/1183/118300440010.001/swg.fits[1]
scw/1183/118300450010.001/swg.fits[1]
scw/1183/118300780010.001/swg.fits[1]
scw/1183/118300790010.001/swg.fits[1]
scw/1183/118300800010.001/swg.fits[1]
scw/1183/118300860010.001/swg.fits[1]
scw/1183/118300920010.001/swg.fits[1]
scw/1183/118300930010.001/swg.fits[1]
scw/1183/118300940010.001/swg.fits[1]
scw/1205/120500360010.001/swg.fits[1]
scw/1206/120600230010.001/swg.fits[1]
scw/1227/122700310010.001/swg.fits[1]
scw/1227/122700320010.001/swg.fits[1]
scw/1227/122700330010.001/swg.fits[1]
scw/1227/122700460010.001/swg.fits[1]
scw/1227/122700520010.001/swg.fits[1]
scw/1227/122700530010.001/swg.fits[1]
scw/1227/122700540010.001/swg.fits[1]
scw/1227/122700600010.001/swg.fits[1]
scw/1227/122700610010.001/swg.fits[1]
scw/1227/122700630010.001/swg.fits[1]
scw/1227/122700660010.001/swg.fits[1]
scw/1227/122700670010.001/swg.fits[1]
scw/1227/122700680010.001/swg.fits[1]
scw/1227/122700820010.001/swg.fits[1]
scw/1227/122700830010.001/swg.fits[1]
scw/1227/122701000010.001/swg.fits[1]
scw/1228/122800350010.001/swg.fits[1]
scw/1228/122800360010.001/swg.fits[1]
scw/1229/122900350010.001/swg.fits[1]
scw/1229/122900360010.001/swg.fits[1]
scw/1229/122900370010.001/swg.fits[1]
scw/1230/123000120010.001/swg.fits[1]
scw/1230/123000130010.001/swg.fits[1]
scw/1230/123000140010.001/swg.fits[1]
scw/1231/123100120010.001/swg.fits[1]
scw/1235/123500110010.001/swg.fits[1]
scw/1235/123500120010.001/swg.fits[1]
scw/1235/123500130010.001/swg.fits[1]
scw/1236/123600200010.001/swg.fits[1]
scw/1236/123600210010.001/swg.fits[1]
scw/1236/123600220010.001/swg.fits[1]
scw/1237/123700030010.001/swg.fits[1]
scw/1237/123700230010.001/swg.fits[1]
scw/1237/123700260010.001/swg.fits[1]
scw/1237/123700270010.001/swg.fits[1]
scw/1237/123700280010.001/swg.fits[1]
scw/1237/123700340010.001/swg.fits[1]
scw/1237/123700350010.001/swg.fits[1]
scw/1237/123700410010.001/swg.fits[1]
scw/1237/123700420010.001/swg.fits[1]
scw/1237/123700480010.001/swg.fits[1]
scw/1237/123700760010.001/swg.fits[1]
scw/1238/123800110010.001/swg.fits[1]
scw/1244/124400040010.001/swg.fits[1]
scw/1244/124400050010.001/swg.fits[1]
scw/1244/124400060010.001/swg.fits[1]
scw/1244/124400110010.001/swg.fits[1]
scw/1244/124400120010.001/swg.fits[1]
scw/1244/124400190010.001/swg.fits[1]
scw/1244/124400250010.001/swg.fits[1]
scw/1244/124400260010.001/swg.fits[1]
scw/1244/124400320010.001/swg.fits[1]
scw/1244/124400330010.001/swg.fits[1]
scw/1244/124400400010.001/swg.fits[1]
scw/1244/124400410010.001/swg.fits[1]
scw/1244/124400550010.001/swg.fits[1]
scw/1284/128400020010.001/swg.fits[1]
scw/1294/129400040010.001/swg.fits[1]
scw/1294/129400050010.001/swg.fits[1]
scw/1294/129400060010.001/swg.fits[1]
scw/1294/129400110010.001/swg.fits[1]
scw/1294/129400120010.001/swg.fits[1]
scw/1294/129400130010.001/swg.fits[1]
scw/1296/129600780010.001/swg.fits[1]
scw/1296/129600930010.001/swg.fits[1]
scw/1296/129600970010.001/swg.fits[1]
scw/1296/129600980010.001/swg.fits[1]
scw/1296/129600990010.001/swg.fits[1]
scw/1304/130400110010.001/swg.fits[1]
scw/1304/130400120010.001/swg.fits[1]
scw/1304/130400130010.001/swg.fits[1]
scw/1365/136500580010.001/swg.fits[1]
scw/1365/136500770010.001/swg.fits[1]
scw/1365/136500770020.001/swg.fits[1]
scw/1366/136600570010.001/swg.fits[1]
scw/1366/136600800010.001/swg.fits[1]
scw/1367/136700070010.001/swg.fits[1]
scw/1367/136700080010.001/swg.fits[1]
scw/1367/136700090010.001/swg.fits[1]
scw/1367/136700100010.001/swg.fits[1]
scw/1367/136700170010.001/swg.fits[1]
scw/1367/136700180010.001/swg.fits[1]
scw/1367/136700190010.001/swg.fits[1]
scw/1367/136700390010.001/swg.fits[1]
scw/1367/136700470010.001/swg.fits[1]
scw/1367/136700480010.001/swg.fits[1]
scw/1367/136700490010.001/swg.fits[1]
scw/1367/136700500010.001/swg.fits[1]
scw/1367/136700560010.001/swg.fits[1]
scw/1367/136700570010.001/swg.fits[1]
scw/1367/136700580010.001/swg.fits[1]
scw/1367/136700590010.001/swg.fits[1]
scw/1367/136700600010.001/swg.fits[1]
scw/1367/136700610010.001/swg.fits[1]
scw/1367/136700670010.001/swg.fits[1]
scw/1367/136700680010.001/swg.fits[1]
scw/1367/136700690010.001/swg.fits[1]
scw/1367/136700880010.001/swg.fits[1]
scw/1368/136800550010.001/swg.fits[1]
scw/1368/136800560010.001/swg.fits[1]
scw/1368/136800630010.001/swg.fits[1]
scw/1368/136800640010.001/swg.fits[1]
scw/1368/136800650010.001/swg.fits[1]
scw/1368/136800660010.001/swg.fits[1]
scw/1369/136900060010.001/swg.fits[1]
scw/1369/136900170010.001/swg.fits[1]
scw/1369/136900250010.001/swg.fits[1]
scw/1369/136900260010.001/swg.fits[1]
scw/1369/136900270010.001/swg.fits[1]
scw/1369/136900280010.001/swg.fits[1]
scw/1369/136900350010.001/swg.fits[1]
scw/1369/136900370010.001/swg.fits[1]
scw/1369/136900380010.001/swg.fits[1]
scw/1369/136900460010.001/swg.fits[1]
scw/1369/136900470010.001/swg.fits[1]
scw/1369/136900660010.001/swg.fits[1]
scw/1369/136900670010.001/swg.fits[1]
scw/1369/136900680010.001/swg.fits[1]
scw/1369/136900750010.001/swg.fits[1]
scw/1369/136900760010.001/swg.fits[1]
scw/1369/136900770010.001/swg.fits[1]
scw/1369/136900780010.001/swg.fits[1]
scw/1369/136900850010.001/swg.fits[1]
scw/1372/137200700010.001/swg.fits[1]
scw/1372/137200710010.001/swg.fits[1]
scw/1372/137200720010.001/swg.fits[1]
scw/1372/137200730010.001/swg.fits[1]
scw/1372/137200800010.001/swg.fits[1]
scw/1374/137400460010.001/swg.fits[1]
scw/1374/137400710010.001/swg.fits[1]
scw/1411/141100050010.001/swg.fits[1]
scw/1411/141100060010.001/swg.fits[1]
scw/1411/141100070010.001/swg.fits[1]
scw/1411/141100080010.001/swg.fits[1]
scw/1411/141100090010.001/swg.fits[1]
scw/1411/141100100010.001/swg.fits[1]
scw/1411/141100110010.001/swg.fits[1]
scw/1411/141100140010.001/swg.fits[1]
scw/1411/141100150010.001/swg.fits[1]
scw/1411/141100160010.001/swg.fits[1]
scw/1411/141100170010.001/swg.fits[1]
scw/1411/141100180010.001/swg.fits[1]
scw/1411/141100190010.001/swg.fits[1]
scw/1411/141100200010.001/swg.fits[1]
scw/1411/141100570010.001/swg.fits[1]
scw/1411/141100580010.001/swg.fits[1]
scw/1411/141100590010.001/swg.fits[1]
scw/1411/141100600010.001/swg.fits[1]
scw/1411/141100630010.001/swg.fits[1]
scw/1411/141100640010.001/swg.fits[1]
scw/1411/141100650010.001/swg.fits[1]
scw/1411/141100660010.001/swg.fits[1]
scw/1411/141100670010.001/swg.fits[1]
scw/1411/141100680010.001/swg.fits[1]
scw/1411/141100690010.001/swg.fits[1]
scw/1411/141100700010.001/swg.fits[1]
scw/1416/141600910010.001/swg.fits[1]
scw/1416/141600920010.001/swg.fits[1]
scw/1416/141600930010.001/swg.fits[1]
scw/1416/141600940010.001/swg.fits[1]
scw/1416/141600950010.001/swg.fits[1]
scw/1469/146900980010.001/swg.fits[1]
scw/1469/146900990010.001/swg.fits[1]
scw/1469/146901000010.001/swg.fits[1]
scw/1469/146901010010.001/swg.fits[1]
scw/1470/147000020010.001/swg.fits[1]
scw/1470/147000030010.001/swg.fits[1]
scw/1470/147000040010.001/swg.fits[1]
scw/1470/147000050010.001/swg.fits[1]
scw/1470/147000060010.001/swg.fits[1]
scw/1470/147000070010.001/swg.fits[1]
scw/1470/147000080010.001/swg.fits[1]
scw/1470/147000090010.001/swg.fits[1]
scw/1470/147000100010.001/swg.fits[1]
scw/1470/147000110010.001/swg.fits[1]
scw/1470/147000120010.001/swg.fits[1]
scw/1470/147000130010.001/swg.fits[1]
scw/1470/147000140010.001/swg.fits[1]
scw/1471/147100090010.001/swg.fits[1]
scw/1471/147100100010.001/swg.fits[1]
scw/1471/147100320010.001/swg.fits[1]
scw/1471/147100330010.001/swg.fits[1]
scw/1471/147100340010.001/swg.fits[1]
scw/1471/147100620010.001/swg.fits[1]
scw/1471/147100630010.001/swg.fits[1]
scw/1471/147100640010.001/swg.fits[1]
scw/1471/147100650010.001/swg.fits[1]
scw/1471/147100660010.001/swg.fits[1]
scw/1471/147100670010.001/swg.fits[1]
scw/1471/147100690010.001/swg.fits[1]
scw/1471/147100700010.001/swg.fits[1]
