scw/0582/058200790010.001/swg.fits[1]
scw/0582/058200800010.001/swg.fits[1]
scw/0582/058200810010.001/swg.fits[1]
scw/0583/058300170010.001/swg.fits[1]
scw/0583/058300180010.001/swg.fits[1]
scw/0583/058300190010.001/swg.fits[1]
scw/0583/058300200010.001/swg.fits[1]
scw/0583/058300210010.001/swg.fits[1]
scw/0583/058300220010.001/swg.fits[1]
scw/0583/058300230010.001/swg.fits[1]
scw/0583/058300240010.001/swg.fits[1]
scw/0583/058300250010.001/swg.fits[1]
scw/0583/058300260010.001/swg.fits[1]
scw/0583/058300270010.001/swg.fits[1]
scw/0583/058300340010.001/swg.fits[1]
scw/0583/058300430010.001/swg.fits[1]
scw/0584/058400060010.001/swg.fits[1]
scw/0584/058400070010.001/swg.fits[1]
scw/0584/058400080010.001/swg.fits[1]
scw/0584/058400090010.001/swg.fits[1]
scw/0584/058400100010.001/swg.fits[1]
scw/0584/058400110010.001/swg.fits[1]
scw/0584/058400120010.001/swg.fits[1]
scw/0584/058400130010.001/swg.fits[1]
scw/0584/058400390010.001/swg.fits[1]
scw/0584/058400480010.001/swg.fits[1]
scw/0585/058500270010.001/swg.fits[1]
scw/0585/058500280010.001/swg.fits[1]
scw/0585/058500290010.001/swg.fits[1]
scw/0585/058500300010.001/swg.fits[1]
scw/0585/058500310010.001/swg.fits[1]
scw/0585/058500320010.001/swg.fits[1]
scw/0585/058500450010.001/swg.fits[1]
scw/0585/058500460010.001/swg.fits[1]
scw/0586/058600080010.001/swg.fits[1]
scw/0586/058600090010.001/swg.fits[1]
scw/0586/058600100010.001/swg.fits[1]
scw/0586/058600110010.001/swg.fits[1]
scw/0586/058600230010.001/swg.fits[1]
scw/0586/058600240010.001/swg.fits[1]
scw/0586/058600250010.001/swg.fits[1]
scw/0586/058600260010.001/swg.fits[1]
scw/0586/058600270010.001/swg.fits[1]
scw/0586/058600280010.001/swg.fits[1]
scw/0586/058600290010.001/swg.fits[1]
scw/0586/058600300010.001/swg.fits[1]
scw/0586/058600400010.001/swg.fits[1]
scw/0586/058600410010.001/swg.fits[1]
scw/0586/058600420010.001/swg.fits[1]
scw/0586/058600430010.001/swg.fits[1]
scw/0586/058600440010.001/swg.fits[1]
scw/0587/058700050010.001/swg.fits[1]
scw/0587/058700060010.001/swg.fits[1]
scw/0587/058700070010.001/swg.fits[1]
scw/0587/058700080010.001/swg.fits[1]
scw/0587/058700090010.001/swg.fits[1]
scw/0587/058700100010.001/swg.fits[1]
scw/0587/058700110010.001/swg.fits[1]
scw/0587/058700120010.001/swg.fits[1]
scw/0587/058700130010.001/swg.fits[1]
scw/0587/058700240010.001/swg.fits[1]
scw/0587/058700250010.001/swg.fits[1]
scw/0587/058700260010.001/swg.fits[1]
scw/0587/058700270010.001/swg.fits[1]
scw/0587/058700280010.001/swg.fits[1]
scw/0587/058700300010.001/swg.fits[1]
scw/0588/058800390010.001/swg.fits[1]
scw/0588/058800400010.001/swg.fits[1]
scw/0588/058800410010.001/swg.fits[1]
scw/0588/058800420010.001/swg.fits[1]
scw/0588/058800430010.001/swg.fits[1]
scw/0588/058800440010.001/swg.fits[1]
scw/0588/058800450010.001/swg.fits[1]
scw/0636/063600580010.001/swg.fits[1]
scw/0638/063800350010.001/swg.fits[1]
scw/0638/063800360010.001/swg.fits[1]
scw/0638/063800370010.001/swg.fits[1]
scw/0638/063800440010.001/swg.fits[1]
scw/0638/063800450010.001/swg.fits[1]
scw/0638/063800460010.001/swg.fits[1]
scw/0638/063800470010.001/swg.fits[1]
scw/0638/063800530010.001/swg.fits[1]
scw/0638/063800540010.001/swg.fits[1]
scw/0638/063800550010.001/swg.fits[1]
scw/0638/063800560010.001/swg.fits[1]
scw/0638/063800570010.001/swg.fits[1]
scw/0638/063800580010.001/swg.fits[1]
scw/0639/063900300010.001/swg.fits[1]
scw/0639/063900310010.001/swg.fits[1]
scw/0639/063900320010.001/swg.fits[1]
scw/0639/063900330010.001/swg.fits[1]
scw/0639/063900410010.001/swg.fits[1]
scw/0639/063900420010.001/swg.fits[1]
scw/0639/063900510010.001/swg.fits[1]
scw/0639/063900520010.001/swg.fits[1]
scw/0639/063900530010.001/swg.fits[1]
scw/0639/063900600010.001/swg.fits[1]
scw/0640/064000280010.001/swg.fits[1]
scw/0640/064000290010.001/swg.fits[1]
scw/0640/064000300010.001/swg.fits[1]
scw/0640/064000360010.001/swg.fits[1]
scw/0640/064000370010.001/swg.fits[1]
scw/0640/064000380010.001/swg.fits[1]
scw/0640/064000390010.001/swg.fits[1]
scw/0640/064000400010.001/swg.fits[1]
scw/0640/064000410010.001/swg.fits[1]
scw/0640/064000470010.001/swg.fits[1]
scw/0640/064000480010.001/swg.fits[1]
scw/0640/064000490010.001/swg.fits[1]
scw/0640/064000500010.001/swg.fits[1]
scw/0640/064000580010.001/swg.fits[1]
scw/0647/064700370010.001/swg.fits[1]
scw/0648/064800460010.001/swg.fits[1]
scw/0648/064800470010.001/swg.fits[1]
scw/0648/064800480010.001/swg.fits[1]
scw/0648/064800490010.001/swg.fits[1]
scw/0648/064800500010.001/swg.fits[1]
scw/0648/064800510010.001/swg.fits[1]
scw/0651/065100440010.001/swg.fits[1]
scw/0651/065100450010.001/swg.fits[1]
scw/0651/065100460010.001/swg.fits[1]
scw/0651/065100470010.001/swg.fits[1]
scw/0651/065100480010.001/swg.fits[1]
scw/0651/065100490010.001/swg.fits[1]
scw/0651/065100500010.001/swg.fits[1]
scw/0651/065100510010.001/swg.fits[1]
scw/0651/065100520010.001/swg.fits[1]
scw/0695/069500590010.001/swg.fits[1]
scw/0695/069500600010.001/swg.fits[1]
scw/0696/069600470010.001/swg.fits[1]
scw/0696/069600480010.001/swg.fits[1]
scw/0696/069600490010.001/swg.fits[1]
scw/0696/069600500010.001/swg.fits[1]
scw/0696/069600570010.001/swg.fits[1]
scw/0696/069600580010.001/swg.fits[1]
scw/0696/069600590010.001/swg.fits[1]
scw/0696/069600600010.001/swg.fits[1]
scw/0698/069800490010.001/swg.fits[1]
scw/0698/069800500010.001/swg.fits[1]
scw/0698/069800510010.001/swg.fits[1]
scw/0698/069800520010.001/swg.fits[1]
scw/0698/069800590010.001/swg.fits[1]
scw/0698/069800600010.001/swg.fits[1]
scw/0698/069800610010.001/swg.fits[1]
scw/0699/069900490010.001/swg.fits[1]
scw/0699/069900500010.001/swg.fits[1]
scw/0699/069900590010.001/swg.fits[1]
scw/0699/069900600010.001/swg.fits[1]
scw/0699/069900610010.001/swg.fits[1]
scw/0700/070000470010.001/swg.fits[1]
scw/0700/070000480010.001/swg.fits[1]
scw/0700/070000490010.001/swg.fits[1]
scw/0700/070000500010.001/swg.fits[1]
scw/0700/070000510010.001/swg.fits[1]
scw/0700/070000570010.001/swg.fits[1]
scw/0700/070000580010.001/swg.fits[1]
scw/0700/070000590010.001/swg.fits[1]
scw/0700/070000600010.001/swg.fits[1]
scw/0701/070100470010.001/swg.fits[1]
scw/0701/070100480010.001/swg.fits[1]
scw/0701/070100490010.001/swg.fits[1]
scw/0702/070200290010.001/swg.fits[1]
scw/0702/070200300010.001/swg.fits[1]
scw/0702/070200310010.001/swg.fits[1]
scw/0702/070200320010.001/swg.fits[1]
scw/0702/070200330010.001/swg.fits[1]
scw/0702/070200340010.001/swg.fits[1]
scw/0702/070200350010.001/swg.fits[1]
scw/0702/070200360010.001/swg.fits[1]
scw/0702/070200370010.001/swg.fits[1]
scw/0702/070200380010.001/swg.fits[1]
scw/0702/070200470010.001/swg.fits[1]
scw/0702/070200480010.001/swg.fits[1]
scw/0702/070200490010.001/swg.fits[1]
scw/0702/070200500010.001/swg.fits[1]
scw/0702/070200510010.001/swg.fits[1]
scw/0702/070200520010.001/swg.fits[1]
scw/0702/070200530010.001/swg.fits[1]
scw/0702/070200540010.001/swg.fits[1]
scw/0702/070200550010.001/swg.fits[1]
scw/0703/070300460010.001/swg.fits[1]
scw/0703/070300470010.001/swg.fits[1]
scw/0703/070300480010.001/swg.fits[1]
scw/0703/070300490010.001/swg.fits[1]
scw/0703/070300500010.001/swg.fits[1]
scw/0703/070300510010.001/swg.fits[1]
scw/0704/070400260010.001/swg.fits[1]
scw/0704/070400270010.001/swg.fits[1]
scw/0704/070400280010.001/swg.fits[1]
scw/0704/070400290010.001/swg.fits[1]
scw/0704/070400300010.001/swg.fits[1]
scw/0704/070400420010.001/swg.fits[1]
scw/0704/070400430010.001/swg.fits[1]
scw/0704/070400440010.001/swg.fits[1]
scw/0704/070400450010.001/swg.fits[1]
scw/0704/070400460010.001/swg.fits[1]
scw/0704/070400470010.001/swg.fits[1]
scw/0704/070400480010.001/swg.fits[1]
scw/0704/070400490010.001/swg.fits[1]
scw/0704/070400500010.001/swg.fits[1]
scw/0704/070400510010.001/swg.fits[1]
scw/0705/070500280010.001/swg.fits[1]
scw/0705/070500290010.001/swg.fits[1]
scw/0705/070500370010.001/swg.fits[1]
scw/0705/070500380010.001/swg.fits[1]
scw/0705/070500390010.001/swg.fits[1]
scw/0705/070500400010.001/swg.fits[1]
scw/0705/070500410010.001/swg.fits[1]
scw/0709/070900290010.001/swg.fits[1]
scw/0709/070900300010.001/swg.fits[1]
scw/0709/070900310010.001/swg.fits[1]
scw/0709/070900320010.001/swg.fits[1]
scw/0709/070900330010.001/swg.fits[1]
scw/0709/070900340010.001/swg.fits[1]
scw/0709/070900400010.001/swg.fits[1]
scw/0709/070900410010.001/swg.fits[1]
scw/0710/071000240010.001/swg.fits[1]
scw/0710/071000320010.001/swg.fits[1]
scw/0710/071000330010.001/swg.fits[1]
scw/0710/071000340010.001/swg.fits[1]
scw/0710/071000350010.001/swg.fits[1]
scw/0710/071000360010.001/swg.fits[1]
scw/0710/071000410010.001/swg.fits[1]
scw/0710/071000420010.001/swg.fits[1]
scw/0710/071000430010.001/swg.fits[1]
scw/0710/071000440010.001/swg.fits[1]
scw/0710/071000450010.001/swg.fits[1]
scw/0710/071000530010.001/swg.fits[1]
scw/0712/071200330010.001/swg.fits[1]
scw/0712/071200530010.001/swg.fits[1]
scw/0712/071200540010.001/swg.fits[1]
scw/0712/071200550010.001/swg.fits[1]
scw/0712/071200610010.001/swg.fits[1]
scw/0712/071200620010.001/swg.fits[1]
scw/0712/071200630010.001/swg.fits[1]
scw/0712/071200640010.001/swg.fits[1]
scw/0713/071300200010.001/swg.fits[1]
scw/0713/071300210010.001/swg.fits[1]
scw/0713/071300220010.001/swg.fits[1]
scw/0713/071300250010.001/swg.fits[1]
scw/0713/071300260010.001/swg.fits[1]
scw/0713/071300270010.001/swg.fits[1]
scw/0713/071300280010.001/swg.fits[1]
scw/0713/071300290010.001/swg.fits[1]
scw/0713/071300300010.001/swg.fits[1]
