scw/1152/115201020010.001/swg.fits[1]
scw/1152/115201030010.001/swg.fits[1]
scw/1152/115201040010.001/swg.fits[1]
scw/1152/115201050010.001/swg.fits[1]
scw/1153/115300040010.001/swg.fits[1]
scw/1153/115300050010.001/swg.fits[1]
scw/1153/115300060010.001/swg.fits[1]
scw/1153/115300070010.001/swg.fits[1]
scw/1154/115400800010.001/swg.fits[1]
scw/1154/115400810010.001/swg.fits[1]
scw/1154/115400820010.001/swg.fits[1]
scw/1154/115400840010.001/swg.fits[1]
scw/1155/115500020010.001/swg.fits[1]
scw/1155/115500030010.001/swg.fits[1]
scw/1155/115500040010.001/swg.fits[1]
scw/1155/115500050010.001/swg.fits[1]
scw/1155/115501150010.001/swg.fits[1]
scw/1155/115501160010.001/swg.fits[1]
scw/1157/115700210010.001/swg.fits[1]
scw/1157/115700220010.001/swg.fits[1]
scw/1157/115700230010.001/swg.fits[1]
scw/1157/115700240010.001/swg.fits[1]
scw/1157/115700580010.001/swg.fits[1]
scw/1157/115700590010.001/swg.fits[1]
scw/1157/115700600010.001/swg.fits[1]
scw/1157/115700610010.001/swg.fits[1]
scw/1157/115700950010.001/swg.fits[1]
scw/1157/115700970010.001/swg.fits[1]
scw/1157/115700980010.001/swg.fits[1]
scw/1157/115701000010.001/swg.fits[1]
scw/1158/115800040010.001/swg.fits[1]
scw/1161/116100060010.001/swg.fits[1]
scw/1194/119400020010.001/swg.fits[1]
scw/1194/119400030010.001/swg.fits[1]
scw/1194/119400040010.001/swg.fits[1]
scw/1194/119400730010.001/swg.fits[1]
scw/1194/119400740010.001/swg.fits[1]
scw/1194/119400750010.001/swg.fits[1]
scw/1194/119400760010.001/swg.fits[1]
scw/1195/119500040010.001/swg.fits[1]
scw/1195/119500050010.001/swg.fits[1]
scw/1195/119500060010.001/swg.fits[1]
scw/1195/119500070010.001/swg.fits[1]
scw/1196/119600040010.001/swg.fits[1]
scw/1196/119600050010.001/swg.fits[1]
scw/1196/119600060010.001/swg.fits[1]
scw/1196/119600070010.001/swg.fits[1]
scw/1196/119600680010.001/swg.fits[1]
scw/1196/119600690010.001/swg.fits[1]
scw/1196/119600700010.001/swg.fits[1]
scw/1196/119600710010.001/swg.fits[1]
scw/1198/119800220010.001/swg.fits[1]
scw/1198/119800230010.001/swg.fits[1]
scw/1198/119800240010.001/swg.fits[1]
scw/1198/119800250010.001/swg.fits[1]
scw/1198/119800260010.001/swg.fits[1]
scw/1199/119900160010.001/swg.fits[1]
scw/1199/119900170010.001/swg.fits[1]
scw/1199/119900180010.001/swg.fits[1]
scw/1199/119900190010.001/swg.fits[1]
scw/1199/119900200010.001/swg.fits[1]
scw/1199/119900270010.001/swg.fits[1]
scw/1199/119900280010.001/swg.fits[1]
scw/1199/119900290010.001/swg.fits[1]
scw/1199/119900300010.001/swg.fits[1]
scw/1200/120001050010.001/swg.fits[1]
scw/1200/120001060010.001/swg.fits[1]
scw/1200/120001100010.001/swg.fits[1]
scw/1200/120001110010.001/swg.fits[1]
scw/1201/120100120010.001/swg.fits[1]
scw/1201/120100130010.001/swg.fits[1]
scw/1201/120100140010.001/swg.fits[1]
scw/1201/120100150010.001/swg.fits[1]
scw/1201/120100160010.001/swg.fits[1]
scw/1201/120100230010.001/swg.fits[1]
scw/1201/120100240010.001/swg.fits[1]
scw/1201/120100250010.001/swg.fits[1]
scw/1202/120201080010.001/swg.fits[1]
scw/1202/120201090010.001/swg.fits[1]
scw/1202/120201100010.001/swg.fits[1]
scw/1203/120300830010.001/swg.fits[1]
scw/1203/120300840010.001/swg.fits[1]
scw/1203/120300850010.001/swg.fits[1]
scw/1203/120300860010.001/swg.fits[1]
scw/1203/120300870010.001/swg.fits[1]
scw/1203/120300880010.001/swg.fits[1]
scw/1203/120300890010.001/swg.fits[1]
scw/1203/120300960010.001/swg.fits[1]
scw/1204/120400150010.001/swg.fits[1]
scw/1205/120500030010.001/swg.fits[1]
scw/1205/120500040010.001/swg.fits[1]
scw/1205/120500050010.001/swg.fits[1]
scw/1205/120500060010.001/swg.fits[1]
scw/1205/120500070010.001/swg.fits[1]
scw/1205/120500080010.001/swg.fits[1]
scw/1205/120500090010.001/swg.fits[1]
scw/1205/120500160010.001/swg.fits[1]
scw/1206/120600120010.001/swg.fits[1]
scw/1206/120600130010.001/swg.fits[1]
scw/1207/120700030010.001/swg.fits[1]
scw/1207/120700040010.001/swg.fits[1]
scw/1207/120700050010.001/swg.fits[1]
scw/1207/120700060010.001/swg.fits[1]
scw/1207/120700070010.001/swg.fits[1]
scw/1207/120700080010.001/swg.fits[1]
scw/1207/120700090010.001/swg.fits[1]
scw/1207/120700100010.001/swg.fits[1]
scw/1207/120700140010.001/swg.fits[1]
scw/1207/120700150010.001/swg.fits[1]
scw/1207/120700160010.001/swg.fits[1]
scw/1207/120700170010.001/swg.fits[1]
scw/1208/120801120010.001/swg.fits[1]
scw/1208/120801130010.001/swg.fits[1]
scw/1208/120801140010.001/swg.fits[1]
scw/1208/120801150010.001/swg.fits[1]
scw/1209/120900660010.001/swg.fits[1]
scw/1209/120900670010.001/swg.fits[1]
scw/1209/120900680010.001/swg.fits[1]
scw/1210/121000060010.001/swg.fits[1]
scw/1210/121000070010.001/swg.fits[1]
scw/1210/121000080010.001/swg.fits[1]
scw/1211/121100020010.001/swg.fits[1]
scw/1211/121100030010.001/swg.fits[1]
scw/1211/121100360010.001/swg.fits[1]
scw/1211/121100370010.001/swg.fits[1]
scw/1211/121100380010.001/swg.fits[1]
scw/1211/121100720010.001/swg.fits[1]
scw/1211/121100730010.001/swg.fits[1]
scw/1211/121100740010.001/swg.fits[1]
scw/1211/121100750010.001/swg.fits[1]
scw/1211/121101080010.001/swg.fits[1]
scw/1211/121101090010.001/swg.fits[1]
scw/1212/121200120010.001/swg.fits[1]
scw/1212/121200130010.001/swg.fits[1]
scw/1212/121200140010.001/swg.fits[1]
scw/1212/121200150010.001/swg.fits[1]
scw/1212/121200160010.001/swg.fits[1]
scw/1212/121200170010.001/swg.fits[1]
scw/1212/121200180010.001/swg.fits[1]
scw/1212/121200250010.001/swg.fits[1]
scw/1212/121200420010.001/swg.fits[1]
scw/1213/121300040010.001/swg.fits[1]
scw/1213/121300050010.001/swg.fits[1]
scw/1213/121300060010.001/swg.fits[1]
scw/1213/121300070010.001/swg.fits[1]
scw/1213/121300080010.001/swg.fits[1]
scw/1213/121300090010.001/swg.fits[1]
scw/1213/121300100010.001/swg.fits[1]
scw/1213/121300110010.001/swg.fits[1]
scw/1213/121300120010.001/swg.fits[1]
scw/1213/121300160010.001/swg.fits[1]
scw/1213/121300170010.001/swg.fits[1]
scw/1213/121300180010.001/swg.fits[1]
scw/1213/121300190010.001/swg.fits[1]
scw/1213/121300380010.001/swg.fits[1]
scw/1213/121300390010.001/swg.fits[1]
scw/1213/121300400010.001/swg.fits[1]
scw/1213/121300410010.001/swg.fits[1]
scw/1213/121300420010.001/swg.fits[1]
scw/1213/121300440010.001/swg.fits[1]
scw/1213/121300450010.001/swg.fits[1]
scw/1213/121300460010.001/swg.fits[1]
scw/1213/121300470010.001/swg.fits[1]
scw/1213/121300480010.001/swg.fits[1]
scw/1213/121300490010.001/swg.fits[1]
scw/1213/121300500010.001/swg.fits[1]
scw/1213/121300510010.001/swg.fits[1]
scw/1213/121300520010.001/swg.fits[1]
scw/1213/121300530010.001/swg.fits[1]
scw/1213/121300540010.001/swg.fits[1]
scw/1213/121300550010.001/swg.fits[1]
scw/1213/121300560010.001/swg.fits[1]
scw/1213/121300570010.001/swg.fits[1]
scw/1213/121300580010.001/swg.fits[1]
scw/1213/121300590010.001/swg.fits[1]
scw/1213/121300600010.001/swg.fits[1]
scw/1213/121300610010.001/swg.fits[1]
scw/1213/121300620010.001/swg.fits[1]
scw/1213/121300630010.001/swg.fits[1]
scw/1213/121300650010.001/swg.fits[1]
scw/1213/121300660010.001/swg.fits[1]
scw/1213/121300670010.001/swg.fits[1]
scw/1213/121300680010.001/swg.fits[1]
scw/1214/121400040010.001/swg.fits[1]
scw/1214/121400050010.001/swg.fits[1]
scw/1214/121400210010.001/swg.fits[1]
scw/1214/121400220010.001/swg.fits[1]
scw/1214/121400230010.001/swg.fits[1]
scw/1214/121400240010.001/swg.fits[1]
scw/1214/121400250010.001/swg.fits[1]
scw/1214/121400260010.001/swg.fits[1]
scw/1214/121400270010.001/swg.fits[1]
scw/1214/121400290010.001/swg.fits[1]
scw/1214/121400300010.001/swg.fits[1]
scw/1214/121400310010.001/swg.fits[1]
scw/1214/121400320010.001/swg.fits[1]
scw/1214/121400330010.001/swg.fits[1]
scw/1214/121400340010.001/swg.fits[1]
scw/1214/121400350010.001/swg.fits[1]
scw/1214/121400360010.001/swg.fits[1]
scw/1215/121500040010.001/swg.fits[1]
scw/1215/121500050010.001/swg.fits[1]
scw/1215/121500070010.001/swg.fits[1]
scw/1215/121500090010.001/swg.fits[1]
scw/1215/121500100010.001/swg.fits[1]
scw/1215/121500110010.001/swg.fits[1]
scw/1215/121500120010.001/swg.fits[1]
scw/1215/121500130010.001/swg.fits[1]
scw/1215/121500140010.001/swg.fits[1]
scw/1215/121500180010.001/swg.fits[1]
scw/1215/121500190010.001/swg.fits[1]
scw/1215/121500200010.001/swg.fits[1]
scw/1215/121500390010.001/swg.fits[1]
scw/1215/121500400010.001/swg.fits[1]
scw/1215/121500410010.001/swg.fits[1]
scw/1215/121500420010.001/swg.fits[1]
scw/1215/121500430010.001/swg.fits[1]
scw/1215/121500470010.001/swg.fits[1]
scw/1215/121500480010.001/swg.fits[1]
scw/1215/121500490010.001/swg.fits[1]
scw/1215/121500500010.001/swg.fits[1]
scw/1215/121500510010.001/swg.fits[1]
scw/1215/121500520010.001/swg.fits[1]
scw/1215/121500530010.001/swg.fits[1]
scw/1215/121500540010.001/swg.fits[1]
scw/1215/121500550010.001/swg.fits[1]
scw/1215/121500560010.001/swg.fits[1]
scw/1215/121500570010.001/swg.fits[1]
scw/1215/121500580010.001/swg.fits[1]
scw/1215/121500590010.001/swg.fits[1]
scw/1215/121500600010.001/swg.fits[1]
scw/1215/121500610010.001/swg.fits[1]
scw/1215/121500620010.001/swg.fits[1]
scw/1215/121500630010.001/swg.fits[1]
scw/1215/121500630020.001/swg.fits[1]
scw/1216/121600050010.001/swg.fits[1]
scw/1216/121600090010.001/swg.fits[1]
scw/1216/121600100010.001/swg.fits[1]
scw/1216/121600110010.001/swg.fits[1]
scw/1216/121600120010.001/swg.fits[1]
scw/1216/121600130010.001/swg.fits[1]
scw/1216/121600310010.001/swg.fits[1]
scw/1216/121600320010.001/swg.fits[1]
scw/1216/121600330010.001/swg.fits[1]
scw/1216/121600340010.001/swg.fits[1]
scw/1216/121600380010.001/swg.fits[1]
scw/1216/121600390010.001/swg.fits[1]
