scw/1347/134700530010.001/swg.fits[1]
scw/1347/134700540010.001/swg.fits[1]
scw/1347/134700550010.001/swg.fits[1]
scw/1347/134700570010.001/swg.fits[1]
scw/1347/134700580010.001/swg.fits[1]
scw/1347/134700590010.001/swg.fits[1]
scw/1347/134700600010.001/swg.fits[1]
scw/1347/134700610010.001/swg.fits[1]
scw/1347/134700620010.001/swg.fits[1]
scw/1347/134700630010.001/swg.fits[1]
scw/1347/134700640010.001/swg.fits[1]
scw/1347/134700650010.001/swg.fits[1]
scw/1347/134700660010.001/swg.fits[1]
scw/1347/134700670010.001/swg.fits[1]
scw/1347/134700680010.001/swg.fits[1]
scw/1347/134700690010.001/swg.fits[1]
scw/1347/134700700010.001/swg.fits[1]
scw/1347/134700710010.001/swg.fits[1]
scw/1347/134700730010.001/swg.fits[1]
scw/1347/134700740010.001/swg.fits[1]
scw/1347/134700750010.001/swg.fits[1]
scw/1347/134700760010.001/swg.fits[1]
scw/1347/134700770010.001/swg.fits[1]
scw/1347/134700780010.001/swg.fits[1]
scw/1347/134700790010.001/swg.fits[1]
scw/1347/134700800010.001/swg.fits[1]
scw/1347/134700810010.001/swg.fits[1]
scw/1347/134700820010.001/swg.fits[1]
scw/1347/134700830010.001/swg.fits[1]
scw/1347/134700840010.001/swg.fits[1]
scw/1347/134700850010.001/swg.fits[1]
scw/1347/134700860010.001/swg.fits[1]
scw/1347/134700870010.001/swg.fits[1]
scw/1347/134700880010.001/swg.fits[1]
scw/1347/134700890010.001/swg.fits[1]
scw/1347/134700900010.001/swg.fits[1]
scw/1347/134700910010.001/swg.fits[1]
scw/1347/134700920010.001/swg.fits[1]
scw/1347/134700930010.001/swg.fits[1]
scw/1347/134700940010.001/swg.fits[1]
scw/1347/134700950010.001/swg.fits[1]
scw/1347/134700960010.001/swg.fits[1]
scw/1347/134700970010.001/swg.fits[1]
scw/1349/134900100010.001/swg.fits[1]
scw/1349/134900110010.001/swg.fits[1]
scw/1349/134900120010.001/swg.fits[1]
scw/1349/134900130010.001/swg.fits[1]
scw/1349/134900140010.001/swg.fits[1]
scw/1349/134900150010.001/swg.fits[1]
scw/1349/134900160010.001/swg.fits[1]
scw/1349/134900170010.001/swg.fits[1]
scw/1349/134900180010.001/swg.fits[1]
scw/1349/134900190010.001/swg.fits[1]
scw/1349/134900200010.001/swg.fits[1]
scw/1349/134900210010.001/swg.fits[1]
scw/1349/134900220010.001/swg.fits[1]
scw/1349/134900230010.001/swg.fits[1]
scw/1349/134900290010.001/swg.fits[1]
scw/1349/134900300010.001/swg.fits[1]
scw/1349/134900310010.001/swg.fits[1]
scw/1349/134900320010.001/swg.fits[1]
scw/1349/134900330010.001/swg.fits[1]
scw/1349/134900340010.001/swg.fits[1]
scw/1349/134900350010.001/swg.fits[1]
scw/1349/134900360010.001/swg.fits[1]
scw/1349/134900370010.001/swg.fits[1]
scw/1349/134900380010.001/swg.fits[1]
scw/1349/134900390010.001/swg.fits[1]
scw/1349/134900400010.001/swg.fits[1]
scw/1349/134900410010.001/swg.fits[1]
scw/1349/134900420010.001/swg.fits[1]
scw/1349/134900430010.001/swg.fits[1]
scw/1349/134900440010.001/swg.fits[1]
scw/1349/134900450010.001/swg.fits[1]
scw/1349/134900460010.001/swg.fits[1]
scw/1349/134900470010.001/swg.fits[1]
scw/1349/134900480010.001/swg.fits[1]
scw/1349/134900490010.001/swg.fits[1]
scw/1349/134900500010.001/swg.fits[1]
scw/1349/134900510010.001/swg.fits[1]
scw/1349/134900520010.001/swg.fits[1]
scw/1349/134900530010.001/swg.fits[1]
scw/1349/134900540010.001/swg.fits[1]
scw/1349/134900550010.001/swg.fits[1]
scw/1349/134900560010.001/swg.fits[1]
scw/1349/134900570010.001/swg.fits[1]
scw/1349/134900580010.001/swg.fits[1]
scw/1349/134900590010.001/swg.fits[1]
scw/1352/135200520010.001/swg.fits[1]
scw/1352/135200530010.001/swg.fits[1]
scw/1352/135200540010.001/swg.fits[1]
scw/1352/135200550010.001/swg.fits[1]
scw/1352/135200560010.001/swg.fits[1]
scw/1352/135200570010.001/swg.fits[1]
scw/1352/135200580010.001/swg.fits[1]
scw/1352/135200590010.001/swg.fits[1]
scw/1352/135200600010.001/swg.fits[1]
scw/1352/135200610010.001/swg.fits[1]
scw/1352/135200620010.001/swg.fits[1]
scw/1352/135200630010.001/swg.fits[1]
scw/1352/135200640010.001/swg.fits[1]
scw/1352/135200650010.001/swg.fits[1]
scw/1352/135200660010.001/swg.fits[1]
scw/1352/135200670010.001/swg.fits[1]
scw/1352/135200680010.001/swg.fits[1]
scw/1352/135200690010.001/swg.fits[1]
scw/1352/135200700010.001/swg.fits[1]
scw/1352/135200710010.001/swg.fits[1]
scw/1352/135200720010.001/swg.fits[1]
scw/1352/135200730010.001/swg.fits[1]
scw/1352/135200740010.001/swg.fits[1]
scw/1352/135200750010.001/swg.fits[1]
scw/1352/135200760010.001/swg.fits[1]
scw/1352/135200770010.001/swg.fits[1]
scw/1352/135200780010.001/swg.fits[1]
scw/1352/135200790010.001/swg.fits[1]
scw/1352/135200800010.001/swg.fits[1]
scw/1352/135200810010.001/swg.fits[1]
scw/1352/135200820010.001/swg.fits[1]
scw/1352/135200830010.001/swg.fits[1]
scw/1352/135200840010.001/swg.fits[1]
scw/1352/135200850010.001/swg.fits[1]
scw/1352/135200860010.001/swg.fits[1]
scw/1352/135200870010.001/swg.fits[1]
scw/1352/135200880010.001/swg.fits[1]
scw/1352/135200890010.001/swg.fits[1]
scw/1352/135200900010.001/swg.fits[1]
scw/1352/135200910010.001/swg.fits[1]
scw/1352/135200920010.001/swg.fits[1]
scw/1352/135200930010.001/swg.fits[1]
scw/1352/135200940010.001/swg.fits[1]
scw/1352/135200950010.001/swg.fits[1]
scw/1352/135200960010.001/swg.fits[1]
scw/1352/135200970010.001/swg.fits[1]
scw/1352/135200980010.001/swg.fits[1]
scw/1352/135200990010.001/swg.fits[1]
scw/1352/135201000010.001/swg.fits[1]
scw/1352/135201010010.001/swg.fits[1]
scw/1352/135201010020.001/swg.fits[1]
scw/1354/135400040010.001/swg.fits[1]
scw/1354/135400050010.001/swg.fits[1]
scw/1354/135400060010.001/swg.fits[1]
scw/1354/135400070010.001/swg.fits[1]
scw/1354/135400080010.001/swg.fits[1]
scw/1354/135400090010.001/swg.fits[1]
scw/1354/135400100010.001/swg.fits[1]
scw/1354/135400110010.001/swg.fits[1]
scw/1354/135400120010.001/swg.fits[1]
scw/1354/135400130010.001/swg.fits[1]
scw/1354/135400140010.001/swg.fits[1]
scw/1354/135400150010.001/swg.fits[1]
scw/1354/135400160010.001/swg.fits[1]
scw/1354/135400170010.001/swg.fits[1]
scw/1354/135400180010.001/swg.fits[1]
scw/1354/135400190010.001/swg.fits[1]
scw/1354/135400200010.001/swg.fits[1]
scw/1354/135400210010.001/swg.fits[1]
scw/1354/135400220010.001/swg.fits[1]
scw/1354/135400230010.001/swg.fits[1]
scw/1354/135400240010.001/swg.fits[1]
scw/1354/135400250010.001/swg.fits[1]
scw/1354/135400260010.001/swg.fits[1]
scw/1354/135400270010.001/swg.fits[1]
scw/1354/135400280010.001/swg.fits[1]
scw/1354/135400290010.001/swg.fits[1]
scw/1354/135400300010.001/swg.fits[1]
scw/1354/135400310010.001/swg.fits[1]
scw/1354/135400320010.001/swg.fits[1]
scw/1354/135400330010.001/swg.fits[1]
scw/1354/135400340010.001/swg.fits[1]
scw/1354/135400350010.001/swg.fits[1]
scw/1354/135400360010.001/swg.fits[1]
scw/1354/135400370010.001/swg.fits[1]
scw/1354/135400380010.001/swg.fits[1]
scw/1354/135400390010.001/swg.fits[1]
scw/1354/135400400010.001/swg.fits[1]
scw/1354/135400410010.001/swg.fits[1]
scw/1354/135400420010.001/swg.fits[1]
scw/1354/135400430010.001/swg.fits[1]
scw/1354/135400440010.001/swg.fits[1]
scw/1354/135400450010.001/swg.fits[1]
scw/1354/135400460010.001/swg.fits[1]
scw/1354/135400470010.001/swg.fits[1]
scw/1354/135400480010.001/swg.fits[1]
scw/1354/135400490010.001/swg.fits[1]
scw/1354/135400500010.001/swg.fits[1]
scw/1354/135400510010.001/swg.fits[1]
scw/1354/135400520010.001/swg.fits[1]
scw/1354/135400530010.001/swg.fits[1]
scw/1357/135700040010.001/swg.fits[1]
scw/1357/135700050010.001/swg.fits[1]
scw/1357/135700060010.001/swg.fits[1]
scw/1357/135700070010.001/swg.fits[1]
scw/1357/135700080010.001/swg.fits[1]
scw/1357/135700090010.001/swg.fits[1]
scw/1357/135700100010.001/swg.fits[1]
scw/1357/135700110010.001/swg.fits[1]
scw/1357/135700120010.001/swg.fits[1]
scw/1357/135700130010.001/swg.fits[1]
scw/1357/135700140010.001/swg.fits[1]
scw/1357/135700150010.001/swg.fits[1]
scw/1357/135700160010.001/swg.fits[1]
scw/1357/135700170010.001/swg.fits[1]
scw/1357/135700180010.001/swg.fits[1]
scw/1357/135700190010.001/swg.fits[1]
scw/1357/135700200010.001/swg.fits[1]
scw/1357/135700210010.001/swg.fits[1]
scw/1357/135700220010.001/swg.fits[1]
scw/1357/135700230010.001/swg.fits[1]
scw/1357/135700240010.001/swg.fits[1]
scw/1357/135700250010.001/swg.fits[1]
scw/1357/135700260010.001/swg.fits[1]
scw/1357/135700270010.001/swg.fits[1]
scw/1357/135700280010.001/swg.fits[1]
scw/1357/135700290010.001/swg.fits[1]
scw/1357/135700300010.001/swg.fits[1]
scw/1357/135700310010.001/swg.fits[1]
scw/1357/135700320010.001/swg.fits[1]
scw/1357/135700330010.001/swg.fits[1]
scw/1357/135700340010.001/swg.fits[1]
scw/1357/135700350010.001/swg.fits[1]
scw/1357/135700360010.001/swg.fits[1]
scw/1357/135700370010.001/swg.fits[1]
scw/1357/135700380010.001/swg.fits[1]
scw/1357/135700390010.001/swg.fits[1]
scw/1357/135700400010.001/swg.fits[1]
scw/1357/135700410010.001/swg.fits[1]
scw/1357/135700420010.001/swg.fits[1]
scw/1357/135700430010.001/swg.fits[1]
scw/1357/135700440010.001/swg.fits[1]
scw/1357/135700450010.001/swg.fits[1]
scw/1357/135700460010.001/swg.fits[1]
scw/1357/135700470010.001/swg.fits[1]
scw/1357/135700490010.001/swg.fits[1]
