scw/1101/110100270010.001/swg.fits[1]
scw/1101/110100280010.001/swg.fits[1]
scw/1102/110200320010.001/swg.fits[1]
scw/1102/110200330010.001/swg.fits[1]
scw/1102/110200340010.001/swg.fits[1]
scw/1102/110200350010.001/swg.fits[1]
scw/1102/110200360010.001/swg.fits[1]
scw/1102/110200370010.001/swg.fits[1]
scw/1103/110300220010.001/swg.fits[1]
scw/1103/110300230010.001/swg.fits[1]
scw/1103/110300240010.001/swg.fits[1]
scw/1103/110300260010.001/swg.fits[1]
scw/1103/110300270010.001/swg.fits[1]
scw/1103/110300280010.001/swg.fits[1]
scw/1103/110300290010.001/swg.fits[1]
scw/1104/110400190010.001/swg.fits[1]
scw/1104/110400200010.001/swg.fits[1]
scw/1104/110400210010.001/swg.fits[1]
scw/1104/110400690010.001/swg.fits[1]
scw/1105/110500020010.001/swg.fits[1]
scw/1105/110500470010.001/swg.fits[1]
scw/1106/110600380010.001/swg.fits[1]
scw/1107/110700200010.001/swg.fits[1]
scw/1107/110700210010.001/swg.fits[1]
scw/1107/110700250010.001/swg.fits[1]
scw/1107/110700260010.001/swg.fits[1]
scw/1107/110700270010.001/swg.fits[1]
scw/1108/110800120010.001/swg.fits[1]
scw/1108/110800130010.001/swg.fits[1]
scw/1108/110800140010.001/swg.fits[1]
scw/1108/110800180010.001/swg.fits[1]
scw/1108/110800210010.001/swg.fits[1]
scw/1109/110900080010.001/swg.fits[1]
scw/1109/110900090010.001/swg.fits[1]
scw/1109/110900100010.001/swg.fits[1]
scw/1109/110900510010.001/swg.fits[1]
scw/1109/110900520010.001/swg.fits[1]
scw/1109/110900580010.001/swg.fits[1]
scw/1109/110900590010.001/swg.fits[1]
scw/1110/111000380010.001/swg.fits[1]
scw/1110/111000450010.001/swg.fits[1]
scw/1110/111000460010.001/swg.fits[1]
scw/1111/111100220010.001/swg.fits[1]
scw/1111/111100230010.001/swg.fits[1]
scw/1112/111200150010.001/swg.fits[1]
scw/1112/111200160010.001/swg.fits[1]
scw/1112/111200170010.001/swg.fits[1]
scw/1112/111200250010.001/swg.fits[1]
scw/1114/111400280010.001/swg.fits[1]
scw/1114/111400290010.001/swg.fits[1]
scw/1114/111400300010.001/swg.fits[1]
scw/1114/111400380010.001/swg.fits[1]
scw/1115/111500470010.001/swg.fits[1]
scw/1115/111500480010.001/swg.fits[1]
scw/1115/111500490010.001/swg.fits[1]
scw/1156/115600600010.001/swg.fits[1]
scw/1156/115600600020.001/swg.fits[1]
scw/1156/115600600030.001/swg.fits[1]
scw/1156/115600610010.001/swg.fits[1]
scw/1225/122500570010.001/swg.fits[1]
scw/1226/122600680010.001/swg.fits[1]
scw/1226/122600770010.001/swg.fits[1]
scw/1226/122600780010.001/swg.fits[1]
scw/1228/122800770010.001/swg.fits[1]
scw/1229/122900560010.001/swg.fits[1]
scw/1229/122900570010.001/swg.fits[1]
scw/1230/123000690010.001/swg.fits[1]
scw/1231/123100450010.001/swg.fits[1]
scw/1231/123100460010.001/swg.fits[1]
scw/1233/123300190010.001/swg.fits[1]
scw/1233/123300270010.001/swg.fits[1]
scw/1233/123300280010.001/swg.fits[1]
scw/1233/123300290010.001/swg.fits[1]
scw/1233/123300380010.001/swg.fits[1]
scw/1234/123400200010.001/swg.fits[1]
scw/1234/123400210010.001/swg.fits[1]
scw/1234/123400220010.001/swg.fits[1]
scw/1234/123400300010.001/swg.fits[1]
scw/1238/123800440010.001/swg.fits[1]
scw/1238/123800450010.001/swg.fits[1]
scw/1239/123900450010.001/swg.fits[1]
scw/1239/123900460010.001/swg.fits[1]
scw/1239/123900470010.001/swg.fits[1]
scw/1241/124100220010.001/swg.fits[1]
scw/1241/124100230010.001/swg.fits[1]
scw/1241/124100240010.001/swg.fits[1]
scw/1241/124100250010.001/swg.fits[1]
scw/1244/124400770010.001/swg.fits[1]
scw/1244/124400780010.001/swg.fits[1]
scw/1244/124400790010.001/swg.fits[1]
scw/1244/124400800010.001/swg.fits[1]
scw/1254/125400120010.001/swg.fits[1]
scw/1254/125400190010.001/swg.fits[1]
scw/1254/125400200010.001/swg.fits[1]
scw/1254/125400210010.001/swg.fits[1]
scw/1347/134700990010.001/swg.fits[1]
scw/1349/134900630010.001/swg.fits[1]
scw/1349/134900720010.001/swg.fits[1]
scw/1349/134900730010.001/swg.fits[1]
scw/1350/135000010010.001/swg.fits[1]
scw/1350/135000020010.001/swg.fits[1]
scw/1350/135000030010.001/swg.fits[1]
scw/1350/135000040010.001/swg.fits[1]
scw/1350/135000050010.001/swg.fits[1]
scw/1350/135000060010.001/swg.fits[1]
scw/1350/135000070010.001/swg.fits[1]
scw/1350/135000720010.001/swg.fits[1]
scw/1350/135000810010.001/swg.fits[1]
scw/1350/135000820010.001/swg.fits[1]
scw/1351/135100280010.001/swg.fits[1]
scw/1351/135100370010.001/swg.fits[1]
scw/1351/135100380010.001/swg.fits[1]
scw/1353/135300980010.001/swg.fits[1]
scw/1354/135400990010.001/swg.fits[1]
scw/1354/135401000010.001/swg.fits[1]
scw/1356/135600840010.001/swg.fits[1]
scw/1356/135600920010.001/swg.fits[1]
scw/1356/135600930010.001/swg.fits[1]
scw/1356/135600940010.001/swg.fits[1]
scw/1356/135600950010.001/swg.fits[1]
scw/1357/135700600010.001/swg.fits[1]
scw/1358/135800080010.001/swg.fits[1]
scw/1358/135800090010.001/swg.fits[1]
scw/1358/135800100010.001/swg.fits[1]
scw/1358/135800180010.001/swg.fits[1]
scw/1358/135800580010.001/swg.fits[1]
scw/1358/135800590010.001/swg.fits[1]
scw/1359/135900770010.001/swg.fits[1]
scw/1359/135900780010.001/swg.fits[1]
scw/1359/135900790010.001/swg.fits[1]
scw/1359/135900870010.001/swg.fits[1]
scw/1360/136000370010.001/swg.fits[1]
scw/1360/136000450010.001/swg.fits[1]
scw/1360/136000460010.001/swg.fits[1]
scw/1360/136000470010.001/swg.fits[1]
scw/1360/136000480010.001/swg.fits[1]
scw/1360/136000560010.001/swg.fits[1]
scw/1361/136100110010.001/swg.fits[1]
scw/1361/136100120010.001/swg.fits[1]
scw/1361/136100130010.001/swg.fits[1]
scw/1361/136100210010.001/swg.fits[1]
scw/1361/136100610010.001/swg.fits[1]
scw/1361/136100620010.001/swg.fits[1]
scw/1362/136200240010.001/swg.fits[1]
scw/1362/136200250010.001/swg.fits[1]
scw/1362/136200260010.001/swg.fits[1]
scw/1363/136300330010.001/swg.fits[1]
scw/1363/136300340010.001/swg.fits[1]
scw/1363/136300350010.001/swg.fits[1]
scw/1363/136300360010.001/swg.fits[1]
scw/1363/136300840010.001/swg.fits[1]
scw/1363/136300850010.001/swg.fits[1]
scw/1363/136300860010.001/swg.fits[1]
scw/1363/136300870010.001/swg.fits[1]
scw/1380/138000060010.001/swg.fits[1]
scw/1380/138000070010.001/swg.fits[1]
scw/1380/138000080010.001/swg.fits[1]
scw/1380/138000090010.001/swg.fits[1]
scw/1380/138000470010.001/swg.fits[1]
scw/1380/138000480010.001/swg.fits[1]
scw/1380/138000490010.001/swg.fits[1]
scw/1380/138000500010.001/swg.fits[1]
scw/1380/138000510010.001/swg.fits[1]
scw/1380/138000570010.001/swg.fits[1]
scw/1380/138000580010.001/swg.fits[1]
scw/1380/138000590010.001/swg.fits[1]
scw/1381/138100040010.001/swg.fits[1]
scw/1381/138100050010.001/swg.fits[1]
scw/1381/138100060010.001/swg.fits[1]
scw/1381/138100070010.001/swg.fits[1]
scw/1381/138100450010.001/swg.fits[1]
scw/1381/138100460010.001/swg.fits[1]
scw/1381/138100470010.001/swg.fits[1]
scw/1381/138100480010.001/swg.fits[1]
scw/1381/138100490010.001/swg.fits[1]
scw/1381/138100550010.001/swg.fits[1]
scw/1381/138100560010.001/swg.fits[1]
scw/1381/138100570010.001/swg.fits[1]
scw/1382/138200320010.001/swg.fits[1]
scw/1382/138200330010.001/swg.fits[1]
scw/1382/138200340010.001/swg.fits[1]
scw/1382/138200410010.001/swg.fits[1]
scw/1382/138200420010.001/swg.fits[1]
scw/1382/138200430010.001/swg.fits[1]
scw/1383/138300320010.001/swg.fits[1]
scw/1383/138300720010.001/swg.fits[1]
scw/1383/138300730010.001/swg.fits[1]
scw/1383/138300740010.001/swg.fits[1]
scw/1384/138400080010.001/swg.fits[1]
scw/1384/138400480010.001/swg.fits[1]
scw/1384/138400490010.001/swg.fits[1]
scw/1385/138500080010.001/swg.fits[1]
scw/1385/138500480010.001/swg.fits[1]
scw/1385/138500490010.001/swg.fits[1]
scw/1385/138500580010.001/swg.fits[1]
scw/1388/138800060010.001/swg.fits[1]
scw/1388/138800070010.001/swg.fits[1]
scw/1388/138800460010.001/swg.fits[1]
scw/1388/138800470010.001/swg.fits[1]
scw/1388/138800560010.001/swg.fits[1]
scw/1389/138900350010.001/swg.fits[1]
scw/1389/138900360010.001/swg.fits[1]
scw/1389/138900450010.001/swg.fits[1]
scw/1390/139000410010.001/swg.fits[1]
scw/1390/139000420010.001/swg.fits[1]
scw/1391/139100200010.001/swg.fits[1]
scw/1391/139100290010.001/swg.fits[1]
scw/1391/139100300010.001/swg.fits[1]
scw/1391/139100390010.001/swg.fits[1]
scw/1392/139200100010.001/swg.fits[1]
scw/1393/139300080010.001/swg.fits[1]
