scw/0539/053900150010.001/swg.fits[1]
scw/0539/053900160010.001/swg.fits[1]
scw/0539/053900170010.001/swg.fits[1]
scw/0539/053900300010.001/swg.fits[1]
scw/0539/053900310010.001/swg.fits[1]
scw/0539/053900320010.001/swg.fits[1]
scw/0539/053900330010.001/swg.fits[1]
scw/0539/053900400010.001/swg.fits[1]
scw/0539/053900410010.001/swg.fits[1]
scw/0539/053900420010.001/swg.fits[1]
scw/0539/053900700010.001/swg.fits[1]
scw/0539/053900710010.001/swg.fits[1]
scw/0539/053900720010.001/swg.fits[1]
scw/0539/053900730010.001/swg.fits[1]
scw/0539/053900740010.001/swg.fits[1]
scw/0539/053900750010.001/swg.fits[1]
scw/0539/053900760010.001/swg.fits[1]
scw/0540/054000060010.001/swg.fits[1]
scw/0540/054000070010.001/swg.fits[1]
scw/0540/054000080010.001/swg.fits[1]
scw/0540/054000740010.001/swg.fits[1]
scw/0540/054000750010.001/swg.fits[1]
scw/0540/054000760010.001/swg.fits[1]
scw/0540/054000850010.001/swg.fits[1]
scw/0542/054200070010.001/swg.fits[1]
scw/0542/054200220010.001/swg.fits[1]
scw/0542/054200230010.001/swg.fits[1]
scw/0542/054200240010.001/swg.fits[1]
scw/0542/054200250010.001/swg.fits[1]
scw/0542/054200300010.001/swg.fits[1]
scw/0542/054200310010.001/swg.fits[1]
scw/0542/054200320010.001/swg.fits[1]
scw/0542/054200330010.001/swg.fits[1]
scw/0542/054200340010.001/swg.fits[1]
scw/0542/054200350010.001/swg.fits[1]
scw/0542/054200360010.001/swg.fits[1]
scw/0542/054200370010.001/swg.fits[1]
scw/0542/054200380010.001/swg.fits[1]
scw/0542/054200590010.001/swg.fits[1]
scw/0542/054200600010.001/swg.fits[1]
scw/0542/054200610010.001/swg.fits[1]
scw/0542/054200620010.001/swg.fits[1]
scw/0542/054200690010.001/swg.fits[1]
scw/0542/054200700010.001/swg.fits[1]
scw/0542/054200710010.001/swg.fits[1]
scw/0543/054300060010.001/swg.fits[1]
scw/0543/054300070010.001/swg.fits[1]
scw/0543/054300080010.001/swg.fits[1]
scw/0544/054400010010.001/swg.fits[1]
scw/0544/054400050010.001/swg.fits[1]
scw/0544/054400060010.001/swg.fits[1]
scw/0544/054400070010.001/swg.fits[1]
scw/0545/054500010010.001/swg.fits[1]
scw/0545/054500050010.001/swg.fits[1]
scw/0545/054500060010.001/swg.fits[1]
scw/0545/054500070010.001/swg.fits[1]
scw/0545/054500300010.001/swg.fits[1]
scw/0545/054500310010.001/swg.fits[1]
scw/0545/054500320010.001/swg.fits[1]
scw/0545/054500330010.001/swg.fits[1]
scw/0545/054500340010.001/swg.fits[1]
scw/0545/054500350010.001/swg.fits[1]
scw/0545/054500360010.001/swg.fits[1]
scw/0545/054500420010.001/swg.fits[1]
scw/0545/054500430010.001/swg.fits[1]
scw/0545/054500640010.001/swg.fits[1]
scw/0545/054500650010.001/swg.fits[1]
scw/0546/054600070010.001/swg.fits[1]
scw/0546/054600090010.001/swg.fits[1]
scw/0546/054600100010.001/swg.fits[1]
scw/0546/054600110010.001/swg.fits[1]
scw/0546/054600120010.001/swg.fits[1]
scw/0546/054600130010.001/swg.fits[1]
scw/0546/054600160010.001/swg.fits[1]
scw/0546/054600170010.001/swg.fits[1]
scw/0546/054600180010.001/swg.fits[1]
scw/0546/054600190010.001/swg.fits[1]
scw/0546/054600200010.001/swg.fits[1]
scw/0546/054600210010.001/swg.fits[1]
scw/0546/054600220010.001/swg.fits[1]
scw/0546/054600280010.001/swg.fits[1]
scw/0546/054600290010.001/swg.fits[1]
scw/0546/054600450010.001/swg.fits[1]
scw/0546/054600460010.001/swg.fits[1]
scw/0546/054600470010.001/swg.fits[1]
scw/0546/054600740010.001/swg.fits[1]
scw/0546/054600750010.001/swg.fits[1]
scw/0546/054600760010.001/swg.fits[1]
scw/0549/054900070010.001/swg.fits[1]
scw/0550/055000080010.001/swg.fits[1]
scw/0550/055000090010.001/swg.fits[1]
scw/0550/055000100010.001/swg.fits[1]
scw/0551/055100080010.001/swg.fits[1]
scw/0551/055100090010.001/swg.fits[1]
scw/0551/055100100010.001/swg.fits[1]
scw/0552/055200040010.001/swg.fits[1]
scw/0552/055200080010.001/swg.fits[1]
scw/0552/055200090010.001/swg.fits[1]
scw/0552/055200100010.001/swg.fits[1]
scw/0552/055200120010.001/swg.fits[1]
scw/0552/055200130010.001/swg.fits[1]
scw/0552/055200140010.001/swg.fits[1]
scw/0552/055200160010.001/swg.fits[1]
scw/0552/055200170010.001/swg.fits[1]
scw/0552/055200180010.001/swg.fits[1]
scw/0552/055200190010.001/swg.fits[1]
scw/0552/055200200010.001/swg.fits[1]
scw/0552/055200210010.001/swg.fits[1]
scw/0552/055200220010.001/swg.fits[1]
scw/0552/055200230010.001/swg.fits[1]
scw/0552/055200240010.001/swg.fits[1]
scw/0552/055200250010.001/swg.fits[1]
scw/0592/059200050010.001/swg.fits[1]
scw/0592/059200060010.001/swg.fits[1]
scw/0592/059200070010.001/swg.fits[1]
scw/0593/059300030010.001/swg.fits[1]
scw/0593/059300040010.001/swg.fits[1]
scw/0593/059300050010.001/swg.fits[1]
scw/0594/059400030010.001/swg.fits[1]
scw/0594/059400040010.001/swg.fits[1]
scw/0594/059400050010.001/swg.fits[1]
scw/0594/059400190010.001/swg.fits[1]
scw/0594/059400200010.001/swg.fits[1]
scw/0594/059400210010.001/swg.fits[1]
scw/0594/059400270010.001/swg.fits[1]
scw/0594/059400280010.001/swg.fits[1]
scw/0594/059400290010.001/swg.fits[1]
scw/0594/059400300010.001/swg.fits[1]
scw/0594/059400310010.001/swg.fits[1]
scw/0594/059400320010.001/swg.fits[1]
scw/0594/059400330010.001/swg.fits[1]
scw/0594/059400350010.001/swg.fits[1]
scw/0594/059400400010.001/swg.fits[1]
scw/0594/059400410010.001/swg.fits[1]
scw/0594/059400420010.001/swg.fits[1]
scw/0594/059400430010.001/swg.fits[1]
scw/0594/059400440010.001/swg.fits[1]
scw/0594/059400450010.001/swg.fits[1]
scw/0594/059400510010.001/swg.fits[1]
scw/0594/059400520010.001/swg.fits[1]
scw/0594/059400530010.001/swg.fits[1]
scw/0595/059500030010.001/swg.fits[1]
scw/0595/059500040010.001/swg.fits[1]
scw/0595/059500050010.001/swg.fits[1]
scw/0595/059500170010.001/swg.fits[1]
scw/0595/059500180010.001/swg.fits[1]
scw/0595/059500190010.001/swg.fits[1]
scw/0595/059500250010.001/swg.fits[1]
scw/0595/059500260010.001/swg.fits[1]
scw/0595/059500270010.001/swg.fits[1]
scw/0595/059500280010.001/swg.fits[1]
scw/0595/059500290010.001/swg.fits[1]
scw/0595/059500300010.001/swg.fits[1]
scw/0595/059500310010.001/swg.fits[1]
scw/0595/059500330010.001/swg.fits[1]
scw/0595/059500340010.001/swg.fits[1]
scw/0595/059500350010.001/swg.fits[1]
scw/0595/059500360010.001/swg.fits[1]
scw/0595/059500370010.001/swg.fits[1]
scw/0595/059500380010.001/swg.fits[1]
scw/0595/059500390010.001/swg.fits[1]
scw/0595/059500450010.001/swg.fits[1]
scw/0595/059500460010.001/swg.fits[1]
scw/0595/059500470010.001/swg.fits[1]
scw/0595/059500650010.001/swg.fits[1]
scw/0596/059600030010.001/swg.fits[1]
scw/0596/059600040010.001/swg.fits[1]
scw/0596/059600050010.001/swg.fits[1]
scw/0596/059600100010.001/swg.fits[1]
scw/0596/059600110010.001/swg.fits[1]
scw/0596/059600170010.001/swg.fits[1]
scw/0596/059600180010.001/swg.fits[1]
scw/0596/059600190010.001/swg.fits[1]
scw/0596/059600200010.001/swg.fits[1]
scw/0596/059600210010.001/swg.fits[1]
scw/0596/059600220010.001/swg.fits[1]
scw/0596/059600230010.001/swg.fits[1]
scw/0596/059600250010.001/swg.fits[1]
scw/0596/059600260010.001/swg.fits[1]
scw/0596/059600270010.001/swg.fits[1]
scw/0596/059600280010.001/swg.fits[1]
scw/0596/059600290010.001/swg.fits[1]
scw/0596/059600300010.001/swg.fits[1]
scw/0596/059600370010.001/swg.fits[1]
scw/0596/059600380010.001/swg.fits[1]
scw/0596/059600580010.001/swg.fits[1]
scw/0596/059600590010.001/swg.fits[1]
scw/0596/059600630010.001/swg.fits[1]
scw/0596/059600640010.001/swg.fits[1]
scw/0596/059600650010.001/swg.fits[1]
scw/0599/059900110010.001/swg.fits[1]
scw/0599/059900120010.001/swg.fits[1]
scw/0599/059900130010.001/swg.fits[1]
scw/0599/059900200010.001/swg.fits[1]
scw/0599/059900210010.001/swg.fits[1]
scw/0599/059900220010.001/swg.fits[1]
scw/0599/059900230010.001/swg.fits[1]
scw/0599/059900240010.001/swg.fits[1]
scw/0599/059900250010.001/swg.fits[1]
scw/0599/059900260010.001/swg.fits[1]
scw/0599/059900280010.001/swg.fits[1]
scw/0599/059900290010.001/swg.fits[1]
scw/0599/059900300010.001/swg.fits[1]
scw/0599/059900310010.001/swg.fits[1]
scw/0599/059900320010.001/swg.fits[1]
scw/0599/059900330010.001/swg.fits[1]
scw/0599/059900340010.001/swg.fits[1]
scw/0599/059900400010.001/swg.fits[1]
scw/0599/059900410010.001/swg.fits[1]
scw/0599/059900610010.001/swg.fits[1]
scw/0599/059900620010.001/swg.fits[1]
scw/0600/060000020010.001/swg.fits[1]
scw/0600/060000030010.001/swg.fits[1]
scw/0600/060000040010.001/swg.fits[1]
scw/0600/060000100010.001/swg.fits[1]
scw/0600/060000110010.001/swg.fits[1]
scw/0600/060000120010.001/swg.fits[1]
scw/0600/060000130010.001/swg.fits[1]
scw/0600/060000140010.001/swg.fits[1]
scw/0600/060000150010.001/swg.fits[1]
scw/0600/060000160010.001/swg.fits[1]
scw/0600/060000190010.001/swg.fits[1]
scw/0600/060000200010.001/swg.fits[1]
scw/0600/060000210010.001/swg.fits[1]
scw/0600/060000220010.001/swg.fits[1]
scw/0600/060000230010.001/swg.fits[1]
scw/0600/060000240010.001/swg.fits[1]
scw/0600/060000300010.001/swg.fits[1]
scw/0600/060000310010.001/swg.fits[1]
scw/0600/060000510010.001/swg.fits[1]
scw/0600/060000520010.001/swg.fits[1]
scw/0600/060000580010.001/swg.fits[1]
scw/0600/060000590010.001/swg.fits[1]
scw/0600/060000600010.001/swg.fits[1]
scw/0600/060000610010.001/swg.fits[1]
scw/0600/060000620010.001/swg.fits[1]
scw/0601/060100030010.001/swg.fits[1]
scw/0601/060100050010.001/swg.fits[1]
scw/0601/060100180010.001/swg.fits[1]
scw/0601/060100190010.001/swg.fits[1]
scw/0601/060100210010.001/swg.fits[1]
scw/0601/060100220010.001/swg.fits[1]
scw/0601/060100230010.001/swg.fits[1]
scw/0601/060100240010.001/swg.fits[1]
scw/0601/060100250010.001/swg.fits[1]
scw/0601/060100260010.001/swg.fits[1]
scw/0601/060100270010.001/swg.fits[1]
