scw/0283/028300190010.001/swg.fits[1]
scw/0283/028300200010.001/swg.fits[1]
scw/0283/028300240010.001/swg.fits[1]
scw/0283/028300250010.001/swg.fits[1]
scw/0283/028300260010.001/swg.fits[1]
scw/0283/028300270010.001/swg.fits[1]
scw/0283/028300280010.001/swg.fits[1]
scw/0283/028300290010.001/swg.fits[1]
scw/0283/028300300010.001/swg.fits[1]
scw/0283/028300340010.001/swg.fits[1]
scw/0283/028300350010.001/swg.fits[1]
scw/0283/028300360010.001/swg.fits[1]
scw/0283/028300370010.001/swg.fits[1]
scw/0283/028300380010.001/swg.fits[1]
scw/0283/028300640010.001/swg.fits[1]
scw/0284/028400520010.001/swg.fits[1]
scw/0284/028400530010.001/swg.fits[1]
scw/0284/028400540010.001/swg.fits[1]
scw/0284/028400550010.001/swg.fits[1]
scw/0284/028400560010.001/swg.fits[1]
scw/0284/028400570010.001/swg.fits[1]
scw/0284/028400580010.001/swg.fits[1]
scw/0284/028400620010.001/swg.fits[1]
scw/0284/028400630010.001/swg.fits[1]
scw/0285/028500120010.001/swg.fits[1]
scw/0285/028500130010.001/swg.fits[1]
scw/0285/028500140010.001/swg.fits[1]
scw/0285/028500400010.001/swg.fits[1]
scw/0285/028500410010.001/swg.fits[1]
scw/0285/028500420010.001/swg.fits[1]
scw/0285/028500430010.001/swg.fits[1]
scw/0285/028500440010.001/swg.fits[1]
scw/0285/028500480010.001/swg.fits[1]
scw/0285/028500490010.001/swg.fits[1]
scw/0285/028500500010.001/swg.fits[1]
scw/0285/028500510010.001/swg.fits[1]
scw/0285/028500520010.001/swg.fits[1]
scw/0285/028500530010.001/swg.fits[1]
scw/0285/028500540010.001/swg.fits[1]
scw/0285/028500580010.001/swg.fits[1]
scw/0285/028500590010.001/swg.fits[1]
scw/0285/028500600010.001/swg.fits[1]
scw/0285/028500610010.001/swg.fits[1]
scw/0285/028500620010.001/swg.fits[1]
scw/0287/028700440010.001/swg.fits[1]
scw/0287/028700450010.001/swg.fits[1]
scw/0287/028700460010.001/swg.fits[1]
scw/0287/028700470010.001/swg.fits[1]
scw/0287/028700480010.001/swg.fits[1]
scw/0287/028700520010.001/swg.fits[1]
scw/0287/028700530010.001/swg.fits[1]
scw/0287/028700540010.001/swg.fits[1]
scw/0287/028700550010.001/swg.fits[1]
scw/0287/028700560010.001/swg.fits[1]
scw/0287/028700570010.001/swg.fits[1]
scw/0287/028700580010.001/swg.fits[1]
scw/0287/028700620010.001/swg.fits[1]
scw/0287/028700630010.001/swg.fits[1]
scw/0287/028700640010.001/swg.fits[1]
scw/0287/028700650010.001/swg.fits[1]
scw/0287/028700660010.001/swg.fits[1]
scw/0288/028800430010.001/swg.fits[1]
scw/0288/028800440010.001/swg.fits[1]
scw/0288/028800450010.001/swg.fits[1]
scw/0288/028800460010.001/swg.fits[1]
scw/0288/028800470010.001/swg.fits[1]
scw/0288/028800510010.001/swg.fits[1]
scw/0288/028800520010.001/swg.fits[1]
scw/0288/028800530010.001/swg.fits[1]
scw/0288/028800540010.001/swg.fits[1]
scw/0288/028800550010.001/swg.fits[1]
scw/0288/028800560010.001/swg.fits[1]
scw/0288/028800570010.001/swg.fits[1]
scw/0288/028800610010.001/swg.fits[1]
scw/0288/028800630010.001/swg.fits[1]
scw/0290/029000630010.001/swg.fits[1]
scw/0290/029000640010.001/swg.fits[1]
scw/0290/029000650010.001/swg.fits[1]
scw/0291/029100300010.001/swg.fits[1]
scw/0291/029100460010.001/swg.fits[1]
scw/0291/029100600010.001/swg.fits[1]
scw/0291/029100610010.001/swg.fits[1]
scw/0291/029100620010.001/swg.fits[1]
scw/0292/029200480010.001/swg.fits[1]
scw/0292/029200490010.001/swg.fits[1]
scw/0292/029200500010.001/swg.fits[1]
scw/0292/029200510010.001/swg.fits[1]
scw/0292/029200520010.001/swg.fits[1]
scw/0292/029200560010.001/swg.fits[1]
scw/0292/029200570010.001/swg.fits[1]
scw/0292/029200580010.001/swg.fits[1]
scw/0292/029200590010.001/swg.fits[1]
scw/0292/029200600010.001/swg.fits[1]
scw/0292/029200610010.001/swg.fits[1]
scw/0292/029200620010.001/swg.fits[1]
scw/0292/029200660010.001/swg.fits[1]
scw/0292/029200670010.001/swg.fits[1]
scw/0292/029200680010.001/swg.fits[1]
scw/0292/029200690010.001/swg.fits[1]
scw/0292/029200700010.001/swg.fits[1]
scw/0293/029300120010.001/swg.fits[1]
scw/0293/029300380010.001/swg.fits[1]
scw/0293/029300390010.001/swg.fits[1]
scw/0293/029300400010.001/swg.fits[1]
scw/0293/029300410010.001/swg.fits[1]
scw/0293/029300420010.001/swg.fits[1]
scw/0293/029300460010.001/swg.fits[1]
scw/0293/029300470010.001/swg.fits[1]
scw/0293/029300480010.001/swg.fits[1]
scw/0293/029300490010.001/swg.fits[1]
scw/0293/029300500010.001/swg.fits[1]
scw/0293/029300510010.001/swg.fits[1]
scw/0293/029300520010.001/swg.fits[1]
scw/0293/029300560010.001/swg.fits[1]
scw/0293/029300570010.001/swg.fits[1]
scw/0293/029300580010.001/swg.fits[1]
scw/0293/029300590010.001/swg.fits[1]
scw/0293/029300600010.001/swg.fits[1]
scw/0301/030100520010.001/swg.fits[1]
scw/0301/030100530010.001/swg.fits[1]
scw/0301/030100600010.001/swg.fits[1]
scw/0301/030100610010.001/swg.fits[1]
scw/0301/030100680010.001/swg.fits[1]
scw/0301/030100690010.001/swg.fits[1]
scw/0301/030100700010.001/swg.fits[1]
scw/0301/030100710010.001/swg.fits[1]
scw/0301/030100780010.001/swg.fits[1]
scw/0301/030100790010.001/swg.fits[1]
scw/0301/030100800010.001/swg.fits[1]
scw/0301/030100810010.001/swg.fits[1]
scw/0301/030100880010.001/swg.fits[1]
scw/0301/030100890010.001/swg.fits[1]
scw/0301/030100900010.001/swg.fits[1]
scw/0302/030200310010.001/swg.fits[1]
scw/0302/030200400010.001/swg.fits[1]
scw/0302/030200410010.001/swg.fits[1]
scw/0302/030200420010.001/swg.fits[1]
scw/0302/030200490010.001/swg.fits[1]
scw/0302/030200500010.001/swg.fits[1]
scw/0302/030200510010.001/swg.fits[1]
scw/0302/030200520010.001/swg.fits[1]
scw/0302/030200590010.001/swg.fits[1]
scw/0302/030200600010.001/swg.fits[1]
scw/0302/030200610010.001/swg.fits[1]
scw/0302/030200620010.001/swg.fits[1]
scw/0302/030200690010.001/swg.fits[1]
scw/0302/030200700010.001/swg.fits[1]
scw/0302/030200710010.001/swg.fits[1]
scw/0302/030200720010.001/swg.fits[1]
scw/0302/030200780010.001/swg.fits[1]
scw/0302/030200790010.001/swg.fits[1]
scw/0302/030200800010.001/swg.fits[1]
scw/0302/030200810010.001/swg.fits[1]
scw/0302/030200820010.001/swg.fits[1]
scw/0302/030200830010.001/swg.fits[1]
scw/0302/030200880010.001/swg.fits[1]
scw/0302/030200890010.001/swg.fits[1]
scw/0302/030200900010.001/swg.fits[1]
scw/0302/030200910010.001/swg.fits[1]
scw/0302/030200920010.001/swg.fits[1]
scw/0302/030200990010.001/swg.fits[1]
scw/0302/030201000010.001/swg.fits[1]
scw/0302/030201010010.001/swg.fits[1]
scw/0302/030201020010.001/swg.fits[1]
scw/0303/030300330010.001/swg.fits[1]
scw/0303/030300540010.001/swg.fits[1]
scw/0303/030300620010.001/swg.fits[1]
scw/0303/030300630010.001/swg.fits[1]
scw/0303/030300640010.001/swg.fits[1]
scw/0303/030300650010.001/swg.fits[1]
scw/0303/030300710010.001/swg.fits[1]
scw/0303/030300720010.001/swg.fits[1]
scw/0303/030300730010.001/swg.fits[1]
scw/0303/030300740010.001/swg.fits[1]
scw/0303/030300750010.001/swg.fits[1]
scw/0303/030300760010.001/swg.fits[1]
scw/0303/030300810010.001/swg.fits[1]
scw/0303/030300820010.001/swg.fits[1]
scw/0303/030300830010.001/swg.fits[1]
scw/0303/030300840010.001/swg.fits[1]
scw/0303/030300850010.001/swg.fits[1]
scw/0303/030300860010.001/swg.fits[1]
scw/0303/030300920010.001/swg.fits[1]
scw/0303/030300930010.001/swg.fits[1]
scw/0347/034700130010.001/swg.fits[1]
scw/0347/034700140010.001/swg.fits[1]
scw/0347/034700340010.001/swg.fits[1]
scw/0347/034700350010.001/swg.fits[1]
scw/0347/034700360010.001/swg.fits[1]
scw/0347/034700370010.001/swg.fits[1]
scw/0347/034700430010.001/swg.fits[1]
scw/0347/034700440010.001/swg.fits[1]
scw/0347/034700450010.001/swg.fits[1]
scw/0347/034700460010.001/swg.fits[1]
scw/0347/034700470010.001/swg.fits[1]
scw/0347/034700480010.001/swg.fits[1]
scw/0347/034700530010.001/swg.fits[1]
scw/0347/034700540010.001/swg.fits[1]
scw/0347/034700550010.001/swg.fits[1]
scw/0347/034700560010.001/swg.fits[1]
scw/0347/034700570010.001/swg.fits[1]
scw/0347/034700650010.001/swg.fits[1]
scw/0350/035000120010.001/swg.fits[1]
scw/0350/035000130010.001/swg.fits[1]
scw/0350/035000140010.001/swg.fits[1]
scw/0350/035000220010.001/swg.fits[1]
scw/0350/035000230010.001/swg.fits[1]
scw/0350/035000240010.001/swg.fits[1]
scw/0350/035000250010.001/swg.fits[1]
scw/0350/035000300010.001/swg.fits[1]
scw/0350/035000310010.001/swg.fits[1]
scw/0350/035000320010.001/swg.fits[1]
scw/0350/035000330010.001/swg.fits[1]
scw/0350/035000340010.001/swg.fits[1]
scw/0350/035000500010.001/swg.fits[1]
scw/0350/035000590010.001/swg.fits[1]
scw/0350/035000600010.001/swg.fits[1]
scw/0350/035000610010.001/swg.fits[1]
scw/0350/035000680010.001/swg.fits[1]
scw/0350/035000690010.001/swg.fits[1]
scw/0350/035000700010.001/swg.fits[1]
scw/0350/035000710010.001/swg.fits[1]
scw/0350/035000780010.001/swg.fits[1]
scw/0350/035000790010.001/swg.fits[1]
scw/0350/035000800010.001/swg.fits[1]
scw/0350/035000810010.001/swg.fits[1]
scw/0350/035000880010.001/swg.fits[1]
scw/0350/035000890010.001/swg.fits[1]
scw/0350/035000900010.001/swg.fits[1]
scw/0350/035000910010.001/swg.fits[1]
scw/0351/035100330010.001/swg.fits[1]
scw/0351/035100340010.001/swg.fits[1]
scw/0351/035100350010.001/swg.fits[1]
scw/0351/035100360010.001/swg.fits[1]
scw/0351/035100430010.001/swg.fits[1]
scw/0351/035100440010.001/swg.fits[1]
scw/0351/035100450010.001/swg.fits[1]
scw/0351/035100460010.001/swg.fits[1]
scw/0351/035100530010.001/swg.fits[1]
scw/0351/035100540010.001/swg.fits[1]
scw/0351/035100550010.001/swg.fits[1]
scw/0351/035100560010.001/swg.fits[1]
scw/0351/035100940010.001/swg.fits[1]
scw/0351/035100950010.001/swg.fits[1]
scw/0353/035300130010.001/swg.fits[1]
scw/0353/035300140010.001/swg.fits[1]
scw/0353/035300330010.001/swg.fits[1]
scw/0353/035300340010.001/swg.fits[1]
scw/0353/035300350010.001/swg.fits[1]
