scw/1357/135700500010.001/swg.fits[1]
scw/1357/135700510010.001/swg.fits[1]
scw/1357/135700520010.001/swg.fits[1]
scw/1357/135700530010.001/swg.fits[1]
scw/1359/135900020010.001/swg.fits[1]
scw/1359/135900030010.001/swg.fits[1]
scw/1359/135900040010.001/swg.fits[1]
scw/1359/135900050010.001/swg.fits[1]
scw/1359/135900060010.001/swg.fits[1]
scw/1359/135900070010.001/swg.fits[1]
scw/1359/135900080010.001/swg.fits[1]
scw/1359/135900090010.001/swg.fits[1]
scw/1359/135900100010.001/swg.fits[1]
scw/1359/135900110010.001/swg.fits[1]
scw/1359/135900120010.001/swg.fits[1]
scw/1359/135900130010.001/swg.fits[1]
scw/1359/135900140010.001/swg.fits[1]
scw/1359/135900150010.001/swg.fits[1]
scw/1359/135900160010.001/swg.fits[1]
scw/1359/135900170010.001/swg.fits[1]
scw/1359/135900180010.001/swg.fits[1]
scw/1359/135900190010.001/swg.fits[1]
scw/1359/135900200010.001/swg.fits[1]
scw/1359/135900210010.001/swg.fits[1]
scw/1359/135900220010.001/swg.fits[1]
scw/1359/135900230010.001/swg.fits[1]
scw/1359/135900240010.001/swg.fits[1]
scw/1359/135900250010.001/swg.fits[1]
scw/1359/135900260010.001/swg.fits[1]
scw/1359/135900270010.001/swg.fits[1]
scw/1359/135900280010.001/swg.fits[1]
scw/1359/135900290010.001/swg.fits[1]
scw/1359/135900300010.001/swg.fits[1]
scw/1359/135900310010.001/swg.fits[1]
scw/1359/135900320010.001/swg.fits[1]
scw/1359/135900330010.001/swg.fits[1]
scw/1359/135900340010.001/swg.fits[1]
scw/1359/135900350010.001/swg.fits[1]
scw/1359/135900360010.001/swg.fits[1]
scw/1359/135900370010.001/swg.fits[1]
scw/1359/135900380010.001/swg.fits[1]
scw/1359/135900390010.001/swg.fits[1]
scw/1359/135900400010.001/swg.fits[1]
scw/1359/135900410010.001/swg.fits[1]
scw/1359/135900420010.001/swg.fits[1]
scw/1359/135900430010.001/swg.fits[1]
scw/1359/135900440010.001/swg.fits[1]
scw/1359/135900450010.001/swg.fits[1]
scw/1359/135900460010.001/swg.fits[1]
scw/1359/135900470010.001/swg.fits[1]
scw/1359/135900480010.001/swg.fits[1]
scw/1359/135900490010.001/swg.fits[1]
scw/1359/135900500010.001/swg.fits[1]
scw/1359/135900510010.001/swg.fits[1]
scw/1362/136200470010.001/swg.fits[1]
scw/1362/136200480010.001/swg.fits[1]
scw/1362/136200490010.001/swg.fits[1]
scw/1362/136200500010.001/swg.fits[1]
scw/1362/136200510010.001/swg.fits[1]
scw/1362/136200520010.001/swg.fits[1]
scw/1362/136200530010.001/swg.fits[1]
scw/1362/136200540010.001/swg.fits[1]
scw/1362/136200550010.001/swg.fits[1]
scw/1362/136200560010.001/swg.fits[1]
scw/1362/136200570010.001/swg.fits[1]
scw/1362/136200580010.001/swg.fits[1]
scw/1362/136200590010.001/swg.fits[1]
scw/1362/136200600010.001/swg.fits[1]
scw/1362/136200610010.001/swg.fits[1]
scw/1362/136200620010.001/swg.fits[1]
scw/1362/136200630010.001/swg.fits[1]
scw/1362/136200640010.001/swg.fits[1]
scw/1362/136200650010.001/swg.fits[1]
scw/1362/136200660010.001/swg.fits[1]
scw/1362/136200670010.001/swg.fits[1]
scw/1362/136200680010.001/swg.fits[1]
scw/1362/136200690010.001/swg.fits[1]
scw/1362/136200700010.001/swg.fits[1]
scw/1362/136200710010.001/swg.fits[1]
scw/1362/136200720010.001/swg.fits[1]
scw/1362/136200730010.001/swg.fits[1]
scw/1362/136200740010.001/swg.fits[1]
scw/1362/136200750010.001/swg.fits[1]
scw/1362/136200760010.001/swg.fits[1]
scw/1362/136200770010.001/swg.fits[1]
scw/1362/136200780010.001/swg.fits[1]
scw/1362/136200790010.001/swg.fits[1]
scw/1362/136200800010.001/swg.fits[1]
scw/1362/136200810010.001/swg.fits[1]
scw/1362/136200820010.001/swg.fits[1]
scw/1362/136200830010.001/swg.fits[1]
scw/1362/136200840010.001/swg.fits[1]
scw/1362/136200850010.001/swg.fits[1]
scw/1362/136200860010.001/swg.fits[1]
scw/1362/136200870010.001/swg.fits[1]
scw/1362/136200880010.001/swg.fits[1]
scw/1362/136200890010.001/swg.fits[1]
scw/1362/136200900010.001/swg.fits[1]
scw/1362/136200910010.001/swg.fits[1]
scw/1362/136200920010.001/swg.fits[1]
scw/1362/136200930010.001/swg.fits[1]
scw/1362/136200940010.001/swg.fits[1]
scw/1362/136200950010.001/swg.fits[1]
scw/1364/136400190010.001/swg.fits[1]
scw/1364/136400200010.001/swg.fits[1]
scw/1364/136400210010.001/swg.fits[1]
scw/1364/136400220010.001/swg.fits[1]
scw/1364/136400230010.001/swg.fits[1]
scw/1364/136400240010.001/swg.fits[1]
scw/1364/136400250010.001/swg.fits[1]
scw/1364/136400260010.001/swg.fits[1]
scw/1364/136400270010.001/swg.fits[1]
scw/1364/136400280010.001/swg.fits[1]
scw/1364/136400290010.001/swg.fits[1]
scw/1364/136400300010.001/swg.fits[1]
scw/1364/136400320010.001/swg.fits[1]
scw/1364/136400330010.001/swg.fits[1]
scw/1364/136400340010.001/swg.fits[1]
scw/1364/136400350010.001/swg.fits[1]
scw/1364/136400360010.001/swg.fits[1]
scw/1364/136400370010.001/swg.fits[1]
scw/1364/136400380010.001/swg.fits[1]
scw/1364/136400390010.001/swg.fits[1]
scw/1364/136400400010.001/swg.fits[1]
scw/1364/136400410010.001/swg.fits[1]
scw/1364/136400420010.001/swg.fits[1]
scw/1364/136400430010.001/swg.fits[1]
scw/1364/136400440010.001/swg.fits[1]
scw/1364/136400450010.001/swg.fits[1]
scw/1364/136400460010.001/swg.fits[1]
scw/1364/136400470010.001/swg.fits[1]
scw/1364/136400480010.001/swg.fits[1]
scw/1364/136400490010.001/swg.fits[1]
scw/1364/136400500010.001/swg.fits[1]
scw/1364/136400510010.001/swg.fits[1]
scw/1364/136400520010.001/swg.fits[1]
scw/1364/136400530010.001/swg.fits[1]
scw/1364/136400540010.001/swg.fits[1]
scw/1364/136400550010.001/swg.fits[1]
scw/1364/136400560010.001/swg.fits[1]
scw/1364/136400570010.001/swg.fits[1]
scw/1364/136400580010.001/swg.fits[1]
scw/1364/136400590010.001/swg.fits[1]
scw/1364/136400600010.001/swg.fits[1]
scw/1364/136400610010.001/swg.fits[1]
scw/1364/136400620010.001/swg.fits[1]
scw/1364/136400630010.001/swg.fits[1]
scw/1364/136400640010.001/swg.fits[1]
scw/1364/136400650010.001/swg.fits[1]
scw/1364/136400660010.001/swg.fits[1]
scw/1364/136400670010.001/swg.fits[1]
scw/1364/136400680010.001/swg.fits[1]
scw/1373/137300250010.001/swg.fits[1]
scw/1373/137300260010.001/swg.fits[1]
scw/1373/137300270010.001/swg.fits[1]
scw/1373/137300280010.001/swg.fits[1]
scw/1373/137300290010.001/swg.fits[1]
scw/1373/137300300010.001/swg.fits[1]
scw/1373/137300310010.001/swg.fits[1]
scw/1373/137300320010.001/swg.fits[1]
scw/1373/137300330010.001/swg.fits[1]
scw/1373/137300340010.001/swg.fits[1]
scw/1373/137300350010.001/swg.fits[1]
scw/1373/137300360010.001/swg.fits[1]
scw/1373/137300370010.001/swg.fits[1]
scw/1373/137300380010.001/swg.fits[1]
scw/1373/137300390010.001/swg.fits[1]
scw/1373/137300400010.001/swg.fits[1]
scw/1373/137300410010.001/swg.fits[1]
scw/1373/137300420010.001/swg.fits[1]
scw/1373/137300430010.001/swg.fits[1]
scw/1373/137300440010.001/swg.fits[1]
scw/1373/137300450010.001/swg.fits[1]
scw/1373/137300460010.001/swg.fits[1]
scw/1373/137300470010.001/swg.fits[1]
scw/1373/137300480010.001/swg.fits[1]
scw/1373/137300490010.001/swg.fits[1]
scw/1373/137300500010.001/swg.fits[1]
scw/1373/137300510010.001/swg.fits[1]
scw/1373/137300520010.001/swg.fits[1]
scw/1373/137300530010.001/swg.fits[1]
scw/1373/137300540010.001/swg.fits[1]
scw/1373/137300550010.001/swg.fits[1]
scw/1373/137300560010.001/swg.fits[1]
scw/1373/137300570010.001/swg.fits[1]
scw/1373/137300580010.001/swg.fits[1]
scw/1373/137300590010.001/swg.fits[1]
scw/1373/137300600010.001/swg.fits[1]
scw/1373/137300610010.001/swg.fits[1]
scw/1373/137300620010.001/swg.fits[1]
scw/1373/137300630010.001/swg.fits[1]
scw/1373/137300640010.001/swg.fits[1]
scw/1373/137300650010.001/swg.fits[1]
scw/1373/137300660010.001/swg.fits[1]
scw/1373/137300670010.001/swg.fits[1]
scw/1373/137300680010.001/swg.fits[1]
scw/1373/137300690010.001/swg.fits[1]
scw/1373/137300700010.001/swg.fits[1]
scw/1373/137300710010.001/swg.fits[1]
scw/1373/137300730010.001/swg.fits[1]
scw/1373/137300740010.001/swg.fits[1]
scw/1470/147000450010.001/swg.fits[1]
scw/1470/147000460010.001/swg.fits[1]
scw/1470/147000470010.001/swg.fits[1]
scw/1470/147000480010.001/swg.fits[1]
scw/1470/147000490010.001/swg.fits[1]
scw/1470/147000500010.001/swg.fits[1]
scw/1470/147000510010.001/swg.fits[1]
scw/1470/147000520010.001/swg.fits[1]
scw/1470/147000530010.001/swg.fits[1]
scw/1470/147000540010.001/swg.fits[1]
scw/1470/147000550010.001/swg.fits[1]
scw/1470/147000560010.001/swg.fits[1]
scw/1470/147000570010.001/swg.fits[1]
scw/1470/147000580010.001/swg.fits[1]
scw/1470/147000610010.001/swg.fits[1]
scw/1470/147000620010.001/swg.fits[1]
scw/1470/147000630010.001/swg.fits[1]
scw/1470/147000640010.001/swg.fits[1]
scw/1470/147000650010.001/swg.fits[1]
scw/1470/147000660010.001/swg.fits[1]
scw/1470/147000670010.001/swg.fits[1]
scw/1470/147000680010.001/swg.fits[1]
scw/1470/147000690010.001/swg.fits[1]
scw/1470/147000700010.001/swg.fits[1]
scw/1470/147000710010.001/swg.fits[1]
scw/1470/147000720010.001/swg.fits[1]
scw/1470/147000730010.001/swg.fits[1]
scw/1470/147000740010.001/swg.fits[1]
scw/1470/147000750010.001/swg.fits[1]
scw/1470/147000760010.001/swg.fits[1]
scw/1470/147000770010.001/swg.fits[1]
scw/1470/147000780010.001/swg.fits[1]
scw/1470/147000790010.001/swg.fits[1]
