scw/1643/164300690010.001/swg.fits[1]
scw/1643/164300700010.001/swg.fits[1]
scw/1643/164300780010.001/swg.fits[1]
scw/1643/164300790010.001/swg.fits[1]
scw/1643/164300800010.001/swg.fits[1]
scw/1643/164300810010.001/swg.fits[1]
scw/1643/164300820010.001/swg.fits[1]
scw/1643/164300830010.001/swg.fits[1]
scw/1643/164300840010.001/swg.fits[1]
scw/1643/164300850010.001/swg.fits[1]
scw/1643/164300860010.001/swg.fits[1]
scw/1645/164500300010.001/swg.fits[1]
scw/1645/164500310010.001/swg.fits[1]
scw/1645/164500320010.001/swg.fits[1]
scw/1645/164500330010.001/swg.fits[1]
scw/1645/164500340010.001/swg.fits[1]
scw/1645/164500350010.001/swg.fits[1]
scw/1645/164500360010.001/swg.fits[1]
scw/1645/164500370010.001/swg.fits[1]
scw/1645/164500380010.001/swg.fits[1]
scw/1645/164500460010.001/swg.fits[1]
scw/1645/164500470010.001/swg.fits[1]
scw/1645/164500480010.001/swg.fits[1]
scw/1645/164500490010.001/swg.fits[1]
scw/1645/164500500010.001/swg.fits[1]
scw/1645/164500510010.001/swg.fits[1]
scw/1645/164500520010.001/swg.fits[1]
scw/1645/164500530010.001/swg.fits[1]
scw/1645/164500540010.001/swg.fits[1]
scw/1645/164500550010.001/swg.fits[1]
scw/1645/164500560010.001/swg.fits[1]
scw/1645/164500570010.001/swg.fits[1]
scw/1645/164500580010.001/swg.fits[1]
scw/1645/164500590010.001/swg.fits[1]
scw/1645/164500600010.001/swg.fits[1]
scw/1645/164500610010.001/swg.fits[1]
scw/1645/164500620010.001/swg.fits[1]
scw/1645/164500630010.001/swg.fits[1]
scw/1645/164500710010.001/swg.fits[1]
scw/1645/164500720010.001/swg.fits[1]
scw/1645/164500730010.001/swg.fits[1]
scw/1645/164500740010.001/swg.fits[1]
scw/1645/164500750010.001/swg.fits[1]
scw/1645/164500760010.001/swg.fits[1]
scw/1645/164500770010.001/swg.fits[1]
scw/1645/164500780010.001/swg.fits[1]
scw/1645/164500790010.001/swg.fits[1]
scw/1645/164500790020.001/swg.fits[1]
scw/1646/164600360010.001/swg.fits[1]
scw/1646/164600370010.001/swg.fits[1]
scw/1646/164600380010.001/swg.fits[1]
scw/1646/164600390010.001/swg.fits[1]
scw/1646/164600400010.001/swg.fits[1]
scw/1646/164600410010.001/swg.fits[1]
scw/1646/164600420010.001/swg.fits[1]
scw/1646/164600430010.001/swg.fits[1]
scw/1646/164600440010.001/swg.fits[1]
scw/1646/164600520010.001/swg.fits[1]
scw/1646/164600530010.001/swg.fits[1]
scw/1646/164600540010.001/swg.fits[1]
scw/1646/164600550010.001/swg.fits[1]
scw/1646/164600560010.001/swg.fits[1]
scw/1646/164600570010.001/swg.fits[1]
scw/1646/164600580010.001/swg.fits[1]
scw/1647/164700370010.001/swg.fits[1]
scw/1647/164700380010.001/swg.fits[1]
scw/1647/164700390010.001/swg.fits[1]
scw/1647/164700400010.001/swg.fits[1]
scw/1647/164700410010.001/swg.fits[1]
scw/1647/164700420010.001/swg.fits[1]
scw/1647/164700430010.001/swg.fits[1]
scw/1647/164700440010.001/swg.fits[1]
scw/1647/164700450010.001/swg.fits[1]
scw/1647/164700530010.001/swg.fits[1]
scw/1647/164700540010.001/swg.fits[1]
scw/1647/164700550010.001/swg.fits[1]
scw/1647/164700560010.001/swg.fits[1]
scw/1647/164700570010.001/swg.fits[1]
scw/1647/164700580010.001/swg.fits[1]
scw/1647/164700590010.001/swg.fits[1]
scw/1647/164700600010.001/swg.fits[1]
scw/1647/164700610010.001/swg.fits[1]
scw/1647/164700620010.001/swg.fits[1]
scw/1647/164700630010.001/swg.fits[1]
scw/1647/164700640010.001/swg.fits[1]
scw/1647/164700650010.001/swg.fits[1]
scw/1647/164700660010.001/swg.fits[1]
scw/1647/164700670010.001/swg.fits[1]
scw/1647/164700680010.001/swg.fits[1]
scw/1647/164700690010.001/swg.fits[1]
scw/1647/164700700010.001/swg.fits[1]
scw/1647/164700780010.001/swg.fits[1]
scw/1647/164700790010.001/swg.fits[1]
scw/1647/164700800010.001/swg.fits[1]
scw/1647/164700810010.001/swg.fits[1]
scw/1647/164700820010.001/swg.fits[1]
scw/1647/164700830010.001/swg.fits[1]
scw/1647/164700840010.001/swg.fits[1]
scw/1647/164700850010.001/swg.fits[1]
scw/1647/164700860010.001/swg.fits[1]
scw/1649/164900380010.001/swg.fits[1]
scw/1649/164900390010.001/swg.fits[1]
scw/1649/164900400010.001/swg.fits[1]
scw/1649/164900410010.001/swg.fits[1]
scw/1649/164900420010.001/swg.fits[1]
scw/1649/164900430010.001/swg.fits[1]
scw/1649/164900440010.001/swg.fits[1]
scw/1649/164900450010.001/swg.fits[1]
scw/1649/164900460010.001/swg.fits[1]
scw/1649/164900540010.001/swg.fits[1]
scw/1649/164900550010.001/swg.fits[1]
scw/1649/164900560010.001/swg.fits[1]
scw/1649/164900580010.001/swg.fits[1]
scw/1649/164900590010.001/swg.fits[1]
scw/1649/164900600010.001/swg.fits[1]
scw/1649/164900610010.001/swg.fits[1]
scw/1649/164900620010.001/swg.fits[1]
scw/1649/164900630010.001/swg.fits[1]
scw/1649/164900640010.001/swg.fits[1]
scw/1649/164900650010.001/swg.fits[1]
scw/1649/164900660010.001/swg.fits[1]
scw/1649/164900670010.001/swg.fits[1]
scw/1649/164900680010.001/swg.fits[1]
scw/1649/164900690010.001/swg.fits[1]
scw/1649/164900700010.001/swg.fits[1]
scw/1649/164900710010.001/swg.fits[1]
scw/1649/164900790010.001/swg.fits[1]
scw/1649/164900800010.001/swg.fits[1]
scw/1649/164900810010.001/swg.fits[1]
scw/1649/164900820010.001/swg.fits[1]
scw/1649/164900830010.001/swg.fits[1]
scw/1649/164900840010.001/swg.fits[1]
scw/1649/164900850010.001/swg.fits[1]
scw/1649/164900860010.001/swg.fits[1]
scw/1649/164900870010.001/swg.fits[1]
scw/1651/165100100010.001/swg.fits[1]
scw/1651/165100110010.001/swg.fits[1]
scw/1651/165100120010.001/swg.fits[1]
scw/1651/165100130010.001/swg.fits[1]
scw/1651/165100140010.001/swg.fits[1]
scw/1651/165100150010.001/swg.fits[1]
scw/1651/165100160010.001/swg.fits[1]
scw/1651/165100260010.001/swg.fits[1]
scw/1651/165100270010.001/swg.fits[1]
scw/1651/165100280010.001/swg.fits[1]
scw/1651/165100290010.001/swg.fits[1]
scw/1651/165100300010.001/swg.fits[1]
scw/1651/165100310010.001/swg.fits[1]
scw/1651/165100320010.001/swg.fits[1]
scw/1651/165100490010.001/swg.fits[1]
scw/1651/165100500010.001/swg.fits[1]
scw/1651/165100510010.001/swg.fits[1]
scw/1651/165100520010.001/swg.fits[1]
scw/1651/165100530010.001/swg.fits[1]
scw/1651/165100540010.001/swg.fits[1]
scw/1651/165100550010.001/swg.fits[1]
scw/1651/165100650010.001/swg.fits[1]
scw/1651/165100660010.001/swg.fits[1]
scw/1651/165100670010.001/swg.fits[1]
scw/1651/165100680010.001/swg.fits[1]
scw/1651/165100690010.001/swg.fits[1]
scw/1651/165100700010.001/swg.fits[1]
scw/1651/165100710010.001/swg.fits[1]
scw/1651/165100880010.001/swg.fits[1]
scw/1651/165100890010.001/swg.fits[1]
scw/1651/165100900010.001/swg.fits[1]
scw/1651/165100910010.001/swg.fits[1]
scw/1651/165100920010.001/swg.fits[1]
scw/1651/165100930010.001/swg.fits[1]
scw/1651/165100940010.001/swg.fits[1]
scw/1651/165100940020.001/swg.fits[1]
scw/1699/169900760010.001/swg.fits[1]
scw/1699/169900770010.001/swg.fits[1]
scw/1699/169900780010.001/swg.fits[1]
scw/1699/169900790010.001/swg.fits[1]
scw/1699/169900800010.001/swg.fits[1]
scw/1699/169900810010.001/swg.fits[1]
scw/1699/169900820010.001/swg.fits[1]
scw/1700/170000120010.001/swg.fits[1]
scw/1700/170000130010.001/swg.fits[1]
scw/1700/170000140010.001/swg.fits[1]
scw/1700/170000150010.001/swg.fits[1]
scw/1700/170000160010.001/swg.fits[1]
scw/1700/170000170010.001/swg.fits[1]
scw/1700/170000180010.001/swg.fits[1]
scw/1700/170000280010.001/swg.fits[1]
scw/1700/170000290010.001/swg.fits[1]
scw/1700/170000300010.001/swg.fits[1]
scw/1700/170000310010.001/swg.fits[1]
scw/1700/170000320010.001/swg.fits[1]
scw/1700/170000330010.001/swg.fits[1]
scw/1700/170000340010.001/swg.fits[1]
scw/1700/170000830010.001/swg.fits[1]
scw/1700/170000840010.001/swg.fits[1]
scw/1700/170000850010.001/swg.fits[1]
scw/1700/170000870010.001/swg.fits[1]
scw/1700/170000890010.001/swg.fits[1]
scw/1700/170001000010.001/swg.fits[1]
scw/1700/170001010010.001/swg.fits[1]
scw/1701/170100070010.001/swg.fits[1]
scw/1701/170100080010.001/swg.fits[1]
scw/1701/170100740010.001/swg.fits[1]
scw/1701/170100750010.001/swg.fits[1]
scw/1701/170100760010.001/swg.fits[1]
scw/1701/170100770010.001/swg.fits[1]
scw/1701/170100780010.001/swg.fits[1]
scw/1701/170100790010.001/swg.fits[1]
scw/1701/170100800010.001/swg.fits[1]
scw/1701/170100900010.001/swg.fits[1]
scw/1701/170100910010.001/swg.fits[1]
scw/1701/170100920010.001/swg.fits[1]
scw/1701/170100930010.001/swg.fits[1]
scw/1701/170100940010.001/swg.fits[1]
scw/1701/170100950010.001/swg.fits[1]
scw/1701/170100960010.001/swg.fits[1]
scw/1702/170200100010.001/swg.fits[1]
scw/1702/170200110010.001/swg.fits[1]
scw/1702/170200120010.001/swg.fits[1]
scw/1702/170200130010.001/swg.fits[1]
scw/1702/170200140010.001/swg.fits[1]
scw/1702/170200150010.001/swg.fits[1]
scw/1702/170200160010.001/swg.fits[1]
scw/1702/170200330010.001/swg.fits[1]
scw/1702/170200340010.001/swg.fits[1]
scw/1702/170200350010.001/swg.fits[1]
scw/1702/170200360010.001/swg.fits[1]
scw/1702/170200370010.001/swg.fits[1]
scw/1702/170200380010.001/swg.fits[1]
scw/1702/170200390010.001/swg.fits[1]
scw/1702/170200560010.001/swg.fits[1]
scw/1702/170200570010.001/swg.fits[1]
scw/1702/170200580010.001/swg.fits[1]
scw/1702/170200590010.001/swg.fits[1]
scw/1702/170200600010.001/swg.fits[1]
scw/1702/170200610010.001/swg.fits[1]
scw/1702/170200620010.001/swg.fits[1]
scw/1703/170300100010.001/swg.fits[1]
scw/1703/170300110010.001/swg.fits[1]
scw/1703/170300120010.001/swg.fits[1]
scw/1703/170300130010.001/swg.fits[1]
scw/1703/170300140010.001/swg.fits[1]
scw/1703/170300150010.001/swg.fits[1]
