scw/0538/053800320010.001/swg.fits[1]
scw/0538/053800330010.001/swg.fits[1]
scw/0538/053800340010.001/swg.fits[1]
scw/0538/053800350010.001/swg.fits[1]
scw/0538/053800360010.001/swg.fits[1]
scw/0538/053800370010.001/swg.fits[1]
scw/0538/053800380010.001/swg.fits[1]
scw/0538/053800390010.001/swg.fits[1]
scw/0538/053800400010.001/swg.fits[1]
scw/0538/053800410010.001/swg.fits[1]
scw/0538/053800420010.001/swg.fits[1]
scw/0538/053800430010.001/swg.fits[1]
scw/0538/053800440010.001/swg.fits[1]
scw/0538/053800450010.001/swg.fits[1]
scw/0538/053800460010.001/swg.fits[1]
scw/0538/053800470010.001/swg.fits[1]
scw/0538/053800480010.001/swg.fits[1]
scw/0538/053800490010.001/swg.fits[1]
scw/0538/053800500010.001/swg.fits[1]
scw/0538/053800510010.001/swg.fits[1]
scw/0538/053800520010.001/swg.fits[1]
scw/0538/053800540010.001/swg.fits[1]
scw/0538/053800550010.001/swg.fits[1]
scw/0538/053800560010.001/swg.fits[1]
scw/0538/053800570010.001/swg.fits[1]
scw/0538/053800580010.001/swg.fits[1]
scw/0543/054300130010.001/swg.fits[1]
scw/0543/054300140010.001/swg.fits[1]
scw/0543/054300150010.001/swg.fits[1]
scw/0543/054300160010.001/swg.fits[1]
scw/0543/054300170010.001/swg.fits[1]
scw/0543/054300180010.001/swg.fits[1]
scw/0543/054300220010.001/swg.fits[1]
scw/0543/054300230010.001/swg.fits[1]
scw/0543/054300240010.001/swg.fits[1]
scw/0543/054300250010.001/swg.fits[1]
scw/0543/054300260010.001/swg.fits[1]
scw/0543/054300270010.001/swg.fits[1]
scw/0543/054300280010.001/swg.fits[1]
scw/0543/054300290010.001/swg.fits[1]
scw/0543/054300300010.001/swg.fits[1]
scw/0543/054300310010.001/swg.fits[1]
scw/0543/054300320010.001/swg.fits[1]
scw/0543/054300330010.001/swg.fits[1]
scw/0543/054300340010.001/swg.fits[1]
scw/0543/054300350010.001/swg.fits[1]
scw/0543/054300360010.001/swg.fits[1]
scw/0543/054300370010.001/swg.fits[1]
scw/0543/054300380010.001/swg.fits[1]
scw/0543/054300390010.001/swg.fits[1]
scw/0543/054300400010.001/swg.fits[1]
scw/0543/054300410010.001/swg.fits[1]
scw/0543/054300420010.001/swg.fits[1]
scw/0543/054300430010.001/swg.fits[1]
scw/0543/054300440010.001/swg.fits[1]
scw/0543/054300450010.001/swg.fits[1]
scw/0543/054300460010.001/swg.fits[1]
scw/0543/054300470010.001/swg.fits[1]
scw/0543/054300480010.001/swg.fits[1]
scw/0543/054300490010.001/swg.fits[1]
scw/0543/054300500010.001/swg.fits[1]
scw/0543/054300510010.001/swg.fits[1]
scw/0543/054300520010.001/swg.fits[1]
scw/0543/054300530010.001/swg.fits[1]
scw/0543/054300540010.001/swg.fits[1]
scw/0543/054300550010.001/swg.fits[1]
scw/0543/054300560010.001/swg.fits[1]
scw/0543/054300570010.001/swg.fits[1]
scw/0543/054300580010.001/swg.fits[1]
scw/0543/054300590010.001/swg.fits[1]
scw/0543/054300600010.001/swg.fits[1]
scw/0543/054300620010.001/swg.fits[1]
scw/0543/054300630010.001/swg.fits[1]
scw/0543/054300640010.001/swg.fits[1]
scw/0543/054300650010.001/swg.fits[1]
scw/0548/054800010010.001/swg.fits[1]
scw/0548/054800020010.001/swg.fits[1]
scw/0548/054800030010.001/swg.fits[1]
scw/0548/054800040010.001/swg.fits[1]
scw/0548/054800050010.001/swg.fits[1]
scw/0548/054800060010.001/swg.fits[1]
scw/0548/054800070010.001/swg.fits[1]
scw/0548/054800080010.001/swg.fits[1]
scw/0548/054800090010.001/swg.fits[1]
scw/0548/054800100010.001/swg.fits[1]
scw/0548/054800110010.001/swg.fits[1]
scw/0548/054800120010.001/swg.fits[1]
scw/0548/054800130010.001/swg.fits[1]
scw/0548/054800140010.001/swg.fits[1]
scw/0548/054800150010.001/swg.fits[1]
scw/0548/054800160010.001/swg.fits[1]
scw/0548/054800170010.001/swg.fits[1]
scw/0548/054800180010.001/swg.fits[1]
scw/0548/054800190010.001/swg.fits[1]
scw/0548/054800200010.001/swg.fits[1]
scw/0548/054800210010.001/swg.fits[1]
scw/0548/054800220010.001/swg.fits[1]
scw/0548/054800230010.001/swg.fits[1]
scw/0548/054800240010.001/swg.fits[1]
scw/0548/054800250010.001/swg.fits[1]
scw/0548/054800270010.001/swg.fits[1]
scw/0548/054800280010.001/swg.fits[1]
scw/0548/054800290010.001/swg.fits[1]
scw/0548/054800300010.001/swg.fits[1]
scw/0548/054800310010.001/swg.fits[1]
scw/0548/054800320010.001/swg.fits[1]
scw/0548/054800330010.001/swg.fits[1]
scw/0548/054800400010.001/swg.fits[1]
scw/0548/054800410010.001/swg.fits[1]
scw/0548/054800420010.001/swg.fits[1]
scw/0548/054800470010.001/swg.fits[1]
scw/0548/054800480010.001/swg.fits[1]
scw/0548/054800490010.001/swg.fits[1]
scw/0548/054800500010.001/swg.fits[1]
scw/0548/054800510010.001/swg.fits[1]
scw/0548/054800520010.001/swg.fits[1]
scw/0548/054800530010.001/swg.fits[1]
scw/0548/054800540010.001/swg.fits[1]
scw/0548/054800550010.001/swg.fits[1]
scw/0548/054800560010.001/swg.fits[1]
scw/0548/054800570010.001/swg.fits[1]
scw/0548/054800580010.001/swg.fits[1]
scw/0548/054800590010.001/swg.fits[1]
scw/0548/054800600010.001/swg.fits[1]
scw/0551/055100250010.001/swg.fits[1]
scw/0551/055100260010.001/swg.fits[1]
scw/0551/055100270010.001/swg.fits[1]
scw/0551/055100280010.001/swg.fits[1]
scw/0551/055100290010.001/swg.fits[1]
scw/0551/055100300010.001/swg.fits[1]
scw/0551/055100310010.001/swg.fits[1]
scw/0551/055100320010.001/swg.fits[1]
scw/0551/055100330010.001/swg.fits[1]
scw/0551/055100340010.001/swg.fits[1]
scw/0551/055100350010.001/swg.fits[1]
scw/0551/055100360010.001/swg.fits[1]
scw/0551/055100370010.001/swg.fits[1]
scw/0551/055100380010.001/swg.fits[1]
scw/0551/055100390010.001/swg.fits[1]
scw/0551/055100400010.001/swg.fits[1]
scw/0551/055100410010.001/swg.fits[1]
scw/0551/055100420010.001/swg.fits[1]
scw/0551/055100430010.001/swg.fits[1]
scw/0551/055100440010.001/swg.fits[1]
scw/0551/055100450010.001/swg.fits[1]
scw/0551/055100460010.001/swg.fits[1]
scw/0551/055100470010.001/swg.fits[1]
scw/0551/055100480010.001/swg.fits[1]
scw/0551/055100490010.001/swg.fits[1]
scw/0551/055100500010.001/swg.fits[1]
scw/0551/055100510010.001/swg.fits[1]
scw/0551/055100520010.001/swg.fits[1]
scw/0551/055100530010.001/swg.fits[1]
scw/0551/055100540010.001/swg.fits[1]
scw/0551/055100550010.001/swg.fits[1]
scw/0551/055100560010.001/swg.fits[1]
scw/0551/055100570010.001/swg.fits[1]
scw/0551/055100590010.001/swg.fits[1]
scw/0551/055100600010.001/swg.fits[1]
scw/0551/055100610010.001/swg.fits[1]
scw/0551/055100620010.001/swg.fits[1]
scw/0551/055100630010.001/swg.fits[1]
scw/0551/055100640010.001/swg.fits[1]
scw/0551/055100650010.001/swg.fits[1]
scw/0551/055100660010.001/swg.fits[1]
scw/0589/058900040010.001/swg.fits[1]
scw/0589/058900050010.001/swg.fits[1]
scw/0589/058900060010.001/swg.fits[1]
scw/0589/058900070010.001/swg.fits[1]
scw/0589/058900080010.001/swg.fits[1]
scw/0589/058900090010.001/swg.fits[1]
scw/0589/058900130010.001/swg.fits[1]
scw/0589/058900140010.001/swg.fits[1]
scw/0589/058900150010.001/swg.fits[1]
scw/0589/058900160010.001/swg.fits[1]
scw/0589/058900170010.001/swg.fits[1]
scw/0589/058900180010.001/swg.fits[1]
scw/0589/058900190010.001/swg.fits[1]
scw/0589/058900200010.001/swg.fits[1]
scw/0589/058900220010.001/swg.fits[1]
scw/0589/058900230010.001/swg.fits[1]
scw/0589/058900240010.001/swg.fits[1]
scw/0589/058900250010.001/swg.fits[1]
scw/0589/058900260010.001/swg.fits[1]
scw/0589/058900270010.001/swg.fits[1]
scw/0589/058900280010.001/swg.fits[1]
scw/0589/058900290010.001/swg.fits[1]
scw/0589/058900300010.001/swg.fits[1]
scw/0589/058900310010.001/swg.fits[1]
scw/0589/058900320010.001/swg.fits[1]
scw/0589/058900330010.001/swg.fits[1]
scw/0589/058900340010.001/swg.fits[1]
scw/0589/058900350010.001/swg.fits[1]
scw/0589/058900360010.001/swg.fits[1]
scw/0589/058900370010.001/swg.fits[1]
scw/0589/058900380010.001/swg.fits[1]
scw/0589/058900390010.001/swg.fits[1]
scw/0589/058900400010.001/swg.fits[1]
scw/0589/058900430010.001/swg.fits[1]
scw/0589/058900440010.001/swg.fits[1]
scw/0589/058900450010.001/swg.fits[1]
scw/0589/058900460010.001/swg.fits[1]
scw/0589/058900470010.001/swg.fits[1]
scw/0589/058900480010.001/swg.fits[1]
scw/0589/058900490010.001/swg.fits[1]
scw/0589/058900500010.001/swg.fits[1]
scw/0589/058900540010.001/swg.fits[1]
scw/0589/058900550010.001/swg.fits[1]
scw/0589/058900560010.001/swg.fits[1]
scw/0589/058900570010.001/swg.fits[1]
scw/0589/058900580010.001/swg.fits[1]
scw/0589/058900590010.001/swg.fits[1]
scw/0590/059000030010.001/swg.fits[1]
scw/0590/059000040010.001/swg.fits[1]
scw/0590/059000050010.001/swg.fits[1]
scw/0590/059000060010.001/swg.fits[1]
scw/0590/059000070010.001/swg.fits[1]
scw/0590/059000080010.001/swg.fits[1]
scw/0590/059000090010.001/swg.fits[1]
scw/0590/059000100010.001/swg.fits[1]
scw/0590/059000120010.001/swg.fits[1]
scw/0590/059000130010.001/swg.fits[1]
scw/0590/059000140010.001/swg.fits[1]
scw/0590/059000150010.001/swg.fits[1]
scw/0590/059000160010.001/swg.fits[1]
scw/0590/059000170010.001/swg.fits[1]
scw/0590/059000180010.001/swg.fits[1]
scw/0590/059000190010.001/swg.fits[1]
scw/0590/059000200010.001/swg.fits[1]
scw/0590/059000210010.001/swg.fits[1]
scw/0590/059000230010.001/swg.fits[1]
scw/0590/059000240010.001/swg.fits[1]
scw/0590/059000250010.001/swg.fits[1]
scw/0590/059000260010.001/swg.fits[1]
scw/0590/059000270010.001/swg.fits[1]
scw/0590/059000280010.001/swg.fits[1]
scw/0590/059000290010.001/swg.fits[1]
