scw/0360/036001000010.001/swg.fits[1]
scw/0360/036001010010.001/swg.fits[1]
scw/0361/036100480010.001/swg.fits[1]
scw/0361/036100490010.001/swg.fits[1]
scw/0361/036100500010.001/swg.fits[1]
scw/0361/036100510010.001/swg.fits[1]
scw/0361/036100520010.001/swg.fits[1]
scw/0361/036100530010.001/swg.fits[1]
scw/0361/036100540010.001/swg.fits[1]
scw/0361/036100550010.001/swg.fits[1]
scw/0361/036100560010.001/swg.fits[1]
scw/0361/036100570010.001/swg.fits[1]
scw/0361/036100600010.001/swg.fits[1]
scw/0361/036100610010.001/swg.fits[1]
scw/0361/036100620010.001/swg.fits[1]
scw/0361/036100630010.001/swg.fits[1]
scw/0361/036100640010.001/swg.fits[1]
scw/0361/036100650010.001/swg.fits[1]
scw/0361/036100720010.001/swg.fits[1]
scw/0362/036200060010.001/swg.fits[1]
scw/0362/036200070010.001/swg.fits[1]
scw/0362/036200080010.001/swg.fits[1]
scw/0362/036200230010.001/swg.fits[1]
scw/0362/036200250010.001/swg.fits[1]
scw/0362/036200260010.001/swg.fits[1]
scw/0362/036200270010.001/swg.fits[1]
scw/0362/036200280010.001/swg.fits[1]
scw/0362/036200290010.001/swg.fits[1]
scw/0362/036200300010.001/swg.fits[1]
scw/0362/036200510010.001/swg.fits[1]
scw/0362/036200520010.001/swg.fits[1]
scw/0362/036200530010.001/swg.fits[1]
scw/0362/036200540010.001/swg.fits[1]
scw/0362/036200550010.001/swg.fits[1]
scw/0362/036200620010.001/swg.fits[1]
scw/0362/036200630010.001/swg.fits[1]
scw/0362/036200640010.001/swg.fits[1]
scw/0362/036200740010.001/swg.fits[1]
scw/0362/036200750010.001/swg.fits[1]
scw/0362/036200760010.001/swg.fits[1]
scw/0362/036200770010.001/swg.fits[1]
scw/0362/036200780010.001/swg.fits[1]
scw/0362/036200790010.001/swg.fits[1]
scw/0362/036200800010.001/swg.fits[1]
scw/0362/036200810010.001/swg.fits[1]
scw/0362/036200820010.001/swg.fits[1]
scw/0363/036300060010.001/swg.fits[1]
scw/0363/036300070010.001/swg.fits[1]
scw/0363/036300080010.001/swg.fits[1]
scw/0363/036300220010.001/swg.fits[1]
scw/0363/036300230010.001/swg.fits[1]
scw/0363/036300240010.001/swg.fits[1]
scw/0363/036300250010.001/swg.fits[1]
scw/0363/036300260010.001/swg.fits[1]
scw/0363/036300270010.001/swg.fits[1]
scw/0363/036300280010.001/swg.fits[1]
scw/0363/036300290010.001/swg.fits[1]
scw/0363/036300300010.001/swg.fits[1]
scw/0363/036300490010.001/swg.fits[1]
scw/0363/036300500010.001/swg.fits[1]
scw/0363/036300510010.001/swg.fits[1]
scw/0363/036300520010.001/swg.fits[1]
scw/0363/036300530010.001/swg.fits[1]
scw/0363/036300540010.001/swg.fits[1]
scw/0364/036400040010.001/swg.fits[1]
scw/0364/036400050010.001/swg.fits[1]
scw/0364/036400060010.001/swg.fits[1]
scw/0364/036400070010.001/swg.fits[1]
scw/0364/036400140010.001/swg.fits[1]
scw/0364/036400150010.001/swg.fits[1]
scw/0364/036400160010.001/swg.fits[1]
scw/0364/036400290010.001/swg.fits[1]
scw/0364/036400300010.001/swg.fits[1]
scw/0364/036400310010.001/swg.fits[1]
scw/0364/036400320010.001/swg.fits[1]
scw/0364/036400330010.001/swg.fits[1]
scw/0364/036400340010.001/swg.fits[1]
scw/0364/036400400010.001/swg.fits[1]
scw/0364/036400410010.001/swg.fits[1]
scw/0364/036400420010.001/swg.fits[1]
scw/0364/036400430010.001/swg.fits[1]
scw/0364/036400510010.001/swg.fits[1]
scw/0364/036400550010.001/swg.fits[1]
scw/0364/036400560010.001/swg.fits[1]
scw/0364/036400570010.001/swg.fits[1]
scw/0365/036500730010.001/swg.fits[1]
scw/0365/036500740010.001/swg.fits[1]
scw/0365/036500750010.001/swg.fits[1]
scw/0366/036600060010.001/swg.fits[1]
scw/0366/036600070010.001/swg.fits[1]
scw/0366/036600080010.001/swg.fits[1]
scw/0367/036700060010.001/swg.fits[1]
scw/0367/036700070010.001/swg.fits[1]
scw/0367/036700080010.001/swg.fits[1]
scw/0368/036800270010.001/swg.fits[1]
scw/0368/036800280010.001/swg.fits[1]
scw/0368/036800290010.001/swg.fits[1]
scw/0369/036900690010.001/swg.fits[1]
scw/0369/036900700010.001/swg.fits[1]
scw/0370/037000700010.001/swg.fits[1]
scw/0370/037000710010.001/swg.fits[1]
scw/0370/037000720010.001/swg.fits[1]
scw/0406/040600080010.001/swg.fits[1]
scw/0406/040600090010.001/swg.fits[1]
scw/0407/040700020010.001/swg.fits[1]
scw/0407/040700030010.001/swg.fits[1]
scw/0407/040700040010.001/swg.fits[1]
scw/0407/040700100010.001/swg.fits[1]
scw/0407/040700110010.001/swg.fits[1]
scw/0407/040700120010.001/swg.fits[1]
scw/0408/040800030010.001/swg.fits[1]
scw/0408/040800040010.001/swg.fits[1]
scw/0408/040800050010.001/swg.fits[1]
scw/0409/040900020010.001/swg.fits[1]
scw/0409/040900030010.001/swg.fits[1]
scw/0409/040900040010.001/swg.fits[1]
scw/0409/040900170010.001/swg.fits[1]
scw/0409/040900180010.001/swg.fits[1]
scw/0409/040900270010.001/swg.fits[1]
scw/0409/040900280010.001/swg.fits[1]
scw/0409/040900290010.001/swg.fits[1]
scw/0409/040900400010.001/swg.fits[1]
scw/0409/040900410010.001/swg.fits[1]
scw/0409/040900420010.001/swg.fits[1]
scw/0409/040900480010.001/swg.fits[1]
scw/0409/040900490010.001/swg.fits[1]
scw/0409/040900500010.001/swg.fits[1]
scw/0409/040900510010.001/swg.fits[1]
scw/0409/040900520010.001/swg.fits[1]
scw/0409/040900530010.001/swg.fits[1]
scw/0409/040900540010.001/swg.fits[1]
scw/0409/040900570010.001/swg.fits[1]
scw/0409/040900580010.001/swg.fits[1]
scw/0409/040900590010.001/swg.fits[1]
scw/0409/040900600010.001/swg.fits[1]
scw/0409/040900610010.001/swg.fits[1]
scw/0409/040900620010.001/swg.fits[1]
scw/0409/040900630010.001/swg.fits[1]
scw/0409/040900690010.001/swg.fits[1]
scw/0410/041000030010.001/swg.fits[1]
scw/0410/041000040010.001/swg.fits[1]
scw/0410/041000050010.001/swg.fits[1]
scw/0410/041000100010.001/swg.fits[1]
scw/0410/041000110010.001/swg.fits[1]
scw/0410/041000120010.001/swg.fits[1]
scw/0410/041000130010.001/swg.fits[1]
scw/0410/041000140010.001/swg.fits[1]
scw/0410/041000150010.001/swg.fits[1]
scw/0410/041000160010.001/swg.fits[1]
scw/0410/041000170010.001/swg.fits[1]
scw/0410/041000180010.001/swg.fits[1]
scw/0410/041000190010.001/swg.fits[1]
scw/0410/041000200010.001/swg.fits[1]
scw/0410/041000210010.001/swg.fits[1]
scw/0410/041000220010.001/swg.fits[1]
scw/0410/041000230010.001/swg.fits[1]
scw/0410/041000240010.001/swg.fits[1]
scw/0410/041000250010.001/swg.fits[1]
scw/0410/041000260010.001/swg.fits[1]
scw/0410/041000270010.001/swg.fits[1]
scw/0410/041000280010.001/swg.fits[1]
scw/0410/041000290010.001/swg.fits[1]
scw/0410/041000310010.001/swg.fits[1]
scw/0410/041000320010.001/swg.fits[1]
scw/0410/041000330010.001/swg.fits[1]
scw/0410/041000340010.001/swg.fits[1]
scw/0410/041000350010.001/swg.fits[1]
scw/0410/041000360010.001/swg.fits[1]
scw/0410/041000370010.001/swg.fits[1]
scw/0410/041000410010.001/swg.fits[1]
scw/0410/041000420010.001/swg.fits[1]
scw/0410/041000430010.001/swg.fits[1]
scw/0410/041000440010.001/swg.fits[1]
scw/0410/041000450010.001/swg.fits[1]
scw/0410/041000460010.001/swg.fits[1]
scw/0410/041000470010.001/swg.fits[1]
scw/0410/041000480010.001/swg.fits[1]
scw/0410/041000490010.001/swg.fits[1]
scw/0410/041000500010.001/swg.fits[1]
scw/0410/041000510010.001/swg.fits[1]
scw/0410/041000520010.001/swg.fits[1]
scw/0410/041000530010.001/swg.fits[1]
scw/0410/041000540010.001/swg.fits[1]
scw/0410/041000550010.001/swg.fits[1]
scw/0410/041000560010.001/swg.fits[1]
scw/0410/041000570010.001/swg.fits[1]
scw/0410/041000580010.001/swg.fits[1]
scw/0410/041000590010.001/swg.fits[1]
scw/0410/041000600010.001/swg.fits[1]
scw/0410/041000610010.001/swg.fits[1]
scw/0410/041000620010.001/swg.fits[1]
scw/0410/041000630010.001/swg.fits[1]
scw/0410/041000640010.001/swg.fits[1]
scw/0410/041000650010.001/swg.fits[1]
scw/0411/041100230010.001/swg.fits[1]
scw/0411/041100240010.001/swg.fits[1]
scw/0411/041100250010.001/swg.fits[1]
scw/0411/041100470010.001/swg.fits[1]
scw/0411/041100480010.001/swg.fits[1]
scw/0411/041100490010.001/swg.fits[1]
scw/0411/041100500010.001/swg.fits[1]
scw/0411/041100510010.001/swg.fits[1]
scw/0411/041100520010.001/swg.fits[1]
scw/0411/041100530010.001/swg.fits[1]
scw/0411/041100540010.001/swg.fits[1]
scw/0411/041100640010.001/swg.fits[1]
scw/0411/041100650010.001/swg.fits[1]
scw/0411/041100660010.001/swg.fits[1]
scw/0411/041100730010.001/swg.fits[1]
scw/0411/041100740010.001/swg.fits[1]
scw/0411/041100750010.001/swg.fits[1]
scw/0411/041100760010.001/swg.fits[1]
scw/0412/041200300010.001/swg.fits[1]
scw/0412/041200310010.001/swg.fits[1]
scw/0412/041200320010.001/swg.fits[1]
scw/0412/041200460010.001/swg.fits[1]
scw/0412/041200470010.001/swg.fits[1]
scw/0412/041200480010.001/swg.fits[1]
scw/0412/041200490010.001/swg.fits[1]
scw/0412/041200500010.001/swg.fits[1]
scw/0412/041200510010.001/swg.fits[1]
scw/0412/041200520010.001/swg.fits[1]
scw/0412/041200530010.001/swg.fits[1]
scw/0412/041200630010.001/swg.fits[1]
scw/0412/041200640010.001/swg.fits[1]
scw/0412/041200720010.001/swg.fits[1]
scw/0412/041200730010.001/swg.fits[1]
scw/0412/041200740010.001/swg.fits[1]
scw/0412/041200750010.001/swg.fits[1]
scw/0413/041300030010.001/swg.fits[1]
scw/0413/041300040010.001/swg.fits[1]
scw/0413/041300050010.001/swg.fits[1]
scw/0413/041300240010.001/swg.fits[1]
scw/0413/041300250010.001/swg.fits[1]
scw/0413/041300260010.001/swg.fits[1]
scw/0413/041300270010.001/swg.fits[1]
scw/0413/041300280010.001/swg.fits[1]
scw/0413/041300380010.001/swg.fits[1]
scw/0413/041300390010.001/swg.fits[1]
scw/0413/041300400010.001/swg.fits[1]
scw/0413/041300470010.001/swg.fits[1]
scw/0413/041300480010.001/swg.fits[1]
scw/0413/041300490010.001/swg.fits[1]
scw/0413/041300500010.001/swg.fits[1]
scw/0413/041300730010.001/swg.fits[1]
scw/0413/041300740010.001/swg.fits[1]
scw/0413/041300750010.001/swg.fits[1]
