scw/0098/009800050010.001/swg.fits[1]
scw/0098/009800050020.001/swg.fits[1]
scw/0098/009800060010.001/swg.fits[1]
scw/0098/009800080010.001/swg.fits[1]
scw/0098/009800090010.001/swg.fits[1]
scw/0098/009800100010.001/swg.fits[1]
scw/0098/009800110010.001/swg.fits[1]
scw/0098/009800120010.001/swg.fits[1]
scw/0098/009800130010.001/swg.fits[1]
scw/0098/009800150010.001/swg.fits[1]
scw/0098/009800160010.001/swg.fits[1]
scw/0098/009800170010.001/swg.fits[1]
scw/0098/009800180010.001/swg.fits[1]
scw/0098/009800190010.001/swg.fits[1]
scw/0098/009800200010.001/swg.fits[1]
scw/0098/009800220010.001/swg.fits[1]
scw/0098/009800230010.001/swg.fits[1]
scw/0098/009800240010.001/swg.fits[1]
scw/0098/009800250010.001/swg.fits[1]
scw/0098/009800260010.001/swg.fits[1]
scw/0098/009800270010.001/swg.fits[1]
scw/0098/009800290010.001/swg.fits[1]
scw/0098/009800300010.001/swg.fits[1]
scw/0098/009800310010.001/swg.fits[1]
scw/0098/009800320010.001/swg.fits[1]
scw/0098/009800330010.001/swg.fits[1]
scw/0098/009800340010.001/swg.fits[1]
scw/0098/009800360010.001/swg.fits[1]
scw/0098/009800370010.001/swg.fits[1]
scw/0098/009800380010.001/swg.fits[1]
scw/0098/009800390010.001/swg.fits[1]
scw/0098/009800400010.001/swg.fits[1]
scw/0098/009800410010.001/swg.fits[1]
scw/0098/009800430010.001/swg.fits[1]
scw/0098/009800440010.001/swg.fits[1]
scw/0098/009800440020.001/swg.fits[1]
scw/0098/009800450010.001/swg.fits[1]
scw/0098/009800460010.001/swg.fits[1]
scw/0098/009800470010.001/swg.fits[1]
scw/0098/009800480010.001/swg.fits[1]
scw/0098/009800500010.001/swg.fits[1]
scw/0098/009800510010.001/swg.fits[1]
scw/0098/009800520010.001/swg.fits[1]
scw/0098/009800530010.001/swg.fits[1]
scw/0098/009800540010.001/swg.fits[1]
scw/0098/009800550010.001/swg.fits[1]
scw/0098/009800570010.001/swg.fits[1]
scw/0098/009800580010.001/swg.fits[1]
scw/0098/009800590010.001/swg.fits[1]
scw/0098/009800600010.001/swg.fits[1]
scw/0098/009800610010.001/swg.fits[1]
scw/0098/009800620010.001/swg.fits[1]
scw/0099/009900020010.001/swg.fits[1]
scw/0099/009900030010.001/swg.fits[1]
scw/0099/009900040010.001/swg.fits[1]
scw/0099/009900050010.001/swg.fits[1]
scw/0099/009900060010.001/swg.fits[1]
scw/0099/009900070010.001/swg.fits[1]
scw/0099/009900090010.001/swg.fits[1]
scw/0099/009900100010.001/swg.fits[1]
scw/0099/009900110010.001/swg.fits[1]
scw/0099/009900120010.001/swg.fits[1]
scw/0099/009900130010.001/swg.fits[1]
scw/0099/009900140010.001/swg.fits[1]
scw/0099/009900160010.001/swg.fits[1]
scw/0099/009900170010.001/swg.fits[1]
scw/0099/009900180010.001/swg.fits[1]
scw/0099/009900190010.001/swg.fits[1]
scw/0099/009900200010.001/swg.fits[1]
scw/0099/009900210010.001/swg.fits[1]
scw/0099/009900230010.001/swg.fits[1]
scw/0099/009900240010.001/swg.fits[1]
scw/0099/009900250010.001/swg.fits[1]
scw/0099/009900260010.001/swg.fits[1]
scw/0207/020700580010.001/swg.fits[1]
scw/0207/020700660010.001/swg.fits[1]
scw/0207/020700670010.001/swg.fits[1]
scw/0207/020700680010.001/swg.fits[1]
scw/0207/020700690010.001/swg.fits[1]
scw/0207/020700770010.001/swg.fits[1]
scw/0207/020700870010.001/swg.fits[1]
scw/0208/020800020010.001/swg.fits[1]
scw/0208/020800100010.001/swg.fits[1]
scw/0208/020800110010.001/swg.fits[1]
scw/0208/020800120010.001/swg.fits[1]
scw/0208/020800130010.001/swg.fits[1]
scw/0208/020800210010.001/swg.fits[1]
scw/0208/020800310010.001/swg.fits[1]
scw/0208/020800390010.001/swg.fits[1]
scw/0208/020800400010.001/swg.fits[1]
scw/0208/020800410010.001/swg.fits[1]
scw/0208/020800420010.001/swg.fits[1]
scw/0208/020800500010.001/swg.fits[1]
scw/0208/020800580010.001/swg.fits[1]
scw/0208/020800590010.001/swg.fits[1]
scw/0208/020800600010.001/swg.fits[1]
scw/0208/020800610010.001/swg.fits[1]
scw/0209/020900210010.001/swg.fits[1]
scw/0209/020900290010.001/swg.fits[1]
scw/0209/020900300010.001/swg.fits[1]
scw/0209/020900310010.001/swg.fits[1]
scw/0209/020900320010.001/swg.fits[1]
scw/0209/020900400010.001/swg.fits[1]
scw/0209/020900480010.001/swg.fits[1]
scw/0209/020900490010.001/swg.fits[1]
scw/0209/020900500010.001/swg.fits[1]
scw/0209/020900510010.001/swg.fits[1]
scw/0210/021000440010.001/swg.fits[1]
scw/0210/021000500010.001/swg.fits[1]
scw/0210/021000560010.001/swg.fits[1]
scw/0210/021000610010.001/swg.fits[1]
scw/0336/033600510010.001/swg.fits[1]
scw/0336/033600520010.001/swg.fits[1]
scw/0336/033600530010.001/swg.fits[1]
scw/0336/033600540010.001/swg.fits[1]
scw/0336/033600550010.001/swg.fits[1]
scw/0341/034100100010.001/swg.fits[1]
scw/0341/034100110010.001/swg.fits[1]
scw/0341/034100130010.001/swg.fits[1]
scw/0341/034100140010.001/swg.fits[1]
scw/0341/034100150010.001/swg.fits[1]
scw/0341/034100160010.001/swg.fits[1]
scw/0341/034100170010.001/swg.fits[1]
scw/0341/034100180010.001/swg.fits[1]
scw/0341/034100190010.001/swg.fits[1]
scw/0341/034100220010.001/swg.fits[1]
scw/0344/034400170010.001/swg.fits[1]
scw/0344/034400180010.001/swg.fits[1]
scw/0456/045600040010.001/swg.fits[1]
scw/0456/045600050010.001/swg.fits[1]
scw/0456/045600060010.001/swg.fits[1]
scw/0456/045600070010.001/swg.fits[1]
scw/0456/045600080010.001/swg.fits[1]
scw/0456/045600100010.001/swg.fits[1]
scw/0457/045700050010.001/swg.fits[1]
scw/0457/045700060010.001/swg.fits[1]
scw/0457/045700070010.001/swg.fits[1]
scw/0457/045700080010.001/swg.fits[1]
scw/0457/045700090010.001/swg.fits[1]
scw/0457/045700100010.001/swg.fits[1]
scw/0457/045700110010.001/swg.fits[1]
scw/0457/045700120010.001/swg.fits[1]
scw/0457/045700140010.001/swg.fits[1]
scw/0457/045700150010.001/swg.fits[1]
scw/0457/045700160010.001/swg.fits[1]
scw/0457/045700170010.001/swg.fits[1]
scw/0457/045700580010.001/swg.fits[1]
scw/0461/046100070010.001/swg.fits[1]
scw/0461/046100160010.001/swg.fits[1]
scw/0461/046100170010.001/swg.fits[1]
scw/0461/046100180010.001/swg.fits[1]
scw/0462/046200640010.001/swg.fits[1]
scw/0462/046200650010.001/swg.fits[1]
scw/0462/046200740010.001/swg.fits[1]
scw/0462/046200750010.001/swg.fits[1]
scw/0463/046300040010.001/swg.fits[1]
scw/0570/057000040010.001/swg.fits[1]
scw/0570/057000050010.001/swg.fits[1]
scw/0570/057000060010.001/swg.fits[1]
scw/0570/057000080010.001/swg.fits[1]
scw/0570/057000510010.001/swg.fits[1]
scw/0570/057000520010.001/swg.fits[1]
