scw/0850/085000180010.001/swg.fits[1]
scw/0850/085000190010.001/swg.fits[1]
scw/0850/085000200010.001/swg.fits[1]
scw/0850/085000210010.001/swg.fits[1]
scw/0850/085000220010.001/swg.fits[1]
scw/0850/085000230010.001/swg.fits[1]
scw/0850/085000240010.001/swg.fits[1]
scw/0850/085000250010.001/swg.fits[1]
scw/0850/085000260010.001/swg.fits[1]
scw/0850/085000550010.001/swg.fits[1]
scw/0850/085000560010.001/swg.fits[1]
scw/0850/085000570010.001/swg.fits[1]
scw/0850/085000580010.001/swg.fits[1]
scw/0850/085000590010.001/swg.fits[1]
scw/0850/085000600010.001/swg.fits[1]
scw/0850/085000610010.001/swg.fits[1]
scw/0850/085000800010.001/swg.fits[1]
scw/0850/085000800020.001/swg.fits[1]
scw/0850/085000800030.001/swg.fits[1]
scw/0850/085000810010.001/swg.fits[1]
scw/0851/085100270010.001/swg.fits[1]
scw/0851/085100280010.001/swg.fits[1]
scw/0851/085100290010.001/swg.fits[1]
scw/0851/085100300010.001/swg.fits[1]
scw/0851/085100310010.001/swg.fits[1]
scw/0851/085100330010.001/swg.fits[1]
scw/0851/085100340010.001/swg.fits[1]
scw/0851/085100350010.001/swg.fits[1]
scw/0851/085100360010.001/swg.fits[1]
scw/0851/085100370010.001/swg.fits[1]
scw/0851/085100380010.001/swg.fits[1]
scw/0851/085100390010.001/swg.fits[1]
scw/0851/085100400010.001/swg.fits[1]
scw/0851/085100440010.001/swg.fits[1]
scw/0851/085100450010.001/swg.fits[1]
scw/0851/085100460010.001/swg.fits[1]
scw/0851/085100470010.001/swg.fits[1]
scw/0851/085100480010.001/swg.fits[1]
scw/0851/085100490010.001/swg.fits[1]
scw/0851/085100500010.001/swg.fits[1]
scw/0851/085100510010.001/swg.fits[1]
scw/0851/085100520010.001/swg.fits[1]
scw/0851/085100530010.001/swg.fits[1]
scw/0851/085100540010.001/swg.fits[1]
scw/0851/085100550010.001/swg.fits[1]
scw/0851/085100560010.001/swg.fits[1]
scw/0851/085100570010.001/swg.fits[1]
scw/0851/085100920010.001/swg.fits[1]
scw/0851/085100930010.001/swg.fits[1]
scw/0851/085100940010.001/swg.fits[1]
scw/0851/085100950010.001/swg.fits[1]
scw/0851/085100960010.001/swg.fits[1]
scw/0851/085100970010.001/swg.fits[1]
scw/0851/085100980010.001/swg.fits[1]
scw/0851/085100990010.001/swg.fits[1]
scw/0851/085101000010.001/swg.fits[1]
scw/0851/085101010010.001/swg.fits[1]
scw/0851/085101020010.001/swg.fits[1]
scw/0851/085101030010.001/swg.fits[1]
scw/0851/085101040010.001/swg.fits[1]
scw/0851/085101050010.001/swg.fits[1]
scw/0852/085200180010.001/swg.fits[1]
scw/0852/085200190010.001/swg.fits[1]
scw/0852/085200200010.001/swg.fits[1]
scw/0852/085200210010.001/swg.fits[1]
scw/0852/085200220010.001/swg.fits[1]
scw/0852/085200230010.001/swg.fits[1]
scw/0852/085200240010.001/swg.fits[1]
scw/0852/085200250010.001/swg.fits[1]
scw/0852/085200260010.001/swg.fits[1]
scw/0852/085200270010.001/swg.fits[1]
scw/0852/085200280010.001/swg.fits[1]
scw/0852/085200290010.001/swg.fits[1]
scw/0852/085200300010.001/swg.fits[1]
scw/0852/085200310010.001/swg.fits[1]
scw/0852/085200360010.001/swg.fits[1]
scw/0852/085200370010.001/swg.fits[1]
scw/0852/085200380010.001/swg.fits[1]
scw/0852/085200390010.001/swg.fits[1]
scw/0852/085200400010.001/swg.fits[1]
scw/0852/085200420010.001/swg.fits[1]
scw/0852/085200430010.001/swg.fits[1]
scw/0852/085200440010.001/swg.fits[1]
scw/0852/085200460010.001/swg.fits[1]
scw/0852/085200470010.001/swg.fits[1]
scw/0852/085200480010.001/swg.fits[1]
scw/0853/085300130010.001/swg.fits[1]
scw/0853/085300140010.001/swg.fits[1]
scw/0853/085300150010.001/swg.fits[1]
scw/0853/085300160010.001/swg.fits[1]
scw/0853/085300170010.001/swg.fits[1]
scw/0853/085300180010.001/swg.fits[1]
scw/0853/085300200010.001/swg.fits[1]
scw/0853/085300220010.001/swg.fits[1]
scw/0853/085300230010.001/swg.fits[1]
scw/0853/085300240010.001/swg.fits[1]
scw/0855/085500250010.001/swg.fits[1]
scw/0855/085500260010.001/swg.fits[1]
scw/0855/085500270010.001/swg.fits[1]
scw/0855/085500280010.001/swg.fits[1]
scw/0855/085500290010.001/swg.fits[1]
scw/0855/085500300010.001/swg.fits[1]
scw/0855/085500310010.001/swg.fits[1]
scw/0855/085500380010.001/swg.fits[1]
scw/0855/085500590010.001/swg.fits[1]
scw/0855/085500660010.001/swg.fits[1]
scw/0855/085500670010.001/swg.fits[1]
scw/0855/085500680010.001/swg.fits[1]
scw/0855/085500690010.001/swg.fits[1]
scw/0855/085500700010.001/swg.fits[1]
scw/0855/085500710010.001/swg.fits[1]
scw/0855/085500720010.001/swg.fits[1]
scw/0857/085700050010.001/swg.fits[1]
scw/0857/085700060010.001/swg.fits[1]
scw/0857/085700070010.001/swg.fits[1]
scw/0857/085700080010.001/swg.fits[1]
scw/0857/085700090010.001/swg.fits[1]
scw/0857/085700100010.001/swg.fits[1]
scw/0857/085700110010.001/swg.fits[1]
scw/0857/085700180010.001/swg.fits[1]
scw/0857/085700390010.001/swg.fits[1]
scw/0857/085700460010.001/swg.fits[1]
scw/0857/085700470010.001/swg.fits[1]
scw/0857/085700480010.001/swg.fits[1]
scw/0857/085700490010.001/swg.fits[1]
scw/0857/085700500010.001/swg.fits[1]
scw/0857/085700510010.001/swg.fits[1]
scw/0857/085700520010.001/swg.fits[1]
scw/0858/085800050010.001/swg.fits[1]
scw/0858/085800060010.001/swg.fits[1]
scw/0858/085800070010.001/swg.fits[1]
scw/0858/085800080010.001/swg.fits[1]
scw/0858/085800090010.001/swg.fits[1]
scw/0858/085800100010.001/swg.fits[1]
scw/0858/085800110010.001/swg.fits[1]
scw/0858/085800180010.001/swg.fits[1]
scw/0858/085800390010.001/swg.fits[1]
scw/0858/085800460010.001/swg.fits[1]
scw/0858/085800470010.001/swg.fits[1]
scw/0858/085800480010.001/swg.fits[1]
scw/0858/085800490010.001/swg.fits[1]
scw/0858/085800500010.001/swg.fits[1]
scw/0858/085800510010.001/swg.fits[1]
scw/0858/085800520010.001/swg.fits[1]
scw/0860/086000030010.001/swg.fits[1]
scw/0860/086000040010.001/swg.fits[1]
scw/0860/086000050010.001/swg.fits[1]
scw/0860/086000160010.001/swg.fits[1]
scw/0860/086000370010.001/swg.fits[1]
scw/0860/086000440010.001/swg.fits[1]
scw/0860/086000450010.001/swg.fits[1]
scw/0860/086000460010.001/swg.fits[1]
scw/0860/086000470010.001/swg.fits[1]
scw/0860/086000480010.001/swg.fits[1]
scw/0860/086000490010.001/swg.fits[1]
scw/0860/086000500010.001/swg.fits[1]
scw/0861/086100110010.001/swg.fits[1]
scw/0861/086100120010.001/swg.fits[1]
scw/0861/086100130010.001/swg.fits[1]
scw/0861/086100140010.001/swg.fits[1]
scw/0861/086100150010.001/swg.fits[1]
scw/0861/086100160010.001/swg.fits[1]
scw/0861/086100170010.001/swg.fits[1]
scw/0861/086100240010.001/swg.fits[1]
scw/0861/086100450010.001/swg.fits[1]
scw/0861/086100520010.001/swg.fits[1]
scw/0861/086100530010.001/swg.fits[1]
scw/0861/086100540010.001/swg.fits[1]
scw/0861/086100550010.001/swg.fits[1]
scw/0861/086100560010.001/swg.fits[1]
scw/0861/086100570010.001/swg.fits[1]
scw/0861/086100580010.001/swg.fits[1]
scw/0862/086200410010.001/swg.fits[1]
scw/0862/086200420010.001/swg.fits[1]
scw/0862/086200430010.001/swg.fits[1]
scw/0862/086200440010.001/swg.fits[1]
scw/0862/086200450010.001/swg.fits[1]
scw/0862/086200460010.001/swg.fits[1]
scw/0862/086200470010.001/swg.fits[1]
scw/0862/086200540010.001/swg.fits[1]
scw/0863/086300180010.001/swg.fits[1]
scw/0863/086300190010.001/swg.fits[1]
scw/0863/086300200010.001/swg.fits[1]
scw/0863/086300210010.001/swg.fits[1]
scw/0863/086300220010.001/swg.fits[1]
scw/0863/086300230010.001/swg.fits[1]
scw/0863/086300240010.001/swg.fits[1]
scw/0864/086400030010.001/swg.fits[1]
scw/0864/086400040010.001/swg.fits[1]
scw/0864/086400050010.001/swg.fits[1]
scw/0864/086400060010.001/swg.fits[1]
scw/0864/086400070010.001/swg.fits[1]
scw/0864/086400080010.001/swg.fits[1]
scw/0864/086400090010.001/swg.fits[1]
scw/0864/086400160010.001/swg.fits[1]
scw/0864/086400370010.001/swg.fits[1]
scw/0864/086400440010.001/swg.fits[1]
scw/0864/086400450010.001/swg.fits[1]
scw/0864/086400460010.001/swg.fits[1]
scw/0864/086400470010.001/swg.fits[1]
scw/0864/086400480010.001/swg.fits[1]
scw/0864/086400490010.001/swg.fits[1]
scw/0864/086400500010.001/swg.fits[1]
scw/0865/086500300010.001/swg.fits[1]
scw/0865/086500310010.001/swg.fits[1]
scw/0865/086500320010.001/swg.fits[1]
scw/0865/086500330010.001/swg.fits[1]
scw/0865/086500340010.001/swg.fits[1]
scw/0865/086500350010.001/swg.fits[1]
scw/0865/086500360010.001/swg.fits[1]
scw/0865/086500430010.001/swg.fits[1]
scw/0865/086500640010.001/swg.fits[1]
scw/0865/086500710010.001/swg.fits[1]
scw/0865/086500720010.001/swg.fits[1]
scw/0865/086500730010.001/swg.fits[1]
scw/0865/086500740010.001/swg.fits[1]
scw/0865/086500750010.001/swg.fits[1]
scw/0865/086500760010.001/swg.fits[1]
scw/0865/086500770010.001/swg.fits[1]
scw/0866/086600490010.001/swg.fits[1]
scw/0866/086600500010.001/swg.fits[1]
scw/0866/086600510010.001/swg.fits[1]
scw/0866/086600520010.001/swg.fits[1]
scw/0866/086600530010.001/swg.fits[1]
scw/0866/086600540010.001/swg.fits[1]
scw/0866/086600550010.001/swg.fits[1]
scw/0866/086600620010.001/swg.fits[1]
scw/0867/086700110010.001/swg.fits[1]
scw/0867/086700180010.001/swg.fits[1]
scw/0867/086700190010.001/swg.fits[1]
scw/0867/086700200010.001/swg.fits[1]
scw/0867/086700210010.001/swg.fits[1]
scw/0867/086700220010.001/swg.fits[1]
scw/0867/086700230010.001/swg.fits[1]
scw/0867/086700240010.001/swg.fits[1]
