scw/0694/069400560010.001/swg.fits[1]
scw/0694/069400570010.001/swg.fits[1]
scw/0694/069400580010.001/swg.fits[1]
scw/0694/069400590010.001/swg.fits[1]
scw/0697/069700060010.001/swg.fits[1]
scw/0697/069700070010.001/swg.fits[1]
scw/0697/069700080010.001/swg.fits[1]
scw/0697/069700090010.001/swg.fits[1]
scw/0697/069700100010.001/swg.fits[1]
scw/0697/069700110010.001/swg.fits[1]
scw/0697/069700120010.001/swg.fits[1]
scw/0697/069700130010.001/swg.fits[1]
scw/0697/069700170010.001/swg.fits[1]
scw/0697/069700180010.001/swg.fits[1]
scw/0697/069700190010.001/swg.fits[1]
scw/0697/069700200010.001/swg.fits[1]
scw/0697/069700210010.001/swg.fits[1]
scw/0697/069700280010.001/swg.fits[1]
scw/0702/070200100010.001/swg.fits[1]
scw/0702/070200160010.001/swg.fits[1]
scw/0702/070200170010.001/swg.fits[1]
scw/0702/070200180010.001/swg.fits[1]
scw/0702/070200190010.001/swg.fits[1]
scw/0702/070200200010.001/swg.fits[1]
scw/0702/070200210010.001/swg.fits[1]
scw/0703/070300020010.001/swg.fits[1]
scw/0703/070300040010.001/swg.fits[1]
scw/0703/070300050010.001/swg.fits[1]
scw/0703/070300060010.001/swg.fits[1]
scw/0703/070300070010.001/swg.fits[1]
scw/0703/070300080010.001/swg.fits[1]
scw/0703/070300090010.001/swg.fits[1]
scw/0703/070300100010.001/swg.fits[1]
scw/0703/070300110010.001/swg.fits[1]
scw/0703/070300120010.001/swg.fits[1]
scw/0703/070300160010.001/swg.fits[1]
scw/0703/070300170010.001/swg.fits[1]
scw/0703/070300180010.001/swg.fits[1]
scw/0703/070300190010.001/swg.fits[1]
scw/0703/070300200010.001/swg.fits[1]
scw/0704/070400180010.001/swg.fits[1]
scw/0705/070500070010.001/swg.fits[1]
scw/0705/070500080010.001/swg.fits[1]
scw/0705/070500090010.001/swg.fits[1]
scw/0705/070500100010.001/swg.fits[1]
scw/0705/070500110010.001/swg.fits[1]
scw/0705/070500150010.001/swg.fits[1]
scw/0705/070500160010.001/swg.fits[1]
scw/0705/070500170010.001/swg.fits[1]
scw/0705/070500180010.001/swg.fits[1]
scw/0705/070500190010.001/swg.fits[1]
scw/0705/070500200010.001/swg.fits[1]
scw/0705/070500210010.001/swg.fits[1]
scw/0705/070500220010.001/swg.fits[1]
scw/0712/071200040010.001/swg.fits[1]
scw/0712/071200060010.001/swg.fits[1]
scw/0712/071200070010.001/swg.fits[1]
scw/0712/071200080010.001/swg.fits[1]
scw/0712/071200090010.001/swg.fits[1]
scw/0712/071200100010.001/swg.fits[1]
scw/0712/071200110010.001/swg.fits[1]
scw/0712/071200120010.001/swg.fits[1]
scw/0712/071200190010.001/swg.fits[1]
scw/0713/071300160010.001/swg.fits[1]
scw/0762/076200560010.001/swg.fits[1]
scw/0762/076200570010.001/swg.fits[1]
scw/0776/077600060010.001/swg.fits[1]
scw/0776/077600070010.001/swg.fits[1]
scw/0776/077600080010.001/swg.fits[1]
scw/0776/077600090010.001/swg.fits[1]
scw/0776/077600100010.001/swg.fits[1]
scw/0776/077600110010.001/swg.fits[1]
scw/0776/077600120010.001/swg.fits[1]
scw/0801/080100340010.001/swg.fits[1]
scw/0802/080200440010.001/swg.fits[1]
scw/0802/080200500010.001/swg.fits[1]
scw/0821/082100350010.001/swg.fits[1]
scw/0821/082100420010.001/swg.fits[1]
scw/0822/082200240010.001/swg.fits[1]
scw/0823/082300170010.001/swg.fits[1]
scw/0823/082300240010.001/swg.fits[1]
scw/0824/082400060010.001/swg.fits[1]
scw/0886/088600240010.001/swg.fits[1]
scw/0886/088600260010.001/swg.fits[1]
scw/0886/088600270010.001/swg.fits[1]
scw/0886/088600280010.001/swg.fits[1]
scw/0886/088600290010.001/swg.fits[1]
scw/0886/088600300010.001/swg.fits[1]
scw/0886/088600310010.001/swg.fits[1]
scw/0886/088600320010.001/swg.fits[1]
scw/0886/088600330010.001/swg.fits[1]
scw/0886/088600340010.001/swg.fits[1]
scw/0886/088600350010.001/swg.fits[1]
scw/0886/088600360010.001/swg.fits[1]
scw/0886/088600370010.001/swg.fits[1]
scw/0886/088600380010.001/swg.fits[1]
scw/0891/089100030010.001/swg.fits[1]
scw/0891/089100040010.001/swg.fits[1]
scw/0891/089100050010.001/swg.fits[1]
scw/0891/089100060010.001/swg.fits[1]
scw/0891/089100070010.001/swg.fits[1]
scw/0891/089100080010.001/swg.fits[1]
scw/0891/089100090010.001/swg.fits[1]
scw/0891/089100100010.001/swg.fits[1]
scw/0891/089100130010.001/swg.fits[1]
scw/0891/089100140010.001/swg.fits[1]
scw/0891/089100150010.001/swg.fits[1]
scw/0891/089100160010.001/swg.fits[1]
scw/0891/089100170010.001/swg.fits[1]
scw/0891/089100620010.001/swg.fits[1]
scw/0891/089100630010.001/swg.fits[1]
scw/0891/089100640010.001/swg.fits[1]
scw/0891/089100660010.001/swg.fits[1]
scw/0891/089100670010.001/swg.fits[1]
scw/0891/089100680010.001/swg.fits[1]
scw/0891/089100690010.001/swg.fits[1]
scw/0891/089100700010.001/swg.fits[1]
scw/0891/089100710010.001/swg.fits[1]
scw/0891/089100720010.001/swg.fits[1]
scw/0891/089100730010.001/swg.fits[1]
scw/0891/089100740010.001/swg.fits[1]
scw/0891/089100750010.001/swg.fits[1]
scw/0891/089100760010.001/swg.fits[1]
scw/1009/100900470010.001/swg.fits[1]
scw/1009/100900480010.001/swg.fits[1]
scw/1009/100900490010.001/swg.fits[1]
scw/1009/100900500010.001/swg.fits[1]
scw/1009/100900510010.001/swg.fits[1]
scw/1009/100900520010.001/swg.fits[1]
scw/1009/100900530010.001/swg.fits[1]
scw/1009/100900540010.001/swg.fits[1]
scw/1009/100900550010.001/swg.fits[1]
scw/1009/100900570010.001/swg.fits[1]
scw/1009/100900580010.001/swg.fits[1]
scw/1009/100900590010.001/swg.fits[1]
scw/1009/100900600010.001/swg.fits[1]
scw/1009/100900610010.001/swg.fits[1]
scw/1009/100900640010.001/swg.fits[1]
scw/1009/100900650010.001/swg.fits[1]
scw/1009/100900660010.001/swg.fits[1]
scw/1009/100900670010.001/swg.fits[1]
scw/1009/100900680010.001/swg.fits[1]
scw/1009/100900690010.001/swg.fits[1]
scw/1009/100900700010.001/swg.fits[1]
scw/1009/100900720010.001/swg.fits[1]
scw/1009/100900740010.001/swg.fits[1]
scw/1009/100900750010.001/swg.fits[1]
scw/1009/100900760010.001/swg.fits[1]
scw/1009/100900770010.001/swg.fits[1]
scw/1009/100900780010.001/swg.fits[1]
scw/1009/100900790010.001/swg.fits[1]
scw/1010/101000260010.001/swg.fits[1]
scw/1010/101000270010.001/swg.fits[1]
scw/1010/101000280010.001/swg.fits[1]
scw/1010/101000290010.001/swg.fits[1]
scw/1010/101000300010.001/swg.fits[1]
scw/1010/101000310010.001/swg.fits[1]
scw/1010/101000330010.001/swg.fits[1]
scw/1010/101000340010.001/swg.fits[1]
scw/1010/101000350010.001/swg.fits[1]
scw/1010/101000360010.001/swg.fits[1]
scw/1010/101000370010.001/swg.fits[1]
scw/1010/101000380010.001/swg.fits[1]
scw/1010/101000390010.001/swg.fits[1]
scw/1010/101000400010.001/swg.fits[1]
scw/1010/101000430010.001/swg.fits[1]
scw/1010/101000440010.001/swg.fits[1]
scw/1010/101000450010.001/swg.fits[1]
scw/1010/101000460010.001/swg.fits[1]
scw/1010/101000470010.001/swg.fits[1]
scw/1010/101000480010.001/swg.fits[1]
scw/1010/101000490010.001/swg.fits[1]
scw/1010/101000500010.001/swg.fits[1]
scw/1010/101000510010.001/swg.fits[1]
scw/1010/101000520010.001/swg.fits[1]
scw/1010/101000530010.001/swg.fits[1]
scw/1010/101000540010.001/swg.fits[1]
scw/1010/101000550010.001/swg.fits[1]
scw/1010/101000560010.001/swg.fits[1]
scw/1135/113500400010.001/swg.fits[1]
scw/1135/113500410010.001/swg.fits[1]
scw/1135/113500420010.001/swg.fits[1]
scw/1135/113500430010.001/swg.fits[1]
scw/1135/113500440010.001/swg.fits[1]
scw/1135/113500450010.001/swg.fits[1]
scw/1135/113500460010.001/swg.fits[1]
scw/1135/113500470010.001/swg.fits[1]
scw/1135/113500480010.001/swg.fits[1]
scw/1135/113500490010.001/swg.fits[1]
scw/1135/113500500010.001/swg.fits[1]
scw/1135/113500510010.001/swg.fits[1]
scw/1135/113500520010.001/swg.fits[1]
scw/1135/113500530010.001/swg.fits[1]
