scw/2006/200600580010.001/swg.fits[1]
scw/2006/200600590010.001/swg.fits[1]
scw/2006/200600600010.001/swg.fits[1]
scw/2006/200600610010.001/swg.fits[1]
scw/2006/200600620010.001/swg.fits[1]
scw/2006/200600630010.001/swg.fits[1]
scw/2006/200600640010.001/swg.fits[1]
scw/2007/200700020010.001/swg.fits[1]
scw/2007/200700030010.001/swg.fits[1]
scw/2007/200700040010.001/swg.fits[1]
scw/2007/200700050010.001/swg.fits[1]
scw/2007/200700060010.001/swg.fits[1]
scw/2007/200700070010.001/swg.fits[1]
scw/2007/200700080010.001/swg.fits[1]
scw/2007/200700090010.001/swg.fits[1]
scw/2007/200700100010.001/swg.fits[1]
scw/2007/200700110010.001/swg.fits[1]
scw/2007/200700120010.001/swg.fits[1]
scw/2007/200700130010.001/swg.fits[1]
scw/2007/200700140010.001/swg.fits[1]
scw/2007/200700150010.001/swg.fits[1]
scw/2007/200700160010.001/swg.fits[1]
scw/2007/200700170010.001/swg.fits[1]
scw/2007/200700180010.001/swg.fits[1]
scw/2007/200700190010.001/swg.fits[1]
scw/2007/200700200010.001/swg.fits[1]
scw/2007/200700210010.001/swg.fits[1]
scw/2007/200700220010.001/swg.fits[1]
scw/2007/200700230010.001/swg.fits[1]
scw/2007/200700240010.001/swg.fits[1]
scw/2007/200700250010.001/swg.fits[1]
scw/2007/200700260010.001/swg.fits[1]
scw/2007/200700270010.001/swg.fits[1]
scw/2007/200700280010.001/swg.fits[1]
scw/2007/200700290010.001/swg.fits[1]
scw/2007/200700290020.001/swg.fits[1]
scw/2007/200700300010.001/swg.fits[1]
scw/2007/200700310010.001/swg.fits[1]
scw/2007/200700320010.001/swg.fits[1]
scw/2007/200700330010.001/swg.fits[1]
scw/2007/200700340010.001/swg.fits[1]
scw/2007/200700350010.001/swg.fits[1]
scw/2007/200700360010.001/swg.fits[1]
scw/2007/200700370010.001/swg.fits[1]
scw/2007/200700380010.001/swg.fits[1]
scw/2007/200700390010.001/swg.fits[1]
scw/2007/200700400010.001/swg.fits[1]
scw/2007/200700410010.001/swg.fits[1]
scw/2007/200700420010.001/swg.fits[1]
scw/2007/200700430010.001/swg.fits[1]
scw/2007/200700440010.001/swg.fits[1]
scw/2007/200700450010.001/swg.fits[1]
scw/2007/200700460010.001/swg.fits[1]
scw/2007/200700470010.001/swg.fits[1]
scw/2007/200700480010.001/swg.fits[1]
scw/2007/200700490010.001/swg.fits[1]
scw/2007/200700500010.001/swg.fits[1]
scw/2007/200700510010.001/swg.fits[1]
scw/2007/200700520010.001/swg.fits[1]
scw/2007/200700530010.001/swg.fits[1]
scw/2015/201500360010.001/swg.fits[1]
scw/2015/201500370010.001/swg.fits[1]
scw/2015/201500380010.001/swg.fits[1]
scw/2015/201500390010.001/swg.fits[1]
scw/2015/201500400010.001/swg.fits[1]
scw/2015/201500410010.001/swg.fits[1]
scw/2015/201500420010.001/swg.fits[1]
scw/2015/201500520010.001/swg.fits[1]
scw/2015/201500530010.001/swg.fits[1]
scw/2015/201500540010.001/swg.fits[1]
scw/2015/201500550010.001/swg.fits[1]
scw/2015/201500560010.001/swg.fits[1]
scw/2015/201500570010.001/swg.fits[1]
scw/2015/201500580010.001/swg.fits[1]
scw/2015/201500680010.001/swg.fits[1]
scw/2015/201500690010.001/swg.fits[1]
scw/2015/201500700010.001/swg.fits[1]
scw/2015/201500710010.001/swg.fits[1]
scw/2015/201500720010.001/swg.fits[1]
scw/2015/201500730010.001/swg.fits[1]
scw/2015/201500740010.001/swg.fits[1]
scw/2015/201500840010.001/swg.fits[1]
scw/2015/201500850010.001/swg.fits[1]
scw/2015/201500860010.001/swg.fits[1]
scw/2015/201500870010.001/swg.fits[1]
scw/2015/201500880010.001/swg.fits[1]
scw/2015/201500890010.001/swg.fits[1]
scw/2015/201500900010.001/swg.fits[1]
scw/2016/201600680010.001/swg.fits[1]
scw/2016/201600690010.001/swg.fits[1]
scw/2016/201600700010.001/swg.fits[1]
scw/2016/201600710010.001/swg.fits[1]
scw/2016/201600720010.001/swg.fits[1]
scw/2016/201600730010.001/swg.fits[1]
scw/2016/201600740010.001/swg.fits[1]
scw/2016/201600840010.001/swg.fits[1]
scw/2016/201600850010.001/swg.fits[1]
scw/2016/201600860010.001/swg.fits[1]
scw/2016/201600870010.001/swg.fits[1]
scw/2016/201600880010.001/swg.fits[1]
scw/2016/201600890010.001/swg.fits[1]
scw/2016/201600900010.001/swg.fits[1]
scw/2017/201700020010.001/swg.fits[1]
scw/2017/201700030010.001/swg.fits[1]
scw/2017/201700040010.001/swg.fits[1]
scw/2017/201700050010.001/swg.fits[1]
scw/2017/201700060010.001/swg.fits[1]
scw/2017/201700070010.001/swg.fits[1]
scw/2017/201700080010.001/swg.fits[1]
scw/2017/201700180010.001/swg.fits[1]
scw/2017/201700190010.001/swg.fits[1]
scw/2017/201700200010.001/swg.fits[1]
scw/2017/201700210010.001/swg.fits[1]
scw/2017/201700220010.001/swg.fits[1]
scw/2017/201700230010.001/swg.fits[1]
scw/2017/201700240010.001/swg.fits[1]
scw/2017/201700340010.001/swg.fits[1]
scw/2017/201700380010.001/swg.fits[1]
scw/2017/201700390010.001/swg.fits[1]
scw/2017/201700400010.001/swg.fits[1]
scw/2017/201700500010.001/swg.fits[1]
scw/2017/201700510010.001/swg.fits[1]
scw/2017/201700520010.001/swg.fits[1]
scw/2017/201700530010.001/swg.fits[1]
scw/2017/201700540010.001/swg.fits[1]
scw/2017/201700550010.001/swg.fits[1]
scw/2017/201700560010.001/swg.fits[1]
scw/2017/201700660010.001/swg.fits[1]
scw/2017/201700670010.001/swg.fits[1]
scw/2017/201700680010.001/swg.fits[1]
scw/2017/201700690010.001/swg.fits[1]
scw/2017/201700700010.001/swg.fits[1]
scw/2017/201700710010.001/swg.fits[1]
scw/2017/201700720010.001/swg.fits[1]
scw/2017/201700820010.001/swg.fits[1]
scw/2017/201700830010.001/swg.fits[1]
scw/2017/201700840010.001/swg.fits[1]
scw/2017/201700850010.001/swg.fits[1]
scw/2017/201700860010.001/swg.fits[1]
scw/2017/201700870010.001/swg.fits[1]
scw/2017/201700880010.001/swg.fits[1]
scw/2018/201800280010.001/swg.fits[1]
scw/2018/201800290010.001/swg.fits[1]
scw/2018/201800300010.001/swg.fits[1]
scw/2018/201800310010.001/swg.fits[1]
scw/2018/201800320010.001/swg.fits[1]
scw/2018/201800330010.001/swg.fits[1]
scw/2018/201800340010.001/swg.fits[1]
scw/2018/201800440010.001/swg.fits[1]
scw/2018/201800450010.001/swg.fits[1]
scw/2018/201800460010.001/swg.fits[1]
scw/2018/201800470010.001/swg.fits[1]
scw/2018/201800480010.001/swg.fits[1]
scw/2018/201800490010.001/swg.fits[1]
scw/2018/201800500010.001/swg.fits[1]
scw/2019/201900120010.001/swg.fits[1]
scw/2019/201900130010.001/swg.fits[1]
scw/2019/201900140010.001/swg.fits[1]
scw/2019/201900150010.001/swg.fits[1]
scw/2019/201900160010.001/swg.fits[1]
scw/2019/201900170010.001/swg.fits[1]
scw/2019/201900180010.001/swg.fits[1]
scw/2019/201900280010.001/swg.fits[1]
scw/2019/201900290010.001/swg.fits[1]
scw/2019/201900300010.001/swg.fits[1]
scw/2019/201900310010.001/swg.fits[1]
scw/2019/201900320010.001/swg.fits[1]
scw/2019/201900330010.001/swg.fits[1]
scw/2019/201900340010.001/swg.fits[1]
scw/2019/201900440010.001/swg.fits[1]
scw/2019/201900450010.001/swg.fits[1]
scw/2019/201900460010.001/swg.fits[1]
scw/2019/201900470010.001/swg.fits[1]
scw/2019/201900480010.001/swg.fits[1]
scw/2019/201900490010.001/swg.fits[1]
scw/2019/201900500010.001/swg.fits[1]
scw/2019/201900600010.001/swg.fits[1]
scw/2019/201900610010.001/swg.fits[1]
scw/2019/201900620010.001/swg.fits[1]
scw/2019/201900630010.001/swg.fits[1]
scw/2019/201900640010.001/swg.fits[1]
scw/2019/201900650010.001/swg.fits[1]
scw/2019/201900660010.001/swg.fits[1]
scw/2020/202000120010.001/swg.fits[1]
scw/2020/202000130010.001/swg.fits[1]
scw/2020/202000140010.001/swg.fits[1]
scw/2020/202000150010.001/swg.fits[1]
scw/2020/202000160010.001/swg.fits[1]
scw/2020/202000170010.001/swg.fits[1]
scw/2020/202000180010.001/swg.fits[1]
scw/2020/202000280010.001/swg.fits[1]
scw/2020/202000290010.001/swg.fits[1]
scw/2020/202000300010.001/swg.fits[1]
scw/2020/202000310010.001/swg.fits[1]
scw/2020/202000320010.001/swg.fits[1]
scw/2020/202000330010.001/swg.fits[1]
scw/2020/202000340010.001/swg.fits[1]
scw/2020/202000700010.001/swg.fits[1]
scw/2020/202000710010.001/swg.fits[1]
scw/2020/202000720010.001/swg.fits[1]
scw/2020/202000730010.001/swg.fits[1]
scw/2020/202000740010.001/swg.fits[1]
scw/2020/202000750010.001/swg.fits[1]
scw/2020/202000760010.001/swg.fits[1]
scw/2021/202100020010.001/swg.fits[1]
scw/2021/202100030010.001/swg.fits[1]
scw/2021/202100040010.001/swg.fits[1]
scw/2021/202100050010.001/swg.fits[1]
scw/2021/202100060010.001/swg.fits[1]
scw/2021/202100070010.001/swg.fits[1]
scw/2021/202100080010.001/swg.fits[1]
scw/2021/202100180010.001/swg.fits[1]
scw/2021/202100190010.001/swg.fits[1]
scw/2021/202100200010.001/swg.fits[1]
scw/2021/202100210010.001/swg.fits[1]
scw/2021/202100220010.001/swg.fits[1]
scw/2021/202100230010.001/swg.fits[1]
scw/2021/202100240010.001/swg.fits[1]
scw/2021/202100340010.001/swg.fits[1]
scw/2021/202100350010.001/swg.fits[1]
scw/2021/202100360010.001/swg.fits[1]
scw/2021/202100370010.001/swg.fits[1]
scw/2021/202100380010.001/swg.fits[1]
scw/2021/202100390010.001/swg.fits[1]
scw/2021/202100400010.001/swg.fits[1]
scw/2021/202100500010.001/swg.fits[1]
scw/2021/202100510010.001/swg.fits[1]
scw/2021/202100520010.001/swg.fits[1]
scw/2021/202100530010.001/swg.fits[1]
scw/2021/202100540010.001/swg.fits[1]
scw/2021/202100550010.001/swg.fits[1]
scw/2021/202100560010.001/swg.fits[1]
scw/2021/202100660010.001/swg.fits[1]
scw/2021/202100670010.001/swg.fits[1]
scw/2021/202100680010.001/swg.fits[1]
scw/2021/202100690010.001/swg.fits[1]
scw/2021/202100700010.001/swg.fits[1]
scw/2021/202100710010.001/swg.fits[1]
scw/2021/202100720010.001/swg.fits[1]
scw/2021/202100820010.001/swg.fits[1]
scw/2021/202100830010.001/swg.fits[1]
scw/2021/202100840010.001/swg.fits[1]
scw/2021/202100850010.001/swg.fits[1]
