scw/0941/094100320010.001/swg.fits[1]
scw/0941/094100360010.001/swg.fits[1]
scw/0941/094100470010.001/swg.fits[1]
scw/0941/094100550010.001/swg.fits[1]
scw/0941/094100560010.001/swg.fits[1]
scw/0941/094100570010.001/swg.fits[1]
scw/0941/094100580010.001/swg.fits[1]
scw/0941/094100590010.001/swg.fits[1]
scw/0942/094200010010.001/swg.fits[1]
scw/0942/094200020010.001/swg.fits[1]
scw/0942/094200030010.001/swg.fits[1]
scw/0942/094200040010.001/swg.fits[1]
scw/0942/094200050010.001/swg.fits[1]
scw/0942/094200060010.001/swg.fits[1]
scw/0942/094200120010.001/swg.fits[1]
scw/0942/094200130010.001/swg.fits[1]
scw/0942/094200140010.001/swg.fits[1]
scw/0942/094200150010.001/swg.fits[1]
scw/0942/094200230010.001/swg.fits[1]
scw/0942/094200330010.001/swg.fits[1]
scw/0942/094200340010.001/swg.fits[1]
scw/0942/094200350010.001/swg.fits[1]
scw/0942/094200360010.001/swg.fits[1]
scw/0942/094200400010.001/swg.fits[1]
scw/0942/094200410010.001/swg.fits[1]
scw/0942/094200420010.001/swg.fits[1]
scw/0942/094200430010.001/swg.fits[1]
scw/0942/094200440010.001/swg.fits[1]
scw/0942/094200450010.001/swg.fits[1]
scw/0942/094200460010.001/swg.fits[1]
scw/0942/094200470010.001/swg.fits[1]
scw/0942/094200510010.001/swg.fits[1]
scw/0942/094200520010.001/swg.fits[1]
scw/0942/094200530010.001/swg.fits[1]
scw/0942/094200540010.001/swg.fits[1]
scw/0942/094200550010.001/swg.fits[1]
scw/0942/094200560010.001/swg.fits[1]
scw/0943/094300040010.001/swg.fits[1]
scw/0943/094300050010.001/swg.fits[1]
scw/0943/094300060010.001/swg.fits[1]
scw/0943/094300150010.001/swg.fits[1]
scw/0943/094300160010.001/swg.fits[1]
scw/0943/094300170010.001/swg.fits[1]
scw/0943/094300230010.001/swg.fits[1]
scw/0943/094300240010.001/swg.fits[1]
scw/0943/094300250010.001/swg.fits[1]
scw/0943/094300260010.001/swg.fits[1]
scw/0943/094300270010.001/swg.fits[1]
scw/0943/094300280010.001/swg.fits[1]
scw/0943/094300320010.001/swg.fits[1]
scw/0943/094300330010.001/swg.fits[1]
scw/0943/094300340010.001/swg.fits[1]
scw/0943/094300350010.001/swg.fits[1]
scw/0943/094300360010.001/swg.fits[1]
scw/0943/094300370010.001/swg.fits[1]
scw/0943/094300380010.001/swg.fits[1]
scw/0943/094300430010.001/swg.fits[1]
scw/0943/094300470010.001/swg.fits[1]
scw/0943/094300550010.001/swg.fits[1]
scw/0943/094300560010.001/swg.fits[1]
scw/0943/094300570010.001/swg.fits[1]
scw/0943/094300580010.001/swg.fits[1]
scw/0944/094400010010.001/swg.fits[1]
scw/0944/094400020010.001/swg.fits[1]
scw/0944/094400030010.001/swg.fits[1]
scw/0944/094400040010.001/swg.fits[1]
scw/0944/094400050010.001/swg.fits[1]
scw/0944/094400100010.001/swg.fits[1]
scw/0944/094400110010.001/swg.fits[1]
scw/0944/094400120010.001/swg.fits[1]
scw/0944/094400130010.001/swg.fits[1]
scw/0944/094400140010.001/swg.fits[1]
scw/0944/094400220010.001/swg.fits[1]
scw/0944/094400330010.001/swg.fits[1]
scw/0944/094400340010.001/swg.fits[1]
scw/0944/094400410010.001/swg.fits[1]
scw/0944/094400420010.001/swg.fits[1]
scw/0944/094400430010.001/swg.fits[1]
scw/0944/094400440010.001/swg.fits[1]
scw/0944/094400450010.001/swg.fits[1]
scw/0944/094400500010.001/swg.fits[1]
scw/0944/094400510010.001/swg.fits[1]
scw/0944/094400520010.001/swg.fits[1]
scw/0944/094400530010.001/swg.fits[1]
scw/0944/094400540010.001/swg.fits[1]
scw/0944/094400610010.001/swg.fits[1]
scw/0950/095000810010.001/swg.fits[1]
scw/0950/095000820010.001/swg.fits[1]
scw/0950/095000830010.001/swg.fits[1]
scw/0978/097800250010.001/swg.fits[1]
scw/0978/097800260010.001/swg.fits[1]
scw/0978/097800270010.001/swg.fits[1]
scw/0978/097800280010.001/swg.fits[1]
scw/0978/097800300010.001/swg.fits[1]
scw/0978/097800310010.001/swg.fits[1]
scw/0978/097800320010.001/swg.fits[1]
scw/0978/097800330010.001/swg.fits[1]
scw/0978/097800340010.001/swg.fits[1]
scw/0978/097800350010.001/swg.fits[1]
scw/0978/097800360010.001/swg.fits[1]
scw/0978/097800370010.001/swg.fits[1]
scw/0978/097800380010.001/swg.fits[1]
scw/0978/097800390010.001/swg.fits[1]
scw/0978/097800400010.001/swg.fits[1]
scw/0978/097800410010.001/swg.fits[1]
scw/0978/097800420010.001/swg.fits[1]
scw/0978/097800430010.001/swg.fits[1]
scw/0978/097800440010.001/swg.fits[1]
scw/0978/097800450010.001/swg.fits[1]
scw/0978/097800460010.001/swg.fits[1]
scw/0978/097800470010.001/swg.fits[1]
scw/0978/097800480010.001/swg.fits[1]
scw/0978/097800530010.001/swg.fits[1]
scw/0978/097800540010.001/swg.fits[1]
scw/0982/098200380010.001/swg.fits[1]
scw/0982/098200390010.001/swg.fits[1]
scw/0982/098200400010.001/swg.fits[1]
scw/0982/098200410010.001/swg.fits[1]
scw/0982/098200420010.001/swg.fits[1]
scw/0982/098200430010.001/swg.fits[1]
scw/0982/098200440010.001/swg.fits[1]
scw/0982/098200450010.001/swg.fits[1]
scw/0982/098200460010.001/swg.fits[1]
scw/0982/098200470010.001/swg.fits[1]
scw/0982/098200480010.001/swg.fits[1]
scw/0982/098200490010.001/swg.fits[1]
scw/0982/098200500010.001/swg.fits[1]
scw/0982/098200510010.001/swg.fits[1]
scw/0982/098200520010.001/swg.fits[1]
scw/0982/098200530010.001/swg.fits[1]
scw/0982/098200540010.001/swg.fits[1]
scw/0982/098200550010.001/swg.fits[1]
scw/0982/098200580010.001/swg.fits[1]
scw/0982/098200590010.001/swg.fits[1]
scw/0999/099900390010.001/swg.fits[1]
scw/0999/099900470010.001/swg.fits[1]
scw/0999/099900480010.001/swg.fits[1]
scw/0999/099900490010.001/swg.fits[1]
scw/0999/099900500010.001/swg.fits[1]
scw/0999/099900510010.001/swg.fits[1]
scw/0999/099900550010.001/swg.fits[1]
scw/0999/099900560010.001/swg.fits[1]
scw/0999/099900570010.001/swg.fits[1]
scw/0999/099900580010.001/swg.fits[1]
scw/0999/099900590010.001/swg.fits[1]
scw/0999/099900600010.001/swg.fits[1]
scw/0999/099900610010.001/swg.fits[1]
scw/0999/099900620010.001/swg.fits[1]
scw/0999/099900660010.001/swg.fits[1]
scw/0999/099900670010.001/swg.fits[1]
scw/0999/099900680010.001/swg.fits[1]
scw/0999/099900680020.001/swg.fits[1]
scw/1000/100000020010.001/swg.fits[1]
scw/1000/100000030010.001/swg.fits[1]
scw/1000/100000110010.001/swg.fits[1]
scw/1000/100000220010.001/swg.fits[1]
scw/1000/100000300010.001/swg.fits[1]
scw/1000/100000310010.001/swg.fits[1]
scw/1000/100000320010.001/swg.fits[1]
scw/1000/100000330010.001/swg.fits[1]
scw/1000/100000340010.001/swg.fits[1]
scw/1000/100000390010.001/swg.fits[1]
scw/1000/100000400010.001/swg.fits[1]
scw/1000/100000410010.001/swg.fits[1]
scw/1000/100000420010.001/swg.fits[1]
scw/1000/100000430010.001/swg.fits[1]
scw/1000/100000440010.001/swg.fits[1]
scw/1000/100000490010.001/swg.fits[1]
scw/1000/100000500010.001/swg.fits[1]
scw/1000/100000510010.001/swg.fits[1]
scw/1000/100000520010.001/swg.fits[1]
scw/1000/100000530010.001/swg.fits[1]
scw/1000/100000610010.001/swg.fits[1]
scw/1001/100100090010.001/swg.fits[1]
scw/1001/100100100010.001/swg.fits[1]
scw/1001/100100160010.001/swg.fits[1]
scw/1001/100100170010.001/swg.fits[1]
scw/1001/100100180010.001/swg.fits[1]
scw/1001/100100190010.001/swg.fits[1]
scw/1001/100100200010.001/swg.fits[1]
scw/1001/100100210010.001/swg.fits[1]
scw/1001/100100250010.001/swg.fits[1]
scw/1001/100100260010.001/swg.fits[1]
scw/1001/100100270010.001/swg.fits[1]
scw/1001/100100280010.001/swg.fits[1]
scw/1001/100100300010.001/swg.fits[1]
scw/1001/100100310010.001/swg.fits[1]
scw/1001/100100320010.001/swg.fits[1]
scw/1001/100100380010.001/swg.fits[1]
scw/1001/100100390010.001/swg.fits[1]
scw/1001/100100400010.001/swg.fits[1]
scw/1001/100100490010.001/swg.fits[1]
scw/1001/100100600010.001/swg.fits[1]
scw/1001/100100610010.001/swg.fits[1]
scw/1002/100200540010.001/swg.fits[1]
scw/1002/100200550010.001/swg.fits[1]
scw/1002/100200560010.001/swg.fits[1]
scw/1002/100200570010.001/swg.fits[1]
scw/1002/100200580010.001/swg.fits[1]
scw/1002/100200590010.001/swg.fits[1]
scw/1002/100200640010.001/swg.fits[1]
scw/1002/100200650010.001/swg.fits[1]
scw/1014/101400070010.001/swg.fits[1]
scw/1014/101400080010.001/swg.fits[1]
scw/1014/101400090010.001/swg.fits[1]
scw/1014/101400100010.001/swg.fits[1]
scw/1014/101400210010.001/swg.fits[1]
scw/1014/101400220010.001/swg.fits[1]
scw/1014/101400230010.001/swg.fits[1]
scw/1014/101400240010.001/swg.fits[1]
scw/1014/101400310010.001/swg.fits[1]
scw/1014/101400320010.001/swg.fits[1]
scw/1014/101400330010.001/swg.fits[1]
scw/1014/101400340010.001/swg.fits[1]
scw/1014/101400410010.001/swg.fits[1]
scw/1014/101400420010.001/swg.fits[1]
scw/1014/101400430010.001/swg.fits[1]
scw/1014/101400440010.001/swg.fits[1]
scw/1014/101400500010.001/swg.fits[1]
scw/1014/101400510010.001/swg.fits[1]
scw/1014/101400520010.001/swg.fits[1]
scw/1014/101400530010.001/swg.fits[1]
scw/1014/101400540010.001/swg.fits[1]
scw/1014/101400610010.001/swg.fits[1]
scw/1014/101400620010.001/swg.fits[1]
scw/1015/101500040010.001/swg.fits[1]
scw/1015/101500050010.001/swg.fits[1]
scw/1015/101500060010.001/swg.fits[1]
scw/1015/101500110010.001/swg.fits[1]
scw/1015/101500120010.001/swg.fits[1]
scw/1015/101500130010.001/swg.fits[1]
scw/1015/101500140010.001/swg.fits[1]
scw/1015/101500150010.001/swg.fits[1]
scw/1015/101500220010.001/swg.fits[1]
scw/1015/101500230010.001/swg.fits[1]
