scw/2005/200500780010.001/swg.fits[1]
scw/2005/200500880010.001/swg.fits[1]
scw/2005/200500930010.001/swg.fits[1]
scw/2006/200600030010.001/swg.fits[1]
scw/2006/200600040010.001/swg.fits[1]
scw/2006/200600050010.001/swg.fits[1]
scw/2006/200600060010.001/swg.fits[1]
scw/2006/200600070010.001/swg.fits[1]
scw/2006/200600080010.001/swg.fits[1]
scw/2006/200600090010.001/swg.fits[1]
scw/2006/200600140010.001/swg.fits[1]
scw/2006/200600150010.001/swg.fits[1]
scw/2006/200600160010.001/swg.fits[1]
scw/2006/200600170010.001/swg.fits[1]
scw/2008/200800020010.001/swg.fits[1]
scw/2008/200800030010.001/swg.fits[1]
scw/2008/200800040010.001/swg.fits[1]
scw/2008/200800050010.001/swg.fits[1]
scw/2008/200800120010.001/swg.fits[1]
scw/2008/200800130010.001/swg.fits[1]
scw/2008/200800140010.001/swg.fits[1]
scw/2008/200800150010.001/swg.fits[1]
scw/2008/200800160010.001/swg.fits[1]
scw/2008/200800170010.001/swg.fits[1]
scw/2008/200800230010.001/swg.fits[1]
scw/2008/200800240010.001/swg.fits[1]
scw/2008/200800250010.001/swg.fits[1]
scw/2008/200800360010.001/swg.fits[1]
scw/2008/200800400010.001/swg.fits[1]
scw/2008/200800410010.001/swg.fits[1]
scw/2008/200800420010.001/swg.fits[1]
scw/2008/200800450010.001/swg.fits[1]
scw/2008/200800460010.001/swg.fits[1]
scw/2008/200800560010.001/swg.fits[1]
scw/2008/200800570010.001/swg.fits[1]
scw/2008/200800580010.001/swg.fits[1]
scw/2008/200800620010.001/swg.fits[1]
scw/2008/200800680010.001/swg.fits[1]
scw/2008/200800720010.001/swg.fits[1]
scw/2008/200800730010.001/swg.fits[1]
scw/2008/200800740010.001/swg.fits[1]
scw/2008/200800780010.001/swg.fits[1]
scw/2008/200800840010.001/swg.fits[1]
scw/2008/200800880010.001/swg.fits[1]
scw/2008/200800890010.001/swg.fits[1]
scw/2008/200800900010.001/swg.fits[1]
scw/2008/200800920010.001/swg.fits[1]
scw/2008/200800930010.001/swg.fits[1]
scw/2008/200800940010.001/swg.fits[1]
scw/2008/200800950010.001/swg.fits[1]
scw/2009/200900120010.001/swg.fits[1]
scw/2009/200900130010.001/swg.fits[1]
scw/2009/200900190010.001/swg.fits[1]
scw/2009/200900200010.001/swg.fits[1]
scw/2009/200900210010.001/swg.fits[1]
scw/2009/200900220010.001/swg.fits[1]
scw/2009/200900230010.001/swg.fits[1]
scw/2009/200900240010.001/swg.fits[1]
scw/2009/200900250010.001/swg.fits[1]
scw/2009/200900290010.001/swg.fits[1]
scw/2009/200900300010.001/swg.fits[1]
scw/2009/200900410010.001/swg.fits[1]
scw/2009/200900450010.001/swg.fits[1]
scw/2009/200900460010.001/swg.fits[1]
scw/2009/200900470010.001/swg.fits[1]
scw/2009/200900560010.001/swg.fits[1]
scw/2009/200900570010.001/swg.fits[1]
scw/2009/200900580010.001/swg.fits[1]
scw/2009/200900610010.001/swg.fits[1]
scw/2009/200900620010.001/swg.fits[1]
scw/2009/200900720010.001/swg.fits[1]
scw/2009/200900730010.001/swg.fits[1]
scw/2009/200900740010.001/swg.fits[1]
scw/2009/200900780010.001/swg.fits[1]
scw/2009/200900840010.001/swg.fits[1]
scw/2009/200900880010.001/swg.fits[1]
scw/2009/200900890010.001/swg.fits[1]
scw/2009/200900900010.001/swg.fits[1]
scw/2009/200900940010.001/swg.fits[1]
scw/2012/201200560010.001/swg.fits[1]
scw/2012/201200700010.001/swg.fits[1]
scw/2012/201200710010.001/swg.fits[1]
scw/2012/201200720010.001/swg.fits[1]
scw/2012/201200790010.001/swg.fits[1]
scw/2012/201200800010.001/swg.fits[1]
scw/2012/201200810010.001/swg.fits[1]
scw/2012/201200820010.001/swg.fits[1]
scw/2012/201200830010.001/swg.fits[1]
scw/2013/201300110010.001/swg.fits[1]
scw/2013/201300190010.001/swg.fits[1]
scw/2013/201300200010.001/swg.fits[1]
scw/2013/201300210010.001/swg.fits[1]
scw/2013/201300220010.001/swg.fits[1]
scw/2013/201300230010.001/swg.fits[1]
scw/2013/201300290010.001/swg.fits[1]
scw/2013/201300350010.001/swg.fits[1]
scw/2013/201300390010.001/swg.fits[1]
scw/2013/201300400010.001/swg.fits[1]
scw/2013/201300410010.001/swg.fits[1]
scw/2013/201300430010.001/swg.fits[1]
scw/2013/201300440010.001/swg.fits[1]
scw/2013/201300450010.001/swg.fits[1]
scw/2013/201300460010.001/swg.fits[1]
scw/2013/201300560010.001/swg.fits[1]
scw/2013/201300600010.001/swg.fits[1]
scw/2013/201300610010.001/swg.fits[1]
scw/2013/201300710010.001/swg.fits[1]
scw/2013/201300720010.001/swg.fits[1]
scw/2013/201300730010.001/swg.fits[1]
scw/2013/201300770010.001/swg.fits[1]
scw/2013/201300870010.001/swg.fits[1]
scw/2013/201300880010.001/swg.fits[1]
scw/2013/201300890010.001/swg.fits[1]
scw/2013/201300920010.001/swg.fits[1]
scw/2013/201300930010.001/swg.fits[1]
scw/2013/201300940010.001/swg.fits[1]
scw/2014/201400030010.001/swg.fits[1]
scw/2014/201400040010.001/swg.fits[1]
scw/2014/201400050010.001/swg.fits[1]
scw/2014/201400180010.001/swg.fits[1]
scw/2014/201400190010.001/swg.fits[1]
scw/2014/201400200010.001/swg.fits[1]
scw/2014/201400260010.001/swg.fits[1]
scw/2014/201400270010.001/swg.fits[1]
scw/2014/201400280010.001/swg.fits[1]
scw/2014/201400290010.001/swg.fits[1]
scw/2014/201400300010.001/swg.fits[1]
scw/2014/201400310010.001/swg.fits[1]
scw/2014/201400360010.001/swg.fits[1]
scw/2014/201400420010.001/swg.fits[1]
scw/2014/201400460010.001/swg.fits[1]
scw/2014/201400470010.001/swg.fits[1]
scw/2014/201400480010.001/swg.fits[1]
scw/2014/201400500010.001/swg.fits[1]
scw/2014/201400510010.001/swg.fits[1]
scw/2014/201400520010.001/swg.fits[1]
scw/2014/201400530010.001/swg.fits[1]
scw/2014/201400630010.001/swg.fits[1]
scw/2014/201400680010.001/swg.fits[1]
scw/2015/201500030010.001/swg.fits[1]
scw/2015/201500040010.001/swg.fits[1]
scw/2015/201500050010.001/swg.fits[1]
scw/2015/201500190010.001/swg.fits[1]
scw/2015/201500200010.001/swg.fits[1]
scw/2015/201500210010.001/swg.fits[1]
scw/2015/201500270010.001/swg.fits[1]
scw/2015/201500280010.001/swg.fits[1]
scw/2015/201500290010.001/swg.fits[1]
scw/2015/201500300010.001/swg.fits[1]
scw/2015/201500310010.001/swg.fits[1]
scw/2015/201500320010.001/swg.fits[1]
scw/2015/201500330010.001/swg.fits[1]
scw/2016/201600040010.001/swg.fits[1]
scw/2016/201600050010.001/swg.fits[1]
scw/2016/201600060010.001/swg.fits[1]
scw/2016/201600070010.001/swg.fits[1]
scw/2016/201600080010.001/swg.fits[1]
scw/2016/201600090010.001/swg.fits[1]
scw/2016/201600150010.001/swg.fits[1]
scw/2016/201600160010.001/swg.fits[1]
scw/2016/201600170010.001/swg.fits[1]
scw/2016/201600200010.001/swg.fits[1]
scw/2016/201600210010.001/swg.fits[1]
scw/2016/201600280010.001/swg.fits[1]
scw/2016/201600290010.001/swg.fits[1]
scw/2056/205600060010.001/swg.fits[1]
scw/2056/205600070010.001/swg.fits[1]
scw/2056/205600080010.001/swg.fits[1]
scw/2056/205600110010.001/swg.fits[1]
scw/2056/205600120010.001/swg.fits[1]
scw/2056/205600130010.001/swg.fits[1]
scw/2056/205600140010.001/swg.fits[1]
scw/2056/205600150010.001/swg.fits[1]
scw/2056/205600160010.001/swg.fits[1]
scw/2056/205600170010.001/swg.fits[1]
scw/2056/205600230010.001/swg.fits[1]
scw/2056/205600240010.001/swg.fits[1]
scw/2056/205600250010.001/swg.fits[1]
scw/2056/205600370010.001/swg.fits[1]
scw/2056/205600380010.001/swg.fits[1]
scw/2056/205600390010.001/swg.fits[1]
scw/2056/205600400010.001/swg.fits[1]
scw/2056/205600410010.001/swg.fits[1]
scw/2056/205600420010.001/swg.fits[1]
scw/2056/205600430010.001/swg.fits[1]
scw/2056/205600490010.001/swg.fits[1]
scw/2056/205600500010.001/swg.fits[1]
scw/2056/205600510010.001/swg.fits[1]
scw/2057/205700060010.001/swg.fits[1]
scw/2057/205700070010.001/swg.fits[1]
scw/2057/205700080010.001/swg.fits[1]
scw/2057/205700130010.001/swg.fits[1]
scw/2057/205700140010.001/swg.fits[1]
scw/2057/205700150010.001/swg.fits[1]
scw/2057/205700400010.001/swg.fits[1]
scw/2057/205700410010.001/swg.fits[1]
scw/2057/205700470010.001/swg.fits[1]
scw/2057/205700480010.001/swg.fits[1]
scw/2057/205700490010.001/swg.fits[1]
scw/2057/205700500010.001/swg.fits[1]
scw/2057/205700510010.001/swg.fits[1]
scw/2057/205700520010.001/swg.fits[1]
scw/2057/205700570010.001/swg.fits[1]
scw/2057/205700580010.001/swg.fits[1]
scw/2057/205700590010.001/swg.fits[1]
scw/2057/205700600010.001/swg.fits[1]
scw/2057/205700610010.001/swg.fits[1]
scw/2057/205700620010.001/swg.fits[1]
scw/2060/206000580010.001/swg.fits[1]
scw/2060/206000630010.001/swg.fits[1]
scw/2060/206000640010.001/swg.fits[1]
scw/2060/206000650010.001/swg.fits[1]
scw/2060/206000660010.001/swg.fits[1]
scw/2060/206000670010.001/swg.fits[1]
scw/2060/206000680010.001/swg.fits[1]
scw/2064/206400100010.001/swg.fits[1]
scw/2064/206400110010.001/swg.fits[1]
scw/2064/206400120010.001/swg.fits[1]
scw/2064/206400170010.001/swg.fits[1]
scw/2064/206400180010.001/swg.fits[1]
scw/2064/206400410010.001/swg.fits[1]
scw/2064/206400420010.001/swg.fits[1]
scw/2064/206400630010.001/swg.fits[1]
scw/2065/206500060010.001/swg.fits[1]
scw/2065/206500070010.001/swg.fits[1]
scw/2065/206500080010.001/swg.fits[1]
scw/2065/206500100010.001/swg.fits[1]
scw/2065/206500110010.001/swg.fits[1]
scw/2065/206500120010.001/swg.fits[1]
scw/2065/206500130010.001/swg.fits[1]
scw/2065/206500140010.001/swg.fits[1]
scw/2065/206500150010.001/swg.fits[1]
scw/2065/206500160010.001/swg.fits[1]
scw/2065/206500360010.001/swg.fits[1]
scw/2065/206500370010.001/swg.fits[1]
scw/2065/206500380010.001/swg.fits[1]
scw/2065/206500390010.001/swg.fits[1]
scw/2065/206500400010.001/swg.fits[1]
scw/2065/206500440010.001/swg.fits[1]
scw/2065/206500450010.001/swg.fits[1]
scw/2065/206500460010.001/swg.fits[1]
scw/2065/206500470010.001/swg.fits[1]
scw/2065/206500480010.001/swg.fits[1]
scw/2065/206500490010.001/swg.fits[1]
scw/2065/206500500010.001/swg.fits[1]
scw/2065/206500510010.001/swg.fits[1]
scw/2065/206500550010.001/swg.fits[1]
