scw/1720/172000700010.001/swg.fits[1]
scw/1720/172000710010.001/swg.fits[1]
scw/1720/172000720010.001/swg.fits[1]
scw/1720/172000750010.001/swg.fits[1]
scw/1720/172000760010.001/swg.fits[1]
scw/1720/172000770010.001/swg.fits[1]
scw/1720/172000780010.001/swg.fits[1]
scw/1720/172000790010.001/swg.fits[1]
scw/1720/172000800010.001/swg.fits[1]
scw/1720/172000810010.001/swg.fits[1]
scw/1720/172000860010.001/swg.fits[1]
scw/1720/172000870010.001/swg.fits[1]
scw/1720/172000880010.001/swg.fits[1]
scw/1720/172000890010.001/swg.fits[1]
scw/1721/172100020010.001/swg.fits[1]
scw/1721/172100060010.001/swg.fits[1]
scw/1721/172100070010.001/swg.fits[1]
scw/1721/172100080010.001/swg.fits[1]
scw/1721/172100160010.001/swg.fits[1]
scw/1721/172100170010.001/swg.fits[1]
scw/1721/172100180010.001/swg.fits[1]
scw/1721/172100190010.001/swg.fits[1]
scw/1721/172100200010.001/swg.fits[1]
scw/1721/172100270010.001/swg.fits[1]
scw/1721/172100280010.001/swg.fits[1]
scw/1721/172100290010.001/swg.fits[1]
scw/1722/172200020010.001/swg.fits[1]
scw/1722/172200080010.001/swg.fits[1]
scw/1722/172200100010.001/swg.fits[1]
scw/1722/172200110010.001/swg.fits[1]
scw/1722/172200120010.001/swg.fits[1]
scw/1722/172200130010.001/swg.fits[1]
scw/1722/172200140010.001/swg.fits[1]
scw/1722/172200150010.001/swg.fits[1]
scw/1722/172200160010.001/swg.fits[1]
scw/1722/172200230010.001/swg.fits[1]
scw/1722/172200390010.001/swg.fits[1]
scw/1722/172200400010.001/swg.fits[1]
scw/1722/172200410010.001/swg.fits[1]
scw/1722/172200550010.001/swg.fits[1]
scw/1722/172200560010.001/swg.fits[1]
scw/1722/172200570010.001/swg.fits[1]
scw/1722/172200670010.001/swg.fits[1]
scw/1722/172200710010.001/swg.fits[1]
scw/1722/172200720010.001/swg.fits[1]
scw/1722/172200730010.001/swg.fits[1]
scw/1722/172200830010.001/swg.fits[1]
scw/1722/172200870010.001/swg.fits[1]
scw/1722/172200880010.001/swg.fits[1]
scw/1722/172200890010.001/swg.fits[1]
scw/1725/172500120010.001/swg.fits[1]
scw/1725/172500130010.001/swg.fits[1]
scw/1725/172500140010.001/swg.fits[1]
scw/1725/172500200010.001/swg.fits[1]
scw/1725/172500350010.001/swg.fits[1]
scw/1725/172500360010.001/swg.fits[1]
scw/1725/172500370010.001/swg.fits[1]
scw/1725/172500470010.001/swg.fits[1]
scw/1725/172500510010.001/swg.fits[1]
scw/1725/172500520010.001/swg.fits[1]
scw/1725/172500530010.001/swg.fits[1]
scw/1725/172500670010.001/swg.fits[1]
scw/1725/172500680010.001/swg.fits[1]
scw/1725/172500690010.001/swg.fits[1]
scw/1725/172500790010.001/swg.fits[1]
scw/1725/172500800010.001/swg.fits[1]
scw/1725/172500810010.001/swg.fits[1]
scw/1725/172500820010.001/swg.fits[1]
scw/1725/172500830010.001/swg.fits[1]
scw/1725/172500840010.001/swg.fits[1]
scw/1725/172500850010.001/swg.fits[1]
scw/1725/172500860010.001/swg.fits[1]
scw/1725/172500870010.001/swg.fits[1]
scw/1725/172500920010.001/swg.fits[1]
scw/1725/172500930010.001/swg.fits[1]
scw/1726/172600060010.001/swg.fits[1]
scw/1726/172600070010.001/swg.fits[1]
scw/1726/172600080010.001/swg.fits[1]
scw/1726/172600090010.001/swg.fits[1]
scw/1726/172600130010.001/swg.fits[1]
scw/1726/172600140010.001/swg.fits[1]
scw/1726/172600150010.001/swg.fits[1]
scw/1726/172600300010.001/swg.fits[1]
scw/1726/172600410010.001/swg.fits[1]
scw/1726/172600450010.001/swg.fits[1]
scw/1726/172600460010.001/swg.fits[1]
scw/1726/172600470010.001/swg.fits[1]
scw/1726/172600570010.001/swg.fits[1]
scw/1726/172600610010.001/swg.fits[1]
scw/1726/172600620010.001/swg.fits[1]
scw/1726/172600630010.001/swg.fits[1]
scw/1726/172600740010.001/swg.fits[1]
scw/1726/172600750010.001/swg.fits[1]
scw/1726/172600760010.001/swg.fits[1]
scw/1726/172600770010.001/swg.fits[1]
scw/1726/172600780010.001/swg.fits[1]
scw/1726/172600790010.001/swg.fits[1]
scw/1726/172600800010.001/swg.fits[1]
scw/1726/172600860010.001/swg.fits[1]
scw/1726/172600870010.001/swg.fits[1]
scw/1727/172700030010.001/swg.fits[1]
scw/1727/172700040010.001/swg.fits[1]
scw/1727/172700050010.001/swg.fits[1]
scw/1727/172700060010.001/swg.fits[1]
scw/1727/172700070010.001/swg.fits[1]
scw/1727/172700080010.001/swg.fits[1]
scw/1727/172700090010.001/swg.fits[1]
scw/1727/172700300010.001/swg.fits[1]
scw/1727/172700470010.001/swg.fits[1]
scw/1727/172700530010.001/swg.fits[1]
scw/1727/172700540010.001/swg.fits[1]
scw/1727/172700690010.001/swg.fits[1]
scw/1727/172700700010.001/swg.fits[1]
scw/1727/172700850010.001/swg.fits[1]
scw/1727/172700860010.001/swg.fits[1]
scw/1727/172700870010.001/swg.fits[1]
scw/1728/172800010010.001/swg.fits[1]
scw/1728/172800020010.001/swg.fits[1]
scw/1728/172800130010.001/swg.fits[1]
scw/1728/172800140010.001/swg.fits[1]
scw/1728/172800150010.001/swg.fits[1]
scw/1728/172800190010.001/swg.fits[1]
scw/1728/172800200010.001/swg.fits[1]
scw/1728/172800210010.001/swg.fits[1]
scw/1728/172800220010.001/swg.fits[1]
scw/1728/172800230010.001/swg.fits[1]
scw/1728/172800300010.001/swg.fits[1]
scw/1728/172800310010.001/swg.fits[1]
scw/1728/172800320010.001/swg.fits[1]
scw/1728/172800510010.001/swg.fits[1]
scw/1728/172800550010.001/swg.fits[1]
scw/1728/172800560010.001/swg.fits[1]
scw/1728/172800570010.001/swg.fits[1]
scw/1729/172900060010.001/swg.fits[1]
scw/1729/172900070010.001/swg.fits[1]
scw/1729/172900080010.001/swg.fits[1]
scw/1729/172900120010.001/swg.fits[1]
scw/1729/172900130010.001/swg.fits[1]
scw/1729/172900140010.001/swg.fits[1]
scw/1729/172900150010.001/swg.fits[1]
scw/1729/172900160010.001/swg.fits[1]
scw/1729/172900170010.001/swg.fits[1]
scw/1729/172900230010.001/swg.fits[1]
scw/1729/172900240010.001/swg.fits[1]
scw/1729/172900250010.001/swg.fits[1]
scw/1729/172900400010.001/swg.fits[1]
scw/1729/172900560010.001/swg.fits[1]
scw/1729/172900710010.001/swg.fits[1]
scw/1729/172900720010.001/swg.fits[1]
scw/1729/172900730010.001/swg.fits[1]
scw/1729/172900880010.001/swg.fits[1]
scw/1730/173000030010.001/swg.fits[1]
scw/1730/173000040010.001/swg.fits[1]
scw/1730/173000050010.001/swg.fits[1]
scw/1730/173000060010.001/swg.fits[1]
scw/1730/173000070010.001/swg.fits[1]
scw/1730/173000080010.001/swg.fits[1]
scw/1730/173000090010.001/swg.fits[1]
scw/1730/173000160010.001/swg.fits[1]
scw/1730/173000290010.001/swg.fits[1]
scw/1730/173000300010.001/swg.fits[1]
scw/1730/173000310010.001/swg.fits[1]
scw/1730/173000320010.001/swg.fits[1]
scw/1730/173000330010.001/swg.fits[1]
scw/1730/173000340010.001/swg.fits[1]
scw/1730/173000350010.001/swg.fits[1]
scw/1730/173000550010.001/swg.fits[1]
scw/1730/173000560010.001/swg.fits[1]
scw/1730/173000570010.001/swg.fits[1]
scw/1730/173000580010.001/swg.fits[1]
scw/1730/173000590010.001/swg.fits[1]
scw/1730/173000600010.001/swg.fits[1]
scw/1731/173100060010.001/swg.fits[1]
scw/1731/173100070010.001/swg.fits[1]
scw/1731/173100080010.001/swg.fits[1]
scw/1731/173100130010.001/swg.fits[1]
scw/1731/173100140010.001/swg.fits[1]
scw/1731/173100150010.001/swg.fits[1]
scw/1731/173100160010.001/swg.fits[1]
scw/1731/173100170010.001/swg.fits[1]
scw/1731/173100180010.001/swg.fits[1]
scw/1731/173100190010.001/swg.fits[1]
scw/1731/173100250010.001/swg.fits[1]
scw/1731/173100260010.001/swg.fits[1]
scw/1731/173100270010.001/swg.fits[1]
scw/1731/173100390010.001/swg.fits[1]
scw/1731/173100500010.001/swg.fits[1]
scw/1731/173100540010.001/swg.fits[1]
scw/1731/173100550010.001/swg.fits[1]
scw/1731/173100560010.001/swg.fits[1]
scw/1731/173100660010.001/swg.fits[1]
scw/1731/173100700010.001/swg.fits[1]
scw/1731/173100710010.001/swg.fits[1]
scw/1731/173100720010.001/swg.fits[1]
scw/1731/173100860010.001/swg.fits[1]
scw/1731/173100870010.001/swg.fits[1]
scw/1731/173100880010.001/swg.fits[1]
scw/1732/173200060010.001/swg.fits[1]
scw/1732/173200070010.001/swg.fits[1]
scw/1732/173200080010.001/swg.fits[1]
scw/1732/173200140010.001/swg.fits[1]
scw/1732/173200290010.001/swg.fits[1]
scw/1732/173200300010.001/swg.fits[1]
scw/1732/173200310010.001/swg.fits[1]
scw/1732/173200460010.001/swg.fits[1]
scw/1732/173200600010.001/swg.fits[1]
scw/1732/173200640010.001/swg.fits[1]
scw/1732/173200650010.001/swg.fits[1]
scw/1732/173200660010.001/swg.fits[1]
scw/1732/173200800010.001/swg.fits[1]
scw/1732/173200810010.001/swg.fits[1]
scw/1732/173200820010.001/swg.fits[1]
scw/1734/173400310010.001/swg.fits[1]
scw/1734/173400320010.001/swg.fits[1]
scw/1734/173400330010.001/swg.fits[1]
scw/1734/173400370010.001/swg.fits[1]
scw/1734/173400380010.001/swg.fits[1]
scw/1734/173400390010.001/swg.fits[1]
scw/1734/173400400010.001/swg.fits[1]
scw/1734/173400410010.001/swg.fits[1]
scw/1734/173400420010.001/swg.fits[1]
scw/1734/173400480010.001/swg.fits[1]
scw/1734/173400490010.001/swg.fits[1]
scw/1734/173400500010.001/swg.fits[1]
scw/1734/173400620010.001/swg.fits[1]
scw/1734/173400630010.001/swg.fits[1]
scw/1734/173400640010.001/swg.fits[1]
scw/1734/173400650010.001/swg.fits[1]
scw/1734/173400660010.001/swg.fits[1]
scw/1734/173400670010.001/swg.fits[1]
scw/1734/173400680010.001/swg.fits[1]
scw/1735/173500010010.001/swg.fits[1]
scw/1735/173500020010.001/swg.fits[1]
scw/1735/173500030010.001/swg.fits[1]
scw/1735/173500040010.001/swg.fits[1]
scw/1735/173500180010.001/swg.fits[1]
scw/1735/173500190010.001/swg.fits[1]
scw/1735/173500200010.001/swg.fits[1]
scw/1735/173500250010.001/swg.fits[1]
scw/1735/173500260010.001/swg.fits[1]
scw/1735/173500270010.001/swg.fits[1]
scw/1735/173500420010.001/swg.fits[1]
scw/1735/173500570010.001/swg.fits[1]
scw/1735/173500580010.001/swg.fits[1]
scw/1735/173500740010.001/swg.fits[1]
scw/1735/173500850010.001/swg.fits[1]
scw/1735/173500890010.001/swg.fits[1]
