scw/1583/158300450010.001/swg.fits[1]
scw/1583/158300460010.001/swg.fits[1]
scw/1583/158300470010.001/swg.fits[1]
scw/1583/158300480010.001/swg.fits[1]
scw/1583/158300490010.001/swg.fits[1]
scw/1583/158300500010.001/swg.fits[1]
scw/1583/158300510010.001/swg.fits[1]
scw/1583/158300760010.001/swg.fits[1]
scw/1583/158300770010.001/swg.fits[1]
scw/1583/158300780010.001/swg.fits[1]
scw/1585/158500060010.001/swg.fits[1]
scw/1585/158500070010.001/swg.fits[1]
scw/1585/158500080010.001/swg.fits[1]
scw/1631/163100120010.001/swg.fits[1]
scw/1631/163100130010.001/swg.fits[1]
scw/1631/163100140010.001/swg.fits[1]
scw/1631/163100150010.001/swg.fits[1]
scw/1631/163100160010.001/swg.fits[1]
scw/1631/163100170010.001/swg.fits[1]
scw/1631/163100180010.001/swg.fits[1]
scw/1631/163100280010.001/swg.fits[1]
scw/1631/163100290010.001/swg.fits[1]
scw/1631/163100300010.001/swg.fits[1]
scw/1631/163100310010.001/swg.fits[1]
scw/1631/163100320010.001/swg.fits[1]
scw/1631/163100330010.001/swg.fits[1]
scw/1631/163100340010.001/swg.fits[1]
scw/1631/163100510010.001/swg.fits[1]
scw/1631/163100520010.001/swg.fits[1]
scw/1631/163100530010.001/swg.fits[1]
scw/1631/163100540010.001/swg.fits[1]
scw/1631/163100550010.001/swg.fits[1]
scw/1631/163100560010.001/swg.fits[1]
scw/1631/163100570010.001/swg.fits[1]
scw/1631/163100670010.001/swg.fits[1]
scw/1631/163100680010.001/swg.fits[1]
scw/1631/163100690010.001/swg.fits[1]
scw/1631/163100700010.001/swg.fits[1]
scw/1631/163100710010.001/swg.fits[1]
scw/1631/163100720010.001/swg.fits[1]
scw/1631/163100730010.001/swg.fits[1]
scw/1631/163100900010.001/swg.fits[1]
scw/1631/163100910010.001/swg.fits[1]
scw/1631/163100920010.001/swg.fits[1]
scw/1631/163100930010.001/swg.fits[1]
scw/1631/163100940010.001/swg.fits[1]
scw/1631/163100950010.001/swg.fits[1]
scw/1631/163100960010.001/swg.fits[1]
scw/1632/163200020010.001/swg.fits[1]
scw/1632/163200030010.001/swg.fits[1]
scw/1632/163200040010.001/swg.fits[1]
scw/1632/163200050010.001/swg.fits[1]
scw/1632/163200060010.001/swg.fits[1]
scw/1632/163200070010.001/swg.fits[1]
scw/1632/163200080010.001/swg.fits[1]
scw/1632/163200200010.001/swg.fits[1]
scw/1632/163200250010.001/swg.fits[1]
scw/1632/163200260010.001/swg.fits[1]
scw/1632/163200270010.001/swg.fits[1]
scw/1632/163200280010.001/swg.fits[1]
scw/1632/163200290010.001/swg.fits[1]
scw/1632/163200300010.001/swg.fits[1]
scw/1632/163200310010.001/swg.fits[1]
scw/1632/163200360010.001/swg.fits[1]
scw/1632/163200410010.001/swg.fits[1]
scw/1632/163200420010.001/swg.fits[1]
scw/1632/163200430010.001/swg.fits[1]
scw/1632/163200440010.001/swg.fits[1]
scw/1632/163200450010.001/swg.fits[1]
scw/1632/163200460010.001/swg.fits[1]
scw/1632/163200470010.001/swg.fits[1]
scw/1632/163200520010.001/swg.fits[1]
scw/1632/163200640010.001/swg.fits[1]
scw/1632/163200650010.001/swg.fits[1]
scw/1632/163200660010.001/swg.fits[1]
scw/1632/163200670010.001/swg.fits[1]
scw/1632/163200680010.001/swg.fits[1]
scw/1632/163200690010.001/swg.fits[1]
scw/1632/163200700010.001/swg.fits[1]
scw/1632/163200800010.001/swg.fits[1]
scw/1632/163200810010.001/swg.fits[1]
scw/1632/163200820010.001/swg.fits[1]
scw/1632/163200830010.001/swg.fits[1]
scw/1632/163200840010.001/swg.fits[1]
scw/1632/163200850010.001/swg.fits[1]
scw/1632/163200860010.001/swg.fits[1]
scw/1633/163300020010.001/swg.fits[1]
scw/1633/163300030010.001/swg.fits[1]
scw/1633/163300040010.001/swg.fits[1]
scw/1633/163300050010.001/swg.fits[1]
scw/1633/163300060010.001/swg.fits[1]
scw/1633/163300070010.001/swg.fits[1]
scw/1633/163300080010.001/swg.fits[1]
scw/1633/163300170010.001/swg.fits[1]
scw/1633/163300850010.001/swg.fits[1]
scw/1633/163300950010.001/swg.fits[1]
scw/1633/163300960010.001/swg.fits[1]
scw/1633/163300970010.001/swg.fits[1]
scw/1633/163300980010.001/swg.fits[1]
scw/1634/163400170010.001/swg.fits[1]
scw/1634/163400180010.001/swg.fits[1]
scw/1634/163400190010.001/swg.fits[1]
scw/1634/163400200010.001/swg.fits[1]
scw/1634/163400210010.001/swg.fits[1]
scw/1634/163400220010.001/swg.fits[1]
scw/1634/163400230010.001/swg.fits[1]
scw/1634/163400330010.001/swg.fits[1]
scw/1634/163400340010.001/swg.fits[1]
scw/1634/163400350010.001/swg.fits[1]
scw/1634/163400360010.001/swg.fits[1]
scw/1634/163400370010.001/swg.fits[1]
scw/1634/163400380010.001/swg.fits[1]
scw/1634/163400390010.001/swg.fits[1]
scw/1634/163400560010.001/swg.fits[1]
scw/1634/163400570010.001/swg.fits[1]
scw/1634/163400580010.001/swg.fits[1]
scw/1634/163400590010.001/swg.fits[1]
scw/1634/163400600010.001/swg.fits[1]
scw/1634/163400610010.001/swg.fits[1]
scw/1634/163400620010.001/swg.fits[1]
scw/1634/163400720010.001/swg.fits[1]
scw/1634/163400730010.001/swg.fits[1]
scw/1634/163400740010.001/swg.fits[1]
scw/1634/163400750010.001/swg.fits[1]
scw/1634/163400760010.001/swg.fits[1]
scw/1634/163400770010.001/swg.fits[1]
scw/1634/163400780010.001/swg.fits[1]
scw/1634/163400950010.001/swg.fits[1]
scw/1634/163400960010.001/swg.fits[1]
scw/1634/163400970010.001/swg.fits[1]
scw/1634/163400980010.001/swg.fits[1]
scw/1634/163400990010.001/swg.fits[1]
scw/1634/163401000010.001/swg.fits[1]
scw/1634/163401010010.001/swg.fits[1]
scw/1635/163500100010.001/swg.fits[1]
scw/1635/163500110010.001/swg.fits[1]
scw/1635/163500120010.001/swg.fits[1]
scw/1635/163500130010.001/swg.fits[1]
scw/1635/163500140010.001/swg.fits[1]
scw/1635/163500150010.001/swg.fits[1]
scw/1635/163500160010.001/swg.fits[1]
scw/1635/163500330010.001/swg.fits[1]
scw/1635/163500340010.001/swg.fits[1]
scw/1635/163500350010.001/swg.fits[1]
scw/1635/163500360010.001/swg.fits[1]
scw/1635/163500370010.001/swg.fits[1]
scw/1635/163500380010.001/swg.fits[1]
scw/1635/163500390010.001/swg.fits[1]
scw/1635/163500490010.001/swg.fits[1]
scw/1635/163500500010.001/swg.fits[1]
scw/1635/163500510010.001/swg.fits[1]
scw/1635/163500520010.001/swg.fits[1]
scw/1635/163500530010.001/swg.fits[1]
scw/1635/163500540010.001/swg.fits[1]
scw/1635/163500550010.001/swg.fits[1]
scw/1635/163500750010.001/swg.fits[1]
scw/1635/163500760010.001/swg.fits[1]
scw/1635/163500770010.001/swg.fits[1]
scw/1635/163500780010.001/swg.fits[1]
scw/1635/163500790010.001/swg.fits[1]
scw/1635/163500800010.001/swg.fits[1]
scw/1635/163500810010.001/swg.fits[1]
scw/1635/163500910010.001/swg.fits[1]
scw/1635/163500920010.001/swg.fits[1]
scw/1635/163500930010.001/swg.fits[1]
scw/1635/163500940010.001/swg.fits[1]
scw/1635/163500950010.001/swg.fits[1]
scw/1635/163500960010.001/swg.fits[1]
scw/1635/163500970010.001/swg.fits[1]
scw/1636/163600100010.001/swg.fits[1]
scw/1636/163600110010.001/swg.fits[1]
scw/1636/163600120010.001/swg.fits[1]
scw/1636/163600130010.001/swg.fits[1]
scw/1636/163600140010.001/swg.fits[1]
scw/1636/163600150010.001/swg.fits[1]
scw/1636/163600160010.001/swg.fits[1]
scw/1636/163600260010.001/swg.fits[1]
scw/1636/163600270010.001/swg.fits[1]
scw/1636/163600280010.001/swg.fits[1]
scw/1636/163600290010.001/swg.fits[1]
scw/1636/163600300010.001/swg.fits[1]
scw/1636/163600310010.001/swg.fits[1]
scw/1636/163600320010.001/swg.fits[1]
scw/1636/163600490010.001/swg.fits[1]
scw/1636/163600500010.001/swg.fits[1]
scw/1636/163600510010.001/swg.fits[1]
scw/1636/163600520010.001/swg.fits[1]
scw/1636/163600530010.001/swg.fits[1]
scw/1636/163600540010.001/swg.fits[1]
scw/1636/163600650010.001/swg.fits[1]
scw/1636/163600660010.001/swg.fits[1]
scw/1636/163600670010.001/swg.fits[1]
scw/1636/163600680010.001/swg.fits[1]
scw/1636/163600690010.001/swg.fits[1]
scw/1636/163600700010.001/swg.fits[1]
scw/1636/163600710010.001/swg.fits[1]
scw/1636/163600880010.001/swg.fits[1]
scw/1636/163600890010.001/swg.fits[1]
scw/1636/163600900010.001/swg.fits[1]
scw/1636/163600910010.001/swg.fits[1]
scw/1636/163600920010.001/swg.fits[1]
scw/1636/163600930010.001/swg.fits[1]
scw/1636/163600940010.001/swg.fits[1]
scw/1637/163700090010.001/swg.fits[1]
scw/1637/163700100010.001/swg.fits[1]
scw/1637/163700110010.001/swg.fits[1]
scw/1637/163700120010.001/swg.fits[1]
scw/1637/163700130010.001/swg.fits[1]
scw/1637/163700140010.001/swg.fits[1]
scw/1637/163700150010.001/swg.fits[1]
scw/1637/163700320010.001/swg.fits[1]
scw/1637/163700330010.001/swg.fits[1]
scw/1637/163700340010.001/swg.fits[1]
scw/1637/163700350010.001/swg.fits[1]
scw/1637/163700360010.001/swg.fits[1]
scw/1637/163700370010.001/swg.fits[1]
scw/1637/163700380010.001/swg.fits[1]
scw/1637/163700480010.001/swg.fits[1]
scw/1637/163700490010.001/swg.fits[1]
scw/1637/163700500010.001/swg.fits[1]
scw/1637/163700510010.001/swg.fits[1]
scw/1637/163700520010.001/swg.fits[1]
scw/1637/163700530010.001/swg.fits[1]
scw/1637/163700540010.001/swg.fits[1]
scw/1637/163700710010.001/swg.fits[1]
scw/1637/163700720010.001/swg.fits[1]
scw/1637/163700730010.001/swg.fits[1]
scw/1637/163700740010.001/swg.fits[1]
scw/1637/163700750010.001/swg.fits[1]
scw/1637/163700760010.001/swg.fits[1]
scw/1637/163700770010.001/swg.fits[1]
scw/1637/163700890010.001/swg.fits[1]
scw/1637/163700900010.001/swg.fits[1]
scw/1637/163700910010.001/swg.fits[1]
scw/1637/163700920010.001/swg.fits[1]
scw/1637/163700930010.001/swg.fits[1]
scw/1638/163800160010.001/swg.fits[1]
scw/1638/163800170010.001/swg.fits[1]
scw/1638/163800180010.001/swg.fits[1]
scw/1638/163800190010.001/swg.fits[1]
scw/1638/163800200010.001/swg.fits[1]
scw/1638/163800210010.001/swg.fits[1]
