scw/1276/127600920010.001/swg.fits[1]
scw/1276/127600930010.001/swg.fits[1]
scw/1276/127600940010.001/swg.fits[1]
scw/1276/127601000010.001/swg.fits[1]
scw/1276/127601010010.001/swg.fits[1]
scw/1276/127601020010.001/swg.fits[1]
scw/1276/127601030010.001/swg.fits[1]
scw/1276/127601040010.001/swg.fits[1]
scw/1276/127601050010.001/swg.fits[1]
scw/1277/127700150010.001/swg.fits[1]
scw/1277/127700220010.001/swg.fits[1]
scw/1277/127700290010.001/swg.fits[1]
scw/1277/127700300010.001/swg.fits[1]
scw/1277/127700360010.001/swg.fits[1]
scw/1277/127700370010.001/swg.fits[1]
scw/1277/127700430010.001/swg.fits[1]
scw/1277/127700600010.001/swg.fits[1]
scw/1277/127700610010.001/swg.fits[1]
scw/1277/127700620010.001/swg.fits[1]
scw/1277/127700680010.001/swg.fits[1]
scw/1277/127700690010.001/swg.fits[1]
scw/1277/127700700010.001/swg.fits[1]
scw/1277/127700710010.001/swg.fits[1]
scw/1277/127700720010.001/swg.fits[1]
scw/1277/127700730010.001/swg.fits[1]
scw/1279/127900500010.001/swg.fits[1]
scw/1279/127900510010.001/swg.fits[1]
scw/1279/127900520010.001/swg.fits[1]
scw/1279/127900530010.001/swg.fits[1]
scw/1279/127900670010.001/swg.fits[1]
scw/1279/127900680010.001/swg.fits[1]
scw/1279/127900690010.001/swg.fits[1]
scw/1279/127900750010.001/swg.fits[1]
scw/1279/127900760010.001/swg.fits[1]
scw/1279/127900770010.001/swg.fits[1]
scw/1279/127900780010.001/swg.fits[1]
scw/1279/127900790010.001/swg.fits[1]
scw/1279/127900800010.001/swg.fits[1]
scw/1280/128000180010.001/swg.fits[1]
scw/1280/128000190010.001/swg.fits[1]
scw/1280/128000200010.001/swg.fits[1]
scw/1280/128000530010.001/swg.fits[1]
scw/1280/128000540010.001/swg.fits[1]
scw/1280/128000550010.001/swg.fits[1]
scw/1280/128000830010.001/swg.fits[1]
scw/1280/128000840010.001/swg.fits[1]
scw/1280/128000850010.001/swg.fits[1]
scw/1280/128000860010.001/swg.fits[1]
scw/1280/128000870010.001/swg.fits[1]
scw/1280/128000880010.001/swg.fits[1]
scw/1280/128000940010.001/swg.fits[1]
scw/1280/128000950010.001/swg.fits[1]
scw/1280/128000960010.001/swg.fits[1]
scw/1280/128001070010.001/swg.fits[1]
scw/1280/128001080010.001/swg.fits[1]
scw/1326/132600520010.001/swg.fits[1]
scw/1326/132600530010.001/swg.fits[1]
scw/1326/132600540010.001/swg.fits[1]
scw/1326/132600550010.001/swg.fits[1]
scw/1326/132600560010.001/swg.fits[1]
scw/1326/132600570010.001/swg.fits[1]
scw/1326/132600630010.001/swg.fits[1]
scw/1326/132600640010.001/swg.fits[1]
scw/1326/132600650010.001/swg.fits[1]
scw/1326/132600840010.001/swg.fits[1]
scw/1326/132600880010.001/swg.fits[1]
scw/1326/132600890010.001/swg.fits[1]
scw/1326/132600900010.001/swg.fits[1]
scw/1329/132900140010.001/swg.fits[1]
scw/1330/133000160010.001/swg.fits[1]
scw/1330/133000170010.001/swg.fits[1]
scw/1330/133000180010.001/swg.fits[1]
scw/1330/133000200010.001/swg.fits[1]
scw/1330/133000210010.001/swg.fits[1]
scw/1330/133000220010.001/swg.fits[1]
scw/1330/133000230010.001/swg.fits[1]
scw/1330/133000240010.001/swg.fits[1]
scw/1330/133000250010.001/swg.fits[1]
scw/1330/133000260010.001/swg.fits[1]
scw/1330/133000330010.001/swg.fits[1]
scw/1331/133100130010.001/swg.fits[1]
scw/1331/133100140010.001/swg.fits[1]
scw/1331/133100150010.001/swg.fits[1]
scw/1331/133100160010.001/swg.fits[1]
scw/1331/133100170010.001/swg.fits[1]
scw/1331/133100180010.001/swg.fits[1]
scw/1331/133100190010.001/swg.fits[1]
scw/1331/133100260010.001/swg.fits[1]
scw/1332/133200170010.001/swg.fits[1]
scw/1332/133200200010.001/swg.fits[1]
scw/1332/133200210010.001/swg.fits[1]
scw/1332/133200220010.001/swg.fits[1]
scw/1332/133200230010.001/swg.fits[1]
scw/1332/133200240010.001/swg.fits[1]
scw/1332/133200250010.001/swg.fits[1]
scw/1332/133200260010.001/swg.fits[1]
scw/1332/133200330010.001/swg.fits[1]
scw/1333/133300200010.001/swg.fits[1]
scw/1333/133300210010.001/swg.fits[1]
scw/1333/133300220010.001/swg.fits[1]
scw/1333/133300440010.001/swg.fits[1]
scw/1333/133300450010.001/swg.fits[1]
scw/1333/133300460010.001/swg.fits[1]
scw/1334/133400040010.001/swg.fits[1]
scw/1334/133400050010.001/swg.fits[1]
scw/1334/133400370010.001/swg.fits[1]
scw/1334/133400380010.001/swg.fits[1]
scw/1334/133400390010.001/swg.fits[1]
scw/1334/133400400010.001/swg.fits[1]
scw/1334/133400720010.001/swg.fits[1]
scw/1334/133400730010.001/swg.fits[1]
scw/1334/133400800010.001/swg.fits[1]
scw/1334/133400810010.001/swg.fits[1]
scw/1334/133400820010.001/swg.fits[1]
scw/1334/133400830010.001/swg.fits[1]
scw/1334/133400840010.001/swg.fits[1]
scw/1334/133400850010.001/swg.fits[1]
scw/1334/133400860010.001/swg.fits[1]
scw/1334/133400870010.001/swg.fits[1]
scw/1334/133400880010.001/swg.fits[1]
scw/1334/133400950010.001/swg.fits[1]
scw/1335/133500140010.001/swg.fits[1]
scw/1335/133500150010.001/swg.fits[1]
scw/1335/133500160010.001/swg.fits[1]
scw/1335/133500170010.001/swg.fits[1]
scw/1335/133500180010.001/swg.fits[1]
scw/1335/133500190010.001/swg.fits[1]
scw/1335/133500250010.001/swg.fits[1]
scw/1335/133500260010.001/swg.fits[1]
scw/1335/133500270010.001/swg.fits[1]
scw/1335/133500540010.001/swg.fits[1]
scw/1335/133500550010.001/swg.fits[1]
scw/1335/133500560010.001/swg.fits[1]
scw/1335/133500890010.001/swg.fits[1]
scw/1335/133500900010.001/swg.fits[1]
scw/1335/133500910010.001/swg.fits[1]
scw/1336/133600280010.001/swg.fits[1]
scw/1336/133600290010.001/swg.fits[1]
scw/1336/133600300010.001/swg.fits[1]
scw/1336/133600630010.001/swg.fits[1]
scw/1336/133600640010.001/swg.fits[1]
scw/1336/133600650010.001/swg.fits[1]
scw/1336/133600820010.001/swg.fits[1]
scw/1336/133600860010.001/swg.fits[1]
scw/1336/133600870010.001/swg.fits[1]
scw/1336/133600880010.001/swg.fits[1]
scw/1336/133600910010.001/swg.fits[1]
scw/1336/133600920010.001/swg.fits[1]
scw/1336/133600930010.001/swg.fits[1]
scw/1336/133600940010.001/swg.fits[1]
scw/1336/133600950010.001/swg.fits[1]
scw/1336/133600960010.001/swg.fits[1]
scw/1336/133600970010.001/swg.fits[1]
scw/1336/133601030010.001/swg.fits[1]
scw/1336/133601040010.001/swg.fits[1]
scw/1336/133601050010.001/swg.fits[1]
scw/1337/133700110010.001/swg.fits[1]
scw/1337/133700120010.001/swg.fits[1]
scw/1337/133700130010.001/swg.fits[1]
scw/1337/133700140010.001/swg.fits[1]
scw/1337/133700150010.001/swg.fits[1]
scw/1337/133700160010.001/swg.fits[1]
scw/1337/133700170010.001/swg.fits[1]
scw/1337/133700230010.001/swg.fits[1]
scw/1337/133700240010.001/swg.fits[1]
scw/1337/133700340010.001/swg.fits[1]
scw/1337/133700350010.001/swg.fits[1]
scw/1337/133700670010.001/swg.fits[1]
scw/1337/133700680010.001/swg.fits[1]
scw/1337/133700690010.001/swg.fits[1]
scw/1337/133700700010.001/swg.fits[1]
scw/1337/133701020010.001/swg.fits[1]
scw/1337/133701030010.001/swg.fits[1]
scw/1339/133900080010.001/swg.fits[1]
scw/1339/133900090010.001/swg.fits[1]
scw/1339/133900100010.001/swg.fits[1]
scw/1339/133900170010.001/swg.fits[1]
scw/1339/133900240010.001/swg.fits[1]
scw/1339/133900450010.001/swg.fits[1]
scw/1339/133900520010.001/swg.fits[1]
scw/1339/133900530010.001/swg.fits[1]
scw/1339/133900590010.001/swg.fits[1]
scw/1339/133900600010.001/swg.fits[1]
scw/1339/133900660010.001/swg.fits[1]
scw/1340/134000200010.001/swg.fits[1]
scw/1340/134000210010.001/swg.fits[1]
scw/1340/134000220010.001/swg.fits[1]
scw/1340/134000440010.001/swg.fits[1]
scw/1340/134000450010.001/swg.fits[1]
scw/1340/134000460010.001/swg.fits[1]
scw/1340/134000570010.001/swg.fits[1]
scw/1340/134000580010.001/swg.fits[1]
scw/1340/134000590010.001/swg.fits[1]
scw/1340/134000600010.001/swg.fits[1]
scw/1340/134000610010.001/swg.fits[1]
scw/1340/134000620010.001/swg.fits[1]
scw/1340/134000630010.001/swg.fits[1]
scw/1340/134000690010.001/swg.fits[1]
scw/1340/134000700010.001/swg.fits[1]
scw/1340/134000860010.001/swg.fits[1]
scw/1340/134000870010.001/swg.fits[1]
scw/1340/134000880010.001/swg.fits[1]
scw/1340/134000890010.001/swg.fits[1]
scw/1340/134000950010.001/swg.fits[1]
scw/1340/134000960010.001/swg.fits[1]
scw/1341/134100200010.001/swg.fits[1]
scw/1341/134100210010.001/swg.fits[1]
scw/1341/134100220010.001/swg.fits[1]
scw/1341/134100490010.001/swg.fits[1]
scw/1341/134100500010.001/swg.fits[1]
scw/1341/134100510010.001/swg.fits[1]
scw/1341/134100520010.001/swg.fits[1]
scw/1341/134100530010.001/swg.fits[1]
scw/1341/134100540010.001/swg.fits[1]
scw/1341/134100550010.001/swg.fits[1]
scw/1341/134100610010.001/swg.fits[1]
scw/1341/134100620010.001/swg.fits[1]
scw/1341/134100780010.001/swg.fits[1]
scw/1341/134100790010.001/swg.fits[1]
scw/1341/134100800010.001/swg.fits[1]
scw/1341/134100830010.001/swg.fits[1]
scw/1341/134100840010.001/swg.fits[1]
scw/1341/134100850010.001/swg.fits[1]
scw/1341/134100860010.001/swg.fits[1]
scw/1341/134100870010.001/swg.fits[1]
scw/1341/134100880010.001/swg.fits[1]
scw/1341/134100890010.001/swg.fits[1]
scw/1341/134100950010.001/swg.fits[1]
scw/1341/134100960010.001/swg.fits[1]
scw/1343/134300150010.001/swg.fits[1]
scw/1343/134300190010.001/swg.fits[1]
scw/1343/134300200010.001/swg.fits[1]
scw/1343/134300210010.001/swg.fits[1]
scw/1343/134300220010.001/swg.fits[1]
scw/1343/134300230010.001/swg.fits[1]
scw/1343/134300240010.001/swg.fits[1]
scw/1343/134300250010.001/swg.fits[1]
scw/1343/134300310010.001/swg.fits[1]
scw/1343/134300320010.001/swg.fits[1]
scw/1343/134300430010.001/swg.fits[1]
scw/1343/134300440010.001/swg.fits[1]
scw/1343/134300760010.001/swg.fits[1]
scw/1343/134300770010.001/swg.fits[1]
scw/1343/134300780010.001/swg.fits[1]
scw/1343/134300790010.001/swg.fits[1]
scw/1343/134301110010.001/swg.fits[1]
scw/1344/134400150010.001/swg.fits[1]
