scw/1604/160400750010.001/swg.fits[1]
scw/1604/160400760010.001/swg.fits[1]
scw/1604/160400790010.001/swg.fits[1]
scw/1606/160600270010.001/swg.fits[1]
scw/1606/160600280010.001/swg.fits[1]
scw/1606/160600290010.001/swg.fits[1]
scw/1606/160600300010.001/swg.fits[1]
scw/1606/160600310010.001/swg.fits[1]
scw/1606/160600320010.001/swg.fits[1]
scw/1606/160600330010.001/swg.fits[1]
scw/1606/160600340010.001/swg.fits[1]
scw/1606/160600350010.001/swg.fits[1]
scw/1606/160600360010.001/swg.fits[1]
scw/1606/160600370010.001/swg.fits[1]
scw/1606/160600380010.001/swg.fits[1]
scw/1606/160600390010.001/swg.fits[1]
scw/1606/160600400010.001/swg.fits[1]
scw/1606/160600410010.001/swg.fits[1]
scw/1606/160600420010.001/swg.fits[1]
scw/1606/160600430010.001/swg.fits[1]
scw/1606/160600440010.001/swg.fits[1]
scw/1606/160600450010.001/swg.fits[1]
scw/1606/160600460010.001/swg.fits[1]
scw/1606/160600470010.001/swg.fits[1]
scw/1606/160600480010.001/swg.fits[1]
scw/1606/160600490010.001/swg.fits[1]
scw/1606/160600500010.001/swg.fits[1]
scw/1606/160600510010.001/swg.fits[1]
scw/1606/160600520010.001/swg.fits[1]
scw/1606/160600530010.001/swg.fits[1]
scw/1606/160600540010.001/swg.fits[1]
scw/1606/160600550010.001/swg.fits[1]
scw/1606/160600560010.001/swg.fits[1]
scw/1606/160600570010.001/swg.fits[1]
scw/1606/160600580010.001/swg.fits[1]
scw/1606/160600590010.001/swg.fits[1]
scw/1606/160600600010.001/swg.fits[1]
scw/1606/160600610010.001/swg.fits[1]
scw/1606/160600620010.001/swg.fits[1]
scw/1606/160600630010.001/swg.fits[1]
scw/1606/160600640010.001/swg.fits[1]
scw/1606/160600650010.001/swg.fits[1]
scw/1606/160600660010.001/swg.fits[1]
scw/1606/160600670010.001/swg.fits[1]
scw/1606/160600680010.001/swg.fits[1]
scw/1606/160600690010.001/swg.fits[1]
scw/1606/160600700010.001/swg.fits[1]
scw/1606/160600710010.001/swg.fits[1]
scw/1606/160600720010.001/swg.fits[1]
scw/1606/160600730010.001/swg.fits[1]
scw/1606/160600740010.001/swg.fits[1]
scw/1606/160600750010.001/swg.fits[1]
scw/1606/160600760010.001/swg.fits[1]
scw/1606/160600760020.001/swg.fits[1]
scw/1608/160800020010.001/swg.fits[1]
scw/1608/160800030010.001/swg.fits[1]
scw/1608/160800040010.001/swg.fits[1]
scw/1608/160800050010.001/swg.fits[1]
scw/1608/160800060010.001/swg.fits[1]
scw/1608/160800070010.001/swg.fits[1]
scw/1608/160800080010.001/swg.fits[1]
scw/1608/160800090010.001/swg.fits[1]
scw/1608/160800100010.001/swg.fits[1]
scw/1608/160800110010.001/swg.fits[1]
scw/1608/160800120010.001/swg.fits[1]
scw/1608/160800130010.001/swg.fits[1]
scw/1608/160800140010.001/swg.fits[1]
scw/1608/160800150010.001/swg.fits[1]
scw/1608/160800160010.001/swg.fits[1]
scw/1608/160800170010.001/swg.fits[1]
scw/1608/160800180010.001/swg.fits[1]
scw/1608/160800190010.001/swg.fits[1]
scw/1608/160800200010.001/swg.fits[1]
scw/1608/160800210010.001/swg.fits[1]
scw/1608/160800220010.001/swg.fits[1]
scw/1608/160800230010.001/swg.fits[1]
scw/1608/160800240010.001/swg.fits[1]
scw/1608/160800250010.001/swg.fits[1]
scw/1608/160800260010.001/swg.fits[1]
scw/1608/160800270010.001/swg.fits[1]
scw/1608/160800280010.001/swg.fits[1]
scw/1608/160800290010.001/swg.fits[1]
scw/1608/160800300010.001/swg.fits[1]
scw/1608/160800310010.001/swg.fits[1]
scw/1608/160800320010.001/swg.fits[1]
scw/1608/160800330010.001/swg.fits[1]
scw/1608/160800340010.001/swg.fits[1]
scw/1608/160800350010.001/swg.fits[1]
scw/1608/160800360010.001/swg.fits[1]
scw/1608/160800370010.001/swg.fits[1]
scw/1608/160800380010.001/swg.fits[1]
scw/1608/160800390010.001/swg.fits[1]
scw/1608/160800400010.001/swg.fits[1]
scw/1608/160800410010.001/swg.fits[1]
scw/1608/160800420010.001/swg.fits[1]
scw/1608/160800430010.001/swg.fits[1]
scw/1608/160800440010.001/swg.fits[1]
scw/1608/160800450010.001/swg.fits[1]
scw/1608/160800460010.001/swg.fits[1]
scw/1608/160800470010.001/swg.fits[1]
scw/1608/160800480010.001/swg.fits[1]
scw/1608/160800490010.001/swg.fits[1]
scw/1608/160800510010.001/swg.fits[1]
scw/1612/161200530010.001/swg.fits[1]
scw/1612/161200540010.001/swg.fits[1]
scw/1612/161200550010.001/swg.fits[1]
scw/1612/161200560010.001/swg.fits[1]
scw/1612/161200570010.001/swg.fits[1]
scw/1612/161200580010.001/swg.fits[1]
scw/1612/161200590010.001/swg.fits[1]
scw/1612/161200600010.001/swg.fits[1]
scw/1612/161200610010.001/swg.fits[1]
scw/1612/161200620010.001/swg.fits[1]
scw/1612/161200630010.001/swg.fits[1]
scw/1612/161200640010.001/swg.fits[1]
scw/1612/161200650010.001/swg.fits[1]
scw/1612/161200660010.001/swg.fits[1]
scw/1612/161200670010.001/swg.fits[1]
scw/1612/161200680010.001/swg.fits[1]
scw/1612/161200690010.001/swg.fits[1]
scw/1612/161200700010.001/swg.fits[1]
scw/1612/161200710010.001/swg.fits[1]
scw/1612/161200720010.001/swg.fits[1]
scw/1612/161200730010.001/swg.fits[1]
scw/1612/161200740010.001/swg.fits[1]
scw/1612/161200750010.001/swg.fits[1]
scw/1612/161200760010.001/swg.fits[1]
scw/1612/161200770010.001/swg.fits[1]
scw/1612/161200780010.001/swg.fits[1]
scw/1612/161200790010.001/swg.fits[1]
scw/1612/161200800010.001/swg.fits[1]
scw/1612/161200810010.001/swg.fits[1]
scw/1612/161200820010.001/swg.fits[1]
scw/1612/161200830010.001/swg.fits[1]
scw/1612/161200840010.001/swg.fits[1]
scw/1612/161200850010.001/swg.fits[1]
scw/1612/161200860010.001/swg.fits[1]
scw/1612/161200870010.001/swg.fits[1]
scw/1615/161500550010.001/swg.fits[1]
scw/1615/161500560010.001/swg.fits[1]
scw/1615/161500570010.001/swg.fits[1]
scw/1615/161500580010.001/swg.fits[1]
scw/1615/161500590010.001/swg.fits[1]
scw/1615/161500600010.001/swg.fits[1]
scw/1615/161500610010.001/swg.fits[1]
scw/1615/161500620010.001/swg.fits[1]
scw/1615/161500630010.001/swg.fits[1]
scw/1615/161500640010.001/swg.fits[1]
scw/1615/161500650010.001/swg.fits[1]
scw/1615/161500660010.001/swg.fits[1]
scw/1615/161500670010.001/swg.fits[1]
scw/1615/161500680010.001/swg.fits[1]
scw/1615/161500690010.001/swg.fits[1]
scw/1615/161500700010.001/swg.fits[1]
scw/1615/161500710010.001/swg.fits[1]
scw/1615/161500720010.001/swg.fits[1]
scw/1615/161500730010.001/swg.fits[1]
scw/1615/161500740010.001/swg.fits[1]
scw/1615/161500750010.001/swg.fits[1]
scw/1615/161500760010.001/swg.fits[1]
scw/1615/161500770010.001/swg.fits[1]
scw/1615/161500780010.001/swg.fits[1]
scw/1615/161500790010.001/swg.fits[1]
scw/1615/161500800010.001/swg.fits[1]
scw/1615/161500810010.001/swg.fits[1]
scw/1615/161500820010.001/swg.fits[1]
scw/1615/161500830010.001/swg.fits[1]
scw/1615/161500840010.001/swg.fits[1]
scw/1615/161500850010.001/swg.fits[1]
scw/1615/161500860010.001/swg.fits[1]
scw/1615/161500870010.001/swg.fits[1]
scw/1615/161500880010.001/swg.fits[1]
scw/1618/161800250010.001/swg.fits[1]
scw/1618/161800260010.001/swg.fits[1]
scw/1618/161800270010.001/swg.fits[1]
scw/1618/161800280010.001/swg.fits[1]
scw/1618/161800290010.001/swg.fits[1]
scw/1618/161800300010.001/swg.fits[1]
scw/1618/161800310010.001/swg.fits[1]
scw/1618/161800320010.001/swg.fits[1]
scw/1618/161800330010.001/swg.fits[1]
scw/1618/161800340010.001/swg.fits[1]
scw/1618/161800350010.001/swg.fits[1]
scw/1618/161800360010.001/swg.fits[1]
scw/1618/161800370010.001/swg.fits[1]
scw/1618/161800380010.001/swg.fits[1]
scw/1618/161800390010.001/swg.fits[1]
scw/1618/161800400010.001/swg.fits[1]
scw/1618/161800410010.001/swg.fits[1]
scw/1618/161800420010.001/swg.fits[1]
scw/1618/161800430010.001/swg.fits[1]
scw/1618/161800440010.001/swg.fits[1]
scw/1618/161800450010.001/swg.fits[1]
scw/1618/161800460010.001/swg.fits[1]
scw/1618/161800470010.001/swg.fits[1]
scw/1618/161800480010.001/swg.fits[1]
scw/1618/161800490010.001/swg.fits[1]
scw/1618/161800500010.001/swg.fits[1]
scw/1618/161800510010.001/swg.fits[1]
scw/1618/161800520010.001/swg.fits[1]
scw/1618/161800530010.001/swg.fits[1]
scw/1618/161800540010.001/swg.fits[1]
scw/1618/161800550010.001/swg.fits[1]
scw/1618/161800560010.001/swg.fits[1]
scw/1618/161800570010.001/swg.fits[1]
scw/1618/161800580010.001/swg.fits[1]
scw/1618/161800590010.001/swg.fits[1]
scw/1618/161800600010.001/swg.fits[1]
scw/1618/161800610010.001/swg.fits[1]
scw/1618/161800620010.001/swg.fits[1]
scw/1618/161800630010.001/swg.fits[1]
scw/1618/161800640010.001/swg.fits[1]
scw/1618/161800650010.001/swg.fits[1]
scw/1618/161800660010.001/swg.fits[1]
scw/1618/161800670010.001/swg.fits[1]
scw/1618/161800680010.001/swg.fits[1]
scw/1618/161800690010.001/swg.fits[1]
scw/1618/161800700010.001/swg.fits[1]
scw/1618/161800710010.001/swg.fits[1]
scw/1618/161800720010.001/swg.fits[1]
scw/1618/161800730010.001/swg.fits[1]
scw/1618/161800740010.001/swg.fits[1]
scw/1618/161800760010.001/swg.fits[1]
scw/1618/161800770010.001/swg.fits[1]
scw/1618/161800780010.001/swg.fits[1]
scw/1618/161800790010.001/swg.fits[1]
scw/1618/161800810010.001/swg.fits[1]
scw/1798/179800020010.001/swg.fits[1]
scw/2018/201800600010.001/swg.fits[1]
scw/2019/201900020010.001/swg.fits[1]
scw/2019/201900700010.001/swg.fits[1]
scw/2076/207600040010.001/swg.fits[1]
scw/2076/207600570010.001/swg.fits[1]
scw/2078/207800300010.001/swg.fits[1]
