scw/0154/015400200010.001/swg.fits[1]
scw/0154/015400200020.001/swg.fits[1]
scw/0154/015400200030.001/swg.fits[1]
scw/0154/015400200040.001/swg.fits[1]
scw/0674/067400950010.001/swg.fits[1]
scw/0714/071400120010.001/swg.fits[1]
scw/0714/071400130010.001/swg.fits[1]
scw/0714/071400140010.001/swg.fits[1]
scw/0714/071400150010.001/swg.fits[1]
scw/0714/071400160010.001/swg.fits[1]
scw/0714/071400540010.001/swg.fits[1]
scw/0714/071400550010.001/swg.fits[1]
scw/0714/071400560010.001/swg.fits[1]
scw/0714/071400570010.001/swg.fits[1]
scw/0746/074600260010.001/swg.fits[1]
scw/0746/074600350010.001/swg.fits[1]
scw/0746/074600360010.001/swg.fits[1]
scw/0754/075400320010.001/swg.fits[1]
scw/0754/075400410010.001/swg.fits[1]
scw/0754/075400420010.001/swg.fits[1]
scw/0755/075500330010.001/swg.fits[1]
scw/0755/075500410010.001/swg.fits[1]
scw/0755/075500420010.001/swg.fits[1]
scw/0755/075500430010.001/swg.fits[1]
scw/0755/075500440010.001/swg.fits[1]
scw/0755/075500510010.001/swg.fits[1]
scw/0755/075500520010.001/swg.fits[1]
scw/0755/075500530010.001/swg.fits[1]
scw/0755/075500620010.001/swg.fits[1]
scw/0756/075600320010.001/swg.fits[1]
scw/0756/075600410010.001/swg.fits[1]
scw/0756/075600420010.001/swg.fits[1]
scw/0757/075700110010.001/swg.fits[1]
scw/0757/075700120010.001/swg.fits[1]
scw/0757/075700210010.001/swg.fits[1]
scw/0757/075700220010.001/swg.fits[1]
scw/0925/092500880010.001/swg.fits[1]
scw/0925/092500890010.001/swg.fits[1]
scw/0925/092500900010.001/swg.fits[1]
scw/0925/092500910010.001/swg.fits[1]
scw/0926/092600810010.001/swg.fits[1]
scw/0926/092600830010.001/swg.fits[1]
scw/0926/092600840010.001/swg.fits[1]
scw/0926/092600850010.001/swg.fits[1]
scw/0926/092600860010.001/swg.fits[1]
scw/0926/092600870010.001/swg.fits[1]
scw/0933/093300440010.001/swg.fits[1]
scw/0933/093300450010.001/swg.fits[1]
scw/0933/093300460010.001/swg.fits[1]
scw/0933/093300470010.001/swg.fits[1]
scw/0933/093300480010.001/swg.fits[1]
scw/0933/093300520010.001/swg.fits[1]
scw/0933/093300530010.001/swg.fits[1]
scw/0933/093300540010.001/swg.fits[1]
scw/0933/093300550010.001/swg.fits[1]
scw/0933/093300560010.001/swg.fits[1]
scw/0933/093300570010.001/swg.fits[1]
scw/0933/093300580010.001/swg.fits[1]
scw/0933/093300590010.001/swg.fits[1]
scw/0933/093300620010.001/swg.fits[1]
scw/0933/093300630010.001/swg.fits[1]
scw/0933/093300640010.001/swg.fits[1]
scw/0934/093400010010.001/swg.fits[1]
scw/0934/093400020010.001/swg.fits[1]
scw/0934/093400030010.001/swg.fits[1]
scw/0934/093400040010.001/swg.fits[1]
scw/0934/093400110010.001/swg.fits[1]
scw/0934/093400220010.001/swg.fits[1]
scw/0934/093400230010.001/swg.fits[1]
scw/0934/093400290010.001/swg.fits[1]
scw/0934/093400300010.001/swg.fits[1]
scw/0934/093400340010.001/swg.fits[1]
scw/0934/093400350010.001/swg.fits[1]
scw/0934/093400360010.001/swg.fits[1]
scw/0934/093400370010.001/swg.fits[1]
scw/0934/093400390010.001/swg.fits[1]
scw/0934/093400400010.001/swg.fits[1]
scw/0934/093400410010.001/swg.fits[1]
scw/0934/093400420010.001/swg.fits[1]
scw/0934/093400430010.001/swg.fits[1]
scw/0934/093400440010.001/swg.fits[1]
scw/0934/093400450010.001/swg.fits[1]
scw/0934/093400510010.001/swg.fits[1]
scw/0934/093400520010.001/swg.fits[1]
scw/0934/093400620010.001/swg.fits[1]
scw/0934/093400630010.001/swg.fits[1]
scw/0935/093500010010.001/swg.fits[1]
scw/0935/093500020010.001/swg.fits[1]
scw/0935/093500030010.001/swg.fits[1]
scw/0935/093500060010.001/swg.fits[1]
scw/0935/093500070010.001/swg.fits[1]
scw/0935/093500080010.001/swg.fits[1]
scw/0935/093500090010.001/swg.fits[1]
scw/0935/093500100010.001/swg.fits[1]
scw/0935/093500110010.001/swg.fits[1]
scw/0935/093500120010.001/swg.fits[1]
scw/0935/093500170010.001/swg.fits[1]
scw/0935/093500180010.001/swg.fits[1]
scw/0935/093500190010.001/swg.fits[1]
scw/0935/093500200010.001/swg.fits[1]
scw/0935/093500340010.001/swg.fits[1]
scw/0935/093500350010.001/swg.fits[1]
scw/0935/093500390010.001/swg.fits[1]
scw/0935/093500400010.001/swg.fits[1]
scw/0935/093500410010.001/swg.fits[1]
scw/0935/093500420010.001/swg.fits[1]
scw/0935/093500430010.001/swg.fits[1]
scw/0935/093500440010.001/swg.fits[1]
scw/0935/093500450010.001/swg.fits[1]
scw/0935/093500460010.001/swg.fits[1]
scw/0935/093500480010.001/swg.fits[1]
scw/0935/093500490010.001/swg.fits[1]
scw/0935/093500500010.001/swg.fits[1]
scw/0935/093500510010.001/swg.fits[1]
scw/0935/093500520010.001/swg.fits[1]
scw/0935/093500530010.001/swg.fits[1]
scw/0935/093500540010.001/swg.fits[1]
scw/0935/093500550010.001/swg.fits[1]
scw/0935/093500560010.001/swg.fits[1]
scw/0935/093500570010.001/swg.fits[1]
scw/0935/093500580010.001/swg.fits[1]
scw/0935/093500590010.001/swg.fits[1]
scw/0935/093500600010.001/swg.fits[1]
scw/0935/093500610010.001/swg.fits[1]
scw/0935/093500620010.001/swg.fits[1]
scw/0935/093500630010.001/swg.fits[1]
scw/0935/093500640010.001/swg.fits[1]
scw/0936/093600090010.001/swg.fits[1]
scw/0936/093600170010.001/swg.fits[1]
scw/0936/093600180010.001/swg.fits[1]
scw/0936/093600190010.001/swg.fits[1]
scw/0936/093600200010.001/swg.fits[1]
scw/0936/093600210010.001/swg.fits[1]
scw/0936/093600250010.001/swg.fits[1]
scw/0936/093600260010.001/swg.fits[1]
scw/0936/093600270010.001/swg.fits[1]
scw/0936/093600280010.001/swg.fits[1]
scw/0936/093600290010.001/swg.fits[1]
scw/0936/093600300010.001/swg.fits[1]
scw/0936/093600310010.001/swg.fits[1]
scw/0936/093600320010.001/swg.fits[1]
scw/0936/093600350010.001/swg.fits[1]
scw/0936/093600360010.001/swg.fits[1]
scw/0936/093600400010.001/swg.fits[1]
scw/0936/093600410010.001/swg.fits[1]
scw/0936/093600420010.001/swg.fits[1]
scw/0936/093600510010.001/swg.fits[1]
scw/0936/093600520010.001/swg.fits[1]
scw/0936/093600530010.001/swg.fits[1]
scw/0936/093600540010.001/swg.fits[1]
scw/0936/093600550010.001/swg.fits[1]
scw/0936/093600590010.001/swg.fits[1]
scw/0936/093600600010.001/swg.fits[1]
scw/0936/093600610010.001/swg.fits[1]
scw/0936/093600620010.001/swg.fits[1]
scw/0936/093600630010.001/swg.fits[1]
scw/0936/093600640010.001/swg.fits[1]
scw/0936/093600650010.001/swg.fits[1]
scw/0939/093900020010.001/swg.fits[1]
scw/0939/093900040010.001/swg.fits[1]
scw/0939/093900050010.001/swg.fits[1]
scw/0939/093900060010.001/swg.fits[1]
scw/0939/093900070010.001/swg.fits[1]
scw/0939/093900080010.001/swg.fits[1]
scw/0939/093900090010.001/swg.fits[1]
scw/0939/093900100010.001/swg.fits[1]
scw/0939/093900110010.001/swg.fits[1]
scw/0939/093900120010.001/swg.fits[1]
scw/0939/093900160010.001/swg.fits[1]
scw/0939/093900170010.001/swg.fits[1]
scw/0939/093900180010.001/swg.fits[1]
scw/0939/093900190010.001/swg.fits[1]
scw/0939/093900200010.001/swg.fits[1]
scw/0939/093900210010.001/swg.fits[1]
scw/0939/093900270010.001/swg.fits[1]
scw/0939/093900280010.001/swg.fits[1]
scw/0939/093900370010.001/swg.fits[1]
scw/0939/093900380010.001/swg.fits[1]
scw/0939/093900390010.001/swg.fits[1]
scw/0939/093900400010.001/swg.fits[1]
scw/0939/093900410010.001/swg.fits[1]
scw/0939/093900490010.001/swg.fits[1]
scw/0939/093900600010.001/swg.fits[1]
scw/0940/094000030010.001/swg.fits[1]
scw/0940/094000040010.001/swg.fits[1]
scw/0940/094000050010.001/swg.fits[1]
scw/0940/094000060010.001/swg.fits[1]
scw/0940/094000070010.001/swg.fits[1]
scw/0940/094000120010.001/swg.fits[1]
scw/0940/094000130010.001/swg.fits[1]
scw/0940/094000140010.001/swg.fits[1]
scw/0940/094000150010.001/swg.fits[1]
scw/0940/094000160010.001/swg.fits[1]
scw/0940/094000170010.001/swg.fits[1]
scw/0940/094000220010.001/swg.fits[1]
scw/0940/094000230010.001/swg.fits[1]
scw/0940/094000240010.001/swg.fits[1]
scw/0940/094000250010.001/swg.fits[1]
scw/0940/094000260010.001/swg.fits[1]
scw/0940/094000350010.001/swg.fits[1]
scw/0940/094000360010.001/swg.fits[1]
scw/0940/094000370010.001/swg.fits[1]
scw/0940/094000380010.001/swg.fits[1]
scw/0940/094000390010.001/swg.fits[1]
scw/0940/094000440010.001/swg.fits[1]
scw/0940/094000450010.001/swg.fits[1]
scw/0940/094000460010.001/swg.fits[1]
scw/0940/094000470010.001/swg.fits[1]
scw/0940/094000480010.001/swg.fits[1]
scw/0940/094000490010.001/swg.fits[1]
scw/0940/094000500010.001/swg.fits[1]
scw/0940/094000530010.001/swg.fits[1]
scw/0940/094000540010.001/swg.fits[1]
scw/0940/094000550010.001/swg.fits[1]
scw/0940/094000560010.001/swg.fits[1]
scw/0940/094000570010.001/swg.fits[1]
scw/0940/094000580010.001/swg.fits[1]
scw/0940/094000590010.001/swg.fits[1]
scw/0940/094000600010.001/swg.fits[1]
scw/0940/094000630010.001/swg.fits[1]
scw/0940/094000630020.001/swg.fits[1]
scw/0941/094100010010.001/swg.fits[1]
scw/0941/094100020010.001/swg.fits[1]
scw/0941/094100030010.001/swg.fits[1]
scw/0941/094100040010.001/swg.fits[1]
scw/0941/094100050010.001/swg.fits[1]
scw/0941/094100060010.001/swg.fits[1]
scw/0941/094100110010.001/swg.fits[1]
scw/0941/094100120010.001/swg.fits[1]
scw/0941/094100130010.001/swg.fits[1]
scw/0941/094100220010.001/swg.fits[1]
scw/0941/094100230010.001/swg.fits[1]
scw/0941/094100240010.001/swg.fits[1]
scw/0941/094100250010.001/swg.fits[1]
scw/0941/094100310010.001/swg.fits[1]
