scw/0451/045100040010.001/swg.fits[1]
scw/0451/045100050010.001/swg.fits[1]
scw/0451/045100060010.001/swg.fits[1]
scw/0451/045100070010.001/swg.fits[1]
scw/0451/045100080010.001/swg.fits[1]
scw/0451/045100090010.001/swg.fits[1]
scw/0451/045100100010.001/swg.fits[1]
scw/0451/045100110010.001/swg.fits[1]
scw/0451/045100120010.001/swg.fits[1]
scw/0451/045100130010.001/swg.fits[1]
scw/0451/045100140010.001/swg.fits[1]
scw/0451/045100150010.001/swg.fits[1]
scw/0451/045100160010.001/swg.fits[1]
scw/0451/045100170010.001/swg.fits[1]
scw/0451/045100180010.001/swg.fits[1]
scw/0451/045100190010.001/swg.fits[1]
scw/0451/045100200010.001/swg.fits[1]
scw/0451/045100210010.001/swg.fits[1]
scw/0451/045100220010.001/swg.fits[1]
scw/0451/045100230010.001/swg.fits[1]
scw/0451/045100240010.001/swg.fits[1]
scw/0451/045100250010.001/swg.fits[1]
scw/0451/045100260010.001/swg.fits[1]
scw/0451/045100270010.001/swg.fits[1]
scw/0451/045100280010.001/swg.fits[1]
scw/0451/045100290010.001/swg.fits[1]
scw/0451/045100300010.001/swg.fits[1]
scw/0451/045100310010.001/swg.fits[1]
scw/0451/045100320010.001/swg.fits[1]
scw/0451/045100330010.001/swg.fits[1]
scw/0451/045100340010.001/swg.fits[1]
scw/0451/045100350010.001/swg.fits[1]
scw/0451/045100360010.001/swg.fits[1]
scw/0451/045100370010.001/swg.fits[1]
scw/0451/045100380010.001/swg.fits[1]
scw/0451/045100390010.001/swg.fits[1]
scw/0451/045100400010.001/swg.fits[1]
scw/0451/045100410010.001/swg.fits[1]
scw/0451/045100420010.001/swg.fits[1]
scw/0451/045100430010.001/swg.fits[1]
scw/0451/045100440010.001/swg.fits[1]
scw/0451/045100450010.001/swg.fits[1]
scw/0451/045100460010.001/swg.fits[1]
scw/0451/045100470010.001/swg.fits[1]
scw/0451/045100480010.001/swg.fits[1]
scw/0451/045100480020.001/swg.fits[1]
scw/0451/045100490010.001/swg.fits[1]
scw/0451/045100500010.001/swg.fits[1]
scw/0451/045100510010.001/swg.fits[1]
scw/0451/045100520010.001/swg.fits[1]
scw/0451/045100530010.001/swg.fits[1]
scw/0451/045100540010.001/swg.fits[1]
scw/0451/045100550010.001/swg.fits[1]
scw/0451/045100560010.001/swg.fits[1]
scw/0451/045100570010.001/swg.fits[1]
scw/0451/045100580010.001/swg.fits[1]
scw/0451/045100580020.001/swg.fits[1]
scw/0521/052100540010.001/swg.fits[1]
scw/0521/052100610010.001/swg.fits[1]
scw/0561/056100260010.001/swg.fits[1]
scw/0562/056200410010.001/swg.fits[1]
scw/0562/056200480010.001/swg.fits[1]
scw/0634/063400590010.001/swg.fits[1]
scw/0636/063600050010.001/swg.fits[1]
scw/0678/067800160010.001/swg.fits[1]
scw/0678/067800170010.001/swg.fits[1]
scw/0678/067800180010.001/swg.fits[1]
scw/0678/067800190010.001/swg.fits[1]
scw/0678/067800200010.001/swg.fits[1]
scw/0678/067800210010.001/swg.fits[1]
scw/0678/067800220010.001/swg.fits[1]
scw/0678/067800230010.001/swg.fits[1]
scw/0678/067800240010.001/swg.fits[1]
scw/0678/067800250010.001/swg.fits[1]
scw/0678/067800260010.001/swg.fits[1]
scw/0678/067800270010.001/swg.fits[1]
scw/0678/067800280010.001/swg.fits[1]
scw/0678/067800290010.001/swg.fits[1]
scw/0678/067800300010.001/swg.fits[1]
scw/0678/067800310010.001/swg.fits[1]
scw/0678/067800320010.001/swg.fits[1]
scw/0678/067800330010.001/swg.fits[1]
scw/0678/067800340010.001/swg.fits[1]
scw/0678/067800350010.001/swg.fits[1]
scw/0678/067800360010.001/swg.fits[1]
scw/0678/067800370010.001/swg.fits[1]
scw/0678/067800380010.001/swg.fits[1]
scw/0678/067800390010.001/swg.fits[1]
scw/0678/067800400010.001/swg.fits[1]
scw/0678/067800410010.001/swg.fits[1]
scw/0678/067800420010.001/swg.fits[1]
scw/0678/067800430010.001/swg.fits[1]
scw/0678/067800440010.001/swg.fits[1]
scw/0678/067800450010.001/swg.fits[1]
scw/0678/067800460010.001/swg.fits[1]
scw/0678/067800470010.001/swg.fits[1]
scw/0678/067800480010.001/swg.fits[1]
scw/0678/067800490010.001/swg.fits[1]
scw/0678/067800500010.001/swg.fits[1]
scw/0678/067800510010.001/swg.fits[1]
scw/0678/067800520010.001/swg.fits[1]
scw/0678/067800530010.001/swg.fits[1]
scw/0678/067800540010.001/swg.fits[1]
scw/0678/067800550010.001/swg.fits[1]
scw/0678/067800560010.001/swg.fits[1]
scw/0678/067800570010.001/swg.fits[1]
scw/0678/067800580010.001/swg.fits[1]
scw/0678/067800590010.001/swg.fits[1]
scw/0678/067800600010.001/swg.fits[1]
scw/0678/067800610010.001/swg.fits[1]
scw/0678/067800620010.001/swg.fits[1]
scw/0678/067800630010.001/swg.fits[1]
scw/0678/067800640010.001/swg.fits[1]
scw/0678/067800650010.001/swg.fits[1]
scw/0678/067800660010.001/swg.fits[1]
scw/0678/067800670010.001/swg.fits[1]
scw/0678/067800680010.001/swg.fits[1]
scw/0678/067800690010.001/swg.fits[1]
scw/0678/067800700010.001/swg.fits[1]
scw/0679/067900160010.001/swg.fits[1]
scw/0679/067900170010.001/swg.fits[1]
scw/0679/067900180010.001/swg.fits[1]
scw/0679/067900190010.001/swg.fits[1]
scw/0679/067900200010.001/swg.fits[1]
scw/0679/067900210010.001/swg.fits[1]
scw/0679/067900220010.001/swg.fits[1]
scw/0679/067900230010.001/swg.fits[1]
scw/0679/067900240010.001/swg.fits[1]
scw/0679/067900250010.001/swg.fits[1]
scw/0679/067900260010.001/swg.fits[1]
scw/0679/067900270010.001/swg.fits[1]
scw/0679/067900280010.001/swg.fits[1]
scw/0679/067900290010.001/swg.fits[1]
scw/0679/067900300010.001/swg.fits[1]
scw/0679/067900310010.001/swg.fits[1]
scw/0679/067900320010.001/swg.fits[1]
scw/0679/067900330010.001/swg.fits[1]
scw/0679/067900340010.001/swg.fits[1]
scw/0679/067900350010.001/swg.fits[1]
scw/0679/067900360010.001/swg.fits[1]
scw/0679/067900370010.001/swg.fits[1]
scw/0679/067900380010.001/swg.fits[1]
scw/0679/067900390010.001/swg.fits[1]
scw/0679/067900400010.001/swg.fits[1]
scw/0679/067900410010.001/swg.fits[1]
scw/0679/067900420010.001/swg.fits[1]
scw/0679/067900430010.001/swg.fits[1]
scw/0679/067900440010.001/swg.fits[1]
scw/0679/067900450010.001/swg.fits[1]
scw/0679/067900460010.001/swg.fits[1]
scw/0679/067900470010.001/swg.fits[1]
scw/0679/067900480010.001/swg.fits[1]
scw/0679/067900490010.001/swg.fits[1]
scw/0679/067900500010.001/swg.fits[1]
scw/0679/067900510010.001/swg.fits[1]
scw/0679/067900520010.001/swg.fits[1]
scw/0679/067900530010.001/swg.fits[1]
scw/0679/067900540010.001/swg.fits[1]
scw/0679/067900550010.001/swg.fits[1]
scw/0679/067900560010.001/swg.fits[1]
scw/0679/067900570010.001/swg.fits[1]
scw/0679/067900580010.001/swg.fits[1]
scw/0679/067900590010.001/swg.fits[1]
scw/0679/067900600010.001/swg.fits[1]
scw/0679/067900610010.001/swg.fits[1]
scw/0679/067900620010.001/swg.fits[1]
scw/0679/067900630010.001/swg.fits[1]
scw/0679/067900640010.001/swg.fits[1]
scw/0679/067900650010.001/swg.fits[1]
scw/0679/067900660010.001/swg.fits[1]
scw/0679/067900670010.001/swg.fits[1]
scw/0679/067900680010.001/swg.fits[1]
scw/0679/067900690010.001/swg.fits[1]
scw/0679/067900700010.001/swg.fits[1]
scw/0679/067900710010.001/swg.fits[1]
scw/0802/080200520010.001/swg.fits[1]
scw/0809/080900530010.001/swg.fits[1]
scw/0809/080900540010.001/swg.fits[1]
scw/0810/081000020010.001/swg.fits[1]
scw/0810/081000030010.001/swg.fits[1]
scw/0810/081000040010.001/swg.fits[1]
scw/0810/081000130010.001/swg.fits[1]
scw/0810/081000140010.001/swg.fits[1]
scw/0810/081000330010.001/swg.fits[1]
scw/0810/081000340010.001/swg.fits[1]
scw/0810/081000420010.001/swg.fits[1]
scw/0810/081000430010.001/swg.fits[1]
scw/0810/081000440010.001/swg.fits[1]
scw/0810/081000620010.001/swg.fits[1]
scw/0811/081100060010.001/swg.fits[1]
scw/0811/081100070010.001/swg.fits[1]
scw/0811/081100170010.001/swg.fits[1]
scw/0811/081100260010.001/swg.fits[1]
scw/0811/081100270010.001/swg.fits[1]
scw/0811/081100280010.001/swg.fits[1]
scw/0811/081100350010.001/swg.fits[1]
