scw/0597/059700540010.001/swg.fits[1]
scw/0597/059700550010.001/swg.fits[1]
scw/0597/059700560010.001/swg.fits[1]
scw/0597/059700570010.001/swg.fits[1]
scw/0597/059700580010.001/swg.fits[1]
scw/0597/059700590010.001/swg.fits[1]
scw/0597/059700600010.001/swg.fits[1]
scw/0597/059700610010.001/swg.fits[1]
scw/0598/059800010010.001/swg.fits[1]
scw/0598/059800020010.001/swg.fits[1]
scw/0598/059800030010.001/swg.fits[1]
scw/0598/059800040010.001/swg.fits[1]
scw/0598/059800050010.001/swg.fits[1]
scw/0598/059800060010.001/swg.fits[1]
scw/0598/059800070010.001/swg.fits[1]
scw/0598/059800080010.001/swg.fits[1]
scw/0598/059800090010.001/swg.fits[1]
scw/0598/059800100010.001/swg.fits[1]
scw/0598/059800110010.001/swg.fits[1]
scw/0598/059800120010.001/swg.fits[1]
scw/0598/059800130010.001/swg.fits[1]
scw/0598/059800140010.001/swg.fits[1]
scw/0598/059800150010.001/swg.fits[1]
scw/0598/059800160010.001/swg.fits[1]
scw/0598/059800170010.001/swg.fits[1]
scw/0598/059800180010.001/swg.fits[1]
scw/0598/059800190010.001/swg.fits[1]
scw/0598/059800200010.001/swg.fits[1]
scw/0598/059800210010.001/swg.fits[1]
scw/0598/059800220010.001/swg.fits[1]
scw/0598/059800230010.001/swg.fits[1]
scw/0598/059800240010.001/swg.fits[1]
scw/0598/059800250010.001/swg.fits[1]
scw/0598/059800260010.001/swg.fits[1]
scw/0598/059800270010.001/swg.fits[1]
scw/0598/059800280010.001/swg.fits[1]
scw/0598/059800290010.001/swg.fits[1]
scw/0598/059800300010.001/swg.fits[1]
scw/0598/059800310010.001/swg.fits[1]
scw/0598/059800320010.001/swg.fits[1]
scw/0598/059800330010.001/swg.fits[1]
scw/0598/059800340010.001/swg.fits[1]
scw/0598/059800350010.001/swg.fits[1]
scw/0598/059800360010.001/swg.fits[1]
scw/0598/059800370010.001/swg.fits[1]
scw/0598/059800380010.001/swg.fits[1]
scw/0598/059800390010.001/swg.fits[1]
scw/0598/059800400010.001/swg.fits[1]
scw/0598/059800410010.001/swg.fits[1]
scw/0598/059800420010.001/swg.fits[1]
scw/0598/059800430010.001/swg.fits[1]
scw/0598/059800440010.001/swg.fits[1]
scw/0598/059800450010.001/swg.fits[1]
scw/0598/059800460010.001/swg.fits[1]
scw/0598/059800470010.001/swg.fits[1]
scw/0598/059800480010.001/swg.fits[1]
scw/0598/059800490010.001/swg.fits[1]
scw/0598/059800500010.001/swg.fits[1]
scw/0598/059800510010.001/swg.fits[1]
scw/0598/059800520010.001/swg.fits[1]
scw/0598/059800530010.001/swg.fits[1]
scw/0598/059800540010.001/swg.fits[1]
scw/0598/059800550010.001/swg.fits[1]
scw/0598/059800560010.001/swg.fits[1]
scw/0598/059800570010.001/swg.fits[1]
scw/0598/059800580010.001/swg.fits[1]
scw/0598/059800590010.001/swg.fits[1]
scw/0598/059800600010.001/swg.fits[1]
scw/0860/086000550010.001/swg.fits[1]
scw/0945/094500040010.001/swg.fits[1]
scw/0945/094500050010.001/swg.fits[1]
scw/0945/094500060010.001/swg.fits[1]
scw/0945/094500070010.001/swg.fits[1]
scw/0945/094500080010.001/swg.fits[1]
scw/0945/094500090010.001/swg.fits[1]
scw/0945/094500100010.001/swg.fits[1]
scw/0945/094500110010.001/swg.fits[1]
scw/0945/094500120010.001/swg.fits[1]
scw/0945/094500130010.001/swg.fits[1]
scw/0945/094500140010.001/swg.fits[1]
scw/0945/094500150010.001/swg.fits[1]
scw/0945/094500160010.001/swg.fits[1]
scw/0945/094500170010.001/swg.fits[1]
scw/0945/094500180010.001/swg.fits[1]
scw/0945/094500190010.001/swg.fits[1]
scw/0945/094500200010.001/swg.fits[1]
scw/0945/094500210010.001/swg.fits[1]
scw/0945/094500220010.001/swg.fits[1]
scw/0945/094500230010.001/swg.fits[1]
scw/0945/094500240010.001/swg.fits[1]
scw/0945/094500250010.001/swg.fits[1]
scw/0945/094500260010.001/swg.fits[1]
scw/0945/094500270010.001/swg.fits[1]
scw/0945/094500280010.001/swg.fits[1]
scw/0945/094500290010.001/swg.fits[1]
scw/0945/094500300010.001/swg.fits[1]
scw/0945/094500310010.001/swg.fits[1]
scw/0945/094500320010.001/swg.fits[1]
scw/0945/094500330010.001/swg.fits[1]
scw/0945/094500340010.001/swg.fits[1]
scw/0945/094500350010.001/swg.fits[1]
scw/0945/094500360010.001/swg.fits[1]
scw/0945/094500370010.001/swg.fits[1]
scw/0945/094500380010.001/swg.fits[1]
scw/0945/094500390010.001/swg.fits[1]
scw/0945/094500400010.001/swg.fits[1]
scw/0945/094500410010.001/swg.fits[1]
scw/0945/094500420010.001/swg.fits[1]
scw/0945/094500430010.001/swg.fits[1]
scw/0945/094500440010.001/swg.fits[1]
scw/0945/094500450010.001/swg.fits[1]
scw/0945/094500460010.001/swg.fits[1]
scw/0945/094500470010.001/swg.fits[1]
scw/0945/094500480010.001/swg.fits[1]
scw/0945/094500490010.001/swg.fits[1]
scw/0945/094500500010.001/swg.fits[1]
scw/0945/094500510010.001/swg.fits[1]
scw/0945/094500520010.001/swg.fits[1]
scw/0945/094500530010.001/swg.fits[1]
scw/0945/094500540010.001/swg.fits[1]
scw/0945/094500550010.001/swg.fits[1]
scw/0945/094500560010.001/swg.fits[1]
scw/0945/094500570010.001/swg.fits[1]
scw/0945/094500580010.001/swg.fits[1]
scw/0945/094500590010.001/swg.fits[1]
scw/0945/094500600010.001/swg.fits[1]
scw/0945/094500610010.001/swg.fits[1]
scw/0945/094500620010.001/swg.fits[1]
scw/0945/094500630010.001/swg.fits[1]
scw/0945/094500640010.001/swg.fits[1]
scw/0945/094500650010.001/swg.fits[1]
scw/0945/094500660010.001/swg.fits[1]
scw/0945/094500670010.001/swg.fits[1]
scw/0945/094500680010.001/swg.fits[1]
scw/0945/094500690010.001/swg.fits[1]
scw/0945/094500700010.001/swg.fits[1]
scw/0945/094500710010.001/swg.fits[1]
scw/0945/094500720010.001/swg.fits[1]
scw/0945/094500730010.001/swg.fits[1]
scw/0945/094500740010.001/swg.fits[1]
scw/0945/094500750010.001/swg.fits[1]
scw/0945/094500760010.001/swg.fits[1]
scw/0945/094500770010.001/swg.fits[1]
scw/0945/094500780010.001/swg.fits[1]
scw/0945/094500800010.001/swg.fits[1]
scw/0945/094500810010.001/swg.fits[1]
scw/0945/094500820010.001/swg.fits[1]
scw/0945/094500830010.001/swg.fits[1]
scw/0946/094600020010.001/swg.fits[1]
scw/0946/094600030010.001/swg.fits[1]
scw/0946/094600040010.001/swg.fits[1]
scw/0946/094600050010.001/swg.fits[1]
scw/0946/094600060010.001/swg.fits[1]
scw/0946/094600070010.001/swg.fits[1]
scw/0946/094600080010.001/swg.fits[1]
scw/0946/094600090010.001/swg.fits[1]
scw/0946/094600100010.001/swg.fits[1]
scw/0946/094600110010.001/swg.fits[1]
scw/0946/094600120010.001/swg.fits[1]
scw/0946/094600130010.001/swg.fits[1]
scw/0946/094600140010.001/swg.fits[1]
scw/0946/094600150010.001/swg.fits[1]
scw/0946/094600160010.001/swg.fits[1]
scw/0946/094600170010.001/swg.fits[1]
scw/0946/094600180010.001/swg.fits[1]
scw/0946/094600190010.001/swg.fits[1]
scw/0946/094600200010.001/swg.fits[1]
scw/0946/094600210010.001/swg.fits[1]
scw/0946/094600220010.001/swg.fits[1]
scw/0946/094600230010.001/swg.fits[1]
scw/0946/094600240010.001/swg.fits[1]
scw/0946/094600250010.001/swg.fits[1]
scw/0946/094600260010.001/swg.fits[1]
scw/0946/094600270010.001/swg.fits[1]
scw/0946/094600280010.001/swg.fits[1]
scw/0946/094600290010.001/swg.fits[1]
scw/0946/094600310010.001/swg.fits[1]
scw/0946/094600320010.001/swg.fits[1]
scw/0946/094600330010.001/swg.fits[1]
scw/0946/094600340010.001/swg.fits[1]
scw/0946/094600350010.001/swg.fits[1]
scw/0946/094600360010.001/swg.fits[1]
scw/0946/094600370010.001/swg.fits[1]
scw/0946/094600380010.001/swg.fits[1]
scw/0946/094600390010.001/swg.fits[1]
scw/0946/094600400010.001/swg.fits[1]
scw/0946/094600410010.001/swg.fits[1]
scw/0946/094600420010.001/swg.fits[1]
scw/0946/094600430010.001/swg.fits[1]
scw/0946/094600440010.001/swg.fits[1]
scw/0946/094600450010.001/swg.fits[1]
scw/0946/094600460010.001/swg.fits[1]
scw/0946/094600470010.001/swg.fits[1]
scw/0946/094600480010.001/swg.fits[1]
scw/0946/094600490010.001/swg.fits[1]
scw/0946/094600500010.001/swg.fits[1]
scw/0946/094600510010.001/swg.fits[1]
scw/0946/094600520010.001/swg.fits[1]
scw/0946/094600530010.001/swg.fits[1]
scw/0946/094600540010.001/swg.fits[1]
scw/0946/094600550010.001/swg.fits[1]
scw/0946/094600560010.001/swg.fits[1]
scw/0946/094600570010.001/swg.fits[1]
scw/0946/094600580010.001/swg.fits[1]
scw/0946/094600590010.001/swg.fits[1]
scw/0946/094600600010.001/swg.fits[1]
scw/0946/094600610010.001/swg.fits[1]
scw/0946/094600620010.001/swg.fits[1]
scw/0946/094600630010.001/swg.fits[1]
scw/0946/094600640010.001/swg.fits[1]
scw/0946/094600650010.001/swg.fits[1]
scw/0946/094600660010.001/swg.fits[1]
scw/0946/094600670010.001/swg.fits[1]
scw/0946/094600680010.001/swg.fits[1]
scw/0946/094600690010.001/swg.fits[1]
scw/0946/094600700010.001/swg.fits[1]
scw/0946/094600710010.001/swg.fits[1]
scw/0946/094600720010.001/swg.fits[1]
scw/0946/094600730010.001/swg.fits[1]
scw/0946/094600740010.001/swg.fits[1]
scw/0946/094600750010.001/swg.fits[1]
scw/0946/094600760010.001/swg.fits[1]
scw/0946/094600780010.001/swg.fits[1]
scw/0946/094600790010.001/swg.fits[1]
scw/0946/094600800010.001/swg.fits[1]
scw/0947/094700020010.001/swg.fits[1]
scw/0947/094700030010.001/swg.fits[1]
scw/0947/094700040010.001/swg.fits[1]
scw/0947/094700050010.001/swg.fits[1]
scw/0947/094700060010.001/swg.fits[1]
scw/0947/094700070010.001/swg.fits[1]
scw/0947/094700080010.001/swg.fits[1]
scw/0947/094700090010.001/swg.fits[1]
scw/0947/094700100010.001/swg.fits[1]
scw/0947/094700110010.001/swg.fits[1]
scw/0947/094700120010.001/swg.fits[1]
scw/0947/094700130010.001/swg.fits[1]
scw/0947/094700140010.001/swg.fits[1]
scw/0947/094700150010.001/swg.fits[1]
scw/0947/094700160010.001/swg.fits[1]
scw/0947/094700170010.001/swg.fits[1]
scw/0947/094700180010.001/swg.fits[1]
scw/0947/094700190010.001/swg.fits[1]
scw/0947/094700200010.001/swg.fits[1]
scw/0947/094700210010.001/swg.fits[1]
scw/0947/094700220010.001/swg.fits[1]
scw/0947/094700230010.001/swg.fits[1]
scw/0947/094700240010.001/swg.fits[1]
scw/0947/094700250010.001/swg.fits[1]
