scw/0073/007300060010.001/swg.fits[1]
scw/0073/007300070010.001/swg.fits[1]
scw/0310/031000660010.001/swg.fits[1]
scw/0310/031000660020.001/swg.fits[1]
scw/0310/031000660030.001/swg.fits[1]
scw/0310/031000670010.001/swg.fits[1]
scw/0624/062400430010.001/swg.fits[1]
scw/0624/062400440010.001/swg.fits[1]
scw/0624/062400450010.001/swg.fits[1]
scw/0624/062400460010.001/swg.fits[1]
scw/0624/062400470010.001/swg.fits[1]
scw/0624/062400540010.001/swg.fits[1]
scw/0624/062400550010.001/swg.fits[1]
scw/0625/062500210010.001/swg.fits[1]
scw/0625/062500290010.001/swg.fits[1]
scw/0625/062500300010.001/swg.fits[1]
scw/0625/062500310010.001/swg.fits[1]
scw/0625/062500320010.001/swg.fits[1]
scw/0625/062500330010.001/swg.fits[1]
scw/0625/062500380010.001/swg.fits[1]
scw/0625/062500390010.001/swg.fits[1]
scw/0625/062500400010.001/swg.fits[1]
scw/0625/062500410010.001/swg.fits[1]
scw/0625/062500420010.001/swg.fits[1]
scw/0625/062500430010.001/swg.fits[1]
scw/0625/062500490010.001/swg.fits[1]
scw/0625/062500500010.001/swg.fits[1]
scw/0625/062500510010.001/swg.fits[1]
scw/0626/062600130010.001/swg.fits[1]
scw/0626/062600140010.001/swg.fits[1]
scw/0626/062600150010.001/swg.fits[1]
scw/0626/062600210010.001/swg.fits[1]
scw/0626/062600220010.001/swg.fits[1]
scw/0626/062600230010.001/swg.fits[1]
scw/0626/062600240010.001/swg.fits[1]
scw/0626/062600250010.001/swg.fits[1]
scw/0626/062600260010.001/swg.fits[1]
scw/0626/062600320010.001/swg.fits[1]
scw/0626/062600330010.001/swg.fits[1]
scw/0626/062600340010.001/swg.fits[1]
scw/0626/062600350010.001/swg.fits[1]
scw/0626/062600420010.001/swg.fits[1]
scw/0626/062600430010.001/swg.fits[1]
scw/0626/062600440010.001/swg.fits[1]
scw/0627/062700060010.001/swg.fits[1]
scw/0627/062700070010.001/swg.fits[1]
scw/0627/062700080010.001/swg.fits[1]
scw/0627/062700150010.001/swg.fits[1]
scw/0627/062700160010.001/swg.fits[1]
scw/0627/062700170010.001/swg.fits[1]
scw/0627/062700180010.001/swg.fits[1]
scw/0627/062700190010.001/swg.fits[1]
scw/0627/062700240010.001/swg.fits[1]
scw/0627/062700250010.001/swg.fits[1]
scw/0627/062700260010.001/swg.fits[1]
scw/0627/062700270010.001/swg.fits[1]
scw/0627/062700280010.001/swg.fits[1]
scw/0627/062700290010.001/swg.fits[1]
scw/0627/062700350010.001/swg.fits[1]
scw/0627/062700360010.001/swg.fits[1]
scw/0627/062700370010.001/swg.fits[1]
scw/0627/062700380010.001/swg.fits[1]
scw/0627/062700460010.001/swg.fits[1]
scw/0627/062700560010.001/swg.fits[1]
scw/0627/062700570010.001/swg.fits[1]
scw/0675/067500220010.001/swg.fits[1]
scw/0675/067500320010.001/swg.fits[1]
scw/0677/067700100010.001/swg.fits[1]
scw/0685/068500270010.001/swg.fits[1]
scw/0685/068500350010.001/swg.fits[1]
scw/0685/068500360010.001/swg.fits[1]
scw/0685/068500370010.001/swg.fits[1]
scw/0685/068500380010.001/swg.fits[1]
scw/0685/068500440010.001/swg.fits[1]
scw/0685/068500450010.001/swg.fits[1]
scw/0685/068500460010.001/swg.fits[1]
scw/0685/068500470010.001/swg.fits[1]
scw/0685/068500480010.001/swg.fits[1]
scw/0685/068500550010.001/swg.fits[1]
scw/0685/068500560010.001/swg.fits[1]
scw/0685/068500570010.001/swg.fits[1]
scw/0686/068600170010.001/swg.fits[1]
scw/0686/068600250010.001/swg.fits[1]
scw/0686/068600260010.001/swg.fits[1]
scw/0686/068600270010.001/swg.fits[1]
scw/0686/068600280010.001/swg.fits[1]
scw/0686/068600350010.001/swg.fits[1]
scw/0686/068600360010.001/swg.fits[1]
scw/0686/068600370010.001/swg.fits[1]
scw/0686/068600380010.001/swg.fits[1]
scw/0686/068600460010.001/swg.fits[1]
scw/0686/068600470010.001/swg.fits[1]
scw/0686/068600570010.001/swg.fits[1]
scw/0687/068700060010.001/swg.fits[1]
scw/0687/068700070010.001/swg.fits[1]
scw/0687/068700080010.001/swg.fits[1]
scw/0687/068700150010.001/swg.fits[1]
scw/0687/068700160010.001/swg.fits[1]
scw/0687/068700170010.001/swg.fits[1]
scw/0687/068700180010.001/swg.fits[1]
scw/0687/068700190010.001/swg.fits[1]
scw/0687/068700250010.001/swg.fits[1]
scw/0687/068700260010.001/swg.fits[1]
scw/0687/068700270010.001/swg.fits[1]
scw/0687/068700280010.001/swg.fits[1]
scw/0687/068700350010.001/swg.fits[1]
scw/0687/068700360010.001/swg.fits[1]
scw/0687/068700370010.001/swg.fits[1]
scw/0687/068700560010.001/swg.fits[1]
scw/0687/068700570010.001/swg.fits[1]
scw/0688/068800050010.001/swg.fits[1]
scw/0688/068800060010.001/swg.fits[1]
scw/0688/068800070010.001/swg.fits[1]
scw/0688/068800080010.001/swg.fits[1]
scw/0688/068800140010.001/swg.fits[1]
scw/0688/068800160010.001/swg.fits[1]
scw/0688/068800170010.001/swg.fits[1]
scw/0688/068800180010.001/swg.fits[1]
scw/0688/068800250010.001/swg.fits[1]
scw/0688/068800260010.001/swg.fits[1]
scw/0688/068800270010.001/swg.fits[1]
scw/0688/068800460010.001/swg.fits[1]
scw/0688/068800470010.001/swg.fits[1]
scw/0688/068800480010.001/swg.fits[1]
scw/0688/068800550010.001/swg.fits[1]
scw/0688/068800560010.001/swg.fits[1]
scw/0688/068800570010.001/swg.fits[1]
scw/0688/068800580010.001/swg.fits[1]
scw/0689/068900040010.001/swg.fits[1]
scw/0689/068900050010.001/swg.fits[1]
scw/0689/068900060010.001/swg.fits[1]
scw/0689/068900070010.001/swg.fits[1]
scw/0689/068900080010.001/swg.fits[1]
scw/0689/068900150010.001/swg.fits[1]
scw/0689/068900160010.001/swg.fits[1]
scw/0689/068900170010.001/swg.fits[1]
scw/0689/068900260010.001/swg.fits[1]
scw/0689/068900360010.001/swg.fits[1]
scw/0689/068900370010.001/swg.fits[1]
scw/0689/068900450010.001/swg.fits[1]
scw/0689/068900460010.001/swg.fits[1]
scw/0689/068900480010.001/swg.fits[1]
scw/0689/068900550010.001/swg.fits[1]
scw/0689/068900560010.001/swg.fits[1]
scw/0689/068900570010.001/swg.fits[1]
scw/0689/068900580010.001/swg.fits[1]
scw/0690/069000060010.001/swg.fits[1]
scw/0690/069000070010.001/swg.fits[1]
scw/0690/069000190010.001/swg.fits[1]
scw/0690/069000190020.001/swg.fits[1]
scw/0690/069000190030.001/swg.fits[1]
scw/0690/069000200010.001/swg.fits[1]
scw/0690/069000200020.001/swg.fits[1]
scw/0690/069000200030.001/swg.fits[1]
scw/0757/075700560010.001/swg.fits[1]
scw/0757/075700570010.001/swg.fits[1]
scw/0757/075700580010.001/swg.fits[1]
scw/0757/075700590010.001/swg.fits[1]
scw/0759/075900220010.001/swg.fits[1]
scw/0759/075900230010.001/swg.fits[1]
scw/0759/075900240010.001/swg.fits[1]
scw/0759/075900250010.001/swg.fits[1]
scw/0759/075900320010.001/swg.fits[1]
scw/0759/075900330010.001/swg.fits[1]
scw/0759/075900340010.001/swg.fits[1]
scw/0759/075900420010.001/swg.fits[1]
scw/0759/075900430010.001/swg.fits[1]
scw/0759/075900440010.001/swg.fits[1]
scw/0759/075900450010.001/swg.fits[1]
scw/0759/075900520010.001/swg.fits[1]
scw/0759/075900530010.001/swg.fits[1]
scw/0759/075900540010.001/swg.fits[1]
scw/0760/076000030010.001/swg.fits[1]
scw/0760/076000040010.001/swg.fits[1]
scw/0760/076000050010.001/swg.fits[1]
scw/0760/076000060010.001/swg.fits[1]
scw/0760/076000130010.001/swg.fits[1]
scw/0760/076000140010.001/swg.fits[1]
scw/0760/076000150010.001/swg.fits[1]
scw/0760/076000160010.001/swg.fits[1]
scw/0760/076000230010.001/swg.fits[1]
scw/0760/076000240010.001/swg.fits[1]
scw/0760/076000250010.001/swg.fits[1]
scw/0760/076000260010.001/swg.fits[1]
scw/0760/076000330010.001/swg.fits[1]
scw/0760/076000340010.001/swg.fits[1]
scw/0760/076000350010.001/swg.fits[1]
scw/0760/076000360010.001/swg.fits[1]
scw/0760/076000430010.001/swg.fits[1]
scw/0760/076000440010.001/swg.fits[1]
scw/0760/076000450010.001/swg.fits[1]
scw/0760/076000460010.001/swg.fits[1]
scw/0760/076000540010.001/swg.fits[1]
scw/0760/076000550010.001/swg.fits[1]
scw/0761/076100040010.001/swg.fits[1]
scw/0761/076100050010.001/swg.fits[1]
scw/0761/076100060010.001/swg.fits[1]
scw/0761/076100070010.001/swg.fits[1]
scw/0761/076100150010.001/swg.fits[1]
scw/0761/076100160010.001/swg.fits[1]
scw/0761/076100170010.001/swg.fits[1]
scw/0761/076100240010.001/swg.fits[1]
scw/0761/076100250010.001/swg.fits[1]
scw/0761/076100260010.001/swg.fits[1]
scw/0761/076100270010.001/swg.fits[1]
scw/0761/076100340010.001/swg.fits[1]
scw/0761/076100350010.001/swg.fits[1]
scw/0761/076100360010.001/swg.fits[1]
scw/0761/076100450010.001/swg.fits[1]
scw/0761/076100460010.001/swg.fits[1]
scw/0761/076100470010.001/swg.fits[1]
scw/0761/076100540010.001/swg.fits[1]
scw/0761/076100550010.001/swg.fits[1]
scw/0761/076100560010.001/swg.fits[1]
scw/0761/076100570010.001/swg.fits[1]
scw/0762/076200050010.001/swg.fits[1]
scw/0762/076200060010.001/swg.fits[1]
scw/0762/076200070010.001/swg.fits[1]
scw/0762/076200080010.001/swg.fits[1]
