scw/0446/044600290010.001/swg.fits[1]
scw/0446/044600300010.001/swg.fits[1]
scw/0446/044600310010.001/swg.fits[1]
scw/0446/044600360010.001/swg.fits[1]
scw/0446/044600370010.001/swg.fits[1]
scw/0446/044600380010.001/swg.fits[1]
scw/0446/044600390010.001/swg.fits[1]
scw/0446/044600400010.001/swg.fits[1]
scw/0446/044600410010.001/swg.fits[1]
scw/0446/044600460010.001/swg.fits[1]
scw/0446/044600470010.001/swg.fits[1]
scw/0447/044700020010.001/swg.fits[1]
scw/0447/044700030010.001/swg.fits[1]
scw/0447/044700040010.001/swg.fits[1]
scw/0447/044700050010.001/swg.fits[1]
scw/0447/044700100010.001/swg.fits[1]
scw/0447/044700110010.001/swg.fits[1]
scw/0447/044700120010.001/swg.fits[1]
scw/0447/044700130010.001/swg.fits[1]
scw/0447/044700140010.001/swg.fits[1]
scw/0447/044700150010.001/swg.fits[1]
scw/0447/044700200010.001/swg.fits[1]
scw/0447/044700210010.001/swg.fits[1]
scw/0447/044700220010.001/swg.fits[1]
scw/0447/044700230010.001/swg.fits[1]
scw/0447/044700240010.001/swg.fits[1]
scw/0447/044700250010.001/swg.fits[1]
scw/0447/044700300010.001/swg.fits[1]
scw/0447/044700310010.001/swg.fits[1]
scw/0447/044700320010.001/swg.fits[1]
scw/0447/044700330010.001/swg.fits[1]
scw/0447/044700340010.001/swg.fits[1]
scw/0447/044700370010.001/swg.fits[1]
scw/0447/044700380010.001/swg.fits[1]
scw/0447/044700390010.001/swg.fits[1]
scw/0447/044700400010.001/swg.fits[1]
scw/0452/045200180010.001/swg.fits[1]
scw/0452/045200190010.001/swg.fits[1]
scw/0452/045200200010.001/swg.fits[1]
scw/0452/045200210010.001/swg.fits[1]
scw/0452/045200240010.001/swg.fits[1]
scw/0452/045200250010.001/swg.fits[1]
scw/0452/045200260010.001/swg.fits[1]
scw/0452/045200270010.001/swg.fits[1]
scw/0452/045200300010.001/swg.fits[1]
scw/0452/045200310010.001/swg.fits[1]
scw/0452/045200320010.001/swg.fits[1]
