scw/1099/109900430010.001/swg.fits[1]
scw/1099/109900510010.001/swg.fits[1]
scw/1099/109900520010.001/swg.fits[1]
scw/1099/109900530010.001/swg.fits[1]
scw/1099/109900540010.001/swg.fits[1]
scw/1099/109900610010.001/swg.fits[1]
scw/1099/109900620010.001/swg.fits[1]
scw/1100/110000020010.001/swg.fits[1]
scw/1100/110000030010.001/swg.fits[1]
scw/1100/110000100010.001/swg.fits[1]
scw/1100/110000110010.001/swg.fits[1]
scw/1100/110000120010.001/swg.fits[1]
scw/1100/110000310010.001/swg.fits[1]
scw/1100/110000320010.001/swg.fits[1]
scw/1100/110000330010.001/swg.fits[1]
scw/1100/110000400010.001/swg.fits[1]
scw/1100/110000410010.001/swg.fits[1]
scw/1100/110000420010.001/swg.fits[1]
scw/1100/110000430010.001/swg.fits[1]
scw/1100/110000500010.001/swg.fits[1]
scw/1100/110000510010.001/swg.fits[1]
scw/1100/110000520010.001/swg.fits[1]
scw/1100/110000530010.001/swg.fits[1]
scw/1100/110000610010.001/swg.fits[1]
scw/1100/110000620010.001/swg.fits[1]
scw/1101/110100040010.001/swg.fits[1]
scw/1101/110100130010.001/swg.fits[1]
scw/1101/110100140010.001/swg.fits[1]
scw/1101/110100150010.001/swg.fits[1]
scw/1101/110100220010.001/swg.fits[1]
scw/1101/110100230010.001/swg.fits[1]
scw/1101/110100240010.001/swg.fits[1]
scw/1101/110100250010.001/swg.fits[1]
scw/1101/110100320010.001/swg.fits[1]
scw/1101/110100330010.001/swg.fits[1]
scw/1101/110100340010.001/swg.fits[1]
scw/1101/110100350010.001/swg.fits[1]
scw/1101/110100420010.001/swg.fits[1]
scw/1101/110100430010.001/swg.fits[1]
scw/1101/110100440010.001/swg.fits[1]
scw/1102/110200190010.001/swg.fits[1]
scw/1102/110200200010.001/swg.fits[1]
scw/1102/110200280010.001/swg.fits[1]
scw/1102/110200290010.001/swg.fits[1]
scw/1102/110200300010.001/swg.fits[1]
scw/1102/110200310010.001/swg.fits[1]
scw/1102/110200380010.001/swg.fits[1]
scw/1102/110200390010.001/swg.fits[1]
scw/1102/110200400010.001/swg.fits[1]
scw/1102/110200410010.001/swg.fits[1]
scw/1102/110200480010.001/swg.fits[1]
scw/1102/110200490010.001/swg.fits[1]
scw/1102/110200500010.001/swg.fits[1]
scw/1102/110200590010.001/swg.fits[1]
scw/1103/110300100010.001/swg.fits[1]
scw/1103/110300110010.001/swg.fits[1]
scw/1103/110300200010.001/swg.fits[1]
scw/1103/110300210010.001/swg.fits[1]
scw/1103/110300300010.001/swg.fits[1]
scw/1103/110300310010.001/swg.fits[1]
scw/1103/110300400010.001/swg.fits[1]
scw/1103/110300410010.001/swg.fits[1]
scw/1103/110300600010.001/swg.fits[1]
scw/1103/110300610010.001/swg.fits[1]
scw/1103/110300620010.001/swg.fits[1]
scw/1103/110300690010.001/swg.fits[1]
scw/1104/110400120010.001/swg.fits[1]
scw/1104/110400130010.001/swg.fits[1]
scw/1104/110400140010.001/swg.fits[1]
scw/1104/110400220010.001/swg.fits[1]
scw/1104/110400230010.001/swg.fits[1]
scw/1104/110400240010.001/swg.fits[1]
scw/1104/110400320010.001/swg.fits[1]
scw/1104/110400330010.001/swg.fits[1]
scw/1104/110400420010.001/swg.fits[1]
scw/1104/110400520010.001/swg.fits[1]
scw/1104/110400530010.001/swg.fits[1]
scw/1104/110400620010.001/swg.fits[1]
scw/1104/110400630010.001/swg.fits[1]
scw/1105/110500030010.001/swg.fits[1]
scw/1105/110500040010.001/swg.fits[1]
scw/1105/110500050010.001/swg.fits[1]
scw/1105/110500060010.001/swg.fits[1]
scw/1105/110500130010.001/swg.fits[1]
scw/1105/110500140010.001/swg.fits[1]
scw/1105/110500150010.001/swg.fits[1]
scw/1105/110500160010.001/swg.fits[1]
scw/1105/110500240010.001/swg.fits[1]
scw/1105/110500250010.001/swg.fits[1]
scw/1105/110500330010.001/swg.fits[1]
scw/1105/110500340010.001/swg.fits[1]
scw/1105/110500350010.001/swg.fits[1]
scw/1105/110500360010.001/swg.fits[1]
scw/1105/110500430010.001/swg.fits[1]
scw/1105/110500440010.001/swg.fits[1]
scw/1105/110500450010.001/swg.fits[1]
scw/1105/110500460010.001/swg.fits[1]
scw/1105/110500540010.001/swg.fits[1]
scw/1105/110500550010.001/swg.fits[1]
scw/1105/110500560010.001/swg.fits[1]
scw/1105/110500640010.001/swg.fits[1]
scw/1105/110500650010.001/swg.fits[1]
scw/1106/110600160010.001/swg.fits[1]
scw/1106/110600240010.001/swg.fits[1]
scw/1106/110600250010.001/swg.fits[1]
scw/1106/110600260010.001/swg.fits[1]
scw/1106/110600270010.001/swg.fits[1]
scw/1106/110600340010.001/swg.fits[1]
scw/1106/110600350010.001/swg.fits[1]
scw/1106/110600360010.001/swg.fits[1]
scw/1106/110600370010.001/swg.fits[1]
scw/1106/110600440010.001/swg.fits[1]
scw/1106/110600450010.001/swg.fits[1]
scw/1106/110600460010.001/swg.fits[1]
scw/1106/110600470010.001/swg.fits[1]
scw/1106/110600540010.001/swg.fits[1]
scw/1106/110600550010.001/swg.fits[1]
scw/1106/110600560010.001/swg.fits[1]
scw/1106/110600650010.001/swg.fits[1]
scw/1106/110600660010.001/swg.fits[1]
scw/1107/110700080010.001/swg.fits[1]
scw/1107/110700090010.001/swg.fits[1]
scw/1107/110700100010.001/swg.fits[1]
scw/1107/110700170010.001/swg.fits[1]
scw/1107/110700180010.001/swg.fits[1]
scw/1107/110700190010.001/swg.fits[1]
scw/1107/110700280010.001/swg.fits[1]
scw/1107/110700290010.001/swg.fits[1]
scw/1107/110700300010.001/swg.fits[1]
scw/1107/110700370010.001/swg.fits[1]
scw/1107/110700380010.001/swg.fits[1]
scw/1107/110700390010.001/swg.fits[1]
scw/1107/110700400010.001/swg.fits[1]
scw/1107/110700480010.001/swg.fits[1]
scw/1107/110700490010.001/swg.fits[1]
scw/1107/110700580010.001/swg.fits[1]
scw/1108/110800020010.001/swg.fits[1]
scw/1108/110800110010.001/swg.fits[1]
scw/1108/110800220010.001/swg.fits[1]
scw/1108/110800310010.001/swg.fits[1]
scw/1108/110800320010.001/swg.fits[1]
scw/1108/110800410010.001/swg.fits[1]
scw/1108/110800420010.001/swg.fits[1]
scw/1108/110800500010.001/swg.fits[1]
scw/1108/110800510010.001/swg.fits[1]
scw/1108/110800520010.001/swg.fits[1]
scw/1108/110800530010.001/swg.fits[1]
scw/1108/110800600010.001/swg.fits[1]
scw/1108/110800610010.001/swg.fits[1]
scw/1108/110800620010.001/swg.fits[1]
scw/1109/110900110010.001/swg.fits[1]
scw/1109/110900200010.001/swg.fits[1]
scw/1109/110900210010.001/swg.fits[1]
scw/1109/110900300010.001/swg.fits[1]
scw/1109/110900310010.001/swg.fits[1]
scw/1109/110900400010.001/swg.fits[1]
scw/1109/110900410010.001/swg.fits[1]
scw/1109/110900500010.001/swg.fits[1]
scw/1109/110900600010.001/swg.fits[1]
scw/1109/110900610010.001/swg.fits[1]
scw/1109/110900620010.001/swg.fits[1]
scw/1110/111000050010.001/swg.fits[1]
scw/1110/111000060010.001/swg.fits[1]
scw/1110/111000070010.001/swg.fits[1]
scw/1110/111000080010.001/swg.fits[1]
scw/1110/111000150010.001/swg.fits[1]
scw/1110/111000160010.001/swg.fits[1]
scw/1110/111000170010.001/swg.fits[1]
scw/1110/111000180010.001/swg.fits[1]
scw/1110/111000250010.001/swg.fits[1]
scw/1110/111000260010.001/swg.fits[1]
scw/1110/111000270010.001/swg.fits[1]
scw/1110/111000280010.001/swg.fits[1]
scw/1110/111000350010.001/swg.fits[1]
scw/1110/111000360010.001/swg.fits[1]
scw/1110/111000370010.001/swg.fits[1]
scw/1110/111000470010.001/swg.fits[1]
scw/1110/111000560010.001/swg.fits[1]
scw/1110/111000570010.001/swg.fits[1]
scw/1110/111000660010.001/swg.fits[1]
scw/1110/111000670010.001/swg.fits[1]
scw/1111/111100020010.001/swg.fits[1]
scw/1111/111100090010.001/swg.fits[1]
scw/1111/111100100010.001/swg.fits[1]
scw/1111/111100110010.001/swg.fits[1]
scw/1111/111100120010.001/swg.fits[1]
scw/1111/111100190010.001/swg.fits[1]
scw/1111/111100200010.001/swg.fits[1]
scw/1111/111100210010.001/swg.fits[1]
scw/1111/111100300010.001/swg.fits[1]
scw/1111/111100310010.001/swg.fits[1]
scw/1111/111100320010.001/swg.fits[1]
scw/1111/111100390010.001/swg.fits[1]
scw/1111/111100400010.001/swg.fits[1]
scw/1111/111100410010.001/swg.fits[1]
scw/1111/111100420010.001/swg.fits[1]
scw/1125/112500690010.001/swg.fits[1]
scw/1586/158600250010.001/swg.fits[1]
scw/1734/173400250010.001/swg.fits[1]
scw/2071/207100020010.001/swg.fits[1]
scw/2073/207300020010.001/swg.fits[1]
scw/2079/207900020010.001/swg.fits[1]
scw/2119/211900300010.001/swg.fits[1]
scw/2278/227800640010.001/swg.fits[1]
scw/2298/229800730010.001/swg.fits[1]
scw/2320/232000320010.001/swg.fits[1]
scw/2323/232300450010.001/swg.fits[1]
scw/2324/232400430010.001/swg.fits[1]
scw/2334/233400380010.001/swg.fits[1]
scw/2338/233800400010.001/swg.fits[1]
scw/2342/234200400010.001/swg.fits[1]
scw/2346/234600290010.001/swg.fits[1]
scw/2346/234600650010.001/swg.fits[1]
scw/2348/234800600010.001/swg.fits[1]
scw/2359/235900580010.001/swg.fits[1]
scw/2361/236100580010.001/swg.fits[1]
scw/2368/236800380010.001/swg.fits[1]
