scw/0163/016300590010.001/swg.fits[1]
scw/0163/016300600010.001/swg.fits[1]
scw/0163/016300610010.001/swg.fits[1]
scw/0163/016300630010.001/swg.fits[1]
scw/0163/016300640010.001/swg.fits[1]
scw/0163/016300650010.001/swg.fits[1]
scw/0163/016300660010.001/swg.fits[1]
scw/0163/016300670010.001/swg.fits[1]
scw/0163/016300680010.001/swg.fits[1]
scw/0163/016300690010.001/swg.fits[1]
scw/0163/016300700010.001/swg.fits[1]
scw/0163/016300710010.001/swg.fits[1]
scw/0163/016300720010.001/swg.fits[1]
scw/0163/016300730010.001/swg.fits[1]
scw/0163/016300740010.001/swg.fits[1]
scw/0163/016300750010.001/swg.fits[1]
scw/0163/016300760010.001/swg.fits[1]
scw/0163/016300770010.001/swg.fits[1]
scw/0163/016300780010.001/swg.fits[1]
scw/0163/016300790010.001/swg.fits[1]
scw/0163/016300800010.001/swg.fits[1]
scw/0163/016300810010.001/swg.fits[1]
scw/0163/016300820010.001/swg.fits[1]
scw/0163/016300830010.001/swg.fits[1]
scw/0164/016400020010.001/swg.fits[1]
scw/0164/016400030010.001/swg.fits[1]
scw/0164/016400040010.001/swg.fits[1]
scw/0164/016400050010.001/swg.fits[1]
scw/0164/016400060010.001/swg.fits[1]
scw/0164/016400070010.001/swg.fits[1]
scw/0164/016400080010.001/swg.fits[1]
scw/0164/016400090010.001/swg.fits[1]
scw/0164/016400100010.001/swg.fits[1]
scw/0164/016400110010.001/swg.fits[1]
scw/0164/016400120010.001/swg.fits[1]
scw/0164/016400130010.001/swg.fits[1]
scw/0164/016400140010.001/swg.fits[1]
scw/0164/016400150010.001/swg.fits[1]
scw/0164/016400160010.001/swg.fits[1]
scw/0164/016400170010.001/swg.fits[1]
scw/0164/016400180010.001/swg.fits[1]
scw/0164/016400190010.001/swg.fits[1]
scw/0164/016400200010.001/swg.fits[1]
scw/0164/016400210010.001/swg.fits[1]
scw/0164/016400220010.001/swg.fits[1]
scw/0164/016400230010.001/swg.fits[1]
scw/0164/016400240010.001/swg.fits[1]
scw/0164/016400250010.001/swg.fits[1]
scw/0164/016400260010.001/swg.fits[1]
scw/0164/016400270010.001/swg.fits[1]
scw/0164/016400280010.001/swg.fits[1]
scw/0164/016400290010.001/swg.fits[1]
scw/0164/016400300010.001/swg.fits[1]
scw/0164/016400310010.001/swg.fits[1]
scw/0164/016400320010.001/swg.fits[1]
scw/0164/016400330010.001/swg.fits[1]
scw/0164/016400340010.001/swg.fits[1]
scw/0164/016400350010.001/swg.fits[1]
scw/0164/016400360010.001/swg.fits[1]
scw/0164/016400370010.001/swg.fits[1]
scw/0164/016400380010.001/swg.fits[1]
scw/0164/016400390010.001/swg.fits[1]
scw/0164/016400400010.001/swg.fits[1]
scw/0164/016400410010.001/swg.fits[1]
scw/0164/016400420010.001/swg.fits[1]
scw/0164/016400430010.001/swg.fits[1]
scw/0164/016400440010.001/swg.fits[1]
scw/0164/016400450010.001/swg.fits[1]
scw/0164/016400460010.001/swg.fits[1]
scw/0164/016400470010.001/swg.fits[1]
scw/0164/016400480010.001/swg.fits[1]
scw/0164/016400490010.001/swg.fits[1]
scw/0164/016400500010.001/swg.fits[1]
scw/0164/016400510010.001/swg.fits[1]
scw/0164/016400520010.001/swg.fits[1]
scw/0164/016400530010.001/swg.fits[1]
scw/0164/016400540010.001/swg.fits[1]
scw/0164/016400550010.001/swg.fits[1]
scw/0164/016400560010.001/swg.fits[1]
scw/0164/016400570010.001/swg.fits[1]
scw/0164/016400580010.001/swg.fits[1]
scw/0164/016400590010.001/swg.fits[1]
scw/0164/016400600010.001/swg.fits[1]
scw/0164/016400620010.001/swg.fits[1]
scw/0164/016400630010.001/swg.fits[1]
scw/0164/016400640010.001/swg.fits[1]
scw/0164/016400650010.001/swg.fits[1]
scw/0164/016400660010.001/swg.fits[1]
scw/0164/016400670010.001/swg.fits[1]
scw/0164/016400680010.001/swg.fits[1]
scw/0164/016400810010.001/swg.fits[1]
scw/0164/016400820010.001/swg.fits[1]
scw/0164/016400830010.001/swg.fits[1]
scw/0164/016400840010.001/swg.fits[1]
scw/0164/016400850010.001/swg.fits[1]
scw/0164/016400860010.001/swg.fits[1]
scw/0164/016400870010.001/swg.fits[1]
scw/0164/016400890010.001/swg.fits[1]
scw/0165/016500150010.001/swg.fits[1]
scw/0165/016500160010.001/swg.fits[1]
scw/0165/016500170010.001/swg.fits[1]
scw/0165/016500180010.001/swg.fits[1]
scw/0165/016500190010.001/swg.fits[1]
scw/0165/016500210010.001/swg.fits[1]
scw/0165/016500220010.001/swg.fits[1]
scw/0165/016500230010.001/swg.fits[1]
scw/0165/016500240010.001/swg.fits[1]
scw/0165/016500250010.001/swg.fits[1]
scw/0165/016500260010.001/swg.fits[1]
scw/0165/016500270010.001/swg.fits[1]
scw/0165/016500400010.001/swg.fits[1]
scw/0165/016500410010.001/swg.fits[1]
scw/0165/016500420010.001/swg.fits[1]
scw/0165/016500430010.001/swg.fits[1]
scw/0165/016500440010.001/swg.fits[1]
scw/0165/016500450010.001/swg.fits[1]
scw/0165/016500460010.001/swg.fits[1]
scw/0165/016500480010.001/swg.fits[1]
scw/0165/016500490010.001/swg.fits[1]
scw/0165/016500500010.001/swg.fits[1]
scw/0165/016500510010.001/swg.fits[1]
scw/0165/016500520010.001/swg.fits[1]
scw/0165/016500530010.001/swg.fits[1]
scw/0165/016500540010.001/swg.fits[1]
scw/0165/016500550010.001/swg.fits[1]
scw/0165/016500560010.001/swg.fits[1]
scw/0165/016500570010.001/swg.fits[1]
scw/0165/016500580010.001/swg.fits[1]
scw/0165/016500590010.001/swg.fits[1]
scw/0165/016500600010.001/swg.fits[1]
scw/0165/016500610010.001/swg.fits[1]
scw/0165/016500620010.001/swg.fits[1]
scw/0165/016500630010.001/swg.fits[1]
scw/0165/016500640010.001/swg.fits[1]
scw/0165/016500650010.001/swg.fits[1]
scw/0165/016500660010.001/swg.fits[1]
scw/0165/016500670010.001/swg.fits[1]
scw/0165/016500680010.001/swg.fits[1]
scw/0165/016500690010.001/swg.fits[1]
scw/0165/016500700010.001/swg.fits[1]
scw/0165/016500710010.001/swg.fits[1]
scw/0165/016500720010.001/swg.fits[1]
scw/0165/016500730010.001/swg.fits[1]
scw/0165/016500740010.001/swg.fits[1]
scw/0165/016500750010.001/swg.fits[1]
scw/0165/016500760010.001/swg.fits[1]
scw/0165/016500770010.001/swg.fits[1]
scw/0165/016500780010.001/swg.fits[1]
scw/0165/016500790010.001/swg.fits[1]
scw/0165/016500800010.001/swg.fits[1]
scw/0165/016500810010.001/swg.fits[1]
scw/0165/016500820010.001/swg.fits[1]
scw/0165/016500830010.001/swg.fits[1]
scw/0165/016500840010.001/swg.fits[1]
scw/0165/016500850010.001/swg.fits[1]
scw/0165/016500860010.001/swg.fits[1]
scw/0165/016500870010.001/swg.fits[1]
scw/0165/016500880010.001/swg.fits[1]
scw/0165/016500890010.001/swg.fits[1]
scw/0165/016500900010.001/swg.fits[1]
scw/0165/016500910010.001/swg.fits[1]
scw/0165/016500920010.001/swg.fits[1]
scw/0165/016500930010.001/swg.fits[1]
scw/0165/016500940010.001/swg.fits[1]
scw/0165/016500950010.001/swg.fits[1]
scw/0165/016500960010.001/swg.fits[1]
scw/0165/016500970010.001/swg.fits[1]
scw/0165/016500980010.001/swg.fits[1]
scw/0165/016500990010.001/swg.fits[1]
scw/0165/016501000010.001/swg.fits[1]
scw/0165/016501010010.001/swg.fits[1]
scw/0165/016501020010.001/swg.fits[1]
scw/0165/016501030010.001/swg.fits[1]
scw/0165/016501040010.001/swg.fits[1]
scw/0165/016501050010.001/swg.fits[1]
scw/0165/016501060010.001/swg.fits[1]
scw/0165/016501070010.001/swg.fits[1]
scw/0165/016501080010.001/swg.fits[1]
scw/0165/016501090010.001/swg.fits[1]
scw/0165/016501100010.001/swg.fits[1]
scw/0165/016501110010.001/swg.fits[1]
scw/0166/016600760010.001/swg.fits[1]
scw/0166/016600770010.001/swg.fits[1]
scw/0166/016600780010.001/swg.fits[1]
scw/0166/016600790010.001/swg.fits[1]
scw/0167/016700930010.001/swg.fits[1]
scw/0167/016701000010.001/swg.fits[1]
scw/0167/016701010010.001/swg.fits[1]
scw/0167/016701020010.001/swg.fits[1]
scw/0168/016800070010.001/swg.fits[1]
scw/0168/016800160010.001/swg.fits[1]
scw/0168/016800180010.001/swg.fits[1]
scw/0168/016800190010.001/swg.fits[1]
scw/0168/016800200010.001/swg.fits[1]
scw/0168/016800210010.001/swg.fits[1]
scw/0168/016800220010.001/swg.fits[1]
scw/0168/016800230010.001/swg.fits[1]
scw/0168/016800240010.001/swg.fits[1]
scw/0168/016800250010.001/swg.fits[1]
scw/0168/016800260010.001/swg.fits[1]
scw/0168/016800270010.001/swg.fits[1]
scw/0168/016800580010.001/swg.fits[1]
scw/0168/016800590010.001/swg.fits[1]
scw/0168/016800600010.001/swg.fits[1]
scw/0168/016800610010.001/swg.fits[1]
scw/0168/016800620010.001/swg.fits[1]
scw/0168/016800630010.001/swg.fits[1]
scw/0168/016800640010.001/swg.fits[1]
scw/0168/016800650010.001/swg.fits[1]
scw/0168/016800660010.001/swg.fits[1]
scw/0168/016800670010.001/swg.fits[1]
scw/0168/016800680010.001/swg.fits[1]
scw/0169/016900020010.001/swg.fits[1]
scw/0169/016900030010.001/swg.fits[1]
scw/0169/016900040010.001/swg.fits[1]
scw/0169/016900050010.001/swg.fits[1]
scw/0169/016900060010.001/swg.fits[1]
scw/0169/016900070010.001/swg.fits[1]
scw/0169/016900080010.001/swg.fits[1]
scw/0169/016900090010.001/swg.fits[1]
scw/0169/016900100010.001/swg.fits[1]
scw/0169/016900110010.001/swg.fits[1]
scw/0169/016900120010.001/swg.fits[1]
scw/0169/016900130010.001/swg.fits[1]
scw/0169/016900440010.001/swg.fits[1]
scw/0169/016900450010.001/swg.fits[1]
scw/0169/016900460010.001/swg.fits[1]
scw/0169/016900470010.001/swg.fits[1]
scw/0169/016900480010.001/swg.fits[1]
scw/0169/016900490010.001/swg.fits[1]
scw/0169/016900500010.001/swg.fits[1]
scw/0169/016900510010.001/swg.fits[1]
scw/0169/016900520010.001/swg.fits[1]
scw/0169/016900530010.001/swg.fits[1]
scw/0169/016900540010.001/swg.fits[1]
scw/0169/016900550010.001/swg.fits[1]
scw/0169/016900560010.001/swg.fits[1]
scw/0169/016900570010.001/swg.fits[1]
scw/0169/016900580010.001/swg.fits[1]
scw/0169/016900590010.001/swg.fits[1]
scw/0169/016900600010.001/swg.fits[1]
scw/0169/016900610010.001/swg.fits[1]
scw/0169/016900620010.001/swg.fits[1]
scw/0169/016900630010.001/swg.fits[1]
scw/0169/016900940010.001/swg.fits[1]
scw/0169/016900950010.001/swg.fits[1]
scw/0169/016900960010.001/swg.fits[1]
