scw/1037/103700770010.001/swg.fits[1]
scw/1037/103700780010.001/swg.fits[1]
scw/1038/103800180010.001/swg.fits[1]
scw/1038/103800190010.001/swg.fits[1]
scw/1038/103800200010.001/swg.fits[1]
scw/1038/103800210010.001/swg.fits[1]
scw/1038/103800220010.001/swg.fits[1]
scw/1038/103800230010.001/swg.fits[1]
scw/1038/103800240010.001/swg.fits[1]
scw/1038/103800250010.001/swg.fits[1]
scw/1038/103800260010.001/swg.fits[1]
scw/1038/103800270010.001/swg.fits[1]
scw/1038/103800280010.001/swg.fits[1]
scw/1038/103800290010.001/swg.fits[1]
scw/1038/103800300010.001/swg.fits[1]
scw/1038/103800310010.001/swg.fits[1]
scw/1038/103800340010.001/swg.fits[1]
scw/1038/103800350010.001/swg.fits[1]
scw/1038/103800360010.001/swg.fits[1]
scw/1038/103800370010.001/swg.fits[1]
scw/1038/103800380010.001/swg.fits[1]
scw/1038/103800390010.001/swg.fits[1]
scw/1038/103800400010.001/swg.fits[1]
scw/1038/103800410010.001/swg.fits[1]
scw/1038/103800420010.001/swg.fits[1]
scw/1038/103800430010.001/swg.fits[1]
scw/1038/103800440010.001/swg.fits[1]
scw/1038/103800450010.001/swg.fits[1]
scw/1038/103800460010.001/swg.fits[1]
scw/1038/103800470010.001/swg.fits[1]
scw/1039/103900180010.001/swg.fits[1]
scw/1039/103900190010.001/swg.fits[1]
scw/1039/103900200010.001/swg.fits[1]
scw/1039/103900210010.001/swg.fits[1]
scw/1039/103900220010.001/swg.fits[1]
scw/1039/103900230010.001/swg.fits[1]
scw/1039/103900240010.001/swg.fits[1]
scw/1039/103900250010.001/swg.fits[1]
scw/1039/103900260010.001/swg.fits[1]
scw/1039/103900270010.001/swg.fits[1]
scw/1039/103900280010.001/swg.fits[1]
scw/1039/103900290010.001/swg.fits[1]
scw/1039/103900300010.001/swg.fits[1]
scw/1039/103900310010.001/swg.fits[1]
scw/1039/103900340010.001/swg.fits[1]
scw/1039/103900350010.001/swg.fits[1]
scw/1039/103900360010.001/swg.fits[1]
scw/1039/103900370010.001/swg.fits[1]
scw/1039/103900380010.001/swg.fits[1]
scw/1039/103900390010.001/swg.fits[1]
scw/1039/103900400010.001/swg.fits[1]
scw/1039/103900410010.001/swg.fits[1]
scw/1039/103900420010.001/swg.fits[1]
scw/1039/103900430010.001/swg.fits[1]
scw/1039/103900440010.001/swg.fits[1]
scw/1039/103900450010.001/swg.fits[1]
scw/1039/103900460010.001/swg.fits[1]
scw/1039/103900470010.001/swg.fits[1]
scw/1039/103900800010.001/swg.fits[1]
scw/1039/103900810010.001/swg.fits[1]
scw/1039/103900820010.001/swg.fits[1]
scw/1039/103900830010.001/swg.fits[1]
scw/1039/103900840010.001/swg.fits[1]
scw/1039/103900850010.001/swg.fits[1]
scw/1039/103900860010.001/swg.fits[1]
scw/1039/103900870010.001/swg.fits[1]
scw/1039/103900880010.001/swg.fits[1]
scw/1039/103900890010.001/swg.fits[1]
scw/1039/103900900010.001/swg.fits[1]
scw/1039/103900910010.001/swg.fits[1]
scw/1039/103900920010.001/swg.fits[1]
scw/1039/103900930010.001/swg.fits[1]
scw/1048/104800410010.001/swg.fits[1]
scw/1048/104800430010.001/swg.fits[1]
scw/1048/104800450010.001/swg.fits[1]
scw/1049/104900940010.001/swg.fits[1]
scw/1049/104900960010.001/swg.fits[1]
scw/1049/104900980010.001/swg.fits[1]
scw/1050/105000490010.001/swg.fits[1]
scw/1050/105000510010.001/swg.fits[1]
scw/1051/105100400010.001/swg.fits[1]
scw/1052/105200270010.001/swg.fits[1]
scw/1052/105200480010.001/swg.fits[1]
scw/1052/105200490010.001/swg.fits[1]
scw/1052/105200500010.001/swg.fits[1]
scw/1052/105200560010.001/swg.fits[1]
scw/1052/105200610010.001/swg.fits[1]
scw/1052/105200620010.001/swg.fits[1]
scw/1052/105200630010.001/swg.fits[1]
scw/1052/105200640010.001/swg.fits[1]
scw/1052/105200700010.001/swg.fits[1]
scw/1053/105300160010.001/swg.fits[1]
scw/1053/105300170010.001/swg.fits[1]
scw/1054/105400100010.001/swg.fits[1]
scw/1054/105400110010.001/swg.fits[1]
scw/1055/105500140010.001/swg.fits[1]
scw/1055/105500150010.001/swg.fits[1]
scw/1056/105600580010.001/swg.fits[1]
scw/1056/105600590010.001/swg.fits[1]
scw/1056/105600720010.001/swg.fits[1]
scw/1056/105600730010.001/swg.fits[1]
scw/1058/105800130010.001/swg.fits[1]
scw/1059/105900140010.001/swg.fits[1]
scw/1059/105900150010.001/swg.fits[1]
scw/1059/105900160010.001/swg.fits[1]
scw/1060/106000190010.001/swg.fits[1]
scw/1061/106100280010.001/swg.fits[1]
scw/1061/106100290010.001/swg.fits[1]
scw/1061/106100300010.001/swg.fits[1]
scw/1114/111400210010.001/swg.fits[1]
scw/1114/111400220010.001/swg.fits[1]
scw/1114/111400230010.001/swg.fits[1]
scw/1115/111500110010.001/swg.fits[1]
scw/1115/111500120010.001/swg.fits[1]
scw/1116/111600160010.001/swg.fits[1]
scw/1116/111600170010.001/swg.fits[1]
scw/1116/111600180010.001/swg.fits[1]
scw/1119/111900290010.001/swg.fits[1]
scw/1119/111900360010.001/swg.fits[1]
scw/1119/111900370010.001/swg.fits[1]
scw/1119/111900430010.001/swg.fits[1]
scw/1119/111900440010.001/swg.fits[1]
scw/1119/111900500010.001/swg.fits[1]
scw/1119/111900510010.001/swg.fits[1]
scw/1119/111900570010.001/swg.fits[1]
scw/1119/111900680010.001/swg.fits[1]
scw/1119/111900720010.001/swg.fits[1]
scw/1119/111900730010.001/swg.fits[1]
scw/1119/111900740010.001/swg.fits[1]
scw/1119/111900750010.001/swg.fits[1]
scw/1119/111900760010.001/swg.fits[1]
scw/1120/112000140010.001/swg.fits[1]
scw/1120/112000150010.001/swg.fits[1]
scw/1121/112100230010.001/swg.fits[1]
scw/1121/112100240010.001/swg.fits[1]
scw/1122/112200270010.001/swg.fits[1]
scw/1122/112200540010.001/swg.fits[1]
scw/1122/112200550010.001/swg.fits[1]
scw/1122/112200690010.001/swg.fits[1]
scw/1122/112200700010.001/swg.fits[1]
scw/1122/112200720010.001/swg.fits[1]
scw/1123/112300120010.001/swg.fits[1]
scw/1126/112600120010.001/swg.fits[1]
scw/1154/115400070010.001/swg.fits[1]
scw/1154/115400160010.001/swg.fits[1]
scw/1154/115400170010.001/swg.fits[1]
scw/1154/115400340010.001/swg.fits[1]
scw/1154/115400350010.001/swg.fits[1]
scw/1154/115400360010.001/swg.fits[1]
scw/1154/115400370010.001/swg.fits[1]
scw/1154/115400380010.001/swg.fits[1]
scw/1154/115400400010.001/swg.fits[1]
scw/1154/115400410010.001/swg.fits[1]
scw/1154/115400420010.001/swg.fits[1]
scw/1154/115400430010.001/swg.fits[1]
scw/1154/115400440010.001/swg.fits[1]
scw/1154/115400450010.001/swg.fits[1]
scw/1154/115400460010.001/swg.fits[1]
scw/1154/115400470010.001/swg.fits[1]
scw/1154/115400480010.001/swg.fits[1]
scw/1161/116100310010.001/swg.fits[1]
scw/1161/116100320010.001/swg.fits[1]
scw/1161/116100330010.001/swg.fits[1]
scw/1161/116100500010.001/swg.fits[1]
scw/1161/116100530010.001/swg.fits[1]
scw/1161/116100540010.001/swg.fits[1]
scw/1161/116100550010.001/swg.fits[1]
scw/1161/116100670010.001/swg.fits[1]
scw/1161/116100680010.001/swg.fits[1]
scw/1161/116100810010.001/swg.fits[1]
scw/1161/116100820010.001/swg.fits[1]
scw/1161/116101030010.001/swg.fits[1]
scw/1161/116101040010.001/swg.fits[1]
scw/1161/116101060010.001/swg.fits[1]
scw/1161/116101070010.001/swg.fits[1]
scw/1161/116101080010.001/swg.fits[1]
scw/1161/116101090010.001/swg.fits[1]
scw/1161/116101100010.001/swg.fits[1]
scw/1161/116101110010.001/swg.fits[1]
scw/1161/116101120010.001/swg.fits[1]
scw/1161/116101130010.001/swg.fits[1]
scw/1161/116101140010.001/swg.fits[1]
scw/1161/116101150010.001/swg.fits[1]
scw/1161/116101160010.001/swg.fits[1]
scw/1163/116300330010.001/swg.fits[1]
scw/1163/116300340010.001/swg.fits[1]
scw/1163/116300350010.001/swg.fits[1]
scw/1163/116300360010.001/swg.fits[1]
scw/1163/116300370010.001/swg.fits[1]
scw/1163/116300380010.001/swg.fits[1]
scw/1163/116300390010.001/swg.fits[1]
scw/1163/116300400010.001/swg.fits[1]
scw/1163/116300410010.001/swg.fits[1]
scw/1163/116300420010.001/swg.fits[1]
scw/1163/116300430010.001/swg.fits[1]
scw/1163/116300440010.001/swg.fits[1]
scw/1163/116300450010.001/swg.fits[1]
scw/1163/116300460010.001/swg.fits[1]
scw/1163/116300490010.001/swg.fits[1]
scw/1163/116300500010.001/swg.fits[1]
scw/1163/116300510010.001/swg.fits[1]
scw/1163/116300520010.001/swg.fits[1]
scw/1163/116300530010.001/swg.fits[1]
scw/1163/116300540010.001/swg.fits[1]
scw/1163/116300550010.001/swg.fits[1]
scw/1163/116300570010.001/swg.fits[1]
scw/1163/116300580010.001/swg.fits[1]
scw/1163/116300590010.001/swg.fits[1]
scw/1163/116300600010.001/swg.fits[1]
scw/1163/116300610010.001/swg.fits[1]
scw/1163/116300620010.001/swg.fits[1]
scw/1163/116300630010.001/swg.fits[1]
scw/1163/116300950010.001/swg.fits[1]
scw/1163/116300960010.001/swg.fits[1]
scw/1163/116300970010.001/swg.fits[1]
scw/1163/116300980010.001/swg.fits[1]
scw/1163/116300990010.001/swg.fits[1]
scw/1163/116301010010.001/swg.fits[1]
scw/1163/116301020010.001/swg.fits[1]
scw/1163/116301030010.001/swg.fits[1]
scw/1163/116301040010.001/swg.fits[1]
scw/1163/116301050010.001/swg.fits[1]
scw/1163/116301060010.001/swg.fits[1]
scw/1163/116301070010.001/swg.fits[1]
scw/1163/116301080010.001/swg.fits[1]
scw/1164/116400030010.001/swg.fits[1]
