scw/2331/233100620010.001/swg.fits[1]
scw/2331/233100630010.001/swg.fits[1]
scw/2331/233100640010.001/swg.fits[1]
scw/2331/233100650010.001/swg.fits[1]
scw/2331/233100660010.001/swg.fits[1]
scw/2331/233100670010.001/swg.fits[1]
scw/2331/233100680010.001/swg.fits[1]
scw/2331/233100690010.001/swg.fits[1]
scw/2331/233100700010.001/swg.fits[1]
scw/2331/233100710010.001/swg.fits[1]
scw/2331/233100720010.001/swg.fits[1]
scw/2331/233100730010.001/swg.fits[1]
scw/2331/233100740010.001/swg.fits[1]
scw/2331/233100750010.001/swg.fits[1]
scw/2331/233100760010.001/swg.fits[1]
scw/2331/233100770010.001/swg.fits[1]
scw/2331/233100780010.001/swg.fits[1]
scw/2331/233100810010.001/swg.fits[1]
scw/2331/233100820010.001/swg.fits[1]
scw/2333/233300490010.001/swg.fits[1]
scw/2335/233500600010.001/swg.fits[1]
scw/2336/233600610010.001/swg.fits[1]
scw/2336/233600620010.001/swg.fits[1]
scw/2336/233600630010.001/swg.fits[1]
scw/2336/233600640010.001/swg.fits[1]
scw/2336/233600670010.001/swg.fits[1]
scw/2336/233600680010.001/swg.fits[1]
scw/2336/233600690010.001/swg.fits[1]
scw/2336/233600700010.001/swg.fits[1]
scw/2336/233600710010.001/swg.fits[1]
scw/2336/233600720010.001/swg.fits[1]
scw/2336/233600730010.001/swg.fits[1]
scw/2336/233600740010.001/swg.fits[1]
scw/2336/233600750010.001/swg.fits[1]
scw/2336/233600760010.001/swg.fits[1]
scw/2336/233600790010.001/swg.fits[1]
scw/2336/233600800010.001/swg.fits[1]
scw/2339/233900310010.001/swg.fits[1]
scw/2339/233900320010.001/swg.fits[1]
scw/2339/233900330010.001/swg.fits[1]
scw/2339/233900340010.001/swg.fits[1]
scw/2339/233900350010.001/swg.fits[1]
scw/2339/233900360010.001/swg.fits[1]
scw/2339/233900370010.001/swg.fits[1]
scw/2339/233900380010.001/swg.fits[1]
scw/2339/233900390010.001/swg.fits[1]
scw/2339/233900400010.001/swg.fits[1]
scw/2339/233900410010.001/swg.fits[1]
scw/2339/233900420010.001/swg.fits[1]
scw/2339/233900430010.001/swg.fits[1]
scw/2339/233900440010.001/swg.fits[1]
scw/2339/233900450010.001/swg.fits[1]
scw/2339/233900460010.001/swg.fits[1]
scw/2339/233900470010.001/swg.fits[1]
scw/2339/233900480010.001/swg.fits[1]
scw/2339/233900490010.001/swg.fits[1]
scw/2339/233900500010.001/swg.fits[1]
scw/2339/233900530010.001/swg.fits[1]
scw/2339/233900540010.001/swg.fits[1]
scw/2340/234000420010.001/swg.fits[1]
scw/2340/234000430010.001/swg.fits[1]
scw/2340/234000440010.001/swg.fits[1]
scw/2340/234000450010.001/swg.fits[1]
scw/2340/234000490010.001/swg.fits[1]
scw/2340/234000500010.001/swg.fits[1]
scw/2340/234000510010.001/swg.fits[1]
scw/2340/234000520010.001/swg.fits[1]
scw/2341/234100290010.001/swg.fits[1]
scw/2341/234100300010.001/swg.fits[1]
scw/2341/234100310010.001/swg.fits[1]
scw/2341/234100320010.001/swg.fits[1]
scw/2341/234100330010.001/swg.fits[1]
scw/2341/234100340010.001/swg.fits[1]
scw/2341/234100350010.001/swg.fits[1]
scw/2341/234100360010.001/swg.fits[1]
scw/2341/234100370010.001/swg.fits[1]
scw/2341/234100380010.001/swg.fits[1]
scw/2341/234100390010.001/swg.fits[1]
scw/2341/234100400010.001/swg.fits[1]
scw/2341/234100410010.001/swg.fits[1]
scw/2341/234100420010.001/swg.fits[1]
scw/2341/234100430010.001/swg.fits[1]
scw/2341/234100440010.001/swg.fits[1]
scw/2341/234100450010.001/swg.fits[1]
scw/2341/234100460010.001/swg.fits[1]
scw/2341/234100470010.001/swg.fits[1]
scw/2341/234100480010.001/swg.fits[1]
scw/2341/234100510010.001/swg.fits[1]
scw/2341/234100520010.001/swg.fits[1]
scw/2343/234300300010.001/swg.fits[1]
scw/2343/234300310010.001/swg.fits[1]
scw/2343/234300320010.001/swg.fits[1]
scw/2343/234300330010.001/swg.fits[1]
scw/2343/234300340010.001/swg.fits[1]
scw/2343/234300350010.001/swg.fits[1]
scw/2343/234300360010.001/swg.fits[1]
scw/2343/234300370010.001/swg.fits[1]
scw/2343/234300380010.001/swg.fits[1]
scw/2343/234300390010.001/swg.fits[1]
scw/2343/234300400010.001/swg.fits[1]
scw/2343/234300410010.001/swg.fits[1]
scw/2343/234300420010.001/swg.fits[1]
scw/2343/234300430010.001/swg.fits[1]
scw/2343/234300440010.001/swg.fits[1]
scw/2343/234300450010.001/swg.fits[1]
scw/2343/234300460010.001/swg.fits[1]
scw/2343/234300470010.001/swg.fits[1]
scw/2343/234300480010.001/swg.fits[1]
scw/2343/234300490010.001/swg.fits[1]
scw/2343/234300520010.001/swg.fits[1]
scw/2343/234300530010.001/swg.fits[1]
scw/2345/234500580010.001/swg.fits[1]
scw/2347/234700040010.001/swg.fits[1]
scw/2347/234700050010.001/swg.fits[1]
scw/2347/234700060010.001/swg.fits[1]
scw/2347/234700070010.001/swg.fits[1]
scw/2347/234700080010.001/swg.fits[1]
scw/2347/234700090010.001/swg.fits[1]
scw/2347/234700100010.001/swg.fits[1]
scw/2347/234700110010.001/swg.fits[1]
scw/2347/234700120010.001/swg.fits[1]
scw/2347/234700130010.001/swg.fits[1]
scw/2347/234700140010.001/swg.fits[1]
scw/2347/234700150010.001/swg.fits[1]
scw/2347/234700160010.001/swg.fits[1]
scw/2347/234700170010.001/swg.fits[1]
scw/2347/234700180010.001/swg.fits[1]
scw/2347/234700190010.001/swg.fits[1]
scw/2347/234700200010.001/swg.fits[1]
scw/2347/234700210010.001/swg.fits[1]
scw/2347/234700220010.001/swg.fits[1]
scw/2347/234700230010.001/swg.fits[1]
scw/2347/234700260010.001/swg.fits[1]
scw/2347/234700340010.001/swg.fits[1]
scw/2347/234700350010.001/swg.fits[1]
scw/2347/234700360010.001/swg.fits[1]
scw/2347/234700370010.001/swg.fits[1]
scw/2347/234700380010.001/swg.fits[1]
scw/2347/234700390010.001/swg.fits[1]
scw/2347/234700400010.001/swg.fits[1]
scw/2347/234700410010.001/swg.fits[1]
scw/2347/234700420010.001/swg.fits[1]
scw/2347/234700430010.001/swg.fits[1]
scw/2347/234700440010.001/swg.fits[1]
scw/2347/234700450010.001/swg.fits[1]
scw/2347/234700460010.001/swg.fits[1]
scw/2347/234700470010.001/swg.fits[1]
scw/2347/234700480010.001/swg.fits[1]
scw/2347/234700490010.001/swg.fits[1]
scw/2347/234700500010.001/swg.fits[1]
scw/2347/234700510010.001/swg.fits[1]
scw/2347/234700520010.001/swg.fits[1]
scw/2347/234700530010.001/swg.fits[1]
scw/2347/234700530020.001/swg.fits[1]
scw/2349/234900040010.001/swg.fits[1]
scw/2349/234900050010.001/swg.fits[1]
scw/2349/234900060010.001/swg.fits[1]
scw/2349/234900070010.001/swg.fits[1]
scw/2349/234900080010.001/swg.fits[1]
scw/2349/234900090010.001/swg.fits[1]
scw/2349/234900100010.001/swg.fits[1]
scw/2349/234900110010.001/swg.fits[1]
scw/2349/234900120010.001/swg.fits[1]
scw/2349/234900130010.001/swg.fits[1]
scw/2349/234900140010.001/swg.fits[1]
scw/2349/234900150010.001/swg.fits[1]
scw/2349/234900160010.001/swg.fits[1]
scw/2349/234900170010.001/swg.fits[1]
scw/2349/234900180010.001/swg.fits[1]
scw/2349/234900190010.001/swg.fits[1]
scw/2349/234900200010.001/swg.fits[1]
scw/2349/234900210010.001/swg.fits[1]
scw/2349/234900220010.001/swg.fits[1]
scw/2349/234900230010.001/swg.fits[1]
scw/2349/234900260010.001/swg.fits[1]
scw/2349/234900270010.001/swg.fits[1]
scw/2349/234900300010.001/swg.fits[1]
scw/2349/234900300020.001/swg.fits[1]
scw/2349/234900300030.001/swg.fits[1]
scw/2349/234900300040.001/swg.fits[1]
scw/2351/235100290010.001/swg.fits[1]
scw/2351/235100300010.001/swg.fits[1]
scw/2351/235100310010.001/swg.fits[1]
scw/2351/235100320010.001/swg.fits[1]
scw/2351/235100330010.001/swg.fits[1]
scw/2351/235100340010.001/swg.fits[1]
scw/2351/235100350010.001/swg.fits[1]
scw/2351/235100360010.001/swg.fits[1]
scw/2351/235100370010.001/swg.fits[1]
scw/2351/235100380010.001/swg.fits[1]
scw/2351/235100390010.001/swg.fits[1]
scw/2351/235100400010.001/swg.fits[1]
scw/2351/235100410010.001/swg.fits[1]
scw/2351/235100420010.001/swg.fits[1]
scw/2351/235100430010.001/swg.fits[1]
scw/2351/235100440010.001/swg.fits[1]
scw/2351/235100450010.001/swg.fits[1]
scw/2351/235100460010.001/swg.fits[1]
scw/2351/235100470010.001/swg.fits[1]
scw/2351/235100480010.001/swg.fits[1]
scw/2351/235100510010.001/swg.fits[1]
scw/2351/235100520010.001/swg.fits[1]
scw/2353/235300610010.001/swg.fits[1]
scw/2353/235300620010.001/swg.fits[1]
scw/2353/235300630010.001/swg.fits[1]
scw/2353/235300640010.001/swg.fits[1]
scw/2353/235300650010.001/swg.fits[1]
scw/2353/235300660010.001/swg.fits[1]
scw/2353/235300680010.001/swg.fits[1]
scw/2353/235300690010.001/swg.fits[1]
scw/2353/235300700010.001/swg.fits[1]
scw/2353/235300710010.001/swg.fits[1]
scw/2353/235300720010.001/swg.fits[1]
scw/2353/235300730010.001/swg.fits[1]
scw/2353/235300740010.001/swg.fits[1]
scw/2353/235300750010.001/swg.fits[1]
scw/2353/235300760010.001/swg.fits[1]
scw/2353/235300770010.001/swg.fits[1]
scw/2353/235300780010.001/swg.fits[1]
scw/2353/235300790010.001/swg.fits[1]
scw/2353/235300800010.001/swg.fits[1]
scw/2394/239400190010.001/swg.fits[1]
scw/2394/239400200010.001/swg.fits[1]
scw/2394/239400210010.001/swg.fits[1]
scw/2395/239500050010.001/swg.fits[1]
scw/2395/239500060010.001/swg.fits[1]
scw/2395/239500070010.001/swg.fits[1]
scw/2395/239500080010.001/swg.fits[1]
scw/2395/239500160010.001/swg.fits[1]
scw/2398/239800100010.001/swg.fits[1]
scw/2398/239800110010.001/swg.fits[1]
scw/2398/239800200010.001/swg.fits[1]
scw/2398/239800210010.001/swg.fits[1]
scw/2398/239800220010.001/swg.fits[1]
scw/2398/239800300010.001/swg.fits[1]
