scw/2364/236400060010.001/swg.fits[1]
scw/2364/236400070010.001/swg.fits[1]
scw/2364/236400080010.001/swg.fits[1]
scw/2364/236400100010.001/swg.fits[1]
scw/2364/236400110010.001/swg.fits[1]
scw/2364/236400120010.001/swg.fits[1]
scw/2364/236400130010.001/swg.fits[1]
scw/2364/236400140010.001/swg.fits[1]
scw/2364/236400150010.001/swg.fits[1]
scw/2364/236400160010.001/swg.fits[1]
scw/2364/236400220010.001/swg.fits[1]
scw/2364/236400230010.001/swg.fits[1]
scw/2364/236400340010.001/swg.fits[1]
scw/2364/236400350010.001/swg.fits[1]
scw/2364/236400400010.001/swg.fits[1]
scw/2364/236400410010.001/swg.fits[1]
scw/2364/236400420010.001/swg.fits[1]
scw/2364/236400430010.001/swg.fits[1]
scw/2364/236400440010.001/swg.fits[1]
scw/2364/236400450010.001/swg.fits[1]
scw/2364/236400460010.001/swg.fits[1]
scw/2364/236400470010.001/swg.fits[1]
scw/2364/236400480010.001/swg.fits[1]
scw/2364/236400490010.001/swg.fits[1]
scw/2364/236400500010.001/swg.fits[1]
scw/2364/236400510010.001/swg.fits[1]
scw/2364/236400520010.001/swg.fits[1]
scw/2364/236400530010.001/swg.fits[1]
scw/2364/236400540010.001/swg.fits[1]
scw/2364/236400550010.001/swg.fits[1]
scw/2364/236400560010.001/swg.fits[1]
scw/2364/236400570010.001/swg.fits[1]
scw/2364/236400580010.001/swg.fits[1]
scw/2364/236400590010.001/swg.fits[1]
scw/2364/236400600010.001/swg.fits[1]
scw/2364/236400610010.001/swg.fits[1]
scw/2364/236400620010.001/swg.fits[1]
scw/2364/236400630010.001/swg.fits[1]
scw/2364/236400640010.001/swg.fits[1]
scw/2364/236400650010.001/swg.fits[1]
scw/2366/236600060010.001/swg.fits[1]
scw/2366/236600070010.001/swg.fits[1]
scw/2366/236600150010.001/swg.fits[1]
scw/2367/236700510010.001/swg.fits[1]
scw/2367/236700520010.001/swg.fits[1]
scw/2367/236700580010.001/swg.fits[1]
scw/2367/236700590010.001/swg.fits[1]
scw/2367/236700600010.001/swg.fits[1]
scw/2367/236700610010.001/swg.fits[1]
scw/2368/236800420010.001/swg.fits[1]
scw/2369/236900540010.001/swg.fits[1]
scw/2369/236900610010.001/swg.fits[1]
scw/2369/236900620010.001/swg.fits[1]
scw/2370/237000320010.001/swg.fits[1]
scw/2370/237000330010.001/swg.fits[1]
scw/2370/237000340010.001/swg.fits[1]
scw/2370/237000420010.001/swg.fits[1]
scw/2371/237100020010.001/swg.fits[1]
scw/2371/237100170010.001/swg.fits[1]
scw/2372/237200290010.001/swg.fits[1]
scw/2372/237200360010.001/swg.fits[1]
scw/2372/237200430010.001/swg.fits[1]
scw/2372/237200440010.001/swg.fits[1]
scw/2372/237200450010.001/swg.fits[1]
scw/2372/237200470010.001/swg.fits[1]
scw/2372/237200480010.001/swg.fits[1]
scw/2372/237200540010.001/swg.fits[1]
scw/2372/237200550010.001/swg.fits[1]
scw/2372/237200560010.001/swg.fits[1]
scw/2372/237200570010.001/swg.fits[1]
scw/2372/237200580010.001/swg.fits[1]
scw/2373/237300310010.001/swg.fits[1]
scw/2373/237300320010.001/swg.fits[1]
scw/2373/237300330010.001/swg.fits[1]
scw/2373/237300340010.001/swg.fits[1]
scw/2373/237300350010.001/swg.fits[1]
scw/2373/237300360010.001/swg.fits[1]
scw/2373/237300420010.001/swg.fits[1]
scw/2373/237300430010.001/swg.fits[1]
scw/2374/237400350010.001/swg.fits[1]
scw/2374/237400360010.001/swg.fits[1]
scw/2374/237400440010.001/swg.fits[1]
scw/2374/237400450010.001/swg.fits[1]
scw/2374/237400530010.001/swg.fits[1]
scw/2374/237400540010.001/swg.fits[1]
scw/2374/237400550010.001/swg.fits[1]
scw/2374/237400560010.001/swg.fits[1]
scw/2375/237500050010.001/swg.fits[1]
scw/2375/237500060010.001/swg.fits[1]
scw/2375/237500070010.001/swg.fits[1]
scw/2375/237500080010.001/swg.fits[1]
scw/2375/237500160010.001/swg.fits[1]
scw/2375/237500170010.001/swg.fits[1]
scw/2376/237600280010.001/swg.fits[1]
scw/2376/237600350010.001/swg.fits[1]
scw/2376/237600360010.001/swg.fits[1]
scw/2376/237600370010.001/swg.fits[1]
scw/2376/237600380010.001/swg.fits[1]
scw/2376/237600460010.001/swg.fits[1]
scw/2376/237600470010.001/swg.fits[1]
scw/2377/237700030010.001/swg.fits[1]
scw/2377/237700040010.001/swg.fits[1]
scw/2377/237700050010.001/swg.fits[1]
scw/2377/237700120010.001/swg.fits[1]
scw/2377/237700130010.001/swg.fits[1]
scw/2377/237700140010.001/swg.fits[1]
scw/2377/237700150010.001/swg.fits[1]
scw/2377/237700210010.001/swg.fits[1]
scw/2377/237700220010.001/swg.fits[1]
scw/2377/237700230010.001/swg.fits[1]
scw/2378/237800040010.001/swg.fits[1]
scw/2378/237800050010.001/swg.fits[1]
scw/2378/237800060010.001/swg.fits[1]
scw/2378/237800110010.001/swg.fits[1]
scw/2378/237800120010.001/swg.fits[1]
scw/2378/237800130010.001/swg.fits[1]
scw/2378/237800140010.001/swg.fits[1]
scw/2378/237800150010.001/swg.fits[1]
scw/2378/237800220010.001/swg.fits[1]
scw/2379/237900020010.001/swg.fits[1]
scw/2379/237900030010.001/swg.fits[1]
scw/2379/237900040010.001/swg.fits[1]
scw/2379/237900110010.001/swg.fits[1]
scw/2379/237900120010.001/swg.fits[1]
scw/2379/237900130010.001/swg.fits[1]
scw/2379/237900140010.001/swg.fits[1]
scw/2379/237900210010.001/swg.fits[1]
scw/2379/237900220010.001/swg.fits[1]
scw/2379/237900230010.001/swg.fits[1]
scw/2379/237900240010.001/swg.fits[1]
