scw/0026/002600200010.001/swg.fits[1]
scw/0026/002600600010.001/swg.fits[1]
scw/0254/025400210010.001/swg.fits[1]
scw/0254/025400220010.001/swg.fits[1]
scw/0254/025400230010.001/swg.fits[1]
scw/0254/025400240010.001/swg.fits[1]
scw/0254/025400250010.001/swg.fits[1]
scw/0254/025400260010.001/swg.fits[1]
scw/0254/025400270010.001/swg.fits[1]
scw/0254/025400280010.001/swg.fits[1]
scw/0254/025400290010.001/swg.fits[1]
scw/0254/025400300010.001/swg.fits[1]
scw/0254/025400310010.001/swg.fits[1]
scw/0254/025400330010.001/swg.fits[1]
scw/0254/025400340010.001/swg.fits[1]
scw/0254/025400350010.001/swg.fits[1]
scw/0254/025400360010.001/swg.fits[1]
scw/0254/025400630010.001/swg.fits[1]
scw/0254/025400640010.001/swg.fits[1]
scw/0254/025400650010.001/swg.fits[1]
scw/0258/025800180010.001/swg.fits[1]
scw/0258/025800200010.001/swg.fits[1]
scw/0258/025800210010.001/swg.fits[1]
scw/0258/025800220010.001/swg.fits[1]
scw/0258/025800230010.001/swg.fits[1]
scw/0258/025800240010.001/swg.fits[1]
scw/0258/025800250010.001/swg.fits[1]
scw/0258/025800260010.001/swg.fits[1]
scw/0258/025800270010.001/swg.fits[1]
scw/0258/025800280010.001/swg.fits[1]
scw/0258/025800290010.001/swg.fits[1]
scw/0258/025800300010.001/swg.fits[1]
scw/0258/025800310010.001/swg.fits[1]
scw/0258/025800320010.001/swg.fits[1]
scw/0258/025800330010.001/swg.fits[1]
scw/0258/025800340010.001/swg.fits[1]
scw/0258/025800370010.001/swg.fits[1]
scw/0258/025800380010.001/swg.fits[1]
scw/0258/025800390010.001/swg.fits[1]
scw/0258/025800660010.001/swg.fits[1]
scw/0258/025800670010.001/swg.fits[1]
scw/0258/025800680010.001/swg.fits[1]
scw/0258/025800690010.001/swg.fits[1]
scw/0258/025800700010.001/swg.fits[1]
scw/0259/025900690010.001/swg.fits[1]
scw/0259/025900700010.001/swg.fits[1]
scw/0259/025900710010.001/swg.fits[1]
scw/0259/025900720010.001/swg.fits[1]
scw/0260/026000220010.001/swg.fits[1]
scw/0260/026000230010.001/swg.fits[1]
scw/0260/026000240010.001/swg.fits[1]
scw/0260/026000250010.001/swg.fits[1]
scw/0260/026000260010.001/swg.fits[1]
scw/0260/026000270010.001/swg.fits[1]
scw/0733/073300850010.001/swg.fits[1]
scw/0796/079600400010.001/swg.fits[1]
scw/0796/079600410010.001/swg.fits[1]
scw/0796/079600420010.001/swg.fits[1]
scw/0796/079600430010.001/swg.fits[1]
scw/0796/079600460010.001/swg.fits[1]
scw/0796/079600470010.001/swg.fits[1]
scw/0796/079600480010.001/swg.fits[1]
scw/0796/079600490010.001/swg.fits[1]
scw/0796/079600500010.001/swg.fits[1]
scw/0796/079600510010.001/swg.fits[1]
scw/0796/079600520010.001/swg.fits[1]
scw/0797/079700630010.001/swg.fits[1]
scw/0797/079700640010.001/swg.fits[1]
scw/0798/079800020010.001/swg.fits[1]
scw/0798/079800030010.001/swg.fits[1]
scw/0798/079800040010.001/swg.fits[1]
scw/0798/079800110010.001/swg.fits[1]
scw/0798/079800120010.001/swg.fits[1]
scw/0798/079800170010.001/swg.fits[1]
scw/0798/079800180010.001/swg.fits[1]
scw/0798/079800190010.001/swg.fits[1]
scw/0798/079800230010.001/swg.fits[1]
scw/0798/079800240010.001/swg.fits[1]
scw/0798/079800250010.001/swg.fits[1]
scw/0798/079800260010.001/swg.fits[1]
scw/0798/079800270010.001/swg.fits[1]
scw/0798/079800280010.001/swg.fits[1]
scw/0798/079800290010.001/swg.fits[1]
scw/0798/079800300010.001/swg.fits[1]
scw/0798/079800310010.001/swg.fits[1]
scw/0798/079800320010.001/swg.fits[1]
scw/0798/079800330010.001/swg.fits[1]
scw/0798/079800340010.001/swg.fits[1]
scw/0798/079800350010.001/swg.fits[1]
scw/0798/079800360010.001/swg.fits[1]
scw/0798/079800370010.001/swg.fits[1]
scw/0798/079800380010.001/swg.fits[1]
scw/0798/079800390010.001/swg.fits[1]
scw/0798/079800400010.001/swg.fits[1]
scw/0798/079800410010.001/swg.fits[1]
scw/0798/079800430010.001/swg.fits[1]
scw/0798/079800440010.001/swg.fits[1]
scw/0798/079800450010.001/swg.fits[1]
scw/0798/079800460010.001/swg.fits[1]
scw/0798/079800470010.001/swg.fits[1]
scw/0798/079800480010.001/swg.fits[1]
scw/0798/079800490010.001/swg.fits[1]
scw/0798/079800550010.001/swg.fits[1]
scw/0798/079800560010.001/swg.fits[1]
scw/0798/079800570010.001/swg.fits[1]
scw/0798/079800580010.001/swg.fits[1]
scw/0799/079900080010.001/swg.fits[1]
scw/0799/079900090010.001/swg.fits[1]
scw/0799/079900100010.001/swg.fits[1]
scw/0799/079900110010.001/swg.fits[1]
scw/0799/079900120010.001/swg.fits[1]
scw/0799/079900160010.001/swg.fits[1]
scw/0799/079900170010.001/swg.fits[1]
scw/0799/079900180010.001/swg.fits[1]
scw/0799/079900190010.001/swg.fits[1]
scw/0799/079900200010.001/swg.fits[1]
scw/0799/079900210010.001/swg.fits[1]
scw/0799/079900220010.001/swg.fits[1]
scw/0799/079900230010.001/swg.fits[1]
scw/0799/079900240010.001/swg.fits[1]
scw/0799/079900250010.001/swg.fits[1]
scw/0799/079900260010.001/swg.fits[1]
scw/0799/079900270010.001/swg.fits[1]
scw/0799/079900280010.001/swg.fits[1]
scw/0799/079900290010.001/swg.fits[1]
scw/0799/079900300010.001/swg.fits[1]
scw/0799/079900310010.001/swg.fits[1]
scw/0799/079900320010.001/swg.fits[1]
scw/0799/079900360010.001/swg.fits[1]
scw/0799/079900370010.001/swg.fits[1]
scw/0799/079900380010.001/swg.fits[1]
scw/0799/079900390010.001/swg.fits[1]
scw/0799/079900400010.001/swg.fits[1]
scw/0799/079900410010.001/swg.fits[1]
scw/0799/079900420010.001/swg.fits[1]
scw/0799/079900480010.001/swg.fits[1]
scw/0799/079900490010.001/swg.fits[1]
scw/0799/079900500010.001/swg.fits[1]
scw/0799/079900580010.001/swg.fits[1]
scw/0799/079900590010.001/swg.fits[1]
scw/0799/079900600010.001/swg.fits[1]
scw/0799/079900610010.001/swg.fits[1]
scw/0799/079900620010.001/swg.fits[1]
scw/0800/080000100010.001/swg.fits[1]
scw/0800/080000110010.001/swg.fits[1]
scw/0800/080000120010.001/swg.fits[1]
scw/0800/080000130010.001/swg.fits[1]
scw/0800/080000140010.001/swg.fits[1]
scw/0800/080000150010.001/swg.fits[1]
scw/0800/080000160010.001/swg.fits[1]
scw/0800/080000170010.001/swg.fits[1]
scw/0800/080000190010.001/swg.fits[1]
scw/0800/080000200010.001/swg.fits[1]
scw/0800/080000210010.001/swg.fits[1]
scw/0800/080000220010.001/swg.fits[1]
scw/0800/080000230010.001/swg.fits[1]
scw/0855/085500330010.001/swg.fits[1]
scw/0855/085500340010.001/swg.fits[1]
scw/0855/085500350010.001/swg.fits[1]
scw/0855/085500420010.001/swg.fits[1]
scw/0855/085500430010.001/swg.fits[1]
scw/0855/085500440010.001/swg.fits[1]
scw/0855/085500450010.001/swg.fits[1]
scw/0855/085500460010.001/swg.fits[1]
scw/0855/085500520010.001/swg.fits[1]
scw/0855/085500530010.001/swg.fits[1]
scw/0855/085500540010.001/swg.fits[1]
scw/0855/085500550010.001/swg.fits[1]
scw/0855/085500630010.001/swg.fits[1]
scw/0855/085500640010.001/swg.fits[1]
scw/0857/085700130010.001/swg.fits[1]
scw/0857/085700140010.001/swg.fits[1]
scw/0857/085700150010.001/swg.fits[1]
scw/0857/085700220010.001/swg.fits[1]
scw/0857/085700230010.001/swg.fits[1]
scw/0857/085700240010.001/swg.fits[1]
scw/0857/085700250010.001/swg.fits[1]
scw/0857/085700260010.001/swg.fits[1]
scw/0857/085700320010.001/swg.fits[1]
scw/0857/085700330010.001/swg.fits[1]
scw/0857/085700340010.001/swg.fits[1]
scw/0857/085700350010.001/swg.fits[1]
scw/0857/085700430010.001/swg.fits[1]
scw/0857/085700440010.001/swg.fits[1]
scw/0858/085800130010.001/swg.fits[1]
scw/0858/085800140010.001/swg.fits[1]
scw/0858/085800150010.001/swg.fits[1]
scw/0858/085800220010.001/swg.fits[1]
scw/0858/085800230010.001/swg.fits[1]
scw/0858/085800240010.001/swg.fits[1]
scw/0858/085800250010.001/swg.fits[1]
scw/0858/085800320010.001/swg.fits[1]
scw/0858/085800330010.001/swg.fits[1]
scw/0858/085800340010.001/swg.fits[1]
scw/0858/085800350010.001/swg.fits[1]
scw/0858/085800430010.001/swg.fits[1]
scw/0858/085800440010.001/swg.fits[1]
scw/0860/086000110010.001/swg.fits[1]
scw/0860/086000120010.001/swg.fits[1]
scw/0860/086000130010.001/swg.fits[1]
scw/0860/086000200010.001/swg.fits[1]
scw/0860/086000210010.001/swg.fits[1]
scw/0860/086000220010.001/swg.fits[1]
scw/0860/086000230010.001/swg.fits[1]
scw/0860/086000300010.001/swg.fits[1]
scw/0860/086000310010.001/swg.fits[1]
scw/0860/086000320010.001/swg.fits[1]
scw/0860/086000330010.001/swg.fits[1]
scw/0860/086000410010.001/swg.fits[1]
scw/0860/086000420010.001/swg.fits[1]
scw/0861/086100190010.001/swg.fits[1]
scw/0861/086100200010.001/swg.fits[1]
scw/0861/086100210010.001/swg.fits[1]
scw/0861/086100280010.001/swg.fits[1]
scw/0861/086100290010.001/swg.fits[1]
scw/0861/086100300010.001/swg.fits[1]
scw/0861/086100310010.001/swg.fits[1]
scw/0861/086100380010.001/swg.fits[1]
scw/0861/086100390010.001/swg.fits[1]
scw/0861/086100400010.001/swg.fits[1]
scw/0861/086100410010.001/swg.fits[1]
scw/0861/086100490010.001/swg.fits[1]
scw/0861/086100500010.001/swg.fits[1]
scw/0862/086200490010.001/swg.fits[1]
scw/0862/086200500010.001/swg.fits[1]
scw/0862/086200510010.001/swg.fits[1]
scw/0862/086200580010.001/swg.fits[1]
scw/0862/086200590010.001/swg.fits[1]
scw/0862/086200600010.001/swg.fits[1]
