scw/0502/050200010010.001/swg.fits[1]
scw/0502/050200020010.001/swg.fits[1]
scw/0502/050200030010.001/swg.fits[1]
scw/0502/050200040010.001/swg.fits[1]
scw/0502/050200250010.001/swg.fits[1]
scw/0502/050200260010.001/swg.fits[1]
scw/0502/050200270010.001/swg.fits[1]
scw/0502/050200280010.001/swg.fits[1]
scw/0502/050200360010.001/swg.fits[1]
scw/0502/050200370010.001/swg.fits[1]
scw/0502/050200460010.001/swg.fits[1]
scw/0502/050200470010.001/swg.fits[1]
scw/0502/050200480010.001/swg.fits[1]
scw/0502/050200550010.001/swg.fits[1]
scw/0502/050200560010.001/swg.fits[1]
scw/0502/050200570010.001/swg.fits[1]
scw/0502/050200580010.001/swg.fits[1]
scw/0502/050200650010.001/swg.fits[1]
scw/0502/050200660010.001/swg.fits[1]
scw/0502/050200670010.001/swg.fits[1]
scw/0502/050200680010.001/swg.fits[1]
scw/0503/050300070010.001/swg.fits[1]
scw/0503/050300080010.001/swg.fits[1]
scw/0503/050300090010.001/swg.fits[1]
scw/0503/050300100010.001/swg.fits[1]
scw/0503/050300180010.001/swg.fits[1]
scw/0503/050300190010.001/swg.fits[1]
scw/0503/050300270010.001/swg.fits[1]
scw/0503/050300280010.001/swg.fits[1]
scw/0503/050300290010.001/swg.fits[1]
scw/0503/050300300010.001/swg.fits[1]
scw/0503/050300370010.001/swg.fits[1]
scw/0503/050300380010.001/swg.fits[1]
scw/0503/050300390010.001/swg.fits[1]
scw/0503/050300400010.001/swg.fits[1]
scw/0503/050300470010.001/swg.fits[1]
scw/0503/050300480010.001/swg.fits[1]
scw/0503/050300490010.001/swg.fits[1]
scw/0503/050300500010.001/swg.fits[1]
scw/0503/050300570010.001/swg.fits[1]
scw/0503/050300580010.001/swg.fits[1]
scw/0503/050300590010.001/swg.fits[1]
scw/0504/050400080010.001/swg.fits[1]
scw/0504/050400170010.001/swg.fits[1]
scw/0504/050400180010.001/swg.fits[1]
scw/0504/050400250010.001/swg.fits[1]
scw/0504/050400260010.001/swg.fits[1]
scw/0504/050400270010.001/swg.fits[1]
scw/0504/050400280010.001/swg.fits[1]
scw/0504/050400290010.001/swg.fits[1]
scw/0504/050400340010.001/swg.fits[1]
scw/0504/050400350010.001/swg.fits[1]
scw/0504/050400360010.001/swg.fits[1]
scw/0504/050400370010.001/swg.fits[1]
scw/0504/050400380010.001/swg.fits[1]
scw/0504/050400390010.001/swg.fits[1]
scw/0504/050400450010.001/swg.fits[1]
scw/0504/050400460010.001/swg.fits[1]
scw/0504/050400470010.001/swg.fits[1]
scw/0504/050400480010.001/swg.fits[1]
scw/0504/050400490010.001/swg.fits[1]
scw/0504/050400550010.001/swg.fits[1]
scw/0504/050400560010.001/swg.fits[1]
scw/0504/050400570010.001/swg.fits[1]
scw/0504/050400580010.001/swg.fits[1]
scw/0505/050500030010.001/swg.fits[1]
scw/0505/050500040010.001/swg.fits[1]
scw/0505/050500050010.001/swg.fits[1]
scw/0505/050500060010.001/swg.fits[1]
scw/0505/050500130010.001/swg.fits[1]
scw/0505/050500140010.001/swg.fits[1]
scw/0505/050500230010.001/swg.fits[1]
scw/0505/050500240010.001/swg.fits[1]
scw/0505/050500250010.001/swg.fits[1]
scw/0505/050500260010.001/swg.fits[1]
scw/0505/050500330010.001/swg.fits[1]
scw/0505/050500340010.001/swg.fits[1]
scw/0505/050500350010.001/swg.fits[1]
scw/0505/050500360010.001/swg.fits[1]
scw/0505/050500430010.001/swg.fits[1]
scw/0505/050500440010.001/swg.fits[1]
scw/0505/050500450010.001/swg.fits[1]
scw/0505/050500460010.001/swg.fits[1]
scw/0505/050500540010.001/swg.fits[1]
scw/0505/050500550010.001/swg.fits[1]
scw/0505/050500560010.001/swg.fits[1]
scw/0506/050600030010.001/swg.fits[1]
scw/0506/050600040010.001/swg.fits[1]
scw/0506/050600050010.001/swg.fits[1]
scw/0506/050600060010.001/swg.fits[1]
scw/0506/050600130010.001/swg.fits[1]
scw/0506/050600140010.001/swg.fits[1]
scw/0506/050600150010.001/swg.fits[1]
scw/0506/050600160010.001/swg.fits[1]
scw/0506/050600220010.001/swg.fits[1]
scw/0506/050600230010.001/swg.fits[1]
scw/0506/050600240010.001/swg.fits[1]
scw/0506/050600250010.001/swg.fits[1]
scw/0506/050600260010.001/swg.fits[1]
scw/0506/050600270010.001/swg.fits[1]
scw/0506/050600320010.001/swg.fits[1]
scw/0506/050600330010.001/swg.fits[1]
scw/0506/050600340010.001/swg.fits[1]
scw/0506/050600350010.001/swg.fits[1]
scw/0506/050600360010.001/swg.fits[1]
scw/0506/050600370010.001/swg.fits[1]
scw/0506/050600430010.001/swg.fits[1]
scw/0506/050600440010.001/swg.fits[1]
scw/0506/050600450010.001/swg.fits[1]
scw/0545/054500210010.001/swg.fits[1]
scw/0545/054500220010.001/swg.fits[1]
scw/0545/054500230010.001/swg.fits[1]
scw/0545/054500240010.001/swg.fits[1]
scw/0545/054500250010.001/swg.fits[1]
scw/0545/054500260010.001/swg.fits[1]
scw/0545/054500690010.001/swg.fits[1]
scw/0546/054600490010.001/swg.fits[1]
scw/0546/054600500010.001/swg.fits[1]
scw/0546/054600510010.001/swg.fits[1]
scw/0546/054600520010.001/swg.fits[1]
scw/0546/054600530010.001/swg.fits[1]
scw/0546/054600540010.001/swg.fits[1]
scw/0553/055300140010.001/swg.fits[1]
scw/0553/055300150010.001/swg.fits[1]
scw/0553/055300160010.001/swg.fits[1]
scw/0553/055300170010.001/swg.fits[1]
scw/0562/056200120010.001/swg.fits[1]
scw/0562/056200130010.001/swg.fits[1]
scw/0562/056200140010.001/swg.fits[1]
scw/0562/056200150010.001/swg.fits[1]
scw/0562/056200160010.001/swg.fits[1]
scw/0562/056200170010.001/swg.fits[1]
scw/0562/056200180010.001/swg.fits[1]
scw/0562/056200190010.001/swg.fits[1]
scw/0629/062900120010.001/swg.fits[1]
scw/0630/063000090010.001/swg.fits[1]
scw/0631/063100170010.001/swg.fits[1]
scw/0631/063100180010.001/swg.fits[1]
scw/0684/068400560010.001/swg.fits[1]
scw/0730/073000960010.001/swg.fits[1]
scw/0730/073000970010.001/swg.fits[1]
scw/0730/073000980010.001/swg.fits[1]
scw/0730/073001000010.001/swg.fits[1]
scw/0730/073001010010.001/swg.fits[1]
scw/0730/073001020010.001/swg.fits[1]
scw/0730/073001030010.001/swg.fits[1]
scw/0730/073001040010.001/swg.fits[1]
scw/0741/074100260010.001/swg.fits[1]
scw/0742/074200310010.001/swg.fits[1]
scw/0743/074300380010.001/swg.fits[1]
scw/0743/074300390010.001/swg.fits[1]
scw/0794/079400890010.001/swg.fits[1]
scw/0804/080400930010.001/swg.fits[1]
scw/0805/080500920010.001/swg.fits[1]
scw/0875/087500140010.001/swg.fits[1]
scw/0875/087500290010.001/swg.fits[1]
scw/0875/087500300010.001/swg.fits[1]
scw/0875/087500360010.001/swg.fits[1]
scw/0875/087500490010.001/swg.fits[1]
scw/0875/087500500010.001/swg.fits[1]
scw/0875/087500510010.001/swg.fits[1]
scw/0875/087500570010.001/swg.fits[1]
scw/0877/087700070010.001/swg.fits[1]
scw/0877/087700350010.001/swg.fits[1]
scw/0877/087700840010.001/swg.fits[1]
scw/0929/092900360010.001/swg.fits[1]
scw/0929/092900430010.001/swg.fits[1]
scw/0929/092900440010.001/swg.fits[1]
scw/0929/092900580010.001/swg.fits[1]
scw/0929/092900590010.001/swg.fits[1]
scw/0929/092900630010.001/swg.fits[1]
scw/0929/092900720010.001/swg.fits[1]
scw/0929/092900730010.001/swg.fits[1]
scw/0938/093800350010.001/swg.fits[1]
scw/0938/093800410010.001/swg.fits[1]
scw/0938/093800420010.001/swg.fits[1]
scw/0938/093800480010.001/swg.fits[1]
scw/0938/093800490010.001/swg.fits[1]
scw/0938/093800500010.001/swg.fits[1]
scw/0938/093800620010.001/swg.fits[1]
scw/0938/093800630010.001/swg.fits[1]
scw/0938/093800640010.001/swg.fits[1]
scw/0938/093800650010.001/swg.fits[1]
scw/0938/093800780010.001/swg.fits[1]
scw/0985/098500230010.001/swg.fits[1]
scw/0987/098700100010.001/swg.fits[1]
scw/0987/098700110010.001/swg.fits[1]
scw/0993/099300070010.001/swg.fits[1]
scw/0993/099300350010.001/swg.fits[1]
scw/0995/099500240010.001/swg.fits[1]
scw/0998/099800150010.001/swg.fits[1]
scw/0998/099800160010.001/swg.fits[1]
scw/0998/099800220010.001/swg.fits[1]
scw/0998/099800230010.001/swg.fits[1]
scw/0998/099800320010.001/swg.fits[1]
scw/0998/099800350010.001/swg.fits[1]
scw/0998/099800360010.001/swg.fits[1]
scw/0998/099800370010.001/swg.fits[1]
scw/0998/099800380010.001/swg.fits[1]
scw/0998/099800510010.001/swg.fits[1]
scw/0998/099800520010.001/swg.fits[1]
scw/0999/099900070010.001/swg.fits[1]
scw/1031/103100330010.001/swg.fits[1]
scw/1031/103100400010.001/swg.fits[1]
scw/1031/103100410010.001/swg.fits[1]
scw/1031/103100550010.001/swg.fits[1]
scw/1031/103100560010.001/swg.fits[1]
scw/1031/103100600010.001/swg.fits[1]
scw/1031/103100690010.001/swg.fits[1]
scw/1031/103100700010.001/swg.fits[1]
scw/1037/103700130010.001/swg.fits[1]
scw/1037/103700140010.001/swg.fits[1]
scw/1037/103700150010.001/swg.fits[1]
scw/1037/103700160010.001/swg.fits[1]
scw/1037/103700170010.001/swg.fits[1]
scw/1037/103700180010.001/swg.fits[1]
scw/1037/103700190010.001/swg.fits[1]
scw/1037/103700210010.001/swg.fits[1]
scw/1037/103700220010.001/swg.fits[1]
scw/1037/103700230010.001/swg.fits[1]
scw/1037/103700240010.001/swg.fits[1]
scw/1037/103700250010.001/swg.fits[1]
scw/1037/103700260010.001/swg.fits[1]
scw/1037/103700270010.001/swg.fits[1]
scw/1037/103700620010.001/swg.fits[1]
scw/1037/103700630010.001/swg.fits[1]
