scw/0446/044600140010.001/swg.fits[1]
scw/0446/044600150010.001/swg.fits[1]
scw/0446/044600160010.001/swg.fits[1]
scw/0446/044600170010.001/swg.fits[1]
scw/0446/044600180010.001/swg.fits[1]
scw/0446/044600190010.001/swg.fits[1]
scw/0458/045800800010.001/swg.fits[1]
scw/0459/045900420010.001/swg.fits[1]
scw/0459/045900430010.001/swg.fits[1]
scw/0459/045900440010.001/swg.fits[1]
scw/0463/046300310010.001/swg.fits[1]
scw/0463/046300320010.001/swg.fits[1]
scw/0467/046700090010.001/swg.fits[1]
scw/0477/047700680010.001/swg.fits[1]
scw/0477/047700690010.001/swg.fits[1]
scw/0477/047700700010.001/swg.fits[1]
scw/0477/047700730010.001/swg.fits[1]
scw/0477/047700740010.001/swg.fits[1]
scw/0477/047700750010.001/swg.fits[1]
scw/0477/047700760010.001/swg.fits[1]
scw/0515/051500400010.001/swg.fits[1]
scw/0515/051500410010.001/swg.fits[1]
scw/0515/051500420010.001/swg.fits[1]
scw/0515/051500430010.001/swg.fits[1]
scw/0515/051500440010.001/swg.fits[1]
scw/0515/051500450010.001/swg.fits[1]
scw/0515/051500460010.001/swg.fits[1]
scw/0515/051500470010.001/swg.fits[1]
scw/0515/051500480010.001/swg.fits[1]
scw/0516/051600380010.001/swg.fits[1]
scw/0516/051600390010.001/swg.fits[1]
scw/0516/051600400010.001/swg.fits[1]
scw/0516/051600410010.001/swg.fits[1]
scw/0516/051600420010.001/swg.fits[1]
scw/0516/051600430010.001/swg.fits[1]
scw/0517/051700620010.001/swg.fits[1]
scw/0517/051700630010.001/swg.fits[1]
scw/0517/051700640010.001/swg.fits[1]
scw/0517/051700710010.001/swg.fits[1]
scw/0517/051700720010.001/swg.fits[1]
scw/0517/051700730010.001/swg.fits[1]
scw/0518/051800290010.001/swg.fits[1]
scw/0518/051800300010.001/swg.fits[1]
scw/0518/051800360010.001/swg.fits[1]
scw/0518/051800370010.001/swg.fits[1]
scw/0518/051800430010.001/swg.fits[1]
scw/0518/051800440010.001/swg.fits[1]
scw/0518/051800450010.001/swg.fits[1]
scw/0518/051800480010.001/swg.fits[1]
scw/0518/051800500010.001/swg.fits[1]
scw/0518/051800510010.001/swg.fits[1]
scw/0518/051800520010.001/swg.fits[1]
scw/0518/051800570010.001/swg.fits[1]
scw/0518/051800580010.001/swg.fits[1]
scw/0518/051800640010.001/swg.fits[1]
scw/0518/051800650010.001/swg.fits[1]
scw/0520/052000260010.001/swg.fits[1]
scw/0520/052000270010.001/swg.fits[1]
scw/0520/052000280010.001/swg.fits[1]
scw/0520/052000700010.001/swg.fits[1]
scw/0520/052000710010.001/swg.fits[1]
scw/0520/052000720010.001/swg.fits[1]
scw/0520/052000730010.001/swg.fits[1]
scw/0520/052000740010.001/swg.fits[1]
scw/0520/052000750010.001/swg.fits[1]
scw/0520/052000760010.001/swg.fits[1]
scw/0520/052000770010.001/swg.fits[1]
scw/0520/052000940010.001/swg.fits[1]
scw/0523/052300230010.001/swg.fits[1]
scw/0523/052300240010.001/swg.fits[1]
scw/0523/052300250010.001/swg.fits[1]
scw/0523/052300260010.001/swg.fits[1]
scw/0523/052300270010.001/swg.fits[1]
scw/0523/052300280010.001/swg.fits[1]
scw/0523/052300410010.001/swg.fits[1]
scw/0523/052300420010.001/swg.fits[1]
scw/0523/052301020010.001/swg.fits[1]
scw/0523/052301030010.001/swg.fits[1]
scw/0529/052900010010.001/swg.fits[1]
scw/0529/052900090010.001/swg.fits[1]
scw/0529/052900100010.001/swg.fits[1]
scw/0529/052900110010.001/swg.fits[1]
scw/0529/052900120010.001/swg.fits[1]
scw/0529/052900190010.001/swg.fits[1]
scw/0529/052900200010.001/swg.fits[1]
scw/0529/052900210010.001/swg.fits[1]
scw/0529/052900220010.001/swg.fits[1]
scw/0529/052900290010.001/swg.fits[1]
scw/0529/052900300010.001/swg.fits[1]
scw/0529/052900310010.001/swg.fits[1]
scw/0529/052900320010.001/swg.fits[1]
scw/0529/052900390010.001/swg.fits[1]
scw/0529/052900400010.001/swg.fits[1]
scw/0529/052900410010.001/swg.fits[1]
scw/0529/052900420010.001/swg.fits[1]
scw/0529/052900490010.001/swg.fits[1]
scw/0529/052900500010.001/swg.fits[1]
scw/0529/052900510010.001/swg.fits[1]
scw/0529/052900600010.001/swg.fits[1]
scw/0529/052900610010.001/swg.fits[1]
scw/0529/052900700010.001/swg.fits[1]
scw/0530/053000010010.001/swg.fits[1]
scw/0530/053000100010.001/swg.fits[1]
scw/0530/053000110010.001/swg.fits[1]
scw/0530/053000120010.001/swg.fits[1]
scw/0530/053000190010.001/swg.fits[1]
scw/0530/053000200010.001/swg.fits[1]
scw/0530/053000210010.001/swg.fits[1]
scw/0530/053000220010.001/swg.fits[1]
scw/0530/053000300010.001/swg.fits[1]
scw/0554/055400320010.001/swg.fits[1]
scw/0554/055400330010.001/swg.fits[1]
scw/0573/057300490010.001/swg.fits[1]
scw/0573/057300530010.001/swg.fits[1]
scw/0573/057300540010.001/swg.fits[1]
scw/0573/057300560010.001/swg.fits[1]
scw/0573/057300600010.001/swg.fits[1]
scw/0574/057400120010.001/swg.fits[1]
scw/0574/057400180010.001/swg.fits[1]
scw/0574/057400190010.001/swg.fits[1]
scw/0574/057400260010.001/swg.fits[1]
scw/0574/057400320010.001/swg.fits[1]
scw/0574/057400330010.001/swg.fits[1]
scw/0574/057400340010.001/swg.fits[1]
scw/0574/057400350010.001/swg.fits[1]
scw/0574/057400390010.001/swg.fits[1]
scw/0574/057400400010.001/swg.fits[1]
scw/0574/057400450010.001/swg.fits[1]
scw/0574/057400460010.001/swg.fits[1]
scw/0574/057400470010.001/swg.fits[1]
scw/0574/057400480010.001/swg.fits[1]
scw/0574/057400490010.001/swg.fits[1]
scw/0574/057400500010.001/swg.fits[1]
scw/0574/057400510010.001/swg.fits[1]
scw/0574/057400520010.001/swg.fits[1]
scw/0574/057400530010.001/swg.fits[1]
scw/0574/057400540010.001/swg.fits[1]
scw/0574/057400750010.001/swg.fits[1]
scw/0574/057400760010.001/swg.fits[1]
scw/0575/057500080010.001/swg.fits[1]
scw/0575/057500090010.001/swg.fits[1]
scw/0575/057500100010.001/swg.fits[1]
scw/0575/057500110010.001/swg.fits[1]
scw/0575/057500250010.001/swg.fits[1]
scw/0575/057500260010.001/swg.fits[1]
scw/0575/057500270010.001/swg.fits[1]
scw/0575/057500280010.001/swg.fits[1]
scw/0575/057500290010.001/swg.fits[1]
scw/0575/057500300010.001/swg.fits[1]
scw/0575/057500420010.001/swg.fits[1]
scw/0575/057500430010.001/swg.fits[1]
scw/0575/057500440010.001/swg.fits[1]
scw/0575/057500450010.001/swg.fits[1]
scw/0575/057500460010.001/swg.fits[1]
scw/0575/057500480010.001/swg.fits[1]
scw/0576/057600060010.001/swg.fits[1]
scw/0576/057600070010.001/swg.fits[1]
scw/0576/057600080010.001/swg.fits[1]
scw/0576/057600090010.001/swg.fits[1]
scw/0576/057600100010.001/swg.fits[1]
scw/0576/057600110010.001/swg.fits[1]
scw/0576/057600120010.001/swg.fits[1]
scw/0576/057600140010.001/swg.fits[1]
scw/0577/057700390010.001/swg.fits[1]
scw/0577/057700400010.001/swg.fits[1]
scw/0577/057700410010.001/swg.fits[1]
scw/0577/057700420010.001/swg.fits[1]
scw/0577/057700430010.001/swg.fits[1]
scw/0577/057700440010.001/swg.fits[1]
scw/0577/057700450010.001/swg.fits[1]
scw/0578/057800270010.001/swg.fits[1]
scw/0578/057800280010.001/swg.fits[1]
scw/0578/057800290010.001/swg.fits[1]
scw/0578/057800310010.001/swg.fits[1]
scw/0578/057800320010.001/swg.fits[1]
scw/0578/057800330010.001/swg.fits[1]
scw/0578/057800340010.001/swg.fits[1]
scw/0579/057900060010.001/swg.fits[1]
scw/0579/057900070010.001/swg.fits[1]
scw/0579/057900080010.001/swg.fits[1]
scw/0579/057900090010.001/swg.fits[1]
scw/0579/057900100010.001/swg.fits[1]
scw/0579/057900110010.001/swg.fits[1]
scw/0579/057900120010.001/swg.fits[1]
scw/0579/057900430010.001/swg.fits[1]
scw/0579/057901030010.001/swg.fits[1]
scw/0580/058000050010.001/swg.fits[1]
scw/0580/058000060010.001/swg.fits[1]
scw/0580/058000070010.001/swg.fits[1]
scw/0580/058000080010.001/swg.fits[1]
scw/0580/058000090010.001/swg.fits[1]
scw/0580/058000100010.001/swg.fits[1]
scw/0580/058000110010.001/swg.fits[1]
scw/0580/058000120010.001/swg.fits[1]
scw/0580/058000130010.001/swg.fits[1]
scw/0580/058000250010.001/swg.fits[1]
scw/0580/058000260010.001/swg.fits[1]
scw/0580/058000270010.001/swg.fits[1]
scw/0580/058000280010.001/swg.fits[1]
scw/0580/058000290010.001/swg.fits[1]
scw/0580/058000300010.001/swg.fits[1]
scw/0580/058000310010.001/swg.fits[1]
scw/0580/058000320010.001/swg.fits[1]
scw/0580/058000420010.001/swg.fits[1]
scw/0580/058000430010.001/swg.fits[1]
scw/0580/058000440010.001/swg.fits[1]
scw/0580/058000450010.001/swg.fits[1]
scw/0580/058000460010.001/swg.fits[1]
scw/0580/058000480010.001/swg.fits[1]
scw/0581/058100050010.001/swg.fits[1]
scw/0581/058100060010.001/swg.fits[1]
scw/0581/058100070010.001/swg.fits[1]
scw/0581/058100080010.001/swg.fits[1]
scw/0581/058100100010.001/swg.fits[1]
scw/0581/058100110010.001/swg.fits[1]
scw/0581/058100120010.001/swg.fits[1]
scw/0581/058100130010.001/swg.fits[1]
scw/0581/058100140010.001/swg.fits[1]
scw/0581/058100150010.001/swg.fits[1]
scw/0581/058100220010.001/swg.fits[1]
scw/0581/058100230010.001/swg.fits[1]
scw/0581/058100240010.001/swg.fits[1]
scw/0581/058100250010.001/swg.fits[1]
scw/0581/058100260010.001/swg.fits[1]
scw/0581/058100280010.001/swg.fits[1]
scw/0581/058100290010.001/swg.fits[1]
scw/0581/058100300010.001/swg.fits[1]
scw/0581/058100310010.001/swg.fits[1]
scw/0581/058100380010.001/swg.fits[1]
scw/0581/058100390010.001/swg.fits[1]
scw/0581/058100400010.001/swg.fits[1]
scw/0581/058100410010.001/swg.fits[1]
scw/0581/058100420010.001/swg.fits[1]
scw/0581/058100430010.001/swg.fits[1]
scw/0581/058100440010.001/swg.fits[1]
scw/0581/058100450010.001/swg.fits[1]
scw/0581/058100460010.001/swg.fits[1]
scw/0581/058100470010.001/swg.fits[1]
scw/0582/058200720010.001/swg.fits[1]
scw/0582/058200730010.001/swg.fits[1]
scw/0582/058200740010.001/swg.fits[1]
scw/0582/058200750010.001/swg.fits[1]
scw/0582/058200760010.001/swg.fits[1]
scw/0582/058200770010.001/swg.fits[1]
scw/0582/058200780010.001/swg.fits[1]
