scw/0721/072100450010.001/swg.fits[1]
scw/0721/072100460010.001/swg.fits[1]
scw/0721/072100470010.001/swg.fits[1]
scw/0721/072100480010.001/swg.fits[1]
scw/0724/072400020010.001/swg.fits[1]
scw/0724/072400070010.001/swg.fits[1]
scw/0724/072400080010.001/swg.fits[1]
scw/0724/072400090010.001/swg.fits[1]
scw/0724/072400100010.001/swg.fits[1]
scw/0724/072400110010.001/swg.fits[1]
scw/0724/072400120010.001/swg.fits[1]
scw/0724/072400170010.001/swg.fits[1]
scw/0724/072400180010.001/swg.fits[1]
scw/0724/072400190010.001/swg.fits[1]
scw/0724/072400200010.001/swg.fits[1]
scw/0724/072400210010.001/swg.fits[1]
scw/0724/072400220010.001/swg.fits[1]
scw/0724/072400230010.001/swg.fits[1]
scw/0724/072400270010.001/swg.fits[1]
scw/0724/072400280010.001/swg.fits[1]
scw/0724/072400290010.001/swg.fits[1]
scw/0724/072400300010.001/swg.fits[1]
scw/0724/072400310010.001/swg.fits[1]
scw/0724/072400320010.001/swg.fits[1]
scw/0724/072400370010.001/swg.fits[1]
scw/0724/072400380010.001/swg.fits[1]
scw/0724/072400390010.001/swg.fits[1]
scw/0724/072400410010.001/swg.fits[1]
scw/0724/072400420010.001/swg.fits[1]
scw/0724/072400450010.001/swg.fits[1]
scw/0724/072400460010.001/swg.fits[1]
scw/0724/072400470010.001/swg.fits[1]
scw/0724/072400480010.001/swg.fits[1]
scw/0724/072400500010.001/swg.fits[1]
scw/0724/072400510010.001/swg.fits[1]
scw/0724/072400520010.001/swg.fits[1]
scw/0724/072400530010.001/swg.fits[1]
scw/0724/072400540010.001/swg.fits[1]
scw/0724/072400550010.001/swg.fits[1]
scw/0724/072400570010.001/swg.fits[1]
scw/0724/072400580010.001/swg.fits[1]
scw/0772/077200300010.001/swg.fits[1]
scw/0772/077200330010.001/swg.fits[1]
scw/0772/077200340010.001/swg.fits[1]
scw/0772/077200350010.001/swg.fits[1]
scw/0772/077200360010.001/swg.fits[1]
scw/0772/077200370010.001/swg.fits[1]
scw/0772/077200380010.001/swg.fits[1]
scw/0772/077200390010.001/swg.fits[1]
scw/0772/077200400010.001/swg.fits[1]
scw/0772/077200430010.001/swg.fits[1]
scw/0772/077200440010.001/swg.fits[1]
scw/0772/077200450010.001/swg.fits[1]
scw/0772/077200460010.001/swg.fits[1]
scw/0772/077200470010.001/swg.fits[1]
scw/0772/077200480010.001/swg.fits[1]
scw/0772/077200490010.001/swg.fits[1]
scw/0772/077200500010.001/swg.fits[1]
scw/0772/077200530010.001/swg.fits[1]
scw/0772/077200540010.001/swg.fits[1]
scw/0772/077200550010.001/swg.fits[1]
scw/0772/077200560010.001/swg.fits[1]
scw/0772/077200570010.001/swg.fits[1]
scw/0772/077200580010.001/swg.fits[1]
scw/0772/077200590010.001/swg.fits[1]
scw/0772/077200600010.001/swg.fits[1]
scw/0773/077300030010.001/swg.fits[1]
scw/0773/077300040010.001/swg.fits[1]
scw/0773/077300050010.001/swg.fits[1]
scw/0773/077300060010.001/swg.fits[1]
scw/0773/077300070010.001/swg.fits[1]
scw/0773/077300080010.001/swg.fits[1]
scw/0773/077300090010.001/swg.fits[1]
scw/0773/077300100010.001/swg.fits[1]
scw/0773/077300110010.001/swg.fits[1]
scw/0773/077300120010.001/swg.fits[1]
scw/0773/077300130010.001/swg.fits[1]
scw/0773/077300140010.001/swg.fits[1]
scw/0773/077300150010.001/swg.fits[1]
scw/0773/077300160010.001/swg.fits[1]
scw/0773/077300170010.001/swg.fits[1]
scw/0773/077300180010.001/swg.fits[1]
scw/0773/077300190010.001/swg.fits[1]
scw/0773/077300200010.001/swg.fits[1]
scw/0773/077300230010.001/swg.fits[1]
scw/0773/077300240010.001/swg.fits[1]
scw/0773/077300250010.001/swg.fits[1]
scw/0773/077300260010.001/swg.fits[1]
scw/0773/077300270010.001/swg.fits[1]
scw/0773/077300280010.001/swg.fits[1]
scw/0773/077300290010.001/swg.fits[1]
scw/0773/077300300010.001/swg.fits[1]
scw/0773/077300330010.001/swg.fits[1]
scw/0773/077300340010.001/swg.fits[1]
scw/0773/077300350010.001/swg.fits[1]
scw/0773/077300360010.001/swg.fits[1]
scw/0773/077300370010.001/swg.fits[1]
scw/0773/077300380010.001/swg.fits[1]
scw/0773/077300390010.001/swg.fits[1]
scw/0773/077300400010.001/swg.fits[1]
scw/0773/077300430010.001/swg.fits[1]
scw/0773/077300440010.001/swg.fits[1]
scw/0773/077300450010.001/swg.fits[1]
scw/0773/077300460010.001/swg.fits[1]
scw/0773/077300470010.001/swg.fits[1]
scw/0773/077300480010.001/swg.fits[1]
scw/0773/077300490010.001/swg.fits[1]
scw/0773/077300500010.001/swg.fits[1]
scw/0773/077300530010.001/swg.fits[1]
scw/0773/077300540010.001/swg.fits[1]
scw/0773/077300550010.001/swg.fits[1]
scw/0773/077300560010.001/swg.fits[1]
scw/0773/077300570010.001/swg.fits[1]
scw/0773/077300580010.001/swg.fits[1]
scw/0773/077300590010.001/swg.fits[1]
scw/0773/077300600010.001/swg.fits[1]
scw/0775/077500030010.001/swg.fits[1]
scw/0775/077500040010.001/swg.fits[1]
scw/0775/077500050010.001/swg.fits[1]
scw/0775/077500060010.001/swg.fits[1]
scw/0775/077500070010.001/swg.fits[1]
scw/0775/077500080010.001/swg.fits[1]
scw/0775/077500090010.001/swg.fits[1]
scw/0775/077500100010.001/swg.fits[1]
scw/0775/077500130010.001/swg.fits[1]
scw/0775/077500140010.001/swg.fits[1]
scw/0775/077500150010.001/swg.fits[1]
scw/0775/077500160010.001/swg.fits[1]
scw/0775/077500170010.001/swg.fits[1]
scw/0775/077500180010.001/swg.fits[1]
scw/0775/077500220010.001/swg.fits[1]
scw/0775/077500230010.001/swg.fits[1]
scw/0775/077500240010.001/swg.fits[1]
scw/0775/077500250010.001/swg.fits[1]
scw/0775/077500260010.001/swg.fits[1]
scw/0775/077500270010.001/swg.fits[1]
scw/0775/077500280010.001/swg.fits[1]
scw/0775/077500290010.001/swg.fits[1]
scw/0775/077500300010.001/swg.fits[1]
scw/0775/077500310010.001/swg.fits[1]
scw/0775/077500330010.001/swg.fits[1]
scw/0775/077500340010.001/swg.fits[1]
scw/0775/077500350010.001/swg.fits[1]
scw/0775/077500360010.001/swg.fits[1]
scw/0775/077500370010.001/swg.fits[1]
scw/0775/077500380010.001/swg.fits[1]
scw/0775/077500390010.001/swg.fits[1]
scw/0775/077500400010.001/swg.fits[1]
scw/0775/077500430010.001/swg.fits[1]
scw/0775/077500440010.001/swg.fits[1]
scw/0775/077500450010.001/swg.fits[1]
scw/0775/077500460010.001/swg.fits[1]
scw/0775/077500470010.001/swg.fits[1]
scw/0775/077500480010.001/swg.fits[1]
scw/0775/077500490010.001/swg.fits[1]
scw/0775/077500500010.001/swg.fits[1]
scw/0775/077500530010.001/swg.fits[1]
scw/0775/077500540010.001/swg.fits[1]
scw/0775/077500550010.001/swg.fits[1]
scw/0775/077500560010.001/swg.fits[1]
scw/0775/077500570010.001/swg.fits[1]
scw/0775/077500580010.001/swg.fits[1]
scw/0775/077500590010.001/swg.fits[1]
scw/0775/077500600010.001/swg.fits[1]
scw/0784/078400340010.001/swg.fits[1]
scw/0784/078400350010.001/swg.fits[1]
scw/0784/078400360010.001/swg.fits[1]
scw/0784/078400410010.001/swg.fits[1]
scw/0784/078400420010.001/swg.fits[1]
scw/0784/078400430010.001/swg.fits[1]
scw/0784/078400840010.001/swg.fits[1]
scw/0784/078400850010.001/swg.fits[1]
scw/0784/078400860010.001/swg.fits[1]
scw/0784/078400920010.001/swg.fits[1]
scw/0784/078400930010.001/swg.fits[1]
scw/0787/078700430010.001/swg.fits[1]
scw/0787/078700440010.001/swg.fits[1]
scw/0787/078700500010.001/swg.fits[1]
scw/0787/078700510010.001/swg.fits[1]
scw/0787/078700520010.001/swg.fits[1]
scw/0787/078700530010.001/swg.fits[1]
scw/0787/078700930010.001/swg.fits[1]
scw/0831/083100230010.001/swg.fits[1]
scw/0831/083100240010.001/swg.fits[1]
scw/0831/083100250010.001/swg.fits[1]
scw/0831/083100260010.001/swg.fits[1]
scw/0831/083100690010.001/swg.fits[1]
scw/0831/083100700010.001/swg.fits[1]
scw/0831/083100710010.001/swg.fits[1]
scw/0831/083100720010.001/swg.fits[1]
scw/0831/083100730010.001/swg.fits[1]
scw/0831/083100740010.001/swg.fits[1]
scw/0831/083100750010.001/swg.fits[1]
scw/0831/083100760010.001/swg.fits[1]
scw/0831/083100770010.001/swg.fits[1]
scw/0832/083200260010.001/swg.fits[1]
scw/0832/083200290010.001/swg.fits[1]
scw/0832/083200300010.001/swg.fits[1]
scw/0832/083200310010.001/swg.fits[1]
scw/0832/083200730010.001/swg.fits[1]
scw/0832/083200740010.001/swg.fits[1]
scw/0832/083200750010.001/swg.fits[1]
scw/0832/083200760010.001/swg.fits[1]
scw/0832/083200770010.001/swg.fits[1]
scw/0833/083300280010.001/swg.fits[1]
scw/0833/083300290010.001/swg.fits[1]
scw/0833/083300300010.001/swg.fits[1]
scw/0833/083300310010.001/swg.fits[1]
scw/0833/083300320010.001/swg.fits[1]
scw/0833/083300330010.001/swg.fits[1]
scw/0833/083300340010.001/swg.fits[1]
scw/0833/083300350010.001/swg.fits[1]
scw/0833/083300360010.001/swg.fits[1]
scw/0833/083300370010.001/swg.fits[1]
scw/0833/083300790010.001/swg.fits[1]
scw/0833/083300800010.001/swg.fits[1]
scw/0833/083300810010.001/swg.fits[1]
scw/0833/083300830010.001/swg.fits[1]
scw/0833/083300840010.001/swg.fits[1]
scw/0833/083300850010.001/swg.fits[1]
scw/0833/083300860010.001/swg.fits[1]
scw/0833/083300870010.001/swg.fits[1]
scw/0834/083400670010.001/swg.fits[1]
scw/0834/083400680010.001/swg.fits[1]
scw/0834/083400690010.001/swg.fits[1]
scw/0834/083400700010.001/swg.fits[1]
scw/0834/083400710010.001/swg.fits[1]
scw/0834/083400740010.001/swg.fits[1]
scw/0834/083400750010.001/swg.fits[1]
scw/0835/083500580010.001/swg.fits[1]
scw/0835/083500590010.001/swg.fits[1]
scw/0835/083500600010.001/swg.fits[1]
scw/0835/083500610010.001/swg.fits[1]
scw/0835/083500620010.001/swg.fits[1]
scw/0835/083500640010.001/swg.fits[1]
scw/0835/083500650010.001/swg.fits[1]
scw/0835/083500660010.001/swg.fits[1]
scw/0835/083500670010.001/swg.fits[1]
scw/0836/083600380010.001/swg.fits[1]
scw/0836/083600390010.001/swg.fits[1]
scw/0836/083600400010.001/swg.fits[1]
scw/0836/083600410010.001/swg.fits[1]
scw/0836/083600420010.001/swg.fits[1]
scw/0836/083600450010.001/swg.fits[1]
scw/0836/083600460010.001/swg.fits[1]
