scw/0401/040100090010.001/swg.fits[1]
scw/0401/040100100010.001/swg.fits[1]
scw/0401/040100190010.001/swg.fits[1]
scw/0401/040100200010.001/swg.fits[1]
scw/0401/040100210010.001/swg.fits[1]
scw/0401/040100280010.001/swg.fits[1]
scw/0401/040100290010.001/swg.fits[1]
scw/0401/040100300010.001/swg.fits[1]
scw/0401/040100310010.001/swg.fits[1]
scw/0401/040100390010.001/swg.fits[1]
scw/0401/040100400010.001/swg.fits[1]
scw/0401/040100630010.001/swg.fits[1]
scw/0410/041000390010.001/swg.fits[1]
scw/0417/041700860010.001/swg.fits[1]
scw/0418/041800130010.001/swg.fits[1]
scw/0419/041900110010.001/swg.fits[1]
scw/0420/042000410010.001/swg.fits[1]
scw/0463/046300390010.001/swg.fits[1]
scw/0464/046400640010.001/swg.fits[1]
scw/0465/046500030010.001/swg.fits[1]
scw/0465/046500530010.001/swg.fits[1]
scw/0467/046700430010.001/swg.fits[1]
scw/0469/046900360010.001/swg.fits[1]
scw/0469/046900370010.001/swg.fits[1]
scw/0469/046900450010.001/swg.fits[1]
scw/0471/047100290010.001/swg.fits[1]
scw/0471/047100380010.001/swg.fits[1]
scw/0472/047200160010.001/swg.fits[1]
scw/0643/064300030010.001/swg.fits[1]
scw/0643/064300040010.001/swg.fits[1]
scw/0643/064300050010.001/swg.fits[1]
scw/0643/064300060010.001/swg.fits[1]
scw/0643/064300070010.001/swg.fits[1]
scw/0643/064300080010.001/swg.fits[1]
scw/0643/064300090010.001/swg.fits[1]
scw/0643/064300100010.001/swg.fits[1]
scw/0643/064300110010.001/swg.fits[1]
scw/0643/064300120010.001/swg.fits[1]
scw/0643/064300130010.001/swg.fits[1]
scw/0643/064300140010.001/swg.fits[1]
scw/0643/064300150010.001/swg.fits[1]
scw/0643/064300160010.001/swg.fits[1]
scw/0643/064300170010.001/swg.fits[1]
scw/0643/064300180010.001/swg.fits[1]
scw/0643/064300190010.001/swg.fits[1]
scw/0643/064300200010.001/swg.fits[1]
scw/0643/064300210010.001/swg.fits[1]
scw/0643/064300220010.001/swg.fits[1]
scw/0643/064300230010.001/swg.fits[1]
scw/0643/064300240010.001/swg.fits[1]
scw/0643/064300250010.001/swg.fits[1]
scw/0643/064300280010.001/swg.fits[1]
scw/0643/064300290010.001/swg.fits[1]
scw/0643/064300300010.001/swg.fits[1]
scw/0643/064300310010.001/swg.fits[1]
scw/0643/064300320010.001/swg.fits[1]
scw/0643/064300330010.001/swg.fits[1]
scw/0643/064300340010.001/swg.fits[1]
scw/0643/064300350010.001/swg.fits[1]
scw/0643/064300360010.001/swg.fits[1]
scw/0643/064300370010.001/swg.fits[1]
scw/0643/064300380010.001/swg.fits[1]
scw/0643/064300390010.001/swg.fits[1]
scw/0643/064300400010.001/swg.fits[1]
scw/0643/064300410010.001/swg.fits[1]
scw/0643/064300420010.001/swg.fits[1]
scw/0643/064300430010.001/swg.fits[1]
scw/0643/064300440010.001/swg.fits[1]
scw/0643/064300450010.001/swg.fits[1]
scw/0643/064300460010.001/swg.fits[1]
scw/0643/064300470010.001/swg.fits[1]
scw/0643/064300480010.001/swg.fits[1]
scw/0643/064300490010.001/swg.fits[1]
scw/0643/064300500010.001/swg.fits[1]
scw/0643/064300510010.001/swg.fits[1]
scw/0643/064300520010.001/swg.fits[1]
scw/0643/064300530010.001/swg.fits[1]
scw/0643/064300540010.001/swg.fits[1]
scw/0643/064300550010.001/swg.fits[1]
scw/0643/064300560010.001/swg.fits[1]
scw/0643/064300570010.001/swg.fits[1]
scw/0643/064300580010.001/swg.fits[1]
scw/0643/064300590010.001/swg.fits[1]
scw/0643/064300600010.001/swg.fits[1]
scw/0644/064400020010.001/swg.fits[1]
scw/0644/064400030010.001/swg.fits[1]
scw/0644/064400040010.001/swg.fits[1]
scw/0644/064400050010.001/swg.fits[1]
scw/0644/064400060010.001/swg.fits[1]
scw/0644/064400070010.001/swg.fits[1]
scw/0644/064400090010.001/swg.fits[1]
scw/0644/064400100010.001/swg.fits[1]
scw/0644/064400110010.001/swg.fits[1]
scw/0644/064400120010.001/swg.fits[1]
scw/0644/064400130010.001/swg.fits[1]
scw/0644/064400140010.001/swg.fits[1]
scw/0644/064400150010.001/swg.fits[1]
scw/0644/064400190010.001/swg.fits[1]
scw/0644/064400200010.001/swg.fits[1]
scw/0644/064400290010.001/swg.fits[1]
scw/0644/064400300010.001/swg.fits[1]
scw/0644/064400310010.001/swg.fits[1]
scw/0644/064400320010.001/swg.fits[1]
scw/0644/064400330010.001/swg.fits[1]
scw/0644/064400340010.001/swg.fits[1]
scw/0644/064400350010.001/swg.fits[1]
scw/0644/064400360010.001/swg.fits[1]
scw/0644/064400370010.001/swg.fits[1]
scw/0644/064400380010.001/swg.fits[1]
scw/0644/064400390010.001/swg.fits[1]
scw/0644/064400400010.001/swg.fits[1]
scw/0644/064400410010.001/swg.fits[1]
scw/0644/064400420010.001/swg.fits[1]
scw/0644/064400430010.001/swg.fits[1]
scw/0644/064400440010.001/swg.fits[1]
scw/0644/064400450010.001/swg.fits[1]
scw/0644/064400460010.001/swg.fits[1]
scw/0644/064400470010.001/swg.fits[1]
scw/0644/064400480010.001/swg.fits[1]
scw/0644/064400490010.001/swg.fits[1]
scw/0644/064400500010.001/swg.fits[1]
scw/0644/064400510010.001/swg.fits[1]
scw/0644/064400520010.001/swg.fits[1]
scw/0644/064400530010.001/swg.fits[1]
scw/0644/064400540010.001/swg.fits[1]
scw/0644/064400550010.001/swg.fits[1]
scw/0644/064400560010.001/swg.fits[1]
scw/0644/064400570010.001/swg.fits[1]
scw/0644/064400580010.001/swg.fits[1]
scw/0644/064400590010.001/swg.fits[1]
scw/0644/064400600010.001/swg.fits[1]
scw/0644/064400610010.001/swg.fits[1]
scw/0644/064400620010.001/swg.fits[1]
scw/0644/064400630010.001/swg.fits[1]
scw/0644/064400640010.001/swg.fits[1]
scw/0644/064400650010.001/swg.fits[1]
scw/0644/064400660010.001/swg.fits[1]
scw/0645/064500020010.001/swg.fits[1]
scw/0645/064500030010.001/swg.fits[1]
scw/0645/064500040010.001/swg.fits[1]
scw/0645/064500050010.001/swg.fits[1]
scw/0645/064500060010.001/swg.fits[1]
scw/0645/064500070010.001/swg.fits[1]
scw/0645/064500080010.001/swg.fits[1]
scw/0645/064500090010.001/swg.fits[1]
scw/0645/064500100010.001/swg.fits[1]
scw/0645/064500130010.001/swg.fits[1]
scw/0645/064500140010.001/swg.fits[1]
scw/0645/064500150010.001/swg.fits[1]
scw/0645/064500160010.001/swg.fits[1]
scw/0645/064500170010.001/swg.fits[1]
scw/0645/064500180010.001/swg.fits[1]
scw/0645/064500190010.001/swg.fits[1]
scw/0645/064500200010.001/swg.fits[1]
scw/0645/064500210010.001/swg.fits[1]
scw/0645/064500220010.001/swg.fits[1]
scw/0645/064500230010.001/swg.fits[1]
scw/0645/064500240010.001/swg.fits[1]
scw/0645/064500250010.001/swg.fits[1]
scw/0645/064500260010.001/swg.fits[1]
scw/0645/064500270010.001/swg.fits[1]
scw/0645/064500280010.001/swg.fits[1]
scw/0645/064500290010.001/swg.fits[1]
scw/0645/064500300010.001/swg.fits[1]
scw/0645/064500310010.001/swg.fits[1]
scw/0645/064500320010.001/swg.fits[1]
scw/0645/064500330010.001/swg.fits[1]
scw/0645/064500340010.001/swg.fits[1]
scw/0645/064500350010.001/swg.fits[1]
scw/0645/064500360010.001/swg.fits[1]
scw/0645/064500370010.001/swg.fits[1]
scw/0645/064500380010.001/swg.fits[1]
scw/0645/064500390010.001/swg.fits[1]
scw/0645/064500400010.001/swg.fits[1]
scw/0645/064500410010.001/swg.fits[1]
scw/0645/064500420010.001/swg.fits[1]
scw/0645/064500430010.001/swg.fits[1]
