scw/1471/147100710010.001/swg.fits[1]
scw/1471/147100720010.001/swg.fits[1]
scw/1471/147100730010.001/swg.fits[1]
scw/1471/147100740010.001/swg.fits[1]
scw/1471/147100750010.001/swg.fits[1]
scw/1471/147100760010.001/swg.fits[1]
scw/1471/147100770010.001/swg.fits[1]
scw/1477/147700710010.001/swg.fits[1]
scw/1477/147700780010.001/swg.fits[1]
scw/1477/147700790010.001/swg.fits[1]
scw/1477/147700800010.001/swg.fits[1]
scw/1477/147700810010.001/swg.fits[1]
scw/1477/147700820010.001/swg.fits[1]
scw/1477/147700830010.001/swg.fits[1]
scw/1477/147700840010.001/swg.fits[1]
scw/1477/147700880010.001/swg.fits[1]
scw/1479/147900470010.001/swg.fits[1]
scw/1479/147900490010.001/swg.fits[1]
scw/1479/147900500010.001/swg.fits[1]
scw/1479/147900510010.001/swg.fits[1]
scw/1479/147900520010.001/swg.fits[1]
scw/1479/147900600010.001/swg.fits[1]
scw/1479/147900810010.001/swg.fits[1]
scw/1479/147900830010.001/swg.fits[1]
scw/1480/148000960010.001/swg.fits[1]
scw/1480/148000970010.001/swg.fits[1]
scw/1480/148000980010.001/swg.fits[1]
scw/1481/148100200010.001/swg.fits[1]
scw/1481/148100210010.001/swg.fits[1]
scw/1481/148100230010.001/swg.fits[1]
scw/1481/148100290010.001/swg.fits[1]
scw/1481/148100300010.001/swg.fits[1]
scw/1481/148100310010.001/swg.fits[1]
scw/1481/148100320010.001/swg.fits[1]
scw/1481/148100330010.001/swg.fits[1]
scw/1481/148100340010.001/swg.fits[1]
scw/1481/148100350010.001/swg.fits[1]
scw/1481/148100380010.001/swg.fits[1]
scw/1481/148100390010.001/swg.fits[1]
scw/1481/148100400010.001/swg.fits[1]
scw/1481/148100410010.001/swg.fits[1]
scw/1481/148100420010.001/swg.fits[1]
scw/1481/148100430010.001/swg.fits[1]
scw/1481/148100440010.001/swg.fits[1]
scw/1481/148100500010.001/swg.fits[1]
scw/1481/148100510010.001/swg.fits[1]
scw/1481/148100720010.001/swg.fits[1]
scw/1481/148100800010.001/swg.fits[1]
scw/1481/148100810010.001/swg.fits[1]
scw/1481/148100820010.001/swg.fits[1]
scw/1481/148100830010.001/swg.fits[1]
scw/1481/148100840010.001/swg.fits[1]
scw/1482/148200210010.001/swg.fits[1]
scw/1482/148200220010.001/swg.fits[1]
scw/1482/148200260010.001/swg.fits[1]
scw/1482/148200270010.001/swg.fits[1]
scw/1482/148200280010.001/swg.fits[1]
scw/1482/148200290010.001/swg.fits[1]
scw/1482/148200300010.001/swg.fits[1]
scw/1482/148200310010.001/swg.fits[1]
scw/1482/148200380010.001/swg.fits[1]
scw/1482/148200590010.001/swg.fits[1]
scw/1482/148200670010.001/swg.fits[1]
scw/1482/148200680010.001/swg.fits[1]
scw/1482/148200690010.001/swg.fits[1]
scw/1482/148200700010.001/swg.fits[1]
scw/1482/148200710010.001/swg.fits[1]
scw/1482/148200750010.001/swg.fits[1]
scw/1482/148200760010.001/swg.fits[1]
scw/1482/148200770010.001/swg.fits[1]
scw/1482/148200780010.001/swg.fits[1]
scw/1482/148200790010.001/swg.fits[1]
scw/1482/148200800010.001/swg.fits[1]
scw/1482/148200810010.001/swg.fits[1]
scw/1482/148200870010.001/swg.fits[1]
scw/1482/148200880010.001/swg.fits[1]
scw/1484/148400240010.001/swg.fits[1]
scw/1484/148400440010.001/swg.fits[1]
scw/1484/148400520010.001/swg.fits[1]
scw/1484/148400530010.001/swg.fits[1]
scw/1484/148400540010.001/swg.fits[1]
scw/1484/148400550010.001/swg.fits[1]
scw/1484/148400560010.001/swg.fits[1]
scw/1484/148400610010.001/swg.fits[1]
scw/1484/148400620010.001/swg.fits[1]
scw/1484/148400630010.001/swg.fits[1]
scw/1484/148400640010.001/swg.fits[1]
scw/1484/148400650010.001/swg.fits[1]
scw/1484/148400730010.001/swg.fits[1]
scw/1486/148600290010.001/swg.fits[1]
scw/1486/148600370010.001/swg.fits[1]
scw/1486/148600380010.001/swg.fits[1]
scw/1486/148600390010.001/swg.fits[1]
scw/1486/148600400010.001/swg.fits[1]
scw/1486/148600470010.001/swg.fits[1]
scw/1486/148600480010.001/swg.fits[1]
scw/1486/148600490010.001/swg.fits[1]
scw/1486/148600500010.001/swg.fits[1]
scw/1486/148600580010.001/swg.fits[1]
scw/1486/148600780010.001/swg.fits[1]
scw/1486/148600790010.001/swg.fits[1]
scw/1486/148600800010.001/swg.fits[1]
scw/1486/148600860010.001/swg.fits[1]
scw/1486/148600870010.001/swg.fits[1]
scw/1487/148700020010.001/swg.fits[1]
scw/1487/148700190010.001/swg.fits[1]
scw/1487/148700210010.001/swg.fits[1]
scw/1487/148700220010.001/swg.fits[1]
scw/1487/148700230010.001/swg.fits[1]
scw/1487/148700240010.001/swg.fits[1]
scw/1487/148700300010.001/swg.fits[1]
scw/1487/148700310010.001/swg.fits[1]
scw/1487/148700320010.001/swg.fits[1]
scw/1487/148700330010.001/swg.fits[1]
scw/1487/148700410010.001/swg.fits[1]
scw/1487/148700620010.001/swg.fits[1]
scw/1487/148700700010.001/swg.fits[1]
scw/1487/148700710010.001/swg.fits[1]
scw/1487/148700720010.001/swg.fits[1]
scw/1487/148700730010.001/swg.fits[1]
scw/1487/148700800010.001/swg.fits[1]
scw/1487/148700810010.001/swg.fits[1]
scw/1487/148700820010.001/swg.fits[1]
scw/1487/148700830010.001/swg.fits[1]
scw/1489/148900020010.001/swg.fits[1]
scw/1489/148900030010.001/swg.fits[1]
scw/1489/148900180010.001/swg.fits[1]
scw/1489/148900190010.001/swg.fits[1]
scw/1489/148900240010.001/swg.fits[1]
scw/1489/148900250010.001/swg.fits[1]
scw/1489/148900440010.001/swg.fits[1]
scw/1489/148900450010.001/swg.fits[1]
scw/1489/148900460010.001/swg.fits[1]
scw/1489/148900530010.001/swg.fits[1]
scw/1489/148900540010.001/swg.fits[1]
scw/1489/148900550010.001/swg.fits[1]
scw/1489/148900560010.001/swg.fits[1]
scw/1489/148900570010.001/swg.fits[1]
scw/1489/148900630010.001/swg.fits[1]
scw/1489/148900640010.001/swg.fits[1]
scw/1489/148900650010.001/swg.fits[1]
scw/1489/148900660010.001/swg.fits[1]
scw/1489/148900730010.001/swg.fits[1]
scw/1489/148900740010.001/swg.fits[1]
scw/1489/148900750010.001/swg.fits[1]
scw/1489/148900880010.001/swg.fits[1]
scw/1490/149000190010.001/swg.fits[1]
scw/1531/153100040010.001/swg.fits[1]
scw/1531/153100120010.001/swg.fits[1]
scw/1531/153100130010.001/swg.fits[1]
scw/1531/153100140010.001/swg.fits[1]
scw/1531/153100150010.001/swg.fits[1]
scw/1531/153100210010.001/swg.fits[1]
scw/1531/153100220010.001/swg.fits[1]
scw/1531/153100240010.001/swg.fits[1]
scw/1531/153100250010.001/swg.fits[1]
scw/1531/153100260010.001/swg.fits[1]
scw/1531/153100300010.001/swg.fits[1]
scw/1531/153100310010.001/swg.fits[1]
scw/1531/153100320010.001/swg.fits[1]
scw/1531/153100330010.001/swg.fits[1]
scw/1531/153100340010.001/swg.fits[1]
scw/1531/153100350010.001/swg.fits[1]
scw/1531/153100360010.001/swg.fits[1]
scw/1531/153100410010.001/swg.fits[1]
scw/1531/153100420010.001/swg.fits[1]
scw/1531/153100430010.001/swg.fits[1]
scw/1531/153100440010.001/swg.fits[1]
scw/1531/153100450010.001/swg.fits[1]
scw/1534/153400310010.001/swg.fits[1]
scw/1534/153400320010.001/swg.fits[1]
scw/1534/153400330010.001/swg.fits[1]
scw/1534/153400340010.001/swg.fits[1]
scw/1534/153400350010.001/swg.fits[1]
scw/1534/153400360010.001/swg.fits[1]
scw/1534/153400380010.001/swg.fits[1]
scw/1534/153400390010.001/swg.fits[1]
scw/1534/153400400010.001/swg.fits[1]
scw/1534/153400410010.001/swg.fits[1]
scw/1534/153400420010.001/swg.fits[1]
scw/1534/153400430010.001/swg.fits[1]
scw/1534/153400440010.001/swg.fits[1]
scw/1534/153400450010.001/swg.fits[1]
scw/1535/153500100010.001/swg.fits[1]
scw/1535/153500110010.001/swg.fits[1]
scw/1535/153500150010.001/swg.fits[1]
scw/1536/153600260010.001/swg.fits[1]
scw/1536/153600270010.001/swg.fits[1]
scw/1536/153600280010.001/swg.fits[1]
scw/1536/153600290010.001/swg.fits[1]
scw/1536/153600300010.001/swg.fits[1]
scw/1536/153600310010.001/swg.fits[1]
scw/1536/153600320010.001/swg.fits[1]
scw/1536/153600330010.001/swg.fits[1]
scw/1536/153600340010.001/swg.fits[1]
scw/1536/153600350010.001/swg.fits[1]
scw/1536/153600360010.001/swg.fits[1]
scw/1536/153600370010.001/swg.fits[1]
scw/1536/153600380010.001/swg.fits[1]
scw/1536/153600390010.001/swg.fits[1]
scw/1536/153600740010.001/swg.fits[1]
scw/1536/153600750010.001/swg.fits[1]
scw/1536/153600770010.001/swg.fits[1]
scw/1536/153600780010.001/swg.fits[1]
scw/1536/153600790010.001/swg.fits[1]
scw/1536/153600800010.001/swg.fits[1]
scw/1536/153600810010.001/swg.fits[1]
scw/1536/153600820010.001/swg.fits[1]
scw/1536/153600830010.001/swg.fits[1]
scw/1536/153600840010.001/swg.fits[1]
scw/1536/153600850010.001/swg.fits[1]
scw/1536/153600860010.001/swg.fits[1]
scw/1536/153600870010.001/swg.fits[1]
scw/1536/153600880010.001/swg.fits[1]
scw/1536/153600890010.001/swg.fits[1]
scw/1536/153600900010.001/swg.fits[1]
scw/1536/153600910010.001/swg.fits[1]
scw/1539/153900660010.001/swg.fits[1]
scw/1539/153900670010.001/swg.fits[1]
scw/1539/153900680010.001/swg.fits[1]
scw/1539/153900690010.001/swg.fits[1]
scw/1539/153900700010.001/swg.fits[1]
scw/1539/153900710010.001/swg.fits[1]
scw/1539/153900740010.001/swg.fits[1]
scw/1539/153900750010.001/swg.fits[1]
scw/1541/154100120010.001/swg.fits[1]
