scw/2090/209000570010.001/swg.fits[1]
scw/2090/209000580010.001/swg.fits[1]
scw/2090/209000590010.001/swg.fits[1]
scw/2090/209000600010.001/swg.fits[1]
scw/2090/209000610010.001/swg.fits[1]
scw/2090/209000620010.001/swg.fits[1]
scw/2090/209000720010.001/swg.fits[1]
scw/2090/209000730010.001/swg.fits[1]
scw/2090/209000740010.001/swg.fits[1]
scw/2090/209000750010.001/swg.fits[1]
scw/2090/209000760010.001/swg.fits[1]
scw/2090/209000770010.001/swg.fits[1]
scw/2090/209000780010.001/swg.fits[1]
scw/2090/209000880010.001/swg.fits[1]
scw/2090/209000890010.001/swg.fits[1]
scw/2090/209000900010.001/swg.fits[1]
scw/2090/209000910010.001/swg.fits[1]
scw/2090/209000920010.001/swg.fits[1]
scw/2090/209000930010.001/swg.fits[1]
scw/2090/209000940010.001/swg.fits[1]
scw/2125/212500130010.001/swg.fits[1]
scw/2125/212500140010.001/swg.fits[1]
scw/2125/212500220010.001/swg.fits[1]
scw/2125/212500230010.001/swg.fits[1]
scw/2125/212500240010.001/swg.fits[1]
scw/2125/212500250010.001/swg.fits[1]
scw/2125/212500390010.001/swg.fits[1]
scw/2125/212500400010.001/swg.fits[1]
scw/2125/212500480010.001/swg.fits[1]
scw/2125/212500490010.001/swg.fits[1]
scw/2154/215400160010.001/swg.fits[1]
scw/2154/215400240010.001/swg.fits[1]
scw/2154/215400320010.001/swg.fits[1]
scw/2154/215400400010.001/swg.fits[1]
scw/2154/215400410010.001/swg.fits[1]
scw/2155/215500380010.001/swg.fits[1]
scw/2155/215500390010.001/swg.fits[1]
scw/2155/215500400010.001/swg.fits[1]
scw/2155/215500470010.001/swg.fits[1]
scw/2155/215500480010.001/swg.fits[1]
scw/2156/215600280010.001/swg.fits[1]
scw/2156/215600290010.001/swg.fits[1]
scw/2156/215600300010.001/swg.fits[1]
scw/2156/215600340010.001/swg.fits[1]
scw/2156/215600350010.001/swg.fits[1]
scw/2156/215600360010.001/swg.fits[1]
scw/2156/215600420010.001/swg.fits[1]
scw/2156/215600430010.001/swg.fits[1]
scw/2156/215600610010.001/swg.fits[1]
scw/2156/215600620010.001/swg.fits[1]
scw/2156/215600630010.001/swg.fits[1]
scw/2156/215600640010.001/swg.fits[1]
scw/2156/215600650010.001/swg.fits[1]
scw/2156/215600660010.001/swg.fits[1]
scw/2156/215600670010.001/swg.fits[1]
scw/2156/215600770010.001/swg.fits[1]
scw/2156/215600780010.001/swg.fits[1]
scw/2156/215600790010.001/swg.fits[1]
scw/2156/215600800010.001/swg.fits[1]
scw/2156/215600810010.001/swg.fits[1]
scw/2156/215600820010.001/swg.fits[1]
scw/2156/215600830010.001/swg.fits[1]
scw/2157/215700430010.001/swg.fits[1]
scw/2157/215700440010.001/swg.fits[1]
scw/2157/215700450010.001/swg.fits[1]
scw/2157/215700510010.001/swg.fits[1]
scw/2157/215700520010.001/swg.fits[1]
scw/2157/215700530010.001/swg.fits[1]
scw/2158/215800060010.001/swg.fits[1]
scw/2158/215800070010.001/swg.fits[1]
scw/2158/215800100010.001/swg.fits[1]
scw/2158/215800110010.001/swg.fits[1]
scw/2158/215800170010.001/swg.fits[1]
scw/2158/215800180010.001/swg.fits[1]
scw/2158/215800190010.001/swg.fits[1]
scw/2159/215900370010.001/swg.fits[1]
scw/2159/215900380010.001/swg.fits[1]
scw/2159/215900440010.001/swg.fits[1]
scw/2159/215900450010.001/swg.fits[1]
scw/2159/215900460010.001/swg.fits[1]
scw/2160/216000510010.001/swg.fits[1]
scw/2160/216000520010.001/swg.fits[1]
scw/2160/216000530010.001/swg.fits[1]
scw/2206/220600780010.001/swg.fits[1]
scw/2206/220600790010.001/swg.fits[1]
scw/2206/220600800010.001/swg.fits[1]
scw/2218/221800340010.001/swg.fits[1]
scw/2221/222100320010.001/swg.fits[1]
scw/2221/222100390010.001/swg.fits[1]
scw/2221/222100400010.001/swg.fits[1]
scw/2222/222200660010.001/swg.fits[1]
scw/2222/222200730010.001/swg.fits[1]
scw/2222/222200740010.001/swg.fits[1]
scw/2223/222300580010.001/swg.fits[1]
scw/2223/222300590010.001/swg.fits[1]
scw/2224/222400020010.001/swg.fits[1]
scw/2224/222400760010.001/swg.fits[1]
scw/2224/222400830010.001/swg.fits[1]
scw/2224/222400840010.001/swg.fits[1]
scw/2224/222400900010.001/swg.fits[1]
scw/2224/222400910010.001/swg.fits[1]
scw/2252/225200370010.001/swg.fits[1]
scw/2253/225300290010.001/swg.fits[1]
scw/2253/225300300010.001/swg.fits[1]
scw/2264/226400410010.001/swg.fits[1]
scw/2264/226400420010.001/swg.fits[1]
scw/2264/226400500010.001/swg.fits[1]
scw/2264/226400510010.001/swg.fits[1]
scw/2264/226400520010.001/swg.fits[1]
scw/2264/226400530010.001/swg.fits[1]
scw/2264/226400610010.001/swg.fits[1]
scw/2264/226400620010.001/swg.fits[1]
scw/2264/226400710010.001/swg.fits[1]
scw/2268/226800240010.001/swg.fits[1]
scw/2268/226800250010.001/swg.fits[1]
scw/2268/226800260010.001/swg.fits[1]
scw/2268/226800270010.001/swg.fits[1]
scw/2268/226800280010.001/swg.fits[1]
scw/2268/226800320010.001/swg.fits[1]
scw/2268/226800330010.001/swg.fits[1]
scw/2269/226900050010.001/swg.fits[1]
scw/2269/226900060010.001/swg.fits[1]
scw/2269/226900070010.001/swg.fits[1]
scw/2269/226900080010.001/swg.fits[1]
scw/2269/226900160010.001/swg.fits[1]
scw/2269/226900380010.001/swg.fits[1]
scw/2269/226900440010.001/swg.fits[1]
scw/2269/226900450010.001/swg.fits[1]
scw/2269/226900470010.001/swg.fits[1]
scw/2269/226900480010.001/swg.fits[1]
scw/2271/227100890010.001/swg.fits[1]
scw/2289/228900620010.001/swg.fits[1]
scw/2298/229800080010.001/swg.fits[1]
scw/2298/229800090010.001/swg.fits[1]
scw/2298/229800100010.001/swg.fits[1]
scw/2298/229800110010.001/swg.fits[1]
scw/2298/229800120010.001/swg.fits[1]
scw/2298/229800230010.001/swg.fits[1]
scw/2298/229800240010.001/swg.fits[1]
scw/2298/229800250010.001/swg.fits[1]
scw/2298/229800260010.001/swg.fits[1]
scw/2328/232800040010.001/swg.fits[1]
scw/2328/232800130010.001/swg.fits[1]
scw/2329/232900400010.001/swg.fits[1]
scw/2329/232900410010.001/swg.fits[1]
scw/2329/232900420010.001/swg.fits[1]
scw/2329/232900430010.001/swg.fits[1]
scw/2329/232900460010.001/swg.fits[1]
scw/2329/232900470010.001/swg.fits[1]
scw/2329/232900480010.001/swg.fits[1]
scw/2329/232900490010.001/swg.fits[1]
scw/2329/232900500010.001/swg.fits[1]
scw/2329/232900510010.001/swg.fits[1]
scw/2329/232900520010.001/swg.fits[1]
scw/2329/232900530010.001/swg.fits[1]
scw/2329/232900560010.001/swg.fits[1]
scw/2329/232900570010.001/swg.fits[1]
scw/2329/232900580010.001/swg.fits[1]
scw/2329/232900590010.001/swg.fits[1]
scw/2329/232900600010.001/swg.fits[1]
scw/2329/232900610010.001/swg.fits[1]
scw/2329/232900620010.001/swg.fits[1]
scw/2329/232900630010.001/swg.fits[1]
scw/2330/233000430010.001/swg.fits[1]
scw/2330/233000440010.001/swg.fits[1]
scw/2330/233000450010.001/swg.fits[1]
scw/2330/233000500010.001/swg.fits[1]
scw/2330/233000510010.001/swg.fits[1]
scw/2330/233000520010.001/swg.fits[1]
scw/2330/233000530010.001/swg.fits[1]
scw/2330/233000540010.001/swg.fits[1]
scw/2330/233000550010.001/swg.fits[1]
scw/2330/233000600010.001/swg.fits[1]
scw/2330/233000610010.001/swg.fits[1]
scw/2330/233000620010.001/swg.fits[1]
scw/2330/233000630010.001/swg.fits[1]
scw/2330/233000640010.001/swg.fits[1]
scw/2348/234800580010.001/swg.fits[1]
scw/2349/234900360010.001/swg.fits[1]
scw/2349/234900370010.001/swg.fits[1]
scw/2349/234900380010.001/swg.fits[1]
scw/2349/234900390010.001/swg.fits[1]
scw/2349/234900420010.001/swg.fits[1]
scw/2349/234900430010.001/swg.fits[1]
scw/2349/234900440010.001/swg.fits[1]
scw/2349/234900450010.001/swg.fits[1]
scw/2349/234900460010.001/swg.fits[1]
scw/2349/234900470010.001/swg.fits[1]
scw/2349/234900480010.001/swg.fits[1]
scw/2349/234900490010.001/swg.fits[1]
scw/2349/234900530010.001/swg.fits[1]
scw/2349/234900540010.001/swg.fits[1]
scw/2349/234900550010.001/swg.fits[1]
scw/2349/234900560010.001/swg.fits[1]
scw/2349/234900570010.001/swg.fits[1]
scw/2349/234900580010.001/swg.fits[1]
scw/2357/235700260010.001/swg.fits[1]
scw/2396/239600530010.001/swg.fits[1]
scw/2398/239800380010.001/swg.fits[1]
scw/2398/239800400010.001/swg.fits[1]
scw/2398/239800410010.001/swg.fits[1]
scw/2398/239800480010.001/swg.fits[1]
scw/2398/239800490010.001/swg.fits[1]
scw/2398/239800500010.001/swg.fits[1]
scw/2398/239800510010.001/swg.fits[1]
scw/2398/239800590010.001/swg.fits[1]
scw/2398/239800600010.001/swg.fits[1]
scw/2399/239900560010.001/swg.fits[1]
scw/2399/239900570010.001/swg.fits[1]
scw/2399/239900660010.001/swg.fits[1]
scw/2400/240000500010.001/swg.fits[1]
scw/2400/240000510010.001/swg.fits[1]
scw/2400/240000520010.001/swg.fits[1]
scw/2400/240000530010.001/swg.fits[1]
scw/2400/240000600010.001/swg.fits[1]
scw/2400/240000610010.001/swg.fits[1]
scw/2400/240000620010.001/swg.fits[1]
scw/2400/240000630010.001/swg.fits[1]
scw/2400/240000700010.001/swg.fits[1]
scw/2402/240200050010.001/swg.fits[1]
scw/2402/240200060010.001/swg.fits[1]
scw/2402/240200070010.001/swg.fits[1]
scw/2402/240200080010.001/swg.fits[1]
scw/2402/240200150010.001/swg.fits[1]
scw/2402/240200160010.001/swg.fits[1]
scw/2402/240200170010.001/swg.fits[1]
scw/2402/240200180010.001/swg.fits[1]
scw/2402/240200250010.001/swg.fits[1]
scw/2402/240200260010.001/swg.fits[1]
