scw/0054/005400460010.001/swg.fits[1]
scw/0054/005400470010.001/swg.fits[1]
scw/0054/005400480010.001/swg.fits[1]
scw/0054/005400490010.001/swg.fits[1]
scw/0054/005400500010.001/swg.fits[1]
scw/0054/005400510010.001/swg.fits[1]
scw/0054/005400520010.001/swg.fits[1]
scw/0054/005400530010.001/swg.fits[1]
scw/0054/005400780010.001/swg.fits[1]
scw/0054/005400790010.001/swg.fits[1]
scw/0054/005400800010.001/swg.fits[1]
scw/0054/005400810010.001/swg.fits[1]
scw/0055/005500170010.001/swg.fits[1]
scw/0055/005500240010.001/swg.fits[1]
scw/0055/005500250010.001/swg.fits[1]
scw/0055/005500260010.001/swg.fits[1]
scw/0057/005700720010.001/swg.fits[1]
scw/0057/005700790010.001/swg.fits[1]
scw/0057/005700800010.001/swg.fits[1]
scw/0057/005700810010.001/swg.fits[1]
scw/0060/006000170010.001/swg.fits[1]
scw/0060/006000240010.001/swg.fits[1]
scw/0060/006000250010.001/swg.fits[1]
scw/0060/006000260010.001/swg.fits[1]
scw/0097/009700550010.001/swg.fits[1]
scw/0097/009700560010.001/swg.fits[1]
scw/0097/009700570010.001/swg.fits[1]
scw/0097/009700580010.001/swg.fits[1]
scw/0097/009700590010.001/swg.fits[1]
scw/0097/009700600010.001/swg.fits[1]
scw/0097/009700610010.001/swg.fits[1]
scw/0100/010000050010.001/swg.fits[1]
scw/0100/010000060010.001/swg.fits[1]
scw/0100/010000070010.001/swg.fits[1]
scw/0100/010000080010.001/swg.fits[1]
scw/0100/010000090010.001/swg.fits[1]
scw/0100/010000100010.001/swg.fits[1]
scw/0100/010000220010.001/swg.fits[1]
scw/0100/010000230010.001/swg.fits[1]
scw/0100/010000240010.001/swg.fits[1]
scw/0100/010000250010.001/swg.fits[1]
scw/0100/010000260010.001/swg.fits[1]
scw/0100/010000270010.001/swg.fits[1]
scw/0100/010000390010.001/swg.fits[1]
scw/0100/010000400010.001/swg.fits[1]
scw/0100/010000410010.001/swg.fits[1]
scw/0100/010000420010.001/swg.fits[1]
scw/0100/010000560010.001/swg.fits[1]
scw/0100/010000570010.001/swg.fits[1]
scw/0100/010000580010.001/swg.fits[1]
scw/0100/010000740010.001/swg.fits[1]
scw/0100/010000750010.001/swg.fits[1]
scw/0101/010100520010.001/swg.fits[1]
scw/0101/010100530010.001/swg.fits[1]
scw/0101/010100540010.001/swg.fits[1]
scw/0101/010100550010.001/swg.fits[1]
scw/0101/010100560010.001/swg.fits[1]
scw/0101/010100570010.001/swg.fits[1]
scw/0101/010100580010.001/swg.fits[1]
scw/0101/010100590010.001/swg.fits[1]
scw/0116/011600340010.001/swg.fits[1]
scw/0116/011600350010.001/swg.fits[1]
scw/0116/011600360010.001/swg.fits[1]
scw/0116/011600370010.001/swg.fits[1]
scw/0116/011600380010.001/swg.fits[1]
scw/0116/011600390010.001/swg.fits[1]
scw/0116/011600400010.001/swg.fits[1]
scw/0116/011600510010.001/swg.fits[1]
scw/0116/011600520010.001/swg.fits[1]
scw/0116/011600530010.001/swg.fits[1]
scw/0116/011600540010.001/swg.fits[1]
scw/0116/011600550010.001/swg.fits[1]
scw/0116/011600560010.001/swg.fits[1]
scw/0116/011600570010.001/swg.fits[1]
scw/0116/011600670010.001/swg.fits[1]
scw/0116/011600680010.001/swg.fits[1]
scw/0116/011600690010.001/swg.fits[1]
scw/0116/011600700010.001/swg.fits[1]
scw/0116/011600710010.001/swg.fits[1]
scw/0116/011600720010.001/swg.fits[1]
scw/0116/011600730010.001/swg.fits[1]
scw/0116/011600740010.001/swg.fits[1]
scw/0116/011600740020.001/swg.fits[1]
scw/0116/011600840010.001/swg.fits[1]
scw/0116/011600850010.001/swg.fits[1]
scw/0116/011600860010.001/swg.fits[1]
scw/0116/011600870010.001/swg.fits[1]
scw/0116/011600880010.001/swg.fits[1]
scw/0116/011600890010.001/swg.fits[1]
scw/0116/011600900010.001/swg.fits[1]
scw/0116/011600910010.001/swg.fits[1]
scw/0118/011800230010.001/swg.fits[1]
scw/0118/011800240010.001/swg.fits[1]
scw/0118/011800250010.001/swg.fits[1]
scw/0118/011800260010.001/swg.fits[1]
scw/0118/011800270010.001/swg.fits[1]
scw/0118/011800280010.001/swg.fits[1]
scw/0118/011800290010.001/swg.fits[1]
scw/0118/011800300010.001/swg.fits[1]
scw/0118/011800310010.001/swg.fits[1]
scw/0118/011800320010.001/swg.fits[1]
scw/0118/011800330010.001/swg.fits[1]
scw/0118/011800340010.001/swg.fits[1]
scw/0118/011800350010.001/swg.fits[1]
scw/0118/011800360010.001/swg.fits[1]
scw/0118/011800580010.001/swg.fits[1]
scw/0118/011800590010.001/swg.fits[1]
scw/0118/011800600010.001/swg.fits[1]
scw/0118/011800610010.001/swg.fits[1]
scw/0118/011800620010.001/swg.fits[1]
scw/0118/011800630010.001/swg.fits[1]
scw/0118/011800640010.001/swg.fits[1]
scw/0118/011800650010.001/swg.fits[1]
scw/0118/011800660010.001/swg.fits[1]
scw/0118/011800670010.001/swg.fits[1]
scw/0118/011800680010.001/swg.fits[1]
scw/0154/015400470010.001/swg.fits[1]
scw/0154/015400480010.001/swg.fits[1]
scw/0155/015500020010.001/swg.fits[1]
scw/0155/015500030010.001/swg.fits[1]
scw/0155/015500040010.001/swg.fits[1]
scw/0155/015500050010.001/swg.fits[1]
scw/0155/015500060010.001/swg.fits[1]
scw/0155/015500070010.001/swg.fits[1]
scw/0155/015500080010.001/swg.fits[1]
scw/0155/015500090010.001/swg.fits[1]
scw/0155/015500100010.001/swg.fits[1]
scw/0155/015500110010.001/swg.fits[1]
scw/0155/015500120010.001/swg.fits[1]
scw/0155/015500130010.001/swg.fits[1]
scw/0155/015500140010.001/swg.fits[1]
scw/0155/015500150010.001/swg.fits[1]
scw/0155/015500160010.001/swg.fits[1]
scw/0155/015500170010.001/swg.fits[1]
scw/0155/015500180010.001/swg.fits[1]
scw/0155/015500190010.001/swg.fits[1]
scw/0155/015500200010.001/swg.fits[1]
scw/0155/015500210010.001/swg.fits[1]
scw/0155/015500220010.001/swg.fits[1]
scw/0155/015500230010.001/swg.fits[1]
scw/0155/015500240010.001/swg.fits[1]
scw/0155/015500250010.001/swg.fits[1]
scw/0155/015500260010.001/swg.fits[1]
scw/0155/015500270010.001/swg.fits[1]
scw/0155/015500280010.001/swg.fits[1]
scw/0155/015500290010.001/swg.fits[1]
scw/0155/015500300010.001/swg.fits[1]
scw/0155/015500310010.001/swg.fits[1]
scw/0155/015500320010.001/swg.fits[1]
scw/0155/015500330010.001/swg.fits[1]
scw/0155/015500360010.001/swg.fits[1]
scw/0155/015500370010.001/swg.fits[1]
scw/0155/015500380010.001/swg.fits[1]
scw/0155/015500390010.001/swg.fits[1]
scw/0155/015500400010.001/swg.fits[1]
scw/0155/015500410010.001/swg.fits[1]
scw/0155/015500420010.001/swg.fits[1]
scw/0155/015500430010.001/swg.fits[1]
scw/0155/015500440010.001/swg.fits[1]
scw/0155/015500450010.001/swg.fits[1]
scw/0155/015500460010.001/swg.fits[1]
scw/0155/015500470010.001/swg.fits[1]
scw/0155/015500480010.001/swg.fits[1]
scw/0155/015500490010.001/swg.fits[1]
scw/0155/015500500010.001/swg.fits[1]
scw/0155/015500510010.001/swg.fits[1]
scw/0155/015500520010.001/swg.fits[1]
scw/0155/015500530010.001/swg.fits[1]
scw/0155/015500540010.001/swg.fits[1]
scw/0155/015500550010.001/swg.fits[1]
scw/0155/015500560010.001/swg.fits[1]
scw/0155/015500570010.001/swg.fits[1]
scw/0155/015500580010.001/swg.fits[1]
scw/0155/015500590010.001/swg.fits[1]
scw/0155/015500600010.001/swg.fits[1]
scw/0155/015500610010.001/swg.fits[1]
scw/0155/015500620010.001/swg.fits[1]
scw/0155/015500630010.001/swg.fits[1]
scw/0155/015500640010.001/swg.fits[1]
scw/0155/015500650010.001/swg.fits[1]
scw/0155/015500660010.001/swg.fits[1]
scw/0155/015500670010.001/swg.fits[1]
scw/0155/015500680010.001/swg.fits[1]
scw/0155/015500690010.001/swg.fits[1]
scw/0155/015500700010.001/swg.fits[1]
scw/0155/015500710010.001/swg.fits[1]
scw/0155/015500720010.001/swg.fits[1]
scw/0155/015500730010.001/swg.fits[1]
scw/0155/015500740010.001/swg.fits[1]
scw/0155/015500750010.001/swg.fits[1]
scw/0155/015500760010.001/swg.fits[1]
scw/0155/015500770010.001/swg.fits[1]
scw/0155/015500780010.001/swg.fits[1]
scw/0155/015500790010.001/swg.fits[1]
scw/0155/015500800010.001/swg.fits[1]
scw/0155/015500810010.001/swg.fits[1]
scw/0155/015500820010.001/swg.fits[1]
scw/0155/015500830010.001/swg.fits[1]
scw/0155/015500840010.001/swg.fits[1]
scw/0155/015500850010.001/swg.fits[1]
scw/0155/015500860010.001/swg.fits[1]
scw/0155/015500870010.001/swg.fits[1]
scw/0155/015500880010.001/swg.fits[1]
scw/0155/015500890010.001/swg.fits[1]
scw/0155/015500900010.001/swg.fits[1]
scw/0155/015500910010.001/swg.fits[1]
scw/0155/015500920010.001/swg.fits[1]
scw/0155/015500930010.001/swg.fits[1]
scw/0155/015500940010.001/swg.fits[1]
scw/0155/015500950010.001/swg.fits[1]
scw/0156/015600010010.001/swg.fits[1]
scw/0156/015600020010.001/swg.fits[1]
scw/0156/015600030010.001/swg.fits[1]
scw/0156/015600040010.001/swg.fits[1]
scw/0156/015600050010.001/swg.fits[1]
scw/0156/015600060010.001/swg.fits[1]
scw/0156/015600070010.001/swg.fits[1]
scw/0156/015600080010.001/swg.fits[1]
scw/0156/015600090010.001/swg.fits[1]
scw/0156/015600100010.001/swg.fits[1]
scw/0156/015600110010.001/swg.fits[1]
scw/0156/015600120010.001/swg.fits[1]
scw/0156/015600130010.001/swg.fits[1]
scw/0156/015600140010.001/swg.fits[1]
scw/0156/015600150010.001/swg.fits[1]
scw/0156/015600160010.001/swg.fits[1]
scw/0156/015600170010.001/swg.fits[1]
scw/0156/015600180010.001/swg.fits[1]
scw/0156/015600190010.001/swg.fits[1]
scw/0156/015600200010.001/swg.fits[1]
scw/0156/015600210010.001/swg.fits[1]
scw/0156/015600220010.001/swg.fits[1]
scw/0156/015600230010.001/swg.fits[1]
scw/0156/015600240010.001/swg.fits[1]
scw/0156/015600250010.001/swg.fits[1]
scw/0156/015600260010.001/swg.fits[1]
scw/0156/015600270010.001/swg.fits[1]
scw/0156/015600280010.001/swg.fits[1]
scw/0156/015600290010.001/swg.fits[1]
scw/0156/015600300010.001/swg.fits[1]
scw/0156/015600310010.001/swg.fits[1]
scw/0156/015600320010.001/swg.fits[1]
