scw/0933/093300050010.001/swg.fits[1]
scw/0933/093300060010.001/swg.fits[1]
scw/0933/093300070010.001/swg.fits[1]
scw/0933/093300080010.001/swg.fits[1]
scw/0933/093300090010.001/swg.fits[1]
scw/0933/093300100010.001/swg.fits[1]
scw/0933/093300110010.001/swg.fits[1]
scw/0933/093300120010.001/swg.fits[1]
scw/0933/093300130010.001/swg.fits[1]
scw/0933/093300140010.001/swg.fits[1]
scw/0933/093300150010.001/swg.fits[1]
scw/0933/093300160010.001/swg.fits[1]
scw/0933/093300170010.001/swg.fits[1]
scw/0933/093300180010.001/swg.fits[1]
scw/0933/093300190010.001/swg.fits[1]
scw/0933/093300200010.001/swg.fits[1]
scw/0933/093300210010.001/swg.fits[1]
scw/0933/093300220010.001/swg.fits[1]
scw/0933/093300230010.001/swg.fits[1]
scw/0933/093300240010.001/swg.fits[1]
scw/0933/093300250010.001/swg.fits[1]
scw/0933/093300260010.001/swg.fits[1]
scw/0933/093300270010.001/swg.fits[1]
scw/0933/093300280010.001/swg.fits[1]
scw/0933/093300290010.001/swg.fits[1]
scw/0933/093300300010.001/swg.fits[1]
scw/0933/093300310010.001/swg.fits[1]
scw/0933/093300320010.001/swg.fits[1]
scw/0933/093300330010.001/swg.fits[1]
scw/0933/093300340010.001/swg.fits[1]
scw/0933/093300350010.001/swg.fits[1]
scw/0933/093300360010.001/swg.fits[1]
scw/0933/093300370010.001/swg.fits[1]
scw/0977/097700530010.001/swg.fits[1]
scw/0977/097700540010.001/swg.fits[1]
scw/0977/097700550010.001/swg.fits[1]
scw/0977/097700560010.001/swg.fits[1]
scw/0977/097700570010.001/swg.fits[1]
scw/0977/097700580010.001/swg.fits[1]
scw/0977/097700590010.001/swg.fits[1]
scw/0977/097700600010.001/swg.fits[1]
scw/0977/097700610010.001/swg.fits[1]
scw/0977/097700620010.001/swg.fits[1]
scw/0977/097700630010.001/swg.fits[1]
scw/0977/097700640010.001/swg.fits[1]
scw/0977/097700650010.001/swg.fits[1]
scw/0977/097700660010.001/swg.fits[1]
scw/0977/097700670010.001/swg.fits[1]
scw/0977/097700690010.001/swg.fits[1]
scw/0977/097700700010.001/swg.fits[1]
scw/0977/097700730010.001/swg.fits[1]
scw/0977/097700740010.001/swg.fits[1]
scw/0977/097700750010.001/swg.fits[1]
scw/0977/097700760010.001/swg.fits[1]
scw/0977/097700790010.001/swg.fits[1]
scw/0977/097700800010.001/swg.fits[1]
scw/0977/097700810010.001/swg.fits[1]
scw/0977/097700820010.001/swg.fits[1]
scw/0977/097700830010.001/swg.fits[1]
scw/0977/097700840010.001/swg.fits[1]
scw/0977/097700840020.001/swg.fits[1]
scw/1029/102900040010.001/swg.fits[1]
scw/1029/102900050010.001/swg.fits[1]
scw/1029/102900060010.001/swg.fits[1]
scw/1029/102900070010.001/swg.fits[1]
scw/1029/102900090010.001/swg.fits[1]
scw/1029/102900100010.001/swg.fits[1]
scw/1029/102900110010.001/swg.fits[1]
scw/1029/102900120010.001/swg.fits[1]
scw/1029/102900130010.001/swg.fits[1]
scw/1029/102900140010.001/swg.fits[1]
scw/1029/102900150010.001/swg.fits[1]
scw/1029/102900160010.001/swg.fits[1]
scw/1029/102900170010.001/swg.fits[1]
scw/1029/102900190010.001/swg.fits[1]
scw/1029/102900200010.001/swg.fits[1]
scw/1029/102900210010.001/swg.fits[1]
scw/1029/102900220010.001/swg.fits[1]
scw/1029/102900230010.001/swg.fits[1]
scw/1029/102900240010.001/swg.fits[1]
scw/1029/102900250010.001/swg.fits[1]
scw/1029/102900260010.001/swg.fits[1]
scw/1029/102900270010.001/swg.fits[1]
scw/1029/102900280010.001/swg.fits[1]
scw/1029/102900290010.001/swg.fits[1]
scw/1029/102900300010.001/swg.fits[1]
scw/1029/102900310010.001/swg.fits[1]
scw/1029/102900320010.001/swg.fits[1]
scw/1031/103100040010.001/swg.fits[1]
scw/1031/103100050010.001/swg.fits[1]
scw/1031/103100060010.001/swg.fits[1]
scw/1031/103100070010.001/swg.fits[1]
scw/1031/103100080010.001/swg.fits[1]
scw/1031/103100090010.001/swg.fits[1]
scw/1031/103100110010.001/swg.fits[1]
scw/1031/103100120010.001/swg.fits[1]
scw/1031/103100130010.001/swg.fits[1]
scw/1031/103100140010.001/swg.fits[1]
scw/1031/103100150010.001/swg.fits[1]
scw/1031/103100160010.001/swg.fits[1]
scw/1031/103100170010.001/swg.fits[1]
scw/1031/103100180010.001/swg.fits[1]
scw/1031/103100210010.001/swg.fits[1]
scw/1031/103100220010.001/swg.fits[1]
scw/1031/103100230010.001/swg.fits[1]
scw/1031/103100240010.001/swg.fits[1]
scw/1031/103100250010.001/swg.fits[1]
scw/1031/103100260010.001/swg.fits[1]
scw/1031/103100270010.001/swg.fits[1]
scw/1031/103100280010.001/swg.fits[1]
scw/1031/103100290010.001/swg.fits[1]
scw/1031/103100300010.001/swg.fits[1]
scw/1033/103300660010.001/swg.fits[1]
scw/1033/103300670010.001/swg.fits[1]
scw/1033/103300680010.001/swg.fits[1]
scw/1033/103300690010.001/swg.fits[1]
scw/1033/103300700010.001/swg.fits[1]
scw/1033/103300710010.001/swg.fits[1]
scw/1033/103300720010.001/swg.fits[1]
scw/1033/103300730010.001/swg.fits[1]
scw/1033/103300740010.001/swg.fits[1]
scw/1033/103300760010.001/swg.fits[1]
scw/1033/103300770010.001/swg.fits[1]
scw/1033/103300780010.001/swg.fits[1]
scw/1033/103300790010.001/swg.fits[1]
scw/1033/103300800010.001/swg.fits[1]
scw/1033/103300810010.001/swg.fits[1]
scw/1033/103300820010.001/swg.fits[1]
scw/1033/103300830010.001/swg.fits[1]
scw/1033/103300840010.001/swg.fits[1]
scw/1033/103300850010.001/swg.fits[1]
scw/1033/103300860010.001/swg.fits[1]
scw/1033/103300870010.001/swg.fits[1]
scw/1033/103300880010.001/swg.fits[1]
scw/1033/103300890010.001/swg.fits[1]
scw/1033/103300900010.001/swg.fits[1]
scw/1033/103300910010.001/swg.fits[1]
scw/1033/103300920010.001/swg.fits[1]
scw/1033/103300930010.001/swg.fits[1]
scw/1036/103600560010.001/swg.fits[1]
scw/1036/103600570010.001/swg.fits[1]
scw/1036/103600580010.001/swg.fits[1]
scw/1036/103600590010.001/swg.fits[1]
scw/1036/103600600010.001/swg.fits[1]
scw/1036/103600610010.001/swg.fits[1]
scw/1036/103600620010.001/swg.fits[1]
scw/1036/103600630010.001/swg.fits[1]
scw/1036/103600640010.001/swg.fits[1]
scw/1036/103600650010.001/swg.fits[1]
scw/1036/103600660010.001/swg.fits[1]
scw/1036/103600680010.001/swg.fits[1]
scw/1036/103600690010.001/swg.fits[1]
scw/1036/103600700010.001/swg.fits[1]
scw/1036/103600710010.001/swg.fits[1]
scw/1036/103600720010.001/swg.fits[1]
scw/1036/103600730010.001/swg.fits[1]
scw/1036/103600740010.001/swg.fits[1]
scw/1036/103600750010.001/swg.fits[1]
scw/1036/103600760010.001/swg.fits[1]
scw/1036/103600770010.001/swg.fits[1]
scw/1037/103701070010.001/swg.fits[1]
scw/1037/103701080010.001/swg.fits[1]
scw/1042/104200040010.001/swg.fits[1]
scw/1042/104200050010.001/swg.fits[1]
scw/1042/104200060010.001/swg.fits[1]
scw/1042/104200070010.001/swg.fits[1]
scw/1042/104200080010.001/swg.fits[1]
scw/1042/104200090010.001/swg.fits[1]
scw/1042/104200100010.001/swg.fits[1]
scw/1042/104200110010.001/swg.fits[1]
scw/1042/104200120010.001/swg.fits[1]
scw/1042/104200130010.001/swg.fits[1]
scw/1042/104200140010.001/swg.fits[1]
scw/1042/104200150010.001/swg.fits[1]
scw/1042/104200160010.001/swg.fits[1]
scw/1042/104200170010.001/swg.fits[1]
scw/1042/104200180010.001/swg.fits[1]
scw/1042/104200190010.001/swg.fits[1]
scw/1042/104200220010.001/swg.fits[1]
scw/1042/104200230010.001/swg.fits[1]
scw/1042/104200240010.001/swg.fits[1]
scw/1042/104200250010.001/swg.fits[1]
scw/1042/104200260010.001/swg.fits[1]
scw/1042/104200270010.001/swg.fits[1]
scw/1042/104200280010.001/swg.fits[1]
scw/1042/104200290010.001/swg.fits[1]
scw/1042/104200300010.001/swg.fits[1]
scw/1042/104200310010.001/swg.fits[1]
scw/1042/104200320010.001/swg.fits[1]
scw/1042/104200330010.001/swg.fits[1]
scw/1042/104200340010.001/swg.fits[1]
scw/1042/104200350010.001/swg.fits[1]
scw/1042/104200360010.001/swg.fits[1]
scw/1042/104200370010.001/swg.fits[1]
scw/1042/104200380010.001/swg.fits[1]
scw/1042/104200390010.001/swg.fits[1]
scw/1042/104200400010.001/swg.fits[1]
scw/1042/104200410010.001/swg.fits[1]
scw/1042/104200420010.001/swg.fits[1]
scw/1042/104200430010.001/swg.fits[1]
scw/1042/104200440010.001/swg.fits[1]
scw/1046/104600140010.001/swg.fits[1]
scw/1046/104600150010.001/swg.fits[1]
scw/1046/104600160010.001/swg.fits[1]
scw/1046/104600170010.001/swg.fits[1]
scw/1046/104600180010.001/swg.fits[1]
scw/1046/104600190010.001/swg.fits[1]
scw/1046/104600200010.001/swg.fits[1]
scw/1046/104600210010.001/swg.fits[1]
scw/1046/104600220010.001/swg.fits[1]
scw/1046/104600230010.001/swg.fits[1]
scw/1046/104600240010.001/swg.fits[1]
scw/1046/104600250010.001/swg.fits[1]
scw/1046/104600260010.001/swg.fits[1]
scw/1046/104600270010.001/swg.fits[1]
scw/1046/104600280010.001/swg.fits[1]
scw/1046/104600290010.001/swg.fits[1]
scw/1046/104600300010.001/swg.fits[1]
scw/1046/104600310010.001/swg.fits[1]
scw/1046/104600320010.001/swg.fits[1]
scw/1046/104600330010.001/swg.fits[1]
scw/1046/104600340010.001/swg.fits[1]
scw/1046/104600350010.001/swg.fits[1]
scw/1046/104600360010.001/swg.fits[1]
scw/1046/104600370010.001/swg.fits[1]
scw/1046/104600380010.001/swg.fits[1]
scw/1046/104600420010.001/swg.fits[1]
scw/1046/104600430010.001/swg.fits[1]
scw/1046/104600440010.001/swg.fits[1]
scw/1046/104600450010.001/swg.fits[1]
scw/1046/104600460010.001/swg.fits[1]
scw/1046/104600470010.001/swg.fits[1]
scw/1046/104600480010.001/swg.fits[1]
scw/1046/104600500010.001/swg.fits[1]
scw/1046/104600510010.001/swg.fits[1]
scw/1046/104600520010.001/swg.fits[1]
scw/1046/104600530010.001/swg.fits[1]
scw/1046/104600540010.001/swg.fits[1]
scw/1046/104600550010.001/swg.fits[1]
scw/1046/104600560010.001/swg.fits[1]
scw/1046/104600570010.001/swg.fits[1]
scw/1046/104600580010.001/swg.fits[1]
scw/1046/104600620010.001/swg.fits[1]
scw/1046/104600630010.001/swg.fits[1]
scw/1046/104600640010.001/swg.fits[1]
scw/1046/104600650010.001/swg.fits[1]
scw/1046/104600660010.001/swg.fits[1]
scw/1046/104600670010.001/swg.fits[1]
