scw/0365/036500880010.001/swg.fits[1]
scw/0365/036500890010.001/swg.fits[1]
scw/0365/036500900010.001/swg.fits[1]
scw/0365/036500910010.001/swg.fits[1]
scw/0365/036500920010.001/swg.fits[1]
scw/0365/036500930010.001/swg.fits[1]
scw/0365/036500940010.001/swg.fits[1]
scw/0365/036500950010.001/swg.fits[1]
scw/0365/036500960010.001/swg.fits[1]
scw/0365/036500970010.001/swg.fits[1]
scw/0365/036500980010.001/swg.fits[1]
scw/0365/036500990010.001/swg.fits[1]
scw/0365/036501000010.001/swg.fits[1]
scw/0365/036501010010.001/swg.fits[1]
scw/0365/036501020010.001/swg.fits[1]
scw/0365/036501030010.001/swg.fits[1]
scw/0365/036501040010.001/swg.fits[1]
scw/0365/036501040020.001/swg.fits[1]
scw/0365/036501050010.001/swg.fits[1]
scw/0365/036501060010.001/swg.fits[1]
scw/0365/036501070010.001/swg.fits[1]
scw/0422/042200020010.001/swg.fits[1]
scw/0422/042200030010.001/swg.fits[1]
scw/0422/042200040010.001/swg.fits[1]
scw/0422/042200050010.001/swg.fits[1]
scw/0422/042200060010.001/swg.fits[1]
scw/0422/042200070010.001/swg.fits[1]
scw/0422/042200080010.001/swg.fits[1]
scw/0422/042200090010.001/swg.fits[1]
scw/0422/042200100010.001/swg.fits[1]
scw/0422/042200110010.001/swg.fits[1]
scw/0422/042200120010.001/swg.fits[1]
scw/0422/042200130010.001/swg.fits[1]
scw/0422/042200140010.001/swg.fits[1]
scw/0422/042200150010.001/swg.fits[1]
scw/0422/042200160010.001/swg.fits[1]
scw/0422/042200170010.001/swg.fits[1]
scw/0422/042200180010.001/swg.fits[1]
scw/0422/042200190010.001/swg.fits[1]
scw/0422/042200200010.001/swg.fits[1]
scw/0422/042200210010.001/swg.fits[1]
scw/0422/042200230010.001/swg.fits[1]
scw/0422/042200240010.001/swg.fits[1]
scw/0422/042200250010.001/swg.fits[1]
scw/0422/042200260010.001/swg.fits[1]
scw/0422/042200280010.001/swg.fits[1]
scw/0422/042200290010.001/swg.fits[1]
scw/0422/042200300010.001/swg.fits[1]
scw/0422/042200310010.001/swg.fits[1]
scw/0422/042200320010.001/swg.fits[1]
scw/0422/042200330010.001/swg.fits[1]
scw/0422/042200340010.001/swg.fits[1]
scw/0422/042200350010.001/swg.fits[1]
scw/0422/042200360010.001/swg.fits[1]
scw/0422/042200370010.001/swg.fits[1]
scw/0422/042200380010.001/swg.fits[1]
scw/0422/042200390010.001/swg.fits[1]
scw/0422/042200400010.001/swg.fits[1]
scw/0422/042200410010.001/swg.fits[1]
scw/0422/042200420010.001/swg.fits[1]
scw/0422/042200430010.001/swg.fits[1]
scw/0422/042200440010.001/swg.fits[1]
scw/0422/042200450010.001/swg.fits[1]
scw/0422/042200460010.001/swg.fits[1]
scw/0422/042200470010.001/swg.fits[1]
scw/0422/042200480010.001/swg.fits[1]
scw/0422/042200490010.001/swg.fits[1]
scw/0422/042200500010.001/swg.fits[1]
scw/0422/042200510010.001/swg.fits[1]
scw/0422/042200520010.001/swg.fits[1]
scw/0422/042200530010.001/swg.fits[1]
scw/0422/042200540010.001/swg.fits[1]
scw/0422/042200550010.001/swg.fits[1]
scw/0422/042200560010.001/swg.fits[1]
scw/0422/042200570010.001/swg.fits[1]
scw/0422/042200580010.001/swg.fits[1]
scw/0422/042200590010.001/swg.fits[1]
scw/0422/042200600010.001/swg.fits[1]
scw/0422/042200610010.001/swg.fits[1]
scw/0422/042200620010.001/swg.fits[1]
scw/0422/042200630010.001/swg.fits[1]
scw/0422/042200640010.001/swg.fits[1]
scw/0422/042200650010.001/swg.fits[1]
scw/0422/042200660010.001/swg.fits[1]
scw/0422/042200670010.001/swg.fits[1]
scw/0422/042200680010.001/swg.fits[1]
scw/0422/042200690010.001/swg.fits[1]
scw/0422/042200700010.001/swg.fits[1]
scw/0422/042200710010.001/swg.fits[1]
scw/0422/042200720010.001/swg.fits[1]
scw/0422/042200730010.001/swg.fits[1]
scw/0422/042200740010.001/swg.fits[1]
scw/0422/042200750010.001/swg.fits[1]
scw/0422/042200760010.001/swg.fits[1]
scw/0422/042200770010.001/swg.fits[1]
scw/0422/042200780010.001/swg.fits[1]
scw/0422/042200790010.001/swg.fits[1]
scw/0422/042200800010.001/swg.fits[1]
scw/0422/042200820010.001/swg.fits[1]
scw/0422/042200830010.001/swg.fits[1]
scw/0422/042200850010.001/swg.fits[1]
scw/0422/042200870010.001/swg.fits[1]
scw/0422/042200900010.001/swg.fits[1]
scw/0422/042200900020.001/swg.fits[1]
scw/0422/042200900030.001/swg.fits[1]
scw/0422/042200910010.001/swg.fits[1]
scw/0422/042200920010.001/swg.fits[1]
scw/0422/042200930010.001/swg.fits[1]
scw/0422/042200940010.001/swg.fits[1]
scw/0422/042200950010.001/swg.fits[1]
scw/0422/042200960010.001/swg.fits[1]
scw/0422/042200970010.001/swg.fits[1]
scw/0422/042200980010.001/swg.fits[1]
scw/0422/042200990010.001/swg.fits[1]
scw/0422/042201000010.001/swg.fits[1]
scw/0422/042201010010.001/swg.fits[1]
scw/0422/042201010020.001/swg.fits[1]
scw/0422/042201010030.001/swg.fits[1]
scw/0422/042201020010.001/swg.fits[1]
scw/0422/042201030010.001/swg.fits[1]
scw/0422/042201040010.001/swg.fits[1]
scw/0422/042201050010.001/swg.fits[1]
scw/0422/042201060010.001/swg.fits[1]
scw/0422/042201070010.001/swg.fits[1]
scw/0422/042201080010.001/swg.fits[1]
scw/0422/042201090010.001/swg.fits[1]
scw/0422/042201100010.001/swg.fits[1]
scw/0422/042201110010.001/swg.fits[1]
scw/0422/042201120010.001/swg.fits[1]
scw/0422/042201120020.001/swg.fits[1]
scw/0428/042800690010.001/swg.fits[1]
scw/0428/042800700010.001/swg.fits[1]
scw/0464/046400040010.001/swg.fits[1]
scw/0464/046400050010.001/swg.fits[1]
scw/0464/046400060010.001/swg.fits[1]
scw/0464/046400070010.001/swg.fits[1]
scw/0464/046400080010.001/swg.fits[1]
scw/0464/046400090010.001/swg.fits[1]
scw/0464/046400100010.001/swg.fits[1]
scw/0464/046400110010.001/swg.fits[1]
scw/0464/046400120010.001/swg.fits[1]
scw/0464/046400130010.001/swg.fits[1]
scw/0464/046400140010.001/swg.fits[1]
scw/0464/046400150010.001/swg.fits[1]
scw/0464/046400160010.001/swg.fits[1]
scw/0464/046400170010.001/swg.fits[1]
scw/0464/046400180010.001/swg.fits[1]
scw/0464/046400190010.001/swg.fits[1]
scw/0464/046400200010.001/swg.fits[1]
scw/0464/046400210010.001/swg.fits[1]
scw/0464/046400220010.001/swg.fits[1]
scw/0464/046400230010.001/swg.fits[1]
scw/0464/046400240010.001/swg.fits[1]
scw/0464/046400250010.001/swg.fits[1]
scw/0464/046400260010.001/swg.fits[1]
scw/0464/046400270010.001/swg.fits[1]
scw/0464/046400280010.001/swg.fits[1]
scw/0464/046400290010.001/swg.fits[1]
scw/0464/046400300010.001/swg.fits[1]
scw/0464/046400310010.001/swg.fits[1]
scw/0464/046400320010.001/swg.fits[1]
scw/0464/046400330010.001/swg.fits[1]
scw/0464/046400340010.001/swg.fits[1]
scw/0464/046400350010.001/swg.fits[1]
scw/0464/046400360010.001/swg.fits[1]
scw/0464/046400370010.001/swg.fits[1]
scw/0464/046400380010.001/swg.fits[1]
scw/0464/046400390010.001/swg.fits[1]
scw/0464/046400400010.001/swg.fits[1]
scw/0464/046400410010.001/swg.fits[1]
scw/0464/046400420010.001/swg.fits[1]
scw/0464/046400430010.001/swg.fits[1]
scw/0464/046400440010.001/swg.fits[1]
scw/0464/046400450010.001/swg.fits[1]
scw/0464/046400460010.001/swg.fits[1]
scw/0464/046400470010.001/swg.fits[1]
scw/0464/046400480010.001/swg.fits[1]
scw/0464/046400490010.001/swg.fits[1]
scw/0464/046400500010.001/swg.fits[1]
scw/0464/046400510010.001/swg.fits[1]
scw/0464/046400520010.001/swg.fits[1]
scw/0464/046400530010.001/swg.fits[1]
scw/0468/046800040010.001/swg.fits[1]
scw/0468/046800050010.001/swg.fits[1]
scw/0483/048300310010.001/swg.fits[1]
scw/0483/048300320010.001/swg.fits[1]
scw/0483/048300410010.001/swg.fits[1]
scw/0483/048300410020.001/swg.fits[1]
scw/0483/048300410030.001/swg.fits[1]
scw/0483/048300420010.001/swg.fits[1]
scw/0483/048300420020.001/swg.fits[1]
scw/0483/048300420030.001/swg.fits[1]
scw/0483/048300430010.001/swg.fits[1]
scw/0483/048300430020.001/swg.fits[1]
scw/0483/048300430030.001/swg.fits[1]
scw/0483/048300440010.001/swg.fits[1]
scw/0483/048300450010.001/swg.fits[1]
scw/0483/048300460010.001/swg.fits[1]
scw/0483/048300470010.001/swg.fits[1]
scw/0483/048300480010.001/swg.fits[1]
scw/0483/048300490010.001/swg.fits[1]
scw/0483/048300500010.001/swg.fits[1]
scw/0483/048300540010.001/swg.fits[1]
scw/0483/048300550010.001/swg.fits[1]
scw/0483/048300560010.001/swg.fits[1]
scw/0483/048300570010.001/swg.fits[1]
scw/0483/048300580010.001/swg.fits[1]
scw/0483/048300590010.001/swg.fits[1]
scw/0483/048300600010.001/swg.fits[1]
scw/0483/048300610010.001/swg.fits[1]
scw/0483/048300620010.001/swg.fits[1]
scw/0483/048300630010.001/swg.fits[1]
scw/0483/048300640010.001/swg.fits[1]
scw/0483/048300650010.001/swg.fits[1]
scw/0483/048300660010.001/swg.fits[1]
scw/0483/048300670010.001/swg.fits[1]
scw/0487/048700430010.001/swg.fits[1]
scw/0487/048700440010.001/swg.fits[1]
scw/0487/048700530010.001/swg.fits[1]
scw/0541/054100020010.001/swg.fits[1]
scw/0541/054100030010.001/swg.fits[1]
scw/0541/054100040010.001/swg.fits[1]
scw/0541/054100050010.001/swg.fits[1]
scw/0541/054100060010.001/swg.fits[1]
scw/0541/054100070010.001/swg.fits[1]
scw/0541/054100080010.001/swg.fits[1]
scw/0541/054100090010.001/swg.fits[1]
scw/0541/054100100010.001/swg.fits[1]
scw/0541/054100110010.001/swg.fits[1]
scw/0541/054100120010.001/swg.fits[1]
scw/0541/054100130010.001/swg.fits[1]
scw/0541/054100140010.001/swg.fits[1]
scw/0541/054100150010.001/swg.fits[1]
scw/0541/054100160010.001/swg.fits[1]
scw/0541/054100170010.001/swg.fits[1]
scw/0541/054100180010.001/swg.fits[1]
scw/0541/054100190010.001/swg.fits[1]
scw/0541/054100200010.001/swg.fits[1]
scw/0541/054100210010.001/swg.fits[1]
scw/0541/054100240010.001/swg.fits[1]
scw/0541/054100250010.001/swg.fits[1]
scw/0541/054100320010.001/swg.fits[1]
scw/0541/054100330010.001/swg.fits[1]
scw/0541/054100340010.001/swg.fits[1]
scw/0541/054100350010.001/swg.fits[1]
