scw/1270/127000750010.001/swg.fits[1]
scw/1270/127000760010.001/swg.fits[1]
scw/1270/127000770010.001/swg.fits[1]
scw/1270/127000780010.001/swg.fits[1]
scw/1270/127000790010.001/swg.fits[1]
scw/1270/127000800010.001/swg.fits[1]
scw/1275/127500390010.001/swg.fits[1]
scw/1275/127500400010.001/swg.fits[1]
scw/1275/127500420010.001/swg.fits[1]
scw/1275/127500430010.001/swg.fits[1]
scw/1275/127500440010.001/swg.fits[1]
scw/1275/127500450010.001/swg.fits[1]
scw/1275/127500460010.001/swg.fits[1]
scw/1275/127500480010.001/swg.fits[1]
scw/1275/127500490010.001/swg.fits[1]
scw/1275/127500500010.001/swg.fits[1]
scw/1275/127500520010.001/swg.fits[1]
scw/1275/127500530010.001/swg.fits[1]
scw/1275/127500550010.001/swg.fits[1]
scw/1275/127500570010.001/swg.fits[1]
scw/1275/127500580010.001/swg.fits[1]
scw/1275/127500610010.001/swg.fits[1]
scw/1275/127500650010.001/swg.fits[1]
scw/1275/127500680010.001/swg.fits[1]
scw/1275/127500690010.001/swg.fits[1]
scw/1275/127500700010.001/swg.fits[1]
scw/1275/127500710010.001/swg.fits[1]
scw/1275/127500720010.001/swg.fits[1]
scw/1275/127500730010.001/swg.fits[1]
scw/1275/127500740010.001/swg.fits[1]
scw/1275/127500750010.001/swg.fits[1]
scw/1275/127500760010.001/swg.fits[1]
scw/1275/127500770010.001/swg.fits[1]
scw/1275/127500780010.001/swg.fits[1]
scw/1275/127500790010.001/swg.fits[1]
scw/1275/127500800010.001/swg.fits[1]
scw/1275/127500810010.001/swg.fits[1]
scw/1275/127500820010.001/swg.fits[1]
scw/1275/127500830010.001/swg.fits[1]
scw/1275/127500840010.001/swg.fits[1]
scw/1275/127500850010.001/swg.fits[1]
scw/1275/127500860010.001/swg.fits[1]
scw/1275/127500870010.001/swg.fits[1]
scw/1275/127500880010.001/swg.fits[1]
scw/1275/127500890010.001/swg.fits[1]
scw/1275/127500900010.001/swg.fits[1]
scw/1275/127500910010.001/swg.fits[1]
scw/1275/127500910020.001/swg.fits[1]
scw/1278/127800320010.001/swg.fits[1]
scw/1278/127800330010.001/swg.fits[1]
scw/1278/127800370010.001/swg.fits[1]
scw/1278/127800380010.001/swg.fits[1]
scw/1278/127800400010.001/swg.fits[1]
scw/1278/127800430010.001/swg.fits[1]
scw/1278/127800440010.001/swg.fits[1]
scw/1278/127800450010.001/swg.fits[1]
scw/1278/127800500010.001/swg.fits[1]
scw/1278/127800530010.001/swg.fits[1]
scw/1278/127800540010.001/swg.fits[1]
scw/1278/127800560010.001/swg.fits[1]
scw/1278/127800570010.001/swg.fits[1]
scw/1278/127800590010.001/swg.fits[1]
scw/1278/127800600010.001/swg.fits[1]
scw/1278/127800610010.001/swg.fits[1]
scw/1278/127800620010.001/swg.fits[1]
scw/1278/127800630010.001/swg.fits[1]
scw/1278/127800640010.001/swg.fits[1]
scw/1278/127800650010.001/swg.fits[1]
scw/1278/127800660010.001/swg.fits[1]
scw/1278/127800670010.001/swg.fits[1]
scw/1278/127800680010.001/swg.fits[1]
scw/1278/127800690010.001/swg.fits[1]
scw/1278/127800700010.001/swg.fits[1]
scw/1278/127800710010.001/swg.fits[1]
scw/1278/127800720010.001/swg.fits[1]
scw/1278/127800730010.001/swg.fits[1]
scw/1278/127800740010.001/swg.fits[1]
scw/1278/127800750010.001/swg.fits[1]
scw/1278/127800760010.001/swg.fits[1]
scw/1278/127800770010.001/swg.fits[1]
scw/1278/127800780010.001/swg.fits[1]
scw/1278/127800790010.001/swg.fits[1]
scw/1278/127800800010.001/swg.fits[1]
scw/1278/127800810010.001/swg.fits[1]
scw/1278/127800820010.001/swg.fits[1]
scw/1278/127800830010.001/swg.fits[1]
scw/1278/127800840010.001/swg.fits[1]
scw/1278/127800850010.001/swg.fits[1]
scw/1278/127800860010.001/swg.fits[1]
scw/1278/127800870010.001/swg.fits[1]
scw/1278/127800880010.001/swg.fits[1]
scw/1278/127800890010.001/swg.fits[1]
scw/1278/127800900010.001/swg.fits[1]
scw/1278/127800910010.001/swg.fits[1]
scw/1278/127800920010.001/swg.fits[1]
scw/1279/127900020010.001/swg.fits[1]
scw/1279/127900030010.001/swg.fits[1]
scw/1279/127900040010.001/swg.fits[1]
scw/1279/127900050010.001/swg.fits[1]
scw/1279/127900060010.001/swg.fits[1]
scw/1279/127900070010.001/swg.fits[1]
scw/1279/127900080010.001/swg.fits[1]
scw/1279/127900090010.001/swg.fits[1]
scw/1279/127900100010.001/swg.fits[1]
scw/1279/127900110010.001/swg.fits[1]
scw/1279/127900150010.001/swg.fits[1]
scw/1279/127900160010.001/swg.fits[1]
scw/1279/127900170010.001/swg.fits[1]
scw/1279/127900180010.001/swg.fits[1]
scw/1279/127900190010.001/swg.fits[1]
scw/1279/127900200010.001/swg.fits[1]
scw/1279/127900240010.001/swg.fits[1]
scw/1279/127900250010.001/swg.fits[1]
scw/1279/127900260010.001/swg.fits[1]
scw/1279/127900270010.001/swg.fits[1]
scw/1279/127900280010.001/swg.fits[1]
scw/1279/127900290010.001/swg.fits[1]
scw/1279/127900300010.001/swg.fits[1]
scw/1279/127900310010.001/swg.fits[1]
scw/1279/127900320010.001/swg.fits[1]
scw/1279/127900330010.001/swg.fits[1]
scw/1279/127900340010.001/swg.fits[1]
scw/1279/127900350010.001/swg.fits[1]
scw/1279/127900360010.001/swg.fits[1]
scw/1279/127900370010.001/swg.fits[1]
scw/1279/127900380010.001/swg.fits[1]
scw/1281/128100060010.001/swg.fits[1]
scw/1281/128100070010.001/swg.fits[1]
scw/1281/128100080010.001/swg.fits[1]
scw/1281/128100090010.001/swg.fits[1]
scw/1281/128100100010.001/swg.fits[1]
scw/1281/128100110010.001/swg.fits[1]
scw/1281/128100120010.001/swg.fits[1]
scw/1281/128100130010.001/swg.fits[1]
scw/1281/128100140010.001/swg.fits[1]
scw/1281/128100150010.001/swg.fits[1]
scw/1281/128100160010.001/swg.fits[1]
scw/1281/128100170010.001/swg.fits[1]
scw/1281/128100180010.001/swg.fits[1]
scw/1281/128100190010.001/swg.fits[1]
scw/1281/128100200010.001/swg.fits[1]
scw/1281/128100220010.001/swg.fits[1]
scw/1281/128100230010.001/swg.fits[1]
scw/1281/128100240010.001/swg.fits[1]
scw/1281/128100250010.001/swg.fits[1]
scw/1281/128100260010.001/swg.fits[1]
scw/1281/128100270010.001/swg.fits[1]
scw/1281/128100280010.001/swg.fits[1]
scw/1281/128100290010.001/swg.fits[1]
scw/1281/128100300010.001/swg.fits[1]
scw/1281/128100310010.001/swg.fits[1]
scw/1281/128100320010.001/swg.fits[1]
scw/1281/128100340010.001/swg.fits[1]
scw/1281/128100350010.001/swg.fits[1]
scw/1281/128100370010.001/swg.fits[1]
scw/1281/128100380010.001/swg.fits[1]
scw/1281/128100390010.001/swg.fits[1]
scw/1281/128100400010.001/swg.fits[1]
scw/1281/128100410010.001/swg.fits[1]
scw/1281/128100420010.001/swg.fits[1]
scw/1281/128100430010.001/swg.fits[1]
scw/1281/128100490010.001/swg.fits[1]
scw/1281/128100500010.001/swg.fits[1]
scw/1281/128100510010.001/swg.fits[1]
scw/1281/128100520010.001/swg.fits[1]
scw/1281/128100530010.001/swg.fits[1]
scw/1281/128100550010.001/swg.fits[1]
scw/1281/128100560010.001/swg.fits[1]
scw/1281/128100580010.001/swg.fits[1]
scw/1281/128100600010.001/swg.fits[1]
scw/1281/128100610010.001/swg.fits[1]
scw/1281/128100650010.001/swg.fits[1]
scw/1281/128100670010.001/swg.fits[1]
scw/1281/128100680010.001/swg.fits[1]
scw/1281/128100690010.001/swg.fits[1]
scw/1281/128100700010.001/swg.fits[1]
scw/1281/128100710010.001/swg.fits[1]
scw/1281/128100720010.001/swg.fits[1]
scw/1281/128100740010.001/swg.fits[1]
scw/1281/128100750010.001/swg.fits[1]
scw/1281/128100760010.001/swg.fits[1]
scw/1281/128100780010.001/swg.fits[1]
scw/1281/128100790010.001/swg.fits[1]
scw/1281/128100810010.001/swg.fits[1]
scw/1281/128100820010.001/swg.fits[1]
scw/1316/131600870010.001/swg.fits[1]
scw/1316/131600880010.001/swg.fits[1]
scw/1316/131600890010.001/swg.fits[1]
scw/1317/131700310010.001/swg.fits[1]
scw/1317/131700320010.001/swg.fits[1]
scw/1317/131700330010.001/swg.fits[1]
scw/1317/131700340010.001/swg.fits[1]
scw/1317/131700350010.001/swg.fits[1]
scw/1317/131700360010.001/swg.fits[1]
scw/1317/131700370010.001/swg.fits[1]
scw/1317/131700400010.001/swg.fits[1]
scw/1317/131700410010.001/swg.fits[1]
scw/1317/131700420010.001/swg.fits[1]
scw/1317/131700430010.001/swg.fits[1]
scw/1317/131700440010.001/swg.fits[1]
scw/1317/131700450010.001/swg.fits[1]
scw/1317/131700460010.001/swg.fits[1]
scw/1325/132500580010.001/swg.fits[1]
scw/1325/132500610010.001/swg.fits[1]
scw/1325/132500670010.001/swg.fits[1]
scw/1325/132500690010.001/swg.fits[1]
scw/1325/132500700010.001/swg.fits[1]
scw/1325/132500730010.001/swg.fits[1]
scw/1325/132500740010.001/swg.fits[1]
scw/1325/132500750010.001/swg.fits[1]
scw/1325/132500760010.001/swg.fits[1]
scw/1325/132500780010.001/swg.fits[1]
scw/1325/132500800010.001/swg.fits[1]
scw/1325/132500840010.001/swg.fits[1]
scw/1326/132600040010.001/swg.fits[1]
scw/1326/132600050010.001/swg.fits[1]
scw/1326/132600060010.001/swg.fits[1]
scw/1326/132600070010.001/swg.fits[1]
scw/1326/132600080010.001/swg.fits[1]
scw/1326/132600090010.001/swg.fits[1]
scw/1326/132600100010.001/swg.fits[1]
scw/1326/132600110010.001/swg.fits[1]
scw/1326/132600120010.001/swg.fits[1]
scw/1326/132600130010.001/swg.fits[1]
scw/1326/132600140010.001/swg.fits[1]
scw/1326/132600150010.001/swg.fits[1]
scw/1326/132600160010.001/swg.fits[1]
scw/1326/132600170010.001/swg.fits[1]
scw/1326/132600180010.001/swg.fits[1]
scw/1326/132600190010.001/swg.fits[1]
scw/1326/132600200010.001/swg.fits[1]
scw/1326/132600220010.001/swg.fits[1]
scw/1326/132600230010.001/swg.fits[1]
scw/1326/132600240010.001/swg.fits[1]
scw/1326/132600250010.001/swg.fits[1]
scw/1326/132600260010.001/swg.fits[1]
scw/1326/132600270010.001/swg.fits[1]
