scw/1058/105800690010.001/swg.fits[1]
scw/1065/106500290010.001/swg.fits[1]
scw/1065/106500300010.001/swg.fits[1]
scw/1065/106500390010.001/swg.fits[1]
scw/1065/106500400010.001/swg.fits[1]
scw/1066/106600490010.001/swg.fits[1]
scw/1066/106600580010.001/swg.fits[1]
scw/1066/106600590010.001/swg.fits[1]
scw/1114/111400650010.001/swg.fits[1]
scw/1115/111500640010.001/swg.fits[1]
scw/1116/111600350010.001/swg.fits[1]
scw/1126/112600480010.001/swg.fits[1]
scw/1126/112600740010.001/swg.fits[1]
scw/1126/112600750010.001/swg.fits[1]
scw/1126/112600760010.001/swg.fits[1]
scw/1126/112600770010.001/swg.fits[1]
scw/1126/112600780010.001/swg.fits[1]
scw/1126/112600790010.001/swg.fits[1]
scw/1126/112600800010.001/swg.fits[1]
scw/1126/112600810010.001/swg.fits[1]
scw/1126/112600820010.001/swg.fits[1]
scw/1127/112700590010.001/swg.fits[1]
scw/1127/112700600010.001/swg.fits[1]
scw/1127/112700610010.001/swg.fits[1]
scw/1127/112700620010.001/swg.fits[1]
scw/1127/112700630010.001/swg.fits[1]
scw/1127/112700640010.001/swg.fits[1]
scw/1127/112700650010.001/swg.fits[1]
scw/1127/112700660010.001/swg.fits[1]
scw/1127/112700670010.001/swg.fits[1]
scw/1127/112700680010.001/swg.fits[1]
scw/1127/112700790010.001/swg.fits[1]
scw/1127/112700800010.001/swg.fits[1]
scw/1127/112700810010.001/swg.fits[1]
scw/1127/112700820010.001/swg.fits[1]
scw/1127/112700830010.001/swg.fits[1]
scw/1127/112700840010.001/swg.fits[1]
scw/1127/112700850010.001/swg.fits[1]
scw/1127/112700860010.001/swg.fits[1]
scw/1127/112700870010.001/swg.fits[1]
scw/1128/112800700010.001/swg.fits[1]
scw/1128/112800710010.001/swg.fits[1]
scw/1128/112800720010.001/swg.fits[1]
scw/1128/112800730010.001/swg.fits[1]
scw/1128/112800740010.001/swg.fits[1]
scw/1128/112800750010.001/swg.fits[1]
scw/1128/112800770010.001/swg.fits[1]
scw/1128/112800780010.001/swg.fits[1]
scw/1128/112800790010.001/swg.fits[1]
scw/1129/112900450010.001/swg.fits[1]
scw/1129/112900540010.001/swg.fits[1]
scw/1129/112900550010.001/swg.fits[1]
scw/1130/113000260010.001/swg.fits[1]
scw/1130/113000700010.001/swg.fits[1]
scw/1130/113000710010.001/swg.fits[1]
scw/1130/113000720010.001/swg.fits[1]
scw/1130/113000730010.001/swg.fits[1]
scw/1130/113000740010.001/swg.fits[1]
scw/1130/113000750010.001/swg.fits[1]
scw/1130/113000760010.001/swg.fits[1]
scw/1130/113000770010.001/swg.fits[1]
scw/1130/113000780010.001/swg.fits[1]
scw/1131/113100630010.001/swg.fits[1]
scw/1131/113100640010.001/swg.fits[1]
scw/1131/113100650010.001/swg.fits[1]
scw/1131/113100660010.001/swg.fits[1]
scw/1131/113100670010.001/swg.fits[1]
scw/1131/113100680010.001/swg.fits[1]
scw/1131/113100690010.001/swg.fits[1]
scw/1131/113100700010.001/swg.fits[1]
scw/1131/113100710010.001/swg.fits[1]
scw/1132/113200600010.001/swg.fits[1]
scw/1132/113200610010.001/swg.fits[1]
scw/1132/113200620010.001/swg.fits[1]
scw/1132/113200630010.001/swg.fits[1]
scw/1132/113200640010.001/swg.fits[1]
scw/1132/113200650010.001/swg.fits[1]
scw/1132/113200660010.001/swg.fits[1]
scw/1132/113200670010.001/swg.fits[1]
scw/1132/113200680010.001/swg.fits[1]
scw/1132/113200740010.001/swg.fits[1]
scw/1132/113200750010.001/swg.fits[1]
scw/1133/113300610010.001/swg.fits[1]
scw/1133/113300620010.001/swg.fits[1]
scw/1133/113300630010.001/swg.fits[1]
scw/1133/113300640010.001/swg.fits[1]
scw/1133/113300650010.001/swg.fits[1]
scw/1133/113300660010.001/swg.fits[1]
scw/1133/113300670010.001/swg.fits[1]
scw/1133/113300680010.001/swg.fits[1]
scw/1133/113300760010.001/swg.fits[1]
scw/1133/113300770010.001/swg.fits[1]
scw/1133/113300780010.001/swg.fits[1]
scw/1134/113400170010.001/swg.fits[1]
scw/1137/113700620010.001/swg.fits[1]
scw/1137/113700630010.001/swg.fits[1]
scw/1137/113700640010.001/swg.fits[1]
scw/1137/113700650010.001/swg.fits[1]
scw/1137/113700660010.001/swg.fits[1]
scw/1137/113700670010.001/swg.fits[1]
scw/1137/113700680010.001/swg.fits[1]
scw/1137/113700690010.001/swg.fits[1]
scw/1137/113700700010.001/swg.fits[1]
scw/1138/113800640010.001/swg.fits[1]
scw/1138/113800650010.001/swg.fits[1]
scw/1138/113800660010.001/swg.fits[1]
scw/1138/113800670010.001/swg.fits[1]
scw/1138/113800680010.001/swg.fits[1]
scw/1138/113800690010.001/swg.fits[1]
scw/1138/113800700010.001/swg.fits[1]
scw/1138/113800710010.001/swg.fits[1]
scw/1138/113800720010.001/swg.fits[1]
scw/1171/117100520010.001/swg.fits[1]
scw/1171/117100530010.001/swg.fits[1]
scw/1171/117100720010.001/swg.fits[1]
scw/1171/117100730010.001/swg.fits[1]
scw/1171/117100740010.001/swg.fits[1]
scw/1171/117100750010.001/swg.fits[1]
scw/1171/117100760010.001/swg.fits[1]
scw/1171/117100770010.001/swg.fits[1]
scw/1171/117100780010.001/swg.fits[1]
scw/1171/117100790010.001/swg.fits[1]
scw/1171/117100800010.001/swg.fits[1]
scw/1171/117100860010.001/swg.fits[1]
scw/1171/117100870010.001/swg.fits[1]
scw/1172/117200520010.001/swg.fits[1]
scw/1172/117200670010.001/swg.fits[1]
scw/1172/117200680010.001/swg.fits[1]
scw/1172/117200690010.001/swg.fits[1]
scw/1172/117200700010.001/swg.fits[1]
scw/1172/117200710010.001/swg.fits[1]
scw/1172/117200720010.001/swg.fits[1]
scw/1172/117200730010.001/swg.fits[1]
scw/1172/117200740010.001/swg.fits[1]
scw/1172/117200750010.001/swg.fits[1]
scw/1173/117300630010.001/swg.fits[1]
scw/1173/117300640010.001/swg.fits[1]
scw/1173/117300650010.001/swg.fits[1]
scw/1173/117300660010.001/swg.fits[1]
scw/1173/117300670010.001/swg.fits[1]
scw/1173/117300680010.001/swg.fits[1]
scw/1173/117300700010.001/swg.fits[1]
scw/1173/117300710010.001/swg.fits[1]
scw/1173/117300720010.001/swg.fits[1]
scw/1173/117300730010.001/swg.fits[1]
scw/1174/117401000010.001/swg.fits[1]
scw/1174/117401010010.001/swg.fits[1]
scw/1174/117401020010.001/swg.fits[1]
scw/1174/117401030010.001/swg.fits[1]
scw/1174/117401040010.001/swg.fits[1]
scw/1174/117401050010.001/swg.fits[1]
scw/1174/117401060010.001/swg.fits[1]
scw/1174/117401070010.001/swg.fits[1]
scw/1174/117401080010.001/swg.fits[1]
scw/1174/117401090010.001/swg.fits[1]
scw/1175/117500030010.001/swg.fits[1]
scw/1175/117500120010.001/swg.fits[1]
scw/1175/117500220010.001/swg.fits[1]
scw/1175/117500320010.001/swg.fits[1]
scw/1175/117500330010.001/swg.fits[1]
scw/1175/117500650010.001/swg.fits[1]
scw/1175/117500660010.001/swg.fits[1]
scw/1175/117500670010.001/swg.fits[1]
scw/1175/117500680010.001/swg.fits[1]
scw/1175/117500690010.001/swg.fits[1]
scw/1175/117500700010.001/swg.fits[1]
scw/1175/117500710010.001/swg.fits[1]
scw/1175/117500720010.001/swg.fits[1]
scw/1175/117500730010.001/swg.fits[1]
scw/1176/117600590010.001/swg.fits[1]
scw/1177/117700040010.001/swg.fits[1]
scw/1177/117700050010.001/swg.fits[1]
scw/1177/117700650010.001/swg.fits[1]
scw/1177/117700660010.001/swg.fits[1]
scw/1177/117700670010.001/swg.fits[1]
scw/1177/117700680010.001/swg.fits[1]
scw/1177/117700690010.001/swg.fits[1]
scw/1177/117700700010.001/swg.fits[1]
scw/1177/117700710010.001/swg.fits[1]
scw/1177/117700720010.001/swg.fits[1]
scw/1177/117700730010.001/swg.fits[1]
scw/1180/118000800010.001/swg.fits[1]
scw/1180/118000810010.001/swg.fits[1]
scw/1181/118100710010.001/swg.fits[1]
scw/1181/118100720010.001/swg.fits[1]
scw/1182/118200670010.001/swg.fits[1]
scw/1184/118400180010.001/swg.fits[1]
scw/1184/118400190010.001/swg.fits[1]
scw/1184/118400670010.001/swg.fits[1]
scw/1184/118400680010.001/swg.fits[1]
scw/1184/118400690010.001/swg.fits[1]
scw/1185/118500030010.001/swg.fits[1]
scw/1185/118500120010.001/swg.fits[1]
scw/1185/118500120020.001/swg.fits[1]
scw/1185/118500130010.001/swg.fits[1]
scw/1185/118500220010.001/swg.fits[1]
scw/1185/118500520010.001/swg.fits[1]
scw/1185/118500530010.001/swg.fits[1]
scw/1186/118600020010.001/swg.fits[1]
scw/1186/118600030010.001/swg.fits[1]
scw/1186/118600420010.001/swg.fits[1]
scw/1186/118600430010.001/swg.fits[1]
scw/1186/118600520010.001/swg.fits[1]
scw/1186/118600570010.001/swg.fits[1]
scw/1186/118600580010.001/swg.fits[1]
scw/1187/118700410010.001/swg.fits[1]
scw/1187/118700420010.001/swg.fits[1]
scw/1187/118700510010.001/swg.fits[1]
scw/1187/118700520010.001/swg.fits[1]
scw/1187/118700570010.001/swg.fits[1]
scw/1187/118700580010.001/swg.fits[1]
scw/1189/118900330010.001/swg.fits[1]
scw/1189/118900420010.001/swg.fits[1]
scw/1190/119000350010.001/swg.fits[1]
scw/1190/119000360010.001/swg.fits[1]
scw/1190/119000370010.001/swg.fits[1]
scw/1190/119000450010.001/swg.fits[1]
scw/1190/119000460010.001/swg.fits[1]
scw/1192/119200450010.001/swg.fits[1]
scw/1192/119200460010.001/swg.fits[1]
scw/1192/119200550010.001/swg.fits[1]
scw/1195/119500500010.001/swg.fits[1]
scw/1195/119500510010.001/swg.fits[1]
scw/1195/119500580010.001/swg.fits[1]
scw/1195/119500590010.001/swg.fits[1]
scw/1195/119500600010.001/swg.fits[1]
scw/1197/119700080010.001/swg.fits[1]
scw/1197/119700090010.001/swg.fits[1]
scw/1197/119700100010.001/swg.fits[1]
scw/1197/119700170010.001/swg.fits[1]
scw/1197/119700180010.001/swg.fits[1]
scw/1198/119800090010.001/swg.fits[1]
scw/1243/124300730010.001/swg.fits[1]
scw/1243/124300740010.001/swg.fits[1]
scw/1243/124300750010.001/swg.fits[1]
scw/1245/124500430010.001/swg.fits[1]
scw/1245/124500440010.001/swg.fits[1]
scw/1245/124500530010.001/swg.fits[1]
scw/1245/124500540010.001/swg.fits[1]
scw/1245/124500620010.001/swg.fits[1]
scw/1245/124500630010.001/swg.fits[1]
scw/1246/124600380010.001/swg.fits[1]
scw/1247/124700300010.001/swg.fits[1]
