scw/1417/141700880010.001/swg.fits[1]
scw/1417/141700890010.001/swg.fits[1]
scw/1417/141700900010.001/swg.fits[1]
scw/1417/141700910010.001/swg.fits[1]
scw/1417/141700970010.001/swg.fits[1]
scw/1417/141700980010.001/swg.fits[1]
scw/1417/141700990010.001/swg.fits[1]
scw/1417/141701000010.001/swg.fits[1]
scw/1417/141701010010.001/swg.fits[1]
scw/1417/141701020010.001/swg.fits[1]
scw/1417/141701030010.001/swg.fits[1]
scw/1417/141701040010.001/swg.fits[1]
scw/1417/141701050010.001/swg.fits[1]
scw/1417/141701060010.001/swg.fits[1]
scw/1418/141800010010.001/swg.fits[1]
scw/1418/141800020010.001/swg.fits[1]
scw/1418/141800030010.001/swg.fits[1]
scw/1418/141800040010.001/swg.fits[1]
scw/1418/141800050010.001/swg.fits[1]
scw/1418/141800060010.001/swg.fits[1]
scw/1418/141800070010.001/swg.fits[1]
scw/1418/141800080010.001/swg.fits[1]
scw/1418/141800090010.001/swg.fits[1]
scw/1418/141800100010.001/swg.fits[1]
scw/1418/141800160010.001/swg.fits[1]
scw/1418/141800170010.001/swg.fits[1]
scw/1418/141800180010.001/swg.fits[1]
scw/1418/141800190010.001/swg.fits[1]
scw/1418/141800200010.001/swg.fits[1]
scw/1418/141800210010.001/swg.fits[1]
scw/1418/141800220010.001/swg.fits[1]
scw/1418/141800230010.001/swg.fits[1]
scw/1418/141800240010.001/swg.fits[1]
scw/1418/141800250010.001/swg.fits[1]
scw/1418/141800260010.001/swg.fits[1]
scw/1418/141800270010.001/swg.fits[1]
scw/1418/141800280010.001/swg.fits[1]
scw/1418/141800290010.001/swg.fits[1]
scw/1418/141800300010.001/swg.fits[1]
scw/1418/141800310010.001/swg.fits[1]
scw/1418/141800320010.001/swg.fits[1]
scw/1418/141800330010.001/swg.fits[1]
scw/1418/141800340010.001/swg.fits[1]
scw/1418/141800350010.001/swg.fits[1]
scw/1418/141800410010.001/swg.fits[1]
scw/1418/141800420010.001/swg.fits[1]
scw/1418/141800430010.001/swg.fits[1]
scw/1418/141800440010.001/swg.fits[1]
scw/1418/141800450010.001/swg.fits[1]
scw/1418/141800460010.001/swg.fits[1]
scw/1418/141800470010.001/swg.fits[1]
scw/1418/141800480010.001/swg.fits[1]
scw/1418/141800490010.001/swg.fits[1]
scw/1418/141800500010.001/swg.fits[1]
scw/1418/141800510010.001/swg.fits[1]
scw/1418/141800520010.001/swg.fits[1]
scw/1418/141800530010.001/swg.fits[1]
scw/1418/141800540010.001/swg.fits[1]
scw/1418/141800550010.001/swg.fits[1]
scw/1418/141800560010.001/swg.fits[1]
scw/1418/141800570010.001/swg.fits[1]
scw/1418/141800580010.001/swg.fits[1]
scw/1418/141800590010.001/swg.fits[1]
scw/1418/141800600010.001/swg.fits[1]
scw/1418/141800670010.001/swg.fits[1]
scw/1418/141800680010.001/swg.fits[1]
scw/1418/141800690010.001/swg.fits[1]
scw/1418/141800700010.001/swg.fits[1]
scw/1418/141800710010.001/swg.fits[1]
scw/1418/141800720010.001/swg.fits[1]
scw/1418/141800730010.001/swg.fits[1]
scw/1418/141800740010.001/swg.fits[1]
scw/1418/141800750010.001/swg.fits[1]
scw/1418/141800760010.001/swg.fits[1]
scw/1418/141800810010.001/swg.fits[1]
scw/1418/141800820010.001/swg.fits[1]
scw/1418/141800830010.001/swg.fits[1]
scw/1418/141800840010.001/swg.fits[1]
scw/1418/141800850010.001/swg.fits[1]
scw/1418/141800860010.001/swg.fits[1]
scw/1418/141800870010.001/swg.fits[1]
scw/1418/141800890010.001/swg.fits[1]
scw/1418/141800900010.001/swg.fits[1]
scw/1418/141800910010.001/swg.fits[1]
scw/1418/141800970010.001/swg.fits[1]
scw/1418/141800980010.001/swg.fits[1]
scw/1418/141800990010.001/swg.fits[1]
scw/1418/141801010010.001/swg.fits[1]
scw/1418/141801020010.001/swg.fits[1]
scw/1418/141801030010.001/swg.fits[1]
scw/1418/141801040010.001/swg.fits[1]
scw/1418/141801050010.001/swg.fits[1]
scw/1418/141801060010.001/swg.fits[1]
scw/1418/141801070010.001/swg.fits[1]
scw/1477/147700040010.001/swg.fits[1]
scw/1477/147700050010.001/swg.fits[1]
scw/1477/147700060010.001/swg.fits[1]
scw/1477/147700070010.001/swg.fits[1]
scw/1477/147700080010.001/swg.fits[1]
scw/1477/147700090010.001/swg.fits[1]
scw/1477/147700100010.001/swg.fits[1]
scw/1477/147700110010.001/swg.fits[1]
scw/1477/147700170010.001/swg.fits[1]
scw/1477/147700180010.001/swg.fits[1]
scw/1477/147700190010.001/swg.fits[1]
scw/1477/147700200010.001/swg.fits[1]
scw/1477/147700210010.001/swg.fits[1]
scw/1477/147700220010.001/swg.fits[1]
scw/1477/147700230010.001/swg.fits[1]
scw/1477/147700240010.001/swg.fits[1]
scw/1477/147700250010.001/swg.fits[1]
scw/1477/147700260010.001/swg.fits[1]
scw/1477/147700270010.001/swg.fits[1]
scw/1477/147700280010.001/swg.fits[1]
scw/1477/147700290010.001/swg.fits[1]
scw/1477/147700300010.001/swg.fits[1]
scw/1477/147700310010.001/swg.fits[1]
scw/1477/147700320010.001/swg.fits[1]
scw/1477/147700330010.001/swg.fits[1]
scw/1477/147700340010.001/swg.fits[1]
scw/1477/147700350010.001/swg.fits[1]
scw/1477/147700360010.001/swg.fits[1]
scw/1477/147700420010.001/swg.fits[1]
scw/1477/147700430010.001/swg.fits[1]
scw/1477/147700440010.001/swg.fits[1]
scw/1477/147700450010.001/swg.fits[1]
scw/1477/147700460010.001/swg.fits[1]
scw/1477/147700470010.001/swg.fits[1]
scw/1477/147700480010.001/swg.fits[1]
scw/1477/147700490010.001/swg.fits[1]
scw/1477/147700500010.001/swg.fits[1]
scw/1477/147700510010.001/swg.fits[1]
scw/1478/147800630010.001/swg.fits[1]
scw/1478/147800740010.001/swg.fits[1]
scw/1478/147800750010.001/swg.fits[1]
scw/1478/147800760010.001/swg.fits[1]
scw/1478/147800770010.001/swg.fits[1]
scw/1478/147800780010.001/swg.fits[1]
scw/1478/147800790010.001/swg.fits[1]
scw/1478/147800800010.001/swg.fits[1]
scw/1478/147800810010.001/swg.fits[1]
scw/1478/147800820010.001/swg.fits[1]
scw/1478/147800830010.001/swg.fits[1]
scw/1478/147800890010.001/swg.fits[1]
scw/1478/147800900010.001/swg.fits[1]
scw/1478/147800910010.001/swg.fits[1]
scw/1478/147800920010.001/swg.fits[1]
scw/1478/147800930010.001/swg.fits[1]
scw/1478/147800940010.001/swg.fits[1]
scw/1478/147800950010.001/swg.fits[1]
scw/1478/147800960010.001/swg.fits[1]
scw/1478/147800970010.001/swg.fits[1]
scw/1478/147800990010.001/swg.fits[1]
scw/1479/147900010010.001/swg.fits[1]
scw/1479/147900020010.001/swg.fits[1]
scw/1479/147900030010.001/swg.fits[1]
scw/1479/147900040010.001/swg.fits[1]
scw/1479/147900050010.001/swg.fits[1]
scw/1479/147900060010.001/swg.fits[1]
scw/1479/147900070010.001/swg.fits[1]
scw/1479/147900080010.001/swg.fits[1]
scw/1479/147900090010.001/swg.fits[1]
scw/1479/147900100010.001/swg.fits[1]
scw/1479/147900160010.001/swg.fits[1]
scw/1479/147900170010.001/swg.fits[1]
scw/1479/147900180010.001/swg.fits[1]
scw/1479/147900190010.001/swg.fits[1]
scw/1479/147900200010.001/swg.fits[1]
scw/1479/147900210010.001/swg.fits[1]
scw/1479/147900220010.001/swg.fits[1]
scw/1479/147900230010.001/swg.fits[1]
scw/1479/147900240010.001/swg.fits[1]
scw/1479/147900250010.001/swg.fits[1]
scw/1480/148000050010.001/swg.fits[1]
scw/1480/148000060010.001/swg.fits[1]
scw/1483/148300140010.001/swg.fits[1]
scw/1483/148300150010.001/swg.fits[1]
scw/1488/148800110010.001/swg.fits[1]
scw/1488/148800120010.001/swg.fits[1]
scw/1597/159700280010.001/swg.fits[1]
scw/1610/161000290010.001/swg.fits[1]
scw/1610/161000300010.001/swg.fits[1]
scw/1610/161000390010.001/swg.fits[1]
scw/1610/161000400010.001/swg.fits[1]
scw/1620/162000300010.001/swg.fits[1]
scw/1621/162100100010.001/swg.fits[1]
scw/1621/162100110010.001/swg.fits[1]
scw/1621/162100120010.001/swg.fits[1]
scw/1621/162100130010.001/swg.fits[1]
scw/1941/194100190010.001/swg.fits[1]
scw/2006/200600290010.001/swg.fits[1]
scw/2210/221000040010.001/swg.fits[1]
scw/2225/222500040010.001/swg.fits[1]
scw/2273/227300250010.001/swg.fits[1]
scw/2273/227300260010.001/swg.fits[1]
scw/2273/227300270010.001/swg.fits[1]
scw/2273/227300280010.001/swg.fits[1]
scw/2273/227300290010.001/swg.fits[1]
scw/2273/227300300010.001/swg.fits[1]
scw/2273/227300310010.001/swg.fits[1]
scw/2273/227300320010.001/swg.fits[1]
scw/2273/227300330010.001/swg.fits[1]
scw/2273/227300390010.001/swg.fits[1]
scw/2281/228100040010.001/swg.fits[1]
scw/2292/229200020010.001/swg.fits[1]
scw/2292/229200030010.001/swg.fits[1]
scw/2292/229200040010.001/swg.fits[1]
scw/2292/229200050010.001/swg.fits[1]
scw/2292/229200060010.001/swg.fits[1]
scw/2292/229200090010.001/swg.fits[1]
scw/2292/229200100010.001/swg.fits[1]
scw/2292/229200110010.001/swg.fits[1]
scw/2293/229300400010.001/swg.fits[1]
scw/2303/230300380010.001/swg.fits[1]
scw/2304/230400380010.001/swg.fits[1]
scw/2305/230500470010.001/swg.fits[1]
scw/2306/230600390010.001/swg.fits[1]
scw/2307/230700380010.001/swg.fits[1]
scw/2354/235400440010.001/swg.fits[1]
scw/2362/236200460010.001/swg.fits[1]
scw/2377/237700340010.001/swg.fits[1]
scw/2377/237700350010.001/swg.fits[1]
scw/2377/237700360010.001/swg.fits[1]
scw/2377/237700370010.001/swg.fits[1]
scw/2377/237700440010.001/swg.fits[1]
scw/2377/237700450010.001/swg.fits[1]
scw/2377/237700460010.001/swg.fits[1]
scw/2377/237700470010.001/swg.fits[1]
scw/2377/237700480010.001/swg.fits[1]
scw/2377/237700540010.001/swg.fits[1]
scw/2377/237700550010.001/swg.fits[1]
scw/2377/237700610010.001/swg.fits[1]
scw/2377/237700620010.001/swg.fits[1]
scw/2383/238300070010.001/swg.fits[1]
scw/2383/238300080010.001/swg.fits[1]
scw/2383/238300090010.001/swg.fits[1]
scw/2383/238300180010.001/swg.fits[1]
scw/2388/238800060010.001/swg.fits[1]
