scw/1164/116400040010.001/swg.fits[1]
scw/1164/116400050010.001/swg.fits[1]
scw/1164/116400060010.001/swg.fits[1]
scw/1164/116400070010.001/swg.fits[1]
scw/1164/116400090010.001/swg.fits[1]
scw/1164/116400100010.001/swg.fits[1]
scw/1164/116400110010.001/swg.fits[1]
scw/1164/116400120010.001/swg.fits[1]
scw/1164/116400130010.001/swg.fits[1]
scw/1164/116400140010.001/swg.fits[1]
scw/1164/116400150010.001/swg.fits[1]
scw/1164/116400160010.001/swg.fits[1]
scw/1164/116400170010.001/swg.fits[1]
scw/1164/116400500010.001/swg.fits[1]
scw/1164/116400510010.001/swg.fits[1]
scw/1164/116400520010.001/swg.fits[1]
scw/1164/116400530010.001/swg.fits[1]
scw/1164/116400540010.001/swg.fits[1]
scw/1164/116400550010.001/swg.fits[1]
scw/1164/116400560010.001/swg.fits[1]
scw/1164/116400570010.001/swg.fits[1]
scw/1164/116400580010.001/swg.fits[1]
scw/1164/116400590010.001/swg.fits[1]
scw/1164/116400600010.001/swg.fits[1]
scw/1164/116400610010.001/swg.fits[1]
scw/1164/116400620010.001/swg.fits[1]
scw/1164/116400630010.001/swg.fits[1]
scw/1164/116400660010.001/swg.fits[1]
scw/1164/116400670010.001/swg.fits[1]
scw/1164/116400680010.001/swg.fits[1]
scw/1164/116400690010.001/swg.fits[1]
scw/1164/116400700010.001/swg.fits[1]
scw/1164/116400710010.001/swg.fits[1]
scw/1164/116400720010.001/swg.fits[1]
scw/1164/116400730010.001/swg.fits[1]
scw/1164/116400740010.001/swg.fits[1]
scw/1164/116400750010.001/swg.fits[1]
scw/1164/116400760010.001/swg.fits[1]
scw/1164/116400770010.001/swg.fits[1]
scw/1164/116400780010.001/swg.fits[1]
scw/1164/116400790010.001/swg.fits[1]
scw/1165/116500030010.001/swg.fits[1]
scw/1165/116500040010.001/swg.fits[1]
scw/1165/116500050010.001/swg.fits[1]
scw/1165/116500060010.001/swg.fits[1]
scw/1165/116500070010.001/swg.fits[1]
scw/1165/116500080010.001/swg.fits[1]
scw/1165/116500090010.001/swg.fits[1]
scw/1165/116500100010.001/swg.fits[1]
scw/1165/116500110010.001/swg.fits[1]
scw/1165/116500120010.001/swg.fits[1]
scw/1165/116500130010.001/swg.fits[1]
scw/1165/116500140010.001/swg.fits[1]
scw/1165/116500150010.001/swg.fits[1]
scw/1165/116500160010.001/swg.fits[1]
scw/1165/116500470010.001/swg.fits[1]
scw/1165/116500480010.001/swg.fits[1]
scw/1165/116500490010.001/swg.fits[1]
scw/1165/116500500010.001/swg.fits[1]
scw/1165/116500510010.001/swg.fits[1]
scw/1165/116500520010.001/swg.fits[1]
scw/1165/116500530010.001/swg.fits[1]
scw/1165/116500540010.001/swg.fits[1]
scw/1165/116500550010.001/swg.fits[1]
scw/1165/116500560010.001/swg.fits[1]
scw/1165/116500570010.001/swg.fits[1]
scw/1165/116500580010.001/swg.fits[1]
scw/1165/116500590010.001/swg.fits[1]
scw/1165/116500600010.001/swg.fits[1]
scw/1165/116500630010.001/swg.fits[1]
scw/1165/116500640010.001/swg.fits[1]
scw/1165/116500650010.001/swg.fits[1]
scw/1165/116500660010.001/swg.fits[1]
scw/1165/116500670010.001/swg.fits[1]
scw/1165/116500680010.001/swg.fits[1]
scw/1165/116500690010.001/swg.fits[1]
scw/1165/116500700010.001/swg.fits[1]
scw/1165/116500710010.001/swg.fits[1]
scw/1165/116500720010.001/swg.fits[1]
scw/1165/116500730010.001/swg.fits[1]
scw/1165/116500740010.001/swg.fits[1]
scw/1165/116500750010.001/swg.fits[1]
scw/1165/116500760010.001/swg.fits[1]
scw/1166/116600030010.001/swg.fits[1]
scw/1166/116600040010.001/swg.fits[1]
scw/1166/116600050010.001/swg.fits[1]
scw/1166/116600060010.001/swg.fits[1]
scw/1166/116600070010.001/swg.fits[1]
scw/1166/116600080010.001/swg.fits[1]
scw/1166/116600090010.001/swg.fits[1]
scw/1166/116600100010.001/swg.fits[1]
scw/1166/116600110010.001/swg.fits[1]
scw/1166/116600120010.001/swg.fits[1]
scw/1166/116600130010.001/swg.fits[1]
scw/1166/116600140010.001/swg.fits[1]
scw/1166/116600150010.001/swg.fits[1]
scw/1166/116600160010.001/swg.fits[1]
scw/1166/116600490010.001/swg.fits[1]
scw/1166/116600500010.001/swg.fits[1]
scw/1166/116600510010.001/swg.fits[1]
scw/1166/116600520010.001/swg.fits[1]
scw/1166/116600530010.001/swg.fits[1]
scw/1166/116600540010.001/swg.fits[1]
scw/1166/116600550010.001/swg.fits[1]
scw/1166/116600570010.001/swg.fits[1]
scw/1166/116600580010.001/swg.fits[1]
scw/1166/116600590010.001/swg.fits[1]
scw/1166/116600600010.001/swg.fits[1]
scw/1166/116600610010.001/swg.fits[1]
scw/1166/116600620010.001/swg.fits[1]
scw/1166/116600630010.001/swg.fits[1]
scw/1166/116600660010.001/swg.fits[1]
scw/1166/116600670010.001/swg.fits[1]
scw/1166/116600680010.001/swg.fits[1]
scw/1166/116600690010.001/swg.fits[1]
scw/1166/116600700010.001/swg.fits[1]
scw/1166/116600720010.001/swg.fits[1]
scw/1166/116600730010.001/swg.fits[1]
scw/1166/116600740010.001/swg.fits[1]
scw/1166/116600750010.001/swg.fits[1]
scw/1166/116600760010.001/swg.fits[1]
scw/1166/116600770010.001/swg.fits[1]
scw/1166/116600780010.001/swg.fits[1]
scw/1166/116600790010.001/swg.fits[1]
scw/1166/116600800010.001/swg.fits[1]
scw/1167/116700330010.001/swg.fits[1]
scw/1167/116700340010.001/swg.fits[1]
scw/1167/116700350010.001/swg.fits[1]
scw/1167/116700360010.001/swg.fits[1]
scw/1167/116700370010.001/swg.fits[1]
scw/1167/116700380010.001/swg.fits[1]
scw/1167/116700390010.001/swg.fits[1]
scw/1167/116700400010.001/swg.fits[1]
scw/1167/116700410010.001/swg.fits[1]
scw/1167/116700420010.001/swg.fits[1]
scw/1167/116700430010.001/swg.fits[1]
scw/1167/116700440010.001/swg.fits[1]
scw/1167/116700450010.001/swg.fits[1]
scw/1167/116700460010.001/swg.fits[1]
scw/1167/116700490010.001/swg.fits[1]
scw/1167/116700500010.001/swg.fits[1]
scw/1167/116700510010.001/swg.fits[1]
scw/1167/116700520010.001/swg.fits[1]
scw/1167/116700530010.001/swg.fits[1]
scw/1167/116700540010.001/swg.fits[1]
scw/1167/116700550010.001/swg.fits[1]
scw/1167/116700560010.001/swg.fits[1]
scw/1167/116700570010.001/swg.fits[1]
scw/1167/116700580010.001/swg.fits[1]
scw/1167/116700590010.001/swg.fits[1]
scw/1167/116700600010.001/swg.fits[1]
scw/1167/116700610010.001/swg.fits[1]
scw/1167/116700620010.001/swg.fits[1]
scw/1167/116700960010.001/swg.fits[1]
scw/1167/116700970010.001/swg.fits[1]
scw/1167/116700980010.001/swg.fits[1]
scw/1167/116700990010.001/swg.fits[1]
scw/1167/116701000010.001/swg.fits[1]
scw/1167/116701010010.001/swg.fits[1]
scw/1167/116701020010.001/swg.fits[1]
scw/1167/116701030010.001/swg.fits[1]
scw/1167/116701040010.001/swg.fits[1]
scw/1167/116701050010.001/swg.fits[1]
scw/1167/116701060010.001/swg.fits[1]
scw/1167/116701070010.001/swg.fits[1]
scw/1167/116701080010.001/swg.fits[1]
scw/1167/116701090010.001/swg.fits[1]
scw/1168/116800030010.001/swg.fits[1]
scw/1168/116800040010.001/swg.fits[1]
scw/1168/116800050010.001/swg.fits[1]
scw/1168/116800060010.001/swg.fits[1]
scw/1168/116800070010.001/swg.fits[1]
scw/1168/116800080010.001/swg.fits[1]
scw/1168/116800090010.001/swg.fits[1]
scw/1168/116800100010.001/swg.fits[1]
scw/1168/116800110010.001/swg.fits[1]
scw/1168/116800120010.001/swg.fits[1]
scw/1168/116800130010.001/swg.fits[1]
scw/1168/116800140010.001/swg.fits[1]
scw/1168/116800150010.001/swg.fits[1]
scw/1168/116800160010.001/swg.fits[1]
scw/1168/116800490010.001/swg.fits[1]
scw/1168/116800500010.001/swg.fits[1]
scw/1168/116800510010.001/swg.fits[1]
scw/1168/116800520010.001/swg.fits[1]
scw/1168/116800530010.001/swg.fits[1]
scw/1168/116800540010.001/swg.fits[1]
scw/1168/116800550010.001/swg.fits[1]
scw/1168/116800560010.001/swg.fits[1]
scw/1168/116800570010.001/swg.fits[1]
scw/1168/116800580010.001/swg.fits[1]
scw/1168/116800590010.001/swg.fits[1]
scw/1168/116800600010.001/swg.fits[1]
scw/1168/116800610010.001/swg.fits[1]
scw/1168/116800620010.001/swg.fits[1]
scw/1168/116800650010.001/swg.fits[1]
scw/1168/116800660010.001/swg.fits[1]
scw/1168/116800670010.001/swg.fits[1]
scw/1168/116800680010.001/swg.fits[1]
scw/1168/116800690010.001/swg.fits[1]
scw/1168/116800700010.001/swg.fits[1]
scw/1168/116800710010.001/swg.fits[1]
scw/1168/116800720010.001/swg.fits[1]
scw/1168/116800730010.001/swg.fits[1]
scw/1168/116800740010.001/swg.fits[1]
scw/1168/116800750010.001/swg.fits[1]
scw/1168/116800760010.001/swg.fits[1]
scw/1168/116800770010.001/swg.fits[1]
scw/1168/116800780010.001/swg.fits[1]
scw/1169/116900190010.001/swg.fits[1]
scw/1169/116900200010.001/swg.fits[1]
scw/1169/116900210010.001/swg.fits[1]
scw/1169/116900220010.001/swg.fits[1]
scw/1169/116900230010.001/swg.fits[1]
scw/1169/116900240010.001/swg.fits[1]
scw/1169/116900250010.001/swg.fits[1]
scw/1169/116900260010.001/swg.fits[1]
scw/1169/116900270010.001/swg.fits[1]
scw/1169/116900280010.001/swg.fits[1]
scw/1169/116900290010.001/swg.fits[1]
scw/1169/116900300010.001/swg.fits[1]
scw/1169/116900310010.001/swg.fits[1]
scw/1169/116900320010.001/swg.fits[1]
scw/1169/116900610010.001/swg.fits[1]
scw/1169/116900620010.001/swg.fits[1]
scw/1169/116900630010.001/swg.fits[1]
