scw/0156/015600340010.001/swg.fits[1]
scw/0156/015600350010.001/swg.fits[1]
scw/0156/015600360010.001/swg.fits[1]
scw/0156/015600370010.001/swg.fits[1]
scw/0156/015600380010.001/swg.fits[1]
scw/0156/015600390010.001/swg.fits[1]
scw/0156/015600400010.001/swg.fits[1]
scw/0156/015600410010.001/swg.fits[1]
scw/0156/015600420010.001/swg.fits[1]
scw/0156/015600430010.001/swg.fits[1]
scw/0156/015600440010.001/swg.fits[1]
scw/0156/015600450010.001/swg.fits[1]
scw/0156/015600460010.001/swg.fits[1]
scw/0156/015600470010.001/swg.fits[1]
scw/0156/015600480010.001/swg.fits[1]
scw/0156/015600490010.001/swg.fits[1]
scw/0156/015600500010.001/swg.fits[1]
scw/0156/015600510010.001/swg.fits[1]
scw/0156/015600520010.001/swg.fits[1]
scw/0156/015600530010.001/swg.fits[1]
scw/0156/015600540010.001/swg.fits[1]
scw/0156/015600550010.001/swg.fits[1]
scw/0156/015600560010.001/swg.fits[1]
scw/0156/015600570010.001/swg.fits[1]
scw/0156/015600580010.001/swg.fits[1]
scw/0156/015600590010.001/swg.fits[1]
scw/0156/015600600010.001/swg.fits[1]
scw/0156/015600610010.001/swg.fits[1]
scw/0156/015600620010.001/swg.fits[1]
scw/0156/015600630010.001/swg.fits[1]
scw/0156/015600640010.001/swg.fits[1]
scw/0156/015600650010.001/swg.fits[1]
scw/0156/015600660010.001/swg.fits[1]
scw/0156/015600670010.001/swg.fits[1]
scw/0156/015600680010.001/swg.fits[1]
scw/0156/015600690010.001/swg.fits[1]
scw/0156/015600700010.001/swg.fits[1]
scw/0156/015600710010.001/swg.fits[1]
scw/0156/015600720010.001/swg.fits[1]
scw/0156/015600730010.001/swg.fits[1]
scw/0156/015600740010.001/swg.fits[1]
scw/0156/015600750010.001/swg.fits[1]
scw/0156/015600760010.001/swg.fits[1]
scw/0156/015600770010.001/swg.fits[1]
scw/0156/015600780010.001/swg.fits[1]
scw/0156/015600790010.001/swg.fits[1]
scw/0156/015600800010.001/swg.fits[1]
scw/0156/015600810010.001/swg.fits[1]
scw/0156/015600820010.001/swg.fits[1]
scw/0156/015600830010.001/swg.fits[1]
scw/0156/015600840010.001/swg.fits[1]
scw/0156/015600850010.001/swg.fits[1]
scw/0156/015600860010.001/swg.fits[1]
scw/0156/015600870010.001/swg.fits[1]
scw/0156/015600880010.001/swg.fits[1]
scw/0156/015600890010.001/swg.fits[1]
scw/0156/015600900010.001/swg.fits[1]
scw/0156/015600910010.001/swg.fits[1]
scw/0157/015700210010.001/swg.fits[1]
scw/0157/015700220010.001/swg.fits[1]
scw/0157/015700230010.001/swg.fits[1]
scw/0157/015700240010.001/swg.fits[1]
scw/0157/015700250010.001/swg.fits[1]
scw/0157/015700260010.001/swg.fits[1]
scw/0157/015700270010.001/swg.fits[1]
scw/0157/015700280010.001/swg.fits[1]
scw/0157/015700290010.001/swg.fits[1]
scw/0157/015700300010.001/swg.fits[1]
scw/0157/015700310010.001/swg.fits[1]
scw/0157/015700320010.001/swg.fits[1]
scw/0157/015700330010.001/swg.fits[1]
scw/0157/015700340010.001/swg.fits[1]
scw/0157/015700350010.001/swg.fits[1]
scw/0157/015700360010.001/swg.fits[1]
scw/0157/015700370010.001/swg.fits[1]
scw/0157/015700380010.001/swg.fits[1]
scw/0157/015700390010.001/swg.fits[1]
scw/0157/015700400010.001/swg.fits[1]
scw/0157/015700410010.001/swg.fits[1]
scw/0157/015700420010.001/swg.fits[1]
scw/0157/015700430010.001/swg.fits[1]
scw/0157/015700440010.001/swg.fits[1]
scw/0157/015700450010.001/swg.fits[1]
scw/0157/015700460010.001/swg.fits[1]
scw/0157/015700470010.001/swg.fits[1]
scw/0157/015700480010.001/swg.fits[1]
scw/0157/015700490010.001/swg.fits[1]
scw/0157/015700500010.001/swg.fits[1]
scw/0157/015700510010.001/swg.fits[1]
scw/0157/015700520010.001/swg.fits[1]
scw/0157/015700530010.001/swg.fits[1]
scw/0157/015700540010.001/swg.fits[1]
scw/0157/015700550010.001/swg.fits[1]
scw/0157/015700560010.001/swg.fits[1]
scw/0157/015700570010.001/swg.fits[1]
scw/0157/015700580010.001/swg.fits[1]
scw/0157/015700590010.001/swg.fits[1]
scw/0157/015700600010.001/swg.fits[1]
scw/0157/015700610010.001/swg.fits[1]
scw/0157/015700620010.001/swg.fits[1]
scw/0157/015700630010.001/swg.fits[1]
scw/0157/015700640010.001/swg.fits[1]
scw/0157/015700650010.001/swg.fits[1]
scw/0157/015700660010.001/swg.fits[1]
scw/0157/015700670010.001/swg.fits[1]
scw/0157/015700680010.001/swg.fits[1]
scw/0157/015700690010.001/swg.fits[1]
scw/0157/015700700010.001/swg.fits[1]
scw/0157/015700710010.001/swg.fits[1]
scw/0157/015700720010.001/swg.fits[1]
scw/0157/015700730010.001/swg.fits[1]
scw/0157/015700740010.001/swg.fits[1]
scw/0157/015700750010.001/swg.fits[1]
scw/0157/015700760010.001/swg.fits[1]
scw/0157/015700770010.001/swg.fits[1]
scw/0157/015700780010.001/swg.fits[1]
scw/0157/015700790010.001/swg.fits[1]
scw/0157/015700800010.001/swg.fits[1]
scw/0157/015700810010.001/swg.fits[1]
scw/0157/015700820010.001/swg.fits[1]
scw/0157/015700830010.001/swg.fits[1]
scw/0157/015700840010.001/swg.fits[1]
scw/0157/015700850010.001/swg.fits[1]
scw/0157/015700860010.001/swg.fits[1]
scw/0157/015700870010.001/swg.fits[1]
scw/0157/015700880010.001/swg.fits[1]
scw/0157/015700890010.001/swg.fits[1]
scw/0157/015700900010.001/swg.fits[1]
scw/0157/015700910010.001/swg.fits[1]
scw/0157/015700920010.001/swg.fits[1]
scw/0157/015700930010.001/swg.fits[1]
scw/0157/015700940010.001/swg.fits[1]
scw/0157/015700950010.001/swg.fits[1]
scw/0158/015800010010.001/swg.fits[1]
scw/0158/015800020010.001/swg.fits[1]
scw/0158/015800030010.001/swg.fits[1]
scw/0158/015800040010.001/swg.fits[1]
scw/0158/015800050010.001/swg.fits[1]
scw/0158/015800060010.001/swg.fits[1]
scw/0158/015800070010.001/swg.fits[1]
scw/0158/015800080010.001/swg.fits[1]
scw/0158/015800090010.001/swg.fits[1]
scw/0158/015800100010.001/swg.fits[1]
scw/0158/015800110010.001/swg.fits[1]
scw/0158/015800120010.001/swg.fits[1]
scw/0158/015800130010.001/swg.fits[1]
scw/0158/015800140010.001/swg.fits[1]
scw/0158/015800150010.001/swg.fits[1]
scw/0158/015800160010.001/swg.fits[1]
scw/0158/015800170010.001/swg.fits[1]
scw/0158/015800180010.001/swg.fits[1]
scw/0158/015800190010.001/swg.fits[1]
scw/0158/015800200010.001/swg.fits[1]
scw/0158/015800210010.001/swg.fits[1]
scw/0158/015800220010.001/swg.fits[1]
scw/0158/015800230010.001/swg.fits[1]
scw/0158/015800240010.001/swg.fits[1]
scw/0158/015800250010.001/swg.fits[1]
scw/0158/015800260010.001/swg.fits[1]
scw/0158/015800270010.001/swg.fits[1]
scw/0158/015800280010.001/swg.fits[1]
scw/0158/015800290010.001/swg.fits[1]
scw/0158/015800300010.001/swg.fits[1]
scw/0158/015800310010.001/swg.fits[1]
scw/0158/015800320010.001/swg.fits[1]
scw/0158/015800330010.001/swg.fits[1]
scw/0158/015800340010.001/swg.fits[1]
scw/0158/015800350010.001/swg.fits[1]
scw/0158/015800360010.001/swg.fits[1]
scw/0158/015800370010.001/swg.fits[1]
scw/0158/015800380010.001/swg.fits[1]
scw/0158/015800390010.001/swg.fits[1]
scw/0158/015800400010.001/swg.fits[1]
scw/0158/015800410010.001/swg.fits[1]
scw/0158/015800420010.001/swg.fits[1]
scw/0158/015800430010.001/swg.fits[1]
scw/0158/015800440010.001/swg.fits[1]
scw/0158/015800450010.001/swg.fits[1]
scw/0158/015800460010.001/swg.fits[1]
scw/0158/015800470010.001/swg.fits[1]
scw/0158/015800480010.001/swg.fits[1]
scw/0158/015800490010.001/swg.fits[1]
scw/0158/015800500010.001/swg.fits[1]
scw/0158/015800510010.001/swg.fits[1]
scw/0158/015800520010.001/swg.fits[1]
scw/0158/015800530010.001/swg.fits[1]
scw/0158/015800540010.001/swg.fits[1]
scw/0158/015800550010.001/swg.fits[1]
scw/0158/015800560010.001/swg.fits[1]
scw/0158/015800570010.001/swg.fits[1]
scw/0158/015800580010.001/swg.fits[1]
scw/0158/015800590010.001/swg.fits[1]
scw/0158/015800600010.001/swg.fits[1]
scw/0158/015800610010.001/swg.fits[1]
scw/0158/015800620010.001/swg.fits[1]
scw/0158/015800630010.001/swg.fits[1]
scw/0158/015800640010.001/swg.fits[1]
scw/0158/015800650010.001/swg.fits[1]
scw/0158/015800660010.001/swg.fits[1]
scw/0158/015800670010.001/swg.fits[1]
scw/0158/015800680010.001/swg.fits[1]
scw/0158/015800690010.001/swg.fits[1]
scw/0158/015800700010.001/swg.fits[1]
scw/0158/015800710010.001/swg.fits[1]
scw/0158/015800720010.001/swg.fits[1]
scw/0158/015800730010.001/swg.fits[1]
scw/0158/015800740010.001/swg.fits[1]
scw/0158/015800750010.001/swg.fits[1]
scw/0158/015800760010.001/swg.fits[1]
scw/0158/015800770010.001/swg.fits[1]
scw/0158/015800780010.001/swg.fits[1]
scw/0158/015800790010.001/swg.fits[1]
scw/0158/015800800010.001/swg.fits[1]
scw/0158/015800810010.001/swg.fits[1]
scw/0158/015800820010.001/swg.fits[1]
scw/0158/015800830010.001/swg.fits[1]
scw/0158/015800840010.001/swg.fits[1]
scw/0158/015800850010.001/swg.fits[1]
scw/0158/015800860010.001/swg.fits[1]
scw/0158/015800870010.001/swg.fits[1]
scw/0158/015800880010.001/swg.fits[1]
scw/0158/015800890010.001/swg.fits[1]
scw/0158/015800900010.001/swg.fits[1]
scw/0158/015800910010.001/swg.fits[1]
scw/0158/015800920010.001/swg.fits[1]
scw/0158/015800930010.001/swg.fits[1]
scw/0161/016100160010.001/swg.fits[1]
scw/0161/016100170010.001/swg.fits[1]
scw/0161/016100180010.001/swg.fits[1]
scw/0164/016400960010.001/swg.fits[1]
scw/0164/016401050010.001/swg.fits[1]
scw/0164/016401060010.001/swg.fits[1]
scw/0164/016401070010.001/swg.fits[1]
scw/0167/016700450010.001/swg.fits[1]
scw/0167/016700520010.001/swg.fits[1]
scw/0167/016700530010.001/swg.fits[1]
scw/0167/016700540010.001/swg.fits[1]
scw/0167/016700590010.001/swg.fits[1]
scw/0167/016700600010.001/swg.fits[1]
scw/0167/016700610010.001/swg.fits[1]
scw/0167/016700620010.001/swg.fits[1]
scw/0167/016700680010.001/swg.fits[1]
